file:///home/runner/work/playground-tester/playground-tester/node_modules/@wp-playground/cli/run-cli-j-geJYS3.js:325
        throw new Error($, { cause: h });
              ^

Error: [03-Jul-2025 14:54:10 UTC] PHP Deprecated:  Function register_sidebar_widget is <strong>deprecated</strong> since version 2.8.0! Use wp_register_sidebar_widget() instead. in /wordpress/wp-includes/functions.php on line 6121
[03-Jul-2025 14:54:10 UTC] PHP Deprecated:  Function register_widget_control is <strong>deprecated</strong> since version 2.8.0! Use wp_register_widget_control() instead. in /wordpress/wp-includes/functions.php on line 6121
[03-Jul-2025 14:54:13 UTC] PHP Deprecated:  Function register_sidebar_widget is <strong>deprecated</strong> since version 2.8.0! Use wp_register_sidebar_widget() instead. in /wordpress/wp-includes/functions.php on line 6121
[03-Jul-2025 14:54:13 UTC] PHP Deprecated:  Function register_widget_control is <strong>deprecated</strong> since version 2.8.0! Use wp_register_widget_control() instead. in /wordpress/wp-includes/functions.php on line 6121
[03-Jul-2025 14:54:29 UTC] PHP Fatal error:  Uncaught Error: Call to undefined function request_filesystem_credentials() in /wordpress/wp-content/plugins/ibs-mappro/ibs-mappro.php:132
Stack trace:
#0 /wordpress/wp-content/plugins/ibs-mappro/ibs-mappro.php(178): IBS_MAPPRO::file_credentials()
#1 /wordpress/wp-content/plugins/ibs-mappro/ibs-mappro.php(163): IBS_MAPPRO::upgrade_check()
#2 /wordpress/wp-content/plugins/ibs-mappro/ibs-mappro.php(40): IBS_MAPPRO::activate()
#3 /wordpress/wp-includes/class-wp-hook.php(324): ibs_mappro_activate(false)
#4 /wordpress/wp-includes/class-wp-hook.php(348): WP_Hook->apply_filters('', Array)
#5 /wordpress/wp-includes/plugin.php(517): WP_Hook->do_action(Array)
#6 /wordpress/wp-admin/includes/plugin.php(703): do_action('activate_ibs-ma...', false)
#7 /internal/eval.php(20): activate_plugin('ibs-mappro/ibs-...')
#8 {main}
  thrown in /wordpress/wp-content/plugins/ibs-mappro/ibs-mappro.php on line 132
[03-Jul-2025 14:54:33 UTC] PHP Fatal error:  Uncaught Error: Call to undefined function request_filesystem_credentials() in /wordpress/wp-content/plugins/ibs-mappro/ibs-mappro.php:132
Stack trace:
#0 /wordpress/wp-content/plugins/ibs-mappro/ibs-mappro.php(178): IBS_MAPPRO::file_credentials()
#1 /wordpress/wp-content/plugins/ibs-mappro/ibs-mappro.php(163): IBS_MAPPRO::upgrade_check()
#2 /wordpress/wp-content/plugins/ibs-mappro/ibs-mappro.php(40): IBS_MAPPRO::activate()
#3 /wordpress/wp-includes/class-wp-hook.php(324): ibs_mappro_activate(false)
#4 /wordpress/wp-includes/class-wp-hook.php(348): WP_Hook->apply_filters('', Array)
#5 /wordpress/wp-includes/plugin.php(517): WP_Hook->do_action(Array)
#6 /wordpress/wp-admin/includes/plugin.php(703): do_action('activate_ibs-ma...', false)
#7 /internal/eval.php(20): activate_plugin('ibs-mappro/ibs-...')
#8 {main}
  thrown in /wordpress/wp-content/plugins/ibs-mappro/ibs-mappro.php on line 132
[03-Jul-2025 14:55:48 UTC] PHP Fatal error:  Uncaught Error: Call to undefined function wc_get_orders() in /wordpress/wp-content/plugins/ltl-freight-quotes-sefl-edition/order/en-order-export.php:87
Stack trace:
#0 /wordpress/wp-includes/class-wp-hook.php(324): EnOrderExport->en_orders_ids('')
#1 /wordpress/wp-includes/class-wp-hook.php(348): WP_Hook->apply_filters(NULL, Array)
#2 /wordpress/wp-includes/plugin.php(517): WP_Hook->do_action(Array)
#3 /wordpress/wp-settings.php(727): do_action('init')
#4 /wordpress/wp-config.php(102): require_once('/wordpress/wp-s...')
#5 /wordpress/wp-load.php(50): require_once('/wordpress/wp-c...')
#6 /internal/eval.php(3): require_once('/wordpress/wp-l...')
#7 {main}
  thrown in /wordpress/wp-content/plugins/ltl-freight-quotes-sefl-edition/order/en-order-export.php on line 87
[03-Jul-2025 14:55:57 UTC] PHP Fatal error:  Uncaught Error: Call to undefined function wc_get_orders() in /wordpress/wp-content/plugins/ltl-freight-quotes-sefl-edition/order/en-order-export.php:87
Stack trace:
#0 /wordpress/wp-includes/class-wp-hook.php(324): EnOrderExport->en_orders_ids('')
#1 /wordpress/wp-includes/class-wp-hook.php(348): WP_Hook->apply_filters(NULL, Array)
#2 /wordpress/wp-includes/plugin.php(517): WP_Hook->do_action(Array)
#3 /wordpress/wp-settings.php(727): do_action('init')
#4 /wordpress/wp-config.php(102): require_once('/wordpress/wp-s...')
#5 /wordpress/wp-load.php(50): require_once('/wordpress/wp-c...')
#6 /internal/eval.php(3): require_once('/wordpress/wp-l...')
#7 {main}
  thrown in /wordpress/wp-content/plugins/ltl-freight-quotes-sefl-edition/order/en-order-export.php on line 87
[03-Jul-2025 14:56:06 UTC] PHP Fatal error:  Uncaught Error: Call to undefined function wc_get_orders() in /wordpress/wp-content/plugins/ltl-freight-quotes-sefl-edition/order/en-order-export.php:87
Stack trace:
#0 /wordpress/wp-includes/class-wp-hook.php(324): EnOrderExport->en_orders_ids('')
#1 /wordpress/wp-includes/class-wp-hook.php(348): WP_Hook->apply_filters(NULL, Array)
#2 /wordpress/wp-includes/plugin.php(517): WP_Hook->do_action(Array)
#3 /wordpress/wp-settings.php(727): do_action('init')
#4 /wordpress/wp-config.php(102): require_once('/wordpress/wp-s...')
#5 /wordpress/wp-load.php(50): require_once('/wordpress/wp-c...')
#6 /internal/eval.php(3): require_once('/wordpress/wp-l...')
#7 {main}
  thrown in /wordpress/wp-content/plugins/ltl-freight-quotes-sefl-edition/order/en-order-export.php on line 87
[03-Jul-2025 15:00:06 UTC] PHP Fatal error:  Uncaught Error: Undefined constant "iDonateD_getFundList" in /wordpress/wp-content/plugins/idonate-donation/getFundraisersList.php:635
Stack trace:
#0 /wordpress/wp-content/plugins/idonate-donation/idonate-donation.php(305): require_once()
#1 /wordpress/wp-admin/includes/plugin.php(2387): include_once('/wordpress/wp-c...')
#2 /wordpress/wp-admin/includes/plugin.php(673): plugin_sandbox_scrape('idonate-donatio...')
#3 /internal/eval.php(20): activate_plugin('idonate-donatio...')
#4 {main}
  thrown in /wordpress/wp-content/plugins/idonate-donation/getFundraisersList.php on line 635
[03-Jul-2025 15:00:11 UTC] PHP Fatal error:  Uncaught Error: Undefined constant "iDonateD_getFundList" in /wordpress/wp-content/plugins/idonate-donation/getFundraisersList.php:635
Stack trace:
#0 /wordpress/wp-content/plugins/idonate-donation/idonate-donation.php(305): require_once()
#1 /wordpress/wp-admin/includes/plugin.php(2387): include_once('/wordpress/wp-c...')
#2 /wordpress/wp-admin/includes/plugin.php(673): plugin_sandbox_scrape('idonate-donatio...')
#3 /internal/eval.php(20): activate_plugin('idonate-donatio...')
#4 {main}
  thrown in /wordpress/wp-content/plugins/idonate-donation/getFundraisersList.php on line 635
[03-Jul-2025 15:00:17 UTC] PHP Fatal error:  Uncaught Error: Undefined constant "iDonateD_getFundList" in /wordpress/wp-content/plugins/idonate-donation/getFundraisersList.php:635
Stack trace:
#0 /wordpress/wp-content/plugins/idonate-donation/idonate-donation.php(305): require_once()
#1 /wordpress/wp-admin/includes/plugin.php(2387): include_once('/wordpress/wp-c...')
#2 /wordpress/wp-admin/includes/plugin.php(673): plugin_sandbox_scrape('idonate-donatio...')
#3 /internal/eval.php(20): activate_plugin('idonate-donatio...')
#4 {main}
  thrown in /wordpress/wp-content/plugins/idonate-donation/getFundraisersList.php on line 635
[03-Jul-2025 15:07:45 UTC] PHP Fatal error:  Uncaught ArgumentCountError: Too few arguments to function WP_Widget::__construct(), 0 passed in /wordpress/wp-includes/class-wp-widget-factory.php on line 62 and at least 2 expected in /wordpress/wp-includes/class-wp-widget.php:163
Stack trace:
#0 /wordpress/wp-includes/class-wp-widget-factory.php(62): WP_Widget->__construct()
#1 /wordpress/wp-includes/widgets.php(123): WP_Widget_Factory->register('gsliv_widget')
#2 /wordpress/wp-content/plugins/list-video-youtube/gsliv-widget.php(17): register_widget('gsliv_widget')
#3 /wordpress/wp-includes/class-wp-hook.php(324): gsliv_create_widget('')
#4 /wordpress/wp-includes/class-wp-hook.php(348): WP_Hook->apply_filters(NULL, Array)
#5 /wordpress/wp-includes/plugin.php(517): WP_Hook->do_action(Array)
#6 /wordpress/wp-includes/widgets.php(1870): do_action('widgets_init')
#7 /wordpress/wp-includes/class-wp-hook.php(324): wp_widgets_init('')
#8 /wordpress/wp-includes/class-wp-hook.php(348): WP_Hook->apply_filters(NULL, Array)
#9 /wordpress/wp-includes/plugin.php(517): WP_Hook->do_action(Array)
#10 /wordpress/wp-settings.php(727): do_action('init')
#11 /wordpress/wp-config.php(102): require_once('/wordpress/wp-s...')
#12 /wordpress/wp-load.php(50): require_once('/wordpress/wp-c...')
#13 /internal/eval.php(3): require_once('/wordpress/wp-l...')
#14 {main}
  thrown in /wordpress/wp-includes/class-wp-widget.php on line 163
[03-Jul-2025 15:07:48 UTC] PHP Fatal error:  Uncaught ArgumentCountError: Too few arguments to function WP_Widget::__construct(), 0 passed in /wordpress/wp-includes/class-wp-widget-factory.php on line 62 and at least 2 expected in /wordpress/wp-includes/class-wp-widget.php:163
Stack trace:
#0 /wordpress/wp-includes/class-wp-widget-factory.php(62): WP_Widget->__construct()
#1 /wordpress/wp-includes/widgets.php(123): WP_Widget_Factory->register('gsliv_widget')
#2 /wordpress/wp-content/plugins/list-video-youtube/gsliv-widget.php(17): register_widget('gsliv_widget')
#3 /wordpress/wp-includes/class-wp-hook.php(324): gsliv_create_widget('')
#4 /wordpress/wp-includes/class-wp-hook.php(348): WP_Hook->apply_filters(NULL, Array)
#5 /wordpress/wp-includes/plugin.php(517): WP_Hook->do_action(Array)
#6 /wordpress/wp-includes/widgets.php(1870): do_action('widgets_init')
#7 /wordpress/wp-includes/class-wp-hook.php(324): wp_widgets_init('')
#8 /wordpress/wp-includes/class-wp-hook.php(348): WP_Hook->apply_filters(NULL, Array)
#9 /wordpress/wp-includes/plugin.php(517): WP_Hook->do_action(Array)
#10 /wordpress/wp-settings.php(727): do_action('init')
#11 /wordpress/wp-config.php(102): require_once('/wordpress/wp-s...')
#12 /wordpress/wp-load.php(50): require_once('/wordpress/wp-c...')
#13 /internal/eval.php(3): require_once('/wordpress/wp-l...')
#14 {main}
  thrown in /wordpress/wp-includes/class-wp-widget.php on line 163

    at Object.onBind (file:///home/runner/work/playground-tester/playground-tester/node_modules/@wp-playground/cli/run-cli-j-geJYS3.js:325:15)
    at process.processTicksAndRejections (node:internal/process/task_queues:105:5)
    at async re (file:///home/runner/work/playground-tester/playground-tester/node_modules/@wp-playground/cli/run-cli-j-geJYS3.js:149:10) {
  [cause]: Error: Error when executing the blueprint step #1 ({"step":"installPlugin","pluginData":{"resource":"url","url":"https://github-proxy.com/proxy/?repo=Automattic/sqlite-database-integration&branch=develop"},"options":{"activate":false}}) : Could not download "https://github-proxy.com/proxy/?repo=Automattic/sqlite-database-integration&branch=develop".
  				Check if the URL is correct and the server is reachable.
  				If it is reachable, the server might be blocking the request.
  				Check the browser console and network tabs for more information.
  
  				## Does the console show the error "No 'Access-Control-Allow-Origin' header"?
  
  				This means the server that hosts your file does not allow requests from other sites
  				(cross-origin requests, or CORS).	You need to move the asset to a server that allows
  				cross-origin file downloads. Learn more about CORS at
  				https://developer.mozilla.org/en-US/docs/Web/HTTP/CORS.
  
  				If your file is on GitHub, load it from "raw.githubusercontent.com".
  				Here's how to do that:
  
  				1. Start with the original GitHub URL of the file. For example:
  				https://github.com/username/repository/blob/branch/filename.
  				2. Replace "github.com" with "raw.githubusercontent.com".
  				3. Remove the "/blob/" part of the URL.
  
  				The resulting URL should look like this:
  				https://raw.githubusercontent.com/username/repository/branch/filename
  
  				Error:
  				TypeError: fetch failed
      at Object.run (file:///home/runner/work/playground-tester/playground-tester/node_modules/@wp-playground/blueprints/index.js:12093:19)
      at process.processTicksAndRejections (node:internal/process/task_queues:105:5)
      at async ys (file:///home/runner/work/playground-tester/playground-tester/node_modules/@wp-playground/blueprints/index.js:12196:3)
      at async Object.onBind (file:///home/runner/work/playground-tester/playground-tester/node_modules/@wp-playground/cli/run-cli-j-geJYS3.js:315:48)
      at async re (file:///home/runner/work/playground-tester/playground-tester/node_modules/@wp-playground/cli/run-cli-j-geJYS3.js:149:10) {
    [cause]: Error: Could not download "https://github-proxy.com/proxy/?repo=Automattic/sqlite-database-integration&branch=develop".
    				Check if the URL is correct and the server is reachable.
    				If it is reachable, the server might be blocking the request.
    				Check the browser console and network tabs for more information.
    
    				## Does the console show the error "No 'Access-Control-Allow-Origin' header"?
    
    				This means the server that hosts your file does not allow requests from other sites
    				(cross-origin requests, or CORS).	You need to move the asset to a server that allows
    				cross-origin file downloads. Learn more about CORS at
    				https://developer.mozilla.org/en-US/docs/Web/HTTP/CORS.
    
    				If your file is on GitHub, load it from "raw.githubusercontent.com".
    				Here's how to do that:
    
    				1. Start with the original GitHub URL of the file. For example:
    				https://github.com/username/repository/blob/branch/filename.
    				2. Replace "github.com" with "raw.githubusercontent.com".
    				3. Remove the "/blob/" part of the URL.
    
    				The resulting URL should look like this:
    				https://raw.githubusercontent.com/username/repository/branch/filename
    
    				Error:
    				TypeError: fetch failed
        at Ft.resolve (file:///home/runner/work/playground-tester/playground-tester/node_modules/@wp-playground/blueprints/index.js:1129:13)
        at process.processTicksAndRejections (node:internal/process/task_queues:105:5)
        at async _.run (file:///home/runner/work/playground-tester/playground-tester/node_modules/@php-wasm/util/index.js:45:14)
  }
}

Node.js v23.11.0
