file:///home/runner/work/playground-tester/playground-tester/node_modules/@wp-playground/cli/run-cli-j-geJYS3.js:325
        throw new Error($, { cause: h });
              ^

Error: [03-Jun-2025 23:48:26 UTC] PHP Deprecated:  Required parameter $options follows optional parameter $qty in /wordpress/wp-content/plugins/simple-cart-buy-now/classes/cart.php on line 51
[03-Jun-2025 23:48:26 UTC] PHP Fatal error:  Uncaught Error: Call to undefined function create_function() in /wordpress/wp-content/plugins/simple-cart-buy-now/classes/widget.php:47
Stack trace:
#0 /wordpress/wp-content/plugins/simple-cart-buy-now/scabn.php(61): require_once()
#1 /wordpress/wp-admin/includes/plugin.php(2387): include_once('/wordpress/wp-c...')
#2 /wordpress/wp-admin/includes/plugin.php(673): plugin_sandbox_scrape('simple-cart-buy...')
#3 /internal/eval.php(20): activate_plugin('simple-cart-buy...')
#4 {main}
  thrown in /wordpress/wp-content/plugins/simple-cart-buy-now/classes/widget.php on line 47
[03-Jun-2025 23:48:35 UTC] PHP Deprecated:  Required parameter $options follows optional parameter $qty in /wordpress/wp-content/plugins/simple-cart-buy-now/classes/cart.php on line 51
[03-Jun-2025 23:48:35 UTC] PHP Fatal error:  Uncaught Error: Call to undefined function create_function() in /wordpress/wp-content/plugins/simple-cart-buy-now/classes/widget.php:47
Stack trace:
#0 /wordpress/wp-content/plugins/simple-cart-buy-now/scabn.php(61): require_once()
#1 /wordpress/wp-admin/includes/plugin.php(2387): include_once('/wordpress/wp-c...')
#2 /wordpress/wp-admin/includes/plugin.php(673): plugin_sandbox_scrape('simple-cart-buy...')
#3 /internal/eval.php(20): activate_plugin('simple-cart-buy...')
#4 {main}
  thrown in /wordpress/wp-content/plugins/simple-cart-buy-now/classes/widget.php on line 47
[03-Jun-2025 23:48:44 UTC] PHP Deprecated:  Required parameter $options follows optional parameter $qty in /wordpress/wp-content/plugins/simple-cart-buy-now/classes/cart.php on line 51
[03-Jun-2025 23:48:44 UTC] PHP Fatal error:  Uncaught Error: Call to undefined function create_function() in /wordpress/wp-content/plugins/simple-cart-buy-now/classes/widget.php:47
Stack trace:
#0 /wordpress/wp-content/plugins/simple-cart-buy-now/scabn.php(61): require_once()
#1 /wordpress/wp-admin/includes/plugin.php(2387): include_once('/wordpress/wp-c...')
#2 /wordpress/wp-admin/includes/plugin.php(673): plugin_sandbox_scrape('simple-cart-buy...')
#3 /internal/eval.php(20): activate_plugin('simple-cart-buy...')
#4 {main}
  thrown in /wordpress/wp-content/plugins/simple-cart-buy-now/classes/widget.php on line 47
[03-Jun-2025 23:51:30 UTC] PHP Warning:  Undefined array key 0 in /wordpress/wp-includes/plugin.php on line 1001
[03-Jun-2025 23:51:30 UTC] PHP Warning:  Undefined array key 0 in /wordpress/wp-includes/plugin.php on line 1004
[03-Jun-2025 23:51:30 UTC] PHP Fatal error:  Uncaught TypeError: call_user_func_array(): Argument #1 ($callback) must be a valid callback, no array or string given in /wordpress/wp-includes/class-wp-hook.php:324
Stack trace:
#0 /wordpress/wp-includes/class-wp-hook.php(348): WP_Hook->apply_filters('', Array)
#1 /wordpress/wp-includes/plugin.php(517): WP_Hook->do_action(Array)
#2 /wordpress/wp-admin/includes/plugin.php(703): do_action('activate_simple...', false)
#3 /internal/eval.php(20): activate_plugin('simple-post-vie...')
#4 {main}
  thrown in /wordpress/wp-includes/class-wp-hook.php on line 324
[03-Jun-2025 23:51:39 UTC] PHP Warning:  Undefined array key 0 in /wordpress/wp-includes/plugin.php on line 1001
[03-Jun-2025 23:51:39 UTC] PHP Warning:  Undefined array key 0 in /wordpress/wp-includes/plugin.php on line 1004
[03-Jun-2025 23:51:39 UTC] PHP Fatal error:  Uncaught TypeError: call_user_func_array(): Argument #1 ($callback) must be a valid callback, no array or string given in /wordpress/wp-includes/class-wp-hook.php:324
Stack trace:
#0 /wordpress/wp-includes/class-wp-hook.php(348): WP_Hook->apply_filters('', Array)
#1 /wordpress/wp-includes/plugin.php(517): WP_Hook->do_action(Array)
#2 /wordpress/wp-admin/includes/plugin.php(703): do_action('activate_simple...', false)
#3 /internal/eval.php(20): activate_plugin('simple-post-vie...')
#4 {main}
  thrown in /wordpress/wp-includes/class-wp-hook.php on line 324
[03-Jun-2025 23:51:49 UTC] PHP Warning:  Undefined array key 0 in /wordpress/wp-includes/plugin.php on line 1001
[03-Jun-2025 23:51:49 UTC] PHP Warning:  Undefined array key 0 in /wordpress/wp-includes/plugin.php on line 1004
[03-Jun-2025 23:51:49 UTC] PHP Fatal error:  Uncaught TypeError: call_user_func_array(): Argument #1 ($callback) must be a valid callback, no array or string given in /wordpress/wp-includes/class-wp-hook.php:324
Stack trace:
#0 /wordpress/wp-includes/class-wp-hook.php(348): WP_Hook->apply_filters('', Array)
#1 /wordpress/wp-includes/plugin.php(517): WP_Hook->do_action(Array)
#2 /wordpress/wp-admin/includes/plugin.php(703): do_action('activate_simple...', false)
#3 /internal/eval.php(20): activate_plugin('simple-post-vie...')
#4 {main}
  thrown in /wordpress/wp-includes/class-wp-hook.php on line 324
[03-Jun-2025 23:52:29 UTC] PHP Fatal error:  Uncaught Error: Call to undefined function create_function() in /wordpress/wp-content/plugins/simple-slideshow-manager/function.php:1126
Stack trace:
#0 /wordpress/wp-content/plugins/simple-slideshow-manager/acx_slideshow_main.php(29): include_once()
#1 /wordpress/wp-admin/includes/plugin.php(2387): include_once('/wordpress/wp-c...')
#2 /wordpress/wp-admin/includes/plugin.php(673): plugin_sandbox_scrape('simple-slidesho...')
#3 /internal/eval.php(20): activate_plugin('simple-slidesho...')
#4 {main}
  thrown in /wordpress/wp-content/plugins/simple-slideshow-manager/function.php on line 1126
[03-Jun-2025 23:52:39 UTC] PHP Fatal error:  Uncaught Error: Call to undefined function create_function() in /wordpress/wp-content/plugins/simple-slideshow-manager/function.php:1126
Stack trace:
#0 /wordpress/wp-content/plugins/simple-slideshow-manager/acx_slideshow_main.php(29): include_once()
#1 /wordpress/wp-admin/includes/plugin.php(2387): include_once('/wordpress/wp-c...')
#2 /wordpress/wp-admin/includes/plugin.php(673): plugin_sandbox_scrape('simple-slidesho...')
#3 /internal/eval.php(20): activate_plugin('simple-slidesho...')
#4 {main}
  thrown in /wordpress/wp-content/plugins/simple-slideshow-manager/function.php on line 1126
[03-Jun-2025 23:52:48 UTC] PHP Fatal error:  Uncaught Error: Call to undefined function create_function() in /wordpress/wp-content/plugins/simple-slideshow-manager/function.php:1126
Stack trace:
#0 /wordpress/wp-content/plugins/simple-slideshow-manager/acx_slideshow_main.php(29): include_once()
#1 /wordpress/wp-admin/includes/plugin.php(2387): include_once('/wordpress/wp-c...')
#2 /wordpress/wp-admin/includes/plugin.php(673): plugin_sandbox_scrape('simple-slidesho...')
#3 /internal/eval.php(20): activate_plugin('simple-slidesho...')
#4 {main}
  thrown in /wordpress/wp-content/plugins/simple-slideshow-manager/function.php on line 1126
[03-Jun-2025 23:54:01 UTC] PHP Fatal error:  Uncaught Error: Call to undefined function create_function() in /wordpress/wp-content/plugins/simplelastfm/simplelastfm.php:91
Stack trace:
#0 /wordpress/wp-admin/includes/plugin.php(2387): include_once()
#1 /wordpress/wp-admin/includes/plugin.php(673): plugin_sandbox_scrape('simplelastfm/si...')
#2 /internal/eval.php(20): activate_plugin('simplelastfm/si...')
#3 {main}
  thrown in /wordpress/wp-content/plugins/simplelastfm/simplelastfm.php on line 91
[03-Jun-2025 23:54:10 UTC] PHP Fatal error:  Uncaught Error: Call to undefined function create_function() in /wordpress/wp-content/plugins/simplelastfm/simplelastfm.php:91
Stack trace:
#0 /wordpress/wp-admin/includes/plugin.php(2387): include_once()
#1 /wordpress/wp-admin/includes/plugin.php(673): plugin_sandbox_scrape('simplelastfm/si...')
#2 /internal/eval.php(20): activate_plugin('simplelastfm/si...')
#3 {main}
  thrown in /wordpress/wp-content/plugins/simplelastfm/simplelastfm.php on line 91
[03-Jun-2025 23:54:19 UTC] PHP Fatal error:  Uncaught Error: Call to undefined function create_function() in /wordpress/wp-content/plugins/simplelastfm/simplelastfm.php:91
Stack trace:
#0 /wordpress/wp-admin/includes/plugin.php(2387): include_once()
#1 /wordpress/wp-admin/includes/plugin.php(673): plugin_sandbox_scrape('simplelastfm/si...')
#2 /internal/eval.php(20): activate_plugin('simplelastfm/si...')
#3 {main}
  thrown in /wordpress/wp-content/plugins/simplelastfm/simplelastfm.php on line 91
[03-Jun-2025 23:54:30 UTC] PHP Deprecated:  Function register_sidebar_widget is <strong>deprecated</strong> since version 2.8.0! Use wp_register_sidebar_widget() instead. in /wordpress/wp-includes/functions.php on line 6121
[03-Jun-2025 23:54:30 UTC] PHP Deprecated:  Function register_widget_control is <strong>deprecated</strong> since version 2.8.0! Use wp_register_widget_control() instead. in /wordpress/wp-includes/functions.php on line 6121
[03-Jun-2025 23:54:40 UTC] PHP Deprecated:  Function register_sidebar_widget is <strong>deprecated</strong> since version 2.8.0! Use wp_register_sidebar_widget() instead. in /wordpress/wp-includes/functions.php on line 6121
[03-Jun-2025 23:54:40 UTC] PHP Deprecated:  Function register_widget_control is <strong>deprecated</strong> since version 2.8.0! Use wp_register_widget_control() instead. in /wordpress/wp-includes/functions.php on line 6121
[03-Jun-2025 23:54:49 UTC] PHP Deprecated:  Function register_sidebar_widget is <strong>deprecated</strong> since version 2.8.0! Use wp_register_sidebar_widget() instead. in /wordpress/wp-includes/functions.php on line 6121
[03-Jun-2025 23:54:49 UTC] PHP Deprecated:  Function register_widget_control is <strong>deprecated</strong> since version 2.8.0! Use wp_register_widget_control() instead. in /wordpress/wp-includes/functions.php on line 6121

    at Object.onBind (file:///home/runner/work/playground-tester/playground-tester/node_modules/@wp-playground/cli/run-cli-j-geJYS3.js:325:15)
    at process.processTicksAndRejections (node:internal/process/task_queues:105:5)
    at async re (file:///home/runner/work/playground-tester/playground-tester/node_modules/@wp-playground/cli/run-cli-j-geJYS3.js:149:10) {
  [cause]: Error: Error when executing the blueprint step #5 ({"step":"installPlugin","pluginData":{"resource":"wordpress.org/plugins","slug":"sina-weibo-wordpress-plugin"},"options":{"activate":true}}) : Could not download "https://downloads.wordpress.org/plugin/sina-weibo-wordpress-plugin.latest-stable.zip".
  				Check if the URL is correct and the server is reachable.
  				If it is reachable, the server might be blocking the request.
  				Check the browser console and network tabs for more information.
  
  				## Does the console show the error "No 'Access-Control-Allow-Origin' header"?
  
  				This means the server that hosts your file does not allow requests from other sites
  				(cross-origin requests, or CORS).	You need to move the asset to a server that allows
  				cross-origin file downloads. Learn more about CORS at
  				https://developer.mozilla.org/en-US/docs/Web/HTTP/CORS.
  
  				If your file is on GitHub, load it from "raw.githubusercontent.com".
  				Here's how to do that:
  
  				1. Start with the original GitHub URL of the file. For example:
  				https://github.com/username/repository/blob/branch/filename.
  				2. Replace "github.com" with "raw.githubusercontent.com".
  				3. Remove the "/blob/" part of the URL.
  
  				The resulting URL should look like this:
  				https://raw.githubusercontent.com/username/repository/branch/filename
  
  				Error:
  				Error: Could not download "https://downloads.wordpress.org/plugin/sina-weibo-wordpress-plugin.latest-stable.zip"
      at Object.run (file:///home/runner/work/playground-tester/playground-tester/node_modules/@wp-playground/blueprints/index.js:12093:19)
      at process.processTicksAndRejections (node:internal/process/task_queues:105:5)
      at async ys (file:///home/runner/work/playground-tester/playground-tester/node_modules/@wp-playground/blueprints/index.js:12196:3)
      at async Object.onBind (file:///home/runner/work/playground-tester/playground-tester/node_modules/@wp-playground/cli/run-cli-j-geJYS3.js:315:48)
      at async re (file:///home/runner/work/playground-tester/playground-tester/node_modules/@wp-playground/cli/run-cli-j-geJYS3.js:149:10) {
    [cause]: Error: Could not download "https://downloads.wordpress.org/plugin/sina-weibo-wordpress-plugin.latest-stable.zip".
    				Check if the URL is correct and the server is reachable.
    				If it is reachable, the server might be blocking the request.
    				Check the browser console and network tabs for more information.
    
    				## Does the console show the error "No 'Access-Control-Allow-Origin' header"?
    
    				This means the server that hosts your file does not allow requests from other sites
    				(cross-origin requests, or CORS).	You need to move the asset to a server that allows
    				cross-origin file downloads. Learn more about CORS at
    				https://developer.mozilla.org/en-US/docs/Web/HTTP/CORS.
    
    				If your file is on GitHub, load it from "raw.githubusercontent.com".
    				Here's how to do that:
    
    				1. Start with the original GitHub URL of the file. For example:
    				https://github.com/username/repository/blob/branch/filename.
    				2. Replace "github.com" with "raw.githubusercontent.com".
    				3. Remove the "/blob/" part of the URL.
    
    				The resulting URL should look like this:
    				https://raw.githubusercontent.com/username/repository/branch/filename
    
    				Error:
    				Error: Could not download "https://downloads.wordpress.org/plugin/sina-weibo-wordpress-plugin.latest-stable.zip"
        at Ct.resolve (file:///home/runner/work/playground-tester/playground-tester/node_modules/@wp-playground/blueprints/index.js:1129:13)
        at process.processTicksAndRejections (node:internal/process/task_queues:105:5)
        at async _.run (file:///home/runner/work/playground-tester/playground-tester/node_modules/@php-wasm/util/index.js:45:14)
  }
}

Node.js v23.11.0
