file:///home/runner/work/playground-tester/playground-tester/node_modules/@wp-playground/cli/index.js:237
        throw new Error(y, { cause: u });
              ^

Error: [28-Apr-2025 16:33:38 UTC] PHP Fatal error:  Uncaught Error: Call to undefined function create_function() in /wordpress/wp-content/plugins/hungred-feature-post-list/hungred-feature-post-list.php:321
Stack trace:
#0 /wordpress/wp-admin/includes/plugin.php(2387): include_once()
#1 /wordpress/wp-admin/includes/plugin.php(673): plugin_sandbox_scrape('hungred-feature...')
#2 /internal/eval.php(20): activate_plugin('hungred-feature...')
#3 {main}
  thrown in /wordpress/wp-content/plugins/hungred-feature-post-list/hungred-feature-post-list.php on line 321
[28-Apr-2025 16:33:46 UTC] PHP Fatal error:  Uncaught Error: Call to undefined function create_function() in /wordpress/wp-content/plugins/hungred-feature-post-list/hungred-feature-post-list.php:321
Stack trace:
#0 /wordpress/wp-admin/includes/plugin.php(2387): include_once()
#1 /wordpress/wp-admin/includes/plugin.php(673): plugin_sandbox_scrape('hungred-feature...')
#2 /internal/eval.php(20): activate_plugin('hungred-feature...')
#3 {main}
  thrown in /wordpress/wp-content/plugins/hungred-feature-post-list/hungred-feature-post-list.php on line 321
[28-Apr-2025 16:33:54 UTC] PHP Fatal error:  Uncaught Error: Call to undefined function create_function() in /wordpress/wp-content/plugins/hungred-feature-post-list/hungred-feature-post-list.php:321
Stack trace:
#0 /wordpress/wp-admin/includes/plugin.php(2387): include_once()
#1 /wordpress/wp-admin/includes/plugin.php(673): plugin_sandbox_scrape('hungred-feature...')
#2 /internal/eval.php(20): activate_plugin('hungred-feature...')
#3 {main}
  thrown in /wordpress/wp-content/plugins/hungred-feature-post-list/hungred-feature-post-list.php on line 321
[28-Apr-2025 16:34:58 UTC] PHP Deprecated:  Required parameter $show_header follows optional parameter $option_name in /wordpress/wp-content/plugins/easy-content-adder/admin/class-easy-content-adder-admin-display.php on line 97
[28-Apr-2025 16:34:58 UTC] PHP Deprecated:  Required parameter $label_name follows optional parameter $option_name in /wordpress/wp-content/plugins/easy-content-adder/admin/class-easy-content-adder-admin-display.php on line 97
[28-Apr-2025 16:34:59 UTC] PHP Deprecated:  Required parameter $show_header follows optional parameter $option_name in /wordpress/wp-content/plugins/easy-content-adder/admin/class-easy-content-adder-admin-display.php on line 97
[28-Apr-2025 16:34:59 UTC] PHP Deprecated:  Required parameter $label_name follows optional parameter $option_name in /wordpress/wp-content/plugins/easy-content-adder/admin/class-easy-content-adder-admin-display.php on line 97
[28-Apr-2025 16:35:08 UTC] PHP Deprecated:  Required parameter $show_header follows optional parameter $option_name in /wordpress/wp-content/plugins/easy-content-adder/admin/class-easy-content-adder-admin-display.php on line 97
[28-Apr-2025 16:35:08 UTC] PHP Deprecated:  Required parameter $label_name follows optional parameter $option_name in /wordpress/wp-content/plugins/easy-content-adder/admin/class-easy-content-adder-admin-display.php on line 97
[28-Apr-2025 16:35:09 UTC] PHP Deprecated:  Required parameter $show_header follows optional parameter $option_name in /wordpress/wp-content/plugins/easy-content-adder/admin/class-easy-content-adder-admin-display.php on line 97
[28-Apr-2025 16:35:09 UTC] PHP Deprecated:  Required parameter $label_name follows optional parameter $option_name in /wordpress/wp-content/plugins/easy-content-adder/admin/class-easy-content-adder-admin-display.php on line 97
[28-Apr-2025 16:35:17 UTC] PHP Deprecated:  Required parameter $show_header follows optional parameter $option_name in /wordpress/wp-content/plugins/easy-content-adder/admin/class-easy-content-adder-admin-display.php on line 97
[28-Apr-2025 16:35:17 UTC] PHP Deprecated:  Required parameter $label_name follows optional parameter $option_name in /wordpress/wp-content/plugins/easy-content-adder/admin/class-easy-content-adder-admin-display.php on line 97
[28-Apr-2025 16:35:18 UTC] PHP Deprecated:  Required parameter $show_header follows optional parameter $option_name in /wordpress/wp-content/plugins/easy-content-adder/admin/class-easy-content-adder-admin-display.php on line 97
[28-Apr-2025 16:35:18 UTC] PHP Deprecated:  Required parameter $label_name follows optional parameter $option_name in /wordpress/wp-content/plugins/easy-content-adder/admin/class-easy-content-adder-admin-display.php on line 97
[28-Apr-2025 16:37:45 UTC] WordPress database error <div style="clear:both">&nbsp;</div>
<div class="queries" style="clear:both;margin-bottom:2px;border:red dotted thin;">
<p>MySQL query:</p>
<p>DELETE FROM wp_ht_ip_list WHERE offense_level = 3 AND insert_time <= 1745854665</p>
<p>Queries made or created this session were:</p>
<ol>
<li>Executing: BEGIN | (no parameters)</li>
<li>Executing: DELETE FROM `wp_ht_ip_list` WHERE `offense_level` = 3 AND `insert_time` &lt;= 1745854665 | (no parameters)</li>
<li>Executing: ROLLBACK | (no parameters)</li>
</ol>
</div>
<div style="clear:both;margin-bottom:2px;border:red dotted thin;" class="error_message" style="border-bottom:dotted blue thin;">
SQLSTATE[HY000]: General error: 1 no such table: wp_ht_ip_list
</div>
<p>Backtrace:</p>
<pre>#0 /internal/shared/sqlite-database-integration/wp-includes/sqlite-ast/class-wp-sqlite-driver.php(690): WP_SQLite_Driver->new_driver_exception('SQLSTATE[HY000]...', 0, Object(PDOException))
#1 /internal/shared/sqlite-database-integration/wp-includes/sqlite/class-wp-sqlite-db.php(472): WP_SQLite_Driver->query('DELETE FROM wp_...')
#2 /internal/shared/sqlite-database-integration/wp-includes/sqlite/class-wp-sqlite-db.php(413): WP_SQLite_DB->_do_query('DELETE FROM wp_...')
#3 /wordpress/wp-content/plugins/honeypot-toolkit/lib/HoneypotToolkit.class.php(995): WP_SQLite_DB->query('DELETE FROM wp_...')
#4 /wordpress/wp-content/plugins/honeypot-toolkit/honeypot-toolkit.php(15): HoneypotToolkit::check_block_list()
#5 /wordpress/wp-admin/includes/plugin.php(2387): include_once('/wordpress/wp-c...')
#6 /wordpress/wp-admin/includes/plugin.php(673): plugin_sandbox_scrape('honeypot-toolki...')
#7 /internal/eval.php(20): activate_plugin('honeypot-toolki...')
#8 {main}</pre>
 for query DELETE FROM wp_ht_ip_list WHERE offense_level = 3 AND insert_time <= 1745854665 made by activate_plugin, plugin_sandbox_scrape, include_once('/plugins/honeypot-toolkit/honeypot-toolkit.php'), HoneypotToolkit::check_block_list, WP_SQLite_DB->query, WP_SQLite_DB->print_error
[28-Apr-2025 16:37:55 UTC] WordPress database error <div style="clear:both">&nbsp;</div>
<div class="queries" style="clear:both;margin-bottom:2px;border:red dotted thin;">
<p>MySQL query:</p>
<p>DELETE FROM wp_ht_ip_list WHERE offense_level = 3 AND insert_time <= 1745854675</p>
<p>Queries made or created this session were:</p>
<ol>
<li>Executing: BEGIN | (no parameters)</li>
<li>Executing: DELETE FROM wp_ht_ip_list WHERE offense_level = 3 AND insert_time &lt;= 1745854675 | (no parameters)</li>
<li>Executing: ROLLBACK | (no parameters)</li>
</ol>
</div>
<div style="clear:both;margin-bottom:2px;border:red dotted thin;" class="error_message" style="border-bottom:dotted blue thin;">
Error occurred at line 4117 in Function <code>handle_error</code>. Error message was: SQLSTATE[HY000]: General error: 1 no such table: wp_ht_ip_list.
</div>
<p>Backtrace:</p>
<pre>#0 /internal/shared/sqlite-database-integration/wp-includes/sqlite/class-wp-sqlite-db.php(287): WP_SQLite_Translator->get_error_message()
#1 /wordpress/wp-content/plugins/honeypot-toolkit/lib/HoneypotToolkit.class.php(995): WP_SQLite_DB->query('DELETE FROM wp_...')
#2 /wordpress/wp-content/plugins/honeypot-toolkit/honeypot-toolkit.php(15): HoneypotToolkit::check_block_list()
#3 /wordpress/wp-admin/includes/plugin.php(2387): include_once('/wordpress/wp-c...')
#4 /wordpress/wp-admin/includes/plugin.php(673): plugin_sandbox_scrape('honeypot-toolki...')
#5 /internal/eval.php(20): activate_plugin('honeypot-toolki...')
#6 {main}</pre>
 for query DELETE FROM wp_ht_ip_list WHERE offense_level = 3 AND insert_time <= 1745854675 made by activate_plugin, plugin_sandbox_scrape, include_once('/plugins/honeypot-toolkit/honeypot-toolkit.php'), HoneypotToolkit::check_block_list, WP_SQLite_DB->query, WP_SQLite_DB->print_error
[28-Apr-2025 16:37:55 UTC] WordPress database error <div style="clear:both">&nbsp;</div>
<div class="queries" style="clear:both;margin-bottom:2px;border:red dotted thin;">
<p>MySQL query:</p>
<p>ALTER TABLE wp_ht_ip_list MODIFY ip_address_start varchar(50) NOT NULL DEFAULT '';</p>
<p>Queries made or created this session were:</p>
<ol>
<li>Executing: BEGIN | (no parameters)</li>
<li>Executing: ROLLBACK | (no parameters)</li>
</ol>
</div>
<div style="clear:both;margin-bottom:2px;border:red dotted thin;" class="error_message" style="border-bottom:dotted blue thin;">
Error occurred at line 4117 in Function <code>handle_error</code>. Error message was: Unknown operation: MODIFY.
</div>
<p>Backtrace:</p>
<pre>#0 /internal/shared/sqlite-database-integration/wp-includes/sqlite/class-wp-sqlite-db.php(287): WP_SQLite_Translator->get_error_message()
#1 /wordpress/wp-content/plugins/honeypot-toolkit/lib/HoneypotToolkit.class.php(642): WP_SQLite_DB->query('ALTER TABLE wp_...')
#2 /wordpress/wp-includes/class-wp-hook.php(324): HoneypotToolkit->activate(false)
#3 /wordpress/wp-includes/class-wp-hook.php(348): WP_Hook->apply_filters('', Array)
#4 /wordpress/wp-includes/plugin.php(517): WP_Hook->do_action(Array)
#5 /wordpress/wp-admin/includes/plugin.php(703): do_action('activate_honeyp...', false)
#6 /internal/eval.php(20): activate_plugin('honeypot-toolki...')
#7 {main}</pre>
 for query ALTER TABLE wp_ht_ip_list MODIFY ip_address_start varchar(50) NOT NULL DEFAULT ''; made by activate_plugin, do_action('activate_honeypot-toolkit/honeypot-toolkit.php'), WP_Hook->do_action, WP_Hook->apply_filters, HoneypotToolkit->activate, WP_SQLite_DB->query, WP_SQLite_DB->print_error
[28-Apr-2025 16:37:55 UTC] WordPress database error <div style="clear:both">&nbsp;</div>
<div class="queries" style="clear:both;margin-bottom:2px;border:red dotted thin;">
<p>MySQL query:</p>
<p>ALTER TABLE wp_ht_ip_list MODIFY ip_address_end varchar(50) NOT NULL DEFAULT '';</p>
<p>Queries made or created this session were:</p>
<ol>
<li>Executing: BEGIN | (no parameters)</li>
<li>Executing: ROLLBACK | (no parameters)</li>
</ol>
</div>
<div style="clear:both;margin-bottom:2px;border:red dotted thin;" class="error_message" style="border-bottom:dotted blue thin;">
Error occurred at line 4117 in Function <code>handle_error</code>. Error message was: Unknown operation: MODIFY.
</div>
<p>Backtrace:</p>
<pre>#0 /internal/shared/sqlite-database-integration/wp-includes/sqlite/class-wp-sqlite-db.php(287): WP_SQLite_Translator->get_error_message()
#1 /wordpress/wp-content/plugins/honeypot-toolkit/lib/HoneypotToolkit.class.php(642): WP_SQLite_DB->query('ALTER TABLE wp_...')
#2 /wordpress/wp-includes/class-wp-hook.php(324): HoneypotToolkit->activate(false)
#3 /wordpress/wp-includes/class-wp-hook.php(348): WP_Hook->apply_filters('', Array)
#4 /wordpress/wp-includes/plugin.php(517): WP_Hook->do_action(Array)
#5 /wordpress/wp-admin/includes/plugin.php(703): do_action('activate_honeyp...', false)
#6 /internal/eval.php(20): activate_plugin('honeypot-toolki...')
#7 {main}</pre>
 for query ALTER TABLE wp_ht_ip_list MODIFY ip_address_end varchar(50) NOT NULL DEFAULT ''; made by activate_plugin, do_action('activate_honeypot-toolkit/honeypot-toolkit.php'), WP_Hook->do_action, WP_Hook->apply_filters, HoneypotToolkit->activate, WP_SQLite_DB->query, WP_SQLite_DB->print_error
[28-Apr-2025 16:37:55 UTC] WordPress database error <div style="clear:both">&nbsp;</div>
<div class="queries" style="clear:both;margin-bottom:2px;border:red dotted thin;">
<p>MySQL query:</p>
<p>ALTER TABLE wp_ht_activity MODIFY ip_address varchar(50) NOT NULL DEFAULT '';</p>
<p>Queries made or created this session were:</p>
<ol>
<li>Executing: BEGIN | (no parameters)</li>
<li>Executing: ROLLBACK | (no parameters)</li>
</ol>
</div>
<div style="clear:both;margin-bottom:2px;border:red dotted thin;" class="error_message" style="border-bottom:dotted blue thin;">
Error occurred at line 4117 in Function <code>handle_error</code>. Error message was: Unknown operation: MODIFY.
</div>
<p>Backtrace:</p>
<pre>#0 /internal/shared/sqlite-database-integration/wp-includes/sqlite/class-wp-sqlite-db.php(287): WP_SQLite_Translator->get_error_message()
#1 /wordpress/wp-content/plugins/honeypot-toolkit/lib/HoneypotToolkit.class.php(676): WP_SQLite_DB->query('ALTER TABLE wp_...')
#2 /wordpress/wp-includes/class-wp-hook.php(324): HoneypotToolkit->activate(false)
#3 /wordpress/wp-includes/class-wp-hook.php(348): WP_Hook->apply_filters('', Array)
#4 /wordpress/wp-includes/plugin.php(517): WP_Hook->do_action(Array)
#5 /wordpress/wp-admin/includes/plugin.php(703): do_action('activate_honeyp...', false)
#6 /internal/eval.php(20): activate_plugin('honeypot-toolki...')
#7 {main}</pre>
 for query ALTER TABLE wp_ht_activity MODIFY ip_address varchar(50) NOT NULL DEFAULT ''; made by activate_plugin, do_action('activate_honeypot-toolkit/honeypot-toolkit.php'), WP_Hook->do_action, WP_Hook->apply_filters, HoneypotToolkit->activate, WP_SQLite_DB->query, WP_SQLite_DB->print_error
[28-Apr-2025 16:38:05 UTC] WordPress database error <div style="clear:both">&nbsp;</div>
<div class="queries" style="clear:both;margin-bottom:2px;border:red dotted thin;">
<p>MySQL query:</p>
<p>DELETE FROM wp_ht_ip_list WHERE offense_level = 3 AND insert_time <= 1745854685</p>
<p>Queries made or created this session were:</p>
<ol>
<li>Executing: BEGIN | (no parameters)</li>
<li>Executing: DELETE FROM wp_ht_ip_list WHERE offense_level = 3 AND insert_time &lt;= 1745854685 | (no parameters)</li>
<li>Executing: ROLLBACK | (no parameters)</li>
</ol>
</div>
<div style="clear:both;margin-bottom:2px;border:red dotted thin;" class="error_message" style="border-bottom:dotted blue thin;">
Error occurred at line 4117 in Function <code>handle_error</code>. Error message was: SQLSTATE[HY000]: General error: 1 no such table: wp_ht_ip_list.
</div>
<p>Backtrace:</p>
<pre>#0 /internal/shared/sqlite-database-integration/wp-includes/sqlite/class-wp-sqlite-db.php(287): WP_SQLite_Translator->get_error_message()
#1 /wordpress/wp-content/plugins/honeypot-toolkit/lib/HoneypotToolkit.class.php(995): WP_SQLite_DB->query('DELETE FROM wp_...')
#2 /wordpress/wp-content/plugins/honeypot-toolkit/honeypot-toolkit.php(15): HoneypotToolkit::check_block_list()
#3 /wordpress/wp-admin/includes/plugin.php(2387): include_once('/wordpress/wp-c...')
#4 /wordpress/wp-admin/includes/plugin.php(673): plugin_sandbox_scrape('honeypot-toolki...')
#5 /internal/eval.php(20): activate_plugin('honeypot-toolki...')
#6 {main}</pre>
 for query DELETE FROM wp_ht_ip_list WHERE offense_level = 3 AND insert_time <= 1745854685 made by activate_plugin, plugin_sandbox_scrape, include_once('/plugins/honeypot-toolkit/honeypot-toolkit.php'), HoneypotToolkit::check_block_list, WP_SQLite_DB->query, WP_SQLite_DB->print_error
[28-Apr-2025 16:38:05 UTC] WordPress database error <div style="clear:both">&nbsp;</div>
<div class="queries" style="clear:both;margin-bottom:2px;border:red dotted thin;">
<p>MySQL query:</p>
<p>ALTER TABLE wp_ht_ip_list MODIFY ip_address_start varchar(50) NOT NULL DEFAULT '';</p>
<p>Queries made or created this session were:</p>
<ol>
<li>Executing: BEGIN | (no parameters)</li>
<li>Executing: ROLLBACK | (no parameters)</li>
</ol>
</div>
<div style="clear:both;margin-bottom:2px;border:red dotted thin;" class="error_message" style="border-bottom:dotted blue thin;">
Error occurred at line 4117 in Function <code>handle_error</code>. Error message was: Unknown operation: MODIFY.
</div>
<p>Backtrace:</p>
<pre>#0 /internal/shared/sqlite-database-integration/wp-includes/sqlite/class-wp-sqlite-db.php(287): WP_SQLite_Translator->get_error_message()
#1 /wordpress/wp-content/plugins/honeypot-toolkit/lib/HoneypotToolkit.class.php(642): WP_SQLite_DB->query('ALTER TABLE wp_...')
#2 /wordpress/wp-includes/class-wp-hook.php(324): HoneypotToolkit->activate(false)
#3 /wordpress/wp-includes/class-wp-hook.php(348): WP_Hook->apply_filters('', Array)
#4 /wordpress/wp-includes/plugin.php(517): WP_Hook->do_action(Array)
#5 /wordpress/wp-admin/includes/plugin.php(703): do_action('activate_honeyp...', false)
#6 /internal/eval.php(20): activate_plugin('honeypot-toolki...')
#7 {main}</pre>
 for query ALTER TABLE wp_ht_ip_list MODIFY ip_address_start varchar(50) NOT NULL DEFAULT ''; made by activate_plugin, do_action('activate_honeypot-toolkit/honeypot-toolkit.php'), WP_Hook->do_action, WP_Hook->apply_filters, HoneypotToolkit->activate, WP_SQLite_DB->query, WP_SQLite_DB->print_error
[28-Apr-2025 16:38:05 UTC] WordPress database error <div style="clear:both">&nbsp;</div>
<div class="queries" style="clear:both;margin-bottom:2px;border:red dotted thin;">
<p>MySQL query:</p>
<p>ALTER TABLE wp_ht_ip_list MODIFY ip_address_end varchar(50) NOT NULL DEFAULT '';</p>
<p>Queries made or created this session were:</p>
<ol>
<li>Executing: BEGIN | (no parameters)</li>
<li>Executing: ROLLBACK | (no parameters)</li>
</ol>
</div>
<div style="clear:both;margin-bottom:2px;border:red dotted thin;" class="error_message" style="border-bottom:dotted blue thin;">
Error occurred at line 4117 in Function <code>handle_error</code>. Error message was: Unknown operation: MODIFY.
</div>
<p>Backtrace:</p>
<pre>#0 /internal/shared/sqlite-database-integration/wp-includes/sqlite/class-wp-sqlite-db.php(287): WP_SQLite_Translator->get_error_message()
#1 /wordpress/wp-content/plugins/honeypot-toolkit/lib/HoneypotToolkit.class.php(642): WP_SQLite_DB->query('ALTER TABLE wp_...')
#2 /wordpress/wp-includes/class-wp-hook.php(324): HoneypotToolkit->activate(false)
#3 /wordpress/wp-includes/class-wp-hook.php(348): WP_Hook->apply_filters('', Array)
#4 /wordpress/wp-includes/plugin.php(517): WP_Hook->do_action(Array)
#5 /wordpress/wp-admin/includes/plugin.php(703): do_action('activate_honeyp...', false)
#6 /internal/eval.php(20): activate_plugin('honeypot-toolki...')
#7 {main}</pre>
 for query ALTER TABLE wp_ht_ip_list MODIFY ip_address_end varchar(50) NOT NULL DEFAULT ''; made by activate_plugin, do_action('activate_honeypot-toolkit/honeypot-toolkit.php'), WP_Hook->do_action, WP_Hook->apply_filters, HoneypotToolkit->activate, WP_SQLite_DB->query, WP_SQLite_DB->print_error
[28-Apr-2025 16:38:05 UTC] WordPress database error <div style="clear:both">&nbsp;</div>
<div class="queries" style="clear:both;margin-bottom:2px;border:red dotted thin;">
<p>MySQL query:</p>
<p>ALTER TABLE wp_ht_activity MODIFY ip_address varchar(50) NOT NULL DEFAULT '';</p>
<p>Queries made or created this session were:</p>
<ol>
<li>Executing: BEGIN | (no parameters)</li>
<li>Executing: ROLLBACK | (no parameters)</li>
</ol>
</div>
<div style="clear:both;margin-bottom:2px;border:red dotted thin;" class="error_message" style="border-bottom:dotted blue thin;">
Error occurred at line 4117 in Function <code>handle_error</code>. Error message was: Unknown operation: MODIFY.
</div>
<p>Backtrace:</p>
<pre>#0 /internal/shared/sqlite-database-integration/wp-includes/sqlite/class-wp-sqlite-db.php(287): WP_SQLite_Translator->get_error_message()
#1 /wordpress/wp-content/plugins/honeypot-toolkit/lib/HoneypotToolkit.class.php(676): WP_SQLite_DB->query('ALTER TABLE wp_...')
#2 /wordpress/wp-includes/class-wp-hook.php(324): HoneypotToolkit->activate(false)
#3 /wordpress/wp-includes/class-wp-hook.php(348): WP_Hook->apply_filters('', Array)
#4 /wordpress/wp-includes/plugin.php(517): WP_Hook->do_action(Array)
#5 /wordpress/wp-admin/includes/plugin.php(703): do_action('activate_honeyp...', false)
#6 /internal/eval.php(20): activate_plugin('honeypot-toolki...')
#7 {main}</pre>
 for query ALTER TABLE wp_ht_activity MODIFY ip_address varchar(50) NOT NULL DEFAULT ''; made by activate_plugin, do_action('activate_honeypot-toolkit/honeypot-toolkit.php'), WP_Hook->do_action, WP_Hook->apply_filters, HoneypotToolkit->activate, WP_SQLite_DB->query, WP_SQLite_DB->print_error
[28-Apr-2025 16:38:15 UTC] PHP Fatal error:  Uncaught Error: Call to undefined function create_function() in /wordpress/wp-content/plugins/hw-yahoo-skype-status-pro/includes/hwyk-widget.php:598
Stack trace:
#0 /wordpress/wp-content/plugins/hw-yahoo-skype-status-pro/yahooskype.php(54): include_once()
#1 /wordpress/wp-admin/includes/plugin.php(2387): include_once('/wordpress/wp-c...')
#2 /wordpress/wp-admin/includes/plugin.php(673): plugin_sandbox_scrape('hw-yahoo-skype-...')
#3 /internal/eval.php(20): activate_plugin('hw-yahoo-skype-...')
#4 {main}
  thrown in /wordpress/wp-content/plugins/hw-yahoo-skype-status-pro/includes/hwyk-widget.php on line 598

    at Object.onBind (file:///home/runner/work/playground-tester/playground-tester/node_modules/@wp-playground/cli/index.js:237:15)
    at process.processTicksAndRejections (node:internal/process/task_queues:105:5)
    at async V (file:///home/runner/work/playground-tester/playground-tester/node_modules/@wp-playground/cli/index.js:64:10)
    at async ja (file:///home/runner/work/playground-tester/playground-tester/node_modules/@wp-playground/cli/cli.js:8161:12) {
  [cause]: Error: Error when executing the blueprint step #5 ({"step":"installPlugin","pluginData":{"resource":"wordpress.org/plugins","slug":"hw-yahoo-skype-status-pro"},"options":{"activate":true}}) : PHP.run() failed with exit code 255 and the following output: 
      at Object.run (file:///home/runner/work/playground-tester/playground-tester/node_modules/@wp-playground/blueprints/index.js:12449:19)
      at process.processTicksAndRejections (node:internal/process/task_queues:105:5)
      at async ms (file:///home/runner/work/playground-tester/playground-tester/node_modules/@wp-playground/blueprints/index.js:12552:3)
      ... 2 lines matching cause stack trace ...
      at async ja (file:///home/runner/work/playground-tester/playground-tester/node_modules/@wp-playground/cli/cli.js:8161:12) {
    [cause]: PHPExecutionFailureError: PHP.run() failed with exit code 255 and the following output: 
        at PHP.run (file:///home/runner/work/playground-tester/playground-tester/node_modules/@php-wasm/universal/index.js:987:19)
        at process.processTicksAndRejections (node:internal/process/task_queues:105:5)
        at async wr (file:///home/runner/work/playground-tester/playground-tester/node_modules/@wp-playground/blueprints/index.js:33:39)
        at async Object.gt [as installPlugin] (file:///home/runner/work/playground-tester/playground-tester/node_modules/@wp-playground/blueprints/index.js:974:42)
        at async g (file:///home/runner/work/playground-tester/playground-tester/node_modules/@wp-playground/blueprints/index.js:12517:30)
        at async Object.run (file:///home/runner/work/playground-tester/playground-tester/node_modules/@wp-playground/blueprints/index.js:12446:23)
        at async ms (file:///home/runner/work/playground-tester/playground-tester/node_modules/@wp-playground/blueprints/index.js:12552:3)
        at async Object.onBind (file:///home/runner/work/playground-tester/playground-tester/node_modules/@wp-playground/cli/index.js:227:48)
        at async V (file:///home/runner/work/playground-tester/playground-tester/node_modules/@wp-playground/cli/index.js:64:10)
        at async ja (file:///home/runner/work/playground-tester/playground-tester/node_modules/@wp-playground/cli/cli.js:8161:12) {
      response: PHPResponse {
        httpStatusCode: 500,
        headers: {
          'x-powered-by': [ 'PHP/8.0.30-dev' ],
          'content-type': [ 'text/html; charset=UTF-8' ]
        },
        bytes: Uint8Array(0) [],
        exitCode: 255,
        errors: ''
      },
      source: 'request'
    }
  }
}

Node.js v23.11.0
