file:///home/runner/work/playground-tester/playground-tester/node_modules/@wp-playground/cli/index.js:237
        throw new Error(y, { cause: u });
              ^

Error: [21-Apr-2025 03:19:32 UTC] PHP Fatal error:  Uncaught ArgumentCountError: Too few arguments to function WP_Widget::__construct(), 0 passed in /wordpress/wp-includes/class-wp-widget-factory.php on line 62 and at least 2 expected in /wordpress/wp-includes/class-wp-widget.php:163
Stack trace:
#0 /wordpress/wp-includes/class-wp-widget-factory.php(62): WP_Widget->__construct()
#1 /wordpress/wp-includes/widgets.php(123): WP_Widget_Factory->register('tie_insta_lite_...')
#2 /wordpress/wp-content/plugins/instanow-lite/instanow-lite-admin.php(422): register_widget('tie_insta_lite_...')
#3 /wordpress/wp-includes/class-wp-hook.php(324): tie_insta_lite_widget_box('')
#4 /wordpress/wp-includes/class-wp-hook.php(348): WP_Hook->apply_filters(NULL, Array)
#5 /wordpress/wp-includes/plugin.php(517): WP_Hook->do_action(Array)
#6 /wordpress/wp-includes/widgets.php(1870): do_action('widgets_init')
#7 /wordpress/wp-includes/class-wp-hook.php(324): wp_widgets_init('')
#8 /wordpress/wp-includes/class-wp-hook.php(348): WP_Hook->apply_filters(NULL, Array)
#9 /wordpress/wp-includes/plugin.php(517): WP_Hook->do_action(Array)
#10 /wordpress/wp-settings.php(727): do_action('init')
#11 /wordpress/wp-config.php(102): require_once('/wordpress/wp-s...')
#12 /wordpress/wp-load.php(50): require_once('/wordpress/wp-c...')
#13 /internal/eval.php(3): require_once('/wordpress/wp-l...')
#14 {main}
  thrown in /wordpress/wp-includes/class-wp-widget.php on line 163
[21-Apr-2025 03:19:40 UTC] PHP Fatal error:  Uncaught ArgumentCountError: Too few arguments to function WP_Widget::__construct(), 0 passed in /wordpress/wp-includes/class-wp-widget-factory.php on line 62 and at least 2 expected in /wordpress/wp-includes/class-wp-widget.php:163
Stack trace:
#0 /wordpress/wp-includes/class-wp-widget-factory.php(62): WP_Widget->__construct()
#1 /wordpress/wp-includes/widgets.php(123): WP_Widget_Factory->register('tie_insta_lite_...')
#2 /wordpress/wp-content/plugins/instanow-lite/instanow-lite-admin.php(422): register_widget('tie_insta_lite_...')
#3 /wordpress/wp-includes/class-wp-hook.php(324): tie_insta_lite_widget_box('')
#4 /wordpress/wp-includes/class-wp-hook.php(348): WP_Hook->apply_filters(NULL, Array)
#5 /wordpress/wp-includes/plugin.php(517): WP_Hook->do_action(Array)
#6 /wordpress/wp-includes/widgets.php(1870): do_action('widgets_init')
#7 /wordpress/wp-includes/class-wp-hook.php(324): wp_widgets_init('')
#8 /wordpress/wp-includes/class-wp-hook.php(348): WP_Hook->apply_filters(NULL, Array)
#9 /wordpress/wp-includes/plugin.php(517): WP_Hook->do_action(Array)
#10 /wordpress/wp-settings.php(727): do_action('init')
#11 /wordpress/wp-config.php(102): require_once('/wordpress/wp-s...')
#12 /wordpress/wp-load.php(50): require_once('/wordpress/wp-c...')
#13 /internal/eval.php(3): require_once('/wordpress/wp-l...')
#14 {main}
  thrown in /wordpress/wp-includes/class-wp-widget.php on line 163
[21-Apr-2025 03:19:49 UTC] PHP Fatal error:  Uncaught ArgumentCountError: Too few arguments to function WP_Widget::__construct(), 0 passed in /wordpress/wp-includes/class-wp-widget-factory.php on line 62 and at least 2 expected in /wordpress/wp-includes/class-wp-widget.php:163
Stack trace:
#0 /wordpress/wp-includes/class-wp-widget-factory.php(62): WP_Widget->__construct()
#1 /wordpress/wp-includes/widgets.php(123): WP_Widget_Factory->register('tie_insta_lite_...')
#2 /wordpress/wp-content/plugins/instanow-lite/instanow-lite-admin.php(422): register_widget('tie_insta_lite_...')
#3 /wordpress/wp-includes/class-wp-hook.php(324): tie_insta_lite_widget_box('')
#4 /wordpress/wp-includes/class-wp-hook.php(348): WP_Hook->apply_filters(NULL, Array)
#5 /wordpress/wp-includes/plugin.php(517): WP_Hook->do_action(Array)
#6 /wordpress/wp-includes/widgets.php(1870): do_action('widgets_init')
#7 /wordpress/wp-includes/class-wp-hook.php(324): wp_widgets_init('')
#8 /wordpress/wp-includes/class-wp-hook.php(348): WP_Hook->apply_filters(NULL, Array)
#9 /wordpress/wp-includes/plugin.php(517): WP_Hook->do_action(Array)
#10 /wordpress/wp-settings.php(727): do_action('init')
#11 /wordpress/wp-config.php(102): require_once('/wordpress/wp-s...')
#12 /wordpress/wp-load.php(50): require_once('/wordpress/wp-c...')
#13 /internal/eval.php(3): require_once('/wordpress/wp-l...')
#14 {main}
  thrown in /wordpress/wp-includes/class-wp-widget.php on line 163
[21-Apr-2025 03:22:57 UTC] PHP Notice:  Function _load_textdomain_just_in_time was called <strong>incorrectly</strong>. Translation loading for the <code>igniteup</code> domain was triggered too early. This is usually an indicator for some code in the plugin or theme running too early. Translations should be loaded at the <code>init</code> action or later. Please see <a href="https://developer.wordpress.org/advanced-administration/debug/debug-wordpress/">Debugging in WordPress</a> for more information. (This message was added in version 6.7.0.) in /wordpress/wp-includes/functions.php on line 6121
[21-Apr-2025 03:23:07 UTC] PHP Notice:  Function _load_textdomain_just_in_time was called <strong>incorrectly</strong>. Translation loading for the <code>igniteup</code> domain was triggered too early. This is usually an indicator for some code in the plugin or theme running too early. Translations should be loaded at the <code>init</code> action or later. Please see <a href="https://developer.wordpress.org/advanced-administration/debug/debug-wordpress/">Debugging in WordPress</a> for more information. (This message was added in version 6.7.0.) in /wordpress/wp-includes/functions.php on line 6121
[21-Apr-2025 03:23:17 UTC] PHP Notice:  Function _load_textdomain_just_in_time was called <strong>incorrectly</strong>. Translation loading for the <code>igniteup</code> domain was triggered too early. This is usually an indicator for some code in the plugin or theme running too early. Translations should be loaded at the <code>init</code> action or later. Please see <a href="https://developer.wordpress.org/advanced-administration/debug/debug-wordpress/">Debugging in WordPress</a> for more information. (This message was added in version 6.7.0.) in /wordpress/wp-includes/functions.php on line 6121
[21-Apr-2025 03:24:20 UTC] PHP Warning:  Undefined array key "SERVER_ADDR" in /wordpress/wp-content/plugins/imega-teleport/imega-teleport.php on line 919
[21-Apr-2025 03:24:29 UTC] PHP Warning:  Undefined array key "SERVER_ADDR" in /wordpress/wp-content/plugins/imega-teleport/imega-teleport.php on line 919
[21-Apr-2025 03:24:37 UTC] PHP Warning:  Undefined array key "SERVER_ADDR" in /wordpress/wp-content/plugins/imega-teleport/imega-teleport.php on line 919
[21-Apr-2025 03:24:56 UTC] WordPress database error <div style="clear:both">&nbsp;</div>
<div class="queries" style="clear:both;margin-bottom:2px;border:red dotted thin;">
<p>MySQL query:</p>
<p>CREATE TABLE wp_immobili_domusuite (
		id int(11) NOT NULL AUTO_INCREMENT,
		codice varchar(255) DEFAULT NULL,
		riferimento varchar(255) DEFAULT NULL,
		categoria varchar(255) DEFAULT NULL,
		a_reddito varchar(255) DEFAULT NULL,
		reddito varchar(255) DEFAULT NULL,
		tipologia varchar(255) DEFAULT NULL,
		trattativa varchar(255) DEFAULT NULL,
		contratto varchar(255) DEFAULT NULL,
		prezzo varchar(255) DEFAULT NULL,
		canone_affitto varchar(255) DEFAULT NULL,
		comune varchar(255) DEFAULT NULL,
		provincia varchar(255) DEFAULT NULL,
		regione varchar(255) DEFAULT NULL,
		nazione varchar(255) DEFAULT NULL,
		anno_costruzione varchar(255) DEFAULT NULL,
		mq_coperti varchar(255) DEFAULT NULL,
		mq_terreno varchar(255) DEFAULT NULL,
		balconi varchar(255) DEFAULT NULL,
		mq_balconi varchar(255) DEFAULT NULL,
		terrazze varchar(255) DEFAULT NULL,
		mq_terrazze varchar(255) DEFAULT NULL,
		cantine varchar(255) DEFAULT NULL,
		mq_cantine varchar(255) DEFAULT NULL,
		box varchar(255) DEFAULT NULL,
		mq_box varchar(255) DEFAULT NULL,
		p_auto_scoperto varchar(255) DEFAULT NULL,
		p_auto_coperto varchar(255) DEFAULT NULL,
		liv_fuori_terra varchar(255) DEFAULT NULL,
		liv_interrati varchar(255) DEFAULT NULL,
		portiere varchar(255) DEFAULT NULL,
		ascensore varchar(255) DEFAULT NULL,
		descrizione_piano varchar(255) DEFAULT NULL,
		stato varchar(255) DEFAULT NULL,
		ipe varchar(255) DEFAULT NULL,
		classe_energetica varchar(255) DEFAULT NULL,
		riscaldamento varchar(255) DEFAULT NULL,
		nr_balconi varchar(255) DEFAULT NULL,
		nr_terrazze varchar(255) DEFAULT NULL,
		nr_box varchar(255) DEFAULT NULL,
		nr_cantine varchar(255) DEFAULT NULL,
		nr_locali varchar(255) DEFAULT NULL,
		note_locali varchar(255) DEFAULT NULL,
		nr_servizi varchar(255) DEFAULT NULL,
		nr_camere varchar(255) DEFAULT NULL,
		mq_giardino varchar(255) DEFAULT NULL,
		box_auto varchar(255) DEFAULT NULL,
		mansarda varchar(255) DEFAULT NULL,
		arredato varchar(255) DEFAULT NULL,
		giardino varchar(255) DEFAULT NULL,
		unita_immobiliari varchar(255) DEFAULT NULL,
		tipo_cucina varchar(255) DEFAULT NULL,
		condizionatore varchar(255) DEFAULT NULL,
		disponibilita varchar(255) DEFAULT NULL,
		numero_piano varchar(255) DEFAULT NULL,
		indirizzo varchar(255) DEFAULT NULL,
		latitudine varchar(255) DEFAULT NULL,
		longitudine varchar(255) DEFAULT NULL,
		titolo_ita text(0) DEFAULT NULL,
		titolo_eng text(0) DEFAULT NULL,
		titolo_fra text(0) DEFAULT NULL,
		titolo_ted text(0) DEFAULT NULL,
		titolo_spa text(0) DEFAULT NULL,
		descrizione_breve_ita text(0) DEFAULT NULL,
		descrizione_breve_eng text(0) DEFAULT NULL,
		descrizione_breve_fra text(0) DEFAULT NULL,
		descrizione_breve_ted text(0) DEFAULT NULL,
		descrizione_breve_spa text(0) DEFAULT NULL,
		descrizione_lunga_ita text(0) DEFAULT NULL,
		descrizione_lunga_eng text(0) DEFAULT NULL,
		descrizione_lunga_fra text(0) DEFAULT NULL,
		descrizione_lunga_ted text(0) DEFAULT NULL,
		descrizione_lunga_spa text(0) DEFAULT NULL,
      PRIMARY KEY id (id)
    )</p>
<p>Queries made or created this session were:</p>
<ol>
<li>Executing: BEGIN | (no parameters)</li>
<li>Executing: ROLLBACK | (no parameters)</li>
</ol>
</div>
<div style="clear:both;margin-bottom:2px;border:red dotted thin;" class="error_message" style="border-bottom:dotted blue thin;">
Error occurred at line 4117 in Function <code>handle_error</code>. Error message was: Cannot combine AUTOINCREMENT and multiple primary keys in SQLite.
</div>
<p>Backtrace:</p>
<pre>#0 /internal/shared/sqlite-database-integration/wp-includes/sqlite/class-wp-sqlite-db.php(287): WP_SQLite_Translator->get_error_message()
#1 /wordpress/wp-admin/includes/upgrade.php(3280): WP_SQLite_DB->query('CREATE TABLE wp...')
#2 /wordpress/wp-content/plugins/immobili-domusuite/domussuite-plugin.php(235): dbDelta(Array)
#3 /wordpress/wp-includes/class-wp-hook.php(324): attivazione_plugin_domusuite(false)
#4 /wordpress/wp-includes/class-wp-hook.php(348): WP_Hook->apply_filters('', Array)
#5 /wordpress/wp-includes/plugin.php(517): WP_Hook->do_action(Array)
#6 /wordpress/wp-admin/includes/plugin.php(703): do_action('activate_immobi...', false)
#7 /internal/eval.php(20): activate_plugin('immobili-domusu...')
#8 {main}</pre>
 for query CREATE TABLE wp_immobili_domusuite (
		id int(11) NOT NULL AUTO_INCREMENT,
		codice varchar(255) DEFAULT NULL,
		riferimento varchar(255) DEFAULT NULL,
		categoria varchar(255) DEFAULT NULL,
		a_reddito varchar(255) DEFAULT NULL,
		reddito varchar(255) DEFAULT NULL,
		tipologia varchar(255) DEFAULT NULL,
		trattativa varchar(255) DEFAULT NULL,
		contratto varchar(255) DEFAULT NULL,
		prezzo varchar(255) DEFAULT NULL,
		canone_affitto varchar(255) DEFAULT NULL,
		comune varchar(255) DEFAULT NULL,
		provincia varchar(255) DEFAULT NULL,
		regione varchar(255) DEFAULT NULL,
		nazione varchar(255) DEFAULT NULL,
		anno_costruzione varchar(255) DEFAULT NULL,
		mq_coperti varchar(255) DEFAULT NULL,
		mq_terreno varchar(255) DEFAULT NULL,
		balconi varchar(255) DEFAULT NULL,
		mq_balconi varchar(255) DEFAULT NULL,
		terrazze varchar(255) DEFAULT NULL,
		mq_terrazze varchar(255) DEFAULT NULL,
		cantine varchar(255) DEFAULT NULL,
		mq_cantine varchar(255) DEFAULT NULL,
		box varchar(255) DEFAULT NULL,
		mq_box varchar(255) DEFAULT NULL,
		p_auto_scoperto varchar(255) DEFAULT NULL,
		p_auto_coperto varchar(255) DEFAULT NULL,
		liv_fuori_terra varchar(255) DEFAULT NULL,
		liv_interrati varchar(255) DEFAULT NULL,
		portiere varchar(255) DEFAULT NULL,
		ascensore varchar(255) DEFAULT NULL,
		descrizione_piano varchar(255) DEFAULT NULL,
		stato varchar(255) DEFAULT NULL,
		ipe varchar(255) DEFAULT NULL,
		classe_energetica varchar(255) DEFAULT NULL,
		riscaldamento varchar(255) DEFAULT NULL,
		nr_balconi varchar(255) DEFAULT NULL,
		nr_terrazze varchar(255) DEFAULT NULL,
		nr_box varchar(255) DEFAULT NULL,
		nr_cantine varchar(255) DEFAULT NULL,
		nr_locali varchar(255) DEFAULT NULL,
		note_locali varchar(255) DEFAULT NULL,
		nr_servizi varchar(255) DEFAULT NULL,
		nr_camere varchar(255) DEFAULT NULL,
		mq_giardino varchar(255) DEFAULT NULL,
		box_auto varchar(255) DEFAULT NULL,
		mansarda varchar(255) DEFAULT NULL,
		arredato varchar(255) DEFAULT NULL,
		giardino varchar(255) DEFAULT NULL,
		unita_immobiliari varchar(255) DEFAULT NULL,
		tipo_cucina varchar(255) DEFAULT NULL,
		condizionatore varchar(255) DEFAULT NULL,
		disponibilita varchar(255) DEFAULT NULL,
		numero_piano varchar(255) DEFAULT NULL,
		indirizzo varchar(255) DEFAULT NULL,
		latitudine varchar(255) DEFAULT NULL,
		longitudine varchar(255) DEFAULT NULL,
		titolo_ita text(0) DEFAULT NULL,
		titolo_eng text(0) DEFAULT NULL,
		titolo_fra text(0) DEFAULT NULL,
		titolo_ted text(0) DEFAULT NULL,
		titolo_spa text(0) DEFAULT NULL,
		descrizione_breve_ita text(0) DEFAULT NULL,
		descrizione_breve_eng text(0) DEFAULT NULL,
		descrizione_breve_fra text(0) DEFAULT NULL,
		descrizione_breve_ted text(0) DEFAULT NULL,
		descrizione_breve_spa text(0) DEFAULT NULL,
		descrizione_lunga_ita text(0) DEFAULT NULL,
		descrizione_lunga_eng text(0) DEFAULT NULL,
		descrizione_lunga_fra text(0) DEFAULT NULL,
		descrizione_lunga_ted text(0) DEFAULT NULL,
		descrizione_lunga_spa text(0) DEFAULT NULL,
      PRIMARY KEY id (id)
    ) made by activate_plugin, do_action('activate_immobili-domusuite/domussuite-plugin.php'), WP_Hook->do_action, WP_Hook->apply_filters, attivazione_plugin_domusuite, dbDelta, WP_SQLite_DB->query, WP_SQLite_DB->print_error
[21-Apr-2025 03:24:56 UTC] WordPress database error <div style="clear:both">&nbsp;</div>
<div class="queries" style="clear:both;margin-bottom:2px;border:red dotted thin;">
<p>MySQL query:</p>
<p>CREATE TABLE wp_immagini_domusuite (
		id int(11) NOT NULL AUTO_INCREMENT,
		id_immobile int(11) DEFAULT NULL,
		url text(0) DEFAULT NULL,
      PRIMARY KEY id (id)
    )</p>
<p>Queries made or created this session were:</p>
<ol>
<li>Executing: BEGIN | (no parameters)</li>
<li>Executing: ROLLBACK | (no parameters)</li>
</ol>
</div>
<div style="clear:both;margin-bottom:2px;border:red dotted thin;" class="error_message" style="border-bottom:dotted blue thin;">
Error occurred at line 4117 in Function <code>handle_error</code>. Error message was: Cannot combine AUTOINCREMENT and multiple primary keys in SQLite.
</div>
<p>Backtrace:</p>
<pre>#0 /internal/shared/sqlite-database-integration/wp-includes/sqlite/class-wp-sqlite-db.php(287): WP_SQLite_Translator->get_error_message()
#1 /wordpress/wp-admin/includes/upgrade.php(3280): WP_SQLite_DB->query('CREATE TABLE wp...')
#2 /wordpress/wp-content/plugins/immobili-domusuite/domussuite-plugin.php(236): dbDelta(Array)
#3 /wordpress/wp-includes/class-wp-hook.php(324): attivazione_plugin_domusuite(false)
#4 /wordpress/wp-includes/class-wp-hook.php(348): WP_Hook->apply_filters('', Array)
#5 /wordpress/wp-includes/plugin.php(517): WP_Hook->do_action(Array)
#6 /wordpress/wp-admin/includes/plugin.php(703): do_action('activate_immobi...', false)
#7 /internal/eval.php(20): activate_plugin('immobili-domusu...')
#8 {main}</pre>
 for query CREATE TABLE wp_immagini_domusuite (
		id int(11) NOT NULL AUTO_INCREMENT,
		id_immobile int(11) DEFAULT NULL,
		url text(0) DEFAULT NULL,
      PRIMARY KEY id (id)
    ) made by activate_plugin, do_action('activate_immobili-domusuite/domussuite-plugin.php'), WP_Hook->do_action, WP_Hook->apply_filters, attivazione_plugin_domusuite, dbDelta, WP_SQLite_DB->query, WP_SQLite_DB->print_error
[21-Apr-2025 03:25:06 UTC] WordPress database error <div style="clear:both">&nbsp;</div>
<div class="queries" style="clear:both;margin-bottom:2px;border:red dotted thin;">
<p>MySQL query:</p>
<p>CREATE TABLE wp_immobili_domusuite (
		id int(11) NOT NULL AUTO_INCREMENT,
		codice varchar(255) DEFAULT NULL,
		riferimento varchar(255) DEFAULT NULL,
		categoria varchar(255) DEFAULT NULL,
		a_reddito varchar(255) DEFAULT NULL,
		reddito varchar(255) DEFAULT NULL,
		tipologia varchar(255) DEFAULT NULL,
		trattativa varchar(255) DEFAULT NULL,
		contratto varchar(255) DEFAULT NULL,
		prezzo varchar(255) DEFAULT NULL,
		canone_affitto varchar(255) DEFAULT NULL,
		comune varchar(255) DEFAULT NULL,
		provincia varchar(255) DEFAULT NULL,
		regione varchar(255) DEFAULT NULL,
		nazione varchar(255) DEFAULT NULL,
		anno_costruzione varchar(255) DEFAULT NULL,
		mq_coperti varchar(255) DEFAULT NULL,
		mq_terreno varchar(255) DEFAULT NULL,
		balconi varchar(255) DEFAULT NULL,
		mq_balconi varchar(255) DEFAULT NULL,
		terrazze varchar(255) DEFAULT NULL,
		mq_terrazze varchar(255) DEFAULT NULL,
		cantine varchar(255) DEFAULT NULL,
		mq_cantine varchar(255) DEFAULT NULL,
		box varchar(255) DEFAULT NULL,
		mq_box varchar(255) DEFAULT NULL,
		p_auto_scoperto varchar(255) DEFAULT NULL,
		p_auto_coperto varchar(255) DEFAULT NULL,
		liv_fuori_terra varchar(255) DEFAULT NULL,
		liv_interrati varchar(255) DEFAULT NULL,
		portiere varchar(255) DEFAULT NULL,
		ascensore varchar(255) DEFAULT NULL,
		descrizione_piano varchar(255) DEFAULT NULL,
		stato varchar(255) DEFAULT NULL,
		ipe varchar(255) DEFAULT NULL,
		classe_energetica varchar(255) DEFAULT NULL,
		riscaldamento varchar(255) DEFAULT NULL,
		nr_balconi varchar(255) DEFAULT NULL,
		nr_terrazze varchar(255) DEFAULT NULL,
		nr_box varchar(255) DEFAULT NULL,
		nr_cantine varchar(255) DEFAULT NULL,
		nr_locali varchar(255) DEFAULT NULL,
		note_locali varchar(255) DEFAULT NULL,
		nr_servizi varchar(255) DEFAULT NULL,
		nr_camere varchar(255) DEFAULT NULL,
		mq_giardino varchar(255) DEFAULT NULL,
		box_auto varchar(255) DEFAULT NULL,
		mansarda varchar(255) DEFAULT NULL,
		arredato varchar(255) DEFAULT NULL,
		giardino varchar(255) DEFAULT NULL,
		unita_immobiliari varchar(255) DEFAULT NULL,
		tipo_cucina varchar(255) DEFAULT NULL,
		condizionatore varchar(255) DEFAULT NULL,
		disponibilita varchar(255) DEFAULT NULL,
		numero_piano varchar(255) DEFAULT NULL,
		indirizzo varchar(255) DEFAULT NULL,
		latitudine varchar(255) DEFAULT NULL,
		longitudine varchar(255) DEFAULT NULL,
		titolo_ita text(0) DEFAULT NULL,
		titolo_eng text(0) DEFAULT NULL,
		titolo_fra text(0) DEFAULT NULL,
		titolo_ted text(0) DEFAULT NULL,
		titolo_spa text(0) DEFAULT NULL,
		descrizione_breve_ita text(0) DEFAULT NULL,
		descrizione_breve_eng text(0) DEFAULT NULL,
		descrizione_breve_fra text(0) DEFAULT NULL,
		descrizione_breve_ted text(0) DEFAULT NULL,
		descrizione_breve_spa text(0) DEFAULT NULL,
		descrizione_lunga_ita text(0) DEFAULT NULL,
		descrizione_lunga_eng text(0) DEFAULT NULL,
		descrizione_lunga_fra text(0) DEFAULT NULL,
		descrizione_lunga_ted text(0) DEFAULT NULL,
		descrizione_lunga_spa text(0) DEFAULT NULL,
      PRIMARY KEY id (id)
    )</p>
<p>Queries made or created this session were:</p>
<ol>
<li>Executing: BEGIN | (no parameters)</li>
<li>Executing: ROLLBACK | (no parameters)</li>
</ol>
</div>
<div style="clear:both;margin-bottom:2px;border:red dotted thin;" class="error_message" style="border-bottom:dotted blue thin;">
Error occurred at line 4117 in Function <code>handle_error</code>. Error message was: Cannot combine AUTOINCREMENT and multiple primary keys in SQLite.
</div>
<p>Backtrace:</p>
<pre>#0 /internal/shared/sqlite-database-integration/wp-includes/sqlite/class-wp-sqlite-db.php(287): WP_SQLite_Translator->get_error_message()
#1 /wordpress/wp-admin/includes/upgrade.php(3280): WP_SQLite_DB->query('CREATE TABLE wp...')
#2 /wordpress/wp-content/plugins/immobili-domusuite/domussuite-plugin.php(235): dbDelta(Array)
#3 /wordpress/wp-includes/class-wp-hook.php(324): attivazione_plugin_domusuite(false)
#4 /wordpress/wp-includes/class-wp-hook.php(348): WP_Hook->apply_filters('', Array)
#5 /wordpress/wp-includes/plugin.php(517): WP_Hook->do_action(Array)
#6 /wordpress/wp-admin/includes/plugin.php(703): do_action('activate_immobi...', false)
#7 /internal/eval.php(20): activate_plugin('immobili-domusu...')
#8 {main}</pre>
 for query CREATE TABLE wp_immobili_domusuite (
		id int(11) NOT NULL AUTO_INCREMENT,
		codice varchar(255) DEFAULT NULL,
		riferimento varchar(255) DEFAULT NULL,
		categoria varchar(255) DEFAULT NULL,
		a_reddito varchar(255) DEFAULT NULL,
		reddito varchar(255) DEFAULT NULL,
		tipologia varchar(255) DEFAULT NULL,
		trattativa varchar(255) DEFAULT NULL,
		contratto varchar(255) DEFAULT NULL,
		prezzo varchar(255) DEFAULT NULL,
		canone_affitto varchar(255) DEFAULT NULL,
		comune varchar(255) DEFAULT NULL,
		provincia varchar(255) DEFAULT NULL,
		regione varchar(255) DEFAULT NULL,
		nazione varchar(255) DEFAULT NULL,
		anno_costruzione varchar(255) DEFAULT NULL,
		mq_coperti varchar(255) DEFAULT NULL,
		mq_terreno varchar(255) DEFAULT NULL,
		balconi varchar(255) DEFAULT NULL,
		mq_balconi varchar(255) DEFAULT NULL,
		terrazze varchar(255) DEFAULT NULL,
		mq_terrazze varchar(255) DEFAULT NULL,
		cantine varchar(255) DEFAULT NULL,
		mq_cantine varchar(255) DEFAULT NULL,
		box varchar(255) DEFAULT NULL,
		mq_box varchar(255) DEFAULT NULL,
		p_auto_scoperto varchar(255) DEFAULT NULL,
		p_auto_coperto varchar(255) DEFAULT NULL,
		liv_fuori_terra varchar(255) DEFAULT NULL,
		liv_interrati varchar(255) DEFAULT NULL,
		portiere varchar(255) DEFAULT NULL,
		ascensore varchar(255) DEFAULT NULL,
		descrizione_piano varchar(255) DEFAULT NULL,
		stato varchar(255) DEFAULT NULL,
		ipe varchar(255) DEFAULT NULL,
		classe_energetica varchar(255) DEFAULT NULL,
		riscaldamento varchar(255) DEFAULT NULL,
		nr_balconi varchar(255) DEFAULT NULL,
		nr_terrazze varchar(255) DEFAULT NULL,
		nr_box varchar(255) DEFAULT NULL,
		nr_cantine varchar(255) DEFAULT NULL,
		nr_locali varchar(255) DEFAULT NULL,
		note_locali varchar(255) DEFAULT NULL,
		nr_servizi varchar(255) DEFAULT NULL,
		nr_camere varchar(255) DEFAULT NULL,
		mq_giardino varchar(255) DEFAULT NULL,
		box_auto varchar(255) DEFAULT NULL,
		mansarda varchar(255) DEFAULT NULL,
		arredato varchar(255) DEFAULT NULL,
		giardino varchar(255) DEFAULT NULL,
		unita_immobiliari varchar(255) DEFAULT NULL,
		tipo_cucina varchar(255) DEFAULT NULL,
		condizionatore varchar(255) DEFAULT NULL,
		disponibilita varchar(255) DEFAULT NULL,
		numero_piano varchar(255) DEFAULT NULL,
		indirizzo varchar(255) DEFAULT NULL,
		latitudine varchar(255) DEFAULT NULL,
		longitudine varchar(255) DEFAULT NULL,
		titolo_ita text(0) DEFAULT NULL,
		titolo_eng text(0) DEFAULT NULL,
		titolo_fra text(0) DEFAULT NULL,
		titolo_ted text(0) DEFAULT NULL,
		titolo_spa text(0) DEFAULT NULL,
		descrizione_breve_ita text(0) DEFAULT NULL,
		descrizione_breve_eng text(0) DEFAULT NULL,
		descrizione_breve_fra text(0) DEFAULT NULL,
		descrizione_breve_ted text(0) DEFAULT NULL,
		descrizione_breve_spa text(0) DEFAULT NULL,
		descrizione_lunga_ita text(0) DEFAULT NULL,
		descrizione_lunga_eng text(0) DEFAULT NULL,
		descrizione_lunga_fra text(0) DEFAULT NULL,
		descrizione_lunga_ted text(0) DEFAULT NULL,
		descrizione_lunga_spa text(0) DEFAULT NULL,
      PRIMARY KEY id (id)
    ) made by activate_plugin, do_action('activate_immobili-domusuite/domussuite-plugin.php'), WP_Hook->do_action, WP_Hook->apply_filters, attivazione_plugin_domusuite, dbDelta, WP_SQLite_DB->query, WP_SQLite_DB->print_error
[21-Apr-2025 03:25:06 UTC] WordPress database error <div style="clear:both">&nbsp;</div>
<div class="queries" style="clear:both;margin-bottom:2px;border:red dotted thin;">
<p>MySQL query:</p>
<p>CREATE TABLE wp_immagini_domusuite (
		id int(11) NOT NULL AUTO_INCREMENT,
		id_immobile int(11) DEFAULT NULL,
		url text(0) DEFAULT NULL,
      PRIMARY KEY id (id)
    )</p>
<p>Queries made or created this session were:</p>
<ol>
<li>Executing: BEGIN | (no parameters)</li>
<li>Executing: ROLLBACK | (no parameters)</li>
</ol>
</div>
<div style="clear:both;margin-bottom:2px;border:red dotted thin;" class="error_message" style="border-bottom:dotted blue thin;">
Error occurred at line 4117 in Function <code>handle_error</code>. Error message was: Cannot combine AUTOINCREMENT and multiple primary keys in SQLite.
</div>
<p>Backtrace:</p>
<pre>#0 /internal/shared/sqlite-database-integration/wp-includes/sqlite/class-wp-sqlite-db.php(287): WP_SQLite_Translator->get_error_message()
#1 /wordpress/wp-admin/includes/upgrade.php(3280): WP_SQLite_DB->query('CREATE TABLE wp...')
#2 /wordpress/wp-content/plugins/immobili-domusuite/domussuite-plugin.php(236): dbDelta(Array)
#3 /wordpress/wp-includes/class-wp-hook.php(324): attivazione_plugin_domusuite(false)
#4 /wordpress/wp-includes/class-wp-hook.php(348): WP_Hook->apply_filters('', Array)
#5 /wordpress/wp-includes/plugin.php(517): WP_Hook->do_action(Array)
#6 /wordpress/wp-admin/includes/plugin.php(703): do_action('activate_immobi...', false)
#7 /internal/eval.php(20): activate_plugin('immobili-domusu...')
#8 {main}</pre>
 for query CREATE TABLE wp_immagini_domusuite (
		id int(11) NOT NULL AUTO_INCREMENT,
		id_immobile int(11) DEFAULT NULL,
		url text(0) DEFAULT NULL,
      PRIMARY KEY id (id)
    ) made by activate_plugin, do_action('activate_immobili-domusuite/domussuite-plugin.php'), WP_Hook->do_action, WP_Hook->apply_filters, attivazione_plugin_domusuite, dbDelta, WP_SQLite_DB->query, WP_SQLite_DB->print_error
[21-Apr-2025 03:26:08 UTC] PHP Deprecated:  Function load_plugin_textdomain was called with an argument that is <strong>deprecated</strong> since version 2.7.0 with no alternative available. in /wordpress/wp-includes/functions.php on line 6121
[21-Apr-2025 03:26:17 UTC] PHP Deprecated:  Function load_plugin_textdomain was called with an argument that is <strong>deprecated</strong> since version 2.7.0 with no alternative available. in /wordpress/wp-includes/functions.php on line 6121
[21-Apr-2025 03:26:25 UTC] PHP Deprecated:  Function load_plugin_textdomain was called with an argument that is <strong>deprecated</strong> since version 2.7.0 with no alternative available. in /wordpress/wp-includes/functions.php on line 6121

    at Object.onBind (file:///home/runner/work/playground-tester/playground-tester/node_modules/@wp-playground/cli/index.js:237:15)
    at process.processTicksAndRejections (node:internal/process/task_queues:105:5)
    at async V (file:///home/runner/work/playground-tester/playground-tester/node_modules/@wp-playground/cli/index.js:64:10)
    at async ja (file:///home/runner/work/playground-tester/playground-tester/node_modules/@wp-playground/cli/cli.js:8161:12) {
  [cause]: Error: Error when executing the blueprint step #1 ({"step":"installPlugin","pluginData":{"resource":"wordpress.org/plugins","slug":"indextools"},"options":{"activate":true}}) : Could not download "https://downloads.wordpress.org/plugin/indextools.latest-stable.zip".
  				Check if the URL is correct and the server is reachable.
  				If it is reachable, the server might be blocking the request.
  				Check the browser console and network tabs for more information.
  
  				## Does the console show the error "No 'Access-Control-Allow-Origin' header"?
  
  				This means the server that hosts your file does not allow requests from other sites
  				(cross-origin requests, or CORS).	You need to move the asset to a server that allows
  				cross-origin file downloads. Learn more about CORS at
  				https://developer.mozilla.org/en-US/docs/Web/HTTP/CORS.
  
  				If your file is on GitHub, load it from "raw.githubusercontent.com".
  				Here's how to do that:
  
  				1. Start with the original GitHub URL of the file. For example:
  				https://github.com/username/repository/blob/branch/filename.
  				2. Replace "github.com" with "raw.githubusercontent.com".
  				3. Remove the "/blob/" part of the URL.
  
  				The resulting URL should look like this:
  				https://raw.githubusercontent.com/username/repository/branch/filename
  
  				Error:
  				Error: Could not download "https://downloads.wordpress.org/plugin/indextools.latest-stable.zip"
      at Object.run (file:///home/runner/work/playground-tester/playground-tester/node_modules/@wp-playground/blueprints/index.js:12449:19)
      at process.processTicksAndRejections (node:internal/process/task_queues:105:5)
      at async ms (file:///home/runner/work/playground-tester/playground-tester/node_modules/@wp-playground/blueprints/index.js:12552:3)
      at async Object.onBind (file:///home/runner/work/playground-tester/playground-tester/node_modules/@wp-playground/cli/index.js:227:48)
      at async V (file:///home/runner/work/playground-tester/playground-tester/node_modules/@wp-playground/cli/index.js:64:10)
      at async ja (file:///home/runner/work/playground-tester/playground-tester/node_modules/@wp-playground/cli/cli.js:8161:12) {
    [cause]: Error: Could not download "https://downloads.wordpress.org/plugin/indextools.latest-stable.zip".
    				Check if the URL is correct and the server is reachable.
    				If it is reachable, the server might be blocking the request.
    				Check the browser console and network tabs for more information.
    
    				## Does the console show the error "No 'Access-Control-Allow-Origin' header"?
    
    				This means the server that hosts your file does not allow requests from other sites
    				(cross-origin requests, or CORS).	You need to move the asset to a server that allows
    				cross-origin file downloads. Learn more about CORS at
    				https://developer.mozilla.org/en-US/docs/Web/HTTP/CORS.
    
    				If your file is on GitHub, load it from "raw.githubusercontent.com".
    				Here's how to do that:
    
    				1. Start with the original GitHub URL of the file. For example:
    				https://github.com/username/repository/blob/branch/filename.
    				2. Replace "github.com" with "raw.githubusercontent.com".
    				3. Remove the "/blob/" part of the URL.
    
    				The resulting URL should look like this:
    				https://raw.githubusercontent.com/username/repository/branch/filename
    
    				Error:
    				Error: Could not download "https://downloads.wordpress.org/plugin/indextools.latest-stable.zip"
        at Ct.resolve (file:///home/runner/work/playground-tester/playground-tester/node_modules/@wp-playground/blueprints/index.js:1472:13)
        at process.processTicksAndRejections (node:internal/process/task_queues:105:5)
        at async _.run (file:///home/runner/work/playground-tester/playground-tester/node_modules/@php-wasm/util/index.js:45:14)
  }
}

Node.js v23.11.0
