file:///home/runner/work/playground-tester/playground-tester/node_modules/@wp-playground/cli/index.js:237
        throw new Error(y, { cause: u });
              ^

Error: [12-Apr-2025 16:34:04 UTC] PHP Warning:  Undefined array key "DOCUMENT_ROOT" in /wordpress/wp-content/plugins/robots-txt-editor/src/RobotsTxtPlugin.php on line 57
[12-Apr-2025 16:34:12 UTC] PHP Warning:  Undefined array key "DOCUMENT_ROOT" in /wordpress/wp-content/plugins/robots-txt-editor/src/RobotsTxtPlugin.php on line 57
[12-Apr-2025 16:34:21 UTC] PHP Warning:  Undefined array key "DOCUMENT_ROOT" in /wordpress/wp-content/plugins/robots-txt-editor/src/RobotsTxtPlugin.php on line 57
[12-Apr-2025 16:34:58 UTC] PHP Warning:  Trying to access array offset on value of type bool in /wordpress/wp-content/plugins/raisedonors/includes/class-raise-donors.php on line 185
[12-Apr-2025 16:34:58 UTC] PHP Warning:  Trying to access array offset on value of type bool in /wordpress/wp-content/plugins/raisedonors/includes/class-raise-donors.php on line 195
[12-Apr-2025 16:34:59 UTC] PHP Warning:  Trying to access array offset on value of type bool in /wordpress/wp-content/plugins/raisedonors/includes/class-raise-donors.php on line 185
[12-Apr-2025 16:35:07 UTC] PHP Warning:  Trying to access array offset on value of type bool in /wordpress/wp-content/plugins/raisedonors/includes/class-raise-donors.php on line 185
[12-Apr-2025 16:35:07 UTC] PHP Warning:  Trying to access array offset on value of type bool in /wordpress/wp-content/plugins/raisedonors/includes/class-raise-donors.php on line 195
[12-Apr-2025 16:35:08 UTC] PHP Warning:  Trying to access array offset on value of type bool in /wordpress/wp-content/plugins/raisedonors/includes/class-raise-donors.php on line 185
[12-Apr-2025 16:35:15 UTC] PHP Warning:  Trying to access array offset on value of type bool in /wordpress/wp-content/plugins/raisedonors/includes/class-raise-donors.php on line 185
[12-Apr-2025 16:35:15 UTC] PHP Warning:  Trying to access array offset on value of type bool in /wordpress/wp-content/plugins/raisedonors/includes/class-raise-donors.php on line 195
[12-Apr-2025 16:35:16 UTC] PHP Warning:  Trying to access array offset on value of type bool in /wordpress/wp-content/plugins/raisedonors/includes/class-raise-donors.php on line 185
[12-Apr-2025 16:35:25 UTC] PHP Fatal error:  Declaration of RandomPostsWidgetConfigurable::update($new_instance) must be compatible with WP_Widget::update($new_instance, $old_instance) in /wordpress/wp-content/plugins/random-posts-widget-configurable/random-posts-widget-configurable.php on line 31
[12-Apr-2025 16:35:33 UTC] PHP Fatal error:  Declaration of RandomPostsWidgetConfigurable::update($new_instance) must be compatible with WP_Widget::update($new_instance, $old_instance) in /wordpress/wp-content/plugins/random-posts-widget-configurable/random-posts-widget-configurable.php on line 31
[12-Apr-2025 16:35:40 UTC] PHP Fatal error:  Declaration of RandomPostsWidgetConfigurable::update($new_instance) must be compatible with WP_Widget::update($new_instance, $old_instance) in /wordpress/wp-content/plugins/random-posts-widget-configurable/random-posts-widget-configurable.php on line 31
[12-Apr-2025 16:38:50 UTC] PHP Notice:  Function wp_enqueue_script was called <strong>incorrectly</strong>. Scripts and styles should not be registered or enqueued until the <code>wp_enqueue_scripts</code>, <code>admin_enqueue_scripts</code>, or <code>login_enqueue_scripts</code> hooks. This notice was triggered by the <code>fitvids-js</code> handle. Please see <a href="https://developer.wordpress.org/advanced-administration/debug/debug-wordpress/">Debugging in WordPress</a> for more information. (This message was added in version 3.3.0.) in /wordpress/wp-includes/functions.php on line 6114
[12-Apr-2025 16:38:50 UTC] PHP Notice:  Function wp_enqueue_script was called <strong>incorrectly</strong>. Scripts and styles should not be registered or enqueued until the <code>wp_enqueue_scripts</code>, <code>admin_enqueue_scripts</code>, or <code>login_enqueue_scripts</code> hooks. This notice was triggered by the <code>fitvids-js-active </code> handle. Please see <a href="https://developer.wordpress.org/advanced-administration/debug/debug-wordpress/">Debugging in WordPress</a> for more information. (This message was added in version 3.3.0.) in /wordpress/wp-includes/functions.php on line 6114
[12-Apr-2025 16:38:50 UTC] PHP Notice:  Function wp_enqueue_style was called <strong>incorrectly</strong>. Scripts and styles should not be registered or enqueued until the <code>wp_enqueue_scripts</code>, <code>admin_enqueue_scripts</code>, or <code>login_enqueue_scripts</code> hooks. This notice was triggered by the <code>custom-css-style</code> handle. Please see <a href="https://developer.wordpress.org/advanced-administration/debug/debug-wordpress/">Debugging in WordPress</a> for more information. (This message was added in version 3.3.0.) in /wordpress/wp-includes/functions.php on line 6114
[12-Apr-2025 16:38:50 UTC] PHP Notice:  Function is_feed was called <strong>incorrectly</strong>. Conditional query tags do not work before the query is run. Before then, they always return false. Please see <a href="https://developer.wordpress.org/advanced-administration/debug/debug-wordpress/">Debugging in WordPress</a> for more information. (This message was added in version 3.1.0.) in /wordpress/wp-includes/functions.php on line 6114
[12-Apr-2025 16:38:58 UTC] PHP Notice:  Function wp_enqueue_script was called <strong>incorrectly</strong>. Scripts and styles should not be registered or enqueued until the <code>wp_enqueue_scripts</code>, <code>admin_enqueue_scripts</code>, or <code>login_enqueue_scripts</code> hooks. This notice was triggered by the <code>fitvids-js</code> handle. Please see <a href="https://developer.wordpress.org/advanced-administration/debug/debug-wordpress/">Debugging in WordPress</a> for more information. (This message was added in version 3.3.0.) in /wordpress/wp-includes/functions.php on line 6114
[12-Apr-2025 16:38:58 UTC] PHP Notice:  Function wp_enqueue_script was called <strong>incorrectly</strong>. Scripts and styles should not be registered or enqueued until the <code>wp_enqueue_scripts</code>, <code>admin_enqueue_scripts</code>, or <code>login_enqueue_scripts</code> hooks. This notice was triggered by the <code>fitvids-js-active </code> handle. Please see <a href="https://developer.wordpress.org/advanced-administration/debug/debug-wordpress/">Debugging in WordPress</a> for more information. (This message was added in version 3.3.0.) in /wordpress/wp-includes/functions.php on line 6114
[12-Apr-2025 16:38:58 UTC] PHP Notice:  Function wp_enqueue_style was called <strong>incorrectly</strong>. Scripts and styles should not be registered or enqueued until the <code>wp_enqueue_scripts</code>, <code>admin_enqueue_scripts</code>, or <code>login_enqueue_scripts</code> hooks. This notice was triggered by the <code>custom-css-style</code> handle. Please see <a href="https://developer.wordpress.org/advanced-administration/debug/debug-wordpress/">Debugging in WordPress</a> for more information. (This message was added in version 3.3.0.) in /wordpress/wp-includes/functions.php on line 6114
[12-Apr-2025 16:38:58 UTC] PHP Notice:  Function is_feed was called <strong>incorrectly</strong>. Conditional query tags do not work before the query is run. Before then, they always return false. Please see <a href="https://developer.wordpress.org/advanced-administration/debug/debug-wordpress/">Debugging in WordPress</a> for more information. (This message was added in version 3.1.0.) in /wordpress/wp-includes/functions.php on line 6114
[12-Apr-2025 16:39:07 UTC] PHP Notice:  Function wp_enqueue_script was called <strong>incorrectly</strong>. Scripts and styles should not be registered or enqueued until the <code>wp_enqueue_scripts</code>, <code>admin_enqueue_scripts</code>, or <code>login_enqueue_scripts</code> hooks. This notice was triggered by the <code>fitvids-js</code> handle. Please see <a href="https://developer.wordpress.org/advanced-administration/debug/debug-wordpress/">Debugging in WordPress</a> for more information. (This message was added in version 3.3.0.) in /wordpress/wp-includes/functions.php on line 6114
[12-Apr-2025 16:39:07 UTC] PHP Notice:  Function wp_enqueue_script was called <strong>incorrectly</strong>. Scripts and styles should not be registered or enqueued until the <code>wp_enqueue_scripts</code>, <code>admin_enqueue_scripts</code>, or <code>login_enqueue_scripts</code> hooks. This notice was triggered by the <code>fitvids-js-active </code> handle. Please see <a href="https://developer.wordpress.org/advanced-administration/debug/debug-wordpress/">Debugging in WordPress</a> for more information. (This message was added in version 3.3.0.) in /wordpress/wp-includes/functions.php on line 6114
[12-Apr-2025 16:39:07 UTC] PHP Notice:  Function wp_enqueue_style was called <strong>incorrectly</strong>. Scripts and styles should not be registered or enqueued until the <code>wp_enqueue_scripts</code>, <code>admin_enqueue_scripts</code>, or <code>login_enqueue_scripts</code> hooks. This notice was triggered by the <code>custom-css-style</code> handle. Please see <a href="https://developer.wordpress.org/advanced-administration/debug/debug-wordpress/">Debugging in WordPress</a> for more information. (This message was added in version 3.3.0.) in /wordpress/wp-includes/functions.php on line 6114
[12-Apr-2025 16:39:07 UTC] PHP Notice:  Function is_feed was called <strong>incorrectly</strong>. Conditional query tags do not work before the query is run. Before then, they always return false. Please see <a href="https://developer.wordpress.org/advanced-administration/debug/debug-wordpress/">Debugging in WordPress</a> for more information. (This message was added in version 3.1.0.) in /wordpress/wp-includes/functions.php on line 6114
[12-Apr-2025 16:39:16 UTC] PHP Deprecated:  Required parameter $amount follows optional parameter $args in /wordpress/wp-content/plugins/restrict-content-pro-easy-digital-downloads-vendor-submission-limits/rcp-edd-fes-submission-limits.php on line 314
[12-Apr-2025 16:39:17 UTC] PHP Deprecated:  Required parameter $amount follows optional parameter $args in /wordpress/wp-content/plugins/restrict-content-pro-easy-digital-downloads-vendor-submission-limits/rcp-edd-fes-submission-limits.php on line 314
[12-Apr-2025 16:39:25 UTC] PHP Deprecated:  Required parameter $amount follows optional parameter $args in /wordpress/wp-content/plugins/restrict-content-pro-easy-digital-downloads-vendor-submission-limits/rcp-edd-fes-submission-limits.php on line 314
[12-Apr-2025 16:39:25 UTC] PHP Deprecated:  Required parameter $amount follows optional parameter $args in /wordpress/wp-content/plugins/restrict-content-pro-easy-digital-downloads-vendor-submission-limits/rcp-edd-fes-submission-limits.php on line 314
[12-Apr-2025 16:39:33 UTC] PHP Deprecated:  Required parameter $amount follows optional parameter $args in /wordpress/wp-content/plugins/restrict-content-pro-easy-digital-downloads-vendor-submission-limits/rcp-edd-fes-submission-limits.php on line 314
[12-Apr-2025 16:39:34 UTC] PHP Deprecated:  Required parameter $amount follows optional parameter $args in /wordpress/wp-content/plugins/restrict-content-pro-easy-digital-downloads-vendor-submission-limits/rcp-edd-fes-submission-limits.php on line 314
[12-Apr-2025 16:40:34 UTC] PHP Fatal error:  Uncaught TypeError: call_user_func_array(): Argument #1 ($callback) must be a valid callback, non-static method Roofing_Calculator_Widget::activate() cannot be called statically in /wordpress/wp-includes/class-wp-hook.php:324
Stack trace:
#0 /wordpress/wp-includes/class-wp-hook.php(348): WP_Hook->apply_filters('', Array)
#1 /wordpress/wp-includes/plugin.php(517): WP_Hook->do_action(Array)
#2 /wordpress/wp-admin/includes/plugin.php(703): do_action('activate_roofin...', false)
#3 /internal/eval.php(20): activate_plugin('roofing-cost-ca...')
#4 {main}
  thrown in /wordpress/wp-includes/class-wp-hook.php on line 324
[12-Apr-2025 16:40:41 UTC] PHP Fatal error:  Uncaught TypeError: call_user_func_array(): Argument #1 ($callback) must be a valid callback, non-static method Roofing_Calculator_Widget::activate() cannot be called statically in /wordpress/wp-includes/class-wp-hook.php:324
Stack trace:
#0 /wordpress/wp-includes/class-wp-hook.php(348): WP_Hook->apply_filters('', Array)
#1 /wordpress/wp-includes/plugin.php(517): WP_Hook->do_action(Array)
#2 /wordpress/wp-admin/includes/plugin.php(703): do_action('activate_roofin...', false)
#3 /internal/eval.php(20): activate_plugin('roofing-cost-ca...')
#4 {main}
  thrown in /wordpress/wp-includes/class-wp-hook.php on line 324
[12-Apr-2025 16:40:49 UTC] PHP Fatal error:  Uncaught TypeError: call_user_func_array(): Argument #1 ($callback) must be a valid callback, non-static method Roofing_Calculator_Widget::activate() cannot be called statically in /wordpress/wp-includes/class-wp-hook.php:324
Stack trace:
#0 /wordpress/wp-includes/class-wp-hook.php(348): WP_Hook->apply_filters('', Array)
#1 /wordpress/wp-includes/plugin.php(517): WP_Hook->do_action(Array)
#2 /wordpress/wp-admin/includes/plugin.php(703): do_action('activate_roofin...', false)
#3 /internal/eval.php(20): activate_plugin('roofing-cost-ca...')
#4 {main}
  thrown in /wordpress/wp-includes/class-wp-hook.php on line 324

    at Object.onBind (file:///home/runner/work/playground-tester/playground-tester/node_modules/@wp-playground/cli/index.js:237:15)
    at process.processTicksAndRejections (node:internal/process/task_queues:105:5)
    at async V (file:///home/runner/work/playground-tester/playground-tester/node_modules/@wp-playground/cli/index.js:64:10)
    at async ja (file:///home/runner/work/playground-tester/playground-tester/node_modules/@wp-playground/cli/cli.js:8161:12) {
  [cause]: Error: Error when executing the blueprint step #1 ({"step":"installPlugin","pluginData":{"resource":"wordpress.org/plugins","slug":"recent-post-flexible"},"options":{"activate":true}}) : Could not download "https://downloads.wordpress.org/plugin/recent-post-flexible.latest-stable.zip".
  				Check if the URL is correct and the server is reachable.
  				If it is reachable, the server might be blocking the request.
  				Check the browser console and network tabs for more information.
  
  				## Does the console show the error "No 'Access-Control-Allow-Origin' header"?
  
  				This means the server that hosts your file does not allow requests from other sites
  				(cross-origin requests, or CORS).	You need to move the asset to a server that allows
  				cross-origin file downloads. Learn more about CORS at
  				https://developer.mozilla.org/en-US/docs/Web/HTTP/CORS.
  
  				If your file is on GitHub, load it from "raw.githubusercontent.com".
  				Here's how to do that:
  
  				1. Start with the original GitHub URL of the file. For example:
  				https://github.com/username/repository/blob/branch/filename.
  				2. Replace "github.com" with "raw.githubusercontent.com".
  				3. Remove the "/blob/" part of the URL.
  
  				The resulting URL should look like this:
  				https://raw.githubusercontent.com/username/repository/branch/filename
  
  				Error:
  				Error: Could not download "https://downloads.wordpress.org/plugin/recent-post-flexible.latest-stable.zip"
      at Object.run (file:///home/runner/work/playground-tester/playground-tester/node_modules/@wp-playground/blueprints/index.js:12449:19)
      at process.processTicksAndRejections (node:internal/process/task_queues:105:5)
      at async ms (file:///home/runner/work/playground-tester/playground-tester/node_modules/@wp-playground/blueprints/index.js:12552:3)
      at async Object.onBind (file:///home/runner/work/playground-tester/playground-tester/node_modules/@wp-playground/cli/index.js:227:48)
      at async V (file:///home/runner/work/playground-tester/playground-tester/node_modules/@wp-playground/cli/index.js:64:10)
      at async ja (file:///home/runner/work/playground-tester/playground-tester/node_modules/@wp-playground/cli/cli.js:8161:12) {
    [cause]: Error: Could not download "https://downloads.wordpress.org/plugin/recent-post-flexible.latest-stable.zip".
    				Check if the URL is correct and the server is reachable.
    				If it is reachable, the server might be blocking the request.
    				Check the browser console and network tabs for more information.
    
    				## Does the console show the error "No 'Access-Control-Allow-Origin' header"?
    
    				This means the server that hosts your file does not allow requests from other sites
    				(cross-origin requests, or CORS).	You need to move the asset to a server that allows
    				cross-origin file downloads. Learn more about CORS at
    				https://developer.mozilla.org/en-US/docs/Web/HTTP/CORS.
    
    				If your file is on GitHub, load it from "raw.githubusercontent.com".
    				Here's how to do that:
    
    				1. Start with the original GitHub URL of the file. For example:
    				https://github.com/username/repository/blob/branch/filename.
    				2. Replace "github.com" with "raw.githubusercontent.com".
    				3. Remove the "/blob/" part of the URL.
    
    				The resulting URL should look like this:
    				https://raw.githubusercontent.com/username/repository/branch/filename
    
    				Error:
    				Error: Could not download "https://downloads.wordpress.org/plugin/recent-post-flexible.latest-stable.zip"
        at Ct.resolve (file:///home/runner/work/playground-tester/playground-tester/node_modules/@wp-playground/blueprints/index.js:1472:13)
        at process.processTicksAndRejections (node:internal/process/task_queues:105:5)
        at async _.run (file:///home/runner/work/playground-tester/playground-tester/node_modules/@php-wasm/util/index.js:45:14)
  }
}

Node.js v23.11.0
