file:///home/runner/work/playground-tester/playground-tester/node_modules/@wp-playground/cli/index.js:237
        throw new Error(y, { cause: u });
              ^

Error: [16-Apr-2025 18:57:26 UTC] PHP Deprecated:  Required parameter $uri_index follows optional parameter $blacklisted in /wordpress/wp-content/plugins/injection-guard/guard.php on line 114
[16-Apr-2025 18:57:27 UTC] PHP Deprecated:  Required parameter $uri_index follows optional parameter $blacklisted in /wordpress/wp-content/plugins/injection-guard/guard.php on line 114
[16-Apr-2025 18:57:35 UTC] PHP Deprecated:  Required parameter $uri_index follows optional parameter $blacklisted in /wordpress/wp-content/plugins/injection-guard/guard.php on line 114
[16-Apr-2025 18:57:36 UTC] PHP Deprecated:  Required parameter $uri_index follows optional parameter $blacklisted in /wordpress/wp-content/plugins/injection-guard/guard.php on line 114
[16-Apr-2025 18:57:45 UTC] PHP Deprecated:  Required parameter $uri_index follows optional parameter $blacklisted in /wordpress/wp-content/plugins/injection-guard/guard.php on line 114
[16-Apr-2025 18:57:46 UTC] PHP Deprecated:  Required parameter $uri_index follows optional parameter $blacklisted in /wordpress/wp-content/plugins/injection-guard/guard.php on line 114
[16-Apr-2025 18:58:46 UTC] PHP Warning:  Trying to access array offset on value of type bool in /wordpress/wp-content/plugins/invelity-products-feeds/taxonomy/brand-taxonomy.php on line 5
[16-Apr-2025 18:58:46 UTC] PHP Warning:  Trying to access array offset on value of type bool in /wordpress/wp-content/plugins/invelity-products-feeds/taxonomy/google-taxonomy.php on line 3
[16-Apr-2025 18:58:46 UTC] PHP Warning:  Trying to access array offset on value of type bool in /wordpress/wp-content/plugins/invelity-products-feeds/taxonomy/heureka-taxonomy.php on line 5
[16-Apr-2025 18:58:48 UTC] PHP Warning:  Trying to access array offset on value of type bool in /wordpress/wp-content/plugins/invelity-products-feeds/taxonomy/brand-taxonomy.php on line 5
[16-Apr-2025 18:58:48 UTC] PHP Warning:  Trying to access array offset on value of type bool in /wordpress/wp-content/plugins/invelity-products-feeds/taxonomy/google-taxonomy.php on line 3
[16-Apr-2025 18:58:48 UTC] PHP Warning:  Trying to access array offset on value of type bool in /wordpress/wp-content/plugins/invelity-products-feeds/taxonomy/heureka-taxonomy.php on line 5
[16-Apr-2025 18:58:56 UTC] PHP Warning:  Trying to access array offset on value of type bool in /wordpress/wp-content/plugins/invelity-products-feeds/taxonomy/brand-taxonomy.php on line 5
[16-Apr-2025 18:58:56 UTC] PHP Warning:  Trying to access array offset on value of type bool in /wordpress/wp-content/plugins/invelity-products-feeds/taxonomy/google-taxonomy.php on line 3
[16-Apr-2025 18:58:56 UTC] PHP Warning:  Trying to access array offset on value of type bool in /wordpress/wp-content/plugins/invelity-products-feeds/taxonomy/heureka-taxonomy.php on line 5
[16-Apr-2025 18:58:59 UTC] PHP Warning:  Trying to access array offset on value of type bool in /wordpress/wp-content/plugins/invelity-products-feeds/taxonomy/brand-taxonomy.php on line 5
[16-Apr-2025 18:58:59 UTC] PHP Warning:  Trying to access array offset on value of type bool in /wordpress/wp-content/plugins/invelity-products-feeds/taxonomy/google-taxonomy.php on line 3
[16-Apr-2025 18:58:59 UTC] PHP Warning:  Trying to access array offset on value of type bool in /wordpress/wp-content/plugins/invelity-products-feeds/taxonomy/heureka-taxonomy.php on line 5
[16-Apr-2025 18:59:07 UTC] PHP Warning:  Trying to access array offset on value of type bool in /wordpress/wp-content/plugins/invelity-products-feeds/taxonomy/brand-taxonomy.php on line 5
[16-Apr-2025 18:59:07 UTC] PHP Warning:  Trying to access array offset on value of type bool in /wordpress/wp-content/plugins/invelity-products-feeds/taxonomy/google-taxonomy.php on line 3
[16-Apr-2025 18:59:07 UTC] PHP Warning:  Trying to access array offset on value of type bool in /wordpress/wp-content/plugins/invelity-products-feeds/taxonomy/heureka-taxonomy.php on line 5
[16-Apr-2025 18:59:10 UTC] PHP Warning:  Trying to access array offset on value of type bool in /wordpress/wp-content/plugins/invelity-products-feeds/taxonomy/brand-taxonomy.php on line 5
[16-Apr-2025 18:59:10 UTC] PHP Warning:  Trying to access array offset on value of type bool in /wordpress/wp-content/plugins/invelity-products-feeds/taxonomy/google-taxonomy.php on line 3
[16-Apr-2025 18:59:10 UTC] PHP Warning:  Trying to access array offset on value of type bool in /wordpress/wp-content/plugins/invelity-products-feeds/taxonomy/heureka-taxonomy.php on line 5
[16-Apr-2025 19:00:15 UTC] PHP Notice:  Function WP_Scripts::localize was called <strong>incorrectly</strong>. The <code>$l10n</code> parameter must be an array. To pass arbitrary data to scripts, use the <code>wp_add_inline_script()</code> function instead. Please see <a href="https://developer.wordpress.org/advanced-administration/debug/debug-wordpress/">Debugging in WordPress</a> for more information. (This message was added in version 5.7.0.) in /wordpress/wp-includes/functions.php on line 6121
[16-Apr-2025 19:00:24 UTC] PHP Notice:  Function WP_Scripts::localize was called <strong>incorrectly</strong>. The <code>$l10n</code> parameter must be an array. To pass arbitrary data to scripts, use the <code>wp_add_inline_script()</code> function instead. Please see <a href="https://developer.wordpress.org/advanced-administration/debug/debug-wordpress/">Debugging in WordPress</a> for more information. (This message was added in version 5.7.0.) in /wordpress/wp-includes/functions.php on line 6121
[16-Apr-2025 19:00:33 UTC] PHP Notice:  Function WP_Scripts::localize was called <strong>incorrectly</strong>. The <code>$l10n</code> parameter must be an array. To pass arbitrary data to scripts, use the <code>wp_add_inline_script()</code> function instead. Please see <a href="https://developer.wordpress.org/advanced-administration/debug/debug-wordpress/">Debugging in WordPress</a> for more information. (This message was added in version 5.7.0.) in /wordpress/wp-includes/functions.php on line 6121
[16-Apr-2025 19:00:44 UTC] PHP Fatal error:  Uncaught ArgumentCountError: Too few arguments to function WP_Widget::__construct(), 0 passed in /wordpress/wp-includes/class-wp-widget-factory.php on line 62 and at least 2 expected in /wordpress/wp-includes/class-wp-widget.php:163
Stack trace:
#0 /wordpress/wp-includes/class-wp-widget-factory.php(62): WP_Widget->__construct()
#1 /wordpress/wp-includes/widgets.php(123): WP_Widget_Factory->register('IGIT_Related_Po...')
#2 /wordpress/wp-content/plugins/igit-related-posts-widget/igit-related-posts-widget.php(39): register_widget('IGIT_Related_Po...')
#3 /wordpress/wp-includes/class-wp-hook.php(324): igit_rel_load_widgets('')
#4 /wordpress/wp-includes/class-wp-hook.php(348): WP_Hook->apply_filters(NULL, Array)
#5 /wordpress/wp-includes/plugin.php(517): WP_Hook->do_action(Array)
#6 /wordpress/wp-includes/widgets.php(1870): do_action('widgets_init')
#7 /wordpress/wp-includes/class-wp-hook.php(324): wp_widgets_init('')
#8 /wordpress/wp-includes/class-wp-hook.php(348): WP_Hook->apply_filters(NULL, Array)
#9 /wordpress/wp-includes/plugin.php(517): WP_Hook->do_action(Array)
#10 /wordpress/wp-settings.php(727): do_action('init')
#11 /wordpress/wp-config.php(102): require_once('/wordpress/wp-s...')
#12 /wordpress/wp-load.php(50): require_once('/wordpress/wp-c...')
#13 /internal/eval.php(3): require_once('/wordpress/wp-l...')
#14 {main}
  thrown in /wordpress/wp-includes/class-wp-widget.php on line 163
[16-Apr-2025 19:00:52 UTC] PHP Fatal error:  Uncaught ArgumentCountError: Too few arguments to function WP_Widget::__construct(), 0 passed in /wordpress/wp-includes/class-wp-widget-factory.php on line 62 and at least 2 expected in /wordpress/wp-includes/class-wp-widget.php:163
Stack trace:
#0 /wordpress/wp-includes/class-wp-widget-factory.php(62): WP_Widget->__construct()
#1 /wordpress/wp-includes/widgets.php(123): WP_Widget_Factory->register('IGIT_Related_Po...')
#2 /wordpress/wp-content/plugins/igit-related-posts-widget/igit-related-posts-widget.php(39): register_widget('IGIT_Related_Po...')
#3 /wordpress/wp-includes/class-wp-hook.php(324): igit_rel_load_widgets('')
#4 /wordpress/wp-includes/class-wp-hook.php(348): WP_Hook->apply_filters(NULL, Array)
#5 /wordpress/wp-includes/plugin.php(517): WP_Hook->do_action(Array)
#6 /wordpress/wp-includes/widgets.php(1870): do_action('widgets_init')
#7 /wordpress/wp-includes/class-wp-hook.php(324): wp_widgets_init('')
#8 /wordpress/wp-includes/class-wp-hook.php(348): WP_Hook->apply_filters(NULL, Array)
#9 /wordpress/wp-includes/plugin.php(517): WP_Hook->do_action(Array)
#10 /wordpress/wp-settings.php(727): do_action('init')
#11 /wordpress/wp-config.php(102): require_once('/wordpress/wp-s...')
#12 /wordpress/wp-load.php(50): require_once('/wordpress/wp-c...')
#13 /internal/eval.php(3): require_once('/wordpress/wp-l...')
#14 {main}
  thrown in /wordpress/wp-includes/class-wp-widget.php on line 163
[16-Apr-2025 19:01:01 UTC] PHP Fatal error:  Uncaught ArgumentCountError: Too few arguments to function WP_Widget::__construct(), 0 passed in /wordpress/wp-includes/class-wp-widget-factory.php on line 62 and at least 2 expected in /wordpress/wp-includes/class-wp-widget.php:163
Stack trace:
#0 /wordpress/wp-includes/class-wp-widget-factory.php(62): WP_Widget->__construct()
#1 /wordpress/wp-includes/widgets.php(123): WP_Widget_Factory->register('IGIT_Related_Po...')
#2 /wordpress/wp-content/plugins/igit-related-posts-widget/igit-related-posts-widget.php(39): register_widget('IGIT_Related_Po...')
#3 /wordpress/wp-includes/class-wp-hook.php(324): igit_rel_load_widgets('')
#4 /wordpress/wp-includes/class-wp-hook.php(348): WP_Hook->apply_filters(NULL, Array)
#5 /wordpress/wp-includes/plugin.php(517): WP_Hook->do_action(Array)
#6 /wordpress/wp-includes/widgets.php(1870): do_action('widgets_init')
#7 /wordpress/wp-includes/class-wp-hook.php(324): wp_widgets_init('')
#8 /wordpress/wp-includes/class-wp-hook.php(348): WP_Hook->apply_filters(NULL, Array)
#9 /wordpress/wp-includes/plugin.php(517): WP_Hook->do_action(Array)
#10 /wordpress/wp-settings.php(727): do_action('init')
#11 /wordpress/wp-config.php(102): require_once('/wordpress/wp-s...')
#12 /wordpress/wp-load.php(50): require_once('/wordpress/wp-c...')
#13 /internal/eval.php(3): require_once('/wordpress/wp-l...')
#14 {main}
  thrown in /wordpress/wp-includes/class-wp-widget.php on line 163
[16-Apr-2025 19:01:10 UTC] PHP Notice:  Function register_uninstall_hook was called <strong>incorrectly</strong>. Only a static class method or function can be used in an uninstall hook. Please see <a href="https://developer.wordpress.org/advanced-administration/debug/debug-wordpress/">Debugging in WordPress</a> for more information. (This message was added in version 3.1.0.) in /wordpress/wp-includes/functions.php on line 6121
[16-Apr-2025 19:01:10 UTC] PHP Warning:  require_once(/wordpress/wp-content/plugins/image-alt-editor/lib/activate-deactivate.php): failed to open stream: No such file or directory in /wordpress/wp-content/plugins/image-alt-editor/image-alt-editor.php on line 88
[16-Apr-2025 19:01:10 UTC] PHP Fatal error:  require_once(): Failed opening required '/wordpress/wp-content/plugins/image-alt-editor/lib/activate-deactivate.php' (include_path='.:') in /wordpress/wp-content/plugins/image-alt-editor/image-alt-editor.php on line 88
[16-Apr-2025 19:01:18 UTC] PHP Notice:  Function register_uninstall_hook was called <strong>incorrectly</strong>. Only a static class method or function can be used in an uninstall hook. Please see <a href="https://developer.wordpress.org/advanced-administration/debug/debug-wordpress/">Debugging in WordPress</a> for more information. (This message was added in version 3.1.0.) in /wordpress/wp-includes/functions.php on line 6121
[16-Apr-2025 19:01:18 UTC] PHP Warning:  require_once(/wordpress/wp-content/plugins/image-alt-editor/lib/activate-deactivate.php): failed to open stream: No such file or directory in /wordpress/wp-content/plugins/image-alt-editor/image-alt-editor.php on line 88
[16-Apr-2025 19:01:18 UTC] PHP Fatal error:  require_once(): Failed opening required '/wordpress/wp-content/plugins/image-alt-editor/lib/activate-deactivate.php' (include_path='.:') in /wordpress/wp-content/plugins/image-alt-editor/image-alt-editor.php on line 88
[16-Apr-2025 19:01:25 UTC] PHP Notice:  Function register_uninstall_hook was called <strong>incorrectly</strong>. Only a static class method or function can be used in an uninstall hook. Please see <a href="https://developer.wordpress.org/advanced-administration/debug/debug-wordpress/">Debugging in WordPress</a> for more information. (This message was added in version 3.1.0.) in /wordpress/wp-includes/functions.php on line 6121
[16-Apr-2025 19:01:25 UTC] PHP Warning:  require_once(/wordpress/wp-content/plugins/image-alt-editor/lib/activate-deactivate.php): failed to open stream: No such file or directory in /wordpress/wp-content/plugins/image-alt-editor/image-alt-editor.php on line 88
[16-Apr-2025 19:01:25 UTC] PHP Fatal error:  require_once(): Failed opening required '/wordpress/wp-content/plugins/image-alt-editor/lib/activate-deactivate.php' (include_path='.:') in /wordpress/wp-content/plugins/image-alt-editor/image-alt-editor.php on line 88
[16-Apr-2025 19:05:48 UTC] PHP Fatal error:  Unparenthesized `a ? b : c ? d : e` is not supported. Use either `(a ? b : c) ? d : e` or `a ? b : (c ? d : e)` in /wordpress/wp-content/plugins/irobotstxt-seo/irobotstxt-seo.php on line 339
[16-Apr-2025 19:05:57 UTC] PHP Fatal error:  Unparenthesized `a ? b : c ? d : e` is not supported. Use either `(a ? b : c) ? d : e` or `a ? b : (c ? d : e)` in /wordpress/wp-content/plugins/irobotstxt-seo/irobotstxt-seo.php on line 339
[16-Apr-2025 19:06:05 UTC] PHP Fatal error:  Unparenthesized `a ? b : c ? d : e` is not supported. Use either `(a ? b : c) ? d : e` or `a ? b : (c ? d : e)` in /wordpress/wp-content/plugins/irobotstxt-seo/irobotstxt-seo.php on line 339

    at Object.onBind (file:///home/runner/work/playground-tester/playground-tester/node_modules/@wp-playground/cli/index.js:237:15)
    at process.processTicksAndRejections (node:internal/process/task_queues:105:5)
    at async V (file:///home/runner/work/playground-tester/playground-tester/node_modules/@wp-playground/cli/index.js:64:10)
    at async ja (file:///home/runner/work/playground-tester/playground-tester/node_modules/@wp-playground/cli/cli.js:8161:12) {
  [cause]: Error: Error when executing the blueprint step #1 ({"step":"installPlugin","pluginData":{"resource":"wordpress.org/plugins","slug":"irobotstxt-seo"},"options":{"activate":true}}) : PHP.run() failed with exit code 255 and the following output: 
      at Object.run (file:///home/runner/work/playground-tester/playground-tester/node_modules/@wp-playground/blueprints/index.js:12449:19)
      at process.processTicksAndRejections (node:internal/process/task_queues:105:5)
      at async ms (file:///home/runner/work/playground-tester/playground-tester/node_modules/@wp-playground/blueprints/index.js:12552:3)
      ... 2 lines matching cause stack trace ...
      at async ja (file:///home/runner/work/playground-tester/playground-tester/node_modules/@wp-playground/cli/cli.js:8161:12) {
    [cause]: PHPExecutionFailureError: PHP.run() failed with exit code 255 and the following output: 
        at PHP.run (file:///home/runner/work/playground-tester/playground-tester/node_modules/@php-wasm/universal/index.js:987:19)
        at process.processTicksAndRejections (node:internal/process/task_queues:105:5)
        at async wr (file:///home/runner/work/playground-tester/playground-tester/node_modules/@wp-playground/blueprints/index.js:33:39)
        at async Object.gt [as installPlugin] (file:///home/runner/work/playground-tester/playground-tester/node_modules/@wp-playground/blueprints/index.js:974:42)
        at async g (file:///home/runner/work/playground-tester/playground-tester/node_modules/@wp-playground/blueprints/index.js:12517:30)
        at async Object.run (file:///home/runner/work/playground-tester/playground-tester/node_modules/@wp-playground/blueprints/index.js:12446:23)
        at async ms (file:///home/runner/work/playground-tester/playground-tester/node_modules/@wp-playground/blueprints/index.js:12552:3)
        at async Object.onBind (file:///home/runner/work/playground-tester/playground-tester/node_modules/@wp-playground/cli/index.js:227:48)
        at async V (file:///home/runner/work/playground-tester/playground-tester/node_modules/@wp-playground/cli/index.js:64:10)
        at async ja (file:///home/runner/work/playground-tester/playground-tester/node_modules/@wp-playground/cli/cli.js:8161:12) {
      response: PHPResponse {
        httpStatusCode: 500,
        headers: {
          'x-powered-by': [ 'PHP/8.0.30-dev' ],
          'content-type': [ 'text/html; charset=UTF-8' ]
        },
        bytes: Uint8Array(0) [],
        exitCode: 255,
        errors: ''
      },
      source: 'request'
    }
  }
}

Node.js v23.11.0
