file:///home/runner/work/playground-tester/playground-tester/node_modules/@wp-playground/cli/run-cli-j-geJYS3.js:325
        throw new Error($, { cause: h });
              ^

Error: [19-Jun-2025 05:29:45 UTC] PHP Notice:  Function wp_enqueue_style was called <strong>incorrectly</strong>. Scripts and styles should not be registered or enqueued until the <code>wp_enqueue_scripts</code>, <code>admin_enqueue_scripts</code>, or <code>login_enqueue_scripts</code> hooks. This notice was triggered by the <code>moohpay-front</code> handle. Please see <a href="https://developer.wordpress.org/advanced-administration/debug/debug-wordpress/">Debugging in WordPress</a> for more information. (This message was added in version 3.3.0.) in /wordpress/wp-includes/functions.php on line 6121
[19-Jun-2025 05:29:45 UTC] PHP Notice:  Function is_feed was called <strong>incorrectly</strong>. Conditional query tags do not work before the query is run. Before then, they always return false. Please see <a href="https://developer.wordpress.org/advanced-administration/debug/debug-wordpress/">Debugging in WordPress</a> for more information. (This message was added in version 3.1.0.) in /wordpress/wp-includes/functions.php on line 6121
[19-Jun-2025 05:29:54 UTC] PHP Notice:  Function wp_enqueue_style was called <strong>incorrectly</strong>. Scripts and styles should not be registered or enqueued until the <code>wp_enqueue_scripts</code>, <code>admin_enqueue_scripts</code>, or <code>login_enqueue_scripts</code> hooks. This notice was triggered by the <code>moohpay-front</code> handle. Please see <a href="https://developer.wordpress.org/advanced-administration/debug/debug-wordpress/">Debugging in WordPress</a> for more information. (This message was added in version 3.3.0.) in /wordpress/wp-includes/functions.php on line 6121
[19-Jun-2025 05:29:54 UTC] PHP Notice:  Function is_feed was called <strong>incorrectly</strong>. Conditional query tags do not work before the query is run. Before then, they always return false. Please see <a href="https://developer.wordpress.org/advanced-administration/debug/debug-wordpress/">Debugging in WordPress</a> for more information. (This message was added in version 3.1.0.) in /wordpress/wp-includes/functions.php on line 6121
[19-Jun-2025 05:30:03 UTC] PHP Notice:  Function wp_enqueue_style was called <strong>incorrectly</strong>. Scripts and styles should not be registered or enqueued until the <code>wp_enqueue_scripts</code>, <code>admin_enqueue_scripts</code>, or <code>login_enqueue_scripts</code> hooks. This notice was triggered by the <code>moohpay-front</code> handle. Please see <a href="https://developer.wordpress.org/advanced-administration/debug/debug-wordpress/">Debugging in WordPress</a> for more information. (This message was added in version 3.3.0.) in /wordpress/wp-includes/functions.php on line 6121
[19-Jun-2025 05:30:03 UTC] PHP Notice:  Function is_feed was called <strong>incorrectly</strong>. Conditional query tags do not work before the query is run. Before then, they always return false. Please see <a href="https://developer.wordpress.org/advanced-administration/debug/debug-wordpress/">Debugging in WordPress</a> for more information. (This message was added in version 3.1.0.) in /wordpress/wp-includes/functions.php on line 6121
[19-Jun-2025 05:30:13 UTC] PHP Fatal error:  Uncaught Error: Call to undefined function create_function() in /wordpress/wp-content/plugins/mopublication/includes/promo_widget.php:94
Stack trace:
#0 /wordpress/wp-content/plugins/mopublication/mopublication.php(35): include_once()
#1 /wordpress/wp-admin/includes/plugin.php(2387): include_once('/wordpress/wp-c...')
#2 /wordpress/wp-admin/includes/plugin.php(673): plugin_sandbox_scrape('mopublication/m...')
#3 /internal/eval.php(20): activate_plugin('mopublication/m...')
#4 {main}
  thrown in /wordpress/wp-content/plugins/mopublication/includes/promo_widget.php on line 94
[19-Jun-2025 05:30:21 UTC] PHP Fatal error:  Uncaught Error: Call to undefined function create_function() in /wordpress/wp-content/plugins/mopublication/includes/promo_widget.php:94
Stack trace:
#0 /wordpress/wp-content/plugins/mopublication/mopublication.php(35): include_once()
#1 /wordpress/wp-admin/includes/plugin.php(2387): include_once('/wordpress/wp-c...')
#2 /wordpress/wp-admin/includes/plugin.php(673): plugin_sandbox_scrape('mopublication/m...')
#3 /internal/eval.php(20): activate_plugin('mopublication/m...')
#4 {main}
  thrown in /wordpress/wp-content/plugins/mopublication/includes/promo_widget.php on line 94
[19-Jun-2025 05:30:30 UTC] PHP Fatal error:  Uncaught Error: Call to undefined function create_function() in /wordpress/wp-content/plugins/mopublication/includes/promo_widget.php:94
Stack trace:
#0 /wordpress/wp-content/plugins/mopublication/mopublication.php(35): include_once()
#1 /wordpress/wp-admin/includes/plugin.php(2387): include_once('/wordpress/wp-c...')
#2 /wordpress/wp-admin/includes/plugin.php(673): plugin_sandbox_scrape('mopublication/m...')
#3 /internal/eval.php(20): activate_plugin('mopublication/m...')
#4 {main}
  thrown in /wordpress/wp-content/plugins/mopublication/includes/promo_widget.php on line 94
[19-Jun-2025 05:31:36 UTC] PHP Fatal error:  Uncaught TypeError: define(): Argument #2 ($value) cannot be an object, CurlHandle given in /wordpress/wp-content/plugins/jr-news/jr_news.php:66
Stack trace:
#0 /wordpress/wp-content/plugins/jr-news/jr_news.php(66): define('ch', Object(CurlHandle))
#1 /wordpress/wp-admin/includes/plugin.php(2387): include_once('/wordpress/wp-c...')
#2 /wordpress/wp-admin/includes/plugin.php(673): plugin_sandbox_scrape('jr-news/jr_news...')
#3 /internal/eval.php(20): activate_plugin('jr-news/jr_news...')
#4 {main}
  thrown in /wordpress/wp-content/plugins/jr-news/jr_news.php on line 66
[19-Jun-2025 05:31:44 UTC] PHP Fatal error:  Uncaught TypeError: define(): Argument #2 ($value) cannot be an object, CurlHandle given in /wordpress/wp-content/plugins/jr-news/jr_news.php:66
Stack trace:
#0 /wordpress/wp-content/plugins/jr-news/jr_news.php(66): define('ch', Object(CurlHandle))
#1 /wordpress/wp-admin/includes/plugin.php(2387): include_once('/wordpress/wp-c...')
#2 /wordpress/wp-admin/includes/plugin.php(673): plugin_sandbox_scrape('jr-news/jr_news...')
#3 /internal/eval.php(20): activate_plugin('jr-news/jr_news...')
#4 {main}
  thrown in /wordpress/wp-content/plugins/jr-news/jr_news.php on line 66
[19-Jun-2025 05:31:52 UTC] PHP Fatal error:  Uncaught TypeError: define(): Argument #2 ($value) cannot be an object, CurlHandle given in /wordpress/wp-content/plugins/jr-news/jr_news.php:66
Stack trace:
#0 /wordpress/wp-content/plugins/jr-news/jr_news.php(66): define('ch', Object(CurlHandle))
#1 /wordpress/wp-admin/includes/plugin.php(2387): include_once('/wordpress/wp-c...')
#2 /wordpress/wp-admin/includes/plugin.php(673): plugin_sandbox_scrape('jr-news/jr_news...')
#3 /internal/eval.php(20): activate_plugin('jr-news/jr_news...')
#4 {main}
  thrown in /wordpress/wp-content/plugins/jr-news/jr_news.php on line 66
[19-Jun-2025 05:32:23 UTC] PHP Warning:  include_once(horshipsrectors-common.php): Failed to open stream: No such file or directory in /wordpress/wp-content/plugins/move-posts-from-uncategorized-category/move-posts-from-uncategorized.php on line 45
[19-Jun-2025 05:32:23 UTC] PHP Warning:  include_once(): Failed opening 'horshipsrectors-common.php' for inclusion (include_path='.:') in /wordpress/wp-content/plugins/move-posts-from-uncategorized-category/move-posts-from-uncategorized.php on line 45
[19-Jun-2025 05:32:23 UTC] PHP Fatal error:  Uncaught Error: Class "horshipsrectors_Common_WPMUC" not found in /wordpress/wp-content/plugins/move-posts-from-uncategorized-category/move-posts-from-uncategorized.php:59
Stack trace:
#0 /wordpress/wp-admin/includes/plugin.php(2387): include_once()
#1 /wordpress/wp-admin/includes/plugin.php(673): plugin_sandbox_scrape('move-posts-from...')
#2 /internal/eval.php(20): activate_plugin('move-posts-from...')
#3 {main}
  thrown in /wordpress/wp-content/plugins/move-posts-from-uncategorized-category/move-posts-from-uncategorized.php on line 59
[19-Jun-2025 05:32:32 UTC] PHP Warning:  include_once(horshipsrectors-common.php): Failed to open stream: No such file or directory in /wordpress/wp-content/plugins/move-posts-from-uncategorized-category/move-posts-from-uncategorized.php on line 45
[19-Jun-2025 05:32:32 UTC] PHP Warning:  include_once(): Failed opening 'horshipsrectors-common.php' for inclusion (include_path='.:') in /wordpress/wp-content/plugins/move-posts-from-uncategorized-category/move-posts-from-uncategorized.php on line 45
[19-Jun-2025 05:32:32 UTC] PHP Fatal error:  Uncaught Error: Class "horshipsrectors_Common_WPMUC" not found in /wordpress/wp-content/plugins/move-posts-from-uncategorized-category/move-posts-from-uncategorized.php:59
Stack trace:
#0 /wordpress/wp-admin/includes/plugin.php(2387): include_once()
#1 /wordpress/wp-admin/includes/plugin.php(673): plugin_sandbox_scrape('move-posts-from...')
#2 /internal/eval.php(20): activate_plugin('move-posts-from...')
#3 {main}
  thrown in /wordpress/wp-content/plugins/move-posts-from-uncategorized-category/move-posts-from-uncategorized.php on line 59
[19-Jun-2025 05:32:40 UTC] PHP Warning:  include_once(horshipsrectors-common.php): Failed to open stream: No such file or directory in /wordpress/wp-content/plugins/move-posts-from-uncategorized-category/move-posts-from-uncategorized.php on line 45
[19-Jun-2025 05:32:40 UTC] PHP Warning:  include_once(): Failed opening 'horshipsrectors-common.php' for inclusion (include_path='.:') in /wordpress/wp-content/plugins/move-posts-from-uncategorized-category/move-posts-from-uncategorized.php on line 45
[19-Jun-2025 05:32:40 UTC] PHP Fatal error:  Uncaught Error: Class "horshipsrectors_Common_WPMUC" not found in /wordpress/wp-content/plugins/move-posts-from-uncategorized-category/move-posts-from-uncategorized.php:59
Stack trace:
#0 /wordpress/wp-admin/includes/plugin.php(2387): include_once()
#1 /wordpress/wp-admin/includes/plugin.php(673): plugin_sandbox_scrape('move-posts-from...')
#2 /internal/eval.php(20): activate_plugin('move-posts-from...')
#3 {main}
  thrown in /wordpress/wp-content/plugins/move-posts-from-uncategorized-category/move-posts-from-uncategorized.php on line 59
[19-Jun-2025 05:33:46 UTC] PHP Fatal error:  Uncaught TypeError: define(): Argument #2 ($value) cannot be an object, CurlHandle given in /wordpress/wp-content/plugins/jr-ratings/jr-ratings.php:72
Stack trace:
#0 /wordpress/wp-content/plugins/jr-ratings/jr-ratings.php(72): define('ch', Object(CurlHandle))
#1 /wordpress/wp-admin/includes/plugin.php(2387): include_once('/wordpress/wp-c...')
#2 /wordpress/wp-admin/includes/plugin.php(673): plugin_sandbox_scrape('jr-ratings/jr-r...')
#3 /internal/eval.php(20): activate_plugin('jr-ratings/jr-r...')
#4 {main}
  thrown in /wordpress/wp-content/plugins/jr-ratings/jr-ratings.php on line 72
[19-Jun-2025 05:33:54 UTC] PHP Fatal error:  Uncaught TypeError: define(): Argument #2 ($value) cannot be an object, CurlHandle given in /wordpress/wp-content/plugins/jr-ratings/jr-ratings.php:72
Stack trace:
#0 /wordpress/wp-content/plugins/jr-ratings/jr-ratings.php(72): define('ch', Object(CurlHandle))
#1 /wordpress/wp-admin/includes/plugin.php(2387): include_once('/wordpress/wp-c...')
#2 /wordpress/wp-admin/includes/plugin.php(673): plugin_sandbox_scrape('jr-ratings/jr-r...')
#3 /internal/eval.php(20): activate_plugin('jr-ratings/jr-r...')
#4 {main}
  thrown in /wordpress/wp-content/plugins/jr-ratings/jr-ratings.php on line 72
[19-Jun-2025 05:34:02 UTC] PHP Fatal error:  Uncaught TypeError: define(): Argument #2 ($value) cannot be an object, CurlHandle given in /wordpress/wp-content/plugins/jr-ratings/jr-ratings.php:72
Stack trace:
#0 /wordpress/wp-content/plugins/jr-ratings/jr-ratings.php(72): define('ch', Object(CurlHandle))
#1 /wordpress/wp-admin/includes/plugin.php(2387): include_once('/wordpress/wp-c...')
#2 /wordpress/wp-admin/includes/plugin.php(673): plugin_sandbox_scrape('jr-ratings/jr-r...')
#3 /internal/eval.php(20): activate_plugin('jr-ratings/jr-r...')
#4 {main}
  thrown in /wordpress/wp-content/plugins/jr-ratings/jr-ratings.php on line 72
[19-Jun-2025 05:34:11 UTC] PHP Fatal error:  Uncaught TypeError: define(): Argument #2 ($value) cannot be an object, CurlHandle given in /wordpress/wp-content/plugins/jr-stats/jr-stats.php:66
Stack trace:
#0 /wordpress/wp-content/plugins/jr-stats/jr-stats.php(66): define('ch', Object(CurlHandle))
#1 /wordpress/wp-admin/includes/plugin.php(2387): include_once('/wordpress/wp-c...')
#2 /wordpress/wp-admin/includes/plugin.php(673): plugin_sandbox_scrape('jr-stats/jr-sta...')
#3 /internal/eval.php(20): activate_plugin('jr-stats/jr-sta...')
#4 {main}
  thrown in /wordpress/wp-content/plugins/jr-stats/jr-stats.php on line 66
[19-Jun-2025 05:34:20 UTC] PHP Fatal error:  Uncaught TypeError: define(): Argument #2 ($value) cannot be an object, CurlHandle given in /wordpress/wp-content/plugins/jr-stats/jr-stats.php:66
Stack trace:
#0 /wordpress/wp-content/plugins/jr-stats/jr-stats.php(66): define('ch', Object(CurlHandle))
#1 /wordpress/wp-admin/includes/plugin.php(2387): include_once('/wordpress/wp-c...')
#2 /wordpress/wp-admin/includes/plugin.php(673): plugin_sandbox_scrape('jr-stats/jr-sta...')
#3 /internal/eval.php(20): activate_plugin('jr-stats/jr-sta...')
#4 {main}
  thrown in /wordpress/wp-content/plugins/jr-stats/jr-stats.php on line 66
[19-Jun-2025 05:34:28 UTC] PHP Fatal error:  Uncaught TypeError: define(): Argument #2 ($value) cannot be an object, CurlHandle given in /wordpress/wp-content/plugins/jr-stats/jr-stats.php:66
Stack trace:
#0 /wordpress/wp-content/plugins/jr-stats/jr-stats.php(66): define('ch', Object(CurlHandle))
#1 /wordpress/wp-admin/includes/plugin.php(2387): include_once('/wordpress/wp-c...')
#2 /wordpress/wp-admin/includes/plugin.php(673): plugin_sandbox_scrape('jr-stats/jr-sta...')
#3 /internal/eval.php(20): activate_plugin('jr-stats/jr-sta...')
#4 {main}
  thrown in /wordpress/wp-content/plugins/jr-stats/jr-stats.php on line 66
[19-Jun-2025 05:34:37 UTC] PHP Fatal error:  Uncaught TypeError: define(): Argument #2 ($value) cannot be an object, CurlHandle given in /wordpress/wp-content/plugins/jr-weather/jr-weather.php:66
Stack trace:
#0 /wordpress/wp-content/plugins/jr-weather/jr-weather.php(66): define('ch', Object(CurlHandle))
#1 /wordpress/wp-admin/includes/plugin.php(2387): include_once('/wordpress/wp-c...')
#2 /wordpress/wp-admin/includes/plugin.php(673): plugin_sandbox_scrape('jr-weather/jr-w...')
#3 /internal/eval.php(20): activate_plugin('jr-weather/jr-w...')
#4 {main}
  thrown in /wordpress/wp-content/plugins/jr-weather/jr-weather.php on line 66
[19-Jun-2025 05:34:45 UTC] PHP Fatal error:  Uncaught TypeError: define(): Argument #2 ($value) cannot be an object, CurlHandle given in /wordpress/wp-content/plugins/jr-weather/jr-weather.php:66
Stack trace:
#0 /wordpress/wp-content/plugins/jr-weather/jr-weather.php(66): define('ch', Object(CurlHandle))
#1 /wordpress/wp-admin/includes/plugin.php(2387): include_once('/wordpress/wp-c...')
#2 /wordpress/wp-admin/includes/plugin.php(673): plugin_sandbox_scrape('jr-weather/jr-w...')
#3 /internal/eval.php(20): activate_plugin('jr-weather/jr-w...')
#4 {main}
  thrown in /wordpress/wp-content/plugins/jr-weather/jr-weather.php on line 66
[19-Jun-2025 05:34:53 UTC] PHP Fatal error:  Uncaught TypeError: define(): Argument #2 ($value) cannot be an object, CurlHandle given in /wordpress/wp-content/plugins/jr-weather/jr-weather.php:66
Stack trace:
#0 /wordpress/wp-content/plugins/jr-weather/jr-weather.php(66): define('ch', Object(CurlHandle))
#1 /wordpress/wp-admin/includes/plugin.php(2387): include_once('/wordpress/wp-c...')
#2 /wordpress/wp-admin/includes/plugin.php(673): plugin_sandbox_scrape('jr-weather/jr-w...')
#3 /internal/eval.php(20): activate_plugin('jr-weather/jr-w...')
#4 {main}
  thrown in /wordpress/wp-content/plugins/jr-weather/jr-weather.php on line 66
[19-Jun-2025 05:36:54 UTC] PHP Notice:  Undefined property: stdClass::$id in /wordpress/wp-content/plugins/js-support-ticket/modules/jssupportticket/model.php on line 1504
[19-Jun-2025 05:36:54 UTC] WordPress database error <div style="clear:both">&nbsp;</div>
<div class="queries" style="clear:both;margin-bottom:2px;border:red dotted thin;">
<p>MySQL query:</p>
<p>SELECT count(id) FROM `wp_js_ticket_users` WHERE wpuid = </p>
<p>Queries made or created this session were:</p>
<ol>
</ol>
</div>
<div style="clear:both;margin-bottom:2px;border:red dotted thin;" class="error_message" style="border-bottom:dotted blue thin;">
Failed to parse the MySQL query.
</div>
<p>Backtrace:</p>
<pre>#0 /internal/shared/sqlite-database-integration/wp-includes/sqlite-ast/class-wp-sqlite-driver.php(606): WP_SQLite_Driver->new_driver_exception('Failed to parse...')
#1 /internal/shared/sqlite-database-integration/wp-includes/sqlite/class-wp-sqlite-db.php(491): WP_SQLite_Driver->query('SELECT count(id...')
#2 /internal/shared/sqlite-database-integration/wp-includes/sqlite/class-wp-sqlite-db.php(432): WP_SQLite_DB->_do_query('SELECT count(id...')
#3 /wordpress/wp-includes/class-wpdb.php(3031): WP_SQLite_DB->query('SELECT count(id...')
#4 /wordpress/wp-content/plugins/js-support-ticket/modules/jssupportticket/model.php(1515): wpdb->get_var('SELECT count(id...')
#5 /wordpress/wp-content/plugins/js-support-ticket/includes/activation.php(14): JSSTjssupportticketModel->addMissingUsers(0)
#6 /wordpress/wp-content/plugins/js-support-ticket/js-support-ticket.php(176): JSSTactivation::jssupportticket_activate()
#7 /wordpress/wp-includes/class-wp-hook.php(324): jssupportticket->jssupportticket_activate(false)
#8 /wordpress/wp-includes/class-wp-hook.php(348): WP_Hook->apply_filters('', Array)
#9 /wordpress/wp-includes/plugin.php(517): WP_Hook->do_action(Array)
#10 /wordpress/wp-admin/includes/plugin.php(703): do_action('activate_js-sup...', false)
#11 /internal/eval.php(20): activate_plugin('js-support-tick...')
#12 {main}</pre>
 for query SELECT count(id) FROM `wp_js_ticket_users` WHERE wpuid =  made by activate_plugin, do_action('activate_js-support-ticket/js-support-ticket.php'), WP_Hook->do_action, WP_Hook->apply_filters, jssupportticket->jssupportticket_activate, JSSTactivation::jssupportticket_activate, JSSTjssupportticketModel->addMissingUsers, WP_SQLite_DB->query, WP_SQLite_DB->print_error
[19-Jun-2025 05:36:54 UTC] WordPress database error <div style="clear:both">&nbsp;</div>
<div class="queries" style="clear:both;margin-bottom:2px;border:red dotted thin;">
<p>MySQL query:</p>
<p>SELECT * FROM `wp_users` WHERE id = </p>
<p>Queries made or created this session were:</p>
<ol>
</ol>
</div>
<div style="clear:both;margin-bottom:2px;border:red dotted thin;" class="error_message" style="border-bottom:dotted blue thin;">
Failed to parse the MySQL query.
</div>
<p>Backtrace:</p>
<pre>#0 /internal/shared/sqlite-database-integration/wp-includes/sqlite-ast/class-wp-sqlite-driver.php(606): WP_SQLite_Driver->new_driver_exception('Failed to parse...')
#1 /internal/shared/sqlite-database-integration/wp-includes/sqlite/class-wp-sqlite-db.php(491): WP_SQLite_Driver->query('SELECT * FROM `...')
#2 /internal/shared/sqlite-database-integration/wp-includes/sqlite/class-wp-sqlite-db.php(432): WP_SQLite_DB->_do_query('SELECT * FROM `...')
#3 /wordpress/wp-includes/class-wpdb.php(3065): WP_SQLite_DB->query('SELECT * FROM `...')
#4 /wordpress/wp-content/plugins/js-support-ticket/modules/jssupportticket/model.php(1518): wpdb->get_row('SELECT * FROM `...')
#5 /wordpress/wp-content/plugins/js-support-ticket/includes/activation.php(14): JSSTjssupportticketModel->addMissingUsers(0)
#6 /wordpress/wp-content/plugins/js-support-ticket/js-support-ticket.php(176): JSSTactivation::jssupportticket_activate()
#7 /wordpress/wp-includes/class-wp-hook.php(324): jssupportticket->jssupportticket_activate(false)
#8 /wordpress/wp-includes/class-wp-hook.php(348): WP_Hook->apply_filters('', Array)
#9 /wordpress/wp-includes/plugin.php(517): WP_Hook->do_action(Array)
#10 /wordpress/wp-admin/includes/plugin.php(703): do_action('activate_js-sup...', false)
#11 /internal/eval.php(20): activate_plugin('js-support-tick...')
#12 {main}</pre>
 for query SELECT * FROM `wp_users` WHERE id =  made by activate_plugin, do_action('activate_js-support-ticket/js-support-ticket.php'), WP_Hook->do_action, WP_Hook->apply_filters, jssupportticket->jssupportticket_activate, JSSTactivation::jssupportticket_activate, JSSTjssupportticketModel->addMissingUsers, WP_SQLite_DB->query, WP_SQLite_DB->print_error
[19-Jun-2025 05:37:09 UTC] PHP Notice:  Undefined property: stdClass::$id in /wordpress/wp-content/plugins/js-support-ticket/modules/jssupportticket/model.php on line 1504
[19-Jun-2025 05:37:09 UTC] WordPress database error <div style="clear:both">&nbsp;</div>
<div class="queries" style="clear:both;margin-bottom:2px;border:red dotted thin;">
<p>MySQL query:</p>
<p>SELECT count(id) FROM `wp_js_ticket_users` WHERE wpuid = </p>
<p>Queries made or created this session were:</p>
<ol>
</ol>
</div>
<div style="clear:both;margin-bottom:2px;border:red dotted thin;" class="error_message" style="border-bottom:dotted blue thin;">
Failed to parse the MySQL query.
</div>
<p>Backtrace:</p>
<pre>#0 /internal/shared/sqlite-database-integration/wp-includes/sqlite-ast/class-wp-sqlite-driver.php(606): WP_SQLite_Driver->new_driver_exception('Failed to parse...')
#1 /internal/shared/sqlite-database-integration/wp-includes/sqlite/class-wp-sqlite-db.php(491): WP_SQLite_Driver->query('SELECT count(id...')
#2 /internal/shared/sqlite-database-integration/wp-includes/sqlite/class-wp-sqlite-db.php(432): WP_SQLite_DB->_do_query('SELECT count(id...')
#3 /wordpress/wp-includes/class-wpdb.php(3031): WP_SQLite_DB->query('SELECT count(id...')
#4 /wordpress/wp-content/plugins/js-support-ticket/modules/jssupportticket/model.php(1515): wpdb->get_var('SELECT count(id...')
#5 /wordpress/wp-content/plugins/js-support-ticket/includes/activation.php(14): JSSTjssupportticketModel->addMissingUsers(0)
#6 /wordpress/wp-content/plugins/js-support-ticket/js-support-ticket.php(176): JSSTactivation::jssupportticket_activate()
#7 /wordpress/wp-includes/class-wp-hook.php(324): jssupportticket->jssupportticket_activate(false)
#8 /wordpress/wp-includes/class-wp-hook.php(348): WP_Hook->apply_filters('', Array)
#9 /wordpress/wp-includes/plugin.php(517): WP_Hook->do_action(Array)
#10 /wordpress/wp-admin/includes/plugin.php(703): do_action('activate_js-sup...', false)
#11 /internal/eval.php(20): activate_plugin('js-support-tick...')
#12 {main}</pre>
 for query SELECT count(id) FROM `wp_js_ticket_users` WHERE wpuid =  made by activate_plugin, do_action('activate_js-support-ticket/js-support-ticket.php'), WP_Hook->do_action, WP_Hook->apply_filters, jssupportticket->jssupportticket_activate, JSSTactivation::jssupportticket_activate, JSSTjssupportticketModel->addMissingUsers, WP_SQLite_DB->query, WP_SQLite_DB->print_error
[19-Jun-2025 05:37:09 UTC] WordPress database error <div style="clear:both">&nbsp;</div>
<div class="queries" style="clear:both;margin-bottom:2px;border:red dotted thin;">
<p>MySQL query:</p>
<p>SELECT * FROM `wp_users` WHERE id = </p>
<p>Queries made or created this session were:</p>
<ol>
</ol>
</div>
<div style="clear:both;margin-bottom:2px;border:red dotted thin;" class="error_message" style="border-bottom:dotted blue thin;">
Failed to parse the MySQL query.
</div>
<p>Backtrace:</p>
<pre>#0 /internal/shared/sqlite-database-integration/wp-includes/sqlite-ast/class-wp-sqlite-driver.php(606): WP_SQLite_Driver->new_driver_exception('Failed to parse...')
#1 /internal/shared/sqlite-database-integration/wp-includes/sqlite/class-wp-sqlite-db.php(491): WP_SQLite_Driver->query('SELECT * FROM `...')
#2 /internal/shared/sqlite-database-integration/wp-includes/sqlite/class-wp-sqlite-db.php(432): WP_SQLite_DB->_do_query('SELECT * FROM `...')
#3 /wordpress/wp-includes/class-wpdb.php(3065): WP_SQLite_DB->query('SELECT * FROM `...')
#4 /wordpress/wp-content/plugins/js-support-ticket/modules/jssupportticket/model.php(1518): wpdb->get_row('SELECT * FROM `...')
#5 /wordpress/wp-content/plugins/js-support-ticket/includes/activation.php(14): JSSTjssupportticketModel->addMissingUsers(0)
#6 /wordpress/wp-content/plugins/js-support-ticket/js-support-ticket.php(176): JSSTactivation::jssupportticket_activate()
#7 /wordpress/wp-includes/class-wp-hook.php(324): jssupportticket->jssupportticket_activate(false)
#8 /wordpress/wp-includes/class-wp-hook.php(348): WP_Hook->apply_filters('', Array)
#9 /wordpress/wp-includes/plugin.php(517): WP_Hook->do_action(Array)
#10 /wordpress/wp-admin/includes/plugin.php(703): do_action('activate_js-sup...', false)
#11 /internal/eval.php(20): activate_plugin('js-support-tick...')
#12 {main}</pre>
 for query SELECT * FROM `wp_users` WHERE id =  made by activate_plugin, do_action('activate_js-support-ticket/js-support-ticket.php'), WP_Hook->do_action, WP_Hook->apply_filters, jssupportticket->jssupportticket_activate, JSSTactivation::jssupportticket_activate, JSSTjssupportticketModel->addMissingUsers, WP_SQLite_DB->query, WP_SQLite_DB->print_error
[19-Jun-2025 05:37:25 UTC] PHP Notice:  Undefined property: stdClass::$id in /wordpress/wp-content/plugins/js-support-ticket/modules/jssupportticket/model.php on line 1504
[19-Jun-2025 05:37:25 UTC] WordPress database error <div style="clear:both">&nbsp;</div>
<div class="queries" style="clear:both;margin-bottom:2px;border:red dotted thin;">
<p>MySQL query:</p>
<p>SELECT count(id) FROM `wp_js_ticket_users` WHERE wpuid = </p>
<p>Queries made or created this session were:</p>
<ol>
</ol>
</div>
<div style="clear:both;margin-bottom:2px;border:red dotted thin;" class="error_message" style="border-bottom:dotted blue thin;">
Failed to parse the MySQL query.
</div>
<p>Backtrace:</p>
<pre>#0 /internal/shared/sqlite-database-integration/wp-includes/sqlite-ast/class-wp-sqlite-driver.php(606): WP_SQLite_Driver->new_driver_exception('Failed to parse...')
#1 /internal/shared/sqlite-database-integration/wp-includes/sqlite/class-wp-sqlite-db.php(491): WP_SQLite_Driver->query('SELECT count(id...')
#2 /internal/shared/sqlite-database-integration/wp-includes/sqlite/class-wp-sqlite-db.php(432): WP_SQLite_DB->_do_query('SELECT count(id...')
#3 /wordpress/wp-includes/class-wpdb.php(3031): WP_SQLite_DB->query('SELECT count(id...')
#4 /wordpress/wp-content/plugins/js-support-ticket/modules/jssupportticket/model.php(1515): wpdb->get_var('SELECT count(id...')
#5 /wordpress/wp-content/plugins/js-support-ticket/includes/activation.php(14): JSSTjssupportticketModel->addMissingUsers(0)
#6 /wordpress/wp-content/plugins/js-support-ticket/js-support-ticket.php(176): JSSTactivation::jssupportticket_activate()
#7 /wordpress/wp-includes/class-wp-hook.php(324): jssupportticket->jssupportticket_activate(false)
#8 /wordpress/wp-includes/class-wp-hook.php(348): WP_Hook->apply_filters('', Array)
#9 /wordpress/wp-includes/plugin.php(517): WP_Hook->do_action(Array)
#10 /wordpress/wp-admin/includes/plugin.php(703): do_action('activate_js-sup...', false)
#11 /internal/eval.php(20): activate_plugin('js-support-tick...')
#12 {main}</pre>
 for query SELECT count(id) FROM `wp_js_ticket_users` WHERE wpuid =  made by activate_plugin, do_action('activate_js-support-ticket/js-support-ticket.php'), WP_Hook->do_action, WP_Hook->apply_filters, jssupportticket->jssupportticket_activate, JSSTactivation::jssupportticket_activate, JSSTjssupportticketModel->addMissingUsers, WP_SQLite_DB->query, WP_SQLite_DB->print_error
[19-Jun-2025 05:37:25 UTC] WordPress database error <div style="clear:both">&nbsp;</div>
<div class="queries" style="clear:both;margin-bottom:2px;border:red dotted thin;">
<p>MySQL query:</p>
<p>SELECT * FROM `wp_users` WHERE id = </p>
<p>Queries made or created this session were:</p>
<ol>
</ol>
</div>
<div style="clear:both;margin-bottom:2px;border:red dotted thin;" class="error_message" style="border-bottom:dotted blue thin;">
Failed to parse the MySQL query.
</div>
<p>Backtrace:</p>
<pre>#0 /internal/shared/sqlite-database-integration/wp-includes/sqlite-ast/class-wp-sqlite-driver.php(606): WP_SQLite_Driver->new_driver_exception('Failed to parse...')
#1 /internal/shared/sqlite-database-integration/wp-includes/sqlite/class-wp-sqlite-db.php(491): WP_SQLite_Driver->query('SELECT * FROM `...')
#2 /internal/shared/sqlite-database-integration/wp-includes/sqlite/class-wp-sqlite-db.php(432): WP_SQLite_DB->_do_query('SELECT * FROM `...')
#3 /wordpress/wp-includes/class-wpdb.php(3065): WP_SQLite_DB->query('SELECT * FROM `...')
#4 /wordpress/wp-content/plugins/js-support-ticket/modules/jssupportticket/model.php(1518): wpdb->get_row('SELECT * FROM `...')
#5 /wordpress/wp-content/plugins/js-support-ticket/includes/activation.php(14): JSSTjssupportticketModel->addMissingUsers(0)
#6 /wordpress/wp-content/plugins/js-support-ticket/js-support-ticket.php(176): JSSTactivation::jssupportticket_activate()
#7 /wordpress/wp-includes/class-wp-hook.php(324): jssupportticket->jssupportticket_activate(false)
#8 /wordpress/wp-includes/class-wp-hook.php(348): WP_Hook->apply_filters('', Array)
#9 /wordpress/wp-includes/plugin.php(517): WP_Hook->do_action(Array)
#10 /wordpress/wp-admin/includes/plugin.php(703): do_action('activate_js-sup...', false)
#11 /internal/eval.php(20): activate_plugin('js-support-tick...')
#12 {main}</pre>
 for query SELECT * FROM `wp_users` WHERE id =  made by activate_plugin, do_action('activate_js-support-ticket/js-support-ticket.php'), WP_Hook->do_action, WP_Hook->apply_filters, jssupportticket->jssupportticket_activate, JSSTactivation::jssupportticket_activate, JSSTjssupportticketModel->addMissingUsers, WP_SQLite_DB->query, WP_SQLite_DB->print_error

    at Object.onBind (file:///home/runner/work/playground-tester/playground-tester/node_modules/@wp-playground/cli/run-cli-j-geJYS3.js:325:15)
    at process.processTicksAndRejections (node:internal/process/task_queues:105:5)
    at async re (file:///home/runner/work/playground-tester/playground-tester/node_modules/@wp-playground/cli/run-cli-j-geJYS3.js:149:10) {
  [cause]: Error: Error when executing the blueprint step #5 ({"step":"installPlugin","pluginData":{"resource":"wordpress.org/plugins","slug":"jsm-show-comment-meta"},"options":{"activate":true}}) : Plugin /wordpress/wp-content/plugins/jsm-show-comment-meta could not be activated – WordPress exited with no error. Sometimes, when $_SERVER or site options are not configured correctly, WordPress exits early with a 301 redirect. Inspect the "debug" logs in the console for more details.
      at Object.run (file:///home/runner/work/playground-tester/playground-tester/node_modules/@wp-playground/blueprints/index.js:12093:19)
      at process.processTicksAndRejections (node:internal/process/task_queues:105:5)
      at async ys (file:///home/runner/work/playground-tester/playground-tester/node_modules/@wp-playground/blueprints/index.js:12196:3)
      at async Object.onBind (file:///home/runner/work/playground-tester/playground-tester/node_modules/@wp-playground/cli/run-cli-j-geJYS3.js:315:48)
      at async re (file:///home/runner/work/playground-tester/playground-tester/node_modules/@wp-playground/cli/run-cli-j-geJYS3.js:149:10) {
    [cause]: Error: Plugin /wordpress/wp-content/plugins/jsm-show-comment-meta could not be activated – WordPress exited with no error. Sometimes, when $_SERVER or site options are not configured correctly, WordPress exits early with a 301 redirect. Inspect the "debug" logs in the console for more details.
        at wr (file:///home/runner/work/playground-tester/playground-tester/node_modules/@wp-playground/blueprints/index.js:120:51)
        at process.processTicksAndRejections (node:internal/process/task_queues:105:5)
        at async Object.gt [as installPlugin] (file:///home/runner/work/playground-tester/playground-tester/node_modules/@wp-playground/blueprints/index.js:631:42)
        at async g (file:///home/runner/work/playground-tester/playground-tester/node_modules/@wp-playground/blueprints/index.js:12161:30)
        at async Object.run (file:///home/runner/work/playground-tester/playground-tester/node_modules/@wp-playground/blueprints/index.js:12090:23)
        at async ys (file:///home/runner/work/playground-tester/playground-tester/node_modules/@wp-playground/blueprints/index.js:12196:3)
        at async Object.onBind (file:///home/runner/work/playground-tester/playground-tester/node_modules/@wp-playground/cli/run-cli-j-geJYS3.js:315:48)
        at async re (file:///home/runner/work/playground-tester/playground-tester/node_modules/@wp-playground/cli/run-cli-j-geJYS3.js:149:10)
  }
}

Node.js v23.11.0
