file:///home/runner/work/playground-tester/playground-tester/node_modules/@wp-playground/cli/run-cli-j-geJYS3.js:325
        throw new Error($, { cause: h });
              ^

Error: [13-Jun-2025 22:50:24 UTC] PHP Fatal error:  Array and string offset access syntax with curly braces is no longer supported in /wordpress/wp-content/plugins/wp-matrix-gallery/matrix.php on line 700
[13-Jun-2025 22:50:34 UTC] PHP Fatal error:  Array and string offset access syntax with curly braces is no longer supported in /wordpress/wp-content/plugins/wp-matrix-gallery/matrix.php on line 700
[13-Jun-2025 22:50:43 UTC] PHP Fatal error:  Array and string offset access syntax with curly braces is no longer supported in /wordpress/wp-content/plugins/wp-matrix-gallery/matrix.php on line 700
[13-Jun-2025 22:50:53 UTC] PHP Deprecated:  Function get_currentuserinfo is <strong>deprecated</strong> since version 4.5.0! Use wp_get_current_user() instead. in /wordpress/wp-includes/functions.php on line 6121
[13-Jun-2025 22:50:53 UTC] PHP Warning:  Undefined array key "REMOTE_ADDR" in /wordpress/wp-content/plugins/wp-trader/includes/function-main.php on line 11
[13-Jun-2025 22:50:53 UTC] PHP Fatal error:  Uncaught Error: Call to undefined function mysql_query() in /wordpress/wp-content/plugins/wp-trader/wp_trader_install_functions.php:107
Stack trace:
#0 /wordpress/wp-content/plugins/wp-trader/wp_trader_install_functions.php(556): wp_trader_install_db_values()
#1 /wordpress/wp-content/plugins/wp-trader/wp_trader_install.php(31): require_once('/wordpress/wp-c...')
#2 /wordpress/wp-includes/class-wp-hook.php(324): wptrader_install(false)
#3 /wordpress/wp-includes/class-wp-hook.php(348): WP_Hook->apply_filters('', Array)
#4 /wordpress/wp-includes/plugin.php(517): WP_Hook->do_action(Array)
#5 /wordpress/wp-admin/includes/plugin.php(703): do_action('activate_wp-tra...', false)
#6 /internal/eval.php(20): activate_plugin('wp-trader/wp_tr...')
#7 {main}
  thrown in /wordpress/wp-content/plugins/wp-trader/wp_trader_install_functions.php on line 107
[13-Jun-2025 22:51:02 UTC] PHP Deprecated:  Function get_currentuserinfo is <strong>deprecated</strong> since version 4.5.0! Use wp_get_current_user() instead. in /wordpress/wp-includes/functions.php on line 6121
[13-Jun-2025 22:51:02 UTC] PHP Warning:  Undefined array key "REMOTE_ADDR" in /wordpress/wp-content/plugins/wp-trader/includes/function-main.php on line 11
[13-Jun-2025 22:51:02 UTC] PHP Fatal error:  Uncaught Error: Call to undefined function mysql_query() in /wordpress/wp-content/plugins/wp-trader/wp_trader_install_functions.php:107
Stack trace:
#0 /wordpress/wp-content/plugins/wp-trader/wp_trader_install_functions.php(556): wp_trader_install_db_values()
#1 /wordpress/wp-content/plugins/wp-trader/wp_trader_install.php(31): require_once('/wordpress/wp-c...')
#2 /wordpress/wp-includes/class-wp-hook.php(324): wptrader_install(false)
#3 /wordpress/wp-includes/class-wp-hook.php(348): WP_Hook->apply_filters('', Array)
#4 /wordpress/wp-includes/plugin.php(517): WP_Hook->do_action(Array)
#5 /wordpress/wp-admin/includes/plugin.php(703): do_action('activate_wp-tra...', false)
#6 /internal/eval.php(20): activate_plugin('wp-trader/wp_tr...')
#7 {main}
  thrown in /wordpress/wp-content/plugins/wp-trader/wp_trader_install_functions.php on line 107
[13-Jun-2025 22:51:12 UTC] PHP Deprecated:  Function get_currentuserinfo is <strong>deprecated</strong> since version 4.5.0! Use wp_get_current_user() instead. in /wordpress/wp-includes/functions.php on line 6121
[13-Jun-2025 22:51:12 UTC] PHP Warning:  Undefined array key "REMOTE_ADDR" in /wordpress/wp-content/plugins/wp-trader/includes/function-main.php on line 11
[13-Jun-2025 22:51:12 UTC] PHP Fatal error:  Uncaught Error: Call to undefined function mysql_query() in /wordpress/wp-content/plugins/wp-trader/wp_trader_install_functions.php:107
Stack trace:
#0 /wordpress/wp-content/plugins/wp-trader/wp_trader_install_functions.php(556): wp_trader_install_db_values()
#1 /wordpress/wp-content/plugins/wp-trader/wp_trader_install.php(31): require_once('/wordpress/wp-c...')
#2 /wordpress/wp-includes/class-wp-hook.php(324): wptrader_install(false)
#3 /wordpress/wp-includes/class-wp-hook.php(348): WP_Hook->apply_filters('', Array)
#4 /wordpress/wp-includes/plugin.php(517): WP_Hook->do_action(Array)
#5 /wordpress/wp-admin/includes/plugin.php(703): do_action('activate_wp-tra...', false)
#6 /internal/eval.php(20): activate_plugin('wp-trader/wp_tr...')
#7 {main}
  thrown in /wordpress/wp-content/plugins/wp-trader/wp_trader_install_functions.php on line 107
[13-Jun-2025 22:51:23 UTC] PHP Fatal error:  Uncaught TypeError: call_user_func_array(): Argument #1 ($callback) must be a valid callback, non-static method Wpxlstopdfw_Widget::widgets_init() cannot be called statically in /wordpress/wp-includes/class-wp-hook.php:324
Stack trace:
#0 /wordpress/wp-includes/class-wp-hook.php(348): WP_Hook->apply_filters(NULL, Array)
#1 /wordpress/wp-includes/plugin.php(517): WP_Hook->do_action(Array)
#2 /wordpress/wp-includes/widgets.php(1870): do_action('widgets_init')
#3 /wordpress/wp-includes/class-wp-hook.php(324): wp_widgets_init('')
#4 /wordpress/wp-includes/class-wp-hook.php(348): WP_Hook->apply_filters(NULL, Array)
#5 /wordpress/wp-includes/plugin.php(517): WP_Hook->do_action(Array)
#6 /wordpress/wp-settings.php(727): do_action('init')
#7 /wordpress/wp-config.php(102): require_once('/wordpress/wp-s...')
#8 /wordpress/wp-load.php(50): require_once('/wordpress/wp-c...')
#9 /internal/eval.php(3): require_once('/wordpress/wp-l...')
#10 {main}
  thrown in /wordpress/wp-includes/class-wp-hook.php on line 324
[13-Jun-2025 22:51:33 UTC] PHP Fatal error:  Uncaught TypeError: call_user_func_array(): Argument #1 ($callback) must be a valid callback, non-static method Wpxlstopdfw_Widget::widgets_init() cannot be called statically in /wordpress/wp-includes/class-wp-hook.php:324
Stack trace:
#0 /wordpress/wp-includes/class-wp-hook.php(348): WP_Hook->apply_filters(NULL, Array)
#1 /wordpress/wp-includes/plugin.php(517): WP_Hook->do_action(Array)
#2 /wordpress/wp-includes/widgets.php(1870): do_action('widgets_init')
#3 /wordpress/wp-includes/class-wp-hook.php(324): wp_widgets_init('')
#4 /wordpress/wp-includes/class-wp-hook.php(348): WP_Hook->apply_filters(NULL, Array)
#5 /wordpress/wp-includes/plugin.php(517): WP_Hook->do_action(Array)
#6 /wordpress/wp-settings.php(727): do_action('init')
#7 /wordpress/wp-config.php(102): require_once('/wordpress/wp-s...')
#8 /wordpress/wp-load.php(50): require_once('/wordpress/wp-c...')
#9 /internal/eval.php(3): require_once('/wordpress/wp-l...')
#10 {main}
  thrown in /wordpress/wp-includes/class-wp-hook.php on line 324
[13-Jun-2025 22:51:43 UTC] PHP Fatal error:  Uncaught TypeError: call_user_func_array(): Argument #1 ($callback) must be a valid callback, non-static method Wpxlstopdfw_Widget::widgets_init() cannot be called statically in /wordpress/wp-includes/class-wp-hook.php:324
Stack trace:
#0 /wordpress/wp-includes/class-wp-hook.php(348): WP_Hook->apply_filters(NULL, Array)
#1 /wordpress/wp-includes/plugin.php(517): WP_Hook->do_action(Array)
#2 /wordpress/wp-includes/widgets.php(1870): do_action('widgets_init')
#3 /wordpress/wp-includes/class-wp-hook.php(324): wp_widgets_init('')
#4 /wordpress/wp-includes/class-wp-hook.php(348): WP_Hook->apply_filters(NULL, Array)
#5 /wordpress/wp-includes/plugin.php(517): WP_Hook->do_action(Array)
#6 /wordpress/wp-settings.php(727): do_action('init')
#7 /wordpress/wp-config.php(102): require_once('/wordpress/wp-s...')
#8 /wordpress/wp-load.php(50): require_once('/wordpress/wp-c...')
#9 /internal/eval.php(3): require_once('/wordpress/wp-l...')
#10 {main}
  thrown in /wordpress/wp-includes/class-wp-hook.php on line 324
[13-Jun-2025 22:52:36 UTC] PHP Notice:  Function _load_textdomain_just_in_time was called <strong>incorrectly</strong>. Translation loading for the <code>woocommerce</code> domain was triggered too early. This is usually an indicator for some code in the plugin or theme running too early. Translations should be loaded at the <code>init</code> action or later. Please see <a href="https://developer.wordpress.org/advanced-administration/debug/debug-wordpress/">Debugging in WordPress</a> for more information. (This message was added in version 6.7.0.) in /wordpress/wp-includes/functions.php on line 6121
[13-Jun-2025 22:53:08 UTC] PHP Notice:  Function _load_textdomain_just_in_time was called <strong>incorrectly</strong>. Translation loading for the <code>woocommerce</code> domain was triggered too early. This is usually an indicator for some code in the plugin or theme running too early. Translations should be loaded at the <code>init</code> action or later. Please see <a href="https://developer.wordpress.org/advanced-administration/debug/debug-wordpress/">Debugging in WordPress</a> for more information. (This message was added in version 6.7.0.) in /wordpress/wp-includes/functions.php on line 6121
[13-Jun-2025 22:53:39 UTC] PHP Notice:  Function _load_textdomain_just_in_time was called <strong>incorrectly</strong>. Translation loading for the <code>woocommerce</code> domain was triggered too early. This is usually an indicator for some code in the plugin or theme running too early. Translations should be loaded at the <code>init</code> action or later. Please see <a href="https://developer.wordpress.org/advanced-administration/debug/debug-wordpress/">Debugging in WordPress</a> for more information. (This message was added in version 6.7.0.) in /wordpress/wp-includes/functions.php on line 6121
[13-Jun-2025 22:55:20 UTC] PHP Fatal error:  Uncaught Error: Undefined constant "HFWE_DIR" in /wordpress/wp-content/plugins/wp-before-after-slider/inc/class-wp-before-after-slider.php:855
Stack trace:
#0 /wordpress/wp-includes/class-wp-hook.php(324): WP_Before_After_Slider->load_textdomain('')
#1 /wordpress/wp-includes/class-wp-hook.php(348): WP_Hook->apply_filters(NULL, Array)
#2 /wordpress/wp-includes/plugin.php(517): WP_Hook->do_action(Array)
#3 /wordpress/wp-settings.php(578): do_action('plugins_loaded')
#4 /wordpress/wp-config.php(102): require_once('/wordpress/wp-s...')
#5 /wordpress/wp-load.php(50): require_once('/wordpress/wp-c...')
#6 /internal/eval.php(3): require_once('/wordpress/wp-l...')
#7 {main}
  thrown in /wordpress/wp-content/plugins/wp-before-after-slider/inc/class-wp-before-after-slider.php on line 855
[13-Jun-2025 22:55:29 UTC] PHP Fatal error:  Uncaught Error: Undefined constant "HFWE_DIR" in /wordpress/wp-content/plugins/wp-before-after-slider/inc/class-wp-before-after-slider.php:855
Stack trace:
#0 /wordpress/wp-includes/class-wp-hook.php(324): WP_Before_After_Slider->load_textdomain('')
#1 /wordpress/wp-includes/class-wp-hook.php(348): WP_Hook->apply_filters(NULL, Array)
#2 /wordpress/wp-includes/plugin.php(517): WP_Hook->do_action(Array)
#3 /wordpress/wp-settings.php(578): do_action('plugins_loaded')
#4 /wordpress/wp-config.php(102): require_once('/wordpress/wp-s...')
#5 /wordpress/wp-load.php(50): require_once('/wordpress/wp-c...')
#6 /internal/eval.php(3): require_once('/wordpress/wp-l...')
#7 {main}
  thrown in /wordpress/wp-content/plugins/wp-before-after-slider/inc/class-wp-before-after-slider.php on line 855
[13-Jun-2025 22:55:37 UTC] PHP Fatal error:  Uncaught Error: Undefined constant "HFWE_DIR" in /wordpress/wp-content/plugins/wp-before-after-slider/inc/class-wp-before-after-slider.php:855
Stack trace:
#0 /wordpress/wp-includes/class-wp-hook.php(324): WP_Before_After_Slider->load_textdomain('')
#1 /wordpress/wp-includes/class-wp-hook.php(348): WP_Hook->apply_filters(NULL, Array)
#2 /wordpress/wp-includes/plugin.php(517): WP_Hook->do_action(Array)
#3 /wordpress/wp-settings.php(578): do_action('plugins_loaded')
#4 /wordpress/wp-config.php(102): require_once('/wordpress/wp-s...')
#5 /wordpress/wp-load.php(50): require_once('/wordpress/wp-c...')
#6 /internal/eval.php(3): require_once('/wordpress/wp-l...')
#7 {main}
  thrown in /wordpress/wp-content/plugins/wp-before-after-slider/inc/class-wp-before-after-slider.php on line 855
[13-Jun-2025 22:55:46 UTC] PHP Notice:  Function wp_enqueue_script was called <strong>incorrectly</strong>. Scripts and styles should not be registered or enqueued until the <code>wp_enqueue_scripts</code>, <code>admin_enqueue_scripts</code>, or <code>login_enqueue_scripts</code> hooks. This notice was triggered by the <code>tp-custom-clock-plugin-js</code> handle. Please see <a href="https://developer.wordpress.org/advanced-administration/debug/debug-wordpress/">Debugging in WordPress</a> for more information. (This message was added in version 3.3.0.) in /wordpress/wp-includes/functions.php on line 6121
[13-Jun-2025 22:55:46 UTC] PHP Notice:  Function wp_enqueue_style was called <strong>incorrectly</strong>. Scripts and styles should not be registered or enqueued until the <code>wp_enqueue_scripts</code>, <code>admin_enqueue_scripts</code>, or <code>login_enqueue_scripts</code> hooks. This notice was triggered by the <code>tp-custom-clock-plugin-css</code> handle. Please see <a href="https://developer.wordpress.org/advanced-administration/debug/debug-wordpress/">Debugging in WordPress</a> for more information. (This message was added in version 3.3.0.) in /wordpress/wp-includes/functions.php on line 6121
[13-Jun-2025 22:55:46 UTC] PHP Notice:  Function is_feed was called <strong>incorrectly</strong>. Conditional query tags do not work before the query is run. Before then, they always return false. Please see <a href="https://developer.wordpress.org/advanced-administration/debug/debug-wordpress/">Debugging in WordPress</a> for more information. (This message was added in version 3.1.0.) in /wordpress/wp-includes/functions.php on line 6121
[13-Jun-2025 22:55:54 UTC] PHP Notice:  Function wp_enqueue_script was called <strong>incorrectly</strong>. Scripts and styles should not be registered or enqueued until the <code>wp_enqueue_scripts</code>, <code>admin_enqueue_scripts</code>, or <code>login_enqueue_scripts</code> hooks. This notice was triggered by the <code>tp-custom-clock-plugin-js</code> handle. Please see <a href="https://developer.wordpress.org/advanced-administration/debug/debug-wordpress/">Debugging in WordPress</a> for more information. (This message was added in version 3.3.0.) in /wordpress/wp-includes/functions.php on line 6121
[13-Jun-2025 22:55:54 UTC] PHP Notice:  Function wp_enqueue_style was called <strong>incorrectly</strong>. Scripts and styles should not be registered or enqueued until the <code>wp_enqueue_scripts</code>, <code>admin_enqueue_scripts</code>, or <code>login_enqueue_scripts</code> hooks. This notice was triggered by the <code>tp-custom-clock-plugin-css</code> handle. Please see <a href="https://developer.wordpress.org/advanced-administration/debug/debug-wordpress/">Debugging in WordPress</a> for more information. (This message was added in version 3.3.0.) in /wordpress/wp-includes/functions.php on line 6121
[13-Jun-2025 22:55:54 UTC] PHP Notice:  Function is_feed was called <strong>incorrectly</strong>. Conditional query tags do not work before the query is run. Before then, they always return false. Please see <a href="https://developer.wordpress.org/advanced-administration/debug/debug-wordpress/">Debugging in WordPress</a> for more information. (This message was added in version 3.1.0.) in /wordpress/wp-includes/functions.php on line 6121
[13-Jun-2025 22:56:03 UTC] PHP Notice:  Function wp_enqueue_script was called <strong>incorrectly</strong>. Scripts and styles should not be registered or enqueued until the <code>wp_enqueue_scripts</code>, <code>admin_enqueue_scripts</code>, or <code>login_enqueue_scripts</code> hooks. This notice was triggered by the <code>tp-custom-clock-plugin-js</code> handle. Please see <a href="https://developer.wordpress.org/advanced-administration/debug/debug-wordpress/">Debugging in WordPress</a> for more information. (This message was added in version 3.3.0.) in /wordpress/wp-includes/functions.php on line 6121
[13-Jun-2025 22:56:03 UTC] PHP Notice:  Function wp_enqueue_style was called <strong>incorrectly</strong>. Scripts and styles should not be registered or enqueued until the <code>wp_enqueue_scripts</code>, <code>admin_enqueue_scripts</code>, or <code>login_enqueue_scripts</code> hooks. This notice was triggered by the <code>tp-custom-clock-plugin-css</code> handle. Please see <a href="https://developer.wordpress.org/advanced-administration/debug/debug-wordpress/">Debugging in WordPress</a> for more information. (This message was added in version 3.3.0.) in /wordpress/wp-includes/functions.php on line 6121
[13-Jun-2025 22:56:03 UTC] PHP Notice:  Function is_feed was called <strong>incorrectly</strong>. Conditional query tags do not work before the query is run. Before then, they always return false. Please see <a href="https://developer.wordpress.org/advanced-administration/debug/debug-wordpress/">Debugging in WordPress</a> for more information. (This message was added in version 3.1.0.) in /wordpress/wp-includes/functions.php on line 6121
[13-Jun-2025 22:56:11 UTC] PHP Notice:  date_default_timezone_set(): Timezone ID '' is invalid in /wordpress/wp-content/plugins/wp-countdown-to/wp_countdown_to.php on line 12
[13-Jun-2025 22:56:12 UTC] PHP Notice:  date_default_timezone_set(): Timezone ID '' is invalid in /wordpress/wp-content/plugins/wp-countdown-to/wp_countdown_to.php on line 12
[13-Jun-2025 22:56:19 UTC] PHP Notice:  date_default_timezone_set(): Timezone ID '' is invalid in /wordpress/wp-content/plugins/wp-countdown-to/wp_countdown_to.php on line 12
[13-Jun-2025 22:56:20 UTC] PHP Notice:  date_default_timezone_set(): Timezone ID '' is invalid in /wordpress/wp-content/plugins/wp-countdown-to/wp_countdown_to.php on line 12
[13-Jun-2025 22:56:27 UTC] PHP Notice:  date_default_timezone_set(): Timezone ID '' is invalid in /wordpress/wp-content/plugins/wp-countdown-to/wp_countdown_to.php on line 12
[13-Jun-2025 22:56:28 UTC] PHP Notice:  date_default_timezone_set(): Timezone ID '' is invalid in /wordpress/wp-content/plugins/wp-countdown-to/wp_countdown_to.php on line 12
[13-Jun-2025 22:56:35 UTC] PHP Deprecated:  Function is_plugin_page is <strong>deprecated</strong> since version 3.1.0 with no alternative available. in /wordpress/wp-includes/functions.php on line 6121
[13-Jun-2025 22:56:36 UTC] PHP Deprecated:  Function is_plugin_page is <strong>deprecated</strong> since version 3.1.0 with no alternative available. in /wordpress/wp-includes/functions.php on line 6121
[13-Jun-2025 22:56:43 UTC] PHP Deprecated:  Function is_plugin_page is <strong>deprecated</strong> since version 3.1.0 with no alternative available. in /wordpress/wp-includes/functions.php on line 6121
[13-Jun-2025 22:56:45 UTC] PHP Deprecated:  Function is_plugin_page is <strong>deprecated</strong> since version 3.1.0 with no alternative available. in /wordpress/wp-includes/functions.php on line 6121
[13-Jun-2025 22:56:52 UTC] PHP Deprecated:  Function is_plugin_page is <strong>deprecated</strong> since version 3.1.0 with no alternative available. in /wordpress/wp-includes/functions.php on line 6121
[13-Jun-2025 22:56:53 UTC] PHP Deprecated:  Function is_plugin_page is <strong>deprecated</strong> since version 3.1.0 with no alternative available. in /wordpress/wp-includes/functions.php on line 6121
[13-Jun-2025 22:57:03 UTC] PHP Notice:  Function _load_textdomain_just_in_time was called <strong>incorrectly</strong>. Translation loading for the <code>wp-ie-buster</code> domain was triggered too early. This is usually an indicator for some code in the plugin or theme running too early. Translations should be loaded at the <code>init</code> action or later. Please see <a href="https://developer.wordpress.org/advanced-administration/debug/debug-wordpress/">Debugging in WordPress</a> for more information. (This message was added in version 6.7.0.) in /wordpress/wp-includes/functions.php on line 6121
[13-Jun-2025 22:57:12 UTC] PHP Notice:  Function _load_textdomain_just_in_time was called <strong>incorrectly</strong>. Translation loading for the <code>wp-ie-buster</code> domain was triggered too early. This is usually an indicator for some code in the plugin or theme running too early. Translations should be loaded at the <code>init</code> action or later. Please see <a href="https://developer.wordpress.org/advanced-administration/debug/debug-wordpress/">Debugging in WordPress</a> for more information. (This message was added in version 6.7.0.) in /wordpress/wp-includes/functions.php on line 6121
[13-Jun-2025 22:57:21 UTC] PHP Notice:  Function _load_textdomain_just_in_time was called <strong>incorrectly</strong>. Translation loading for the <code>wp-ie-buster</code> domain was triggered too early. This is usually an indicator for some code in the plugin or theme running too early. Translations should be loaded at the <code>init</code> action or later. Please see <a href="https://developer.wordpress.org/advanced-administration/debug/debug-wordpress/">Debugging in WordPress</a> for more information. (This message was added in version 6.7.0.) in /wordpress/wp-includes/functions.php on line 6121
[13-Jun-2025 22:58:18 UTC] PHP Parse error:  syntax error, unexpected token "new" in /wordpress/wp-content/plugins/woopaymu-woocommerce-ipaymu-gateway/index.php on line 148
[13-Jun-2025 22:58:25 UTC] PHP Parse error:  syntax error, unexpected token "new" in /wordpress/wp-content/plugins/woopaymu-woocommerce-ipaymu-gateway/index.php on line 148
[13-Jun-2025 22:58:32 UTC] PHP Parse error:  syntax error, unexpected token "new" in /wordpress/wp-content/plugins/woopaymu-woocommerce-ipaymu-gateway/index.php on line 148
[13-Jun-2025 22:59:03 UTC] PHP Deprecated:  Required parameter $instance follows optional parameter $args in /wordpress/wp-content/plugins/wp-e-commerce-popular-products/wp-e-commerce-popular-products.php on line 179
[13-Jun-2025 22:59:04 UTC] PHP Deprecated:  Required parameter $instance follows optional parameter $args in /wordpress/wp-content/plugins/wp-e-commerce-popular-products/wp-e-commerce-popular-products.php on line 179
[13-Jun-2025 22:59:04 UTC] PHP Fatal error:  Uncaught ArgumentCountError: Too few arguments to function WP_Widget::__construct(), 0 passed in /wordpress/wp-includes/class-wp-widget-factory.php on line 62 and at least 2 expected in /wordpress/wp-includes/class-wp-widget.php:163
Stack trace:
#0 /wordpress/wp-includes/class-wp-widget-factory.php(62): WP_Widget->__construct()
#1 /wordpress/wp-includes/widgets.php(123): WP_Widget_Factory->register('WP_Widget_Popul...')
#2 /wordpress/wp-content/plugins/wp-e-commerce-popular-products/wp-e-commerce-popular-products.php(128): register_widget('WP_Widget_Popul...')
#3 /wordpress/wp-includes/class-wp-hook.php(324): _wpsc_action_register_popular_widget('')
#4 /wordpress/wp-includes/class-wp-hook.php(348): WP_Hook->apply_filters(NULL, Array)
#5 /wordpress/wp-includes/plugin.php(517): WP_Hook->do_action(Array)
#6 /wordpress/wp-includes/widgets.php(1870): do_action('widgets_init')
#7 /wordpress/wp-includes/class-wp-hook.php(324): wp_widgets_init('')
#8 /wordpress/wp-includes/class-wp-hook.php(348): WP_Hook->apply_filters(NULL, Array)
#9 /wordpress/wp-includes/plugin.php(517): WP_Hook->do_action(Array)
#10 /wordpress/wp-settings.php(727): do_action('init')
#11 /wordpress/wp-config.php(102): require_once('/wordpress/wp-s...')
#12 /wordpress/wp-load.php(50): require_once('/wordpress/wp-c...')
#13 /internal/eval.php(3): require_once('/wordpress/wp-l...')
#14 {main}
  thrown in /wordpress/wp-includes/class-wp-widget.php on line 163
[13-Jun-2025 22:59:11 UTC] PHP Deprecated:  Required parameter $instance follows optional parameter $args in /wordpress/wp-content/plugins/wp-e-commerce-popular-products/wp-e-commerce-popular-products.php on line 179
[13-Jun-2025 22:59:12 UTC] PHP Deprecated:  Required parameter $instance follows optional parameter $args in /wordpress/wp-content/plugins/wp-e-commerce-popular-products/wp-e-commerce-popular-products.php on line 179
[13-Jun-2025 22:59:12 UTC] PHP Fatal error:  Uncaught ArgumentCountError: Too few arguments to function WP_Widget::__construct(), 0 passed in /wordpress/wp-includes/class-wp-widget-factory.php on line 62 and at least 2 expected in /wordpress/wp-includes/class-wp-widget.php:163
Stack trace:
#0 /wordpress/wp-includes/class-wp-widget-factory.php(62): WP_Widget->__construct()
#1 /wordpress/wp-includes/widgets.php(123): WP_Widget_Factory->register('WP_Widget_Popul...')
#2 /wordpress/wp-content/plugins/wp-e-commerce-popular-products/wp-e-commerce-popular-products.php(128): register_widget('WP_Widget_Popul...')
#3 /wordpress/wp-includes/class-wp-hook.php(324): _wpsc_action_register_popular_widget('')
#4 /wordpress/wp-includes/class-wp-hook.php(348): WP_Hook->apply_filters(NULL, Array)
#5 /wordpress/wp-includes/plugin.php(517): WP_Hook->do_action(Array)
#6 /wordpress/wp-includes/widgets.php(1870): do_action('widgets_init')
#7 /wordpress/wp-includes/class-wp-hook.php(324): wp_widgets_init('')
#8 /wordpress/wp-includes/class-wp-hook.php(348): WP_Hook->apply_filters(NULL, Array)
#9 /wordpress/wp-includes/plugin.php(517): WP_Hook->do_action(Array)
#10 /wordpress/wp-settings.php(727): do_action('init')
#11 /wordpress/wp-config.php(102): require_once('/wordpress/wp-s...')
#12 /wordpress/wp-load.php(50): require_once('/wordpress/wp-c...')
#13 /internal/eval.php(3): require_once('/wordpress/wp-l...')
#14 {main}
  thrown in /wordpress/wp-includes/class-wp-widget.php on line 163
[13-Jun-2025 22:59:19 UTC] PHP Deprecated:  Required parameter $instance follows optional parameter $args in /wordpress/wp-content/plugins/wp-e-commerce-popular-products/wp-e-commerce-popular-products.php on line 179
[13-Jun-2025 22:59:20 UTC] PHP Deprecated:  Required parameter $instance follows optional parameter $args in /wordpress/wp-content/plugins/wp-e-commerce-popular-products/wp-e-commerce-popular-products.php on line 179
[13-Jun-2025 22:59:20 UTC] PHP Fatal error:  Uncaught ArgumentCountError: Too few arguments to function WP_Widget::__construct(), 0 passed in /wordpress/wp-includes/class-wp-widget-factory.php on line 62 and at least 2 expected in /wordpress/wp-includes/class-wp-widget.php:163
Stack trace:
#0 /wordpress/wp-includes/class-wp-widget-factory.php(62): WP_Widget->__construct()
#1 /wordpress/wp-includes/widgets.php(123): WP_Widget_Factory->register('WP_Widget_Popul...')
#2 /wordpress/wp-content/plugins/wp-e-commerce-popular-products/wp-e-commerce-popular-products.php(128): register_widget('WP_Widget_Popul...')
#3 /wordpress/wp-includes/class-wp-hook.php(324): _wpsc_action_register_popular_widget('')
#4 /wordpress/wp-includes/class-wp-hook.php(348): WP_Hook->apply_filters(NULL, Array)
#5 /wordpress/wp-includes/plugin.php(517): WP_Hook->do_action(Array)
#6 /wordpress/wp-includes/widgets.php(1870): do_action('widgets_init')
#7 /wordpress/wp-includes/class-wp-hook.php(324): wp_widgets_init('')
#8 /wordpress/wp-includes/class-wp-hook.php(348): WP_Hook->apply_filters(NULL, Array)
#9 /wordpress/wp-includes/plugin.php(517): WP_Hook->do_action(Array)
#10 /wordpress/wp-settings.php(727): do_action('init')
#11 /wordpress/wp-config.php(102): require_once('/wordpress/wp-s...')
#12 /wordpress/wp-load.php(50): require_once('/wordpress/wp-c...')
#13 /internal/eval.php(3): require_once('/wordpress/wp-l...')
#14 {main}
  thrown in /wordpress/wp-includes/class-wp-widget.php on line 163
[13-Jun-2025 23:01:16 UTC] PHP Warning:  Undefined array key "DOCUMENT_ROOT" in /wordpress/wp-content/plugins/wp-original-source/multiple-source.php on line 12
[13-Jun-2025 23:01:17 UTC] PHP Warning:  Undefined array key "DOCUMENT_ROOT" in /wordpress/wp-content/plugins/wp-original-source/multiple-source.php on line 12
[13-Jun-2025 23:01:24 UTC] PHP Warning:  Undefined array key "DOCUMENT_ROOT" in /wordpress/wp-content/plugins/wp-original-source/multiple-source.php on line 12
[13-Jun-2025 23:01:25 UTC] PHP Warning:  Undefined array key "DOCUMENT_ROOT" in /wordpress/wp-content/plugins/wp-original-source/multiple-source.php on line 12
[13-Jun-2025 23:01:33 UTC] PHP Warning:  Undefined array key "DOCUMENT_ROOT" in /wordpress/wp-content/plugins/wp-original-source/multiple-source.php on line 12
[13-Jun-2025 23:01:34 UTC] PHP Warning:  Undefined array key "DOCUMENT_ROOT" in /wordpress/wp-content/plugins/wp-original-source/multiple-source.php on line 12

    at Object.onBind (file:///home/runner/work/playground-tester/playground-tester/node_modules/@wp-playground/cli/run-cli-j-geJYS3.js:325:15)
    at process.processTicksAndRejections (node:internal/process/task_queues:105:5)
    at async re (file:///home/runner/work/playground-tester/playground-tester/node_modules/@wp-playground/cli/run-cli-j-geJYS3.js:149:10) {
  [cause]: Error: Error when executing the blueprint step #5 ({"step":"installPlugin","pluginData":{"resource":"wordpress.org/plugins","slug":"wptweetthis"},"options":{"activate":true}}) : Could not download "https://downloads.wordpress.org/plugin/wptweetthis.latest-stable.zip".
  				Check if the URL is correct and the server is reachable.
  				If it is reachable, the server might be blocking the request.
  				Check the browser console and network tabs for more information.
  
  				## Does the console show the error "No 'Access-Control-Allow-Origin' header"?
  
  				This means the server that hosts your file does not allow requests from other sites
  				(cross-origin requests, or CORS).	You need to move the asset to a server that allows
  				cross-origin file downloads. Learn more about CORS at
  				https://developer.mozilla.org/en-US/docs/Web/HTTP/CORS.
  
  				If your file is on GitHub, load it from "raw.githubusercontent.com".
  				Here's how to do that:
  
  				1. Start with the original GitHub URL of the file. For example:
  				https://github.com/username/repository/blob/branch/filename.
  				2. Replace "github.com" with "raw.githubusercontent.com".
  				3. Remove the "/blob/" part of the URL.
  
  				The resulting URL should look like this:
  				https://raw.githubusercontent.com/username/repository/branch/filename
  
  				Error:
  				Error: Could not download "https://downloads.wordpress.org/plugin/wptweetthis.latest-stable.zip"
      at Object.run (file:///home/runner/work/playground-tester/playground-tester/node_modules/@wp-playground/blueprints/index.js:12093:19)
      at process.processTicksAndRejections (node:internal/process/task_queues:105:5)
      at async ys (file:///home/runner/work/playground-tester/playground-tester/node_modules/@wp-playground/blueprints/index.js:12196:3)
      at async Object.onBind (file:///home/runner/work/playground-tester/playground-tester/node_modules/@wp-playground/cli/run-cli-j-geJYS3.js:315:48)
      at async re (file:///home/runner/work/playground-tester/playground-tester/node_modules/@wp-playground/cli/run-cli-j-geJYS3.js:149:10) {
    [cause]: Error: Could not download "https://downloads.wordpress.org/plugin/wptweetthis.latest-stable.zip".
    				Check if the URL is correct and the server is reachable.
    				If it is reachable, the server might be blocking the request.
    				Check the browser console and network tabs for more information.
    
    				## Does the console show the error "No 'Access-Control-Allow-Origin' header"?
    
    				This means the server that hosts your file does not allow requests from other sites
    				(cross-origin requests, or CORS).	You need to move the asset to a server that allows
    				cross-origin file downloads. Learn more about CORS at
    				https://developer.mozilla.org/en-US/docs/Web/HTTP/CORS.
    
    				If your file is on GitHub, load it from "raw.githubusercontent.com".
    				Here's how to do that:
    
    				1. Start with the original GitHub URL of the file. For example:
    				https://github.com/username/repository/blob/branch/filename.
    				2. Replace "github.com" with "raw.githubusercontent.com".
    				3. Remove the "/blob/" part of the URL.
    
    				The resulting URL should look like this:
    				https://raw.githubusercontent.com/username/repository/branch/filename
    
    				Error:
    				Error: Could not download "https://downloads.wordpress.org/plugin/wptweetthis.latest-stable.zip"
        at Ct.resolve (file:///home/runner/work/playground-tester/playground-tester/node_modules/@wp-playground/blueprints/index.js:1129:13)
        at process.processTicksAndRejections (node:internal/process/task_queues:105:5)
        at async _.run (file:///home/runner/work/playground-tester/playground-tester/node_modules/@php-wasm/util/index.js:45:14)
  }
}

Node.js v23.11.0
