file:///home/runner/work/playground-tester/playground-tester/node_modules/@wp-playground/cli/index.js:237
        throw new Error(y, { cause: u });
              ^

Error: [01-May-2025 02:01:00 UTC] PHP Fatal error:  Uncaught Error: Call to undefined function create_function() in /wordpress/wp-content/plugins/most-popular-posts/most-popular.php:13
Stack trace:
#0 /wordpress/wp-admin/includes/plugin.php(2387): include_once()
#1 /wordpress/wp-admin/includes/plugin.php(673): plugin_sandbox_scrape('most-popular-po...')
#2 /internal/eval.php(20): activate_plugin('most-popular-po...')
#3 {main}
  thrown in /wordpress/wp-content/plugins/most-popular-posts/most-popular.php on line 13
[01-May-2025 02:01:07 UTC] PHP Fatal error:  Uncaught Error: Call to undefined function create_function() in /wordpress/wp-content/plugins/most-popular-posts/most-popular.php:13
Stack trace:
#0 /wordpress/wp-admin/includes/plugin.php(2387): include_once()
#1 /wordpress/wp-admin/includes/plugin.php(673): plugin_sandbox_scrape('most-popular-po...')
#2 /internal/eval.php(20): activate_plugin('most-popular-po...')
#3 {main}
  thrown in /wordpress/wp-content/plugins/most-popular-posts/most-popular.php on line 13
[01-May-2025 02:01:16 UTC] PHP Fatal error:  Uncaught Error: Call to undefined function create_function() in /wordpress/wp-content/plugins/most-popular-posts/most-popular.php:13
Stack trace:
#0 /wordpress/wp-admin/includes/plugin.php(2387): include_once()
#1 /wordpress/wp-admin/includes/plugin.php(673): plugin_sandbox_scrape('most-popular-po...')
#2 /internal/eval.php(20): activate_plugin('most-popular-po...')
#3 {main}
  thrown in /wordpress/wp-content/plugins/most-popular-posts/most-popular.php on line 13
[01-May-2025 02:01:45 UTC] PHP Warning:  Undefined array key "id" in /internal/shared/sqlite-database-integration/wp-includes/sqlite-ast/class-wp-sqlite-information-schema-builder.php on line 941
[01-May-2025 02:01:45 UTC] PHP Warning:  Trying to access array offset on value of type null in /internal/shared/sqlite-database-integration/wp-includes/sqlite-ast/class-wp-sqlite-information-schema-builder.php on line 941
[01-May-2025 02:01:55 UTC] WordPress database error <div style="clear:both">&nbsp;</div>
<div class="queries" style="clear:both;margin-bottom:2px;border:red dotted thin;">
<p>MySQL query:</p>
<p>CREATE TABLE IF NOT EXISTS `wp_mowster-glossary` (
			`ID` int(10) unsigned NOT NULL AUTO_INCREMENT,
			`Title` varchar(255) NOT NULL,
			`Definition` text NOT NULL,
			PRIMARY KEY (`id`)
			) ENGINE=InnoDB DEFAULT CHARSET=utf8;</p>
<p>Queries made or created this session were:</p>
<ol>
<li>Executing: BEGIN | (no parameters)</li>
<li>Executing: ROLLBACK | (no parameters)</li>
</ol>
</div>
<div style="clear:both;margin-bottom:2px;border:red dotted thin;" class="error_message" style="border-bottom:dotted blue thin;">
Error occurred at line 4117 in Function <code>handle_error</code>. Error message was: Cannot combine AUTOINCREMENT and multiple primary keys in SQLite.
</div>
<p>Backtrace:</p>
<pre>#0 /internal/shared/sqlite-database-integration/wp-includes/sqlite/class-wp-sqlite-db.php(287): WP_SQLite_Translator->get_error_message()
#1 /wordpress/wp-content/plugins/mowster-glossary/index.php(229): WP_SQLite_DB->query('CREATE TABLE IF...')
#2 /wordpress/wp-includes/class-wp-hook.php(324): mowsterG_plugin_activate(false)
#3 /wordpress/wp-includes/class-wp-hook.php(348): WP_Hook->apply_filters('', Array)
#4 /wordpress/wp-includes/plugin.php(517): WP_Hook->do_action(Array)
#5 /wordpress/wp-admin/includes/plugin.php(703): do_action('activate_mowste...', false)
#6 /internal/eval.php(20): activate_plugin('mowster-glossar...')
#7 {main}</pre>
 for query CREATE TABLE IF NOT EXISTS `wp_mowster-glossary` (
			`ID` int(10) unsigned NOT NULL AUTO_INCREMENT,
			`Title` varchar(255) NOT NULL,
			`Definition` text NOT NULL,
			PRIMARY KEY (`id`)
			) ENGINE=InnoDB DEFAULT CHARSET=utf8; made by activate_plugin, do_action('activate_mowster-glossary/index.php'), WP_Hook->do_action, WP_Hook->apply_filters, mowsterG_plugin_activate, WP_SQLite_DB->query, WP_SQLite_DB->print_error
[01-May-2025 02:02:04 UTC] WordPress database error <div style="clear:both">&nbsp;</div>
<div class="queries" style="clear:both;margin-bottom:2px;border:red dotted thin;">
<p>MySQL query:</p>
<p>CREATE TABLE IF NOT EXISTS `wp_mowster-glossary` (
			`ID` int(10) unsigned NOT NULL AUTO_INCREMENT,
			`Title` varchar(255) NOT NULL,
			`Definition` text NOT NULL,
			PRIMARY KEY (`id`)
			) ENGINE=InnoDB DEFAULT CHARSET=utf8;</p>
<p>Queries made or created this session were:</p>
<ol>
<li>Executing: BEGIN | (no parameters)</li>
<li>Executing: ROLLBACK | (no parameters)</li>
</ol>
</div>
<div style="clear:both;margin-bottom:2px;border:red dotted thin;" class="error_message" style="border-bottom:dotted blue thin;">
Error occurred at line 4117 in Function <code>handle_error</code>. Error message was: Cannot combine AUTOINCREMENT and multiple primary keys in SQLite.
</div>
<p>Backtrace:</p>
<pre>#0 /internal/shared/sqlite-database-integration/wp-includes/sqlite/class-wp-sqlite-db.php(287): WP_SQLite_Translator->get_error_message()
#1 /wordpress/wp-content/plugins/mowster-glossary/index.php(229): WP_SQLite_DB->query('CREATE TABLE IF...')
#2 /wordpress/wp-includes/class-wp-hook.php(324): mowsterG_plugin_activate(false)
#3 /wordpress/wp-includes/class-wp-hook.php(348): WP_Hook->apply_filters('', Array)
#4 /wordpress/wp-includes/plugin.php(517): WP_Hook->do_action(Array)
#5 /wordpress/wp-admin/includes/plugin.php(703): do_action('activate_mowste...', false)
#6 /internal/eval.php(20): activate_plugin('mowster-glossar...')
#7 {main}</pre>
 for query CREATE TABLE IF NOT EXISTS `wp_mowster-glossary` (
			`ID` int(10) unsigned NOT NULL AUTO_INCREMENT,
			`Title` varchar(255) NOT NULL,
			`Definition` text NOT NULL,
			PRIMARY KEY (`id`)
			) ENGINE=InnoDB DEFAULT CHARSET=utf8; made by activate_plugin, do_action('activate_mowster-glossary/index.php'), WP_Hook->do_action, WP_Hook->apply_filters, mowsterG_plugin_activate, WP_SQLite_DB->query, WP_SQLite_DB->print_error
[01-May-2025 02:02:13 UTC] PHP Deprecated:  Required parameter $totalitems follows optional parameter $page in /wordpress/wp-content/plugins/mq-woocommerce-products-price-bulk-edit/includes/paginate.php on line 5
[01-May-2025 02:02:14 UTC] PHP Deprecated:  Required parameter $totalitems follows optional parameter $page in /wordpress/wp-content/plugins/mq-woocommerce-products-price-bulk-edit/includes/paginate.php on line 5
[01-May-2025 02:02:22 UTC] PHP Deprecated:  Required parameter $totalitems follows optional parameter $page in /wordpress/wp-content/plugins/mq-woocommerce-products-price-bulk-edit/includes/paginate.php on line 5
[01-May-2025 02:02:23 UTC] PHP Deprecated:  Required parameter $totalitems follows optional parameter $page in /wordpress/wp-content/plugins/mq-woocommerce-products-price-bulk-edit/includes/paginate.php on line 5
[01-May-2025 02:02:31 UTC] PHP Deprecated:  Required parameter $totalitems follows optional parameter $page in /wordpress/wp-content/plugins/mq-woocommerce-products-price-bulk-edit/includes/paginate.php on line 5
[01-May-2025 02:02:31 UTC] PHP Deprecated:  Required parameter $totalitems follows optional parameter $page in /wordpress/wp-content/plugins/mq-woocommerce-products-price-bulk-edit/includes/paginate.php on line 5
[01-May-2025 02:04:28 UTC] PHP Warning:  require_once(Auth/SASL/DigestMD5.php): Failed to open stream: No such file or directory in /wordpress/wp-content/plugins/jabber-feed/xmpp_stream.php on line 24
[01-May-2025 02:04:28 UTC] PHP Fatal error:  Uncaught Error: Failed opening required 'Auth/SASL/DigestMD5.php' (include_path='.:') in /wordpress/wp-content/plugins/jabber-feed/xmpp_stream.php:24
Stack trace:
#0 /wordpress/wp-content/plugins/jabber-feed/jabber_feed.php(28): require_once()
#1 /wordpress/wp-admin/includes/plugin.php(2387): include_once('/wordpress/wp-c...')
#2 /wordpress/wp-admin/includes/plugin.php(673): plugin_sandbox_scrape('jabber-feed/jab...')
#3 /internal/eval.php(20): activate_plugin('jabber-feed/jab...')
#4 {main}
  thrown in /wordpress/wp-content/plugins/jabber-feed/xmpp_stream.php on line 24
[01-May-2025 02:04:36 UTC] PHP Warning:  require_once(Auth/SASL/DigestMD5.php): Failed to open stream: No such file or directory in /wordpress/wp-content/plugins/jabber-feed/xmpp_stream.php on line 24
[01-May-2025 02:04:36 UTC] PHP Fatal error:  Uncaught Error: Failed opening required 'Auth/SASL/DigestMD5.php' (include_path='.:') in /wordpress/wp-content/plugins/jabber-feed/xmpp_stream.php:24
Stack trace:
#0 /wordpress/wp-content/plugins/jabber-feed/jabber_feed.php(28): require_once()
#1 /wordpress/wp-admin/includes/plugin.php(2387): include_once('/wordpress/wp-c...')
#2 /wordpress/wp-admin/includes/plugin.php(673): plugin_sandbox_scrape('jabber-feed/jab...')
#3 /internal/eval.php(20): activate_plugin('jabber-feed/jab...')
#4 {main}
  thrown in /wordpress/wp-content/plugins/jabber-feed/xmpp_stream.php on line 24
[01-May-2025 02:04:43 UTC] PHP Warning:  require_once(Auth/SASL/DigestMD5.php): Failed to open stream: No such file or directory in /wordpress/wp-content/plugins/jabber-feed/xmpp_stream.php on line 24
[01-May-2025 02:04:43 UTC] PHP Fatal error:  Uncaught Error: Failed opening required 'Auth/SASL/DigestMD5.php' (include_path='.:') in /wordpress/wp-content/plugins/jabber-feed/xmpp_stream.php:24
Stack trace:
#0 /wordpress/wp-content/plugins/jabber-feed/jabber_feed.php(28): require_once()
#1 /wordpress/wp-admin/includes/plugin.php(2387): include_once('/wordpress/wp-c...')
#2 /wordpress/wp-admin/includes/plugin.php(673): plugin_sandbox_scrape('jabber-feed/jab...')
#3 /internal/eval.php(20): activate_plugin('jabber-feed/jab...')
#4 {main}
  thrown in /wordpress/wp-content/plugins/jabber-feed/xmpp_stream.php on line 24

    at Object.onBind (file:///home/runner/work/playground-tester/playground-tester/node_modules/@wp-playground/cli/index.js:237:15)
    at process.processTicksAndRejections (node:internal/process/task_queues:105:5)
    at async V (file:///home/runner/work/playground-tester/playground-tester/node_modules/@wp-playground/cli/index.js:64:10)
    at async ja (file:///home/runner/work/playground-tester/playground-tester/node_modules/@wp-playground/cli/cli.js:8161:12) {
  [cause]: Error: Error when executing the blueprint step #5 ({"step":"installPlugin","pluginData":{"resource":"wordpress.org/plugins","slug":"jformer-for-wordpress"},"options":{"activate":true}}) : Could not download "https://downloads.wordpress.org/plugin/jformer-for-wordpress.latest-stable.zip".
  				Check if the URL is correct and the server is reachable.
  				If it is reachable, the server might be blocking the request.
  				Check the browser console and network tabs for more information.
  
  				## Does the console show the error "No 'Access-Control-Allow-Origin' header"?
  
  				This means the server that hosts your file does not allow requests from other sites
  				(cross-origin requests, or CORS).	You need to move the asset to a server that allows
  				cross-origin file downloads. Learn more about CORS at
  				https://developer.mozilla.org/en-US/docs/Web/HTTP/CORS.
  
  				If your file is on GitHub, load it from "raw.githubusercontent.com".
  				Here's how to do that:
  
  				1. Start with the original GitHub URL of the file. For example:
  				https://github.com/username/repository/blob/branch/filename.
  				2. Replace "github.com" with "raw.githubusercontent.com".
  				3. Remove the "/blob/" part of the URL.
  
  				The resulting URL should look like this:
  				https://raw.githubusercontent.com/username/repository/branch/filename
  
  				Error:
  				Error: Could not download "https://downloads.wordpress.org/plugin/jformer-for-wordpress.latest-stable.zip"
      at Object.run (file:///home/runner/work/playground-tester/playground-tester/node_modules/@wp-playground/blueprints/index.js:12449:19)
      at process.processTicksAndRejections (node:internal/process/task_queues:105:5)
      at async ms (file:///home/runner/work/playground-tester/playground-tester/node_modules/@wp-playground/blueprints/index.js:12552:3)
      at async Object.onBind (file:///home/runner/work/playground-tester/playground-tester/node_modules/@wp-playground/cli/index.js:227:48)
      at async V (file:///home/runner/work/playground-tester/playground-tester/node_modules/@wp-playground/cli/index.js:64:10)
      at async ja (file:///home/runner/work/playground-tester/playground-tester/node_modules/@wp-playground/cli/cli.js:8161:12) {
    [cause]: Error: Could not download "https://downloads.wordpress.org/plugin/jformer-for-wordpress.latest-stable.zip".
    				Check if the URL is correct and the server is reachable.
    				If it is reachable, the server might be blocking the request.
    				Check the browser console and network tabs for more information.
    
    				## Does the console show the error "No 'Access-Control-Allow-Origin' header"?
    
    				This means the server that hosts your file does not allow requests from other sites
    				(cross-origin requests, or CORS).	You need to move the asset to a server that allows
    				cross-origin file downloads. Learn more about CORS at
    				https://developer.mozilla.org/en-US/docs/Web/HTTP/CORS.
    
    				If your file is on GitHub, load it from "raw.githubusercontent.com".
    				Here's how to do that:
    
    				1. Start with the original GitHub URL of the file. For example:
    				https://github.com/username/repository/blob/branch/filename.
    				2. Replace "github.com" with "raw.githubusercontent.com".
    				3. Remove the "/blob/" part of the URL.
    
    				The resulting URL should look like this:
    				https://raw.githubusercontent.com/username/repository/branch/filename
    
    				Error:
    				Error: Could not download "https://downloads.wordpress.org/plugin/jformer-for-wordpress.latest-stable.zip"
        at Ct.resolve (file:///home/runner/work/playground-tester/playground-tester/node_modules/@wp-playground/blueprints/index.js:1472:13)
        at process.processTicksAndRejections (node:internal/process/task_queues:105:5)
        at async _.run (file:///home/runner/work/playground-tester/playground-tester/node_modules/@php-wasm/util/index.js:45:14)
  }
}

Node.js v23.11.0
