file:///home/runner/work/playground-tester/playground-tester/node_modules/@wp-playground/cli/cli.js:21
`)},constants:R,phpIniEntries:{"openssl.cafile":"/internal/shared/ca-bundle.crt",allow_url_fopen:"1",disable_functions:""},hooks:{async beforeWordPressFiles(h){e.mountBeforeInstall&&u(h,e.mountBeforeInstall)}}}),d.log("Booted!");const W=await w.getPrimaryPhp();try{if(o&&!e.mountBeforeInstall&&!m.existsSync(f)&&(d.log("Caching preinstalled WordPress for the next boot..."),m.writeFileSync(f,await Z(W,"/wordpress")),d.log("Cached!")),e.mount&&u(W,e.mount),H=!0,l){const{php:h,reap:b}=await w.processManager.acquirePHPInstance();try{d.log("Running the Blueprint..."),await M(l,h),d.log("Finished running the blueprint")}finally{b()}}a==="build-snapshot"?(await i(e.outfile),d.log(`WordPress exported to ${e.outfile}`),process.exit(0)):a==="run-blueprint"?(d.log("Blueprint executed"),process.exit(0)):d.log(`WordPress is running on ${s}`)}catch(h){if(!e.debug)throw h;const b=W.readFileAsText(L);throw new Error(b,{cause:h})}},async handleRequest(r){return H?await w.request(r):U.forHttpCode(502,"WordPress is not ready yet")}})}te();
                                                                                                                                                                                                                                                                                                                                                                                                                                                                                                                                                                                                                                                                                                                                                                                                                                                                                                                                      ^

Error: [11-Apr-2025 04:53:22 UTC] PHP Notice:  Function _load_textdomain_just_in_time was called <strong>incorrectly</strong>. Translation loading for the <code>tinycoffee</code> domain was triggered too early. This is usually an indicator for some code in the plugin or theme running too early. Translations should be loaded at the <code>init</code> action or later. Please see <a href="https://developer.wordpress.org/advanced-administration/debug/debug-wordpress/">Debugging in WordPress</a> for more information. (This message was added in version 6.7.0.) in /wordpress/wp-includes/functions.php on line 6114
[11-Apr-2025 04:53:32 UTC] PHP Notice:  Function _load_textdomain_just_in_time was called <strong>incorrectly</strong>. Translation loading for the <code>tinycoffee</code> domain was triggered too early. This is usually an indicator for some code in the plugin or theme running too early. Translations should be loaded at the <code>init</code> action or later. Please see <a href="https://developer.wordpress.org/advanced-administration/debug/debug-wordpress/">Debugging in WordPress</a> for more information. (This message was added in version 6.7.0.) in /wordpress/wp-includes/functions.php on line 6114
[11-Apr-2025 04:53:40 UTC] PHP Notice:  Function _load_textdomain_just_in_time was called <strong>incorrectly</strong>. Translation loading for the <code>tinycoffee</code> domain was triggered too early. This is usually an indicator for some code in the plugin or theme running too early. Translations should be loaded at the <code>init</code> action or later. Please see <a href="https://developer.wordpress.org/advanced-administration/debug/debug-wordpress/">Debugging in WordPress</a> for more information. (This message was added in version 6.7.0.) in /wordpress/wp-includes/functions.php on line 6114
[11-Apr-2025 04:54:21 UTC] PHP Fatal error:  Uncaught Error: Class 'WpOrg\Requests\Response' not found in /wordpress/wp-includes/Requests/src/Requests.php:724
Stack trace:
#0 /wordpress/wp-includes/Requests/src/Requests.php(473): WpOrg\Requests\Requests::parse_response('', 'http://127.0.0....', Array, NULL, Array)
#1 /wordpress/wp-includes/class-wp-http.php(410): WpOrg\Requests\Requests::request('http://127.0.0....', Array, NULL, 'POST', Array)
#2 /wordpress/wp-includes/class-wp-http.php(633): WP_Http->request('http://127.0.0....', Array)
#3 /wordpress/wp-includes/http.php(196): WP_Http->post('http://127.0.0....', Array)
#4 /wordpress/wp-includes/cron.php(949): wp_remote_post('http://127.0.0....', Array)
#5 /wordpress/wp-includes/cron.php(1029): spawn_cron(1744347258.963)
#6 /wordpress/wp-includes/class-wp-hook.php(324): _wp_cron('')
#7 /wordpress/wp-includes/class-wp-hook.php(348): WP_Hook->apply_filters(NULL, Array)
#8 /wordpress/wp-includes/plugin.php(517): WP_Hook->do_action(Array)
#9 /wordpress/wp-settings.php(726): do_action('wp_loaded')
#10 /word in /wordpress/wp-includes/Requests/src/Requests.php on line 724
[11-Apr-2025 04:54:29 UTC] PHP Parse error:  syntax error, unexpected '=>' (T_DOUBLE_ARROW) in /wordpress/wp-content/plugins/tivents-products-feed/tivents-product-feed.php on line 189
[11-Apr-2025 04:54:37 UTC] PHP Parse error:  syntax error, unexpected '=>' (T_DOUBLE_ARROW) in /wordpress/wp-content/plugins/tivents-products-feed/tivents-product-feed.php on line 189
[11-Apr-2025 04:56:35 UTC] PHP Fatal error:  Uncaught Error: Class 'WpOrg\Requests\Response' not found in /wordpress/wp-includes/Requests/src/Requests.php:724
Stack trace:
#0 /wordpress/wp-includes/Requests/src/Requests.php(473): WpOrg\Requests\Requests::parse_response('', 'http://127.0.0....', Array, NULL, Array)
#1 /wordpress/wp-includes/class-wp-http.php(410): WpOrg\Requests\Requests::request('http://127.0.0....', Array, NULL, 'POST', Array)
#2 /wordpress/wp-includes/class-wp-http.php(633): WP_Http->request('http://127.0.0....', Array)
#3 /wordpress/wp-includes/http.php(196): WP_Http->post('http://127.0.0....', Array)
#4 /wordpress/wp-includes/cron.php(949): wp_remote_post('http://127.0.0....', Array)
#5 /wordpress/wp-includes/cron.php(1029): spawn_cron(1744347393.303)
#6 /wordpress/wp-includes/class-wp-hook.php(324): _wp_cron('')
#7 /wordpress/wp-includes/class-wp-hook.php(348): WP_Hook->apply_filters(NULL, Array)
#8 /wordpress/wp-includes/plugin.php(517): WP_Hook->do_action(Array)
#9 /wordpress/wp-settings.php(726): do_action('wp_loaded')
#10 /word in /wordpress/wp-includes/Requests/src/Requests.php on line 724
[11-Apr-2025 04:57:07 UTC] PHP Warning:  Attempt to read property "results" on null in /wordpress/wp-content/plugins/trendmd/admin/class-trendmd-admin.php on line 115
[11-Apr-2025 04:57:07 UTC] PHP Fatal error:  Uncaught TypeError: count(): Argument #1 ($value) must be of type Countable|array, null given in /wordpress/wp-content/plugins/trendmd/admin/class-trendmd-admin.php:115
Stack trace:
#0 /wordpress/wp-content/plugins/trendmd/includes/class-trendmd-activator.php(27): Trendmd_Admin::trendmd_get_journal_id()
#1 /wordpress/wp-content/plugins/trendmd/trendmd.php(33): Trendmd_Activator::activate()
#2 /wordpress/wp-includes/class-wp-hook.php(324): activate_trendmd(false)
#3 /wordpress/wp-includes/class-wp-hook.php(348): WP_Hook->apply_filters('', Array)
#4 /wordpress/wp-includes/plugin.php(517): WP_Hook->do_action(Array)
#5 /wordpress/wp-admin/includes/plugin.php(703): do_action('activate_trendm...', false)
#6 /internal/eval.php(20): activate_plugin('trendmd/trendmd...')
#7 {main}
  thrown in /wordpress/wp-content/plugins/trendmd/admin/class-trendmd-admin.php on line 115
[11-Apr-2025 04:57:14 UTC] PHP Warning:  Attempt to read property "results" on null in /wordpress/wp-content/plugins/trendmd/admin/class-trendmd-admin.php on line 115
[11-Apr-2025 04:57:14 UTC] PHP Fatal error:  Uncaught TypeError: count(): Argument #1 ($value) must be of type Countable|array, null given in /wordpress/wp-content/plugins/trendmd/admin/class-trendmd-admin.php:115
Stack trace:
#0 /wordpress/wp-content/plugins/trendmd/includes/class-trendmd-activator.php(27): Trendmd_Admin::trendmd_get_journal_id()
#1 /wordpress/wp-content/plugins/trendmd/trendmd.php(33): Trendmd_Activator::activate()
#2 /wordpress/wp-includes/class-wp-hook.php(324): activate_trendmd(false)
#3 /wordpress/wp-includes/class-wp-hook.php(348): WP_Hook->apply_filters('', Array)
#4 /wordpress/wp-includes/plugin.php(517): WP_Hook->do_action(Array)
#5 /wordpress/wp-admin/includes/plugin.php(703): do_action('activate_trendm...', false)
#6 /internal/eval.php(20): activate_plugin('trendmd/trendmd...')
#7 {main}
  thrown in /wordpress/wp-content/plugins/trendmd/admin/class-trendmd-admin.php on line 115
[11-Apr-2025 04:57:23 UTC] PHP Warning:  Attempt to read property "results" on null in /wordpress/wp-content/plugins/trendmd/admin/class-trendmd-admin.php on line 115
[11-Apr-2025 04:57:23 UTC] PHP Fatal error:  Uncaught TypeError: count(): Argument #1 ($value) must be of type Countable|array, null given in /wordpress/wp-content/plugins/trendmd/admin/class-trendmd-admin.php:115
Stack trace:
#0 /wordpress/wp-content/plugins/trendmd/includes/class-trendmd-activator.php(27): Trendmd_Admin::trendmd_get_journal_id()
#1 /wordpress/wp-content/plugins/trendmd/trendmd.php(33): Trendmd_Activator::activate()
#2 /wordpress/wp-includes/class-wp-hook.php(324): activate_trendmd(false)
#3 /wordpress/wp-includes/class-wp-hook.php(348): WP_Hook->apply_filters('', Array)
#4 /wordpress/wp-includes/plugin.php(517): WP_Hook->do_action(Array)
#5 /wordpress/wp-admin/includes/plugin.php(703): do_action('activate_trendm...', false)
#6 /internal/eval.php(20): activate_plugin('trendmd/trendmd...')
#7 {main}
  thrown in /wordpress/wp-content/plugins/trendmd/admin/class-trendmd-admin.php on line 115
[11-Apr-2025 04:57:34 UTC] PHP Fatal error:  Uncaught ArgumentCountError: Too few arguments to function WP_Widget::__construct(), 0 passed in /wordpress/wp-includes/class-wp-widget-factory.php on line 62 and at least 2 expected in /wordpress/wp-includes/class-wp-widget.php:163
Stack trace:
#0 /wordpress/wp-includes/class-wp-widget-factory.php(62): WP_Widget->__construct()
#1 /wordpress/wp-includes/widgets.php(123): WP_Widget_Factory->register('Trunkly')
#2 /wordpress/wp-content/plugins/trunkly/trunkly.php(14): register_widget('Trunkly')
#3 /wordpress/wp-includes/class-wp-hook.php(324): trunkly_init('')
#4 /wordpress/wp-includes/class-wp-hook.php(348): WP_Hook->apply_filters(NULL, Array)
#5 /wordpress/wp-includes/plugin.php(517): WP_Hook->do_action(Array)
#6 /wordpress/wp-includes/widgets.php(1870): do_action('widgets_init')
#7 /wordpress/wp-includes/class-wp-hook.php(324): wp_widgets_init('')
#8 /wordpress/wp-includes/class-wp-hook.php(348): WP_Hook->apply_filters(NULL, Array)
#9 /wordpress/wp-includes/plugin.php(517): WP_Hook->do_action(Array)
#10 /wordpress/wp-settings.php(704): do_action('init')
#11 /wordpress/wp-config.php(102): require_once('/wordpress/wp-s...')
#12 /wordpress/wp-load.php(50): require_once('/wordpress/wp-c...')
#13 /internal/eval.php(3): require_once('/wordpress/wp-l...')
#14 {main}
  thrown in /wordpress/wp-includes/class-wp-widget.php on line 163
[11-Apr-2025 04:57:43 UTC] PHP Fatal error:  Uncaught ArgumentCountError: Too few arguments to function WP_Widget::__construct(), 0 passed in /wordpress/wp-includes/class-wp-widget-factory.php on line 62 and at least 2 expected in /wordpress/wp-includes/class-wp-widget.php:163
Stack trace:
#0 /wordpress/wp-includes/class-wp-widget-factory.php(62): WP_Widget->__construct()
#1 /wordpress/wp-includes/widgets.php(123): WP_Widget_Factory->register('Trunkly')
#2 /wordpress/wp-content/plugins/trunkly/trunkly.php(14): register_widget('Trunkly')
#3 /wordpress/wp-includes/class-wp-hook.php(324): trunkly_init('')
#4 /wordpress/wp-includes/class-wp-hook.php(348): WP_Hook->apply_filters(NULL, Array)
#5 /wordpress/wp-includes/plugin.php(517): WP_Hook->do_action(Array)
#6 /wordpress/wp-includes/widgets.php(1870): do_action('widgets_init')
#7 /wordpress/wp-includes/class-wp-hook.php(324): wp_widgets_init('')
#8 /wordpress/wp-includes/class-wp-hook.php(348): WP_Hook->apply_filters(NULL, Array)
#9 /wordpress/wp-includes/plugin.php(517): WP_Hook->do_action(Array)
#10 /wordpress/wp-settings.php(704): do_action('init')
#11 /wordpress/wp-config.php(102): require_once('/wordpress/wp-s...')
#12 /wordpress/wp-load.php(50): require_once('/wordpress/wp-c...')
#13 /internal/eval.php(3): require_once('/wordpress/wp-l...')
#14 {main}
  thrown in /wordpress/wp-includes/class-wp-widget.php on line 163
[11-Apr-2025 04:57:51 UTC] PHP Fatal error:  Uncaught ArgumentCountError: Too few arguments to function WP_Widget::__construct(), 0 passed in /wordpress/wp-includes/class-wp-widget-factory.php on line 62 and at least 2 expected in /wordpress/wp-includes/class-wp-widget.php:163
Stack trace:
#0 /wordpress/wp-includes/class-wp-widget-factory.php(62): WP_Widget->__construct()
#1 /wordpress/wp-includes/widgets.php(123): WP_Widget_Factory->register('Trunkly')
#2 /wordpress/wp-content/plugins/trunkly/trunkly.php(14): register_widget('Trunkly')
#3 /wordpress/wp-includes/class-wp-hook.php(324): trunkly_init('')
#4 /wordpress/wp-includes/class-wp-hook.php(348): WP_Hook->apply_filters(NULL, Array)
#5 /wordpress/wp-includes/plugin.php(517): WP_Hook->do_action(Array)
#6 /wordpress/wp-includes/widgets.php(1870): do_action('widgets_init')
#7 /wordpress/wp-includes/class-wp-hook.php(324): wp_widgets_init('')
#8 /wordpress/wp-includes/class-wp-hook.php(348): WP_Hook->apply_filters(NULL, Array)
#9 /wordpress/wp-includes/plugin.php(517): WP_Hook->do_action(Array)
#10 /wordpress/wp-settings.php(704): do_action('init')
#11 /wordpress/wp-config.php(102): require_once('/wordpress/wp-s...')
#12 /wordpress/wp-load.php(50): require_once('/wordpress/wp-c...')
#13 /internal/eval.php(3): require_once('/wordpress/wp-l...')
#14 {main}
  thrown in /wordpress/wp-includes/class-wp-widget.php on line 163
[11-Apr-2025 04:58:03 UTC] PHP Notice:  Function wp_register_script was called <strong>incorrectly</strong>. Scripts and styles should not be registered or enqueued until the <code>wp_enqueue_scripts</code>, <code>admin_enqueue_scripts</code>, or <code>login_enqueue_scripts</code> hooks. This notice was triggered by the <code>tumblr-share-script</code> handle. Please see <a href="https://developer.wordpress.org/advanced-administration/debug/debug-wordpress/">Debugging in WordPress</a> for more information. (This message was added in version 3.3.0.) in /wordpress/wp-includes/functions.php on line 6114
[11-Apr-2025 04:58:03 UTC] PHP Notice:  Function wp_enqueue_script was called <strong>incorrectly</strong>. Scripts and styles should not be registered or enqueued until the <code>wp_enqueue_scripts</code>, <code>admin_enqueue_scripts</code>, or <code>login_enqueue_scripts</code> hooks. This notice was triggered by the <code>tumblr-share-script</code> handle. Please see <a href="https://developer.wordpress.org/advanced-administration/debug/debug-wordpress/">Debugging in WordPress</a> for more information. (This message was added in version 3.3.0.) in /wordpress/wp-includes/functions.php on line 6114
[11-Apr-2025 04:58:12 UTC] PHP Notice:  Function wp_register_script was called <strong>incorrectly</strong>. Scripts and styles should not be registered or enqueued until the <code>wp_enqueue_scripts</code>, <code>admin_enqueue_scripts</code>, or <code>login_enqueue_scripts</code> hooks. This notice was triggered by the <code>tumblr-share-script</code> handle. Please see <a href="https://developer.wordpress.org/advanced-administration/debug/debug-wordpress/">Debugging in WordPress</a> for more information. (This message was added in version 3.3.0.) in /wordpress/wp-includes/functions.php on line 6114
[11-Apr-2025 04:58:12 UTC] PHP Notice:  Function wp_enqueue_script was called <strong>incorrectly</strong>. Scripts and styles should not be registered or enqueued until the <code>wp_enqueue_scripts</code>, <code>admin_enqueue_scripts</code>, or <code>login_enqueue_scripts</code> hooks. This notice was triggered by the <code>tumblr-share-script</code> handle. Please see <a href="https://developer.wordpress.org/advanced-administration/debug/debug-wordpress/">Debugging in WordPress</a> for more information. (This message was added in version 3.3.0.) in /wordpress/wp-includes/functions.php on line 6114
[11-Apr-2025 04:58:21 UTC] PHP Notice:  Function wp_register_script was called <strong>incorrectly</strong>. Scripts and styles should not be registered or enqueued until the <code>wp_enqueue_scripts</code>, <code>admin_enqueue_scripts</code>, or <code>login_enqueue_scripts</code> hooks. This notice was triggered by the <code>tumblr-share-script</code> handle. Please see <a href="https://developer.wordpress.org/advanced-administration/debug/debug-wordpress/">Debugging in WordPress</a> for more information. (This message was added in version 3.3.0.) in /wordpress/wp-includes/functions.php on line 6114
[11-Apr-2025 04:58:21 UTC] PHP Notice:  Function wp_enqueue_script was called <strong>incorrectly</strong>. Scripts and styles should not be registered or enqueued until the <code>wp_enqueue_scripts</code>, <code>admin_enqueue_scripts</code>, or <code>login_enqueue_scripts</code> hooks. This notice was triggered by the <code>tumblr-share-script</code> handle. Please see <a href="https://developer.wordpress.org/advanced-administration/debug/debug-wordpress/">Debugging in WordPress</a> for more information. (This message was added in version 3.3.0.) in /wordpress/wp-includes/functions.php on line 6114
[11-Apr-2025 04:59:00 UTC] PHP Fatal error:  Uncaught Error: Undefined constant "MAX_IMAGES" in /wordpress/wp-content/plugins/twitpic-profile-widget/widget.php:38
Stack trace:
#0 /wordpress/wp-admin/includes/plugin.php(2387): include_once()
#1 /wordpress/wp-admin/includes/plugin.php(673): plugin_sandbox_scrape('twitpic-profile...')
#2 /internal/eval.php(20): activate_plugin('twitpic-profile...')
#3 {main}
  thrown in /wordpress/wp-content/plugins/twitpic-profile-widget/widget.php on line 38
[11-Apr-2025 04:59:08 UTC] PHP Fatal error:  Uncaught Error: Undefined constant "MAX_IMAGES" in /wordpress/wp-content/plugins/twitpic-profile-widget/widget.php:38
Stack trace:
#0 /wordpress/wp-admin/includes/plugin.php(2387): include_once()
#1 /wordpress/wp-admin/includes/plugin.php(673): plugin_sandbox_scrape('twitpic-profile...')
#2 /internal/eval.php(20): activate_plugin('twitpic-profile...')
#3 {main}
  thrown in /wordpress/wp-content/plugins/twitpic-profile-widget/widget.php on line 38
[11-Apr-2025 04:59:16 UTC] PHP Fatal error:  Uncaught Error: Undefined constant "MAX_IMAGES" in /wordpress/wp-content/plugins/twitpic-profile-widget/widget.php:38
Stack trace:
#0 /wordpress/wp-admin/includes/plugin.php(2387): include_once()
#1 /wordpress/wp-admin/includes/plugin.php(673): plugin_sandbox_scrape('twitpic-profile...')
#2 /internal/eval.php(20): activate_plugin('twitpic-profile...')
#3 {main}
  thrown in /wordpress/wp-content/plugins/twitpic-profile-widget/widget.php on line 38

    at Object.onBind (file:///home/runner/work/playground-tester/playground-tester/node_modules/@wp-playground/cli/cli.js:21:903)
    at processTicksAndRejections (node:internal/process/task_queues:105:5)
    ... 2 lines matching cause stack trace ...
    at process.processTimers (node:internal/timers:543:7)
    at async Y (file:///home/runner/work/playground-tester/playground-tester/node_modules/@wp-playground/cli/cli.js:1:1159) {
  [cause]: Error: Error when executing the blueprint step #4 ({"step":"installPlugin","pluginData":{"resource":"wordpress.org/plugins","slug":"taplogin"},"options":{"activate":true}}) : 
  "unreachable" WASM instruction executed.
  
  The typical reason is a PHP function missing from the ASYNCIFY_ONLY
  list when building PHP.wasm.
  
  You will need to file a new issue in the WordPress Playground repository
  and paste this error message there:
  
  https://github.com/WordPress/wordpress-playground/issues/new
  
  If you're a core developer, the typical fix is to:
  
  * Isolate a minimal reproduction of the error
  * Add a reproduction of the error to php-asyncify.spec.ts in the WordPress Playground repository
  * Run 'npm run fix-asyncify'
  * Commit the changes, push to the repo, release updated NPM packages
  
  Below is a list of all the PHP functions found in the stack trace to
  help with the minimal reproduction. If they're all already listed in
  the Dockerfile, you'll need to trigger this error again with long stack
  traces enabled. In node.js, you can do it using the --stack-trace-limit=100
  CLI option: 
  
      * php.wasm.__wrap_select
      * php.wasm.RAND_poll
      * php.wasm.rand_bytes
      * php.wasm.rand_nopseudo_bytes
      * php.wasm.RAND_bytes
      * php.wasm.zif_openssl_random_pseudo_bytes
      * php.wasm.ZEND_DO_ICALL_SPEC_RETVAL_USED_HANDLER
      * php.wasm.execute_ex
  
      at Object.run (file:///home/runner/work/playground-tester/playground-tester/node_modules/@wp-playground/blueprints/index.js:12407:32)
      at processTicksAndRejections (node:internal/process/task_queues:105:5)
      ... 2 lines matching cause stack trace ...
      at process.processTimers (node:internal/timers:543:7)
      at async ns (file:///home/runner/work/playground-tester/playground-tester/node_modules/@wp-playground/blueprints/index.js:12508:3)
      at async Object.onBind (file:///home/runner/work/playground-tester/playground-tester/node_modules/@wp-playground/cli/cli.js:21:568)
      at async Y (file:///home/runner/work/playground-tester/playground-tester/node_modules/@wp-playground/cli/cli.js:1:1159) {
    [cause]: Error: 
    "unreachable" WASM instruction executed.
    
    The typical reason is a PHP function missing from the ASYNCIFY_ONLY
    list when building PHP.wasm.
    
    You will need to file a new issue in the WordPress Playground repository
    and paste this error message there:
    
    https://github.com/WordPress/wordpress-playground/issues/new
    
    If you're a core developer, the typical fix is to:
    
    * Isolate a minimal reproduction of the error
    * Add a reproduction of the error to php-asyncify.spec.ts in the WordPress Playground repository
    * Run 'npm run fix-asyncify'
    * Commit the changes, push to the repo, release updated NPM packages
    
    Below is a list of all the PHP functions found in the stack trace to
    help with the minimal reproduction. If they're all already listed in
    the Dockerfile, you'll need to trigger this error again with long stack
    traces enabled. In node.js, you can do it using the --stack-trace-limit=100
    CLI option: 
    
        * php.wasm.__wrap_select
        * php.wasm.RAND_poll
        * php.wasm.rand_bytes
        * php.wasm.rand_nopseudo_bytes
        * php.wasm.RAND_bytes
        * php.wasm.zif_openssl_random_pseudo_bytes
        * php.wasm.ZEND_DO_ICALL_SPEC_RETVAL_USED_HANDLER
        * php.wasm.execute_ex
    
        at PHP.ae (file:///home/runner/work/playground-tester/playground-tester/node_modules/@php-wasm/universal/index.js:1446:78)
        at processTicksAndRejections (node:internal/process/task_queues:105:5)
        at runNextTicks (node:internal/process/task_queues:69:3)
        at listOnTimeout (node:internal/timers:569:9)
        at process.processTimers (node:internal/timers:543:7)
        at async PHP.run (file:///home/runner/work/playground-tester/playground-tester/node_modules/@php-wasm/universal/index.js:981:17)
        at async vr (file:///home/runner/work/playground-tester/playground-tester/node_modules/@wp-playground/blueprints/index.js:33:39)
        at async Object.ut [as installPlugin] (file:///home/runner/work/playground-tester/playground-tester/node_modules/@wp-playground/blueprints/index.js:1084:42)
        at async d (file:///home/runner/work/playground-tester/playground-tester/node_modules/@wp-playground/blueprints/index.js:12473:30)
        at async Object.run (file:///home/runner/work/playground-tester/playground-tester/node_modules/@wp-playground/blueprints/index.js:12404:23) {
      cause: Error: Rethrown
          at UnhandledRejectionsTarget.e (file:///home/runner/work/playground-tester/playground-tester/node_modules/@php-wasm/universal/index.js:1423:19)
          at [nodejs.internal.kHybridDispatch] (node:internal/event_target:827:20)
          at UnhandledRejectionsTarget.dispatchEvent (node:internal/event_target:762:26)
          at t.wasmExports.<computed> (file:///home/runner/work/playground-tester/playground-tester/node_modules/@php-wasm/universal/index.js:565:15)
          at invoke_iiiii (file:///home/runner/work/playground-tester/playground-tester/node_modules/@php-wasm/node/index.js:109620:14)
          at php.wasm.php_execute_script (wasm://wasm/php.wasm-0372e072:wasm-function[11032]:0x5fcfba)
          at php.wasm.dynCall_ii (wasm://wasm/php.wasm-0372e072:wasm-function[12823]:0x6c1791)
          at ret.<computed> (file:///home/runner/work/playground-tester/playground-tester/node_modules/@php-wasm/node/index.js:109067:22)
          at t.wasmExports.<computed> (file:///home/runner/work/playground-tester/playground-tester/node_modules/@php-wasm/universal/index.js:556:18)
          at invoke_ii (file:///home/runner/work/playground-tester/playground-tester/node_modules/@php-wasm/node/index.js:109631:14) {
        cause: RuntimeError: unreachable
            at php.wasm.zend_std_write_property (wasm://wasm/php.wasm-0372e072:wasm-function[1271]:0xbb88c)
            at php.wasm.zend_default_exception_new_ex (wasm://wasm/php.wasm-0372e072:wasm-function[4552]:0x2eecce)
            at php.wasm.zend_default_exception_new (wasm://wasm/php.wasm-0372e072:wasm-function[9177]:0x56ca2a)
            at php.wasm.object_init_ex (wasm://wasm/php.wasm-0372e072:wasm-function[204]:0x12980)
            at php.wasm.zend_throw_exception_zstr (wasm://wasm/php.wasm-0372e072:wasm-function[3406]:0x22f1cc)
            at php.wasm.zend_throw_exception (wasm://wasm/php.wasm-0372e072:wasm-function[232]:0x15bac)
            at php.wasm.zif_openssl_random_pseudo_bytes (wasm://wasm/php.wasm-0372e072:wasm-function[8219]:0x4f6a56)
            at php.wasm.ZEND_DO_ICALL_SPEC_RETVAL_USED_HANDLER (wasm://wasm/php.wasm-0372e072:wasm-function[14224]:0x726fe7)
            at php.wasm.execute_ex (wasm://wasm/php.wasm-0372e072:wasm-function[12641]:0x6a6f7e)
            at php.wasm.zend_execute (wasm://wasm/php.wasm-0372e072:wasm-function[3452]:0x233807) {
          cause: Error
              at Asyncify.handleSleep (file:///home/runner/work/playground-tester/playground-tester/node_modules/@php-wasm/node/index.js:109868:45)
              at _emscripten_sleep (file:///home/runner/work/playground-tester/playground-tester/node_modules/@php-wasm/node/index.js:107828:44)
              at php.wasm.__wrap_select (wasm://wasm/php.wasm-0372e072:wasm-function[1345]:0xc6766)
              at php.wasm.RAND_poll (wasm://wasm/php.wasm-0372e072:wasm-function[6548]:0x457ab8)
              at php.wasm.rand_bytes (wasm://wasm/php.wasm-0372e072:wasm-function[5293]:0x378d5c)
              at php.wasm.rand_nopseudo_bytes (wasm://wasm/php.wasm-0372e072:wasm-function[10457]:0x5c5311)
              at php.wasm.RAND_bytes (wasm://wasm/php.wasm-0372e072:wasm-function[457]:0x32db2)
              at php.wasm.zif_openssl_random_pseudo_bytes (wasm://wasm/php.wasm-0372e072:wasm-function[8219]:0x4f6a1b)
              at php.wasm.ZEND_DO_ICALL_SPEC_RETVAL_USED_HANDLER (wasm://wasm/php.wasm-0372e072:wasm-function[14224]:0x726fe7)
              at php.wasm.execute_ex (wasm://wasm/php.wasm-0372e072:wasm-function[12641]:0x6a6f7e)
        },
        betterMessage: '\n' +
          '"unreachable" WASM instruction executed.\n' +
          '\n' +
          'The typical reason is a PHP function missing from the ASYNCIFY_ONLY\n' +
          'list when building PHP.wasm.\n' +
          '\n' +
          'You will need to file a new issue in the WordPress Playground repository\n' +
          'and paste this error message there:\n' +
          '\n' +
          'https://github.com/WordPress/wordpress-playground/issues/new\n' +
          '\n' +
          "If you're a core developer, the typical fix is to:\n" +
          '\n' +
          '* Isolate a minimal reproduction of the error\n' +
          '* Add a reproduction of the error to php-asyncify.spec.ts in the WordPress Playground repository\n' +
          "* Run 'npm run fix-asyncify'\n" +
          '* Commit the changes, push to the repo, release updated NPM packages\n' +
          '\n' +
          'Below is a list of all the PHP functions found in the stack trace to\n' +
          "help with the minimal reproduction. If they're all already listed in\n" +
          "the Dockerfile, you'll need to trigger this error again with long stack\n" +
          'traces enabled. In node.js, you can do it using the --stack-trace-limit=100\n' +
          'CLI option: \n' +
          '\n' +
          '    * php.wasm.__wrap_select\n' +
          '    * php.wasm.RAND_poll\n' +
          '    * php.wasm.rand_bytes\n' +
          '    * php.wasm.rand_nopseudo_bytes\n' +
          '    * php.wasm.RAND_bytes\n' +
          '    * php.wasm.zif_openssl_random_pseudo_bytes\n' +
          '    * php.wasm.ZEND_DO_ICALL_SPEC_RETVAL_USED_HANDLER\n' +
          '    * php.wasm.execute_ex\n'
      }
    }
  }
}

Node.js v23.11.0
