file:///home/runner/work/playground-tester/playground-tester/node_modules/@wp-playground/cli/index.js:237
        throw new Error(y, { cause: u });
              ^

Error: [06-May-2025 09:51:03 UTC] PHP Deprecated:  Function get_plugin_data was called with an argument that is <strong>deprecated</strong> since version 3.0.0! The <code>Site Wide Only: true</code> plugin header is deprecated. Use <code>Network: true</code> instead. in /wordpress/wp-includes/functions.php on line 6121
[06-May-2025 09:51:05 UTC] PHP Deprecated:  Function get_plugin_data was called with an argument that is <strong>deprecated</strong> since version 3.0.0! The <code>Site Wide Only: true</code> plugin header is deprecated. Use <code>Network: true</code> instead. in /wordpress/wp-includes/functions.php on line 6121
[06-May-2025 09:51:14 UTC] PHP Deprecated:  Function get_plugin_data was called with an argument that is <strong>deprecated</strong> since version 3.0.0! The <code>Site Wide Only: true</code> plugin header is deprecated. Use <code>Network: true</code> instead. in /wordpress/wp-includes/functions.php on line 6121
[06-May-2025 09:51:14 UTC] PHP Deprecated:  Function get_plugin_data was called with an argument that is <strong>deprecated</strong> since version 3.0.0! The <code>Site Wide Only: true</code> plugin header is deprecated. Use <code>Network: true</code> instead. in /wordpress/wp-includes/functions.php on line 6121
[06-May-2025 09:51:23 UTC] PHP Deprecated:  Function get_plugin_data was called with an argument that is <strong>deprecated</strong> since version 3.0.0! The <code>Site Wide Only: true</code> plugin header is deprecated. Use <code>Network: true</code> instead. in /wordpress/wp-includes/functions.php on line 6121
[06-May-2025 09:51:23 UTC] PHP Deprecated:  Function get_plugin_data was called with an argument that is <strong>deprecated</strong> since version 3.0.0! The <code>Site Wide Only: true</code> plugin header is deprecated. Use <code>Network: true</code> instead. in /wordpress/wp-includes/functions.php on line 6121
[06-May-2025 09:51:33 UTC] PHP Deprecated:  Function get_plugin_data was called with an argument that is <strong>deprecated</strong> since version 3.0.0! The <code>Site Wide Only: true</code> plugin header is deprecated. Use <code>Network: true</code> instead. in /wordpress/wp-includes/functions.php on line 6121
[06-May-2025 09:51:42 UTC] PHP Deprecated:  Function get_plugin_data was called with an argument that is <strong>deprecated</strong> since version 3.0.0! The <code>Site Wide Only: true</code> plugin header is deprecated. Use <code>Network: true</code> instead. in /wordpress/wp-includes/functions.php on line 6121
[06-May-2025 09:51:52 UTC] PHP Deprecated:  Function get_plugin_data was called with an argument that is <strong>deprecated</strong> since version 3.0.0! The <code>Site Wide Only: true</code> plugin header is deprecated. Use <code>Network: true</code> instead. in /wordpress/wp-includes/functions.php on line 6121
[06-May-2025 09:52:02 UTC] PHP Deprecated:  Function get_plugin_data was called with an argument that is <strong>deprecated</strong> since version 3.0.0! The <code>Site Wide Only: true</code> plugin header is deprecated. Use <code>Network: true</code> instead. in /wordpress/wp-includes/functions.php on line 6121
[06-May-2025 09:52:03 UTC] PHP Fatal error:  Uncaught Error: Call to undefined function bp_get_theme_package_id() in /wordpress/wp-content/plugins/bp-profile-home-widgets/includes/bpphw-functions.php:889
Stack trace:
#0 /wordpress/wp-includes/class-wp-hook.php(324): bpphw_activate_legacy_widget_areas('')
#1 /wordpress/wp-includes/class-wp-hook.php(348): WP_Hook->apply_filters(NULL, Array)
#2 /wordpress/wp-includes/plugin.php(517): WP_Hook->do_action(Array)
#3 /wordpress/wp-includes/widgets.php(1870): do_action('widgets_init')
#4 /wordpress/wp-includes/class-wp-hook.php(324): wp_widgets_init('')
#5 /wordpress/wp-includes/class-wp-hook.php(348): WP_Hook->apply_filters(NULL, Array)
#6 /wordpress/wp-includes/plugin.php(517): WP_Hook->do_action(Array)
#7 /wordpress/wp-settings.php(727): do_action('init')
#8 /wordpress/wp-config.php(102): require_once('/wordpress/wp-s...')
#9 /wordpress/wp-load.php(50): require_once('/wordpress/wp-c...')
#10 /internal/eval.php(3): require_once('/wordpress/wp-l...')
#11 {main}
  thrown in /wordpress/wp-content/plugins/bp-profile-home-widgets/includes/bpphw-functions.php on line 889
[06-May-2025 09:52:12 UTC] PHP Deprecated:  Function get_plugin_data was called with an argument that is <strong>deprecated</strong> since version 3.0.0! The <code>Site Wide Only: true</code> plugin header is deprecated. Use <code>Network: true</code> instead. in /wordpress/wp-includes/functions.php on line 6121
[06-May-2025 09:52:13 UTC] PHP Fatal error:  Uncaught Error: Call to undefined function bp_get_theme_package_id() in /wordpress/wp-content/plugins/bp-profile-home-widgets/includes/bpphw-functions.php:889
Stack trace:
#0 /wordpress/wp-includes/class-wp-hook.php(324): bpphw_activate_legacy_widget_areas('')
#1 /wordpress/wp-includes/class-wp-hook.php(348): WP_Hook->apply_filters(NULL, Array)
#2 /wordpress/wp-includes/plugin.php(517): WP_Hook->do_action(Array)
#3 /wordpress/wp-includes/widgets.php(1870): do_action('widgets_init')
#4 /wordpress/wp-includes/class-wp-hook.php(324): wp_widgets_init('')
#5 /wordpress/wp-includes/class-wp-hook.php(348): WP_Hook->apply_filters(NULL, Array)
#6 /wordpress/wp-includes/plugin.php(517): WP_Hook->do_action(Array)
#7 /wordpress/wp-settings.php(727): do_action('init')
#8 /wordpress/wp-config.php(102): require_once('/wordpress/wp-s...')
#9 /wordpress/wp-load.php(50): require_once('/wordpress/wp-c...')
#10 /internal/eval.php(3): require_once('/wordpress/wp-l...')
#11 {main}
  thrown in /wordpress/wp-content/plugins/bp-profile-home-widgets/includes/bpphw-functions.php on line 889
[06-May-2025 09:52:22 UTC] PHP Deprecated:  Function get_plugin_data was called with an argument that is <strong>deprecated</strong> since version 3.0.0! The <code>Site Wide Only: true</code> plugin header is deprecated. Use <code>Network: true</code> instead. in /wordpress/wp-includes/functions.php on line 6121
[06-May-2025 09:52:23 UTC] PHP Fatal error:  Uncaught Error: Call to undefined function bp_get_theme_package_id() in /wordpress/wp-content/plugins/bp-profile-home-widgets/includes/bpphw-functions.php:889
Stack trace:
#0 /wordpress/wp-includes/class-wp-hook.php(324): bpphw_activate_legacy_widget_areas('')
#1 /wordpress/wp-includes/class-wp-hook.php(348): WP_Hook->apply_filters(NULL, Array)
#2 /wordpress/wp-includes/plugin.php(517): WP_Hook->do_action(Array)
#3 /wordpress/wp-includes/widgets.php(1870): do_action('widgets_init')
#4 /wordpress/wp-includes/class-wp-hook.php(324): wp_widgets_init('')
#5 /wordpress/wp-includes/class-wp-hook.php(348): WP_Hook->apply_filters(NULL, Array)
#6 /wordpress/wp-includes/plugin.php(517): WP_Hook->do_action(Array)
#7 /wordpress/wp-settings.php(727): do_action('init')
#8 /wordpress/wp-config.php(102): require_once('/wordpress/wp-s...')
#9 /wordpress/wp-load.php(50): require_once('/wordpress/wp-c...')
#10 /internal/eval.php(3): require_once('/wordpress/wp-l...')
#11 {main}
  thrown in /wordpress/wp-content/plugins/bp-profile-home-widgets/includes/bpphw-functions.php on line 889
[06-May-2025 09:52:32 UTC] PHP Deprecated:  Function get_plugin_data was called with an argument that is <strong>deprecated</strong> since version 3.0.0! The <code>Site Wide Only: true</code> plugin header is deprecated. Use <code>Network: true</code> instead. in /wordpress/wp-includes/functions.php on line 6121
[06-May-2025 09:52:41 UTC] PHP Deprecated:  Function get_plugin_data was called with an argument that is <strong>deprecated</strong> since version 3.0.0! The <code>Site Wide Only: true</code> plugin header is deprecated. Use <code>Network: true</code> instead. in /wordpress/wp-includes/functions.php on line 6121
[06-May-2025 09:52:49 UTC] PHP Deprecated:  Function get_plugin_data was called with an argument that is <strong>deprecated</strong> since version 3.0.0! The <code>Site Wide Only: true</code> plugin header is deprecated. Use <code>Network: true</code> instead. in /wordpress/wp-includes/functions.php on line 6121
[06-May-2025 09:52:59 UTC] PHP Deprecated:  Function get_plugin_data was called with an argument that is <strong>deprecated</strong> since version 3.0.0! The <code>Site Wide Only: true</code> plugin header is deprecated. Use <code>Network: true</code> instead. in /wordpress/wp-includes/functions.php on line 6121
[06-May-2025 09:53:08 UTC] PHP Deprecated:  Function get_plugin_data was called with an argument that is <strong>deprecated</strong> since version 3.0.0! The <code>Site Wide Only: true</code> plugin header is deprecated. Use <code>Network: true</code> instead. in /wordpress/wp-includes/functions.php on line 6121
[06-May-2025 09:53:16 UTC] PHP Deprecated:  Function get_plugin_data was called with an argument that is <strong>deprecated</strong> since version 3.0.0! The <code>Site Wide Only: true</code> plugin header is deprecated. Use <code>Network: true</code> instead. in /wordpress/wp-includes/functions.php on line 6121
[06-May-2025 09:53:26 UTC] PHP Deprecated:  Function get_plugin_data was called with an argument that is <strong>deprecated</strong> since version 3.0.0! The <code>Site Wide Only: true</code> plugin header is deprecated. Use <code>Network: true</code> instead. in /wordpress/wp-includes/functions.php on line 6121
[06-May-2025 09:53:36 UTC] PHP Deprecated:  Function get_plugin_data was called with an argument that is <strong>deprecated</strong> since version 3.0.0! The <code>Site Wide Only: true</code> plugin header is deprecated. Use <code>Network: true</code> instead. in /wordpress/wp-includes/functions.php on line 6121
[06-May-2025 09:53:45 UTC] PHP Deprecated:  Function get_plugin_data was called with an argument that is <strong>deprecated</strong> since version 3.0.0! The <code>Site Wide Only: true</code> plugin header is deprecated. Use <code>Network: true</code> instead. in /wordpress/wp-includes/functions.php on line 6121
[06-May-2025 09:53:56 UTC] PHP Deprecated:  Function get_plugin_data was called with an argument that is <strong>deprecated</strong> since version 3.0.0! The <code>Site Wide Only: true</code> plugin header is deprecated. Use <code>Network: true</code> instead. in /wordpress/wp-includes/functions.php on line 6121
[06-May-2025 09:53:57 UTC] PHP Deprecated:  Function register_widget_control is <strong>deprecated</strong> since version 2.8.0! Use wp_register_widget_control() instead. in /wordpress/wp-includes/functions.php on line 6121
[06-May-2025 09:53:57 UTC] PHP Deprecated:  Function register_sidebar_widget is <strong>deprecated</strong> since version 2.8.0! Use wp_register_sidebar_widget() instead. in /wordpress/wp-includes/functions.php on line 6121
[06-May-2025 09:54:05 UTC] PHP Deprecated:  Function get_plugin_data was called with an argument that is <strong>deprecated</strong> since version 3.0.0! The <code>Site Wide Only: true</code> plugin header is deprecated. Use <code>Network: true</code> instead. in /wordpress/wp-includes/functions.php on line 6121
[06-May-2025 09:54:06 UTC] PHP Deprecated:  Function register_widget_control is <strong>deprecated</strong> since version 2.8.0! Use wp_register_widget_control() instead. in /wordpress/wp-includes/functions.php on line 6121
[06-May-2025 09:54:06 UTC] PHP Deprecated:  Function register_sidebar_widget is <strong>deprecated</strong> since version 2.8.0! Use wp_register_sidebar_widget() instead. in /wordpress/wp-includes/functions.php on line 6121
[06-May-2025 09:54:14 UTC] PHP Deprecated:  Function get_plugin_data was called with an argument that is <strong>deprecated</strong> since version 3.0.0! The <code>Site Wide Only: true</code> plugin header is deprecated. Use <code>Network: true</code> instead. in /wordpress/wp-includes/functions.php on line 6121
[06-May-2025 09:54:15 UTC] PHP Deprecated:  Function register_widget_control is <strong>deprecated</strong> since version 2.8.0! Use wp_register_widget_control() instead. in /wordpress/wp-includes/functions.php on line 6121
[06-May-2025 09:54:15 UTC] PHP Deprecated:  Function register_sidebar_widget is <strong>deprecated</strong> since version 2.8.0! Use wp_register_sidebar_widget() instead. in /wordpress/wp-includes/functions.php on line 6121
[06-May-2025 09:54:23 UTC] PHP Deprecated:  Function get_plugin_data was called with an argument that is <strong>deprecated</strong> since version 3.0.0! The <code>Site Wide Only: true</code> plugin header is deprecated. Use <code>Network: true</code> instead. in /wordpress/wp-includes/functions.php on line 6121
[06-May-2025 09:54:23 UTC] PHP Deprecated:  Function wpdb::escape is <strong>deprecated</strong> since version 3.6.0! Use wpdb::prepare() or esc_sql() instead. in /wordpress/wp-includes/functions.php on line 6121
[06-May-2025 09:54:25 UTC] PHP Warning:  Attempt to read property "username" on null in /wordpress/wp-content/plugins/banti-album-proofing/banti-album-proofing.php on line 152
[06-May-2025 09:54:32 UTC] PHP Deprecated:  Function get_plugin_data was called with an argument that is <strong>deprecated</strong> since version 3.0.0! The <code>Site Wide Only: true</code> plugin header is deprecated. Use <code>Network: true</code> instead. in /wordpress/wp-includes/functions.php on line 6121
[06-May-2025 09:54:32 UTC] PHP Deprecated:  Function wpdb::escape is <strong>deprecated</strong> since version 3.6.0! Use wpdb::prepare() or esc_sql() instead. in /wordpress/wp-includes/functions.php on line 6121
[06-May-2025 09:54:33 UTC] PHP Warning:  Attempt to read property "username" on null in /wordpress/wp-content/plugins/banti-album-proofing/banti-album-proofing.php on line 152
[06-May-2025 09:54:42 UTC] PHP Deprecated:  Function get_plugin_data was called with an argument that is <strong>deprecated</strong> since version 3.0.0! The <code>Site Wide Only: true</code> plugin header is deprecated. Use <code>Network: true</code> instead. in /wordpress/wp-includes/functions.php on line 6121
[06-May-2025 09:54:42 UTC] PHP Deprecated:  Function wpdb::escape is <strong>deprecated</strong> since version 3.6.0! Use wpdb::prepare() or esc_sql() instead. in /wordpress/wp-includes/functions.php on line 6121
[06-May-2025 09:54:43 UTC] PHP Warning:  Attempt to read property "username" on null in /wordpress/wp-content/plugins/banti-album-proofing/banti-album-proofing.php on line 152
[06-May-2025 09:54:52 UTC] PHP Deprecated:  Function get_plugin_data was called with an argument that is <strong>deprecated</strong> since version 3.0.0! The <code>Site Wide Only: true</code> plugin header is deprecated. Use <code>Network: true</code> instead. in /wordpress/wp-includes/functions.php on line 6121
[06-May-2025 09:55:02 UTC] PHP Deprecated:  Function get_plugin_data was called with an argument that is <strong>deprecated</strong> since version 3.0.0! The <code>Site Wide Only: true</code> plugin header is deprecated. Use <code>Network: true</code> instead. in /wordpress/wp-includes/functions.php on line 6121
[06-May-2025 09:55:12 UTC] PHP Deprecated:  Function get_plugin_data was called with an argument that is <strong>deprecated</strong> since version 3.0.0! The <code>Site Wide Only: true</code> plugin header is deprecated. Use <code>Network: true</code> instead. in /wordpress/wp-includes/functions.php on line 6121
[06-May-2025 09:55:45 UTC] PHP Deprecated:  Function get_plugin_data was called with an argument that is <strong>deprecated</strong> since version 3.0.0! The <code>Site Wide Only: true</code> plugin header is deprecated. Use <code>Network: true</code> instead. in /wordpress/wp-includes/functions.php on line 6121
[06-May-2025 09:55:46 UTC] PHP Notice:  Function _load_textdomain_just_in_time was called <strong>incorrectly</strong>. Translation loading for the <code>bedbooking</code> domain was triggered too early. This is usually an indicator for some code in the plugin or theme running too early. Translations should be loaded at the <code>init</code> action or later. Please see <a href="https://developer.wordpress.org/advanced-administration/debug/debug-wordpress/">Debugging in WordPress</a> for more information. (This message was added in version 6.7.0.) in /wordpress/wp-includes/functions.php on line 6121
[06-May-2025 09:55:46 UTC] PHP Fatal error:  Uncaught ArgumentCountError: Too few arguments to function WP_Widget::__construct(), 0 passed in /wordpress/wp-includes/class-wp-widget-factory.php on line 62 and at least 2 expected in /wordpress/wp-includes/class-wp-widget.php:163
Stack trace:
#0 /wordpress/wp-includes/class-wp-widget-factory.php(62): WP_Widget->__construct()
#1 /wordpress/wp-includes/widgets.php(123): WP_Widget_Factory->register('BedBookingWidge...')
#2 /wordpress/wp-content/plugins/bedbooking-booking-calendar-reservation-system/BedBookingPlugin.php(49): register_widget('BedBookingWidge...')
#3 /wordpress/wp-includes/class-wp-hook.php(324): bedbooking_register_widgets('')
#4 /wordpress/wp-includes/class-wp-hook.php(348): WP_Hook->apply_filters(NULL, Array)
#5 /wordpress/wp-includes/plugin.php(517): WP_Hook->do_action(Array)
#6 /wordpress/wp-includes/widgets.php(1870): do_action('widgets_init')
#7 /wordpress/wp-includes/class-wp-hook.php(324): wp_widgets_init('')
#8 /wordpress/wp-includes/class-wp-hook.php(348): WP_Hook->apply_filters(NULL, Array)
#9 /wordpress/wp-includes/plugin.php(517): WP_Hook->do_action(Array)
#10 /wordpress/wp-settings.php(727): do_action('init')
#11 /wordpress/wp-config.php(102): require_once('/wordpress/wp-s...')
#12 /wordpress/wp-load.php(50): require_once('/wordpress/wp-c...')
#13 /internal/eval.php(3): require_once('/wordpress/wp-l...')
#14 {main}
  thrown in /wordpress/wp-includes/class-wp-widget.php on line 163
[06-May-2025 09:55:54 UTC] PHP Deprecated:  Function get_plugin_data was called with an argument that is <strong>deprecated</strong> since version 3.0.0! The <code>Site Wide Only: true</code> plugin header is deprecated. Use <code>Network: true</code> instead. in /wordpress/wp-includes/functions.php on line 6121
[06-May-2025 09:55:55 UTC] PHP Notice:  Function _load_textdomain_just_in_time was called <strong>incorrectly</strong>. Translation loading for the <code>bedbooking</code> domain was triggered too early. This is usually an indicator for some code in the plugin or theme running too early. Translations should be loaded at the <code>init</code> action or later. Please see <a href="https://developer.wordpress.org/advanced-administration/debug/debug-wordpress/">Debugging in WordPress</a> for more information. (This message was added in version 6.7.0.) in /wordpress/wp-includes/functions.php on line 6121
[06-May-2025 09:55:55 UTC] PHP Fatal error:  Uncaught ArgumentCountError: Too few arguments to function WP_Widget::__construct(), 0 passed in /wordpress/wp-includes/class-wp-widget-factory.php on line 62 and at least 2 expected in /wordpress/wp-includes/class-wp-widget.php:163
Stack trace:
#0 /wordpress/wp-includes/class-wp-widget-factory.php(62): WP_Widget->__construct()
#1 /wordpress/wp-includes/widgets.php(123): WP_Widget_Factory->register('BedBookingWidge...')
#2 /wordpress/wp-content/plugins/bedbooking-booking-calendar-reservation-system/BedBookingPlugin.php(49): register_widget('BedBookingWidge...')
#3 /wordpress/wp-includes/class-wp-hook.php(324): bedbooking_register_widgets('')
#4 /wordpress/wp-includes/class-wp-hook.php(348): WP_Hook->apply_filters(NULL, Array)
#5 /wordpress/wp-includes/plugin.php(517): WP_Hook->do_action(Array)
#6 /wordpress/wp-includes/widgets.php(1870): do_action('widgets_init')
#7 /wordpress/wp-includes/class-wp-hook.php(324): wp_widgets_init('')
#8 /wordpress/wp-includes/class-wp-hook.php(348): WP_Hook->apply_filters(NULL, Array)
#9 /wordpress/wp-includes/plugin.php(517): WP_Hook->do_action(Array)
#10 /wordpress/wp-settings.php(727): do_action('init')
#11 /wordpress/wp-config.php(102): require_once('/wordpress/wp-s...')
#12 /wordpress/wp-load.php(50): require_once('/wordpress/wp-c...')
#13 /internal/eval.php(3): require_once('/wordpress/wp-l...')
#14 {main}
  thrown in /wordpress/wp-includes/class-wp-widget.php on line 163
[06-May-2025 09:56:04 UTC] PHP Deprecated:  Function get_plugin_data was called with an argument that is <strong>deprecated</strong> since version 3.0.0! The <code>Site Wide Only: true</code> plugin header is deprecated. Use <code>Network: true</code> instead. in /wordpress/wp-includes/functions.php on line 6121
[06-May-2025 09:56:05 UTC] PHP Notice:  Function _load_textdomain_just_in_time was called <strong>incorrectly</strong>. Translation loading for the <code>bedbooking</code> domain was triggered too early. This is usually an indicator for some code in the plugin or theme running too early. Translations should be loaded at the <code>init</code> action or later. Please see <a href="https://developer.wordpress.org/advanced-administration/debug/debug-wordpress/">Debugging in WordPress</a> for more information. (This message was added in version 6.7.0.) in /wordpress/wp-includes/functions.php on line 6121
[06-May-2025 09:56:05 UTC] PHP Fatal error:  Uncaught ArgumentCountError: Too few arguments to function WP_Widget::__construct(), 0 passed in /wordpress/wp-includes/class-wp-widget-factory.php on line 62 and at least 2 expected in /wordpress/wp-includes/class-wp-widget.php:163
Stack trace:
#0 /wordpress/wp-includes/class-wp-widget-factory.php(62): WP_Widget->__construct()
#1 /wordpress/wp-includes/widgets.php(123): WP_Widget_Factory->register('BedBookingWidge...')
#2 /wordpress/wp-content/plugins/bedbooking-booking-calendar-reservation-system/BedBookingPlugin.php(49): register_widget('BedBookingWidge...')
#3 /wordpress/wp-includes/class-wp-hook.php(324): bedbooking_register_widgets('')
#4 /wordpress/wp-includes/class-wp-hook.php(348): WP_Hook->apply_filters(NULL, Array)
#5 /wordpress/wp-includes/plugin.php(517): WP_Hook->do_action(Array)
#6 /wordpress/wp-includes/widgets.php(1870): do_action('widgets_init')
#7 /wordpress/wp-includes/class-wp-hook.php(324): wp_widgets_init('')
#8 /wordpress/wp-includes/class-wp-hook.php(348): WP_Hook->apply_filters(NULL, Array)
#9 /wordpress/wp-includes/plugin.php(517): WP_Hook->do_action(Array)
#10 /wordpress/wp-settings.php(727): do_action('init')
#11 /wordpress/wp-config.php(102): require_once('/wordpress/wp-s...')
#12 /wordpress/wp-load.php(50): require_once('/wordpress/wp-c...')
#13 /internal/eval.php(3): require_once('/wordpress/wp-l...')
#14 {main}
  thrown in /wordpress/wp-includes/class-wp-widget.php on line 163
[06-May-2025 09:56:15 UTC] PHP Deprecated:  Function get_plugin_data was called with an argument that is <strong>deprecated</strong> since version 3.0.0! The <code>Site Wide Only: true</code> plugin header is deprecated. Use <code>Network: true</code> instead. in /wordpress/wp-includes/functions.php on line 6121
[06-May-2025 09:56:25 UTC] PHP Deprecated:  Function get_plugin_data was called with an argument that is <strong>deprecated</strong> since version 3.0.0! The <code>Site Wide Only: true</code> plugin header is deprecated. Use <code>Network: true</code> instead. in /wordpress/wp-includes/functions.php on line 6121
[06-May-2025 09:56:35 UTC] PHP Deprecated:  Function get_plugin_data was called with an argument that is <strong>deprecated</strong> since version 3.0.0! The <code>Site Wide Only: true</code> plugin header is deprecated. Use <code>Network: true</code> instead. in /wordpress/wp-includes/functions.php on line 6121
[06-May-2025 09:56:48 UTC] PHP Deprecated:  Function get_plugin_data was called with an argument that is <strong>deprecated</strong> since version 3.0.0! The <code>Site Wide Only: true</code> plugin header is deprecated. Use <code>Network: true</code> instead. in /wordpress/wp-includes/functions.php on line 6121
[06-May-2025 09:57:01 UTC] PHP Deprecated:  Function get_plugin_data was called with an argument that is <strong>deprecated</strong> since version 3.0.0! The <code>Site Wide Only: true</code> plugin header is deprecated. Use <code>Network: true</code> instead. in /wordpress/wp-includes/functions.php on line 6121
[06-May-2025 09:57:14 UTC] PHP Deprecated:  Function get_plugin_data was called with an argument that is <strong>deprecated</strong> since version 3.0.0! The <code>Site Wide Only: true</code> plugin header is deprecated. Use <code>Network: true</code> instead. in /wordpress/wp-includes/functions.php on line 6121
[06-May-2025 09:57:26 UTC] PHP Deprecated:  Function get_plugin_data was called with an argument that is <strong>deprecated</strong> since version 3.0.0! The <code>Site Wide Only: true</code> plugin header is deprecated. Use <code>Network: true</code> instead. in /wordpress/wp-includes/functions.php on line 6121
[06-May-2025 09:57:35 UTC] PHP Deprecated:  Function get_plugin_data was called with an argument that is <strong>deprecated</strong> since version 3.0.0! The <code>Site Wide Only: true</code> plugin header is deprecated. Use <code>Network: true</code> instead. in /wordpress/wp-includes/functions.php on line 6121
[06-May-2025 09:57:45 UTC] PHP Deprecated:  Function get_plugin_data was called with an argument that is <strong>deprecated</strong> since version 3.0.0! The <code>Site Wide Only: true</code> plugin header is deprecated. Use <code>Network: true</code> instead. in /wordpress/wp-includes/functions.php on line 6121
[06-May-2025 09:57:55 UTC] PHP Deprecated:  Function get_plugin_data was called with an argument that is <strong>deprecated</strong> since version 3.0.0! The <code>Site Wide Only: true</code> plugin header is deprecated. Use <code>Network: true</code> instead. in /wordpress/wp-includes/functions.php on line 6121
[06-May-2025 09:58:04 UTC] PHP Deprecated:  Function get_plugin_data was called with an argument that is <strong>deprecated</strong> since version 3.0.0! The <code>Site Wide Only: true</code> plugin header is deprecated. Use <code>Network: true</code> instead. in /wordpress/wp-includes/functions.php on line 6121
[06-May-2025 09:58:13 UTC] PHP Deprecated:  Function get_plugin_data was called with an argument that is <strong>deprecated</strong> since version 3.0.0! The <code>Site Wide Only: true</code> plugin header is deprecated. Use <code>Network: true</code> instead. in /wordpress/wp-includes/functions.php on line 6121
[06-May-2025 09:58:23 UTC] PHP Deprecated:  Function get_plugin_data was called with an argument that is <strong>deprecated</strong> since version 3.0.0! The <code>Site Wide Only: true</code> plugin header is deprecated. Use <code>Network: true</code> instead. in /wordpress/wp-includes/functions.php on line 6121
[06-May-2025 09:58:24 UTC] PHP Warning:  Undefined array key "info" in /wordpress/wp-content/plugins/bittads-for-wordpress/bittads-wp.php on line 126
[06-May-2025 09:58:24 UTC] PHP Fatal error:  Uncaught ArgumentCountError: Too few arguments to function WP_Widget::__construct(), 0 passed in /wordpress/wp-includes/class-wp-widget-factory.php on line 62 and at least 2 expected in /wordpress/wp-includes/class-wp-widget.php:163
Stack trace:
#0 /wordpress/wp-includes/class-wp-widget-factory.php(62): WP_Widget->__construct()
#1 /wordpress/wp-includes/widgets.php(123): WP_Widget_Factory->register('WP_Widget_BittA...')
#2 /wordpress/wp-content/plugins/bittads-for-wordpress/bittads-wp.php(254): register_widget('WP_Widget_BittA...')
#3 /wordpress/wp-includes/class-wp-hook.php(324): registerWidget('')
#4 /wordpress/wp-includes/class-wp-hook.php(348): WP_Hook->apply_filters(NULL, Array)
#5 /wordpress/wp-includes/plugin.php(517): WP_Hook->do_action(Array)
#6 /wordpress/wp-includes/widgets.php(1870): do_action('widgets_init')
#7 /wordpress/wp-includes/class-wp-hook.php(324): wp_widgets_init('')
#8 /wordpress/wp-includes/class-wp-hook.php(348): WP_Hook->apply_filters(NULL, Array)
#9 /wordpress/wp-includes/plugin.php(517): WP_Hook->do_action(Array)
#10 /wordpress/wp-settings.php(727): do_action('init')
#11 /wordpress/wp-config.php(102): require_once('/wordpress/wp-s...')
#12 /wordpress/wp-load.php(50): require_once('/wordpress/wp-c...')
#13 /internal/eval.php(3): require_once('/wordpress/wp-l...')
#14 {main}
  thrown in /wordpress/wp-includes/class-wp-widget.php on line 163
[06-May-2025 09:58:33 UTC] PHP Deprecated:  Function get_plugin_data was called with an argument that is <strong>deprecated</strong> since version 3.0.0! The <code>Site Wide Only: true</code> plugin header is deprecated. Use <code>Network: true</code> instead. in /wordpress/wp-includes/functions.php on line 6121
[06-May-2025 09:58:34 UTC] PHP Warning:  Undefined array key "info" in /wordpress/wp-content/plugins/bittads-for-wordpress/bittads-wp.php on line 126
[06-May-2025 09:58:34 UTC] PHP Fatal error:  Uncaught ArgumentCountError: Too few arguments to function WP_Widget::__construct(), 0 passed in /wordpress/wp-includes/class-wp-widget-factory.php on line 62 and at least 2 expected in /wordpress/wp-includes/class-wp-widget.php:163
Stack trace:
#0 /wordpress/wp-includes/class-wp-widget-factory.php(62): WP_Widget->__construct()
#1 /wordpress/wp-includes/widgets.php(123): WP_Widget_Factory->register('WP_Widget_BittA...')
#2 /wordpress/wp-content/plugins/bittads-for-wordpress/bittads-wp.php(254): register_widget('WP_Widget_BittA...')
#3 /wordpress/wp-includes/class-wp-hook.php(324): registerWidget('')
#4 /wordpress/wp-includes/class-wp-hook.php(348): WP_Hook->apply_filters(NULL, Array)
#5 /wordpress/wp-includes/plugin.php(517): WP_Hook->do_action(Array)
#6 /wordpress/wp-includes/widgets.php(1870): do_action('widgets_init')
#7 /wordpress/wp-includes/class-wp-hook.php(324): wp_widgets_init('')
#8 /wordpress/wp-includes/class-wp-hook.php(348): WP_Hook->apply_filters(NULL, Array)
#9 /wordpress/wp-includes/plugin.php(517): WP_Hook->do_action(Array)
#10 /wordpress/wp-settings.php(727): do_action('init')
#11 /wordpress/wp-config.php(102): require_once('/wordpress/wp-s...')
#12 /wordpress/wp-load.php(50): require_once('/wordpress/wp-c...')
#13 /internal/eval.php(3): require_once('/wordpress/wp-l...')
#14 {main}
  thrown in /wordpress/wp-includes/class-wp-widget.php on line 163

    at Object.onBind (file:///home/runner/work/playground-tester/playground-tester/node_modules/@wp-playground/cli/index.js:237:15)
    at process.processTicksAndRejections (node:internal/process/task_queues:105:5)
    at async V (file:///home/runner/work/playground-tester/playground-tester/node_modules/@wp-playground/cli/index.js:64:10)
    at async ja (file:///home/runner/work/playground-tester/playground-tester/node_modules/@wp-playground/cli/cli.js:8161:12) {
  [cause]: Error: Error when executing the blueprint step #1 ({"step":"installPlugin","pluginData":{"resource":"wordpress.org/plugins","slug":"bittads-for-wordpress"},"options":{"activate":true}}) : PHP.run() failed with exit code 255 and the following output: 
      at Object.run (file:///home/runner/work/playground-tester/playground-tester/node_modules/@wp-playground/blueprints/index.js:12449:19)
      at process.processTicksAndRejections (node:internal/process/task_queues:105:5)
      at async ms (file:///home/runner/work/playground-tester/playground-tester/node_modules/@wp-playground/blueprints/index.js:12552:3)
      ... 2 lines matching cause stack trace ...
      at async ja (file:///home/runner/work/playground-tester/playground-tester/node_modules/@wp-playground/cli/cli.js:8161:12) {
    [cause]: PHPExecutionFailureError: PHP.run() failed with exit code 255 and the following output: 
        at PHP.run (file:///home/runner/work/playground-tester/playground-tester/node_modules/@php-wasm/universal/index.js:987:19)
        at process.processTicksAndRejections (node:internal/process/task_queues:105:5)
        at async wr (file:///home/runner/work/playground-tester/playground-tester/node_modules/@wp-playground/blueprints/index.js:73:13)
        at async Object.gt [as installPlugin] (file:///home/runner/work/playground-tester/playground-tester/node_modules/@wp-playground/blueprints/index.js:974:42)
        at async g (file:///home/runner/work/playground-tester/playground-tester/node_modules/@wp-playground/blueprints/index.js:12517:30)
        at async Object.run (file:///home/runner/work/playground-tester/playground-tester/node_modules/@wp-playground/blueprints/index.js:12446:23)
        at async ms (file:///home/runner/work/playground-tester/playground-tester/node_modules/@wp-playground/blueprints/index.js:12552:3)
        at async Object.onBind (file:///home/runner/work/playground-tester/playground-tester/node_modules/@wp-playground/cli/index.js:227:48)
        at async V (file:///home/runner/work/playground-tester/playground-tester/node_modules/@wp-playground/cli/index.js:64:10)
        at async ja (file:///home/runner/work/playground-tester/playground-tester/node_modules/@wp-playground/cli/cli.js:8161:12) {
      response: PHPResponse {
        httpStatusCode: 500,
        headers: {
          'x-powered-by': [ 'PHP/8.0.30-dev' ],
          'content-type': [ 'text/html; charset=UTF-8' ],
          expires: [ 'Wed, 11 Jan 1984 05:00:00 GMT' ],
          'cache-control': [ 'no-cache, must-revalidate, max-age=0, no-store, private' ]
        },
        bytes: Uint8Array(2653) [
           60,  33,  68,  79,  67,  84,  89,  80,  69,  32, 104, 116,
          109, 108,  62,  10,  60, 104, 116, 109, 108,  32, 108,  97,
          110, 103,  61,  34, 101, 110,  45,  85,  83,  34,  62,  10,
           60, 104, 101,  97, 100,  62,  10,   9,  60, 109, 101, 116,
           97,  32, 104, 116, 116, 112,  45, 101, 113, 117, 105, 118,
           61,  34,  67, 111, 110, 116, 101, 110, 116,  45,  84, 121,
          112, 101,  34,  32,  99, 111, 110, 116, 101, 110, 116,  61,
           34, 116, 101, 120, 116,  47, 104, 116, 109, 108,  59,  32,
           99, 104,  97, 114,
          ... 2553 more items
        ],
        exitCode: 255,
        errors: ''
      },
      source: 'request'
    }
  }
}

Node.js v23.11.0
