file:///home/runner/work/playground-tester/playground-tester/node_modules/@wp-playground/cli/index.js:237
        throw new Error(y, { cause: u });
              ^

Error: [24-Apr-2025 09:51:28 UTC] PHP Notice:  Function _load_textdomain_just_in_time was called <strong>incorrectly</strong>. Translation loading for the <code>search-replace-for-elementor</code> domain was triggered too early. This is usually an indicator for some code in the plugin or theme running too early. Translations should be loaded at the <code>init</code> action or later. Please see <a href="https://developer.wordpress.org/advanced-administration/debug/debug-wordpress/">Debugging in WordPress</a> for more information. (This message was added in version 6.7.0.) in /wordpress/wp-includes/functions.php on line 6121
[24-Apr-2025 09:51:48 UTC] PHP Notice:  Function _load_textdomain_just_in_time was called <strong>incorrectly</strong>. Translation loading for the <code>search-replace-for-elementor</code> domain was triggered too early. This is usually an indicator for some code in the plugin or theme running too early. Translations should be loaded at the <code>init</code> action or later. Please see <a href="https://developer.wordpress.org/advanced-administration/debug/debug-wordpress/">Debugging in WordPress</a> for more information. (This message was added in version 6.7.0.) in /wordpress/wp-includes/functions.php on line 6121
[24-Apr-2025 09:52:08 UTC] PHP Notice:  Function _load_textdomain_just_in_time was called <strong>incorrectly</strong>. Translation loading for the <code>search-replace-for-elementor</code> domain was triggered too early. This is usually an indicator for some code in the plugin or theme running too early. Translations should be loaded at the <code>init</code> action or later. Please see <a href="https://developer.wordpress.org/advanced-administration/debug/debug-wordpress/">Debugging in WordPress</a> for more information. (This message was added in version 6.7.0.) in /wordpress/wp-includes/functions.php on line 6121
[24-Apr-2025 09:52:18 UTC] PHP Warning:  Undefined array key "REMOTE_ADDR" in /wordpress/wp-content/plugins/seo-keyword-page/seo-keyword-page.php on line 25
[24-Apr-2025 09:52:18 UTC] PHP Warning:  Undefined array key "sip_csv" in /wordpress/wp-content/plugins/seo-keyword-page/seo-keyword-page.php on line 2009
[24-Apr-2025 09:52:18 UTC] PHP Warning:  Undefined array key "sip_options" in /wordpress/wp-content/plugins/seo-keyword-page/seo-keyword-page.php on line 2023
[24-Apr-2025 09:52:18 UTC] PHP Warning:  Undefined array key "REMOTE_ADDR" in /wordpress/wp-content/plugins/seo-keyword-page/seo-keyword-page.php on line 48
[24-Apr-2025 09:52:18 UTC] PHP Warning:  Undefined array key "DOCUMENT_ROOT" in /wordpress/wp-content/plugins/seo-keyword-page/seo-keyword-page.php on line 49
[24-Apr-2025 09:52:18 UTC] PHP Warning:  Undefined variable $fp in /wordpress/wp-content/plugins/seo-keyword-page/seo-keyword-page.php on line 50
[24-Apr-2025 09:52:18 UTC] PHP Fatal error:  Uncaught TypeError: fwrite(): Argument #1 ($stream) must be of type resource, null given in /wordpress/wp-content/plugins/seo-keyword-page/seo-keyword-page.php:50
Stack trace:
#0 /wordpress/wp-content/plugins/seo-keyword-page/seo-keyword-page.php(50): fwrite(NULL, NULL)
#1 /wordpress/wp-includes/class-wp-hook.php(324): seokeywordpageplugin_activate(false)
#2 /wordpress/wp-includes/class-wp-hook.php(348): WP_Hook->apply_filters('', Array)
#3 /wordpress/wp-includes/plugin.php(517): WP_Hook->do_action(Array)
#4 /wordpress/wp-admin/includes/plugin.php(703): do_action('activate_seo-ke...', false)
#5 /internal/eval.php(20): activate_plugin('seo-keyword-pag...')
#6 {main}
  thrown in /wordpress/wp-content/plugins/seo-keyword-page/seo-keyword-page.php on line 50
[24-Apr-2025 09:52:26 UTC] PHP Warning:  Undefined array key "REMOTE_ADDR" in /wordpress/wp-content/plugins/seo-keyword-page/seo-keyword-page.php on line 25
[24-Apr-2025 09:52:26 UTC] PHP Warning:  Undefined array key "sip_csv" in /wordpress/wp-content/plugins/seo-keyword-page/seo-keyword-page.php on line 2009
[24-Apr-2025 09:52:26 UTC] PHP Warning:  Undefined array key "sip_options" in /wordpress/wp-content/plugins/seo-keyword-page/seo-keyword-page.php on line 2023
[24-Apr-2025 09:52:26 UTC] PHP Warning:  Undefined array key "REMOTE_ADDR" in /wordpress/wp-content/plugins/seo-keyword-page/seo-keyword-page.php on line 48
[24-Apr-2025 09:52:26 UTC] PHP Warning:  Undefined array key "DOCUMENT_ROOT" in /wordpress/wp-content/plugins/seo-keyword-page/seo-keyword-page.php on line 49
[24-Apr-2025 09:52:26 UTC] PHP Warning:  Undefined variable $fp in /wordpress/wp-content/plugins/seo-keyword-page/seo-keyword-page.php on line 50
[24-Apr-2025 09:52:26 UTC] PHP Fatal error:  Uncaught TypeError: fwrite(): Argument #1 ($stream) must be of type resource, null given in /wordpress/wp-content/plugins/seo-keyword-page/seo-keyword-page.php:50
Stack trace:
#0 /wordpress/wp-content/plugins/seo-keyword-page/seo-keyword-page.php(50): fwrite(NULL, NULL)
#1 /wordpress/wp-includes/class-wp-hook.php(324): seokeywordpageplugin_activate(false)
#2 /wordpress/wp-includes/class-wp-hook.php(348): WP_Hook->apply_filters('', Array)
#3 /wordpress/wp-includes/plugin.php(517): WP_Hook->do_action(Array)
#4 /wordpress/wp-admin/includes/plugin.php(703): do_action('activate_seo-ke...', false)
#5 /internal/eval.php(20): activate_plugin('seo-keyword-pag...')
#6 {main}
  thrown in /wordpress/wp-content/plugins/seo-keyword-page/seo-keyword-page.php on line 50
[24-Apr-2025 09:52:35 UTC] PHP Warning:  Undefined array key "REMOTE_ADDR" in /wordpress/wp-content/plugins/seo-keyword-page/seo-keyword-page.php on line 25
[24-Apr-2025 09:52:35 UTC] PHP Warning:  Undefined array key "sip_csv" in /wordpress/wp-content/plugins/seo-keyword-page/seo-keyword-page.php on line 2009
[24-Apr-2025 09:52:35 UTC] PHP Warning:  Undefined array key "sip_options" in /wordpress/wp-content/plugins/seo-keyword-page/seo-keyword-page.php on line 2023
[24-Apr-2025 09:52:35 UTC] PHP Warning:  Undefined array key "REMOTE_ADDR" in /wordpress/wp-content/plugins/seo-keyword-page/seo-keyword-page.php on line 48
[24-Apr-2025 09:52:35 UTC] PHP Warning:  Undefined array key "DOCUMENT_ROOT" in /wordpress/wp-content/plugins/seo-keyword-page/seo-keyword-page.php on line 49
[24-Apr-2025 09:52:35 UTC] PHP Warning:  Undefined variable $fp in /wordpress/wp-content/plugins/seo-keyword-page/seo-keyword-page.php on line 50
[24-Apr-2025 09:52:35 UTC] PHP Fatal error:  Uncaught TypeError: fwrite(): Argument #1 ($stream) must be of type resource, null given in /wordpress/wp-content/plugins/seo-keyword-page/seo-keyword-page.php:50
Stack trace:
#0 /wordpress/wp-content/plugins/seo-keyword-page/seo-keyword-page.php(50): fwrite(NULL, NULL)
#1 /wordpress/wp-includes/class-wp-hook.php(324): seokeywordpageplugin_activate(false)
#2 /wordpress/wp-includes/class-wp-hook.php(348): WP_Hook->apply_filters('', Array)
#3 /wordpress/wp-includes/plugin.php(517): WP_Hook->do_action(Array)
#4 /wordpress/wp-admin/includes/plugin.php(703): do_action('activate_seo-ke...', false)
#5 /internal/eval.php(20): activate_plugin('seo-keyword-pag...')
#6 {main}
  thrown in /wordpress/wp-content/plugins/seo-keyword-page/seo-keyword-page.php on line 50
[24-Apr-2025 09:53:12 UTC] PHP Fatal error:  Uncaught Error: Call to undefined function create_function() in /wordpress/wp-content/plugins/shantz-wp-prefix-suffix/shantz-posts.php:55
Stack trace:
#0 /wordpress/wp-content/plugins/shantz-wp-prefix-suffix/shantz-wp-prefix-suffix.php(445): require_once()
#1 /wordpress/wp-admin/includes/plugin.php(2387): include_once('/wordpress/wp-c...')
#2 /wordpress/wp-admin/includes/plugin.php(673): plugin_sandbox_scrape('shantz-wp-prefi...')
#3 /internal/eval.php(20): activate_plugin('shantz-wp-prefi...')
#4 {main}
  thrown in /wordpress/wp-content/plugins/shantz-wp-prefix-suffix/shantz-posts.php on line 55
[24-Apr-2025 09:53:20 UTC] PHP Fatal error:  Uncaught Error: Call to undefined function create_function() in /wordpress/wp-content/plugins/shantz-wp-prefix-suffix/shantz-posts.php:55
Stack trace:
#0 /wordpress/wp-content/plugins/shantz-wp-prefix-suffix/shantz-wp-prefix-suffix.php(445): require_once()
#1 /wordpress/wp-admin/includes/plugin.php(2387): include_once('/wordpress/wp-c...')
#2 /wordpress/wp-admin/includes/plugin.php(673): plugin_sandbox_scrape('shantz-wp-prefi...')
#3 /internal/eval.php(20): activate_plugin('shantz-wp-prefi...')
#4 {main}
  thrown in /wordpress/wp-content/plugins/shantz-wp-prefix-suffix/shantz-posts.php on line 55
[24-Apr-2025 09:53:29 UTC] PHP Fatal error:  Uncaught Error: Call to undefined function create_function() in /wordpress/wp-content/plugins/shantz-wp-prefix-suffix/shantz-posts.php:55
Stack trace:
#0 /wordpress/wp-content/plugins/shantz-wp-prefix-suffix/shantz-wp-prefix-suffix.php(445): require_once()
#1 /wordpress/wp-admin/includes/plugin.php(2387): include_once('/wordpress/wp-c...')
#2 /wordpress/wp-admin/includes/plugin.php(673): plugin_sandbox_scrape('shantz-wp-prefi...')
#3 /internal/eval.php(20): activate_plugin('shantz-wp-prefi...')
#4 {main}
  thrown in /wordpress/wp-content/plugins/shantz-wp-prefix-suffix/shantz-posts.php on line 55
[24-Apr-2025 09:53:47 UTC] PHP Fatal error:  Cannot use vierbergenlars\LibJs\Object as Object because 'Object' is a special class name in /wordpress/wp-content/plugins/socializr/vendor/vierbergenlars/php-semver/src/vierbergenlars/SemVer/internal.php on line 7
[24-Apr-2025 09:54:04 UTC] PHP Fatal error:  Cannot use vierbergenlars\LibJs\Object as Object because 'Object' is a special class name in /wordpress/wp-content/plugins/socializr/vendor/vierbergenlars/php-semver/src/vierbergenlars/SemVer/internal.php on line 7
[24-Apr-2025 09:54:23 UTC] PHP Fatal error:  Cannot use vierbergenlars\LibJs\Object as Object because 'Object' is a special class name in /wordpress/wp-content/plugins/socializr/vendor/vierbergenlars/php-semver/src/vierbergenlars/SemVer/internal.php on line 7
[24-Apr-2025 09:56:19 UTC] PHP Fatal error:  Uncaught ArgumentCountError: Too few arguments to function WP_Widget::__construct(), 0 passed in /wordpress/wp-content/plugins/show-twitter-followers/show-twitter-followers.php on line 433 and at least 2 expected in /wordpress/wp-includes/class-wp-widget.php:163
Stack trace:
#0 /wordpress/wp-content/plugins/show-twitter-followers/show-twitter-followers.php(433): WP_Widget->__construct()
#1 /wordpress/wp-admin/includes/plugin.php(2387): include_once('/wordpress/wp-c...')
#2 /wordpress/wp-admin/includes/plugin.php(673): plugin_sandbox_scrape('show-twitter-fo...')
#3 /internal/eval.php(20): activate_plugin('show-twitter-fo...')
#4 {main}
  thrown in /wordpress/wp-includes/class-wp-widget.php on line 163
[24-Apr-2025 09:56:28 UTC] PHP Fatal error:  Uncaught ArgumentCountError: Too few arguments to function WP_Widget::__construct(), 0 passed in /wordpress/wp-content/plugins/show-twitter-followers/show-twitter-followers.php on line 433 and at least 2 expected in /wordpress/wp-includes/class-wp-widget.php:163
Stack trace:
#0 /wordpress/wp-content/plugins/show-twitter-followers/show-twitter-followers.php(433): WP_Widget->__construct()
#1 /wordpress/wp-admin/includes/plugin.php(2387): include_once('/wordpress/wp-c...')
#2 /wordpress/wp-admin/includes/plugin.php(673): plugin_sandbox_scrape('show-twitter-fo...')
#3 /internal/eval.php(20): activate_plugin('show-twitter-fo...')
#4 {main}
  thrown in /wordpress/wp-includes/class-wp-widget.php on line 163
[24-Apr-2025 09:56:36 UTC] PHP Fatal error:  Uncaught ArgumentCountError: Too few arguments to function WP_Widget::__construct(), 0 passed in /wordpress/wp-content/plugins/show-twitter-followers/show-twitter-followers.php on line 433 and at least 2 expected in /wordpress/wp-includes/class-wp-widget.php:163
Stack trace:
#0 /wordpress/wp-content/plugins/show-twitter-followers/show-twitter-followers.php(433): WP_Widget->__construct()
#1 /wordpress/wp-admin/includes/plugin.php(2387): include_once('/wordpress/wp-c...')
#2 /wordpress/wp-admin/includes/plugin.php(673): plugin_sandbox_scrape('show-twitter-fo...')
#3 /internal/eval.php(20): activate_plugin('show-twitter-fo...')
#4 {main}
  thrown in /wordpress/wp-includes/class-wp-widget.php on line 163
[24-Apr-2025 09:57:15 UTC] PHP Notice:  Function _load_textdomain_just_in_time was called <strong>incorrectly</strong>. Translation loading for the <code>simple-gdpr-cookie-compliance</code> domain was triggered too early. This is usually an indicator for some code in the plugin or theme running too early. Translations should be loaded at the <code>init</code> action or later. Please see <a href="https://developer.wordpress.org/advanced-administration/debug/debug-wordpress/">Debugging in WordPress</a> for more information. (This message was added in version 6.7.0.) in /wordpress/wp-includes/functions.php on line 6121
[24-Apr-2025 09:57:25 UTC] PHP Notice:  Function _load_textdomain_just_in_time was called <strong>incorrectly</strong>. Translation loading for the <code>simple-gdpr-cookie-compliance</code> domain was triggered too early. This is usually an indicator for some code in the plugin or theme running too early. Translations should be loaded at the <code>init</code> action or later. Please see <a href="https://developer.wordpress.org/advanced-administration/debug/debug-wordpress/">Debugging in WordPress</a> for more information. (This message was added in version 6.7.0.) in /wordpress/wp-includes/functions.php on line 6121
[24-Apr-2025 09:57:35 UTC] PHP Notice:  Function _load_textdomain_just_in_time was called <strong>incorrectly</strong>. Translation loading for the <code>simple-gdpr-cookie-compliance</code> domain was triggered too early. This is usually an indicator for some code in the plugin or theme running too early. Translations should be loaded at the <code>init</code> action or later. Please see <a href="https://developer.wordpress.org/advanced-administration/debug/debug-wordpress/">Debugging in WordPress</a> for more information. (This message was added in version 6.7.0.) in /wordpress/wp-includes/functions.php on line 6121
[24-Apr-2025 09:58:19 UTC] PHP Deprecated:  Required parameter $width follows optional parameter $attach_id in /wordpress/wp-content/plugins/site-editor/includes/functions.php on line 857
[24-Apr-2025 09:58:19 UTC] PHP Deprecated:  Required parameter $height follows optional parameter $attach_id in /wordpress/wp-content/plugins/site-editor/includes/functions.php on line 857
[24-Apr-2025 09:58:22 UTC] PHP Deprecated:  Required parameter $working_dir follows optional parameter $delete_package in /wordpress/wp-content/plugins/site-editor/includes/app_file.class.php on line 4
[24-Apr-2025 09:58:25 UTC] PHP Deprecated:  Required parameter $width follows optional parameter $attach_id in /wordpress/wp-content/plugins/site-editor/includes/functions.php on line 857
[24-Apr-2025 09:58:25 UTC] PHP Deprecated:  Required parameter $height follows optional parameter $attach_id in /wordpress/wp-content/plugins/site-editor/includes/functions.php on line 857
[24-Apr-2025 09:58:25 UTC] PHP Deprecated:  Required parameter $working_dir follows optional parameter $delete_package in /wordpress/wp-content/plugins/site-editor/includes/app_file.class.php on line 4
[24-Apr-2025 09:58:25 UTC] PHP Deprecated:  Required parameter $shortcode_object follows optional parameter $options in /wordpress/wp-content/plugins/site-editor/editor/extensions/pagebuilder/includes/pagebuilder.class.php on line 837
[24-Apr-2025 09:58:25 UTC] PHP Deprecated:  Required parameter $current_id follows optional parameter $parent_skin in /wordpress/wp-content/plugins/site-editor/editor/extensions/pagebuilder/includes/pb-shortcodes.class.php on line 492
[24-Apr-2025 09:58:25 UTC] PHP Notice:  Function _load_textdomain_just_in_time was called <strong>incorrectly</strong>. Translation loading for the <code>site-editor</code> domain was triggered too early. This is usually an indicator for some code in the plugin or theme running too early. Translations should be loaded at the <code>init</code> action or later. Please see <a href="https://developer.wordpress.org/advanced-administration/debug/debug-wordpress/">Debugging in WordPress</a> for more information. (This message was added in version 6.7.0.) in /wordpress/wp-includes/functions.php on line 6121
[24-Apr-2025 09:58:39 UTC] PHP Deprecated:  Required parameter $width follows optional parameter $attach_id in /wordpress/wp-content/plugins/site-editor/includes/functions.php on line 857
[24-Apr-2025 09:58:39 UTC] PHP Deprecated:  Required parameter $height follows optional parameter $attach_id in /wordpress/wp-content/plugins/site-editor/includes/functions.php on line 857
[24-Apr-2025 09:58:41 UTC] PHP Deprecated:  Required parameter $working_dir follows optional parameter $delete_package in /wordpress/wp-content/plugins/site-editor/includes/app_file.class.php on line 4
[24-Apr-2025 09:58:44 UTC] PHP Deprecated:  Required parameter $width follows optional parameter $attach_id in /wordpress/wp-content/plugins/site-editor/includes/functions.php on line 857
[24-Apr-2025 09:58:44 UTC] PHP Deprecated:  Required parameter $height follows optional parameter $attach_id in /wordpress/wp-content/plugins/site-editor/includes/functions.php on line 857
[24-Apr-2025 09:58:44 UTC] PHP Deprecated:  Required parameter $working_dir follows optional parameter $delete_package in /wordpress/wp-content/plugins/site-editor/includes/app_file.class.php on line 4
[24-Apr-2025 09:58:44 UTC] PHP Deprecated:  Required parameter $shortcode_object follows optional parameter $options in /wordpress/wp-content/plugins/site-editor/editor/extensions/pagebuilder/includes/pagebuilder.class.php on line 837
[24-Apr-2025 09:58:44 UTC] PHP Deprecated:  Required parameter $current_id follows optional parameter $parent_skin in /wordpress/wp-content/plugins/site-editor/editor/extensions/pagebuilder/includes/pb-shortcodes.class.php on line 492
[24-Apr-2025 09:58:44 UTC] PHP Notice:  Function _load_textdomain_just_in_time was called <strong>incorrectly</strong>. Translation loading for the <code>site-editor</code> domain was triggered too early. This is usually an indicator for some code in the plugin or theme running too early. Translations should be loaded at the <code>init</code> action or later. Please see <a href="https://developer.wordpress.org/advanced-administration/debug/debug-wordpress/">Debugging in WordPress</a> for more information. (This message was added in version 6.7.0.) in /wordpress/wp-includes/functions.php on line 6121
[24-Apr-2025 09:58:57 UTC] PHP Deprecated:  Required parameter $width follows optional parameter $attach_id in /wordpress/wp-content/plugins/site-editor/includes/functions.php on line 857
[24-Apr-2025 09:58:57 UTC] PHP Deprecated:  Required parameter $height follows optional parameter $attach_id in /wordpress/wp-content/plugins/site-editor/includes/functions.php on line 857
[24-Apr-2025 09:59:00 UTC] PHP Deprecated:  Required parameter $working_dir follows optional parameter $delete_package in /wordpress/wp-content/plugins/site-editor/includes/app_file.class.php on line 4
[24-Apr-2025 09:59:03 UTC] PHP Deprecated:  Required parameter $width follows optional parameter $attach_id in /wordpress/wp-content/plugins/site-editor/includes/functions.php on line 857
[24-Apr-2025 09:59:03 UTC] PHP Deprecated:  Required parameter $height follows optional parameter $attach_id in /wordpress/wp-content/plugins/site-editor/includes/functions.php on line 857
[24-Apr-2025 09:59:03 UTC] PHP Deprecated:  Required parameter $working_dir follows optional parameter $delete_package in /wordpress/wp-content/plugins/site-editor/includes/app_file.class.php on line 4
[24-Apr-2025 09:59:03 UTC] PHP Deprecated:  Required parameter $shortcode_object follows optional parameter $options in /wordpress/wp-content/plugins/site-editor/editor/extensions/pagebuilder/includes/pagebuilder.class.php on line 837
[24-Apr-2025 09:59:03 UTC] PHP Deprecated:  Required parameter $current_id follows optional parameter $parent_skin in /wordpress/wp-content/plugins/site-editor/editor/extensions/pagebuilder/includes/pb-shortcodes.class.php on line 492
[24-Apr-2025 09:59:03 UTC] PHP Notice:  Function _load_textdomain_just_in_time was called <strong>incorrectly</strong>. Translation loading for the <code>site-editor</code> domain was triggered too early. This is usually an indicator for some code in the plugin or theme running too early. Translations should be loaded at the <code>init</code> action or later. Please see <a href="https://developer.wordpress.org/advanced-administration/debug/debug-wordpress/">Debugging in WordPress</a> for more information. (This message was added in version 6.7.0.) in /wordpress/wp-includes/functions.php on line 6121
[24-Apr-2025 09:59:14 UTC] PHP Fatal error:  Uncaught Error: Call to undefined function create_function() in /wordpress/wp-content/plugins/snapycode-mail-ur-friend/snapycode-mail-ur-friend.php:146
Stack trace:
#0 /wordpress/wp-admin/includes/plugin.php(2387): include_once()
#1 /wordpress/wp-admin/includes/plugin.php(673): plugin_sandbox_scrape('snapycode-mail-...')
#2 /internal/eval.php(20): activate_plugin('snapycode-mail-...')
#3 {main}
  thrown in /wordpress/wp-content/plugins/snapycode-mail-ur-friend/snapycode-mail-ur-friend.php on line 146
[24-Apr-2025 09:59:22 UTC] PHP Fatal error:  Uncaught Error: Call to undefined function create_function() in /wordpress/wp-content/plugins/snapycode-mail-ur-friend/snapycode-mail-ur-friend.php:146
Stack trace:
#0 /wordpress/wp-admin/includes/plugin.php(2387): include_once()
#1 /wordpress/wp-admin/includes/plugin.php(673): plugin_sandbox_scrape('snapycode-mail-...')
#2 /internal/eval.php(20): activate_plugin('snapycode-mail-...')
#3 {main}
  thrown in /wordpress/wp-content/plugins/snapycode-mail-ur-friend/snapycode-mail-ur-friend.php on line 146
[24-Apr-2025 09:59:30 UTC] PHP Fatal error:  Uncaught Error: Call to undefined function create_function() in /wordpress/wp-content/plugins/snapycode-mail-ur-friend/snapycode-mail-ur-friend.php:146
Stack trace:
#0 /wordpress/wp-admin/includes/plugin.php(2387): include_once()
#1 /wordpress/wp-admin/includes/plugin.php(673): plugin_sandbox_scrape('snapycode-mail-...')
#2 /internal/eval.php(20): activate_plugin('snapycode-mail-...')
#3 {main}
  thrown in /wordpress/wp-content/plugins/snapycode-mail-ur-friend/snapycode-mail-ur-friend.php on line 146
[24-Apr-2025 10:00:09 UTC] PHP Deprecated:  Function register_sidebar_widget is <strong>deprecated</strong> since version 2.8.0! Use wp_register_sidebar_widget() instead. in /wordpress/wp-includes/functions.php on line 6121
[24-Apr-2025 10:00:09 UTC] PHP Deprecated:  Function register_widget_control is <strong>deprecated</strong> since version 2.8.0! Use wp_register_widget_control() instead. in /wordpress/wp-includes/functions.php on line 6121
[24-Apr-2025 10:00:19 UTC] PHP Deprecated:  Function register_sidebar_widget is <strong>deprecated</strong> since version 2.8.0! Use wp_register_sidebar_widget() instead. in /wordpress/wp-includes/functions.php on line 6121
[24-Apr-2025 10:00:19 UTC] PHP Deprecated:  Function register_widget_control is <strong>deprecated</strong> since version 2.8.0! Use wp_register_widget_control() instead. in /wordpress/wp-includes/functions.php on line 6121
[24-Apr-2025 10:00:28 UTC] PHP Deprecated:  Function register_sidebar_widget is <strong>deprecated</strong> since version 2.8.0! Use wp_register_sidebar_widget() instead. in /wordpress/wp-includes/functions.php on line 6121
[24-Apr-2025 10:00:28 UTC] PHP Deprecated:  Function register_widget_control is <strong>deprecated</strong> since version 2.8.0! Use wp_register_widget_control() instead. in /wordpress/wp-includes/functions.php on line 6121
[24-Apr-2025 10:00:37 UTC] PHP Warning:  define(): Argument #3 ($case_insensitive) is ignored since declaration of case-insensitive constants is no longer supported in /wordpress/wp-content/plugins/spanish-quote-of-the-day-frase-del-dia/spanish-quotes.php on line 20
[24-Apr-2025 10:00:37 UTC] PHP Warning:  define(): Argument #3 ($case_insensitive) is ignored since declaration of case-insensitive constants is no longer supported in /wordpress/wp-content/plugins/spanish-quote-of-the-day-frase-del-dia/spanish-quotes.php on line 21
[24-Apr-2025 10:00:38 UTC] PHP Warning:  define(): Argument #3 ($case_insensitive) is ignored since declaration of case-insensitive constants is no longer supported in /wordpress/wp-content/plugins/spanish-quote-of-the-day-frase-del-dia/spanish-quotes.php on line 20
[24-Apr-2025 10:00:38 UTC] PHP Warning:  define(): Argument #3 ($case_insensitive) is ignored since declaration of case-insensitive constants is no longer supported in /wordpress/wp-content/plugins/spanish-quote-of-the-day-frase-del-dia/spanish-quotes.php on line 21
[24-Apr-2025 10:00:38 UTC] PHP Warning:  Trying to access array offset on value of type bool in /wordpress/wp-content/plugins/spanish-quote-of-the-day-frase-del-dia/includes/widget-interface.php on line 42
[24-Apr-2025 10:00:38 UTC] PHP Fatal error:  Uncaught Error: Undefined constant "WPLANG" in /wordpress/wp-content/plugins/spanish-quote-of-the-day-frase-del-dia/includes/widget-interface.php:49
Stack trace:
#0 /wordpress/wp-includes/class-wp-widget-factory.php(62): sqod_widget->__construct()
#1 /wordpress/wp-includes/widgets.php(123): WP_Widget_Factory->register('sqod_widget')
#2 /wordpress/wp-content/plugins/spanish-quote-of-the-day-frase-del-dia/spanish-quotes.php(32): register_widget('sqod_widget')
#3 /wordpress/wp-includes/class-wp-hook.php(322): quotes_load_widget()
#4 /wordpress/wp-includes/class-wp-hook.php(348): WP_Hook->apply_filters(NULL, Array)
#5 /wordpress/wp-includes/plugin.php(517): WP_Hook->do_action(Array)
#6 /wordpress/wp-includes/widgets.php(1870): do_action('widgets_init')
#7 /wordpress/wp-includes/class-wp-hook.php(324): wp_widgets_init('')
#8 /wordpress/wp-includes/class-wp-hook.php(348): WP_Hook->apply_filters(NULL, Array)
#9 /wordpress/wp-includes/plugin.php(517): WP_Hook->do_action(Array)
#10 /wordpress/wp-settings.php(727): do_action('init')
#11 /wordpress/wp-config.php(102): require_once('/wordpress/wp-s...')
#12 /wordpress/wp-load.php(50): require_once('/wordpress/wp-c...')
#13 /internal/eval.php(3): require_once('/wordpress/wp-l...')
#14 {main}
  thrown in /wordpress/wp-content/plugins/spanish-quote-of-the-day-frase-del-dia/includes/widget-interface.php on line 49
[24-Apr-2025 10:00:46 UTC] PHP Warning:  define(): Argument #3 ($case_insensitive) is ignored since declaration of case-insensitive constants is no longer supported in /wordpress/wp-content/plugins/spanish-quote-of-the-day-frase-del-dia/spanish-quotes.php on line 20
[24-Apr-2025 10:00:46 UTC] PHP Warning:  define(): Argument #3 ($case_insensitive) is ignored since declaration of case-insensitive constants is no longer supported in /wordpress/wp-content/plugins/spanish-quote-of-the-day-frase-del-dia/spanish-quotes.php on line 21
[24-Apr-2025 10:00:47 UTC] PHP Warning:  define(): Argument #3 ($case_insensitive) is ignored since declaration of case-insensitive constants is no longer supported in /wordpress/wp-content/plugins/spanish-quote-of-the-day-frase-del-dia/spanish-quotes.php on line 20
[24-Apr-2025 10:00:47 UTC] PHP Warning:  define(): Argument #3 ($case_insensitive) is ignored since declaration of case-insensitive constants is no longer supported in /wordpress/wp-content/plugins/spanish-quote-of-the-day-frase-del-dia/spanish-quotes.php on line 21
[24-Apr-2025 10:00:47 UTC] PHP Warning:  Trying to access array offset on value of type bool in /wordpress/wp-content/plugins/spanish-quote-of-the-day-frase-del-dia/includes/widget-interface.php on line 42
[24-Apr-2025 10:00:47 UTC] PHP Fatal error:  Uncaught Error: Undefined constant "WPLANG" in /wordpress/wp-content/plugins/spanish-quote-of-the-day-frase-del-dia/includes/widget-interface.php:49
Stack trace:
#0 /wordpress/wp-includes/class-wp-widget-factory.php(62): sqod_widget->__construct()
#1 /wordpress/wp-includes/widgets.php(123): WP_Widget_Factory->register('sqod_widget')
#2 /wordpress/wp-content/plugins/spanish-quote-of-the-day-frase-del-dia/spanish-quotes.php(32): register_widget('sqod_widget')
#3 /wordpress/wp-includes/class-wp-hook.php(322): quotes_load_widget()
#4 /wordpress/wp-includes/class-wp-hook.php(348): WP_Hook->apply_filters(NULL, Array)
#5 /wordpress/wp-includes/plugin.php(517): WP_Hook->do_action(Array)
#6 /wordpress/wp-includes/widgets.php(1870): do_action('widgets_init')
#7 /wordpress/wp-includes/class-wp-hook.php(324): wp_widgets_init('')
#8 /wordpress/wp-includes/class-wp-hook.php(348): WP_Hook->apply_filters(NULL, Array)
#9 /wordpress/wp-includes/plugin.php(517): WP_Hook->do_action(Array)
#10 /wordpress/wp-settings.php(727): do_action('init')
#11 /wordpress/wp-config.php(102): require_once('/wordpress/wp-s...')
#12 /wordpress/wp-load.php(50): require_once('/wordpress/wp-c...')
#13 /internal/eval.php(3): require_once('/wordpress/wp-l...')
#14 {main}
  thrown in /wordpress/wp-content/plugins/spanish-quote-of-the-day-frase-del-dia/includes/widget-interface.php on line 49
[24-Apr-2025 10:00:55 UTC] PHP Warning:  define(): Argument #3 ($case_insensitive) is ignored since declaration of case-insensitive constants is no longer supported in /wordpress/wp-content/plugins/spanish-quote-of-the-day-frase-del-dia/spanish-quotes.php on line 20
[24-Apr-2025 10:00:55 UTC] PHP Warning:  define(): Argument #3 ($case_insensitive) is ignored since declaration of case-insensitive constants is no longer supported in /wordpress/wp-content/plugins/spanish-quote-of-the-day-frase-del-dia/spanish-quotes.php on line 21
[24-Apr-2025 10:00:55 UTC] PHP Warning:  define(): Argument #3 ($case_insensitive) is ignored since declaration of case-insensitive constants is no longer supported in /wordpress/wp-content/plugins/spanish-quote-of-the-day-frase-del-dia/spanish-quotes.php on line 20
[24-Apr-2025 10:00:55 UTC] PHP Warning:  define(): Argument #3 ($case_insensitive) is ignored since declaration of case-insensitive constants is no longer supported in /wordpress/wp-content/plugins/spanish-quote-of-the-day-frase-del-dia/spanish-quotes.php on line 21
[24-Apr-2025 10:00:56 UTC] PHP Warning:  Trying to access array offset on value of type bool in /wordpress/wp-content/plugins/spanish-quote-of-the-day-frase-del-dia/includes/widget-interface.php on line 42
[24-Apr-2025 10:00:56 UTC] PHP Fatal error:  Uncaught Error: Undefined constant "WPLANG" in /wordpress/wp-content/plugins/spanish-quote-of-the-day-frase-del-dia/includes/widget-interface.php:49
Stack trace:
#0 /wordpress/wp-includes/class-wp-widget-factory.php(62): sqod_widget->__construct()
#1 /wordpress/wp-includes/widgets.php(123): WP_Widget_Factory->register('sqod_widget')
#2 /wordpress/wp-content/plugins/spanish-quote-of-the-day-frase-del-dia/spanish-quotes.php(32): register_widget('sqod_widget')
#3 /wordpress/wp-includes/class-wp-hook.php(322): quotes_load_widget()
#4 /wordpress/wp-includes/class-wp-hook.php(348): WP_Hook->apply_filters(NULL, Array)
#5 /wordpress/wp-includes/plugin.php(517): WP_Hook->do_action(Array)
#6 /wordpress/wp-includes/widgets.php(1870): do_action('widgets_init')
#7 /wordpress/wp-includes/class-wp-hook.php(324): wp_widgets_init('')
#8 /wordpress/wp-includes/class-wp-hook.php(348): WP_Hook->apply_filters(NULL, Array)
#9 /wordpress/wp-includes/plugin.php(517): WP_Hook->do_action(Array)
#10 /wordpress/wp-settings.php(727): do_action('init')
#11 /wordpress/wp-config.php(102): require_once('/wordpress/wp-s...')
#12 /wordpress/wp-load.php(50): require_once('/wordpress/wp-c...')
#13 /internal/eval.php(3): require_once('/wordpress/wp-l...')
#14 {main}
  thrown in /wordpress/wp-content/plugins/spanish-quote-of-the-day-frase-del-dia/includes/widget-interface.php on line 49

    at Object.onBind (file:///home/runner/work/playground-tester/playground-tester/node_modules/@wp-playground/cli/index.js:237:15)
    at process.processTicksAndRejections (node:internal/process/task_queues:105:5)
    at async V (file:///home/runner/work/playground-tester/playground-tester/node_modules/@wp-playground/cli/index.js:64:10)
    at async ja (file:///home/runner/work/playground-tester/playground-tester/node_modules/@wp-playground/cli/cli.js:8161:12) {
  [cause]: Error: Error when executing the blueprint step #5 ({"step":"installPlugin","pluginData":{"resource":"wordpress.org/plugins","slug":"sports-league"},"options":{"activate":true}}) : Could not download "https://downloads.wordpress.org/plugin/sports-league.latest-stable.zip".
  				Check if the URL is correct and the server is reachable.
  				If it is reachable, the server might be blocking the request.
  				Check the browser console and network tabs for more information.
  
  				## Does the console show the error "No 'Access-Control-Allow-Origin' header"?
  
  				This means the server that hosts your file does not allow requests from other sites
  				(cross-origin requests, or CORS).	You need to move the asset to a server that allows
  				cross-origin file downloads. Learn more about CORS at
  				https://developer.mozilla.org/en-US/docs/Web/HTTP/CORS.
  
  				If your file is on GitHub, load it from "raw.githubusercontent.com".
  				Here's how to do that:
  
  				1. Start with the original GitHub URL of the file. For example:
  				https://github.com/username/repository/blob/branch/filename.
  				2. Replace "github.com" with "raw.githubusercontent.com".
  				3. Remove the "/blob/" part of the URL.
  
  				The resulting URL should look like this:
  				https://raw.githubusercontent.com/username/repository/branch/filename
  
  				Error:
  				Error: Could not download "https://downloads.wordpress.org/plugin/sports-league.latest-stable.zip"
      at Object.run (file:///home/runner/work/playground-tester/playground-tester/node_modules/@wp-playground/blueprints/index.js:12449:19)
      at process.processTicksAndRejections (node:internal/process/task_queues:105:5)
      at async ms (file:///home/runner/work/playground-tester/playground-tester/node_modules/@wp-playground/blueprints/index.js:12552:3)
      at async Object.onBind (file:///home/runner/work/playground-tester/playground-tester/node_modules/@wp-playground/cli/index.js:227:48)
      at async V (file:///home/runner/work/playground-tester/playground-tester/node_modules/@wp-playground/cli/index.js:64:10)
      at async ja (file:///home/runner/work/playground-tester/playground-tester/node_modules/@wp-playground/cli/cli.js:8161:12) {
    [cause]: Error: Could not download "https://downloads.wordpress.org/plugin/sports-league.latest-stable.zip".
    				Check if the URL is correct and the server is reachable.
    				If it is reachable, the server might be blocking the request.
    				Check the browser console and network tabs for more information.
    
    				## Does the console show the error "No 'Access-Control-Allow-Origin' header"?
    
    				This means the server that hosts your file does not allow requests from other sites
    				(cross-origin requests, or CORS).	You need to move the asset to a server that allows
    				cross-origin file downloads. Learn more about CORS at
    				https://developer.mozilla.org/en-US/docs/Web/HTTP/CORS.
    
    				If your file is on GitHub, load it from "raw.githubusercontent.com".
    				Here's how to do that:
    
    				1. Start with the original GitHub URL of the file. For example:
    				https://github.com/username/repository/blob/branch/filename.
    				2. Replace "github.com" with "raw.githubusercontent.com".
    				3. Remove the "/blob/" part of the URL.
    
    				The resulting URL should look like this:
    				https://raw.githubusercontent.com/username/repository/branch/filename
    
    				Error:
    				Error: Could not download "https://downloads.wordpress.org/plugin/sports-league.latest-stable.zip"
        at Ct.resolve (file:///home/runner/work/playground-tester/playground-tester/node_modules/@wp-playground/blueprints/index.js:1472:13)
        at process.processTicksAndRejections (node:internal/process/task_queues:105:5)
        at async _.run (file:///home/runner/work/playground-tester/playground-tester/node_modules/@php-wasm/util/index.js:45:14)
  }
}

Node.js v23.11.0
