file:///home/runner/work/playground-tester/playground-tester/node_modules/@wp-playground/cli/run-cli-j-geJYS3.js:325
        throw new Error($, { cause: h });
              ^

Error: [29-Jun-2025 05:55:21 UTC] PHP Warning:  Undefined array key "DOCUMENT_ROOT" in /wordpress/wp-content/plugins/rezgo/rezgo/include/config.rezgo.php on line 43
[29-Jun-2025 05:55:21 UTC] PHP Warning:  Undefined array key "HTTP_USER_AGENT" in /wordpress/wp-content/plugins/rezgo/rezgo/include/config.rezgo.php on line 307
[29-Jun-2025 05:55:22 UTC] PHP Warning:  Undefined array key "DOCUMENT_ROOT" in /wordpress/wp-content/plugins/rezgo/rezgo/include/config.rezgo.php on line 43
[29-Jun-2025 05:55:22 UTC] PHP Warning:  Undefined array key "HTTP_USER_AGENT" in /wordpress/wp-content/plugins/rezgo/rezgo/include/config.rezgo.php on line 307
[29-Jun-2025 05:55:35 UTC] PHP Warning:  Undefined array key "DOCUMENT_ROOT" in /wordpress/wp-content/plugins/rezgo/rezgo/include/config.rezgo.php on line 43
[29-Jun-2025 05:55:35 UTC] PHP Warning:  Undefined array key "HTTP_USER_AGENT" in /wordpress/wp-content/plugins/rezgo/rezgo/include/config.rezgo.php on line 307
[29-Jun-2025 05:55:36 UTC] PHP Warning:  Undefined array key "DOCUMENT_ROOT" in /wordpress/wp-content/plugins/rezgo/rezgo/include/config.rezgo.php on line 43
[29-Jun-2025 05:55:36 UTC] PHP Warning:  Undefined array key "HTTP_USER_AGENT" in /wordpress/wp-content/plugins/rezgo/rezgo/include/config.rezgo.php on line 307
[29-Jun-2025 05:55:48 UTC] PHP Warning:  Undefined array key "DOCUMENT_ROOT" in /wordpress/wp-content/plugins/rezgo/rezgo/include/config.rezgo.php on line 43
[29-Jun-2025 05:55:48 UTC] PHP Warning:  Undefined array key "HTTP_USER_AGENT" in /wordpress/wp-content/plugins/rezgo/rezgo/include/config.rezgo.php on line 307
[29-Jun-2025 05:55:49 UTC] PHP Warning:  Undefined array key "DOCUMENT_ROOT" in /wordpress/wp-content/plugins/rezgo/rezgo/include/config.rezgo.php on line 43
[29-Jun-2025 05:55:49 UTC] PHP Warning:  Undefined array key "HTTP_USER_AGENT" in /wordpress/wp-content/plugins/rezgo/rezgo/include/config.rezgo.php on line 307
[29-Jun-2025 05:59:48 UTC] PHP Deprecated:  Required parameter $nonce follows optional parameter $formdata in /wordpress/wp-content/plugins/riloadr-for-wordpress/scb/Forms.php on line 96
[29-Jun-2025 05:59:48 UTC] PHP Deprecated:  Required parameter $args follows optional parameter $file in /wordpress/wp-content/plugins/riloadr-for-wordpress/scb/Cron.php on line 22
[29-Jun-2025 05:59:49 UTC] PHP Deprecated:  Required parameter $nonce follows optional parameter $formdata in /wordpress/wp-content/plugins/riloadr-for-wordpress/scb/Forms.php on line 96
[29-Jun-2025 05:59:49 UTC] PHP Deprecated:  Required parameter $args follows optional parameter $file in /wordpress/wp-content/plugins/riloadr-for-wordpress/scb/Cron.php on line 22
[29-Jun-2025 05:59:49 UTC] PHP Notice:  Function WP_Scripts::localize was called <strong>incorrectly</strong>. The <code>$l10n</code> parameter must be an array. To pass arbitrary data to scripts, use the <code>wp_add_inline_script()</code> function instead. Please see <a href="https://developer.wordpress.org/advanced-administration/debug/debug-wordpress/">Debugging in WordPress</a> for more information. (This message was added in version 5.7.0.) in /wordpress/wp-includes/functions.php on line 6121
[29-Jun-2025 05:59:49 UTC] PHP Warning:  Trying to access array offset on value of type null in /wordpress/wp-content/plugins/riloadr-for-wordpress/riloadr-for-wordpress.php on line 179
[29-Jun-2025 05:59:49 UTC] PHP Warning:  Trying to access array offset on value of type null in /wordpress/wp-content/plugins/riloadr-for-wordpress/riloadr-for-wordpress.php on line 182
[29-Jun-2025 05:59:49 UTC] PHP Warning:  Trying to access array offset on value of type null in /wordpress/wp-content/plugins/riloadr-for-wordpress/riloadr-for-wordpress.php on line 185
[29-Jun-2025 05:59:58 UTC] PHP Deprecated:  Required parameter $nonce follows optional parameter $formdata in /wordpress/wp-content/plugins/riloadr-for-wordpress/scb/Forms.php on line 96
[29-Jun-2025 05:59:58 UTC] PHP Deprecated:  Required parameter $args follows optional parameter $file in /wordpress/wp-content/plugins/riloadr-for-wordpress/scb/Cron.php on line 22
[29-Jun-2025 05:59:59 UTC] PHP Deprecated:  Required parameter $nonce follows optional parameter $formdata in /wordpress/wp-content/plugins/riloadr-for-wordpress/scb/Forms.php on line 96
[29-Jun-2025 05:59:59 UTC] PHP Deprecated:  Required parameter $args follows optional parameter $file in /wordpress/wp-content/plugins/riloadr-for-wordpress/scb/Cron.php on line 22
[29-Jun-2025 05:59:59 UTC] PHP Notice:  Function WP_Scripts::localize was called <strong>incorrectly</strong>. The <code>$l10n</code> parameter must be an array. To pass arbitrary data to scripts, use the <code>wp_add_inline_script()</code> function instead. Please see <a href="https://developer.wordpress.org/advanced-administration/debug/debug-wordpress/">Debugging in WordPress</a> for more information. (This message was added in version 5.7.0.) in /wordpress/wp-includes/functions.php on line 6121
[29-Jun-2025 05:59:59 UTC] PHP Warning:  Trying to access array offset on value of type null in /wordpress/wp-content/plugins/riloadr-for-wordpress/riloadr-for-wordpress.php on line 179
[29-Jun-2025 05:59:59 UTC] PHP Warning:  Trying to access array offset on value of type null in /wordpress/wp-content/plugins/riloadr-for-wordpress/riloadr-for-wordpress.php on line 182
[29-Jun-2025 05:59:59 UTC] PHP Warning:  Trying to access array offset on value of type null in /wordpress/wp-content/plugins/riloadr-for-wordpress/riloadr-for-wordpress.php on line 185
[29-Jun-2025 06:00:08 UTC] PHP Deprecated:  Required parameter $nonce follows optional parameter $formdata in /wordpress/wp-content/plugins/riloadr-for-wordpress/scb/Forms.php on line 96
[29-Jun-2025 06:00:08 UTC] PHP Deprecated:  Required parameter $args follows optional parameter $file in /wordpress/wp-content/plugins/riloadr-for-wordpress/scb/Cron.php on line 22
[29-Jun-2025 06:00:10 UTC] PHP Deprecated:  Required parameter $nonce follows optional parameter $formdata in /wordpress/wp-content/plugins/riloadr-for-wordpress/scb/Forms.php on line 96
[29-Jun-2025 06:00:10 UTC] PHP Deprecated:  Required parameter $args follows optional parameter $file in /wordpress/wp-content/plugins/riloadr-for-wordpress/scb/Cron.php on line 22
[29-Jun-2025 06:00:10 UTC] PHP Notice:  Function WP_Scripts::localize was called <strong>incorrectly</strong>. The <code>$l10n</code> parameter must be an array. To pass arbitrary data to scripts, use the <code>wp_add_inline_script()</code> function instead. Please see <a href="https://developer.wordpress.org/advanced-administration/debug/debug-wordpress/">Debugging in WordPress</a> for more information. (This message was added in version 5.7.0.) in /wordpress/wp-includes/functions.php on line 6121
[29-Jun-2025 06:00:10 UTC] PHP Warning:  Trying to access array offset on value of type null in /wordpress/wp-content/plugins/riloadr-for-wordpress/riloadr-for-wordpress.php on line 179
[29-Jun-2025 06:00:10 UTC] PHP Warning:  Trying to access array offset on value of type null in /wordpress/wp-content/plugins/riloadr-for-wordpress/riloadr-for-wordpress.php on line 182
[29-Jun-2025 06:00:10 UTC] PHP Warning:  Trying to access array offset on value of type null in /wordpress/wp-content/plugins/riloadr-for-wordpress/riloadr-for-wordpress.php on line 185
[29-Jun-2025 06:01:24 UTC] PHP Fatal error:  Uncaught ArgumentCountError: Too few arguments to function WP_Widget::__construct(), 0 passed in /wordpress/wp-includes/class-wp-widget-factory.php on line 62 and at least 2 expected in /wordpress/wp-includes/class-wp-widget.php:163
Stack trace:
#0 /wordpress/wp-includes/class-wp-widget-factory.php(62): WP_Widget->__construct()
#1 /wordpress/wp-includes/widgets.php(123): WP_Widget_Factory->register('wpcWidget')
#2 /wordpress/wp-content/plugins/phpcodez-text/PHPCodezText.php(16): register_widget('wpcWidget')
#3 /wordpress/wp-includes/class-wp-hook.php(324): wpc_text_widgets('')
#4 /wordpress/wp-includes/class-wp-hook.php(348): WP_Hook->apply_filters(NULL, Array)
#5 /wordpress/wp-includes/plugin.php(517): WP_Hook->do_action(Array)
#6 /wordpress/wp-includes/widgets.php(1870): do_action('widgets_init')
#7 /wordpress/wp-includes/class-wp-hook.php(324): wp_widgets_init('')
#8 /wordpress/wp-includes/class-wp-hook.php(348): WP_Hook->apply_filters(NULL, Array)
#9 /wordpress/wp-includes/plugin.php(517): WP_Hook->do_action(Array)
#10 /wordpress/wp-settings.php(727): do_action('init')
#11 /wordpress/wp-config.php(102): require_once('/wordpress/wp-s...')
#12 /wordpress/wp-load.php(50): require_once('/wordpress/wp-c...')
#13 /internal/eval.php(3): require_once('/wordpress/wp-l...')
#14 {main}
  thrown in /wordpress/wp-includes/class-wp-widget.php on line 163
[29-Jun-2025 06:01:34 UTC] PHP Fatal error:  Uncaught ArgumentCountError: Too few arguments to function WP_Widget::__construct(), 0 passed in /wordpress/wp-includes/class-wp-widget-factory.php on line 62 and at least 2 expected in /wordpress/wp-includes/class-wp-widget.php:163
Stack trace:
#0 /wordpress/wp-includes/class-wp-widget-factory.php(62): WP_Widget->__construct()
#1 /wordpress/wp-includes/widgets.php(123): WP_Widget_Factory->register('wpcWidget')
#2 /wordpress/wp-content/plugins/phpcodez-text/PHPCodezText.php(16): register_widget('wpcWidget')
#3 /wordpress/wp-includes/class-wp-hook.php(324): wpc_text_widgets('')
#4 /wordpress/wp-includes/class-wp-hook.php(348): WP_Hook->apply_filters(NULL, Array)
#5 /wordpress/wp-includes/plugin.php(517): WP_Hook->do_action(Array)
#6 /wordpress/wp-includes/widgets.php(1870): do_action('widgets_init')
#7 /wordpress/wp-includes/class-wp-hook.php(324): wp_widgets_init('')
#8 /wordpress/wp-includes/class-wp-hook.php(348): WP_Hook->apply_filters(NULL, Array)
#9 /wordpress/wp-includes/plugin.php(517): WP_Hook->do_action(Array)
#10 /wordpress/wp-settings.php(727): do_action('init')
#11 /wordpress/wp-config.php(102): require_once('/wordpress/wp-s...')
#12 /wordpress/wp-load.php(50): require_once('/wordpress/wp-c...')
#13 /internal/eval.php(3): require_once('/wordpress/wp-l...')
#14 {main}
  thrown in /wordpress/wp-includes/class-wp-widget.php on line 163
[29-Jun-2025 06:01:44 UTC] PHP Fatal error:  Uncaught ArgumentCountError: Too few arguments to function WP_Widget::__construct(), 0 passed in /wordpress/wp-includes/class-wp-widget-factory.php on line 62 and at least 2 expected in /wordpress/wp-includes/class-wp-widget.php:163
Stack trace:
#0 /wordpress/wp-includes/class-wp-widget-factory.php(62): WP_Widget->__construct()
#1 /wordpress/wp-includes/widgets.php(123): WP_Widget_Factory->register('wpcWidget')
#2 /wordpress/wp-content/plugins/phpcodez-text/PHPCodezText.php(16): register_widget('wpcWidget')
#3 /wordpress/wp-includes/class-wp-hook.php(324): wpc_text_widgets('')
#4 /wordpress/wp-includes/class-wp-hook.php(348): WP_Hook->apply_filters(NULL, Array)
#5 /wordpress/wp-includes/plugin.php(517): WP_Hook->do_action(Array)
#6 /wordpress/wp-includes/widgets.php(1870): do_action('widgets_init')
#7 /wordpress/wp-includes/class-wp-hook.php(324): wp_widgets_init('')
#8 /wordpress/wp-includes/class-wp-hook.php(348): WP_Hook->apply_filters(NULL, Array)
#9 /wordpress/wp-includes/plugin.php(517): WP_Hook->do_action(Array)
#10 /wordpress/wp-settings.php(727): do_action('init')
#11 /wordpress/wp-config.php(102): require_once('/wordpress/wp-s...')
#12 /wordpress/wp-load.php(50): require_once('/wordpress/wp-c...')
#13 /internal/eval.php(3): require_once('/wordpress/wp-l...')
#14 {main}
  thrown in /wordpress/wp-includes/class-wp-widget.php on line 163
[29-Jun-2025 06:02:58 UTC] PHP Deprecated:  Required parameter $tag follows optional parameter $content in /wordpress/wp-content/plugins/pipe-web-monetization/public/class-pipe-web-monetization-public.php on line 128
[29-Jun-2025 06:02:59 UTC] PHP Deprecated:  Required parameter $tag follows optional parameter $content in /wordpress/wp-content/plugins/pipe-web-monetization/public/class-pipe-web-monetization-public.php on line 128
[29-Jun-2025 06:03:08 UTC] PHP Deprecated:  Required parameter $tag follows optional parameter $content in /wordpress/wp-content/plugins/pipe-web-monetization/public/class-pipe-web-monetization-public.php on line 128
[29-Jun-2025 06:03:09 UTC] PHP Deprecated:  Required parameter $tag follows optional parameter $content in /wordpress/wp-content/plugins/pipe-web-monetization/public/class-pipe-web-monetization-public.php on line 128
[29-Jun-2025 06:03:19 UTC] PHP Deprecated:  Required parameter $tag follows optional parameter $content in /wordpress/wp-content/plugins/pipe-web-monetization/public/class-pipe-web-monetization-public.php on line 128
[29-Jun-2025 06:03:20 UTC] PHP Deprecated:  Required parameter $tag follows optional parameter $content in /wordpress/wp-content/plugins/pipe-web-monetization/public/class-pipe-web-monetization-public.php on line 128
[29-Jun-2025 06:03:55 UTC] PHP Deprecated:  Required parameter $args follows optional parameter $options in /wordpress/wp-content/plugins/pixterme/admin-page-class/admin-page-class.php on line 2597
[29-Jun-2025 06:04:17 UTC] PHP Deprecated:  Required parameter $args follows optional parameter $options in /wordpress/wp-content/plugins/pixterme/admin-page-class/admin-page-class.php on line 2597
[29-Jun-2025 06:04:17 UTC] PHP Notice:  Function _load_textdomain_just_in_time was called <strong>incorrectly</strong>. Translation loading for the <code>pixter-me</code> domain was triggered too early. This is usually an indicator for some code in the plugin or theme running too early. Translations should be loaded at the <code>init</code> action or later. Please see <a href="https://developer.wordpress.org/advanced-administration/debug/debug-wordpress/">Debugging in WordPress</a> for more information. (This message was added in version 6.7.0.) in /wordpress/wp-includes/functions.php on line 6121
[29-Jun-2025 06:04:26 UTC] PHP Deprecated:  Required parameter $args follows optional parameter $options in /wordpress/wp-content/plugins/pixterme/admin-page-class/admin-page-class.php on line 2597
[29-Jun-2025 06:04:48 UTC] PHP Deprecated:  Required parameter $args follows optional parameter $options in /wordpress/wp-content/plugins/pixterme/admin-page-class/admin-page-class.php on line 2597
[29-Jun-2025 06:04:48 UTC] PHP Notice:  Function _load_textdomain_just_in_time was called <strong>incorrectly</strong>. Translation loading for the <code>pixter-me</code> domain was triggered too early. This is usually an indicator for some code in the plugin or theme running too early. Translations should be loaded at the <code>init</code> action or later. Please see <a href="https://developer.wordpress.org/advanced-administration/debug/debug-wordpress/">Debugging in WordPress</a> for more information. (This message was added in version 6.7.0.) in /wordpress/wp-includes/functions.php on line 6121
[29-Jun-2025 06:04:57 UTC] PHP Deprecated:  Required parameter $args follows optional parameter $options in /wordpress/wp-content/plugins/pixterme/admin-page-class/admin-page-class.php on line 2597
[29-Jun-2025 06:05:18 UTC] PHP Deprecated:  Required parameter $args follows optional parameter $options in /wordpress/wp-content/plugins/pixterme/admin-page-class/admin-page-class.php on line 2597
[29-Jun-2025 06:05:18 UTC] PHP Notice:  Function _load_textdomain_just_in_time was called <strong>incorrectly</strong>. Translation loading for the <code>pixter-me</code> domain was triggered too early. This is usually an indicator for some code in the plugin or theme running too early. Translations should be loaded at the <code>init</code> action or later. Please see <a href="https://developer.wordpress.org/advanced-administration/debug/debug-wordpress/">Debugging in WordPress</a> for more information. (This message was added in version 6.7.0.) in /wordpress/wp-includes/functions.php on line 6121
[29-Jun-2025 06:05:30 UTC] PHP Notice:  Function _load_textdomain_just_in_time was called <strong>incorrectly</strong>. Translation loading for the <code>reviewbucketlite</code> domain was triggered too early. This is usually an indicator for some code in the plugin or theme running too early. Translations should be loaded at the <code>init</code> action or later. Please see <a href="https://developer.wordpress.org/advanced-administration/debug/debug-wordpress/">Debugging in WordPress</a> for more information. (This message was added in version 6.7.0.) in /wordpress/wp-includes/functions.php on line 6121
[29-Jun-2025 06:05:31 UTC] PHP Warning:  Trying to access array offset on value of type bool in /wordpress/wp-content/plugins/reviewbucket-lite/inc/functions.php on line 21
[29-Jun-2025 06:05:31 UTC] PHP Warning:  Trying to access array offset on value of type bool in /wordpress/wp-content/plugins/reviewbucket-lite/inc/functions.php on line 22
[29-Jun-2025 06:05:41 UTC] PHP Notice:  Function _load_textdomain_just_in_time was called <strong>incorrectly</strong>. Translation loading for the <code>reviewbucketlite</code> domain was triggered too early. This is usually an indicator for some code in the plugin or theme running too early. Translations should be loaded at the <code>init</code> action or later. Please see <a href="https://developer.wordpress.org/advanced-administration/debug/debug-wordpress/">Debugging in WordPress</a> for more information. (This message was added in version 6.7.0.) in /wordpress/wp-includes/functions.php on line 6121
[29-Jun-2025 06:05:42 UTC] PHP Warning:  Trying to access array offset on value of type bool in /wordpress/wp-content/plugins/reviewbucket-lite/inc/functions.php on line 21
[29-Jun-2025 06:05:42 UTC] PHP Warning:  Trying to access array offset on value of type bool in /wordpress/wp-content/plugins/reviewbucket-lite/inc/functions.php on line 22
[29-Jun-2025 06:05:52 UTC] PHP Notice:  Function _load_textdomain_just_in_time was called <strong>incorrectly</strong>. Translation loading for the <code>reviewbucketlite</code> domain was triggered too early. This is usually an indicator for some code in the plugin or theme running too early. Translations should be loaded at the <code>init</code> action or later. Please see <a href="https://developer.wordpress.org/advanced-administration/debug/debug-wordpress/">Debugging in WordPress</a> for more information. (This message was added in version 6.7.0.) in /wordpress/wp-includes/functions.php on line 6121
[29-Jun-2025 06:05:52 UTC] PHP Warning:  Trying to access array offset on value of type bool in /wordpress/wp-content/plugins/reviewbucket-lite/inc/functions.php on line 21
[29-Jun-2025 06:05:52 UTC] PHP Warning:  Trying to access array offset on value of type bool in /wordpress/wp-content/plugins/reviewbucket-lite/inc/functions.php on line 22
[29-Jun-2025 06:06:03 UTC] PHP Warning:  Undefined array key "activate" in /wordpress/wp-content/plugins/revision-delete/revision.config.php on line 20
[29-Jun-2025 06:06:03 UTC] PHP Warning:  Undefined array key "action" in /wordpress/wp-content/plugins/revision-delete/revision.config.php on line 24
[29-Jun-2025 06:06:13 UTC] PHP Warning:  Undefined array key "activate" in /wordpress/wp-content/plugins/revision-delete/revision.config.php on line 20
[29-Jun-2025 06:06:13 UTC] PHP Warning:  Undefined array key "action" in /wordpress/wp-content/plugins/revision-delete/revision.config.php on line 24
[29-Jun-2025 06:06:23 UTC] PHP Warning:  Undefined array key "activate" in /wordpress/wp-content/plugins/revision-delete/revision.config.php on line 20
[29-Jun-2025 06:06:23 UTC] PHP Warning:  Undefined array key "action" in /wordpress/wp-content/plugins/revision-delete/revision.config.php on line 24
[29-Jun-2025 06:06:34 UTC] PHP Fatal error:  Declaration of walker_tag_checklist::start_el(&$output, $tax_term, $depth, $args, $id = 0) must be compatible with Walker::start_el(&$output, $data_object, $depth = 0, $args = [], $current_object_id = 0) in /wordpress/wp-content/plugins/rift-slider/includes/lib/helpers/class-custom-tag-checklist.php on line 201
[29-Jun-2025 06:06:43 UTC] PHP Fatal error:  Declaration of walker_tag_checklist::start_el(&$output, $tax_term, $depth, $args, $id = 0) must be compatible with Walker::start_el(&$output, $data_object, $depth = 0, $args = [], $current_object_id = 0) in /wordpress/wp-content/plugins/rift-slider/includes/lib/helpers/class-custom-tag-checklist.php on line 201
[29-Jun-2025 06:06:52 UTC] PHP Fatal error:  Declaration of walker_tag_checklist::start_el(&$output, $tax_term, $depth, $args, $id = 0) must be compatible with Walker::start_el(&$output, $data_object, $depth = 0, $args = [], $current_object_id = 0) in /wordpress/wp-content/plugins/rift-slider/includes/lib/helpers/class-custom-tag-checklist.php on line 201

    at Object.onBind (file:///home/runner/work/playground-tester/playground-tester/node_modules/@wp-playground/cli/run-cli-j-geJYS3.js:325:15)
    at process.processTicksAndRejections (node:internal/process/task_queues:105:5)
    at async re (file:///home/runner/work/playground-tester/playground-tester/node_modules/@wp-playground/cli/run-cli-j-geJYS3.js:149:10) {
  [cause]: Error: Error when executing the blueprint step #1 ({"step":"installPlugin","pluginData":{"resource":"wordpress.org/plugins","slug":"rift-slider"},"options":{"activate":true}}) : PHP.run() failed with exit code 255 and the following output: 
      at Object.run (file:///home/runner/work/playground-tester/playground-tester/node_modules/@wp-playground/blueprints/index.js:12093:19)
      at process.processTicksAndRejections (node:internal/process/task_queues:105:5)
      at async ys (file:///home/runner/work/playground-tester/playground-tester/node_modules/@wp-playground/blueprints/index.js:12196:3)
      at async Object.onBind (file:///home/runner/work/playground-tester/playground-tester/node_modules/@wp-playground/cli/run-cli-j-geJYS3.js:315:48)
      at async re (file:///home/runner/work/playground-tester/playground-tester/node_modules/@wp-playground/cli/run-cli-j-geJYS3.js:149:10) {
    [cause]: PHPExecutionFailureError: PHP.run() failed with exit code 255 and the following output: 
        at PHP.run (file:///home/runner/work/playground-tester/playground-tester/node_modules/@php-wasm/universal/index.js:1034:19)
        at process.processTicksAndRejections (node:internal/process/task_queues:105:5)
        at async wr (file:///home/runner/work/playground-tester/playground-tester/node_modules/@wp-playground/blueprints/index.js:34:39)
        at async Object.gt [as installPlugin] (file:///home/runner/work/playground-tester/playground-tester/node_modules/@wp-playground/blueprints/index.js:631:42)
        at async g (file:///home/runner/work/playground-tester/playground-tester/node_modules/@wp-playground/blueprints/index.js:12161:30)
        at async Object.run (file:///home/runner/work/playground-tester/playground-tester/node_modules/@wp-playground/blueprints/index.js:12090:23)
        at async ys (file:///home/runner/work/playground-tester/playground-tester/node_modules/@wp-playground/blueprints/index.js:12196:3)
        at async Object.onBind (file:///home/runner/work/playground-tester/playground-tester/node_modules/@wp-playground/cli/run-cli-j-geJYS3.js:315:48)
        at async re (file:///home/runner/work/playground-tester/playground-tester/node_modules/@wp-playground/cli/run-cli-j-geJYS3.js:149:10) {
      response: PHPResponse {
        httpStatusCode: 500,
        headers: {
          'x-powered-by': [ 'PHP/8.0.30-dev' ],
          'content-type': [ 'text/html; charset=UTF-8' ]
        },
        bytes: Uint8Array(0) [],
        exitCode: 255,
        errors: ''
      },
      source: 'request'
    }
  }
}

Node.js v23.11.0
