file:///home/runner/work/playground-tester/playground-tester/node_modules/@wp-playground/cli/index.js:237
        throw new Error(y, { cause: u });
              ^

Error: [21-Apr-2025 08:38:32 UTC] PHP Warning:  Trying to access array offset on value of type bool in /wordpress/wp-content/plugins/simple-members-only/simple-members-only.php on line 291
[21-Apr-2025 08:38:32 UTC] PHP Deprecated:  Function add_option was called with an argument that is <strong>deprecated</strong> since version 2.3.0 with no alternative available. in /wordpress/wp-includes/functions.php on line 6121
[21-Apr-2025 08:38:41 UTC] PHP Warning:  Trying to access array offset on value of type bool in /wordpress/wp-content/plugins/simple-members-only/simple-members-only.php on line 291
[21-Apr-2025 08:38:41 UTC] PHP Deprecated:  Function add_option was called with an argument that is <strong>deprecated</strong> since version 2.3.0 with no alternative available. in /wordpress/wp-includes/functions.php on line 6121
[21-Apr-2025 08:38:50 UTC] PHP Warning:  Trying to access array offset on value of type bool in /wordpress/wp-content/plugins/simple-members-only/simple-members-only.php on line 291
[21-Apr-2025 08:38:50 UTC] PHP Deprecated:  Function add_option was called with an argument that is <strong>deprecated</strong> since version 2.3.0 with no alternative available. in /wordpress/wp-includes/functions.php on line 6121
[21-Apr-2025 08:40:22 UTC] WordPress database error <div style="clear:both">&nbsp;</div>
<div class="queries" style="clear:both;margin-bottom:2px;border:red dotted thin;">
<p>MySQL query:</p>
<p>show fields from `wp_urls` where field = 'enable'</p>
<p>Queries made or created this session were:</p>
<ol>
<li>Executing: BEGIN | (no parameters)</li>
<li>Executing: SELECT 1 FROM sqlite_temp_schema WHERE type = 'table' AND name = ? | parameters: wp_urls</li>
<li>Executing: SELECT 1 FROM _wp_sqlite_mysql_information_schema_tables WHERE table_schema = ? AND table_name = ? | parameters: database_name_here, wp_urls</li>
<li>Executing: SELECT * FROM _wp_sqlite_mysql_information_schema_columns WHERE table_schema = ? AND table_name = ? AND `field` = 'enable' | parameters: database_name_here, wp_urls</li>
<li>Executing: ROLLBACK | (no parameters)</li>
</ol>
</div>
<div style="clear:both;margin-bottom:2px;border:red dotted thin;" class="error_message" style="border-bottom:dotted blue thin;">
SQLSTATE[HY000]: General error: 1 no such column: field
</div>
<p>Backtrace:</p>
<pre>#0 /internal/shared/sqlite-database-integration/wp-includes/sqlite-ast/class-wp-sqlite-driver.php(690): WP_SQLite_Driver->new_driver_exception('SQLSTATE[HY000]...', 0, Object(PDOException))
#1 /internal/shared/sqlite-database-integration/wp-includes/sqlite/class-wp-sqlite-db.php(472): WP_SQLite_Driver->query('show fields fro...')
#2 /internal/shared/sqlite-database-integration/wp-includes/sqlite/class-wp-sqlite-db.php(413): WP_SQLite_DB->_do_query('show fields fro...')
#3 /wordpress/wp-includes/class-wpdb.php(3065): WP_SQLite_DB->query('show fields fro...')
#4 /wordpress/wp-content/plugins/staticpress/includes/class-static_press.php(87): wpdb->get_row('show fields fro...')
#5 /wordpress/wp-includes/class-wp-hook.php(324): static_press->activate(false)
#6 /wordpress/wp-includes/class-wp-hook.php(348): WP_Hook->apply_filters('', Array)
#7 /wordpress/wp-includes/plugin.php(517): WP_Hook->do_action(Array)
#8 /wordpress/wp-admin/includes/plugin.php(703): do_action('activate_static...', false)
#9 /internal/eval.php(20): activate_plugin('staticpress/plu...')
#10 {main}</pre>
 for query show fields from `wp_urls` where field = 'enable' made by activate_plugin, do_action('activate_staticpress/plugin.php'), WP_Hook->do_action, WP_Hook->apply_filters, static_press->activate, WP_SQLite_DB->query, WP_SQLite_DB->print_error
[21-Apr-2025 08:40:22 UTC] WordPress database error <div style="clear:both">&nbsp;</div>
<div class="queries" style="clear:both;margin-bottom:2px;border:red dotted thin;">
<p>MySQL query:</p>
<p>ALTER TABLE `wp_urls` ADD COLUMN `enable` int(1) unsigned NOT NULL DEFAULT '1'</p>
<p>Queries made or created this session were:</p>
<ol>
<li>Executing: BEGIN | (no parameters)</li>
<li>Executing: SELECT 1 FROM sqlite_temp_schema WHERE type = 'table' AND name = ? | parameters: wp_urls</li>
<li>Executing: SELECT COLUMN_NAME FROM _wp_sqlite_mysql_information_schema_columns WHERE table_schema = ? AND table_name = ? | parameters: database_name_here, wp_urls</li>
<li>Executing: SELECT 1 FROM sqlite_temp_schema WHERE type = 'table' AND name = ? | parameters: wp_urls</li>
<li>Executing: 
				SELECT MAX(ordinal_position)
				FROM _wp_sqlite_mysql_information_schema_columns
				WHERE table_schema = ?
				AND table_name = ?
			 | parameters: database_name_here, wp_urls</li>
<li>Executing: 
				INSERT INTO _wp_sqlite_mysql_information_schema_columns (table_schema, table_name, column_name, ordinal_position, column_default, is_nullable, data_type, character_maximum_length, character_octet_length, numeric_precision, numeric_scale, datetime_precision, character_set_name, collation_name, column_type, column_key, extra, privileges, column_comment, generation_expression, srs_id)
				VALUES (?, ?, ?, ?, ?, ?, ?, ?, ?, ?, ?, ?, ?, ?, ?, ?, ?, ?, ?, ?, ?)
			 | parameters: database_name_here, wp_urls, enable, 15, 1, NO, int, , , 10, 0, , , , int(1) unsigned, , , select,insert,update,references, , , </li>
<li>Executing: PRAGMA foreign_keys | (no parameters)</li>
<li>Executing: PRAGMA foreign_keys = OFF | (no parameters)</li>
<li>Executing: 
				SELECT *
				FROM _wp_sqlite_mysql_information_schema_tables
				WHERE table_type = 'BASE TABLE'
				AND table_schema = ?
				AND table_name = ?
			 | parameters: database_name_here, wp_urls</li>
<li>Executing: SELECT * FROM _wp_sqlite_mysql_information_schema_columns WHERE table_schema = ? AND table_name = ? | parameters: database_name_here, wp_urls</li>
<li>Executing: SELECT * FROM _wp_sqlite_mysql_information_schema_statistics WHERE table_schema = ? AND table_name = ? | parameters: database_name_here, wp_urls</li>
<li>Executing: CREATE TABLE `_wp_sqlite_tmp_wp_urls_6806047650910` (
  `ID` INTEGER NOT NULL PRIMARY KEY AUTOINCREMENT,
  `type` TEXT COLLATE NOCASE NOT NULL DEFAULT 'other_page',
  `url` TEXT COLLATE NOCASE NOT NULL,
  `object_id` INTEGER,
  `object_type` TEXT COLLATE NOCASE,
  `parent` INTEGER NOT NULL DEFAULT '0',
  `pages` INTEGER NOT NULL DEFAULT '1',
  `enable` INTEGER NOT NULL DEFAULT '1',
  `file_name` TEXT COLLATE NOCASE NOT NULL DEFAULT '',
  `file_date` TEXT COLLATE NOCASE NOT NULL DEFAULT '0000-00-00 00:00:00',
  `last_statuscode` INTEGER,
  `last_modified` TEXT COLLATE NOCASE NOT NULL DEFAULT '0000-00-00 00:00:00',
  `last_upload` TEXT COLLATE NOCASE NOT NULL DEFAULT '0000-00-00 00:00:00',
  `create_date` TEXT COLLATE NOCASE NOT NULL DEFAULT '0000-00-00 00:00:00',
  `enable` INTEGER NOT NULL DEFAULT '1'
) STRICT | (no parameters)</li>
<li>Executing: ROLLBACK | (no parameters)</li>
</ol>
</div>
<div style="clear:both;margin-bottom:2px;border:red dotted thin;" class="error_message" style="border-bottom:dotted blue thin;">
SQLSTATE[HY000]: General error: 1 duplicate column name: enable
</div>
<p>Backtrace:</p>
<pre>#0 /internal/shared/sqlite-database-integration/wp-includes/sqlite-ast/class-wp-sqlite-driver.php(690): WP_SQLite_Driver->new_driver_exception('SQLSTATE[HY000]...', 0, Object(PDOException))
#1 /internal/shared/sqlite-database-integration/wp-includes/sqlite/class-wp-sqlite-db.php(472): WP_SQLite_Driver->query('ALTER TABLE `wp...')
#2 /internal/shared/sqlite-database-integration/wp-includes/sqlite/class-wp-sqlite-db.php(413): WP_SQLite_DB->_do_query('ALTER TABLE `wp...')
#3 /wordpress/wp-content/plugins/staticpress/includes/class-static_press.php(88): WP_SQLite_DB->query('ALTER TABLE `wp...')
#4 /wordpress/wp-includes/class-wp-hook.php(324): static_press->activate(false)
#5 /wordpress/wp-includes/class-wp-hook.php(348): WP_Hook->apply_filters('', Array)
#6 /wordpress/wp-includes/plugin.php(517): WP_Hook->do_action(Array)
#7 /wordpress/wp-admin/includes/plugin.php(703): do_action('activate_static...', false)
#8 /internal/eval.php(20): activate_plugin('staticpress/plu...')
#9 {main}</pre>
 for query ALTER TABLE `wp_urls` ADD COLUMN `enable` int(1) unsigned NOT NULL DEFAULT '1' made by activate_plugin, do_action('activate_staticpress/plugin.php'), WP_Hook->do_action, WP_Hook->apply_filters, static_press->activate, WP_SQLite_DB->query, WP_SQLite_DB->print_error
[21-Apr-2025 08:40:31 UTC] WordPress database error <div style="clear:both">&nbsp;</div>
<div class="queries" style="clear:both;margin-bottom:2px;border:red dotted thin;">
<p>MySQL query:</p>
<p>show fields from `wp_urls` where field = 'enable'</p>
<p>Queries made or created this session were:</p>
<ol>
<li>Executing: BEGIN | (no parameters)</li>
<li>Executing: ROLLBACK | (no parameters)</li>
</ol>
</div>
<div style="clear:both;margin-bottom:2px;border:red dotted thin;" class="error_message" style="border-bottom:dotted blue thin;">
Error occurred at line 4117 in Function <code>handle_error</code>. Error message was: Unknown show type: FIELDS FROM.
</div>
<p>Backtrace:</p>
<pre>#0 /internal/shared/sqlite-database-integration/wp-includes/sqlite/class-wp-sqlite-db.php(287): WP_SQLite_Translator->get_error_message()
#1 /wordpress/wp-includes/class-wpdb.php(3065): WP_SQLite_DB->query('show fields fro...')
#2 /wordpress/wp-content/plugins/staticpress/includes/class-static_press.php(87): wpdb->get_row('show fields fro...')
#3 /wordpress/wp-includes/class-wp-hook.php(324): static_press->activate(false)
#4 /wordpress/wp-includes/class-wp-hook.php(348): WP_Hook->apply_filters('', Array)
#5 /wordpress/wp-includes/plugin.php(517): WP_Hook->do_action(Array)
#6 /wordpress/wp-admin/includes/plugin.php(703): do_action('activate_static...', false)
#7 /internal/eval.php(20): activate_plugin('staticpress/plu...')
#8 {main}</pre>
 for query show fields from `wp_urls` where field = 'enable' made by activate_plugin, do_action('activate_staticpress/plugin.php'), WP_Hook->do_action, WP_Hook->apply_filters, static_press->activate, WP_SQLite_DB->query, WP_SQLite_DB->print_error
[21-Apr-2025 08:40:31 UTC] WordPress database error <div style="clear:both">&nbsp;</div>
<div class="queries" style="clear:both;margin-bottom:2px;border:red dotted thin;">
<p>MySQL query:</p>
<p>ALTER TABLE `wp_urls` ADD COLUMN `enable` int(1) unsigned NOT NULL DEFAULT '1'</p>
<p>Queries made or created this session were:</p>
<ol>
<li>Executing: BEGIN | (no parameters)</li>
<li>Executing: INSERT INTO _mysql_data_types_cache (`table`, `column_or_index`, `mysql_type`)
				VALUES (:table, :column, :datatype)
				ON CONFLICT(`table`, `column_or_index`) DO UPDATE SET `mysql_type` = :datatype
			 | parameters: wp_urls, enable, int(1) unsigned</li>
<li>Executing: ALTER TABLE wp_urls ADD COLUMN `enable`  integer NOT NULL DEFAULT '1' | (no parameters)</li>
<li>Executing: ROLLBACK | (no parameters)</li>
</ol>
</div>
<div style="clear:both;margin-bottom:2px;border:red dotted thin;" class="error_message" style="border-bottom:dotted blue thin;">
Error occurred at line 4117 in Function <code>handle_error</code>. Error message was: SQLSTATE[HY000]: General error: 1 duplicate column name: enable.
</div>
<p>Backtrace:</p>
<pre>#0 /internal/shared/sqlite-database-integration/wp-includes/sqlite/class-wp-sqlite-db.php(287): WP_SQLite_Translator->get_error_message()
#1 /wordpress/wp-content/plugins/staticpress/includes/class-static_press.php(88): WP_SQLite_DB->query('ALTER TABLE `wp...')
#2 /wordpress/wp-includes/class-wp-hook.php(324): static_press->activate(false)
#3 /wordpress/wp-includes/class-wp-hook.php(348): WP_Hook->apply_filters('', Array)
#4 /wordpress/wp-includes/plugin.php(517): WP_Hook->do_action(Array)
#5 /wordpress/wp-admin/includes/plugin.php(703): do_action('activate_static...', false)
#6 /internal/eval.php(20): activate_plugin('staticpress/plu...')
#7 {main}</pre>
 for query ALTER TABLE `wp_urls` ADD COLUMN `enable` int(1) unsigned NOT NULL DEFAULT '1' made by activate_plugin, do_action('activate_staticpress/plugin.php'), WP_Hook->do_action, WP_Hook->apply_filters, static_press->activate, WP_SQLite_DB->query, WP_SQLite_DB->print_error
[21-Apr-2025 08:40:41 UTC] WordPress database error <div style="clear:both">&nbsp;</div>
<div class="queries" style="clear:both;margin-bottom:2px;border:red dotted thin;">
<p>MySQL query:</p>
<p>show fields from `wp_urls` where field = 'enable'</p>
<p>Queries made or created this session were:</p>
<ol>
<li>Executing: BEGIN | (no parameters)</li>
<li>Executing: ROLLBACK | (no parameters)</li>
</ol>
</div>
<div style="clear:both;margin-bottom:2px;border:red dotted thin;" class="error_message" style="border-bottom:dotted blue thin;">
Error occurred at line 4117 in Function <code>handle_error</code>. Error message was: Unknown show type: FIELDS FROM.
</div>
<p>Backtrace:</p>
<pre>#0 /internal/shared/sqlite-database-integration/wp-includes/sqlite/class-wp-sqlite-db.php(287): WP_SQLite_Translator->get_error_message()
#1 /wordpress/wp-includes/class-wpdb.php(3065): WP_SQLite_DB->query('show fields fro...')
#2 /wordpress/wp-content/plugins/staticpress/includes/class-static_press.php(87): wpdb->get_row('show fields fro...')
#3 /wordpress/wp-includes/class-wp-hook.php(324): static_press->activate(false)
#4 /wordpress/wp-includes/class-wp-hook.php(348): WP_Hook->apply_filters('', Array)
#5 /wordpress/wp-includes/plugin.php(517): WP_Hook->do_action(Array)
#6 /wordpress/wp-admin/includes/plugin.php(703): do_action('activate_static...', false)
#7 /internal/eval.php(20): activate_plugin('staticpress/plu...')
#8 {main}</pre>
 for query show fields from `wp_urls` where field = 'enable' made by activate_plugin, do_action('activate_staticpress/plugin.php'), WP_Hook->do_action, WP_Hook->apply_filters, static_press->activate, WP_SQLite_DB->query, WP_SQLite_DB->print_error
[21-Apr-2025 08:40:41 UTC] WordPress database error <div style="clear:both">&nbsp;</div>
<div class="queries" style="clear:both;margin-bottom:2px;border:red dotted thin;">
<p>MySQL query:</p>
<p>ALTER TABLE `wp_urls` ADD COLUMN `enable` int(1) unsigned NOT NULL DEFAULT '1'</p>
<p>Queries made or created this session were:</p>
<ol>
<li>Executing: BEGIN | (no parameters)</li>
<li>Executing: INSERT INTO _mysql_data_types_cache (`table`, `column_or_index`, `mysql_type`)
				VALUES (:table, :column, :datatype)
				ON CONFLICT(`table`, `column_or_index`) DO UPDATE SET `mysql_type` = :datatype
			 | parameters: wp_urls, enable, int(1) unsigned</li>
<li>Executing: ALTER TABLE wp_urls ADD COLUMN `enable`  integer NOT NULL DEFAULT '1' | (no parameters)</li>
<li>Executing: ROLLBACK | (no parameters)</li>
</ol>
</div>
<div style="clear:both;margin-bottom:2px;border:red dotted thin;" class="error_message" style="border-bottom:dotted blue thin;">
Error occurred at line 4117 in Function <code>handle_error</code>. Error message was: SQLSTATE[HY000]: General error: 1 duplicate column name: enable.
</div>
<p>Backtrace:</p>
<pre>#0 /internal/shared/sqlite-database-integration/wp-includes/sqlite/class-wp-sqlite-db.php(287): WP_SQLite_Translator->get_error_message()
#1 /wordpress/wp-content/plugins/staticpress/includes/class-static_press.php(88): WP_SQLite_DB->query('ALTER TABLE `wp...')
#2 /wordpress/wp-includes/class-wp-hook.php(324): static_press->activate(false)
#3 /wordpress/wp-includes/class-wp-hook.php(348): WP_Hook->apply_filters('', Array)
#4 /wordpress/wp-includes/plugin.php(517): WP_Hook->do_action(Array)
#5 /wordpress/wp-admin/includes/plugin.php(703): do_action('activate_static...', false)
#6 /internal/eval.php(20): activate_plugin('staticpress/plu...')
#7 {main}</pre>
 for query ALTER TABLE `wp_urls` ADD COLUMN `enable` int(1) unsigned NOT NULL DEFAULT '1' made by activate_plugin, do_action('activate_staticpress/plugin.php'), WP_Hook->do_action, WP_Hook->apply_filters, static_press->activate, WP_SQLite_DB->query, WP_SQLite_DB->print_error
[21-Apr-2025 08:41:46 UTC] PHP Warning:  The magic method Shop_CT::__wakeup() must have public visibility in /wordpress/wp-content/plugins/shopconstruct/shop-construct.php on line 175
[21-Apr-2025 08:41:47 UTC] PHP Warning:  The magic method Shop_CT::__wakeup() must have public visibility in /wordpress/wp-content/plugins/shopconstruct/shop-construct.php on line 175
[21-Apr-2025 08:41:57 UTC] PHP Warning:  The magic method Shop_CT::__wakeup() must have public visibility in /wordpress/wp-content/plugins/shopconstruct/shop-construct.php on line 175
[21-Apr-2025 08:41:57 UTC] WordPress database error <div style="clear:both">&nbsp;</div>
<div class="queries" style="clear:both;margin-bottom:2px;border:red dotted thin;">
<p>MySQL query:</p>
<p>CREATE TABLE IF NOT EXISTS `wp_shop_ct_sessions` (
		  session_id bigint(20) NOT NULL AUTO_INCREMENT,
		  session_key char(32) NOT NULL,
		  session_value longtext NOT NULL,
		  session_expiry bigint(20) NOT NULL,
		  UNIQUE KEY session_id (session_id),
		  PRIMARY KEY  (session_key)
		)</p>
<p>Queries made or created this session were:</p>
<ol>
<li>Executing: BEGIN | (no parameters)</li>
<li>Executing: ROLLBACK | (no parameters)</li>
</ol>
</div>
<div style="clear:both;margin-bottom:2px;border:red dotted thin;" class="error_message" style="border-bottom:dotted blue thin;">
Error occurred at line 4117 in Function <code>handle_error</code>. Error message was: Cannot combine AUTOINCREMENT and multiple primary keys in SQLite.
</div>
<p>Backtrace:</p>
<pre>#0 /internal/shared/sqlite-database-integration/wp-includes/sqlite/class-wp-sqlite-db.php(287): WP_SQLite_Translator->get_error_message()
#1 /wordpress/wp-content/plugins/shopconstruct/includes/install/class-shop-ct-install.php(75): WP_SQLite_DB->query('CREATE TABLE IF...')
#2 /wordpress/wp-content/plugins/shopconstruct/includes/install/class-shop-ct-install.php(35): Shop_CT_Install::create_tables()
#3 /wordpress/wp-includes/class-wp-hook.php(324): Shop_CT_Install::install(false)
#4 /wordpress/wp-includes/class-wp-hook.php(348): WP_Hook->apply_filters('', Array)
#5 /wordpress/wp-includes/plugin.php(517): WP_Hook->do_action(Array)
#6 /wordpress/wp-admin/includes/plugin.php(703): do_action('activate_shopco...', false)
#7 /internal/eval.php(20): activate_plugin('shopconstruct/s...')
#8 {main}</pre>
 for query CREATE TABLE IF NOT EXISTS `wp_shop_ct_sessions` (
		  session_id bigint(20) NOT NULL AUTO_INCREMENT,
		  session_key char(32) NOT NULL,
		  session_value longtext NOT NULL,
		  session_expiry bigint(20) NOT NULL,
		  UNIQUE KEY session_id (session_id),
		  PRIMARY KEY  (session_key)
		) made by activate_plugin, do_action('activate_shopconstruct/shop-construct.php'), WP_Hook->do_action, WP_Hook->apply_filters, Shop_CT_Install::install, Shop_CT_Install::create_tables, WP_SQLite_DB->query, WP_SQLite_DB->print_error
[21-Apr-2025 08:41:58 UTC] PHP Warning:  The magic method Shop_CT::__wakeup() must have public visibility in /wordpress/wp-content/plugins/shopconstruct/shop-construct.php on line 175
[21-Apr-2025 08:41:58 UTC] WordPress database error <div style="clear:both">&nbsp;</div>
<div class="queries" style="clear:both;margin-bottom:2px;border:red dotted thin;">
<p>MySQL query:</p>
<p>CREATE TABLE IF NOT EXISTS `wp_shop_ct_sessions` (
		  session_id bigint(20) NOT NULL AUTO_INCREMENT,
		  session_key char(32) NOT NULL,
		  session_value longtext NOT NULL,
		  session_expiry bigint(20) NOT NULL,
		  UNIQUE KEY session_id (session_id),
		  PRIMARY KEY  (session_key)
		)</p>
<p>Queries made or created this session were:</p>
<ol>
<li>Executing: BEGIN | (no parameters)</li>
<li>Executing: ROLLBACK | (no parameters)</li>
</ol>
</div>
<div style="clear:both;margin-bottom:2px;border:red dotted thin;" class="error_message" style="border-bottom:dotted blue thin;">
Error occurred at line 4117 in Function <code>handle_error</code>. Error message was: Cannot combine AUTOINCREMENT and multiple primary keys in SQLite.
</div>
<p>Backtrace:</p>
<pre>#0 /internal/shared/sqlite-database-integration/wp-includes/sqlite/class-wp-sqlite-db.php(287): WP_SQLite_Translator->get_error_message()
#1 /wordpress/wp-content/plugins/shopconstruct/includes/install/class-shop-ct-install.php(75): WP_SQLite_DB->query('CREATE TABLE IF...')
#2 /wordpress/wp-content/plugins/shopconstruct/includes/install/class-shop-ct-install.php(35): Shop_CT_Install::create_tables()
#3 /wordpress/wp-content/plugins/shopconstruct/includes/install/class-shop-ct-install.php(20): Shop_CT_Install::install()
#4 /wordpress/wp-includes/class-wp-hook.php(324): Shop_CT_Install::check_version('')
#5 /wordpress/wp-includes/class-wp-hook.php(348): WP_Hook->apply_filters(NULL, Array)
#6 /wordpress/wp-includes/plugin.php(517): WP_Hook->do_action(Array)
#7 /wordpress/wp-settings.php(727): do_action('init')
#8 /wordpress/wp-config.php(102): require_once('/wordpress/wp-s...')
#9 /wordpress/wp-load.php(50): require_once('/wordpress/wp-c...')
#10 /internal/eval.php(3): require_once('/wordpress/wp-l...')
#11 {main}</pre>
 for query CREATE TABLE IF NOT EXISTS `wp_shop_ct_sessions` (
		  session_id bigint(20) NOT NULL AUTO_INCREMENT,
		  session_key char(32) NOT NULL,
		  session_value longtext NOT NULL,
		  session_expiry bigint(20) NOT NULL,
		  UNIQUE KEY session_id (session_id),
		  PRIMARY KEY  (session_key)
		) made by require_once('wp-load.php'), require_once('wp-config.php'), require_once('wp-settings.php'), do_action('init'), WP_Hook->do_action, WP_Hook->apply_filters, Shop_CT_Install::check_version, Shop_CT_Install::install, Shop_CT_Install::create_tables, WP_SQLite_DB->query, WP_SQLite_DB->print_error
[21-Apr-2025 08:42:09 UTC] PHP Warning:  The magic method Shop_CT::__wakeup() must have public visibility in /wordpress/wp-content/plugins/shopconstruct/shop-construct.php on line 175
[21-Apr-2025 08:42:09 UTC] WordPress database error <div style="clear:both">&nbsp;</div>
<div class="queries" style="clear:both;margin-bottom:2px;border:red dotted thin;">
<p>MySQL query:</p>
<p>CREATE TABLE IF NOT EXISTS `wp_shop_ct_sessions` (
		  session_id bigint(20) NOT NULL AUTO_INCREMENT,
		  session_key char(32) NOT NULL,
		  session_value longtext NOT NULL,
		  session_expiry bigint(20) NOT NULL,
		  UNIQUE KEY session_id (session_id),
		  PRIMARY KEY  (session_key)
		)</p>
<p>Queries made or created this session were:</p>
<ol>
<li>Executing: BEGIN | (no parameters)</li>
<li>Executing: ROLLBACK | (no parameters)</li>
</ol>
</div>
<div style="clear:both;margin-bottom:2px;border:red dotted thin;" class="error_message" style="border-bottom:dotted blue thin;">
Error occurred at line 4117 in Function <code>handle_error</code>. Error message was: Cannot combine AUTOINCREMENT and multiple primary keys in SQLite.
</div>
<p>Backtrace:</p>
<pre>#0 /internal/shared/sqlite-database-integration/wp-includes/sqlite/class-wp-sqlite-db.php(287): WP_SQLite_Translator->get_error_message()
#1 /wordpress/wp-content/plugins/shopconstruct/includes/install/class-shop-ct-install.php(75): WP_SQLite_DB->query('CREATE TABLE IF...')
#2 /wordpress/wp-content/plugins/shopconstruct/includes/install/class-shop-ct-install.php(35): Shop_CT_Install::create_tables()
#3 /wordpress/wp-includes/class-wp-hook.php(324): Shop_CT_Install::install(false)
#4 /wordpress/wp-includes/class-wp-hook.php(348): WP_Hook->apply_filters('', Array)
#5 /wordpress/wp-includes/plugin.php(517): WP_Hook->do_action(Array)
#6 /wordpress/wp-admin/includes/plugin.php(703): do_action('activate_shopco...', false)
#7 /internal/eval.php(20): activate_plugin('shopconstruct/s...')
#8 {main}</pre>
 for query CREATE TABLE IF NOT EXISTS `wp_shop_ct_sessions` (
		  session_id bigint(20) NOT NULL AUTO_INCREMENT,
		  session_key char(32) NOT NULL,
		  session_value longtext NOT NULL,
		  session_expiry bigint(20) NOT NULL,
		  UNIQUE KEY session_id (session_id),
		  PRIMARY KEY  (session_key)
		) made by activate_plugin, do_action('activate_shopconstruct/shop-construct.php'), WP_Hook->do_action, WP_Hook->apply_filters, Shop_CT_Install::install, Shop_CT_Install::create_tables, WP_SQLite_DB->query, WP_SQLite_DB->print_error
[21-Apr-2025 08:42:10 UTC] PHP Warning:  The magic method Shop_CT::__wakeup() must have public visibility in /wordpress/wp-content/plugins/shopconstruct/shop-construct.php on line 175
[21-Apr-2025 08:42:10 UTC] WordPress database error <div style="clear:both">&nbsp;</div>
<div class="queries" style="clear:both;margin-bottom:2px;border:red dotted thin;">
<p>MySQL query:</p>
<p>CREATE TABLE IF NOT EXISTS `wp_shop_ct_sessions` (
		  session_id bigint(20) NOT NULL AUTO_INCREMENT,
		  session_key char(32) NOT NULL,
		  session_value longtext NOT NULL,
		  session_expiry bigint(20) NOT NULL,
		  UNIQUE KEY session_id (session_id),
		  PRIMARY KEY  (session_key)
		)</p>
<p>Queries made or created this session were:</p>
<ol>
<li>Executing: BEGIN | (no parameters)</li>
<li>Executing: ROLLBACK | (no parameters)</li>
</ol>
</div>
<div style="clear:both;margin-bottom:2px;border:red dotted thin;" class="error_message" style="border-bottom:dotted blue thin;">
Error occurred at line 4117 in Function <code>handle_error</code>. Error message was: Cannot combine AUTOINCREMENT and multiple primary keys in SQLite.
</div>
<p>Backtrace:</p>
<pre>#0 /internal/shared/sqlite-database-integration/wp-includes/sqlite/class-wp-sqlite-db.php(287): WP_SQLite_Translator->get_error_message()
#1 /wordpress/wp-content/plugins/shopconstruct/includes/install/class-shop-ct-install.php(75): WP_SQLite_DB->query('CREATE TABLE IF...')
#2 /wordpress/wp-content/plugins/shopconstruct/includes/install/class-shop-ct-install.php(35): Shop_CT_Install::create_tables()
#3 /wordpress/wp-content/plugins/shopconstruct/includes/install/class-shop-ct-install.php(20): Shop_CT_Install::install()
#4 /wordpress/wp-includes/class-wp-hook.php(324): Shop_CT_Install::check_version('')
#5 /wordpress/wp-includes/class-wp-hook.php(348): WP_Hook->apply_filters(NULL, Array)
#6 /wordpress/wp-includes/plugin.php(517): WP_Hook->do_action(Array)
#7 /wordpress/wp-settings.php(727): do_action('init')
#8 /wordpress/wp-config.php(102): require_once('/wordpress/wp-s...')
#9 /wordpress/wp-load.php(50): require_once('/wordpress/wp-c...')
#10 /internal/eval.php(3): require_once('/wordpress/wp-l...')
#11 {main}</pre>
 for query CREATE TABLE IF NOT EXISTS `wp_shop_ct_sessions` (
		  session_id bigint(20) NOT NULL AUTO_INCREMENT,
		  session_key char(32) NOT NULL,
		  session_value longtext NOT NULL,
		  session_expiry bigint(20) NOT NULL,
		  UNIQUE KEY session_id (session_id),
		  PRIMARY KEY  (session_key)
		) made by require_once('wp-load.php'), require_once('wp-config.php'), require_once('wp-settings.php'), do_action('init'), WP_Hook->do_action, WP_Hook->apply_filters, Shop_CT_Install::check_version, Shop_CT_Install::install, Shop_CT_Install::create_tables, WP_SQLite_DB->query, WP_SQLite_DB->print_error
[21-Apr-2025 08:45:51 UTC] PHP Notice:  Only variables should be assigned by reference in /wordpress/wp-content/plugins/simple-punctual-translation/inc/functions.plugin.php on line 24
[21-Apr-2025 08:45:52 UTC] PHP Notice:  Only variables should be assigned by reference in /wordpress/wp-content/plugins/simple-punctual-translation/inc/functions.plugin.php on line 38
[21-Apr-2025 08:45:52 UTC] PHP Notice:  Only variables should be assigned by reference in /wordpress/wp-content/plugins/simple-punctual-translation/inc/functions.plugin.php on line 42
[21-Apr-2025 08:45:53 UTC] PHP Fatal error:  Uncaught Error: Call to undefined function create_function() in /wordpress/wp-content/plugins/simple-punctual-translation/punctual-translation.php:57
Stack trace:
#0 /wordpress/wp-includes/class-wp-hook.php(324): PunctualTranslation_Init('')
#1 /wordpress/wp-includes/class-wp-hook.php(348): WP_Hook->apply_filters(NULL, Array)
#2 /wordpress/wp-includes/plugin.php(517): WP_Hook->do_action(Array)
#3 /wordpress/wp-settings.php(578): do_action('plugins_loaded')
#4 /wordpress/wp-config.php(102): require_once('/wordpress/wp-s...')
#5 /wordpress/wp-load.php(50): require_once('/wordpress/wp-c...')
#6 /internal/eval.php(3): require_once('/wordpress/wp-l...')
#7 {main}
  thrown in /wordpress/wp-content/plugins/simple-punctual-translation/punctual-translation.php on line 57

    at Object.onBind (file:///home/runner/work/playground-tester/playground-tester/node_modules/@wp-playground/cli/index.js:237:15)
    at process.processTicksAndRejections (node:internal/process/task_queues:105:5)
    at async V (file:///home/runner/work/playground-tester/playground-tester/node_modules/@wp-playground/cli/index.js:64:10)
    at async ja (file:///home/runner/work/playground-tester/playground-tester/node_modules/@wp-playground/cli/cli.js:8161:12) {
  [cause]: Error: Error when executing the blueprint step #5 ({"step":"installPlugin","pluginData":{"resource":"wordpress.org/plugins","slug":"simple-punctual-translation"},"options":{"activate":true}}) : PHP.run() failed with exit code 255 and the following output: 
      at Object.run (file:///home/runner/work/playground-tester/playground-tester/node_modules/@wp-playground/blueprints/index.js:12449:19)
      at process.processTicksAndRejections (node:internal/process/task_queues:105:5)
      at async ms (file:///home/runner/work/playground-tester/playground-tester/node_modules/@wp-playground/blueprints/index.js:12552:3)
      ... 2 lines matching cause stack trace ...
      at async ja (file:///home/runner/work/playground-tester/playground-tester/node_modules/@wp-playground/cli/cli.js:8161:12) {
    [cause]: PHPExecutionFailureError: PHP.run() failed with exit code 255 and the following output: 
        at PHP.run (file:///home/runner/work/playground-tester/playground-tester/node_modules/@php-wasm/universal/index.js:987:19)
        at process.processTicksAndRejections (node:internal/process/task_queues:105:5)
        at async wr (file:///home/runner/work/playground-tester/playground-tester/node_modules/@wp-playground/blueprints/index.js:73:13)
        at async Object.gt [as installPlugin] (file:///home/runner/work/playground-tester/playground-tester/node_modules/@wp-playground/blueprints/index.js:974:42)
        at async g (file:///home/runner/work/playground-tester/playground-tester/node_modules/@wp-playground/blueprints/index.js:12517:30)
        at async Object.run (file:///home/runner/work/playground-tester/playground-tester/node_modules/@wp-playground/blueprints/index.js:12446:23)
        at async ms (file:///home/runner/work/playground-tester/playground-tester/node_modules/@wp-playground/blueprints/index.js:12552:3)
        at async Object.onBind (file:///home/runner/work/playground-tester/playground-tester/node_modules/@wp-playground/cli/index.js:227:48)
        at async V (file:///home/runner/work/playground-tester/playground-tester/node_modules/@wp-playground/cli/index.js:64:10)
        at async ja (file:///home/runner/work/playground-tester/playground-tester/node_modules/@wp-playground/cli/cli.js:8161:12) {
      response: PHPResponse {
        httpStatusCode: 500,
        headers: {
          'x-powered-by': [ 'PHP/8.0.30-dev' ],
          'content-type': [ 'text/html; charset=UTF-8' ],
          expires: [ 'Wed, 11 Jan 1984 05:00:00 GMT' ],
          'cache-control': [ 'no-cache, must-revalidate, max-age=0, no-store, private' ]
        },
        bytes: Uint8Array(2653) [
           60,  33,  68,  79,  67,  84,  89,  80,  69,  32, 104, 116,
          109, 108,  62,  10,  60, 104, 116, 109, 108,  32, 108,  97,
          110, 103,  61,  34, 101, 110,  45,  85,  83,  34,  62,  10,
           60, 104, 101,  97, 100,  62,  10,   9,  60, 109, 101, 116,
           97,  32, 104, 116, 116, 112,  45, 101, 113, 117, 105, 118,
           61,  34,  67, 111, 110, 116, 101, 110, 116,  45,  84, 121,
          112, 101,  34,  32,  99, 111, 110, 116, 101, 110, 116,  61,
           34, 116, 101, 120, 116,  47, 104, 116, 109, 108,  59,  32,
           99, 104,  97, 114,
          ... 2553 more items
        ],
        exitCode: 255,
        errors: ''
      },
      source: 'request'
    }
  }
}

Node.js v23.11.0
