file:///home/runner/work/playground-tester/playground-tester/node_modules/@wp-playground/cli/run-cli-j-geJYS3.js:325
        throw new Error($, { cause: h });
              ^

Error: [21-Jun-2025 21:28:42 UTC] PHP Notice:  Function wp_enqueue_script was called <strong>incorrectly</strong>. Scripts and styles should not be registered or enqueued until the <code>wp_enqueue_scripts</code>, <code>admin_enqueue_scripts</code>, or <code>login_enqueue_scripts</code> hooks. This notice was triggered by the <code>jquery</code> handle. Please see <a href="https://developer.wordpress.org/advanced-administration/debug/debug-wordpress/">Debugging in WordPress</a> for more information. (This message was added in version 3.3.0.) in /wordpress/wp-includes/functions.php on line 6121
[21-Jun-2025 21:28:42 UTC] PHP Notice:  Function wp_enqueue_script was called <strong>incorrectly</strong>. Scripts and styles should not be registered or enqueued until the <code>wp_enqueue_scripts</code>, <code>admin_enqueue_scripts</code>, or <code>login_enqueue_scripts</code> hooks. This notice was triggered by the <code>bigtarget</code> handle. Please see <a href="https://developer.wordpress.org/advanced-administration/debug/debug-wordpress/">Debugging in WordPress</a> for more information. (This message was added in version 3.3.0.) in /wordpress/wp-includes/functions.php on line 6121
[21-Jun-2025 21:28:42 UTC] PHP Notice:  Function wp_enqueue_script was called <strong>incorrectly</strong>. Scripts and styles should not be registered or enqueued until the <code>wp_enqueue_scripts</code>, <code>admin_enqueue_scripts</code>, or <code>login_enqueue_scripts</code> hooks. This notice was triggered by the <code>paamassets</code> handle. Please see <a href="https://developer.wordpress.org/advanced-administration/debug/debug-wordpress/">Debugging in WordPress</a> for more information. (This message was added in version 3.3.0.) in /wordpress/wp-includes/functions.php on line 6121
[21-Jun-2025 21:28:52 UTC] PHP Notice:  Function wp_enqueue_script was called <strong>incorrectly</strong>. Scripts and styles should not be registered or enqueued until the <code>wp_enqueue_scripts</code>, <code>admin_enqueue_scripts</code>, or <code>login_enqueue_scripts</code> hooks. This notice was triggered by the <code>jquery</code> handle. Please see <a href="https://developer.wordpress.org/advanced-administration/debug/debug-wordpress/">Debugging in WordPress</a> for more information. (This message was added in version 3.3.0.) in /wordpress/wp-includes/functions.php on line 6121
[21-Jun-2025 21:28:52 UTC] PHP Notice:  Function wp_enqueue_script was called <strong>incorrectly</strong>. Scripts and styles should not be registered or enqueued until the <code>wp_enqueue_scripts</code>, <code>admin_enqueue_scripts</code>, or <code>login_enqueue_scripts</code> hooks. This notice was triggered by the <code>bigtarget</code> handle. Please see <a href="https://developer.wordpress.org/advanced-administration/debug/debug-wordpress/">Debugging in WordPress</a> for more information. (This message was added in version 3.3.0.) in /wordpress/wp-includes/functions.php on line 6121
[21-Jun-2025 21:28:52 UTC] PHP Notice:  Function wp_enqueue_script was called <strong>incorrectly</strong>. Scripts and styles should not be registered or enqueued until the <code>wp_enqueue_scripts</code>, <code>admin_enqueue_scripts</code>, or <code>login_enqueue_scripts</code> hooks. This notice was triggered by the <code>paamassets</code> handle. Please see <a href="https://developer.wordpress.org/advanced-administration/debug/debug-wordpress/">Debugging in WordPress</a> for more information. (This message was added in version 3.3.0.) in /wordpress/wp-includes/functions.php on line 6121
[21-Jun-2025 21:29:01 UTC] PHP Notice:  Function wp_enqueue_script was called <strong>incorrectly</strong>. Scripts and styles should not be registered or enqueued until the <code>wp_enqueue_scripts</code>, <code>admin_enqueue_scripts</code>, or <code>login_enqueue_scripts</code> hooks. This notice was triggered by the <code>jquery</code> handle. Please see <a href="https://developer.wordpress.org/advanced-administration/debug/debug-wordpress/">Debugging in WordPress</a> for more information. (This message was added in version 3.3.0.) in /wordpress/wp-includes/functions.php on line 6121
[21-Jun-2025 21:29:01 UTC] PHP Notice:  Function wp_enqueue_script was called <strong>incorrectly</strong>. Scripts and styles should not be registered or enqueued until the <code>wp_enqueue_scripts</code>, <code>admin_enqueue_scripts</code>, or <code>login_enqueue_scripts</code> hooks. This notice was triggered by the <code>bigtarget</code> handle. Please see <a href="https://developer.wordpress.org/advanced-administration/debug/debug-wordpress/">Debugging in WordPress</a> for more information. (This message was added in version 3.3.0.) in /wordpress/wp-includes/functions.php on line 6121
[21-Jun-2025 21:29:01 UTC] PHP Notice:  Function wp_enqueue_script was called <strong>incorrectly</strong>. Scripts and styles should not be registered or enqueued until the <code>wp_enqueue_scripts</code>, <code>admin_enqueue_scripts</code>, or <code>login_enqueue_scripts</code> hooks. This notice was triggered by the <code>paamassets</code> handle. Please see <a href="https://developer.wordpress.org/advanced-administration/debug/debug-wordpress/">Debugging in WordPress</a> for more information. (This message was added in version 3.3.0.) in /wordpress/wp-includes/functions.php on line 6121
[21-Jun-2025 21:29:10 UTC] PHP Fatal error:  Uncaught Error: Call to undefined function create_function() in /wordpress/wp-content/plugins/asteroids-widget/asteroids-widget-by-electric-tree-house.php:351
Stack trace:
#0 /wordpress/wp-admin/includes/plugin.php(2387): include_once()
#1 /wordpress/wp-admin/includes/plugin.php(673): plugin_sandbox_scrape('asteroids-widge...')
#2 /internal/eval.php(20): activate_plugin('asteroids-widge...')
#3 {main}
  thrown in /wordpress/wp-content/plugins/asteroids-widget/asteroids-widget-by-electric-tree-house.php on line 351
[21-Jun-2025 21:29:18 UTC] PHP Fatal error:  Uncaught Error: Call to undefined function create_function() in /wordpress/wp-content/plugins/asteroids-widget/asteroids-widget-by-electric-tree-house.php:351
Stack trace:
#0 /wordpress/wp-admin/includes/plugin.php(2387): include_once()
#1 /wordpress/wp-admin/includes/plugin.php(673): plugin_sandbox_scrape('asteroids-widge...')
#2 /internal/eval.php(20): activate_plugin('asteroids-widge...')
#3 {main}
  thrown in /wordpress/wp-content/plugins/asteroids-widget/asteroids-widget-by-electric-tree-house.php on line 351
[21-Jun-2025 21:29:27 UTC] PHP Fatal error:  Uncaught Error: Call to undefined function create_function() in /wordpress/wp-content/plugins/asteroids-widget/asteroids-widget-by-electric-tree-house.php:351
Stack trace:
#0 /wordpress/wp-admin/includes/plugin.php(2387): include_once()
#1 /wordpress/wp-admin/includes/plugin.php(673): plugin_sandbox_scrape('asteroids-widge...')
#2 /internal/eval.php(20): activate_plugin('asteroids-widge...')
#3 {main}
  thrown in /wordpress/wp-content/plugins/asteroids-widget/asteroids-widget-by-electric-tree-house.php on line 351
[21-Jun-2025 21:30:06 UTC] PHP Warning:  Trying to access array offset on value of type bool in /wordpress/wp-content/plugins/apsis-pro-for-wp/apsis-pro-for-wp.php on line 640
[21-Jun-2025 21:30:16 UTC] PHP Warning:  Trying to access array offset on value of type bool in /wordpress/wp-content/plugins/apsis-pro-for-wp/apsis-pro-for-wp.php on line 640
[21-Jun-2025 21:30:25 UTC] PHP Warning:  Trying to access array offset on value of type bool in /wordpress/wp-content/plugins/apsis-pro-for-wp/apsis-pro-for-wp.php on line 640
[21-Jun-2025 21:30:34 UTC] PHP Fatal error:  Uncaught Error: Non-static method archive_widgets::init() cannot be called statically in /wordpress/wp-content/plugins/archive-widgets/archive-widgets.php:161
Stack trace:
#0 /wordpress/wp-admin/includes/plugin.php(2387): include_once()
#1 /wordpress/wp-admin/includes/plugin.php(673): plugin_sandbox_scrape('archive-widgets...')
#2 /internal/eval.php(20): activate_plugin('archive-widgets...')
#3 {main}
  thrown in /wordpress/wp-content/plugins/archive-widgets/archive-widgets.php on line 161
[21-Jun-2025 21:30:43 UTC] PHP Fatal error:  Uncaught Error: Non-static method archive_widgets::init() cannot be called statically in /wordpress/wp-content/plugins/archive-widgets/archive-widgets.php:161
Stack trace:
#0 /wordpress/wp-admin/includes/plugin.php(2387): include_once()
#1 /wordpress/wp-admin/includes/plugin.php(673): plugin_sandbox_scrape('archive-widgets...')
#2 /internal/eval.php(20): activate_plugin('archive-widgets...')
#3 {main}
  thrown in /wordpress/wp-content/plugins/archive-widgets/archive-widgets.php on line 161
[21-Jun-2025 21:30:51 UTC] PHP Fatal error:  Uncaught Error: Non-static method archive_widgets::init() cannot be called statically in /wordpress/wp-content/plugins/archive-widgets/archive-widgets.php:161
Stack trace:
#0 /wordpress/wp-admin/includes/plugin.php(2387): include_once()
#1 /wordpress/wp-admin/includes/plugin.php(673): plugin_sandbox_scrape('archive-widgets...')
#2 /internal/eval.php(20): activate_plugin('archive-widgets...')
#3 {main}
  thrown in /wordpress/wp-content/plugins/archive-widgets/archive-widgets.php on line 161
[21-Jun-2025 21:31:29 UTC] 1
[21-Jun-2025 21:31:29 UTC] Will Be Upgraded
[21-Jun-2025 21:31:31 UTC] 1
[21-Jun-2025 21:31:31 UTC] Will Be Upgraded
[21-Jun-2025 21:31:31 UTC] PHP Notice:  Function _load_textdomain_just_in_time was called <strong>incorrectly</strong>. Translation loading for the <code>artistpress</code> domain was triggered too early. This is usually an indicator for some code in the plugin or theme running too early. Translations should be loaded at the <code>init</code> action or later. Please see <a href="https://developer.wordpress.org/advanced-administration/debug/debug-wordpress/">Debugging in WordPress</a> for more information. (This message was added in version 6.7.0.) in /wordpress/wp-includes/functions.php on line 6121
[21-Jun-2025 21:31:31 UTC] PHP Warning:  Trying to access array offset on value of type bool in /wordpress/wp-content/plugins/artistpress/public/views/artist-press-shortcodes.php on line 26
[21-Jun-2025 21:31:31 UTC] PHP Warning:  Trying to access array offset on value of type bool in /wordpress/wp-content/plugins/artistpress/public/views/artist-press-shortcodes.php on line 43
[21-Jun-2025 21:31:31 UTC] PHP Warning:  Trying to access array offset on value of type bool in /wordpress/wp-content/plugins/artistpress/public/views/artist-press-shortcodes.php on line 51
[21-Jun-2025 21:31:40 UTC] 1
[21-Jun-2025 21:31:40 UTC] Will Be Upgraded
[21-Jun-2025 21:31:41 UTC] 1
[21-Jun-2025 21:31:41 UTC] Will Be Upgraded
[21-Jun-2025 21:31:41 UTC] PHP Notice:  Function _load_textdomain_just_in_time was called <strong>incorrectly</strong>. Translation loading for the <code>artistpress</code> domain was triggered too early. This is usually an indicator for some code in the plugin or theme running too early. Translations should be loaded at the <code>init</code> action or later. Please see <a href="https://developer.wordpress.org/advanced-administration/debug/debug-wordpress/">Debugging in WordPress</a> for more information. (This message was added in version 6.7.0.) in /wordpress/wp-includes/functions.php on line 6121
[21-Jun-2025 21:31:41 UTC] PHP Warning:  Trying to access array offset on value of type bool in /wordpress/wp-content/plugins/artistpress/public/views/artist-press-shortcodes.php on line 26
[21-Jun-2025 21:31:41 UTC] PHP Warning:  Trying to access array offset on value of type bool in /wordpress/wp-content/plugins/artistpress/public/views/artist-press-shortcodes.php on line 43
[21-Jun-2025 21:31:41 UTC] PHP Warning:  Trying to access array offset on value of type bool in /wordpress/wp-content/plugins/artistpress/public/views/artist-press-shortcodes.php on line 51
[21-Jun-2025 21:31:50 UTC] 1
[21-Jun-2025 21:31:50 UTC] Will Be Upgraded
[21-Jun-2025 21:31:51 UTC] 1
[21-Jun-2025 21:31:51 UTC] Will Be Upgraded
[21-Jun-2025 21:31:51 UTC] PHP Notice:  Function _load_textdomain_just_in_time was called <strong>incorrectly</strong>. Translation loading for the <code>artistpress</code> domain was triggered too early. This is usually an indicator for some code in the plugin or theme running too early. Translations should be loaded at the <code>init</code> action or later. Please see <a href="https://developer.wordpress.org/advanced-administration/debug/debug-wordpress/">Debugging in WordPress</a> for more information. (This message was added in version 6.7.0.) in /wordpress/wp-includes/functions.php on line 6121
[21-Jun-2025 21:31:51 UTC] PHP Warning:  Trying to access array offset on value of type bool in /wordpress/wp-content/plugins/artistpress/public/views/artist-press-shortcodes.php on line 26
[21-Jun-2025 21:31:51 UTC] PHP Warning:  Trying to access array offset on value of type bool in /wordpress/wp-content/plugins/artistpress/public/views/artist-press-shortcodes.php on line 43
[21-Jun-2025 21:31:51 UTC] PHP Warning:  Trying to access array offset on value of type bool in /wordpress/wp-content/plugins/artistpress/public/views/artist-press-shortcodes.php on line 51
[21-Jun-2025 21:32:31 UTC] PHP Notice:  Function _load_textdomain_just_in_time was called <strong>incorrectly</strong>. Translation loading for the <code>aspiesoft-auto-embed</code> domain was triggered too early. This is usually an indicator for some code in the plugin or theme running too early. Translations should be loaded at the <code>init</code> action or later. Please see <a href="https://developer.wordpress.org/advanced-administration/debug/debug-wordpress/">Debugging in WordPress</a> for more information. (This message was added in version 6.7.0.) in /wordpress/wp-includes/functions.php on line 6121
[21-Jun-2025 21:32:41 UTC] PHP Notice:  Function _load_textdomain_just_in_time was called <strong>incorrectly</strong>. Translation loading for the <code>aspiesoft-auto-embed</code> domain was triggered too early. This is usually an indicator for some code in the plugin or theme running too early. Translations should be loaded at the <code>init</code> action or later. Please see <a href="https://developer.wordpress.org/advanced-administration/debug/debug-wordpress/">Debugging in WordPress</a> for more information. (This message was added in version 6.7.0.) in /wordpress/wp-includes/functions.php on line 6121
[21-Jun-2025 21:32:50 UTC] PHP Notice:  Function _load_textdomain_just_in_time was called <strong>incorrectly</strong>. Translation loading for the <code>aspiesoft-auto-embed</code> domain was triggered too early. This is usually an indicator for some code in the plugin or theme running too early. Translations should be loaded at the <code>init</code> action or later. Please see <a href="https://developer.wordpress.org/advanced-administration/debug/debug-wordpress/">Debugging in WordPress</a> for more information. (This message was added in version 6.7.0.) in /wordpress/wp-includes/functions.php on line 6121
[21-Jun-2025 21:34:26 UTC] PHP Fatal error:  Uncaught TypeError: call_user_func_array(): Argument #1 ($callback) must be a valid callback, non-static method AthlonCalameoRegisterFunctions::ath_add_calameo_button() cannot be called statically in /wordpress/wp-includes/class-wp-hook.php:324
Stack trace:
#0 /wordpress/wp-includes/class-wp-hook.php(348): WP_Hook->apply_filters(NULL, Array)
#1 /wordpress/wp-includes/plugin.php(517): WP_Hook->do_action(Array)
#2 /wordpress/wp-settings.php(727): do_action('init')
#3 /wordpress/wp-config.php(102): require_once('/wordpress/wp-s...')
#4 /wordpress/wp-load.php(50): require_once('/wordpress/wp-c...')
#5 /internal/eval.php(3): require_once('/wordpress/wp-l...')
#6 {main}
  thrown in /wordpress/wp-includes/class-wp-hook.php on line 324
[21-Jun-2025 21:34:37 UTC] PHP Fatal error:  Uncaught TypeError: call_user_func_array(): Argument #1 ($callback) must be a valid callback, non-static method AthlonCalameoRegisterFunctions::ath_add_calameo_button() cannot be called statically in /wordpress/wp-includes/class-wp-hook.php:324
Stack trace:
#0 /wordpress/wp-includes/class-wp-hook.php(348): WP_Hook->apply_filters(NULL, Array)
#1 /wordpress/wp-includes/plugin.php(517): WP_Hook->do_action(Array)
#2 /wordpress/wp-settings.php(727): do_action('init')
#3 /wordpress/wp-config.php(102): require_once('/wordpress/wp-s...')
#4 /wordpress/wp-load.php(50): require_once('/wordpress/wp-c...')
#5 /internal/eval.php(3): require_once('/wordpress/wp-l...')
#6 {main}
  thrown in /wordpress/wp-includes/class-wp-hook.php on line 324
[21-Jun-2025 21:34:46 UTC] PHP Fatal error:  Uncaught TypeError: call_user_func_array(): Argument #1 ($callback) must be a valid callback, non-static method AthlonCalameoRegisterFunctions::ath_add_calameo_button() cannot be called statically in /wordpress/wp-includes/class-wp-hook.php:324
Stack trace:
#0 /wordpress/wp-includes/class-wp-hook.php(348): WP_Hook->apply_filters(NULL, Array)
#1 /wordpress/wp-includes/plugin.php(517): WP_Hook->do_action(Array)
#2 /wordpress/wp-settings.php(727): do_action('init')
#3 /wordpress/wp-config.php(102): require_once('/wordpress/wp-s...')
#4 /wordpress/wp-load.php(50): require_once('/wordpress/wp-c...')
#5 /internal/eval.php(3): require_once('/wordpress/wp-l...')
#6 {main}
  thrown in /wordpress/wp-includes/class-wp-hook.php on line 324

    at Object.onBind (file:///home/runner/work/playground-tester/playground-tester/node_modules/@wp-playground/cli/run-cli-j-geJYS3.js:325:15)
    at process.processTicksAndRejections (node:internal/process/task_queues:105:5)
    at async re (file:///home/runner/work/playground-tester/playground-tester/node_modules/@wp-playground/cli/run-cli-j-geJYS3.js:149:10) {
  [cause]: Error: Error when executing the blueprint step #1 ({"step":"installPlugin","pluginData":{"resource":"wordpress.org/plugins","slug":"athlon-manage-calameo-publications"},"options":{"activate":true}}) : PHP.run() failed with exit code 255 and the following output: 
      at Object.run (file:///home/runner/work/playground-tester/playground-tester/node_modules/@wp-playground/blueprints/index.js:12093:19)
      at process.processTicksAndRejections (node:internal/process/task_queues:105:5)
      at async ys (file:///home/runner/work/playground-tester/playground-tester/node_modules/@wp-playground/blueprints/index.js:12196:3)
      at async Object.onBind (file:///home/runner/work/playground-tester/playground-tester/node_modules/@wp-playground/cli/run-cli-j-geJYS3.js:315:48)
      at async re (file:///home/runner/work/playground-tester/playground-tester/node_modules/@wp-playground/cli/run-cli-j-geJYS3.js:149:10) {
    [cause]: PHPExecutionFailureError: PHP.run() failed with exit code 255 and the following output: 
        at PHP.run (file:///home/runner/work/playground-tester/playground-tester/node_modules/@php-wasm/universal/index.js:1034:19)
        at process.processTicksAndRejections (node:internal/process/task_queues:105:5)
        at async wr (file:///home/runner/work/playground-tester/playground-tester/node_modules/@wp-playground/blueprints/index.js:74:13)
        at async Object.gt [as installPlugin] (file:///home/runner/work/playground-tester/playground-tester/node_modules/@wp-playground/blueprints/index.js:631:42)
        at async g (file:///home/runner/work/playground-tester/playground-tester/node_modules/@wp-playground/blueprints/index.js:12161:30)
        at async Object.run (file:///home/runner/work/playground-tester/playground-tester/node_modules/@wp-playground/blueprints/index.js:12090:23)
        at async ys (file:///home/runner/work/playground-tester/playground-tester/node_modules/@wp-playground/blueprints/index.js:12196:3)
        at async Object.onBind (file:///home/runner/work/playground-tester/playground-tester/node_modules/@wp-playground/cli/run-cli-j-geJYS3.js:315:48)
        at async re (file:///home/runner/work/playground-tester/playground-tester/node_modules/@wp-playground/cli/run-cli-j-geJYS3.js:149:10) {
      response: PHPResponse {
        httpStatusCode: 500,
        headers: {
          'x-powered-by': [ 'PHP/8.0.30-dev' ],
          'content-type': [ 'text/html; charset=UTF-8' ],
          expires: [ 'Wed, 11 Jan 1984 05:00:00 GMT' ],
          'cache-control': [ 'no-cache, must-revalidate, max-age=0, no-store, private' ]
        },
        bytes: Uint8Array(2653) [
           60,  33,  68,  79,  67,  84,  89,  80,  69,  32, 104, 116,
          109, 108,  62,  10,  60, 104, 116, 109, 108,  32, 108,  97,
          110, 103,  61,  34, 101, 110,  45,  85,  83,  34,  62,  10,
           60, 104, 101,  97, 100,  62,  10,   9,  60, 109, 101, 116,
           97,  32, 104, 116, 116, 112,  45, 101, 113, 117, 105, 118,
           61,  34,  67, 111, 110, 116, 101, 110, 116,  45,  84, 121,
          112, 101,  34,  32,  99, 111, 110, 116, 101, 110, 116,  61,
           34, 116, 101, 120, 116,  47, 104, 116, 109, 108,  59,  32,
           99, 104,  97, 114,
          ... 2553 more items
        ],
        exitCode: 255,
        errors: ''
      },
      source: 'request'
    }
  }
}

Node.js v23.11.0
