file:///home/runner/work/playground-tester/playground-tester/node_modules/@wp-playground/cli/run-cli-j-geJYS3.js:325
        throw new Error($, { cause: h });
              ^

Error: [22-Jun-2025 10:52:08 UTC] PHP Deprecated:  Required parameter $page follows optional parameter $tab in /wordpress/wp-content/plugins/send-email-attachment-to-dropbox/lib/urls.php on line 2
[22-Jun-2025 10:52:08 UTC] PHP Deprecated:  Required parameter $element follows optional parameter $name in /wordpress/wp-content/plugins/send-email-attachment-to-dropbox/classes/settings.php on line 176
[22-Jun-2025 10:52:08 UTC] PHP Deprecated:  Required parameter $element follows optional parameter $name in /wordpress/wp-content/plugins/send-email-attachment-to-dropbox/classes/settings.php on line 222
[22-Jun-2025 10:52:08 UTC] PHP Deprecated:  Required parameter $element follows optional parameter $name in /wordpress/wp-content/plugins/send-email-attachment-to-dropbox/classes/settings.php on line 250
[22-Jun-2025 10:52:08 UTC] PHP Deprecated:  Required parameter $element follows optional parameter $name in /wordpress/wp-content/plugins/send-email-attachment-to-dropbox/classes/settings.php on line 302
[22-Jun-2025 10:52:08 UTC] PHP Deprecated:  Required parameter $element follows optional parameter $name in /wordpress/wp-content/plugins/send-email-attachment-to-dropbox/classes/settings.php on line 353
[22-Jun-2025 10:52:08 UTC] PHP Fatal error:  Unparenthesized `a ? b : c ? d : e` is not supported. Use either `(a ? b : c) ? d : e` or `a ? b : (c ? d : e)` in /wordpress/wp-content/plugins/send-email-attachment-to-dropbox/classes/settings.php on line 482
[22-Jun-2025 10:52:17 UTC] PHP Deprecated:  Required parameter $page follows optional parameter $tab in /wordpress/wp-content/plugins/send-email-attachment-to-dropbox/lib/urls.php on line 2
[22-Jun-2025 10:52:17 UTC] PHP Deprecated:  Required parameter $element follows optional parameter $name in /wordpress/wp-content/plugins/send-email-attachment-to-dropbox/classes/settings.php on line 176
[22-Jun-2025 10:52:17 UTC] PHP Deprecated:  Required parameter $element follows optional parameter $name in /wordpress/wp-content/plugins/send-email-attachment-to-dropbox/classes/settings.php on line 222
[22-Jun-2025 10:52:17 UTC] PHP Deprecated:  Required parameter $element follows optional parameter $name in /wordpress/wp-content/plugins/send-email-attachment-to-dropbox/classes/settings.php on line 250
[22-Jun-2025 10:52:17 UTC] PHP Deprecated:  Required parameter $element follows optional parameter $name in /wordpress/wp-content/plugins/send-email-attachment-to-dropbox/classes/settings.php on line 302
[22-Jun-2025 10:52:17 UTC] PHP Deprecated:  Required parameter $element follows optional parameter $name in /wordpress/wp-content/plugins/send-email-attachment-to-dropbox/classes/settings.php on line 353
[22-Jun-2025 10:52:17 UTC] PHP Fatal error:  Unparenthesized `a ? b : c ? d : e` is not supported. Use either `(a ? b : c) ? d : e` or `a ? b : (c ? d : e)` in /wordpress/wp-content/plugins/send-email-attachment-to-dropbox/classes/settings.php on line 482
[22-Jun-2025 10:52:25 UTC] PHP Deprecated:  Required parameter $page follows optional parameter $tab in /wordpress/wp-content/plugins/send-email-attachment-to-dropbox/lib/urls.php on line 2
[22-Jun-2025 10:52:25 UTC] PHP Deprecated:  Required parameter $element follows optional parameter $name in /wordpress/wp-content/plugins/send-email-attachment-to-dropbox/classes/settings.php on line 176
[22-Jun-2025 10:52:25 UTC] PHP Deprecated:  Required parameter $element follows optional parameter $name in /wordpress/wp-content/plugins/send-email-attachment-to-dropbox/classes/settings.php on line 222
[22-Jun-2025 10:52:25 UTC] PHP Deprecated:  Required parameter $element follows optional parameter $name in /wordpress/wp-content/plugins/send-email-attachment-to-dropbox/classes/settings.php on line 250
[22-Jun-2025 10:52:25 UTC] PHP Deprecated:  Required parameter $element follows optional parameter $name in /wordpress/wp-content/plugins/send-email-attachment-to-dropbox/classes/settings.php on line 302
[22-Jun-2025 10:52:25 UTC] PHP Deprecated:  Required parameter $element follows optional parameter $name in /wordpress/wp-content/plugins/send-email-attachment-to-dropbox/classes/settings.php on line 353
[22-Jun-2025 10:52:25 UTC] PHP Fatal error:  Unparenthesized `a ? b : c ? d : e` is not supported. Use either `(a ? b : c) ? d : e` or `a ? b : (c ? d : e)` in /wordpress/wp-content/plugins/send-email-attachment-to-dropbox/classes/settings.php on line 482
[22-Jun-2025 10:52:34 UTC] PHP Fatal error:  Uncaught Error: Undefined constant "E_NONE" in /wordpress/wp-content/plugins/sendy-fulfillment/sendyAssets/SendyFulfillment.php:3
Stack trace:
#0 /wordpress/wp-content/plugins/sendy-fulfillment/includes/class-sendy-fulfillment-settings.php(2): require_once()
#1 /wordpress/wp-content/plugins/sendy-fulfillment/sendy-fulfillement-woocomerce-plugin.php(44): require('/wordpress/wp-c...')
#2 /wordpress/wp-admin/includes/plugin.php(2387): include_once('/wordpress/wp-c...')
#3 /wordpress/wp-admin/includes/plugin.php(673): plugin_sandbox_scrape('sendy-fulfillme...')
#4 /internal/eval.php(20): activate_plugin('sendy-fulfillme...')
#5 {main}
  thrown in /wordpress/wp-content/plugins/sendy-fulfillment/sendyAssets/SendyFulfillment.php on line 3
[22-Jun-2025 10:52:43 UTC] PHP Fatal error:  Uncaught Error: Undefined constant "E_NONE" in /wordpress/wp-content/plugins/sendy-fulfillment/sendyAssets/SendyFulfillment.php:3
Stack trace:
#0 /wordpress/wp-content/plugins/sendy-fulfillment/includes/class-sendy-fulfillment-settings.php(2): require_once()
#1 /wordpress/wp-content/plugins/sendy-fulfillment/sendy-fulfillement-woocomerce-plugin.php(44): require('/wordpress/wp-c...')
#2 /wordpress/wp-admin/includes/plugin.php(2387): include_once('/wordpress/wp-c...')
#3 /wordpress/wp-admin/includes/plugin.php(673): plugin_sandbox_scrape('sendy-fulfillme...')
#4 /internal/eval.php(20): activate_plugin('sendy-fulfillme...')
#5 {main}
  thrown in /wordpress/wp-content/plugins/sendy-fulfillment/sendyAssets/SendyFulfillment.php on line 3
[22-Jun-2025 10:52:51 UTC] PHP Fatal error:  Uncaught Error: Undefined constant "E_NONE" in /wordpress/wp-content/plugins/sendy-fulfillment/sendyAssets/SendyFulfillment.php:3
Stack trace:
#0 /wordpress/wp-content/plugins/sendy-fulfillment/includes/class-sendy-fulfillment-settings.php(2): require_once()
#1 /wordpress/wp-content/plugins/sendy-fulfillment/sendy-fulfillement-woocomerce-plugin.php(44): require('/wordpress/wp-c...')
#2 /wordpress/wp-admin/includes/plugin.php(2387): include_once('/wordpress/wp-c...')
#3 /wordpress/wp-admin/includes/plugin.php(673): plugin_sandbox_scrape('sendy-fulfillme...')
#4 /internal/eval.php(20): activate_plugin('sendy-fulfillme...')
#5 {main}
  thrown in /wordpress/wp-content/plugins/sendy-fulfillment/sendyAssets/SendyFulfillment.php on line 3
[22-Jun-2025 10:55:00 UTC] PHP Fatal error:  Uncaught ArgumentCountError: Too few arguments to function WP_Widget::__construct(), 0 passed in /wordpress/wp-includes/class-wp-widget-factory.php on line 62 and at least 2 expected in /wordpress/wp-includes/class-wp-widget.php:163
Stack trace:
#0 /wordpress/wp-includes/class-wp-widget-factory.php(62): WP_Widget->__construct()
#1 /wordpress/wp-includes/widgets.php(123): WP_Widget_Factory->register('rax_google_tran...')
#2 /wordpress/wp-content/plugins/rax-google-language-translator/rax-google-language-translator.php(163): register_widget('rax_google_tran...')
#3 /wordpress/wp-includes/class-wp-hook.php(324): rax_google_translator_widget_init('')
#4 /wordpress/wp-includes/class-wp-hook.php(348): WP_Hook->apply_filters(NULL, Array)
#5 /wordpress/wp-includes/plugin.php(517): WP_Hook->do_action(Array)
#6 /wordpress/wp-includes/widgets.php(1870): do_action('widgets_init')
#7 /wordpress/wp-includes/class-wp-hook.php(324): wp_widgets_init('')
#8 /wordpress/wp-includes/class-wp-hook.php(348): WP_Hook->apply_filters(NULL, Array)
#9 /wordpress/wp-includes/plugin.php(517): WP_Hook->do_action(Array)
#10 /wordpress/wp-settings.php(727): do_action('init')
#11 /wordpress/wp-config.php(102): require_once('/wordpress/wp-s...')
#12 /wordpress/wp-load.php(50): require_once('/wordpress/wp-c...')
#13 /internal/eval.php(3): require_once('/wordpress/wp-l...')
#14 {main}
  thrown in /wordpress/wp-includes/class-wp-widget.php on line 163
[22-Jun-2025 10:55:10 UTC] PHP Fatal error:  Uncaught ArgumentCountError: Too few arguments to function WP_Widget::__construct(), 0 passed in /wordpress/wp-includes/class-wp-widget-factory.php on line 62 and at least 2 expected in /wordpress/wp-includes/class-wp-widget.php:163
Stack trace:
#0 /wordpress/wp-includes/class-wp-widget-factory.php(62): WP_Widget->__construct()
#1 /wordpress/wp-includes/widgets.php(123): WP_Widget_Factory->register('rax_google_tran...')
#2 /wordpress/wp-content/plugins/rax-google-language-translator/rax-google-language-translator.php(163): register_widget('rax_google_tran...')
#3 /wordpress/wp-includes/class-wp-hook.php(324): rax_google_translator_widget_init('')
#4 /wordpress/wp-includes/class-wp-hook.php(348): WP_Hook->apply_filters(NULL, Array)
#5 /wordpress/wp-includes/plugin.php(517): WP_Hook->do_action(Array)
#6 /wordpress/wp-includes/widgets.php(1870): do_action('widgets_init')
#7 /wordpress/wp-includes/class-wp-hook.php(324): wp_widgets_init('')
#8 /wordpress/wp-includes/class-wp-hook.php(348): WP_Hook->apply_filters(NULL, Array)
#9 /wordpress/wp-includes/plugin.php(517): WP_Hook->do_action(Array)
#10 /wordpress/wp-settings.php(727): do_action('init')
#11 /wordpress/wp-config.php(102): require_once('/wordpress/wp-s...')
#12 /wordpress/wp-load.php(50): require_once('/wordpress/wp-c...')
#13 /internal/eval.php(3): require_once('/wordpress/wp-l...')
#14 {main}
  thrown in /wordpress/wp-includes/class-wp-widget.php on line 163
[22-Jun-2025 10:55:19 UTC] PHP Fatal error:  Uncaught ArgumentCountError: Too few arguments to function WP_Widget::__construct(), 0 passed in /wordpress/wp-includes/class-wp-widget-factory.php on line 62 and at least 2 expected in /wordpress/wp-includes/class-wp-widget.php:163
Stack trace:
#0 /wordpress/wp-includes/class-wp-widget-factory.php(62): WP_Widget->__construct()
#1 /wordpress/wp-includes/widgets.php(123): WP_Widget_Factory->register('rax_google_tran...')
#2 /wordpress/wp-content/plugins/rax-google-language-translator/rax-google-language-translator.php(163): register_widget('rax_google_tran...')
#3 /wordpress/wp-includes/class-wp-hook.php(324): rax_google_translator_widget_init('')
#4 /wordpress/wp-includes/class-wp-hook.php(348): WP_Hook->apply_filters(NULL, Array)
#5 /wordpress/wp-includes/plugin.php(517): WP_Hook->do_action(Array)
#6 /wordpress/wp-includes/widgets.php(1870): do_action('widgets_init')
#7 /wordpress/wp-includes/class-wp-hook.php(324): wp_widgets_init('')
#8 /wordpress/wp-includes/class-wp-hook.php(348): WP_Hook->apply_filters(NULL, Array)
#9 /wordpress/wp-includes/plugin.php(517): WP_Hook->do_action(Array)
#10 /wordpress/wp-settings.php(727): do_action('init')
#11 /wordpress/wp-config.php(102): require_once('/wordpress/wp-s...')
#12 /wordpress/wp-load.php(50): require_once('/wordpress/wp-c...')
#13 /internal/eval.php(3): require_once('/wordpress/wp-l...')
#14 {main}
  thrown in /wordpress/wp-includes/class-wp-widget.php on line 163
[22-Jun-2025 11:00:29 UTC] PHP Fatal error:  Uncaught Error: Undefined constant "rs_event_widgets" in /wordpress/wp-content/plugins/rs-event-multiday/rs-event-multiday.php:1314
Stack trace:
#0 /wordpress/wp-admin/includes/plugin.php(2387): include_once()
#1 /wordpress/wp-admin/includes/plugin.php(673): plugin_sandbox_scrape('rs-event-multid...')
#2 /internal/eval.php(20): activate_plugin('rs-event-multid...')
#3 {main}
  thrown in /wordpress/wp-content/plugins/rs-event-multiday/rs-event-multiday.php on line 1314
[22-Jun-2025 11:00:38 UTC] PHP Fatal error:  Uncaught Error: Undefined constant "rs_event_widgets" in /wordpress/wp-content/plugins/rs-event-multiday/rs-event-multiday.php:1314
Stack trace:
#0 /wordpress/wp-admin/includes/plugin.php(2387): include_once()
#1 /wordpress/wp-admin/includes/plugin.php(673): plugin_sandbox_scrape('rs-event-multid...')
#2 /internal/eval.php(20): activate_plugin('rs-event-multid...')
#3 {main}
  thrown in /wordpress/wp-content/plugins/rs-event-multiday/rs-event-multiday.php on line 1314
[22-Jun-2025 11:00:47 UTC] PHP Fatal error:  Uncaught Error: Undefined constant "rs_event_widgets" in /wordpress/wp-content/plugins/rs-event-multiday/rs-event-multiday.php:1314
Stack trace:
#0 /wordpress/wp-admin/includes/plugin.php(2387): include_once()
#1 /wordpress/wp-admin/includes/plugin.php(673): plugin_sandbox_scrape('rs-event-multid...')
#2 /internal/eval.php(20): activate_plugin('rs-event-multid...')
#3 {main}
  thrown in /wordpress/wp-content/plugins/rs-event-multiday/rs-event-multiday.php on line 1314

    at Object.onBind (file:///home/runner/work/playground-tester/playground-tester/node_modules/@wp-playground/cli/run-cli-j-geJYS3.js:325:15)
    at process.processTicksAndRejections (node:internal/process/task_queues:105:5)
    at async re (file:///home/runner/work/playground-tester/playground-tester/node_modules/@wp-playground/cli/run-cli-j-geJYS3.js:149:10) {
  [cause]: Error: Error when executing the blueprint step #1 ({"step":"installPlugin","pluginData":{"resource":"wordpress.org/plugins","slug":"rankinglist"},"options":{"activate":true}}) : Could not download "https://downloads.wordpress.org/plugin/rankinglist.latest-stable.zip".
  				Check if the URL is correct and the server is reachable.
  				If it is reachable, the server might be blocking the request.
  				Check the browser console and network tabs for more information.
  
  				## Does the console show the error "No 'Access-Control-Allow-Origin' header"?
  
  				This means the server that hosts your file does not allow requests from other sites
  				(cross-origin requests, or CORS).	You need to move the asset to a server that allows
  				cross-origin file downloads. Learn more about CORS at
  				https://developer.mozilla.org/en-US/docs/Web/HTTP/CORS.
  
  				If your file is on GitHub, load it from "raw.githubusercontent.com".
  				Here's how to do that:
  
  				1. Start with the original GitHub URL of the file. For example:
  				https://github.com/username/repository/blob/branch/filename.
  				2. Replace "github.com" with "raw.githubusercontent.com".
  				3. Remove the "/blob/" part of the URL.
  
  				The resulting URL should look like this:
  				https://raw.githubusercontent.com/username/repository/branch/filename
  
  				Error:
  				Error: Could not download "https://downloads.wordpress.org/plugin/rankinglist.latest-stable.zip"
      at Object.run (file:///home/runner/work/playground-tester/playground-tester/node_modules/@wp-playground/blueprints/index.js:12093:19)
      at process.processTicksAndRejections (node:internal/process/task_queues:105:5)
      at async ys (file:///home/runner/work/playground-tester/playground-tester/node_modules/@wp-playground/blueprints/index.js:12196:3)
      at async Object.onBind (file:///home/runner/work/playground-tester/playground-tester/node_modules/@wp-playground/cli/run-cli-j-geJYS3.js:315:48)
      at async re (file:///home/runner/work/playground-tester/playground-tester/node_modules/@wp-playground/cli/run-cli-j-geJYS3.js:149:10) {
    [cause]: Error: Could not download "https://downloads.wordpress.org/plugin/rankinglist.latest-stable.zip".
    				Check if the URL is correct and the server is reachable.
    				If it is reachable, the server might be blocking the request.
    				Check the browser console and network tabs for more information.
    
    				## Does the console show the error "No 'Access-Control-Allow-Origin' header"?
    
    				This means the server that hosts your file does not allow requests from other sites
    				(cross-origin requests, or CORS).	You need to move the asset to a server that allows
    				cross-origin file downloads. Learn more about CORS at
    				https://developer.mozilla.org/en-US/docs/Web/HTTP/CORS.
    
    				If your file is on GitHub, load it from "raw.githubusercontent.com".
    				Here's how to do that:
    
    				1. Start with the original GitHub URL of the file. For example:
    				https://github.com/username/repository/blob/branch/filename.
    				2. Replace "github.com" with "raw.githubusercontent.com".
    				3. Remove the "/blob/" part of the URL.
    
    				The resulting URL should look like this:
    				https://raw.githubusercontent.com/username/repository/branch/filename
    
    				Error:
    				Error: Could not download "https://downloads.wordpress.org/plugin/rankinglist.latest-stable.zip"
        at Ct.resolve (file:///home/runner/work/playground-tester/playground-tester/node_modules/@wp-playground/blueprints/index.js:1129:13)
        at process.processTicksAndRejections (node:internal/process/task_queues:105:5)
        at async _.run (file:///home/runner/work/playground-tester/playground-tester/node_modules/@php-wasm/util/index.js:45:14)
  }
}

Node.js v23.11.0
