file:///home/runner/work/playground-tester/playground-tester/node_modules/@wp-playground/cli/index.js:237
        throw new Error(y, { cause: u });
              ^

Error: [29-May-2025 01:56:03 UTC] PHP Warning:  Undefined array key "SERVER_ADDR" in /wordpress/wp-content/plugins/online-skateboard-store-instant-affiliate/ccpa.php on line 76
[29-May-2025 01:56:03 UTC] PHP Fatal error:  Uncaught Error: Undefined constant "WPLANG" in /wordpress/wp-content/plugins/online-skateboard-store-instant-affiliate/ccpa.php:89
Stack trace:
#0 /wordpress/wp-includes/class-wp-hook.php(324): ccpa_activate(false)
#1 /wordpress/wp-includes/class-wp-hook.php(348): WP_Hook->apply_filters('', Array)
#2 /wordpress/wp-includes/plugin.php(517): WP_Hook->do_action(Array)
#3 /wordpress/wp-admin/includes/plugin.php(703): do_action('activate_online...', false)
#4 /internal/eval.php(20): activate_plugin('online-skateboa...')
#5 {main}
  thrown in /wordpress/wp-content/plugins/online-skateboard-store-instant-affiliate/ccpa.php on line 89
[29-May-2025 01:56:10 UTC] PHP Warning:  Undefined array key "SERVER_ADDR" in /wordpress/wp-content/plugins/online-skateboard-store-instant-affiliate/ccpa.php on line 76
[29-May-2025 01:56:10 UTC] PHP Fatal error:  Uncaught Error: Undefined constant "WPLANG" in /wordpress/wp-content/plugins/online-skateboard-store-instant-affiliate/ccpa.php:89
Stack trace:
#0 /wordpress/wp-includes/class-wp-hook.php(324): ccpa_activate(false)
#1 /wordpress/wp-includes/class-wp-hook.php(348): WP_Hook->apply_filters('', Array)
#2 /wordpress/wp-includes/plugin.php(517): WP_Hook->do_action(Array)
#3 /wordpress/wp-admin/includes/plugin.php(703): do_action('activate_online...', false)
#4 /internal/eval.php(20): activate_plugin('online-skateboa...')
#5 {main}
  thrown in /wordpress/wp-content/plugins/online-skateboard-store-instant-affiliate/ccpa.php on line 89
[29-May-2025 01:56:18 UTC] PHP Warning:  Undefined array key "SERVER_ADDR" in /wordpress/wp-content/plugins/online-skateboard-store-instant-affiliate/ccpa.php on line 76
[29-May-2025 01:56:18 UTC] PHP Fatal error:  Uncaught Error: Undefined constant "WPLANG" in /wordpress/wp-content/plugins/online-skateboard-store-instant-affiliate/ccpa.php:89
Stack trace:
#0 /wordpress/wp-includes/class-wp-hook.php(324): ccpa_activate(false)
#1 /wordpress/wp-includes/class-wp-hook.php(348): WP_Hook->apply_filters('', Array)
#2 /wordpress/wp-includes/plugin.php(517): WP_Hook->do_action(Array)
#3 /wordpress/wp-admin/includes/plugin.php(703): do_action('activate_online...', false)
#4 /internal/eval.php(20): activate_plugin('online-skateboa...')
#5 {main}
  thrown in /wordpress/wp-content/plugins/online-skateboard-store-instant-affiliate/ccpa.php on line 89
[29-May-2025 01:57:25 UTC] PHP Deprecated:  Required parameter $product_id follows optional parameter $warehouse_id in /wordpress/wp-content/plugins/openpos/lib/class-op-warehouse.php on line 63
[29-May-2025 01:57:25 UTC] PHP Deprecated:  Required parameter $product_id follows optional parameter $warehouse_id in /wordpress/wp-content/plugins/openpos/lib/class-op-warehouse.php on line 67
[29-May-2025 01:57:26 UTC] PHP Deprecated:  Required parameter $product_id follows optional parameter $warehouse_id in /wordpress/wp-content/plugins/openpos/lib/class-op-warehouse.php on line 63
[29-May-2025 01:57:26 UTC] PHP Deprecated:  Required parameter $product_id follows optional parameter $warehouse_id in /wordpress/wp-content/plugins/openpos/lib/class-op-warehouse.php on line 67
[29-May-2025 01:57:40 UTC] PHP Deprecated:  Required parameter $product_id follows optional parameter $warehouse_id in /wordpress/wp-content/plugins/openpos/lib/class-op-warehouse.php on line 63
[29-May-2025 01:57:40 UTC] PHP Deprecated:  Required parameter $product_id follows optional parameter $warehouse_id in /wordpress/wp-content/plugins/openpos/lib/class-op-warehouse.php on line 67
[29-May-2025 01:57:41 UTC] PHP Deprecated:  Required parameter $product_id follows optional parameter $warehouse_id in /wordpress/wp-content/plugins/openpos/lib/class-op-warehouse.php on line 63
[29-May-2025 01:57:41 UTC] PHP Deprecated:  Required parameter $product_id follows optional parameter $warehouse_id in /wordpress/wp-content/plugins/openpos/lib/class-op-warehouse.php on line 67
[29-May-2025 01:57:54 UTC] PHP Deprecated:  Required parameter $product_id follows optional parameter $warehouse_id in /wordpress/wp-content/plugins/openpos/lib/class-op-warehouse.php on line 63
[29-May-2025 01:57:54 UTC] PHP Deprecated:  Required parameter $product_id follows optional parameter $warehouse_id in /wordpress/wp-content/plugins/openpos/lib/class-op-warehouse.php on line 67
[29-May-2025 01:57:56 UTC] PHP Deprecated:  Required parameter $product_id follows optional parameter $warehouse_id in /wordpress/wp-content/plugins/openpos/lib/class-op-warehouse.php on line 63
[29-May-2025 01:57:56 UTC] PHP Deprecated:  Required parameter $product_id follows optional parameter $warehouse_id in /wordpress/wp-content/plugins/openpos/lib/class-op-warehouse.php on line 67
[29-May-2025 01:59:52 UTC] PHP Deprecated:  Required parameter $video_caption follows optional parameter $video_file in /wordpress/wp-content/plugins/open-beacon-mp4-conversion-and-compression/includes/ob-mp4-cc-upload.php on line 416
[29-May-2025 01:59:54 UTC] PHP Deprecated:  Required parameter $video_caption follows optional parameter $video_file in /wordpress/wp-content/plugins/open-beacon-mp4-conversion-and-compression/includes/ob-mp4-cc-upload.php on line 416
[29-May-2025 02:00:03 UTC] PHP Deprecated:  Required parameter $video_caption follows optional parameter $video_file in /wordpress/wp-content/plugins/open-beacon-mp4-conversion-and-compression/includes/ob-mp4-cc-upload.php on line 416
[29-May-2025 02:00:04 UTC] PHP Deprecated:  Required parameter $video_caption follows optional parameter $video_file in /wordpress/wp-content/plugins/open-beacon-mp4-conversion-and-compression/includes/ob-mp4-cc-upload.php on line 416
[29-May-2025 02:00:14 UTC] PHP Deprecated:  Required parameter $video_caption follows optional parameter $video_file in /wordpress/wp-content/plugins/open-beacon-mp4-conversion-and-compression/includes/ob-mp4-cc-upload.php on line 416
[29-May-2025 02:00:15 UTC] PHP Deprecated:  Required parameter $video_caption follows optional parameter $video_file in /wordpress/wp-content/plugins/open-beacon-mp4-conversion-and-compression/includes/ob-mp4-cc-upload.php on line 416
[29-May-2025 02:02:26 UTC] PHP Deprecated:  Required parameter $e follows optional parameter $b in /wordpress/wp-content/plugins/openbookings-calendar-plugin/index.php on line 133
[29-May-2025 02:02:27 UTC] PHP Deprecated:  Required parameter $e follows optional parameter $b in /wordpress/wp-content/plugins/openbookings-calendar-plugin/index.php on line 133
[29-May-2025 02:02:35 UTC] PHP Deprecated:  Required parameter $e follows optional parameter $b in /wordpress/wp-content/plugins/openbookings-calendar-plugin/index.php on line 133
[29-May-2025 02:02:36 UTC] PHP Deprecated:  Required parameter $e follows optional parameter $b in /wordpress/wp-content/plugins/openbookings-calendar-plugin/index.php on line 133
[29-May-2025 02:02:43 UTC] PHP Deprecated:  Required parameter $e follows optional parameter $b in /wordpress/wp-content/plugins/openbookings-calendar-plugin/index.php on line 133
[29-May-2025 02:02:44 UTC] PHP Deprecated:  Required parameter $e follows optional parameter $b in /wordpress/wp-content/plugins/openbookings-calendar-plugin/index.php on line 133
[29-May-2025 02:03:12 UTC] PHP Fatal error:  Uncaught Error: Class "WC_Payment_Gateway" not found in /wordpress/wp-content/plugins/openpay-payment-gateway/class/WC_Gateway_Openpay.php:5
Stack trace:
#0 /wordpress/wp-content/plugins/openpay-payment-gateway/class/Cron/Openpay_Plugin_Cron.php(6): require_once()
#1 /wordpress/wp-content/plugins/openpay-payment-gateway/openpay.php(75): require_once('/wordpress/wp-c...')
#2 /wordpress/wp-content/plugins/openpay-payment-gateway/openpay.php(98): Openpay_Payment::load_classes()
#3 /wordpress/wp-content/plugins/openpay-payment-gateway/openpay.php(83): Openpay_Payment::init()
#4 /wordpress/wp-includes/class-wp-hook.php(324): Openpay_Payment::activate_plugin(false)
#5 /wordpress/wp-includes/class-wp-hook.php(348): WP_Hook->apply_filters('', Array)
#6 /wordpress/wp-includes/plugin.php(517): WP_Hook->do_action(Array)
#7 /wordpress/wp-admin/includes/plugin.php(703): do_action('activate_openpa...', false)
#8 /internal/eval.php(20): activate_plugin('openpay-payment...')
#9 {main}
  thrown in /wordpress/wp-content/plugins/openpay-payment-gateway/class/WC_Gateway_Openpay.php on line 5
[29-May-2025 02:03:22 UTC] PHP Fatal error:  Uncaught Error: Class "WC_Payment_Gateway" not found in /wordpress/wp-content/plugins/openpay-payment-gateway/class/WC_Gateway_Openpay.php:5
Stack trace:
#0 /wordpress/wp-content/plugins/openpay-payment-gateway/class/Cron/Openpay_Plugin_Cron.php(6): require_once()
#1 /wordpress/wp-content/plugins/openpay-payment-gateway/openpay.php(75): require_once('/wordpress/wp-c...')
#2 /wordpress/wp-content/plugins/openpay-payment-gateway/openpay.php(98): Openpay_Payment::load_classes()
#3 /wordpress/wp-content/plugins/openpay-payment-gateway/openpay.php(83): Openpay_Payment::init()
#4 /wordpress/wp-includes/class-wp-hook.php(324): Openpay_Payment::activate_plugin(false)
#5 /wordpress/wp-includes/class-wp-hook.php(348): WP_Hook->apply_filters('', Array)
#6 /wordpress/wp-includes/plugin.php(517): WP_Hook->do_action(Array)
#7 /wordpress/wp-admin/includes/plugin.php(703): do_action('activate_openpa...', false)
#8 /internal/eval.php(20): activate_plugin('openpay-payment...')
#9 {main}
  thrown in /wordpress/wp-content/plugins/openpay-payment-gateway/class/WC_Gateway_Openpay.php on line 5
[29-May-2025 02:03:31 UTC] PHP Fatal error:  Uncaught Error: Class "WC_Payment_Gateway" not found in /wordpress/wp-content/plugins/openpay-payment-gateway/class/WC_Gateway_Openpay.php:5
Stack trace:
#0 /wordpress/wp-content/plugins/openpay-payment-gateway/class/Cron/Openpay_Plugin_Cron.php(6): require_once()
#1 /wordpress/wp-content/plugins/openpay-payment-gateway/openpay.php(75): require_once('/wordpress/wp-c...')
#2 /wordpress/wp-content/plugins/openpay-payment-gateway/openpay.php(98): Openpay_Payment::load_classes()
#3 /wordpress/wp-content/plugins/openpay-payment-gateway/openpay.php(83): Openpay_Payment::init()
#4 /wordpress/wp-includes/class-wp-hook.php(324): Openpay_Payment::activate_plugin(false)
#5 /wordpress/wp-includes/class-wp-hook.php(348): WP_Hook->apply_filters('', Array)
#6 /wordpress/wp-includes/plugin.php(517): WP_Hook->do_action(Array)
#7 /wordpress/wp-admin/includes/plugin.php(703): do_action('activate_openpa...', false)
#8 /internal/eval.php(20): activate_plugin('openpay-payment...')
#9 {main}
  thrown in /wordpress/wp-content/plugins/openpay-payment-gateway/class/WC_Gateway_Openpay.php on line 5
[29-May-2025 02:05:26 UTC] PHP Fatal error:  Uncaught ArgumentCountError: Too few arguments to function WP_Widget::__construct(), 0 passed in /wordpress/wp-includes/class-wp-widget-factory.php on line 62 and at least 2 expected in /wordpress/wp-includes/class-wp-widget.php:163
Stack trace:
#0 /wordpress/wp-includes/class-wp-widget-factory.php(62): WP_Widget->__construct()
#1 /wordpress/wp-includes/widgets.php(123): WP_Widget_Factory->register('Optimized_Dropd...')
#2 /wordpress/wp-content/plugins/optimized-dropdown-menus/optimized-dm.php(149): register_widget('Optimized_Dropd...')
#3 /wordpress/wp-includes/class-wp-hook.php(324): Optimized_Dropdown_Menu->load_widget('')
#4 /wordpress/wp-includes/class-wp-hook.php(348): WP_Hook->apply_filters(NULL, Array)
#5 /wordpress/wp-includes/plugin.php(517): WP_Hook->do_action(Array)
#6 /wordpress/wp-includes/widgets.php(1870): do_action('widgets_init')
#7 /wordpress/wp-includes/class-wp-hook.php(324): wp_widgets_init('')
#8 /wordpress/wp-includes/class-wp-hook.php(348): WP_Hook->apply_filters(NULL, Array)
#9 /wordpress/wp-includes/plugin.php(517): WP_Hook->do_action(Array)
#10 /wordpress/wp-settings.php(727): do_action('init')
#11 /wordpress/wp-config.php(102): require_once('/wordpress/wp-s...')
#12 /wordpress/wp-load.php(50): require_once('/wordpress/wp-c...')
#13 /internal/eval.php(3): require_once('/wordpress/wp-l...')
#14 {main}
  thrown in /wordpress/wp-includes/class-wp-widget.php on line 163
[29-May-2025 02:05:34 UTC] PHP Fatal error:  Uncaught ArgumentCountError: Too few arguments to function WP_Widget::__construct(), 0 passed in /wordpress/wp-includes/class-wp-widget-factory.php on line 62 and at least 2 expected in /wordpress/wp-includes/class-wp-widget.php:163
Stack trace:
#0 /wordpress/wp-includes/class-wp-widget-factory.php(62): WP_Widget->__construct()
#1 /wordpress/wp-includes/widgets.php(123): WP_Widget_Factory->register('Optimized_Dropd...')
#2 /wordpress/wp-content/plugins/optimized-dropdown-menus/optimized-dm.php(149): register_widget('Optimized_Dropd...')
#3 /wordpress/wp-includes/class-wp-hook.php(324): Optimized_Dropdown_Menu->load_widget('')
#4 /wordpress/wp-includes/class-wp-hook.php(348): WP_Hook->apply_filters(NULL, Array)
#5 /wordpress/wp-includes/plugin.php(517): WP_Hook->do_action(Array)
#6 /wordpress/wp-includes/widgets.php(1870): do_action('widgets_init')
#7 /wordpress/wp-includes/class-wp-hook.php(324): wp_widgets_init('')
#8 /wordpress/wp-includes/class-wp-hook.php(348): WP_Hook->apply_filters(NULL, Array)
#9 /wordpress/wp-includes/plugin.php(517): WP_Hook->do_action(Array)
#10 /wordpress/wp-settings.php(727): do_action('init')
#11 /wordpress/wp-config.php(102): require_once('/wordpress/wp-s...')
#12 /wordpress/wp-load.php(50): require_once('/wordpress/wp-c...')
#13 /internal/eval.php(3): require_once('/wordpress/wp-l...')
#14 {main}
  thrown in /wordpress/wp-includes/class-wp-widget.php on line 163
[29-May-2025 02:05:44 UTC] PHP Fatal error:  Uncaught ArgumentCountError: Too few arguments to function WP_Widget::__construct(), 0 passed in /wordpress/wp-includes/class-wp-widget-factory.php on line 62 and at least 2 expected in /wordpress/wp-includes/class-wp-widget.php:163
Stack trace:
#0 /wordpress/wp-includes/class-wp-widget-factory.php(62): WP_Widget->__construct()
#1 /wordpress/wp-includes/widgets.php(123): WP_Widget_Factory->register('Optimized_Dropd...')
#2 /wordpress/wp-content/plugins/optimized-dropdown-menus/optimized-dm.php(149): register_widget('Optimized_Dropd...')
#3 /wordpress/wp-includes/class-wp-hook.php(324): Optimized_Dropdown_Menu->load_widget('')
#4 /wordpress/wp-includes/class-wp-hook.php(348): WP_Hook->apply_filters(NULL, Array)
#5 /wordpress/wp-includes/plugin.php(517): WP_Hook->do_action(Array)
#6 /wordpress/wp-includes/widgets.php(1870): do_action('widgets_init')
#7 /wordpress/wp-includes/class-wp-hook.php(324): wp_widgets_init('')
#8 /wordpress/wp-includes/class-wp-hook.php(348): WP_Hook->apply_filters(NULL, Array)
#9 /wordpress/wp-includes/plugin.php(517): WP_Hook->do_action(Array)
#10 /wordpress/wp-settings.php(727): do_action('init')
#11 /wordpress/wp-config.php(102): require_once('/wordpress/wp-s...')
#12 /wordpress/wp-load.php(50): require_once('/wordpress/wp-c...')
#13 /internal/eval.php(3): require_once('/wordpress/wp-l...')
#14 {main}
  thrown in /wordpress/wp-includes/class-wp-widget.php on line 163

    at Object.onBind (file:///home/runner/work/playground-tester/playground-tester/node_modules/@wp-playground/cli/index.js:237:15)
    at process.processTicksAndRejections (node:internal/process/task_queues:105:5)
    at async V (file:///home/runner/work/playground-tester/playground-tester/node_modules/@wp-playground/cli/index.js:64:10)
    at async ja (file:///home/runner/work/playground-tester/playground-tester/node_modules/@wp-playground/cli/cli.js:8161:12) {
  [cause]: Error: Error when executing the blueprint step #1 ({"step":"installPlugin","pluginData":{"resource":"wordpress.org/plugins","slug":"optimized-dropdown-menus"},"options":{"activate":true}}) : PHP.run() failed with exit code 255 and the following output: 
      at Object.run (file:///home/runner/work/playground-tester/playground-tester/node_modules/@wp-playground/blueprints/index.js:12449:19)
      at process.processTicksAndRejections (node:internal/process/task_queues:105:5)
      at async ms (file:///home/runner/work/playground-tester/playground-tester/node_modules/@wp-playground/blueprints/index.js:12552:3)
      ... 2 lines matching cause stack trace ...
      at async ja (file:///home/runner/work/playground-tester/playground-tester/node_modules/@wp-playground/cli/cli.js:8161:12) {
    [cause]: PHPExecutionFailureError: PHP.run() failed with exit code 255 and the following output: 
        at PHP.run (file:///home/runner/work/playground-tester/playground-tester/node_modules/@php-wasm/universal/index.js:987:19)
        at process.processTicksAndRejections (node:internal/process/task_queues:105:5)
        at async wr (file:///home/runner/work/playground-tester/playground-tester/node_modules/@wp-playground/blueprints/index.js:73:13)
        at async Object.gt [as installPlugin] (file:///home/runner/work/playground-tester/playground-tester/node_modules/@wp-playground/blueprints/index.js:974:42)
        at async g (file:///home/runner/work/playground-tester/playground-tester/node_modules/@wp-playground/blueprints/index.js:12517:30)
        at async Object.run (file:///home/runner/work/playground-tester/playground-tester/node_modules/@wp-playground/blueprints/index.js:12446:23)
        at async ms (file:///home/runner/work/playground-tester/playground-tester/node_modules/@wp-playground/blueprints/index.js:12552:3)
        at async Object.onBind (file:///home/runner/work/playground-tester/playground-tester/node_modules/@wp-playground/cli/index.js:227:48)
        at async V (file:///home/runner/work/playground-tester/playground-tester/node_modules/@wp-playground/cli/index.js:64:10)
        at async ja (file:///home/runner/work/playground-tester/playground-tester/node_modules/@wp-playground/cli/cli.js:8161:12) {
      response: PHPResponse {
        httpStatusCode: 500,
        headers: {
          'x-powered-by': [ 'PHP/8.0.30-dev' ],
          'content-type': [ 'text/html; charset=UTF-8' ],
          expires: [ 'Wed, 11 Jan 1984 05:00:00 GMT' ],
          'cache-control': [ 'no-cache, must-revalidate, max-age=0, no-store, private' ]
        },
        bytes: Uint8Array(2653) [
           60,  33,  68,  79,  67,  84,  89,  80,  69,  32, 104, 116,
          109, 108,  62,  10,  60, 104, 116, 109, 108,  32, 108,  97,
          110, 103,  61,  34, 101, 110,  45,  85,  83,  34,  62,  10,
           60, 104, 101,  97, 100,  62,  10,   9,  60, 109, 101, 116,
           97,  32, 104, 116, 116, 112,  45, 101, 113, 117, 105, 118,
           61,  34,  67, 111, 110, 116, 101, 110, 116,  45,  84, 121,
          112, 101,  34,  32,  99, 111, 110, 116, 101, 110, 116,  61,
           34, 116, 101, 120, 116,  47, 104, 116, 109, 108,  59,  32,
           99, 104,  97, 114,
          ... 2553 more items
        ],
        exitCode: 255,
        errors: ''
      },
      source: 'request'
    }
  }
}

Node.js v23.11.0
