file:///home/runner/work/playground-tester/playground-tester/node_modules/@wp-playground/cli/run-cli-j-geJYS3.js:325
        throw new Error($, { cause: h });
              ^

Error: [02-Jul-2025 07:28:01 UTC] PHP Warning:  Trying to access array offset on value of type bool in /wordpress/wp-content/plugins/wp-facebook-recommendations-bar/wp-facebook-recommendations-bar.php on line 337
[02-Jul-2025 07:28:01 UTC] PHP Warning:  Trying to access array offset on value of type bool in /wordpress/wp-content/plugins/wp-facebook-recommendations-bar/wp-facebook-recommendations-bar.php on line 50
[02-Jul-2025 07:28:10 UTC] PHP Warning:  Trying to access array offset on value of type bool in /wordpress/wp-content/plugins/wp-facebook-recommendations-bar/wp-facebook-recommendations-bar.php on line 337
[02-Jul-2025 07:28:10 UTC] PHP Warning:  Trying to access array offset on value of type bool in /wordpress/wp-content/plugins/wp-facebook-recommendations-bar/wp-facebook-recommendations-bar.php on line 50
[02-Jul-2025 07:28:20 UTC] PHP Warning:  Trying to access array offset on value of type bool in /wordpress/wp-content/plugins/wp-facebook-recommendations-bar/wp-facebook-recommendations-bar.php on line 337
[02-Jul-2025 07:28:20 UTC] PHP Warning:  Trying to access array offset on value of type bool in /wordpress/wp-content/plugins/wp-facebook-recommendations-bar/wp-facebook-recommendations-bar.php on line 50
[02-Jul-2025 07:28:29 UTC] PHP Deprecated:  Required parameter $totalitems follows optional parameter $page in /wordpress/wp-content/plugins/wp-fanfiction-and-writing-archive-basic/includes/fe-super-fiction-class.php on line 2695
[02-Jul-2025 07:28:29 UTC] PHP Deprecated:  Required parameter $concat follows optional parameter $page in /wordpress/wp-content/plugins/wp-fanfiction-and-writing-archive-basic/includes/fe-super-fiction-class.php on line 2695
[02-Jul-2025 07:28:29 UTC] PHP Fatal error:  Uncaught Error: Undefined constant "FIC_OPTION_FICTION_FANDOM_LABEL" in /wordpress/wp-content/plugins/wp-fanfiction-and-writing-archive-basic/includes/fe-super-fiction-config.php:209
Stack trace:
#0 /wordpress/wp-content/plugins/wp-fanfiction-and-writing-archive-basic/includes/fe-super-fiction-class.php(4): include_once()
#1 /wordpress/wp-content/plugins/wp-fanfiction-and-writing-archive-basic/fe-super-fiction-main.php(71): include_once('/wordpress/wp-c...')
#2 /wordpress/wp-admin/includes/plugin.php(2387): include_once('/wordpress/wp-c...')
#3 /wordpress/wp-admin/includes/plugin.php(673): plugin_sandbox_scrape('wp-fanfiction-a...')
#4 /internal/eval.php(20): activate_plugin('wp-fanfiction-a...')
#5 {main}
  thrown in /wordpress/wp-content/plugins/wp-fanfiction-and-writing-archive-basic/includes/fe-super-fiction-config.php on line 209
[02-Jul-2025 07:28:37 UTC] PHP Deprecated:  Required parameter $totalitems follows optional parameter $page in /wordpress/wp-content/plugins/wp-fanfiction-and-writing-archive-basic/includes/fe-super-fiction-class.php on line 2695
[02-Jul-2025 07:28:37 UTC] PHP Deprecated:  Required parameter $concat follows optional parameter $page in /wordpress/wp-content/plugins/wp-fanfiction-and-writing-archive-basic/includes/fe-super-fiction-class.php on line 2695
[02-Jul-2025 07:28:37 UTC] PHP Fatal error:  Uncaught Error: Undefined constant "FIC_OPTION_FICTION_FANDOM_LABEL" in /wordpress/wp-content/plugins/wp-fanfiction-and-writing-archive-basic/includes/fe-super-fiction-config.php:209
Stack trace:
#0 /wordpress/wp-content/plugins/wp-fanfiction-and-writing-archive-basic/includes/fe-super-fiction-class.php(4): include_once()
#1 /wordpress/wp-content/plugins/wp-fanfiction-and-writing-archive-basic/fe-super-fiction-main.php(71): include_once('/wordpress/wp-c...')
#2 /wordpress/wp-admin/includes/plugin.php(2387): include_once('/wordpress/wp-c...')
#3 /wordpress/wp-admin/includes/plugin.php(673): plugin_sandbox_scrape('wp-fanfiction-a...')
#4 /internal/eval.php(20): activate_plugin('wp-fanfiction-a...')
#5 {main}
  thrown in /wordpress/wp-content/plugins/wp-fanfiction-and-writing-archive-basic/includes/fe-super-fiction-config.php on line 209
[02-Jul-2025 07:28:46 UTC] PHP Deprecated:  Required parameter $totalitems follows optional parameter $page in /wordpress/wp-content/plugins/wp-fanfiction-and-writing-archive-basic/includes/fe-super-fiction-class.php on line 2695
[02-Jul-2025 07:28:46 UTC] PHP Deprecated:  Required parameter $concat follows optional parameter $page in /wordpress/wp-content/plugins/wp-fanfiction-and-writing-archive-basic/includes/fe-super-fiction-class.php on line 2695
[02-Jul-2025 07:28:46 UTC] PHP Fatal error:  Uncaught Error: Undefined constant "FIC_OPTION_FICTION_FANDOM_LABEL" in /wordpress/wp-content/plugins/wp-fanfiction-and-writing-archive-basic/includes/fe-super-fiction-config.php:209
Stack trace:
#0 /wordpress/wp-content/plugins/wp-fanfiction-and-writing-archive-basic/includes/fe-super-fiction-class.php(4): include_once()
#1 /wordpress/wp-content/plugins/wp-fanfiction-and-writing-archive-basic/fe-super-fiction-main.php(71): include_once('/wordpress/wp-c...')
#2 /wordpress/wp-admin/includes/plugin.php(2387): include_once('/wordpress/wp-c...')
#3 /wordpress/wp-admin/includes/plugin.php(673): plugin_sandbox_scrape('wp-fanfiction-a...')
#4 /internal/eval.php(20): activate_plugin('wp-fanfiction-a...')
#5 {main}
  thrown in /wordpress/wp-content/plugins/wp-fanfiction-and-writing-archive-basic/includes/fe-super-fiction-config.php on line 209
[02-Jul-2025 07:28:55 UTC] PHP Parse error:  syntax error, unexpected token "new" in /wordpress/wp-content/plugins/woopaymu-woocommerce-ipaymu-gateway/index.php on line 148
[02-Jul-2025 07:29:02 UTC] PHP Parse error:  syntax error, unexpected token "new" in /wordpress/wp-content/plugins/woopaymu-woocommerce-ipaymu-gateway/index.php on line 148
[02-Jul-2025 07:29:11 UTC] PHP Parse error:  syntax error, unexpected token "new" in /wordpress/wp-content/plugins/woopaymu-woocommerce-ipaymu-gateway/index.php on line 148
[02-Jul-2025 07:29:20 UTC] PHP Warning:  Undefined array key "com" in /wordpress/wp-content/plugins/wp-fitness-tracker/fitnesstracker.php on line 26
[02-Jul-2025 07:29:21 UTC] PHP Warning:  Undefined array key "com" in /wordpress/wp-content/plugins/wp-fitness-tracker/fitnesstracker.php on line 26
[02-Jul-2025 07:29:21 UTC] PHP Fatal error:  Uncaught TypeError: call_user_func_array(): Argument #1 ($callback) must be a valid callback, non-static method fitnessWeeklyStats::register() cannot be called statically in /wordpress/wp-includes/class-wp-hook.php:324
Stack trace:
#0 /wordpress/wp-includes/class-wp-hook.php(348): WP_Hook->apply_filters(NULL, Array)
#1 /wordpress/wp-includes/plugin.php(517): WP_Hook->do_action(Array)
#2 /wordpress/wp-includes/widgets.php(1870): do_action('widgets_init')
#3 /wordpress/wp-includes/class-wp-hook.php(324): wp_widgets_init('')
#4 /wordpress/wp-includes/class-wp-hook.php(348): WP_Hook->apply_filters(NULL, Array)
#5 /wordpress/wp-includes/plugin.php(517): WP_Hook->do_action(Array)
#6 /wordpress/wp-settings.php(727): do_action('init')
#7 /wordpress/wp-config.php(102): require_once('/wordpress/wp-s...')
#8 /wordpress/wp-load.php(50): require_once('/wordpress/wp-c...')
#9 /internal/eval.php(3): require_once('/wordpress/wp-l...')
#10 {main}
  thrown in /wordpress/wp-includes/class-wp-hook.php on line 324
[02-Jul-2025 07:29:29 UTC] PHP Warning:  Undefined array key "com" in /wordpress/wp-content/plugins/wp-fitness-tracker/fitnesstracker.php on line 26
[02-Jul-2025 07:29:30 UTC] PHP Warning:  Undefined array key "com" in /wordpress/wp-content/plugins/wp-fitness-tracker/fitnesstracker.php on line 26
[02-Jul-2025 07:29:30 UTC] PHP Fatal error:  Uncaught TypeError: call_user_func_array(): Argument #1 ($callback) must be a valid callback, non-static method fitnessWeeklyStats::register() cannot be called statically in /wordpress/wp-includes/class-wp-hook.php:324
Stack trace:
#0 /wordpress/wp-includes/class-wp-hook.php(348): WP_Hook->apply_filters(NULL, Array)
#1 /wordpress/wp-includes/plugin.php(517): WP_Hook->do_action(Array)
#2 /wordpress/wp-includes/widgets.php(1870): do_action('widgets_init')
#3 /wordpress/wp-includes/class-wp-hook.php(324): wp_widgets_init('')
#4 /wordpress/wp-includes/class-wp-hook.php(348): WP_Hook->apply_filters(NULL, Array)
#5 /wordpress/wp-includes/plugin.php(517): WP_Hook->do_action(Array)
#6 /wordpress/wp-settings.php(727): do_action('init')
#7 /wordpress/wp-config.php(102): require_once('/wordpress/wp-s...')
#8 /wordpress/wp-load.php(50): require_once('/wordpress/wp-c...')
#9 /internal/eval.php(3): require_once('/wordpress/wp-l...')
#10 {main}
  thrown in /wordpress/wp-includes/class-wp-hook.php on line 324
[02-Jul-2025 07:29:38 UTC] PHP Warning:  Undefined array key "com" in /wordpress/wp-content/plugins/wp-fitness-tracker/fitnesstracker.php on line 26
[02-Jul-2025 07:29:39 UTC] PHP Warning:  Undefined array key "com" in /wordpress/wp-content/plugins/wp-fitness-tracker/fitnesstracker.php on line 26
[02-Jul-2025 07:29:39 UTC] PHP Fatal error:  Uncaught TypeError: call_user_func_array(): Argument #1 ($callback) must be a valid callback, non-static method fitnessWeeklyStats::register() cannot be called statically in /wordpress/wp-includes/class-wp-hook.php:324
Stack trace:
#0 /wordpress/wp-includes/class-wp-hook.php(348): WP_Hook->apply_filters(NULL, Array)
#1 /wordpress/wp-includes/plugin.php(517): WP_Hook->do_action(Array)
#2 /wordpress/wp-includes/widgets.php(1870): do_action('widgets_init')
#3 /wordpress/wp-includes/class-wp-hook.php(324): wp_widgets_init('')
#4 /wordpress/wp-includes/class-wp-hook.php(348): WP_Hook->apply_filters(NULL, Array)
#5 /wordpress/wp-includes/plugin.php(517): WP_Hook->do_action(Array)
#6 /wordpress/wp-settings.php(727): do_action('init')
#7 /wordpress/wp-config.php(102): require_once('/wordpress/wp-s...')
#8 /wordpress/wp-load.php(50): require_once('/wordpress/wp-c...')
#9 /internal/eval.php(3): require_once('/wordpress/wp-l...')
#10 {main}
  thrown in /wordpress/wp-includes/class-wp-hook.php on line 324

    at Object.onBind (file:///home/runner/work/playground-tester/playground-tester/node_modules/@wp-playground/cli/run-cli-j-geJYS3.js:325:15)
    at process.processTicksAndRejections (node:internal/process/task_queues:105:5)
    at async re (file:///home/runner/work/playground-tester/playground-tester/node_modules/@wp-playground/cli/run-cli-j-geJYS3.js:149:10) {
  [cause]: Error: Error when executing the blueprint step #1 ({"step":"installPlugin","pluginData":{"resource":"wordpress.org/plugins","slug":"wp-fitness-tracker"},"options":{"activate":true}}) : PHP.run() failed with exit code 255 and the following output: 
      at Object.run (file:///home/runner/work/playground-tester/playground-tester/node_modules/@wp-playground/blueprints/index.js:12093:19)
      at process.processTicksAndRejections (node:internal/process/task_queues:105:5)
      at async ys (file:///home/runner/work/playground-tester/playground-tester/node_modules/@wp-playground/blueprints/index.js:12196:3)
      at async Object.onBind (file:///home/runner/work/playground-tester/playground-tester/node_modules/@wp-playground/cli/run-cli-j-geJYS3.js:315:48)
      at async re (file:///home/runner/work/playground-tester/playground-tester/node_modules/@wp-playground/cli/run-cli-j-geJYS3.js:149:10) {
    [cause]: PHPExecutionFailureError: PHP.run() failed with exit code 255 and the following output: 
        at PHP.run (file:///home/runner/work/playground-tester/playground-tester/node_modules/@php-wasm/universal/index.js:1034:19)
        at process.processTicksAndRejections (node:internal/process/task_queues:105:5)
        at async wr (file:///home/runner/work/playground-tester/playground-tester/node_modules/@wp-playground/blueprints/index.js:74:13)
        at async Object.gt [as installPlugin] (file:///home/runner/work/playground-tester/playground-tester/node_modules/@wp-playground/blueprints/index.js:631:42)
        at async g (file:///home/runner/work/playground-tester/playground-tester/node_modules/@wp-playground/blueprints/index.js:12161:30)
        at async Object.run (file:///home/runner/work/playground-tester/playground-tester/node_modules/@wp-playground/blueprints/index.js:12090:23)
        at async ys (file:///home/runner/work/playground-tester/playground-tester/node_modules/@wp-playground/blueprints/index.js:12196:3)
        at async Object.onBind (file:///home/runner/work/playground-tester/playground-tester/node_modules/@wp-playground/cli/run-cli-j-geJYS3.js:315:48)
        at async re (file:///home/runner/work/playground-tester/playground-tester/node_modules/@wp-playground/cli/run-cli-j-geJYS3.js:149:10) {
      response: PHPResponse {
        httpStatusCode: 500,
        headers: {
          'x-powered-by': [ 'PHP/8.0.30-dev' ],
          'content-type': [ 'text/html; charset=UTF-8' ],
          expires: [ 'Wed, 11 Jan 1984 05:00:00 GMT' ],
          'cache-control': [ 'no-cache, must-revalidate, max-age=0, no-store, private' ]
        },
        bytes: Uint8Array(2653) [
           60,  33,  68,  79,  67,  84,  89,  80,  69,  32, 104, 116,
          109, 108,  62,  10,  60, 104, 116, 109, 108,  32, 108,  97,
          110, 103,  61,  34, 101, 110,  45,  85,  83,  34,  62,  10,
           60, 104, 101,  97, 100,  62,  10,   9,  60, 109, 101, 116,
           97,  32, 104, 116, 116, 112,  45, 101, 113, 117, 105, 118,
           61,  34,  67, 111, 110, 116, 101, 110, 116,  45,  84, 121,
          112, 101,  34,  32,  99, 111, 110, 116, 101, 110, 116,  61,
           34, 116, 101, 120, 116,  47, 104, 116, 109, 108,  59,  32,
           99, 104,  97, 114,
          ... 2553 more items
        ],
        exitCode: 255,
        errors: ''
      },
      source: 'request'
    }
  }
}

Node.js v23.11.0
