file:///home/runner/work/playground-tester/playground-tester/node_modules/@wp-playground/cli/index.js:237
        throw new Error(y, { cause: u });
              ^

Error: [25-Apr-2025 06:36:47 UTC] PHP Deprecated:  File upgrade-functions.php is <strong>deprecated</strong> since version 2.5.0! Use wp-admin/includes/upgrade.php instead. in /wordpress/wp-includes/functions.php on line 6121
[25-Apr-2025 06:36:47 UTC] WordPress database error <div style="clear:both">&nbsp;</div>
<div class="queries" style="clear:both;margin-bottom:2px;border:red dotted thin;">
<p>MySQL query:</p>
<p>INSERT INTO wp_lici_options VALUES('1','login','pass','0','In da city','Good','Radio','yes','no','yes',10,'000000','vera.ttf', 'no','yes');</p>
<p>Queries made or created this session were:</p>
<ol>
<li>Executing: BEGIN | (no parameters)</li>
<li>Executing: SELECT 1 FROM sqlite_temp_schema WHERE type = 'table' AND name = ? | parameters: wp_lici_options</li>
<li>Executing: 
				SELECT column_name, is_nullable, column_default, data_type, extra
				FROM _wp_sqlite_mysql_information_schema_columns
				WHERE table_schema = ?
				AND table_name = ?
				ORDER BY ordinal_position
			 | parameters: database_name_here, wp_lici_options</li>
<li>Executing: INSERT INTO `wp_lici_options` (`id`, `login`, `pass`, `jid`, `whereiam`, `mood`, `listening`, `comments`, `closerec`, `includecomm`, `fontsize`, `fontcolor`, `font`, `autocheck`, `original`, `onlymore`) SELECT `column1`, `column2`, `column3`, `column4`, `column5`, `column6`, `column7`, `column8`, `column9`, `column10`, `column11`, `column12`, `column13`, `column14`, `column15`, `column16` FROM (VALUES ( '1' , 'login' , 'pass' , '0' , 'In da city' , 'Good' , 'Radio' , 'yes' , 'no' , 'yes' , 10 , '000000' , 'vera.ttf' , 'no' , 'yes' )) WHERE true | (no parameters)</li>
<li>Executing: ROLLBACK | (no parameters)</li>
</ol>
</div>
<div style="clear:both;margin-bottom:2px;border:red dotted thin;" class="error_message" style="border-bottom:dotted blue thin;">
SQLSTATE[HY000]: General error: 1 no such column: column16
</div>
<p>Backtrace:</p>
<pre>#0 /internal/shared/sqlite-database-integration/wp-includes/sqlite-ast/class-wp-sqlite-driver.php(690): WP_SQLite_Driver->new_driver_exception('SQLSTATE[HY000]...', 0, Object(PDOException))
#1 /internal/shared/sqlite-database-integration/wp-includes/sqlite/class-wp-sqlite-db.php(472): WP_SQLite_Driver->query('INSERT INTO wp_...')
#2 /internal/shared/sqlite-database-integration/wp-includes/sqlite/class-wp-sqlite-db.php(413): WP_SQLite_DB->_do_query('INSERT INTO wp_...')
#3 /wordpress/wp-content/plugins/lici-wp/lici-wp.php(140): WP_SQLite_DB->query('INSERT INTO wp_...')
#4 /wordpress/wp-includes/class-wp-hook.php(324): lici_wp_install(false)
#5 /wordpress/wp-includes/class-wp-hook.php(348): WP_Hook->apply_filters('', Array)
#6 /wordpress/wp-includes/plugin.php(517): WP_Hook->do_action(Array)
#7 /wordpress/wp-admin/includes/plugin.php(703): do_action('activate_lici-w...', false)
#8 /internal/eval.php(20): activate_plugin('lici-wp/lici-wp...')
#9 {main}</pre>
 for query INSERT INTO wp_lici_options VALUES('1','login','pass','0','In da city','Good','Radio','yes','no','yes',10,'000000','vera.ttf', 'no','yes'); made by activate_plugin, do_action('activate_lici-wp/lici-wp.php'), WP_Hook->do_action, WP_Hook->apply_filters, lici_wp_install, WP_SQLite_DB->query, WP_SQLite_DB->print_error
[25-Apr-2025 06:36:47 UTC] PHP Fatal error:  Uncaught TypeError: call_user_func_array(): Argument #1 ($callback) must be a valid callback, class "LIci my♥Blos" not found in /wordpress/wp-includes/class-wp-hook.php:324
Stack trace:
#0 /wordpress/wp-includes/class-wp-hook.php(348): WP_Hook->apply_filters(NULL, Array)
#1 /wordpress/wp-includes/plugin.php(517): WP_Hook->do_action(Array)
#2 /wordpress/wp-admin/includes/plugin.php(703): do_action('activate_lici-w...', false)
#3 /internal/eval.php(20): activate_plugin('lici-wp/lici-wp...')
#4 {main}
  thrown in /wordpress/wp-includes/class-wp-hook.php on line 324
[25-Apr-2025 06:36:56 UTC] PHP Deprecated:  File upgrade-functions.php is <strong>deprecated</strong> since version 2.5.0! Use wp-admin/includes/upgrade.php instead. in /wordpress/wp-includes/functions.php on line 6121
[25-Apr-2025 06:36:56 UTC] WordPress database error <div style="clear:both">&nbsp;</div>
<div class="queries" style="clear:both;margin-bottom:2px;border:red dotted thin;">
<p>MySQL query:</p>
<p>INSERT INTO wp_lici_options VALUES('1','login','pass','0','In da city','Good','Radio','yes','no','yes',10,'000000','vera.ttf', 'no','yes');</p>
<p>Queries made or created this session were:</p>
<ol>
<li>Executing: BEGIN | (no parameters)</li>
<li>Executing: INSERT INTO wp_lici_options VALUES(:param0 ,:param1 ,:param2 ,:param3 ,:param4 ,:param5 ,:param6 ,:param7 ,:param8 ,:param9 ,10,:param10 ,:param11 , :param12 ,:param13 ); | parameters: 1, login, pass, 0, In da city, Good, Radio, yes, no, yes, 000000, vera.ttf, no, yes</li>
<li>Executing: ROLLBACK | (no parameters)</li>
</ol>
</div>
<div style="clear:both;margin-bottom:2px;border:red dotted thin;" class="error_message" style="border-bottom:dotted blue thin;">
Error occurred at line 4117 in Function <code>handle_error</code>. Error message was: SQLSTATE[HY000]: General error: 1 table wp_lici_options has 16 columns but 15 values were supplied.
</div>
<p>Backtrace:</p>
<pre>#0 /internal/shared/sqlite-database-integration/wp-includes/sqlite/class-wp-sqlite-db.php(287): WP_SQLite_Translator->get_error_message()
#1 /wordpress/wp-content/plugins/lici-wp/lici-wp.php(140): WP_SQLite_DB->query('INSERT INTO wp_...')
#2 /wordpress/wp-includes/class-wp-hook.php(324): lici_wp_install(false)
#3 /wordpress/wp-includes/class-wp-hook.php(348): WP_Hook->apply_filters('', Array)
#4 /wordpress/wp-includes/plugin.php(517): WP_Hook->do_action(Array)
#5 /wordpress/wp-admin/includes/plugin.php(703): do_action('activate_lici-w...', false)
#6 /internal/eval.php(20): activate_plugin('lici-wp/lici-wp...')
#7 {main}</pre>
 for query INSERT INTO wp_lici_options VALUES('1','login','pass','0','In da city','Good','Radio','yes','no','yes',10,'000000','vera.ttf', 'no','yes'); made by activate_plugin, do_action('activate_lici-wp/lici-wp.php'), WP_Hook->do_action, WP_Hook->apply_filters, lici_wp_install, WP_SQLite_DB->query, WP_SQLite_DB->print_error
[25-Apr-2025 06:36:56 UTC] PHP Fatal error:  Uncaught TypeError: call_user_func_array(): Argument #1 ($callback) must be a valid callback, class "LIci my♥Blos" not found in /wordpress/wp-includes/class-wp-hook.php:324
Stack trace:
#0 /wordpress/wp-includes/class-wp-hook.php(348): WP_Hook->apply_filters(NULL, Array)
#1 /wordpress/wp-includes/plugin.php(517): WP_Hook->do_action(Array)
#2 /wordpress/wp-admin/includes/plugin.php(703): do_action('activate_lici-w...', false)
#3 /internal/eval.php(20): activate_plugin('lici-wp/lici-wp...')
#4 {main}
  thrown in /wordpress/wp-includes/class-wp-hook.php on line 324
[25-Apr-2025 06:37:04 UTC] PHP Deprecated:  File upgrade-functions.php is <strong>deprecated</strong> since version 2.5.0! Use wp-admin/includes/upgrade.php instead. in /wordpress/wp-includes/functions.php on line 6121
[25-Apr-2025 06:37:05 UTC] WordPress database error <div style="clear:both">&nbsp;</div>
<div class="queries" style="clear:both;margin-bottom:2px;border:red dotted thin;">
<p>MySQL query:</p>
<p>INSERT INTO wp_lici_options VALUES('1','login','pass','0','In da city','Good','Radio','yes','no','yes',10,'000000','vera.ttf', 'no','yes');</p>
<p>Queries made or created this session were:</p>
<ol>
<li>Executing: BEGIN | (no parameters)</li>
<li>Executing: INSERT INTO wp_lici_options VALUES(:param0 ,:param1 ,:param2 ,:param3 ,:param4 ,:param5 ,:param6 ,:param7 ,:param8 ,:param9 ,10,:param10 ,:param11 , :param12 ,:param13 ); | parameters: 1, login, pass, 0, In da city, Good, Radio, yes, no, yes, 000000, vera.ttf, no, yes</li>
<li>Executing: ROLLBACK | (no parameters)</li>
</ol>
</div>
<div style="clear:both;margin-bottom:2px;border:red dotted thin;" class="error_message" style="border-bottom:dotted blue thin;">
Error occurred at line 4117 in Function <code>handle_error</code>. Error message was: SQLSTATE[HY000]: General error: 1 table wp_lici_options has 16 columns but 15 values were supplied.
</div>
<p>Backtrace:</p>
<pre>#0 /internal/shared/sqlite-database-integration/wp-includes/sqlite/class-wp-sqlite-db.php(287): WP_SQLite_Translator->get_error_message()
#1 /wordpress/wp-content/plugins/lici-wp/lici-wp.php(140): WP_SQLite_DB->query('INSERT INTO wp_...')
#2 /wordpress/wp-includes/class-wp-hook.php(324): lici_wp_install(false)
#3 /wordpress/wp-includes/class-wp-hook.php(348): WP_Hook->apply_filters('', Array)
#4 /wordpress/wp-includes/plugin.php(517): WP_Hook->do_action(Array)
#5 /wordpress/wp-admin/includes/plugin.php(703): do_action('activate_lici-w...', false)
#6 /internal/eval.php(20): activate_plugin('lici-wp/lici-wp...')
#7 {main}</pre>
 for query INSERT INTO wp_lici_options VALUES('1','login','pass','0','In da city','Good','Radio','yes','no','yes',10,'000000','vera.ttf', 'no','yes'); made by activate_plugin, do_action('activate_lici-wp/lici-wp.php'), WP_Hook->do_action, WP_Hook->apply_filters, lici_wp_install, WP_SQLite_DB->query, WP_SQLite_DB->print_error
[25-Apr-2025 06:37:05 UTC] PHP Fatal error:  Uncaught TypeError: call_user_func_array(): Argument #1 ($callback) must be a valid callback, class "LIci my♥Blos" not found in /wordpress/wp-includes/class-wp-hook.php:324
Stack trace:
#0 /wordpress/wp-includes/class-wp-hook.php(348): WP_Hook->apply_filters(NULL, Array)
#1 /wordpress/wp-includes/plugin.php(517): WP_Hook->do_action(Array)
#2 /wordpress/wp-admin/includes/plugin.php(703): do_action('activate_lici-w...', false)
#3 /internal/eval.php(20): activate_plugin('lici-wp/lici-wp...')
#4 {main}
  thrown in /wordpress/wp-includes/class-wp-hook.php on line 324
[25-Apr-2025 06:41:22 UTC] PHP Warning:  Undefined variable $wp_version in /wordpress/wp-content/plugins/laiser-tag-plus/laisertagplus.php on line 12
[25-Apr-2025 06:41:22 UTC] PHP Warning:  Undefined variable $wp_version in /wordpress/wp-content/plugins/laiser-tag-plus/laisertagplus.php on line 13
[25-Apr-2025 06:41:22 UTC] PHP Warning:  Undefined variable $wp_version in /wordpress/wp-content/plugins/laiser-tag-plus/laisertagplus.php on line 14
[25-Apr-2025 06:41:22 UTC] PHP Warning:  Undefined variable $wp_version in /wordpress/wp-content/plugins/laiser-tag-plus/laisertagplus.php on line 15
[25-Apr-2025 06:41:22 UTC] PHP Warning:  Undefined variable $wp_version in /wordpress/wp-content/plugins/laiser-tag-plus/laisertagplus.php on line 16
[25-Apr-2025 06:41:22 UTC] PHP Warning:  Undefined variable $wp_version in /wordpress/wp-content/plugins/laiser-tag-plus/laisertagplus.php on line 17
[25-Apr-2025 06:41:32 UTC] PHP Warning:  Undefined variable $wp_version in /wordpress/wp-content/plugins/laiser-tag-plus/laisertagplus.php on line 12
[25-Apr-2025 06:41:32 UTC] PHP Warning:  Undefined variable $wp_version in /wordpress/wp-content/plugins/laiser-tag-plus/laisertagplus.php on line 13
[25-Apr-2025 06:41:32 UTC] PHP Warning:  Undefined variable $wp_version in /wordpress/wp-content/plugins/laiser-tag-plus/laisertagplus.php on line 14
[25-Apr-2025 06:41:32 UTC] PHP Warning:  Undefined variable $wp_version in /wordpress/wp-content/plugins/laiser-tag-plus/laisertagplus.php on line 15
[25-Apr-2025 06:41:32 UTC] PHP Warning:  Undefined variable $wp_version in /wordpress/wp-content/plugins/laiser-tag-plus/laisertagplus.php on line 16
[25-Apr-2025 06:41:32 UTC] PHP Warning:  Undefined variable $wp_version in /wordpress/wp-content/plugins/laiser-tag-plus/laisertagplus.php on line 17
[25-Apr-2025 06:41:41 UTC] PHP Warning:  Undefined variable $wp_version in /wordpress/wp-content/plugins/laiser-tag-plus/laisertagplus.php on line 12
[25-Apr-2025 06:41:41 UTC] PHP Warning:  Undefined variable $wp_version in /wordpress/wp-content/plugins/laiser-tag-plus/laisertagplus.php on line 13
[25-Apr-2025 06:41:41 UTC] PHP Warning:  Undefined variable $wp_version in /wordpress/wp-content/plugins/laiser-tag-plus/laisertagplus.php on line 14
[25-Apr-2025 06:41:41 UTC] PHP Warning:  Undefined variable $wp_version in /wordpress/wp-content/plugins/laiser-tag-plus/laisertagplus.php on line 15
[25-Apr-2025 06:41:41 UTC] PHP Warning:  Undefined variable $wp_version in /wordpress/wp-content/plugins/laiser-tag-plus/laisertagplus.php on line 16
[25-Apr-2025 06:41:41 UTC] PHP Warning:  Undefined variable $wp_version in /wordpress/wp-content/plugins/laiser-tag-plus/laisertagplus.php on line 17
[25-Apr-2025 06:41:52 UTC] PHP Deprecated:  Function register_sidebar_widget is <strong>deprecated</strong> since version 2.8.0! Use wp_register_sidebar_widget() instead. in /wordpress/wp-includes/functions.php on line 6121
[25-Apr-2025 06:41:52 UTC] PHP Deprecated:  Function register_widget_control is <strong>deprecated</strong> since version 2.8.0! Use wp_register_widget_control() instead. in /wordpress/wp-includes/functions.php on line 6121
[25-Apr-2025 06:42:01 UTC] PHP Deprecated:  Function register_sidebar_widget is <strong>deprecated</strong> since version 2.8.0! Use wp_register_sidebar_widget() instead. in /wordpress/wp-includes/functions.php on line 6121
[25-Apr-2025 06:42:01 UTC] PHP Deprecated:  Function register_widget_control is <strong>deprecated</strong> since version 2.8.0! Use wp_register_widget_control() instead. in /wordpress/wp-includes/functions.php on line 6121
[25-Apr-2025 06:42:10 UTC] PHP Deprecated:  Function register_sidebar_widget is <strong>deprecated</strong> since version 2.8.0! Use wp_register_sidebar_widget() instead. in /wordpress/wp-includes/functions.php on line 6121
[25-Apr-2025 06:42:10 UTC] PHP Deprecated:  Function register_widget_control is <strong>deprecated</strong> since version 2.8.0! Use wp_register_widget_control() instead. in /wordpress/wp-includes/functions.php on line 6121
[25-Apr-2025 06:42:19 UTC] PHP Fatal error:  Uncaught TypeError: call_user_func_array(): Argument #1 ($callback) must be a valid callback, non-static method LaughStubPlugin::activate() cannot be called statically in /wordpress/wp-includes/class-wp-hook.php:324
Stack trace:
#0 /wordpress/wp-includes/class-wp-hook.php(348): WP_Hook->apply_filters('', Array)
#1 /wordpress/wp-includes/plugin.php(517): WP_Hook->do_action(Array)
#2 /wordpress/wp-admin/includes/plugin.php(703): do_action('activate_laughs...', false)
#3 /internal/eval.php(20): activate_plugin('laughstubcom/la...')
#4 {main}
  thrown in /wordpress/wp-includes/class-wp-hook.php on line 324
[25-Apr-2025 06:42:27 UTC] PHP Fatal error:  Uncaught TypeError: call_user_func_array(): Argument #1 ($callback) must be a valid callback, non-static method LaughStubPlugin::activate() cannot be called statically in /wordpress/wp-includes/class-wp-hook.php:324
Stack trace:
#0 /wordpress/wp-includes/class-wp-hook.php(348): WP_Hook->apply_filters('', Array)
#1 /wordpress/wp-includes/plugin.php(517): WP_Hook->do_action(Array)
#2 /wordpress/wp-admin/includes/plugin.php(703): do_action('activate_laughs...', false)
#3 /internal/eval.php(20): activate_plugin('laughstubcom/la...')
#4 {main}
  thrown in /wordpress/wp-includes/class-wp-hook.php on line 324
[25-Apr-2025 06:42:35 UTC] PHP Fatal error:  Uncaught TypeError: call_user_func_array(): Argument #1 ($callback) must be a valid callback, non-static method LaughStubPlugin::activate() cannot be called statically in /wordpress/wp-includes/class-wp-hook.php:324
Stack trace:
#0 /wordpress/wp-includes/class-wp-hook.php(348): WP_Hook->apply_filters('', Array)
#1 /wordpress/wp-includes/plugin.php(517): WP_Hook->do_action(Array)
#2 /wordpress/wp-admin/includes/plugin.php(703): do_action('activate_laughs...', false)
#3 /internal/eval.php(20): activate_plugin('laughstubcom/la...')
#4 {main}
  thrown in /wordpress/wp-includes/class-wp-hook.php on line 324
[25-Apr-2025 06:43:15 UTC] PHP Deprecated:  WP_SQLite_Driver::recreate_table_from_information_schema(): Implicitly marking parameter $column_map as nullable is deprecated, the explicit nullable type must be used instead in /internal/shared/sqlite-database-integration/wp-includes/sqlite-ast/class-wp-sqlite-driver.php on line 2783
[25-Apr-2025 06:43:15 UTC] PHP Deprecated:  WP_SQLite_Driver::set_result_from_affected_rows(): Implicitly marking parameter $override as nullable is deprecated, the explicit nullable type must be used instead in /internal/shared/sqlite-database-integration/wp-includes/sqlite-ast/class-wp-sqlite-driver.php on line 3541
[25-Apr-2025 06:43:15 UTC] PHP Deprecated:  WP_SQLite_Driver::new_driver_exception(): Implicitly marking parameter $previous as nullable is deprecated, the explicit nullable type must be used instead in /internal/shared/sqlite-database-integration/wp-includes/sqlite-ast/class-wp-sqlite-driver.php on line 3564
[25-Apr-2025 06:43:15 UTC] PHP Deprecated:  WP_SQLite_Driver_Exception::__construct(): Implicitly marking parameter $previous as nullable is deprecated, the explicit nullable type must be used instead in /internal/shared/sqlite-database-integration/wp-includes/sqlite-ast/class-wp-sqlite-driver-exception.php on line 19
[25-Apr-2025 06:43:16 UTC] PHP Deprecated:  LP_Course_DB::get_item_ids_unassigned(): Implicitly marking parameter $filter as nullable is deprecated, the explicit nullable type must be used instead in /wordpress/wp-content/plugins/learnpress/inc/Databases/class-lp-course-db.php on line 435
[25-Apr-2025 06:43:16 UTC] PHP Deprecated:  LP_Question_DB::get_questions_not_assign_quiz(): Implicitly marking parameter $filter as nullable is deprecated, the explicit nullable type must be used instead in /wordpress/wp-content/plugins/learnpress/inc/Databases/class-lp-question-db.php on line 52
[25-Apr-2025 06:43:16 UTC] PHP Deprecated:  LP_Question_DB::get_total_question_unassigned(): Implicitly marking parameter $filter as nullable is deprecated, the explicit nullable type must be used instead in /wordpress/wp-content/plugins/learnpress/inc/Databases/class-lp-question-db.php on line 78
[25-Apr-2025 06:43:16 UTC] PHP Deprecated:  LP_Question_DB::get_list_question_ids_of_quiz(): Implicitly marking parameter $filter as nullable is deprecated, the explicit nullable type must be used instead in /wordpress/wp-content/plugins/learnpress/inc/Databases/class-lp-question-db.php on line 102
[25-Apr-2025 06:43:16 UTC] PHP Deprecated:  LP_Abstract_Post_Type::_do_save_post(): Implicitly marking parameter $post as nullable is deprecated, the explicit nullable type must be used instead in /wordpress/wp-content/plugins/learnpress/inc/custom-post-types/abstract.php on line 189
[25-Apr-2025 06:43:16 UTC] PHP Deprecated:  LP_Abstract_Post_Type::save_post(): Implicitly marking parameter $post as nullable is deprecated, the explicit nullable type must be used instead in /wordpress/wp-content/plugins/learnpress/inc/custom-post-types/abstract.php on line 223
[25-Apr-2025 06:43:16 UTC] PHP Deprecated:  LP_Abstract_Post_Type::after_insert_post(): Implicitly marking parameter $post as nullable is deprecated, the explicit nullable type must be used instead in /wordpress/wp-content/plugins/learnpress/inc/custom-post-types/abstract.php on line 253
[25-Apr-2025 06:43:16 UTC] PHP Deprecated:  LP_Abstract_Post_Type::_before_delete_post(): Implicitly marking parameter $post as nullable is deprecated, the explicit nullable type must be used instead in /wordpress/wp-content/plugins/learnpress/inc/custom-post-types/abstract.php on line 267
[25-Apr-2025 06:43:16 UTC] PHP Deprecated:  LP_Abstract_Post_Type::maybe_remove_assigned(): Implicitly marking parameter $post as nullable is deprecated, the explicit nullable type must be used instead in /wordpress/wp-content/plugins/learnpress/inc/custom-post-types/abstract.php on line 552
[25-Apr-2025 06:43:16 UTC] PHP Deprecated:  LP_Course_Post_Type::save_post(): Implicitly marking parameter $post as nullable is deprecated, the explicit nullable type must be used instead in /wordpress/wp-content/plugins/learnpress/inc/custom-post-types/course.php on line 468
[25-Apr-2025 06:43:16 UTC] PHP Deprecated:  LP_Lesson_Post_Type::save_post(): Implicitly marking parameter $post as nullable is deprecated, the explicit nullable type must be used instead in /wordpress/wp-content/plugins/learnpress/inc/custom-post-types/lesson.php on line 57
[25-Apr-2025 06:43:16 UTC] PHP Deprecated:  LP_Quiz_Post_Type::save_post(): Implicitly marking parameter $post as nullable is deprecated, the explicit nullable type must be used instead in /wordpress/wp-content/plugins/learnpress/inc/custom-post-types/quiz.php on line 478
[25-Apr-2025 06:43:16 UTC] PHP Deprecated:  LP_Question_Post_Type::save_post(): Implicitly marking parameter $post as nullable is deprecated, the explicit nullable type must be used instead in /wordpress/wp-content/plugins/learnpress/inc/custom-post-types/question.php on line 276
[25-Apr-2025 06:43:16 UTC] PHP Deprecated:  LP_Order_Post_Type::save_post(): Implicitly marking parameter $post as nullable is deprecated, the explicit nullable type must be used instead in /wordpress/wp-content/plugins/learnpress/inc/custom-post-types/order.php on line 135
[25-Apr-2025 06:43:16 UTC] PHP Deprecated:  Block_Template_Handle::edit_block_file_template(): Implicitly marking parameter $template as nullable is deprecated, the explicit nullable type must be used instead in /wordpress/wp-content/plugins/learnpress/inc/block-template/class-block-template-handle.php on line 130
[25-Apr-2025 06:43:18 UTC] PHP Deprecated:  WP_SQLite_Driver::recreate_table_from_information_schema(): Implicitly marking parameter $column_map as nullable is deprecated, the explicit nullable type must be used instead in /internal/shared/sqlite-database-integration/wp-includes/sqlite-ast/class-wp-sqlite-driver.php on line 2783
[25-Apr-2025 06:43:18 UTC] PHP Deprecated:  WP_SQLite_Driver::set_result_from_affected_rows(): Implicitly marking parameter $override as nullable is deprecated, the explicit nullable type must be used instead in /internal/shared/sqlite-database-integration/wp-includes/sqlite-ast/class-wp-sqlite-driver.php on line 3541
[25-Apr-2025 06:43:18 UTC] PHP Deprecated:  WP_SQLite_Driver::new_driver_exception(): Implicitly marking parameter $previous as nullable is deprecated, the explicit nullable type must be used instead in /internal/shared/sqlite-database-integration/wp-includes/sqlite-ast/class-wp-sqlite-driver.php on line 3564
[25-Apr-2025 06:43:18 UTC] PHP Deprecated:  WP_SQLite_Driver_Exception::__construct(): Implicitly marking parameter $previous as nullable is deprecated, the explicit nullable type must be used instead in /internal/shared/sqlite-database-integration/wp-includes/sqlite-ast/class-wp-sqlite-driver-exception.php on line 19
[25-Apr-2025 06:43:19 UTC] PHP Deprecated:  LP_Course_DB::get_item_ids_unassigned(): Implicitly marking parameter $filter as nullable is deprecated, the explicit nullable type must be used instead in /wordpress/wp-content/plugins/learnpress/inc/Databases/class-lp-course-db.php on line 435
[25-Apr-2025 06:43:19 UTC] PHP Deprecated:  LP_Question_DB::get_questions_not_assign_quiz(): Implicitly marking parameter $filter as nullable is deprecated, the explicit nullable type must be used instead in /wordpress/wp-content/plugins/learnpress/inc/Databases/class-lp-question-db.php on line 52
[25-Apr-2025 06:43:19 UTC] PHP Deprecated:  LP_Question_DB::get_total_question_unassigned(): Implicitly marking parameter $filter as nullable is deprecated, the explicit nullable type must be used instead in /wordpress/wp-content/plugins/learnpress/inc/Databases/class-lp-question-db.php on line 78
[25-Apr-2025 06:43:19 UTC] PHP Deprecated:  LP_Question_DB::get_list_question_ids_of_quiz(): Implicitly marking parameter $filter as nullable is deprecated, the explicit nullable type must be used instead in /wordpress/wp-content/plugins/learnpress/inc/Databases/class-lp-question-db.php on line 102
[25-Apr-2025 06:43:19 UTC] PHP Deprecated:  LP_Abstract_Post_Type::_do_save_post(): Implicitly marking parameter $post as nullable is deprecated, the explicit nullable type must be used instead in /wordpress/wp-content/plugins/learnpress/inc/custom-post-types/abstract.php on line 189
[25-Apr-2025 06:43:19 UTC] PHP Deprecated:  LP_Abstract_Post_Type::save_post(): Implicitly marking parameter $post as nullable is deprecated, the explicit nullable type must be used instead in /wordpress/wp-content/plugins/learnpress/inc/custom-post-types/abstract.php on line 223
[25-Apr-2025 06:43:19 UTC] PHP Deprecated:  LP_Abstract_Post_Type::after_insert_post(): Implicitly marking parameter $post as nullable is deprecated, the explicit nullable type must be used instead in /wordpress/wp-content/plugins/learnpress/inc/custom-post-types/abstract.php on line 253
[25-Apr-2025 06:43:19 UTC] PHP Deprecated:  LP_Abstract_Post_Type::_before_delete_post(): Implicitly marking parameter $post as nullable is deprecated, the explicit nullable type must be used instead in /wordpress/wp-content/plugins/learnpress/inc/custom-post-types/abstract.php on line 267
[25-Apr-2025 06:43:19 UTC] PHP Deprecated:  LP_Abstract_Post_Type::maybe_remove_assigned(): Implicitly marking parameter $post as nullable is deprecated, the explicit nullable type must be used instead in /wordpress/wp-content/plugins/learnpress/inc/custom-post-types/abstract.php on line 552
[25-Apr-2025 06:43:19 UTC] PHP Deprecated:  LP_Course_Post_Type::save_post(): Implicitly marking parameter $post as nullable is deprecated, the explicit nullable type must be used instead in /wordpress/wp-content/plugins/learnpress/inc/custom-post-types/course.php on line 468
[25-Apr-2025 06:43:19 UTC] PHP Deprecated:  LP_Lesson_Post_Type::save_post(): Implicitly marking parameter $post as nullable is deprecated, the explicit nullable type must be used instead in /wordpress/wp-content/plugins/learnpress/inc/custom-post-types/lesson.php on line 57
[25-Apr-2025 06:43:19 UTC] PHP Deprecated:  LP_Quiz_Post_Type::save_post(): Implicitly marking parameter $post as nullable is deprecated, the explicit nullable type must be used instead in /wordpress/wp-content/plugins/learnpress/inc/custom-post-types/quiz.php on line 478
[25-Apr-2025 06:43:19 UTC] PHP Deprecated:  LP_Question_Post_Type::save_post(): Implicitly marking parameter $post as nullable is deprecated, the explicit nullable type must be used instead in /wordpress/wp-content/plugins/learnpress/inc/custom-post-types/question.php on line 276
[25-Apr-2025 06:43:19 UTC] PHP Deprecated:  LP_Order_Post_Type::save_post(): Implicitly marking parameter $post as nullable is deprecated, the explicit nullable type must be used instead in /wordpress/wp-content/plugins/learnpress/inc/custom-post-types/order.php on line 135
[25-Apr-2025 06:43:19 UTC] PHP Deprecated:  Block_Template_Handle::edit_block_file_template(): Implicitly marking parameter $template as nullable is deprecated, the explicit nullable type must be used instead in /wordpress/wp-content/plugins/learnpress/inc/block-template/class-block-template-handle.php on line 130
[25-Apr-2025 06:43:22 UTC] PHP Deprecated:  WP_SQLite_Driver::recreate_table_from_information_schema(): Implicitly marking parameter $column_map as nullable is deprecated, the explicit nullable type must be used instead in /internal/shared/sqlite-database-integration/wp-includes/sqlite-ast/class-wp-sqlite-driver.php on line 2783
[25-Apr-2025 06:43:22 UTC] PHP Deprecated:  WP_SQLite_Driver::set_result_from_affected_rows(): Implicitly marking parameter $override as nullable is deprecated, the explicit nullable type must be used instead in /internal/shared/sqlite-database-integration/wp-includes/sqlite-ast/class-wp-sqlite-driver.php on line 3541
[25-Apr-2025 06:43:22 UTC] PHP Deprecated:  WP_SQLite_Driver::new_driver_exception(): Implicitly marking parameter $previous as nullable is deprecated, the explicit nullable type must be used instead in /internal/shared/sqlite-database-integration/wp-includes/sqlite-ast/class-wp-sqlite-driver.php on line 3564
[25-Apr-2025 06:43:22 UTC] PHP Deprecated:  WP_SQLite_Driver_Exception::__construct(): Implicitly marking parameter $previous as nullable is deprecated, the explicit nullable type must be used instead in /internal/shared/sqlite-database-integration/wp-includes/sqlite-ast/class-wp-sqlite-driver-exception.php on line 19
[25-Apr-2025 06:43:22 UTC] PHP Deprecated:  LP_Course_DB::get_item_ids_unassigned(): Implicitly marking parameter $filter as nullable is deprecated, the explicit nullable type must be used instead in /wordpress/wp-content/plugins/learnpress/inc/Databases/class-lp-course-db.php on line 435
[25-Apr-2025 06:43:22 UTC] PHP Deprecated:  LP_Question_DB::get_questions_not_assign_quiz(): Implicitly marking parameter $filter as nullable is deprecated, the explicit nullable type must be used instead in /wordpress/wp-content/plugins/learnpress/inc/Databases/class-lp-question-db.php on line 52
[25-Apr-2025 06:43:22 UTC] PHP Deprecated:  LP_Question_DB::get_total_question_unassigned(): Implicitly marking parameter $filter as nullable is deprecated, the explicit nullable type must be used instead in /wordpress/wp-content/plugins/learnpress/inc/Databases/class-lp-question-db.php on line 78
[25-Apr-2025 06:43:22 UTC] PHP Deprecated:  LP_Question_DB::get_list_question_ids_of_quiz(): Implicitly marking parameter $filter as nullable is deprecated, the explicit nullable type must be used instead in /wordpress/wp-content/plugins/learnpress/inc/Databases/class-lp-question-db.php on line 102
[25-Apr-2025 06:43:23 UTC] PHP Deprecated:  LP_Abstract_Post_Type::_do_save_post(): Implicitly marking parameter $post as nullable is deprecated, the explicit nullable type must be used instead in /wordpress/wp-content/plugins/learnpress/inc/custom-post-types/abstract.php on line 189
[25-Apr-2025 06:43:23 UTC] PHP Deprecated:  LP_Abstract_Post_Type::save_post(): Implicitly marking parameter $post as nullable is deprecated, the explicit nullable type must be used instead in /wordpress/wp-content/plugins/learnpress/inc/custom-post-types/abstract.php on line 223
[25-Apr-2025 06:43:23 UTC] PHP Deprecated:  LP_Abstract_Post_Type::after_insert_post(): Implicitly marking parameter $post as nullable is deprecated, the explicit nullable type must be used instead in /wordpress/wp-content/plugins/learnpress/inc/custom-post-types/abstract.php on line 253
[25-Apr-2025 06:43:23 UTC] PHP Deprecated:  LP_Abstract_Post_Type::_before_delete_post(): Implicitly marking parameter $post as nullable is deprecated, the explicit nullable type must be used instead in /wordpress/wp-content/plugins/learnpress/inc/custom-post-types/abstract.php on line 267
[25-Apr-2025 06:43:23 UTC] PHP Deprecated:  LP_Abstract_Post_Type::maybe_remove_assigned(): Implicitly marking parameter $post as nullable is deprecated, the explicit nullable type must be used instead in /wordpress/wp-content/plugins/learnpress/inc/custom-post-types/abstract.php on line 552
[25-Apr-2025 06:43:23 UTC] PHP Deprecated:  LP_Course_Post_Type::save_post(): Implicitly marking parameter $post as nullable is deprecated, the explicit nullable type must be used instead in /wordpress/wp-content/plugins/learnpress/inc/custom-post-types/course.php on line 468
[25-Apr-2025 06:43:23 UTC] PHP Deprecated:  LP_Lesson_Post_Type::save_post(): Implicitly marking parameter $post as nullable is deprecated, the explicit nullable type must be used instead in /wordpress/wp-content/plugins/learnpress/inc/custom-post-types/lesson.php on line 57
[25-Apr-2025 06:43:23 UTC] PHP Deprecated:  LP_Quiz_Post_Type::save_post(): Implicitly marking parameter $post as nullable is deprecated, the explicit nullable type must be used instead in /wordpress/wp-content/plugins/learnpress/inc/custom-post-types/quiz.php on line 478
[25-Apr-2025 06:43:23 UTC] PHP Deprecated:  LP_Question_Post_Type::save_post(): Implicitly marking parameter $post as nullable is deprecated, the explicit nullable type must be used instead in /wordpress/wp-content/plugins/learnpress/inc/custom-post-types/question.php on line 276
[25-Apr-2025 06:43:23 UTC] PHP Deprecated:  LP_Order_Post_Type::save_post(): Implicitly marking parameter $post as nullable is deprecated, the explicit nullable type must be used instead in /wordpress/wp-content/plugins/learnpress/inc/custom-post-types/order.php on line 135
[25-Apr-2025 06:43:23 UTC] PHP Deprecated:  Block_Template_Handle::edit_block_file_template(): Implicitly marking parameter $template as nullable is deprecated, the explicit nullable type must be used instead in /wordpress/wp-content/plugins/learnpress/inc/block-template/class-block-template-handle.php on line 130
[25-Apr-2025 06:43:23 UTC] PHP Deprecated:  WP_SQLite_Driver::recreate_table_from_information_schema(): Implicitly marking parameter $column_map as nullable is deprecated, the explicit nullable type must be used instead in /internal/shared/sqlite-database-integration/wp-includes/sqlite-ast/class-wp-sqlite-driver.php on line 2783
[25-Apr-2025 06:43:23 UTC] PHP Deprecated:  WP_SQLite_Driver::set_result_from_affected_rows(): Implicitly marking parameter $override as nullable is deprecated, the explicit nullable type must be used instead in /internal/shared/sqlite-database-integration/wp-includes/sqlite-ast/class-wp-sqlite-driver.php on line 3541
[25-Apr-2025 06:43:23 UTC] PHP Deprecated:  WP_SQLite_Driver::new_driver_exception(): Implicitly marking parameter $previous as nullable is deprecated, the explicit nullable type must be used instead in /internal/shared/sqlite-database-integration/wp-includes/sqlite-ast/class-wp-sqlite-driver.php on line 3564
[25-Apr-2025 06:43:23 UTC] PHP Deprecated:  WP_SQLite_Driver_Exception::__construct(): Implicitly marking parameter $previous as nullable is deprecated, the explicit nullable type must be used instead in /internal/shared/sqlite-database-integration/wp-includes/sqlite-ast/class-wp-sqlite-driver-exception.php on line 19
[25-Apr-2025 06:43:24 UTC] PHP Deprecated:  LP_Course_DB::get_item_ids_unassigned(): Implicitly marking parameter $filter as nullable is deprecated, the explicit nullable type must be used instead in /wordpress/wp-content/plugins/learnpress/inc/Databases/class-lp-course-db.php on line 435
[25-Apr-2025 06:43:24 UTC] PHP Deprecated:  LP_Question_DB::get_questions_not_assign_quiz(): Implicitly marking parameter $filter as nullable is deprecated, the explicit nullable type must be used instead in /wordpress/wp-content/plugins/learnpress/inc/Databases/class-lp-question-db.php on line 52
[25-Apr-2025 06:43:24 UTC] PHP Deprecated:  LP_Question_DB::get_total_question_unassigned(): Implicitly marking parameter $filter as nullable is deprecated, the explicit nullable type must be used instead in /wordpress/wp-content/plugins/learnpress/inc/Databases/class-lp-question-db.php on line 78
[25-Apr-2025 06:43:24 UTC] PHP Deprecated:  LP_Question_DB::get_list_question_ids_of_quiz(): Implicitly marking parameter $filter as nullable is deprecated, the explicit nullable type must be used instead in /wordpress/wp-content/plugins/learnpress/inc/Databases/class-lp-question-db.php on line 102
[25-Apr-2025 06:43:24 UTC] PHP Deprecated:  LP_Abstract_Post_Type::_do_save_post(): Implicitly marking parameter $post as nullable is deprecated, the explicit nullable type must be used instead in /wordpress/wp-content/plugins/learnpress/inc/custom-post-types/abstract.php on line 189
[25-Apr-2025 06:43:24 UTC] PHP Deprecated:  LP_Abstract_Post_Type::save_post(): Implicitly marking parameter $post as nullable is deprecated, the explicit nullable type must be used instead in /wordpress/wp-content/plugins/learnpress/inc/custom-post-types/abstract.php on line 223
[25-Apr-2025 06:43:24 UTC] PHP Deprecated:  LP_Abstract_Post_Type::after_insert_post(): Implicitly marking parameter $post as nullable is deprecated, the explicit nullable type must be used instead in /wordpress/wp-content/plugins/learnpress/inc/custom-post-types/abstract.php on line 253
[25-Apr-2025 06:43:24 UTC] PHP Deprecated:  LP_Abstract_Post_Type::_before_delete_post(): Implicitly marking parameter $post as nullable is deprecated, the explicit nullable type must be used instead in /wordpress/wp-content/plugins/learnpress/inc/custom-post-types/abstract.php on line 267
[25-Apr-2025 06:43:24 UTC] PHP Deprecated:  LP_Abstract_Post_Type::maybe_remove_assigned(): Implicitly marking parameter $post as nullable is deprecated, the explicit nullable type must be used instead in /wordpress/wp-content/plugins/learnpress/inc/custom-post-types/abstract.php on line 552
[25-Apr-2025 06:43:24 UTC] PHP Deprecated:  LP_Course_Post_Type::save_post(): Implicitly marking parameter $post as nullable is deprecated, the explicit nullable type must be used instead in /wordpress/wp-content/plugins/learnpress/inc/custom-post-types/course.php on line 468
[25-Apr-2025 06:43:24 UTC] PHP Deprecated:  LP_Lesson_Post_Type::save_post(): Implicitly marking parameter $post as nullable is deprecated, the explicit nullable type must be used instead in /wordpress/wp-content/plugins/learnpress/inc/custom-post-types/lesson.php on line 57
[25-Apr-2025 06:43:24 UTC] PHP Deprecated:  LP_Quiz_Post_Type::save_post(): Implicitly marking parameter $post as nullable is deprecated, the explicit nullable type must be used instead in /wordpress/wp-content/plugins/learnpress/inc/custom-post-types/quiz.php on line 478
[25-Apr-2025 06:43:24 UTC] PHP Deprecated:  LP_Question_Post_Type::save_post(): Implicitly marking parameter $post as nullable is deprecated, the explicit nullable type must be used instead in /wordpress/wp-content/plugins/learnpress/inc/custom-post-types/question.php on line 276
[25-Apr-2025 06:43:24 UTC] PHP Deprecated:  LP_Order_Post_Type::save_post(): Implicitly marking parameter $post as nullable is deprecated, the explicit nullable type must be used instead in /wordpress/wp-content/plugins/learnpress/inc/custom-post-types/order.php on line 135
[25-Apr-2025 06:43:24 UTC] PHP Deprecated:  Block_Template_Handle::edit_block_file_template(): Implicitly marking parameter $template as nullable is deprecated, the explicit nullable type must be used instead in /wordpress/wp-content/plugins/learnpress/inc/block-template/class-block-template-handle.php on line 130
[25-Apr-2025 06:43:29 UTC] PHP Deprecated:  WP_SQLite_Driver::recreate_table_from_information_schema(): Implicitly marking parameter $column_map as nullable is deprecated, the explicit nullable type must be used instead in /internal/shared/sqlite-database-integration/wp-includes/sqlite-ast/class-wp-sqlite-driver.php on line 2783
[25-Apr-2025 06:43:29 UTC] PHP Deprecated:  WP_SQLite_Driver::set_result_from_affected_rows(): Implicitly marking parameter $override as nullable is deprecated, the explicit nullable type must be used instead in /internal/shared/sqlite-database-integration/wp-includes/sqlite-ast/class-wp-sqlite-driver.php on line 3541
[25-Apr-2025 06:43:29 UTC] PHP Deprecated:  WP_SQLite_Driver::new_driver_exception(): Implicitly marking parameter $previous as nullable is deprecated, the explicit nullable type must be used instead in /internal/shared/sqlite-database-integration/wp-includes/sqlite-ast/class-wp-sqlite-driver.php on line 3564
[25-Apr-2025 06:43:29 UTC] PHP Deprecated:  WP_SQLite_Driver_Exception::__construct(): Implicitly marking parameter $previous as nullable is deprecated, the explicit nullable type must be used instead in /internal/shared/sqlite-database-integration/wp-includes/sqlite-ast/class-wp-sqlite-driver-exception.php on line 19
[25-Apr-2025 06:43:30 UTC] PHP Deprecated:  LP_Course_DB::get_item_ids_unassigned(): Implicitly marking parameter $filter as nullable is deprecated, the explicit nullable type must be used instead in /wordpress/wp-content/plugins/learnpress/inc/Databases/class-lp-course-db.php on line 435
[25-Apr-2025 06:43:30 UTC] PHP Deprecated:  LP_Question_DB::get_questions_not_assign_quiz(): Implicitly marking parameter $filter as nullable is deprecated, the explicit nullable type must be used instead in /wordpress/wp-content/plugins/learnpress/inc/Databases/class-lp-question-db.php on line 52
[25-Apr-2025 06:43:30 UTC] PHP Deprecated:  LP_Question_DB::get_total_question_unassigned(): Implicitly marking parameter $filter as nullable is deprecated, the explicit nullable type must be used instead in /wordpress/wp-content/plugins/learnpress/inc/Databases/class-lp-question-db.php on line 78
[25-Apr-2025 06:43:30 UTC] PHP Deprecated:  LP_Question_DB::get_list_question_ids_of_quiz(): Implicitly marking parameter $filter as nullable is deprecated, the explicit nullable type must be used instead in /wordpress/wp-content/plugins/learnpress/inc/Databases/class-lp-question-db.php on line 102
[25-Apr-2025 06:43:30 UTC] PHP Deprecated:  LP_Abstract_Post_Type::_do_save_post(): Implicitly marking parameter $post as nullable is deprecated, the explicit nullable type must be used instead in /wordpress/wp-content/plugins/learnpress/inc/custom-post-types/abstract.php on line 189
[25-Apr-2025 06:43:30 UTC] PHP Deprecated:  LP_Abstract_Post_Type::save_post(): Implicitly marking parameter $post as nullable is deprecated, the explicit nullable type must be used instead in /wordpress/wp-content/plugins/learnpress/inc/custom-post-types/abstract.php on line 223
[25-Apr-2025 06:43:30 UTC] PHP Deprecated:  LP_Abstract_Post_Type::after_insert_post(): Implicitly marking parameter $post as nullable is deprecated, the explicit nullable type must be used instead in /wordpress/wp-content/plugins/learnpress/inc/custom-post-types/abstract.php on line 253
[25-Apr-2025 06:43:30 UTC] PHP Deprecated:  LP_Abstract_Post_Type::_before_delete_post(): Implicitly marking parameter $post as nullable is deprecated, the explicit nullable type must be used instead in /wordpress/wp-content/plugins/learnpress/inc/custom-post-types/abstract.php on line 267
[25-Apr-2025 06:43:30 UTC] PHP Deprecated:  LP_Abstract_Post_Type::maybe_remove_assigned(): Implicitly marking parameter $post as nullable is deprecated, the explicit nullable type must be used instead in /wordpress/wp-content/plugins/learnpress/inc/custom-post-types/abstract.php on line 552
[25-Apr-2025 06:43:30 UTC] PHP Deprecated:  LP_Course_Post_Type::save_post(): Implicitly marking parameter $post as nullable is deprecated, the explicit nullable type must be used instead in /wordpress/wp-content/plugins/learnpress/inc/custom-post-types/course.php on line 468
[25-Apr-2025 06:43:30 UTC] PHP Deprecated:  LP_Lesson_Post_Type::save_post(): Implicitly marking parameter $post as nullable is deprecated, the explicit nullable type must be used instead in /wordpress/wp-content/plugins/learnpress/inc/custom-post-types/lesson.php on line 57
[25-Apr-2025 06:43:30 UTC] PHP Deprecated:  LP_Quiz_Post_Type::save_post(): Implicitly marking parameter $post as nullable is deprecated, the explicit nullable type must be used instead in /wordpress/wp-content/plugins/learnpress/inc/custom-post-types/quiz.php on line 478
[25-Apr-2025 06:43:30 UTC] PHP Deprecated:  LP_Question_Post_Type::save_post(): Implicitly marking parameter $post as nullable is deprecated, the explicit nullable type must be used instead in /wordpress/wp-content/plugins/learnpress/inc/custom-post-types/question.php on line 276
[25-Apr-2025 06:43:30 UTC] PHP Deprecated:  LP_Order_Post_Type::save_post(): Implicitly marking parameter $post as nullable is deprecated, the explicit nullable type must be used instead in /wordpress/wp-content/plugins/learnpress/inc/custom-post-types/order.php on line 135
[25-Apr-2025 06:43:30 UTC] PHP Deprecated:  Block_Template_Handle::edit_block_file_template(): Implicitly marking parameter $template as nullable is deprecated, the explicit nullable type must be used instead in /wordpress/wp-content/plugins/learnpress/inc/block-template/class-block-template-handle.php on line 130
[25-Apr-2025 06:43:31 UTC] PHP Deprecated:  WP_SQLite_Driver::recreate_table_from_information_schema(): Implicitly marking parameter $column_map as nullable is deprecated, the explicit nullable type must be used instead in /internal/shared/sqlite-database-integration/wp-includes/sqlite-ast/class-wp-sqlite-driver.php on line 2783
[25-Apr-2025 06:43:31 UTC] PHP Deprecated:  WP_SQLite_Driver::set_result_from_affected_rows(): Implicitly marking parameter $override as nullable is deprecated, the explicit nullable type must be used instead in /internal/shared/sqlite-database-integration/wp-includes/sqlite-ast/class-wp-sqlite-driver.php on line 3541
[25-Apr-2025 06:43:31 UTC] PHP Deprecated:  WP_SQLite_Driver::new_driver_exception(): Implicitly marking parameter $previous as nullable is deprecated, the explicit nullable type must be used instead in /internal/shared/sqlite-database-integration/wp-includes/sqlite-ast/class-wp-sqlite-driver.php on line 3564
[25-Apr-2025 06:43:31 UTC] PHP Deprecated:  WP_SQLite_Driver_Exception::__construct(): Implicitly marking parameter $previous as nullable is deprecated, the explicit nullable type must be used instead in /internal/shared/sqlite-database-integration/wp-includes/sqlite-ast/class-wp-sqlite-driver-exception.php on line 19
[25-Apr-2025 06:43:32 UTC] PHP Deprecated:  LP_Course_DB::get_item_ids_unassigned(): Implicitly marking parameter $filter as nullable is deprecated, the explicit nullable type must be used instead in /wordpress/wp-content/plugins/learnpress/inc/Databases/class-lp-course-db.php on line 435
[25-Apr-2025 06:43:32 UTC] PHP Deprecated:  LP_Question_DB::get_questions_not_assign_quiz(): Implicitly marking parameter $filter as nullable is deprecated, the explicit nullable type must be used instead in /wordpress/wp-content/plugins/learnpress/inc/Databases/class-lp-question-db.php on line 52
[25-Apr-2025 06:43:32 UTC] PHP Deprecated:  LP_Question_DB::get_total_question_unassigned(): Implicitly marking parameter $filter as nullable is deprecated, the explicit nullable type must be used instead in /wordpress/wp-content/plugins/learnpress/inc/Databases/class-lp-question-db.php on line 78
[25-Apr-2025 06:43:32 UTC] PHP Deprecated:  LP_Question_DB::get_list_question_ids_of_quiz(): Implicitly marking parameter $filter as nullable is deprecated, the explicit nullable type must be used instead in /wordpress/wp-content/plugins/learnpress/inc/Databases/class-lp-question-db.php on line 102
[25-Apr-2025 06:43:32 UTC] PHP Deprecated:  LP_Abstract_Post_Type::_do_save_post(): Implicitly marking parameter $post as nullable is deprecated, the explicit nullable type must be used instead in /wordpress/wp-content/plugins/learnpress/inc/custom-post-types/abstract.php on line 189
[25-Apr-2025 06:43:32 UTC] PHP Deprecated:  LP_Abstract_Post_Type::save_post(): Implicitly marking parameter $post as nullable is deprecated, the explicit nullable type must be used instead in /wordpress/wp-content/plugins/learnpress/inc/custom-post-types/abstract.php on line 223
[25-Apr-2025 06:43:32 UTC] PHP Deprecated:  LP_Abstract_Post_Type::after_insert_post(): Implicitly marking parameter $post as nullable is deprecated, the explicit nullable type must be used instead in /wordpress/wp-content/plugins/learnpress/inc/custom-post-types/abstract.php on line 253
[25-Apr-2025 06:43:32 UTC] PHP Deprecated:  LP_Abstract_Post_Type::_before_delete_post(): Implicitly marking parameter $post as nullable is deprecated, the explicit nullable type must be used instead in /wordpress/wp-content/plugins/learnpress/inc/custom-post-types/abstract.php on line 267
[25-Apr-2025 06:43:32 UTC] PHP Deprecated:  LP_Abstract_Post_Type::maybe_remove_assigned(): Implicitly marking parameter $post as nullable is deprecated, the explicit nullable type must be used instead in /wordpress/wp-content/plugins/learnpress/inc/custom-post-types/abstract.php on line 552
[25-Apr-2025 06:43:32 UTC] PHP Deprecated:  LP_Course_Post_Type::save_post(): Implicitly marking parameter $post as nullable is deprecated, the explicit nullable type must be used instead in /wordpress/wp-content/plugins/learnpress/inc/custom-post-types/course.php on line 468
[25-Apr-2025 06:43:32 UTC] PHP Deprecated:  LP_Lesson_Post_Type::save_post(): Implicitly marking parameter $post as nullable is deprecated, the explicit nullable type must be used instead in /wordpress/wp-content/plugins/learnpress/inc/custom-post-types/lesson.php on line 57
[25-Apr-2025 06:43:32 UTC] PHP Deprecated:  LP_Quiz_Post_Type::save_post(): Implicitly marking parameter $post as nullable is deprecated, the explicit nullable type must be used instead in /wordpress/wp-content/plugins/learnpress/inc/custom-post-types/quiz.php on line 478
[25-Apr-2025 06:43:32 UTC] PHP Deprecated:  LP_Question_Post_Type::save_post(): Implicitly marking parameter $post as nullable is deprecated, the explicit nullable type must be used instead in /wordpress/wp-content/plugins/learnpress/inc/custom-post-types/question.php on line 276
[25-Apr-2025 06:43:32 UTC] PHP Deprecated:  LP_Order_Post_Type::save_post(): Implicitly marking parameter $post as nullable is deprecated, the explicit nullable type must be used instead in /wordpress/wp-content/plugins/learnpress/inc/custom-post-types/order.php on line 135
[25-Apr-2025 06:43:32 UTC] PHP Deprecated:  Block_Template_Handle::edit_block_file_template(): Implicitly marking parameter $template as nullable is deprecated, the explicit nullable type must be used instead in /wordpress/wp-content/plugins/learnpress/inc/block-template/class-block-template-handle.php on line 130
[25-Apr-2025 06:43:45 UTC] PHP Deprecated:  LP_Course_DB::get_item_ids_unassigned(): Implicitly marking parameter $filter as nullable is deprecated, the explicit nullable type must be used instead in /wordpress/wp-content/plugins/learnpress/inc/Databases/class-lp-course-db.php on line 435
[25-Apr-2025 06:43:45 UTC] PHP Deprecated:  LP_Question_DB::get_questions_not_assign_quiz(): Implicitly marking parameter $filter as nullable is deprecated, the explicit nullable type must be used instead in /wordpress/wp-content/plugins/learnpress/inc/Databases/class-lp-question-db.php on line 52
[25-Apr-2025 06:43:45 UTC] PHP Deprecated:  LP_Question_DB::get_total_question_unassigned(): Implicitly marking parameter $filter as nullable is deprecated, the explicit nullable type must be used instead in /wordpress/wp-content/plugins/learnpress/inc/Databases/class-lp-question-db.php on line 78
[25-Apr-2025 06:43:45 UTC] PHP Deprecated:  LP_Question_DB::get_list_question_ids_of_quiz(): Implicitly marking parameter $filter as nullable is deprecated, the explicit nullable type must be used instead in /wordpress/wp-content/plugins/learnpress/inc/Databases/class-lp-question-db.php on line 102
[25-Apr-2025 06:43:45 UTC] PHP Deprecated:  LP_Abstract_Post_Type::_do_save_post(): Implicitly marking parameter $post as nullable is deprecated, the explicit nullable type must be used instead in /wordpress/wp-content/plugins/learnpress/inc/custom-post-types/abstract.php on line 189
[25-Apr-2025 06:43:45 UTC] PHP Deprecated:  LP_Abstract_Post_Type::save_post(): Implicitly marking parameter $post as nullable is deprecated, the explicit nullable type must be used instead in /wordpress/wp-content/plugins/learnpress/inc/custom-post-types/abstract.php on line 223
[25-Apr-2025 06:43:45 UTC] PHP Deprecated:  LP_Abstract_Post_Type::after_insert_post(): Implicitly marking parameter $post as nullable is deprecated, the explicit nullable type must be used instead in /wordpress/wp-content/plugins/learnpress/inc/custom-post-types/abstract.php on line 253
[25-Apr-2025 06:43:45 UTC] PHP Deprecated:  LP_Abstract_Post_Type::_before_delete_post(): Implicitly marking parameter $post as nullable is deprecated, the explicit nullable type must be used instead in /wordpress/wp-content/plugins/learnpress/inc/custom-post-types/abstract.php on line 267
[25-Apr-2025 06:43:45 UTC] PHP Deprecated:  LP_Abstract_Post_Type::maybe_remove_assigned(): Implicitly marking parameter $post as nullable is deprecated, the explicit nullable type must be used instead in /wordpress/wp-content/plugins/learnpress/inc/custom-post-types/abstract.php on line 552
[25-Apr-2025 06:43:45 UTC] PHP Deprecated:  LP_Course_Post_Type::save_post(): Implicitly marking parameter $post as nullable is deprecated, the explicit nullable type must be used instead in /wordpress/wp-content/plugins/learnpress/inc/custom-post-types/course.php on line 468
[25-Apr-2025 06:43:45 UTC] PHP Deprecated:  LP_Lesson_Post_Type::save_post(): Implicitly marking parameter $post as nullable is deprecated, the explicit nullable type must be used instead in /wordpress/wp-content/plugins/learnpress/inc/custom-post-types/lesson.php on line 57
[25-Apr-2025 06:43:45 UTC] PHP Deprecated:  LP_Quiz_Post_Type::save_post(): Implicitly marking parameter $post as nullable is deprecated, the explicit nullable type must be used instead in /wordpress/wp-content/plugins/learnpress/inc/custom-post-types/quiz.php on line 478
[25-Apr-2025 06:43:45 UTC] PHP Deprecated:  LP_Question_Post_Type::save_post(): Implicitly marking parameter $post as nullable is deprecated, the explicit nullable type must be used instead in /wordpress/wp-content/plugins/learnpress/inc/custom-post-types/question.php on line 276
[25-Apr-2025 06:43:45 UTC] PHP Deprecated:  LP_Order_Post_Type::save_post(): Implicitly marking parameter $post as nullable is deprecated, the explicit nullable type must be used instead in /wordpress/wp-content/plugins/learnpress/inc/custom-post-types/order.php on line 135
[25-Apr-2025 06:43:45 UTC] PHP Deprecated:  Block_Template_Handle::edit_block_file_template(): Implicitly marking parameter $template as nullable is deprecated, the explicit nullable type must be used instead in /wordpress/wp-content/plugins/learnpress/inc/block-template/class-block-template-handle.php on line 130
[25-Apr-2025 06:43:45 UTC] WordPress database error <div style="clear:both">&nbsp;</div>
<div class="queries" style="clear:both;margin-bottom:2px;border:red dotted thin;">
<p>MySQL query:</p>
<p>
		CREATE TABLE IF NOT EXISTS wp_learnpress_sessions (
			session_id bigint(20) NOT NULL AUTO_INCREMENT,
			session_key char(32) NOT NULL,
			session_value longtext NOT NULL,
			session_expiry bigint(20) NOT NULL,
			UNIQUE KEY session_id (session_id),
			PRIMARY KEY (session_key)
		) ;
	</p>
<p>Queries made or created this session were:</p>
<ol>
<li>Executing: BEGIN | (no parameters)</li>
<li>Executing: ROLLBACK | (no parameters)</li>
</ol>
</div>
<div style="clear:both;margin-bottom:2px;border:red dotted thin;" class="error_message" style="border-bottom:dotted blue thin;">
Error occurred at line 4117 in Function <code>handle_error</code>. Error message was: Cannot combine AUTOINCREMENT and multiple primary keys in SQLite.
</div>
<p>Backtrace:</p>
<pre>#0 /internal/shared/sqlite-database-integration/wp-includes/sqlite/class-wp-sqlite-db.php(287): WP_SQLite_Translator->get_error_message()
#1 /wordpress/wp-content/plugins/learnpress/inc/class-lp-install.php(117): WP_SQLite_DB->query('\n\t\tCREATE TABLE...')
#2 /wordpress/wp-content/plugins/learnpress/inc/class-lp-install.php(83): LP_Install->create_tables()
#3 /wordpress/wp-content/plugins/learnpress/learnpress.php(733): LP_Install->on_activate()
#4 /wordpress/wp-includes/class-wp-hook.php(324): LearnPress->on_activate(false)
#5 /wordpress/wp-includes/class-wp-hook.php(348): WP_Hook->apply_filters('', Array)
#6 /wordpress/wp-includes/plugin.php(517): WP_Hook->do_action(Array)
#7 /wordpress/wp-admin/includes/plugin.php(703): do_action('activate_learnp...', false)
#8 /internal/eval.php(20): activate_plugin('learnpress/lear...')
#9 {main}</pre>
 for query 
		CREATE TABLE IF NOT EXISTS wp_learnpress_sessions (
			session_id bigint(20) NOT NULL AUTO_INCREMENT,
			session_key char(32) NOT NULL,
			session_value longtext NOT NULL,
			session_expiry bigint(20) NOT NULL,
			UNIQUE KEY session_id (session_id),
			PRIMARY KEY (session_key)
		) ;
	 made by activate_plugin, do_action('activate_learnpress/learnpress.php'), WP_Hook->do_action, WP_Hook->apply_filters, LearnPress->on_activate, LP_Install->on_activate, LP_Install->create_tables, WP_SQLite_DB->query, WP_SQLite_DB->print_error
[25-Apr-2025 06:43:47 UTC] PHP Deprecated:  LP_Course_DB::get_item_ids_unassigned(): Implicitly marking parameter $filter as nullable is deprecated, the explicit nullable type must be used instead in /wordpress/wp-content/plugins/learnpress/inc/Databases/class-lp-course-db.php on line 435
[25-Apr-2025 06:43:47 UTC] PHP Deprecated:  LP_Question_DB::get_questions_not_assign_quiz(): Implicitly marking parameter $filter as nullable is deprecated, the explicit nullable type must be used instead in /wordpress/wp-content/plugins/learnpress/inc/Databases/class-lp-question-db.php on line 52
[25-Apr-2025 06:43:47 UTC] PHP Deprecated:  LP_Question_DB::get_total_question_unassigned(): Implicitly marking parameter $filter as nullable is deprecated, the explicit nullable type must be used instead in /wordpress/wp-content/plugins/learnpress/inc/Databases/class-lp-question-db.php on line 78
[25-Apr-2025 06:43:47 UTC] PHP Deprecated:  LP_Question_DB::get_list_question_ids_of_quiz(): Implicitly marking parameter $filter as nullable is deprecated, the explicit nullable type must be used instead in /wordpress/wp-content/plugins/learnpress/inc/Databases/class-lp-question-db.php on line 102
[25-Apr-2025 06:43:47 UTC] PHP Deprecated:  LP_Abstract_Post_Type::_do_save_post(): Implicitly marking parameter $post as nullable is deprecated, the explicit nullable type must be used instead in /wordpress/wp-content/plugins/learnpress/inc/custom-post-types/abstract.php on line 189
[25-Apr-2025 06:43:47 UTC] PHP Deprecated:  LP_Abstract_Post_Type::save_post(): Implicitly marking parameter $post as nullable is deprecated, the explicit nullable type must be used instead in /wordpress/wp-content/plugins/learnpress/inc/custom-post-types/abstract.php on line 223
[25-Apr-2025 06:43:47 UTC] PHP Deprecated:  LP_Abstract_Post_Type::after_insert_post(): Implicitly marking parameter $post as nullable is deprecated, the explicit nullable type must be used instead in /wordpress/wp-content/plugins/learnpress/inc/custom-post-types/abstract.php on line 253
[25-Apr-2025 06:43:47 UTC] PHP Deprecated:  LP_Abstract_Post_Type::_before_delete_post(): Implicitly marking parameter $post as nullable is deprecated, the explicit nullable type must be used instead in /wordpress/wp-content/plugins/learnpress/inc/custom-post-types/abstract.php on line 267
[25-Apr-2025 06:43:47 UTC] PHP Deprecated:  LP_Abstract_Post_Type::maybe_remove_assigned(): Implicitly marking parameter $post as nullable is deprecated, the explicit nullable type must be used instead in /wordpress/wp-content/plugins/learnpress/inc/custom-post-types/abstract.php on line 552
[25-Apr-2025 06:43:47 UTC] PHP Deprecated:  LP_Course_Post_Type::save_post(): Implicitly marking parameter $post as nullable is deprecated, the explicit nullable type must be used instead in /wordpress/wp-content/plugins/learnpress/inc/custom-post-types/course.php on line 468
[25-Apr-2025 06:43:47 UTC] PHP Deprecated:  LP_Lesson_Post_Type::save_post(): Implicitly marking parameter $post as nullable is deprecated, the explicit nullable type must be used instead in /wordpress/wp-content/plugins/learnpress/inc/custom-post-types/lesson.php on line 57
[25-Apr-2025 06:43:47 UTC] PHP Deprecated:  LP_Quiz_Post_Type::save_post(): Implicitly marking parameter $post as nullable is deprecated, the explicit nullable type must be used instead in /wordpress/wp-content/plugins/learnpress/inc/custom-post-types/quiz.php on line 478
[25-Apr-2025 06:43:47 UTC] PHP Deprecated:  LP_Question_Post_Type::save_post(): Implicitly marking parameter $post as nullable is deprecated, the explicit nullable type must be used instead in /wordpress/wp-content/plugins/learnpress/inc/custom-post-types/question.php on line 276
[25-Apr-2025 06:43:47 UTC] PHP Deprecated:  LP_Order_Post_Type::save_post(): Implicitly marking parameter $post as nullable is deprecated, the explicit nullable type must be used instead in /wordpress/wp-content/plugins/learnpress/inc/custom-post-types/order.php on line 135
[25-Apr-2025 06:43:48 UTC] PHP Deprecated:  Block_Template_Handle::edit_block_file_template(): Implicitly marking parameter $template as nullable is deprecated, the explicit nullable type must be used instead in /wordpress/wp-content/plugins/learnpress/inc/block-template/class-block-template-handle.php on line 130
[25-Apr-2025 06:43:48 UTC] WordPress database error <div style="clear:both">&nbsp;</div>
<div class="queries" style="clear:both;margin-bottom:2px;border:red dotted thin;">
<p>MySQL query:</p>
<p>SELECT session_key,session_value FROM wp_learnpress_sessions AS ss
		
		WHERE 1=1 AND session_key = 'g-680b2f243ad68'
		
		
		LIMIT 0, 1
		</p>
<p>Queries made or created this session were:</p>
<ol>
<li>Executing: BEGIN | (no parameters)</li>
<li>Executing: SELECT session_key,session_value FROM wp_learnpress_sessions AS ss
		
		WHERE 1=1 AND session_key = :param0 
		
		
		LIMIT 0, 1
		 | parameters: g-680b2f243ad68</li>
<li>Executing: ROLLBACK | (no parameters)</li>
</ol>
</div>
<div style="clear:both;margin-bottom:2px;border:red dotted thin;" class="error_message" style="border-bottom:dotted blue thin;">
Error occurred at line 4117 in Function <code>handle_error</code>. Error message was: SQLSTATE[HY000]: General error: 1 no such table: wp_learnpress_sessions.
</div>
<p>Backtrace:</p>
<pre>#0 /internal/shared/sqlite-database-integration/wp-includes/sqlite/class-wp-sqlite-db.php(287): WP_SQLite_Translator->get_error_message()
#1 /wordpress/wp-includes/class-wpdb.php(3146): WP_SQLite_DB->query('SELECT session_...')
#2 /wordpress/wp-content/plugins/learnpress/inc/Databases/class-lp-db.php(702): wpdb->get_results('SELECT session_...')
#3 /wordpress/wp-content/plugins/learnpress/inc/Databases/class-lp-sessions-db.php(64): LP_Database->execute(Object(LP_Session_Filter))
#4 /wordpress/wp-content/plugins/learnpress/inc/class-lp-session-handler.php(322): LP_Sessions_DB->get_sessions(Object(LP_Session_Filter))
#5 /wordpress/wp-content/plugins/learnpress/inc/class-lp-session-handler.php(186): LP_Session_Handler->get_session_by_customer_id('g-680b2f243ad68')
#6 /wordpress/wp-content/plugins/learnpress/inc/class-lp-session-handler.php(94): LP_Session_Handler->get_session_data()
#7 /wordpress/wp-content/plugins/learnpress/inc/class-lp-session-handler.php(50): LP_Session_Handler->init()
#8 /wordpress/wp-content/plugins/learnpress/inc/class-lp-session-handler.php(417): LP_Session_Handler->__construct()
#9 /wordpress/wp-content/plugins/learnpress/learnpress.php(792): LP_Session_Handler::instance()
#10 /wordpress/wp-content/plugins/learnpress/learnpress.php(560): LearnPress->get_session()
#11 /wordpress/wp-includes/class-wp-hook.php(324): LearnPress->lp_main_handle('')
#12 /wordpress/wp-includes/class-wp-hook.php(348): WP_Hook->apply_filters('', Array)
#13 /wordpress/wp-includes/plugin.php(517): WP_Hook->do_action(Array)
#14 /wordpress/wp-settings.php(727): do_action('init')
#15 /wordpress/wp-config.php(102): require_once('/wordpress/wp-s...')
#16 /wordpress/wp-load.php(50): require_once('/wordpress/wp-c...')
#17 /internal/eval.php(3): require_once('/wordpress/wp-l...')
#18 {main}</pre>
 for query SELECT session_key,session_value FROM wp_learnpress_sessions AS ss
		
		WHERE 1=1 AND session_key = 'g-680b2f243ad68'
		
		
		LIMIT 0, 1
		 made by require_once('wp-load.php'), require_once('wp-config.php'), require_once('wp-settings.php'), do_action('init'), WP_Hook->do_action, WP_Hook->apply_filters, LearnPress->lp_main_handle, LearnPress->get_session, LP_Session_Handler::instance, LP_Session_Handler->__construct, LP_Session_Handler->init, LP_Session_Handler->get_session_data, LP_Session_Handler->get_session_by_customer_id, LP_Sessions_DB->get_sessions, LP_Database->execute, WP_SQLite_DB->query, WP_SQLite_DB->print_error
[25-Apr-2025 06:43:48 UTC] <div style="clear:both">&nbsp;</div>
<div class="queries" style="clear:both;margin-bottom:2px;border:red dotted thin;">
<p>MySQL query:</p>
<p>SELECT session_key,session_value FROM wp_learnpress_sessions AS ss
		
		WHERE 1=1 AND session_key = 'g-680b2f243ad68'
		
		
		LIMIT 0, 1
		</p>
<p>Queries made or created this session were:</p>
<ol>
<li>Executing: BEGIN | (no parameters)</li>
<li>Executing: SELECT session_key,session_value FROM wp_learnpress_sessions AS ss
		
		WHERE 1=1 AND session_key = :param0 
		
		
		LIMIT 0, 1
		 | parameters: g-680b2f243ad68</li>
<li>Executing: ROLLBACK | (no parameters)</li>
</ol>
</div>
<div style="clear:both;margin-bottom:2px;border:red dotted thin;" class="error_message" style="border-bottom:dotted blue thin;">
Error occurred at line 4117 in Function <code>handle_error</code>. Error message was: SQLSTATE[HY000]: General error: 1 no such table: wp_learnpress_sessions.
</div>
<p>Backtrace:</p>
<pre>#0 /internal/shared/sqlite-database-integration/wp-includes/sqlite/class-wp-sqlite-db.php(287): WP_SQLite_Translator->get_error_message()
#1 /wordpress/wp-includes/class-wpdb.php(3146): WP_SQLite_DB->query('SELECT session_...')
#2 /wordpress/wp-content/plugins/learnpress/inc/Databases/class-lp-db.php(702): wpdb->get_results('SELECT session_...')
#3 /wordpress/wp-content/plugins/learnpress/inc/Databases/class-lp-sessions-db.php(64): LP_Database->execute(Object(LP_Session_Filter))
#4 /wordpress/wp-content/plugins/learnpress/inc/class-lp-session-handler.php(322): LP_Sessions_DB->get_sessio
