file:///home/runner/work/playground-tester/playground-tester/node_modules/@wp-playground/cli/index.js:237
        throw new Error(y, { cause: u });
              ^

Error: [22-May-2025 06:59:12 UTC] PHP Fatal error:  Uncaught Error: Call to undefined function create_function() in /wordpress/wp-content/plugins/multiple-sidebars/widget.php:59
Stack trace:
#0 /wordpress/wp-content/plugins/multiple-sidebars/multiple-sidebars.php(38): include_once()
#1 /wordpress/wp-admin/includes/plugin.php(2387): include_once('/wordpress/wp-c...')
#2 /wordpress/wp-admin/includes/plugin.php(673): plugin_sandbox_scrape('multiple-sideba...')
#3 /internal/eval.php(20): activate_plugin('multiple-sideba...')
#4 {main}
  thrown in /wordpress/wp-content/plugins/multiple-sidebars/widget.php on line 59
[22-May-2025 06:59:20 UTC] PHP Fatal error:  Uncaught Error: Call to undefined function create_function() in /wordpress/wp-content/plugins/multiple-sidebars/widget.php:59
Stack trace:
#0 /wordpress/wp-content/plugins/multiple-sidebars/multiple-sidebars.php(38): include_once()
#1 /wordpress/wp-admin/includes/plugin.php(2387): include_once('/wordpress/wp-c...')
#2 /wordpress/wp-admin/includes/plugin.php(673): plugin_sandbox_scrape('multiple-sideba...')
#3 /internal/eval.php(20): activate_plugin('multiple-sideba...')
#4 {main}
  thrown in /wordpress/wp-content/plugins/multiple-sidebars/widget.php on line 59
[22-May-2025 06:59:28 UTC] PHP Fatal error:  Uncaught Error: Call to undefined function create_function() in /wordpress/wp-content/plugins/multiple-sidebars/widget.php:59
Stack trace:
#0 /wordpress/wp-content/plugins/multiple-sidebars/multiple-sidebars.php(38): include_once()
#1 /wordpress/wp-admin/includes/plugin.php(2387): include_once('/wordpress/wp-c...')
#2 /wordpress/wp-admin/includes/plugin.php(673): plugin_sandbox_scrape('multiple-sideba...')
#3 /internal/eval.php(20): activate_plugin('multiple-sideba...')
#4 {main}
  thrown in /wordpress/wp-content/plugins/multiple-sidebars/widget.php on line 59
[22-May-2025 06:59:38 UTC] PHP Fatal error:  Uncaught Error: Undefined constant "MURM_TEXTDOMAIN" in /wordpress/wp-content/plugins/multisite-ads/multisite-ads.php:36
Stack trace:
#0 /wordpress/wp-includes/class-wp-hook.php(324): ew_load_textdomain('')
#1 /wordpress/wp-includes/class-wp-hook.php(348): WP_Hook->apply_filters(NULL, Array)
#2 /wordpress/wp-includes/plugin.php(517): WP_Hook->do_action(Array)
#3 /wordpress/wp-settings.php(727): do_action('init')
#4 /wordpress/wp-config.php(102): require_once('/wordpress/wp-s...')
#5 /wordpress/wp-load.php(50): require_once('/wordpress/wp-c...')
#6 /internal/eval.php(3): require_once('/wordpress/wp-l...')
#7 {main}
  thrown in /wordpress/wp-content/plugins/multisite-ads/multisite-ads.php on line 36
[22-May-2025 06:59:47 UTC] PHP Fatal error:  Uncaught Error: Undefined constant "MURM_TEXTDOMAIN" in /wordpress/wp-content/plugins/multisite-ads/multisite-ads.php:36
Stack trace:
#0 /wordpress/wp-includes/class-wp-hook.php(324): ew_load_textdomain('')
#1 /wordpress/wp-includes/class-wp-hook.php(348): WP_Hook->apply_filters(NULL, Array)
#2 /wordpress/wp-includes/plugin.php(517): WP_Hook->do_action(Array)
#3 /wordpress/wp-settings.php(727): do_action('init')
#4 /wordpress/wp-config.php(102): require_once('/wordpress/wp-s...')
#5 /wordpress/wp-load.php(50): require_once('/wordpress/wp-c...')
#6 /internal/eval.php(3): require_once('/wordpress/wp-l...')
#7 {main}
  thrown in /wordpress/wp-content/plugins/multisite-ads/multisite-ads.php on line 36
[22-May-2025 06:59:56 UTC] PHP Fatal error:  Uncaught Error: Undefined constant "MURM_TEXTDOMAIN" in /wordpress/wp-content/plugins/multisite-ads/multisite-ads.php:36
Stack trace:
#0 /wordpress/wp-includes/class-wp-hook.php(324): ew_load_textdomain('')
#1 /wordpress/wp-includes/class-wp-hook.php(348): WP_Hook->apply_filters(NULL, Array)
#2 /wordpress/wp-includes/plugin.php(517): WP_Hook->do_action(Array)
#3 /wordpress/wp-settings.php(727): do_action('init')
#4 /wordpress/wp-config.php(102): require_once('/wordpress/wp-s...')
#5 /wordpress/wp-load.php(50): require_once('/wordpress/wp-c...')
#6 /internal/eval.php(3): require_once('/wordpress/wp-l...')
#7 {main}
  thrown in /wordpress/wp-content/plugins/multisite-ads/multisite-ads.php on line 36
[22-May-2025 07:01:29 UTC] PHP Fatal error:  Uncaught Error: Undefined constant "show_md_slider_on_page" in /wordpress/wp-content/plugins/md-responsive-jquery-slider/index.php:337
Stack trace:
#0 /wordpress/wp-admin/includes/plugin.php(2387): include_once()
#1 /wordpress/wp-admin/includes/plugin.php(673): plugin_sandbox_scrape('md-responsive-j...')
#2 /internal/eval.php(20): activate_plugin('md-responsive-j...')
#3 {main}
  thrown in /wordpress/wp-content/plugins/md-responsive-jquery-slider/index.php on line 337
[22-May-2025 07:01:38 UTC] PHP Fatal error:  Uncaught Error: Undefined constant "show_md_slider_on_page" in /wordpress/wp-content/plugins/md-responsive-jquery-slider/index.php:337
Stack trace:
#0 /wordpress/wp-admin/includes/plugin.php(2387): include_once()
#1 /wordpress/wp-admin/includes/plugin.php(673): plugin_sandbox_scrape('md-responsive-j...')
#2 /internal/eval.php(20): activate_plugin('md-responsive-j...')
#3 {main}
  thrown in /wordpress/wp-content/plugins/md-responsive-jquery-slider/index.php on line 337
[22-May-2025 07:01:46 UTC] PHP Fatal error:  Uncaught Error: Undefined constant "show_md_slider_on_page" in /wordpress/wp-content/plugins/md-responsive-jquery-slider/index.php:337
Stack trace:
#0 /wordpress/wp-admin/includes/plugin.php(2387): include_once()
#1 /wordpress/wp-admin/includes/plugin.php(673): plugin_sandbox_scrape('md-responsive-j...')
#2 /internal/eval.php(20): activate_plugin('md-responsive-j...')
#3 {main}
  thrown in /wordpress/wp-content/plugins/md-responsive-jquery-slider/index.php on line 337
[22-May-2025 07:01:56 UTC] PHP Notice:  Function _load_textdomain_just_in_time was called <strong>incorrectly</strong>. Translation loading for the <code>media-slider</code> domain was triggered too early. This is usually an indicator for some code in the plugin or theme running too early. Translations should be loaded at the <code>init</code> action or later. Please see <a href="https://developer.wordpress.org/advanced-administration/debug/debug-wordpress/">Debugging in WordPress</a> for more information. (This message was added in version 6.7.0.) in /wordpress/wp-includes/functions.php on line 6121
[22-May-2025 07:02:06 UTC] PHP Notice:  Function _load_textdomain_just_in_time was called <strong>incorrectly</strong>. Translation loading for the <code>media-slider</code> domain was triggered too early. This is usually an indicator for some code in the plugin or theme running too early. Translations should be loaded at the <code>init</code> action or later. Please see <a href="https://developer.wordpress.org/advanced-administration/debug/debug-wordpress/">Debugging in WordPress</a> for more information. (This message was added in version 6.7.0.) in /wordpress/wp-includes/functions.php on line 6121
[22-May-2025 07:02:15 UTC] PHP Notice:  Function _load_textdomain_just_in_time was called <strong>incorrectly</strong>. Translation loading for the <code>media-slider</code> domain was triggered too early. This is usually an indicator for some code in the plugin or theme running too early. Translations should be loaded at the <code>init</code> action or later. Please see <a href="https://developer.wordpress.org/advanced-administration/debug/debug-wordpress/">Debugging in WordPress</a> for more information. (This message was added in version 6.7.0.) in /wordpress/wp-includes/functions.php on line 6121
[22-May-2025 07:03:24 UTC] PHP Fatal error:  Uncaught Error: Call to undefined function wp_generate_attachment_metadata() in /wordpress/wp-content/plugins/mycred/includes/mycred-functions.php:4224
Stack trace:
#0 /wordpress/wp-content/plugins/mycred/includes/mycred-setup.php(72): mycred_upload_default_point_image()
#1 /wordpress/wp-content/plugins/mycred/includes/mycred-setup.php(33): myCRED_Setup->setup_default_point_type()
#2 /wordpress/wp-content/plugins/mycred/includes/mycred-install.php(94): myCRED_Setup->load()
#3 /wordpress/wp-content/plugins/mycred/includes/mycred-functions.php(3510): myCRED_Install::activate()
#4 /wordpress/wp-includes/class-wp-hook.php(324): mycred_plugin_activation(false)
#5 /wordpress/wp-includes/class-wp-hook.php(348): WP_Hook->apply_filters(NULL, Array)
#6 /wordpress/wp-includes/plugin.php(517): WP_Hook->do_action(Array)
#7 /wordpress/wp-admin/includes/plugin.php(703): do_action('activate_mycred...', false)
#8 /internal/eval.php(20): activate_plugin('mycred/mycred.p...')
#9 {main}
  thrown in /wordpress/wp-content/plugins/mycred/includes/mycred-functions.php on line 4224
[22-May-2025 07:03:37 UTC] PHP Fatal error:  Uncaught Error: Call to undefined function wp_generate_attachment_metadata() in /wordpress/wp-content/plugins/mycred/includes/mycred-functions.php:4224
Stack trace:
#0 /wordpress/wp-content/plugins/mycred/includes/mycred-setup.php(72): mycred_upload_default_point_image()
#1 /wordpress/wp-content/plugins/mycred/includes/mycred-setup.php(33): myCRED_Setup->setup_default_point_type()
#2 /wordpress/wp-content/plugins/mycred/includes/mycred-install.php(94): myCRED_Setup->load()
#3 /wordpress/wp-content/plugins/mycred/includes/mycred-functions.php(3510): myCRED_Install::activate()
#4 /wordpress/wp-includes/class-wp-hook.php(324): mycred_plugin_activation(false)
#5 /wordpress/wp-includes/class-wp-hook.php(348): WP_Hook->apply_filters(NULL, Array)
#6 /wordpress/wp-includes/plugin.php(517): WP_Hook->do_action(Array)
#7 /wordpress/wp-admin/includes/plugin.php(703): do_action('activate_mycred...', false)
#8 /internal/eval.php(20): activate_plugin('mycred/mycred.p...')
#9 {main}
  thrown in /wordpress/wp-content/plugins/mycred/includes/mycred-functions.php on line 4224
[22-May-2025 07:03:50 UTC] PHP Fatal error:  Uncaught Error: Call to undefined function wp_generate_attachment_metadata() in /wordpress/wp-content/plugins/mycred/includes/mycred-functions.php:4224
Stack trace:
#0 /wordpress/wp-content/plugins/mycred/includes/mycred-setup.php(72): mycred_upload_default_point_image()
#1 /wordpress/wp-content/plugins/mycred/includes/mycred-setup.php(33): myCRED_Setup->setup_default_point_type()
#2 /wordpress/wp-content/plugins/mycred/includes/mycred-install.php(94): myCRED_Setup->load()
#3 /wordpress/wp-content/plugins/mycred/includes/mycred-functions.php(3510): myCRED_Install::activate()
#4 /wordpress/wp-includes/class-wp-hook.php(324): mycred_plugin_activation(false)
#5 /wordpress/wp-includes/class-wp-hook.php(348): WP_Hook->apply_filters(NULL, Array)
#6 /wordpress/wp-includes/plugin.php(517): WP_Hook->do_action(Array)
#7 /wordpress/wp-admin/includes/plugin.php(703): do_action('activate_mycred...', false)
#8 /internal/eval.php(20): activate_plugin('mycred/mycred.p...')
#9 {main}
  thrown in /wordpress/wp-content/plugins/mycred/includes/mycred-functions.php on line 4224
[22-May-2025 07:05:38 UTC] PHP Warning:  Private methods cannot be final as they are never overridden by other classes in /wordpress/wp-content/plugins/meeting-truth/classes/class-meeting-truth-service.php on line 16
[22-May-2025 07:05:39 UTC] PHP Warning:  Private methods cannot be final as they are never overridden by other classes in /wordpress/wp-content/plugins/meeting-truth/classes/class-meeting-truth-service.php on line 16
[22-May-2025 07:05:47 UTC] PHP Warning:  Private methods cannot be final as they are never overridden by other classes in /wordpress/wp-content/plugins/meeting-truth/classes/class-meeting-truth-service.php on line 16
[22-May-2025 07:05:47 UTC] PHP Warning:  Private methods cannot be final as they are never overridden by other classes in /wordpress/wp-content/plugins/meeting-truth/classes/class-meeting-truth-service.php on line 16
[22-May-2025 07:05:55 UTC] PHP Warning:  Private methods cannot be final as they are never overridden by other classes in /wordpress/wp-content/plugins/meeting-truth/classes/class-meeting-truth-service.php on line 16
[22-May-2025 07:05:56 UTC] PHP Warning:  Private methods cannot be final as they are never overridden by other classes in /wordpress/wp-content/plugins/meeting-truth/classes/class-meeting-truth-service.php on line 16

    at Object.onBind (file:///home/runner/work/playground-tester/playground-tester/node_modules/@wp-playground/cli/index.js:237:15)
    at process.processTicksAndRejections (node:internal/process/task_queues:105:5)
    at async V (file:///home/runner/work/playground-tester/playground-tester/node_modules/@wp-playground/cli/index.js:64:10)
    at async ja (file:///home/runner/work/playground-tester/playground-tester/node_modules/@wp-playground/cli/cli.js:8161:12) {
  [cause]: Error: Error when executing the blueprint step #5 ({"step":"installPlugin","pluginData":{"resource":"wordpress.org/plugins","slug":"merlins-wordpress-mover"},"options":{"activate":true}}) : Could not download "https://downloads.wordpress.org/plugin/merlins-wordpress-mover.latest-stable.zip".
  				Check if the URL is correct and the server is reachable.
  				If it is reachable, the server might be blocking the request.
  				Check the browser console and network tabs for more information.
  
  				## Does the console show the error "No 'Access-Control-Allow-Origin' header"?
  
  				This means the server that hosts your file does not allow requests from other sites
  				(cross-origin requests, or CORS).	You need to move the asset to a server that allows
  				cross-origin file downloads. Learn more about CORS at
  				https://developer.mozilla.org/en-US/docs/Web/HTTP/CORS.
  
  				If your file is on GitHub, load it from "raw.githubusercontent.com".
  				Here's how to do that:
  
  				1. Start with the original GitHub URL of the file. For example:
  				https://github.com/username/repository/blob/branch/filename.
  				2. Replace "github.com" with "raw.githubusercontent.com".
  				3. Remove the "/blob/" part of the URL.
  
  				The resulting URL should look like this:
  				https://raw.githubusercontent.com/username/repository/branch/filename
  
  				Error:
  				Error: Could not download "https://downloads.wordpress.org/plugin/merlins-wordpress-mover.latest-stable.zip"
      at Object.run (file:///home/runner/work/playground-tester/playground-tester/node_modules/@wp-playground/blueprints/index.js:12449:19)
      at process.processTicksAndRejections (node:internal/process/task_queues:105:5)
      at async ms (file:///home/runner/work/playground-tester/playground-tester/node_modules/@wp-playground/blueprints/index.js:12552:3)
      at async Object.onBind (file:///home/runner/work/playground-tester/playground-tester/node_modules/@wp-playground/cli/index.js:227:48)
      at async V (file:///home/runner/work/playground-tester/playground-tester/node_modules/@wp-playground/cli/index.js:64:10)
      at async ja (file:///home/runner/work/playground-tester/playground-tester/node_modules/@wp-playground/cli/cli.js:8161:12) {
    [cause]: Error: Could not download "https://downloads.wordpress.org/plugin/merlins-wordpress-mover.latest-stable.zip".
    				Check if the URL is correct and the server is reachable.
    				If it is reachable, the server might be blocking the request.
    				Check the browser console and network tabs for more information.
    
    				## Does the console show the error "No 'Access-Control-Allow-Origin' header"?
    
    				This means the server that hosts your file does not allow requests from other sites
    				(cross-origin requests, or CORS).	You need to move the asset to a server that allows
    				cross-origin file downloads. Learn more about CORS at
    				https://developer.mozilla.org/en-US/docs/Web/HTTP/CORS.
    
    				If your file is on GitHub, load it from "raw.githubusercontent.com".
    				Here's how to do that:
    
    				1. Start with the original GitHub URL of the file. For example:
    				https://github.com/username/repository/blob/branch/filename.
    				2. Replace "github.com" with "raw.githubusercontent.com".
    				3. Remove the "/blob/" part of the URL.
    
    				The resulting URL should look like this:
    				https://raw.githubusercontent.com/username/repository/branch/filename
    
    				Error:
    				Error: Could not download "https://downloads.wordpress.org/plugin/merlins-wordpress-mover.latest-stable.zip"
        at Ct.resolve (file:///home/runner/work/playground-tester/playground-tester/node_modules/@wp-playground/blueprints/index.js:1472:13)
        at process.processTicksAndRejections (node:internal/process/task_queues:105:5)
        at async _.run (file:///home/runner/work/playground-tester/playground-tester/node_modules/@php-wasm/util/index.js:45:14)
  }
}

Node.js v23.11.0
