file:///home/runner/work/playground-tester/playground-tester/node_modules/@wp-playground/cli/index.js:237
        throw new Error(y, { cause: u });
              ^

Error: [12-May-2025 15:51:40 UTC] PHP Fatal error:  Uncaught Error: Call to undefined function create_function() in /wordpress/wp-content/plugins/foma-news/foma-news.php:430
Stack trace:
#0 /wordpress/wp-admin/includes/plugin.php(2387): include_once()
#1 /wordpress/wp-admin/includes/plugin.php(673): plugin_sandbox_scrape('foma-news/foma-...')
#2 /internal/eval.php(20): activate_plugin('foma-news/foma-...')
#3 {main}
  thrown in /wordpress/wp-content/plugins/foma-news/foma-news.php on line 430
[12-May-2025 15:51:48 UTC] PHP Fatal error:  Uncaught Error: Call to undefined function create_function() in /wordpress/wp-content/plugins/foma-news/foma-news.php:430
Stack trace:
#0 /wordpress/wp-admin/includes/plugin.php(2387): include_once()
#1 /wordpress/wp-admin/includes/plugin.php(673): plugin_sandbox_scrape('foma-news/foma-...')
#2 /internal/eval.php(20): activate_plugin('foma-news/foma-...')
#3 {main}
  thrown in /wordpress/wp-content/plugins/foma-news/foma-news.php on line 430
[12-May-2025 15:51:56 UTC] PHP Fatal error:  Uncaught Error: Call to undefined function create_function() in /wordpress/wp-content/plugins/foma-news/foma-news.php:430
Stack trace:
#0 /wordpress/wp-admin/includes/plugin.php(2387): include_once()
#1 /wordpress/wp-admin/includes/plugin.php(673): plugin_sandbox_scrape('foma-news/foma-...')
#2 /internal/eval.php(20): activate_plugin('foma-news/foma-...')
#3 {main}
  thrown in /wordpress/wp-content/plugins/foma-news/foma-news.php on line 430
[12-May-2025 15:52:05 UTC] PHP Deprecated:  WP_SQLite_Information_Schema_Exception::__construct(): Implicitly marking parameter $previous as nullable is deprecated, the explicit nullable type must be used instead in /internal/shared/sqlite-database-integration/wp-includes/sqlite-ast/class-wp-sqlite-information-schema-exception.php on line 37
[12-May-2025 15:52:07 UTC] PHP Deprecated:  WP_SQLite_Information_Schema_Exception::__construct(): Implicitly marking parameter $previous as nullable is deprecated, the explicit nullable type must be used instead in /internal/shared/sqlite-database-integration/wp-includes/sqlite-ast/class-wp-sqlite-information-schema-exception.php on line 37
[12-May-2025 15:52:08 UTC] PHP Deprecated:  WP_SQLite_Information_Schema_Exception::__construct(): Implicitly marking parameter $previous as nullable is deprecated, the explicit nullable type must be used instead in /internal/shared/sqlite-database-integration/wp-includes/sqlite-ast/class-wp-sqlite-information-schema-exception.php on line 37
[12-May-2025 15:52:22 UTC] WordPress database error <div style="clear:both">&nbsp;</div>
<div class="queries" style="clear:both;margin-bottom:2px;border:red dotted thin;">
<p>MySQL query:</p>
<p>ALTER TABLE `wp_trustindex_facebook_reviews` ADD highlight VARCHAR(11) NULL AFTER rating</p>
<p>Queries made or created this session were:</p>
<ol>
<li>Executing: BEGIN | (no parameters)</li>
<li>Executing: INSERT INTO _mysql_data_types_cache (`table`, `column_or_index`, `mysql_type`)
				VALUES (:table, :column, :datatype)
				ON CONFLICT(`table`, `column_or_index`) DO UPDATE SET `mysql_type` = :datatype
			 | parameters: wp_trustindex_facebook_reviews, HIGHLIGHT, varchar(11)</li>
<li>Executing: ALTER TABLE wp_trustindex_facebook_reviews ADD highlight text NULL   | (no parameters)</li>
<li>Executing: ROLLBACK | (no parameters)</li>
</ol>
</div>
<div style="clear:both;margin-bottom:2px;border:red dotted thin;" class="error_message" style="border-bottom:dotted blue thin;">
Error occurred at line 4117 in Function <code>handle_error</code>. Error message was: SQLSTATE[HY000]: General error: 1 duplicate column name: highlight.
</div>
<p>Backtrace:</p>
<pre>#0 /internal/shared/sqlite-database-integration/wp-includes/sqlite/class-wp-sqlite-db.php(287): WP_SQLite_Translator->get_error_message()
#1 /wordpress/wp-content/plugins/free-facebook-reviews-and-recommendations-widgets/include/update.php(10): WP_SQLite_DB->query('ALTER TABLE `wp...')
#2 /wordpress/wp-content/plugins/free-facebook-reviews-and-recommendations-widgets/trustindex-plugin.class.php(227): include('/wordpress/wp-c...')
#3 /wordpress/wp-includes/class-wp-hook.php(324): TrustindexPlugin_facebook->load('')
#4 /wordpress/wp-includes/class-wp-hook.php(348): WP_Hook->apply_filters(NULL, Array)
#5 /wordpress/wp-includes/plugin.php(517): WP_Hook->do_action(Array)
#6 /wordpress/wp-settings.php(578): do_action('plugins_loaded')
#7 /wordpress/wp-config.php(102): require_once('/wordpress/wp-s...')
#8 /wordpress/wp-load.php(50): require_once('/wordpress/wp-c...')
#9 /internal/eval.php(3): require_once('/wordpress/wp-l...')
#10 {main}</pre>
 for query ALTER TABLE `wp_trustindex_facebook_reviews` ADD highlight VARCHAR(11) NULL AFTER rating made by require_once('wp-load.php'), require_once('wp-config.php'), require_once('wp-settings.php'), do_action('plugins_loaded'), WP_Hook->do_action, WP_Hook->apply_filters, TrustindexPlugin_facebook->load, include('/plugins/free-facebook-reviews-and-recommendations-widgets/include/update.php'), WP_SQLite_DB->query, WP_SQLite_DB->print_error
[12-May-2025 15:52:22 UTC] WordPress database error <div style="clear:both">&nbsp;</div>
<div class="queries" style="clear:both;margin-bottom:2px;border:red dotted thin;">
<p>MySQL query:</p>
<p>ALTER TABLE `wp_trustindex_facebook_reviews` ADD reply TEXT CHARACTER SET utf8mb4 COLLATE utf8mb4_general_ci NULL AFTER date</p>
<p>Queries made or created this session were:</p>
<ol>
<li>Executing: BEGIN | (no parameters)</li>
<li>Executing: INSERT INTO _mysql_data_types_cache (`table`, `column_or_index`, `mysql_type`)
				VALUES (:table, :column, :datatype)
				ON CONFLICT(`table`, `column_or_index`) DO UPDATE SET `mysql_type` = :datatype
			 | parameters: wp_trustindex_facebook_reviews, REPLY, text</li>
<li>Executing: ALTER TABLE wp_trustindex_facebook_reviews ADD reply text CHARACTER SET utf8mb4 COLLATE utf8mb4_general_ci NULL   | (no parameters)</li>
<li>Executing: ROLLBACK | (no parameters)</li>
</ol>
</div>
<div style="clear:both;margin-bottom:2px;border:red dotted thin;" class="error_message" style="border-bottom:dotted blue thin;">
Error occurred at line 4117 in Function <code>handle_error</code>. Error message was: SQLSTATE[HY000]: General error: 1 near "SET": syntax error.
</div>
<p>Backtrace:</p>
<pre>#0 /internal/shared/sqlite-database-integration/wp-includes/sqlite/class-wp-sqlite-db.php(287): WP_SQLite_Translator->get_error_message()
#1 /wordpress/wp-content/plugins/free-facebook-reviews-and-recommendations-widgets/include/update.php(14): WP_SQLite_DB->query('ALTER TABLE `wp...')
#2 /wordpress/wp-content/plugins/free-facebook-reviews-and-recommendations-widgets/trustindex-plugin.class.php(227): include('/wordpress/wp-c...')
#3 /wordpress/wp-includes/class-wp-hook.php(324): TrustindexPlugin_facebook->load('')
#4 /wordpress/wp-includes/class-wp-hook.php(348): WP_Hook->apply_filters(NULL, Array)
#5 /wordpress/wp-includes/plugin.php(517): WP_Hook->do_action(Array)
#6 /wordpress/wp-settings.php(578): do_action('plugins_loaded')
#7 /wordpress/wp-config.php(102): require_once('/wordpress/wp-s...')
#8 /wordpress/wp-load.php(50): require_once('/wordpress/wp-c...')
#9 /internal/eval.php(3): require_once('/wordpress/wp-l...')
#10 {main}</pre>
 for query ALTER TABLE `wp_trustindex_facebook_reviews` ADD reply TEXT CHARACTER SET utf8mb4 COLLATE utf8mb4_general_ci NULL AFTER date made by require_once('wp-load.php'), require_once('wp-config.php'), require_once('wp-settings.php'), do_action('plugins_loaded'), WP_Hook->do_action, WP_Hook->apply_filters, TrustindexPlugin_facebook->load, include('/plugins/free-facebook-reviews-and-recommendations-widgets/include/update.php'), WP_SQLite_DB->query, WP_SQLite_DB->print_error
[12-May-2025 15:52:22 UTC] WordPress database error <div style="clear:both">&nbsp;</div>
<div class="queries" style="clear:both;margin-bottom:2px;border:red dotted thin;">
<p>MySQL query:</p>
<p>ALTER TABLE `wp_trustindex_facebook_reviews` ADD reviewId TEXT NULL AFTER date</p>
<p>Queries made or created this session were:</p>
<ol>
<li>Executing: BEGIN | (no parameters)</li>
<li>Executing: INSERT INTO _mysql_data_types_cache (`table`, `column_or_index`, `mysql_type`)
				VALUES (:table, :column, :datatype)
				ON CONFLICT(`table`, `column_or_index`) DO UPDATE SET `mysql_type` = :datatype
			 | parameters: wp_trustindex_facebook_reviews, REVIEWID, text</li>
<li>Executing: ALTER TABLE wp_trustindex_facebook_reviews ADD reviewId text NULL   | (no parameters)</li>
<li>Executing: ROLLBACK | (no parameters)</li>
</ol>
</div>
<div style="clear:both;margin-bottom:2px;border:red dotted thin;" class="error_message" style="border-bottom:dotted blue thin;">
Error occurred at line 4117 in Function <code>handle_error</code>. Error message was: SQLSTATE[HY000]: General error: 1 duplicate column name: reviewId.
</div>
<p>Backtrace:</p>
<pre>#0 /internal/shared/sqlite-database-integration/wp-includes/sqlite/class-wp-sqlite-db.php(287): WP_SQLite_Translator->get_error_message()
#1 /wordpress/wp-content/plugins/free-facebook-reviews-and-recommendations-widgets/include/update.php(20): WP_SQLite_DB->query('ALTER TABLE `wp...')
#2 /wordpress/wp-content/plugins/free-facebook-reviews-and-recommendations-widgets/trustindex-plugin.class.php(227): include('/wordpress/wp-c...')
#3 /wordpress/wp-includes/class-wp-hook.php(324): TrustindexPlugin_facebook->load('')
#4 /wordpress/wp-includes/class-wp-hook.php(348): WP_Hook->apply_filters(NULL, Array)
#5 /wordpress/wp-includes/plugin.php(517): WP_Hook->do_action(Array)
#6 /wordpress/wp-settings.php(578): do_action('plugins_loaded')
#7 /wordpress/wp-config.php(102): require_once('/wordpress/wp-s...')
#8 /wordpress/wp-load.php(50): require_once('/wordpress/wp-c...')
#9 /internal/eval.php(3): require_once('/wordpress/wp-l...')
#10 {main}</pre>
 for query ALTER TABLE `wp_trustindex_facebook_reviews` ADD reviewId TEXT NULL AFTER date made by require_once('wp-load.php'), require_once('wp-config.php'), require_once('wp-settings.php'), do_action('plugins_loaded'), WP_Hook->do_action, WP_Hook->apply_filters, TrustindexPlugin_facebook->load, include('/plugins/free-facebook-reviews-and-recommendations-widgets/include/update.php'), WP_SQLite_DB->query, WP_SQLite_DB->print_error
[12-May-2025 15:52:22 UTC] WordPress database error <div style="clear:both">&nbsp;</div>
<div class="queries" style="clear:both;margin-bottom:2px;border:red dotted thin;">
<p>MySQL query:</p>
<p>ALTER TABLE `wp_trustindex_facebook_reviews` ADD hidden TINYINT(1) NOT NULL DEFAULT 0 AFTER id</p>
<p>Queries made or created this session were:</p>
<ol>
<li>Executing: BEGIN | (no parameters)</li>
<li>Executing: INSERT INTO _mysql_data_types_cache (`table`, `column_or_index`, `mysql_type`)
				VALUES (:table, :column, :datatype)
				ON CONFLICT(`table`, `column_or_index`) DO UPDATE SET `mysql_type` = :datatype
			 | parameters: wp_trustindex_facebook_reviews, HIDDEN, tinyint(1)</li>
<li>Executing: ALTER TABLE wp_trustindex_facebook_reviews ADD hidden integer NOT NULL DEFAULT 0   | (no parameters)</li>
<li>Executing: ROLLBACK | (no parameters)</li>
</ol>
</div>
<div style="clear:both;margin-bottom:2px;border:red dotted thin;" class="error_message" style="border-bottom:dotted blue thin;">
Error occurred at line 4117 in Function <code>handle_error</code>. Error message was: SQLSTATE[HY000]: General error: 1 duplicate column name: hidden.
</div>
<p>Backtrace:</p>
<pre>#0 /internal/shared/sqlite-database-integration/wp-includes/sqlite/class-wp-sqlite-db.php(287): WP_SQLite_Translator->get_error_message()
#1 /wordpress/wp-content/plugins/free-facebook-reviews-and-recommendations-widgets/include/update.php(24): WP_SQLite_DB->query('ALTER TABLE `wp...')
#2 /wordpress/wp-content/plugins/free-facebook-reviews-and-recommendations-widgets/trustindex-plugin.class.php(227): include('/wordpress/wp-c...')
#3 /wordpress/wp-includes/class-wp-hook.php(324): TrustindexPlugin_facebook->load('')
#4 /wordpress/wp-includes/class-wp-hook.php(348): WP_Hook->apply_filters(NULL, Array)
#5 /wordpress/wp-includes/plugin.php(517): WP_Hook->do_action(Array)
#6 /wordpress/wp-settings.php(578): do_action('plugins_loaded')
#7 /wordpress/wp-config.php(102): require_once('/wordpress/wp-s...')
#8 /wordpress/wp-load.php(50): require_once('/wordpress/wp-c...')
#9 /internal/eval.php(3): require_once('/wordpress/wp-l...')
#10 {main}</pre>
 for query ALTER TABLE `wp_trustindex_facebook_reviews` ADD hidden TINYINT(1) NOT NULL DEFAULT 0 AFTER id made by require_once('wp-load.php'), require_once('wp-config.php'), require_once('wp-settings.php'), do_action('plugins_loaded'), WP_Hook->do_action, WP_Hook->apply_filters, TrustindexPlugin_facebook->load, include('/plugins/free-facebook-reviews-and-recommendations-widgets/include/update.php'), WP_SQLite_DB->query, WP_SQLite_DB->print_error
[12-May-2025 15:52:35 UTC] WordPress database error <div style="clear:both">&nbsp;</div>
<div class="queries" style="clear:both;margin-bottom:2px;border:red dotted thin;">
<p>MySQL query:</p>
<p>ALTER TABLE `wp_trustindex_facebook_reviews` ADD highlight VARCHAR(11) NULL AFTER rating</p>
<p>Queries made or created this session were:</p>
<ol>
<li>Executing: BEGIN | (no parameters)</li>
<li>Executing: INSERT INTO _mysql_data_types_cache (`table`, `column_or_index`, `mysql_type`)
				VALUES (:table, :column, :datatype)
				ON CONFLICT(`table`, `column_or_index`) DO UPDATE SET `mysql_type` = :datatype
			 | parameters: wp_trustindex_facebook_reviews, HIGHLIGHT, varchar(11)</li>
<li>Executing: ALTER TABLE wp_trustindex_facebook_reviews ADD highlight text NULL   | (no parameters)</li>
<li>Executing: ROLLBACK | (no parameters)</li>
</ol>
</div>
<div style="clear:both;margin-bottom:2px;border:red dotted thin;" class="error_message" style="border-bottom:dotted blue thin;">
Error occurred at line 4117 in Function <code>handle_error</code>. Error message was: SQLSTATE[HY000]: General error: 1 duplicate column name: highlight.
</div>
<p>Backtrace:</p>
<pre>#0 /internal/shared/sqlite-database-integration/wp-includes/sqlite/class-wp-sqlite-db.php(287): WP_SQLite_Translator->get_error_message()
#1 /wordpress/wp-content/plugins/free-facebook-reviews-and-recommendations-widgets/include/update.php(10): WP_SQLite_DB->query('ALTER TABLE `wp...')
#2 /wordpress/wp-content/plugins/free-facebook-reviews-and-recommendations-widgets/trustindex-plugin.class.php(227): include('/wordpress/wp-c...')
#3 /wordpress/wp-includes/class-wp-hook.php(324): TrustindexPlugin_facebook->load('')
#4 /wordpress/wp-includes/class-wp-hook.php(348): WP_Hook->apply_filters(NULL, Array)
#5 /wordpress/wp-includes/plugin.php(517): WP_Hook->do_action(Array)
#6 /wordpress/wp-settings.php(578): do_action('plugins_loaded')
#7 /wordpress/wp-config.php(102): require_once('/wordpress/wp-s...')
#8 /wordpress/wp-load.php(50): require_once('/wordpress/wp-c...')
#9 /internal/eval.php(3): require_once('/wordpress/wp-l...')
#10 {main}</pre>
 for query ALTER TABLE `wp_trustindex_facebook_reviews` ADD highlight VARCHAR(11) NULL AFTER rating made by require_once('wp-load.php'), require_once('wp-config.php'), require_once('wp-settings.php'), do_action('plugins_loaded'), WP_Hook->do_action, WP_Hook->apply_filters, TrustindexPlugin_facebook->load, include('/plugins/free-facebook-reviews-and-recommendations-widgets/include/update.php'), WP_SQLite_DB->query, WP_SQLite_DB->print_error
[12-May-2025 15:52:35 UTC] WordPress database error <div style="clear:both">&nbsp;</div>
<div class="queries" style="clear:both;margin-bottom:2px;border:red dotted thin;">
<p>MySQL query:</p>
<p>ALTER TABLE `wp_trustindex_facebook_reviews` ADD reply TEXT CHARACTER SET utf8mb4 COLLATE utf8mb4_general_ci NULL AFTER date</p>
<p>Queries made or created this session were:</p>
<ol>
<li>Executing: BEGIN | (no parameters)</li>
<li>Executing: INSERT INTO _mysql_data_types_cache (`table`, `column_or_index`, `mysql_type`)
				VALUES (:table, :column, :datatype)
				ON CONFLICT(`table`, `column_or_index`) DO UPDATE SET `mysql_type` = :datatype
			 | parameters: wp_trustindex_facebook_reviews, REPLY, text</li>
<li>Executing: ALTER TABLE wp_trustindex_facebook_reviews ADD reply text CHARACTER SET utf8mb4 COLLATE utf8mb4_general_ci NULL   | (no parameters)</li>
<li>Executing: ROLLBACK | (no parameters)</li>
</ol>
</div>
<div style="clear:both;margin-bottom:2px;border:red dotted thin;" class="error_message" style="border-bottom:dotted blue thin;">
Error occurred at line 4117 in Function <code>handle_error</code>. Error message was: SQLSTATE[HY000]: General error: 1 near "SET": syntax error.
</div>
<p>Backtrace:</p>
<pre>#0 /internal/shared/sqlite-database-integration/wp-includes/sqlite/class-wp-sqlite-db.php(287): WP_SQLite_Translator->get_error_message()
#1 /wordpress/wp-content/plugins/free-facebook-reviews-and-recommendations-widgets/include/update.php(14): WP_SQLite_DB->query('ALTER TABLE `wp...')
#2 /wordpress/wp-content/plugins/free-facebook-reviews-and-recommendations-widgets/trustindex-plugin.class.php(227): include('/wordpress/wp-c...')
#3 /wordpress/wp-includes/class-wp-hook.php(324): TrustindexPlugin_facebook->load('')
#4 /wordpress/wp-includes/class-wp-hook.php(348): WP_Hook->apply_filters(NULL, Array)
#5 /wordpress/wp-includes/plugin.php(517): WP_Hook->do_action(Array)
#6 /wordpress/wp-settings.php(578): do_action('plugins_loaded')
#7 /wordpress/wp-config.php(102): require_once('/wordpress/wp-s...')
#8 /wordpress/wp-load.php(50): require_once('/wordpress/wp-c...')
#9 /internal/eval.php(3): require_once('/wordpress/wp-l...')
#10 {main}</pre>
 for query ALTER TABLE `wp_trustindex_facebook_reviews` ADD reply TEXT CHARACTER SET utf8mb4 COLLATE utf8mb4_general_ci NULL AFTER date made by require_once('wp-load.php'), require_once('wp-config.php'), require_once('wp-settings.php'), do_action('plugins_loaded'), WP_Hook->do_action, WP_Hook->apply_filters, TrustindexPlugin_facebook->load, include('/plugins/free-facebook-reviews-and-recommendations-widgets/include/update.php'), WP_SQLite_DB->query, WP_SQLite_DB->print_error
[12-May-2025 15:52:35 UTC] WordPress database error <div style="clear:both">&nbsp;</div>
<div class="queries" style="clear:both;margin-bottom:2px;border:red dotted thin;">
<p>MySQL query:</p>
<p>ALTER TABLE `wp_trustindex_facebook_reviews` ADD reviewId TEXT NULL AFTER date</p>
<p>Queries made or created this session were:</p>
<ol>
<li>Executing: BEGIN | (no parameters)</li>
<li>Executing: INSERT INTO _mysql_data_types_cache (`table`, `column_or_index`, `mysql_type`)
				VALUES (:table, :column, :datatype)
				ON CONFLICT(`table`, `column_or_index`) DO UPDATE SET `mysql_type` = :datatype
			 | parameters: wp_trustindex_facebook_reviews, REVIEWID, text</li>
<li>Executing: ALTER TABLE wp_trustindex_facebook_reviews ADD reviewId text NULL   | (no parameters)</li>
<li>Executing: ROLLBACK | (no parameters)</li>
</ol>
</div>
<div style="clear:both;margin-bottom:2px;border:red dotted thin;" class="error_message" style="border-bottom:dotted blue thin;">
Error occurred at line 4117 in Function <code>handle_error</code>. Error message was: SQLSTATE[HY000]: General error: 1 duplicate column name: reviewId.
</div>
<p>Backtrace:</p>
<pre>#0 /internal/shared/sqlite-database-integration/wp-includes/sqlite/class-wp-sqlite-db.php(287): WP_SQLite_Translator->get_error_message()
#1 /wordpress/wp-content/plugins/free-facebook-reviews-and-recommendations-widgets/include/update.php(20): WP_SQLite_DB->query('ALTER TABLE `wp...')
#2 /wordpress/wp-content/plugins/free-facebook-reviews-and-recommendations-widgets/trustindex-plugin.class.php(227): include('/wordpress/wp-c...')
#3 /wordpress/wp-includes/class-wp-hook.php(324): TrustindexPlugin_facebook->load('')
#4 /wordpress/wp-includes/class-wp-hook.php(348): WP_Hook->apply_filters(NULL, Array)
#5 /wordpress/wp-includes/plugin.php(517): WP_Hook->do_action(Array)
#6 /wordpress/wp-settings.php(578): do_action('plugins_loaded')
#7 /wordpress/wp-config.php(102): require_once('/wordpress/wp-s...')
#8 /wordpress/wp-load.php(50): require_once('/wordpress/wp-c...')
#9 /internal/eval.php(3): require_once('/wordpress/wp-l...')
#10 {main}</pre>
 for query ALTER TABLE `wp_trustindex_facebook_reviews` ADD reviewId TEXT NULL AFTER date made by require_once('wp-load.php'), require_once('wp-config.php'), require_once('wp-settings.php'), do_action('plugins_loaded'), WP_Hook->do_action, WP_Hook->apply_filters, TrustindexPlugin_facebook->load, include('/plugins/free-facebook-reviews-and-recommendations-widgets/include/update.php'), WP_SQLite_DB->query, WP_SQLite_DB->print_error
[12-May-2025 15:52:35 UTC] WordPress database error <div style="clear:both">&nbsp;</div>
<div class="queries" style="clear:both;margin-bottom:2px;border:red dotted thin;">
<p>MySQL query:</p>
<p>ALTER TABLE `wp_trustindex_facebook_reviews` ADD hidden TINYINT(1) NOT NULL DEFAULT 0 AFTER id</p>
<p>Queries made or created this session were:</p>
<ol>
<li>Executing: BEGIN | (no parameters)</li>
<li>Executing: INSERT INTO _mysql_data_types_cache (`table`, `column_or_index`, `mysql_type`)
				VALUES (:table, :column, :datatype)
				ON CONFLICT(`table`, `column_or_index`) DO UPDATE SET `mysql_type` = :datatype
			 | parameters: wp_trustindex_facebook_reviews, HIDDEN, tinyint(1)</li>
<li>Executing: ALTER TABLE wp_trustindex_facebook_reviews ADD hidden integer NOT NULL DEFAULT 0   | (no parameters)</li>
<li>Executing: ROLLBACK | (no parameters)</li>
</ol>
</div>
<div style="clear:both;margin-bottom:2px;border:red dotted thin;" class="error_message" style="border-bottom:dotted blue thin;">
Error occurred at line 4117 in Function <code>handle_error</code>. Error message was: SQLSTATE[HY000]: General error: 1 duplicate column name: hidden.
</div>
<p>Backtrace:</p>
<pre>#0 /internal/shared/sqlite-database-integration/wp-includes/sqlite/class-wp-sqlite-db.php(287): WP_SQLite_Translator->get_error_message()
#1 /wordpress/wp-content/plugins/free-facebook-reviews-and-recommendations-widgets/include/update.php(24): WP_SQLite_DB->query('ALTER TABLE `wp...')
#2 /wordpress/wp-content/plugins/free-facebook-reviews-and-recommendations-widgets/trustindex-plugin.class.php(227): include('/wordpress/wp-c...')
#3 /wordpress/wp-includes/class-wp-hook.php(324): TrustindexPlugin_facebook->load('')
#4 /wordpress/wp-includes/class-wp-hook.php(348): WP_Hook->apply_filters(NULL, Array)
#5 /wordpress/wp-includes/plugin.php(517): WP_Hook->do_action(Array)
#6 /wordpress/wp-settings.php(578): do_action('plugins_loaded')
#7 /wordpress/wp-config.php(102): require_once('/wordpress/wp-s...')
#8 /wordpress/wp-load.php(50): require_once('/wordpress/wp-c...')
#9 /internal/eval.php(3): require_once('/wordpress/wp-l...')
#10 {main}</pre>
 for query ALTER TABLE `wp_trustindex_facebook_reviews` ADD hidden TINYINT(1) NOT NULL DEFAULT 0 AFTER id made by require_once('wp-load.php'), require_once('wp-config.php'), require_once('wp-settings.php'), do_action('plugins_loaded'), WP_Hook->do_action, WP_Hook->apply_filters, TrustindexPlugin_facebook->load, include('/plugins/free-facebook-reviews-and-recommendations-widgets/include/update.php'), WP_SQLite_DB->query, WP_SQLite_DB->print_error
[12-May-2025 15:54:04 UTC] PHP Warning:  Undefined variable $error in /wordpress/wp-content/plugins/football-match-tracker/football-match-tracker.php on line 58
[12-May-2025 15:54:04 UTC] PHP Warning:  Undefined variable $error in /wordpress/wp-content/plugins/football-match-tracker/football-match-tracker.php on line 70
[12-May-2025 15:54:06 UTC] PHP Notice:  Accessing static property ADDWEB_FA_FOOTBALL_API::$addweb_fa_api_endpoint as non static in /wordpress/wp-content/plugins/football-match-tracker/includes/football-api-class.php on line 200
[12-May-2025 15:54:06 UTC] PHP Notice:  Accessing static property ADDWEB_FA_FOOTBALL_API::$addweb_fa_api_authentication as non static in /wordpress/wp-content/plugins/football-match-tracker/includes/football-api-class.php on line 201
[12-May-2025 15:54:06 UTC] PHP Notice:  Accessing static property ADDWEB_FA_FOOTBALL_API::$addweb_fa_api_version as non static in /wordpress/wp-content/plugins/football-match-tracker/includes/football-api-class.php on line 202
[12-May-2025 15:54:06 UTC] PHP Notice:  Accessing static property ADDWEB_FA_FOOTBALL_API::$addweb_fa_sw_background_color as non static in /wordpress/wp-content/plugins/football-match-tracker/includes/football-api-class.php on line 203
[12-May-2025 15:54:06 UTC] PHP Notice:  Accessing static property ADDWEB_FA_FOOTBALL_API::$addweb_fa_sw_td_background_color as non static in /wordpress/wp-content/plugins/football-match-tracker/includes/football-api-class.php on line 204
[12-May-2025 15:54:06 UTC] PHP Notice:  Accessing static property ADDWEB_FA_FOOTBALL_API::$addweb_fa_cw_background_color as non static in /wordpress/wp-content/plugins/football-match-tracker/includes/football-api-class.php on line 205
[12-May-2025 15:54:06 UTC] PHP Notice:  Accessing static property ADDWEB_FA_FOOTBALL_API::$addweb_fa_cw_title_background_color as non static in /wordpress/wp-content/plugins/football-match-tracker/includes/football-api-class.php on line 206
[12-May-2025 15:54:06 UTC] PHP Notice:  Accessing static property ADDWEB_FA_FOOTBALL_API::$addweb_fa_cw_cb_background_color as non static in /wordpress/wp-content/plugins/football-match-tracker/includes/football-api-class.php on line 207
[12-May-2025 15:54:06 UTC] PHP Notice:  Accessing static property ADDWEB_FA_FOOTBALL_API::$addweb_fa_cw_cbf_color as non static in /wordpress/wp-content/plugins/football-match-tracker/includes/football-api-class.php on line 208
[12-May-2025 15:54:06 UTC] PHP Notice:  Accessing static property ADDWEB_FA_FOOTBALL_API::$addweb_fa_cw_stf_color as non static in /wordpress/wp-content/plugins/football-match-tracker/includes/football-api-class.php on line 209
[12-May-2025 15:54:06 UTC] PHP Notice:  Accessing static property ADDWEB_FA_FOOTBALL_API::$addweb_fa_background_color as non static in /wordpress/wp-content/plugins/football-match-tracker/includes/football-api-class.php on line 210
[12-May-2025 15:54:06 UTC] PHP Notice:  Accessing static property ADDWEB_FA_FOOTBALL_API::$addweb_fa_hover_color as non static in /wordpress/wp-content/plugins/football-match-tracker/includes/football-api-class.php on line 211
[12-May-2025 15:54:06 UTC] PHP Notice:  Accessing static property ADDWEB_FA_FOOTBALL_API::$addweb_fa_tab_background_color as non static in /wordpress/wp-content/plugins/football-match-tracker/includes/football-api-class.php on line 212
[12-May-2025 15:54:06 UTC] PHP Notice:  Accessing static property ADDWEB_FA_FOOTBALL_API::$addweb_fa_tab_active_background_color as non static in /wordpress/wp-content/plugins/football-match-tracker/includes/football-api-class.php on line 213
[12-May-2025 15:54:06 UTC] PHP Notice:  Accessing static property ADDWEB_FA_FOOTBALL_API::$addweb_fa_dt_background_color as non static in /wordpress/wp-content/plugins/football-match-tracker/includes/football-api-class.php on line 214
[12-May-2025 15:54:06 UTC] PHP Notice:  Accessing static property ADDWEB_FA_FOOTBALL_API::$addweb_fa_ct_background_color as non static in /wordpress/wp-content/plugins/football-match-tracker/includes/football-api-class.php on line 215
[12-May-2025 15:54:06 UTC] PHP Notice:  Accessing static property ADDWEB_FA_FOOTBALL_API::$addweb_fa_mb_background_color as non static in /wordpress/wp-content/plugins/football-match-tracker/includes/football-api-class.php on line 216
[12-May-2025 15:54:06 UTC] PHP Notice:  Accessing static property ADDWEB_FA_FOOTBALL_API::$addweb_fa_mb_hover_background_color as non static in /wordpress/wp-content/plugins/football-match-tracker/includes/football-api-class.php on line 217
[12-May-2025 15:54:06 UTC] PHP Notice:  Accessing static property ADDWEB_FA_FOOTBALL_API::$addweb_fa_refersh as non static in /wordpress/wp-content/plugins/football-match-tracker/includes/football-api-class.php on line 218
[12-May-2025 15:54:06 UTC] PHP Notice:  Accessing static property ADDWEB_FA_FOOTBALL_API::$addweb_auto_refresh_seconds as non static in /wordpress/wp-content/plugins/football-match-tracker/includes/football-api-class.php on line 219
[12-May-2025 15:54:06 UTC] PHP Notice:  Accessing static property ADDWEB_FA_SHORTCODE::$addweb_fa_background_color as non static in /wordpress/wp-content/plugins/football-match-tracker/includes/shortcodes.php on line 91
[12-May-2025 15:54:06 UTC] PHP Notice:  Accessing static property ADDWEB_FA_SHORTCODE::$addweb_fa_hover_color as non static in /wordpress/wp-content/plugins/football-match-tracker/includes/shortcodes.php on line 92
[12-May-2025 15:54:06 UTC] PHP Notice:  Accessing static property ADDWEB_FA_SHORTCODE::$addweb_fa_tab_background_color as non static in /wordpress/wp-content/plugins/football-match-tracker/includes/shortcodes.php on line 93
[12-May-2025 15:54:06 UTC] PHP Notice:  Accessing static property ADDWEB_FA_SHORTCODE::$addweb_fa_tab_active_background_color as non static in /wordpress/wp-content/plugins/football-match-tracker/includes/shortcodes.php on line 94
[12-May-2025 15:54:06 UTC] PHP Notice:  Accessing static property ADDWEB_FA_SHORTCODE::$addweb_fa_dt_background_color as non static in /wordpress/wp-content/plugins/football-match-tracker/includes/shortcodes.php on line 95
[12-May-2025 15:54:06 UTC] PHP Notice:  Accessing static property ADDWEB_FA_SHORTCODE::$addweb_fa_ct_background_color as non static in /wordpress/wp-content/plugins/football-match-tracker/includes/shortcodes.php on line 96
[12-May-2025 15:54:06 UTC] PHP Notice:  Accessing static property ADDWEB_FA_SHORTCODE::$addweb_fa_mb_background_color as non static in /wordpress/wp-content/plugins/football-match-tracker/includes/shortcodes.php on line 97
[12-May-2025 15:54:06 UTC] PHP Notice:  Accessing static property ADDWEB_FA_SHORTCODE::$addweb_fa_mb_hover_background_color as non static in /wordpress/wp-content/plugins/football-match-tracker/includes/shortcodes.php on line 98
[12-May-2025 15:54:06 UTC] PHP Notice:  Accessing static property ADDWEB_FA_API::$addweb_fa_endpoint as non static in /wordpress/wp-content/plugins/football-match-tracker/includes/api-class.php on line 41
[12-May-2025 15:54:06 UTC] PHP Notice:  Accessing static property ADDWEB_FA_API::$addweb_fa_authentication as non static in /wordpress/wp-content/plugins/football-match-tracker/includes/api-class.php on line 42
[12-May-2025 15:54:06 UTC] PHP Notice:  Accessing static property ADDWEB_FA_API::$addweb_fa_version as non static in /wordpress/wp-content/plugins/football-match-tracker/includes/api-class.php on line 43
[12-May-2025 15:54:06 UTC] PHP Notice:  Accessing static property ADDWEB_FA_SHORTCODE::$addweb_fa_api_call as non static in /wordpress/wp-content/plugins/football-match-tracker/includes/shortcodes.php on line 99
[12-May-2025 15:54:06 UTC] PHP Notice:  Accessing static property ADDWEB_FA_FOOTBALL_API::$addweb_fa_refersh as non static in /wordpress/wp-content/plugins/football-match-tracker/includes/football-api-class.php on line 241
[12-May-2025 15:54:06 UTC] PHP Fatal error:  Uncaught ArgumentCountError: Too few arguments to function WP_Widget::__construct(), 0 passed in /wordpress/wp-includes/class-wp-widget-factory.php on line 62 and at least 2 expected in /wordpress/wp-includes/class-wp-widget.php:163
Stack trace:
#0 /wordpress/wp-includes/class-wp-widget-factory.php(62): WP_Widget->__construct()
#1 /wordpress/wp-includes/widgets.php(123): WP_Widget_Factory->register('addweb_score_bo...')
#2 /wordpress/wp-content/plugins/football-match-tracker/includes/football-api-widget-function.php(25): register_widget('addweb_score_bo...')
#3 /wordpress/wp-includes/class-wp-hook.php(324): addweb_fa_register_widgets('')
#4 /wordpress/wp-includes/class-wp-hook.php(348): WP_Hook->apply_filters(NULL, Array)
#5 /wordpress/wp-includes/plugin.php(517): WP_Hook->do_action(Array)
#6 /wordpress/wp-includes/widgets.php(1870): do_action('widgets_init')
#7 /wordpress/wp-includes/class-wp-hook.php(324): wp_widgets_init('')
#8 /wordpress/wp-includes/class-wp-hook.php(348): WP_Hook->apply_filters(NULL, Array)
#9 /wordpress/wp-includes/plugin.php(517): WP_Hook->do_action(Array)
#10 /wordpress/wp-settings.php(727): do_action('init')
#11 /wordpress/wp-config.php(102): require_once('/wordpress/wp-s...')
#12 /wordpress/wp-load.php(50): require_once('/wordpress/wp-c...')
#13 /internal/eval.php(3): require_once('/wordpress/wp-l...')
#14 {main}
  thrown in /wordpress/wp-includes/class-wp-widget.php on line 163
[12-May-2025 15:54:16 UTC] PHP Warning:  Undefined variable $error in /wordpress/wp-content/plugins/football-match-tracker/football-match-tracker.php on line 58
[12-May-2025 15:54:16 UTC] PHP Warning:  Undefined variable $error in /wordpress/wp-content/plugins/football-match-tracker/football-match-tracker.php on line 70
[12-May-2025 15:54:18 UTC] PHP Notice:  Accessing static property ADDWEB_FA_FOOTBALL_API::$addweb_fa_api_endpoint as non static in /wordpress/wp-content/plugins/football-match-tracker/includes/football-api-class.php on line 200
[12-May-2025 15:54:18 UTC] PHP Notice:  Accessing static property ADDWEB_FA_FOOTBALL_API::$addweb_fa_api_authentication as non static in /wordpress/wp-content/plugins/football-match-tracker/includes/football-api-class.php on line 201
[12-May-2025 15:54:18 UTC] PHP Notice:  Accessing static property ADDWEB_FA_FOOTBALL_API::$addweb_fa_api_version as non static in /wordpress/wp-content/plugins/football-match-tracker/includes/football-api-class.php on line 202
[12-May-2025 15:54:18 UTC] PHP Notice:  Accessing static property ADDWEB_FA_FOOTBALL_API::$addweb_fa_sw_background_color as non static in /wordpress/wp-content/plugins/football-match-tracker/includes/football-api-class.php on line 203
[12-May-2025 15:54:18 UTC] PHP Notice:  Accessing static property ADDWEB_FA_FOOTBALL_API::$addweb_fa_sw_td_background_color as non static in /wordpress/wp-content/plugins/football-match-tracker/includes/football-api-class.php on line 204
[12-May-2025 15:54:18 UTC] PHP Notice:  Accessing static property ADDWEB_FA_FOOTBALL_API::$addweb_fa_cw_background_color as non static in /wordpress/wp-content/plugins/football-match-tracker/includes/football-api-class.php on line 205
[12-May-2025 15:54:18 UTC] PHP Notice:  Accessing static property ADDWEB_FA_FOOTBALL_API::$addweb_fa_cw_title_background_color as non static in /wordpress/wp-content/plugins/football-match-tracker/includes/football-api-class.php on line 206
[12-May-2025 15:54:18 UTC] PHP Notice:  Accessing static property ADDWEB_FA_FOOTBALL_API::$addweb_fa_cw_cb_background_color as non static in /wordpress/wp-content/plugins/football-match-tracker/includes/football-api-class.php on line 207
[12-May-2025 15:54:18 UTC] PHP Notice:  Accessing static property ADDWEB_FA_FOOTBALL_API::$addweb_fa_cw_cbf_color as non static in /wordpress/wp-content/plugins/football-match-tracker/includes/football-api-class.php on line 208
[12-May-2025 15:54:18 UTC] PHP Notice:  Accessing static property ADDWEB_FA_FOOTBALL_API::$addweb_fa_cw_stf_color as non static in /wordpress/wp-content/plugins/football-match-tracker/includes/football-api-class.php on line 209
[12-May-2025 15:54:18 UTC] PHP Notice:  Accessing static property ADDWEB_FA_FOOTBALL_API::$addweb_fa_background_color as non static in /wordpress/wp-content/plugins/football-match-tracker/includes/football-api-class.php on line 210
[12-May-2025 15:54:18 UTC] PHP Notice:  Accessing static property ADDWEB_FA_FOOTBALL_API::$addweb_fa_hover_color as non static in /wordpress/wp-content/plugins/football-match-tracker/includes/football-api-class.php on line 211
[12-May-2025 15:54:18 UTC] PHP Notice:  Accessing static property ADDWEB_FA_FOOTBALL_API::$addweb_fa_tab_background_color as non static in /wordpress/wp-content/plugins/football-match-tracker/includes/football-api-class.php on line 212
[12-May-2025 15:54:18 UTC] PHP Notice:  Accessing static property ADDWEB_FA_FOOTBALL_API::$addweb_fa_tab_active_background_color as non static in /wordpress/wp-content/plugins/football-match-tracker/includes/football-api-class.php on line 213
[12-May-2025 15:54:18 UTC] PHP Notice:  Accessing static property ADDWEB_FA_FOOTBALL_API::$addweb_fa_dt_background_color as non static in /wordpress/wp-content/plugins/football-match-tracker/includes/football-api-class.php on line 214
[12-May-2025 15:54:18 UTC] PHP Notice:  Accessing static property ADDWEB_FA_FOOTBALL_API::$addweb_fa_ct_background_color as non static in /wordpress/wp-content/plugins/football-match-tracker/includes/football-api-class.php on line 215
[12-May-2025 15:54:18 UTC] PHP Notice:  Accessing static property ADDWEB_FA_FOOTBALL_API::$addweb_fa_mb_background_color as non static in /wordpress/wp-content/plugins/football-match-tracker/includes/football-api-class.php on line 216
[12-May-2025 15:54:18 UTC] PHP Notice:  Accessing static property ADDWEB_FA_FOOTBALL_API::$addweb_fa_mb_hover_background_color as non static in /wordpress/wp-content/plugins/football-match-tracker/includes/football-api-class.php on line 217
[12-May-2025 15:54:18 UTC] PHP Notice:  Accessing static property ADDWEB_FA_FOOTBALL_API::$addweb_fa_refersh as non static in /wordpress/wp-content/plugins/football-match-tracker/includes/football-api-class.php on line 218
[12-May-2025 15:54:18 UTC] PHP Notice:  Accessing static property ADDWEB_FA_FOOTBALL_API::$addweb_auto_refresh_seconds as non static in /wordpress/wp-content/plugins/football-match-tracker/includes/football-api-class.php on line 219
[12-May-2025 15:54:18 UTC] PHP Notice:  Accessing static property ADDWEB_FA_SHORTCODE::$addweb_fa_background_color as non static in /wordpress/wp-content/plugins/football-match-tracker/includes/shortcodes.php on line 91
[12-May-2025 15:54:18 UTC] PHP Notice:  Accessing static property ADDWEB_FA_SHORTCODE::$addweb_fa_hover_color as non static in /wordpress/wp-content/plugins/football-match-tracker/includes/shortcodes.php on line 92
[12-May-2025 15:54:18 UTC] PHP Notice:  Accessing static property ADDWEB_FA_SHORTCODE::$addweb_fa_tab_background_color as non static in /wordpress/wp-content/plugins/football-match-tracker/includes/shortcodes.php on line 93
[12-May-2025 15:54:18 UTC] PHP Notice:  Accessing static property ADDWEB_FA_SHORTCODE::$addweb_fa_tab_active_background_color as non static in /wordpress/wp-content/plugins/football-match-tracker/includes/shortcodes.php on line 94
[12-May-2025 15:54:18 UTC] PHP Notice:  Accessing static property ADDWEB_FA_SHORTCODE::$addweb_fa_dt_background_color as non static in /wordpress/wp-content/plugins/football-match-tracker/includes/shortcodes.php on line 95
[12-May-2025 15:54:18 UTC] PHP Notice:  Accessing static property ADDWEB_FA_SHORTCODE::$addweb_fa_ct_background_color as non static in /wordpress/wp-content/plugins/football-match-tracker/includes/shortcodes.php on line 96
[12-May-2025 15:54:18 UTC] PHP Notice:  Accessing static property ADDWEB_FA_SHORTCODE::$addweb_fa_mb_background_color as non static in /wordpress/wp-content/plugins/football-match-tracker/includes/shortcodes.php on line 97
[12-May-2025 15:54:18 UTC] PHP Notice:  Accessing static property ADDWEB_FA_SHORTCODE::$addweb_fa_mb_hover_background_color as non static in /wordpress/wp-content/plugins/football-match-tracker/includes/shortcodes.php on line 98
[12-May-2025 15:54:18 UTC] PHP Notice:  Accessing static property ADDWEB_FA_API::$addweb_fa_endpoint as non static in /wordpress/wp-content/plugins/football-match-tracker/includes/api-class.php on line 41
[12-May-2025 15:54:18 UTC] PHP Notice:  Accessing static property ADDWEB_FA_API::$addweb_fa_authentication as non static in /wordpress/wp-content/plugins/football-match-tracker/includes/api-class.php on line 42
[12-May-2025 15:54:18 UTC] PHP Notice:  Accessing static property ADDWEB_FA_API::$addweb_fa_version as non static in /wordpress/wp-content/plugins/football-match-tracker/includes/api-class.php on line 43
[12-May-2025 15:54:18 UTC] PHP Notice:  Accessing static property ADDWEB_FA_SHORTCODE::$addweb_fa_api_call as non static in /wordpress/wp-content/plugins/football-match-tracker/includes/shortcodes.php on line 99
[12-May-2025 15:54:18 UTC] PHP Notice:  Accessing static property ADDWEB_FA_FOOTBALL_API::$addweb_fa_refersh as non static in /wordpress/wp-content/plugins/football-match-tracker/includes/football-api-class.php on line 241
[12-May-2025 15:54:18 UTC] PHP Fatal error:  Uncaught ArgumentCountError: Too few arguments to function WP_Widget::__construct(), 0 passed in /wordpress/wp-includes/class-wp-widget-factory.php on line 62 and at least 2 expected in /wordpress/wp-includes/class-wp-widget.php:163
Stack trace:
#0 /wordpress/wp-includes/class-wp-widget-factory.php(62): WP_Widget->__construct()
#1 /wordpress/wp-includes/widgets.php(123): WP_Widget_Factory->register('addweb_score_bo...')
#2 /wordpress/wp-content/plugins/football-match-tracker/includes/football-api-widget-function.php(25): register_widget('addweb_score_bo...')
#3 /wordpress/wp-includes/class-wp-hook.php(324): addweb_fa_register_widgets('')
#4 /wordpress/wp-includes/class-wp-hook.php(348): WP_Hook->apply_filters(NULL, Array)
#5 /wordpress/wp-includes/plugin.php(517): WP_Hook->do_action(Array)
#6 /wordpress/wp-includes/widgets.php(1870): do_action('widgets_init')
#7 /wordpress/wp-includes/class-wp-hook.php(324): wp_widgets_init('')
#8 /wordpress/wp-includes/class-wp-hook.php(348): WP_Hook->apply_filters(NULL, Array)
#9 /wordpress/wp-includes/plugin.php(517): WP_Hook->do_action(Array)
#10 /wordpress/wp-settings.php(727): do_action('init')
#11 /wordpress/wp-config.php(102): require_once('/wordpress/wp-s...')
#12 /wordpress/wp-load.php(50): require_once('/wordpress/wp-c...')
#13 /internal/eval.php(3): require_once('/wordpress/wp-l...')
#14 {main}
  thrown in /wordpress/wp-includes/class-wp-widget.php on line 163
[12-May-2025 15:54:28 UTC] PHP Warning:  Undefined variable $error in /wordpress/wp-content/plugins/football-match-tracker/football-match-tracker.php on line 58
[12-May-2025 15:54:28 UTC] PHP Warning:  Undefined variable $error in /wordpress/wp-content/plugins/football-match-tracker/football-match-tracker.php on line 70
[12-May-2025 15:54:29 UTC] PHP Notice:  Accessing static property ADDWEB_FA_FOOTBALL_API::$addweb_fa_api_endpoint as non static in /wordpress/wp-content/plugins/football-match-tracker/includes/football-api-class.php on line 200
[12-May-2025 15:54:29 UTC] PHP Notice:  Accessing static property ADDWEB_FA_FOOTBALL_API::$addweb_fa_api_authentication as non static in /wordpress/wp-content/plugins/football-match-tracker/includes/football-api-class.php on line 201
[12-May-2025 15:54:29 UTC] PHP Notice:  Accessing static property ADDWEB_FA_FOOTBALL_API::$addweb_fa_api_version as non static in /wordpress/wp-content/plugins/football-match-tracker/includes/football-api-class.php on line 202
[12-May-2025 15:54:29 UTC] PHP Notice:  Accessing static property ADDWEB_FA_FOOTBALL_API::$addweb_fa_sw_background_color as non static in /wordpress/wp-content/plugins/football-match-tracker/includes/football-api-class.php on line 203
[12-May-2025 15:54:29 UTC] PHP Notice:  Accessing static property ADDWEB_FA_FOOTBALL_API::$addweb_fa_sw_td_background_color as non static in /wordpress/wp-content/plugins/football-match-tracker/includes/football-api-class.php on line 204
[12-May-2025 15:54:29 UTC] PHP Notice:  Accessing static property ADDWEB_FA_FOOTBALL_API::$addweb_fa_cw_background_color as non static in /wordpress/wp-content/plugins/football-match-tracker/includes/football-api-class.php on line 205
[12-May-2025 15:54:29 UTC] PHP Notice:  Accessing static property ADDWEB_FA_FOOTBALL_API::$addweb_fa_cw_title_background_color as non static in /wordpress/wp-content/plugins/football-match-tracker/includes/football-api-class.php on line 206
[12-May-2025 15:54:29 UTC] PHP Notice:  Accessing static property ADDWEB_FA_FOOTBALL_API::$addweb_fa_cw_cb_background_color as non static in /wordpress/wp-content/plugins/football-match-tracker/includes/football-api-class.php on line 207
[12-May-2025 15:54:29 UTC] PHP Notice:  Accessing static property ADDWEB_FA_FOOTBALL_API::$addweb_fa_cw_cbf_color as non static in /wordpress/wp-content/plugins/football-match-tracker/includes/football-api-class.php on line 208
[12-May-2025 15:54:29 UTC] PHP Notice:  Accessing static property ADDWEB_FA_FOOTBALL_API::$addweb_fa_cw_stf_color as non static in /wordpress/wp-content/plugins/football-match-tracker/includes/football-api-class.php on line 209
[12-May-2025 15:54:29 UTC] PHP Notice:  Accessing static property ADDWEB_FA_FOOTBALL_API::$addweb_fa_background_color as non static in /wordpress/wp-content/plugins/football-match-tracker/includes/football-api-class.php on line 210
[12-May-2025 15:54:29 UTC] PHP Notice:  Accessing static property ADDWEB_FA_FOOTBALL_API::$addweb_fa_hover_color as non static in /wordpress/wp-content/plugins/football-match-tracker/includes/football-api-class.php on line 211
[12-May-2025 15:54:29 UTC] PHP Notice:  Accessing static property ADDWEB_FA_FOOTBALL_API::$addweb_fa_tab_background_color as non static in /wordpress/wp-content/plugins/football-match-tracker/includes/football-api-class.php on line 212
[12-May-2025 15:54:29 UTC] PHP Notice:  Accessing static property ADDWEB_FA_FOOTBALL_API::$addweb_fa_tab_active_background_color as non static in /wordpress/wp-content/plugins/football-match-tracker/includes/football-api-class.php on line 213
[12-May-2025 15:54:29 UTC] PHP Notice:  Accessing static property ADDWEB_FA_FOOTBALL_API::$addweb_fa_dt_background_color as non static in /wordpress/wp-content/plugins/football-match-tracker/includes/football-api-class.php on line 214
[12-May-2025 15:54:29 UTC] PHP Notice:  Accessing static property ADDWEB_FA_FOOTBALL_API::$addweb_fa_ct_background_color as non static in /wordpress/wp-content/plugins/football-match-tracker/includes/football-api-class.php on line 215
[12-May-2025 15:54:29 UTC] PHP Notice:  Accessing static property ADDWEB_FA_FOOTBALL_API::$addweb_fa_mb_background_color as non static in /wordpress/wp-content/plugins/football-match-tracker/includes/football-api-class.php on line 216
[12-May-2025 15:54:29 UTC] PHP Notice:  Accessing static property ADDWEB_FA_FOOTBALL_API::$addweb_fa_mb_hover_background_color as non static in /wordpress/wp-content/plugins/football-match-tracker/includes/football-api-class.php on line 217
[12-May-2025 15:54:29 UTC] PHP Notice:  Accessing static property ADDWEB_FA_FOOTBALL_API::$addweb_fa_refersh as non static in /wordpress/wp-content/plugins/football-match-tracker/includes/football-api-class.php on line 218
[12-May-2025 15:54:29 UTC] PHP Notice:  Accessing static property ADDWEB_FA_FOOTBALL_API::$addweb_auto_refresh_seconds as non static in /wordpress/wp-content/plugins/football-match-tracker/includes/football-api-class.php on line 219
[12-May-2025 15:54:29 UTC] PHP Notice:  Accessing static property ADDWEB_FA_SHORTCODE::$addweb_fa_background_color as non static in /wordpress/wp-content/plugins/football-match-tracker/includes/shortcodes.php on line 91
[12-May-2025 15:54:29 UTC] PHP Notice:  Accessing static property ADDWEB_FA_SHORTCODE::$addweb_fa_hover_color as non static in /wordpress/wp-content/plugins/football-match-tracker/includes/shortcodes.php on line 92
[12-May-2025 15:54:29 UTC] PHP Notice:  Accessing static property ADDWEB_FA_SHORTCODE::$addweb_fa_tab_background_color as non static in /wordpress/wp-content/plugins/football-match-tracker/includes/shortcodes.php on line 93
[12-May-2025 15:54:29 UTC] PHP Notice:  Accessing static property ADDWEB_FA_SHORTCODE::$addweb_fa_tab_active_background_color as non static in /wordpress/wp-content/plugins/football-match-tracker/includes/shortcodes.php on line 94
[12-May-2025 15:54:29 UTC] PHP Notice:  Accessing static property ADDWEB_FA_SHORTCODE::$addweb_fa_dt_background_color as non static in /wordpress/wp-content/plugins/football-match-tracker/includes/shortcodes.php on line 95
[12-May-2025 15:54:29 UTC] PHP Notice:  Accessing static property ADDWEB_FA_SHORTCODE::$addweb_fa_ct_background_color as non static in /wordpress/wp-content/plugins/football-match-tracker/includes/shortcodes.php on line 96
[12-May-2025 15:54:29 UTC] PHP Notice:  Accessing static property ADDWEB_FA_SHORTCODE::$addweb_fa_mb_background_color as non static in /wordpress/wp-content/plugins/football-match-tracker/includes/shortcodes.php on line 97
[12-May-2025 15:54:29 UTC] PHP Notice:  Accessing static property ADDWEB_FA_SHORTCODE::$addweb_fa_mb_hover_background_color as non static in /wordpress/wp-content/plugins/football-match-tracker/includes/shortcodes.php on line 98
[12-May-2025 15:54:29 UTC] PHP Notice:  Accessing static property ADDWEB_FA_API::$addweb_fa_endpoint as non static in /wordpress/wp-content/plugins/football-match-tracker/includes/api-class.php on line 41
[12-May-2025 15:54:29 UTC] PHP Notice:  Accessing static property ADDWEB_FA_API::$addweb_fa_authentication as non static in /wordpress/wp-content/plugins/football-match-tracker/includes/api-class.php on line 42
[12-May-2025 15:54:29 UTC] PHP Notice:  Accessing static property ADDWEB_FA_API::$addweb_fa_version as non static in /wordpress/wp-content/plugins/football-match-tracker/includes/api-class.php on line 43
[12-May-2025 15:54:29 UTC] PHP Notice:  Accessing static property ADDWEB_FA_SHORTCODE::$addweb_fa_api_call as non static in /wordpress/wp-content/plugins/football-match-tracker/includes/shortcodes.php on line 99
[12-May-2025 15:54:29 UTC] PHP Notice:  Accessing static property ADDWEB_FA_FOOTBALL_API::$addweb_fa_refersh as non static in /wordpress/wp-content/plugins/football-match-tracker/includes/football-api-class.php on line 241
[12-May-2025 15:54:29 UTC] PHP Fatal error:  Uncaught ArgumentCountError: Too few arguments to function WP_Widget::__construct(), 0 passed in /wordpress/wp-includes/class-wp-widget-factory.php on line 62 and at least 2 expected in /wordpress/wp-includes/class-wp-widget.php:163
Stack trace:
#0 /wordpress/wp-includes/class-wp-widget-factory.php(62): WP_Widget->__construct()
#1 /wordpress/wp-includes/widgets.php(123): WP_Widget_Factory->register('addweb_score_bo...')
#2 /wordpress/wp-content/plugins/football-match-tracker/includes/football-api-widget-function.php(25): register_widget('addweb_score_bo...')
#3 /wordpress/wp-includes/class-wp-hook.php(324): addweb_fa_register_widgets('')
#4 /wordpress/wp-includes/class-wp-hook.php(348): WP_Hook->apply_filters(NULL, Array)
#5 /wordpress/wp-includes/plugin.php(517): WP_Hook->do_action(Array)
#6 /wordpress/wp-includes/widgets.php(1870): do_action('widgets_init')
#7 /wordpress/wp-includes/class-wp-hook.php(324): wp_widgets_init('')
#8 /wordpress/wp-includes/class-wp-hook.php(348): WP_Hook->apply_filters(NULL, Array)
#9 /wordpress/wp-includes/plugin.php(517): WP_Hook->do_action(Array)
#10 /wordpress/wp-settings.php(727): do_action('init')
#11 /wordpress/wp-config.php(102): require_once('/wordpress/wp-s...')
#12 /wordpress/wp-load.php(50): require_once('/wordpress/wp-c...')
#13 /internal/eval.php(3): require_once('/wordpress/wp-l...')
#14 {main}
  thrown in /wordpress/wp-includes/class-wp-widget.php on line 163
[12-May-2025 15:56:37 UTC] WordPress database error <div style="clear:both">&nbsp;</div>
<div class="queries" style="clear:both;margin-bottom:2px;border:red dotted thin;">
<p>MySQL query:</p>
<p>CREATE TABLE IF NOT EXISTS `wp_fp_match` (
		  `match_id` int(11) NOT NULL AUTO_INCREMENT,
		  `match_no` int(11) NOT NULL,
		  `kickoff` datetime NOT NULL,
		  `home_team_id` int(11) NOT NULL,
		  `away_team_id` int(11) NOT NULL,
		  `home_goals` int(11) NOT NULL,
		  `away_goals` int(11) NOT NULL,
		  `home_penalties` int(11) NOT NULL,
		  `away_penalties` int(11) NOT NULL,
		  `venue_id` int(11) NOT NULL,
		  `is_result` BOOL NOT NULL DEFAULT '0', 
		  `extra_time` BOOL NOT NULL DEFAULT '0', 
		  `stage_id` int(11) NOT NULL,
		  `scored` BOOL NOT NULL DEFAULT '0', 
		  `wwhen` timestamp NOT NULL DEFAULT CURRENT_TIMESTAMP ON UPDATE CURRENT_TIMESTAMP,
		  PRIMARY KEY (`match_id`)
		) </p>
<p>Queries made or created this session were:</p>
<ol>
<li>Executing: BEGIN | (no parameters)</li>
<li>Executing: ROLLBACK | (no parameters)</li>
</ol>
</div>
<div style="clear:both;margin-bottom:2px;border:red dotted thin;" class="error_message" style="border-bottom:dotted blue thin;">
Error occurred at line 4117 in Function <code>handle_error</code>. Error message was: Unexpected token in MySQL query: is_result.
</div>
<p>Backtrace:</p>
<pre>#0 /internal/shared/sqlite-database-integration/wp-includes/sqlite/class-wp-sqlite-db.php(287): WP_SQLite_Translator->get_error_message()
#1 /wordpress/wp-content/plugins/football-predictor/football-predictor.php(159): WP_SQLite_DB->query('CREATE TABLE IF...')
#2 /wordpress/wp-includes/class-wp-hook.php(324): Football_Start->activate(false)
#3 /wordpress/wp-includes/class-wp-hook.php(348): WP_Hook->apply_filters('', Array)
#4 /wordpress/wp-includes/plugin.php(517): WP_Hook->do_action(Array)
#5 /wordpress/wp-admin/includes/plugin.php(703): do_action('activate_footba...', false)
#6 /internal/eval.php(20): activate_plugin('football-predic...')
#7 {main}</pre>
 for query CREATE TABLE IF NOT EXISTS `wp_fp_match` (
		  `match_id` int(11) NOT NULL AUTO_INCREMENT,
		  `match_no` int(11) NOT NULL,
		  `kickoff` datetime NOT NULL,
		  `home_team_id` int(11) NOT NULL,
		  `away_team_id` int(11) NOT NULL,
		  `home_goals` int(11) NOT NULL,
		  `away_goals` int(11) NOT NULL,
		  `home_penalties` int(11) NOT NULL,
		  `away_penalties` int(11) NOT NULL,
		  `venue_id` int(11) NOT NULL,
		  `is_result` BOOL NOT NULL DEFAULT '0', 
		  `extra_time` BOOL NOT NULL DEFAULT '0', 
		  `stage_id` int(11) NOT NULL,
		  `scored` BOOL NOT NULL DEFAULT '0', 
		  `wwhen` timestamp NOT NULL DEFAULT CURRENT_TIMESTAMP ON UPDATE CURRENT_TIMESTAMP,
		  PRIMARY KEY (`match_id`)
		)  made by activate_plugin, do_action('activate_football-predictor/football-predictor.php'), WP_Hook->do_action, WP_Hook->apply_filters, Football_Start->activate, WP_SQLite_DB->query, WP_SQLite_DB->print_error
[12-May-2025 15:56:48 UTC] WordPress database error <div style="clear:both">&nbsp;</div>
<div class="queries" style="clear:both;margin-bottom:2px;border:red dotted thin;">
<p>MySQL query:</p>
<p>CREATE TABLE IF NOT EXISTS `wp_fp_match` (
		  `match_id` int(11) NOT NULL AUTO_INCREMENT,
		  `match_no` int(11) NOT NULL,
		  `kickoff` datetime NOT NULL,
		  `home_team_id` int(11) NOT NULL,
		  `away_team_id` int(11) NOT NULL,
		  `home_goals` int(11) NOT NULL,
		  `away_goals` int(11) NOT NULL,
		  `home_penalties` int(11) NOT NULL,
		  `away_penalties` int(11) NOT NULL,
		  `venue_id` int(11) NOT NULL,
		  `is_result` BOOL NOT NULL DEFAULT '0', 
		  `extra_time` BOOL NOT NULL DEFAULT '0', 
		  `stage_id` int(11) NOT NULL,
		  `scored` BOOL NOT NULL DEFAULT '0', 
		  `wwhen` timestamp NOT NULL DEFAULT CURRENT_TIMESTAMP ON UPDATE CURRENT_TIMESTAMP,
		  PRIMARY KEY (`match_id`)
		) </p>
<p>Queries made or created this session were:</p>
<ol>
<li>Executing: BEGIN | (no parameters)</li>
<li>Executing: ROLLBACK | (no parameters)</li>
</ol>
</div>
<div style="clear:both;margin-bottom:2px;border:red dotted thin;" class="error_message" style="border-bottom:dotted blue thin;">
Error occurred at line 4117 in Function <code>handle_error</code>. Error message was: Unexpected token in MySQL query: is_result.
</div>
<p>Backtrace:</p>
<pre>#0 /internal/shared/sqlite-database-integration/wp-includes/sqlite/class-wp-sqlite-db.php(287): WP_SQLite_Translator->get_error_message()
#1 /wordpress/wp-content/plugins/football-predictor/football-predictor.php(159): WP_SQLite_DB->query('CREATE TABLE IF...')
#2 /wordpress/wp-includes/class-wp-hook.php(324): Football_Start->activate(false)
#3 /wordpress/wp-includes/class-wp-hook.php(348): WP_Hook->apply_filters('', Array)
#4 /wordpress/wp-includes/plugin.php(517): WP_Hook->do_action(Array)
#5 /wordpress/wp-admin/includes/plugin.php(703): do_action('activate_footba...', false)
#6 /internal/eval.php(20): activate_plugin('football-predic...')
#7 {main}</pre>
 for query CREATE TABLE IF NOT EXISTS `wp_fp_match` (
		  `match_id` int(11) NOT NULL AUTO_INCREMENT,
		  `match_no` int(11) NOT NULL,
		  `kickoff` datetime NOT NULL,
		  `home_team_id` int(11) NOT NULL,
		  `away_team_id` int(11) NOT NULL,
		  `home_goals` int(11) NOT NULL,
		  `away_goals` int(11) NOT NULL,
		  `home_penalties` int(11) NOT NULL,
		  `away_penalties` int(11) NOT NULL,
		  `venue_id` int(11) NOT NULL,
		  `is_result` BOOL NOT NULL DEFAULT '0', 
		  `extra_time` BOOL NOT NULL DEFAULT '0', 
		  `stage_id` int(11) NOT NULL,
		  `scored` BOOL NOT NULL DEFAULT '0', 
		  `wwhen` timestamp NOT NULL DEFAULT CURRENT_TIMESTAMP ON UPDATE CURRENT_TIMESTAMP,
		  PRIMARY KEY (`match_id`)
		)  made by activate_plugin, do_action('activate_football-predictor/football-predictor.php'), WP_Hook->do_action, WP_Hook->apply_filters, Football_Start->activate, WP_SQLite_DB->query, WP_SQLite_DB->print_error
[12-May-2025 16:01:43 UTC] PHP Warning:  foreach() argument must be of type array|object, bool given in /wordpress/wp-content/plugins/free-google-fonts/engine/GFonts.DB.php on line 253
[12-May-2025 16:01:43 UTC] PHP Warning:  Undefined variable $gfont in /wordpress/wp-content/plugins/free-google-fonts/engine/GFonts.DB.php on line 232
[12-May-2025 16:01:55 UTC] PHP Warning:  foreach() argument must be of type array|object, bool given in /wordpress/wp-content/plugins/free-google-fonts/engine/GFonts.DB.php on line 253
[12-May-2025 16:01:56 UTC] PHP Warning:  Undefined variable $gfont in /wordpress/wp-content/plugins/free-google-fonts/engine/GFonts.DB.php on line 232
[12-May-2025 16:02:07 UTC] PHP Warning:  foreach() argument must be of type array|object, bool given in /wordpress/wp-content/plugins/free-google-fonts/engine/GFonts.DB.php on line 253
[12-May-2025 16:02:07 UTC] PHP Warning:  Undefined variable $gfont in /wordpress/wp-content/plugins/free-google-fonts/engine/GFonts.DB.php on line 232

    at Object.onBind (file:///home/runner/work/playground-tester/playground-tester/node_modules/@wp-playground/cli/index.js:237:15)
    at process.processTicksAndRejections (node:internal/process/task_queues:105:5)
    at async V (file:///home/runner/work/playground-tester/playground-tester/node_modules/@wp-playground/cli/index.js:64:10)
    at async ja (file:///home/runner/work/playground-tester/playground-tester/node_modules/@wp-playground/cli/cli.js:8161:12) {
  [cause]: Error: Error when executing the blueprint step #1 ({"step":"installPlugin","pluginData":{"resource":"wordpress.org/plugins","slug":"free-shipping-hide-other-methods-woo"},"options":{"activate":true}}) : Plugin /wordpress/wp-content/plugins/free-shipping-hide-other-methods-woo could not be activated  WordPress exited with no error. Sometimes, when $_SERVER or site options are not configured correctly, WordPress exits early with a 301 redirect. Inspect the "debug" logs in the console for more details.
      at Object.run (file:///home/runner/work/playground-tester/playground-tester/node_modules/@wp-playground/blueprints/index.js:12449:19)
      at process.processTicksAndRejections (node:internal/process/task_queues:105:5)
      at async ms (file:///home/runner/work/playground-tester/playground-tester/node_modules/@wp-playground/blueprints/index.js:12552:3)
      ... 2 lines matching cause stack trace ...
      at async ja (file:///home/runner/work/playground-tester/playground-tester/node_modules/@wp-playground/cli/cli.js:8161:12) {
    [cause]: Error: Plugin /wordpress/wp-content/plugins/free-shipping-hide-other-methods-woo could not be activated  WordPress exited with no error. Sometimes, when $_SERVER or site options are not configured correctly, WordPress exits early with a 301 redirect. Inspect the "debug" logs in the console for more details.
        at wr (file:///home/runner/work/playground-tester/playground-tester/node_modules/@wp-playground/blueprints/index.js:119:51)
        at process.processTicksAndRejections (node:internal/process/task_queues:105:5)
        at async Object.gt [as installPlugin] (file:///home/runner/work/playground-tester/playground-tester/node_modules/@wp-playground/blueprints/index.js:974:42)
        at async g (file:///home/runner/work/playground-tester/playground-tester/node_modules/@wp-playground/blueprints/index.js:12517:30)
        at async Object.run (file:///home/runner/work/playground-tester/playground-tester/node_modules/@wp-playground/blueprints/index.js:12446:23)
        at async ms (file:///home/runner/work/playground-tester/playground-tester/node_modules/@wp-playground/blueprints/index.js:12552:3)
        at async Object.onBind (file:///home/runner/work/playground-tester/playground-tester/node_modules/@wp-playground/cli/index.js:227:48)
        at async V (file:///home/runner/work/playground-tester/playground-tester/node_modules/@wp-playground/cli/index.js:64:10)
        at async ja (file:///home/runner/work/playground-tester/playground-tester/node_modules/@wp-playground/cli/cli.js:8161:12)
  }
}

Node.js v23.11.0
