file:///home/runner/work/playground-tester/playground-tester/node_modules/@wp-playground/cli/run-cli-j-geJYS3.js:325
        throw new Error($, { cause: h });
              ^

Error: [29-Jun-2025 17:50:37 UTC] PHP Deprecated:  Required parameter $namespace follows optional parameter $directories in /wordpress/wp-content/plugins/amazing-rd-responsive-gallery/lib/autoload.php on line 163
[29-Jun-2025 17:50:37 UTC] PHP Fatal error:  Uncaught Error: Cannot call constructor in /wordpress/wp-content/plugins/amazing-rd-responsive-gallery/lib/classes/metabox.php:30
Stack trace:
#0 /wordpress/wp-content/plugins/amazing-rd-responsive-gallery/amaz-rd-gallery.php(89): VP_Metabox->__construct(Array)
#1 /wordpress/wp-admin/includes/plugin.php(2387): include_once('/wordpress/wp-c...')
#2 /wordpress/wp-admin/includes/plugin.php(673): plugin_sandbox_scrape('amazing-rd-resp...')
#3 /internal/eval.php(20): activate_plugin('amazing-rd-resp...')
#4 {main}
  thrown in /wordpress/wp-content/plugins/amazing-rd-responsive-gallery/lib/classes/metabox.php on line 30
[29-Jun-2025 17:50:46 UTC] PHP Deprecated:  Required parameter $namespace follows optional parameter $directories in /wordpress/wp-content/plugins/amazing-rd-responsive-gallery/lib/autoload.php on line 163
[29-Jun-2025 17:50:46 UTC] PHP Fatal error:  Uncaught Error: Cannot call constructor in /wordpress/wp-content/plugins/amazing-rd-responsive-gallery/lib/classes/metabox.php:30
Stack trace:
#0 /wordpress/wp-content/plugins/amazing-rd-responsive-gallery/amaz-rd-gallery.php(89): VP_Metabox->__construct(Array)
#1 /wordpress/wp-admin/includes/plugin.php(2387): include_once('/wordpress/wp-c...')
#2 /wordpress/wp-admin/includes/plugin.php(673): plugin_sandbox_scrape('amazing-rd-resp...')
#3 /internal/eval.php(20): activate_plugin('amazing-rd-resp...')
#4 {main}
  thrown in /wordpress/wp-content/plugins/amazing-rd-responsive-gallery/lib/classes/metabox.php on line 30
[29-Jun-2025 17:50:55 UTC] PHP Deprecated:  Required parameter $namespace follows optional parameter $directories in /wordpress/wp-content/plugins/amazing-rd-responsive-gallery/lib/autoload.php on line 163
[29-Jun-2025 17:50:55 UTC] PHP Fatal error:  Uncaught Error: Cannot call constructor in /wordpress/wp-content/plugins/amazing-rd-responsive-gallery/lib/classes/metabox.php:30
Stack trace:
#0 /wordpress/wp-content/plugins/amazing-rd-responsive-gallery/amaz-rd-gallery.php(89): VP_Metabox->__construct(Array)
#1 /wordpress/wp-admin/includes/plugin.php(2387): include_once('/wordpress/wp-c...')
#2 /wordpress/wp-admin/includes/plugin.php(673): plugin_sandbox_scrape('amazing-rd-resp...')
#3 /internal/eval.php(20): activate_plugin('amazing-rd-resp...')
#4 {main}
  thrown in /wordpress/wp-content/plugins/amazing-rd-responsive-gallery/lib/classes/metabox.php on line 30
[29-Jun-2025 17:51:03 UTC] PHP Fatal error:  Uncaught Error: Non-static method WAALG::init_settings() cannot be called statically in /wordpress/wp-content/plugins/amazon-affiliate-link-globalizer/amazon-link-globalizer.php:89
Stack trace:
#0 /wordpress/wp-includes/class-wp-hook.php(324): WAALG::activate(false)
#1 /wordpress/wp-includes/class-wp-hook.php(348): WP_Hook->apply_filters('', Array)
#2 /wordpress/wp-includes/plugin.php(517): WP_Hook->do_action(Array)
#3 /wordpress/wp-admin/includes/plugin.php(703): do_action('activate_amazon...', false)
#4 /internal/eval.php(20): activate_plugin('amazon-affiliat...')
#5 {main}
  thrown in /wordpress/wp-content/plugins/amazon-affiliate-link-globalizer/amazon-link-globalizer.php on line 89
[29-Jun-2025 17:51:10 UTC] PHP Fatal error:  Uncaught Error: Non-static method WAALG::init_settings() cannot be called statically in /wordpress/wp-content/plugins/amazon-affiliate-link-globalizer/amazon-link-globalizer.php:89
Stack trace:
#0 /wordpress/wp-includes/class-wp-hook.php(324): WAALG::activate(false)
#1 /wordpress/wp-includes/class-wp-hook.php(348): WP_Hook->apply_filters('', Array)
#2 /wordpress/wp-includes/plugin.php(517): WP_Hook->do_action(Array)
#3 /wordpress/wp-admin/includes/plugin.php(703): do_action('activate_amazon...', false)
#4 /internal/eval.php(20): activate_plugin('amazon-affiliat...')
#5 {main}
  thrown in /wordpress/wp-content/plugins/amazon-affiliate-link-globalizer/amazon-link-globalizer.php on line 89
[29-Jun-2025 17:51:18 UTC] PHP Fatal error:  Uncaught Error: Non-static method WAALG::init_settings() cannot be called statically in /wordpress/wp-content/plugins/amazon-affiliate-link-globalizer/amazon-link-globalizer.php:89
Stack trace:
#0 /wordpress/wp-includes/class-wp-hook.php(324): WAALG::activate(false)
#1 /wordpress/wp-includes/class-wp-hook.php(348): WP_Hook->apply_filters('', Array)
#2 /wordpress/wp-includes/plugin.php(517): WP_Hook->do_action(Array)
#3 /wordpress/wp-admin/includes/plugin.php(703): do_action('activate_amazon...', false)
#4 /internal/eval.php(20): activate_plugin('amazon-affiliat...')
#5 {main}
  thrown in /wordpress/wp-content/plugins/amazon-affiliate-link-globalizer/amazon-link-globalizer.php on line 89
[29-Jun-2025 17:52:17 UTC] PHP Fatal error:  Uncaught Error: Call to undefined function create_function() in /wordpress/wp-content/plugins/accessibility-access-keys/accessibilityaccesskeys.php:42
Stack trace:
#0 /wordpress/wp-admin/includes/plugin.php(2387): include_once()
#1 /wordpress/wp-admin/includes/plugin.php(673): plugin_sandbox_scrape('accessibility-a...')
#2 /internal/eval.php(20): activate_plugin('accessibility-a...')
#3 {main}
  thrown in /wordpress/wp-content/plugins/accessibility-access-keys/accessibilityaccesskeys.php on line 42
[29-Jun-2025 17:52:25 UTC] PHP Fatal error:  Uncaught Error: Call to undefined function create_function() in /wordpress/wp-content/plugins/accessibility-access-keys/accessibilityaccesskeys.php:42
Stack trace:
#0 /wordpress/wp-admin/includes/plugin.php(2387): include_once()
#1 /wordpress/wp-admin/includes/plugin.php(673): plugin_sandbox_scrape('accessibility-a...')
#2 /internal/eval.php(20): activate_plugin('accessibility-a...')
#3 {main}
  thrown in /wordpress/wp-content/plugins/accessibility-access-keys/accessibilityaccesskeys.php on line 42
[29-Jun-2025 17:52:33 UTC] PHP Fatal error:  Uncaught Error: Call to undefined function create_function() in /wordpress/wp-content/plugins/accessibility-access-keys/accessibilityaccesskeys.php:42
Stack trace:
#0 /wordpress/wp-admin/includes/plugin.php(2387): include_once()
#1 /wordpress/wp-admin/includes/plugin.php(673): plugin_sandbox_scrape('accessibility-a...')
#2 /internal/eval.php(20): activate_plugin('accessibility-a...')
#3 {main}
  thrown in /wordpress/wp-content/plugins/accessibility-access-keys/accessibilityaccesskeys.php on line 42
[29-Jun-2025 17:56:09 UTC] PHP Parse error:  syntax error, unexpected token "new" in /wordpress/wp-content/plugins/bsuite/bsuite.php on line 3286
[29-Jun-2025 17:56:17 UTC] PHP Parse error:  syntax error, unexpected token "new" in /wordpress/wp-content/plugins/bsuite/bsuite.php on line 3286
[29-Jun-2025 17:56:25 UTC] PHP Parse error:  syntax error, unexpected token "new" in /wordpress/wp-content/plugins/bsuite/bsuite.php on line 3286
[29-Jun-2025 17:58:37 UTC] PHP Deprecated:  Required parameter $no follows optional parameter $orderby in /wordpress/wp-content/plugins/amumu-board/amumu-board-core.php on line 219
[29-Jun-2025 17:58:37 UTC] PHP Deprecated:  Required parameter $reply_id follows optional parameter $pid in /wordpress/wp-content/plugins/amumu-board/amumu-board-core.php on line 965
[29-Jun-2025 17:58:37 UTC] PHP Deprecated:  Required parameter $parent_comment_id follows optional parameter $pid in /wordpress/wp-content/plugins/amumu-board/amumu-board-core.php on line 1103
[29-Jun-2025 17:58:38 UTC] PHP Deprecated:  Required parameter $no follows optional parameter $orderby in /wordpress/wp-content/plugins/amumu-board/amumu-board-core.php on line 219
[29-Jun-2025 17:58:38 UTC] PHP Deprecated:  Required parameter $reply_id follows optional parameter $pid in /wordpress/wp-content/plugins/amumu-board/amumu-board-core.php on line 965
[29-Jun-2025 17:58:38 UTC] PHP Deprecated:  Required parameter $parent_comment_id follows optional parameter $pid in /wordpress/wp-content/plugins/amumu-board/amumu-board-core.php on line 1103
[29-Jun-2025 17:58:47 UTC] PHP Deprecated:  Required parameter $no follows optional parameter $orderby in /wordpress/wp-content/plugins/amumu-board/amumu-board-core.php on line 219
[29-Jun-2025 17:58:47 UTC] PHP Deprecated:  Required parameter $reply_id follows optional parameter $pid in /wordpress/wp-content/plugins/amumu-board/amumu-board-core.php on line 965
[29-Jun-2025 17:58:47 UTC] PHP Deprecated:  Required parameter $parent_comment_id follows optional parameter $pid in /wordpress/wp-content/plugins/amumu-board/amumu-board-core.php on line 1103
[29-Jun-2025 17:58:48 UTC] PHP Deprecated:  Required parameter $no follows optional parameter $orderby in /wordpress/wp-content/plugins/amumu-board/amumu-board-core.php on line 219
[29-Jun-2025 17:58:48 UTC] PHP Deprecated:  Required parameter $reply_id follows optional parameter $pid in /wordpress/wp-content/plugins/amumu-board/amumu-board-core.php on line 965
[29-Jun-2025 17:58:48 UTC] PHP Deprecated:  Required parameter $parent_comment_id follows optional parameter $pid in /wordpress/wp-content/plugins/amumu-board/amumu-board-core.php on line 1103
[29-Jun-2025 17:58:57 UTC] PHP Deprecated:  Required parameter $no follows optional parameter $orderby in /wordpress/wp-content/plugins/amumu-board/amumu-board-core.php on line 219
[29-Jun-2025 17:58:57 UTC] PHP Deprecated:  Required parameter $reply_id follows optional parameter $pid in /wordpress/wp-content/plugins/amumu-board/amumu-board-core.php on line 965
[29-Jun-2025 17:58:57 UTC] PHP Deprecated:  Required parameter $parent_comment_id follows optional parameter $pid in /wordpress/wp-content/plugins/amumu-board/amumu-board-core.php on line 1103
[29-Jun-2025 17:58:58 UTC] PHP Deprecated:  Required parameter $no follows optional parameter $orderby in /wordpress/wp-content/plugins/amumu-board/amumu-board-core.php on line 219
[29-Jun-2025 17:58:58 UTC] PHP Deprecated:  Required parameter $reply_id follows optional parameter $pid in /wordpress/wp-content/plugins/amumu-board/amumu-board-core.php on line 965
[29-Jun-2025 17:58:58 UTC] PHP Deprecated:  Required parameter $parent_comment_id follows optional parameter $pid in /wordpress/wp-content/plugins/amumu-board/amumu-board-core.php on line 1103
[29-Jun-2025 18:01:34 UTC] PHP Fatal error:  Uncaught TypeError: Unsupported operand types: appfoliosync\clsAppfoSyLoader * int in /wordpress/wp-content/plugins/appfolio-sync/appfolio-sync.php:50
Stack trace:
#0 /wordpress/wp-admin/includes/plugin.php(2387): include_once()
#1 /wordpress/wp-admin/includes/plugin.php(673): plugin_sandbox_scrape('appfolio-sync/a...')
#2 /internal/eval.php(20): activate_plugin('appfolio-sync/a...')
#3 {main}
  thrown in /wordpress/wp-content/plugins/appfolio-sync/appfolio-sync.php on line 50
[29-Jun-2025 18:01:43 UTC] PHP Fatal error:  Uncaught TypeError: Unsupported operand types: appfoliosync\clsAppfoSyLoader * int in /wordpress/wp-content/plugins/appfolio-sync/appfolio-sync.php:50
Stack trace:
#0 /wordpress/wp-admin/includes/plugin.php(2387): include_once()
#1 /wordpress/wp-admin/includes/plugin.php(673): plugin_sandbox_scrape('appfolio-sync/a...')
#2 /internal/eval.php(20): activate_plugin('appfolio-sync/a...')
#3 {main}
  thrown in /wordpress/wp-content/plugins/appfolio-sync/appfolio-sync.php on line 50
[29-Jun-2025 18:01:52 UTC] PHP Fatal error:  Uncaught TypeError: Unsupported operand types: appfoliosync\clsAppfoSyLoader * int in /wordpress/wp-content/plugins/appfolio-sync/appfolio-sync.php:50
Stack trace:
#0 /wordpress/wp-admin/includes/plugin.php(2387): include_once()
#1 /wordpress/wp-admin/includes/plugin.php(673): plugin_sandbox_scrape('appfolio-sync/a...')
#2 /internal/eval.php(20): activate_plugin('appfolio-sync/a...')
#3 {main}
  thrown in /wordpress/wp-content/plugins/appfolio-sync/appfolio-sync.php on line 50

    at Object.onBind (file:///home/runner/work/playground-tester/playground-tester/node_modules/@wp-playground/cli/run-cli-j-geJYS3.js:325:15)
    at process.processTicksAndRejections (node:internal/process/task_queues:105:5)
    at async re (file:///home/runner/work/playground-tester/playground-tester/node_modules/@wp-playground/cli/run-cli-j-geJYS3.js:149:10) {
  [cause]: Error: Error when executing the blueprint step #1 ({"step":"installPlugin","pluginData":{"resource":"wordpress.org/plugins","slug":"appfolio-sync"},"options":{"activate":true}}) : PHP.run() failed with exit code 255 and the following output: 
      at Object.run (file:///home/runner/work/playground-tester/playground-tester/node_modules/@wp-playground/blueprints/index.js:12093:19)
      at process.processTicksAndRejections (node:internal/process/task_queues:105:5)
      at async ys (file:///home/runner/work/playground-tester/playground-tester/node_modules/@wp-playground/blueprints/index.js:12196:3)
      at async Object.onBind (file:///home/runner/work/playground-tester/playground-tester/node_modules/@wp-playground/cli/run-cli-j-geJYS3.js:315:48)
      at async re (file:///home/runner/work/playground-tester/playground-tester/node_modules/@wp-playground/cli/run-cli-j-geJYS3.js:149:10) {
    [cause]: PHPExecutionFailureError: PHP.run() failed with exit code 255 and the following output: 
        at PHP.run (file:///home/runner/work/playground-tester/playground-tester/node_modules/@php-wasm/universal/index.js:1034:19)
        at process.processTicksAndRejections (node:internal/process/task_queues:105:5)
        at async wr (file:///home/runner/work/playground-tester/playground-tester/node_modules/@wp-playground/blueprints/index.js:34:39)
        at async Object.gt [as installPlugin] (file:///home/runner/work/playground-tester/playground-tester/node_modules/@wp-playground/blueprints/index.js:631:42)
        at async g (file:///home/runner/work/playground-tester/playground-tester/node_modules/@wp-playground/blueprints/index.js:12161:30)
        at async Object.run (file:///home/runner/work/playground-tester/playground-tester/node_modules/@wp-playground/blueprints/index.js:12090:23)
        at async ys (file:///home/runner/work/playground-tester/playground-tester/node_modules/@wp-playground/blueprints/index.js:12196:3)
        at async Object.onBind (file:///home/runner/work/playground-tester/playground-tester/node_modules/@wp-playground/cli/run-cli-j-geJYS3.js:315:48)
        at async re (file:///home/runner/work/playground-tester/playground-tester/node_modules/@wp-playground/cli/run-cli-j-geJYS3.js:149:10) {
      response: PHPResponse {
        httpStatusCode: 500,
        headers: {
          'x-powered-by': [ 'PHP/8.0.30-dev' ],
          'content-type': [ 'text/html; charset=UTF-8' ]
        },
        bytes: Uint8Array(0) [],
        exitCode: 255,
        errors: ''
      },
      source: 'request'
    }
  }
}

Node.js v23.11.0
