file:///home/runner/work/playground-tester/playground-tester/node_modules/@wp-playground/cli/index.js:237
        throw new Error(y, { cause: u });
              ^

Error: [26-May-2025 07:37:06 UTC] WordPress database error <div style="clear:both">&nbsp;</div>
<div class="queries" style="clear:both;margin-bottom:2px;border:red dotted thin;">
<p>MySQL query:</p>
<p>alter table wp_cackle_channel modify id bigint(20) NOT NULL</p>
<p>Queries made or created this session were:</p>
<ol>
<li>Executing: BEGIN | (no parameters)</li>
<li>Executing: ROLLBACK | (no parameters)</li>
</ol>
</div>
<div style="clear:both;margin-bottom:2px;border:red dotted thin;" class="error_message" style="border-bottom:dotted blue thin;">
Error occurred at line 4117 in Function <code>handle_error</code>. Error message was: Unknown operation: MODIFY.
</div>
<p>Backtrace:</p>
<pre>#0 /internal/shared/sqlite-database-integration/wp-includes/sqlite/class-wp-sqlite-db.php(287): WP_SQLite_Translator->get_error_message()
#1 /wordpress/wp-content/plugins/cackle/cackle_activate.php(40): WP_SQLite_DB->query('alter table wp_...')
#2 /wordpress/wp-content/plugins/cackle/cackle_activate.php(55): cackle_install()
#3 /wordpress/wp-content/plugins/cackle/cackle.php(102): require_once('/wordpress/wp-c...')
#4 /wordpress/wp-admin/includes/plugin.php(2387): include_once('/wordpress/wp-c...')
#5 /wordpress/wp-admin/includes/plugin.php(673): plugin_sandbox_scrape('cackle/cackle.p...')
#6 /internal/eval.php(20): activate_plugin('cackle/cackle.p...')
#7 {main}</pre>
 for query alter table wp_cackle_channel modify id bigint(20) NOT NULL made by activate_plugin, plugin_sandbox_scrape, include_once('/plugins/cackle/cackle.php'), require_once('/plugins/cackle/cackle_activate.php'), cackle_install, WP_SQLite_DB->query, WP_SQLite_DB->print_error
[26-May-2025 07:37:06 UTC] WordPress database error <div style="clear:both">&nbsp;</div>
<div class="queries" style="clear:both;margin-bottom:2px;border:red dotted thin;">
<p>MySQL query:</p>
<p>alter table wp_cackle_channel modify id bigint(20) NOT NULL</p>
<p>Queries made or created this session were:</p>
<ol>
<li>Executing: BEGIN | (no parameters)</li>
<li>Executing: ROLLBACK | (no parameters)</li>
</ol>
</div>
<div style="clear:both;margin-bottom:2px;border:red dotted thin;" class="error_message" style="border-bottom:dotted blue thin;">
Error occurred at line 4117 in Function <code>handle_error</code>. Error message was: Unknown operation: MODIFY.
</div>
<p>Backtrace:</p>
<pre>#0 /internal/shared/sqlite-database-integration/wp-includes/sqlite/class-wp-sqlite-db.php(287): WP_SQLite_Translator->get_error_message()
#1 /wordpress/wp-content/plugins/cackle/cackle_activate.php(40): WP_SQLite_DB->query('alter table wp_...')
#2 /wordpress/wp-content/plugins/cackle/cackle_activate.php(4): cackle_install()
#3 /wordpress/wp-includes/class-wp-hook.php(324): cackle_activate(false)
#4 /wordpress/wp-includes/class-wp-hook.php(348): WP_Hook->apply_filters('', Array)
#5 /wordpress/wp-includes/plugin.php(517): WP_Hook->do_action(Array)
#6 /wordpress/wp-admin/includes/plugin.php(703): do_action('activate_cackle...', false)
#7 /internal/eval.php(20): activate_plugin('cackle/cackle.p...')
#8 {main}</pre>
 for query alter table wp_cackle_channel modify id bigint(20) NOT NULL made by activate_plugin, do_action('activate_cackle/cackle.php'), WP_Hook->do_action, WP_Hook->apply_filters, cackle_activate, cackle_install, WP_SQLite_DB->query, WP_SQLite_DB->print_error
[26-May-2025 07:37:15 UTC] WordPress database error <div style="clear:both">&nbsp;</div>
<div class="queries" style="clear:both;margin-bottom:2px;border:red dotted thin;">
<p>MySQL query:</p>
<p>alter table wp_cackle_channel modify id bigint(20) NOT NULL</p>
<p>Queries made or created this session were:</p>
<ol>
<li>Executing: BEGIN | (no parameters)</li>
<li>Executing: ROLLBACK | (no parameters)</li>
</ol>
</div>
<div style="clear:both;margin-bottom:2px;border:red dotted thin;" class="error_message" style="border-bottom:dotted blue thin;">
Error occurred at line 4117 in Function <code>handle_error</code>. Error message was: Unknown operation: MODIFY.
</div>
<p>Backtrace:</p>
<pre>#0 /internal/shared/sqlite-database-integration/wp-includes/sqlite/class-wp-sqlite-db.php(287): WP_SQLite_Translator->get_error_message()
#1 /wordpress/wp-content/plugins/cackle/cackle_activate.php(40): WP_SQLite_DB->query('alter table wp_...')
#2 /wordpress/wp-content/plugins/cackle/cackle_activate.php(55): cackle_install()
#3 /wordpress/wp-content/plugins/cackle/cackle.php(102): require_once('/wordpress/wp-c...')
#4 /wordpress/wp-admin/includes/plugin.php(2387): include_once('/wordpress/wp-c...')
#5 /wordpress/wp-admin/includes/plugin.php(673): plugin_sandbox_scrape('cackle/cackle.p...')
#6 /internal/eval.php(20): activate_plugin('cackle/cackle.p...')
#7 {main}</pre>
 for query alter table wp_cackle_channel modify id bigint(20) NOT NULL made by activate_plugin, plugin_sandbox_scrape, include_once('/plugins/cackle/cackle.php'), require_once('/plugins/cackle/cackle_activate.php'), cackle_install, WP_SQLite_DB->query, WP_SQLite_DB->print_error
[26-May-2025 07:37:15 UTC] WordPress database error <div style="clear:both">&nbsp;</div>
<div class="queries" style="clear:both;margin-bottom:2px;border:red dotted thin;">
<p>MySQL query:</p>
<p>alter table wp_cackle_channel modify id bigint(20) NOT NULL</p>
<p>Queries made or created this session were:</p>
<ol>
<li>Executing: BEGIN | (no parameters)</li>
<li>Executing: ROLLBACK | (no parameters)</li>
</ol>
</div>
<div style="clear:both;margin-bottom:2px;border:red dotted thin;" class="error_message" style="border-bottom:dotted blue thin;">
Error occurred at line 4117 in Function <code>handle_error</code>. Error message was: Unknown operation: MODIFY.
</div>
<p>Backtrace:</p>
<pre>#0 /internal/shared/sqlite-database-integration/wp-includes/sqlite/class-wp-sqlite-db.php(287): WP_SQLite_Translator->get_error_message()
#1 /wordpress/wp-content/plugins/cackle/cackle_activate.php(40): WP_SQLite_DB->query('alter table wp_...')
#2 /wordpress/wp-content/plugins/cackle/cackle_activate.php(4): cackle_install()
#3 /wordpress/wp-includes/class-wp-hook.php(324): cackle_activate(false)
#4 /wordpress/wp-includes/class-wp-hook.php(348): WP_Hook->apply_filters('', Array)
#5 /wordpress/wp-includes/plugin.php(517): WP_Hook->do_action(Array)
#6 /wordpress/wp-admin/includes/plugin.php(703): do_action('activate_cackle...', false)
#7 /internal/eval.php(20): activate_plugin('cackle/cackle.p...')
#8 {main}</pre>
 for query alter table wp_cackle_channel modify id bigint(20) NOT NULL made by activate_plugin, do_action('activate_cackle/cackle.php'), WP_Hook->do_action, WP_Hook->apply_filters, cackle_activate, cackle_install, WP_SQLite_DB->query, WP_SQLite_DB->print_error
[26-May-2025 07:37:52 UTC] PHP Warning:  Trying to access array offset on value of type bool in /wordpress/wp-content/plugins/captcha-in-thai/captcha-in-thai.php on line 100
[26-May-2025 07:37:52 UTC] PHP Warning:  Trying to access array offset on value of type bool in /wordpress/wp-content/plugins/captcha-in-thai/captcha-in-thai.php on line 106
[26-May-2025 07:37:52 UTC] PHP Warning:  Trying to access array offset on value of type bool in /wordpress/wp-content/plugins/captcha-in-thai/captcha-in-thai.php on line 113
[26-May-2025 07:37:52 UTC] PHP Warning:  Trying to access array offset on value of type bool in /wordpress/wp-content/plugins/captcha-in-thai/captcha-in-thai.php on line 118
[26-May-2025 07:37:53 UTC] PHP Warning:  Trying to access array offset on value of type bool in /wordpress/wp-content/plugins/captcha-in-thai/captcha-in-thai.php on line 100
[26-May-2025 07:37:53 UTC] PHP Warning:  Trying to access array offset on value of type bool in /wordpress/wp-content/plugins/captcha-in-thai/captcha-in-thai.php on line 106
[26-May-2025 07:37:53 UTC] PHP Warning:  Trying to access array offset on value of type bool in /wordpress/wp-content/plugins/captcha-in-thai/captcha-in-thai.php on line 113
[26-May-2025 07:37:53 UTC] PHP Warning:  Trying to access array offset on value of type bool in /wordpress/wp-content/plugins/captcha-in-thai/captcha-in-thai.php on line 118
[26-May-2025 07:38:01 UTC] PHP Warning:  Trying to access array offset on value of type bool in /wordpress/wp-content/plugins/captcha-in-thai/captcha-in-thai.php on line 100
[26-May-2025 07:38:01 UTC] PHP Warning:  Trying to access array offset on value of type bool in /wordpress/wp-content/plugins/captcha-in-thai/captcha-in-thai.php on line 106
[26-May-2025 07:38:01 UTC] PHP Warning:  Trying to access array offset on value of type bool in /wordpress/wp-content/plugins/captcha-in-thai/captcha-in-thai.php on line 113
[26-May-2025 07:38:01 UTC] PHP Warning:  Trying to access array offset on value of type bool in /wordpress/wp-content/plugins/captcha-in-thai/captcha-in-thai.php on line 118
[26-May-2025 07:38:02 UTC] PHP Warning:  Trying to access array offset on value of type bool in /wordpress/wp-content/plugins/captcha-in-thai/captcha-in-thai.php on line 100
[26-May-2025 07:38:02 UTC] PHP Warning:  Trying to access array offset on value of type bool in /wordpress/wp-content/plugins/captcha-in-thai/captcha-in-thai.php on line 106
[26-May-2025 07:38:02 UTC] PHP Warning:  Trying to access array offset on value of type bool in /wordpress/wp-content/plugins/captcha-in-thai/captcha-in-thai.php on line 113
[26-May-2025 07:38:02 UTC] PHP Warning:  Trying to access array offset on value of type bool in /wordpress/wp-content/plugins/captcha-in-thai/captcha-in-thai.php on line 118
[26-May-2025 07:38:10 UTC] PHP Warning:  Trying to access array offset on value of type bool in /wordpress/wp-content/plugins/captcha-in-thai/captcha-in-thai.php on line 100
[26-May-2025 07:38:10 UTC] PHP Warning:  Trying to access array offset on value of type bool in /wordpress/wp-content/plugins/captcha-in-thai/captcha-in-thai.php on line 106
[26-May-2025 07:38:10 UTC] PHP Warning:  Trying to access array offset on value of type bool in /wordpress/wp-content/plugins/captcha-in-thai/captcha-in-thai.php on line 113
[26-May-2025 07:38:10 UTC] PHP Warning:  Trying to access array offset on value of type bool in /wordpress/wp-content/plugins/captcha-in-thai/captcha-in-thai.php on line 118
[26-May-2025 07:38:11 UTC] PHP Warning:  Trying to access array offset on value of type bool in /wordpress/wp-content/plugins/captcha-in-thai/captcha-in-thai.php on line 100
[26-May-2025 07:38:11 UTC] PHP Warning:  Trying to access array offset on value of type bool in /wordpress/wp-content/plugins/captcha-in-thai/captcha-in-thai.php on line 106
[26-May-2025 07:38:11 UTC] PHP Warning:  Trying to access array offset on value of type bool in /wordpress/wp-content/plugins/captcha-in-thai/captcha-in-thai.php on line 113
[26-May-2025 07:38:11 UTC] PHP Warning:  Trying to access array offset on value of type bool in /wordpress/wp-content/plugins/captcha-in-thai/captcha-in-thai.php on line 118
[26-May-2025 07:41:37 UTC] PHP Warning:  Undefined property: stdClass::$Collation in /wordpress/wp-admin/includes/upgrade.php on line 2734
[26-May-2025 07:45:37 UTC] WordPress database error <div style="clear:both">&nbsp;</div>
<div class="queries" style="clear:both;margin-bottom:2px;border:red dotted thin;">
<p>MySQL query:</p>
<p>CREATE TABLE `wp_cwvpb_critical_urls` (
			`id` bigint( 20 ) unsigned NOT NULL AUTO_INCREMENT,
			`url_id` bigint( 20 ) unsigned NOT NULL,
			`type` varchar(20),
			`type_name` varchar(50),
			`url` varchar(250) NOT NULL,
			`status` varchar(20) NOT NULL DEFAULT 'queue',					
			`cached_name` varchar(100),
			`created_at` datetime NOT NULL,
			`updated_at` timestamp NOT NULL DEFAULT current_timestamp() ON UPDATE current_timestamp(),
			`failed_error` text  NOT NULL,
			 KEY `url` ( `url` ),
			 PRIMARY KEY (`id`),
			 CONSTRAINT cwvpb_unique UNIQUE (`url`)
		)  DEFAULT CHARACTER SET utf8mb4</p>
<p>Queries made or created this session were:</p>
<ol>
<li>Executing: BEGIN | (no parameters)</li>
<li>Executing: INSERT INTO _mysql_data_types_cache (`table`, `column_or_index`, `mysql_type`)
				VALUES (:table, :column, :datatype)
				ON CONFLICT(`table`, `column_or_index`) DO UPDATE SET `mysql_type` = :datatype
			 | parameters: wp_cwvpb_critical_urls, id, bigint(20) unsigned</li>
<li>Executing: INSERT INTO _mysql_data_types_cache (`table`, `column_or_index`, `mysql_type`)
				VALUES (:table, :column, :datatype)
				ON CONFLICT(`table`, `column_or_index`) DO UPDATE SET `mysql_type` = :datatype
			 | parameters: wp_cwvpb_critical_urls, url_id, bigint(20) unsigned</li>
<li>Executing: INSERT INTO _mysql_data_types_cache (`table`, `column_or_index`, `mysql_type`)
				VALUES (:table, :column, :datatype)
				ON CONFLICT(`table`, `column_or_index`) DO UPDATE SET `mysql_type` = :datatype
			 | parameters: wp_cwvpb_critical_urls, type, varchar(20)</li>
<li>Executing: INSERT INTO _mysql_data_types_cache (`table`, `column_or_index`, `mysql_type`)
				VALUES (:table, :column, :datatype)
				ON CONFLICT(`table`, `column_or_index`) DO UPDATE SET `mysql_type` = :datatype
			 | parameters: wp_cwvpb_critical_urls, type_name, varchar(50)</li>
<li>Executing: INSERT INTO _mysql_data_types_cache (`table`, `column_or_index`, `mysql_type`)
				VALUES (:table, :column, :datatype)
				ON CONFLICT(`table`, `column_or_index`) DO UPDATE SET `mysql_type` = :datatype
			 | parameters: wp_cwvpb_critical_urls, url, varchar(250)</li>
<li>Executing: INSERT INTO _mysql_data_types_cache (`table`, `column_or_index`, `mysql_type`)
				VALUES (:table, :column, :datatype)
				ON CONFLICT(`table`, `column_or_index`) DO UPDATE SET `mysql_type` = :datatype
			 | parameters: wp_cwvpb_critical_urls, status, varchar(20)</li>
<li>Executing: INSERT INTO _mysql_data_types_cache (`table`, `column_or_index`, `mysql_type`)
				VALUES (:table, :column, :datatype)
				ON CONFLICT(`table`, `column_or_index`) DO UPDATE SET `mysql_type` = :datatype
			 | parameters: wp_cwvpb_critical_urls, cached_name, varchar(100)</li>
<li>Executing: INSERT INTO _mysql_data_types_cache (`table`, `column_or_index`, `mysql_type`)
				VALUES (:table, :column, :datatype)
				ON CONFLICT(`table`, `column_or_index`) DO UPDATE SET `mysql_type` = :datatype
			 | parameters: wp_cwvpb_critical_urls, created_at, datetime</li>
<li>Executing: INSERT INTO _mysql_data_types_cache (`table`, `column_or_index`, `mysql_type`)
				VALUES (:table, :column, :datatype)
				ON CONFLICT(`table`, `column_or_index`) DO UPDATE SET `mysql_type` = :datatype
			 | parameters: wp_cwvpb_critical_urls, updated_at, timestamp</li>
<li>Executing: INSERT INTO _mysql_data_types_cache (`table`, `column_or_index`, `mysql_type`)
				VALUES (:table, :column, :datatype)
				ON CONFLICT(`table`, `column_or_index`) DO UPDATE SET `mysql_type` = :datatype
			 | parameters: wp_cwvpb_critical_urls, failed_error, text</li>
<li>Executing: CREATE TABLE &quot;wp_cwvpb_critical_urls&quot; (
&quot;id&quot; integer PRIMARY KEY AUTOINCREMENT NOT NULL ON CONFLICT REPLACE DEFAULT 0,
&quot;url_id&quot; integer NOT NULL ON CONFLICT REPLACE DEFAULT 0,
&quot;type&quot; text COLLATE NOCASE,
&quot;type_name&quot; text COLLATE NOCASE,
&quot;url&quot; text NOT NULL ON CONFLICT REPLACE DEFAULT '' COLLATE NOCASE,
&quot;status&quot; text NOT NULL ON CONFLICT REPLACE DEFAULT 'queue' COLLATE NOCASE,
&quot;cached_name&quot; text COLLATE NOCASE,
&quot;created_at&quot; text NOT NULL ON CONFLICT REPLACE DEFAULT '' COLLATE NOCASE,
&quot;updated_at&quot; text NOT NULL ON CONFLICT REPLACE DEFAULT current_timestamp COLLATE NOCASE,
&quot;failed_error&quot; text NOT NULL ON CONFLICT REPLACE DEFAULT '' COLLATE NOCASE) | (no parameters)</li>
<li>Executing: CREATE  INDEX  &quot;wp_cwvpb_critical_urls__url&quot; ON &quot;wp_cwvpb_critical_urls&quot; (&quot;url&quot;) | (no parameters)</li>
<li>Executing: INSERT INTO _mysql_data_types_cache (`table`, `column_or_index`, `mysql_type`)
				VALUES (:table, :column, :datatype)
				ON CONFLICT(`table`, `column_or_index`) DO UPDATE SET `mysql_type` = :datatype
			 | parameters: wp_cwvpb_critical_urls, wp_cwvpb_critical_urls__url, KEY</li>
<li>Executing: CREATE  INDEX  &quot;wp_cwvpb_critical_urls__&quot; ON &quot;wp_cwvpb_critical_urls&quot; (&quot;&quot;) | (no parameters)</li>
<li>Executing: INSERT INTO _mysql_data_types_cache (`table`, `column_or_index`, `mysql_type`)
				VALUES (:table, :column, :datatype)
				ON CONFLICT(`table`, `column_or_index`) DO UPDATE SET `mysql_type` = :datatype
			 | parameters: wp_cwvpb_critical_urls, wp_cwvpb_critical_urls__, </li>
<li>Executing: ROLLBACK | (no parameters)</li>
</ol>
</div>
<div style="clear:both;margin-bottom:2px;border:red dotted thin;" class="error_message" style="border-bottom:dotted blue thin;">
Error occurred at line 4117 in Function <code>handle_error</code>. Error message was: SQLSTATE[23000]: Integrity constraint violation: 19 NOT NULL constraint failed: _mysql_data_types_cache.mysql_type.
</div>
<p>Backtrace:</p>
<pre>#0 /internal/shared/sqlite-database-integration/wp-includes/sqlite/class-wp-sqlite-db.php(287): WP_SQLite_Translator->get_error_message()
#1 /wordpress/wp-admin/includes/upgrade.php(3280): WP_SQLite_DB->query('CREATE TABLE `w...')
#2 /wordpress/wp-content/plugins/core-web-vitals-pagespeed-booster/core-web-vitals-pagespeed-booster.php(151): dbDelta(Array)
#3 /wordpress/wp-content/plugins/core-web-vitals-pagespeed-booster/core-web-vitals-pagespeed-booster.php(88): cwvpsb_on_install()
#4 /wordpress/wp-includes/class-wp-hook.php(324): cwvpsb_on_activate(false)
#5 /wordpress/wp-includes/class-wp-hook.php(348): WP_Hook->apply_filters('', Array)
#6 /wordpress/wp-includes/plugin.php(517): WP_Hook->do_action(Array)
#7 /wordpress/wp-admin/includes/plugin.php(703): do_action('activate_core-w...', false)
#8 /internal/eval.php(20): activate_plugin('core-web-vitals...')
#9 {main}</pre>
 for query CREATE TABLE `wp_cwvpb_critical_urls` (
			`id` bigint( 20 ) unsigned NOT NULL AUTO_INCREMENT,
			`url_id` bigint( 20 ) unsigned NOT NULL,
			`type` varchar(20),
			`type_name` varchar(50),
			`url` varchar(250) NOT NULL,
			`status` varchar(20) NOT NULL DEFAULT 'queue',					
			`cached_name` varchar(100),
			`created_at` datetime NOT NULL,
			`updated_at` timestamp NOT NULL DEFAULT current_timestamp() ON UPDATE current_timestamp(),
			`failed_error` text  NOT NULL,
			 KEY `url` ( `url` ),
			 PRIMARY KEY (`id`),
			 CONSTRAINT cwvpb_unique UNIQUE (`url`)
		)  DEFAULT CHARACTER SET utf8mb4 made by activate_plugin, do_action('activate_core-web-vitals-pagespeed-booster/core-web-vitals-pagespeed-booster.php'), WP_Hook->do_action, WP_Hook->apply_filters, cwvpsb_on_activate, cwvpsb_on_install, dbDelta, WP_SQLite_DB->query, WP_SQLite_DB->print_error
[26-May-2025 07:45:49 UTC] WordPress database error <div style="clear:both">&nbsp;</div>
<div class="queries" style="clear:both;margin-bottom:2px;border:red dotted thin;">
<p>MySQL query:</p>
<p>CREATE TABLE `wp_cwvpb_critical_urls` (
			`id` bigint( 20 ) unsigned NOT NULL AUTO_INCREMENT,
			`url_id` bigint( 20 ) unsigned NOT NULL,
			`type` varchar(20),
			`type_name` varchar(50),
			`url` varchar(250) NOT NULL,
			`status` varchar(20) NOT NULL DEFAULT 'queue',					
			`cached_name` varchar(100),
			`created_at` datetime NOT NULL,
			`updated_at` timestamp NOT NULL DEFAULT current_timestamp() ON UPDATE current_timestamp(),
			`failed_error` text  NOT NULL,
			 KEY `url` ( `url` ),
			 PRIMARY KEY (`id`),
			 CONSTRAINT cwvpb_unique UNIQUE (`url`)
		)  DEFAULT CHARACTER SET utf8mb4</p>
<p>Queries made or created this session were:</p>
<ol>
<li>Executing: BEGIN | (no parameters)</li>
<li>Executing: INSERT INTO _mysql_data_types_cache (`table`, `column_or_index`, `mysql_type`)
				VALUES (:table, :column, :datatype)
				ON CONFLICT(`table`, `column_or_index`) DO UPDATE SET `mysql_type` = :datatype
			 | parameters: wp_cwvpb_critical_urls, id, bigint(20) unsigned</li>
<li>Executing: INSERT INTO _mysql_data_types_cache (`table`, `column_or_index`, `mysql_type`)
				VALUES (:table, :column, :datatype)
				ON CONFLICT(`table`, `column_or_index`) DO UPDATE SET `mysql_type` = :datatype
			 | parameters: wp_cwvpb_critical_urls, url_id, bigint(20) unsigned</li>
<li>Executing: INSERT INTO _mysql_data_types_cache (`table`, `column_or_index`, `mysql_type`)
				VALUES (:table, :column, :datatype)
				ON CONFLICT(`table`, `column_or_index`) DO UPDATE SET `mysql_type` = :datatype
			 | parameters: wp_cwvpb_critical_urls, type, varchar(20)</li>
<li>Executing: INSERT INTO _mysql_data_types_cache (`table`, `column_or_index`, `mysql_type`)
				VALUES (:table, :column, :datatype)
				ON CONFLICT(`table`, `column_or_index`) DO UPDATE SET `mysql_type` = :datatype
			 | parameters: wp_cwvpb_critical_urls, type_name, varchar(50)</li>
<li>Executing: INSERT INTO _mysql_data_types_cache (`table`, `column_or_index`, `mysql_type`)
				VALUES (:table, :column, :datatype)
				ON CONFLICT(`table`, `column_or_index`) DO UPDATE SET `mysql_type` = :datatype
			 | parameters: wp_cwvpb_critical_urls, url, varchar(250)</li>
<li>Executing: INSERT INTO _mysql_data_types_cache (`table`, `column_or_index`, `mysql_type`)
				VALUES (:table, :column, :datatype)
				ON CONFLICT(`table`, `column_or_index`) DO UPDATE SET `mysql_type` = :datatype
			 | parameters: wp_cwvpb_critical_urls, status, varchar(20)</li>
<li>Executing: INSERT INTO _mysql_data_types_cache (`table`, `column_or_index`, `mysql_type`)
				VALUES (:table, :column, :datatype)
				ON CONFLICT(`table`, `column_or_index`) DO UPDATE SET `mysql_type` = :datatype
			 | parameters: wp_cwvpb_critical_urls, cached_name, varchar(100)</li>
<li>Executing: INSERT INTO _mysql_data_types_cache (`table`, `column_or_index`, `mysql_type`)
				VALUES (:table, :column, :datatype)
				ON CONFLICT(`table`, `column_or_index`) DO UPDATE SET `mysql_type` = :datatype
			 | parameters: wp_cwvpb_critical_urls, created_at, datetime</li>
<li>Executing: INSERT INTO _mysql_data_types_cache (`table`, `column_or_index`, `mysql_type`)
				VALUES (:table, :column, :datatype)
				ON CONFLICT(`table`, `column_or_index`) DO UPDATE SET `mysql_type` = :datatype
			 | parameters: wp_cwvpb_critical_urls, updated_at, timestamp</li>
<li>Executing: INSERT INTO _mysql_data_types_cache (`table`, `column_or_index`, `mysql_type`)
				VALUES (:table, :column, :datatype)
				ON CONFLICT(`table`, `column_or_index`) DO UPDATE SET `mysql_type` = :datatype
			 | parameters: wp_cwvpb_critical_urls, failed_error, text</li>
<li>Executing: CREATE TABLE &quot;wp_cwvpb_critical_urls&quot; (
&quot;id&quot; integer PRIMARY KEY AUTOINCREMENT NOT NULL ON CONFLICT REPLACE DEFAULT 0,
&quot;url_id&quot; integer NOT NULL ON CONFLICT REPLACE DEFAULT 0,
&quot;type&quot; text COLLATE NOCASE,
&quot;type_name&quot; text COLLATE NOCASE,
&quot;url&quot; text NOT NULL ON CONFLICT REPLACE DEFAULT '' COLLATE NOCASE,
&quot;status&quot; text NOT NULL ON CONFLICT REPLACE DEFAULT 'queue' COLLATE NOCASE,
&quot;cached_name&quot; text COLLATE NOCASE,
&quot;created_at&quot; text NOT NULL ON CONFLICT REPLACE DEFAULT '' COLLATE NOCASE,
&quot;updated_at&quot; text NOT NULL ON CONFLICT REPLACE DEFAULT current_timestamp COLLATE NOCASE,
&quot;failed_error&quot; text NOT NULL ON CONFLICT REPLACE DEFAULT '' COLLATE NOCASE) | (no parameters)</li>
<li>Executing: CREATE  INDEX  &quot;wp_cwvpb_critical_urls__url&quot; ON &quot;wp_cwvpb_critical_urls&quot; (&quot;url&quot;) | (no parameters)</li>
<li>Executing: INSERT INTO _mysql_data_types_cache (`table`, `column_or_index`, `mysql_type`)
				VALUES (:table, :column, :datatype)
				ON CONFLICT(`table`, `column_or_index`) DO UPDATE SET `mysql_type` = :datatype
			 | parameters: wp_cwvpb_critical_urls, wp_cwvpb_critical_urls__url, KEY</li>
<li>Executing: CREATE  INDEX  &quot;wp_cwvpb_critical_urls__&quot; ON &quot;wp_cwvpb_critical_urls&quot; (&quot;&quot;) | (no parameters)</li>
<li>Executing: INSERT INTO _mysql_data_types_cache (`table`, `column_or_index`, `mysql_type`)
				VALUES (:table, :column, :datatype)
				ON CONFLICT(`table`, `column_or_index`) DO UPDATE SET `mysql_type` = :datatype
			 | parameters: wp_cwvpb_critical_urls, wp_cwvpb_critical_urls__, </li>
<li>Executing: ROLLBACK | (no parameters)</li>
</ol>
</div>
<div style="clear:both;margin-bottom:2px;border:red dotted thin;" class="error_message" style="border-bottom:dotted blue thin;">
Error occurred at line 4117 in Function <code>handle_error</code>. Error message was: SQLSTATE[23000]: Integrity constraint violation: 19 NOT NULL constraint failed: _mysql_data_types_cache.mysql_type.
</div>
<p>Backtrace:</p>
<pre>#0 /internal/shared/sqlite-database-integration/wp-includes/sqlite/class-wp-sqlite-db.php(287): WP_SQLite_Translator->get_error_message()
#1 /wordpress/wp-admin/includes/upgrade.php(3280): WP_SQLite_DB->query('CREATE TABLE `w...')
#2 /wordpress/wp-content/plugins/core-web-vitals-pagespeed-booster/core-web-vitals-pagespeed-booster.php(151): dbDelta(Array)
#3 /wordpress/wp-content/plugins/core-web-vitals-pagespeed-booster/core-web-vitals-pagespeed-booster.php(88): cwvpsb_on_install()
#4 /wordpress/wp-includes/class-wp-hook.php(324): cwvpsb_on_activate(false)
#5 /wordpress/wp-includes/class-wp-hook.php(348): WP_Hook->apply_filters('', Array)
#6 /wordpress/wp-includes/plugin.php(517): WP_Hook->do_action(Array)
#7 /wordpress/wp-admin/includes/plugin.php(703): do_action('activate_core-w...', false)
#8 /internal/eval.php(20): activate_plugin('core-web-vitals...')
#9 {main}</pre>
 for query CREATE TABLE `wp_cwvpb_critical_urls` (
			`id` bigint( 20 ) unsigned NOT NULL AUTO_INCREMENT,
			`url_id` bigint( 20 ) unsigned NOT NULL,
			`type` varchar(20),
			`type_name` varchar(50),
			`url` varchar(250) NOT NULL,
			`status` varchar(20) NOT NULL DEFAULT 'queue',					
			`cached_name` varchar(100),
			`created_at` datetime NOT NULL,
			`updated_at` timestamp NOT NULL DEFAULT current_timestamp() ON UPDATE current_timestamp(),
			`failed_error` text  NOT NULL,
			 KEY `url` ( `url` ),
			 PRIMARY KEY (`id`),
			 CONSTRAINT cwvpb_unique UNIQUE (`url`)
		)  DEFAULT CHARACTER SET utf8mb4 made by activate_plugin, do_action('activate_core-web-vitals-pagespeed-booster/core-web-vitals-pagespeed-booster.php'), WP_Hook->do_action, WP_Hook->apply_filters, cwvpsb_on_activate, cwvpsb_on_install, dbDelta, WP_SQLite_DB->query, WP_SQLite_DB->print_error
[26-May-2025 07:46:28 UTC] PHP Notice:  Undefined variable: msg in /wordpress/wp-content/plugins/covid-coupons-fight-covid-19/CovidCoupons/WP/AdminManager.php on line 26
[26-May-2025 07:46:29 UTC] PHP Notice:  Undefined variable: msg in /wordpress/wp-content/plugins/covid-coupons-fight-covid-19/CovidCoupons/WP/AdminManager.php on line 26
[26-May-2025 07:46:38 UTC] PHP Notice:  Undefined variable: msg in /wordpress/wp-content/plugins/covid-coupons-fight-covid-19/CovidCoupons/WP/AdminManager.php on line 26
[26-May-2025 07:46:40 UTC] PHP Notice:  Undefined variable: msg in /wordpress/wp-content/plugins/covid-coupons-fight-covid-19/CovidCoupons/WP/AdminManager.php on line 26
[26-May-2025 07:46:49 UTC] PHP Notice:  Undefined variable: msg in /wordpress/wp-content/plugins/covid-coupons-fight-covid-19/CovidCoupons/WP/AdminManager.php on line 26
[26-May-2025 07:46:50 UTC] PHP Notice:  Undefined variable: msg in /wordpress/wp-content/plugins/covid-coupons-fight-covid-19/CovidCoupons/WP/AdminManager.php on line 26

    at Object.onBind (file:///home/runner/work/playground-tester/playground-tester/node_modules/@wp-playground/cli/index.js:237:15)
    at process.processTicksAndRejections (node:internal/process/task_queues:105:5)
    at async V (file:///home/runner/work/playground-tester/playground-tester/node_modules/@wp-playground/cli/index.js:64:10)
    at async ja (file:///home/runner/work/playground-tester/playground-tester/node_modules/@wp-playground/cli/cli.js:8161:12) {
  [cause]: Error: Error when executing the blueprint step #5 ({"step":"installPlugin","pluginData":{"resource":"wordpress.org/plugins","slug":"custom-mailto-btn-tinymce"},"options":{"activate":true}}) : Could not download "https://downloads.wordpress.org/plugin/custom-mailto-btn-tinymce.latest-stable.zip".
  				Check if the URL is correct and the server is reachable.
  				If it is reachable, the server might be blocking the request.
  				Check the browser console and network tabs for more information.
  
  				## Does the console show the error "No 'Access-Control-Allow-Origin' header"?
  
  				This means the server that hosts your file does not allow requests from other sites
  				(cross-origin requests, or CORS).	You need to move the asset to a server that allows
  				cross-origin file downloads. Learn more about CORS at
  				https://developer.mozilla.org/en-US/docs/Web/HTTP/CORS.
  
  				If your file is on GitHub, load it from "raw.githubusercontent.com".
  				Here's how to do that:
  
  				1. Start with the original GitHub URL of the file. For example:
  				https://github.com/username/repository/blob/branch/filename.
  				2. Replace "github.com" with "raw.githubusercontent.com".
  				3. Remove the "/blob/" part of the URL.
  
  				The resulting URL should look like this:
  				https://raw.githubusercontent.com/username/repository/branch/filename
  
  				Error:
  				Error: Could not download "https://downloads.wordpress.org/plugin/custom-mailto-btn-tinymce.latest-stable.zip"
      at Object.run (file:///home/runner/work/playground-tester/playground-tester/node_modules/@wp-playground/blueprints/index.js:12449:19)
      at process.processTicksAndRejections (node:internal/process/task_queues:105:5)
      at async ms (file:///home/runner/work/playground-tester/playground-tester/node_modules/@wp-playground/blueprints/index.js:12552:3)
      at async Object.onBind (file:///home/runner/work/playground-tester/playground-tester/node_modules/@wp-playground/cli/index.js:227:48)
      at async V (file:///home/runner/work/playground-tester/playground-tester/node_modules/@wp-playground/cli/index.js:64:10)
      at async ja (file:///home/runner/work/playground-tester/playground-tester/node_modules/@wp-playground/cli/cli.js:8161:12) {
    [cause]: Error: Could not download "https://downloads.wordpress.org/plugin/custom-mailto-btn-tinymce.latest-stable.zip".
    				Check if the URL is correct and the server is reachable.
    				If it is reachable, the server might be blocking the request.
    				Check the browser console and network tabs for more information.
    
    				## Does the console show the error "No 'Access-Control-Allow-Origin' header"?
    
    				This means the server that hosts your file does not allow requests from other sites
    				(cross-origin requests, or CORS).	You need to move the asset to a server that allows
    				cross-origin file downloads. Learn more about CORS at
    				https://developer.mozilla.org/en-US/docs/Web/HTTP/CORS.
    
    				If your file is on GitHub, load it from "raw.githubusercontent.com".
    				Here's how to do that:
    
    				1. Start with the original GitHub URL of the file. For example:
    				https://github.com/username/repository/blob/branch/filename.
    				2. Replace "github.com" with "raw.githubusercontent.com".
    				3. Remove the "/blob/" part of the URL.
    
    				The resulting URL should look like this:
    				https://raw.githubusercontent.com/username/repository/branch/filename
    
    				Error:
    				Error: Could not download "https://downloads.wordpress.org/plugin/custom-mailto-btn-tinymce.latest-stable.zip"
        at Ct.resolve (file:///home/runner/work/playground-tester/playground-tester/node_modules/@wp-playground/blueprints/index.js:1472:13)
        at process.processTicksAndRejections (node:internal/process/task_queues:105:5)
        at async _.run (file:///home/runner/work/playground-tester/playground-tester/node_modules/@php-wasm/util/index.js:45:14)
  }
}

Node.js v23.11.0
