file:///home/runner/work/playground-tester/playground-tester/node_modules/@wp-playground/cli/index.js:237
        throw new Error(y, { cause: u });
              ^

Error: [07-May-2025 04:52:30 UTC] PHP Fatal error:  Uncaught TypeError: define(): Argument #2 ($value) cannot be an object, CurlHandle given in /wordpress/wp-content/plugins/jr-favicon/jr-favicon.php:66
Stack trace:
#0 /wordpress/wp-content/plugins/jr-favicon/jr-favicon.php(66): define('ch', Object(CurlHandle))
#1 /wordpress/wp-admin/includes/plugin.php(2387): include_once('/wordpress/wp-c...')
#2 /wordpress/wp-admin/includes/plugin.php(673): plugin_sandbox_scrape('jr-favicon/jr-f...')
#3 /internal/eval.php(20): activate_plugin('jr-favicon/jr-f...')
#4 {main}
  thrown in /wordpress/wp-content/plugins/jr-favicon/jr-favicon.php on line 66
[07-May-2025 04:52:39 UTC] PHP Fatal error:  Uncaught TypeError: define(): Argument #2 ($value) cannot be an object, CurlHandle given in /wordpress/wp-content/plugins/jr-favicon/jr-favicon.php:66
Stack trace:
#0 /wordpress/wp-content/plugins/jr-favicon/jr-favicon.php(66): define('ch', Object(CurlHandle))
#1 /wordpress/wp-admin/includes/plugin.php(2387): include_once('/wordpress/wp-c...')
#2 /wordpress/wp-admin/includes/plugin.php(673): plugin_sandbox_scrape('jr-favicon/jr-f...')
#3 /internal/eval.php(20): activate_plugin('jr-favicon/jr-f...')
#4 {main}
  thrown in /wordpress/wp-content/plugins/jr-favicon/jr-favicon.php on line 66
[07-May-2025 04:52:47 UTC] PHP Fatal error:  Uncaught TypeError: define(): Argument #2 ($value) cannot be an object, CurlHandle given in /wordpress/wp-content/plugins/jr-favicon/jr-favicon.php:66
Stack trace:
#0 /wordpress/wp-content/plugins/jr-favicon/jr-favicon.php(66): define('ch', Object(CurlHandle))
#1 /wordpress/wp-admin/includes/plugin.php(2387): include_once('/wordpress/wp-c...')
#2 /wordpress/wp-admin/includes/plugin.php(673): plugin_sandbox_scrape('jr-favicon/jr-f...')
#3 /internal/eval.php(20): activate_plugin('jr-favicon/jr-f...')
#4 {main}
  thrown in /wordpress/wp-content/plugins/jr-favicon/jr-favicon.php on line 66
[07-May-2025 04:54:41 UTC] PHP Warning:  Trying to access array offset on value of type bool in /wordpress/wp-content/plugins/my-reading-library/includes/rewrite.php on line 66
[07-May-2025 04:54:42 UTC] PHP Notice:  Function _load_textdomain_just_in_time was called <strong>incorrectly</strong>. Translation loading for the <code>my-reading-library</code> domain was triggered too early. This is usually an indicator for some code in the plugin or theme running too early. Translations should be loaded at the <code>init</code> action or later. Please see <a href="https://developer.wordpress.org/advanced-administration/debug/debug-wordpress/">Debugging in WordPress</a> for more information. (This message was added in version 6.7.0.) in /wordpress/wp-includes/functions.php on line 6121
[07-May-2025 04:54:43 UTC] PHP Deprecated:  Function register_sidebar_widget is <strong>deprecated</strong> since version 2.8.0! Use wp_register_sidebar_widget() instead. in /wordpress/wp-includes/functions.php on line 6121
[07-May-2025 04:54:43 UTC] PHP Deprecated:  Function register_widget_control is <strong>deprecated</strong> since version 2.8.0! Use wp_register_widget_control() instead. in /wordpress/wp-includes/functions.php on line 6121
[07-May-2025 04:54:43 UTC] PHP Warning:  Undefined array key "AWSAccessKeyId" in /wordpress/wp-content/plugins/my-reading-library/my-reading-library.php on line 106
[07-May-2025 04:54:43 UTC] PHP Warning:  Undefined array key "SecretAccessKey" in /wordpress/wp-content/plugins/my-reading-library/my-reading-library.php on line 107
[07-May-2025 04:54:50 UTC] PHP Warning:  Trying to access array offset on value of type bool in /wordpress/wp-content/plugins/my-reading-library/includes/rewrite.php on line 66
[07-May-2025 04:54:51 UTC] PHP Notice:  Function _load_textdomain_just_in_time was called <strong>incorrectly</strong>. Translation loading for the <code>my-reading-library</code> domain was triggered too early. This is usually an indicator for some code in the plugin or theme running too early. Translations should be loaded at the <code>init</code> action or later. Please see <a href="https://developer.wordpress.org/advanced-administration/debug/debug-wordpress/">Debugging in WordPress</a> for more information. (This message was added in version 6.7.0.) in /wordpress/wp-includes/functions.php on line 6121
[07-May-2025 04:54:51 UTC] PHP Deprecated:  Function register_sidebar_widget is <strong>deprecated</strong> since version 2.8.0! Use wp_register_sidebar_widget() instead. in /wordpress/wp-includes/functions.php on line 6121
[07-May-2025 04:54:51 UTC] PHP Deprecated:  Function register_widget_control is <strong>deprecated</strong> since version 2.8.0! Use wp_register_widget_control() instead. in /wordpress/wp-includes/functions.php on line 6121
[07-May-2025 04:54:52 UTC] PHP Warning:  Undefined array key "AWSAccessKeyId" in /wordpress/wp-content/plugins/my-reading-library/my-reading-library.php on line 106
[07-May-2025 04:54:52 UTC] PHP Warning:  Undefined array key "SecretAccessKey" in /wordpress/wp-content/plugins/my-reading-library/my-reading-library.php on line 107
[07-May-2025 04:54:59 UTC] PHP Warning:  Trying to access array offset on value of type bool in /wordpress/wp-content/plugins/my-reading-library/includes/rewrite.php on line 66
[07-May-2025 04:55:00 UTC] PHP Notice:  Function _load_textdomain_just_in_time was called <strong>incorrectly</strong>. Translation loading for the <code>my-reading-library</code> domain was triggered too early. This is usually an indicator for some code in the plugin or theme running too early. Translations should be loaded at the <code>init</code> action or later. Please see <a href="https://developer.wordpress.org/advanced-administration/debug/debug-wordpress/">Debugging in WordPress</a> for more information. (This message was added in version 6.7.0.) in /wordpress/wp-includes/functions.php on line 6121
[07-May-2025 04:55:00 UTC] PHP Deprecated:  Function register_sidebar_widget is <strong>deprecated</strong> since version 2.8.0! Use wp_register_sidebar_widget() instead. in /wordpress/wp-includes/functions.php on line 6121
[07-May-2025 04:55:00 UTC] PHP Deprecated:  Function register_widget_control is <strong>deprecated</strong> since version 2.8.0! Use wp_register_widget_control() instead. in /wordpress/wp-includes/functions.php on line 6121
[07-May-2025 04:55:00 UTC] PHP Warning:  Undefined array key "AWSAccessKeyId" in /wordpress/wp-content/plugins/my-reading-library/my-reading-library.php on line 106
[07-May-2025 04:55:00 UTC] PHP Warning:  Undefined array key "SecretAccessKey" in /wordpress/wp-content/plugins/my-reading-library/my-reading-library.php on line 107
[07-May-2025 04:55:09 UTC] PHP Fatal error:  Uncaught Error: Call to undefined function create_function() in /wordpress/wp-content/plugins/my-twitter-ticker/my-twitter-ticker.php:115
Stack trace:
#0 /wordpress/wp-admin/includes/plugin.php(2387): include_once()
#1 /wordpress/wp-admin/includes/plugin.php(673): plugin_sandbox_scrape('my-twitter-tick...')
#2 /internal/eval.php(20): activate_plugin('my-twitter-tick...')
#3 {main}
  thrown in /wordpress/wp-content/plugins/my-twitter-ticker/my-twitter-ticker.php on line 115
[07-May-2025 04:55:16 UTC] PHP Fatal error:  Uncaught Error: Call to undefined function create_function() in /wordpress/wp-content/plugins/my-twitter-ticker/my-twitter-ticker.php:115
Stack trace:
#0 /wordpress/wp-admin/includes/plugin.php(2387): include_once()
#1 /wordpress/wp-admin/includes/plugin.php(673): plugin_sandbox_scrape('my-twitter-tick...')
#2 /internal/eval.php(20): activate_plugin('my-twitter-tick...')
#3 {main}
  thrown in /wordpress/wp-content/plugins/my-twitter-ticker/my-twitter-ticker.php on line 115
[07-May-2025 04:55:23 UTC] PHP Fatal error:  Uncaught Error: Call to undefined function create_function() in /wordpress/wp-content/plugins/my-twitter-ticker/my-twitter-ticker.php:115
Stack trace:
#0 /wordpress/wp-admin/includes/plugin.php(2387): include_once()
#1 /wordpress/wp-admin/includes/plugin.php(673): plugin_sandbox_scrape('my-twitter-tick...')
#2 /internal/eval.php(20): activate_plugin('my-twitter-tick...')
#3 {main}
  thrown in /wordpress/wp-content/plugins/my-twitter-ticker/my-twitter-ticker.php on line 115
[07-May-2025 04:55:32 UTC] PHP Warning:  Undefined array key "license" in /wordpress/wp-content/plugins/jam/jam-admin.php on line 13
[07-May-2025 04:55:41 UTC] PHP Warning:  Undefined array key "license" in /wordpress/wp-content/plugins/jam/jam-admin.php on line 13
[07-May-2025 04:55:50 UTC] PHP Warning:  Undefined array key "license" in /wordpress/wp-content/plugins/jam/jam-admin.php on line 13
[07-May-2025 04:56:26 UTC] PHP Deprecated:  Required parameter $tag follows optional parameter $atts in /wordpress/wp-content/plugins/javagee-one-heal-one-earth/OneHealOneEarth.php on line 233
[07-May-2025 04:56:28 UTC] PHP Deprecated:  Required parameter $tag follows optional parameter $atts in /wordpress/wp-content/plugins/javagee-one-heal-one-earth/OneHealOneEarth.php on line 233
[07-May-2025 04:56:35 UTC] PHP Deprecated:  Required parameter $tag follows optional parameter $atts in /wordpress/wp-content/plugins/javagee-one-heal-one-earth/OneHealOneEarth.php on line 233
[07-May-2025 04:56:36 UTC] PHP Deprecated:  Required parameter $tag follows optional parameter $atts in /wordpress/wp-content/plugins/javagee-one-heal-one-earth/OneHealOneEarth.php on line 233
[07-May-2025 04:56:44 UTC] PHP Deprecated:  Required parameter $tag follows optional parameter $atts in /wordpress/wp-content/plugins/javagee-one-heal-one-earth/OneHealOneEarth.php on line 233
[07-May-2025 04:56:45 UTC] PHP Deprecated:  Required parameter $tag follows optional parameter $atts in /wordpress/wp-content/plugins/javagee-one-heal-one-earth/OneHealOneEarth.php on line 233
[07-May-2025 04:56:54 UTC] PHP Fatal error:  Uncaught TypeError: define(): Argument #2 ($value) cannot be an object, CurlHandle given in /wordpress/wp-content/plugins/jr-relatedposts/jr-relatedposts.php:66
Stack trace:
#0 /wordpress/wp-content/plugins/jr-relatedposts/jr-relatedposts.php(66): define('ch', Object(CurlHandle))
#1 /wordpress/wp-admin/includes/plugin.php(2387): include_once('/wordpress/wp-c...')
#2 /wordpress/wp-admin/includes/plugin.php(673): plugin_sandbox_scrape('jr-relatedposts...')
#3 /internal/eval.php(20): activate_plugin('jr-relatedposts...')
#4 {main}
  thrown in /wordpress/wp-content/plugins/jr-relatedposts/jr-relatedposts.php on line 66
[07-May-2025 04:57:01 UTC] PHP Fatal error:  Uncaught TypeError: define(): Argument #2 ($value) cannot be an object, CurlHandle given in /wordpress/wp-content/plugins/jr-relatedposts/jr-relatedposts.php:66
Stack trace:
#0 /wordpress/wp-content/plugins/jr-relatedposts/jr-relatedposts.php(66): define('ch', Object(CurlHandle))
#1 /wordpress/wp-admin/includes/plugin.php(2387): include_once('/wordpress/wp-c...')
#2 /wordpress/wp-admin/includes/plugin.php(673): plugin_sandbox_scrape('jr-relatedposts...')
#3 /internal/eval.php(20): activate_plugin('jr-relatedposts...')
#4 {main}
  thrown in /wordpress/wp-content/plugins/jr-relatedposts/jr-relatedposts.php on line 66
[07-May-2025 04:57:09 UTC] PHP Fatal error:  Uncaught TypeError: define(): Argument #2 ($value) cannot be an object, CurlHandle given in /wordpress/wp-content/plugins/jr-relatedposts/jr-relatedposts.php:66
Stack trace:
#0 /wordpress/wp-content/plugins/jr-relatedposts/jr-relatedposts.php(66): define('ch', Object(CurlHandle))
#1 /wordpress/wp-admin/includes/plugin.php(2387): include_once('/wordpress/wp-c...')
#2 /wordpress/wp-admin/includes/plugin.php(673): plugin_sandbox_scrape('jr-relatedposts...')
#3 /internal/eval.php(20): activate_plugin('jr-relatedposts...')
#4 {main}
  thrown in /wordpress/wp-content/plugins/jr-relatedposts/jr-relatedposts.php on line 66
[07-May-2025 04:57:51 UTC] WordPress database error <div style="clear:both">&nbsp;</div>
<div class="queries" style="clear:both;margin-bottom:2px;border:red dotted thin;">
<p>MySQL query:</p>
<p>CREATE TABLE IF NOT EXISTS `wp_js_job_departments` (
              `id` int(11) NOT NULL AUTO_INCREMENT,
              `uid` int(11) NOT NULL,
              `companyid` int(11) NOT NULL,
              `name` varchar(70) NOT NULL,
              `alias` varchar(225) NOT NULL,
              `description` text,
              `status` tinyint(4) NOT NULL,
              `created` datetime NOT NULL,
              `serverstatus` varchar(255) DEFAULT NULL,
              `serverid` int(11) DEFAULT '0',
              PRIMARY KEY (`id`,`companyid`),
              KEY `departments` (`companyid`),
              KEY `departments_uid` (`uid`)
            ) ENGINE=MyISAM  DEFAULT CHARSET=utf8 AUTO_INCREMENT=1;</p>
<p>Queries made or created this session were:</p>
<ol>
<li>Executing: BEGIN | (no parameters)</li>
<li>Executing: SELECT 1 FROM `_wp_sqlite_mysql_information_schema_tables` WHERE table_schema = ? AND table_name = ? | parameters: database_name_here, wp_js_job_departments</li>
<li>Executing: INSERT INTO `_wp_sqlite_mysql_information_schema_tables` (`table_schema`, `table_name`, `table_type`, `engine`, `row_format`, `table_collation`) VALUES (?, ?, ?, ?, ?, ?) | parameters: database_name_here, wp_js_job_departments, BASE TABLE, MyISAM, Fixed, utf8mb4_general_ci</li>
<li>Executing: INSERT INTO `_wp_sqlite_mysql_information_schema_columns` (`table_schema`, `table_name`, `column_name`, `ordinal_position`, `column_default`, `is_nullable`, `data_type`, `character_maximum_length`, `character_octet_length`, `numeric_precision`, `numeric_scale`, `datetime_precision`, `character_set_name`, `collation_name`, `column_type`, `column_key`, `extra`, `privileges`, `column_comment`, `generation_expression`, `srs_id`) VALUES (?, ?, ?, ?, ?, ?, ?, ?, ?, ?, ?, ?, ?, ?, ?, ?, ?, ?, ?, ?, ?) | parameters: database_name_here, wp_js_job_departments, id, 1, , NO, int, , , 10, 0, , , , int(11), , auto_increment, select,insert,update,references, , , </li>
<li>Executing: INSERT INTO `_wp_sqlite_mysql_information_schema_columns` (`table_schema`, `table_name`, `column_name`, `ordinal_position`, `column_default`, `is_nullable`, `data_type`, `character_maximum_length`, `character_octet_length`, `numeric_precision`, `numeric_scale`, `datetime_precision`, `character_set_name`, `collation_name`, `column_type`, `column_key`, `extra`, `privileges`, `column_comment`, `generation_expression`, `srs_id`) VALUES (?, ?, ?, ?, ?, ?, ?, ?, ?, ?, ?, ?, ?, ?, ?, ?, ?, ?, ?, ?, ?) | parameters: database_name_here, wp_js_job_departments, uid, 2, , NO, int, , , 10, 0, , , , int(11), , , select,insert,update,references, , , </li>
<li>Executing: INSERT INTO `_wp_sqlite_mysql_information_schema_columns` (`table_schema`, `table_name`, `column_name`, `ordinal_position`, `column_default`, `is_nullable`, `data_type`, `character_maximum_length`, `character_octet_length`, `numeric_precision`, `numeric_scale`, `datetime_precision`, `character_set_name`, `collation_name`, `column_type`, `column_key`, `extra`, `privileges`, `column_comment`, `generation_expression`, `srs_id`) VALUES (?, ?, ?, ?, ?, ?, ?, ?, ?, ?, ?, ?, ?, ?, ?, ?, ?, ?, ?, ?, ?) | parameters: database_name_here, wp_js_job_departments, companyid, 3, , NO, int, , , 10, 0, , , , int(11), , , select,insert,update,references, , , </li>
<li>Executing: INSERT INTO `_wp_sqlite_mysql_information_schema_columns` (`table_schema`, `table_name`, `column_name`, `ordinal_position`, `column_default`, `is_nullable`, `data_type`, `character_maximum_length`, `character_octet_length`, `numeric_precision`, `numeric_scale`, `datetime_precision`, `character_set_name`, `collation_name`, `column_type`, `column_key`, `extra`, `privileges`, `column_comment`, `generation_expression`, `srs_id`) VALUES (?, ?, ?, ?, ?, ?, ?, ?, ?, ?, ?, ?, ?, ?, ?, ?, ?, ?, ?, ?, ?) | parameters: database_name_here, wp_js_job_departments, name, 4, , NO, varchar, 70, 280, , , , utf8mb4, utf8mb4_general_ci, varchar(70), , , select,insert,update,references, , , </li>
<li>Executing: INSERT INTO `_wp_sqlite_mysql_information_schema_columns` (`table_schema`, `table_name`, `column_name`, `ordinal_position`, `column_default`, `is_nullable`, `data_type`, `character_maximum_length`, `character_octet_length`, `numeric_precision`, `numeric_scale`, `datetime_precision`, `character_set_name`, `collation_name`, `column_type`, `column_key`, `extra`, `privileges`, `column_comment`, `generation_expression`, `srs_id`) VALUES (?, ?, ?, ?, ?, ?, ?, ?, ?, ?, ?, ?, ?, ?, ?, ?, ?, ?, ?, ?, ?) | parameters: database_name_here, wp_js_job_departments, alias, 5, , NO, varchar, 225, 900, , , , utf8mb4, utf8mb4_general_ci, varchar(225), , , select,insert,update,references, , , </li>
<li>Executing: INSERT INTO `_wp_sqlite_mysql_information_schema_columns` (`table_schema`, `table_name`, `column_name`, `ordinal_position`, `column_default`, `is_nullable`, `data_type`, `character_maximum_length`, `character_octet_length`, `numeric_precision`, `numeric_scale`, `datetime_precision`, `character_set_name`, `collation_name`, `column_type`, `column_key`, `extra`, `privileges`, `column_comment`, `generation_expression`, `srs_id`) VALUES (?, ?, ?, ?, ?, ?, ?, ?, ?, ?, ?, ?, ?, ?, ?, ?, ?, ?, ?, ?, ?) | parameters: database_name_here, wp_js_job_departments, description, 6, , YES, text, 65535, 65535, , , , utf8mb4, utf8mb4_general_ci, text, , , select,insert,update,references, , , </li>
<li>Executing: INSERT INTO `_wp_sqlite_mysql_information_schema_columns` (`table_schema`, `table_name`, `column_name`, `ordinal_position`, `column_default`, `is_nullable`, `data_type`, `character_maximum_length`, `character_octet_length`, `numeric_precision`, `numeric_scale`, `datetime_precision`, `character_set_name`, `collation_name`, `column_type`, `column_key`, `extra`, `privileges`, `column_comment`, `generation_expression`, `srs_id`) VALUES (?, ?, ?, ?, ?, ?, ?, ?, ?, ?, ?, ?, ?, ?, ?, ?, ?, ?, ?, ?, ?) | parameters: database_name_here, wp_js_job_departments, status, 7, , NO, tinyint, , , 3, 0, , , , tinyint(4), , , select,insert,update,references, , , </li>
<li>Executing: INSERT INTO `_wp_sqlite_mysql_information_schema_columns` (`table_schema`, `table_name`, `column_name`, `ordinal_position`, `column_default`, `is_nullable`, `data_type`, `character_maximum_length`, `character_octet_length`, `numeric_precision`, `numeric_scale`, `datetime_precision`, `character_set_name`, `collation_name`, `column_type`, `column_key`, `extra`, `privileges`, `column_comment`, `generation_expression`, `srs_id`) VALUES (?, ?, ?, ?, ?, ?, ?, ?, ?, ?, ?, ?, ?, ?, ?, ?, ?, ?, ?, ?, ?) | parameters: database_name_here, wp_js_job_departments, created, 8, , NO, datetime, , , , , 0, , , datetime, , , select,insert,update,references, , , </li>
<li>Executing: INSERT INTO `_wp_sqlite_mysql_information_schema_columns` (`table_schema`, `table_name`, `column_name`, `ordinal_position`, `column_default`, `is_nullable`, `data_type`, `character_maximum_length`, `character_octet_length`, `numeric_precision`, `numeric_scale`, `datetime_precision`, `character_set_name`, `collation_name`, `column_type`, `column_key`, `extra`, `privileges`, `column_comment`, `generation_expression`, `srs_id`) VALUES (?, ?, ?, ?, ?, ?, ?, ?, ?, ?, ?, ?, ?, ?, ?, ?, ?, ?, ?, ?, ?) | parameters: database_name_here, wp_js_job_departments, serverstatus, 9, , YES, varchar, 255, 1020, , , , utf8mb4, utf8mb4_general_ci, varchar(255), , , select,insert,update,references, , , </li>
<li>Executing: INSERT INTO `_wp_sqlite_mysql_information_schema_columns` (`table_schema`, `table_name`, `column_name`, `ordinal_position`, `column_default`, `is_nullable`, `data_type`, `character_maximum_length`, `character_octet_length`, `numeric_precision`, `numeric_scale`, `datetime_precision`, `character_set_name`, `collation_name`, `column_type`, `column_key`, `extra`, `privileges`, `column_comment`, `generation_expression`, `srs_id`) VALUES (?, ?, ?, ?, ?, ?, ?, ?, ?, ?, ?, ?, ?, ?, ?, ?, ?, ?, ?, ?, ?) | parameters: database_name_here, wp_js_job_departments, serverid, 10, 0, YES, int, , , 10, 0, , , , int(11), , , select,insert,update,references, , , </li>
<li>Executing: 
					SELECT column_name, data_type, is_nullable, character_maximum_length
					FROM `_wp_sqlite_mysql_information_schema_columns`
					WHERE table_schema = ?
					AND table_name = ?
					AND column_name IN (?,?)
				 | parameters: database_name_here, wp_js_job_departments, id, companyid</li>
<li>Executing: INSERT INTO `_wp_sqlite_mysql_information_schema_statistics` (`table_schema`, `table_name`, `non_unique`, `index_schema`, `index_name`, `seq_in_index`, `column_name`, `collation`, `cardinality`, `sub_part`, `packed`, `nullable`, `index_type`, `comment`, `index_comment`, `is_visible`, `expression`) VALUES (?, ?, ?, ?, ?, ?, ?, ?, ?, ?, ?, ?, ?, ?, ?, ?, ?) | parameters: database_name_here, wp_js_job_departments, 0, database_name_here, PRIMARY, 1, id, A, 0, , , , BTREE, , , YES, </li>
<li>Executing: INSERT INTO `_wp_sqlite_mysql_information_schema_statistics` (`table_schema`, `table_name`, `non_unique`, `index_schema`, `index_name`, `seq_in_index`, `column_name`, `collation`, `cardinality`, `sub_part`, `packed`, `nullable`, `index_type`, `comment`, `index_comment`, `is_visible`, `expression`) VALUES (?, ?, ?, ?, ?, ?, ?, ?, ?, ?, ?, ?, ?, ?, ?, ?, ?) | parameters: database_name_here, wp_js_job_departments, 0, database_name_here, PRIMARY, 2, companyid, A, 0, , , , BTREE, , , YES, </li>
<li>Executing: 
				WITH s AS (
					SELECT
						column_name,
						CASE
							WHEN MAX(index_name = 'PRIMARY') THEN 'PRI'
							WHEN MAX(non_unique = 0 AND seq_in_index = 1) THEN 'UNI'
							WHEN MAX(seq_in_index = 1) THEN 'MUL'
							ELSE ''
						END AS column_key
					FROM `_wp_sqlite_mysql_information_schema_statistics`
					WHERE table_schema = ?
					AND table_name = ?
					GROUP BY column_name
				)
				UPDATE `_wp_sqlite_mysql_information_schema_columns` AS c
				SET
					column_key = s.column_key,
					is_nullable = IIF(s.column_key = 'PRI', 'NO', c.is_nullable)
			    FROM s
			    WHERE c.table_schema = ?
			    AND c.table_name = ?
				AND s.column_name = c.column_name
			 | parameters: database_name_here, wp_js_job_departments, database_name_here, wp_js_job_departments</li>
<li>Executing: 
					SELECT column_name, data_type, is_nullable, character_maximum_length
					FROM `_wp_sqlite_mysql_information_schema_columns`
					WHERE table_schema = ?
					AND table_name = ?
					AND column_name IN (?)
				 | parameters: database_name_here, wp_js_job_departments, companyid</li>
<li>Executing: INSERT INTO `_wp_sqlite_mysql_information_schema_statistics` (`table_schema`, `table_name`, `non_unique`, `index_schema`, `index_name`, `seq_in_index`, `column_name`, `collation`, `cardinality`, `sub_part`, `packed`, `nullable`, `index_type`, `comment`, `index_comment`, `is_visible`, `expression`) VALUES (?, ?, ?, ?, ?, ?, ?, ?, ?, ?, ?, ?, ?, ?, ?, ?, ?) | parameters: database_name_here, wp_js_job_departments, 1, database_name_here, departments, 1, companyid, A, 0, , , , BTREE, , , YES, </li>
<li>Executing: 
				WITH s AS (
					SELECT
						column_name,
						CASE
							WHEN MAX(index_name = 'PRIMARY') THEN 'PRI'
							WHEN MAX(non_unique = 0 AND seq_in_index = 1) THEN 'UNI'
							WHEN MAX(seq_in_index = 1) THEN 'MUL'
							ELSE ''
						END AS column_key
					FROM `_wp_sqlite_mysql_information_schema_statistics`
					WHERE table_schema = ?
					AND table_name = ?
					GROUP BY column_name
				)
				UPDATE `_wp_sqlite_mysql_information_schema_columns` AS c
				SET
					column_key = s.column_key,
					is_nullable = IIF(s.column_key = 'PRI', 'NO', c.is_nullable)
			    FROM s
			    WHERE c.table_schema = ?
			    AND c.table_name = ?
				AND s.column_name = c.column_name
			 | parameters: database_name_here, wp_js_job_departments, database_name_here, wp_js_job_departments</li>
<li>Executing: 
					SELECT column_name, data_type, is_nullable, character_maximum_length
					FROM `_wp_sqlite_mysql_information_schema_columns`
					WHERE table_schema = ?
					AND table_name = ?
					AND column_name IN (?)
				 | parameters: database_name_here, wp_js_job_departments, uid</li>
<li>Executing: INSERT INTO `_wp_sqlite_mysql_information_schema_statistics` (`table_schema`, `table_name`, `non_unique`, `index_schema`, `index_name`, `seq_in_index`, `column_name`, `collation`, `cardinality`, `sub_part`, `packed`, `nullable`, `index_type`, `comment`, `index_comment`, `is_visible`, `expression`) VALUES (?, ?, ?, ?, ?, ?, ?, ?, ?, ?, ?, ?, ?, ?, ?, ?, ?) | parameters: database_name_here, wp_js_job_departments, 1, database_name_here, departments_uid, 1, uid, A, 0, , , , BTREE, , , YES, </li>
<li>Executing: 
				WITH s AS (
					SELECT
						column_name,
						CASE
							WHEN MAX(index_name = 'PRIMARY') THEN 'PRI'
							WHEN MAX(non_unique = 0 AND seq_in_index = 1) THEN 'UNI'
							WHEN MAX(seq_in_index = 1) THEN 'MUL'
							ELSE ''
						END AS column_key
					FROM `_wp_sqlite_mysql_information_schema_statistics`
					WHERE table_schema = ?
					AND table_name = ?
					GROUP BY column_name
				)
				UPDATE `_wp_sqlite_mysql_information_schema_columns` AS c
				SET
					column_key = s.column_key,
					is_nullable = IIF(s.column_key = 'PRI', 'NO', c.is_nullable)
			    FROM s
			    WHERE c.table_schema = ?
			    AND c.table_name = ?
				AND s.column_name = c.column_name
			 | parameters: database_name_here, wp_js_job_departments, database_name_here, wp_js_job_departments</li>
<li>Executing: 
				SELECT *
				FROM `_wp_sqlite_mysql_information_schema_tables`
				WHERE table_type = 'BASE TABLE'
				AND table_schema = ?
				AND table_name = ?
			 | parameters: database_name_here, wp_js_job_departments</li>
<li>Executing: SELECT * FROM `_wp_sqlite_mysql_information_schema_columns` WHERE table_schema = ? AND table_name = ? ORDER BY ordinal_position | parameters: database_name_here, wp_js_job_departments</li>
<li>Executing: 
					SELECT *
					FROM `_wp_sqlite_mysql_information_schema_statistics`
					WHERE table_schema = ?
					AND table_name = ?
					ORDER BY
						INDEX_NAME = 'PRIMARY' DESC,
						NON_UNIQUE = '0' DESC,
						INDEX_TYPE = 'SPATIAL' DESC,
						INDEX_TYPE = 'BTREE' DESC,
						INDEX_TYPE = 'FULLTEXT' DESC,
						ROWID,
						SEQ_IN_INDEX
				 | parameters: database_name_here, wp_js_job_departments</li>
<li>Executing: ROLLBACK | (no parameters)</li>
</ol>
</div>
<div style="clear:both;margin-bottom:2px;border:red dotted thin;" class="error_message" style="border-bottom:dotted blue thin;">
Cannot combine AUTOINCREMENT and multiple primary keys in SQLite
</div>
<p>Backtrace:</p>
<pre>#0 /internal/shared/sqlite-database-integration/wp-includes/sqlite-ast/class-wp-sqlite-driver.php(3290): WP_SQLite_Driver->new_driver_exception('Cannot combine ...')
#1 /internal/shared/sqlite-database-integration/wp-includes/sqlite-ast/class-wp-sqlite-driver.php(1257): WP_SQLite_Driver->get_sqlite_create_table_statement(false, 'wp_js_job_depar...')
#2 /internal/shared/sqlite-database-integration/wp-includes/sqlite-ast/class-wp-sqlite-driver.php(835): WP_SQLite_Driver->execute_create_table_statement(Object(WP_Parser_Node))
#3 /internal/shared/sqlite-database-integration/wp-includes/sqlite-ast/class-wp-sqlite-driver.php(669): WP_SQLite_Driver->execute_mysql_query(Object(WP_Parser_Node))
#4 /internal/shared/sqlite-database-integration/wp-includes/sqlite/class-wp-sqlite-db.php(491): WP_SQLite_Driver->query('CREATE TABLE IF...')
#5 /internal/shared/sqlite-database-integration/wp-includes/sqlite/class-wp-sqlite-db.php(432): WP_SQLite_DB->_do_query('CREATE TABLE IF...')
#6 /wordpress/wp-content/plugins/js-jobs/includes/activation.php(660): WP_SQLite_DB->query('CREATE TABLE IF...')
#7 /wordpress/wp-content/plugins/js-jobs/includes/activation.php(9): JSJOBSactivation::runSQL()
#8 /wordpress/wp-content/plugins/js-jobs/js-jobs.php(153): JSJOBSactivation::jsjobs_activate()
#9 /wordpress/wp-includes/class-wp-hook.php(324): jsjobs->jsjobs_activate(false)
#10 /wordpress/wp-includes/class-wp-hook.php(348): WP_Hook->apply_filters('', Array)
#11 /wordpress/wp-includes/plugin.php(517): WP_Hook->do_action(Array)
#12 /wordpress/wp-admin/includes/plugin.php(703): do_action('activate_js-job...', false)
#13 /internal/eval.php(20): activate_plugin('js-jobs/js-jobs...')
#14 {main}</pre>
 for query CREATE TABLE IF NOT EXISTS `wp_js_job_departments` (
              `id` int(11) NOT NULL AUTO_INCREMENT,
              `uid` int(11) NOT NULL,
              `companyid` int(11) NOT NULL,
              `name` varchar(70) NOT NULL,
              `alias` varchar(225) NOT NULL,
              `description` text,
              `status` tinyint(4) NOT NULL,
              `created` datetime NOT NULL,
              `serverstatus` varchar(255) DEFAULT NULL,
              `serverid` int(11) DEFAULT '0',
              PRIMARY KEY (`id`,`companyid`),
              KEY `departments` (`companyid`),
              KEY `departments_uid` (`uid`)
            ) ENGINE=MyISAM  DEFAULT CHARSET=utf8 AUTO_INCREMENT=1; made by activate_plugin, do_action('activate_js-jobs/js-jobs.php'), WP_Hook->do_action, WP_Hook->apply_filters, jsjobs->jsjobs_activate, JSJOBSactivation::jsjobs_activate, JSJOBSactivation::runSQL, WP_SQLite_DB->query, WP_SQLite_DB->print_error
[07-May-2025 04:58:09 UTC] WordPress database error <div style="clear:both">&nbsp;</div>
<div class="queries" style="clear:both;margin-bottom:2px;border:red dotted thin;">
<p>MySQL query:</p>
<p>CREATE TABLE IF NOT EXISTS `wp_js_job_departments` (
              `id` int(11) NOT NULL AUTO_INCREMENT,
              `uid` int(11) NOT NULL,
              `companyid` int(11) NOT NULL,
              `name` varchar(70) NOT NULL,
              `alias` varchar(225) NOT NULL,
              `description` text,
              `status` tinyint(4) NOT NULL,
              `created` datetime NOT NULL,
              `serverstatus` varchar(255) DEFAULT NULL,
              `serverid` int(11) DEFAULT '0',
              PRIMARY KEY (`id`,`companyid`),
              KEY `departments` (`companyid`),
              KEY `departments_uid` (`uid`)
            ) ENGINE=MyISAM  DEFAULT CHARSET=utf8 AUTO_INCREMENT=1;</p>
<p>Queries made or created this session were:</p>
<ol>
<li>Executing: BEGIN | (no parameters)</li>
<li>Executing: ROLLBACK | (no parameters)</li>
</ol>
</div>
<div style="clear:both;margin-bottom:2px;border:red dotted thin;" class="error_message" style="border-bottom:dotted blue thin;">
Error occurred at line 4117 in Function <code>handle_error</code>. Error message was: Cannot combine AUTOINCREMENT and multiple primary keys in SQLite.
</div>
<p>Backtrace:</p>
<pre>#0 /internal/shared/sqlite-database-integration/wp-includes/sqlite/class-wp-sqlite-db.php(287): WP_SQLite_Translator->get_error_message()
#1 /wordpress/wp-content/plugins/js-jobs/includes/activation.php(660): WP_SQLite_DB->query('CREATE TABLE IF...')
#2 /wordpress/wp-content/plugins/js-jobs/includes/activation.php(9): JSJOBSactivation::runSQL()
#3 /wordpress/wp-content/plugins/js-jobs/js-jobs.php(153): JSJOBSactivation::jsjobs_activate()
#4 /wordpress/wp-includes/class-wp-hook.php(324): jsjobs->jsjobs_activate(false)
#5 /wordpress/wp-includes/class-wp-hook.php(348): WP_Hook->apply_filters('', Array)
#6 /wordpress/wp-includes/plugin.php(517): WP_Hook->do_action(Array)
#7 /wordpress/wp-admin/includes/plugin.php(703): do_action('activate_js-job...', false)
#8 /internal/eval.php(20): activate_plugin('js-jobs/js-jobs...')
#9 {main}</pre>
 for query CREATE TABLE IF NOT EXISTS `wp_js_job_departments` (
              `id` int(11) NOT NULL AUTO_INCREMENT,
              `uid` int(11) NOT NULL,
              `companyid` int(11) NOT NULL,
              `name` varchar(70) NOT NULL,
              `alias` varchar(225) NOT NULL,
              `description` text,
              `status` tinyint(4) NOT NULL,
              `created` datetime NOT NULL,
              `serverstatus` varchar(255) DEFAULT NULL,
              `serverid` int(11) DEFAULT '0',
              PRIMARY KEY (`id`,`companyid`),
              KEY `departments` (`companyid`),
              KEY `departments_uid` (`uid`)
            ) ENGINE=MyISAM  DEFAULT CHARSET=utf8 AUTO_INCREMENT=1; made by activate_plugin, do_action('activate_js-jobs/js-jobs.php'), WP_Hook->do_action, WP_Hook->apply_filters, jsjobs->jsjobs_activate, JSJOBSactivation::jsjobs_activate, JSJOBSactivation::runSQL, WP_SQLite_DB->query, WP_SQLite_DB->print_error
[07-May-2025 04:58:30 UTC] WordPress database error <div style="clear:both">&nbsp;</div>
<div class="queries" style="clear:both;margin-bottom:2px;border:red dotted thin;">
<p>MySQL query:</p>
<p>CREATE TABLE IF NOT EXISTS `wp_js_job_departments` (
              `id` int(11) NOT NULL AUTO_INCREMENT,
              `uid` int(11) NOT NULL,
              `companyid` int(11) NOT NULL,
              `name` varchar(70) NOT NULL,
              `alias` varchar(225) NOT NULL,
              `description` text,
              `status` tinyint(4) NOT NULL,
              `created` datetime NOT NULL,
              `serverstatus` varchar(255) DEFAULT NULL,
              `serverid` int(11) DEFAULT '0',
              PRIMARY KEY (`id`,`companyid`),
              KEY `departments` (`companyid`),
              KEY `departments_uid` (`uid`)
            ) ENGINE=MyISAM  DEFAULT CHARSET=utf8 AUTO_INCREMENT=1;</p>
<p>Queries made or created this session were:</p>
<ol>
<li>Executing: BEGIN | (no parameters)</li>
<li>Executing: ROLLBACK | (no parameters)</li>
</ol>
</div>
<div style="clear:both;margin-bottom:2px;border:red dotted thin;" class="error_message" style="border-bottom:dotted blue thin;">
Error occurred at line 4117 in Function <code>handle_error</code>. Error message was: Cannot combine AUTOINCREMENT and multiple primary keys in SQLite.
</div>
<p>Backtrace:</p>
<pre>#0 /internal/shared/sqlite-database-integration/wp-includes/sqlite/class-wp-sqlite-db.php(287): WP_SQLite_Translator->get_error_message()
#1 /wordpress/wp-content/plugins/js-jobs/includes/activation.php(660): WP_SQLite_DB->query('CREATE TABLE IF...')
#2 /wordpress/wp-content/plugins/js-jobs/includes/activation.php(9): JSJOBSactivation::runSQL()
#3 /wordpress/wp-content/plugins/js-jobs/js-jobs.php(153): JSJOBSactivation::jsjobs_activate()
#4 /wordpress/wp-includes/class-wp-hook.php(324): jsjobs->jsjobs_activate(false)
#5 /wordpress/wp-includes/class-wp-hook.php(348): WP_Hook->apply_filters('', Array)
#6 /wordpress/wp-includes/plugin.php(517): WP_Hook->do_action(Array)
#7 /wordpress/wp-admin/includes/plugin.php(703): do_action('activate_js-job...', false)
#8 /internal/eval.php(20): activate_plugin('js-jobs/js-jobs...')
#9 {main}</pre>
 for query CREATE TABLE IF NOT EXISTS `wp_js_job_departments` (
              `id` int(11) NOT NULL AUTO_INCREMENT,
              `uid` int(11) NOT NULL,
              `companyid` int(11) NOT NULL,
              `name` varchar(70) NOT NULL,
              `alias` varchar(225) NOT NULL,
              `description` text,
              `status` tinyint(4) NOT NULL,
              `created` datetime NOT NULL,
              `serverstatus` varchar(255) DEFAULT NULL,
              `serverid` int(11) DEFAULT '0',
              PRIMARY KEY (`id`,`companyid`),
              KEY `departments` (`companyid`),
              KEY `departments_uid` (`uid`)
            ) ENGINE=MyISAM  DEFAULT CHARSET=utf8 AUTO_INCREMENT=1; made by activate_plugin, do_action('activate_js-jobs/js-jobs.php'), WP_Hook->do_action, WP_Hook->apply_filters, jsjobs->jsjobs_activate, JSJOBSactivation::jsjobs_activate, JSJOBSactivation::runSQL, WP_SQLite_DB->query, WP_SQLite_DB->print_error
[07-May-2025 04:59:08 UTC] PHP Fatal error:  Uncaught Error: Call to undefined function create_function() in /wordpress/wp-content/plugins/mojolive-profile-widget/mojolive.php:224
Stack trace:
#0 /wordpress/wp-admin/includes/plugin.php(2387): include_once()
#1 /wordpress/wp-admin/includes/plugin.php(673): plugin_sandbox_scrape('mojolive-profil...')
#2 /internal/eval.php(20): activate_plugin('mojolive-profil...')
#3 {main}
  thrown in /wordpress/wp-content/plugins/mojolive-profile-widget/mojolive.php on line 224
[07-May-2025 04:59:15 UTC] PHP Fatal error:  Uncaught Error: Call to undefined function create_function() in /wordpress/wp-content/plugins/mojolive-profile-widget/mojolive.php:224
Stack trace:
#0 /wordpress/wp-admin/includes/plugin.php(2387): include_once()
#1 /wordpress/wp-admin/includes/plugin.php(673): plugin_sandbox_scrape('mojolive-profil...')
#2 /internal/eval.php(20): activate_plugin('mojolive-profil...')
#3 {main}
  thrown in /wordpress/wp-content/plugins/mojolive-profile-widget/mojolive.php on line 224
[07-May-2025 04:59:23 UTC] PHP Fatal error:  Uncaught Error: Call to undefined function create_function() in /wordpress/wp-content/plugins/mojolive-profile-widget/mojolive.php:224
Stack trace:
#0 /wordpress/wp-admin/includes/plugin.php(2387): include_once()
#1 /wordpress/wp-admin/includes/plugin.php(673): plugin_sandbox_scrape('mojolive-profil...')
#2 /internal/eval.php(20): activate_plugin('mojolive-profil...')
#3 {main}
  thrown in /wordpress/wp-content/plugins/mojolive-profile-widget/mojolive.php on line 224
[07-May-2025 04:59:33 UTC] PHP Fatal error:  Uncaught ArgumentCountError: Too few arguments to function WP_Widget::__construct(), 0 passed in /wordpress/wp-includes/class-wp-widget-factory.php on line 62 and at least 2 expected in /wordpress/wp-includes/class-wp-widget.php:163
Stack trace:
#0 /wordpress/wp-includes/class-wp-widget-factory.php(62): WP_Widget->__construct()
#1 /wordpress/wp-includes/widgets.php(123): WP_Widget_Factory->register('MyiBookWidget')
#2 /wordpress/wp-content/plugins/my-ibook/myiBook-widget.php(92): register_widget('MyiBookWidget')
#3 /wordpress/wp-includes/class-wp-hook.php(324): myibookInit('')
#4 /wordpress/wp-includes/class-wp-hook.php(348): WP_Hook->apply_filters(NULL, Array)
#5 /wordpress/wp-includes/plugin.php(517): WP_Hook->do_action(Array)
#6 /wordpress/wp-includes/widgets.php(1870): do_action('widgets_init')
#7 /wordpress/wp-includes/class-wp-hook.php(324): wp_widgets_init('')
#8 /wordpress/wp-includes/class-wp-hook.php(348): WP_Hook->apply_filters(NULL, Array)
#9 /wordpress/wp-includes/plugin.php(517): WP_Hook->do_action(Array)
#10 /wordpress/wp-settings.php(727): do_action('init')
#11 /wordpress/wp-config.php(102): require_once('/wordpress/wp-s...')
#12 /wordpress/wp-load.php(50): require_once('/wordpress/wp-c...')
#13 /internal/eval.php(3): require_once('/wordpress/wp-l...')
#14 {main}
  thrown in /wordpress/wp-includes/class-wp-widget.php on line 163
[07-May-2025 04:59:41 UTC] PHP Fatal error:  Uncaught ArgumentCountError: Too few arguments to function WP_Widget::__construct(), 0 passed in /wordpress/wp-includes/class-wp-widget-factory.php on line 62 and at least 2 expected in /wordpress/wp-includes/class-wp-widget.php:163
Stack trace:
#0 /wordpress/wp-includes/class-wp-widget-factory.php(62): WP_Widget->__construct()
#1 /wordpress/wp-includes/widgets.php(123): WP_Widget_Factory->register('MyiBookWidget')
#2 /wordpress/wp-content/plugins/my-ibook/myiBook-widget.php(92): register_widget('MyiBookWidget')
#3 /wordpress/wp-includes/class-wp-hook.php(324): myibookInit('')
#4 /wordpress/wp-includes/class-wp-hook.php(348): WP_Hook->apply_filters(NULL, Array)
#5 /wordpress/wp-includes/plugin.php(517): WP_Hook->do_action(Array)
#6 /wordpress/wp-includes/widgets.php(1870): do_action('widgets_init')
#7 /wordpress/wp-includes/class-wp-hook.php(324): wp_widgets_init('')
#8 /wordpress/wp-includes/class-wp-hook.php(348): WP_Hook->apply_filters(NULL, Array)
#9 /wordpress/wp-includes/plugin.php(517): WP_Hook->do_action(Array)
#10 /wordpress/wp-settings.php(727): do_action('init')
#11 /wordpress/wp-config.php(102): require_once('/wordpress/wp-s...')
#12 /wordpress/wp-load.php(50): require_once('/wordpress/wp-c...')
#13 /internal/eval.php(3): require_once('/wordpress/wp-l...')
#14 {main}
  thrown in /wordpress/wp-includes/class-wp-widget.php on line 163
[07-May-2025 04:59:50 UTC] PHP Fatal error:  Uncaught ArgumentCountError: Too few arguments to function WP_Widget::__construct(), 0 passed in /wordpress/wp-includes/class-wp-widget-factory.php on line 62 and at least 2 expected in /wordpress/wp-includes/class-wp-widget.php:163
Stack trace:
#0 /wordpress/wp-includes/class-wp-widget-factory.php(62): WP_Widget->__construct()
#1 /wordpress/wp-includes/widgets.php(123): WP_Widget_Factory->register('MyiBookWidget')
#2 /wordpress/wp-content/plugins/my-ibook/myiBook-widget.php(92): register_widget('MyiBookWidget')
#3 /wordpress/wp-includes/class-wp-hook.php(324): myibookInit('')
#4 /wordpress/wp-includes/class-wp-hook.php(348): WP_Hook->apply_filters(NULL, Array)
#5 /wordpress/wp-includes/plugin.php(517): WP_Hook->do_action(Array)
#6 /wordpress/wp-includes/widgets.php(1870): do_action('widgets_init')
#7 /wordpress/wp-includes/class-wp-hook.php(324): wp_widgets_init('')
#8 /wordpress/wp-includes/class-wp-hook.php(348): WP_Hook->apply_filters(NULL, Array)
#9 /wordpress/wp-includes/plugin.php(517): WP_Hook->do_action(Array)
#10 /wordpress/wp-settings.php(727): do_action('init')
#11 /wordpress/wp-config.php(102): require_once('/wordpress/wp-s...')
#12 /wordpress/wp-load.php(50): require_once('/wordpress/wp-c...')
#13 /internal/eval.php(3): require_once('/wordpress/wp-l...')
#14 {main}
  thrown in /wordpress/wp-includes/class-wp-widget.php on line 163
[07-May-2025 04:59:59 UTC] PHP Fatal error:  Uncaught Error: Undefined constant "JS_LOGIC" in /wordpress/wp-content/plugins/javascript-logic/javascript-logic.php:35
Stack trace:
#0 /wordpress/wp-admin/includes/plugin.php(2387): include_once()
#1 /wordpress/wp-admin/includes/plugin.php(673): plugin_sandbox_scrape('javascript-logi...')
#2 /internal/eval.php(20): activate_plugin('javascript-logi...')
#3 {main}
  thrown in /wordpress/wp-content/plugins/javascript-logic/javascript-logic.php on line 35
[07-May-2025 05:00:07 UTC] PHP Fatal error:  Uncaught Error: Undefined constant "JS_LOGIC" in /wordpress/wp-content/plugins/javascript-logic/javascript-logic.php:35
Stack trace:
#0 /wordpress/wp-admin/includes/plugin.php(2387): include_once()
#1 /wordpress/wp-admin/includes/plugin.php(673): plugin_sandbox_scrape('javascript-logi...')
#2 /internal/eval.php(20): activate_plugin('javascript-logi...')
#3 {main}
  thrown in /wordpress/wp-content/plugins/javascript-logic/javascript-logic.php on line 35
[07-May-2025 05:00:15 UTC] PHP Fatal error:  Uncaught Error: Undefined constant "JS_LOGIC" in /wordpress/wp-content/plugins/javascript-logic/javascript-logic.php:35
Stack trace:
#0 /wordpress/wp-admin/includes/plugin.php(2387): include_once()
#1 /wordpress/wp-admin/includes/plugin.php(673): plugin_sandbox_scrape('javascript-logi...')
#2 /internal/eval.php(20): activate_plugin('javascript-logi...')
#3 {main}
  thrown in /wordpress/wp-content/plugins/javascript-logic/javascript-logic.php on line 35
[07-May-2025 05:01:44 UTC] PHP Notice:  Function _load_textdomain_just_in_time was called <strong>incorrectly</strong>. Translation loading for the <code>job-postings</code> domain was triggered too early. This is usually an indicator for some code in the plugin or theme running too early. Translations should be loaded at the <code>init</code> action or later. Please see <a href="https://developer.wordpress.org/advanced-administration/debug/debug-wordpress/">Debugging in WordPress</a> for more information. (This message was added in version 6.7.0.) in /wordpress/wp-includes/functions.php on line 6121
[07-May-2025 05:01:54 UTC] PHP Notice:  Function _load_textdomain_just_in_time was called <strong>incorrectly</strong>. Translation loading for the <code>job-postings</code> domain was triggered too early. This is usually an indicator for some code in the plugin or theme running too early. Translations should be loaded at the <code>init</code> action or later. Please see <a href="https://developer.wordpress.org/advanced-administration/debug/debug-wordpress/">Debugging in WordPress</a> for more information. (This message was added in version 6.7.0.) in /wordpress/wp-includes/functions.php on line 6121
[07-May-2025 05:02:05 UTC] PHP Notice:  Function _load_textdomain_just_in_time was called <strong>incorrectly</strong>. Translation loading for the <code>job-postings</code> domain was triggered too early. This is usually an indicator for some code in the plugin or theme running too early. Translations should be loaded at the <code>init</code> action or later. Please see <a href="https://developer.wordpress.org/advanced-administration/debug/debug-wordpress/">Debugging in WordPress</a> for more information. (This message was added in version 6.7.0.) in /wordpress/wp-includes/functions.php on line 6121

    at Object.onBind (file:///home/runner/work/playground-tester/playground-tester/node_modules/@wp-playground/cli/index.js:237:15)
    at process.processTicksAndRejections (node:internal/process/task_queues:105:5)
    at async V (file:///home/runner/work/playground-tester/playground-tester/node_modules/@wp-playground/cli/index.js:64:10)
    at async ja (file:///home/runner/work/playground-tester/playground-tester/node_modules/@wp-playground/cli/cli.js:8161:12) {
  [cause]: Error: Error when executing the blueprint step #1 ({"step":"installPlugin","pluginData":{"resource":"wordpress.org/plugins","slug":"joomla-to-worpress-converter-beta"},"options":{"activate":true}}) : Could not download "https://downloads.wordpress.org/plugin/joomla-to-worpress-converter-beta.latest-stable.zip".
  				Check if the URL is correct and the server is reachable.
  				If it is reachable, the server might be blocking the request.
  				Check the browser console and network tabs for more information.
  
  				## Does the console show the error "No 'Access-Control-Allow-Origin' header"?
  
  				This means the server that hosts your file does not allow requests from other sites
  				(cross-origin requests, or CORS).	You need to move the asset to a server that allows
  				cross-origin file downloads. Learn more about CORS at
  				https://developer.mozilla.org/en-US/docs/Web/HTTP/CORS.
  
  				If your file is on GitHub, load it from "raw.githubusercontent.com".
  				Here's how to do that:
  
  				1. Start with the original GitHub URL of the file. For example:
  				https://github.com/username/repository/blob/branch/filename.
  				2. Replace "github.com" with "raw.githubusercontent.com".
  				3. Remove the "/blob/" part of the URL.
  
  				The resulting URL should look like this:
  				https://raw.githubusercontent.com/username/repository/branch/filename
  
  				Error:
  				Error: Could not download "https://downloads.wordpress.org/plugin/joomla-to-worpress-converter-beta.latest-stable.zip"
      at Object.run (file:///home/runner/work/playground-tester/playground-tester/node_modules/@wp-playground/blueprints/index.js:12449:19)
      at process.processTicksAndRejections (node:internal/process/task_queues:105:5)
      at async ms (file:///home/runner/work/playground-tester/playground-tester/node_modules/@wp-playground/blueprints/index.js:12552:3)
      at async Object.onBind (file:///home/runner/work/playground-tester/playground-tester/node_modules/@wp-playground/cli/index.js:227:48)
      at async V (file:///home/runner/work/playground-tester/playground-tester/node_modules/@wp-playground/cli/index.js:64:10)
      at async ja (file:///home/runner/work/playground-tester/playground-tester/node_modules/@wp-playground/cli/cli.js:8161:12) {
    [cause]: Error: Could not download "https://downloads.wordpress.org/plugin/joomla-to-worpress-converter-beta.latest-stable.zip".
    				Check if the URL is correct and the server is reachable.
    				If it is reachable, the server might be blocking the request.
    				Check the browser console and network tabs for more information.
    
    				## Does the console show the error "No 'Access-Control-Allow-Origin' header"?
    
    				This means the server that hosts your file does not allow requests from other sites
    				(cross-origin requests, or CORS).	You need to move the asset to a server that allows
    				cross-origin file downloads. Learn more about CORS at
    				https://developer.mozilla.org/en-US/docs/Web/HTTP/CORS.
    
    				If your file is on GitHub, load it from "raw.githubusercontent.com".
    				Here's how to do that:
    
    				1. Start with the original GitHub URL of the file. For example:
    				https://github.com/username/repository/blob/branch/filename.
    				2. Replace "github.com" with "raw.githubusercontent.com".
    				3. Remove the "/blob/" part of the URL.
    
    				The resulting URL should look like this:
    				https://raw.githubusercontent.com/username/repository/branch/filename
    
    				Error:
    				Error: Could not download "https://downloads.wordpress.org/plugin/joomla-to-worpress-converter-beta.latest-stable.zip"
        at Ct.resolve (file:///home/runner/work/playground-tester/playground-tester/node_modules/@wp-playground/blueprints/index.js:1472:13)
        at process.processTicksAndRejections (node:internal/process/task_queues:105:5)
        at async _.run (file:///home/runner/work/playground-tester/playground-tester/node_modules/@php-wasm/util/index.js:45:14)
  }
}

Node.js v23.11.0
