file:///home/runner/work/playground-tester/playground-tester/node_modules/@wp-playground/cli/run-cli-j-geJYS3.js:325
        throw new Error($, { cause: h });
              ^

Error: [06-Jul-2025 11:51:17 UTC] PHP Warning:  Undefined variable $wpdb in /wordpress/wp-content/plugins/lemonberry-page-protect/lb-page-protect.php on line 15
[06-Jul-2025 11:51:17 UTC] PHP Warning:  Attempt to read property "prefix" on null in /wordpress/wp-content/plugins/lemonberry-page-protect/lb-page-protect.php on line 15
[06-Jul-2025 11:51:26 UTC] PHP Warning:  Undefined variable $wpdb in /wordpress/wp-content/plugins/lemonberry-page-protect/lb-page-protect.php on line 15
[06-Jul-2025 11:51:26 UTC] PHP Warning:  Attempt to read property "prefix" on null in /wordpress/wp-content/plugins/lemonberry-page-protect/lb-page-protect.php on line 15
[06-Jul-2025 11:51:36 UTC] PHP Warning:  Undefined variable $wpdb in /wordpress/wp-content/plugins/lemonberry-page-protect/lb-page-protect.php on line 15
[06-Jul-2025 11:51:36 UTC] PHP Warning:  Attempt to read property "prefix" on null in /wordpress/wp-content/plugins/lemonberry-page-protect/lb-page-protect.php on line 15
[06-Jul-2025 11:51:46 UTC] PHP Fatal error:  Uncaught Error: Call to undefined function create_function() in /wordpress/wp-content/plugins/length-converter/length-converter.php:218
Stack trace:
#0 /wordpress/wp-admin/includes/plugin.php(2387): include_once()
#1 /wordpress/wp-admin/includes/plugin.php(673): plugin_sandbox_scrape('length-converte...')
#2 /internal/eval.php(20): activate_plugin('length-converte...')
#3 {main}
  thrown in /wordpress/wp-content/plugins/length-converter/length-converter.php on line 218
[06-Jul-2025 11:51:54 UTC] PHP Fatal error:  Uncaught Error: Call to undefined function create_function() in /wordpress/wp-content/plugins/length-converter/length-converter.php:218
Stack trace:
#0 /wordpress/wp-admin/includes/plugin.php(2387): include_once()
#1 /wordpress/wp-admin/includes/plugin.php(673): plugin_sandbox_scrape('length-converte...')
#2 /internal/eval.php(20): activate_plugin('length-converte...')
#3 {main}
  thrown in /wordpress/wp-content/plugins/length-converter/length-converter.php on line 218
[06-Jul-2025 11:52:03 UTC] PHP Fatal error:  Uncaught Error: Call to undefined function create_function() in /wordpress/wp-content/plugins/length-converter/length-converter.php:218
Stack trace:
#0 /wordpress/wp-admin/includes/plugin.php(2387): include_once()
#1 /wordpress/wp-admin/includes/plugin.php(673): plugin_sandbox_scrape('length-converte...')
#2 /internal/eval.php(20): activate_plugin('length-converte...')
#3 {main}
  thrown in /wordpress/wp-content/plugins/length-converter/length-converter.php on line 218
[06-Jul-2025 11:52:41 UTC] PHP Warning:  Undefined property: Icons_For_Features::$_token in /wordpress/wp-content/plugins/icons-for-features/icons-for-features.php on line 178
[06-Jul-2025 11:52:41 UTC] PHP Warning:  Undefined property: Icons_For_Features::$_version in /wordpress/wp-content/plugins/icons-for-features/icons-for-features.php on line 178
[06-Jul-2025 11:52:50 UTC] PHP Warning:  Undefined property: Icons_For_Features::$_token in /wordpress/wp-content/plugins/icons-for-features/icons-for-features.php on line 178
[06-Jul-2025 11:52:50 UTC] PHP Warning:  Undefined property: Icons_For_Features::$_version in /wordpress/wp-content/plugins/icons-for-features/icons-for-features.php on line 178
[06-Jul-2025 11:53:00 UTC] PHP Warning:  Undefined property: Icons_For_Features::$_token in /wordpress/wp-content/plugins/icons-for-features/icons-for-features.php on line 178
[06-Jul-2025 11:53:00 UTC] PHP Warning:  Undefined property: Icons_For_Features::$_version in /wordpress/wp-content/plugins/icons-for-features/icons-for-features.php on line 178
[06-Jul-2025 11:53:12 UTC] PHP Notice:  Function _load_textdomain_just_in_time was called <strong>incorrectly</strong>. Translation loading for the <code>idataffiliates</code> domain was triggered too early. This is usually an indicator for some code in the plugin or theme running too early. Translations should be loaded at the <code>init</code> action or later. Please see <a href="https://developer.wordpress.org/advanced-administration/debug/debug-wordpress/">Debugging in WordPress</a> for more information. (This message was added in version 6.7.0.) in /wordpress/wp-includes/functions.php on line 6121
[06-Jul-2025 11:53:12 UTC] PHP Warning:  Undefined array key "import-export-settings" in /wordpress/wp-content/plugins/idataffiliates/Models/Guided_Tour.php on line 222
[06-Jul-2025 11:53:12 UTC] PHP Warning:  Undefined array key "help-settings" in /wordpress/wp-content/plugins/idataffiliates/Models/Guided_Tour.php on line 232
[06-Jul-2025 11:53:23 UTC] PHP Notice:  Function _load_textdomain_just_in_time was called <strong>incorrectly</strong>. Translation loading for the <code>idataffiliates</code> domain was triggered too early. This is usually an indicator for some code in the plugin or theme running too early. Translations should be loaded at the <code>init</code> action or later. Please see <a href="https://developer.wordpress.org/advanced-administration/debug/debug-wordpress/">Debugging in WordPress</a> for more information. (This message was added in version 6.7.0.) in /wordpress/wp-includes/functions.php on line 6121
[06-Jul-2025 11:53:23 UTC] PHP Warning:  Undefined array key "import-export-settings" in /wordpress/wp-content/plugins/idataffiliates/Models/Guided_Tour.php on line 222
[06-Jul-2025 11:53:23 UTC] PHP Warning:  Undefined array key "help-settings" in /wordpress/wp-content/plugins/idataffiliates/Models/Guided_Tour.php on line 232
[06-Jul-2025 11:53:33 UTC] PHP Notice:  Function _load_textdomain_just_in_time was called <strong>incorrectly</strong>. Translation loading for the <code>idataffiliates</code> domain was triggered too early. This is usually an indicator for some code in the plugin or theme running too early. Translations should be loaded at the <code>init</code> action or later. Please see <a href="https://developer.wordpress.org/advanced-administration/debug/debug-wordpress/">Debugging in WordPress</a> for more information. (This message was added in version 6.7.0.) in /wordpress/wp-includes/functions.php on line 6121
[06-Jul-2025 11:53:33 UTC] PHP Warning:  Undefined array key "import-export-settings" in /wordpress/wp-content/plugins/idataffiliates/Models/Guided_Tour.php on line 222
[06-Jul-2025 11:53:33 UTC] PHP Warning:  Undefined array key "help-settings" in /wordpress/wp-content/plugins/idataffiliates/Models/Guided_Tour.php on line 232
[06-Jul-2025 11:53:44 UTC] PHP Notice:  Function _load_textdomain_just_in_time was called <strong>incorrectly</strong>. Translation loading for the <code>lazyest-maps</code> domain was triggered too early. This is usually an indicator for some code in the plugin or theme running too early. Translations should be loaded at the <code>init</code> action or later. Please see <a href="https://developer.wordpress.org/advanced-administration/debug/debug-wordpress/">Debugging in WordPress</a> for more information. (This message was added in version 6.7.0.) in /wordpress/wp-includes/functions.php on line 6121
[06-Jul-2025 11:53:53 UTC] PHP Notice:  Function _load_textdomain_just_in_time was called <strong>incorrectly</strong>. Translation loading for the <code>lazyest-maps</code> domain was triggered too early. This is usually an indicator for some code in the plugin or theme running too early. Translations should be loaded at the <code>init</code> action or later. Please see <a href="https://developer.wordpress.org/advanced-administration/debug/debug-wordpress/">Debugging in WordPress</a> for more information. (This message was added in version 6.7.0.) in /wordpress/wp-includes/functions.php on line 6121
[06-Jul-2025 11:54:02 UTC] PHP Notice:  Function _load_textdomain_just_in_time was called <strong>incorrectly</strong>. Translation loading for the <code>lazyest-maps</code> domain was triggered too early. This is usually an indicator for some code in the plugin or theme running too early. Translations should be loaded at the <code>init</code> action or later. Please see <a href="https://developer.wordpress.org/advanced-administration/debug/debug-wordpress/">Debugging in WordPress</a> for more information. (This message was added in version 6.7.0.) in /wordpress/wp-includes/functions.php on line 6121
[06-Jul-2025 11:54:12 UTC] PHP Warning:  Trying to access array offset on value of type bool in /wordpress/wp-content/plugins/lcs-https/lcs-https.php on line 42
[06-Jul-2025 11:54:21 UTC] PHP Warning:  Trying to access array offset on value of type bool in /wordpress/wp-content/plugins/lcs-https/lcs-https.php on line 42
[06-Jul-2025 11:54:30 UTC] PHP Warning:  Trying to access array offset on value of type bool in /wordpress/wp-content/plugins/lcs-https/lcs-https.php on line 42
[06-Jul-2025 11:55:33 UTC] PHP Warning:  Constant ABSPATH already defined in /wordpress/wp-content/plugins/leo-travel-distance-time-manager/leo_dist_settings.php on line 11
[06-Jul-2025 11:55:34 UTC] PHP Warning:  Constant ABSPATH already defined in /wordpress/wp-content/plugins/leo-travel-distance-time-manager/leo_dist_settings.php on line 11
[06-Jul-2025 11:55:42 UTC] PHP Warning:  Constant ABSPATH already defined in /wordpress/wp-content/plugins/leo-travel-distance-time-manager/leo_dist_settings.php on line 11
[06-Jul-2025 11:55:43 UTC] PHP Warning:  Constant ABSPATH already defined in /wordpress/wp-content/plugins/leo-travel-distance-time-manager/leo_dist_settings.php on line 11
[06-Jul-2025 11:55:51 UTC] PHP Warning:  Constant ABSPATH already defined in /wordpress/wp-content/plugins/leo-travel-distance-time-manager/leo_dist_settings.php on line 11
[06-Jul-2025 11:55:52 UTC] PHP Warning:  Constant ABSPATH already defined in /wordpress/wp-content/plugins/leo-travel-distance-time-manager/leo_dist_settings.php on line 11
[06-Jul-2025 11:56:11 UTC] PHP Warning:  Undefined array key "DOCUMENT_ROOT" in /wordpress/wp-content/plugins/leseo/leseo-admin-options.php on line 573
[06-Jul-2025 11:56:12 UTC] PHP Warning:  Undefined array key "DOCUMENT_ROOT" in /wordpress/wp-content/plugins/leseo/leseo-admin-options.php on line 573
[06-Jul-2025 11:56:31 UTC] PHP Warning:  Undefined array key "DOCUMENT_ROOT" in /wordpress/wp-content/plugins/leseo/leseo-admin-options.php on line 573
[06-Jul-2025 11:56:32 UTC] PHP Warning:  Undefined array key "DOCUMENT_ROOT" in /wordpress/wp-content/plugins/leseo/leseo-admin-options.php on line 573
[06-Jul-2025 11:56:52 UTC] PHP Warning:  Undefined array key "DOCUMENT_ROOT" in /wordpress/wp-content/plugins/leseo/leseo-admin-options.php on line 573
[06-Jul-2025 11:56:53 UTC] PHP Warning:  Undefined array key "DOCUMENT_ROOT" in /wordpress/wp-content/plugins/leseo/leseo-admin-options.php on line 573
[06-Jul-2025 11:57:02 UTC] WordPress database error <div style="clear:both">&nbsp;</div>
<div class="queries" style="clear:both;margin-bottom:2px;border:red dotted thin;">
<p>MySQL query:</p>
<p>CREATE TABLE wp_letmehelp_links (
				link_id bigint(20) NOT NULL AUTO_INCREMENT,
				link_url varchar(255) NOT NULL,
				link_label varchar(255) NOT NULL,
				PRIMARY KEY  (link_id)
			) DEFAULT CHARACTER SET utf8mb4 COLLATE </p>
<p>Queries made or created this session were:</p>
<ol>
</ol>
</div>
<div style="clear:both;margin-bottom:2px;border:red dotted thin;" class="error_message" style="border-bottom:dotted blue thin;">
Failed to parse the MySQL query.
</div>
<p>Backtrace:</p>
<pre>#0 /internal/shared/sqlite-database-integration/wp-includes/sqlite-ast/class-wp-sqlite-driver.php(606): WP_SQLite_Driver->new_driver_exception('Failed to parse...')
#1 /internal/shared/sqlite-database-integration/wp-includes/sqlite/class-wp-sqlite-db.php(491): WP_SQLite_Driver->query('CREATE TABLE wp...')
#2 /internal/shared/sqlite-database-integration/wp-includes/sqlite/class-wp-sqlite-db.php(432): WP_SQLite_DB->_do_query('CREATE TABLE wp...')
#3 /wordpress/wp-admin/includes/upgrade.php(3280): WP_SQLite_DB->query('CREATE TABLE wp...')
#4 /wordpress/wp-content/plugins/letmehelp/src/php/Base/Database.php(397): dbDelta(Array)
#5 /wordpress/wp-content/plugins/letmehelp/src/php/Base/Activate.php(21): LetMeHelp\Base\Database::maybe_create_tables()
#6 /wordpress/wp-content/plugins/letmehelp/letmehelp.php(78): LetMeHelp\Base\Activate::run()
#7 /wordpress/wp-includes/class-wp-hook.php(324): activate_letmehelp_plugin(false)
#8 /wordpress/wp-includes/class-wp-hook.php(348): WP_Hook->apply_filters('', Array)
#9 /wordpress/wp-includes/plugin.php(517): WP_Hook->do_action(Array)
#10 /wordpress/wp-admin/includes/plugin.php(703): do_action('activate_letmeh...', false)
#11 /internal/eval.php(20): activate_plugin('letmehelp/letme...')
#12 {main}</pre>
 for query CREATE TABLE wp_letmehelp_links (
				link_id bigint(20) NOT NULL AUTO_INCREMENT,
				link_url varchar(255) NOT NULL,
				link_label varchar(255) NOT NULL,
				PRIMARY KEY  (link_id)
			) DEFAULT CHARACTER SET utf8mb4 COLLATE  made by activate_plugin, do_action('activate_letmehelp/letmehelp.php'), WP_Hook->do_action, WP_Hook->apply_filters, activate_letmehelp_plugin, LetMeHelp\Base\Activate::run, LetMeHelp\Base\Database::maybe_create_tables, dbDelta, WP_SQLite_DB->query, WP_SQLite_DB->print_error
[06-Jul-2025 11:57:02 UTC] WordPress database error <div style="clear:both">&nbsp;</div>
<div class="queries" style="clear:both;margin-bottom:2px;border:red dotted thin;">
<p>MySQL query:</p>
<p>CREATE TABLE wp_letmehelp_keywords (
				keyword_id bigint(20) NOT NULL AUTO_INCREMENT,
				keyword_text varchar(255) NOT NULL,
				keyword_status varchar(20) DEFAULT 'active' NOT NULL,
				PRIMARY KEY  (keyword_id)
			) DEFAULT CHARACTER SET utf8mb4 COLLATE </p>
<p>Queries made or created this session were:</p>
<ol>
</ol>
</div>
<div style="clear:both;margin-bottom:2px;border:red dotted thin;" class="error_message" style="border-bottom:dotted blue thin;">
Failed to parse the MySQL query.
</div>
<p>Backtrace:</p>
<pre>#0 /internal/shared/sqlite-database-integration/wp-includes/sqlite-ast/class-wp-sqlite-driver.php(606): WP_SQLite_Driver->new_driver_exception('Failed to parse...')
#1 /internal/shared/sqlite-database-integration/wp-includes/sqlite/class-wp-sqlite-db.php(491): WP_SQLite_Driver->query('CREATE TABLE wp...')
#2 /internal/shared/sqlite-database-integration/wp-includes/sqlite/class-wp-sqlite-db.php(432): WP_SQLite_DB->_do_query('CREATE TABLE wp...')
#3 /wordpress/wp-admin/includes/upgrade.php(3280): WP_SQLite_DB->query('CREATE TABLE wp...')
#4 /wordpress/wp-content/plugins/letmehelp/src/php/Base/Database.php(414): dbDelta(Array)
#5 /wordpress/wp-content/plugins/letmehelp/src/php/Base/Activate.php(21): LetMeHelp\Base\Database::maybe_create_tables()
#6 /wordpress/wp-content/plugins/letmehelp/letmehelp.php(78): LetMeHelp\Base\Activate::run()
#7 /wordpress/wp-includes/class-wp-hook.php(324): activate_letmehelp_plugin(false)
#8 /wordpress/wp-includes/class-wp-hook.php(348): WP_Hook->apply_filters('', Array)
#9 /wordpress/wp-includes/plugin.php(517): WP_Hook->do_action(Array)
#10 /wordpress/wp-admin/includes/plugin.php(703): do_action('activate_letmeh...', false)
#11 /internal/eval.php(20): activate_plugin('letmehelp/letme...')
#12 {main}</pre>
 for query CREATE TABLE wp_letmehelp_keywords (
				keyword_id bigint(20) NOT NULL AUTO_INCREMENT,
				keyword_text varchar(255) NOT NULL,
				keyword_status varchar(20) DEFAULT 'active' NOT NULL,
				PRIMARY KEY  (keyword_id)
			) DEFAULT CHARACTER SET utf8mb4 COLLATE  made by activate_plugin, do_action('activate_letmehelp/letmehelp.php'), WP_Hook->do_action, WP_Hook->apply_filters, activate_letmehelp_plugin, LetMeHelp\Base\Activate::run, LetMeHelp\Base\Database::maybe_create_tables, dbDelta, WP_SQLite_DB->query, WP_SQLite_DB->print_error
[06-Jul-2025 11:57:02 UTC] WordPress database error <div style="clear:both">&nbsp;</div>
<div class="queries" style="clear:both;margin-bottom:2px;border:red dotted thin;">
<p>MySQL query:</p>
<p>CREATE TABLE wp_letmehelp_links_keywords (
				link_id bigint(20) NOT NULL,
				keyword_id bigint(20) NOT NULL,
				PRIMARY KEY  (link_id, keyword_id),
				FOREIGN KEY  (link_id) REFERENCES wp_letmehelp_links(link_id),
				FOREIGN KEY  (keyword_id) REFERENCES wp_letmehelp_keywords(keyword_id)
			) DEFAULT CHARACTER SET utf8mb4 COLLATE </p>
<p>Queries made or created this session were:</p>
<ol>
</ol>
</div>
<div style="clear:both;margin-bottom:2px;border:red dotted thin;" class="error_message" style="border-bottom:dotted blue thin;">
Failed to parse the MySQL query.
</div>
<p>Backtrace:</p>
<pre>#0 /internal/shared/sqlite-database-integration/wp-includes/sqlite-ast/class-wp-sqlite-driver.php(606): WP_SQLite_Driver->new_driver_exception('Failed to parse...')
#1 /internal/shared/sqlite-database-integration/wp-includes/sqlite/class-wp-sqlite-db.php(491): WP_SQLite_Driver->query('CREATE TABLE wp...')
#2 /internal/shared/sqlite-database-integration/wp-includes/sqlite/class-wp-sqlite-db.php(432): WP_SQLite_DB->_do_query('CREATE TABLE wp...')
#3 /wordpress/wp-admin/includes/upgrade.php(3280): WP_SQLite_DB->query('CREATE TABLE wp...')
#4 /wordpress/wp-content/plugins/letmehelp/src/php/Base/Database.php(432): dbDelta(Array)
#5 /wordpress/wp-content/plugins/letmehelp/src/php/Base/Activate.php(21): LetMeHelp\Base\Database::maybe_create_tables()
#6 /wordpress/wp-content/plugins/letmehelp/letmehelp.php(78): LetMeHelp\Base\Activate::run()
#7 /wordpress/wp-includes/class-wp-hook.php(324): activate_letmehelp_plugin(false)
#8 /wordpress/wp-includes/class-wp-hook.php(348): WP_Hook->apply_filters('', Array)
#9 /wordpress/wp-includes/plugin.php(517): WP_Hook->do_action(Array)
#10 /wordpress/wp-admin/includes/plugin.php(703): do_action('activate_letmeh...', false)
#11 /internal/eval.php(20): activate_plugin('letmehelp/letme...')
#12 {main}</pre>
 for query CREATE TABLE wp_letmehelp_links_keywords (
				link_id bigint(20) NOT NULL,
				keyword_id bigint(20) NOT NULL,
				PRIMARY KEY  (link_id, keyword_id),
				FOREIGN KEY  (link_id) REFERENCES wp_letmehelp_links(link_id),
				FOREIGN KEY  (keyword_id) REFERENCES wp_letmehelp_keywords(keyword_id)
			) DEFAULT CHARACTER SET utf8mb4 COLLATE  made by activate_plugin, do_action('activate_letmehelp/letmehelp.php'), WP_Hook->do_action, WP_Hook->apply_filters, activate_letmehelp_plugin, LetMeHelp\Base\Activate::run, LetMeHelp\Base\Database::maybe_create_tables, dbDelta, WP_SQLite_DB->query, WP_SQLite_DB->print_error
[06-Jul-2025 11:57:13 UTC] WordPress database error <div style="clear:both">&nbsp;</div>
<div class="queries" style="clear:both;margin-bottom:2px;border:red dotted thin;">
<p>MySQL query:</p>
<p>CREATE TABLE wp_letmehelp_links (
				link_id bigint(20) NOT NULL AUTO_INCREMENT,
				link_url varchar(255) NOT NULL,
				link_label varchar(255) NOT NULL,
				PRIMARY KEY  (link_id)
			) DEFAULT CHARACTER SET utf8mb4 COLLATE </p>
<p>Queries made or created this session were:</p>
<ol>
</ol>
</div>
<div style="clear:both;margin-bottom:2px;border:red dotted thin;" class="error_message" style="border-bottom:dotted blue thin;">
Failed to parse the MySQL query.
</div>
<p>Backtrace:</p>
<pre>#0 /internal/shared/sqlite-database-integration/wp-includes/sqlite-ast/class-wp-sqlite-driver.php(606): WP_SQLite_Driver->new_driver_exception('Failed to parse...')
#1 /internal/shared/sqlite-database-integration/wp-includes/sqlite/class-wp-sqlite-db.php(491): WP_SQLite_Driver->query('CREATE TABLE wp...')
#2 /internal/shared/sqlite-database-integration/wp-includes/sqlite/class-wp-sqlite-db.php(432): WP_SQLite_DB->_do_query('CREATE TABLE wp...')
#3 /wordpress/wp-admin/includes/upgrade.php(3280): WP_SQLite_DB->query('CREATE TABLE wp...')
#4 /wordpress/wp-content/plugins/letmehelp/src/php/Base/Database.php(397): dbDelta(Array)
#5 /wordpress/wp-content/plugins/letmehelp/src/php/Base/Activate.php(21): LetMeHelp\Base\Database::maybe_create_tables()
#6 /wordpress/wp-content/plugins/letmehelp/letmehelp.php(78): LetMeHelp\Base\Activate::run()
#7 /wordpress/wp-includes/class-wp-hook.php(324): activate_letmehelp_plugin(false)
#8 /wordpress/wp-includes/class-wp-hook.php(348): WP_Hook->apply_filters('', Array)
#9 /wordpress/wp-includes/plugin.php(517): WP_Hook->do_action(Array)
#10 /wordpress/wp-admin/includes/plugin.php(703): do_action('activate_letmeh...', false)
#11 /internal/eval.php(20): activate_plugin('letmehelp/letme...')
#12 {main}</pre>
 for query CREATE TABLE wp_letmehelp_links (
				link_id bigint(20) NOT NULL AUTO_INCREMENT,
				link_url varchar(255) NOT NULL,
				link_label varchar(255) NOT NULL,
				PRIMARY KEY  (link_id)
			) DEFAULT CHARACTER SET utf8mb4 COLLATE  made by activate_plugin, do_action('activate_letmehelp/letmehelp.php'), WP_Hook->do_action, WP_Hook->apply_filters, activate_letmehelp_plugin, LetMeHelp\Base\Activate::run, LetMeHelp\Base\Database::maybe_create_tables, dbDelta, WP_SQLite_DB->query, WP_SQLite_DB->print_error
[06-Jul-2025 11:57:13 UTC] WordPress database error <div style="clear:both">&nbsp;</div>
<div class="queries" style="clear:both;margin-bottom:2px;border:red dotted thin;">
<p>MySQL query:</p>
<p>CREATE TABLE wp_letmehelp_keywords (
				keyword_id bigint(20) NOT NULL AUTO_INCREMENT,
				keyword_text varchar(255) NOT NULL,
				keyword_status varchar(20) DEFAULT 'active' NOT NULL,
				PRIMARY KEY  (keyword_id)
			) DEFAULT CHARACTER SET utf8mb4 COLLATE </p>
<p>Queries made or created this session were:</p>
<ol>
</ol>
</div>
<div style="clear:both;margin-bottom:2px;border:red dotted thin;" class="error_message" style="border-bottom:dotted blue thin;">
Failed to parse the MySQL query.
</div>
<p>Backtrace:</p>
<pre>#0 /internal/shared/sqlite-database-integration/wp-includes/sqlite-ast/class-wp-sqlite-driver.php(606): WP_SQLite_Driver->new_driver_exception('Failed to parse...')
#1 /internal/shared/sqlite-database-integration/wp-includes/sqlite/class-wp-sqlite-db.php(491): WP_SQLite_Driver->query('CREATE TABLE wp...')
#2 /internal/shared/sqlite-database-integration/wp-includes/sqlite/class-wp-sqlite-db.php(432): WP_SQLite_DB->_do_query('CREATE TABLE wp...')
#3 /wordpress/wp-admin/includes/upgrade.php(3280): WP_SQLite_DB->query('CREATE TABLE wp...')
#4 /wordpress/wp-content/plugins/letmehelp/src/php/Base/Database.php(414): dbDelta(Array)
#5 /wordpress/wp-content/plugins/letmehelp/src/php/Base/Activate.php(21): LetMeHelp\Base\Database::maybe_create_tables()
#6 /wordpress/wp-content/plugins/letmehelp/letmehelp.php(78): LetMeHelp\Base\Activate::run()
#7 /wordpress/wp-includes/class-wp-hook.php(324): activate_letmehelp_plugin(false)
#8 /wordpress/wp-includes/class-wp-hook.php(348): WP_Hook->apply_filters('', Array)
#9 /wordpress/wp-includes/plugin.php(517): WP_Hook->do_action(Array)
#10 /wordpress/wp-admin/includes/plugin.php(703): do_action('activate_letmeh...', false)
#11 /internal/eval.php(20): activate_plugin('letmehelp/letme...')
#12 {main}</pre>
 for query CREATE TABLE wp_letmehelp_keywords (
				keyword_id bigint(20) NOT NULL AUTO_INCREMENT,
				keyword_text varchar(255) NOT NULL,
				keyword_status varchar(20) DEFAULT 'active' NOT NULL,
				PRIMARY KEY  (keyword_id)
			) DEFAULT CHARACTER SET utf8mb4 COLLATE  made by activate_plugin, do_action('activate_letmehelp/letmehelp.php'), WP_Hook->do_action, WP_Hook->apply_filters, activate_letmehelp_plugin, LetMeHelp\Base\Activate::run, LetMeHelp\Base\Database::maybe_create_tables, dbDelta, WP_SQLite_DB->query, WP_SQLite_DB->print_error
[06-Jul-2025 11:57:13 UTC] WordPress database error <div style="clear:both">&nbsp;</div>
<div class="queries" style="clear:both;margin-bottom:2px;border:red dotted thin;">
<p>MySQL query:</p>
<p>CREATE TABLE wp_letmehelp_links_keywords (
				link_id bigint(20) NOT NULL,
				keyword_id bigint(20) NOT NULL,
				PRIMARY KEY  (link_id, keyword_id),
				FOREIGN KEY  (link_id) REFERENCES wp_letmehelp_links(link_id),
				FOREIGN KEY  (keyword_id) REFERENCES wp_letmehelp_keywords(keyword_id)
			) DEFAULT CHARACTER SET utf8mb4 COLLATE </p>
<p>Queries made or created this session were:</p>
<ol>
</ol>
</div>
<div style="clear:both;margin-bottom:2px;border:red dotted thin;" class="error_message" style="border-bottom:dotted blue thin;">
Failed to parse the MySQL query.
</div>
<p>Backtrace:</p>
<pre>#0 /internal/shared/sqlite-database-integration/wp-includes/sqlite-ast/class-wp-sqlite-driver.php(606): WP_SQLite_Driver->new_driver_exception('Failed to parse...')
#1 /internal/shared/sqlite-database-integration/wp-includes/sqlite/class-wp-sqlite-db.php(491): WP_SQLite_Driver->query('CREATE TABLE wp...')
#2 /internal/shared/sqlite-database-integration/wp-includes/sqlite/class-wp-sqlite-db.php(432): WP_SQLite_DB->_do_query('CREATE TABLE wp...')
#3 /wordpress/wp-admin/includes/upgrade.php(3280): WP_SQLite_DB->query('CREATE TABLE wp...')
#4 /wordpress/wp-content/plugins/letmehelp/src/php/Base/Database.php(432): dbDelta(Array)
#5 /wordpress/wp-content/plugins/letmehelp/src/php/Base/Activate.php(21): LetMeHelp\Base\Database::maybe_create_tables()
#6 /wordpress/wp-content/plugins/letmehelp/letmehelp.php(78): LetMeHelp\Base\Activate::run()
#7 /wordpress/wp-includes/class-wp-hook.php(324): activate_letmehelp_plugin(false)
#8 /wordpress/wp-includes/class-wp-hook.php(348): WP_Hook->apply_filters('', Array)
#9 /wordpress/wp-includes/plugin.php(517): WP_Hook->do_action(Array)
#10 /wordpress/wp-admin/includes/plugin.php(703): do_action('activate_letmeh...', false)
#11 /internal/eval.php(20): activate_plugin('letmehelp/letme...')
#12 {main}</pre>
 for query CREATE TABLE wp_letmehelp_links_keywords (
				link_id bigint(20) NOT NULL,
				keyword_id bigint(20) NOT NULL,
				PRIMARY KEY  (link_id, keyword_id),
				FOREIGN KEY  (link_id) REFERENCES wp_letmehelp_links(link_id),
				FOREIGN KEY  (keyword_id) REFERENCES wp_letmehelp_keywords(keyword_id)
			) DEFAULT CHARACTER SET utf8mb4 COLLATE  made by activate_plugin, do_action('activate_letmehelp/letmehelp.php'), WP_Hook->do_action, WP_Hook->apply_filters, activate_letmehelp_plugin, LetMeHelp\Base\Activate::run, LetMeHelp\Base\Database::maybe_create_tables, dbDelta, WP_SQLite_DB->query, WP_SQLite_DB->print_error
[06-Jul-2025 11:57:23 UTC] WordPress database error <div style="clear:both">&nbsp;</div>
<div class="queries" style="clear:both;margin-bottom:2px;border:red dotted thin;">
<p>MySQL query:</p>
<p>CREATE TABLE wp_letmehelp_links (
				link_id bigint(20) NOT NULL AUTO_INCREMENT,
				link_url varchar(255) NOT NULL,
				link_label varchar(255) NOT NULL,
				PRIMARY KEY  (link_id)
			) DEFAULT CHARACTER SET utf8mb4 COLLATE </p>
<p>Queries made or created this session were:</p>
<ol>
</ol>
</div>
<div style="clear:both;margin-bottom:2px;border:red dotted thin;" class="error_message" style="border-bottom:dotted blue thin;">
Failed to parse the MySQL query.
</div>
<p>Backtrace:</p>
<pre>#0 /internal/shared/sqlite-database-integration/wp-includes/sqlite-ast/class-wp-sqlite-driver.php(606): WP_SQLite_Driver->new_driver_exception('Failed to parse...')
#1 /internal/shared/sqlite-database-integration/wp-includes/sqlite/class-wp-sqlite-db.php(491): WP_SQLite_Driver->query('CREATE TABLE wp...')
#2 /internal/shared/sqlite-database-integration/wp-includes/sqlite/class-wp-sqlite-db.php(432): WP_SQLite_DB->_do_query('CREATE TABLE wp...')
#3 /wordpress/wp-admin/includes/upgrade.php(3280): WP_SQLite_DB->query('CREATE TABLE wp...')
#4 /wordpress/wp-content/plugins/letmehelp/src/php/Base/Database.php(397): dbDelta(Array)
#5 /wordpress/wp-content/plugins/letmehelp/src/php/Base/Activate.php(21): LetMeHelp\Base\Database::maybe_create_tables()
#6 /wordpress/wp-content/plugins/letmehelp/letmehelp.php(78): LetMeHelp\Base\Activate::run()
#7 /wordpress/wp-includes/class-wp-hook.php(324): activate_letmehelp_plugin(false)
#8 /wordpress/wp-includes/class-wp-hook.php(348): WP_Hook->apply_filters('', Array)
#9 /wordpress/wp-includes/plugin.php(517): WP_Hook->do_action(Array)
#10 /wordpress/wp-admin/includes/plugin.php(703): do_action('activate_letmeh...', false)
#11 /internal/eval.php(20): activate_plugin('letmehelp/letme...')
#12 {main}</pre>
 for query CREATE TABLE wp_letmehelp_links (
				link_id bigint(20) NOT NULL AUTO_INCREMENT,
				link_url varchar(255) NOT NULL,
				link_label varchar(255) NOT NULL,
				PRIMARY KEY  (link_id)
			) DEFAULT CHARACTER SET utf8mb4 COLLATE  made by activate_plugin, do_action('activate_letmehelp/letmehelp.php'), WP_Hook->do_action, WP_Hook->apply_filters, activate_letmehelp_plugin, LetMeHelp\Base\Activate::run, LetMeHelp\Base\Database::maybe_create_tables, dbDelta, WP_SQLite_DB->query, WP_SQLite_DB->print_error
[06-Jul-2025 11:57:23 UTC] WordPress database error <div style="clear:both">&nbsp;</div>
<div class="queries" style="clear:both;margin-bottom:2px;border:red dotted thin;">
<p>MySQL query:</p>
<p>CREATE TABLE wp_letmehelp_keywords (
				keyword_id bigint(20) NOT NULL AUTO_INCREMENT,
				keyword_text varchar(255) NOT NULL,
				keyword_status varchar(20) DEFAULT 'active' NOT NULL,
				PRIMARY KEY  (keyword_id)
			) DEFAULT CHARACTER SET utf8mb4 COLLATE </p>
<p>Queries made or created this session were:</p>
<ol>
</ol>
</div>
<div style="clear:both;margin-bottom:2px;border:red dotted thin;" class="error_message" style="border-bottom:dotted blue thin;">
Failed to parse the MySQL query.
</div>
<p>Backtrace:</p>
<pre>#0 /internal/shared/sqlite-database-integration/wp-includes/sqlite-ast/class-wp-sqlite-driver.php(606): WP_SQLite_Driver->new_driver_exception('Failed to parse...')
#1 /internal/shared/sqlite-database-integration/wp-includes/sqlite/class-wp-sqlite-db.php(491): WP_SQLite_Driver->query('CREATE TABLE wp...')
#2 /internal/shared/sqlite-database-integration/wp-includes/sqlite/class-wp-sqlite-db.php(432): WP_SQLite_DB->_do_query('CREATE TABLE wp...')
#3 /wordpress/wp-admin/includes/upgrade.php(3280): WP_SQLite_DB->query('CREATE TABLE wp...')
#4 /wordpress/wp-content/plugins/letmehelp/src/php/Base/Database.php(414): dbDelta(Array)
#5 /wordpress/wp-content/plugins/letmehelp/src/php/Base/Activate.php(21): LetMeHelp\Base\Database::maybe_create_tables()
#6 /wordpress/wp-content/plugins/letmehelp/letmehelp.php(78): LetMeHelp\Base\Activate::run()
#7 /wordpress/wp-includes/class-wp-hook.php(324): activate_letmehelp_plugin(false)
#8 /wordpress/wp-includes/class-wp-hook.php(348): WP_Hook->apply_filters('', Array)
#9 /wordpress/wp-includes/plugin.php(517): WP_Hook->do_action(Array)
#10 /wordpress/wp-admin/includes/plugin.php(703): do_action('activate_letmeh...', false)
#11 /internal/eval.php(20): activate_plugin('letmehelp/letme...')
#12 {main}</pre>
 for query CREATE TABLE wp_letmehelp_keywords (
				keyword_id bigint(20) NOT NULL AUTO_INCREMENT,
				keyword_text varchar(255) NOT NULL,
				keyword_status varchar(20) DEFAULT 'active' NOT NULL,
				PRIMARY KEY  (keyword_id)
			) DEFAULT CHARACTER SET utf8mb4 COLLATE  made by activate_plugin, do_action('activate_letmehelp/letmehelp.php'), WP_Hook->do_action, WP_Hook->apply_filters, activate_letmehelp_plugin, LetMeHelp\Base\Activate::run, LetMeHelp\Base\Database::maybe_create_tables, dbDelta, WP_SQLite_DB->query, WP_SQLite_DB->print_error
[06-Jul-2025 11:57:23 UTC] WordPress database error <div style="clear:both">&nbsp;</div>
<div class="queries" style="clear:both;margin-bottom:2px;border:red dotted thin;">
<p>MySQL query:</p>
<p>CREATE TABLE wp_letmehelp_links_keywords (
				link_id bigint(20) NOT NULL,
				keyword_id bigint(20) NOT NULL,
				PRIMARY KEY  (link_id, keyword_id),
				FOREIGN KEY  (link_id) REFERENCES wp_letmehelp_links(link_id),
				FOREIGN KEY  (keyword_id) REFERENCES wp_letmehelp_keywords(keyword_id)
			) DEFAULT CHARACTER SET utf8mb4 COLLATE </p>
<p>Queries made or created this session were:</p>
<ol>
</ol>
</div>
<div style="clear:both;margin-bottom:2px;border:red dotted thin;" class="error_message" style="border-bottom:dotted blue thin;">
Failed to parse the MySQL query.
</div>
<p>Backtrace:</p>
<pre>#0 /internal/shared/sqlite-database-integration/wp-includes/sqlite-ast/class-wp-sqlite-driver.php(606): WP_SQLite_Driver->new_driver_exception('Failed to parse...')
#1 /internal/shared/sqlite-database-integration/wp-includes/sqlite/class-wp-sqlite-db.php(491): WP_SQLite_Driver->query('CREATE TABLE wp...')
#2 /internal/shared/sqlite-database-integration/wp-includes/sqlite/class-wp-sqlite-db.php(432): WP_SQLite_DB->_do_query('CREATE TABLE wp...')
#3 /wordpress/wp-admin/includes/upgrade.php(3280): WP_SQLite_DB->query('CREATE TABLE wp...')
#4 /wordpress/wp-content/plugins/letmehelp/src/php/Base/Database.php(432): dbDelta(Array)
#5 /wordpress/wp-content/plugins/letmehelp/src/php/Base/Activate.php(21): LetMeHelp\Base\Database::maybe_create_tables()
#6 /wordpress/wp-content/plugins/letmehelp/letmehelp.php(78): LetMeHelp\Base\Activate::run()
#7 /wordpress/wp-includes/class-wp-hook.php(324): activate_letmehelp_plugin(false)
#8 /wordpress/wp-includes/class-wp-hook.php(348): WP_Hook->apply_filters('', Array)
#9 /wordpress/wp-includes/plugin.php(517): WP_Hook->do_action(Array)
#10 /wordpress/wp-admin/includes/plugin.php(703): do_action('activate_letmeh...', false)
#11 /internal/eval.php(20): activate_plugin('letmehelp/letme...')
#12 {main}</pre>
 for query CREATE TABLE wp_letmehelp_links_keywords (
				link_id bigint(20) NOT NULL,
				keyword_id bigint(20) NOT NULL,
				PRIMARY KEY  (link_id, keyword_id),
				FOREIGN KEY  (link_id) REFERENCES wp_letmehelp_links(link_id),
				FOREIGN KEY  (keyword_id) REFERENCES wp_letmehelp_keywords(keyword_id)
			) DEFAULT CHARACTER SET utf8mb4 COLLATE  made by activate_plugin, do_action('activate_letmehelp/letmehelp.php'), WP_Hook->do_action, WP_Hook->apply_filters, activate_letmehelp_plugin, LetMeHelp\Base\Activate::run, LetMeHelp\Base\Database::maybe_create_tables, dbDelta, WP_SQLite_DB->query, WP_SQLite_DB->print_error
[06-Jul-2025 11:57:33 UTC] PHP Warning:  "continue" targeting switch is equivalent to "break". Did you mean to use "continue 2"? in /wordpress/wp-content/plugins/letter-template/wn-letter-template.php on line 522
[06-Jul-2025 11:57:33 UTC] PHP Warning:  "continue" targeting switch is equivalent to "break". Did you mean to use "continue 2"? in /wordpress/wp-content/plugins/letter-template/wn-letter-template.php on line 531
[06-Jul-2025 11:57:34 UTC] PHP Warning:  "continue" targeting switch is equivalent to "break". Did you mean to use "continue 2"? in /wordpress/wp-content/plugins/letter-template/wn-letter-template.php on line 522
[06-Jul-2025 11:57:34 UTC] PHP Warning:  "continue" targeting switch is equivalent to "break". Did you mean to use "continue 2"? in /wordpress/wp-content/plugins/letter-template/wn-letter-template.php on line 531
[06-Jul-2025 11:57:42 UTC] PHP Warning:  "continue" targeting switch is equivalent to "break". Did you mean to use "continue 2"? in /wordpress/wp-content/plugins/letter-template/wn-letter-template.php on line 522
[06-Jul-2025 11:57:42 UTC] PHP Warning:  "continue" targeting switch is equivalent to "break". Did you mean to use "continue 2"? in /wordpress/wp-content/plugins/letter-template/wn-letter-template.php on line 531
[06-Jul-2025 11:57:43 UTC] PHP Warning:  "continue" targeting switch is equivalent to "break". Did you mean to use "continue 2"? in /wordpress/wp-content/plugins/letter-template/wn-letter-template.php on line 522
[06-Jul-2025 11:57:43 UTC] PHP Warning:  "continue" targeting switch is equivalent to "break". Did you mean to use "continue 2"? in /wordpress/wp-content/plugins/letter-template/wn-letter-template.php on line 531
[06-Jul-2025 11:57:52 UTC] PHP Warning:  "continue" targeting switch is equivalent to "break". Did you mean to use "continue 2"? in /wordpress/wp-content/plugins/letter-template/wn-letter-template.php on line 522
[06-Jul-2025 11:57:52 UTC] PHP Warning:  "continue" targeting switch is equivalent to "break". Did you mean to use "continue 2"? in /wordpress/wp-content/plugins/letter-template/wn-letter-template.php on line 531
[06-Jul-2025 11:57:53 UTC] PHP Warning:  "continue" targeting switch is equivalent to "break". Did you mean to use "continue 2"? in /wordpress/wp-content/plugins/letter-template/wn-letter-template.php on line 522
[06-Jul-2025 11:57:53 UTC] PHP Warning:  "continue" targeting switch is equivalent to "break". Did you mean to use "continue 2"? in /wordpress/wp-content/plugins/letter-template/wn-letter-template.php on line 531
[06-Jul-2025 11:58:04 UTC] PHP Notice:  Function _load_textdomain_just_in_time was called <strong>incorrectly</strong>. Translation loading for the <code>levelup</code> domain was triggered too early. This is usually an indicator for some code in the plugin or theme running too early. Translations should be loaded at the <code>init</code> action or later. Please see <a href="https://developer.wordpress.org/advanced-administration/debug/debug-wordpress/">Debugging in WordPress</a> for more information. (This message was added in version 6.7.0.) in /wordpress/wp-includes/functions.php on line 6121
[06-Jul-2025 11:58:14 UTC] PHP Notice:  Function _load_textdomain_just_in_time was called <strong>incorrectly</strong>. Translation loading for the <code>levelup</code> domain was triggered too early. This is usually an indicator for some code in the plugin or theme running too early. Translations should be loaded at the <code>init</code> action or later. Please see <a href="https://developer.wordpress.org/advanced-administration/debug/debug-wordpress/">Debugging in WordPress</a> for more information. (This message was added in version 6.7.0.) in /wordpress/wp-includes/functions.php on line 6121
[06-Jul-2025 11:58:23 UTC] PHP Notice:  Function _load_textdomain_just_in_time was called <strong>incorrectly</strong>. Translation loading for the <code>levelup</code> domain was triggered too early. This is usually an indicator for some code in the plugin or theme running too early. Translations should be loaded at the <code>init</code> action or later. Please see <a href="https://developer.wordpress.org/advanced-administration/debug/debug-wordpress/">Debugging in WordPress</a> for more information. (This message was added in version 6.7.0.) in /wordpress/wp-includes/functions.php on line 6121
[06-Jul-2025 11:58:32 UTC] PHP Fatal error:  Uncaught Error: Class "Sidecar_Plugin_Base" not found in /wordpress/wp-content/plugins/lexity-live-for-wp-e-commerce/classes/class-plugin-base.php:6
Stack trace:
#0 /wordpress/wp-content/plugins/lexity-live-for-wp-e-commerce/loader.php(11): require()
#1 /wordpress/wp-content/plugins/lexity-live-for-wp-e-commerce/libraries/imperative/imperative.php(481): require_once('/wordpress/wp-c...')
#2 /wordpress/wp-content/plugins/lexity-live-for-wp-e-commerce/libraries/imperative/imperative.php(269): WP_Library_Manager->_load_plugin_loaders()
#3 /wordpress/wp-includes/class-wp-hook.php(326): WP_Library_Manager->activate_plugin('lexity-live-for...')
#4 /wordpress/wp-includes/class-wp-hook.php(348): WP_Hook->apply_filters('', Array)
#5 /wordpress/wp-includes/plugin.php(517): WP_Hook->do_action(Array)
#6 /wordpress/wp-admin/includes/plugin.php(688): do_action('activate_plugin', 'lexity-live-for...', false)
#7 /internal/eval.php(20): activate_plugin('lexity-live-for...')
#8 {main}
  thrown in /wordpress/wp-content/plugins/lexity-live-for-wp-e-commerce/classes/class-plugin-base.php on line 6
[06-Jul-2025 11:58:40 UTC] PHP Fatal error:  Uncaught Error: Class "Sidecar_Plugin_Base" not found in /wordpress/wp-content/plugins/lexity-live-for-wp-e-commerce/classes/class-plugin-base.php:6
Stack trace:
#0 /wordpress/wp-content/plugins/lexity-live-for-wp-e-commerce/loader.php(11): require()
#1 /wordpress/wp-content/plugins/lexity-live-for-wp-e-commerce/libraries/imperative/imperative.php(481): require_once('/wordpress/wp-c...')
#2 /wordpress/wp-content/plugins/lexity-live-for-wp-e-commerce/libraries/imperative/imperative.php(269): WP_Library_Manager->_load_plugin_loaders()
#3 /wordpress/wp-includes/class-wp-hook.php(326): WP_Library_Manager->activate_plugin('lexity-live-for...')
#4 /wordpress/wp-includes/class-wp-hook.php(348): WP_Hook->apply_filters('', Array)
#5 /wordpress/wp-includes/plugin.php(517): WP_Hook->do_action(Array)
#6 /wordpress/wp-admin/includes/plugin.php(688): do_action('activate_plugin', 'lexity-live-for...', false)
#7 /internal/eval.php(20): activate_plugin('lexity-live-for...')
#8 {main}
  thrown in /wordpress/wp-content/plugins/lexity-live-for-wp-e-commerce/classes/class-plugin-base.php on line 6

    at Object.onBind (file:///home/runner/work/playground-tester/playground-tester/node_modules/@wp-playground/cli/run-cli-j-geJYS3.js:325:15)
    at process.processTicksAndRejections (node:internal/process/task_queues:105:5)
    at async re (file:///home/runner/work/playground-tester/playground-tester/node_modules/@wp-playground/cli/run-cli-j-geJYS3.js:149:10) {
  [cause]: Error: Error when executing the blueprint step #1 ({"step":"installPlugin","pluginData":{"resource":"wordpress.org/plugins","slug":"lexity-live-for-wp-e-commerce"},"options":{"activate":true}}) : PHP.run() failed with exit code 255 and the following output: 
      at Object.run (file:///home/runner/work/playground-tester/playground-tester/node_modules/@wp-playground/blueprints/index.js:12093:19)
      at process.processTicksAndRejections (node:internal/process/task_queues:105:5)
      at async ys (file:///home/runner/work/playground-tester/playground-tester/node_modules/@wp-playground/blueprints/index.js:12196:3)
      at async Object.onBind (file:///home/runner/work/playground-tester/playground-tester/node_modules/@wp-playground/cli/run-cli-j-geJYS3.js:315:48)
      at async re (file:///home/runner/work/playground-tester/playground-tester/node_modules/@wp-playground/cli/run-cli-j-geJYS3.js:149:10) {
    [cause]: PHPExecutionFailureError: PHP.run() failed with exit code 255 and the following output: 
        at PHP.run (file:///home/runner/work/playground-tester/playground-tester/node_modules/@php-wasm/universal/index.js:1034:19)
        at process.processTicksAndRejections (node:internal/process/task_queues:105:5)
        at async wr (file:///home/runner/work/playground-tester/playground-tester/node_modules/@wp-playground/blueprints/index.js:34:39)
        at async Object.gt [as installPlugin] (file:///home/runner/work/playground-tester/playground-tester/node_modules/@wp-playground/blueprints/index.js:631:42)
        at async g (file:///home/runner/work/playground-tester/playground-tester/node_modules/@wp-playground/blueprints/index.js:12161:30)
        at async Object.run (file:///home/runner/work/playground-tester/playground-tester/node_modules/@wp-playground/blueprints/index.js:12090:23)
        at async ys (file:///home/runner/work/playground-tester/playground-tester/node_modules/@wp-playground/blueprints/index.js:12196:3)
        at async Object.onBind (file:///home/runner/work/playground-tester/playground-tester/node_modules/@wp-playground/cli/run-cli-j-geJYS3.js:315:48)
        at async re (file:///home/runner/work/playground-tester/playground-tester/node_modules/@wp-playground/cli/run-cli-j-geJYS3.js:149:10) {
      response: PHPResponse {
        httpStatusCode: 500,
        headers: {
          'x-powered-by': [ 'PHP/8.0.30-dev' ],
          'content-type': [ 'text/html; charset=UTF-8' ]
        },
        bytes: Uint8Array(0) [],
        exitCode: 255,
        errors: ''
      },
      source: 'request'
    }
  }
}

Node.js v23.11.0
