file:///home/runner/work/playground-tester/playground-tester/node_modules/@wp-playground/cli/cli.js:21
`)},constants:R,phpIniEntries:{"openssl.cafile":"/internal/shared/ca-bundle.crt",allow_url_fopen:"1",disable_functions:""},hooks:{async beforeWordPressFiles(h){e.mountBeforeInstall&&u(h,e.mountBeforeInstall)}}}),d.log("Booted!");const W=await w.getPrimaryPhp();try{if(o&&!e.mountBeforeInstall&&!m.existsSync(f)&&(d.log("Caching preinstalled WordPress for the next boot..."),m.writeFileSync(f,await Z(W,"/wordpress")),d.log("Cached!")),e.mount&&u(W,e.mount),H=!0,l){const{php:h,reap:b}=await w.processManager.acquirePHPInstance();try{d.log("Running the Blueprint..."),await M(l,h),d.log("Finished running the blueprint")}finally{b()}}a==="build-snapshot"?(await i(e.outfile),d.log(`WordPress exported to ${e.outfile}`),process.exit(0)):a==="run-blueprint"?(d.log("Blueprint executed"),process.exit(0)):d.log(`WordPress is running on ${s}`)}catch(h){if(!e.debug)throw h;const b=W.readFileAsText(L);throw new Error(b,{cause:h})}},async handleRequest(r){return H?await w.request(r):U.forHttpCode(502,"WordPress is not ready yet")}})}te();
                                                                                                                                                                                                                                                                                                                                                                                                                                                                                                                                                                                                                                                                                                                                                                                                                                                                                                                                      ^

Error: [10-Apr-2025 03:56:49 UTC] PHP Notice:  Undefined index: option_value in /internal/shared/sqlite-database-integration/wp-includes/sqlite-ast/class-wp-sqlite-driver.php on line 3080
[10-Apr-2025 03:56:49 UTC] PHP Notice:  Trying to access array offset on value of type null in /internal/shared/sqlite-database-integration/wp-includes/sqlite-ast/class-wp-sqlite-driver.php on line 3081
[10-Apr-2025 03:56:49 UTC] PHP Notice:  Trying to access array offset on value of type null in /internal/shared/sqlite-database-integration/wp-includes/sqlite-ast/class-wp-sqlite-driver.php on line 3082
[10-Apr-2025 03:56:49 UTC] PHP Notice:  Trying to access array offset on value of type null in /internal/shared/sqlite-database-integration/wp-includes/sqlite-ast/class-wp-sqlite-driver.php on line 3083
[10-Apr-2025 03:57:15 UTC] WordPress database error <div style="clear:both">&nbsp;</div>
<div class="queries" style="clear:both;margin-bottom:2px;border:red dotted thin;">
<p>MySQL query:</p>
<p>INSERT INTO `wp_options` (`option_name`, `option_value`, `autoload`) VALUES ('spe_title', 'Scroll post excerpt', 'auto') ON DUPLICATE KEY UPDATE `option_name` = VALUES(`option_name`), `option_value` = VALUES(`option_value`), `autoload` = VALUES(`autoload`)</p>
<p>Queries made or created this session were:</p>
<ol>
<li>Executing: BEGIN | (no parameters)</li>
<li>Executing: SELECT 1 FROM sqlite_temp_schema WHERE type = 'table' AND name = ? | parameters: wp_options</li>
<li>Executing: 
				SELECT column_name, is_nullable, column_default, data_type, extra
				FROM _wp_sqlite_mysql_information_schema_columns
				WHERE table_schema = ?
				AND table_name = ?
				ORDER BY ordinal_position
			 | parameters: database_name_here, wp_options</li>
<li>Executing: INSERT INTO `wp_options` () SELECT  FROM (VALUES ( 'spe_title' , 'Scroll post excerpt' , 'auto' )) WHERE true ON CONFLICT DO UPDATE SET `option_name` = `excluded`.`option_name` , `option_value` = `excluded`.`option_value` , `autoload` = `excluded`.`autoload` | (no parameters)</li>
<li>Executing: ROLLBACK | (no parameters)</li>
</ol>
</div>
<div style="clear:both;margin-bottom:2px;border:red dotted thin;" class="error_message" style="border-bottom:dotted blue thin;">
SQLSTATE[HY000]: General error: 1 near ")": syntax error
</div>
<p>Backtrace:</p>
<pre>#0 /internal/shared/sqlite-database-integration/wp-includes/sqlite-ast/class-wp-sqlite-driver.php(690): WP_SQLite_Driver->new_driver_exception('SQLSTATE[HY000]...', 0, Object(PDOException))
#1 /internal/shared/sqlite-database-integration/wp-includes/sqlite/class-wp-sqlite-db.php(472): WP_SQLite_Driver->query('INSERT INTO `wp...')
#2 /internal/shared/sqlite-database-integration/wp-includes/sqlite/class-wp-sqlite-db.php(413): WP_SQLite_DB->_do_query('INSERT INTO `wp...')
#3 /wordpress/wp-includes/option.php(1134): WP_SQLite_DB->query('INSERT INTO `wp...')
#4 /wordpress/wp-content/plugins/scroll-post-excerpt/scroll-post-excerpt.php(143): add_option('spe_title', 'Scroll post exc...')
#5 /wordpress/wp-includes/class-wp-hook.php(324): spe_install(false)
#6 /wordpress/wp-includes/class-wp-hook.php(348): WP_Hook->apply_filters('', Array)
#7 /wordpress/wp-includes/plugin.php(517): WP_Hook->do_action(Array)
#8 /wordpress/wp-admin/includes/plugin.php(703): do_action('activate_scroll...', false)
#9 /internal/eval.php(20): activate_plugin('scroll-post-exc...')
#10 {main}</pre>
 for query INSERT INTO `wp_options` (`option_name`, `option_value`, `autoload`) VALUES ('spe_title', 'Scroll post excerpt', 'auto') ON DUPLICATE KEY UPDATE `option_name` = VALUES(`option_name`), `option_value` = VALUES(`option_value`), `autoload` = VALUES(`autoload`) made by activate_plugin, do_action('activate_scroll-post-excerpt/scroll-post-excerpt.php'), WP_Hook->do_action, WP_Hook->apply_filters, spe_install, add_option, WP_SQLite_DB->query, WP_SQLite_DB->print_error
[10-Apr-2025 03:57:15 UTC] WordPress database error <div style="clear:both">&nbsp;</div>
<div class="queries" style="clear:both;margin-bottom:2px;border:red dotted thin;">
<p>MySQL query:</p>
<p>INSERT INTO `wp_options` (`option_name`, `option_value`, `autoload`) VALUES ('spe_select_num_user', '10', 'auto') ON DUPLICATE KEY UPDATE `option_name` = VALUES(`option_name`), `option_value` = VALUES(`option_value`), `autoload` = VALUES(`autoload`)</p>
<p>Queries made or created this session were:</p>
<ol>
<li>Executing: BEGIN | (no parameters)</li>
<li>Executing: SELECT 1 FROM sqlite_temp_schema WHERE type = 'table' AND name = ? | parameters: wp_options</li>
<li>Executing: 
				SELECT column_name, is_nullable, column_default, data_type, extra
				FROM _wp_sqlite_mysql_information_schema_columns
				WHERE table_schema = ?
				AND table_name = ?
				ORDER BY ordinal_position
			 | parameters: database_name_here, wp_options</li>
<li>Executing: INSERT INTO `wp_options` () SELECT  FROM (VALUES ( 'spe_select_num_user' , '10' , 'auto' )) WHERE true ON CONFLICT DO UPDATE SET `option_name` = `excluded`.`option_name` , `option_value` = `excluded`.`option_value` , `autoload` = `excluded`.`autoload` | (no parameters)</li>
<li>Executing: ROLLBACK | (no parameters)</li>
</ol>
</div>
<div style="clear:both;margin-bottom:2px;border:red dotted thin;" class="error_message" style="border-bottom:dotted blue thin;">
SQLSTATE[HY000]: General error: 1 near ")": syntax error
</div>
<p>Backtrace:</p>
<pre>#0 /internal/shared/sqlite-database-integration/wp-includes/sqlite-ast/class-wp-sqlite-driver.php(690): WP_SQLite_Driver->new_driver_exception('SQLSTATE[HY000]...', 0, Object(PDOException))
#1 /internal/shared/sqlite-database-integration/wp-includes/sqlite/class-wp-sqlite-db.php(472): WP_SQLite_Driver->query('INSERT INTO `wp...')
#2 /internal/shared/sqlite-database-integration/wp-includes/sqlite/class-wp-sqlite-db.php(413): WP_SQLite_DB->_do_query('INSERT INTO `wp...')
#3 /wordpress/wp-includes/option.php(1134): WP_SQLite_DB->query('INSERT INTO `wp...')
#4 /wordpress/wp-content/plugins/scroll-post-excerpt/scroll-post-excerpt.php(144): add_option('spe_select_num_...', '10')
#5 /wordpress/wp-includes/class-wp-hook.php(324): spe_install(false)
#6 /wordpress/wp-includes/class-wp-hook.php(348): WP_Hook->apply_filters('', Array)
#7 /wordpress/wp-includes/plugin.php(517): WP_Hook->do_action(Array)
#8 /wordpress/wp-admin/includes/plugin.php(703): do_action('activate_scroll...', false)
#9 /internal/eval.php(20): activate_plugin('scroll-post-exc...')
#10 {main}</pre>
 for query INSERT INTO `wp_options` (`option_name`, `option_value`, `autoload`) VALUES ('spe_select_num_user', '10', 'auto') ON DUPLICATE KEY UPDATE `option_name` = VALUES(`option_name`), `option_value` = VALUES(`option_value`), `autoload` = VALUES(`autoload`) made by activate_plugin, do_action('activate_scroll-post-excerpt/scroll-post-excerpt.php'), WP_Hook->do_action, WP_Hook->apply_filters, spe_install, add_option, WP_SQLite_DB->query, WP_SQLite_DB->print_error
[10-Apr-2025 03:57:15 UTC] WordPress database error <div style="clear:both">&nbsp;</div>
<div class="queries" style="clear:both;margin-bottom:2px;border:red dotted thin;">
<p>MySQL query:</p>
<p>INSERT INTO `wp_options` (`option_name`, `option_value`, `autoload`) VALUES ('spe_dis_num_user', '5', 'auto') ON DUPLICATE KEY UPDATE `option_name` = VALUES(`option_name`), `option_value` = VALUES(`option_value`), `autoload` = VALUES(`autoload`)</p>
<p>Queries made or created this session were:</p>
<ol>
<li>Executing: BEGIN | (no parameters)</li>
<li>Executing: SELECT 1 FROM sqlite_temp_schema WHERE type = 'table' AND name = ? | parameters: wp_options</li>
<li>Executing: 
				SELECT column_name, is_nullable, column_default, data_type, extra
				FROM _wp_sqlite_mysql_information_schema_columns
				WHERE table_schema = ?
				AND table_name = ?
				ORDER BY ordinal_position
			 | parameters: database_name_here, wp_options</li>
<li>Executing: INSERT INTO `wp_options` () SELECT  FROM (VALUES ( 'spe_dis_num_user' , '5' , 'auto' )) WHERE true ON CONFLICT DO UPDATE SET `option_name` = `excluded`.`option_name` , `option_value` = `excluded`.`option_value` , `autoload` = `excluded`.`autoload` | (no parameters)</li>
<li>Executing: ROLLBACK | (no parameters)</li>
</ol>
</div>
<div style="clear:both;margin-bottom:2px;border:red dotted thin;" class="error_message" style="border-bottom:dotted blue thin;">
SQLSTATE[HY000]: General error: 1 near ")": syntax error
</div>
<p>Backtrace:</p>
<pre>#0 /internal/shared/sqlite-database-integration/wp-includes/sqlite-ast/class-wp-sqlite-driver.php(690): WP_SQLite_Driver->new_driver_exception('SQLSTATE[HY000]...', 0, Object(PDOException))
#1 /internal/shared/sqlite-database-integration/wp-includes/sqlite/class-wp-sqlite-db.php(472): WP_SQLite_Driver->query('INSERT INTO `wp...')
#2 /internal/shared/sqlite-database-integration/wp-includes/sqlite/class-wp-sqlite-db.php(413): WP_SQLite_DB->_do_query('INSERT INTO `wp...')
#3 /wordpress/wp-includes/option.php(1134): WP_SQLite_DB->query('INSERT INTO `wp...')
#4 /wordpress/wp-content/plugins/scroll-post-excerpt/scroll-post-excerpt.php(145): add_option('spe_dis_num_use...', '5')
#5 /wordpress/wp-includes/class-wp-hook.php(324): spe_install(false)
#6 /wordpress/wp-includes/class-wp-hook.php(348): WP_Hook->apply_filters('', Array)
#7 /wordpress/wp-includes/plugin.php(517): WP_Hook->do_action(Array)
#8 /wordpress/wp-admin/includes/plugin.php(703): do_action('activate_scroll...', false)
#9 /internal/eval.php(20): activate_plugin('scroll-post-exc...')
#10 {main}</pre>
 for query INSERT INTO `wp_options` (`option_name`, `option_value`, `autoload`) VALUES ('spe_dis_num_user', '5', 'auto') ON DUPLICATE KEY UPDATE `option_name` = VALUES(`option_name`), `option_value` = VALUES(`option_value`), `autoload` = VALUES(`autoload`) made by activate_plugin, do_action('activate_scroll-post-excerpt/scroll-post-excerpt.php'), WP_Hook->do_action, WP_Hook->apply_filters, spe_install, add_option, WP_SQLite_DB->query, WP_SQLite_DB->print_error
[10-Apr-2025 03:57:15 UTC] WordPress database error <div style="clear:both">&nbsp;</div>
<div class="queries" style="clear:both;margin-bottom:2px;border:red dotted thin;">
<p>MySQL query:</p>
<p>INSERT INTO `wp_options` (`option_name`, `option_value`, `autoload`) VALUES ('spe_dis_num_height', '150', 'auto') ON DUPLICATE KEY UPDATE `option_name` = VALUES(`option_name`), `option_value` = VALUES(`option_value`), `autoload` = VALUES(`autoload`)</p>
<p>Queries made or created this session were:</p>
<ol>
<li>Executing: BEGIN | (no parameters)</li>
<li>Executing: SELECT 1 FROM sqlite_temp_schema WHERE type = 'table' AND name = ? | parameters: wp_options</li>
<li>Executing: 
				SELECT column_name, is_nullable, column_default, data_type, extra
				FROM _wp_sqlite_mysql_information_schema_columns
				WHERE table_schema = ?
				AND table_name = ?
				ORDER BY ordinal_position
			 | parameters: database_name_here, wp_options</li>
<li>Executing: INSERT INTO `wp_options` () SELECT  FROM (VALUES ( 'spe_dis_num_height' , '150' , 'auto' )) WHERE true ON CONFLICT DO UPDATE SET `option_name` = `excluded`.`option_name` , `option_value` = `excluded`.`option_value` , `autoload` = `excluded`.`autoload` | (no parameters)</li>
<li>Executing: ROLLBACK | (no parameters)</li>
</ol>
</div>
<div style="clear:both;margin-bottom:2px;border:red dotted thin;" class="error_message" style="border-bottom:dotted blue thin;">
SQLSTATE[HY000]: General error: 1 near ")": syntax error
</div>
<p>Backtrace:</p>
<pre>#0 /internal/shared/sqlite-database-integration/wp-includes/sqlite-ast/class-wp-sqlite-driver.php(690): WP_SQLite_Driver->new_driver_exception('SQLSTATE[HY000]...', 0, Object(PDOException))
#1 /internal/shared/sqlite-database-integration/wp-includes/sqlite/class-wp-sqlite-db.php(472): WP_SQLite_Driver->query('INSERT INTO `wp...')
#2 /internal/shared/sqlite-database-integration/wp-includes/sqlite/class-wp-sqlite-db.php(413): WP_SQLite_DB->_do_query('INSERT INTO `wp...')
#3 /wordpress/wp-includes/option.php(1134): WP_SQLite_DB->query('INSERT INTO `wp...')
#4 /wordpress/wp-content/plugins/scroll-post-excerpt/scroll-post-excerpt.php(146): add_option('spe_dis_num_hei...', '150')
#5 /wordpress/wp-includes/class-wp-hook.php(324): spe_install(false)
#6 /wordpress/wp-includes/class-wp-hook.php(348): WP_Hook->apply_filters('', Array)
#7 /wordpress/wp-includes/plugin.php(517): WP_Hook->do_action(Array)
#8 /wordpress/wp-admin/includes/plugin.php(703): do_action('activate_scroll...', false)
#9 /internal/eval.php(20): activate_plugin('scroll-post-exc...')
#10 {main}</pre>
 for query INSERT INTO `wp_options` (`option_name`, `option_value`, `autoload`) VALUES ('spe_dis_num_height', '150', 'auto') ON DUPLICATE KEY UPDATE `option_name` = VALUES(`option_name`), `option_value` = VALUES(`option_value`), `autoload` = VALUES(`autoload`) made by activate_plugin, do_action('activate_scroll-post-excerpt/scroll-post-excerpt.php'), WP_Hook->do_action, WP_Hook->apply_filters, spe_install, add_option, WP_SQLite_DB->query, WP_SQLite_DB->print_error
[10-Apr-2025 03:57:15 UTC] WordPress database error <div style="clear:both">&nbsp;</div>
<div class="queries" style="clear:both;margin-bottom:2px;border:red dotted thin;">
<p>MySQL query:</p>
<p>INSERT INTO `wp_options` (`option_name`, `option_value`, `autoload`) VALUES ('spe_select_categories', '', 'auto') ON DUPLICATE KEY UPDATE `option_name` = VALUES(`option_name`), `option_value` = VALUES(`option_value`), `autoload` = VALUES(`autoload`)</p>
<p>Queries made or created this session were:</p>
<ol>
<li>Executing: BEGIN | (no parameters)</li>
<li>Executing: SELECT 1 FROM sqlite_temp_schema WHERE type = 'table' AND name = ? | parameters: wp_options</li>
<li>Executing: 
				SELECT column_name, is_nullable, column_default, data_type, extra
				FROM _wp_sqlite_mysql_information_schema_columns
				WHERE table_schema = ?
				AND table_name = ?
				ORDER BY ordinal_position
			 | parameters: database_name_here, wp_options</li>
<li>Executing: INSERT INTO `wp_options` () SELECT  FROM (VALUES ( 'spe_select_categories' , '' , 'auto' )) WHERE true ON CONFLICT DO UPDATE SET `option_name` = `excluded`.`option_name` , `option_value` = `excluded`.`option_value` , `autoload` = `excluded`.`autoload` | (no parameters)</li>
<li>Executing: ROLLBACK | (no parameters)</li>
</ol>
</div>
<div style="clear:both;margin-bottom:2px;border:red dotted thin;" class="error_message" style="border-bottom:dotted blue thin;">
SQLSTATE[HY000]: General error: 1 near ")": syntax error
</div>
<p>Backtrace:</p>
<pre>#0 /internal/shared/sqlite-database-integration/wp-includes/sqlite-ast/class-wp-sqlite-driver.php(690): WP_SQLite_Driver->new_driver_exception('SQLSTATE[HY000]...', 0, Object(PDOException))
#1 /internal/shared/sqlite-database-integration/wp-includes/sqlite/class-wp-sqlite-db.php(472): WP_SQLite_Driver->query('INSERT INTO `wp...')
#2 /internal/shared/sqlite-database-integration/wp-includes/sqlite/class-wp-sqlite-db.php(413): WP_SQLite_DB->_do_query('INSERT INTO `wp...')
#3 /wordpress/wp-includes/option.php(1134): WP_SQLite_DB->query('INSERT INTO `wp...')
#4 /wordpress/wp-content/plugins/scroll-post-excerpt/scroll-post-excerpt.php(147): add_option('spe_select_cate...', '')
#5 /wordpress/wp-includes/class-wp-hook.php(324): spe_install(false)
#6 /wordpress/wp-includes/class-wp-hook.php(348): WP_Hook->apply_filters('', Array)
#7 /wordpress/wp-includes/plugin.php(517): WP_Hook->do_action(Array)
#8 /wordpress/wp-admin/includes/plugin.php(703): do_action('activate_scroll...', false)
#9 /internal/eval.php(20): activate_plugin('scroll-post-exc...')
#10 {main}</pre>
 for query INSERT INTO `wp_options` (`option_name`, `option_value`, `autoload`) VALUES ('spe_select_categories', '', 'auto') ON DUPLICATE KEY UPDATE `option_name` = VALUES(`option_name`), `option_value` = VALUES(`option_value`), `autoload` = VALUES(`autoload`) made by activate_plugin, do_action('activate_scroll-post-excerpt/scroll-post-excerpt.php'), WP_Hook->do_action, WP_Hook->apply_filters, spe_install, add_option, WP_SQLite_DB->query, WP_SQLite_DB->print_error
[10-Apr-2025 03:57:15 UTC] WordPress database error <div style="clear:both">&nbsp;</div>
<div class="queries" style="clear:both;margin-bottom:2px;border:red dotted thin;">
<p>MySQL query:</p>
<p>INSERT INTO `wp_options` (`option_name`, `option_value`, `autoload`) VALUES ('spe_select_orderby', 'ID', 'auto') ON DUPLICATE KEY UPDATE `option_name` = VALUES(`option_name`), `option_value` = VALUES(`option_value`), `autoload` = VALUES(`autoload`)</p>
<p>Queries made or created this session were:</p>
<ol>
<li>Executing: BEGIN | (no parameters)</li>
<li>Executing: SELECT 1 FROM sqlite_temp_schema WHERE type = 'table' AND name = ? | parameters: wp_options</li>
<li>Executing: 
				SELECT column_name, is_nullable, column_default, data_type, extra
				FROM _wp_sqlite_mysql_information_schema_columns
				WHERE table_schema = ?
				AND table_name = ?
				ORDER BY ordinal_position
			 | parameters: database_name_here, wp_options</li>
<li>Executing: INSERT INTO `wp_options` () SELECT  FROM (VALUES ( 'spe_select_orderby' , 'ID' , 'auto' )) WHERE true ON CONFLICT DO UPDATE SET `option_name` = `excluded`.`option_name` , `option_value` = `excluded`.`option_value` , `autoload` = `excluded`.`autoload` | (no parameters)</li>
<li>Executing: ROLLBACK | (no parameters)</li>
</ol>
</div>
<div style="clear:both;margin-bottom:2px;border:red dotted thin;" class="error_message" style="border-bottom:dotted blue thin;">
SQLSTATE[HY000]: General error: 1 near ")": syntax error
</div>
<p>Backtrace:</p>
<pre>#0 /internal/shared/sqlite-database-integration/wp-includes/sqlite-ast/class-wp-sqlite-driver.php(690): WP_SQLite_Driver->new_driver_exception('SQLSTATE[HY000]...', 0, Object(PDOException))
#1 /internal/shared/sqlite-database-integration/wp-includes/sqlite/class-wp-sqlite-db.php(472): WP_SQLite_Driver->query('INSERT INTO `wp...')
#2 /internal/shared/sqlite-database-integration/wp-includes/sqlite/class-wp-sqlite-db.php(413): WP_SQLite_DB->_do_query('INSERT INTO `wp...')
#3 /wordpress/wp-includes/option.php(1134): WP_SQLite_DB->query('INSERT INTO `wp...')
#4 /wordpress/wp-content/plugins/scroll-post-excerpt/scroll-post-excerpt.php(148): add_option('spe_select_orde...', 'ID')
#5 /wordpress/wp-includes/class-wp-hook.php(324): spe_install(false)
#6 /wordpress/wp-includes/class-wp-hook.php(348): WP_Hook->apply_filters('', Array)
#7 /wordpress/wp-includes/plugin.php(517): WP_Hook->do_action(Array)
#8 /wordpress/wp-admin/includes/plugin.php(703): do_action('activate_scroll...', false)
#9 /internal/eval.php(20): activate_plugin('scroll-post-exc...')
#10 {main}</pre>
 for query INSERT INTO `wp_options` (`option_name`, `option_value`, `autoload`) VALUES ('spe_select_orderby', 'ID', 'auto') ON DUPLICATE KEY UPDATE `option_name` = VALUES(`option_name`), `option_value` = VALUES(`option_value`), `autoload` = VALUES(`autoload`) made by activate_plugin, do_action('activate_scroll-post-excerpt/scroll-post-excerpt.php'), WP_Hook->do_action, WP_Hook->apply_filters, spe_install, add_option, WP_SQLite_DB->query, WP_SQLite_DB->print_error
[10-Apr-2025 03:57:15 UTC] WordPress database error <div style="clear:both">&nbsp;</div>
<div class="queries" style="clear:both;margin-bottom:2px;border:red dotted thin;">
<p>MySQL query:</p>
<p>INSERT INTO `wp_options` (`option_name`, `option_value`, `autoload`) VALUES ('spe_select_order', 'DESC', 'auto') ON DUPLICATE KEY UPDATE `option_name` = VALUES(`option_name`), `option_value` = VALUES(`option_value`), `autoload` = VALUES(`autoload`)</p>
<p>Queries made or created this session were:</p>
<ol>
<li>Executing: BEGIN | (no parameters)</li>
<li>Executing: SELECT 1 FROM sqlite_temp_schema WHERE type = 'table' AND name = ? | parameters: wp_options</li>
<li>Executing: 
				SELECT column_name, is_nullable, column_default, data_type, extra
				FROM _wp_sqlite_mysql_information_schema_columns
				WHERE table_schema = ?
				AND table_name = ?
				ORDER BY ordinal_position
			 | parameters: database_name_here, wp_options</li>
<li>Executing: INSERT INTO `wp_options` () SELECT  FROM (VALUES ( 'spe_select_order' , 'DESC' , 'auto' )) WHERE true ON CONFLICT DO UPDATE SET `option_name` = `excluded`.`option_name` , `option_value` = `excluded`.`option_value` , `autoload` = `excluded`.`autoload` | (no parameters)</li>
<li>Executing: ROLLBACK | (no parameters)</li>
</ol>
</div>
<div style="clear:both;margin-bottom:2px;border:red dotted thin;" class="error_message" style="border-bottom:dotted blue thin;">
SQLSTATE[HY000]: General error: 1 near ")": syntax error
</div>
<p>Backtrace:</p>
<pre>#0 /internal/shared/sqlite-database-integration/wp-includes/sqlite-ast/class-wp-sqlite-driver.php(690): WP_SQLite_Driver->new_driver_exception('SQLSTATE[HY000]...', 0, Object(PDOException))
#1 /internal/shared/sqlite-database-integration/wp-includes/sqlite/class-wp-sqlite-db.php(472): WP_SQLite_Driver->query('INSERT INTO `wp...')
#2 /internal/shared/sqlite-database-integration/wp-includes/sqlite/class-wp-sqlite-db.php(413): WP_SQLite_DB->_do_query('INSERT INTO `wp...')
#3 /wordpress/wp-includes/option.php(1134): WP_SQLite_DB->query('INSERT INTO `wp...')
#4 /wordpress/wp-content/plugins/scroll-post-excerpt/scroll-post-excerpt.php(149): add_option('spe_select_orde...', 'DESC')
#5 /wordpress/wp-includes/class-wp-hook.php(324): spe_install(false)
#6 /wordpress/wp-includes/class-wp-hook.php(348): WP_Hook->apply_filters('', Array)
#7 /wordpress/wp-includes/plugin.php(517): WP_Hook->do_action(Array)
#8 /wordpress/wp-admin/includes/plugin.php(703): do_action('activate_scroll...', false)
#9 /internal/eval.php(20): activate_plugin('scroll-post-exc...')
#10 {main}</pre>
 for query INSERT INTO `wp_options` (`option_name`, `option_value`, `autoload`) VALUES ('spe_select_order', 'DESC', 'auto') ON DUPLICATE KEY UPDATE `option_name` = VALUES(`option_name`), `option_value` = VALUES(`option_value`), `autoload` = VALUES(`autoload`) made by activate_plugin, do_action('activate_scroll-post-excerpt/scroll-post-excerpt.php'), WP_Hook->do_action, WP_Hook->apply_filters, spe_install, add_option, WP_SQLite_DB->query, WP_SQLite_DB->print_error
[10-Apr-2025 03:57:15 UTC] WordPress database error <div style="clear:both">&nbsp;</div>
<div class="queries" style="clear:both;margin-bottom:2px;border:red dotted thin;">
<p>MySQL query:</p>
<p>INSERT INTO `wp_options` (`option_name`, `option_value`, `autoload`) VALUES ('spe_excerpt_length', '110', 'auto') ON DUPLICATE KEY UPDATE `option_name` = VALUES(`option_name`), `option_value` = VALUES(`option_value`), `autoload` = VALUES(`autoload`)</p>
<p>Queries made or created this session were:</p>
<ol>
<li>Executing: BEGIN | (no parameters)</li>
<li>Executing: SELECT 1 FROM sqlite_temp_schema WHERE type = 'table' AND name = ? | parameters: wp_options</li>
<li>Executing: 
				SELECT column_name, is_nullable, column_default, data_type, extra
				FROM _wp_sqlite_mysql_information_schema_columns
				WHERE table_schema = ?
				AND table_name = ?
				ORDER BY ordinal_position
			 | parameters: database_name_here, wp_options</li>
<li>Executing: INSERT INTO `wp_options` () SELECT  FROM (VALUES ( 'spe_excerpt_length' , '110' , 'auto' )) WHERE true ON CONFLICT DO UPDATE SET `option_name` = `excluded`.`option_name` , `option_value` = `excluded`.`option_value` , `autoload` = `excluded`.`autoload` | (no parameters)</li>
<li>Executing: ROLLBACK | (no parameters)</li>
</ol>
</div>
<div style="clear:both;margin-bottom:2px;border:red dotted thin;" class="error_message" style="border-bottom:dotted blue thin;">
SQLSTATE[HY000]: General error: 1 near ")": syntax error
</div>
<p>Backtrace:</p>
<pre>#0 /internal/shared/sqlite-database-integration/wp-includes/sqlite-ast/class-wp-sqlite-driver.php(690): WP_SQLite_Driver->new_driver_exception('SQLSTATE[HY000]...', 0, Object(PDOException))
#1 /internal/shared/sqlite-database-integration/wp-includes/sqlite/class-wp-sqlite-db.php(472): WP_SQLite_Driver->query('INSERT INTO `wp...')
#2 /internal/shared/sqlite-database-integration/wp-includes/sqlite/class-wp-sqlite-db.php(413): WP_SQLite_DB->_do_query('INSERT INTO `wp...')
#3 /wordpress/wp-includes/option.php(1134): WP_SQLite_DB->query('INSERT INTO `wp...')
#4 /wordpress/wp-content/plugins/scroll-post-excerpt/scroll-post-excerpt.php(150): add_option('spe_excerpt_len...', '110')
#5 /wordpress/wp-includes/class-wp-hook.php(324): spe_install(false)
#6 /wordpress/wp-includes/class-wp-hook.php(348): WP_Hook->apply_filters('', Array)
#7 /wordpress/wp-includes/plugin.php(517): WP_Hook->do_action(Array)
#8 /wordpress/wp-admin/includes/plugin.php(703): do_action('activate_scroll...', false)
#9 /internal/eval.php(20): activate_plugin('scroll-post-exc...')
#10 {main}</pre>
 for query INSERT INTO `wp_options` (`option_name`, `option_value`, `autoload`) VALUES ('spe_excerpt_length', '110', 'auto') ON DUPLICATE KEY UPDATE `option_name` = VALUES(`option_name`), `option_value` = VALUES(`option_value`), `autoload` = VALUES(`autoload`) made by activate_plugin, do_action('activate_scroll-post-excerpt/scroll-post-excerpt.php'), WP_Hook->do_action, WP_Hook->apply_filters, spe_install, add_option, WP_SQLite_DB->query, WP_SQLite_DB->print_error
[10-Apr-2025 03:57:15 UTC] WordPress database error <div style="clear:both">&nbsp;</div>
<div class="queries" style="clear:both;margin-bottom:2px;border:red dotted thin;">
<p>MySQL query:</p>
<p>INSERT INTO `wp_options` (`option_name`, `option_value`, `autoload`) VALUES ('spe_speed', '2', 'auto') ON DUPLICATE KEY UPDATE `option_name` = VALUES(`option_name`), `option_value` = VALUES(`option_value`), `autoload` = VALUES(`autoload`)</p>
<p>Queries made or created this session were:</p>
<ol>
<li>Executing: BEGIN | (no parameters)</li>
<li>Executing: SELECT 1 FROM sqlite_temp_schema WHERE type = 'table' AND name = ? | parameters: wp_options</li>
<li>Executing: 
				SELECT column_name, is_nullable, column_default, data_type, extra
				FROM _wp_sqlite_mysql_information_schema_columns
				WHERE table_schema = ?
				AND table_name = ?
				ORDER BY ordinal_position
			 | parameters: database_name_here, wp_options</li>
<li>Executing: INSERT INTO `wp_options` () SELECT  FROM (VALUES ( 'spe_speed' , '2' , 'auto' )) WHERE true ON CONFLICT DO UPDATE SET `option_name` = `excluded`.`option_name` , `option_value` = `excluded`.`option_value` , `autoload` = `excluded`.`autoload` | (no parameters)</li>
<li>Executing: ROLLBACK | (no parameters)</li>
</ol>
</div>
<div style="clear:both;margin-bottom:2px;border:red dotted thin;" class="error_message" style="border-bottom:dotted blue thin;">
SQLSTATE[HY000]: General error: 1 near ")": syntax error
</div>
<p>Backtrace:</p>
<pre>#0 /internal/shared/sqlite-database-integration/wp-includes/sqlite-ast/class-wp-sqlite-driver.php(690): WP_SQLite_Driver->new_driver_exception('SQLSTATE[HY000]...', 0, Object(PDOException))
#1 /internal/shared/sqlite-database-integration/wp-includes/sqlite/class-wp-sqlite-db.php(472): WP_SQLite_Driver->query('INSERT INTO `wp...')
#2 /internal/shared/sqlite-database-integration/wp-includes/sqlite/class-wp-sqlite-db.php(413): WP_SQLite_DB->_do_query('INSERT INTO `wp...')
#3 /wordpress/wp-includes/option.php(1134): WP_SQLite_DB->query('INSERT INTO `wp...')
#4 /wordpress/wp-content/plugins/scroll-post-excerpt/scroll-post-excerpt.php(151): add_option('spe_speed', 2)
#5 /wordpress/wp-includes/class-wp-hook.php(324): spe_install(false)
#6 /wordpress/wp-includes/class-wp-hook.php(348): WP_Hook->apply_filters('', Array)
#7 /wordpress/wp-includes/plugin.php(517): WP_Hook->do_action(Array)
#8 /wordpress/wp-admin/includes/plugin.php(703): do_action('activate_scroll...', false)
#9 /internal/eval.php(20): activate_plugin('scroll-post-exc...')
#10 {main}</pre>
 for query INSERT INTO `wp_options` (`option_name`, `option_value`, `autoload`) VALUES ('spe_speed', '2', 'auto') ON DUPLICATE KEY UPDATE `option_name` = VALUES(`option_name`), `option_value` = VALUES(`option_value`), `autoload` = VALUES(`autoload`) made by activate_plugin, do_action('activate_scroll-post-excerpt/scroll-post-excerpt.php'), WP_Hook->do_action, WP_Hook->apply_filters, spe_install, add_option, WP_SQLite_DB->query, WP_SQLite_DB->print_error
[10-Apr-2025 03:57:15 UTC] WordPress database error <div style="clear:both">&nbsp;</div>
<div class="queries" style="clear:both;margin-bottom:2px;border:red dotted thin;">
<p>MySQL query:</p>
<p>INSERT INTO `wp_options` (`option_name`, `option_value`, `autoload`) VALUES ('spe_waitseconds', '2', 'auto') ON DUPLICATE KEY UPDATE `option_name` = VALUES(`option_name`), `option_value` = VALUES(`option_value`), `autoload` = VALUES(`autoload`)</p>
<p>Queries made or created this session were:</p>
<ol>
<li>Executing: BEGIN | (no parameters)</li>
<li>Executing: SELECT 1 FROM sqlite_temp_schema WHERE type = 'table' AND name = ? | parameters: wp_options</li>
<li>Executing: 
				SELECT column_name, is_nullable, column_default, data_type, extra
				FROM _wp_sqlite_mysql_information_schema_columns
				WHERE table_schema = ?
				AND table_name = ?
				ORDER BY ordinal_position
			 | parameters: database_name_here, wp_options</li>
<li>Executing: INSERT INTO `wp_options` () SELECT  FROM (VALUES ( 'spe_waitseconds' , '2' , 'auto' )) WHERE true ON CONFLICT DO UPDATE SET `option_name` = `excluded`.`option_name` , `option_value` = `excluded`.`option_value` , `autoload` = `excluded`.`autoload` | (no parameters)</li>
<li>Executing: ROLLBACK | (no parameters)</li>
</ol>
</div>
<div style="clear:both;margin-bottom:2px;border:red dotted thin;" class="error_message" style="border-bottom:dotted blue thin;">
SQLSTATE[HY000]: General error: 1 near ")": syntax error
</div>
<p>Backtrace:</p>
<pre>#0 /internal/shared/sqlite-database-integration/wp-includes/sqlite-ast/class-wp-sqlite-driver.php(690): WP_SQLite_Driver->new_driver_exception('SQLSTATE[HY000]...', 0, Object(PDOException))
#1 /internal/shared/sqlite-database-integration/wp-includes/sqlite/class-wp-sqlite-db.php(472): WP_SQLite_Driver->query('INSERT INTO `wp...')
#2 /internal/shared/sqlite-database-integration/wp-includes/sqlite/class-wp-sqlite-db.php(413): WP_SQLite_DB->_do_query('INSERT INTO `wp...')
#3 /wordpress/wp-includes/option.php(1134): WP_SQLite_DB->query('INSERT INTO `wp...')
#4 /wordpress/wp-content/plugins/scroll-post-excerpt/scroll-post-excerpt.php(152): add_option('spe_waitseconds', 2)
#5 /wordpress/wp-includes/class-wp-hook.php(324): spe_install(false)
#6 /wordpress/wp-includes/class-wp-hook.php(348): WP_Hook->apply_filters('', Array)
#7 /wordpress/wp-includes/plugin.php(517): WP_Hook->do_action(Array)
#8 /wordpress/wp-admin/includes/plugin.php(703): do_action('activate_scroll...', false)
#9 /internal/eval.php(20): activate_plugin('scroll-post-exc...')
#10 {main}</pre>
 for query INSERT INTO `wp_options` (`option_name`, `option_value`, `autoload`) VALUES ('spe_waitseconds', '2', 'auto') ON DUPLICATE KEY UPDATE `option_name` = VALUES(`option_name`), `option_value` = VALUES(`option_value`), `autoload` = VALUES(`autoload`) made by activate_plugin, do_action('activate_scroll-post-excerpt/scroll-post-excerpt.php'), WP_Hook->do_action, WP_Hook->apply_filters, spe_install, add_option, WP_SQLite_DB->query, WP_SQLite_DB->print_error
[10-Apr-2025 03:57:15 UTC] PHP Warning:  Undefined array key "option_value" in /internal/shared/sqlite-database-integration/wp-includes/sqlite-ast/class-wp-sqlite-driver.php on line 3080
[10-Apr-2025 03:57:15 UTC] PHP Warning:  Trying to access array offset on value of type null in /internal/shared/sqlite-database-integration/wp-includes/sqlite-ast/class-wp-sqlite-driver.php on line 3081
[10-Apr-2025 03:57:15 UTC] PHP Warning:  Trying to access array offset on value of type null in /internal/shared/sqlite-database-integration/wp-includes/sqlite-ast/class-wp-sqlite-driver.php on line 3082
[10-Apr-2025 03:57:15 UTC] PHP Warning:  Trying to access array offset on value of type null in /internal/shared/sqlite-database-integration/wp-includes/sqlite-ast/class-wp-sqlite-driver.php on line 3083
[10-Apr-2025 03:57:16 UTC] PHP Notice:  Function _load_textdomain_just_in_time was called <strong>incorrectly</strong>. Translation loading for the <code>scroll-post-excerpt</code> domain was triggered too early. This is usually an indicator for some code in the plugin or theme running too early. Translations should be loaded at the <code>init</code> action or later. Please see <a href="https://developer.wordpress.org/advanced-administration/debug/debug-wordpress/">Debugging in WordPress</a> for more information. (This message was added in version 6.7.0.) in /wordpress/wp-includes/functions.php on line 6114
[10-Apr-2025 03:57:16 UTC] WordPress database error <div style="clear:both">&nbsp;</div>
<div class="queries" style="clear:both;margin-bottom:2px;border:red dotted thin;">
<p>MySQL query:</p>
<p>INSERT INTO `wp_options` (`option_name`, `option_value`, `autoload`) VALUES ('nonce_key', 'PXpW.@oT? 7Mu<-^  `t&d$IXKN|;* JxMyCpXt%|jG8Pswfkx()QUh1ksCcN&k-', 'off') ON DUPLICATE KEY UPDATE `option_name` = VALUES(`option_name`), `option_value` = VALUES(`option_value`), `autoload` = VALUES(`autoload`)</p>
<p>Queries made or created this session were:</p>
<ol>
<li>Executing: BEGIN | (no parameters)</li>
<li>Executing: SELECT 1 FROM sqlite_temp_schema WHERE type = 'table' AND name = ? | parameters: wp_options</li>
<li>Executing: 
				SELECT column_name, is_nullable, column_default, data_type, extra
				FROM _wp_sqlite_mysql_information_schema_columns
				WHERE table_schema = ?
				AND table_name = ?
				ORDER BY ordinal_position
			 | parameters: database_name_here, wp_options</li>
<li>Executing: INSERT INTO `wp_options` () SELECT  FROM (VALUES ( 'nonce_key' , 'PXpW.@oT? 7Mu&lt;-^  `t&amp;d$IXKN|;* JxMyCpXt%|jG8Pswfkx()QUh1ksCcN&amp;k-' , 'off' )) WHERE true ON CONFLICT DO UPDATE SET `option_name` = `excluded`.`option_name` , `option_value` = `excluded`.`option_value` , `autoload` = `excluded`.`autoload` | (no parameters)</li>
<li>Executing: ROLLBACK | (no parameters)</li>
</ol>
</div>
<div style="clear:both;margin-bottom:2px;border:red dotted thin;" class="error_message" style="border-bottom:dotted blue thin;">
SQLSTATE[HY000]: General error: 1 near ")": syntax error
</div>
<p>Backtrace:</p>
<pre>#0 /internal/shared/sqlite-database-integration/wp-includes/sqlite-ast/class-wp-sqlite-driver.php(690): WP_SQLite_Driver->new_driver_exception('SQLSTATE[HY000]...', 0, Object(PDOException))
#1 /internal/shared/sqlite-database-integration/wp-includes/sqlite/class-wp-sqlite-db.php(472): WP_SQLite_Driver->query('INSERT INTO `wp...')
#2 /internal/shared/sqlite-database-integration/wp-includes/sqlite/class-wp-sqlite-db.php(413): WP_SQLite_DB->_do_query('INSERT INTO `wp...')
#3 /wordpress/wp-includes/option.php(1134): WP_SQLite_DB->query('INSERT INTO `wp...')
#4 /wordpress/wp-includes/option.php(2145): add_option('nonce_key', 'PXpW.@oT? 7Mu<-...', '', 'off')
#5 /wordpress/wp-includes/option.php(2390): add_network_option(1, 'nonce_key', 'PXpW.@oT? 7Mu<-...')
#6 /wordpress/wp-includes/option.php(1959): update_network_option(1, 'nonce_key', 'PXpW.@oT? 7Mu<-...')
#7 /wordpress/wp-includes/pluggable.php(2559): update_site_option('nonce_key', 'PXpW.@oT? 7Mu<-...')
#8 /wordpress/wp-includes/pluggable.php(2592): wp_salt('nonce')
#9 /wordpress/wp-includes/pluggable.php(2428): wp_hash('40377|wp_rest|0...', 'nonce')
#10 /wordpress/wp-includes/script-loader.php(824): wp_create_nonce('wp_rest')
#11 /wordpress/wp-includes/class-wp-hook.php(324): wp_default_scripts(Object(WP_Scripts))
#12 /wordpress/wp-includes/class-wp-hook.php(348): WP_Hook->apply_filters('', Array)
#13 /wordpress/wp-includes/plugin.php(565): WP_Hook->do_action(Array)
#14 /wordpress/wp-includes/class-wp-scripts.php(166): do_action_ref_array('wp_default_scri...', Array)
#15 /wordpress/wp-includes/class-wp-scripts.php(149): WP_Scripts->init()
#16 /wordpress/wp-includes/functions.wp-scripts.php(24): WP_Scripts->__construct()
#17 /wordpress/wp-includes/functions.wp-scripts.php(362): wp_scripts()
#18 /wordpress/wp-content/plugins/scroll-post-excerpt/scroll-post-excerpt.php(211): wp_enqueue_script('scroll-post-exc...', 'http://127.0.0....')
#19 /wordpress/wp-includes/class-wp-hook.php(324): spe_add_javascript_files('')
#20 /wordpress/wp-includes/class-wp-hook.php(348): WP_Hook->apply_filters(NULL, Array)
#21 /wordpress/wp-includes/plugin.php(517): WP_Hook->do_action(Array)
#22 /wordpress/wp-settings.php(704): do_action('init')
#23 /wordpress/wp-config.php(102): require_once('/wordpress/wp-s...')
#24 /wordpress/wp-load.php(50): require_once('/wordpress/wp-c...')
#25 /internal/eval.php(3): require_once('/wordpress/wp-l...')
#26 {main}</pre>
 for query INSERT INTO `wp_options` (`option_name`, `option_value`, `autoload`) VALUES ('nonce_key', 'PXpW.@oT? 7Mu<-^  `t&d$IXKN|;* JxMyCpXt%|jG8Pswfkx()QUh1ksCcN&k-', 'off') ON DUPLICATE KEY UPDATE `option_name` = VALUES(`option_name`), `option_value` = VALUES(`option_value`), `autoload` = VALUES(`autoload`) made by require_once('wp-load.php'), require_once('wp-config.php'), require_once('wp-settings.php'), do_action('init'), WP_Hook->do_action, WP_Hook->apply_filters, spe_add_javascript_files, wp_enqueue_script, wp_scripts, WP_Scripts->__construct, WP_Scripts->init, do_action_ref_array('wp_default_scripts'), WP_Hook->do_action, WP_Hook->apply_filters, wp_default_scripts, wp_create_nonce, wp_hash, wp_salt, update_site_option, update_network_option, add_network_option, add_option, WP_SQLite_DB->query, WP_SQLite_DB->print_error
[10-Apr-2025 03:57:16 UTC] WordPress database error <div style="clear:both">&nbsp;</div>
<div class="queries" style="clear:both;margin-bottom:2px;border:red dotted thin;">
<p>MySQL query:</p>
<p>INSERT INTO `wp_options` (`option_name`, `option_value`, `autoload`) VALUES ('nonce_salt', '~](RH#+H,mqcOgJl:;B!z{(Uq1k@)aD6{HEfM&.4FvUj^f*f;O0Sa3IBULv.s]L~', 'off') ON DUPLICATE KEY UPDATE `option_name` = VALUES(`option_name`), `option_value` = VALUES(`option_value`), `autoload` = VALUES(`autoload`)</p>
<p>Queries made or created this session were:</p>
<ol>
<li>Executing: BEGIN | (no parameters)</li>
<li>Executing: SELECT 1 FROM sqlite_temp_schema WHERE type = 'table' AND name = ? | parameters: wp_options</li>
<li>Executing: 
				SELECT column_name, is_nullable, column_default, data_type, extra
				FROM _wp_sqlite_mysql_information_schema_columns
				WHERE table_schema = ?
				AND table_name = ?
				ORDER BY ordinal_position
			 | parameters: database_name_here, wp_options</li>
<li>Executing: INSERT INTO `wp_options` () SELECT  FROM (VALUES ( 'nonce_salt' , '~](RH#+H,mqcOgJl:;B!z{(Uq1k@)aD6{HEfM&amp;.4FvUj^f*f;O0Sa3IBULv.s]L~' , 'off' )) WHERE true ON CONFLICT DO UPDATE SET `option_name` = `excluded`.`option_name` , `option_value` = `excluded`.`option_value` , `autoload` = `excluded`.`autoload` | (no parameters)</li>
<li>Executing: ROLLBACK | (no parameters)</li>
</ol>
</div>
<div style="clear:both;margin-bottom:2px;border:red dotted thin;" class="error_message" style="border-bottom:dotted blue thin;">
SQLSTATE[HY000]: General error: 1 near ")": syntax error
</div>
<p>Backtrace:</p>
<pre>#0 /internal/shared/sqlite-database-integration/wp-includes/sqlite-ast/class-wp-sqlite-driver.php(690): WP_SQLite_Driver->new_driver_exception('SQLSTATE[HY000]...', 0, Object(PDOException))
#1 /internal/shared/sqlite-database-integration/wp-includes/sqlite/class-wp-sqlite-db.php(472): WP_SQLite_Driver->query('INSERT INTO `wp...')
#2 /internal/shared/sqlite-database-integration/wp-includes/sqlite/class-wp-sqlite-db.php(413): WP_SQLite_DB->_do_query('INSERT INTO `wp...')
#3 /wordpress/wp-includes/option.php(1134): WP_SQLite_DB->query('INSERT INTO `wp...')
#4 /wordpress/wp-includes/option.php(2145): add_option('nonce_salt', '~](RH#+H,mqcOgJ...', '', 'off')
#5 /wordpress/wp-includes/option.php(2390): add_network_option(1, 'nonce_salt', '~](RH#+H,mqcOgJ...')
#6 /wordpress/wp-includes/option.php(1959): update_network_option(1, 'nonce_salt', '~](RH#+H,mqcOgJ...')
#7 /wordpress/wp-includes/pluggable.php(2559): update_site_option('nonce_salt', '~](RH#+H,mqcOgJ...')
#8 /wordpress/wp-includes/pluggable.php(2592): wp_salt('nonce')
#9 /wordpress/wp-includes/pluggable.php(2428): wp_hash('40377|wp_rest|0...', 'nonce')
#10 /wordpress/wp-includes/script-loader.php(824): wp_create_nonce('wp_rest')
#11 /wordpress/wp-includes/class-wp-hook.php(324): wp_default_scripts(Object(WP_Scripts))
#12 /wordpress/wp-includes/class-wp-hook.php(348): WP_Hook->apply_filters('', Array)
#13 /wordpress/wp-includes/plugin.php(565): WP_Hook->do_action(Array)
#14 /wordpress/wp-includes/class-wp-scripts.php(166): do_action_ref_array('wp_default_scri...', Array)
#15 /wordpress/wp-includes/class-wp-scripts.php(149): WP_Scripts->init()
#16 /wordpress/wp-includes/functions.wp-scripts.php(24): WP_Scripts->__construct()
#17 /wordpress/wp-includes/functions.wp-scripts.php(362): wp_scripts()
#18 /wordpress/wp-content/plugins/scroll-post-excerpt/scroll-post-excerpt.php(211): wp_enqueue_script('scroll-post-exc...', 'http://127.0.0....')
#19 /wordpress/wp-includes/class-wp-hook.php(324): spe_add_javascript_files('')
#20 /wordpress/wp-includes/class-wp-hook.php(348): WP_Hook->apply_filters(NULL, Array)
#21 /wordpress/wp-includes/plugin.php(517): WP_Hook->do_action(Array)
#22 /wordpress/wp-settings.php(704): do_action('init')
#23 /wordpress/wp-config.php(102): require_once('/wordpress/wp-s...')
#24 /wordpress/wp-load.php(50): require_once('/wordpress/wp-c...')
#25 /internal/eval.php(3): require_once('/wordpress/wp-l...')
#26 {main}</pre>
 for query INSERT INTO `wp_options` (`option_name`, `option_value`, `autoload`) VALUES ('nonce_salt', '~](RH#+H,mqcOgJl:;B!z{(Uq1k@)aD6{HEfM&.4FvUj^f*f;O0Sa3IBULv.s]L~', 'off') ON DUPLICATE KEY UPDATE `option_name` = VALUES(`option_name`), `option_value` = VALUES(`option_value`), `autoload` = VALUES(`autoload`) made by require_once('wp-load.php'), require_once('wp-config.php'), require_once('wp-settings.php'), do_action('init'), WP_Hook->do_action, WP_Hook->apply_filters, spe_add_javascript_files, wp_enqueue_script, wp_scripts, WP_Scripts->__construct, WP_Scripts->init, do_action_ref_array('wp_default_scripts'), WP_Hook->do_action, WP_Hook->apply_filters, wp_default_scripts, wp_create_nonce, wp_hash, wp_salt, update_site_option, update_network_option, add_network_option, add_option, WP_SQLite_DB->query, WP_SQLite_DB->print_error
[10-Apr-2025 03:57:25 UTC] PHP Notice:  Function _load_textdomain_just_in_time was called <strong>incorrectly</strong>. Translation loading for the <code>scroll-post-excerpt</code> domain was triggered too early. This is usually an indicator for some code in the plugin or theme running too early. Translations should be loaded at the <code>init</code> action or later. Please see <a href="https://developer.wordpress.org/advanced-administration/debug/debug-wordpress/">Debugging in WordPress</a> for more information. (This message was added in version 6.7.0.) in /wordpress/wp-includes/functions.php on line 6114
[10-Apr-2025 03:57:34 UTC] PHP Notice:  Function _load_textdomain_just_in_time was called <strong>incorrectly</strong>. Translation loading for the <code>scroll-post-excerpt</code> domain was triggered too early. This is usually an indicator for some code in the plugin or theme running too early. Translations should be loaded at the <code>init</code> action or later. Please see <a href="https://developer.wordpress.org/advanced-administration/debug/debug-wordpress/">Debugging in WordPress</a> for more information. (This message was added in version 6.7.0.) in /wordpress/wp-includes/functions.php on line 6114
[10-Apr-2025 03:58:22 UTC] PHP Warning:  Undefined array key "option_value" in /internal/shared/sqlite-database-integration/wp-includes/sqlite-ast/class-wp-sqlite-driver.php on line 3080
[10-Apr-2025 03:58:22 UTC] PHP Warning:  Trying to access array offset on value of type null in /internal/shared/sqlite-database-integration/wp-includes/sqlite-ast/class-wp-sqlite-driver.php on line 3081
[10-Apr-2025 03:58:22 UTC] PHP Warning:  Trying to access array offset on value of type null in /internal/shared/sqlite-database-integration/wp-includes/sqlite-ast/class-wp-sqlite-driver.php on line 3082
[10-Apr-2025 03:58:22 UTC] PHP Warning:  Trying to access array offset on value of type null in /internal/shared/sqlite-database-integration/wp-includes/sqlite-ast/class-wp-sqlite-driver.php on line 3083
[10-Apr-2025 03:58:50 UTC] PHP Notice:  Undefined index: option_value in /internal/shared/sqlite-database-integration/wp-includes/sqlite-ast/class-wp-sqlite-driver.php on line 3080
[10-Apr-2025 03:58:50 UTC] PHP Notice:  Trying to access array offset on value of type null in /internal/shared/sqlite-database-integration/wp-includes/sqlite-ast/class-wp-sqlite-driver.php on line 3081
[10-Apr-2025 03:58:50 UTC] PHP Notice:  Trying to access array offset on value of type null in /internal/shared/sqlite-database-integration/wp-includes/sqlite-ast/class-wp-sqlite-driver.php on line 3082
[10-Apr-2025 03:58:50 UTC] PHP Notice:  Trying to access array offset on value of type null in /internal/shared/sqlite-database-integration/wp-includes/sqlite-ast/class-wp-sqlite-driver.php on line 3083
[10-Apr-2025 03:59:19 UTC] PHP Warning:  Trying to access array offset on value of type bool in /wordpress/wp-content/plugins/solvemedia/solvemedia.admin.inc on line 351
[10-Apr-2025 03:59:19 UTC] PHP Warning:  Trying to access array offset on value of type bool in /wordpress/wp-content/plugins/solvemedia/solvemedia.reg.inc on line 92
[10-Apr-2025 03:59:19 UTC] PHP Warning:  Trying to access array offset on value of type bool in /wordpress/wp-content/plugins/solvemedia/solvemedia.reg.inc on line 171
[10-Apr-2025 03:59:19 UTC] WordPress database error <div style="clear:both">&nbsp;</div>
<div class="queries" style="clear:both;margin-bottom:2px;border:red dotted thin;">
<p>MySQL query:</p>
<p>INSERT INTO `wp_options` (`option_name`, `option_value`, `autoload`) VALUES ('adcopy', 'a:19:{s:6:\"pubkey\";s:0:\"\";s:7:\"privkey\";s:0:\"\";s:7:\"hashkey\";s:0:\"\";s:9:\"re_bypass\";s:0:\"\";s:14:\"re_bypasslevel\";s:0:\"\";s:8:\"re_theme\";s:5:\"white\";s:12:\"re_theme_reg\";s:5:\"white\";s:12:\"re_theme_cf7\";s:5:\"white\";s:7:\"re_lang\";s:2:\"en\";s:11:\"re_tabindex\";s:1:\"5\";s:11:\"re_comments\";s:1:\"1\";s:15:\"re_registration\";s:1:\"1\";s:17:\"re_contact_form_7\";s:1:\"1\";s:8:\"re_xhtml\";s:1:\"0\";s:11:\"error_blank\";s:74:\"<strong>ERROR</strong>: Please enter a response to the Solve Media puzzle.\";s:15:\"error_incorrect\";s:78:\"<strong>ERROR</strong>: That response to the Solve Media puzzle was incorrect.\";s:15:\"error_blank_cf7\";s:57:\"ERROR: Please enter a response to the Solve Media puzzle.\";s:19:\"error_incorrect_cf7\";s:61:\"ERROR: That response to the Solve Media puzzle was incorrect.\";s:8:\"sm_instr\";s:184:\"Human Verification: In order to verify that you are a human and not a spam bot, please enter the answer into the following box below based on the instructions contained in the graphic.\";}', 'auto') ON DUPLICATE KEY UPDATE `option_name` = VALUES(`option_name`), `option_value` = VALUES(`option_value`), `autoload` = VALUES(`autoload`)</p>
<p>Queries made or created this session were:</p>
<ol>
<li>Executing: BEGIN | (no parameters)</li>
<li>Executing: SELECT 1 FROM sqlite_temp_schema WHERE type = 'table' AND name = ? | parameters: wp_options</li>
<li>Executing: 
				SELECT column_name, is_nullable, column_default, data_type, extra
				FROM _wp_sqlite_mysql_information_schema_columns
				WHERE table_schema = ?
				AND table_name = ?
				ORDER BY ordinal_position
			 | parameters: database_name_here, wp_options</li>
<li>Executing: INSERT INTO `wp_options` () SELECT  FROM (VALUES ( 'adcopy' , 'a:19:{s:6:&quot;pubkey&quot;;s:0:&quot;&quot;;s:7:&quot;privkey&quot;;s:0:&quot;&quot;;s:7:&quot;hashkey&quot;;s:0:&quot;&quot;;s:9:&quot;re_bypass&quot;;s:0:&quot;&quot;;s:14:&quot;re_bypasslevel&quot;;s:0:&quot;&quot;;s:8:&quot;re_theme&quot;;s:5:&quot;white&quot;;s:12:&quot;re_theme_reg&quot;;s:5:&quot;white&quot;;s:12:&quot;re_theme_cf7&quot;;s:5:&quot;white&quot;;s:7:&quot;re_lang&quot;;s:2:&quot;en&quot;;s:11:&quot;re_tabindex&quot;;s:1:&quot;5&quot;;s:11:&quot;re_comments&quot;;s:1:&quot;1&quot;;s:15:&quot;re_registration&quot;;s:1:&quot;1&quot;;s:17:&quot;re_contact_form_7&quot;;s:1:&quot;1&quot;;s:8:&quot;re_xhtml&quot;;s:1:&quot;0&quot;;s:11:&quot;error_blank&quot;;s:74:&quot;&lt;strong&gt;ERROR&lt;/strong&gt;: Please enter a response to the Solve Media puzzle.&quot;;s:15:&quot;error_incorrect&quot;;s:78:&quot;&lt;strong&gt;ERROR&lt;/strong&gt;: That response to the Solve Media puzzle was incorrect.&quot;;s:15:&quot;error_blank_cf7&quot;;s:57:&quot;ERROR: Please enter a response to the Solve Media puzzle.&quot;;s:19:&quot;error_incorrect_cf7&quot;;s:61:&quot;ERROR: That response to the Solve Media puzzle was incorrect.&quot;;s:8:&quot;sm_instr&quot;;s:184:&quot;Human Verification: In order to verify that you are a human and not a spam bot, please enter the answer into the following box below based on the instructions contained in the graphic.&quot;;}' , 'auto' )) WHERE true ON CONFLICT DO UPDATE SET `option_name` = `excluded`.`option_name` , `option_value` = `excluded`.`option_value` , `autoload` = `excluded`.`autoload` | (no parameters)</li>
<li>Executing: ROLLBACK | (no parameters)</li>
</ol>
</div>
<div style="clear:both;margin-bottom:2px;border:red dotted thin;" class="error_message" style="border-bottom:dotted blue thin;">
SQLSTATE[HY000]: General error: 1 near ")": syntax error
</div>
<p>Backtrace:</p>
<pre>#0 /internal/shared/sqlite-database-integration/wp-includes/sqlite-ast/class-wp-sqlite-driver.php(690): WP_SQLite_Driver->new_driver_exception('SQLSTATE[HY000]...', 0, Object(PDOException))
#1 /internal/shared/sqlite-database-integration/wp-includes/sqlite/class-wp-sqlite-db.php(472): WP_SQLite_Driver->query('INSERT INTO `wp...')
#2 /internal/shared/sqlite-database-integration/wp-includes/sqlite/class-wp-sqlite-db.php(413): WP_SQLite_DB->_do_query('INSERT INTO `wp...')
#3 /wordpress/wp-includes/option.php(1134): WP_SQLite_DB->query('INSERT INTO `wp...')
#4 /wordpress/wp-content/plugins/solvemedia/solvemedia.php(186): add_option('adcopy', Array)
#5 /wordpress/wp-admin/includes/plugin.php(2387): include_once('/wordpress/wp-c...')
#6 /wordpress/wp-admin/includes/plugin.php(673): plugin_sandbox_scrape('solvemedia/solv...')
#7 /internal/eval.php(20): activate_plugin('solvemedia/solv...')
#8 {main}</pre>
 for query INSERT INTO `wp_options` (`option_name`, `option_value`, `autoload`) VALUES ('adcopy', 'a:19:{s:6:\"pubkey\";s:0:\"\";s:7:\"privkey\";s:0:\"\";s:7:\"hashkey\";s:0:\"\";s:9:\"re_bypass\";s:0:\"\";s:14:\"re_bypasslevel\";s:0:\"\";s:8:\"re_theme\";s:5:\"white\";s:12:\"re_theme_reg\";s:5:\"white\";s:12:\"re_theme_cf7\";s:5:\"white\";s:7:\"re_lang\";s:2:\"en\";s:11:\"re_tabindex\";s:1:\"5\";s:11:\"re_comments\";s:1:\"1\";s:15:\"re_registration\";s:1:\"1\";s:17:\"re_contact_form_7\";s:1:\"1\";s:8:\"re_xhtml\";s:1:\"0\";s:11:\"error_blank\";s:74:\"<strong>ERROR</strong>: Please enter a response to the Solve Media puzzle.\";s:15:\"error_incorrect\";s:78:\"<strong>ERROR</strong>: That response to the Solve Media puzzle was incorrect.\";s:15:\"error_blank_cf7\";s:57:\"ERROR: Please enter a response to the Solve Media puzzle.\";s:19:\"error_incorrect_cf7\";s:61:\"ERROR: That response to the Solve Media puzzle was incorrect.\";s:8:\"sm_instr\";s:184:\"Human Verification: In order to verify that you are a human and not a spam bot, please enter the answer into the following box below based on the instructions contained in the graphic.\";}', 'auto') ON DUPLICATE KEY UPDATE `option_name` = VALUES(`option_name`), `option_value` = VALUES(`option_value`), `autoload` = VALUES(`autoload`) made by activate_plugin, plugin_sandbox_scrape, include_once('/plugins/solvemedia/solvemedia.php'), add_option, WP_SQLite_DB->query, WP_SQLite_DB->print_error
[10-Apr-2025 03:59:19 UTC] PHP Warning:  Undefined array key "option_value" in /internal/shared/sqlite-database-integration/wp-includes/sqlite-ast/class-wp-sqlite-driver.php on line 3080
[10-Apr-2025 03:59:19 UTC] PHP Warning:  Trying to access array offset on value of type null in /internal/shared/sqlite-database-integration/wp-includes/sqlite-ast/class-wp-sqlite-driver.php on line 3081
[10-Apr-2025 03:59:19 UTC] PHP Warning:  Trying to access array offset on value of type null in /internal/shared/sqlite-database-integration/wp-includes/sqlite-ast/class-wp-sqlite-driver.php on line 3082
[10-Apr-2025 03:59:19 UTC] PHP Warning:  Trying to access array offset on value of type null in /internal/shared/sqlite-database-integration/wp-includes/sqlite-ast/class-wp-sqlite-driver.php on line 3083
[10-Apr-2025 03:59:21 UTC] PHP Warning:  Trying to access array offset on value of type bool in /wordpress/wp-content/plugins/solvemedia/solvemedia.admin.inc on line 351
[10-Apr-2025 03:59:21 UTC] PHP Warning:  Trying to access array offset on value of type bool in /wordpress/wp-content/plugins/solvemedia/solvemedia.reg.inc on line 92
[10-Apr-2025 03:59:21 UTC] PHP Warning:  Trying to access array offset on value of type bool in /wordpress/wp-content/plugins/solvemedia/solvemedia.reg.inc on line 171
[10-Apr-2025 03:59:21 UTC] WordPress database error <div style="clear:both">&nbsp;</div>
<div class="queries" style="clear:both;margin-bottom:2px;border:red dotted thin;">
<p>MySQL query:</p>
<p>INSERT INTO `wp_options` (`option_name`, `option_value`, `autoload`) VALUES ('adcopy', 'a:19:{s:6:\"pubkey\";s:0:\"\";s:7:\"privkey\";s:0:\"\";s:7:\"hashkey\";s:0:\"\";s:9:\"re_bypass\";s:0:\"\";s:14:\"re_bypasslevel\";s:0:\"\";s:8:\"re_theme\";s:5:\"white\";s:12:\"re_theme_reg\";s:5:\"white\";s:12:\"re_theme_cf7\";s:5:\"white\";s:7:\"re_lang\";s:2:\"en\";s:11:\"re_tabindex\";s:1:\"5\";s:11:\"re_comments\";s:1:\"1\";s:15:\"re_registration\";s:1:\"1\";s:17:\"re_contact_form_7\";s:1:\"1\";s:8:\"re_xhtml\";s:1:\"0\";s:11:\"error_blank\";s:74:\"<strong>ERROR</strong>: Please enter a response to the Solve Media puzzle.\";s:15:\"error_incorrect\";s:78:\"<strong>ERROR</strong>: That response to the Solve Media puzzle was incorrect.\";s:15:\"error_blank_cf7\";s:57:\"ERROR: Please enter a response to the Solve Media puzzle.\";s:19:\"error_incorrect_cf7\";s:61:\"ERROR: That response to the Solve Media puzzle was incorrect.\";s:8:\"sm_instr\";s:184:\"Human Verification: In order to verify that you are a human and not a spam bot, please enter the answer into the following box below based on the instructions contained in the graphic.\";}', 'auto') ON DUPLICATE KEY UPDATE `option_name` = VALUES(`option_name`), `option_value` = VALUES(`option_value`), `autoload` = VALUES(`autoload`)</p>
<p>Queries made or created this session were:</p>
<ol>
<li>Executing: BEGIN | (no parameters)</li>
<li>Executing: SELECT 1 FROM sqlite_temp_schema WHERE type = 'table' AND name = ? | parameters: wp_options</li>
<li>Executing: 
				SELECT column_name, is_nullable, column_default, data_type, extra
				FROM _wp_sqlite_mysql_information_schema_columns
				WHERE table_schema = ?
				AND table_name = ?
				ORDER BY ordinal_position
			 | parameters: database_name_here, wp_options</li>
<li>Executing: INSERT INTO `wp_options` () SELECT  FROM (VALUES ( 'adcopy' , 'a:19:{s:6:&quot;pubkey&quot;;s:0:&quot;&quot;;s:7:&quot;privkey&quot;;s:0:&quot;&quot;;s:7:&quot;hashkey&quot;;s:0:&quot;&quot;;s:9:&quot;re_bypass&quot;;s:0:&quot;&quot;;s:14:&quot;re_bypasslevel&quot;;s:0:&quot;&quot;;s:8:&quot;re_theme&quot;;s:5:&quot;white&quot;;s:12:&quot;re_theme_reg&quot;;s:5:&quot;white&quot;;s:12:&quot;re_theme_cf7&quot;;s:5:&quot;white&quot;;s:7:&quot;re_lang&quot;;s:2:&quot;en&quot;;s:11:&quot;re_tabindex&quot;;s:1:&quot;5&quot;;s:11:&quot;re_comments&quot;;s:1:&quot;1&quot;;s:15:&quot;re_registration&quot;;s:1:&quot;1&quot;;s:17:&quot;re_contact_form_7&quot;;s:1:&quot;1&quot;;s:8:&quot;re_xhtml&quot;;s:1:&quot;0&quot;;s:11:&quot;error_blank&quot;;s:74:&quot;&lt;strong&gt;ERROR&lt;/strong&gt;: Please enter a response to the Solve Media puzzle.&quot;;s:15:&quot;error_incorrect&quot;;s:78:&quot;&lt;strong&gt;ERROR&lt;/strong&gt;: That response to the Solve Media puzzle was incorrect.&quot;;s:15:&quot;error_blank_cf7&quot;;s:57:&quot;ERROR: Please enter a response to the Solve Media puzzle.&quot;;s:19:&quot;error_incorrect_cf7&quot;;s:61:&quot;ERROR: That response to the Solve Media puzzle was incorrect.&quot;;s:8:&quot;sm_instr&quot;;s:184:&quot;Human Verification: In order to verify that you are a human and not a spam bot, please enter the answer into the following box below based on the instructions contained in the graphic.&quot;;}' , 'auto' )) WHERE true ON CONFLICT DO UPDATE SET `option_name` = `excluded`.`option_name` , `option_value` = `excluded`.`option_value` , `autoload` = `excluded`.`autoload` | (no parameters)</li>
<li>Executing: ROLLBACK | (no parameters)</li>
</ol>
</div>
<div style="clear:both;margin-bottom:2px;border:red dotted thin;" class="error_message" style="border-bottom:dotted blue thin;">
SQLSTATE[HY000]: General error: 1 near ")": syntax error
</div>
<p>Backtrace:</p>
<pre>#0 /internal/shared/sqlite-database-integration/wp-includes/sqlite-ast/class-wp-sqlite-driver.php(690): WP_SQLite_Driver->new_driver_exception('SQLSTATE[HY000]...', 0, Object(PDOException))
#1 /internal/shared/sqlite-database-integration/wp-includes/sqlite/class-wp-sqlite-db.php(472): WP_SQLite_Driver->query('INSERT INTO `wp...')
#2 /internal/shared/sqlite-database-integration/wp-includes/sqlite/class-wp-sqlite-db.php(413): WP_SQLite_DB->_do_query('INSERT INTO `wp...')
#3 /wordpress/wp-includes/option.php(1134): WP_SQLite_DB->query('INSERT INTO `wp...')
#4 /wordpress/wp-content/plugins/solvemedia/solvemedia.php(186): add_option('adcopy', Array)
#5 /wordpress/wp-settings.php(526): include_once('/wordpress/wp-c...')
#6 /wordpress/wp-config.php(102): require_once('/wordpress/wp-s...')
#7 /wordpress/wp-load.php(50): require_once('/wordpress/wp-c...')
#8 /internal/eval.php(3): require_once('/wordpress/wp-l...')
#9 {main}</pre>
 for query INSERT INTO `wp_options` (`option_name`, `option_value`, `autoload`) VALUES ('adcopy', 'a:19:{s:6:\"pubkey\";s:0:\"\";s:7:\"privkey\";s:0:\"\";s:7:\"hashkey\";s:0:\"\";s:9:\"re_bypass\";s:0:\"\";s:14:\"re_bypasslevel\";s:0:\"\";s:8:\"re_theme\";s:5:\"white\";s:12:\"re_theme_reg\";s:5:\"white\";s:12:\"re_theme_cf7\";s:5:\"white\";s:7:\"re_lang\";s:2:\"en\";s:11:\"re_tabindex\";s:1:\"5\";s:11:\"re_comments\";s:1:\"1\";s:15:\"re_registration\";s:1:\"1\";s:17:\"re_contact_form_7\";s:1:\"1\";s:8:\"re_xhtml\";s:1:\"0\";s:11:\"error_blank\";s:74:\"<strong>ERROR</strong>: Please enter a response to the Solve Media puzzle.\";s:15:\"error_incorrect\";s:78:\"<strong>ERROR</strong>: That response to the Solve Media puzzle was incorrect.\";s:15:\"error_blank_cf7\";s:57:\"ERROR: Please enter a response to the Solve Media puzzle.\";s:19:\"error_incorrect_cf7\";s:61:\"ERROR: That response to the Solve Media puzzle was incorrect.\";s:8:\"sm_instr\";s:184:\"Human Verification: In order to verify that you are a human and not a spam bot, please enter the answer into the following box below based on the instructions contained in the graphic.\";}', 'auto') ON DUPLICATE KEY UPDATE `option_name` = VALUES(`option_name`), `option_value` = VALUES(`option_value`), `autoload` = VALUES(`autoload`) made by require_once('wp-load.php'), require_once('wp-config.php'), require_once('wp-settings.php'), include_once('/plugins/solvemedia/solvemedia.php'), add_option, WP_SQLite_DB->query, WP_SQLite_DB->print_error
[10-Apr-2025 03:59:21 UTC] PHP Warning:  Trying to access array offset on value of type bool in /wordpress/wp-content/plugins/solvemedia/solvemedia.cf7.inc on line 66
[10-Apr-2025 03:59:21 UTC] PHP Warning:  Trying to access array offset on value of type bool in /wordpress/wp-content/plugins/solvemedia/solvemedia.comment.inc on line 16
[10-Apr-2025 03:59:29 UTC] PHP Warning:  Trying to access array offset on value of type bool in /wordpress/wp-content/plugins/solvemedia/solvemedia.admin.inc on line 351
[10-Apr-2025 03:59:29 UTC] PHP Warning:  Trying to access array offset on value of type bool in /wordpress/wp-content/plugins/solvemedia/solvemedia.reg.inc on line 92
[10-Apr-2025 03:59:29 UTC] PHP Warning:  Trying to access array offset on value of type bool in /wordpress/wp-content/plugins/solvemedia/solvemedia.reg.inc on line 171
[10-Apr-2025 03:59:38 UTC] PHP Warning:  Trying to access array offset on value of type bool in /wordpress/wp-content/plugins/solvemedia/solvemedia.admin.inc on line 351
[10-Apr-2025 03:59:38 UTC] PHP Warning:  Trying to access array offset on value of type bool in /wordpress/wp-content/plugins/solvemedia/solvemedia.reg.inc on line 92
[10-Apr-2025 03:59:38 UTC] PHP Warning:  Trying to access array offset on value of type bool in /wordpress/wp-content/plugins/solvemedia/solvemedia.reg.inc on line 171
[10-Apr-2025 03:59:48 UTC] PHP Warning:  Undefined array key "option_value" in /internal/shared/sqlite-database-integration/wp-includes/sqlite-ast/class-wp-sqlite-driver.php on line 3080
[10-Apr-2025 03:59:48 UTC] PHP Warning:  Trying to access array offset on value of type null in /internal/shared/sqlite-database-integration/wp-includes/sqlite-ast/class-wp-sqlite-driver.php on line 3081
[10-Apr-2025 03:59:48 UTC] PHP Warning:  Trying to access array offset on value of type null in /internal/shared/sqlite-database-integration/wp-includes/sqlite-ast/class-wp-sqlite-driver.php on line 3082
[10-Apr-2025 03:59:48 UTC] PHP Warning:  Trying to access array offset on value of type null in /internal/shared/sqlite-database-integration/wp-includes/sqlite-ast/class-wp-sqlite-driver.php on line 3083
[10-Apr-2025 03:59:48 UTC] WordPress database error <div style="clear:both">&nbsp;</div>
<div class="queries" style="clear:both;margin-bottom:2px;border:red dotted thin;">
<p>MySQL query:</p>
<p>INSERT INTO `wp_options` (`option_name`, `option_value`, `autoload`) VALUES ('spam_master_keys_db_version', '2.4', 'auto') ON DUPLICATE KEY UPDATE `option_name` = VALUES(`option_name`), `option_value` = VALUES(`option_value`), `autoload` = VALUES(`autoload`)</p>
<p>Queries made or created this session were:</p>
<ol>
<li>Executing: BEGIN | (no parameters)</li>
<li>Executing: SELECT 1 FROM sqlite_temp_schema WHERE type = 'table' AND name = ? | parameters: wp_options</li>
<li>Executing: 
				SELECT column_name, is_nullable, column_default, data_type, extra
				FROM _wp_sqlite_mysql_information_schema_columns
				WHERE table_schema = ?
				AND table_name = ?
				ORDER BY ordinal_position
			 | parameters: database_name_here, wp_options</li>
<li>Executing: INSERT INTO `wp_options` () SELECT  FROM (VALUES ( 'spam_master_keys_db_version' , '2.4' , 'auto' )) WHERE true ON CONFLICT DO UPDATE SET `option_name` = `excluded`.`option_name` , `option_value` = `excluded`.`option_value` , `autoload` = `excluded`.`autoload` | (no parameters)</li>
<li>Executing: ROLLBACK | (no parameters)</li>
</ol>
</div>
<div style="clear:both;margin-bottom:2px;border:red dotted thin;" class="error_message" style="border-bottom:dotted blue thin;">
SQLSTATE[HY000]: General error: 1 near ")": syntax error
</div>
<p>Backtrace:</p>
<pre>#0 /internal/shared/sqlite-database-integration/wp-includes/sqlite-ast/class-wp-sqlite-driver.php(690): WP_SQLite_Driver->new_driver_exception('SQLSTATE[HY000]...', 0, Object(PDOException))
#1 /internal/shared/sqlite-database-integration/wp-inc
