file:///home/runner/work/playground-tester/playground-tester/node_modules/@wp-playground/cli/index.js:237
        throw new Error(y, { cause: u });
              ^

Error: [14-May-2025 14:31:13 UTC] PHP Warning:  mysqli_connect(): (HY000/2002): Address family not supported by protocol in /wordpress/wp-content/plugins/photo-video-store/includes/functions/mysqldb.php on line 18
[14-May-2025 14:31:13 UTC] PHP Fatal error:  Uncaught TypeError: mysqli_query(): Argument #1 ($mysql) must be of type mysqli, bool given in /wordpress/wp-content/plugins/photo-video-store/includes/functions/mysqldb.php:102
Stack trace:
#0 /wordpress/wp-content/plugins/photo-video-store/includes/functions/mysqldb.php(102): mysqli_query(false, 'SET NAMES 'utf8...')
#1 /wordpress/wp-content/plugins/photo-video-store/photo-video-store.php(36): require_once('/wordpress/wp-c...')
#2 /wordpress/wp-admin/includes/plugin.php(2387): include_once('/wordpress/wp-c...')
#3 /wordpress/wp-admin/includes/plugin.php(673): plugin_sandbox_scrape('photo-video-sto...')
#4 /internal/eval.php(20): activate_plugin('photo-video-sto...')
#5 {main}
  thrown in /wordpress/wp-content/plugins/photo-video-store/includes/functions/mysqldb.php on line 102
[14-May-2025 14:31:24 UTC] PHP Warning:  mysqli_connect(): (HY000/2002): Address family not supported by protocol in /wordpress/wp-content/plugins/photo-video-store/includes/functions/mysqldb.php on line 18
[14-May-2025 14:31:24 UTC] PHP Fatal error:  Uncaught TypeError: mysqli_query(): Argument #1 ($mysql) must be of type mysqli, bool given in /wordpress/wp-content/plugins/photo-video-store/includes/functions/mysqldb.php:102
Stack trace:
#0 /wordpress/wp-content/plugins/photo-video-store/includes/functions/mysqldb.php(102): mysqli_query(false, 'SET NAMES 'utf8...')
#1 /wordpress/wp-content/plugins/photo-video-store/photo-video-store.php(36): require_once('/wordpress/wp-c...')
#2 /wordpress/wp-admin/includes/plugin.php(2387): include_once('/wordpress/wp-c...')
#3 /wordpress/wp-admin/includes/plugin.php(673): plugin_sandbox_scrape('photo-video-sto...')
#4 /internal/eval.php(20): activate_plugin('photo-video-sto...')
#5 {main}
  thrown in /wordpress/wp-content/plugins/photo-video-store/includes/functions/mysqldb.php on line 102
[14-May-2025 14:31:36 UTC] PHP Warning:  mysqli_connect(): (HY000/2002): Address family not supported by protocol in /wordpress/wp-content/plugins/photo-video-store/includes/functions/mysqldb.php on line 18
[14-May-2025 14:31:36 UTC] PHP Fatal error:  Uncaught TypeError: mysqli_query(): Argument #1 ($mysql) must be of type mysqli, bool given in /wordpress/wp-content/plugins/photo-video-store/includes/functions/mysqldb.php:102
Stack trace:
#0 /wordpress/wp-content/plugins/photo-video-store/includes/functions/mysqldb.php(102): mysqli_query(false, 'SET NAMES 'utf8...')
#1 /wordpress/wp-content/plugins/photo-video-store/photo-video-store.php(36): require_once('/wordpress/wp-c...')
#2 /wordpress/wp-admin/includes/plugin.php(2387): include_once('/wordpress/wp-c...')
#3 /wordpress/wp-admin/includes/plugin.php(673): plugin_sandbox_scrape('photo-video-sto...')
#4 /internal/eval.php(20): activate_plugin('photo-video-sto...')
#5 {main}
  thrown in /wordpress/wp-content/plugins/photo-video-store/includes/functions/mysqldb.php on line 102
[14-May-2025 14:34:06 UTC] PHP Deprecated:  Required parameter $wrapper follows optional parameter $type in /wordpress/wp-content/plugins/random-sorting-order-for-woocommerce/freemius/includes/class-fs-logger.php on line 145
[14-May-2025 14:34:08 UTC] PHP Deprecated:  Required parameter $wrapper follows optional parameter $type in /wordpress/wp-content/plugins/random-sorting-order-for-woocommerce/freemius/includes/class-fs-logger.php on line 145
[14-May-2025 14:34:17 UTC] PHP Deprecated:  Required parameter $wrapper follows optional parameter $type in /wordpress/wp-content/plugins/random-sorting-order-for-woocommerce/freemius/includes/class-fs-logger.php on line 145
[14-May-2025 14:34:19 UTC] PHP Deprecated:  Required parameter $wrapper follows optional parameter $type in /wordpress/wp-content/plugins/random-sorting-order-for-woocommerce/freemius/includes/class-fs-logger.php on line 145
[14-May-2025 14:34:27 UTC] PHP Deprecated:  Required parameter $wrapper follows optional parameter $type in /wordpress/wp-content/plugins/random-sorting-order-for-woocommerce/freemius/includes/class-fs-logger.php on line 145
[14-May-2025 14:34:30 UTC] PHP Deprecated:  Required parameter $wrapper follows optional parameter $type in /wordpress/wp-content/plugins/random-sorting-order-for-woocommerce/freemius/includes/class-fs-logger.php on line 145
[14-May-2025 14:34:38 UTC] CREATE TABLE wp_redakaicardref_card_names (card_name varchar(255) NOT NULL, PRIMARY KEY (card_name));

[14-May-2025 14:34:48 UTC] CREATE TABLE wp_redakaicardref_card_names (card_name varchar(255) NOT NULL, PRIMARY KEY (card_name));

[14-May-2025 14:34:57 UTC] CREATE TABLE wp_redakaicardref_card_names (card_name varchar(255) NOT NULL, PRIMARY KEY (card_name));

[14-May-2025 14:36:17 UTC] PHP Warning:  define(): Argument #3 ($case_insensitive) is ignored since declaration of case-insensitive constants is no longer supported in /wordpress/wp-content/plugins/render-all-pages/google-analyticator.php on line 18
[14-May-2025 14:36:17 UTC] PHP Warning:  define(): Argument #3 ($case_insensitive) is ignored since declaration of case-insensitive constants is no longer supported in /wordpress/wp-content/plugins/render-all-pages/google-analyticator.php on line 19
[14-May-2025 14:36:17 UTC] PHP Warning:  define(): Argument #3 ($case_insensitive) is ignored since declaration of case-insensitive constants is no longer supported in /wordpress/wp-content/plugins/render-all-pages/google-analyticator.php on line 22
[14-May-2025 14:36:17 UTC] PHP Warning:  define(): Argument #3 ($case_insensitive) is ignored since declaration of case-insensitive constants is no longer supported in /wordpress/wp-content/plugins/render-all-pages/google-analyticator.php on line 23
[14-May-2025 14:36:17 UTC] PHP Warning:  define(): Argument #3 ($case_insensitive) is ignored since declaration of case-insensitive constants is no longer supported in /wordpress/wp-content/plugins/render-all-pages/google-analyticator.php on line 24
[14-May-2025 14:36:17 UTC] PHP Warning:  define(): Argument #3 ($case_insensitive) is ignored since declaration of case-insensitive constants is no longer supported in /wordpress/wp-content/plugins/render-all-pages/google-analyticator.php on line 25
[14-May-2025 14:36:17 UTC] PHP Warning:  define(): Argument #3 ($case_insensitive) is ignored since declaration of case-insensitive constants is no longer supported in /wordpress/wp-content/plugins/render-all-pages/google-analyticator.php on line 26
[14-May-2025 14:36:17 UTC] PHP Warning:  define(): Argument #3 ($case_insensitive) is ignored since declaration of case-insensitive constants is no longer supported in /wordpress/wp-content/plugins/render-all-pages/google-analyticator.php on line 27
[14-May-2025 14:36:17 UTC] PHP Warning:  define(): Argument #3 ($case_insensitive) is ignored since declaration of case-insensitive constants is no longer supported in /wordpress/wp-content/plugins/render-all-pages/google-analyticator.php on line 28
[14-May-2025 14:36:17 UTC] PHP Warning:  define(): Argument #3 ($case_insensitive) is ignored since declaration of case-insensitive constants is no longer supported in /wordpress/wp-content/plugins/render-all-pages/google-analyticator.php on line 29
[14-May-2025 14:36:17 UTC] PHP Warning:  define(): Argument #3 ($case_insensitive) is ignored since declaration of case-insensitive constants is no longer supported in /wordpress/wp-content/plugins/render-all-pages/google-analyticator.php on line 30
[14-May-2025 14:36:17 UTC] PHP Warning:  define(): Argument #3 ($case_insensitive) is ignored since declaration of case-insensitive constants is no longer supported in /wordpress/wp-content/plugins/render-all-pages/google-analyticator.php on line 31
[14-May-2025 14:36:17 UTC] PHP Warning:  define(): Argument #3 ($case_insensitive) is ignored since declaration of case-insensitive constants is no longer supported in /wordpress/wp-content/plugins/render-all-pages/google-analyticator.php on line 32
[14-May-2025 14:36:17 UTC] PHP Warning:  define(): Argument #3 ($case_insensitive) is ignored since declaration of case-insensitive constants is no longer supported in /wordpress/wp-content/plugins/render-all-pages/google-analyticator.php on line 33
[14-May-2025 14:36:17 UTC] PHP Warning:  define(): Argument #3 ($case_insensitive) is ignored since declaration of case-insensitive constants is no longer supported in /wordpress/wp-content/plugins/render-all-pages/google-analyticator.php on line 34
[14-May-2025 14:36:17 UTC] PHP Warning:  define(): Argument #3 ($case_insensitive) is ignored since declaration of case-insensitive constants is no longer supported in /wordpress/wp-content/plugins/render-all-pages/google-analyticator.php on line 35
[14-May-2025 14:36:17 UTC] PHP Warning:  define(): Argument #3 ($case_insensitive) is ignored since declaration of case-insensitive constants is no longer supported in /wordpress/wp-content/plugins/render-all-pages/google-analyticator.php on line 36
[14-May-2025 14:36:17 UTC] PHP Warning:  define(): Argument #3 ($case_insensitive) is ignored since declaration of case-insensitive constants is no longer supported in /wordpress/wp-content/plugins/render-all-pages/google-analyticator.php on line 37
[14-May-2025 14:36:17 UTC] PHP Warning:  define(): Argument #3 ($case_insensitive) is ignored since declaration of case-insensitive constants is no longer supported in /wordpress/wp-content/plugins/render-all-pages/google-analyticator.php on line 38
[14-May-2025 14:36:17 UTC] PHP Warning:  define(): Argument #3 ($case_insensitive) is ignored since declaration of case-insensitive constants is no longer supported in /wordpress/wp-content/plugins/render-all-pages/google-analyticator.php on line 39
[14-May-2025 14:36:17 UTC] PHP Warning:  define(): Argument #3 ($case_insensitive) is ignored since declaration of case-insensitive constants is no longer supported in /wordpress/wp-content/plugins/render-all-pages/google-analyticator.php on line 40
[14-May-2025 14:36:17 UTC] PHP Warning:  define(): Argument #3 ($case_insensitive) is ignored since declaration of case-insensitive constants is no longer supported in /wordpress/wp-content/plugins/render-all-pages/google-analyticator.php on line 42
[14-May-2025 14:36:17 UTC] PHP Warning:  define(): Argument #3 ($case_insensitive) is ignored since declaration of case-insensitive constants is no longer supported in /wordpress/wp-content/plugins/render-all-pages/google-analyticator.php on line 43
[14-May-2025 14:36:17 UTC] PHP Warning:  define(): Argument #3 ($case_insensitive) is ignored since declaration of case-insensitive constants is no longer supported in /wordpress/wp-content/plugins/render-all-pages/google-analyticator.php on line 44
[14-May-2025 14:36:17 UTC] PHP Warning:  define(): Argument #3 ($case_insensitive) is ignored since declaration of case-insensitive constants is no longer supported in /wordpress/wp-content/plugins/render-all-pages/google-analyticator.php on line 45
[14-May-2025 14:36:17 UTC] PHP Warning:  define(): Argument #3 ($case_insensitive) is ignored since declaration of case-insensitive constants is no longer supported in /wordpress/wp-content/plugins/render-all-pages/google-analyticator.php on line 46
[14-May-2025 14:36:17 UTC] PHP Warning:  define(): Argument #3 ($case_insensitive) is ignored since declaration of case-insensitive constants is no longer supported in /wordpress/wp-content/plugins/render-all-pages/google-analyticator.php on line 47
[14-May-2025 14:36:17 UTC] PHP Warning:  define(): Argument #3 ($case_insensitive) is ignored since declaration of case-insensitive constants is no longer supported in /wordpress/wp-content/plugins/render-all-pages/google-analyticator.php on line 48
[14-May-2025 14:36:17 UTC] PHP Warning:  define(): Argument #3 ($case_insensitive) is ignored since declaration of case-insensitive constants is no longer supported in /wordpress/wp-content/plugins/render-all-pages/google-analyticator.php on line 49
[14-May-2025 14:36:17 UTC] PHP Warning:  define(): Argument #3 ($case_insensitive) is ignored since declaration of case-insensitive constants is no longer supported in /wordpress/wp-content/plugins/render-all-pages/google-analyticator.php on line 50
[14-May-2025 14:36:17 UTC] PHP Warning:  define(): Argument #3 ($case_insensitive) is ignored since declaration of case-insensitive constants is no longer supported in /wordpress/wp-content/plugins/render-all-pages/google-analyticator.php on line 51
[14-May-2025 14:36:17 UTC] PHP Warning:  define(): Argument #3 ($case_insensitive) is ignored since declaration of case-insensitive constants is no longer supported in /wordpress/wp-content/plugins/render-all-pages/google-analyticator.php on line 52
[14-May-2025 14:36:17 UTC] PHP Warning:  define(): Argument #3 ($case_insensitive) is ignored since declaration of case-insensitive constants is no longer supported in /wordpress/wp-content/plugins/render-all-pages/google-analyticator.php on line 53
[14-May-2025 14:36:17 UTC] PHP Warning:  define(): Argument #3 ($case_insensitive) is ignored since declaration of case-insensitive constants is no longer supported in /wordpress/wp-content/plugins/render-all-pages/google-analyticator.php on line 54
[14-May-2025 14:36:17 UTC] PHP Warning:  define(): Argument #3 ($case_insensitive) is ignored since declaration of case-insensitive constants is no longer supported in /wordpress/wp-content/plugins/render-all-pages/google-analyticator.php on line 55
[14-May-2025 14:36:18 UTC] PHP Warning:  define(): Argument #3 ($case_insensitive) is ignored since declaration of case-insensitive constants is no longer supported in /wordpress/wp-content/plugins/render-all-pages/google-analyticator.php on line 18
[14-May-2025 14:36:18 UTC] PHP Warning:  define(): Argument #3 ($case_insensitive) is ignored since declaration of case-insensitive constants is no longer supported in /wordpress/wp-content/plugins/render-all-pages/google-analyticator.php on line 19
[14-May-2025 14:36:18 UTC] PHP Warning:  define(): Argument #3 ($case_insensitive) is ignored since declaration of case-insensitive constants is no longer supported in /wordpress/wp-content/plugins/render-all-pages/google-analyticator.php on line 22
[14-May-2025 14:36:18 UTC] PHP Warning:  define(): Argument #3 ($case_insensitive) is ignored since declaration of case-insensitive constants is no longer supported in /wordpress/wp-content/plugins/render-all-pages/google-analyticator.php on line 23
[14-May-2025 14:36:18 UTC] PHP Warning:  define(): Argument #3 ($case_insensitive) is ignored since declaration of case-insensitive constants is no longer supported in /wordpress/wp-content/plugins/render-all-pages/google-analyticator.php on line 24
[14-May-2025 14:36:18 UTC] PHP Warning:  define(): Argument #3 ($case_insensitive) is ignored since declaration of case-insensitive constants is no longer supported in /wordpress/wp-content/plugins/render-all-pages/google-analyticator.php on line 25
[14-May-2025 14:36:18 UTC] PHP Warning:  define(): Argument #3 ($case_insensitive) is ignored since declaration of case-insensitive constants is no longer supported in /wordpress/wp-content/plugins/render-all-pages/google-analyticator.php on line 26
[14-May-2025 14:36:18 UTC] PHP Warning:  define(): Argument #3 ($case_insensitive) is ignored since declaration of case-insensitive constants is no longer supported in /wordpress/wp-content/plugins/render-all-pages/google-analyticator.php on line 27
[14-May-2025 14:36:18 UTC] PHP Warning:  define(): Argument #3 ($case_insensitive) is ignored since declaration of case-insensitive constants is no longer supported in /wordpress/wp-content/plugins/render-all-pages/google-analyticator.php on line 28
[14-May-2025 14:36:18 UTC] PHP Warning:  define(): Argument #3 ($case_insensitive) is ignored since declaration of case-insensitive constants is no longer supported in /wordpress/wp-content/plugins/render-all-pages/google-analyticator.php on line 29
[14-May-2025 14:36:18 UTC] PHP Warning:  define(): Argument #3 ($case_insensitive) is ignored since declaration of case-insensitive constants is no longer supported in /wordpress/wp-content/plugins/render-all-pages/google-analyticator.php on line 30
[14-May-2025 14:36:18 UTC] PHP Warning:  define(): Argument #3 ($case_insensitive) is ignored since declaration of case-insensitive constants is no longer supported in /wordpress/wp-content/plugins/render-all-pages/google-analyticator.php on line 31
[14-May-2025 14:36:18 UTC] PHP Warning:  define(): Argument #3 ($case_insensitive) is ignored since declaration of case-insensitive constants is no longer supported in /wordpress/wp-content/plugins/render-all-pages/google-analyticator.php on line 32
[14-May-2025 14:36:18 UTC] PHP Warning:  define(): Argument #3 ($case_insensitive) is ignored since declaration of case-insensitive constants is no longer supported in /wordpress/wp-content/plugins/render-all-pages/google-analyticator.php on line 33
[14-May-2025 14:36:18 UTC] PHP Warning:  define(): Argument #3 ($case_insensitive) is ignored since declaration of case-insensitive constants is no longer supported in /wordpress/wp-content/plugins/render-all-pages/google-analyticator.php on line 34
[14-May-2025 14:36:18 UTC] PHP Warning:  define(): Argument #3 ($case_insensitive) is ignored since declaration of case-insensitive constants is no longer supported in /wordpress/wp-content/plugins/render-all-pages/google-analyticator.php on line 35
[14-May-2025 14:36:18 UTC] PHP Warning:  define(): Argument #3 ($case_insensitive) is ignored since declaration of case-insensitive constants is no longer supported in /wordpress/wp-content/plugins/render-all-pages/google-analyticator.php on line 36
[14-May-2025 14:36:18 UTC] PHP Warning:  define(): Argument #3 ($case_insensitive) is ignored since declaration of case-insensitive constants is no longer supported in /wordpress/wp-content/plugins/render-all-pages/google-analyticator.php on line 37
[14-May-2025 14:36:18 UTC] PHP Warning:  define(): Argument #3 ($case_insensitive) is ignored since declaration of case-insensitive constants is no longer supported in /wordpress/wp-content/plugins/render-all-pages/google-analyticator.php on line 38
[14-May-2025 14:36:18 UTC] PHP Warning:  define(): Argument #3 ($case_insensitive) is ignored since declaration of case-insensitive constants is no longer supported in /wordpress/wp-content/plugins/render-all-pages/google-analyticator.php on line 39
[14-May-2025 14:36:18 UTC] PHP Warning:  define(): Argument #3 ($case_insensitive) is ignored since declaration of case-insensitive constants is no longer supported in /wordpress/wp-content/plugins/render-all-pages/google-analyticator.php on line 40
[14-May-2025 14:36:18 UTC] PHP Warning:  define(): Argument #3 ($case_insensitive) is ignored since declaration of case-insensitive constants is no longer supported in /wordpress/wp-content/plugins/render-all-pages/google-analyticator.php on line 42
[14-May-2025 14:36:18 UTC] PHP Warning:  define(): Argument #3 ($case_insensitive) is ignored since declaration of case-insensitive constants is no longer supported in /wordpress/wp-content/plugins/render-all-pages/google-analyticator.php on line 43
[14-May-2025 14:36:18 UTC] PHP Warning:  define(): Argument #3 ($case_insensitive) is ignored since declaration of case-insensitive constants is no longer supported in /wordpress/wp-content/plugins/render-all-pages/google-analyticator.php on line 44
[14-May-2025 14:36:18 UTC] PHP Warning:  define(): Argument #3 ($case_insensitive) is ignored since declaration of case-insensitive constants is no longer supported in /wordpress/wp-content/plugins/render-all-pages/google-analyticator.php on line 45
[14-May-2025 14:36:18 UTC] PHP Warning:  define(): Argument #3 ($case_insensitive) is ignored since declaration of case-insensitive constants is no longer supported in /wordpress/wp-content/plugins/render-all-pages/google-analyticator.php on line 46
[14-May-2025 14:36:18 UTC] PHP Warning:  define(): Argument #3 ($case_insensitive) is ignored since declaration of case-insensitive constants is no longer supported in /wordpress/wp-content/plugins/render-all-pages/google-analyticator.php on line 47
[14-May-2025 14:36:18 UTC] PHP Warning:  define(): Argument #3 ($case_insensitive) is ignored since declaration of case-insensitive constants is no longer supported in /wordpress/wp-content/plugins/render-all-pages/google-analyticator.php on line 48
[14-May-2025 14:36:18 UTC] PHP Warning:  define(): Argument #3 ($case_insensitive) is ignored since declaration of case-insensitive constants is no longer supported in /wordpress/wp-content/plugins/render-all-pages/google-analyticator.php on line 49
[14-May-2025 14:36:18 UTC] PHP Warning:  define(): Argument #3 ($case_insensitive) is ignored since declaration of case-insensitive constants is no longer supported in /wordpress/wp-content/plugins/render-all-pages/google-analyticator.php on line 50
[14-May-2025 14:36:18 UTC] PHP Warning:  define(): Argument #3 ($case_insensitive) is ignored since declaration of case-insensitive constants is no longer supported in /wordpress/wp-content/plugins/render-all-pages/google-analyticator.php on line 51
[14-May-2025 14:36:18 UTC] PHP Warning:  define(): Argument #3 ($case_insensitive) is ignored since declaration of case-insensitive constants is no longer supported in /wordpress/wp-content/plugins/render-all-pages/google-analyticator.php on line 52
[14-May-2025 14:36:18 UTC] PHP Warning:  define(): Argument #3 ($case_insensitive) is ignored since declaration of case-insensitive constants is no longer supported in /wordpress/wp-content/plugins/render-all-pages/google-analyticator.php on line 53
[14-May-2025 14:36:18 UTC] PHP Warning:  define(): Argument #3 ($case_insensitive) is ignored since declaration of case-insensitive constants is no longer supported in /wordpress/wp-content/plugins/render-all-pages/google-analyticator.php on line 54
[14-May-2025 14:36:18 UTC] PHP Warning:  define(): Argument #3 ($case_insensitive) is ignored since declaration of case-insensitive constants is no longer supported in /wordpress/wp-content/plugins/render-all-pages/google-analyticator.php on line 55
[14-May-2025 14:36:26 UTC] PHP Warning:  define(): Argument #3 ($case_insensitive) is ignored since declaration of case-insensitive constants is no longer supported in /wordpress/wp-content/plugins/render-all-pages/google-analyticator.php on line 18
[14-May-2025 14:36:26 UTC] PHP Warning:  define(): Argument #3 ($case_insensitive) is ignored since declaration of case-insensitive constants is no longer supported in /wordpress/wp-content/plugins/render-all-pages/google-analyticator.php on line 19
[14-May-2025 14:36:26 UTC] PHP Warning:  define(): Argument #3 ($case_insensitive) is ignored since declaration of case-insensitive constants is no longer supported in /wordpress/wp-content/plugins/render-all-pages/google-analyticator.php on line 22
[14-May-2025 14:36:26 UTC] PHP Warning:  define(): Argument #3 ($case_insensitive) is ignored since declaration of case-insensitive constants is no longer supported in /wordpress/wp-content/plugins/render-all-pages/google-analyticator.php on line 23
[14-May-2025 14:36:26 UTC] PHP Warning:  define(): Argument #3 ($case_insensitive) is ignored since declaration of case-insensitive constants is no longer supported in /wordpress/wp-content/plugins/render-all-pages/google-analyticator.php on line 24
[14-May-2025 14:36:26 UTC] PHP Warning:  define(): Argument #3 ($case_insensitive) is ignored since declaration of case-insensitive constants is no longer supported in /wordpress/wp-content/plugins/render-all-pages/google-analyticator.php on line 25
[14-May-2025 14:36:26 UTC] PHP Warning:  define(): Argument #3 ($case_insensitive) is ignored since declaration of case-insensitive constants is no longer supported in /wordpress/wp-content/plugins/render-all-pages/google-analyticator.php on line 26
[14-May-2025 14:36:26 UTC] PHP Warning:  define(): Argument #3 ($case_insensitive) is ignored since declaration of case-insensitive constants is no longer supported in /wordpress/wp-content/plugins/render-all-pages/google-analyticator.php on line 27
[14-May-2025 14:36:26 UTC] PHP Warning:  define(): Argument #3 ($case_insensitive) is ignored since declaration of case-insensitive constants is no longer supported in /wordpress/wp-content/plugins/render-all-pages/google-analyticator.php on line 28
[14-May-2025 14:36:26 UTC] PHP Warning:  define(): Argument #3 ($case_insensitive) is ignored since declaration of case-insensitive constants is no longer supported in /wordpress/wp-content/plugins/render-all-pages/google-analyticator.php on line 29
[14-May-2025 14:36:26 UTC] PHP Warning:  define(): Argument #3 ($case_insensitive) is ignored since declaration of case-insensitive constants is no longer supported in /wordpress/wp-content/plugins/render-all-pages/google-analyticator.php on line 30
[14-May-2025 14:36:26 UTC] PHP Warning:  define(): Argument #3 ($case_insensitive) is ignored since declaration of case-insensitive constants is no longer supported in /wordpress/wp-content/plugins/render-all-pages/google-analyticator.php on line 31
[14-May-2025 14:36:26 UTC] PHP Warning:  define(): Argument #3 ($case_insensitive) is ignored since declaration of case-insensitive constants is no longer supported in /wordpress/wp-content/plugins/render-all-pages/google-analyticator.php on line 32
[14-May-2025 14:36:26 UTC] PHP Warning:  define(): Argument #3 ($case_insensitive) is ignored since declaration of case-insensitive constants is no longer supported in /wordpress/wp-content/plugins/render-all-pages/google-analyticator.php on line 33
[14-May-2025 14:36:26 UTC] PHP Warning:  define(): Argument #3 ($case_insensitive) is ignored since declaration of case-insensitive constants is no longer supported in /wordpress/wp-content/plugins/render-all-pages/google-analyticator.php on line 34
[14-May-2025 14:36:26 UTC] PHP Warning:  define(): Argument #3 ($case_insensitive) is ignored since declaration of case-insensitive constants is no longer supported in /wordpress/wp-content/plugins/render-all-pages/google-analyticator.php on line 35
[14-May-2025 14:36:26 UTC] PHP Warning:  define(): Argument #3 ($case_insensitive) is ignored since declaration of case-insensitive constants is no longer supported in /wordpress/wp-content/plugins/render-all-pages/google-analyticator.php on line 36
[14-May-2025 14:36:26 UTC] PHP Warning:  define(): Argument #3 ($case_insensitive) is ignored since declaration of case-insensitive constants is no longer supported in /wordpress/wp-content/plugins/render-all-pages/google-analyticator.php on line 37
[14-May-2025 14:36:26 UTC] PHP Warning:  define(): Argument #3 ($case_insensitive) is ignored since declaration of case-insensitive constants is no longer supported in /wordpress/wp-content/plugins/render-all-pages/google-analyticator.php on line 38
[14-May-2025 14:36:26 UTC] PHP Warning:  define(): Argument #3 ($case_insensitive) is ignored since declaration of case-insensitive constants is no longer supported in /wordpress/wp-content/plugins/render-all-pages/google-analyticator.php on line 39
[14-May-2025 14:36:26 UTC] PHP Warning:  define(): Argument #3 ($case_insensitive) is ignored since declaration of case-insensitive constants is no longer supported in /wordpress/wp-content/plugins/render-all-pages/google-analyticator.php on line 40
[14-May-2025 14:36:26 UTC] PHP Warning:  define(): Argument #3 ($case_insensitive) is ignored since declaration of case-insensitive constants is no longer supported in /wordpress/wp-content/plugins/render-all-pages/google-analyticator.php on line 42
[14-May-2025 14:36:26 UTC] PHP Warning:  define(): Argument #3 ($case_insensitive) is ignored since declaration of case-insensitive constants is no longer supported in /wordpress/wp-content/plugins/render-all-pages/google-analyticator.php on line 43
[14-May-2025 14:36:26 UTC] PHP Warning:  define(): Argument #3 ($case_insensitive) is ignored since declaration of case-insensitive constants is no longer supported in /wordpress/wp-content/plugins/render-all-pages/google-analyticator.php on line 44
[14-May-2025 14:36:26 UTC] PHP Warning:  define(): Argument #3 ($case_insensitive) is ignored since declaration of case-insensitive constants is no longer supported in /wordpress/wp-content/plugins/render-all-pages/google-analyticator.php on line 45
[14-May-2025 14:36:26 UTC] PHP Warning:  define(): Argument #3 ($case_insensitive) is ignored since declaration of case-insensitive constants is no longer supported in /wordpress/wp-content/plugins/render-all-pages/google-analyticator.php on line 46
[14-May-2025 14:36:26 UTC] PHP Warning:  define(): Argument #3 ($case_insensitive) is ignored since declaration of case-insensitive constants is no longer supported in /wordpress/wp-content/plugins/render-all-pages/google-analyticator.php on line 47
[14-May-2025 14:36:26 UTC] PHP Warning:  define(): Argument #3 ($case_insensitive) is ignored since declaration of case-insensitive constants is no longer supported in /wordpress/wp-content/plugins/render-all-pages/google-analyticator.php on line 48
[14-May-2025 14:36:26 UTC] PHP Warning:  define(): Argument #3 ($case_insensitive) is ignored since declaration of case-insensitive constants is no longer supported in /wordpress/wp-content/plugins/render-all-pages/google-analyticator.php on line 49
[14-May-2025 14:36:26 UTC] PHP Warning:  define(): Argument #3 ($case_insensitive) is ignored since declaration of case-insensitive constants is no longer supported in /wordpress/wp-content/plugins/render-all-pages/google-analyticator.php on line 50
[14-May-2025 14:36:26 UTC] PHP Warning:  define(): Argument #3 ($case_insensitive) is ignored since declaration of case-insensitive constants is no longer supported in /wordpress/wp-content/plugins/render-all-pages/google-analyticator.php on line 51
[14-May-2025 14:36:26 UTC] PHP Warning:  define(): Argument #3 ($case_insensitive) is ignored since declaration of case-insensitive constants is no longer supported in /wordpress/wp-content/plugins/render-all-pages/google-analyticator.php on line 52
[14-May-2025 14:36:26 UTC] PHP Warning:  define(): Argument #3 ($case_insensitive) is ignored since declaration of case-insensitive constants is no longer supported in /wordpress/wp-content/plugins/render-all-pages/google-analyticator.php on line 53
[14-May-2025 14:36:26 UTC] PHP Warning:  define(): Argument #3 ($case_insensitive) is ignored since declaration of case-insensitive constants is no longer supported in /wordpress/wp-content/plugins/render-all-pages/google-analyticator.php on line 54
[14-May-2025 14:36:26 UTC] PHP Warning:  define(): Argument #3 ($case_insensitive) is ignored since declaration of case-insensitive constants is no longer supported in /wordpress/wp-content/plugins/render-all-pages/google-analyticator.php on line 55
[14-May-2025 14:36:27 UTC] PHP Warning:  define(): Argument #3 ($case_insensitive) is ignored since declaration of case-insensitive constants is no longer supported in /wordpress/wp-content/plugins/render-all-pages/google-analyticator.php on line 18
[14-May-2025 14:36:27 UTC] PHP Warning:  define(): Argument #3 ($case_insensitive) is ignored since declaration of case-insensitive constants is no longer supported in /wordpress/wp-content/plugins/render-all-pages/google-analyticator.php on line 19
[14-May-2025 14:36:27 UTC] PHP Warning:  define(): Argument #3 ($case_insensitive) is ignored since declaration of case-insensitive constants is no longer supported in /wordpress/wp-content/plugins/render-all-pages/google-analyticator.php on line 22
[14-May-2025 14:36:27 UTC] PHP Warning:  define(): Argument #3 ($case_insensitive) is ignored since declaration of case-insensitive constants is no longer supported in /wordpress/wp-content/plugins/render-all-pages/google-analyticator.php on line 23
[14-May-2025 14:36:27 UTC] PHP Warning:  define(): Argument #3 ($case_insensitive) is ignored since declaration of case-insensitive constants is no longer supported in /wordpress/wp-content/plugins/render-all-pages/google-analyticator.php on line 24
[14-May-2025 14:36:27 UTC] PHP Warning:  define(): Argument #3 ($case_insensitive) is ignored since declaration of case-insensitive constants is no longer supported in /wordpress/wp-content/plugins/render-all-pages/google-analyticator.php on line 25
[14-May-2025 14:36:27 UTC] PHP Warning:  define(): Argument #3 ($case_insensitive) is ignored since declaration of case-insensitive constants is no longer supported in /wordpress/wp-content/plugins/render-all-pages/google-analyticator.php on line 26
[14-May-2025 14:36:27 UTC] PHP Warning:  define(): Argument #3 ($case_insensitive) is ignored since declaration of case-insensitive constants is no longer supported in /wordpress/wp-content/plugins/render-all-pages/google-analyticator.php on line 27
[14-May-2025 14:36:27 UTC] PHP Warning:  define(): Argument #3 ($case_insensitive) is ignored since declaration of case-insensitive constants is no longer supported in /wordpress/wp-content/plugins/render-all-pages/google-analyticator.php on line 28
[14-May-2025 14:36:27 UTC] PHP Warning:  define(): Argument #3 ($case_insensitive) is ignored since declaration of case-insensitive constants is no longer supported in /wordpress/wp-content/plugins/render-all-pages/google-analyticator.php on line 29
[14-May-2025 14:36:27 UTC] PHP Warning:  define(): Argument #3 ($case_insensitive) is ignored since declaration of case-insensitive constants is no longer supported in /wordpress/wp-content/plugins/render-all-pages/google-analyticator.php on line 30
[14-May-2025 14:36:27 UTC] PHP Warning:  define(): Argument #3 ($case_insensitive) is ignored since declaration of case-insensitive constants is no longer supported in /wordpress/wp-content/plugins/render-all-pages/google-analyticator.php on line 31
[14-May-2025 14:36:27 UTC] PHP Warning:  define(): Argument #3 ($case_insensitive) is ignored since declaration of case-insensitive constants is no longer supported in /wordpress/wp-content/plugins/render-all-pages/google-analyticator.php on line 32
[14-May-2025 14:36:27 UTC] PHP Warning:  define(): Argument #3 ($case_insensitive) is ignored since declaration of case-insensitive constants is no longer supported in /wordpress/wp-content/plugins/render-all-pages/google-analyticator.php on line 33
[14-May-2025 14:36:27 UTC] PHP Warning:  define(): Argument #3 ($case_insensitive) is ignored since declaration of case-insensitive constants is no longer supported in /wordpress/wp-content/plugins/render-all-pages/google-analyticator.php on line 34
[14-May-2025 14:36:27 UTC] PHP Warning:  define(): Argument #3 ($case_insensitive) is ignored since declaration of case-insensitive constants is no longer supported in /wordpress/wp-content/plugins/render-all-pages/google-analyticator.php on line 35
[14-May-2025 14:36:27 UTC] PHP Warning:  define(): Argument #3 ($case_insensitive) is ignored since declaration of case-insensitive constants is no longer supported in /wordpress/wp-content/plugins/render-all-pages/google-analyticator.php on line 36
[14-May-2025 14:36:27 UTC] PHP Warning:  define(): Argument #3 ($case_insensitive) is ignored since declaration of case-insensitive constants is no longer supported in /wordpress/wp-content/plugins/render-all-pages/google-analyticator.php on line 37
[14-May-2025 14:36:27 UTC] PHP Warning:  define(): Argument #3 ($case_insensitive) is ignored since declaration of case-insensitive constants is no longer supported in /wordpress/wp-content/plugins/render-all-pages/google-analyticator.php on line 38
[14-May-2025 14:36:27 UTC] PHP Warning:  define(): Argument #3 ($case_insensitive) is ignored since declaration of case-insensitive constants is no longer supported in /wordpress/wp-content/plugins/render-all-pages/google-analyticator.php on line 39
[14-May-2025 14:36:27 UTC] PHP Warning:  define(): Argument #3 ($case_insensitive) is ignored since declaration of case-insensitive constants is no longer supported in /wordpress/wp-content/plugins/render-all-pages/google-analyticator.php on line 40
[14-May-2025 14:36:27 UTC] PHP Warning:  define(): Argument #3 ($case_insensitive) is ignored since declaration of case-insensitive constants is no longer supported in /wordpress/wp-content/plugins/render-all-pages/google-analyticator.php on line 42
[14-May-2025 14:36:27 UTC] PHP Warning:  define(): Argument #3 ($case_insensitive) is ignored since declaration of case-insensitive constants is no longer supported in /wordpress/wp-content/plugins/render-all-pages/google-analyticator.php on line 43
[14-May-2025 14:36:27 UTC] PHP Warning:  define(): Argument #3 ($case_insensitive) is ignored since declaration of case-insensitive constants is no longer supported in /wordpress/wp-content/plugins/render-all-pages/google-analyticator.php on line 44
[14-May-2025 14:36:27 UTC] PHP Warning:  define(): Argument #3 ($case_insensitive) is ignored since declaration of case-insensitive constants is no longer supported in /wordpress/wp-content/plugins/render-all-pages/google-analyticator.php on line 45
[14-May-2025 14:36:27 UTC] PHP Warning:  define(): Argument #3 ($case_insensitive) is ignored since declaration of case-insensitive constants is no longer supported in /wordpress/wp-content/plugins/render-all-pages/google-analyticator.php on line 46
[14-May-2025 14:36:27 UTC] PHP Warning:  define(): Argument #3 ($case_insensitive) is ignored since declaration of case-insensitive constants is no longer supported in /wordpress/wp-content/plugins/render-all-pages/google-analyticator.php on line 47
[14-May-2025 14:36:27 UTC] PHP Warning:  define(): Argument #3 ($case_insensitive) is ignored since declaration of case-insensitive constants is no longer supported in /wordpress/wp-content/plugins/render-all-pages/google-analyticator.php on line 48
[14-May-2025 14:36:27 UTC] PHP Warning:  define(): Argument #3 ($case_insensitive) is ignored since declaration of case-insensitive constants is no longer supported in /wordpress/wp-content/plugins/render-all-pages/google-analyticator.php on line 49
[14-May-2025 14:36:27 UTC] PHP Warning:  define(): Argument #3 ($case_insensitive) is ignored since declaration of case-insensitive constants is no longer supported in /wordpress/wp-content/plugins/render-all-pages/google-analyticator.php on line 50
[14-May-2025 14:36:27 UTC] PHP Warning:  define(): Argument #3 ($case_insensitive) is ignored since declaration of case-insensitive constants is no longer supported in /wordpress/wp-content/plugins/render-all-pages/google-analyticator.php on line 51
[14-May-2025 14:36:27 UTC] PHP Warning:  define(): Argument #3 ($case_insensitive) is ignored since declaration of case-insensitive constants is no longer supported in /wordpress/wp-content/plugins/render-all-pages/google-analyticator.php on line 52
[14-May-2025 14:36:27 UTC] PHP Warning:  define(): Argument #3 ($case_insensitive) is ignored since declaration of case-insensitive constants is no longer supported in /wordpress/wp-content/plugins/render-all-pages/google-analyticator.php on line 53
[14-May-2025 14:36:27 UTC] PHP Warning:  define(): Argument #3 ($case_insensitive) is ignored since declaration of case-insensitive constants is no longer supported in /wordpress/wp-content/plugins/render-all-pages/google-analyticator.php on line 54
[14-May-2025 14:36:27 UTC] PHP Warning:  define(): Argument #3 ($case_insensitive) is ignored since declaration of case-insensitive constants is no longer supported in /wordpress/wp-content/plugins/render-all-pages/google-analyticator.php on line 55
[14-May-2025 14:36:36 UTC] PHP Warning:  define(): Argument #3 ($case_insensitive) is ignored since declaration of case-insensitive constants is no longer supported in /wordpress/wp-content/plugins/render-all-pages/google-analyticator.php on line 18
[14-May-2025 14:36:36 UTC] PHP Warning:  define(): Argument #3 ($case_insensitive) is ignored since declaration of case-insensitive constants is no longer supported in /wordpress/wp-content/plugins/render-all-pages/google-analyticator.php on line 19
[14-May-2025 14:36:36 UTC] PHP Warning:  define(): Argument #3 ($case_insensitive) is ignored since declaration of case-insensitive constants is no longer supported in /wordpress/wp-content/plugins/render-all-pages/google-analyticator.php on line 22
[14-May-2025 14:36:36 UTC] PHP Warning:  define(): Argument #3 ($case_insensitive) is ignored since declaration of case-insensitive constants is no longer supported in /wordpress/wp-content/plugins/render-all-pages/google-analyticator.php on line 23
[14-May-2025 14:36:36 UTC] PHP Warning:  define(): Argument #3 ($case_insensitive) is ignored since declaration of case-insensitive constants is no longer supported in /wordpress/wp-content/plugins/render-all-pages/google-analyticator.php on line 24
[14-May-2025 14:36:36 UTC] PHP Warning:  define(): Argument #3 ($case_insensitive) is ignored since declaration of case-insensitive constants is no longer supported in /wordpress/wp-content/plugins/render-all-pages/google-analyticator.php on line 25
[14-May-2025 14:36:36 UTC] PHP Warning:  define(): Argument #3 ($case_insensitive) is ignored since declaration of case-insensitive constants is no longer supported in /wordpress/wp-content/plugins/render-all-pages/google-analyticator.php on line 26
[14-May-2025 14:36:36 UTC] PHP Warning:  define(): Argument #3 ($case_insensitive) is ignored since declaration of case-insensitive constants is no longer supported in /wordpress/wp-content/plugins/render-all-pages/google-analyticator.php on line 27
[14-May-2025 14:36:36 UTC] PHP Warning:  define(): Argument #3 ($case_insensitive) is ignored since declaration of case-insensitive constants is no longer supported in /wordpress/wp-content/plugins/render-all-pages/google-analyticator.php on line 28
[14-May-2025 14:36:36 UTC] PHP Warning:  define(): Argument #3 ($case_insensitive) is ignored since declaration of case-insensitive constants is no longer supported in /wordpress/wp-content/plugins/render-all-pages/google-analyticator.php on line 29
[14-May-2025 14:36:36 UTC] PHP Warning:  define(): Argument #3 ($case_insensitive) is ignored since declaration of case-insensitive constants is no longer supported in /wordpress/wp-content/plugins/render-all-pages/google-analyticator.php on line 30
[14-May-2025 14:36:36 UTC] PHP Warning:  define(): Argument #3 ($case_insensitive) is ignored since declaration of case-insensitive constants is no longer supported in /wordpress/wp-content/plugins/render-all-pages/google-analyticator.php on line 31
[14-May-2025 14:36:36 UTC] PHP Warning:  define(): Argument #3 ($case_insensitive) is ignored since declaration of case-insensitive constants is no longer supported in /wordpress/wp-content/plugins/render-all-pages/google-analyticator.php on line 32
[14-May-2025 14:36:36 UTC] PHP Warning:  define(): Argument #3 ($case_insensitive) is ignored since declaration of case-insensitive constants is no longer supported in /wordpress/wp-content/plugins/render-all-pages/google-analyticator.php on line 33
[14-May-2025 14:36:36 UTC] PHP Warning:  define(): Argument #3 ($case_insensitive) is ignored since declaration of case-insensitive constants is no longer supported in /wordpress/wp-content/plugins/render-all-pages/google-analyticator.php on line 34
[14-May-2025 14:36:36 UTC] PHP Warning:  define(): Argument #3 ($case_insensitive) is ignored since declaration of case-insensitive constants is no longer supported in /wordpress/wp-content/plugins/render-all-pages/google-analyticator.php on line 35
[14-May-2025 14:36:36 UTC] PHP Warning:  define(): Argument #3 ($case_insensitive) is ignored since declaration of case-insensitive constants is no longer supported in /wordpress/wp-content/plugins/render-all-pages/google-analyticator.php on line 36
[14-May-2025 14:36:36 UTC] PHP Warning:  define(): Argument #3 ($case_insensitive) is ignored since declaration of case-insensitive constants is no longer supported in /wordpress/wp-content/plugins/render-all-pages/google-analyticator.php on line 37
[14-May-2025 14:36:36 UTC] PHP Warning:  define(): Argument #3 ($case_insensitive) is ignored since declaration of case-insensitive constants is no longer supported in /wordpress/wp-content/plugins/render-all-pages/google-analyticator.php on line 38
[14-May-2025 14:36:36 UTC] PHP Warning:  define(): Argument #3 ($case_insensitive) is ignored since declaration of case-insensitive constants is no longer supported in /wordpress/wp-content/plugins/render-all-pages/google-analyticator.php on line 39
[14-May-2025 14:36:36 UTC] PHP Warning:  define(): Argument #3 ($case_insensitive) is ignored since declaration of case-insensitive constants is no longer supported in /wordpress/wp-content/plugins/render-all-pages/google-analyticator.php on line 40
[14-May-2025 14:36:36 UTC] PHP Warning:  define(): Argument #3 ($case_insensitive) is ignored since declaration of case-insensitive constants is no longer supported in /wordpress/wp-content/plugins/render-all-pages/google-analyticator.php on line 42
[14-May-2025 14:36:36 UTC] PHP Warning:  define(): Argument #3 ($case_insensitive) is ignored since declaration of case-insensitive constants is no longer supported in /wordpress/wp-content/plugins/render-all-pages/google-analyticator.php on line 43
[14-May-2025 14:36:36 UTC] PHP Warning:  define(): Argument #3 ($case_insensitive) is ignored since declaration of case-insensitive constants is no longer supported in /wordpress/wp-content/plugins/render-all-pages/google-analyticator.php on line 44
[14-May-2025 14:36:36 UTC] PHP Warning:  define(): Argument #3 ($case_insensitive) is ignored since declaration of case-insensitive constants is no longer supported in /wordpress/wp-content/plugins/render-all-pages/google-analyticator.php on line 45
[14-May-2025 14:36:36 UTC] PHP Warning:  define(): Argument #3 ($case_insensitive) is ignored since declaration of case-insensitive constants is no longer supported in /wordpress/wp-content/plugins/render-all-pages/google-analyticator.php on line 46
[14-May-2025 14:36:36 UTC] PHP Warning:  define(): Argument #3 ($case_insensitive) is ignored since declaration of case-insensitive constants is no longer supported in /wordpress/wp-content/plugins/render-all-pages/google-analyticator.php on line 47
[14-May-2025 14:36:36 UTC] PHP Warning:  define(): Argument #3 ($case_insensitive) is ignored since declaration of case-insensitive constants is no longer supported in /wordpress/wp-content/plugins/render-all-pages/google-analyticator.php on line 48
[14-May-2025 14:36:36 UTC] PHP Warning:  define(): Argument #3 ($case_insensitive) is ignored since declaration of case-insensitive constants is no longer supported in /wordpress/wp-content/plugins/render-all-pages/google-analyticator.php on line 49
[14-May-2025 14:36:36 UTC] PHP Warning:  define(): Argument #3 ($case_insensitive) is ignored since declaration of case-insensitive constants is no longer supported in /wordpress/wp-content/plugins/render-all-pages/google-analyticator.php on line 50
[14-May-2025 14:36:36 UTC] PHP Warning:  define(): Argument #3 ($case_insensitive) is ignored since declaration of case-insensitive constants is no longer supported in /wordpress/wp-content/plugins/render-all-pages/google-analyticator.php on line 51
[14-May-2025 14:36:36 UTC] PHP Warning:  define(): Argument #3 ($case_insensitive) is ignored since declaration of case-insensitive constants is no longer supported in /wordpress/wp-content/plugins/render-all-pages/google-analyticator.php on line 52
[14-May-2025 14:36:36 UTC] PHP Warning:  define(): Argument #3 ($case_insensitive) is ignored since declaration of case-insensitive constants is no longer supported in /wordpress/wp-content/plugins/render-all-pages/google-analyticator.php on line 53
[14-May-2025 14:36:36 UTC] PHP Warning:  define(): Argument #3 ($case_insensitive) is ignored since declaration of case-insensitive constants is no longer supported in /wordpress/wp-content/plugins/render-all-pages/google-analyticator.php on line 54
[14-May-2025 14:36:36 UTC] PHP Warning:  define(): Argument #3 ($case_insensitive) is ignored since declaration of case-insensitive constants is no longer supported in /wordpress/wp-content/plugins/render-all-pages/google-analyticator.php on line 55
[14-May-2025 14:36:37 UTC] PHP Warning:  define(): Argument #3 ($case_insensitive) is ignored since declaration of case-insensitive constants is no longer supported in /wordpress/wp-content/plugins/render-all-pages/google-analyticator.php on line 18
[14-May-2025 14:36:37 UTC] PHP Warning:  define(): Argument #3 ($case_insensitive) is ignored since declaration of case-insensitive constants is no longer supported in /wordpress/wp-content/plugins/render-all-pages/google-analyticator.php on line 19
[14-May-2025 14:36:37 UTC] PHP Warning:  define(): Argument #3 ($case_insensitive) is ignored since declaration of case-insensitive constants is no longer supported in /wordpress/wp-content/plugins/render-all-pages/google-analyticator.php on line 22
[14-May-2025 14:36:37 UTC] PHP Warning:  define(): Argument #3 ($case_insensitive) is ignored since declaration of case-insensitive constants is no longer supported in /wordpress/wp-content/plugins/render-all-pages/google-analyticator.php on line 23
[14-May-2025 14:36:37 UTC] PHP Warning:  define(): Argument #3 ($case_insensitive) is ignored since declaration of case-insensitive constants is no longer supported in /wordpress/wp-content/plugins/render-all-pages/google-analyticator.php on line 24
[14-May-2025 14:36:37 UTC] PHP Warning:  define(): Argument #3 ($case_insensitive) is ignored since declaration of case-insensitive constants is no longer supported in /wordpress/wp-content/plugins/render-all-pages/google-analyticator.php on line 25
[14-May-2025 14:36:37 UTC] PHP Warning:  define(): Argument #3 ($case_insensitive) is ignored since declaration of case-insensitive constants is no longer supported in /wordpress/wp-content/plugins/render-all-pages/google-analyticator.php on line 26
[14-May-2025 14:36:37 UTC] PHP Warning:  define(): Argument #3 ($case_insensitive) is ignored since declaration of case-insensitive constants is no longer supported in /wordpress/wp-content/plugins/render-all-pages/google-analyticator.php on line 27
[14-May-2025 14:36:37 UTC] PHP Warning:  define(): Argument #3 ($case_insensitive) is ignored since declaration of case-insensitive constants is no longer supported in /wordpress/wp-content/plugins/render-all-pages/google-analyticator.php on line 28
[14-May-2025 14:36:38 UTC] PHP Warning:  define(): Argument #3 ($case_insensitive) is ignored since declaration of case-insensitive constants is no longer supported in /wordpress/wp-content/plugins/render-all-pages/google-analyticator.php on line 29
[14-May-2025 14:36:38 UTC] PHP Warning:  define(): Argument #3 ($case_insensitive) is ignored since declaration of case-insensitive constants is no longer supported in /wordpress/wp-content/plugins/render-all-pages/google-analyticator.php on line 30
[14-May-2025 14:36:38 UTC] PHP Warning:  define(): Argument #3 ($case_insensitive) is ignored since declaration of case-insensitive constants is no longer supported in /wordpress/wp-content/plugins/render-all-pages/google-analyticator.php on line 31
[14-May-2025 14:36:38 UTC] PHP Warning:  define(): Argument #3 ($case_insensitive) is ignored since declaration of case-insensitive constants is no longer supported in /wordpress/wp-content/plugins/render-all-pages/google-analyticator.php on line 32
[14-May-2025 14:36:38 UTC] PHP Warning:  define(): Argument #3 ($case_insensitive) is ignored since declaration of case-insensitive constants is no longer supported in /wordpress/wp-content/plugins/render-all-pages/google-analyticator.php on line 33
[14-May-2025 14:36:38 UTC] PHP Warning:  define(): Argument #3 ($case_insensitive) is ignored since declaration of case-insensitive constants is no longer supported in /wordpress/wp-content/plugins/render-all-pages/google-analyticator.php on line 34
[14-May-2025 14:36:38 UTC] PHP Warning:  define(): Argument #3 ($case_insensitive) is ignored since declaration of case-insensitive constants is no longer supported in /wordpress/wp-content/plugins/render-all-pages/google-analyticator.php on line 35
[14-May-2025 14:36:38 UTC] PHP Warning:  define(): Argument #3 ($case_insensitive) is ignored since declaration of case-insensitive constants is no longer supported in /wordpress/wp-content/plugins/render-all-pages/google-analyticator.php on line 36
[14-May-2025 14:36:38 UTC] PHP Warning:  define(): Argument #3 ($case_insensitive) is ignored since declaration of case-insensitive constants is no longer supported in /wordpress/wp-content/plugins/render-all-pages/google-analyticator.php on line 37
[14-May-2025 14:36:38 UTC] PHP Warning:  define(): Argument #3 ($case_insensitive) is ignored since declaration of case-insensitive constants is no longer supported in /wordpress/wp-content/plugins/render-all-pages/google-analyticator.php on line 38
[14-May-2025 14:36:38 UTC] PHP Warning:  define(): Argument #3 ($case_insensitive) is ignored since declaration of case-insensitive constants is no longer supported in /wordpress/wp-content/plugins/render-all-pages/google-analyticator.php on line 39
[14-May-2025 14:36:38 UTC] PHP Warning:  define(): Argument #3 ($case_insensitive) is ignored since declaration of case-insensitive constants is no longer supported in /wordpress/wp-content/plugins/render-all-pages/google-analyticator.php on line 40
[14-May-2025 14:36:38 UTC] PHP Warning:  define(): Argument #3 ($case_insensitive) is ignored since declaration of case-insensitive constants is no longer supported in /wordpress/wp-content/plugins/render-all-pages/google-analyticator.php on line 42
[14-May-2025 14:36:38 UTC] PHP Warning:  define(): Argument #3 ($case_insensitive) is ignored since declaration of case-insensitive constants is no longer supported in /wordpress/wp-content/plugins/render-all-pages/google-analyticator.php on line 43
[14-May-2025 14:36:38 UTC] PHP Warning:  define(): Argument #3 ($case_insensitive) is ignored since declaration of case-insensitive constants is no longer supported in /wordpress/wp-content/plugins/render-all-pages/google-analyticator.php on line 44
[14-May-2025 14:36:38 UTC] PHP Warning:  define(): Argument #3 ($case_insensitive) is ignored since declaration of case-insensitive constants is no longer supported in /wordpress/wp-content/plugins/render-all-pages/google-analyticator.php on line 45
[14-May-2025 14:36:38 UTC] PHP Warning:  define(): Argument #3 ($case_insensitive) is ignored since declaration of case-insensitive constants is no longer supported in /wordpress/wp-content/plugins/render-all-pages/google-analyticator.php on line 46
[14-May-2025 14:36:38 UTC] PHP Warning:  define(): Argument #3 ($case_insensitive) is ignored since declaration of case-insensitive constants is no longer supported in /wordpress/wp-content/plugins/render-all-pages/google-analyticator.php on line 47
[14-May-2025 14:36:38 UTC] PHP Warning:  define(): Argument #3 ($case_insensitive) is ignored since declaration of case-insensitive constants is no longer supported in /wordpress/wp-content/plugins/render-all-pages/google-analyticator.php on line 48
[14-May-2025 14:36:38 UTC] PHP Warning:  define(): Argument #3 ($case_insensitive) is ignored since declaration of case-insensitive constants is no longer supported in /wordpress/wp-content/plugins/render-all-pages/google-analyticator.php on line 49
[14-May-2025 14:36:38 UTC] PHP Warning:  define(): Argument #3 ($case_insensitive) is ignored since declaration of case-insensitive constants is no longer supported in /wordpress/wp-content/plugins/render-all-pages/google-analyticator.php on line 50
[14-May-2025 14:36:38 UTC] PHP Warning:  define(): Argument #3 ($case_insensitive) is ignored since declaration of case-insensitive constants is no longer supported in /wordpress/wp-content/plugins/render-all-pages/google-analyticator.php on line 51
[14-May-2025 14:36:38 UTC] PHP Warning:  define(): Argument #3 ($case_insensitive) is ignored since declaration of case-insensitive constants is no longer supported in /wordpress/wp-content/plugins/render-all-pages/google-analyticator.php on line 52
[14-May-2025 14:36:38 UTC] PHP Warning:  define(): Argument #3 ($case_insensitive) is ignored since declaration of case-insensitive constants is no longer supported in /wordpress/wp-content/plugins/render-all-pages/google-analyticator.php on line 53
[14-May-2025 14:36:38 UTC] PHP Warning:  define(): Argument #3 ($case_insensitive) is ignored since declaration of case-insensitive constants is no longer supported in /wordpress/wp-content/plugins/render-all-pages/google-analyticator.php on line 54
[14-May-2025 14:36:38 UTC] PHP Warning:  define(): Argument #3 ($case_insensitive) is ignored since declaration of case-insensitive constants is no longer supported in /wordpress/wp-content/plugins/render-all-pages/google-analyticator.php on line 55
[14-May-2025 14:37:44 UTC] PHP Deprecated:  Required parameter $field_type_object follows optional parameter $field_escaped_value in /wordpress/wp-content/plugins/palto-carousel/admin/src/cmb-field-select2/cmb-field-select2.php on line 73
[14-May-2025 14:37:54 UTC] PHP Deprecated:  Required parameter $field_type_object follows optional parameter $field_escaped_value in /wordpress/wp-content/plugins/palto-carousel/admin/src/cmb-field-select2/cmb-field-select2.php on line 73
[14-May-2025 14:38:04 UTC] PHP Deprecated:  Required parameter $field_type_object follows optional parameter $field_escaped_value in /wordpress/wp-content/plugins/palto-carousel/admin/src/cmb-field-select2/cmb-field-select2.php on line 73
[14-May-2025 14:39:33 UTC] PHP Notice:  Undefined index: REMOTE_ADDR in /wordpress/wp-content/plugins/plugin-activation-tracker/plugin-activation-tracker.php on line 82
[14-May-2025 14:39:33 UTC] WordPress database error <div style="clear:both">&nbsp;</div>
<div class="queries" style="clear:both;margin-bottom:2px;border:red dotted thin;">
<p>MySQL query:</p>
<p>INSERT INTO `wp_pat_plugin_status` (`status`, `timestamp`, `ip_adddress`, `plugin_name`, `user_id`) VALUES ('activated', '1747233573', NULL, 'plugin-activation-tracker/plugin-activation-tracker.php', 1)</p>
<p>Queries made or created this session were:</p>
<ol>
<li>Executing: BEGIN | (no parameters)</li>
<li>Executing: SELECT 1 FROM sqlite_temp_schema WHERE type = 'table' AND name = ? | parameters: wp_pat_plugin_status</li>
<li>Executing: 
				SELECT column_name, is_nullable, column_default, data_type, extra
				FROM `_wp_sqlite_mysql_information_schema_columns`
				WHERE table_schema = ?
				AND table_name = ?
				ORDER BY ordinal_position
			 | parameters: database_name_here, wp_pat_plugin_status</li>
<li>Executing: INSERT INTO `wp_pat_plugin_status` (`id`, `plugin_name`, `timestamp`, `ip_adddress`, `user_id`, `status`) SELECT NULL, `column4`, `column2`, `column3`, `column5`, `column1` FROM (VALUES ( 'activated' , '1747233573' , NULL , 'plugin-activation-tracker/plugin-activation-tracker.php' , 1 )) WHERE true | (no parameters)</li>
<li>Executing: ROLLBACK | (no parameters)</li>
</ol>
</div>
<div style="clear:both;margin-bottom:2px;border:red dotted thin;" class="error_message" style="border-bottom:dotted blue thin;">
SQLSTATE[23000]: Integrity constraint violation: 19 NOT NULL constraint failed: wp_pat_plugin_status.ip_adddress
</div>
<p>Backtrace:</p>
<pre>#0 /internal/shared/sqlite-database-integration/wp-includes/sqlite-ast/class-wp-sqlite-driver.php(683): WP_SQLite_Driver->new_driver_exception('SQLSTATE[23000]...', '23000', Object(PDOException))
#1 /internal/shared/sqlite-database-integration/wp-includes/sqlite/class-wp-sqlite-db.php(491): WP_SQLite_Driver->query('INSERT INTO `wp...')
#2 /internal/shared/sqlite-database-integration/wp-includes/sqlite/class-wp-sqlite-db.php(432): WP_SQLite_DB->_do_query('INSERT INTO `wp...')
#3 /wordpress/wp-includes/class-wpdb.php(2614): WP_SQLite_DB->query('INSERT INTO `wp...')
#4 /wordpress/wp-includes/class-wpdb.php(2503): wpdb->_insert_replace_helper('wp_pat_plugin_s...', Array, NULL, 'INSERT')
#5 /wordpress/wp-content/plugins/plugin-activation-tracker/plugin-activation-tracker.php(96): wpdb->insert('wp_pat_plugin_s...', Array)
#6 /wordpress/wp-includes/class-wp-hook.php(326): Pat_plugin_activation_deactivation_date->pat_gwl_plugin_status_changed('plugin-activati...')
#7 /wordpress/wp-includes/class-wp-hook.php(348): WP_Hook->apply_filters('', Array)
#8 /wordpress/wp-includes/plugin.php(517): WP_Hook->do_action(Array)
#9 /wordpress/wp-admin/includes/plugin.php(688): do_action('activate_plugin', 'plugin-activati...', false)
#10 /internal/eval.php(20): activate_plugin('plugin-activati...')
#11 {main}</pre>
 for query INSERT INTO `wp_pat_plugin_status` (`status`, `timestamp`, `ip_adddress`, `plugin_name`, `user_id`) VALUES ('activated', '1747233573', NULL, 'plugin-activation-tracker/plugin-activation-tracker.php', 1) made by activate_plugin, do_action('activate_plugin'), WP_Hook->do_action, WP_Hook->apply_filters, Pat_plugin_activation_deactivation_date->pat_gwl_plugin_status_changed, WP_SQLite_DB->query, WP_SQLite_DB->print_error
[14-May-2025 14:39:40 UTC] PHP Notice:  Undefined index: REMOTE_ADDR in /wordpress/wp-content/plugins/plugin-activation-tracker/plugin-activation-tracker.php on line 82
[14-May-2025 14:39:49 UTC] PHP Notice:  Undefined index: REMOTE_ADDR in /wordpress/wp-content/plugins/plugin-activation-tracker/plugin-activation-tracker.php on line 82

    at Object.onBind (file:///home/runner/work/playground-tester/playground-tester/node_modules/@wp-playground/cli/index.js:237:15)
    at process.processTicksAndRejections (node:internal/process/task_queues:105:5)
    at async V (file:///home/runner/work/playground-tester/playground-tester/node_modules/@wp-playground/cli/index.js:64:10)
    at async ja (file:///home/runner/work/playground-tester/playground-tester/node_modules/@wp-playground/cli/cli.js:8161:12) {
  [cause]: Error: Error when executing the blueprint step #1 ({"step":"installPlugin","pluginData":{"resource":"wordpress.org/plugins","slug":"plugin-login"},"options":{"activate":true}}) : Could not download "https://downloads.wordpress.org/plugin/plugin-login.latest-stable.zip".
  				Check if the URL is correct and the server is reachable.
  				If it is reachable, the server might be blocking the request.
  				Check the browser console and network tabs for more information.
  
  				## Does the console show the error "No 'Access-Control-Allow-Origin' header"?
  
  				This means the server that hosts your file does not allow requests from other sites
  				(cross-origin requests, or CORS).	You need to move the asset to a server that allows
  				cross-origin file downloads. Learn more about CORS at
  				https://developer.mozilla.org/en-US/docs/Web/HTTP/CORS.
  
  				If your file is on GitHub, load it from "raw.githubusercontent.com".
  				Here's how to do that:
  
  				1. Start with the original GitHub URL of the file. For example:
  				https://github.com/username/repository/blob/branch/filename.
  				2. Replace "github.com" with "raw.githubusercontent.com".
  				3. Remove the "/blob/" part of the URL.
  
  				The resulting URL should look like this:
  				https://raw.githubusercontent.com/username/repository/branch/filename
  
  				Error:
  				Error: Could not download "https://downloads.wordpress.org/plugin/plugin-login.latest-stable.zip"
      at Object.run (file:///home/runner/work/playground-tester/playground-tester/node_modules/@wp-playground/blueprints/index.js:12449:19)
      at process.processTicksAndRejections (node:internal/process/task_queues:105:5)
      at async ms (file:///home/runner/work/playground-tester/playground-tester/node_modules/@wp-playground/blueprints/index.js:12552:3)
      at async Object.onBind (file:///home/runner/work/playground-tester/playground-tester/node_modules/@wp-playground/cli/index.js:227:48)
      at async V (file:///home/runner/work/playground-tester/playground-tester/node_modules/@wp-playground/cli/index.js:64:10)
      at async ja (file:///home/runner/work/playground-tester/playground-tester/node_modules/@wp-playground/cli/cli.js:8161:12) {
    [cause]: Error: Could not download "https://downloads.wordpress.org/plugin/plugin-login.latest-stable.zip".
    				Check if the URL is correct and the server is reachable.
    				If it is reachable, the server might be blocking the request.
    				Check the browser console and network tabs for more information.
    
    				## Does the console show the error "No 'Access-Control-Allow-Origin' header"?
    
    				This means the server that hosts your file does not allow requests from other sites
    				(cross-origin requests, or CORS).	You need to move the asset to a server that allows
    				cross-origin file downloads. Learn more about CORS at
    				https://developer.mozilla.org/en-US/docs/Web/HTTP/CORS.
    
    				If
