file:///home/runner/work/playground-tester/playground-tester/node_modules/@wp-playground/cli/index.js:237
        throw new Error(y, { cause: u });
              ^

Error: [19-May-2025 20:51:00 UTC] PHP Warning:  Undefined array key "SERVER_ADDR" in /wordpress/wp-content/plugins/rs-head-cleaner-lite/rs-head-cleaner-lite.php on line 1027
[19-May-2025 20:51:01 UTC] PHP Warning:  Undefined array key "SERVER_ADDR" in /wordpress/wp-content/plugins/rs-head-cleaner-lite/rs-head-cleaner-lite.php on line 1027
[19-May-2025 20:51:10 UTC] PHP Warning:  Undefined array key "SERVER_ADDR" in /wordpress/wp-content/plugins/rs-head-cleaner-lite/rs-head-cleaner-lite.php on line 1027
[19-May-2025 20:51:11 UTC] PHP Warning:  Undefined array key "SERVER_ADDR" in /wordpress/wp-content/plugins/rs-head-cleaner-lite/rs-head-cleaner-lite.php on line 1027
[19-May-2025 20:51:19 UTC] PHP Warning:  Undefined array key "SERVER_ADDR" in /wordpress/wp-content/plugins/rs-head-cleaner-lite/rs-head-cleaner-lite.php on line 1027
[19-May-2025 20:51:20 UTC] PHP Warning:  Undefined array key "SERVER_ADDR" in /wordpress/wp-content/plugins/rs-head-cleaner-lite/rs-head-cleaner-lite.php on line 1027
[19-May-2025 20:51:29 UTC] PHP Warning:  foreach() argument must be of type array|object, null given in /wordpress/wp-content/plugins/personio/wp-personio.php on line 29
[19-May-2025 20:51:39 UTC] PHP Warning:  foreach() argument must be of type array|object, null given in /wordpress/wp-content/plugins/personio/wp-personio.php on line 29
[19-May-2025 20:51:47 UTC] PHP Warning:  foreach() argument must be of type array|object, null given in /wordpress/wp-content/plugins/personio/wp-personio.php on line 29
[19-May-2025 20:53:13 UTC] PHP Notice:  Function register_uninstall_hook was called <strong>incorrectly</strong>. Only a static class method or function can be used in an uninstall hook. Please see <a href="https://developer.wordpress.org/advanced-administration/debug/debug-wordpress/">Debugging in WordPress</a> for more information. (This message was added in version 3.1.0.) in /wordpress/wp-includes/functions.php on line 6121
[19-May-2025 20:53:14 UTC] PHP Notice:  Function register_uninstall_hook was called <strong>incorrectly</strong>. Only a static class method or function can be used in an uninstall hook. Please see <a href="https://developer.wordpress.org/advanced-administration/debug/debug-wordpress/">Debugging in WordPress</a> for more information. (This message was added in version 3.1.0.) in /wordpress/wp-includes/functions.php on line 6121
[19-May-2025 20:53:22 UTC] PHP Notice:  Function register_uninstall_hook was called <strong>incorrectly</strong>. Only a static class method or function can be used in an uninstall hook. Please see <a href="https://developer.wordpress.org/advanced-administration/debug/debug-wordpress/">Debugging in WordPress</a> for more information. (This message was added in version 3.1.0.) in /wordpress/wp-includes/functions.php on line 6121
[19-May-2025 20:53:23 UTC] PHP Notice:  Function register_uninstall_hook was called <strong>incorrectly</strong>. Only a static class method or function can be used in an uninstall hook. Please see <a href="https://developer.wordpress.org/advanced-administration/debug/debug-wordpress/">Debugging in WordPress</a> for more information. (This message was added in version 3.1.0.) in /wordpress/wp-includes/functions.php on line 6121
[19-May-2025 20:53:32 UTC] PHP Notice:  Function register_uninstall_hook was called <strong>incorrectly</strong>. Only a static class method or function can be used in an uninstall hook. Please see <a href="https://developer.wordpress.org/advanced-administration/debug/debug-wordpress/">Debugging in WordPress</a> for more information. (This message was added in version 3.1.0.) in /wordpress/wp-includes/functions.php on line 6121
[19-May-2025 20:53:33 UTC] PHP Notice:  Function register_uninstall_hook was called <strong>incorrectly</strong>. Only a static class method or function can be used in an uninstall hook. Please see <a href="https://developer.wordpress.org/advanced-administration/debug/debug-wordpress/">Debugging in WordPress</a> for more information. (This message was added in version 3.1.0.) in /wordpress/wp-includes/functions.php on line 6121
[19-May-2025 20:54:59 UTC] PHP Notice:  Function _load_textdomain_just_in_time was called <strong>incorrectly</strong>. Translation loading for the <code>woocommerce</code> domain was triggered too early. This is usually an indicator for some code in the plugin or theme running too early. Translations should be loaded at the <code>init</code> action or later. Please see <a href="https://developer.wordpress.org/advanced-administration/debug/debug-wordpress/">Debugging in WordPress</a> for more information. (This message was added in version 6.7.0.) in /wordpress/wp-includes/functions.php on line 6121
[19-May-2025 20:55:40 UTC] PHP Notice:  Function _load_textdomain_just_in_time was called <strong>incorrectly</strong>. Translation loading for the <code>woocommerce</code> domain was triggered too early. This is usually an indicator for some code in the plugin or theme running too early. Translations should be loaded at the <code>init</code> action or later. Please see <a href="https://developer.wordpress.org/advanced-administration/debug/debug-wordpress/">Debugging in WordPress</a> for more information. (This message was added in version 6.7.0.) in /wordpress/wp-includes/functions.php on line 6121
[19-May-2025 20:56:19 UTC] PHP Notice:  Function _load_textdomain_just_in_time was called <strong>incorrectly</strong>. Translation loading for the <code>woocommerce</code> domain was triggered too early. This is usually an indicator for some code in the plugin or theme running too early. Translations should be loaded at the <code>init</code> action or later. Please see <a href="https://developer.wordpress.org/advanced-administration/debug/debug-wordpress/">Debugging in WordPress</a> for more information. (This message was added in version 6.7.0.) in /wordpress/wp-includes/functions.php on line 6121
[19-May-2025 20:58:48 UTC] PHP Fatal error:  Array and string offset access syntax with curly braces is no longer supported in /wordpress/wp-content/plugins/parsnip/includes/phpQuery/phpQuery/phpQueryObject.php on line 1040
[19-May-2025 20:58:56 UTC] PHP Fatal error:  Array and string offset access syntax with curly braces is no longer supported in /wordpress/wp-content/plugins/parsnip/includes/phpQuery/phpQuery/phpQueryObject.php on line 1040
[19-May-2025 20:59:04 UTC] PHP Fatal error:  Array and string offset access syntax with curly braces is no longer supported in /wordpress/wp-content/plugins/parsnip/includes/phpQuery/phpQuery/phpQueryObject.php on line 1040
[19-May-2025 21:02:25 UTC] PHP Notice:  Function _load_textdomain_just_in_time was called <strong>incorrectly</strong>. Translation loading for the <code>pedidosya</code> domain was triggered too early. This is usually an indicator for some code in the plugin or theme running too early. Translations should be loaded at the <code>init</code> action or later. Please see <a href="https://developer.wordpress.org/advanced-administration/debug/debug-wordpress/">Debugging in WordPress</a> for more information. (This message was added in version 6.7.0.) in /wordpress/wp-includes/functions.php on line 6121

    at Object.onBind (file:///home/runner/work/playground-tester/playground-tester/node_modules/@wp-playground/cli/index.js:237:15)
    at process.processTicksAndRejections (node:internal/process/task_queues:105:5)
    at async V (file:///home/runner/work/playground-tester/playground-tester/node_modules/@wp-playground/cli/index.js:64:10)
    at async ja (file:///home/runner/work/playground-tester/playground-tester/node_modules/@wp-playground/cli/cli.js:8161:12) {
  [cause]: Error: Error when executing the blueprint step #5 ({"step":"installPlugin","pluginData":{"resource":"wordpress.org/plugins","slug":"pedidosya"},"options":{"activate":true}}) : Plugin /wordpress/wp-content/plugins/pedidosya could not be activated – WordPress exited with no error. Sometimes, when $_SERVER or site options are not configured correctly, WordPress exits early with a 301 redirect. Inspect the "debug" logs in the console for more details.
      at Object.run (file:///home/runner/work/playground-tester/playground-tester/node_modules/@wp-playground/blueprints/index.js:12449:19)
      at process.processTicksAndRejections (node:internal/process/task_queues:105:5)
      at async ms (file:///home/runner/work/playground-tester/playground-tester/node_modules/@wp-playground/blueprints/index.js:12552:3)
      ... 2 lines matching cause stack trace ...
      at async ja (file:///home/runner/work/playground-tester/playground-tester/node_modules/@wp-playground/cli/cli.js:8161:12) {
    [cause]: Error: Plugin /wordpress/wp-content/plugins/pedidosya could not be activated – WordPress exited with no error. Sometimes, when $_SERVER or site options are not configured correctly, WordPress exits early with a 301 redirect. Inspect the "debug" logs in the console for more details.
        at wr (file:///home/runner/work/playground-tester/playground-tester/node_modules/@wp-playground/blueprints/index.js:119:51)
        at process.processTicksAndRejections (node:internal/process/task_queues:105:5)
        at async Object.gt [as installPlugin] (file:///home/runner/work/playground-tester/playground-tester/node_modules/@wp-playground/blueprints/index.js:974:42)
        at async g (file:///home/runner/work/playground-tester/playground-tester/node_modules/@wp-playground/blueprints/index.js:12517:30)
        at async Object.run (file:///home/runner/work/playground-tester/playground-tester/node_modules/@wp-playground/blueprints/index.js:12446:23)
        at async ms (file:///home/runner/work/playground-tester/playground-tester/node_modules/@wp-playground/blueprints/index.js:12552:3)
        at async Object.onBind (file:///home/runner/work/playground-tester/playground-tester/node_modules/@wp-playground/cli/index.js:227:48)
        at async V (file:///home/runner/work/playground-tester/playground-tester/node_modules/@wp-playground/cli/index.js:64:10)
        at async ja (file:///home/runner/work/playground-tester/playground-tester/node_modules/@wp-playground/cli/cli.js:8161:12)
  }
}

Node.js v23.11.0
