file:///home/runner/work/playground-tester/playground-tester/node_modules/@wp-playground/cli/cli.js:21
`)},constants:R,phpIniEntries:{"openssl.cafile":"/internal/shared/ca-bundle.crt",allow_url_fopen:"1",disable_functions:""},hooks:{async beforeWordPressFiles(h){e.mountBeforeInstall&&u(h,e.mountBeforeInstall)}}}),d.log("Booted!");const W=await w.getPrimaryPhp();try{if(o&&!e.mountBeforeInstall&&!m.existsSync(f)&&(d.log("Caching preinstalled WordPress for the next boot..."),m.writeFileSync(f,await Z(W,"/wordpress")),d.log("Cached!")),e.mount&&u(W,e.mount),H=!0,l){const{php:h,reap:b}=await w.processManager.acquirePHPInstance();try{d.log("Running the Blueprint..."),await M(l,h),d.log("Finished running the blueprint")}finally{b()}}a==="build-snapshot"?(await i(e.outfile),d.log(`WordPress exported to ${e.outfile}`),process.exit(0)):a==="run-blueprint"?(d.log("Blueprint executed"),process.exit(0)):d.log(`WordPress is running on ${s}`)}catch(h){if(!e.debug)throw h;const b=W.readFileAsText(L);throw new Error(b,{cause:h})}},async handleRequest(r){return H?await w.request(r):U.forHttpCode(502,"WordPress is not ready yet")}})}te();
                                                                                                                                                                                                                                                                                                                                                                                                                                                                                                                                                                                                                                                                                                                                                                                                                                                                                                                                      ^

Error: [10-Apr-2025 17:48:40 UTC] PHP Notice:  Function _load_textdomain_just_in_time was called <strong>incorrectly</strong>. Translation loading for the <code>wp-camoo-sms</code> domain was triggered too early. This is usually an indicator for some code in the plugin or theme running too early. Translations should be loaded at the <code>init</code> action or later. Please see <a href="https://developer.wordpress.org/advanced-administration/debug/debug-wordpress/">Debugging in WordPress</a> for more information. (This message was added in version 6.7.0.) in /wordpress/wp-includes/functions.php on line 6114
[10-Apr-2025 17:48:55 UTC] WordPress database error <div style="clear:both">&nbsp;</div>
<div class="queries" style="clear:both;margin-bottom:2px;border:red dotted thin;">
<p>MySQL query:</p>
<p>ALTER TABLE wp_camoo_sms_subscribes MODIFY name VARCHAR(250)</p>
<p>Queries made or created this session were:</p>
<ol>
<li>Executing: BEGIN | (no parameters)</li>
<li>Executing: ROLLBACK | (no parameters)</li>
</ol>
</div>
<div style="clear:both;margin-bottom:2px;border:red dotted thin;" class="error_message" style="border-bottom:dotted blue thin;">
Error occurred at line 4117 in Function <code>handle_error</code>. Error message was: Unknown operation: MODIFY.
</div>
<p>Backtrace:</p>
<pre>#0 /internal/shared/sqlite-database-integration/wp-includes/sqlite/class-wp-sqlite-db.php(287): WP_SQLite_Translator->get_error_message()
#1 /wordpress/wp-content/plugins/camoo-sms/includes/class-wpsms-install.php(134): WP_SQLite_DB->query('ALTER TABLE wp_...')
#2 /wordpress/wp-content/plugins/camoo-sms/includes/class-wpsms-install.php(105): CAMOO_SMS\Install::upgrade()
#3 /wordpress/wp-includes/class-wp-hook.php(324): CAMOO_SMS\Install::install(false)
#4 /wordpress/wp-includes/class-wp-hook.php(348): WP_Hook->apply_filters('', Array)
#5 /wordpress/wp-includes/plugin.php(517): WP_Hook->do_action(Array)
#6 /wordpress/wp-admin/includes/plugin.php(703): do_action('activate_camoo-...', false)
#7 /internal/eval.php(20): activate_plugin('camoo-sms/camoo...')
#8 {main}</pre>
 for query ALTER TABLE wp_camoo_sms_subscribes MODIFY name VARCHAR(250) made by activate_plugin, do_action('activate_camoo-sms/camoo-sms.php'), WP_Hook->do_action, WP_Hook->apply_filters, CAMOO_SMS\Install::install, CAMOO_SMS\Install::upgrade, WP_SQLite_DB->query, WP_SQLite_DB->print_error
[10-Apr-2025 17:48:56 UTC] PHP Notice:  Function _load_textdomain_just_in_time was called <strong>incorrectly</strong>. Translation loading for the <code>wp-camoo-sms</code> domain was triggered too early. This is usually an indicator for some code in the plugin or theme running too early. Translations should be loaded at the <code>init</code> action or later. Please see <a href="https://developer.wordpress.org/advanced-administration/debug/debug-wordpress/">Debugging in WordPress</a> for more information. (This message was added in version 6.7.0.) in /wordpress/wp-includes/functions.php on line 6114
[10-Apr-2025 17:49:10 UTC] WordPress database error <div style="clear:both">&nbsp;</div>
<div class="queries" style="clear:both;margin-bottom:2px;border:red dotted thin;">
<p>MySQL query:</p>
<p>ALTER TABLE wp_camoo_sms_subscribes MODIFY name VARCHAR(250)</p>
<p>Queries made or created this session were:</p>
<ol>
<li>Executing: BEGIN | (no parameters)</li>
<li>Executing: ROLLBACK | (no parameters)</li>
</ol>
</div>
<div style="clear:both;margin-bottom:2px;border:red dotted thin;" class="error_message" style="border-bottom:dotted blue thin;">
Error occurred at line 4117 in Function <code>handle_error</code>. Error message was: Unknown operation: MODIFY.
</div>
<p>Backtrace:</p>
<pre>#0 /internal/shared/sqlite-database-integration/wp-includes/sqlite/class-wp-sqlite-db.php(287): WP_SQLite_Translator->get_error_message()
#1 /wordpress/wp-content/plugins/camoo-sms/includes/class-wpsms-install.php(134): WP_SQLite_DB->query('ALTER TABLE wp_...')
#2 /wordpress/wp-content/plugins/camoo-sms/includes/class-wpsms-install.php(105): CAMOO_SMS\Install::upgrade()
#3 /wordpress/wp-includes/class-wp-hook.php(324): CAMOO_SMS\Install::install(false)
#4 /wordpress/wp-includes/class-wp-hook.php(348): WP_Hook->apply_filters('', Array)
#5 /wordpress/wp-includes/plugin.php(517): WP_Hook->do_action(Array)
#6 /wordpress/wp-admin/includes/plugin.php(703): do_action('activate_camoo-...', false)
#7 /internal/eval.php(20): activate_plugin('camoo-sms/camoo...')
#8 {main}</pre>
 for query ALTER TABLE wp_camoo_sms_subscribes MODIFY name VARCHAR(250) made by activate_plugin, do_action('activate_camoo-sms/camoo-sms.php'), WP_Hook->do_action, WP_Hook->apply_filters, CAMOO_SMS\Install::install, CAMOO_SMS\Install::upgrade, WP_SQLite_DB->query, WP_SQLite_DB->print_error
[10-Apr-2025 17:49:11 UTC] PHP Notice:  Function _load_textdomain_just_in_time was called <strong>incorrectly</strong>. Translation loading for the <code>wp-camoo-sms</code> domain was triggered too early. This is usually an indicator for some code in the plugin or theme running too early. Translations should be loaded at the <code>init</code> action or later. Please see <a href="https://developer.wordpress.org/advanced-administration/debug/debug-wordpress/">Debugging in WordPress</a> for more information. (This message was added in version 6.7.0.) in /wordpress/wp-includes/functions.php on line 6114
[10-Apr-2025 17:51:14 UTC] PHP Deprecated:  Required parameter $items_per_page follows optional parameter $criteria in /wordpress/wp-content/plugins/clickbank-storefront/xmldb.inc.php on line 355
[10-Apr-2025 17:51:14 UTC] PHP Deprecated:  Required parameter $get_mcat follows optional parameter $criteria in /wordpress/wp-content/plugins/clickbank-storefront/xmldb.inc.php on line 355
[10-Apr-2025 17:51:14 UTC] PHP Deprecated:  Required parameter $get_scat follows optional parameter $criteria in /wordpress/wp-content/plugins/clickbank-storefront/xmldb.inc.php on line 355
[10-Apr-2025 17:51:14 UTC] PHP Deprecated:  Required parameter $review_url follows optional parameter $read_review in /wordpress/wp-content/plugins/clickbank-storefront/functions.inc.php on line 110
[10-Apr-2025 17:51:14 UTC] PHP Deprecated:  Required parameter $get_mcat follows optional parameter $criteria in /wordpress/wp-content/plugins/clickbank-storefront/functions.inc.php on line 412
[10-Apr-2025 17:51:14 UTC] PHP Deprecated:  Required parameter $get_scat follows optional parameter $criteria in /wordpress/wp-content/plugins/clickbank-storefront/functions.inc.php on line 412
[10-Apr-2025 17:51:14 UTC] PHP Deprecated:  Required parameter $show_title follows optional parameter $product_number in /wordpress/wp-content/plugins/clickbank-storefront/functions.inc.php on line 729
[10-Apr-2025 17:51:14 UTC] PHP Warning:  The magic method custom_menu_items::__wakeup() must have public visibility in /wordpress/wp-content/plugins/clickbank-storefront/cb_menu.inc.php on line 29
[10-Apr-2025 17:51:14 UTC] PHP Warning:  Undefined array key "cs_image_descr_layout" in /wordpress/wp-content/plugins/clickbank-storefront/clickbank-storefronts.php on line 384
[10-Apr-2025 17:51:15 UTC] PHP Warning:  Problem while connecting to clickbankproads.com. Clickbank Storefronts can't work properly. in /wordpress/wp-content/plugins/clickbank-storefront/xmldb.inc.php on line 942
[10-Apr-2025 17:51:15 UTC] PHP Deprecated:  Function wpdb::escape is <strong>deprecated</strong> since version 3.6.0! Use wpdb::prepare() or esc_sql() instead. in /wordpress/wp-includes/functions.php on line 6114
[10-Apr-2025 17:51:15 UTC] Automatic updates starting...
[10-Apr-2025 17:51:17 UTC] PHP Deprecated:  Required parameter $items_per_page follows optional parameter $criteria in /wordpress/wp-content/plugins/clickbank-storefront/xmldb.inc.php on line 355
[10-Apr-2025 17:51:17 UTC] PHP Deprecated:  Required parameter $get_mcat follows optional parameter $criteria in /wordpress/wp-content/plugins/clickbank-storefront/xmldb.inc.php on line 355
[10-Apr-2025 17:51:17 UTC] PHP Deprecated:  Required parameter $get_scat follows optional parameter $criteria in /wordpress/wp-content/plugins/clickbank-storefront/xmldb.inc.php on line 355
[10-Apr-2025 17:51:17 UTC] PHP Deprecated:  Required parameter $review_url follows optional parameter $read_review in /wordpress/wp-content/plugins/clickbank-storefront/functions.inc.php on line 110
[10-Apr-2025 17:51:17 UTC] PHP Deprecated:  Required parameter $get_mcat follows optional parameter $criteria in /wordpress/wp-content/plugins/clickbank-storefront/functions.inc.php on line 412
[10-Apr-2025 17:51:17 UTC] PHP Deprecated:  Required parameter $get_scat follows optional parameter $criteria in /wordpress/wp-content/plugins/clickbank-storefront/functions.inc.php on line 412
[10-Apr-2025 17:51:17 UTC] PHP Deprecated:  Required parameter $show_title follows optional parameter $product_number in /wordpress/wp-content/plugins/clickbank-storefront/functions.inc.php on line 729
[10-Apr-2025 17:51:17 UTC] PHP Warning:  The magic method custom_menu_items::__wakeup() must have public visibility in /wordpress/wp-content/plugins/clickbank-storefront/cb_menu.inc.php on line 29
[10-Apr-2025 17:51:17 UTC] PHP Warning:  Undefined array key "cs_image_descr_layout" in /wordpress/wp-content/plugins/clickbank-storefront/clickbank-storefronts.php on line 384
[10-Apr-2025 17:51:17 UTC] PHP Fatal error:  Uncaught Error: Call to undefined function wp_validate_redirect() in /wordpress/wp-includes/http.php:655
Stack trace:
#0 /wordpress/wp-includes/class-wp-hook.php(326): allowed_http_request_hosts(false, 'cbproads.com')
#1 /wordpress/wp-includes/plugin.php(205): WP_Hook->apply_filters(false, Array)
#2 /wordpress/wp-includes/http.php(607): apply_filters('http_request_ho...', false, 'cbproads.com', 'https://cbproad...')
#3 /wordpress/wp-includes/class-wp-http.php(280): wp_http_validate_url('https://cbproad...')
#4 /wordpress/wp-includes/http.php(53): WP_Http->request('https://cbproad...', Array)
#5 /wordpress/wp-includes/class-wp-simplepie-file.php(69): wp_safe_remote_request('https://cbproad...', Array)
#6 [internal function]: WP_SimplePie_File->__construct('https://cbproad...', 10, 5, Array, 'SimplePie/1.8.0...', false, Array)
#7 /wordpress/wp-includes/SimplePie/src/Registry.php(228): ReflectionClass->newInstanceArgs(Array)
#8 /wordpress/wp-includes/SimplePie/src/SimplePie.php(1817): SimplePie\Registry->create('SimplePie\\File', Array)
#9 /wordpress/wp-includes/SimplePie/src/SimplePie.php(1589): SimplePie\SimplePie->fetch_data(Object(SimplePie\Cache\BaseDataCache))
#10 /wordpress/wp-includes/feed.php(844): SimplePie\SimplePie->init()
#11 /wordpress/wp-content/plugins/clickbank-storefront/xmldb.inc.php(937): fetch_feed('https://cbproad...')
#12 /wordpress/wp-content/plugins/clickbank-storefront/clickbank-storefronts.php(460): cs_get_categories(NULL)
#13 /wordpress/wp-settings.php(526): include_once('/wordpress/wp-c...')
#14 /wordpress/wp-config.php(102): require_once('/wordpress/wp-s...')
#15 /wordpress/wp-load.php(50): require_once('/wordpress/wp-c...')
#16 /internal/eval.php(3): require_once('/wordpress/wp-l...')
#17 {main}
  thrown in /wordpress/wp-includes/http.php on line 655
[10-Apr-2025 17:51:24 UTC] PHP Deprecated:  Required parameter $items_per_page follows optional parameter $criteria in /wordpress/wp-content/plugins/clickbank-storefront/xmldb.inc.php on line 355
[10-Apr-2025 17:51:24 UTC] PHP Deprecated:  Required parameter $get_mcat follows optional parameter $criteria in /wordpress/wp-content/plugins/clickbank-storefront/xmldb.inc.php on line 355
[10-Apr-2025 17:51:24 UTC] PHP Deprecated:  Required parameter $get_scat follows optional parameter $criteria in /wordpress/wp-content/plugins/clickbank-storefront/xmldb.inc.php on line 355
[10-Apr-2025 17:51:24 UTC] PHP Deprecated:  Required parameter $review_url follows optional parameter $read_review in /wordpress/wp-content/plugins/clickbank-storefront/functions.inc.php on line 110
[10-Apr-2025 17:51:24 UTC] PHP Deprecated:  Required parameter $get_mcat follows optional parameter $criteria in /wordpress/wp-content/plugins/clickbank-storefront/functions.inc.php on line 412
[10-Apr-2025 17:51:24 UTC] PHP Deprecated:  Required parameter $get_scat follows optional parameter $criteria in /wordpress/wp-content/plugins/clickbank-storefront/functions.inc.php on line 412
[10-Apr-2025 17:51:24 UTC] PHP Deprecated:  Required parameter $show_title follows optional parameter $product_number in /wordpress/wp-content/plugins/clickbank-storefront/functions.inc.php on line 729
[10-Apr-2025 17:51:24 UTC] PHP Warning:  The magic method custom_menu_items::__wakeup() must have public visibility in /wordpress/wp-content/plugins/clickbank-storefront/cb_menu.inc.php on line 29
[10-Apr-2025 17:51:25 UTC] PHP Warning:  Undefined array key "cs_image_descr_layout" in /wordpress/wp-content/plugins/clickbank-storefront/clickbank-storefronts.php on line 384
[10-Apr-2025 17:51:25 UTC] PHP Warning:  Problem while connecting to clickbankproads.com. Clickbank Storefronts can't work properly. in /wordpress/wp-content/plugins/clickbank-storefront/xmldb.inc.php on line 942
[10-Apr-2025 17:51:25 UTC] PHP Deprecated:  Function wpdb::escape is <strong>deprecated</strong> since version 3.6.0! Use wpdb::prepare() or esc_sql() instead. in /wordpress/wp-includes/functions.php on line 6114
[10-Apr-2025 17:51:31 UTC] PHP Deprecated:  Required parameter $items_per_page follows optional parameter $criteria in /wordpress/wp-content/plugins/clickbank-storefront/xmldb.inc.php on line 355
[10-Apr-2025 17:51:31 UTC] PHP Deprecated:  Required parameter $get_mcat follows optional parameter $criteria in /wordpress/wp-content/plugins/clickbank-storefront/xmldb.inc.php on line 355
[10-Apr-2025 17:51:31 UTC] PHP Deprecated:  Required parameter $get_scat follows optional parameter $criteria in /wordpress/wp-content/plugins/clickbank-storefront/xmldb.inc.php on line 355
[10-Apr-2025 17:51:31 UTC] PHP Deprecated:  Required parameter $review_url follows optional parameter $read_review in /wordpress/wp-content/plugins/clickbank-storefront/functions.inc.php on line 110
[10-Apr-2025 17:51:31 UTC] PHP Deprecated:  Required parameter $get_mcat follows optional parameter $criteria in /wordpress/wp-content/plugins/clickbank-storefront/functions.inc.php on line 412
[10-Apr-2025 17:51:31 UTC] PHP Deprecated:  Required parameter $get_scat follows optional parameter $criteria in /wordpress/wp-content/plugins/clickbank-storefront/functions.inc.php on line 412
[10-Apr-2025 17:51:31 UTC] PHP Deprecated:  Required parameter $show_title follows optional parameter $product_number in /wordpress/wp-content/plugins/clickbank-storefront/functions.inc.php on line 729
[10-Apr-2025 17:51:31 UTC] PHP Warning:  The magic method custom_menu_items::__wakeup() must have public visibility in /wordpress/wp-content/plugins/clickbank-storefront/cb_menu.inc.php on line 29
[10-Apr-2025 17:51:31 UTC] PHP Warning:  Undefined array key "cs_image_descr_layout" in /wordpress/wp-content/plugins/clickbank-storefront/clickbank-storefronts.php on line 384
[10-Apr-2025 17:51:31 UTC] PHP Fatal error:  Uncaught Error: Call to undefined function wp_validate_redirect() in /wordpress/wp-includes/http.php:655
Stack trace:
#0 /wordpress/wp-includes/class-wp-hook.php(326): allowed_http_request_hosts(false, 'cbproads.com')
#1 /wordpress/wp-includes/plugin.php(205): WP_Hook->apply_filters(false, Array)
#2 /wordpress/wp-includes/http.php(607): apply_filters('http_request_ho...', false, 'cbproads.com', 'https://cbproad...')
#3 /wordpress/wp-includes/class-wp-http.php(280): wp_http_validate_url('https://cbproad...')
#4 /wordpress/wp-includes/http.php(53): WP_Http->request('https://cbproad...', Array)
#5 /wordpress/wp-includes/class-wp-simplepie-file.php(69): wp_safe_remote_request('https://cbproad...', Array)
#6 [internal function]: WP_SimplePie_File->__construct('https://cbproad...', 10, 5, Array, 'SimplePie/1.8.0...', false, Array)
#7 /wordpress/wp-includes/SimplePie/src/Registry.php(228): ReflectionClass->newInstanceArgs(Array)
#8 /wordpress/wp-includes/SimplePie/src/SimplePie.php(1817): SimplePie\Registry->create('SimplePie\\File', Array)
#9 /wordpress/wp-includes/SimplePie/src/SimplePie.php(1589): SimplePie\SimplePie->fetch_data(Object(SimplePie\Cache\BaseDataCache))
#10 /wordpress/wp-includes/feed.php(844): SimplePie\SimplePie->init()
#11 /wordpress/wp-content/plugins/clickbank-storefront/xmldb.inc.php(937): fetch_feed('https://cbproad...')
#12 /wordpress/wp-content/plugins/clickbank-storefront/clickbank-storefronts.php(460): cs_get_categories(NULL)
#13 /wordpress/wp-settings.php(526): include_once('/wordpress/wp-c...')
#14 /wordpress/wp-config.php(102): require_once('/wordpress/wp-s...')
#15 /wordpress/wp-load.php(50): require_once('/wordpress/wp-c...')
#16 /internal/eval.php(3): require_once('/wordpress/wp-l...')
#17 {main}
  thrown in /wordpress/wp-includes/http.php on line 655
[10-Apr-2025 17:51:39 UTC] PHP Deprecated:  Required parameter $items_per_page follows optional parameter $criteria in /wordpress/wp-content/plugins/clickbank-storefront/xmldb.inc.php on line 355
[10-Apr-2025 17:51:39 UTC] PHP Deprecated:  Required parameter $get_mcat follows optional parameter $criteria in /wordpress/wp-content/plugins/clickbank-storefront/xmldb.inc.php on line 355
[10-Apr-2025 17:51:39 UTC] PHP Deprecated:  Required parameter $get_scat follows optional parameter $criteria in /wordpress/wp-content/plugins/clickbank-storefront/xmldb.inc.php on line 355
[10-Apr-2025 17:51:39 UTC] PHP Deprecated:  Required parameter $review_url follows optional parameter $read_review in /wordpress/wp-content/plugins/clickbank-storefront/functions.inc.php on line 110
[10-Apr-2025 17:51:39 UTC] PHP Deprecated:  Required parameter $get_mcat follows optional parameter $criteria in /wordpress/wp-content/plugins/clickbank-storefront/functions.inc.php on line 412
[10-Apr-2025 17:51:39 UTC] PHP Deprecated:  Required parameter $get_scat follows optional parameter $criteria in /wordpress/wp-content/plugins/clickbank-storefront/functions.inc.php on line 412
[10-Apr-2025 17:51:39 UTC] PHP Deprecated:  Required parameter $show_title follows optional parameter $product_number in /wordpress/wp-content/plugins/clickbank-storefront/functions.inc.php on line 729
[10-Apr-2025 17:51:39 UTC] PHP Warning:  The magic method custom_menu_items::__wakeup() must have public visibility in /wordpress/wp-content/plugins/clickbank-storefront/cb_menu.inc.php on line 29
[10-Apr-2025 17:51:39 UTC] PHP Warning:  Undefined array key "cs_image_descr_layout" in /wordpress/wp-content/plugins/clickbank-storefront/clickbank-storefronts.php on line 384
[10-Apr-2025 17:51:39 UTC] PHP Warning:  Problem while connecting to clickbankproads.com. Clickbank Storefronts can't work properly. in /wordpress/wp-content/plugins/clickbank-storefront/xmldb.inc.php on line 942
[10-Apr-2025 17:51:39 UTC] PHP Deprecated:  Function wpdb::escape is <strong>deprecated</strong> since version 3.6.0! Use wpdb::prepare() or esc_sql() instead. in /wordpress/wp-includes/functions.php on line 6114
[10-Apr-2025 17:51:41 UTC] PHP Deprecated:  Required parameter $items_per_page follows optional parameter $criteria in /wordpress/wp-content/plugins/clickbank-storefront/xmldb.inc.php on line 355
[10-Apr-2025 17:51:41 UTC] PHP Deprecated:  Required parameter $get_mcat follows optional parameter $criteria in /wordpress/wp-content/plugins/clickbank-storefront/xmldb.inc.php on line 355
[10-Apr-2025 17:51:41 UTC] PHP Deprecated:  Required parameter $get_scat follows optional parameter $criteria in /wordpress/wp-content/plugins/clickbank-storefront/xmldb.inc.php on line 355
[10-Apr-2025 17:51:41 UTC] PHP Deprecated:  Required parameter $review_url follows optional parameter $read_review in /wordpress/wp-content/plugins/clickbank-storefront/functions.inc.php on line 110
[10-Apr-2025 17:51:41 UTC] PHP Deprecated:  Required parameter $get_mcat follows optional parameter $criteria in /wordpress/wp-content/plugins/clickbank-storefront/functions.inc.php on line 412
[10-Apr-2025 17:51:41 UTC] PHP Deprecated:  Required parameter $get_scat follows optional parameter $criteria in /wordpress/wp-content/plugins/clickbank-storefront/functions.inc.php on line 412
[10-Apr-2025 17:51:41 UTC] PHP Deprecated:  Required parameter $show_title follows optional parameter $product_number in /wordpress/wp-content/plugins/clickbank-storefront/functions.inc.php on line 729
[10-Apr-2025 17:51:41 UTC] PHP Warning:  The magic method custom_menu_items::__wakeup() must have public visibility in /wordpress/wp-content/plugins/clickbank-storefront/cb_menu.inc.php on line 29
[10-Apr-2025 17:51:41 UTC] PHP Warning:  Undefined array key "cs_image_descr_layout" in /wordpress/wp-content/plugins/clickbank-storefront/clickbank-storefronts.php on line 384
[10-Apr-2025 17:51:41 UTC] PHP Fatal error:  Uncaught Error: Call to undefined function wp_validate_redirect() in /wordpress/wp-includes/http.php:655
Stack trace:
#0 /wordpress/wp-includes/class-wp-hook.php(326): allowed_http_request_hosts(false, 'cbproads.com')
#1 /wordpress/wp-includes/plugin.php(205): WP_Hook->apply_filters(false, Array)
#2 /wordpress/wp-includes/http.php(607): apply_filters('http_request_ho...', false, 'cbproads.com', 'https://cbproad...')
#3 /wordpress/wp-includes/class-wp-http.php(280): wp_http_validate_url('https://cbproad...')
#4 /wordpress/wp-includes/http.php(53): WP_Http->request('https://cbproad...', Array)
#5 /wordpress/wp-includes/class-wp-simplepie-file.php(69): wp_safe_remote_request('https://cbproad...', Array)
#6 [internal function]: WP_SimplePie_File->__construct('https://cbproad...', 10, 5, Array, 'SimplePie/1.8.0...', false, Array)
#7 /wordpress/wp-includes/SimplePie/src/Registry.php(228): ReflectionClass->newInstanceArgs(Array)
#8 /wordpress/wp-includes/SimplePie/src/SimplePie.php(1817): SimplePie\Registry->create('SimplePie\\File', Array)
#9 /wordpress/wp-includes/SimplePie/src/SimplePie.php(1589): SimplePie\SimplePie->fetch_data(Object(SimplePie\Cache\BaseDataCache))
#10 /wordpress/wp-includes/feed.php(844): SimplePie\SimplePie->init()
#11 /wordpress/wp-content/plugins/clickbank-storefront/xmldb.inc.php(937): fetch_feed('https://cbproad...')
#12 /wordpress/wp-content/plugins/clickbank-storefront/clickbank-storefronts.php(460): cs_get_categories(NULL)
#13 /wordpress/wp-settings.php(526): include_once('/wordpress/wp-c...')
#14 /wordpress/wp-config.php(102): require_once('/wordpress/wp-s...')
#15 /wordpress/wp-load.php(50): require_once('/wordpress/wp-c...')
#16 /internal/eval.php(3): require_once('/wordpress/wp-l...')
#17 {main}
  thrown in /wordpress/wp-includes/http.php on line 655
[10-Apr-2025 17:52:22 UTC] PHP Fatal error:  Uncaught ArgumentCountError: Too few arguments to function WP_Widget::__construct(), 0 passed in /wordpress/wp-includes/class-wp-widget-factory.php on line 62 and at least 2 expected in /wordpress/wp-includes/class-wp-widget.php:163
Stack trace:
#0 /wordpress/wp-includes/class-wp-widget-factory.php(62): WP_Widget->__construct()
#1 /wordpress/wp-includes/widgets.php(123): WP_Widget_Factory->register('ColourPressWidg...')
#2 /wordpress/wp-content/plugins/colourpress-colourlovers-widget/ColourPress.php(223): register_widget('ColourPressWidg...')
#3 /wordpress/wp-includes/class-wp-hook.php(324): ColourPressWidgetInit('')
#4 /wordpress/wp-includes/class-wp-hook.php(348): WP_Hook->apply_filters(NULL, Array)
#5 /wordpress/wp-includes/plugin.php(517): WP_Hook->do_action(Array)
#6 /wordpress/wp-includes/widgets.php(1870): do_action('widgets_init')
#7 /wordpress/wp-includes/class-wp-hook.php(324): wp_widgets_init('')
#8 /wordpress/wp-includes/class-wp-hook.php(348): WP_Hook->apply_filters(NULL, Array)
#9 /wordpress/wp-includes/plugin.php(517): WP_Hook->do_action(Array)
#10 /wordpress/wp-settings.php(704): do_action('init')
#11 /wordpress/wp-config.php(102): require_once('/wordpress/wp-s...')
#12 /wordpress/wp-load.php(50): require_once('/wordpress/wp-c...')
#13 /internal/eval.php(3): require_once('/wordpress/wp-l...')
#14 {main}
  thrown in /wordpress/wp-includes/class-wp-widget.php on line 163
[10-Apr-2025 17:52:32 UTC] PHP Fatal error:  Uncaught ArgumentCountError: Too few arguments to function WP_Widget::__construct(), 0 passed in /wordpress/wp-includes/class-wp-widget-factory.php on line 62 and at least 2 expected in /wordpress/wp-includes/class-wp-widget.php:163
Stack trace:
#0 /wordpress/wp-includes/class-wp-widget-factory.php(62): WP_Widget->__construct()
#1 /wordpress/wp-includes/widgets.php(123): WP_Widget_Factory->register('ColourPressWidg...')
#2 /wordpress/wp-content/plugins/colourpress-colourlovers-widget/ColourPress.php(223): register_widget('ColourPressWidg...')
#3 /wordpress/wp-includes/class-wp-hook.php(324): ColourPressWidgetInit('')
#4 /wordpress/wp-includes/class-wp-hook.php(348): WP_Hook->apply_filters(NULL, Array)
#5 /wordpress/wp-includes/plugin.php(517): WP_Hook->do_action(Array)
#6 /wordpress/wp-includes/widgets.php(1870): do_action('widgets_init')
#7 /wordpress/wp-includes/class-wp-hook.php(324): wp_widgets_init('')
#8 /wordpress/wp-includes/class-wp-hook.php(348): WP_Hook->apply_filters(NULL, Array)
#9 /wordpress/wp-includes/plugin.php(517): WP_Hook->do_action(Array)
#10 /wordpress/wp-settings.php(704): do_action('init')
#11 /wordpress/wp-config.php(102): require_once('/wordpress/wp-s...')
#12 /wordpress/wp-load.php(50): require_once('/wordpress/wp-c...')
#13 /internal/eval.php(3): require_once('/wordpress/wp-l...')
#14 {main}
  thrown in /wordpress/wp-includes/class-wp-widget.php on line 163
[10-Apr-2025 17:52:41 UTC] PHP Fatal error:  Uncaught ArgumentCountError: Too few arguments to function WP_Widget::__construct(), 0 passed in /wordpress/wp-includes/class-wp-widget-factory.php on line 62 and at least 2 expected in /wordpress/wp-includes/class-wp-widget.php:163
Stack trace:
#0 /wordpress/wp-includes/class-wp-widget-factory.php(62): WP_Widget->__construct()
#1 /wordpress/wp-includes/widgets.php(123): WP_Widget_Factory->register('ColourPressWidg...')
#2 /wordpress/wp-content/plugins/colourpress-colourlovers-widget/ColourPress.php(223): register_widget('ColourPressWidg...')
#3 /wordpress/wp-includes/class-wp-hook.php(324): ColourPressWidgetInit('')
#4 /wordpress/wp-includes/class-wp-hook.php(348): WP_Hook->apply_filters(NULL, Array)
#5 /wordpress/wp-includes/plugin.php(517): WP_Hook->do_action(Array)
#6 /wordpress/wp-includes/widgets.php(1870): do_action('widgets_init')
#7 /wordpress/wp-includes/class-wp-hook.php(324): wp_widgets_init('')
#8 /wordpress/wp-includes/class-wp-hook.php(348): WP_Hook->apply_filters(NULL, Array)
#9 /wordpress/wp-includes/plugin.php(517): WP_Hook->do_action(Array)
#10 /wordpress/wp-settings.php(704): do_action('init')
#11 /wordpress/wp-config.php(102): require_once('/wordpress/wp-s...')
#12 /wordpress/wp-load.php(50): require_once('/wordpress/wp-c...')
#13 /internal/eval.php(3): require_once('/wordpress/wp-l...')
#14 {main}
  thrown in /wordpress/wp-includes/class-wp-widget.php on line 163

    at Object.onBind (file:///home/runner/work/playground-tester/playground-tester/node_modules/@wp-playground/cli/cli.js:21:903)
    at process.processTicksAndRejections (node:internal/process/task_queues:105:5)
    at async Y (file:///home/runner/work/playground-tester/playground-tester/node_modules/@wp-playground/cli/cli.js:1:1159) {
  [cause]: Error: Error when executing the blueprint step #0 ({"step":"installPlugin","pluginData":{"resource":"wordpress.org/plugins","slug":"colourpress-colourlovers-widget"},"options":{"activate":true}}) : PHP.run() failed with exit code 255 and the following output: 
      at Object.run (file:///home/runner/work/playground-tester/playground-tester/node_modules/@wp-playground/blueprints/index.js:12407:32)
      at process.processTicksAndRejections (node:internal/process/task_queues:105:5)
      at async ns (file:///home/runner/work/playground-tester/playground-tester/node_modules/@wp-playground/blueprints/index.js:12508:3)
      at async Object.onBind (file:///home/runner/work/playground-tester/playground-tester/node_modules/@wp-playground/cli/cli.js:21:568)
      at async Y (file:///home/runner/work/playground-tester/playground-tester/node_modules/@wp-playground/cli/cli.js:1:1159) {
    [cause]: PHPExecutionFailureError: PHP.run() failed with exit code 255 and the following output: 
        at PHP.run (file:///home/runner/work/playground-tester/playground-tester/node_modules/@php-wasm/universal/index.js:984:19)
        at process.processTicksAndRejections (node:internal/process/task_queues:105:5)
        at async vr (file:///home/runner/work/playground-tester/playground-tester/node_modules/@wp-playground/blueprints/index.js:73:13)
        at async Object.ut [as installPlugin] (file:///home/runner/work/playground-tester/playground-tester/node_modules/@wp-playground/blueprints/index.js:1084:42)
        at async d (file:///home/runner/work/playground-tester/playground-tester/node_modules/@wp-playground/blueprints/index.js:12473:30)
        at async Object.run (file:///home/runner/work/playground-tester/playground-tester/node_modules/@wp-playground/blueprints/index.js:12404:23)
        at async ns (file:///home/runner/work/playground-tester/playground-tester/node_modules/@wp-playground/blueprints/index.js:12508:3)
        at async Object.onBind (file:///home/runner/work/playground-tester/playground-tester/node_modules/@wp-playground/cli/cli.js:21:568)
        at async Y (file:///home/runner/work/playground-tester/playground-tester/node_modules/@wp-playground/cli/cli.js:1:1159) {
      response: PHPResponse {
        httpStatusCode: 500,
        headers: {
          'x-powered-by': [ 'PHP/8.0.30-dev' ],
          'content-type': [ 'text/html; charset=UTF-8' ],
          expires: [ 'Wed, 11 Jan 1984 05:00:00 GMT' ],
          'cache-control': [ 'no-cache, must-revalidate, max-age=0' ]
        },
        bytes: Uint8Array(2653) [
           60,  33,  68,  79,  67,  84,  89,  80,  69,  32, 104, 116,
          109, 108,  62,  10,  60, 104, 116, 109, 108,  32, 108,  97,
          110, 103,  61,  34, 101, 110,  45,  85,  83,  34,  62,  10,
           60, 104, 101,  97, 100,  62,  10,   9,  60, 109, 101, 116,
           97,  32, 104, 116, 116, 112,  45, 101, 113, 117, 105, 118,
           61,  34,  67, 111, 110, 116, 101, 110, 116,  45,  84, 121,
          112, 101,  34,  32,  99, 111, 110, 116, 101, 110, 116,  61,
           34, 116, 101, 120, 116,  47, 104, 116, 109, 108,  59,  32,
           99, 104,  97, 114,
          ... 2553 more items
        ],
        exitCode: 255,
        errors: ''
      },
      source: 'request'
    }
  }
}

Node.js v23.11.0
