file:///home/runner/work/playground-tester/playground-tester/node_modules/@wp-playground/cli/index.js:237
        throw new Error(y, { cause: u });
              ^

Error: [25-Apr-2025 01:52:50 UTC] PHP Fatal error:  Uncaught TypeError: call_user_func_array(): Argument #1 ($callback) must be a valid callback, non-static method Jiw::activate() cannot be called statically in /wordpress/wp-includes/class-wp-hook.php:324
Stack trace:
#0 /wordpress/wp-includes/class-wp-hook.php(348): WP_Hook->apply_filters('', Array)
#1 /wordpress/wp-includes/plugin.php(517): WP_Hook->do_action(Array)
#2 /wordpress/wp-admin/includes/plugin.php(703): do_action('activate_joget-...', false)
#3 /internal/eval.php(20): activate_plugin('joget-inbox-wid...')
#4 {main}
  thrown in /wordpress/wp-includes/class-wp-hook.php on line 324
[25-Apr-2025 01:52:58 UTC] PHP Fatal error:  Uncaught TypeError: call_user_func_array(): Argument #1 ($callback) must be a valid callback, non-static method Jiw::activate() cannot be called statically in /wordpress/wp-includes/class-wp-hook.php:324
Stack trace:
#0 /wordpress/wp-includes/class-wp-hook.php(348): WP_Hook->apply_filters('', Array)
#1 /wordpress/wp-includes/plugin.php(517): WP_Hook->do_action(Array)
#2 /wordpress/wp-admin/includes/plugin.php(703): do_action('activate_joget-...', false)
#3 /internal/eval.php(20): activate_plugin('joget-inbox-wid...')
#4 {main}
  thrown in /wordpress/wp-includes/class-wp-hook.php on line 324
[25-Apr-2025 01:53:06 UTC] PHP Fatal error:  Uncaught TypeError: call_user_func_array(): Argument #1 ($callback) must be a valid callback, non-static method Jiw::activate() cannot be called statically in /wordpress/wp-includes/class-wp-hook.php:324
Stack trace:
#0 /wordpress/wp-includes/class-wp-hook.php(348): WP_Hook->apply_filters('', Array)
#1 /wordpress/wp-includes/plugin.php(517): WP_Hook->do_action(Array)
#2 /wordpress/wp-admin/includes/plugin.php(703): do_action('activate_joget-...', false)
#3 /internal/eval.php(20): activate_plugin('joget-inbox-wid...')
#4 {main}
  thrown in /wordpress/wp-includes/class-wp-hook.php on line 324
[25-Apr-2025 01:54:35 UTC] PHP Deprecated:  Function get_settings is <strong>deprecated</strong> since version 2.1.0! Use get_option() instead. in /wordpress/wp-includes/functions.php on line 6121
[25-Apr-2025 01:54:36 UTC] PHP Deprecated:  Function get_settings is <strong>deprecated</strong> since version 2.1.0! Use get_option() instead. in /wordpress/wp-includes/functions.php on line 6121
[25-Apr-2025 01:54:44 UTC] PHP Deprecated:  Function get_settings is <strong>deprecated</strong> since version 2.1.0! Use get_option() instead. in /wordpress/wp-includes/functions.php on line 6121
[25-Apr-2025 01:54:45 UTC] PHP Deprecated:  Function get_settings is <strong>deprecated</strong> since version 2.1.0! Use get_option() instead. in /wordpress/wp-includes/functions.php on line 6121
[25-Apr-2025 01:54:52 UTC] PHP Deprecated:  Function get_settings is <strong>deprecated</strong> since version 2.1.0! Use get_option() instead. in /wordpress/wp-includes/functions.php on line 6121
[25-Apr-2025 01:54:53 UTC] PHP Deprecated:  Function get_settings is <strong>deprecated</strong> since version 2.1.0! Use get_option() instead. in /wordpress/wp-includes/functions.php on line 6121
[25-Apr-2025 01:55:01 UTC] WordPress database error <div style="clear:both">&nbsp;</div>
<div class="queries" style="clear:both;margin-bottom:2px;border:red dotted thin;">
<p>MySQL query:</p>
<p>SELECT jeval FROM wp_je_editable WHERE jekey = 'je_table'</p>
<p>Queries made or created this session were:</p>
<ol>
<li>Executing: BEGIN | (no parameters)</li>
<li>Executing: SELECT `jeval` FROM `wp_je_editable` WHERE `jekey` = 'je_table' | (no parameters)</li>
<li>Executing: ROLLBACK | (no parameters)</li>
</ol>
</div>
<div style="clear:both;margin-bottom:2px;border:red dotted thin;" class="error_message" style="border-bottom:dotted blue thin;">
SQLSTATE[HY000]: General error: 1 no such table: wp_je_editable
</div>
<p>Backtrace:</p>
<pre>#0 /internal/shared/sqlite-database-integration/wp-includes/sqlite-ast/class-wp-sqlite-driver.php(690): WP_SQLite_Driver->new_driver_exception('SQLSTATE[HY000]...', 0, Object(PDOException))
#1 /internal/shared/sqlite-database-integration/wp-includes/sqlite/class-wp-sqlite-db.php(472): WP_SQLite_Driver->query('SELECT jeval FR...')
#2 /internal/shared/sqlite-database-integration/wp-includes/sqlite/class-wp-sqlite-db.php(413): WP_SQLite_DB->_do_query('SELECT jeval FR...')
#3 /wordpress/wp-includes/class-wpdb.php(3031): WP_SQLite_DB->query('SELECT jeval FR...')
#4 /wordpress/wp-content/plugins/je-editable/je_editable.php(169): wpdb->get_var('SELECT jeval FR...')
#5 /wordpress/wp-content/plugins/je-editable/je_editable.php(56): is_db_exists('je_table')
#6 /wordpress/wp-admin/includes/plugin.php(2387): include_once('/wordpress/wp-c...')
#7 /wordpress/wp-admin/includes/plugin.php(673): plugin_sandbox_scrape('je-editable/je_...')
#8 /internal/eval.php(20): activate_plugin('je-editable/je_...')
#9 {main}</pre>
 for query SELECT jeval FROM wp_je_editable WHERE jekey = 'je_table' made by activate_plugin, plugin_sandbox_scrape, include_once('/plugins/je-editable/je_editable.php'), is_db_exists, WP_SQLite_DB->query, WP_SQLite_DB->print_error
[25-Apr-2025 01:55:10 UTC] WordPress database error <div style="clear:both">&nbsp;</div>
<div class="queries" style="clear:both;margin-bottom:2px;border:red dotted thin;">
<p>MySQL query:</p>
<p>SELECT jeval FROM wp_je_editable WHERE jekey = 'je_table'</p>
<p>Queries made or created this session were:</p>
<ol>
<li>Executing: BEGIN | (no parameters)</li>
<li>Executing: SELECT jeval FROM wp_je_editable WHERE jekey = :param0  | parameters: je_table</li>
<li>Executing: ROLLBACK | (no parameters)</li>
</ol>
</div>
<div style="clear:both;margin-bottom:2px;border:red dotted thin;" class="error_message" style="border-bottom:dotted blue thin;">
Error occurred at line 4117 in Function <code>handle_error</code>. Error message was: SQLSTATE[HY000]: General error: 1 no such table: wp_je_editable.
</div>
<p>Backtrace:</p>
<pre>#0 /internal/shared/sqlite-database-integration/wp-includes/sqlite/class-wp-sqlite-db.php(287): WP_SQLite_Translator->get_error_message()
#1 /wordpress/wp-includes/class-wpdb.php(3031): WP_SQLite_DB->query('SELECT jeval FR...')
#2 /wordpress/wp-content/plugins/je-editable/je_editable.php(169): wpdb->get_var('SELECT jeval FR...')
#3 /wordpress/wp-content/plugins/je-editable/je_editable.php(56): is_db_exists('je_table')
#4 /wordpress/wp-admin/includes/plugin.php(2387): include_once('/wordpress/wp-c...')
#5 /wordpress/wp-admin/includes/plugin.php(673): plugin_sandbox_scrape('je-editable/je_...')
#6 /internal/eval.php(20): activate_plugin('je-editable/je_...')
#7 {main}</pre>
 for query SELECT jeval FROM wp_je_editable WHERE jekey = 'je_table' made by activate_plugin, plugin_sandbox_scrape, include_once('/plugins/je-editable/je_editable.php'), is_db_exists, WP_SQLite_DB->query, WP_SQLite_DB->print_error
[25-Apr-2025 01:55:19 UTC] WordPress database error <div style="clear:both">&nbsp;</div>
<div class="queries" style="clear:both;margin-bottom:2px;border:red dotted thin;">
<p>MySQL query:</p>
<p>SELECT jeval FROM wp_je_editable WHERE jekey = 'je_table'</p>
<p>Queries made or created this session were:</p>
<ol>
<li>Executing: BEGIN | (no parameters)</li>
<li>Executing: SELECT jeval FROM wp_je_editable WHERE jekey = :param0  | parameters: je_table</li>
<li>Executing: ROLLBACK | (no parameters)</li>
</ol>
</div>
<div style="clear:both;margin-bottom:2px;border:red dotted thin;" class="error_message" style="border-bottom:dotted blue thin;">
Error occurred at line 4117 in Function <code>handle_error</code>. Error message was: SQLSTATE[HY000]: General error: 1 no such table: wp_je_editable.
</div>
<p>Backtrace:</p>
<pre>#0 /internal/shared/sqlite-database-integration/wp-includes/sqlite/class-wp-sqlite-db.php(287): WP_SQLite_Translator->get_error_message()
#1 /wordpress/wp-includes/class-wpdb.php(3031): WP_SQLite_DB->query('SELECT jeval FR...')
#2 /wordpress/wp-content/plugins/je-editable/je_editable.php(169): wpdb->get_var('SELECT jeval FR...')
#3 /wordpress/wp-content/plugins/je-editable/je_editable.php(56): is_db_exists('je_table')
#4 /wordpress/wp-admin/includes/plugin.php(2387): include_once('/wordpress/wp-c...')
#5 /wordpress/wp-admin/includes/plugin.php(673): plugin_sandbox_scrape('je-editable/je_...')
#6 /internal/eval.php(20): activate_plugin('je-editable/je_...')
#7 {main}</pre>
 for query SELECT jeval FROM wp_je_editable WHERE jekey = 'je_table' made by activate_plugin, plugin_sandbox_scrape, include_once('/plugins/je-editable/je_editable.php'), is_db_exists, WP_SQLite_DB->query, WP_SQLite_DB->print_error
[25-Apr-2025 01:55:29 UTC] PHP Parse error:  syntax error, unexpected token "&", expecting ")" in /wordpress/wp-content/plugins/jet-group-could/j-rnd-groups.php on line 37
[25-Apr-2025 01:55:36 UTC] PHP Parse error:  syntax error, unexpected token "&", expecting ")" in /wordpress/wp-content/plugins/jet-group-could/j-rnd-groups.php on line 37
[25-Apr-2025 01:55:44 UTC] PHP Parse error:  syntax error, unexpected token "&", expecting ")" in /wordpress/wp-content/plugins/jet-group-could/j-rnd-groups.php on line 37
[25-Apr-2025 01:57:36 UTC] PHP Deprecated:  Required parameter $name follows optional parameter $type in /wordpress/wp-content/plugins/jpd2/jpd2.php on line 42
[25-Apr-2025 01:57:37 UTC] PHP Deprecated:  Required parameter $name follows optional parameter $type in /wordpress/wp-content/plugins/jpd2/jpd2.php on line 42
[25-Apr-2025 01:57:43 UTC] PHP Deprecated:  Required parameter $name follows optional parameter $type in /wordpress/wp-content/plugins/jpd2/jpd2.php on line 42
[25-Apr-2025 01:57:44 UTC] PHP Deprecated:  Required parameter $name follows optional parameter $type in /wordpress/wp-content/plugins/jpd2/jpd2.php on line 42
[25-Apr-2025 01:57:52 UTC] PHP Deprecated:  Required parameter $name follows optional parameter $type in /wordpress/wp-content/plugins/jpd2/jpd2.php on line 42
[25-Apr-2025 01:57:54 UTC] PHP Deprecated:  Required parameter $name follows optional parameter $type in /wordpress/wp-content/plugins/jpd2/jpd2.php on line 42
[25-Apr-2025 01:58:03 UTC] PHP Deprecated:  Function register_sidebar_widget is <strong>deprecated</strong> since version 2.8.0! Use wp_register_sidebar_widget() instead. in /wordpress/wp-includes/functions.php on line 6121
[25-Apr-2025 01:58:03 UTC] PHP Deprecated:  Function register_widget_control is <strong>deprecated</strong> since version 2.8.0! Use wp_register_widget_control() instead. in /wordpress/wp-includes/functions.php on line 6121
[25-Apr-2025 01:58:12 UTC] PHP Deprecated:  Function register_sidebar_widget is <strong>deprecated</strong> since version 2.8.0! Use wp_register_sidebar_widget() instead. in /wordpress/wp-includes/functions.php on line 6121
[25-Apr-2025 01:58:12 UTC] PHP Deprecated:  Function register_widget_control is <strong>deprecated</strong> since version 2.8.0! Use wp_register_widget_control() instead. in /wordpress/wp-includes/functions.php on line 6121
[25-Apr-2025 01:58:20 UTC] PHP Deprecated:  Function register_sidebar_widget is <strong>deprecated</strong> since version 2.8.0! Use wp_register_sidebar_widget() instead. in /wordpress/wp-includes/functions.php on line 6121
[25-Apr-2025 01:58:20 UTC] PHP Deprecated:  Function register_widget_control is <strong>deprecated</strong> since version 2.8.0! Use wp_register_widget_control() instead. in /wordpress/wp-includes/functions.php on line 6121
[25-Apr-2025 01:58:55 UTC] PHP Fatal error:  Uncaught Error: Non-static method JfcPlugin::init() cannot be called statically in /wordpress/wp-content/plugins/jquery-featured-content-gallery/jfc.php:264
Stack trace:
#0 /wordpress/wp-admin/includes/plugin.php(2387): include_once()
#1 /wordpress/wp-admin/includes/plugin.php(673): plugin_sandbox_scrape('jquery-featured...')
#2 /internal/eval.php(20): activate_plugin('jquery-featured...')
#3 {main}
  thrown in /wordpress/wp-content/plugins/jquery-featured-content-gallery/jfc.php on line 264
[25-Apr-2025 01:59:03 UTC] PHP Fatal error:  Uncaught Error: Non-static method JfcPlugin::init() cannot be called statically in /wordpress/wp-content/plugins/jquery-featured-content-gallery/jfc.php:264
Stack trace:
#0 /wordpress/wp-admin/includes/plugin.php(2387): include_once()
#1 /wordpress/wp-admin/includes/plugin.php(673): plugin_sandbox_scrape('jquery-featured...')
#2 /internal/eval.php(20): activate_plugin('jquery-featured...')
#3 {main}
  thrown in /wordpress/wp-content/plugins/jquery-featured-content-gallery/jfc.php on line 264
[25-Apr-2025 01:59:11 UTC] PHP Fatal error:  Uncaught Error: Non-static method JfcPlugin::init() cannot be called statically in /wordpress/wp-content/plugins/jquery-featured-content-gallery/jfc.php:264
Stack trace:
#0 /wordpress/wp-admin/includes/plugin.php(2387): include_once()
#1 /wordpress/wp-admin/includes/plugin.php(673): plugin_sandbox_scrape('jquery-featured...')
#2 /internal/eval.php(20): activate_plugin('jquery-featured...')
#3 {main}
  thrown in /wordpress/wp-content/plugins/jquery-featured-content-gallery/jfc.php on line 264

    at Object.onBind (file:///home/runner/work/playground-tester/playground-tester/node_modules/@wp-playground/cli/index.js:237:15)
    at process.processTicksAndRejections (node:internal/process/task_queues:105:5)
    at async V (file:///home/runner/work/playground-tester/playground-tester/node_modules/@wp-playground/cli/index.js:64:10)
    at async ja (file:///home/runner/work/playground-tester/playground-tester/node_modules/@wp-playground/cli/cli.js:8161:12) {
  [cause]: Error: Error when executing the blueprint step #1 ({"step":"installPlugin","pluginData":{"resource":"wordpress.org/plugins","slug":"jquery-featured-content-gallery"},"options":{"activate":true}}) : PHP.run() failed with exit code 255 and the following output: 
      at Object.run (file:///home/runner/work/playground-tester/playground-tester/node_modules/@wp-playground/blueprints/index.js:12449:19)
      at process.processTicksAndRejections (node:internal/process/task_queues:105:5)
      at async ms (file:///home/runner/work/playground-tester/playground-tester/node_modules/@wp-playground/blueprints/index.js:12552:3)
      ... 2 lines matching cause stack trace ...
      at async ja (file:///home/runner/work/playground-tester/playground-tester/node_modules/@wp-playground/cli/cli.js:8161:12) {
    [cause]: PHPExecutionFailureError: PHP.run() failed with exit code 255 and the following output: 
        at PHP.run (file:///home/runner/work/playground-tester/playground-tester/node_modules/@php-wasm/universal/index.js:987:19)
        at process.processTicksAndRejections (node:internal/process/task_queues:105:5)
        at async wr (file:///home/runner/work/playground-tester/playground-tester/node_modules/@wp-playground/blueprints/index.js:33:39)
        at async Object.gt [as installPlugin] (file:///home/runner/work/playground-tester/playground-tester/node_modules/@wp-playground/blueprints/index.js:974:42)
        at async g (file:///home/runner/work/playground-tester/playground-tester/node_modules/@wp-playground/blueprints/index.js:12517:30)
        at async Object.run (file:///home/runner/work/playground-tester/playground-tester/node_modules/@wp-playground/blueprints/index.js:12446:23)
        at async ms (file:///home/runner/work/playground-tester/playground-tester/node_modules/@wp-playground/blueprints/index.js:12552:3)
        at async Object.onBind (file:///home/runner/work/playground-tester/playground-tester/node_modules/@wp-playground/cli/index.js:227:48)
        at async V (file:///home/runner/work/playground-tester/playground-tester/node_modules/@wp-playground/cli/index.js:64:10)
        at async ja (file:///home/runner/work/playground-tester/playground-tester/node_modules/@wp-playground/cli/cli.js:8161:12) {
      response: PHPResponse {
        httpStatusCode: 500,
        headers: {
          'x-powered-by': [ 'PHP/8.0.30-dev' ],
          'content-type': [ 'text/html; charset=UTF-8' ]
        },
        bytes: Uint8Array(0) [],
        exitCode: 255,
        errors: ''
      },
      source: 'request'
    }
  }
}

Node.js v23.11.0
