file:///home/runner/work/playground-tester/playground-tester/node_modules/@wp-playground/cli/index.js:237
        throw new Error(y, { cause: u });
              ^

Error: [05-May-2025 13:13:08 UTC] WordPress database error <div style="clear:both">&nbsp;</div>
<div class="queries" style="clear:both;margin-bottom:2px;border:red dotted thin;">
<p>MySQL query:</p>
<p>select * from 'wp_dms_custom_fields'</p>
<p>Queries made or created this session were:</p>
<ol>
</ol>
</div>
<div style="clear:both;margin-bottom:2px;border:red dotted thin;" class="error_message" style="border-bottom:dotted blue thin;">
Failed to parse the MySQL query.
</div>
<p>Backtrace:</p>
<pre>#0 /internal/shared/sqlite-database-integration/wp-includes/sqlite-ast/class-wp-sqlite-driver.php(606): WP_SQLite_Driver->new_driver_exception('Failed to parse...')
#1 /internal/shared/sqlite-database-integration/wp-includes/sqlite/class-wp-sqlite-db.php(491): WP_SQLite_Driver->query('select * from '...')
#2 /internal/shared/sqlite-database-integration/wp-includes/sqlite/class-wp-sqlite-db.php(432): WP_SQLite_DB->_do_query('select * from '...')
#3 /wordpress/wp-includes/class-wpdb.php(3065): WP_SQLite_DB->query('select * from '...')
#4 /wordpress/wp-content/plugins/verticalresponse-marketing-suite/classes/class-dms-activator.php(127): wpdb->get_row('select * from '...')
#5 /wordpress/wp-content/plugins/verticalresponse-marketing-suite/verticalresponse-marketing-suite.php(31): VerticalResponse_Marketing_Suite_Activator::activate()
#6 /wordpress/wp-includes/class-wp-hook.php(324): activate_verticalresponse_ms(false)
#7 /wordpress/wp-includes/class-wp-hook.php(348): WP_Hook->apply_filters('', Array)
#8 /wordpress/wp-includes/plugin.php(517): WP_Hook->do_action(Array)
#9 /wordpress/wp-admin/includes/plugin.php(703): do_action('activate_vertic...', false)
#10 /internal/eval.php(20): activate_plugin('verticalrespons...')
#11 {main}</pre>
 for query select * from 'wp_dms_custom_fields' made by activate_plugin, do_action('activate_verticalresponse-marketing-suite/verticalresponse-marketing-suite.php'), WP_Hook->do_action, WP_Hook->apply_filters, activate_verticalresponse_ms, VerticalResponse_Marketing_Suite_Activator::activate, WP_SQLite_DB->query, WP_SQLite_DB->print_error
[05-May-2025 13:13:18 UTC] WordPress database error <div style="clear:both">&nbsp;</div>
<div class="queries" style="clear:both;margin-bottom:2px;border:red dotted thin;">
<p>MySQL query:</p>
<p>select * from 'wp_dms_custom_fields'</p>
<p>Queries made or created this session were:</p>
<ol>
<li>Executing: BEGIN | (no parameters)</li>
<li>Executing: select * from :param0  | parameters: wp_dms_custom_fields</li>
<li>Executing: ROLLBACK | (no parameters)</li>
</ol>
</div>
<div style="clear:both;margin-bottom:2px;border:red dotted thin;" class="error_message" style="border-bottom:dotted blue thin;">
Error occurred at line 4117 in Function <code>handle_error</code>. Error message was: SQLSTATE[HY000]: General error: 1 near ":param0": syntax error.
</div>
<p>Backtrace:</p>
<pre>#0 /internal/shared/sqlite-database-integration/wp-includes/sqlite/class-wp-sqlite-db.php(287): WP_SQLite_Translator->get_error_message()
#1 /wordpress/wp-includes/class-wpdb.php(3065): WP_SQLite_DB->query('select * from '...')
#2 /wordpress/wp-content/plugins/verticalresponse-marketing-suite/classes/class-dms-activator.php(127): wpdb->get_row('select * from '...')
#3 /wordpress/wp-content/plugins/verticalresponse-marketing-suite/verticalresponse-marketing-suite.php(31): VerticalResponse_Marketing_Suite_Activator::activate()
#4 /wordpress/wp-includes/class-wp-hook.php(324): activate_verticalresponse_ms(false)
#5 /wordpress/wp-includes/class-wp-hook.php(348): WP_Hook->apply_filters('', Array)
#6 /wordpress/wp-includes/plugin.php(517): WP_Hook->do_action(Array)
#7 /wordpress/wp-admin/includes/plugin.php(703): do_action('activate_vertic...', false)
#8 /internal/eval.php(20): activate_plugin('verticalrespons...')
#9 {main}</pre>
 for query select * from 'wp_dms_custom_fields' made by activate_plugin, do_action('activate_verticalresponse-marketing-suite/verticalresponse-marketing-suite.php'), WP_Hook->do_action, WP_Hook->apply_filters, activate_verticalresponse_ms, VerticalResponse_Marketing_Suite_Activator::activate, WP_SQLite_DB->query, WP_SQLite_DB->print_error
[05-May-2025 13:13:27 UTC] WordPress database error <div style="clear:both">&nbsp;</div>
<div class="queries" style="clear:both;margin-bottom:2px;border:red dotted thin;">
<p>MySQL query:</p>
<p>select * from 'wp_dms_custom_fields'</p>
<p>Queries made or created this session were:</p>
<ol>
<li>Executing: BEGIN | (no parameters)</li>
<li>Executing: select * from :param0  | parameters: wp_dms_custom_fields</li>
<li>Executing: ROLLBACK | (no parameters)</li>
</ol>
</div>
<div style="clear:both;margin-bottom:2px;border:red dotted thin;" class="error_message" style="border-bottom:dotted blue thin;">
Error occurred at line 4117 in Function <code>handle_error</code>. Error message was: SQLSTATE[HY000]: General error: 1 near ":param0": syntax error.
</div>
<p>Backtrace:</p>
<pre>#0 /internal/shared/sqlite-database-integration/wp-includes/sqlite/class-wp-sqlite-db.php(287): WP_SQLite_Translator->get_error_message()
#1 /wordpress/wp-includes/class-wpdb.php(3065): WP_SQLite_DB->query('select * from '...')
#2 /wordpress/wp-content/plugins/verticalresponse-marketing-suite/classes/class-dms-activator.php(127): wpdb->get_row('select * from '...')
#3 /wordpress/wp-content/plugins/verticalresponse-marketing-suite/verticalresponse-marketing-suite.php(31): VerticalResponse_Marketing_Suite_Activator::activate()
#4 /wordpress/wp-includes/class-wp-hook.php(324): activate_verticalresponse_ms(false)
#5 /wordpress/wp-includes/class-wp-hook.php(348): WP_Hook->apply_filters('', Array)
#6 /wordpress/wp-includes/plugin.php(517): WP_Hook->do_action(Array)
#7 /wordpress/wp-admin/includes/plugin.php(703): do_action('activate_vertic...', false)
#8 /internal/eval.php(20): activate_plugin('verticalrespons...')
#9 {main}</pre>
 for query select * from 'wp_dms_custom_fields' made by activate_plugin, do_action('activate_verticalresponse-marketing-suite/verticalresponse-marketing-suite.php'), WP_Hook->do_action, WP_Hook->apply_filters, activate_verticalresponse_ms, VerticalResponse_Marketing_Suite_Activator::activate, WP_SQLite_DB->query, WP_SQLite_DB->print_error
[05-May-2025 13:13:56 UTC] PHP Fatal error:  Uncaught DivisionByZeroError: Division by zero in /wordpress/wp-content/plugins/very-fast-loading/very-fast-loading.php:125
Stack trace:
#0 [internal function]: veryfastloading_ob('', 11)
#1 /wordpress/wp-admin/includes/plugin.php(738): ob_end_clean()
#2 /internal/eval.php(20): activate_plugin('very-fast-loadi...')
#3 {main}
  thrown in /wordpress/wp-content/plugins/very-fast-loading/very-fast-loading.php on line 125
[05-May-2025 13:14:03 UTC] PHP Fatal error:  Uncaught DivisionByZeroError: Division by zero in /wordpress/wp-content/plugins/very-fast-loading/very-fast-loading.php:125
Stack trace:
#0 [internal function]: veryfastloading_ob('', 11)
#1 /wordpress/wp-admin/includes/plugin.php(738): ob_end_clean()
#2 /internal/eval.php(20): activate_plugin('very-fast-loadi...')
#3 {main}
  thrown in /wordpress/wp-content/plugins/very-fast-loading/very-fast-loading.php on line 125
[05-May-2025 13:14:11 UTC] PHP Fatal error:  Uncaught DivisionByZeroError: Division by zero in /wordpress/wp-content/plugins/very-fast-loading/very-fast-loading.php:125
Stack trace:
#0 [internal function]: veryfastloading_ob('', 11)
#1 /wordpress/wp-admin/includes/plugin.php(738): ob_end_clean()
#2 /internal/eval.php(20): activate_plugin('very-fast-loadi...')
#3 {main}
  thrown in /wordpress/wp-content/plugins/very-fast-loading/very-fast-loading.php on line 125
[05-May-2025 13:14:47 UTC] PHP Warning:  Undefined array key "HTTP_USER_AGENT" in /wordpress/wp-content/plugins/very-simple-splash-page/includes/splash-page.php on line 139
[05-May-2025 13:14:56 UTC] PHP Warning:  Undefined array key "HTTP_USER_AGENT" in /wordpress/wp-content/plugins/very-simple-splash-page/includes/splash-page.php on line 139
[05-May-2025 13:15:05 UTC] PHP Warning:  Undefined array key "HTTP_USER_AGENT" in /wordpress/wp-content/plugins/very-simple-splash-page/includes/splash-page.php on line 139
[05-May-2025 13:15:40 UTC] PHP Deprecated:  Required parameter $bp_email follows optional parameter $content in /wordpress/wp-content/plugins/vibe-buddypress-to-wp-mail-fix/loader.php on line 100
[05-May-2025 13:15:41 UTC] PHP Deprecated:  Required parameter $bp_email follows optional parameter $content in /wordpress/wp-content/plugins/vibe-buddypress-to-wp-mail-fix/loader.php on line 100
[05-May-2025 13:15:49 UTC] PHP Deprecated:  Required parameter $bp_email follows optional parameter $content in /wordpress/wp-content/plugins/vibe-buddypress-to-wp-mail-fix/loader.php on line 100
[05-May-2025 13:15:50 UTC] PHP Deprecated:  Required parameter $bp_email follows optional parameter $content in /wordpress/wp-content/plugins/vibe-buddypress-to-wp-mail-fix/loader.php on line 100
[05-May-2025 13:15:58 UTC] PHP Deprecated:  Required parameter $bp_email follows optional parameter $content in /wordpress/wp-content/plugins/vibe-buddypress-to-wp-mail-fix/loader.php on line 100
[05-May-2025 13:15:59 UTC] PHP Deprecated:  Required parameter $bp_email follows optional parameter $content in /wordpress/wp-content/plugins/vibe-buddypress-to-wp-mail-fix/loader.php on line 100
[05-May-2025 13:16:35 UTC] PHP Warning:  Undefined array key "REMOTE_ADDR" in /wordpress/wp-content/plugins/ve-geo-redirect/ve-geo-redirect.php on line 104
[05-May-2025 13:16:35 UTC] PHP Warning:  Trying to access array offset on value of type bool in /wordpress/wp-content/plugins/ve-geo-redirect/ve-geo-redirect.php on line 106
[05-May-2025 13:16:44 UTC] PHP Warning:  Undefined array key "REMOTE_ADDR" in /wordpress/wp-content/plugins/ve-geo-redirect/ve-geo-redirect.php on line 104
[05-May-2025 13:16:44 UTC] PHP Warning:  Trying to access array offset on value of type bool in /wordpress/wp-content/plugins/ve-geo-redirect/ve-geo-redirect.php on line 106
[05-May-2025 13:16:53 UTC] PHP Warning:  Undefined array key "REMOTE_ADDR" in /wordpress/wp-content/plugins/ve-geo-redirect/ve-geo-redirect.php on line 104
[05-May-2025 13:16:53 UTC] PHP Warning:  Trying to access array offset on value of type bool in /wordpress/wp-content/plugins/ve-geo-redirect/ve-geo-redirect.php on line 106
[05-May-2025 13:17:28 UTC] PHP Fatal error:  Uncaught TypeError: call_user_func_array(): Argument #1 ($callback) must be a valid callback, non-static method VePlatform::veplatform_plugin_activation() cannot be called statically in /wordpress/wp-includes/class-wp-hook.php:324
Stack trace:
#0 /wordpress/wp-includes/class-wp-hook.php(348): WP_Hook->apply_filters('', Array)
#1 /wordpress/wp-includes/plugin.php(517): WP_Hook->do_action(Array)
#2 /wordpress/wp-admin/includes/plugin.php(703): do_action('activate_veplat...', false)
#3 /internal/eval.php(20): activate_plugin('veplatform-for-...')
#4 {main}
  thrown in /wordpress/wp-includes/class-wp-hook.php on line 324
[05-May-2025 13:17:36 UTC] PHP Fatal error:  Uncaught TypeError: call_user_func_array(): Argument #1 ($callback) must be a valid callback, non-static method VePlatform::veplatform_plugin_activation() cannot be called statically in /wordpress/wp-includes/class-wp-hook.php:324
Stack trace:
#0 /wordpress/wp-includes/class-wp-hook.php(348): WP_Hook->apply_filters('', Array)
#1 /wordpress/wp-includes/plugin.php(517): WP_Hook->do_action(Array)
#2 /wordpress/wp-admin/includes/plugin.php(703): do_action('activate_veplat...', false)
#3 /internal/eval.php(20): activate_plugin('veplatform-for-...')
#4 {main}
  thrown in /wordpress/wp-includes/class-wp-hook.php on line 324
[05-May-2025 13:17:44 UTC] PHP Fatal error:  Uncaught TypeError: call_user_func_array(): Argument #1 ($callback) must be a valid callback, non-static method VePlatform::veplatform_plugin_activation() cannot be called statically in /wordpress/wp-includes/class-wp-hook.php:324
Stack trace:
#0 /wordpress/wp-includes/class-wp-hook.php(348): WP_Hook->apply_filters('', Array)
#1 /wordpress/wp-includes/plugin.php(517): WP_Hook->do_action(Array)
#2 /wordpress/wp-admin/includes/plugin.php(703): do_action('activate_veplat...', false)
#3 /internal/eval.php(20): activate_plugin('veplatform-for-...')
#4 {main}
  thrown in /wordpress/wp-includes/class-wp-hook.php on line 324

    at Object.onBind (file:///home/runner/work/playground-tester/playground-tester/node_modules/@wp-playground/cli/index.js:237:15)
    at process.processTicksAndRejections (node:internal/process/task_queues:105:5)
    at async V (file:///home/runner/work/playground-tester/playground-tester/node_modules/@wp-playground/cli/index.js:64:10)
    at async ja (file:///home/runner/work/playground-tester/playground-tester/node_modules/@wp-playground/cli/cli.js:8161:12) {
  [cause]: Error: Error when executing the blueprint step #5 ({"step":"installPlugin","pluginData":{"resource":"wordpress.org/plugins","slug":"video-imager"},"options":{"activate":true}}) : Could not download "https://downloads.wordpress.org/plugin/video-imager.latest-stable.zip".
  				Check if the URL is correct and the server is reachable.
  				If it is reachable, the server might be blocking the request.
  				Check the browser console and network tabs for more information.
  
  				## Does the console show the error "No 'Access-Control-Allow-Origin' header"?
  
  				This means the server that hosts your file does not allow requests from other sites
  				(cross-origin requests, or CORS).	You need to move the asset to a server that allows
  				cross-origin file downloads. Learn more about CORS at
  				https://developer.mozilla.org/en-US/docs/Web/HTTP/CORS.
  
  				If your file is on GitHub, load it from "raw.githubusercontent.com".
  				Here's how to do that:
  
  				1. Start with the original GitHub URL of the file. For example:
  				https://github.com/username/repository/blob/branch/filename.
  				2. Replace "github.com" with "raw.githubusercontent.com".
  				3. Remove the "/blob/" part of the URL.
  
  				The resulting URL should look like this:
  				https://raw.githubusercontent.com/username/repository/branch/filename
  
  				Error:
  				Error: Could not download "https://downloads.wordpress.org/plugin/video-imager.latest-stable.zip"
      at Object.run (file:///home/runner/work/playground-tester/playground-tester/node_modules/@wp-playground/blueprints/index.js:12449:19)
      at process.processTicksAndRejections (node:internal/process/task_queues:105:5)
      at async ms (file:///home/runner/work/playground-tester/playground-tester/node_modules/@wp-playground/blueprints/index.js:12552:3)
      at async Object.onBind (file:///home/runner/work/playground-tester/playground-tester/node_modules/@wp-playground/cli/index.js:227:48)
      at async V (file:///home/runner/work/playground-tester/playground-tester/node_modules/@wp-playground/cli/index.js:64:10)
      at async ja (file:///home/runner/work/playground-tester/playground-tester/node_modules/@wp-playground/cli/cli.js:8161:12) {
    [cause]: Error: Could not download "https://downloads.wordpress.org/plugin/video-imager.latest-stable.zip".
    				Check if the URL is correct and the server is reachable.
    				If it is reachable, the server might be blocking the request.
    				Check the browser console and network tabs for more information.
    
    				## Does the console show the error "No 'Access-Control-Allow-Origin' header"?
    
    				This means the server that hosts your file does not allow requests from other sites
    				(cross-origin requests, or CORS).	You need to move the asset to a server that allows
    				cross-origin file downloads. Learn more about CORS at
    				https://developer.mozilla.org/en-US/docs/Web/HTTP/CORS.
    
    				If your file is on GitHub, load it from "raw.githubusercontent.com".
    				Here's how to do that:
    
    				1. Start with the original GitHub URL of the file. For example:
    				https://github.com/username/repository/blob/branch/filename.
    				2. Replace "github.com" with "raw.githubusercontent.com".
    				3. Remove the "/blob/" part of the URL.
    
    				The resulting URL should look like this:
    				https://raw.githubusercontent.com/username/repository/branch/filename
    
    				Error:
    				Error: Could not download "https://downloads.wordpress.org/plugin/video-imager.latest-stable.zip"
        at Ct.resolve (file:///home/runner/work/playground-tester/playground-tester/node_modules/@wp-playground/blueprints/index.js:1472:13)
        at process.processTicksAndRejections (node:internal/process/task_queues:105:5)
        at async _.run (file:///home/runner/work/playground-tester/playground-tester/node_modules/@php-wasm/util/index.js:45:14)
  }
}

Node.js v23.11.0
