file:///home/runner/work/playground-tester/playground-tester/node_modules/@wp-playground/cli/run-cli-j-geJYS3.js:325
        throw new Error($, { cause: h });
              ^

Error: [01-Jul-2025 11:27:48 UTC] PHP Notice:  Function _load_textdomain_just_in_time was called <strong>incorrectly</strong>. Translation loading for the <code>woocommerce</code> domain was triggered too early. This is usually an indicator for some code in the plugin or theme running too early. Translations should be loaded at the <code>init</code> action or later. Please see <a href="https://developer.wordpress.org/advanced-administration/debug/debug-wordpress/">Debugging in WordPress</a> for more information. (This message was added in version 6.7.0.) in /wordpress/wp-includes/functions.php on line 6121
[01-Jul-2025 11:28:14 UTC] PHP Notice:  Function _load_textdomain_just_in_time was called <strong>incorrectly</strong>. Translation loading for the <code>woocommerce</code> domain was triggered too early. This is usually an indicator for some code in the plugin or theme running too early. Translations should be loaded at the <code>init</code> action or later. Please see <a href="https://developer.wordpress.org/advanced-administration/debug/debug-wordpress/">Debugging in WordPress</a> for more information. (This message was added in version 6.7.0.) in /wordpress/wp-includes/functions.php on line 6121
[01-Jul-2025 11:28:33 UTC] PHP Deprecated:  Required parameter $skip_local follows optional parameter $field_index in /wordpress/wp-content/plugins/profile-custom-content-type/lib/class.profile-cct.php on line 938
[01-Jul-2025 11:28:33 UTC] PHP Deprecated:  Required parameter $settings follows optional parameter $alternate in /wordpress/wp-content/plugins/profile-custom-content-type/lib/class.profile-cct-admin.php on line 496
[01-Jul-2025 11:28:33 UTC] PHP Deprecated:  Required parameter $update follows optional parameter $type in /wordpress/wp-content/plugins/profile-custom-content-type/lib/class.profile-cct-admin.php on line 616
[01-Jul-2025 11:28:33 UTC] PHP Fatal error:  Uncaught Error: Non-static method Profile_CCT_Widget::init() cannot be called statically in /wordpress/wp-content/plugins/profile-custom-content-type/lib/class.profile-cct-widget.php:186
Stack trace:
#0 /wordpress/wp-content/plugins/profile-custom-content-type/profile-custom-content-type.php(37): require()
#1 /wordpress/wp-admin/includes/plugin.php(2387): include_once('/wordpress/wp-c...')
#2 /wordpress/wp-admin/includes/plugin.php(673): plugin_sandbox_scrape('profile-custom-...')
#3 /internal/eval.php(20): activate_plugin('profile-custom-...')
#4 {main}
  thrown in /wordpress/wp-content/plugins/profile-custom-content-type/lib/class.profile-cct-widget.php on line 186
[01-Jul-2025 11:28:37 UTC] PHP Deprecated:  Required parameter $skip_local follows optional parameter $field_index in /wordpress/wp-content/plugins/profile-custom-content-type/lib/class.profile-cct.php on line 938
[01-Jul-2025 11:28:37 UTC] PHP Deprecated:  Required parameter $settings follows optional parameter $alternate in /wordpress/wp-content/plugins/profile-custom-content-type/lib/class.profile-cct-admin.php on line 496
[01-Jul-2025 11:28:37 UTC] PHP Deprecated:  Required parameter $update follows optional parameter $type in /wordpress/wp-content/plugins/profile-custom-content-type/lib/class.profile-cct-admin.php on line 616
[01-Jul-2025 11:28:37 UTC] PHP Fatal error:  Uncaught Error: Non-static method Profile_CCT_Widget::init() cannot be called statically in /wordpress/wp-content/plugins/profile-custom-content-type/lib/class.profile-cct-widget.php:186
Stack trace:
#0 /wordpress/wp-content/plugins/profile-custom-content-type/profile-custom-content-type.php(37): require()
#1 /wordpress/wp-admin/includes/plugin.php(2387): include_once('/wordpress/wp-c...')
#2 /wordpress/wp-admin/includes/plugin.php(673): plugin_sandbox_scrape('profile-custom-...')
#3 /internal/eval.php(20): activate_plugin('profile-custom-...')
#4 {main}
  thrown in /wordpress/wp-content/plugins/profile-custom-content-type/lib/class.profile-cct-widget.php on line 186
[01-Jul-2025 11:29:24 UTC] PHP Fatal error:  Uncaught Error: Call to undefined function create_function() in /wordpress/wp-content/plugins/project-status/includes/widgets.php:76
Stack trace:
#0 /wordpress/wp-content/plugins/project-status/project-status.php(584): include()
#1 /wordpress/wp-admin/includes/plugin.php(2387): include_once('/wordpress/wp-c...')
#2 /wordpress/wp-admin/includes/plugin.php(673): plugin_sandbox_scrape('project-status/...')
#3 /internal/eval.php(20): activate_plugin('project-status/...')
#4 {main}
  thrown in /wordpress/wp-content/plugins/project-status/includes/widgets.php on line 76
[01-Jul-2025 11:29:29 UTC] PHP Fatal error:  Uncaught Error: Call to undefined function create_function() in /wordpress/wp-content/plugins/project-status/includes/widgets.php:76
Stack trace:
#0 /wordpress/wp-content/plugins/project-status/project-status.php(584): include()
#1 /wordpress/wp-admin/includes/plugin.php(2387): include_once('/wordpress/wp-c...')
#2 /wordpress/wp-admin/includes/plugin.php(673): plugin_sandbox_scrape('project-status/...')
#3 /internal/eval.php(20): activate_plugin('project-status/...')
#4 {main}
  thrown in /wordpress/wp-content/plugins/project-status/includes/widgets.php on line 76
[01-Jul-2025 11:29:36 UTC] PHP Fatal error:  Uncaught Error: Call to undefined function create_function() in /wordpress/wp-content/plugins/project-status/includes/widgets.php:76
Stack trace:
#0 /wordpress/wp-content/plugins/project-status/project-status.php(584): include()
#1 /wordpress/wp-admin/includes/plugin.php(2387): include_once('/wordpress/wp-c...')
#2 /wordpress/wp-admin/includes/plugin.php(673): plugin_sandbox_scrape('project-status/...')
#3 /internal/eval.php(20): activate_plugin('project-status/...')
#4 {main}
  thrown in /wordpress/wp-content/plugins/project-status/includes/widgets.php on line 76
[01-Jul-2025 11:30:46 UTC] PHP Deprecated:  Required parameter $field_id follows optional parameter $type in /wordpress/wp-content/plugins/nice-latest-news-ticker/library/metabox/includes/rest-api/CMB2_REST.php on line 693
[01-Jul-2025 11:30:54 UTC] PHP Deprecated:  Required parameter $field_id follows optional parameter $type in /wordpress/wp-content/plugins/nice-latest-news-ticker/library/metabox/includes/rest-api/CMB2_REST.php on line 693
[01-Jul-2025 11:31:01 UTC] PHP Deprecated:  Required parameter $field_id follows optional parameter $type in /wordpress/wp-content/plugins/nice-latest-news-ticker/library/metabox/includes/rest-api/CMB2_REST.php on line 693
[01-Jul-2025 11:31:52 UTC] PHP Deprecated:  Required parameter $sections follows optional parameter $current_section in /wordpress/wp-content/plugins/nice-team/lib/admin-ui/domain/class-admin-ui-service.php on line 209
[01-Jul-2025 11:31:52 UTC] PHP Deprecated:  Required parameter $sections follows optional parameter $current_section in /wordpress/wp-content/plugins/nice-team/lib/admin-ui/domain/class-admin-ui-service.php on line 244
[01-Jul-2025 11:31:52 UTC] PHP Warning:  Private methods cannot be final as they are never overridden by other classes in /wordpress/wp-content/plugins/nice-team/lib/admin-ui/domain/class-admin-ui-service.php on line 706
[01-Jul-2025 11:31:52 UTC] PHP Deprecated:  Required parameter $textdomain follows optional parameter $args in /wordpress/wp-content/plugins/nice-team/lib/custom-post-type/post-type/functions.php on line 46
[01-Jul-2025 11:31:52 UTC] PHP Deprecated:  Required parameter $sections follows optional parameter $current_section in /wordpress/wp-content/plugins/nice-team/lib/admin-ui/domain/class-admin-ui-service.php on line 209
[01-Jul-2025 11:31:52 UTC] PHP Deprecated:  Required parameter $sections follows optional parameter $current_section in /wordpress/wp-content/plugins/nice-team/lib/admin-ui/domain/class-admin-ui-service.php on line 244
[01-Jul-2025 11:31:52 UTC] PHP Warning:  Private methods cannot be final as they are never overridden by other classes in /wordpress/wp-content/plugins/nice-team/lib/admin-ui/domain/class-admin-ui-service.php on line 706
[01-Jul-2025 11:31:52 UTC] PHP Deprecated:  Required parameter $textdomain follows optional parameter $args in /wordpress/wp-content/plugins/nice-team/lib/custom-post-type/post-type/functions.php on line 46
[01-Jul-2025 11:31:52 UTC] PHP Notice:  Function _load_textdomain_just_in_time was called <strong>incorrectly</strong>. Translation loading for the <code>nice-team</code> domain was triggered too early. This is usually an indicator for some code in the plugin or theme running too early. Translations should be loaded at the <code>init</code> action or later. Please see <a href="https://developer.wordpress.org/advanced-administration/debug/debug-wordpress/">Debugging in WordPress</a> for more information. (This message was added in version 6.7.0.) in /wordpress/wp-includes/functions.php on line 6121
[01-Jul-2025 11:31:52 UTC] PHP Deprecated:  Required parameter $tag follows optional parameter $atts in /wordpress/wp-content/plugins/nice-team/public/shortcodes/staff.php on line 31
[01-Jul-2025 11:31:52 UTC] PHP Fatal error:  Uncaught Error: Unknown named parameter $name in /wordpress/wp-content/plugins/nice-team/lib/custom-post-type/post-type/domain/class-post-type-service.php:73
Stack trace:
#0 /wordpress/wp-content/plugins/nice-team/lib/custom-post-type/post-type/domain/class-post-type-service.php(42): Nice_Team_Post_TypeService::register_post_type(Array)
#1 /wordpress/wp-content/plugins/nice-team/lib/custom-post-type/post-type/create/class-post-type-create-responder.php(63): Nice_Team_Post_TypeService->register(Object(Nice_Team_Post_Type))
#2 /wordpress/wp-includes/class-wp-hook.php(324): Nice_Team_Post_TypeCreateResponder->register('')
#3 /wordpress/wp-includes/class-wp-hook.php(348): WP_Hook->apply_filters(NULL, Array)
#4 /wordpress/wp-includes/plugin.php(517): WP_Hook->do_action(Array)
#5 /wordpress/wp-settings.php(727): do_action('init')
#6 /wordpress/wp-config.php(102): require_once('/wordpress/wp-s...')
#7 /wordpress/wp-load.php(50): require_once('/wordpress/wp-c...')
#8 /internal/eval.php(3): require_once('/wordpress/wp-l...')
#9 {main}
  thrown in /wordpress/wp-content/plugins/nice-team/lib/custom-post-type/post-type/domain/class-post-type-service.php on line 73
[01-Jul-2025 11:31:55 UTC] PHP Deprecated:  Required parameter $sections follows optional parameter $current_section in /wordpress/wp-content/plugins/nice-team/lib/admin-ui/domain/class-admin-ui-service.php on line 209
[01-Jul-2025 11:31:55 UTC] PHP Deprecated:  Required parameter $sections follows optional parameter $current_section in /wordpress/wp-content/plugins/nice-team/lib/admin-ui/domain/class-admin-ui-service.php on line 244
[01-Jul-2025 11:31:55 UTC] PHP Warning:  Private methods cannot be final as they are never overridden by other classes in /wordpress/wp-content/plugins/nice-team/lib/admin-ui/domain/class-admin-ui-service.php on line 706
[01-Jul-2025 11:31:55 UTC] PHP Deprecated:  Required parameter $textdomain follows optional parameter $args in /wordpress/wp-content/plugins/nice-team/lib/custom-post-type/post-type/functions.php on line 46
[01-Jul-2025 11:31:55 UTC] PHP Deprecated:  Required parameter $sections follows optional parameter $current_section in /wordpress/wp-content/plugins/nice-team/lib/admin-ui/domain/class-admin-ui-service.php on line 209
[01-Jul-2025 11:31:55 UTC] PHP Deprecated:  Required parameter $sections follows optional parameter $current_section in /wordpress/wp-content/plugins/nice-team/lib/admin-ui/domain/class-admin-ui-service.php on line 244
[01-Jul-2025 11:31:55 UTC] PHP Warning:  Private methods cannot be final as they are never overridden by other classes in /wordpress/wp-content/plugins/nice-team/lib/admin-ui/domain/class-admin-ui-service.php on line 706
[01-Jul-2025 11:31:55 UTC] PHP Deprecated:  Required parameter $textdomain follows optional parameter $args in /wordpress/wp-content/plugins/nice-team/lib/custom-post-type/post-type/functions.php on line 46
[01-Jul-2025 11:31:55 UTC] PHP Notice:  Function _load_textdomain_just_in_time was called <strong>incorrectly</strong>. Translation loading for the <code>nice-team</code> domain was triggered too early. This is usually an indicator for some code in the plugin or theme running too early. Translations should be loaded at the <code>init</code> action or later. Please see <a href="https://developer.wordpress.org/advanced-administration/debug/debug-wordpress/">Debugging in WordPress</a> for more information. (This message was added in version 6.7.0.) in /wordpress/wp-includes/functions.php on line 6121
[01-Jul-2025 11:31:55 UTC] PHP Deprecated:  Required parameter $tag follows optional parameter $atts in /wordpress/wp-content/plugins/nice-team/public/shortcodes/staff.php on line 31
[01-Jul-2025 11:31:55 UTC] PHP Fatal error:  Uncaught Error: Unknown named parameter $name in /wordpress/wp-content/plugins/nice-team/lib/custom-post-type/post-type/domain/class-post-type-service.php:73
Stack trace:
#0 /wordpress/wp-content/plugins/nice-team/lib/custom-post-type/post-type/domain/class-post-type-service.php(42): Nice_Team_Post_TypeService::register_post_type(Array)
#1 /wordpress/wp-content/plugins/nice-team/lib/custom-post-type/post-type/create/class-post-type-create-responder.php(63): Nice_Team_Post_TypeService->register(Object(Nice_Team_Post_Type))
#2 /wordpress/wp-includes/class-wp-hook.php(324): Nice_Team_Post_TypeCreateResponder->register('')
#3 /wordpress/wp-includes/class-wp-hook.php(348): WP_Hook->apply_filters(NULL, Array)
#4 /wordpress/wp-includes/plugin.php(517): WP_Hook->do_action(Array)
#5 /wordpress/wp-settings.php(727): do_action('init')
#6 /wordpress/wp-config.php(102): require_once('/wordpress/wp-s...')
#7 /wordpress/wp-load.php(50): require_once('/wordpress/wp-c...')
#8 /internal/eval.php(3): require_once('/wordpress/wp-l...')
#9 {main}
  thrown in /wordpress/wp-content/plugins/nice-team/lib/custom-post-type/post-type/domain/class-post-type-service.php on line 73
[01-Jul-2025 11:31:58 UTC] PHP Deprecated:  Required parameter $sections follows optional parameter $current_section in /wordpress/wp-content/plugins/nice-team/lib/admin-ui/domain/class-admin-ui-service.php on line 209
[01-Jul-2025 11:31:58 UTC] PHP Deprecated:  Required parameter $sections follows optional parameter $current_section in /wordpress/wp-content/plugins/nice-team/lib/admin-ui/domain/class-admin-ui-service.php on line 244
[01-Jul-2025 11:31:58 UTC] PHP Warning:  Private methods cannot be final as they are never overridden by other classes in /wordpress/wp-content/plugins/nice-team/lib/admin-ui/domain/class-admin-ui-service.php on line 706
[01-Jul-2025 11:31:58 UTC] PHP Deprecated:  Required parameter $textdomain follows optional parameter $args in /wordpress/wp-content/plugins/nice-team/lib/custom-post-type/post-type/functions.php on line 46
[01-Jul-2025 11:31:58 UTC] PHP Deprecated:  Required parameter $sections follows optional parameter $current_section in /wordpress/wp-content/plugins/nice-team/lib/admin-ui/domain/class-admin-ui-service.php on line 209
[01-Jul-2025 11:31:58 UTC] PHP Deprecated:  Required parameter $sections follows optional parameter $current_section in /wordpress/wp-content/plugins/nice-team/lib/admin-ui/domain/class-admin-ui-service.php on line 244
[01-Jul-2025 11:31:58 UTC] PHP Warning:  Private methods cannot be final as they are never overridden by other classes in /wordpress/wp-content/plugins/nice-team/lib/admin-ui/domain/class-admin-ui-service.php on line 706
[01-Jul-2025 11:31:58 UTC] PHP Deprecated:  Required parameter $textdomain follows optional parameter $args in /wordpress/wp-content/plugins/nice-team/lib/custom-post-type/post-type/functions.php on line 46
[01-Jul-2025 11:31:58 UTC] PHP Notice:  Function _load_textdomain_just_in_time was called <strong>incorrectly</strong>. Translation loading for the <code>nice-team</code> domain was triggered too early. This is usually an indicator for some code in the plugin or theme running too early. Translations should be loaded at the <code>init</code> action or later. Please see <a href="https://developer.wordpress.org/advanced-administration/debug/debug-wordpress/">Debugging in WordPress</a> for more information. (This message was added in version 6.7.0.) in /wordpress/wp-includes/functions.php on line 6121
[01-Jul-2025 11:31:58 UTC] PHP Deprecated:  Required parameter $tag follows optional parameter $atts in /wordpress/wp-content/plugins/nice-team/public/shortcodes/staff.php on line 31
[01-Jul-2025 11:31:58 UTC] PHP Fatal error:  Uncaught Error: Unknown named parameter $name in /wordpress/wp-content/plugins/nice-team/lib/custom-post-type/post-type/domain/class-post-type-service.php:73
Stack trace:
#0 /wordpress/wp-content/plugins/nice-team/lib/custom-post-type/post-type/domain/class-post-type-service.php(42): Nice_Team_Post_TypeService::register_post_type(Array)
#1 /wordpress/wp-content/plugins/nice-team/lib/custom-post-type/post-type/create/class-post-type-create-responder.php(63): Nice_Team_Post_TypeService->register(Object(Nice_Team_Post_Type))
#2 /wordpress/wp-includes/class-wp-hook.php(324): Nice_Team_Post_TypeCreateResponder->register('')
#3 /wordpress/wp-includes/class-wp-hook.php(348): WP_Hook->apply_filters(NULL, Array)
#4 /wordpress/wp-includes/plugin.php(517): WP_Hook->do_action(Array)
#5 /wordpress/wp-settings.php(727): do_action('init')
#6 /wordpress/wp-config.php(102): require_once('/wordpress/wp-s...')
#7 /wordpress/wp-load.php(50): require_once('/wordpress/wp-c...')
#8 /internal/eval.php(3): require_once('/wordpress/wp-l...')
#9 {main}
  thrown in /wordpress/wp-content/plugins/nice-team/lib/custom-post-type/post-type/domain/class-post-type-service.php on line 73
[01-Jul-2025 11:35:09 UTC] PHP Fatal error:  Uncaught TypeError: call_user_func_array(): Argument #1 ($callback) must be a valid callback, non-static method NightTrafficLightLoader::Translate() cannot be called statically in /wordpress/wp-includes/class-wp-hook.php:324
Stack trace:
#0 /wordpress/wp-includes/class-wp-hook.php(348): WP_Hook->apply_filters(NULL, Array)
#1 /wordpress/wp-includes/plugin.php(517): WP_Hook->do_action(Array)
#2 /wordpress/wp-settings.php(578): do_action('plugins_loaded')
#3 /wordpress/wp-config.php(102): require_once('/wordpress/wp-s...')
#4 /wordpress/wp-load.php(50): require_once('/wordpress/wp-c...')
#5 /internal/eval.php(3): require_once('/wordpress/wp-l...')
#6 {main}
  thrown in /wordpress/wp-includes/class-wp-hook.php on line 324
[01-Jul-2025 11:35:11 UTC] PHP Fatal error:  Uncaught TypeError: call_user_func_array(): Argument #1 ($callback) must be a valid callback, non-static method NightTrafficLightLoader::Translate() cannot be called statically in /wordpress/wp-includes/class-wp-hook.php:324
Stack trace:
#0 /wordpress/wp-includes/class-wp-hook.php(348): WP_Hook->apply_filters(NULL, Array)
#1 /wordpress/wp-includes/plugin.php(517): WP_Hook->do_action(Array)
#2 /wordpress/wp-settings.php(578): do_action('plugins_loaded')
#3 /wordpress/wp-config.php(102): require_once('/wordpress/wp-s...')
#4 /wordpress/wp-load.php(50): require_once('/wordpress/wp-c...')
#5 /internal/eval.php(3): require_once('/wordpress/wp-l...')
#6 {main}
  thrown in /wordpress/wp-includes/class-wp-hook.php on line 324
[01-Jul-2025 11:35:13 UTC] PHP Fatal error:  Uncaught TypeError: call_user_func_array(): Argument #1 ($callback) must be a valid callback, non-static method NightTrafficLightLoader::Translate() cannot be called statically in /wordpress/wp-includes/class-wp-hook.php:324
Stack trace:
#0 /wordpress/wp-includes/class-wp-hook.php(348): WP_Hook->apply_filters(NULL, Array)
#1 /wordpress/wp-includes/plugin.php(517): WP_Hook->do_action(Array)
#2 /wordpress/wp-settings.php(578): do_action('plugins_loaded')
#3 /wordpress/wp-config.php(102): require_once('/wordpress/wp-s...')
#4 /wordpress/wp-load.php(50): require_once('/wordpress/wp-c...')
#5 /internal/eval.php(3): require_once('/wordpress/wp-l...')
#6 {main}
  thrown in /wordpress/wp-includes/class-wp-hook.php on line 324
[01-Jul-2025 11:37:55 UTC] PHP Warning:  Undefined array key "value" in /wordpress/wp-content/plugins/ninja-footers-lite/class.NF_Settings.php on line 156
[01-Jul-2025 11:38:01 UTC] PHP Warning:  Undefined array key "value" in /wordpress/wp-content/plugins/ninja-footers-lite/class.NF_Settings.php on line 156
[01-Jul-2025 11:38:06 UTC] PHP Warning:  Undefined array key "value" in /wordpress/wp-content/plugins/ninja-footers-lite/class.NF_Settings.php on line 156
[01-Jul-2025 11:39:15 UTC] PHP Notice:  Function _load_textdomain_just_in_time was called <strong>incorrectly</strong>. Translation loading for the <code>ninja-forms-unique-textbox</code> domain was triggered too early. This is usually an indicator for some code in the plugin or theme running too early. Translations should be loaded at the <code>init</code> action or later. Please see <a href="https://developer.wordpress.org/advanced-administration/debug/debug-wordpress/">Debugging in WordPress</a> for more information. (This message was added in version 6.7.0.) in /wordpress/wp-includes/functions.php on line 6121
[01-Jul-2025 11:39:15 UTC] PHP Fatal error:  Uncaught TypeError: array_unshift(): Argument #1 ($array) must be of type array, null given in /wordpress/wp-content/plugins/ninja-forms-unique-textbox/controller.php:199
Stack trace:
#0 /wordpress/wp-content/plugins/ninja-forms-unique-textbox/controller.php(199): array_unshift(NULL, Array)
#1 /wordpress/wp-includes/class-wp-hook.php(324): Org\Fineswap\OpenSource\NinjaFormsUniqueTextbox\Controller->ninja_forms_register_field_textbox('')
#2 /wordpress/wp-includes/class-wp-hook.php(348): WP_Hook->apply_filters(NULL, Array)
#3 /wordpress/wp-includes/plugin.php(517): WP_Hook->do_action(Array)
#4 /wordpress/wp-settings.php(727): do_action('init')
#5 /wordpress/wp-config.php(102): require_once('/wordpress/wp-s...')
#6 /wordpress/wp-load.php(50): require_once('/wordpress/wp-c...')
#7 /internal/eval.php(3): require_once('/wordpress/wp-l...')
#8 {main}
  thrown in /wordpress/wp-content/plugins/ninja-forms-unique-textbox/controller.php on line 199
[01-Jul-2025 11:39:18 UTC] PHP Notice:  Function _load_textdomain_just_in_time was called <strong>incorrectly</strong>. Translation loading for the <code>ninja-forms-unique-textbox</code> domain was triggered too early. This is usually an indicator for some code in the plugin or theme running too early. Translations should be loaded at the <code>init</code> action or later. Please see <a href="https://developer.wordpress.org/advanced-administration/debug/debug-wordpress/">Debugging in WordPress</a> for more information. (This message was added in version 6.7.0.) in /wordpress/wp-includes/functions.php on line 6121
[01-Jul-2025 11:39:18 UTC] PHP Fatal error:  Uncaught TypeError: array_unshift(): Argument #1 ($array) must be of type array, null given in /wordpress/wp-content/plugins/ninja-forms-unique-textbox/controller.php:199
Stack trace:
#0 /wordpress/wp-content/plugins/ninja-forms-unique-textbox/controller.php(199): array_unshift(NULL, Array)
#1 /wordpress/wp-includes/class-wp-hook.php(324): Org\Fineswap\OpenSource\NinjaFormsUniqueTextbox\Controller->ninja_forms_register_field_textbox('')
#2 /wordpress/wp-includes/class-wp-hook.php(348): WP_Hook->apply_filters(NULL, Array)
#3 /wordpress/wp-includes/plugin.php(517): WP_Hook->do_action(Array)
#4 /wordpress/wp-settings.php(727): do_action('init')
#5 /wordpress/wp-config.php(102): require_once('/wordpress/wp-s...')
#6 /wordpress/wp-load.php(50): require_once('/wordpress/wp-c...')
#7 /internal/eval.php(3): require_once('/wordpress/wp-l...')
#8 {main}
  thrown in /wordpress/wp-content/plugins/ninja-forms-unique-textbox/controller.php on line 199
[01-Jul-2025 11:39:20 UTC] PHP Notice:  Function _load_textdomain_just_in_time was called <strong>incorrectly</strong>. Translation loading for the <code>ninja-forms-unique-textbox</code> domain was triggered too early. This is usually an indicator for some code in the plugin or theme running too early. Translations should be loaded at the <code>init</code> action or later. Please see <a href="https://developer.wordpress.org/advanced-administration/debug/debug-wordpress/">Debugging in WordPress</a> for more information. (This message was added in version 6.7.0.) in /wordpress/wp-includes/functions.php on line 6121
[01-Jul-2025 11:39:20 UTC] PHP Fatal error:  Uncaught TypeError: array_unshift(): Argument #1 ($array) must be of type array, null given in /wordpress/wp-content/plugins/ninja-forms-unique-textbox/controller.php:199
Stack trace:
#0 /wordpress/wp-content/plugins/ninja-forms-unique-textbox/controller.php(199): array_unshift(NULL, Array)
#1 /wordpress/wp-includes/class-wp-hook.php(324): Org\Fineswap\OpenSource\NinjaFormsUniqueTextbox\Controller->ninja_forms_register_field_textbox('')
#2 /wordpress/wp-includes/class-wp-hook.php(348): WP_Hook->apply_filters(NULL, Array)
#3 /wordpress/wp-includes/plugin.php(517): WP_Hook->do_action(Array)
#4 /wordpress/wp-settings.php(727): do_action('init')
#5 /wordpress/wp-config.php(102): require_once('/wordpress/wp-s...')
#6 /wordpress/wp-load.php(50): require_once('/wordpress/wp-c...')
#7 /internal/eval.php(3): require_once('/wordpress/wp-l...')
#8 {main}
  thrown in /wordpress/wp-content/plugins/ninja-forms-unique-textbox/controller.php on line 199
[01-Jul-2025 11:39:53 UTC] PHP Warning:  Undefined variable $ninja_spam_protection_requested_uri in /wordpress/wp-content/plugins/ninja-spam-protection/ninja-spam-protection.php on line 69
[01-Jul-2025 11:39:53 UTC] PHP Warning:  Undefined variable $ninja_spam_protection_requested_key in /wordpress/wp-content/plugins/ninja-spam-protection/ninja-spam-protection.php on line 71
[01-Jul-2025 11:39:53 UTC] PHP Warning:  Undefined array key "DOCUMENT_ROOT" in /wordpress/wp-content/plugins/ninja-spam-protection/ninja-spam-protection.php on line 72
[01-Jul-2025 11:39:54 UTC] PHP Warning:  Undefined variable $ninja_spam_protection_requested_uri in /wordpress/wp-content/plugins/ninja-spam-protection/ninja-spam-protection.php on line 69
[01-Jul-2025 11:39:54 UTC] PHP Warning:  Undefined variable $ninja_spam_protection_requested_key in /wordpress/wp-content/plugins/ninja-spam-protection/ninja-spam-protection.php on line 71
[01-Jul-2025 11:39:54 UTC] PHP Warning:  Undefined array key "DOCUMENT_ROOT" in /wordpress/wp-content/plugins/ninja-spam-protection/ninja-spam-protection.php on line 72
[01-Jul-2025 11:39:56 UTC] PHP Warning:  Undefined variable $ninja_spam_protection_requested_uri in /wordpress/wp-content/plugins/ninja-spam-protection/ninja-spam-protection.php on line 69
[01-Jul-2025 11:39:56 UTC] PHP Warning:  Undefined variable $ninja_spam_protection_requested_key in /wordpress/wp-content/plugins/ninja-spam-protection/ninja-spam-protection.php on line 71
[01-Jul-2025 11:39:56 UTC] PHP Warning:  Undefined array key "DOCUMENT_ROOT" in /wordpress/wp-content/plugins/ninja-spam-protection/ninja-spam-protection.php on line 72
[01-Jul-2025 11:39:56 UTC] PHP Warning:  Undefined variable $ninja_spam_protection_requested_uri in /wordpress/wp-content/plugins/ninja-spam-protection/ninja-spam-protection.php on line 69
[01-Jul-2025 11:39:56 UTC] PHP Warning:  Undefined variable $ninja_spam_protection_requested_key in /wordpress/wp-content/plugins/ninja-spam-protection/ninja-spam-protection.php on line 71
[01-Jul-2025 11:39:56 UTC] PHP Warning:  Undefined array key "DOCUMENT_ROOT" in /wordpress/wp-content/plugins/ninja-spam-protection/ninja-spam-protection.php on line 72
[01-Jul-2025 11:39:59 UTC] PHP Warning:  Undefined variable $ninja_spam_protection_requested_uri in /wordpress/wp-content/plugins/ninja-spam-protection/ninja-spam-protection.php on line 69
[01-Jul-2025 11:39:59 UTC] PHP Warning:  Undefined variable $ninja_spam_protection_requested_key in /wordpress/wp-content/plugins/ninja-spam-protection/ninja-spam-protection.php on line 71
[01-Jul-2025 11:39:59 UTC] PHP Warning:  Undefined array key "DOCUMENT_ROOT" in /wordpress/wp-content/plugins/ninja-spam-protection/ninja-spam-protection.php on line 72
[01-Jul-2025 11:39:59 UTC] PHP Warning:  Undefined variable $ninja_spam_protection_requested_uri in /wordpress/wp-content/plugins/ninja-spam-protection/ninja-spam-protection.php on line 69
[01-Jul-2025 11:39:59 UTC] PHP Warning:  Undefined variable $ninja_spam_protection_requested_key in /wordpress/wp-content/plugins/ninja-spam-protection/ninja-spam-protection.php on line 71
[01-Jul-2025 11:39:59 UTC] PHP Warning:  Undefined array key "DOCUMENT_ROOT" in /wordpress/wp-content/plugins/ninja-spam-protection/ninja-spam-protection.php on line 72
[01-Jul-2025 11:40:48 UTC] PHP Fatal error:  Uncaught Error: Call to undefined function create_function() in /wordpress/wp-content/plugins/ninjatools/ninjatools.php:45
Stack trace:
#0 /wordpress/wp-admin/includes/plugin.php(2387): include_once()
#1 /wordpress/wp-admin/includes/plugin.php(673): plugin_sandbox_scrape('ninjatools/ninj...')
#2 /internal/eval.php(20): activate_plugin('ninjatools/ninj...')
#3 {main}
  thrown in /wordpress/wp-content/plugins/ninjatools/ninjatools.php on line 45
[01-Jul-2025 11:40:50 UTC] PHP Fatal error:  Uncaught Error: Call to undefined function create_function() in /wordpress/wp-content/plugins/ninjatools/ninjatools.php:45
Stack trace:
#0 /wordpress/wp-admin/includes/plugin.php(2387): include_once()
#1 /wordpress/wp-admin/includes/plugin.php(673): plugin_sandbox_scrape('ninjatools/ninj...')
#2 /internal/eval.php(20): activate_plugin('ninjatools/ninj...')
#3 {main}
  thrown in /wordpress/wp-content/plugins/ninjatools/ninjatools.php on line 45
[01-Jul-2025 11:40:52 UTC] PHP Fatal error:  Uncaught Error: Call to undefined function create_function() in /wordpress/wp-content/plugins/ninjatools/ninjatools.php:45
Stack trace:
#0 /wordpress/wp-admin/includes/plugin.php(2387): include_once()
#1 /wordpress/wp-admin/includes/plugin.php(673): plugin_sandbox_scrape('ninjatools/ninj...')
#2 /internal/eval.php(20): activate_plugin('ninjatools/ninj...')
#3 {main}
  thrown in /wordpress/wp-content/plugins/ninjatools/ninjatools.php on line 45

    at Object.onBind (file:///home/runner/work/playground-tester/playground-tester/node_modules/@wp-playground/cli/run-cli-j-geJYS3.js:325:15)
    at process.processTicksAndRejections (node:internal/process/task_queues:105:5)
    at async re (file:///home/runner/work/playground-tester/playground-tester/node_modules/@wp-playground/cli/run-cli-j-geJYS3.js:149:10) {
  [cause]: Error: Error when executing the blueprint step #5 ({"step":"installPlugin","pluginData":{"resource":"wordpress.org/plugins","slug":"nitea-woocommerce-product-gallery-video"},"options":{"activate":true}}) : Could not download "https://downloads.wordpress.org/plugin/nitea-woocommerce-product-gallery-video.latest-stable.zip".
  				Check if the URL is correct and the server is reachable.
  				If it is reachable, the server might be blocking the request.
  				Check the browser console and network tabs for more information.
  
  				## Does the console show the error "No 'Access-Control-Allow-Origin' header"?
  
  				This means the server that hosts your file does not allow requests from other sites
  				(cross-origin requests, or CORS).	You need to move the asset to a server that allows
  				cross-origin file downloads. Learn more about CORS at
  				https://developer.mozilla.org/en-US/docs/Web/HTTP/CORS.
  
  				If your file is on GitHub, load it from "raw.githubusercontent.com".
  				Here's how to do that:
  
  				1. Start with the original GitHub URL of the file. For example:
  				https://github.com/username/repository/blob/branch/filename.
  				2. Replace "github.com" with "raw.githubusercontent.com".
  				3. Remove the "/blob/" part of the URL.
  
  				The resulting URL should look like this:
  				https://raw.githubusercontent.com/username/repository/branch/filename
  
  				Error:
  				Error: Could not download "https://downloads.wordpress.org/plugin/nitea-woocommerce-product-gallery-video.latest-stable.zip"
      at Object.run (file:///home/runner/work/playground-tester/playground-tester/node_modules/@wp-playground/blueprints/index.js:12093:19)
      at process.processTicksAndRejections (node:internal/process/task_queues:105:5)
      at async ys (file:///home/runner/work/playground-tester/playground-tester/node_modules/@wp-playground/blueprints/index.js:12196:3)
      at async Object.onBind (file:///home/runner/work/playground-tester/playground-tester/node_modules/@wp-playground/cli/run-cli-j-geJYS3.js:315:48)
      at async re (file:///home/runner/work/playground-tester/playground-tester/node_modules/@wp-playground/cli/run-cli-j-geJYS3.js:149:10) {
    [cause]: Error: Could not download "https://downloads.wordpress.org/plugin/nitea-woocommerce-product-gallery-video.latest-stable.zip".
    				Check if the URL is correct and the server is reachable.
    				If it is reachable, the server might be blocking the request.
    				Check the browser console and network tabs for more information.
    
    				## Does the console show the error "No 'Access-Control-Allow-Origin' header"?
    
    				This means the server that hosts your file does not allow requests from other sites
    				(cross-origin requests, or CORS).	You need to move the asset to a server that allows
    				cross-origin file downloads. Learn more about CORS at
    				https://developer.mozilla.org/en-US/docs/Web/HTTP/CORS.
    
    				If your file is on GitHub, load it from "raw.githubusercontent.com".
    				Here's how to do that:
    
    				1. Start with the original GitHub URL of the file. For example:
    				https://github.com/username/repository/blob/branch/filename.
    				2. Replace "github.com" with "raw.githubusercontent.com".
    				3. Remove the "/blob/" part of the URL.
    
    				The resulting URL should look like this:
    				https://raw.githubusercontent.com/username/repository/branch/filename
    
    				Error:
    				Error: Could not download "https://downloads.wordpress.org/plugin/nitea-woocommerce-product-gallery-video.latest-stable.zip"
        at Ct.resolve (file:///home/runner/work/playground-tester/playground-tester/node_modules/@wp-playground/blueprints/index.js:1129:13)
        at process.processTicksAndRejections (node:internal/process/task_queues:105:5)
        at async _.run (file:///home/runner/work/playground-tester/playground-tester/node_modules/@php-wasm/util/index.js:45:14)
  }
}

Node.js v23.11.0
