file:///home/runner/work/playground-tester/playground-tester/node_modules/@wp-playground/cli/index.js:237
        throw new Error(y, { cause: u });
              ^

Error: [20-May-2025 15:31:34 UTC] PHP Fatal error:  Uncaught Error: Call to a member function get_cart() on null in /wordpress/wp-content/plugins/min-and-max-purchase-for-woocommerce/woo-integration/vtmam-parent-functions.php:14
Stack trace:
#0 /wordpress/wp-content/plugins/min-and-max-purchase-for-woocommerce/core/vtmam-apply-rules.php(45): vtmam_load_vtmam_cart_for_processing()
#1 /wordpress/wp-content/plugins/min-and-max-purchase-for-woocommerce/woo-integration/vtmam-parent-cart-validation.php(191): VTMAM_Apply_Rules->__construct()
#2 /wordpress/wp-includes/class-wp-hook.php(324): VTMAM_Parent_Cart_Validation->vtmam_woo_apply_checkout_cntl('')
#3 /wordpress/wp-includes/class-wp-hook.php(348): WP_Hook->apply_filters(0, Array)
#4 /wordpress/wp-includes/plugin.php(517): WP_Hook->do_action(Array)
#5 /wordpress/wp-settings.php(749): do_action('wp_loaded')
#6 /wordpress/wp-config.php(102): require_once('/wordpress/wp-s...')
#7 /wordpress/wp-load.php(50): require_once('/wordpress/wp-c...')
#8 /internal/eval.php(3): require_once('/wordpress/wp-l...')
#9 {main}
  thrown in /wordpress/wp-content/plugins/min-and-max-purchase-for-woocommerce/woo-integration/vtmam-parent-functions.php on line 14
[20-May-2025 15:31:43 UTC] PHP Fatal error:  Uncaught Error: Call to a member function get_cart() on null in /wordpress/wp-content/plugins/min-and-max-purchase-for-woocommerce/woo-integration/vtmam-parent-functions.php:14
Stack trace:
#0 /wordpress/wp-content/plugins/min-and-max-purchase-for-woocommerce/core/vtmam-apply-rules.php(45): vtmam_load_vtmam_cart_for_processing()
#1 /wordpress/wp-content/plugins/min-and-max-purchase-for-woocommerce/woo-integration/vtmam-parent-cart-validation.php(191): VTMAM_Apply_Rules->__construct()
#2 /wordpress/wp-includes/class-wp-hook.php(324): VTMAM_Parent_Cart_Validation->vtmam_woo_apply_checkout_cntl('')
#3 /wordpress/wp-includes/class-wp-hook.php(348): WP_Hook->apply_filters(0, Array)
#4 /wordpress/wp-includes/plugin.php(517): WP_Hook->do_action(Array)
#5 /wordpress/wp-settings.php(749): do_action('wp_loaded')
#6 /wordpress/wp-config.php(102): require_once('/wordpress/wp-s...')
#7 /wordpress/wp-load.php(50): require_once('/wordpress/wp-c...')
#8 /internal/eval.php(3): require_once('/wordpress/wp-l...')
#9 {main}
  thrown in /wordpress/wp-content/plugins/min-and-max-purchase-for-woocommerce/woo-integration/vtmam-parent-functions.php on line 14
[20-May-2025 15:31:52 UTC] PHP Fatal error:  Uncaught Error: Call to a member function get_cart() on null in /wordpress/wp-content/plugins/min-and-max-purchase-for-woocommerce/woo-integration/vtmam-parent-functions.php:14
Stack trace:
#0 /wordpress/wp-content/plugins/min-and-max-purchase-for-woocommerce/core/vtmam-apply-rules.php(45): vtmam_load_vtmam_cart_for_processing()
#1 /wordpress/wp-content/plugins/min-and-max-purchase-for-woocommerce/woo-integration/vtmam-parent-cart-validation.php(191): VTMAM_Apply_Rules->__construct()
#2 /wordpress/wp-includes/class-wp-hook.php(324): VTMAM_Parent_Cart_Validation->vtmam_woo_apply_checkout_cntl('')
#3 /wordpress/wp-includes/class-wp-hook.php(348): WP_Hook->apply_filters(0, Array)
#4 /wordpress/wp-includes/plugin.php(517): WP_Hook->do_action(Array)
#5 /wordpress/wp-settings.php(749): do_action('wp_loaded')
#6 /wordpress/wp-config.php(102): require_once('/wordpress/wp-s...')
#7 /wordpress/wp-load.php(50): require_once('/wordpress/wp-c...')
#8 /internal/eval.php(3): require_once('/wordpress/wp-l...')
#9 {main}
  thrown in /wordpress/wp-content/plugins/min-and-max-purchase-for-woocommerce/woo-integration/vtmam-parent-functions.php on line 14
[20-May-2025 15:32:19 UTC] PHP Warning:  Trying to access array offset on value of type bool in /wordpress/wp-content/plugins/minimum-order-amount/ecpm-moa.php on line 33
[20-May-2025 15:32:27 UTC] PHP Warning:  Trying to access array offset on value of type bool in /wordpress/wp-content/plugins/minimum-order-amount/ecpm-moa.php on line 33
[20-May-2025 15:32:35 UTC] PHP Warning:  Trying to access array offset on value of type bool in /wordpress/wp-content/plugins/minimum-order-amount/ecpm-moa.php on line 33
[20-May-2025 15:33:12 UTC] PHP Deprecated:  Function register_sidebar_widget is <strong>deprecated</strong> since version 2.8.0! Use wp_register_sidebar_widget() instead. in /wordpress/wp-includes/functions.php on line 6121
[20-May-2025 15:33:12 UTC] PHP Deprecated:  Function register_widget_control is <strong>deprecated</strong> since version 2.8.0! Use wp_register_widget_control() instead. in /wordpress/wp-includes/functions.php on line 6121
[20-May-2025 15:33:21 UTC] PHP Deprecated:  Function register_sidebar_widget is <strong>deprecated</strong> since version 2.8.0! Use wp_register_sidebar_widget() instead. in /wordpress/wp-includes/functions.php on line 6121
[20-May-2025 15:33:21 UTC] PHP Deprecated:  Function register_widget_control is <strong>deprecated</strong> since version 2.8.0! Use wp_register_widget_control() instead. in /wordpress/wp-includes/functions.php on line 6121
[20-May-2025 15:33:29 UTC] PHP Deprecated:  Function register_sidebar_widget is <strong>deprecated</strong> since version 2.8.0! Use wp_register_sidebar_widget() instead. in /wordpress/wp-includes/functions.php on line 6121
[20-May-2025 15:33:29 UTC] PHP Deprecated:  Function register_widget_control is <strong>deprecated</strong> since version 2.8.0! Use wp_register_widget_control() instead. in /wordpress/wp-includes/functions.php on line 6121
[20-May-2025 15:33:38 UTC] PHP Deprecated:  Function register_sidebar_widget is <strong>deprecated</strong> since version 2.8.0! Use wp_register_sidebar_widget() instead. in /wordpress/wp-includes/functions.php on line 6121
[20-May-2025 15:33:38 UTC] PHP Deprecated:  Function register_widget_control is <strong>deprecated</strong> since version 2.8.0! Use wp_register_widget_control() instead. in /wordpress/wp-includes/functions.php on line 6121
[20-May-2025 15:33:47 UTC] PHP Deprecated:  Function register_sidebar_widget is <strong>deprecated</strong> since version 2.8.0! Use wp_register_sidebar_widget() instead. in /wordpress/wp-includes/functions.php on line 6121
[20-May-2025 15:33:47 UTC] PHP Deprecated:  Function register_widget_control is <strong>deprecated</strong> since version 2.8.0! Use wp_register_widget_control() instead. in /wordpress/wp-includes/functions.php on line 6121
[20-May-2025 15:33:55 UTC] PHP Deprecated:  Function register_sidebar_widget is <strong>deprecated</strong> since version 2.8.0! Use wp_register_sidebar_widget() instead. in /wordpress/wp-includes/functions.php on line 6121
[20-May-2025 15:33:55 UTC] PHP Deprecated:  Function register_widget_control is <strong>deprecated</strong> since version 2.8.0! Use wp_register_widget_control() instead. in /wordpress/wp-includes/functions.php on line 6121
[20-May-2025 15:34:06 UTC] PHP Fatal error:  Uncaught Error: Class "WC_Payment_Gateway" not found in /wordpress/wp-content/plugins/magenest-sagepay-gateway/includes/class-sage-payment.php:6
Stack trace:
#0 /wordpress/wp-content/plugins/magenest-sagepay-gateway/woocommerce-sagepayment-integration.php(51): require_once()
#1 /wordpress/wp-includes/class-wp-hook.php(324): Magenest_Sagepayment_Main->init('')
#2 /wordpress/wp-includes/class-wp-hook.php(348): WP_Hook->apply_filters(NULL, Array)
#3 /wordpress/wp-includes/plugin.php(517): WP_Hook->do_action(Array)
#4 /wordpress/wp-settings.php(578): do_action('plugins_loaded')
#5 /wordpress/wp-config.php(102): require_once('/wordpress/wp-s...')
#6 /wordpress/wp-load.php(50): require_once('/wordpress/wp-c...')
#7 /internal/eval.php(3): require_once('/wordpress/wp-l...')
#8 {main}
  thrown in /wordpress/wp-content/plugins/magenest-sagepay-gateway/includes/class-sage-payment.php on line 6
[20-May-2025 15:34:14 UTC] PHP Fatal error:  Uncaught Error: Class "WC_Payment_Gateway" not found in /wordpress/wp-content/plugins/magenest-sagepay-gateway/includes/class-sage-payment.php:6
Stack trace:
#0 /wordpress/wp-content/plugins/magenest-sagepay-gateway/woocommerce-sagepayment-integration.php(51): require_once()
#1 /wordpress/wp-includes/class-wp-hook.php(324): Magenest_Sagepayment_Main->init('')
#2 /wordpress/wp-includes/class-wp-hook.php(348): WP_Hook->apply_filters(NULL, Array)
#3 /wordpress/wp-includes/plugin.php(517): WP_Hook->do_action(Array)
#4 /wordpress/wp-settings.php(578): do_action('plugins_loaded')
#5 /wordpress/wp-config.php(102): require_once('/wordpress/wp-s...')
#6 /wordpress/wp-load.php(50): require_once('/wordpress/wp-c...')
#7 /internal/eval.php(3): require_once('/wordpress/wp-l...')
#8 {main}
  thrown in /wordpress/wp-content/plugins/magenest-sagepay-gateway/includes/class-sage-payment.php on line 6
[20-May-2025 15:34:23 UTC] PHP Fatal error:  Uncaught Error: Class "WC_Payment_Gateway" not found in /wordpress/wp-content/plugins/magenest-sagepay-gateway/includes/class-sage-payment.php:6
Stack trace:
#0 /wordpress/wp-content/plugins/magenest-sagepay-gateway/woocommerce-sagepayment-integration.php(51): require_once()
#1 /wordpress/wp-includes/class-wp-hook.php(324): Magenest_Sagepayment_Main->init('')
#2 /wordpress/wp-includes/class-wp-hook.php(348): WP_Hook->apply_filters(NULL, Array)
#3 /wordpress/wp-includes/plugin.php(517): WP_Hook->do_action(Array)
#4 /wordpress/wp-settings.php(578): do_action('plugins_loaded')
#5 /wordpress/wp-config.php(102): require_once('/wordpress/wp-s...')
#6 /wordpress/wp-load.php(50): require_once('/wordpress/wp-c...')
#7 /internal/eval.php(3): require_once('/wordpress/wp-l...')
#8 {main}
  thrown in /wordpress/wp-content/plugins/magenest-sagepay-gateway/includes/class-sage-payment.php on line 6
[20-May-2025 15:38:19 UTC] PHP Notice:  date_default_timezone_set(): Timezone ID '' is invalid in /wordpress/wp-content/plugins/miaoroom-toolbox/src/core/core.php on line 60
[20-May-2025 15:38:20 UTC] PHP Notice:  date_default_timezone_set(): Timezone ID '' is invalid in /wordpress/wp-content/plugins/miaoroom-toolbox/src/core/core.php on line 60
[20-May-2025 15:38:30 UTC] PHP Notice:  date_default_timezone_set(): Timezone ID '' is invalid in /wordpress/wp-content/plugins/miaoroom-toolbox/src/core/core.php on line 60
[20-May-2025 15:38:31 UTC] PHP Notice:  date_default_timezone_set(): Timezone ID '' is invalid in /wordpress/wp-content/plugins/miaoroom-toolbox/src/core/core.php on line 60
[20-May-2025 15:38:40 UTC] PHP Notice:  date_default_timezone_set(): Timezone ID '' is invalid in /wordpress/wp-content/plugins/miaoroom-toolbox/src/core/core.php on line 60
[20-May-2025 15:38:41 UTC] PHP Notice:  date_default_timezone_set(): Timezone ID '' is invalid in /wordpress/wp-content/plugins/miaoroom-toolbox/src/core/core.php on line 60
[20-May-2025 15:40:44 UTC] PHP Notice:  Function _load_textdomain_just_in_time was called <strong>incorrectly</strong>. Translation loading for the <code>multidealer</code> domain was triggered too early. This is usually an indicator for some code in the plugin or theme running too early. Translations should be loaded at the <code>init</code> action or later. Please see <a href="https://developer.wordpress.org/advanced-administration/debug/debug-wordpress/">Debugging in WordPress</a> for more information. (This message was added in version 6.7.0.) in /wordpress/wp-includes/functions.php on line 6121
[20-May-2025 15:40:55 UTC] PHP Notice:  Function _load_textdomain_just_in_time was called <strong>incorrectly</strong>. Translation loading for the <code>multidealer</code> domain was triggered too early. This is usually an indicator for some code in the plugin or theme running too early. Translations should be loaded at the <code>init</code> action or later. Please see <a href="https://developer.wordpress.org/advanced-administration/debug/debug-wordpress/">Debugging in WordPress</a> for more information. (This message was added in version 6.7.0.) in /wordpress/wp-includes/functions.php on line 6121
[20-May-2025 15:41:07 UTC] PHP Notice:  Function _load_textdomain_just_in_time was called <strong>incorrectly</strong>. Translation loading for the <code>multidealer</code> domain was triggered too early. This is usually an indicator for some code in the plugin or theme running too early. Translations should be loaded at the <code>init</code> action or later. Please see <a href="https://developer.wordpress.org/advanced-administration/debug/debug-wordpress/">Debugging in WordPress</a> for more information. (This message was added in version 6.7.0.) in /wordpress/wp-includes/functions.php on line 6121
[20-May-2025 15:41:44 UTC] PHP Fatal error:  Uncaught Error: Undefined constant "spl_autoload_register" in /wordpress/wp-content/plugins/multiselect-ultimate-query-plugin/inoplugs_framework/inoplugs_fw_loader_trial.php:104
Stack trace:
#0 /wordpress/wp-content/plugins/multiselect-ultimate-query-plugin/inoplugs_multiselect_plugin.php(30): require_once()
#1 /wordpress/wp-admin/includes/plugin.php(2387): include_once('/wordpress/wp-c...')
#2 /wordpress/wp-admin/includes/plugin.php(673): plugin_sandbox_scrape('multiselect-ult...')
#3 /internal/eval.php(20): activate_plugin('multiselect-ult...')
#4 {main}
  thrown in /wordpress/wp-content/plugins/multiselect-ultimate-query-plugin/inoplugs_framework/inoplugs_fw_loader_trial.php on line 104
[20-May-2025 15:41:53 UTC] PHP Fatal error:  Uncaught Error: Undefined constant "spl_autoload_register" in /wordpress/wp-content/plugins/multiselect-ultimate-query-plugin/inoplugs_framework/inoplugs_fw_loader_trial.php:104
Stack trace:
#0 /wordpress/wp-content/plugins/multiselect-ultimate-query-plugin/inoplugs_multiselect_plugin.php(30): require_once()
#1 /wordpress/wp-admin/includes/plugin.php(2387): include_once('/wordpress/wp-c...')
#2 /wordpress/wp-admin/includes/plugin.php(673): plugin_sandbox_scrape('multiselect-ult...')
#3 /internal/eval.php(20): activate_plugin('multiselect-ult...')
#4 {main}
  thrown in /wordpress/wp-content/plugins/multiselect-ultimate-query-plugin/inoplugs_framework/inoplugs_fw_loader_trial.php on line 104

    at Object.onBind (file:///home/runner/work/playground-tester/playground-tester/node_modules/@wp-playground/cli/index.js:237:15)
    at process.processTicksAndRejections (node:internal/process/task_queues:105:5)
    at async V (file:///home/runner/work/playground-tester/playground-tester/node_modules/@wp-playground/cli/index.js:64:10)
    at async ja (file:///home/runner/work/playground-tester/playground-tester/node_modules/@wp-playground/cli/cli.js:8161:12) {
  [cause]: Error: Error when executing the blueprint step #1 ({"step":"installPlugin","pluginData":{"resource":"wordpress.org/plugins","slug":"multiselect-ultimate-query-plugin"},"options":{"activate":true}}) : PHP.run() failed with exit code 255 and the following output: 
      at Object.run (file:///home/runner/work/playground-tester/playground-tester/node_modules/@wp-playground/blueprints/index.js:12449:19)
      at process.processTicksAndRejections (node:internal/process/task_queues:105:5)
      at async ms (file:///home/runner/work/playground-tester/playground-tester/node_modules/@wp-playground/blueprints/index.js:12552:3)
      ... 2 lines matching cause stack trace ...
      at async ja (file:///home/runner/work/playground-tester/playground-tester/node_modules/@wp-playground/cli/cli.js:8161:12) {
    [cause]: PHPExecutionFailureError: PHP.run() failed with exit code 255 and the following output: 
        at PHP.run (file:///home/runner/work/playground-tester/playground-tester/node_modules/@php-wasm/universal/index.js:987:19)
        at process.processTicksAndRejections (node:internal/process/task_queues:105:5)
        at async wr (file:///home/runner/work/playground-tester/playground-tester/node_modules/@wp-playground/blueprints/index.js:33:39)
        at async Object.gt [as installPlugin] (file:///home/runner/work/playground-tester/playground-tester/node_modules/@wp-playground/blueprints/index.js:974:42)
        at async g (file:///home/runner/work/playground-tester/playground-tester/node_modules/@wp-playground/blueprints/index.js:12517:30)
        at async Object.run (file:///home/runner/work/playground-tester/playground-tester/node_modules/@wp-playground/blueprints/index.js:12446:23)
        at async ms (file:///home/runner/work/playground-tester/playground-tester/node_modules/@wp-playground/blueprints/index.js:12552:3)
        at async Object.onBind (file:///home/runner/work/playground-tester/playground-tester/node_modules/@wp-playground/cli/index.js:227:48)
        at async V (file:///home/runner/work/playground-tester/playground-tester/node_modules/@wp-playground/cli/index.js:64:10)
        at async ja (file:///home/runner/work/playground-tester/playground-tester/node_modules/@wp-playground/cli/cli.js:8161:12) {
      response: PHPResponse {
        httpStatusCode: 500,
        headers: {
          'x-powered-by': [ 'PHP/8.0.30-dev' ],
          'content-type': [ 'text/html; charset=UTF-8' ]
        },
        bytes: Uint8Array(0) [],
        exitCode: 255,
        errors: ''
      },
      source: 'request'
    }
  }
}

Node.js v23.11.0
