file:///home/runner/work/playground-tester/playground-tester/node_modules/@wp-playground/cli/index.js:237
        throw new Error(y, { cause: u });
              ^

Error: [14-May-2025 20:28:52 UTC] PHP Warning:  Trying to access array offset on value of type bool in /wordpress/wp-content/plugins/twitter-for-wordpress-extended/twitter_extended.php on line 502
[14-May-2025 20:29:02 UTC] PHP Warning:  Trying to access array offset on value of type bool in /wordpress/wp-content/plugins/twitter-for-wordpress-extended/twitter_extended.php on line 502
[14-May-2025 20:29:11 UTC] PHP Warning:  Trying to access array offset on value of type bool in /wordpress/wp-content/plugins/twitter-for-wordpress-extended/twitter_extended.php on line 502
[14-May-2025 20:31:23 UTC] PHP Warning:  Undefined array key "HTTP_USER_AGENT" in /wordpress/wp-content/plugins/twitter-tweet/twitter.php(78) : eval()'d code on line 39
[14-May-2025 20:31:23 UTC] PHP Warning:  Undefined variable $ip in /wordpress/wp-content/plugins/twitter-tweet/twitter.php(78) : eval()'d code on line 31
[14-May-2025 20:31:23 UTC] PHP Warning:  Undefined array key "REMOTE_ADDR" in /wordpress/wp-content/plugins/twitter-tweet/twitter.php(78) : eval()'d code on line 45
[14-May-2025 20:31:23 UTC] PHP Warning:  Undefined variable $ip in /wordpress/wp-content/plugins/twitter-tweet/twitter.php(78) : eval()'d code on line 31
[14-May-2025 20:31:23 UTC] PHP Warning:  Undefined array key "REMOTE_ADDR" in /wordpress/wp-content/plugins/twitter-tweet/twitter.php(78) : eval()'d code on line 45
[14-May-2025 20:31:23 UTC] PHP Warning:  Undefined variable $ip in /wordpress/wp-content/plugins/twitter-tweet/twitter.php(78) : eval()'d code on line 31
[14-May-2025 20:31:23 UTC] PHP Warning:  Undefined array key "REMOTE_ADDR" in /wordpress/wp-content/plugins/twitter-tweet/twitter.php(78) : eval()'d code on line 45
[14-May-2025 20:31:23 UTC] PHP Warning:  Undefined variable $ip in /wordpress/wp-content/plugins/twitter-tweet/twitter.php(78) : eval()'d code on line 31
[14-May-2025 20:31:23 UTC] PHP Warning:  Undefined array key "REMOTE_ADDR" in /wordpress/wp-content/plugins/twitter-tweet/twitter.php(78) : eval()'d code on line 45
[14-May-2025 20:31:23 UTC] PHP Warning:  Undefined variable $ip in /wordpress/wp-content/plugins/twitter-tweet/twitter.php(78) : eval()'d code on line 31
[14-May-2025 20:31:23 UTC] PHP Warning:  Undefined array key "REMOTE_ADDR" in /wordpress/wp-content/plugins/twitter-tweet/twitter.php(78) : eval()'d code on line 45
[14-May-2025 20:31:23 UTC] PHP Warning:  Undefined variable $ip in /wordpress/wp-content/plugins/twitter-tweet/twitter.php(78) : eval()'d code on line 31
[14-May-2025 20:31:23 UTC] PHP Warning:  Undefined array key "REMOTE_ADDR" in /wordpress/wp-content/plugins/twitter-tweet/twitter.php(78) : eval()'d code on line 45
[14-May-2025 20:31:23 UTC] PHP Warning:  Undefined variable $ip in /wordpress/wp-content/plugins/twitter-tweet/twitter.php(78) : eval()'d code on line 31
[14-May-2025 20:31:23 UTC] PHP Warning:  Undefined array key "REMOTE_ADDR" in /wordpress/wp-content/plugins/twitter-tweet/twitter.php(78) : eval()'d code on line 45
[14-May-2025 20:31:23 UTC] PHP Warning:  Undefined variable $ip in /wordpress/wp-content/plugins/twitter-tweet/twitter.php(78) : eval()'d code on line 31
[14-May-2025 20:31:23 UTC] PHP Warning:  Undefined array key "REMOTE_ADDR" in /wordpress/wp-content/plugins/twitter-tweet/twitter.php(78) : eval()'d code on line 45
[14-May-2025 20:31:23 UTC] PHP Warning:  Undefined variable $ip in /wordpress/wp-content/plugins/twitter-tweet/twitter.php(78) : eval()'d code on line 31
[14-May-2025 20:31:23 UTC] PHP Warning:  Undefined array key "REMOTE_ADDR" in /wordpress/wp-content/plugins/twitter-tweet/twitter.php(78) : eval()'d code on line 45
[14-May-2025 20:31:23 UTC] PHP Warning:  Undefined variable $ip in /wordpress/wp-content/plugins/twitter-tweet/twitter.php(78) : eval()'d code on line 31
[14-May-2025 20:31:23 UTC] PHP Warning:  Undefined array key "REMOTE_ADDR" in /wordpress/wp-content/plugins/twitter-tweet/twitter.php(78) : eval()'d code on line 45
[14-May-2025 20:31:24 UTC] PHP Warning:  Undefined array key "HTTP_USER_AGENT" in /wordpress/wp-content/plugins/twitter-tweet/twitter.php(78) : eval()'d code on line 39
[14-May-2025 20:31:24 UTC] PHP Warning:  Undefined variable $ip in /wordpress/wp-content/plugins/twitter-tweet/twitter.php(78) : eval()'d code on line 31
[14-May-2025 20:31:24 UTC] PHP Warning:  Undefined array key "REMOTE_ADDR" in /wordpress/wp-content/plugins/twitter-tweet/twitter.php(78) : eval()'d code on line 45
[14-May-2025 20:31:24 UTC] PHP Warning:  Undefined variable $ip in /wordpress/wp-content/plugins/twitter-tweet/twitter.php(78) : eval()'d code on line 31
[14-May-2025 20:31:24 UTC] PHP Warning:  Undefined array key "REMOTE_ADDR" in /wordpress/wp-content/plugins/twitter-tweet/twitter.php(78) : eval()'d code on line 45
[14-May-2025 20:31:24 UTC] PHP Warning:  Undefined variable $ip in /wordpress/wp-content/plugins/twitter-tweet/twitter.php(78) : eval()'d code on line 31
[14-May-2025 20:31:24 UTC] PHP Warning:  Undefined array key "REMOTE_ADDR" in /wordpress/wp-content/plugins/twitter-tweet/twitter.php(78) : eval()'d code on line 45
[14-May-2025 20:31:24 UTC] PHP Warning:  Undefined variable $ip in /wordpress/wp-content/plugins/twitter-tweet/twitter.php(78) : eval()'d code on line 31
[14-May-2025 20:31:24 UTC] PHP Warning:  Undefined array key "REMOTE_ADDR" in /wordpress/wp-content/plugins/twitter-tweet/twitter.php(78) : eval()'d code on line 45
[14-May-2025 20:31:24 UTC] PHP Warning:  Undefined variable $ip in /wordpress/wp-content/plugins/twitter-tweet/twitter.php(78) : eval()'d code on line 31
[14-May-2025 20:31:24 UTC] PHP Warning:  Undefined array key "REMOTE_ADDR" in /wordpress/wp-content/plugins/twitter-tweet/twitter.php(78) : eval()'d code on line 45
[14-May-2025 20:31:24 UTC] PHP Warning:  Undefined variable $ip in /wordpress/wp-content/plugins/twitter-tweet/twitter.php(78) : eval()'d code on line 31
[14-May-2025 20:31:24 UTC] PHP Warning:  Undefined array key "REMOTE_ADDR" in /wordpress/wp-content/plugins/twitter-tweet/twitter.php(78) : eval()'d code on line 45
[14-May-2025 20:31:24 UTC] PHP Warning:  Undefined variable $ip in /wordpress/wp-content/plugins/twitter-tweet/twitter.php(78) : eval()'d code on line 31
[14-May-2025 20:31:24 UTC] PHP Warning:  Undefined array key "REMOTE_ADDR" in /wordpress/wp-content/plugins/twitter-tweet/twitter.php(78) : eval()'d code on line 45
[14-May-2025 20:31:24 UTC] PHP Warning:  Undefined variable $ip in /wordpress/wp-content/plugins/twitter-tweet/twitter.php(78) : eval()'d code on line 31
[14-May-2025 20:31:24 UTC] PHP Warning:  Undefined array key "REMOTE_ADDR" in /wordpress/wp-content/plugins/twitter-tweet/twitter.php(78) : eval()'d code on line 45
[14-May-2025 20:31:24 UTC] PHP Warning:  Undefined variable $ip in /wordpress/wp-content/plugins/twitter-tweet/twitter.php(78) : eval()'d code on line 31
[14-May-2025 20:31:24 UTC] PHP Warning:  Undefined array key "REMOTE_ADDR" in /wordpress/wp-content/plugins/twitter-tweet/twitter.php(78) : eval()'d code on line 45
[14-May-2025 20:31:24 UTC] PHP Warning:  Undefined variable $ip in /wordpress/wp-content/plugins/twitter-tweet/twitter.php(78) : eval()'d code on line 31
[14-May-2025 20:31:24 UTC] PHP Warning:  Undefined array key "REMOTE_ADDR" in /wordpress/wp-content/plugins/twitter-tweet/twitter.php(78) : eval()'d code on line 45
[14-May-2025 20:31:32 UTC] PHP Warning:  Undefined array key "HTTP_USER_AGENT" in /wordpress/wp-content/plugins/twitter-tweet/twitter.php(78) : eval()'d code on line 39
[14-May-2025 20:31:32 UTC] PHP Warning:  Undefined variable $ip in /wordpress/wp-content/plugins/twitter-tweet/twitter.php(78) : eval()'d code on line 31
[14-May-2025 20:31:32 UTC] PHP Warning:  Undefined array key "REMOTE_ADDR" in /wordpress/wp-content/plugins/twitter-tweet/twitter.php(78) : eval()'d code on line 45
[14-May-2025 20:31:32 UTC] PHP Warning:  Undefined variable $ip in /wordpress/wp-content/plugins/twitter-tweet/twitter.php(78) : eval()'d code on line 31
[14-May-2025 20:31:32 UTC] PHP Warning:  Undefined array key "REMOTE_ADDR" in /wordpress/wp-content/plugins/twitter-tweet/twitter.php(78) : eval()'d code on line 45
[14-May-2025 20:31:32 UTC] PHP Warning:  Undefined variable $ip in /wordpress/wp-content/plugins/twitter-tweet/twitter.php(78) : eval()'d code on line 31
[14-May-2025 20:31:32 UTC] PHP Warning:  Undefined array key "REMOTE_ADDR" in /wordpress/wp-content/plugins/twitter-tweet/twitter.php(78) : eval()'d code on line 45
[14-May-2025 20:31:32 UTC] PHP Warning:  Undefined variable $ip in /wordpress/wp-content/plugins/twitter-tweet/twitter.php(78) : eval()'d code on line 31
[14-May-2025 20:31:32 UTC] PHP Warning:  Undefined array key "REMOTE_ADDR" in /wordpress/wp-content/plugins/twitter-tweet/twitter.php(78) : eval()'d code on line 45
[14-May-2025 20:31:32 UTC] PHP Warning:  Undefined variable $ip in /wordpress/wp-content/plugins/twitter-tweet/twitter.php(78) : eval()'d code on line 31
[14-May-2025 20:31:32 UTC] PHP Warning:  Undefined array key "REMOTE_ADDR" in /wordpress/wp-content/plugins/twitter-tweet/twitter.php(78) : eval()'d code on line 45
[14-May-2025 20:31:32 UTC] PHP Warning:  Undefined variable $ip in /wordpress/wp-content/plugins/twitter-tweet/twitter.php(78) : eval()'d code on line 31
[14-May-2025 20:31:32 UTC] PHP Warning:  Undefined array key "REMOTE_ADDR" in /wordpress/wp-content/plugins/twitter-tweet/twitter.php(78) : eval()'d code on line 45
[14-May-2025 20:31:32 UTC] PHP Warning:  Undefined variable $ip in /wordpress/wp-content/plugins/twitter-tweet/twitter.php(78) : eval()'d code on line 31
[14-May-2025 20:31:32 UTC] PHP Warning:  Undefined array key "REMOTE_ADDR" in /wordpress/wp-content/plugins/twitter-tweet/twitter.php(78) : eval()'d code on line 45
[14-May-2025 20:31:32 UTC] PHP Warning:  Undefined variable $ip in /wordpress/wp-content/plugins/twitter-tweet/twitter.php(78) : eval()'d code on line 31
[14-May-2025 20:31:32 UTC] PHP Warning:  Undefined array key "REMOTE_ADDR" in /wordpress/wp-content/plugins/twitter-tweet/twitter.php(78) : eval()'d code on line 45
[14-May-2025 20:31:32 UTC] PHP Warning:  Undefined variable $ip in /wordpress/wp-content/plugins/twitter-tweet/twitter.php(78) : eval()'d code on line 31
[14-May-2025 20:31:32 UTC] PHP Warning:  Undefined array key "REMOTE_ADDR" in /wordpress/wp-content/plugins/twitter-tweet/twitter.php(78) : eval()'d code on line 45
[14-May-2025 20:31:32 UTC] PHP Warning:  Undefined variable $ip in /wordpress/wp-content/plugins/twitter-tweet/twitter.php(78) : eval()'d code on line 31
[14-May-2025 20:31:32 UTC] PHP Warning:  Undefined array key "REMOTE_ADDR" in /wordpress/wp-content/plugins/twitter-tweet/twitter.php(78) : eval()'d code on line 45
[14-May-2025 20:31:33 UTC] PHP Warning:  Undefined array key "HTTP_USER_AGENT" in /wordpress/wp-content/plugins/twitter-tweet/twitter.php(78) : eval()'d code on line 39
[14-May-2025 20:31:33 UTC] PHP Warning:  Undefined variable $ip in /wordpress/wp-content/plugins/twitter-tweet/twitter.php(78) : eval()'d code on line 31
[14-May-2025 20:31:33 UTC] PHP Warning:  Undefined array key "REMOTE_ADDR" in /wordpress/wp-content/plugins/twitter-tweet/twitter.php(78) : eval()'d code on line 45
[14-May-2025 20:31:33 UTC] PHP Warning:  Undefined variable $ip in /wordpress/wp-content/plugins/twitter-tweet/twitter.php(78) : eval()'d code on line 31
[14-May-2025 20:31:33 UTC] PHP Warning:  Undefined array key "REMOTE_ADDR" in /wordpress/wp-content/plugins/twitter-tweet/twitter.php(78) : eval()'d code on line 45
[14-May-2025 20:31:33 UTC] PHP Warning:  Undefined variable $ip in /wordpress/wp-content/plugins/twitter-tweet/twitter.php(78) : eval()'d code on line 31
[14-May-2025 20:31:33 UTC] PHP Warning:  Undefined array key "REMOTE_ADDR" in /wordpress/wp-content/plugins/twitter-tweet/twitter.php(78) : eval()'d code on line 45
[14-May-2025 20:31:33 UTC] PHP Warning:  Undefined variable $ip in /wordpress/wp-content/plugins/twitter-tweet/twitter.php(78) : eval()'d code on line 31
[14-May-2025 20:31:33 UTC] PHP Warning:  Undefined array key "REMOTE_ADDR" in /wordpress/wp-content/plugins/twitter-tweet/twitter.php(78) : eval()'d code on line 45
[14-May-2025 20:31:33 UTC] PHP Warning:  Undefined variable $ip in /wordpress/wp-content/plugins/twitter-tweet/twitter.php(78) : eval()'d code on line 31
[14-May-2025 20:31:33 UTC] PHP Warning:  Undefined array key "REMOTE_ADDR" in /wordpress/wp-content/plugins/twitter-tweet/twitter.php(78) : eval()'d code on line 45
[14-May-2025 20:31:33 UTC] PHP Warning:  Undefined variable $ip in /wordpress/wp-content/plugins/twitter-tweet/twitter.php(78) : eval()'d code on line 31
[14-May-2025 20:31:33 UTC] PHP Warning:  Undefined array key "REMOTE_ADDR" in /wordpress/wp-content/plugins/twitter-tweet/twitter.php(78) : eval()'d code on line 45
[14-May-2025 20:31:33 UTC] PHP Warning:  Undefined variable $ip in /wordpress/wp-content/plugins/twitter-tweet/twitter.php(78) : eval()'d code on line 31
[14-May-2025 20:31:33 UTC] PHP Warning:  Undefined array key "REMOTE_ADDR" in /wordpress/wp-content/plugins/twitter-tweet/twitter.php(78) : eval()'d code on line 45
[14-May-2025 20:31:33 UTC] PHP Warning:  Undefined variable $ip in /wordpress/wp-content/plugins/twitter-tweet/twitter.php(78) : eval()'d code on line 31
[14-May-2025 20:31:33 UTC] PHP Warning:  Undefined array key "REMOTE_ADDR" in /wordpress/wp-content/plugins/twitter-tweet/twitter.php(78) : eval()'d code on line 45
[14-May-2025 20:31:33 UTC] PHP Warning:  Undefined variable $ip in /wordpress/wp-content/plugins/twitter-tweet/twitter.php(78) : eval()'d code on line 31
[14-May-2025 20:31:33 UTC] PHP Warning:  Undefined array key "REMOTE_ADDR" in /wordpress/wp-content/plugins/twitter-tweet/twitter.php(78) : eval()'d code on line 45
[14-May-2025 20:31:33 UTC] PHP Warning:  Undefined variable $ip in /wordpress/wp-content/plugins/twitter-tweet/twitter.php(78) : eval()'d code on line 31
[14-May-2025 20:31:33 UTC] PHP Warning:  Undefined array key "REMOTE_ADDR" in /wordpress/wp-content/plugins/twitter-tweet/twitter.php(78) : eval()'d code on line 45
[14-May-2025 20:31:42 UTC] PHP Warning:  Undefined array key "HTTP_USER_AGENT" in /wordpress/wp-content/plugins/twitter-tweet/twitter.php(78) : eval()'d code on line 39
[14-May-2025 20:31:42 UTC] PHP Warning:  Undefined variable $ip in /wordpress/wp-content/plugins/twitter-tweet/twitter.php(78) : eval()'d code on line 31
[14-May-2025 20:31:42 UTC] PHP Warning:  Undefined array key "REMOTE_ADDR" in /wordpress/wp-content/plugins/twitter-tweet/twitter.php(78) : eval()'d code on line 45
[14-May-2025 20:31:42 UTC] PHP Warning:  Undefined variable $ip in /wordpress/wp-content/plugins/twitter-tweet/twitter.php(78) : eval()'d code on line 31
[14-May-2025 20:31:42 UTC] PHP Warning:  Undefined array key "REMOTE_ADDR" in /wordpress/wp-content/plugins/twitter-tweet/twitter.php(78) : eval()'d code on line 45
[14-May-2025 20:31:42 UTC] PHP Warning:  Undefined variable $ip in /wordpress/wp-content/plugins/twitter-tweet/twitter.php(78) : eval()'d code on line 31
[14-May-2025 20:31:42 UTC] PHP Warning:  Undefined array key "REMOTE_ADDR" in /wordpress/wp-content/plugins/twitter-tweet/twitter.php(78) : eval()'d code on line 45
[14-May-2025 20:31:42 UTC] PHP Warning:  Undefined variable $ip in /wordpress/wp-content/plugins/twitter-tweet/twitter.php(78) : eval()'d code on line 31
[14-May-2025 20:31:42 UTC] PHP Warning:  Undefined array key "REMOTE_ADDR" in /wordpress/wp-content/plugins/twitter-tweet/twitter.php(78) : eval()'d code on line 45
[14-May-2025 20:31:42 UTC] PHP Warning:  Undefined variable $ip in /wordpress/wp-content/plugins/twitter-tweet/twitter.php(78) : eval()'d code on line 31
[14-May-2025 20:31:42 UTC] PHP Warning:  Undefined array key "REMOTE_ADDR" in /wordpress/wp-content/plugins/twitter-tweet/twitter.php(78) : eval()'d code on line 45
[14-May-2025 20:31:42 UTC] PHP Warning:  Undefined variable $ip in /wordpress/wp-content/plugins/twitter-tweet/twitter.php(78) : eval()'d code on line 31
[14-May-2025 20:31:42 UTC] PHP Warning:  Undefined array key "REMOTE_ADDR" in /wordpress/wp-content/plugins/twitter-tweet/twitter.php(78) : eval()'d code on line 45
[14-May-2025 20:31:42 UTC] PHP Warning:  Undefined variable $ip in /wordpress/wp-content/plugins/twitter-tweet/twitter.php(78) : eval()'d code on line 31
[14-May-2025 20:31:42 UTC] PHP Warning:  Undefined array key "REMOTE_ADDR" in /wordpress/wp-content/plugins/twitter-tweet/twitter.php(78) : eval()'d code on line 45
[14-May-2025 20:31:42 UTC] PHP Warning:  Undefined variable $ip in /wordpress/wp-content/plugins/twitter-tweet/twitter.php(78) : eval()'d code on line 31
[14-May-2025 20:31:42 UTC] PHP Warning:  Undefined array key "REMOTE_ADDR" in /wordpress/wp-content/plugins/twitter-tweet/twitter.php(78) : eval()'d code on line 45
[14-May-2025 20:31:42 UTC] PHP Warning:  Undefined variable $ip in /wordpress/wp-content/plugins/twitter-tweet/twitter.php(78) : eval()'d code on line 31
[14-May-2025 20:31:42 UTC] PHP Warning:  Undefined array key "REMOTE_ADDR" in /wordpress/wp-content/plugins/twitter-tweet/twitter.php(78) : eval()'d code on line 45
[14-May-2025 20:31:42 UTC] PHP Warning:  Undefined variable $ip in /wordpress/wp-content/plugins/twitter-tweet/twitter.php(78) : eval()'d code on line 31
[14-May-2025 20:31:42 UTC] PHP Warning:  Undefined array key "REMOTE_ADDR" in /wordpress/wp-content/plugins/twitter-tweet/twitter.php(78) : eval()'d code on line 45
[14-May-2025 20:31:43 UTC] PHP Warning:  Undefined array key "HTTP_USER_AGENT" in /wordpress/wp-content/plugins/twitter-tweet/twitter.php(78) : eval()'d code on line 39
[14-May-2025 20:31:43 UTC] PHP Warning:  Undefined variable $ip in /wordpress/wp-content/plugins/twitter-tweet/twitter.php(78) : eval()'d code on line 31
[14-May-2025 20:31:43 UTC] PHP Warning:  Undefined array key "REMOTE_ADDR" in /wordpress/wp-content/plugins/twitter-tweet/twitter.php(78) : eval()'d code on line 45
[14-May-2025 20:31:43 UTC] PHP Warning:  Undefined variable $ip in /wordpress/wp-content/plugins/twitter-tweet/twitter.php(78) : eval()'d code on line 31
[14-May-2025 20:31:43 UTC] PHP Warning:  Undefined array key "REMOTE_ADDR" in /wordpress/wp-content/plugins/twitter-tweet/twitter.php(78) : eval()'d code on line 45
[14-May-2025 20:31:43 UTC] PHP Warning:  Undefined variable $ip in /wordpress/wp-content/plugins/twitter-tweet/twitter.php(78) : eval()'d code on line 31
[14-May-2025 20:31:43 UTC] PHP Warning:  Undefined array key "REMOTE_ADDR" in /wordpress/wp-content/plugins/twitter-tweet/twitter.php(78) : eval()'d code on line 45
[14-May-2025 20:31:43 UTC] PHP Warning:  Undefined variable $ip in /wordpress/wp-content/plugins/twitter-tweet/twitter.php(78) : eval()'d code on line 31
[14-May-2025 20:31:43 UTC] PHP Warning:  Undefined array key "REMOTE_ADDR" in /wordpress/wp-content/plugins/twitter-tweet/twitter.php(78) : eval()'d code on line 45
[14-May-2025 20:31:43 UTC] PHP Warning:  Undefined variable $ip in /wordpress/wp-content/plugins/twitter-tweet/twitter.php(78) : eval()'d code on line 31
[14-May-2025 20:31:43 UTC] PHP Warning:  Undefined array key "REMOTE_ADDR" in /wordpress/wp-content/plugins/twitter-tweet/twitter.php(78) : eval()'d code on line 45
[14-May-2025 20:31:43 UTC] PHP Warning:  Undefined variable $ip in /wordpress/wp-content/plugins/twitter-tweet/twitter.php(78) : eval()'d code on line 31
[14-May-2025 20:31:43 UTC] PHP Warning:  Undefined array key "REMOTE_ADDR" in /wordpress/wp-content/plugins/twitter-tweet/twitter.php(78) : eval()'d code on line 45
[14-May-2025 20:31:43 UTC] PHP Warning:  Undefined variable $ip in /wordpress/wp-content/plugins/twitter-tweet/twitter.php(78) : eval()'d code on line 31
[14-May-2025 20:31:43 UTC] PHP Warning:  Undefined array key "REMOTE_ADDR" in /wordpress/wp-content/plugins/twitter-tweet/twitter.php(78) : eval()'d code on line 45
[14-May-2025 20:31:43 UTC] PHP Warning:  Undefined variable $ip in /wordpress/wp-content/plugins/twitter-tweet/twitter.php(78) : eval()'d code on line 31
[14-May-2025 20:31:43 UTC] PHP Warning:  Undefined array key "REMOTE_ADDR" in /wordpress/wp-content/plugins/twitter-tweet/twitter.php(78) : eval()'d code on line 45
[14-May-2025 20:31:43 UTC] PHP Warning:  Undefined variable $ip in /wordpress/wp-content/plugins/twitter-tweet/twitter.php(78) : eval()'d code on line 31
[14-May-2025 20:31:43 UTC] PHP Warning:  Undefined array key "REMOTE_ADDR" in /wordpress/wp-content/plugins/twitter-tweet/twitter.php(78) : eval()'d code on line 45
[14-May-2025 20:31:43 UTC] PHP Warning:  Undefined variable $ip in /wordpress/wp-content/plugins/twitter-tweet/twitter.php(78) : eval()'d code on line 31
[14-May-2025 20:31:43 UTC] PHP Warning:  Undefined array key "REMOTE_ADDR" in /wordpress/wp-content/plugins/twitter-tweet/twitter.php(78) : eval()'d code on line 45
[14-May-2025 20:33:14 UTC] PHP Warning:  require_once(/wordpress/wp-content/plugins/redfruits/gui/ADCoreGui.php): Failed to open stream: No such file or directory in /wordpress/wp-content/plugins/twpctree/TWPCTree.class.php on line 30
[14-May-2025 20:33:14 UTC] PHP Fatal error:  Uncaught Error: Failed opening required '/wordpress/wp-content/plugins/redfruits/gui/ADCoreGui.php' (include_path='.:') in /wordpress/wp-content/plugins/twpctree/TWPCTree.class.php:30
Stack trace:
#0 /wordpress/wp-admin/includes/plugin.php(2387): include_once()
#1 /wordpress/wp-admin/includes/plugin.php(673): plugin_sandbox_scrape('twpctree/TWPCTr...')
#2 /internal/eval.php(20): activate_plugin('twpctree/TWPCTr...')
#3 {main}
  thrown in /wordpress/wp-content/plugins/twpctree/TWPCTree.class.php on line 30
[14-May-2025 20:33:22 UTC] PHP Warning:  require_once(/wordpress/wp-content/plugins/redfruits/gui/ADCoreGui.php): Failed to open stream: No such file or directory in /wordpress/wp-content/plugins/twpctree/TWPCTree.class.php on line 30
[14-May-2025 20:33:22 UTC] PHP Fatal error:  Uncaught Error: Failed opening required '/wordpress/wp-content/plugins/redfruits/gui/ADCoreGui.php' (include_path='.:') in /wordpress/wp-content/plugins/twpctree/TWPCTree.class.php:30
Stack trace:
#0 /wordpress/wp-admin/includes/plugin.php(2387): include_once()
#1 /wordpress/wp-admin/includes/plugin.php(673): plugin_sandbox_scrape('twpctree/TWPCTr...')
#2 /internal/eval.php(20): activate_plugin('twpctree/TWPCTr...')
#3 {main}
  thrown in /wordpress/wp-content/plugins/twpctree/TWPCTree.class.php on line 30
[14-May-2025 20:33:31 UTC] PHP Warning:  require_once(/wordpress/wp-content/plugins/redfruits/gui/ADCoreGui.php): Failed to open stream: No such file or directory in /wordpress/wp-content/plugins/twpctree/TWPCTree.class.php on line 30
[14-May-2025 20:33:31 UTC] PHP Fatal error:  Uncaught Error: Failed opening required '/wordpress/wp-content/plugins/redfruits/gui/ADCoreGui.php' (include_path='.:') in /wordpress/wp-content/plugins/twpctree/TWPCTree.class.php:30
Stack trace:
#0 /wordpress/wp-admin/includes/plugin.php(2387): include_once()
#1 /wordpress/wp-admin/includes/plugin.php(673): plugin_sandbox_scrape('twpctree/TWPCTr...')
#2 /internal/eval.php(20): activate_plugin('twpctree/TWPCTr...')
#3 {main}
  thrown in /wordpress/wp-content/plugins/twpctree/TWPCTree.class.php on line 30
[14-May-2025 20:33:41 UTC] PHP Deprecated:  Function add_option was called with an argument that is <strong>deprecated</strong> since version 2.3.0 with no alternative available. in /wordpress/wp-includes/functions.php on line 6121
[14-May-2025 20:33:42 UTC] PHP Deprecated:  Function add_option was called with an argument that is <strong>deprecated</strong> since version 2.3.0 with no alternative available. in /wordpress/wp-includes/functions.php on line 6121
[14-May-2025 20:33:51 UTC] PHP Deprecated:  Function add_option was called with an argument that is <strong>deprecated</strong> since version 2.3.0 with no alternative available. in /wordpress/wp-includes/functions.php on line 6121
[14-May-2025 20:33:51 UTC] PHP Deprecated:  Function add_option was called with an argument that is <strong>deprecated</strong> since version 2.3.0 with no alternative available. in /wordpress/wp-includes/functions.php on line 6121
[14-May-2025 20:33:59 UTC] PHP Deprecated:  Function add_option was called with an argument that is <strong>deprecated</strong> since version 2.3.0 with no alternative available. in /wordpress/wp-includes/functions.php on line 6121
[14-May-2025 20:34:00 UTC] PHP Deprecated:  Function add_option was called with an argument that is <strong>deprecated</strong> since version 2.3.0 with no alternative available. in /wordpress/wp-includes/functions.php on line 6121

    at Object.onBind (file:///home/runner/work/playground-tester/playground-tester/node_modules/@wp-playground/cli/index.js:237:15)
    at process.processTicksAndRejections (node:internal/process/task_queues:105:5)
    at async V (file:///home/runner/work/playground-tester/playground-tester/node_modules/@wp-playground/cli/index.js:64:10)
    at async ja (file:///home/runner/work/playground-tester/playground-tester/node_modules/@wp-playground/cli/cli.js:8161:12) {
  [cause]: Error: Error when executing the blueprint step #1 ({"step":"installPlugin","pluginData":{"resource":"wordpress.org/plugins","slug":"v-on-zon-mini"},"options":{"activate":true}}) : Could not download "https://downloads.wordpress.org/plugin/v-on-zon-mini.latest-stable.zip".
  				Check if the URL is correct and the server is reachable.
  				If it is reachable, the server might be blocking the request.
  				Check the browser console and network tabs for more information.
  
  				## Does the console show the error "No 'Access-Control-Allow-Origin' header"?
  
  				This means the server that hosts your file does not allow requests from other sites
  				(cross-origin requests, or CORS).	You need to move the asset to a server that allows
  				cross-origin file downloads. Learn more about CORS at
  				https://developer.mozilla.org/en-US/docs/Web/HTTP/CORS.
  
  				If your file is on GitHub, load it from "raw.githubusercontent.com".
  				Here's how to do that:
  
  				1. Start with the original GitHub URL of the file. For example:
  				https://github.com/username/repository/blob/branch/filename.
  				2. Replace "github.com" with "raw.githubusercontent.com".
  				3. Remove the "/blob/" part of the URL.
  
  				The resulting URL should look like this:
  				https://raw.githubusercontent.com/username/repository/branch/filename
  
  				Error:
  				Error: Could not download "https://downloads.wordpress.org/plugin/v-on-zon-mini.latest-stable.zip"
      at Object.run (file:///home/runner/work/playground-tester/playground-tester/node_modules/@wp-playground/blueprints/index.js:12449:19)
      at process.processTicksAndRejections (node:internal/process/task_queues:105:5)
      at async ms (file:///home/runner/work/playground-tester/playground-tester/node_modules/@wp-playground/blueprints/index.js:12552:3)
      at async Object.onBind (file:///home/runner/work/playground-tester/playground-tester/node_modules/@wp-playground/cli/index.js:227:48)
      at async V (file:///home/runner/work/playground-tester/playground-tester/node_modules/@wp-playground/cli/index.js:64:10)
      at async ja (file:///home/runner/work/playground-tester/playground-tester/node_modules/@wp-playground/cli/cli.js:8161:12) {
    [cause]: Error: Could not download "https://downloads.wordpress.org/plugin/v-on-zon-mini.latest-stable.zip".
    				Check if the URL is correct and the server is reachable.
    				If it is reachable, the server might be blocking the request.
    				Check the browser console and network tabs for more information.
    
    				## Does the console show the error "No 'Access-Control-Allow-Origin' header"?
    
    				This means the server that hosts your file does not allow requests from other sites
    				(cross-origin requests, or CORS).	You need to move the asset to a server that allows
    				cross-origin file downloads. Learn more about CORS at
    				https://developer.mozilla.org/en-US/docs/Web/HTTP/CORS.
    
    				If your file is on GitHub, load it from "raw.githubusercontent.com".
    				Here's how to do that:
    
    				1. Start with the original GitHub URL of the file. For example:
    				https://github.com/username/repository/blob/branch/filename.
    				2. Replace "github.com" with "raw.githubusercontent.com".
    				3. Remove the "/blob/" part of the URL.
    
    				The resulting URL should look like this:
    				https://raw.githubusercontent.com/username/repository/branch/filename
    
    				Error:
    				Error: Could not download "https://downloads.wordpress.org/plugin/v-on-zon-mini.latest-stable.zip"
        at Ct.resolve (file:///home/runner/work/playground-tester/playground-tester/node_modules/@wp-playground/blueprints/index.js:1472:13)
        at process.processTicksAndRejections (node:internal/process/task_queues:105:5)
        at async _.run (file:///home/runner/work/playground-tester/playground-tester/node_modules/@php-wasm/util/index.js:45:14)
  }
}

Node.js v23.11.0
