file:///home/runner/work/playground-tester/playground-tester/node_modules/@wp-playground/cli/index.js:237
        throw new Error(y, { cause: u });
              ^

Error: [16-Apr-2025 13:11:52 UTC] PHP Warning:  "continue" targeting switch is equivalent to "break". Did you mean to use "continue 2"? in /wordpress/wp-content/plugins/livejournal-crossposter-remake/livejournal-crossposter-remake.php on line 308
[16-Apr-2025 13:11:53 UTC] PHP Warning:  "continue" targeting switch is equivalent to "break". Did you mean to use "continue 2"? in /wordpress/wp-content/plugins/livejournal-crossposter-remake/livejournal-crossposter-remake.php on line 308
[16-Apr-2025 13:12:01 UTC] PHP Warning:  "continue" targeting switch is equivalent to "break". Did you mean to use "continue 2"? in /wordpress/wp-content/plugins/livejournal-crossposter-remake/livejournal-crossposter-remake.php on line 308
[16-Apr-2025 13:12:02 UTC] PHP Warning:  "continue" targeting switch is equivalent to "break". Did you mean to use "continue 2"? in /wordpress/wp-content/plugins/livejournal-crossposter-remake/livejournal-crossposter-remake.php on line 308
[16-Apr-2025 13:12:10 UTC] PHP Warning:  "continue" targeting switch is equivalent to "break". Did you mean to use "continue 2"? in /wordpress/wp-content/plugins/livejournal-crossposter-remake/livejournal-crossposter-remake.php on line 308
[16-Apr-2025 13:12:11 UTC] PHP Warning:  "continue" targeting switch is equivalent to "break". Did you mean to use "continue 2"? in /wordpress/wp-content/plugins/livejournal-crossposter-remake/livejournal-crossposter-remake.php on line 308
[16-Apr-2025 13:12:20 UTC] PHP Fatal error:  Declaration of LJXP_Walker_Category_Checklist::start_lvl(&$output, $depth, $args) must be compatible with Walker::start_lvl(&$output, $depth = 0, $args = []) in /wordpress/wp-content/plugins/lj-xp/lj-xp-options.php on line 771
[16-Apr-2025 13:12:27 UTC] PHP Fatal error:  Declaration of LJXP_Walker_Category_Checklist::start_lvl(&$output, $depth, $args) must be compatible with Walker::start_lvl(&$output, $depth = 0, $args = []) in /wordpress/wp-content/plugins/lj-xp/lj-xp-options.php on line 771
[16-Apr-2025 13:12:35 UTC] PHP Fatal error:  Declaration of LJXP_Walker_Category_Checklist::start_lvl(&$output, $depth, $args) must be compatible with Walker::start_lvl(&$output, $depth = 0, $args = []) in /wordpress/wp-content/plugins/lj-xp/lj-xp-options.php on line 771
[16-Apr-2025 13:14:08 UTC] PHP Deprecated:  Required parameter $user_ID follows optional parameter $action in /wordpress/wp-content/plugins/login-registration-redirects-manager/includes/class-redirects-manager.php on line 199
[16-Apr-2025 13:14:17 UTC] PHP Deprecated:  Required parameter $user_ID follows optional parameter $action in /wordpress/wp-content/plugins/login-registration-redirects-manager/includes/class-redirects-manager.php on line 199
[16-Apr-2025 13:14:26 UTC] PHP Deprecated:  Required parameter $user_ID follows optional parameter $action in /wordpress/wp-content/plugins/login-registration-redirects-manager/includes/class-redirects-manager.php on line 199
[16-Apr-2025 13:16:34 UTC] PHP Warning:  The magic method HG_Login::__wakeup() must have public visibility in /wordpress/wp-content/plugins/login-social/login.php on line 71
[16-Apr-2025 13:16:34 UTC] PHP Warning:  The magic method WPDEV_Settings_API::__wakeup() must have public visibility in /wordpress/wp-content/plugins/login-social/vendor/wpdev-settings-api/class-wpdev-settings-api.php on line 166
[16-Apr-2025 13:16:35 UTC] PHP Warning:  The magic method HG_Login::__wakeup() must have public visibility in /wordpress/wp-content/plugins/login-social/login.php on line 71
[16-Apr-2025 13:16:35 UTC] PHP Warning:  The magic method WPDEV_Settings_API::__wakeup() must have public visibility in /wordpress/wp-content/plugins/login-social/vendor/wpdev-settings-api/class-wpdev-settings-api.php on line 166
[16-Apr-2025 13:16:44 UTC] PHP Warning:  The magic method HG_Login::__wakeup() must have public visibility in /wordpress/wp-content/plugins/login-social/login.php on line 71
[16-Apr-2025 13:16:44 UTC] PHP Warning:  The magic method WPDEV_Settings_API::__wakeup() must have public visibility in /wordpress/wp-content/plugins/login-social/vendor/wpdev-settings-api/class-wpdev-settings-api.php on line 166
[16-Apr-2025 13:16:45 UTC] PHP Warning:  The magic method HG_Login::__wakeup() must have public visibility in /wordpress/wp-content/plugins/login-social/login.php on line 71
[16-Apr-2025 13:16:45 UTC] PHP Warning:  The magic method WPDEV_Settings_API::__wakeup() must have public visibility in /wordpress/wp-content/plugins/login-social/vendor/wpdev-settings-api/class-wpdev-settings-api.php on line 166
[16-Apr-2025 13:16:54 UTC] PHP Warning:  The magic method HG_Login::__wakeup() must have public visibility in /wordpress/wp-content/plugins/login-social/login.php on line 71
[16-Apr-2025 13:16:54 UTC] PHP Warning:  The magic method WPDEV_Settings_API::__wakeup() must have public visibility in /wordpress/wp-content/plugins/login-social/vendor/wpdev-settings-api/class-wpdev-settings-api.php on line 166
[16-Apr-2025 13:16:55 UTC] PHP Warning:  The magic method HG_Login::__wakeup() must have public visibility in /wordpress/wp-content/plugins/login-social/login.php on line 71
[16-Apr-2025 13:16:55 UTC] PHP Warning:  The magic method WPDEV_Settings_API::__wakeup() must have public visibility in /wordpress/wp-content/plugins/login-social/vendor/wpdev-settings-api/class-wpdev-settings-api.php on line 166
[16-Apr-2025 13:17:30 UTC] PHP Deprecated:  The called constructor method for WP_Widget class in PrayerTimesWidget is <strong>deprecated</strong> since version 4.3.0! Use <code>__construct()</code> instead. in /wordpress/wp-includes/functions.php on line 6121
[16-Apr-2025 13:17:39 UTC] PHP Deprecated:  The called constructor method for WP_Widget class in PrayerTimesWidget is <strong>deprecated</strong> since version 4.3.0! Use <code>__construct()</code> instead. in /wordpress/wp-includes/functions.php on line 6121
[16-Apr-2025 13:17:48 UTC] PHP Deprecated:  The called constructor method for WP_Widget class in PrayerTimesWidget is <strong>deprecated</strong> since version 4.3.0! Use <code>__construct()</code> instead. in /wordpress/wp-includes/functions.php on line 6121

    at Object.onBind (file:///home/runner/work/playground-tester/playground-tester/node_modules/@wp-playground/cli/index.js:237:15)
    at process.processTicksAndRejections (node:internal/process/task_queues:105:5)
    at async V (file:///home/runner/work/playground-tester/playground-tester/node_modules/@wp-playground/cli/index.js:64:10)
    at async ja (file:///home/runner/work/playground-tester/playground-tester/node_modules/@wp-playground/cli/cli.js:8161:12) {
  [cause]: Error: Error when executing the blueprint step #1 ({"step":"installPlugin","pluginData":{"resource":"wordpress.org/plugins","slug":"iiriya-media-gallery"},"options":{"activate":true}}) : Could not download "https://downloads.wordpress.org/plugin/iiriya-media-gallery.latest-stable.zip".
  				Check if the URL is correct and the server is reachable.
  				If it is reachable, the server might be blocking the request.
  				Check the browser console and network tabs for more information.
  
  				## Does the console show the error "No 'Access-Control-Allow-Origin' header"?
  
  				This means the server that hosts your file does not allow requests from other sites
  				(cross-origin requests, or CORS).	You need to move the asset to a server that allows
  				cross-origin file downloads. Learn more about CORS at
  				https://developer.mozilla.org/en-US/docs/Web/HTTP/CORS.
  
  				If your file is on GitHub, load it from "raw.githubusercontent.com".
  				Here's how to do that:
  
  				1. Start with the original GitHub URL of the file. For example:
  				https://github.com/username/repository/blob/branch/filename.
  				2. Replace "github.com" with "raw.githubusercontent.com".
  				3. Remove the "/blob/" part of the URL.
  
  				The resulting URL should look like this:
  				https://raw.githubusercontent.com/username/repository/branch/filename
  
  				Error:
  				Error: Could not download "https://downloads.wordpress.org/plugin/iiriya-media-gallery.latest-stable.zip"
      at Object.run (file:///home/runner/work/playground-tester/playground-tester/node_modules/@wp-playground/blueprints/index.js:12449:19)
      at process.processTicksAndRejections (node:internal/process/task_queues:105:5)
      at async ms (file:///home/runner/work/playground-tester/playground-tester/node_modules/@wp-playground/blueprints/index.js:12552:3)
      at async Object.onBind (file:///home/runner/work/playground-tester/playground-tester/node_modules/@wp-playground/cli/index.js:227:48)
      at async V (file:///home/runner/work/playground-tester/playground-tester/node_modules/@wp-playground/cli/index.js:64:10)
      at async ja (file:///home/runner/work/playground-tester/playground-tester/node_modules/@wp-playground/cli/cli.js:8161:12) {
    [cause]: Error: Could not download "https://downloads.wordpress.org/plugin/iiriya-media-gallery.latest-stable.zip".
    				Check if the URL is correct and the server is reachable.
    				If it is reachable, the server might be blocking the request.
    				Check the browser console and network tabs for more information.
    
    				## Does the console show the error "No 'Access-Control-Allow-Origin' header"?
    
    				This means the server that hosts your file does not allow requests from other sites
    				(cross-origin requests, or CORS).	You need to move the asset to a server that allows
    				cross-origin file downloads. Learn more about CORS at
    				https://developer.mozilla.org/en-US/docs/Web/HTTP/CORS.
    
    				If your file is on GitHub, load it from "raw.githubusercontent.com".
    				Here's how to do that:
    
    				1. Start with the original GitHub URL of the file. For example:
    				https://github.com/username/repository/blob/branch/filename.
    				2. Replace "github.com" with "raw.githubusercontent.com".
    				3. Remove the "/blob/" part of the URL.
    
    				The resulting URL should look like this:
    				https://raw.githubusercontent.com/username/repository/branch/filename
    
    				Error:
    				Error: Could not download "https://downloads.wordpress.org/plugin/iiriya-media-gallery.latest-stable.zip"
        at Ct.resolve (file:///home/runner/work/playground-tester/playground-tester/node_modules/@wp-playground/blueprints/index.js:1472:13)
        at process.processTicksAndRejections (node:internal/process/task_queues:105:5)
        at async _.run (file:///home/runner/work/playground-tester/playground-tester/node_modules/@php-wasm/util/index.js:45:14)
  }
}

Node.js v23.11.0
