file:///home/runner/work/playground-tester/playground-tester/node_modules/@wp-playground/cli/run-cli-j-geJYS3.js:325
        throw new Error($, { cause: h });
              ^

Error: [04-Jul-2025 20:29:36 UTC] PHP Fatal error:  Uncaught Error: Undefined constant "A2Z_PLUGIN_PATH" in /wordpress/wp-content/plugins/ayar-unicode-toolbar/ayar2zt.php:14
Stack trace:
#0 /wordpress/wp-admin/includes/plugin.php(2387): include_once()
#1 /wordpress/wp-admin/includes/plugin.php(673): plugin_sandbox_scrape('ayar-unicode-to...')
#2 /internal/eval.php(20): activate_plugin('ayar-unicode-to...')
#3 {main}
  thrown in /wordpress/wp-content/plugins/ayar-unicode-toolbar/ayar2zt.php on line 14
[04-Jul-2025 20:29:46 UTC] PHP Fatal error:  Uncaught Error: Undefined constant "A2Z_PLUGIN_PATH" in /wordpress/wp-content/plugins/ayar-unicode-toolbar/ayar2zt.php:14
Stack trace:
#0 /wordpress/wp-admin/includes/plugin.php(2387): include_once()
#1 /wordpress/wp-admin/includes/plugin.php(673): plugin_sandbox_scrape('ayar-unicode-to...')
#2 /internal/eval.php(20): activate_plugin('ayar-unicode-to...')
#3 {main}
  thrown in /wordpress/wp-content/plugins/ayar-unicode-toolbar/ayar2zt.php on line 14
[04-Jul-2025 20:29:54 UTC] PHP Fatal error:  Uncaught Error: Undefined constant "A2Z_PLUGIN_PATH" in /wordpress/wp-content/plugins/ayar-unicode-toolbar/ayar2zt.php:14
Stack trace:
#0 /wordpress/wp-admin/includes/plugin.php(2387): include_once()
#1 /wordpress/wp-admin/includes/plugin.php(673): plugin_sandbox_scrape('ayar-unicode-to...')
#2 /internal/eval.php(20): activate_plugin('ayar-unicode-to...')
#3 {main}
  thrown in /wordpress/wp-content/plugins/ayar-unicode-toolbar/ayar2zt.php on line 14
[04-Jul-2025 20:29:59 UTC] PHP Fatal error:  Uncaught Error: Call to undefined function create_function() in /wordpress/wp-content/plugins/ayat-al-quran/AyatAlQuran.php:79
Stack trace:
#0 /wordpress/wp-admin/includes/plugin.php(2387): include_once()
#1 /wordpress/wp-admin/includes/plugin.php(673): plugin_sandbox_scrape('ayat-al-quran/A...')
#2 /internal/eval.php(20): activate_plugin('ayat-al-quran/A...')
#3 {main}
  thrown in /wordpress/wp-content/plugins/ayat-al-quran/AyatAlQuran.php on line 79
[04-Jul-2025 20:30:07 UTC] PHP Fatal error:  Uncaught Error: Call to undefined function create_function() in /wordpress/wp-content/plugins/ayat-al-quran/AyatAlQuran.php:79
Stack trace:
#0 /wordpress/wp-admin/includes/plugin.php(2387): include_once()
#1 /wordpress/wp-admin/includes/plugin.php(673): plugin_sandbox_scrape('ayat-al-quran/A...')
#2 /internal/eval.php(20): activate_plugin('ayat-al-quran/A...')
#3 {main}
  thrown in /wordpress/wp-content/plugins/ayat-al-quran/AyatAlQuran.php on line 79
[04-Jul-2025 20:30:15 UTC] PHP Fatal error:  Uncaught Error: Call to undefined function create_function() in /wordpress/wp-content/plugins/ayat-al-quran/AyatAlQuran.php:79
Stack trace:
#0 /wordpress/wp-admin/includes/plugin.php(2387): include_once()
#1 /wordpress/wp-admin/includes/plugin.php(673): plugin_sandbox_scrape('ayat-al-quran/A...')
#2 /internal/eval.php(20): activate_plugin('ayat-al-quran/A...')
#3 {main}
  thrown in /wordpress/wp-content/plugins/ayat-al-quran/AyatAlQuran.php on line 79
[04-Jul-2025 20:30:24 UTC] PHP Deprecated:  File upgrade-functions.php is <strong>deprecated</strong> since version 2.5.0! Use wp-admin/includes/upgrade.php instead. in /wordpress/wp-includes/functions.php on line 6121
[04-Jul-2025 20:30:25 UTC] PHP Fatal error:  Uncaught Error: Undefined constant "REMOTE_ADDR" in /wordpress/wp-content/plugins/az-one/az-one.php:85
Stack trace:
#0 /wordpress/wp-content/plugins/az-one/az-one.php(75): az_one_get_amazon_store()
#1 /wordpress/wp-includes/class-wp-hook.php(324): az_one_set_cookie('')
#2 /wordpress/wp-includes/class-wp-hook.php(348): WP_Hook->apply_filters(NULL, Array)
#3 /wordpress/wp-includes/plugin.php(517): WP_Hook->do_action(Array)
#4 /wordpress/wp-settings.php(727): do_action('init')
#5 /wordpress/wp-config.php(102): require_once('/wordpress/wp-s...')
#6 /wordpress/wp-load.php(50): require_once('/wordpress/wp-c...')
#7 /internal/eval.php(3): require_once('/wordpress/wp-l...')
#8 {main}
  thrown in /wordpress/wp-content/plugins/az-one/az-one.php on line 85
[04-Jul-2025 20:30:32 UTC] PHP Deprecated:  File upgrade-functions.php is <strong>deprecated</strong> since version 2.5.0! Use wp-admin/includes/upgrade.php instead. in /wordpress/wp-includes/functions.php on line 6121
[04-Jul-2025 20:30:34 UTC] PHP Fatal error:  Uncaught Error: Undefined constant "REMOTE_ADDR" in /wordpress/wp-content/plugins/az-one/az-one.php:85
Stack trace:
#0 /wordpress/wp-content/plugins/az-one/az-one.php(75): az_one_get_amazon_store()
#1 /wordpress/wp-includes/class-wp-hook.php(324): az_one_set_cookie('')
#2 /wordpress/wp-includes/class-wp-hook.php(348): WP_Hook->apply_filters(NULL, Array)
#3 /wordpress/wp-includes/plugin.php(517): WP_Hook->do_action(Array)
#4 /wordpress/wp-settings.php(727): do_action('init')
#5 /wordpress/wp-config.php(102): require_once('/wordpress/wp-s...')
#6 /wordpress/wp-load.php(50): require_once('/wordpress/wp-c...')
#7 /internal/eval.php(3): require_once('/wordpress/wp-l...')
#8 {main}
  thrown in /wordpress/wp-content/plugins/az-one/az-one.php on line 85
[04-Jul-2025 20:30:42 UTC] PHP Deprecated:  File upgrade-functions.php is <strong>deprecated</strong> since version 2.5.0! Use wp-admin/includes/upgrade.php instead. in /wordpress/wp-includes/functions.php on line 6121
[04-Jul-2025 20:30:43 UTC] PHP Fatal error:  Uncaught Error: Undefined constant "REMOTE_ADDR" in /wordpress/wp-content/plugins/az-one/az-one.php:85
Stack trace:
#0 /wordpress/wp-content/plugins/az-one/az-one.php(75): az_one_get_amazon_store()
#1 /wordpress/wp-includes/class-wp-hook.php(324): az_one_set_cookie('')
#2 /wordpress/wp-includes/class-wp-hook.php(348): WP_Hook->apply_filters(NULL, Array)
#3 /wordpress/wp-includes/plugin.php(517): WP_Hook->do_action(Array)
#4 /wordpress/wp-settings.php(727): do_action('init')
#5 /wordpress/wp-config.php(102): require_once('/wordpress/wp-s...')
#6 /wordpress/wp-load.php(50): require_once('/wordpress/wp-c...')
#7 /internal/eval.php(3): require_once('/wordpress/wp-l...')
#8 {main}
  thrown in /wordpress/wp-content/plugins/az-one/az-one.php on line 85
[04-Jul-2025 20:30:54 UTC] PHP Notice:  Function _load_textdomain_just_in_time was called <strong>incorrectly</strong>. Translation loading for the <code>kirki</code> domain was triggered too early. This is usually an indicator for some code in the plugin or theme running too early. Translations should be loaded at the <code>init</code> action or later. Please see <a href="https://developer.wordpress.org/advanced-administration/debug/debug-wordpress/">Debugging in WordPress</a> for more information. (This message was added in version 6.7.0.) in /wordpress/wp-includes/functions.php on line 6121
[04-Jul-2025 20:31:04 UTC] PHP Notice:  Function _load_textdomain_just_in_time was called <strong>incorrectly</strong>. Translation loading for the <code>kirki</code> domain was triggered too early. This is usually an indicator for some code in the plugin or theme running too early. Translations should be loaded at the <code>init</code> action or later. Please see <a href="https://developer.wordpress.org/advanced-administration/debug/debug-wordpress/">Debugging in WordPress</a> for more information. (This message was added in version 6.7.0.) in /wordpress/wp-includes/functions.php on line 6121
[04-Jul-2025 20:31:15 UTC] PHP Notice:  Function _load_textdomain_just_in_time was called <strong>incorrectly</strong>. Translation loading for the <code>kirki</code> domain was triggered too early. This is usually an indicator for some code in the plugin or theme running too early. Translations should be loaded at the <code>init</code> action or later. Please see <a href="https://developer.wordpress.org/advanced-administration/debug/debug-wordpress/">Debugging in WordPress</a> for more information. (This message was added in version 6.7.0.) in /wordpress/wp-includes/functions.php on line 6121
[04-Jul-2025 20:33:24 UTC] PHP Fatal error:  Uncaught Error: Call to undefined function create_function() in /wordpress/wp-content/plugins/baby-loader/babyloader.php:82
Stack trace:
#0 /wordpress/wp-admin/includes/plugin.php(2387): include_once()
#1 /wordpress/wp-admin/includes/plugin.php(673): plugin_sandbox_scrape('baby-loader/bab...')
#2 /internal/eval.php(20): activate_plugin('baby-loader/bab...')
#3 {main}
  thrown in /wordpress/wp-content/plugins/baby-loader/babyloader.php on line 82
[04-Jul-2025 20:33:32 UTC] PHP Fatal error:  Uncaught Error: Call to undefined function create_function() in /wordpress/wp-content/plugins/baby-loader/babyloader.php:82
Stack trace:
#0 /wordpress/wp-admin/includes/plugin.php(2387): include_once()
#1 /wordpress/wp-admin/includes/plugin.php(673): plugin_sandbox_scrape('baby-loader/bab...')
#2 /internal/eval.php(20): activate_plugin('baby-loader/bab...')
#3 {main}
  thrown in /wordpress/wp-content/plugins/baby-loader/babyloader.php on line 82
[04-Jul-2025 20:33:41 UTC] PHP Fatal error:  Uncaught Error: Call to undefined function create_function() in /wordpress/wp-content/plugins/baby-loader/babyloader.php:82
Stack trace:
#0 /wordpress/wp-admin/includes/plugin.php(2387): include_once()
#1 /wordpress/wp-admin/includes/plugin.php(673): plugin_sandbox_scrape('baby-loader/bab...')
#2 /internal/eval.php(20): activate_plugin('baby-loader/bab...')
#3 {main}
  thrown in /wordpress/wp-content/plugins/baby-loader/babyloader.php on line 82
[04-Jul-2025 20:35:07 UTC] PHP Warning:  Trying to access array offset on value of type bool in /wordpress/wp-content/plugins/backtracks/includes/api/backtracks-api.php on line 246
[04-Jul-2025 20:35:16 UTC] PHP Warning:  Trying to access array offset on value of type bool in /wordpress/wp-content/plugins/backtracks/includes/api/backtracks-api.php on line 246
[04-Jul-2025 20:35:25 UTC] PHP Warning:  Trying to access array offset on value of type bool in /wordpress/wp-content/plugins/backtracks/includes/api/backtracks-api.php on line 246
[04-Jul-2025 20:35:36 UTC] PHP Fatal error:  Uncaught TypeError: fwrite(): supplied resource is not a valid stream resource in /wordpress/wp-content/plugins/backup-wp/classes/Sns_Error_Handler.php:83
Stack trace:
#0 /wordpress/wp-content/plugins/backup-wp/classes/Sns_Error_Handler.php(83): fwrite(Resource id #612, '[2025-07-04 20:...')
#1 /wordpress/wp-content/plugins/backup-wp/classes/Sns_Error_Handler.php(74): Sns_Error_Handler::log_error('[2025-07-04 20:...')
#2 /wordpress/wp-content/plugins/backup-wp/classes/Sns_Error_Handler.php(24): Sns_Error_Handler::app_error_handler(2, 'Trying to acces...', '/wordpress/wp-c...', 24)
#3 [internal function]: Sns_Error_Handler::fatal_error_handler()
#4 {main}
  thrown in /wordpress/wp-content/plugins/backup-wp/classes/Sns_Error_Handler.php on line 83
[04-Jul-2025 20:35:37 UTC] PHP Fatal error:  Uncaught TypeError: fwrite(): supplied resource is not a valid stream resource in /wordpress/wp-content/plugins/backup-wp/classes/Sns_Error_Handler.php:83
Stack trace:
#0 /wordpress/wp-content/plugins/backup-wp/classes/Sns_Error_Handler.php(83): fwrite(Resource id #464, '[2025-07-04 20:...')
#1 /wordpress/wp-content/plugins/backup-wp/classes/Sns_Error_Handler.php(74): Sns_Error_Handler::log_error('[2025-07-04 20:...')
#2 /wordpress/wp-content/plugins/backup-wp/classes/Sns_Error_Handler.php(24): Sns_Error_Handler::app_error_handler(2, 'Trying to acces...', '/wordpress/wp-c...', 24)
#3 [internal function]: Sns_Error_Handler::fatal_error_handler()
#4 {main}
  thrown in /wordpress/wp-content/plugins/backup-wp/classes/Sns_Error_Handler.php on line 83
[04-Jul-2025 20:35:46 UTC] PHP Fatal error:  Uncaught TypeError: fwrite(): supplied resource is not a valid stream resource in /wordpress/wp-content/plugins/backup-wp/classes/Sns_Error_Handler.php:83
Stack trace:
#0 /wordpress/wp-content/plugins/backup-wp/classes/Sns_Error_Handler.php(83): fwrite(Resource id #512, '[2025-07-04 20:...')
#1 /wordpress/wp-content/plugins/backup-wp/classes/Sns_Error_Handler.php(74): Sns_Error_Handler::log_error('[2025-07-04 20:...')
#2 /wordpress/wp-content/plugins/backup-wp/classes/Sns_Error_Handler.php(24): Sns_Error_Handler::app_error_handler(2, 'Trying to acces...', '/wordpress/wp-c...', 24)
#3 [internal function]: Sns_Error_Handler::fatal_error_handler()
#4 {main}
  thrown in /wordpress/wp-content/plugins/backup-wp/classes/Sns_Error_Handler.php on line 83
[04-Jul-2025 20:35:47 UTC] PHP Fatal error:  Uncaught TypeError: fwrite(): supplied resource is not a valid stream resource in /wordpress/wp-content/plugins/backup-wp/classes/Sns_Error_Handler.php:83
Stack trace:
#0 /wordpress/wp-content/plugins/backup-wp/classes/Sns_Error_Handler.php(83): fwrite(Resource id #464, '[2025-07-04 20:...')
#1 /wordpress/wp-content/plugins/backup-wp/classes/Sns_Error_Handler.php(74): Sns_Error_Handler::log_error('[2025-07-04 20:...')
#2 /wordpress/wp-content/plugins/backup-wp/classes/Sns_Error_Handler.php(24): Sns_Error_Handler::app_error_handler(2, 'Trying to acces...', '/wordpress/wp-c...', 24)
#3 [internal function]: Sns_Error_Handler::fatal_error_handler()
#4 {main}
  thrown in /wordpress/wp-content/plugins/backup-wp/classes/Sns_Error_Handler.php on line 83
[04-Jul-2025 20:35:55 UTC] PHP Fatal error:  Uncaught TypeError: fwrite(): supplied resource is not a valid stream resource in /wordpress/wp-content/plugins/backup-wp/classes/Sns_Error_Handler.php:83
Stack trace:
#0 /wordpress/wp-content/plugins/backup-wp/classes/Sns_Error_Handler.php(83): fwrite(Resource id #512, '[2025-07-04 20:...')
#1 /wordpress/wp-content/plugins/backup-wp/classes/Sns_Error_Handler.php(74): Sns_Error_Handler::log_error('[2025-07-04 20:...')
#2 /wordpress/wp-content/plugins/backup-wp/classes/Sns_Error_Handler.php(24): Sns_Error_Handler::app_error_handler(2, 'Trying to acces...', '/wordpress/wp-c...', 24)
#3 [internal function]: Sns_Error_Handler::fatal_error_handler()
#4 {main}
  thrown in /wordpress/wp-content/plugins/backup-wp/classes/Sns_Error_Handler.php on line 83
[04-Jul-2025 20:35:56 UTC] PHP Fatal error:  Uncaught TypeError: fwrite(): supplied resource is not a valid stream resource in /wordpress/wp-content/plugins/backup-wp/classes/Sns_Error_Handler.php:83
Stack trace:
#0 /wordpress/wp-content/plugins/backup-wp/classes/Sns_Error_Handler.php(83): fwrite(Resource id #464, '[2025-07-04 20:...')
#1 /wordpress/wp-content/plugins/backup-wp/classes/Sns_Error_Handler.php(74): Sns_Error_Handler::log_error('[2025-07-04 20:...')
#2 /wordpress/wp-content/plugins/backup-wp/classes/Sns_Error_Handler.php(24): Sns_Error_Handler::app_error_handler(2, 'Trying to acces...', '/wordpress/wp-c...', 24)
#3 [internal function]: Sns_Error_Handler::fatal_error_handler()
#4 {main}
  thrown in /wordpress/wp-content/plugins/backup-wp/classes/Sns_Error_Handler.php on line 83
[04-Jul-2025 20:36:34 UTC] PHP Notice:  Function _load_textdomain_just_in_time was called <strong>incorrectly</strong>. Translation loading for the <code>backwpup</code> domain was triggered too early. This is usually an indicator for some code in the plugin or theme running too early. Translations should be loaded at the <code>init</code> action or later. Please see <a href="https://developer.wordpress.org/advanced-administration/debug/debug-wordpress/">Debugging in WordPress</a> for more information. (This message was added in version 6.7.0.) in /wordpress/wp-includes/functions.php on line 6121
[04-Jul-2025 20:37:17 UTC] PHP Notice:  Function _load_textdomain_just_in_time was called <strong>incorrectly</strong>. Translation loading for the <code>backwpup</code> domain was triggered too early. This is usually an indicator for some code in the plugin or theme running too early. Translations should be loaded at the <code>init</code> action or later. Please see <a href="https://developer.wordpress.org/advanced-administration/debug/debug-wordpress/">Debugging in WordPress</a> for more information. (This message was added in version 6.7.0.) in /wordpress/wp-includes/functions.php on line 6121
[04-Jul-2025 20:38:01 UTC] PHP Notice:  Function _load_textdomain_just_in_time was called <strong>incorrectly</strong>. Translation loading for the <code>backwpup</code> domain was triggered too early. This is usually an indicator for some code in the plugin or theme running too early. Translations should be loaded at the <code>init</code> action or later. Please see <a href="https://developer.wordpress.org/advanced-administration/debug/debug-wordpress/">Debugging in WordPress</a> for more information. (This message was added in version 6.7.0.) in /wordpress/wp-includes/functions.php on line 6121
[04-Jul-2025 20:38:35 UTC] PHP Fatal error:  Uncaught Error: Call to undefined function create_function() in /wordpress/wp-content/plugins/bangla-al-quran/BanglaAlQuran.php:79
Stack trace:
#0 /wordpress/wp-admin/includes/plugin.php(2387): include_once()
#1 /wordpress/wp-admin/includes/plugin.php(673): plugin_sandbox_scrape('bangla-al-quran...')
#2 /internal/eval.php(20): activate_plugin('bangla-al-quran...')
#3 {main}
  thrown in /wordpress/wp-content/plugins/bangla-al-quran/BanglaAlQuran.php on line 79

    at Object.onBind (file:///home/runner/work/playground-tester/playground-tester/node_modules/@wp-playground/cli/run-cli-j-geJYS3.js:325:15)
    at process.processTicksAndRejections (node:internal/process/task_queues:105:5)
    at async re (file:///home/runner/work/playground-tester/playground-tester/node_modules/@wp-playground/cli/run-cli-j-geJYS3.js:149:10) {
  [cause]: Error: Error when executing the blueprint step #5 ({"step":"installPlugin","pluginData":{"resource":"wordpress.org/plugins","slug":"bangla-al-quran"},"options":{"activate":true}}) : PHP.run() failed with exit code 255 and the following output: 
      at Object.run (file:///home/runner/work/playground-tester/playground-tester/node_modules/@wp-playground/blueprints/index.js:12093:19)
      at process.processTicksAndRejections (node:internal/process/task_queues:105:5)
      at async ys (file:///home/runner/work/playground-tester/playground-tester/node_modules/@wp-playground/blueprints/index.js:12196:3)
      at async Object.onBind (file:///home/runner/work/playground-tester/playground-tester/node_modules/@wp-playground/cli/run-cli-j-geJYS3.js:315:48)
      at async re (file:///home/runner/work/playground-tester/playground-tester/node_modules/@wp-playground/cli/run-cli-j-geJYS3.js:149:10) {
    [cause]: PHPExecutionFailureError: PHP.run() failed with exit code 255 and the following output: 
        at PHP.run (file:///home/runner/work/playground-tester/playground-tester/node_modules/@php-wasm/universal/index.js:1034:19)
        at process.processTicksAndRejections (node:internal/process/task_queues:105:5)
        at async wr (file:///home/runner/work/playground-tester/playground-tester/node_modules/@wp-playground/blueprints/index.js:34:39)
        at async Object.gt [as installPlugin] (file:///home/runner/work/playground-tester/playground-tester/node_modules/@wp-playground/blueprints/index.js:631:42)
        at async g (file:///home/runner/work/playground-tester/playground-tester/node_modules/@wp-playground/blueprints/index.js:12161:30)
        at async Object.run (file:///home/runner/work/playground-tester/playground-tester/node_modules/@wp-playground/blueprints/index.js:12090:23)
        at async ys (file:///home/runner/work/playground-tester/playground-tester/node_modules/@wp-playground/blueprints/index.js:12196:3)
        at async Object.onBind (file:///home/runner/work/playground-tester/playground-tester/node_modules/@wp-playground/cli/run-cli-j-geJYS3.js:315:48)
        at async re (file:///home/runner/work/playground-tester/playground-tester/node_modules/@wp-playground/cli/run-cli-j-geJYS3.js:149:10) {
      response: PHPResponse {
        httpStatusCode: 500,
        headers: {
          'x-powered-by': [ 'PHP/8.0.30-dev' ],
          'content-type': [ 'text/html; charset=UTF-8' ]
        },
        bytes: Uint8Array(0) [],
        exitCode: 255,
        errors: ''
      },
      source: 'request'
    }
  }
}

Node.js v23.11.0
