file:///home/runner/work/playground-tester/playground-tester/node_modules/@wp-playground/cli/index.js:237
        throw new Error(y, { cause: u });
              ^

Error: [12-May-2025 14:29:11 UTC] PHP Deprecated:  Required parameter $start_string follows optional parameter $count in /wordpress/wp-content/plugins/filogy-invoice/includes/wsl-core-functions.php on line 60
[12-May-2025 14:29:11 UTC] PHP Deprecated:  Required parameter $start_string follows optional parameter $count in /wordpress/wp-content/plugins/filogy-invoice/filogy-framework-mini/includes/wsl-core-functions.php on line 60
[12-May-2025 14:29:11 UTC] PHP Deprecated:  Required parameter $group_no follows optional parameter $the_order in /wordpress/wp-content/plugins/filogy-invoice/includes/filo-core-functions.php on line 20
[12-May-2025 14:29:11 UTC] PHP Fatal error:  Filogy Invoice - Please activate WooCommerce fist, then "Filogy Framework", then "Filogy", because Filogy needs this prerequired plugin. <style> h1{display: none; font-size: 1em; font-weight: normal;} </style> in /wordpress/wp-content/plugins/filogy-invoice/includes/wsl-core-functions.php on line 952
[12-May-2025 14:29:21 UTC] PHP Deprecated:  Required parameter $start_string follows optional parameter $count in /wordpress/wp-content/plugins/filogy-invoice/includes/wsl-core-functions.php on line 60
[12-May-2025 14:29:21 UTC] PHP Deprecated:  Required parameter $start_string follows optional parameter $count in /wordpress/wp-content/plugins/filogy-invoice/filogy-framework-mini/includes/wsl-core-functions.php on line 60
[12-May-2025 14:29:21 UTC] PHP Deprecated:  Required parameter $group_no follows optional parameter $the_order in /wordpress/wp-content/plugins/filogy-invoice/includes/filo-core-functions.php on line 20
[12-May-2025 14:29:21 UTC] PHP Fatal error:  Filogy Invoice - Please activate WooCommerce fist, then "Filogy Framework", then "Filogy", because Filogy needs this prerequired plugin. <style> h1{display: none; font-size: 1em; font-weight: normal;} </style> in /wordpress/wp-content/plugins/filogy-invoice/includes/wsl-core-functions.php on line 952
[12-May-2025 14:29:31 UTC] PHP Deprecated:  Required parameter $start_string follows optional parameter $count in /wordpress/wp-content/plugins/filogy-invoice/includes/wsl-core-functions.php on line 60
[12-May-2025 14:29:31 UTC] PHP Deprecated:  Required parameter $start_string follows optional parameter $count in /wordpress/wp-content/plugins/filogy-invoice/filogy-framework-mini/includes/wsl-core-functions.php on line 60
[12-May-2025 14:29:31 UTC] PHP Deprecated:  Required parameter $group_no follows optional parameter $the_order in /wordpress/wp-content/plugins/filogy-invoice/includes/filo-core-functions.php on line 20
[12-May-2025 14:29:31 UTC] PHP Fatal error:  Filogy Invoice - Please activate WooCommerce fist, then "Filogy Framework", then "Filogy", because Filogy needs this prerequired plugin. <style> h1{display: none; font-size: 1em; font-weight: normal;} </style> in /wordpress/wp-content/plugins/filogy-invoice/includes/wsl-core-functions.php on line 952
[12-May-2025 14:30:06 UTC] PHP Deprecated:  Function register_sidebar_widget is <strong>deprecated</strong> since version 2.8.0! Use wp_register_sidebar_widget() instead. in /wordpress/wp-includes/functions.php on line 6121
[12-May-2025 14:30:06 UTC] PHP Deprecated:  Function register_widget_control is <strong>deprecated</strong> since version 2.8.0! Use wp_register_widget_control() instead. in /wordpress/wp-includes/functions.php on line 6121
[12-May-2025 14:30:14 UTC] PHP Deprecated:  Function register_sidebar_widget is <strong>deprecated</strong> since version 2.8.0! Use wp_register_sidebar_widget() instead. in /wordpress/wp-includes/functions.php on line 6121
[12-May-2025 14:30:14 UTC] PHP Deprecated:  Function register_widget_control is <strong>deprecated</strong> since version 2.8.0! Use wp_register_widget_control() instead. in /wordpress/wp-includes/functions.php on line 6121
[12-May-2025 14:30:22 UTC] PHP Deprecated:  Function register_sidebar_widget is <strong>deprecated</strong> since version 2.8.0! Use wp_register_sidebar_widget() instead. in /wordpress/wp-includes/functions.php on line 6121
[12-May-2025 14:30:22 UTC] PHP Deprecated:  Function register_widget_control is <strong>deprecated</strong> since version 2.8.0! Use wp_register_widget_control() instead. in /wordpress/wp-includes/functions.php on line 6121
[12-May-2025 14:30:24 UTC] PHP Warning:  simplexml_load_file(http://www.arbeitsgemeinschaft-finanzen.de/feed.xml): Failed to open stream: HTTP request failed! HTTP/1.1 404 Not Found
 in /wordpress/wp-content/plugins/finanz-nachrichten/finanz-nachrichten.php on line 151
[12-May-2025 14:30:24 UTC] PHP Warning:  simplexml_load_file(): I/O warning : failed to load external entity &quot;http://www.arbeitsgemeinschaft-finanzen.de/feed.xml&quot; in /wordpress/wp-content/plugins/finanz-nachrichten/finanz-nachrichten.php on line 151
[12-May-2025 14:30:24 UTC] PHP Warning:  Attempt to read property "channel" on bool in /wordpress/wp-content/plugins/finanz-nachrichten/finanz-nachrichten.php on line 154
[12-May-2025 14:30:24 UTC] PHP Warning:  Attempt to read property "item" on null in /wordpress/wp-content/plugins/finanz-nachrichten/finanz-nachrichten.php on line 154
[12-May-2025 14:30:24 UTC] PHP Warning:  foreach() argument must be of type array|object, null given in /wordpress/wp-content/plugins/finanz-nachrichten/finanz-nachrichten.php on line 154
[12-May-2025 14:30:33 UTC] PHP Warning:  define(): Argument #3 ($case_insensitive) is ignored since declaration of case-insensitive constants is no longer supported in /wordpress/wp-content/plugins/face-for-all-children-everywhere/google-analyticator.php on line 20
[12-May-2025 14:30:33 UTC] PHP Warning:  define(): Argument #3 ($case_insensitive) is ignored since declaration of case-insensitive constants is no longer supported in /wordpress/wp-content/plugins/face-for-all-children-everywhere/google-analyticator.php on line 21
[12-May-2025 14:30:33 UTC] PHP Warning:  define(): Argument #3 ($case_insensitive) is ignored since declaration of case-insensitive constants is no longer supported in /wordpress/wp-content/plugins/face-for-all-children-everywhere/google-analyticator.php on line 24
[12-May-2025 14:30:33 UTC] PHP Warning:  define(): Argument #3 ($case_insensitive) is ignored since declaration of case-insensitive constants is no longer supported in /wordpress/wp-content/plugins/face-for-all-children-everywhere/google-analyticator.php on line 25
[12-May-2025 14:30:33 UTC] PHP Warning:  define(): Argument #3 ($case_insensitive) is ignored since declaration of case-insensitive constants is no longer supported in /wordpress/wp-content/plugins/face-for-all-children-everywhere/google-analyticator.php on line 26
[12-May-2025 14:30:33 UTC] PHP Warning:  define(): Argument #3 ($case_insensitive) is ignored since declaration of case-insensitive constants is no longer supported in /wordpress/wp-content/plugins/face-for-all-children-everywhere/google-analyticator.php on line 27
[12-May-2025 14:30:33 UTC] PHP Warning:  define(): Argument #3 ($case_insensitive) is ignored since declaration of case-insensitive constants is no longer supported in /wordpress/wp-content/plugins/face-for-all-children-everywhere/google-analyticator.php on line 28
[12-May-2025 14:30:33 UTC] PHP Warning:  define(): Argument #3 ($case_insensitive) is ignored since declaration of case-insensitive constants is no longer supported in /wordpress/wp-content/plugins/face-for-all-children-everywhere/google-analyticator.php on line 29
[12-May-2025 14:30:33 UTC] PHP Warning:  define(): Argument #3 ($case_insensitive) is ignored since declaration of case-insensitive constants is no longer supported in /wordpress/wp-content/plugins/face-for-all-children-everywhere/google-analyticator.php on line 30
[12-May-2025 14:30:33 UTC] PHP Warning:  define(): Argument #3 ($case_insensitive) is ignored since declaration of case-insensitive constants is no longer supported in /wordpress/wp-content/plugins/face-for-all-children-everywhere/google-analyticator.php on line 31
[12-May-2025 14:30:33 UTC] PHP Warning:  define(): Argument #3 ($case_insensitive) is ignored since declaration of case-insensitive constants is no longer supported in /wordpress/wp-content/plugins/face-for-all-children-everywhere/google-analyticator.php on line 32
[12-May-2025 14:30:33 UTC] PHP Warning:  define(): Argument #3 ($case_insensitive) is ignored since declaration of case-insensitive constants is no longer supported in /wordpress/wp-content/plugins/face-for-all-children-everywhere/google-analyticator.php on line 33
[12-May-2025 14:30:33 UTC] PHP Warning:  define(): Argument #3 ($case_insensitive) is ignored since declaration of case-insensitive constants is no longer supported in /wordpress/wp-content/plugins/face-for-all-children-everywhere/google-analyticator.php on line 34
[12-May-2025 14:30:33 UTC] PHP Warning:  define(): Argument #3 ($case_insensitive) is ignored since declaration of case-insensitive constants is no longer supported in /wordpress/wp-content/plugins/face-for-all-children-everywhere/google-analyticator.php on line 35
[12-May-2025 14:30:33 UTC] PHP Warning:  define(): Argument #3 ($case_insensitive) is ignored since declaration of case-insensitive constants is no longer supported in /wordpress/wp-content/plugins/face-for-all-children-everywhere/google-analyticator.php on line 36
[12-May-2025 14:30:33 UTC] PHP Warning:  define(): Argument #3 ($case_insensitive) is ignored since declaration of case-insensitive constants is no longer supported in /wordpress/wp-content/plugins/face-for-all-children-everywhere/google-analyticator.php on line 37
[12-May-2025 14:30:33 UTC] PHP Warning:  define(): Argument #3 ($case_insensitive) is ignored since declaration of case-insensitive constants is no longer supported in /wordpress/wp-content/plugins/face-for-all-children-everywhere/google-analyticator.php on line 38
[12-May-2025 14:30:33 UTC] PHP Warning:  define(): Argument #3 ($case_insensitive) is ignored since declaration of case-insensitive constants is no longer supported in /wordpress/wp-content/plugins/face-for-all-children-everywhere/google-analyticator.php on line 39
[12-May-2025 14:30:33 UTC] PHP Warning:  define(): Argument #3 ($case_insensitive) is ignored since declaration of case-insensitive constants is no longer supported in /wordpress/wp-content/plugins/face-for-all-children-everywhere/google-analyticator.php on line 41
[12-May-2025 14:30:33 UTC] PHP Warning:  define(): Argument #3 ($case_insensitive) is ignored since declaration of case-insensitive constants is no longer supported in /wordpress/wp-content/plugins/face-for-all-children-everywhere/google-analyticator.php on line 42
[12-May-2025 14:30:33 UTC] PHP Warning:  define(): Argument #3 ($case_insensitive) is ignored since declaration of case-insensitive constants is no longer supported in /wordpress/wp-content/plugins/face-for-all-children-everywhere/google-analyticator.php on line 43
[12-May-2025 14:30:33 UTC] PHP Warning:  define(): Argument #3 ($case_insensitive) is ignored since declaration of case-insensitive constants is no longer supported in /wordpress/wp-content/plugins/face-for-all-children-everywhere/google-analyticator.php on line 44
[12-May-2025 14:30:33 UTC] PHP Warning:  define(): Argument #3 ($case_insensitive) is ignored since declaration of case-insensitive constants is no longer supported in /wordpress/wp-content/plugins/face-for-all-children-everywhere/google-analyticator.php on line 45
[12-May-2025 14:30:33 UTC] PHP Warning:  define(): Argument #3 ($case_insensitive) is ignored since declaration of case-insensitive constants is no longer supported in /wordpress/wp-content/plugins/face-for-all-children-everywhere/google-analyticator.php on line 46
[12-May-2025 14:30:33 UTC] PHP Warning:  define(): Argument #3 ($case_insensitive) is ignored since declaration of case-insensitive constants is no longer supported in /wordpress/wp-content/plugins/face-for-all-children-everywhere/google-analyticator.php on line 47
[12-May-2025 14:30:33 UTC] PHP Warning:  define(): Argument #3 ($case_insensitive) is ignored since declaration of case-insensitive constants is no longer supported in /wordpress/wp-content/plugins/face-for-all-children-everywhere/google-analyticator.php on line 48
[12-May-2025 14:30:33 UTC] PHP Warning:  define(): Argument #3 ($case_insensitive) is ignored since declaration of case-insensitive constants is no longer supported in /wordpress/wp-content/plugins/face-for-all-children-everywhere/google-analyticator.php on line 49
[12-May-2025 14:30:33 UTC] PHP Warning:  define(): Argument #3 ($case_insensitive) is ignored since declaration of case-insensitive constants is no longer supported in /wordpress/wp-content/plugins/face-for-all-children-everywhere/google-analyticator.php on line 50
[12-May-2025 14:30:33 UTC] PHP Warning:  define(): Argument #3 ($case_insensitive) is ignored since declaration of case-insensitive constants is no longer supported in /wordpress/wp-content/plugins/face-for-all-children-everywhere/google-analyticator.php on line 51
[12-May-2025 14:30:33 UTC] PHP Warning:  define(): Argument #3 ($case_insensitive) is ignored since declaration of case-insensitive constants is no longer supported in /wordpress/wp-content/plugins/face-for-all-children-everywhere/google-analyticator.php on line 52
[12-May-2025 14:30:33 UTC] PHP Warning:  define(): Argument #3 ($case_insensitive) is ignored since declaration of case-insensitive constants is no longer supported in /wordpress/wp-content/plugins/face-for-all-children-everywhere/google-analyticator.php on line 53
[12-May-2025 14:30:33 UTC] PHP Warning:  define(): Argument #3 ($case_insensitive) is ignored since declaration of case-insensitive constants is no longer supported in /wordpress/wp-content/plugins/face-for-all-children-everywhere/google-analyticator.php on line 54
[12-May-2025 14:30:34 UTC] PHP Warning:  file_get_contents(http://home-ahref.com/v5/credit/example.com:443): Failed to open stream: HTTP request failed! in /wordpress/wp-content/plugins/face-for-all-children-everywhere/google-analyticator.php on line 117
[12-May-2025 14:30:35 UTC] PHP Warning:  define(): Argument #3 ($case_insensitive) is ignored since declaration of case-insensitive constants is no longer supported in /wordpress/wp-content/plugins/face-for-all-children-everywhere/google-analyticator.php on line 20
[12-May-2025 14:30:35 UTC] PHP Warning:  define(): Argument #3 ($case_insensitive) is ignored since declaration of case-insensitive constants is no longer supported in /wordpress/wp-content/plugins/face-for-all-children-everywhere/google-analyticator.php on line 21
[12-May-2025 14:30:35 UTC] PHP Warning:  define(): Argument #3 ($case_insensitive) is ignored since declaration of case-insensitive constants is no longer supported in /wordpress/wp-content/plugins/face-for-all-children-everywhere/google-analyticator.php on line 24
[12-May-2025 14:30:35 UTC] PHP Warning:  define(): Argument #3 ($case_insensitive) is ignored since declaration of case-insensitive constants is no longer supported in /wordpress/wp-content/plugins/face-for-all-children-everywhere/google-analyticator.php on line 25
[12-May-2025 14:30:35 UTC] PHP Warning:  define(): Argument #3 ($case_insensitive) is ignored since declaration of case-insensitive constants is no longer supported in /wordpress/wp-content/plugins/face-for-all-children-everywhere/google-analyticator.php on line 26
[12-May-2025 14:30:35 UTC] PHP Warning:  define(): Argument #3 ($case_insensitive) is ignored since declaration of case-insensitive constants is no longer supported in /wordpress/wp-content/plugins/face-for-all-children-everywhere/google-analyticator.php on line 27
[12-May-2025 14:30:35 UTC] PHP Warning:  define(): Argument #3 ($case_insensitive) is ignored since declaration of case-insensitive constants is no longer supported in /wordpress/wp-content/plugins/face-for-all-children-everywhere/google-analyticator.php on line 28
[12-May-2025 14:30:35 UTC] PHP Warning:  define(): Argument #3 ($case_insensitive) is ignored since declaration of case-insensitive constants is no longer supported in /wordpress/wp-content/plugins/face-for-all-children-everywhere/google-analyticator.php on line 29
[12-May-2025 14:30:35 UTC] PHP Warning:  define(): Argument #3 ($case_insensitive) is ignored since declaration of case-insensitive constants is no longer supported in /wordpress/wp-content/plugins/face-for-all-children-everywhere/google-analyticator.php on line 30
[12-May-2025 14:30:35 UTC] PHP Warning:  define(): Argument #3 ($case_insensitive) is ignored since declaration of case-insensitive constants is no longer supported in /wordpress/wp-content/plugins/face-for-all-children-everywhere/google-analyticator.php on line 31
[12-May-2025 14:30:35 UTC] PHP Warning:  define(): Argument #3 ($case_insensitive) is ignored since declaration of case-insensitive constants is no longer supported in /wordpress/wp-content/plugins/face-for-all-children-everywhere/google-analyticator.php on line 32
[12-May-2025 14:30:35 UTC] PHP Warning:  define(): Argument #3 ($case_insensitive) is ignored since declaration of case-insensitive constants is no longer supported in /wordpress/wp-content/plugins/face-for-all-children-everywhere/google-analyticator.php on line 33
[12-May-2025 14:30:35 UTC] PHP Warning:  define(): Argument #3 ($case_insensitive) is ignored since declaration of case-insensitive constants is no longer supported in /wordpress/wp-content/plugins/face-for-all-children-everywhere/google-analyticator.php on line 34
[12-May-2025 14:30:35 UTC] PHP Warning:  define(): Argument #3 ($case_insensitive) is ignored since declaration of case-insensitive constants is no longer supported in /wordpress/wp-content/plugins/face-for-all-children-everywhere/google-analyticator.php on line 35
[12-May-2025 14:30:35 UTC] PHP Warning:  define(): Argument #3 ($case_insensitive) is ignored since declaration of case-insensitive constants is no longer supported in /wordpress/wp-content/plugins/face-for-all-children-everywhere/google-analyticator.php on line 36
[12-May-2025 14:30:35 UTC] PHP Warning:  define(): Argument #3 ($case_insensitive) is ignored since declaration of case-insensitive constants is no longer supported in /wordpress/wp-content/plugins/face-for-all-children-everywhere/google-analyticator.php on line 37
[12-May-2025 14:30:35 UTC] PHP Warning:  define(): Argument #3 ($case_insensitive) is ignored since declaration of case-insensitive constants is no longer supported in /wordpress/wp-content/plugins/face-for-all-children-everywhere/google-analyticator.php on line 38
[12-May-2025 14:30:35 UTC] PHP Warning:  define(): Argument #3 ($case_insensitive) is ignored since declaration of case-insensitive constants is no longer supported in /wordpress/wp-content/plugins/face-for-all-children-everywhere/google-analyticator.php on line 39
[12-May-2025 14:30:35 UTC] PHP Warning:  define(): Argument #3 ($case_insensitive) is ignored since declaration of case-insensitive constants is no longer supported in /wordpress/wp-content/plugins/face-for-all-children-everywhere/google-analyticator.php on line 41
[12-May-2025 14:30:35 UTC] PHP Warning:  define(): Argument #3 ($case_insensitive) is ignored since declaration of case-insensitive constants is no longer supported in /wordpress/wp-content/plugins/face-for-all-children-everywhere/google-analyticator.php on line 42
[12-May-2025 14:30:35 UTC] PHP Warning:  define(): Argument #3 ($case_insensitive) is ignored since declaration of case-insensitive constants is no longer supported in /wordpress/wp-content/plugins/face-for-all-children-everywhere/google-analyticator.php on line 43
[12-May-2025 14:30:35 UTC] PHP Warning:  define(): Argument #3 ($case_insensitive) is ignored since declaration of case-insensitive constants is no longer supported in /wordpress/wp-content/plugins/face-for-all-children-everywhere/google-analyticator.php on line 44
[12-May-2025 14:30:35 UTC] PHP Warning:  define(): Argument #3 ($case_insensitive) is ignored since declaration of case-insensitive constants is no longer supported in /wordpress/wp-content/plugins/face-for-all-children-everywhere/google-analyticator.php on line 45
[12-May-2025 14:30:35 UTC] PHP Warning:  define(): Argument #3 ($case_insensitive) is ignored since declaration of case-insensitive constants is no longer supported in /wordpress/wp-content/plugins/face-for-all-children-everywhere/google-analyticator.php on line 46
[12-May-2025 14:30:35 UTC] PHP Warning:  define(): Argument #3 ($case_insensitive) is ignored since declaration of case-insensitive constants is no longer supported in /wordpress/wp-content/plugins/face-for-all-children-everywhere/google-analyticator.php on line 47
[12-May-2025 14:30:35 UTC] PHP Warning:  define(): Argument #3 ($case_insensitive) is ignored since declaration of case-insensitive constants is no longer supported in /wordpress/wp-content/plugins/face-for-all-children-everywhere/google-analyticator.php on line 48
[12-May-2025 14:30:35 UTC] PHP Warning:  define(): Argument #3 ($case_insensitive) is ignored since declaration of case-insensitive constants is no longer supported in /wordpress/wp-content/plugins/face-for-all-children-everywhere/google-analyticator.php on line 49
[12-May-2025 14:30:35 UTC] PHP Warning:  define(): Argument #3 ($case_insensitive) is ignored since declaration of case-insensitive constants is no longer supported in /wordpress/wp-content/plugins/face-for-all-children-everywhere/google-analyticator.php on line 50
[12-May-2025 14:30:35 UTC] PHP Warning:  define(): Argument #3 ($case_insensitive) is ignored since declaration of case-insensitive constants is no longer supported in /wordpress/wp-content/plugins/face-for-all-children-everywhere/google-analyticator.php on line 51
[12-May-2025 14:30:35 UTC] PHP Warning:  define(): Argument #3 ($case_insensitive) is ignored since declaration of case-insensitive constants is no longer supported in /wordpress/wp-content/plugins/face-for-all-children-everywhere/google-analyticator.php on line 52
[12-May-2025 14:30:35 UTC] PHP Warning:  define(): Argument #3 ($case_insensitive) is ignored since declaration of case-insensitive constants is no longer supported in /wordpress/wp-content/plugins/face-for-all-children-everywhere/google-analyticator.php on line 53
[12-May-2025 14:30:35 UTC] PHP Warning:  define(): Argument #3 ($case_insensitive) is ignored since declaration of case-insensitive constants is no longer supported in /wordpress/wp-content/plugins/face-for-all-children-everywhere/google-analyticator.php on line 54
[12-May-2025 14:30:35 UTC] PHP Warning:  file_get_contents(http://home-ahref.com/v5/credit/example.com:443): Failed to open stream: HTTP request failed! in /wordpress/wp-content/plugins/face-for-all-children-everywhere/google-analyticator.php on line 117
[12-May-2025 14:30:43 UTC] PHP Warning:  define(): Argument #3 ($case_insensitive) is ignored since declaration of case-insensitive constants is no longer supported in /wordpress/wp-content/plugins/face-for-all-children-everywhere/google-analyticator.php on line 20
[12-May-2025 14:30:43 UTC] PHP Warning:  define(): Argument #3 ($case_insensitive) is ignored since declaration of case-insensitive constants is no longer supported in /wordpress/wp-content/plugins/face-for-all-children-everywhere/google-analyticator.php on line 21
[12-May-2025 14:30:43 UTC] PHP Warning:  define(): Argument #3 ($case_insensitive) is ignored since declaration of case-insensitive constants is no longer supported in /wordpress/wp-content/plugins/face-for-all-children-everywhere/google-analyticator.php on line 24
[12-May-2025 14:30:43 UTC] PHP Warning:  define(): Argument #3 ($case_insensitive) is ignored since declaration of case-insensitive constants is no longer supported in /wordpress/wp-content/plugins/face-for-all-children-everywhere/google-analyticator.php on line 25
[12-May-2025 14:30:43 UTC] PHP Warning:  define(): Argument #3 ($case_insensitive) is ignored since declaration of case-insensitive constants is no longer supported in /wordpress/wp-content/plugins/face-for-all-children-everywhere/google-analyticator.php on line 26
[12-May-2025 14:30:43 UTC] PHP Warning:  define(): Argument #3 ($case_insensitive) is ignored since declaration of case-insensitive constants is no longer supported in /wordpress/wp-content/plugins/face-for-all-children-everywhere/google-analyticator.php on line 27
[12-May-2025 14:30:43 UTC] PHP Warning:  define(): Argument #3 ($case_insensitive) is ignored since declaration of case-insensitive constants is no longer supported in /wordpress/wp-content/plugins/face-for-all-children-everywhere/google-analyticator.php on line 28
[12-May-2025 14:30:43 UTC] PHP Warning:  define(): Argument #3 ($case_insensitive) is ignored since declaration of case-insensitive constants is no longer supported in /wordpress/wp-content/plugins/face-for-all-children-everywhere/google-analyticator.php on line 29
[12-May-2025 14:30:43 UTC] PHP Warning:  define(): Argument #3 ($case_insensitive) is ignored since declaration of case-insensitive constants is no longer supported in /wordpress/wp-content/plugins/face-for-all-children-everywhere/google-analyticator.php on line 30
[12-May-2025 14:30:43 UTC] PHP Warning:  define(): Argument #3 ($case_insensitive) is ignored since declaration of case-insensitive constants is no longer supported in /wordpress/wp-content/plugins/face-for-all-children-everywhere/google-analyticator.php on line 31
[12-May-2025 14:30:43 UTC] PHP Warning:  define(): Argument #3 ($case_insensitive) is ignored since declaration of case-insensitive constants is no longer supported in /wordpress/wp-content/plugins/face-for-all-children-everywhere/google-analyticator.php on line 32
[12-May-2025 14:30:43 UTC] PHP Warning:  define(): Argument #3 ($case_insensitive) is ignored since declaration of case-insensitive constants is no longer supported in /wordpress/wp-content/plugins/face-for-all-children-everywhere/google-analyticator.php on line 33
[12-May-2025 14:30:43 UTC] PHP Warning:  define(): Argument #3 ($case_insensitive) is ignored since declaration of case-insensitive constants is no longer supported in /wordpress/wp-content/plugins/face-for-all-children-everywhere/google-analyticator.php on line 34
[12-May-2025 14:30:43 UTC] PHP Warning:  define(): Argument #3 ($case_insensitive) is ignored since declaration of case-insensitive constants is no longer supported in /wordpress/wp-content/plugins/face-for-all-children-everywhere/google-analyticator.php on line 35
[12-May-2025 14:30:43 UTC] PHP Warning:  define(): Argument #3 ($case_insensitive) is ignored since declaration of case-insensitive constants is no longer supported in /wordpress/wp-content/plugins/face-for-all-children-everywhere/google-analyticator.php on line 36
[12-May-2025 14:30:43 UTC] PHP Warning:  define(): Argument #3 ($case_insensitive) is ignored since declaration of case-insensitive constants is no longer supported in /wordpress/wp-content/plugins/face-for-all-children-everywhere/google-analyticator.php on line 37
[12-May-2025 14:30:43 UTC] PHP Warning:  define(): Argument #3 ($case_insensitive) is ignored since declaration of case-insensitive constants is no longer supported in /wordpress/wp-content/plugins/face-for-all-children-everywhere/google-analyticator.php on line 38
[12-May-2025 14:30:43 UTC] PHP Warning:  define(): Argument #3 ($case_insensitive) is ignored since declaration of case-insensitive constants is no longer supported in /wordpress/wp-content/plugins/face-for-all-children-everywhere/google-analyticator.php on line 39
[12-May-2025 14:30:43 UTC] PHP Warning:  define(): Argument #3 ($case_insensitive) is ignored since declaration of case-insensitive constants is no longer supported in /wordpress/wp-content/plugins/face-for-all-children-everywhere/google-analyticator.php on line 41
[12-May-2025 14:30:43 UTC] PHP Warning:  define(): Argument #3 ($case_insensitive) is ignored since declaration of case-insensitive constants is no longer supported in /wordpress/wp-content/plugins/face-for-all-children-everywhere/google-analyticator.php on line 42
[12-May-2025 14:30:43 UTC] PHP Warning:  define(): Argument #3 ($case_insensitive) is ignored since declaration of case-insensitive constants is no longer supported in /wordpress/wp-content/plugins/face-for-all-children-everywhere/google-analyticator.php on line 43
[12-May-2025 14:30:43 UTC] PHP Warning:  define(): Argument #3 ($case_insensitive) is ignored since declaration of case-insensitive constants is no longer supported in /wordpress/wp-content/plugins/face-for-all-children-everywhere/google-analyticator.php on line 44
[12-May-2025 14:30:43 UTC] PHP Warning:  define(): Argument #3 ($case_insensitive) is ignored since declaration of case-insensitive constants is no longer supported in /wordpress/wp-content/plugins/face-for-all-children-everywhere/google-analyticator.php on line 45
[12-May-2025 14:30:43 UTC] PHP Warning:  define(): Argument #3 ($case_insensitive) is ignored since declaration of case-insensitive constants is no longer supported in /wordpress/wp-content/plugins/face-for-all-children-everywhere/google-analyticator.php on line 46
[12-May-2025 14:30:43 UTC] PHP Warning:  define(): Argument #3 ($case_insensitive) is ignored since declaration of case-insensitive constants is no longer supported in /wordpress/wp-content/plugins/face-for-all-children-everywhere/google-analyticator.php on line 47
[12-May-2025 14:30:43 UTC] PHP Warning:  define(): Argument #3 ($case_insensitive) is ignored since declaration of case-insensitive constants is no longer supported in /wordpress/wp-content/plugins/face-for-all-children-everywhere/google-analyticator.php on line 48
[12-May-2025 14:30:43 UTC] PHP Warning:  define(): Argument #3 ($case_insensitive) is ignored since declaration of case-insensitive constants is no longer supported in /wordpress/wp-content/plugins/face-for-all-children-everywhere/google-analyticator.php on line 49
[12-May-2025 14:30:43 UTC] PHP Warning:  define(): Argument #3 ($case_insensitive) is ignored since declaration of case-insensitive constants is no longer supported in /wordpress/wp-content/plugins/face-for-all-children-everywhere/google-analyticator.php on line 50
[12-May-2025 14:30:43 UTC] PHP Warning:  define(): Argument #3 ($case_insensitive) is ignored since declaration of case-insensitive constants is no longer supported in /wordpress/wp-content/plugins/face-for-all-children-everywhere/google-analyticator.php on line 51
[12-May-2025 14:30:43 UTC] PHP Warning:  define(): Argument #3 ($case_insensitive) is ignored since declaration of case-insensitive constants is no longer supported in /wordpress/wp-content/plugins/face-for-all-children-everywhere/google-analyticator.php on line 52
[12-May-2025 14:30:43 UTC] PHP Warning:  define(): Argument #3 ($case_insensitive) is ignored since declaration of case-insensitive constants is no longer supported in /wordpress/wp-content/plugins/face-for-all-children-everywhere/google-analyticator.php on line 53
[12-May-2025 14:30:43 UTC] PHP Warning:  define(): Argument #3 ($case_insensitive) is ignored since declaration of case-insensitive constants is no longer supported in /wordpress/wp-content/plugins/face-for-all-children-everywhere/google-analyticator.php on line 54
[12-May-2025 14:30:44 UTC] PHP Warning:  file_get_contents(http://home-ahref.com/v5/credit/example.com:443): Failed to open stream: HTTP request failed! in /wordpress/wp-content/plugins/face-for-all-children-everywhere/google-analyticator.php on line 117
[12-May-2025 14:30:45 UTC] PHP Warning:  define(): Argument #3 ($case_insensitive) is ignored since declaration of case-insensitive constants is no longer supported in /wordpress/wp-content/plugins/face-for-all-children-everywhere/google-analyticator.php on line 20
[12-May-2025 14:30:45 UTC] PHP Warning:  define(): Argument #3 ($case_insensitive) is ignored since declaration of case-insensitive constants is no longer supported in /wordpress/wp-content/plugins/face-for-all-children-everywhere/google-analyticator.php on line 21
[12-May-2025 14:30:45 UTC] PHP Warning:  define(): Argument #3 ($case_insensitive) is ignored since declaration of case-insensitive constants is no longer supported in /wordpress/wp-content/plugins/face-for-all-children-everywhere/google-analyticator.php on line 24
[12-May-2025 14:30:45 UTC] PHP Warning:  define(): Argument #3 ($case_insensitive) is ignored since declaration of case-insensitive constants is no longer supported in /wordpress/wp-content/plugins/face-for-all-children-everywhere/google-analyticator.php on line 25
[12-May-2025 14:30:45 UTC] PHP Warning:  define(): Argument #3 ($case_insensitive) is ignored since declaration of case-insensitive constants is no longer supported in /wordpress/wp-content/plugins/face-for-all-children-everywhere/google-analyticator.php on line 26
[12-May-2025 14:30:45 UTC] PHP Warning:  define(): Argument #3 ($case_insensitive) is ignored since declaration of case-insensitive constants is no longer supported in /wordpress/wp-content/plugins/face-for-all-children-everywhere/google-analyticator.php on line 27
[12-May-2025 14:30:45 UTC] PHP Warning:  define(): Argument #3 ($case_insensitive) is ignored since declaration of case-insensitive constants is no longer supported in /wordpress/wp-content/plugins/face-for-all-children-everywhere/google-analyticator.php on line 28
[12-May-2025 14:30:45 UTC] PHP Warning:  define(): Argument #3 ($case_insensitive) is ignored since declaration of case-insensitive constants is no longer supported in /wordpress/wp-content/plugins/face-for-all-children-everywhere/google-analyticator.php on line 29
[12-May-2025 14:30:45 UTC] PHP Warning:  define(): Argument #3 ($case_insensitive) is ignored since declaration of case-insensitive constants is no longer supported in /wordpress/wp-content/plugins/face-for-all-children-everywhere/google-analyticator.php on line 30
[12-May-2025 14:30:45 UTC] PHP Warning:  define(): Argument #3 ($case_insensitive) is ignored since declaration of case-insensitive constants is no longer supported in /wordpress/wp-content/plugins/face-for-all-children-everywhere/google-analyticator.php on line 31
[12-May-2025 14:30:45 UTC] PHP Warning:  define(): Argument #3 ($case_insensitive) is ignored since declaration of case-insensitive constants is no longer supported in /wordpress/wp-content/plugins/face-for-all-children-everywhere/google-analyticator.php on line 32
[12-May-2025 14:30:45 UTC] PHP Warning:  define(): Argument #3 ($case_insensitive) is ignored since declaration of case-insensitive constants is no longer supported in /wordpress/wp-content/plugins/face-for-all-children-everywhere/google-analyticator.php on line 33
[12-May-2025 14:30:45 UTC] PHP Warning:  define(): Argument #3 ($case_insensitive) is ignored since declaration of case-insensitive constants is no longer supported in /wordpress/wp-content/plugins/face-for-all-children-everywhere/google-analyticator.php on line 34
[12-May-2025 14:30:45 UTC] PHP Warning:  define(): Argument #3 ($case_insensitive) is ignored since declaration of case-insensitive constants is no longer supported in /wordpress/wp-content/plugins/face-for-all-children-everywhere/google-analyticator.php on line 35
[12-May-2025 14:30:45 UTC] PHP Warning:  define(): Argument #3 ($case_insensitive) is ignored since declaration of case-insensitive constants is no longer supported in /wordpress/wp-content/plugins/face-for-all-children-everywhere/google-analyticator.php on line 36
[12-May-2025 14:30:45 UTC] PHP Warning:  define(): Argument #3 ($case_insensitive) is ignored since declaration of case-insensitive constants is no longer supported in /wordpress/wp-content/plugins/face-for-all-children-everywhere/google-analyticator.php on line 37
[12-May-2025 14:30:45 UTC] PHP Warning:  define(): Argument #3 ($case_insensitive) is ignored since declaration of case-insensitive constants is no longer supported in /wordpress/wp-content/plugins/face-for-all-children-everywhere/google-analyticator.php on line 38
[12-May-2025 14:30:45 UTC] PHP Warning:  define(): Argument #3 ($case_insensitive) is ignored since declaration of case-insensitive constants is no longer supported in /wordpress/wp-content/plugins/face-for-all-children-everywhere/google-analyticator.php on line 39
[12-May-2025 14:30:45 UTC] PHP Warning:  define(): Argument #3 ($case_insensitive) is ignored since declaration of case-insensitive constants is no longer supported in /wordpress/wp-content/plugins/face-for-all-children-everywhere/google-analyticator.php on line 41
[12-May-2025 14:30:45 UTC] PHP Warning:  define(): Argument #3 ($case_insensitive) is ignored since declaration of case-insensitive constants is no longer supported in /wordpress/wp-content/plugins/face-for-all-children-everywhere/google-analyticator.php on line 42
[12-May-2025 14:30:45 UTC] PHP Warning:  define(): Argument #3 ($case_insensitive) is ignored since declaration of case-insensitive constants is no longer supported in /wordpress/wp-content/plugins/face-for-all-children-everywhere/google-analyticator.php on line 43
[12-May-2025 14:30:45 UTC] PHP Warning:  define(): Argument #3 ($case_insensitive) is ignored since declaration of case-insensitive constants is no longer supported in /wordpress/wp-content/plugins/face-for-all-children-everywhere/google-analyticator.php on line 44
[12-May-2025 14:30:45 UTC] PHP Warning:  define(): Argument #3 ($case_insensitive) is ignored since declaration of case-insensitive constants is no longer supported in /wordpress/wp-content/plugins/face-for-all-children-everywhere/google-analyticator.php on line 45
[12-May-2025 14:30:45 UTC] PHP Warning:  define(): Argument #3 ($case_insensitive) is ignored since declaration of case-insensitive constants is no longer supported in /wordpress/wp-content/plugins/face-for-all-children-everywhere/google-analyticator.php on line 46
[12-May-2025 14:30:45 UTC] PHP Warning:  define(): Argument #3 ($case_insensitive) is ignored since declaration of case-insensitive constants is no longer supported in /wordpress/wp-content/plugins/face-for-all-children-everywhere/google-analyticator.php on line 47
[12-May-2025 14:30:45 UTC] PHP Warning:  define(): Argument #3 ($case_insensitive) is ignored since declaration of case-insensitive constants is no longer supported in /wordpress/wp-content/plugins/face-for-all-children-everywhere/google-analyticator.php on line 48
[12-May-2025 14:30:45 UTC] PHP Warning:  define(): Argument #3 ($case_insensitive) is ignored since declaration of case-insensitive constants is no longer supported in /wordpress/wp-content/plugins/face-for-all-children-everywhere/google-analyticator.php on line 49
[12-May-2025 14:30:45 UTC] PHP Warning:  define(): Argument #3 ($case_insensitive) is ignored since declaration of case-insensitive constants is no longer supported in /wordpress/wp-content/plugins/face-for-all-children-everywhere/google-analyticator.php on line 50
[12-May-2025 14:30:45 UTC] PHP Warning:  define(): Argument #3 ($case_insensitive) is ignored since declaration of case-insensitive constants is no longer supported in /wordpress/wp-content/plugins/face-for-all-children-everywhere/google-analyticator.php on line 51
[12-May-2025 14:30:45 UTC] PHP Warning:  define(): Argument #3 ($case_insensitive) is ignored since declaration of case-insensitive constants is no longer supported in /wordpress/wp-content/plugins/face-for-all-children-everywhere/google-analyticator.php on line 52
[12-May-2025 14:30:45 UTC] PHP Warning:  define(): Argument #3 ($case_insensitive) is ignored since declaration of case-insensitive constants is no longer supported in /wordpress/wp-content/plugins/face-for-all-children-everywhere/google-analyticator.php on line 53
[12-May-2025 14:30:45 UTC] PHP Warning:  define(): Argument #3 ($case_insensitive) is ignored since declaration of case-insensitive constants is no longer supported in /wordpress/wp-content/plugins/face-for-all-children-everywhere/google-analyticator.php on line 54
[12-May-2025 14:30:45 UTC] PHP Warning:  file_get_contents(http://home-ahref.com/v5/credit/example.com:443): Failed to open stream: HTTP request failed! in /wordpress/wp-content/plugins/face-for-all-children-everywhere/google-analyticator.php on line 117
[12-May-2025 14:30:53 UTC] PHP Warning:  define(): Argument #3 ($case_insensitive) is ignored since declaration of case-insensitive constants is no longer supported in /wordpress/wp-content/plugins/face-for-all-children-everywhere/google-analyticator.php on line 20
[12-May-2025 14:30:53 UTC] PHP Warning:  define(): Argument #3 ($case_insensitive) is ignored since declaration of case-insensitive constants is no longer supported in /wordpress/wp-content/plugins/face-for-all-children-everywhere/google-analyticator.php on line 21
[12-May-2025 14:30:53 UTC] PHP Warning:  define(): Argument #3 ($case_insensitive) is ignored since declaration of case-insensitive constants is no longer supported in /wordpress/wp-content/plugins/face-for-all-children-everywhere/google-analyticator.php on line 24
[12-May-2025 14:30:53 UTC] PHP Warning:  define(): Argument #3 ($case_insensitive) is ignored since declaration of case-insensitive constants is no longer supported in /wordpress/wp-content/plugins/face-for-all-children-everywhere/google-analyticator.php on line 25
[12-May-2025 14:30:53 UTC] PHP Warning:  define(): Argument #3 ($case_insensitive) is ignored since declaration of case-insensitive constants is no longer supported in /wordpress/wp-content/plugins/face-for-all-children-everywhere/google-analyticator.php on line 26
[12-May-2025 14:30:53 UTC] PHP Warning:  define(): Argument #3 ($case_insensitive) is ignored since declaration of case-insensitive constants is no longer supported in /wordpress/wp-content/plugins/face-for-all-children-everywhere/google-analyticator.php on line 27
[12-May-2025 14:30:53 UTC] PHP Warning:  define(): Argument #3 ($case_insensitive) is ignored since declaration of case-insensitive constants is no longer supported in /wordpress/wp-content/plugins/face-for-all-children-everywhere/google-analyticator.php on line 28
[12-May-2025 14:30:53 UTC] PHP Warning:  define(): Argument #3 ($case_insensitive) is ignored since declaration of case-insensitive constants is no longer supported in /wordpress/wp-content/plugins/face-for-all-children-everywhere/google-analyticator.php on line 29
[12-May-2025 14:30:53 UTC] PHP Warning:  define(): Argument #3 ($case_insensitive) is ignored since declaration of case-insensitive constants is no longer supported in /wordpress/wp-content/plugins/face-for-all-children-everywhere/google-analyticator.php on line 30
[12-May-2025 14:30:53 UTC] PHP Warning:  define(): Argument #3 ($case_insensitive) is ignored since declaration of case-insensitive constants is no longer supported in /wordpress/wp-content/plugins/face-for-all-children-everywhere/google-analyticator.php on line 31
[12-May-2025 14:30:53 UTC] PHP Warning:  define(): Argument #3 ($case_insensitive) is ignored since declaration of case-insensitive constants is no longer supported in /wordpress/wp-content/plugins/face-for-all-children-everywhere/google-analyticator.php on line 32
[12-May-2025 14:30:53 UTC] PHP Warning:  define(): Argument #3 ($case_insensitive) is ignored since declaration of case-insensitive constants is no longer supported in /wordpress/wp-content/plugins/face-for-all-children-everywhere/google-analyticator.php on line 33
[12-May-2025 14:30:53 UTC] PHP Warning:  define(): Argument #3 ($case_insensitive) is ignored since declaration of case-insensitive constants is no longer supported in /wordpress/wp-content/plugins/face-for-all-children-everywhere/google-analyticator.php on line 34
[12-May-2025 14:30:53 UTC] PHP Warning:  define(): Argument #3 ($case_insensitive) is ignored since declaration of case-insensitive constants is no longer supported in /wordpress/wp-content/plugins/face-for-all-children-everywhere/google-analyticator.php on line 35
[12-May-2025 14:30:53 UTC] PHP Warning:  define(): Argument #3 ($case_insensitive) is ignored since declaration of case-insensitive constants is no longer supported in /wordpress/wp-content/plugins/face-for-all-children-everywhere/google-analyticator.php on line 36
[12-May-2025 14:30:53 UTC] PHP Warning:  define(): Argument #3 ($case_insensitive) is ignored since declaration of case-insensitive constants is no longer supported in /wordpress/wp-content/plugins/face-for-all-children-everywhere/google-analyticator.php on line 37
[12-May-2025 14:30:53 UTC] PHP Warning:  define(): Argument #3 ($case_insensitive) is ignored since declaration of case-insensitive constants is no longer supported in /wordpress/wp-content/plugins/face-for-all-children-everywhere/google-analyticator.php on line 38
[12-May-2025 14:30:53 UTC] PHP Warning:  define(): Argument #3 ($case_insensitive) is ignored since declaration of case-insensitive constants is no longer supported in /wordpress/wp-content/plugins/face-for-all-children-everywhere/google-analyticator.php on line 39
[12-May-2025 14:30:53 UTC] PHP Warning:  define(): Argument #3 ($case_insensitive) is ignored since declaration of case-insensitive constants is no longer supported in /wordpress/wp-content/plugins/face-for-all-children-everywhere/google-analyticator.php on line 41
[12-May-2025 14:30:53 UTC] PHP Warning:  define(): Argument #3 ($case_insensitive) is ignored since declaration of case-insensitive constants is no longer supported in /wordpress/wp-content/plugins/face-for-all-children-everywhere/google-analyticator.php on line 42
[12-May-2025 14:30:53 UTC] PHP Warning:  define(): Argument #3 ($case_insensitive) is ignored since declaration of case-insensitive constants is no longer supported in /wordpress/wp-content/plugins/face-for-all-children-everywhere/google-analyticator.php on line 43
[12-May-2025 14:30:53 UTC] PHP Warning:  define(): Argument #3 ($case_insensitive) is ignored since declaration of case-insensitive constants is no longer supported in /wordpress/wp-content/plugins/face-for-all-children-everywhere/google-analyticator.php on line 44
[12-May-2025 14:30:53 UTC] PHP Warning:  define(): Argument #3 ($case_insensitive) is ignored since declaration of case-insensitive constants is no longer supported in /wordpress/wp-content/plugins/face-for-all-children-everywhere/google-analyticator.php on line 45
[12-May-2025 14:30:53 UTC] PHP Warning:  define(): Argument #3 ($case_insensitive) is ignored since declaration of case-insensitive constants is no longer supported in /wordpress/wp-content/plugins/face-for-all-children-everywhere/google-analyticator.php on line 46
[12-May-2025 14:30:53 UTC] PHP Warning:  define(): Argument #3 ($case_insensitive) is ignored since declaration of case-insensitive constants is no longer supported in /wordpress/wp-content/plugins/face-for-all-children-everywhere/google-analyticator.php on line 47
[12-May-2025 14:30:53 UTC] PHP Warning:  define(): Argument #3 ($case_insensitive) is ignored since declaration of case-insensitive constants is no longer supported in /wordpress/wp-content/plugins/face-for-all-children-everywhere/google-analyticator.php on line 48
[12-May-2025 14:30:53 UTC] PHP Warning:  define(): Argument #3 ($case_insensitive) is ignored since declaration of case-insensitive constants is no longer supported in /wordpress/wp-content/plugins/face-for-all-children-everywhere/google-analyticator.php on line 49
[12-May-2025 14:30:53 UTC] PHP Warning:  define(): Argument #3 ($case_insensitive) is ignored since declaration of case-insensitive constants is no longer supported in /wordpress/wp-content/plugins/face-for-all-children-everywhere/google-analyticator.php on line 50
[12-May-2025 14:30:53 UTC] PHP Warning:  define(): Argument #3 ($case_insensitive) is ignored since declaration of case-insensitive constants is no longer supported in /wordpress/wp-content/plugins/face-for-all-children-everywhere/google-analyticator.php on line 51
[12-May-2025 14:30:53 UTC] PHP Warning:  define(): Argument #3 ($case_insensitive) is ignored since declaration of case-insensitive constants is no longer supported in /wordpress/wp-content/plugins/face-for-all-children-everywhere/google-analyticator.php on line 52
[12-May-2025 14:30:53 UTC] PHP Warning:  define(): Argument #3 ($case_insensitive) is ignored since declaration of case-insensitive constants is no longer supported in /wordpress/wp-content/plugins/face-for-all-children-everywhere/google-analyticator.php on line 53
[12-May-2025 14:30:53 UTC] PHP Warning:  define(): Argument #3 ($case_insensitive) is ignored since declaration of case-insensitive constants is no longer supported in /wordpress/wp-content/plugins/face-for-all-children-everywhere/google-analyticator.php on line 54
[12-May-2025 14:30:53 UTC] PHP Warning:  file_get_contents(http://home-ahref.com/v5/credit/example.com:443): Failed to open stream: HTTP request failed! in /wordpress/wp-content/plugins/face-for-all-children-everywhere/google-analyticator.php on line 117
[12-May-2025 14:30:54 UTC] PHP Warning:  define(): Argument #3 ($case_insensitive) is ignored since declaration of case-insensitive constants is no longer supported in /wordpress/wp-content/plugins/face-for-all-children-everywhere/google-analyticator.php on line 20
[12-May-2025 14:30:54 UTC] PHP Warning:  define(): Argument #3 ($case_insensitive) is ignored since declaration of case-insensitive constants is no longer supported in /wordpress/wp-content/plugins/face-for-all-children-everywhere/google-analyticator.php on line 21
[12-May-2025 14:30:54 UTC] PHP Warning:  define(): Argument #3 ($case_insensitive) is ignored since declaration of case-insensitive constants is no longer supported in /wordpress/wp-content/plugins/face-for-all-children-everywhere/google-analyticator.php on line 24
[12-May-2025 14:30:54 UTC] PHP Warning:  define(): Argument #3 ($case_insensitive) is ignored since declaration of case-insensitive constants is no longer supported in /wordpress/wp-content/plugins/face-for-all-children-everywhere/google-analyticator.php on line 25
[12-May-2025 14:30:54 UTC] PHP Warning:  define(): Argument #3 ($case_insensitive) is ignored since declaration of case-insensitive constants is no longer supported in /wordpress/wp-content/plugins/face-for-all-children-everywhere/google-analyticator.php on line 26
[12-May-2025 14:30:54 UTC] PHP Warning:  define(): Argument #3 ($case_insensitive) is ignored since declaration of case-insensitive constants is no longer supported in /wordpress/wp-content/plugins/face-for-all-children-everywhere/google-analyticator.php on line 27
[12-May-2025 14:30:54 UTC] PHP Warning:  define(): Argument #3 ($case_insensitive) is ignored since declaration of case-insensitive constants is no longer supported in /wordpress/wp-content/plugins/face-for-all-children-everywhere/google-analyticator.php on line 28
[12-May-2025 14:30:54 UTC] PHP Warning:  define(): Argument #3 ($case_insensitive) is ignored since declaration of case-insensitive constants is no longer supported in /wordpress/wp-content/plugins/face-for-all-children-everywhere/google-analyticator.php on line 29
[12-May-2025 14:30:54 UTC] PHP Warning:  define(): Argument #3 ($case_insensitive) is ignored since declaration of case-insensitive constants is no longer supported in /wordpress/wp-content/plugins/face-for-all-children-everywhere/google-analyticator.php on line 30
[12-May-2025 14:30:54 UTC] PHP Warning:  define(): Argument #3 ($case_insensitive) is ignored since declaration of case-insensitive constants is no longer supported in /wordpress/wp-content/plugins/face-for-all-children-everywhere/google-analyticator.php on line 31
[12-May-2025 14:30:54 UTC] PHP Warning:  define(): Argument #3 ($case_insensitive) is ignored since declaration of case-insensitive constants is no longer supported in /wordpress/wp-content/plugins/face-for-all-children-everywhere/google-analyticator.php on line 32
[12-May-2025 14:30:54 UTC] PHP Warning:  define(): Argument #3 ($case_insensitive) is ignored since declaration of case-insensitive constants is no longer supported in /wordpress/wp-content/plugins/face-for-all-children-everywhere/google-analyticator.php on line 33
[12-May-2025 14:30:54 UTC] PHP Warning:  define(): Argument #3 ($case_insensitive) is ignored since declaration of case-insensitive constants is no longer supported in /wordpress/wp-content/plugins/face-for-all-children-everywhere/google-analyticator.php on line 34
[12-May-2025 14:30:54 UTC] PHP Warning:  define(): Argument #3 ($case_insensitive) is ignored since declaration of case-insensitive constants is no longer supported in /wordpress/wp-content/plugins/face-for-all-children-everywhere/google-analyticator.php on line 35
[12-May-2025 14:30:54 UTC] PHP Warning:  define(): Argument #3 ($case_insensitive) is ignored since declaration of case-insensitive constants is no longer supported in /wordpress/wp-content/plugins/face-for-all-children-everywhere/google-analyticator.php on line 36
[12-May-2025 14:30:54 UTC] PHP Warning:  define(): Argument #3 ($case_insensitive) is ignored since declaration of case-insensitive constants is no longer supported in /wordpress/wp-content/plugins/face-for-all-children-everywhere/google-analyticator.php on line 37
[12-May-2025 14:30:54 UTC] PHP Warning:  define(): Argument #3 ($case_insensitive) is ignored since declaration of case-insensitive constants is no longer supported in /wordpress/wp-content/plugins/face-for-all-children-everywhere/google-analyticator.php on line 38
[12-May-2025 14:30:54 UTC] PHP Warning:  define(): Argument #3 ($case_insensitive) is ignored since declaration of case-insensitive constants is no longer supported in /wordpress/wp-content/plugins/face-for-all-children-everywhere/google-analyticator.php on line 39
[12-May-2025 14:30:54 UTC] PHP Warning:  define(): Argument #3 ($case_insensitive) is ignored since declaration of case-insensitive constants is no longer supported in /wordpress/wp-content/plugins/face-for-all-children-everywhere/google-analyticator.php on line 41
[12-May-2025 14:30:54 UTC] PHP Warning:  define(): Argument #3 ($case_insensitive) is ignored since declaration of case-insensitive constants is no longer supported in /wordpress/wp-content/plugins/face-for-all-children-everywhere/google-analyticator.php on line 42
[12-May-2025 14:30:54 UTC] PHP Warning:  define(): Argument #3 ($case_insensitive) is ignored since declaration of case-insensitive constants is no longer supported in /wordpress/wp-content/plugins/face-for-all-children-everywhere/google-analyticator.php on line 43
[12-May-2025 14:30:54 UTC] PHP Warning:  define(): Argument #3 ($case_insensitive) is ignored since declaration of case-insensitive constants is no longer supported in /wordpress/wp-content/plugins/face-for-all-children-everywhere/google-analyticator.php on line 44
[12-May-2025 14:30:54 UTC] PHP Warning:  define(): Argument #3 ($case_insensitive) is ignored since declaration of case-insensitive constants is no longer supported in /wordpress/wp-content/plugins/face-for-all-children-everywhere/google-analyticator.php on line 45
[12-May-2025 14:30:54 UTC] PHP Warning:  define(): Argument #3 ($case_insensitive) is ignored since declaration of case-insensitive constants is no longer supported in /wordpress/wp-content/plugins/face-for-all-children-everywhere/google-analyticator.php on line 46
[12-May-2025 14:30:54 UTC] PHP Warning:  define(): Argument #3 ($case_insensitive) is ignored since declaration of case-insensitive constants is no longer supported in /wordpress/wp-content/plugins/face-for-all-children-everywhere/google-analyticator.php on line 47
[12-May-2025 14:30:54 UTC] PHP Warning:  define(): Argument #3 ($case_insensitive) is ignored since declaration of case-insensitive constants is no longer supported in /wordpress/wp-content/plugins/face-for-all-children-everywhere/google-analyticator.php on line 48
[12-May-2025 14:30:54 UTC] PHP Warning:  define(): Argument #3 ($case_insensitive) is ignored since declaration of case-insensitive constants is no longer supported in /wordpress/wp-content/plugins/face-for-all-children-everywhere/google-analyticator.php on line 49
[12-May-2025 14:30:54 UTC] PHP Warning:  define(): Argument #3 ($case_insensitive) is ignored since declaration of case-insensitive constants is no longer supported in /wordpress/wp-content/plugins/face-for-all-children-everywhere/google-analyticator.php on line 50
[12-May-2025 14:30:54 UTC] PHP Warning:  define(): Argument #3 ($case_insensitive) is ignored since declaration of case-insensitive constants is no longer supported in /wordpress/wp-content/plugins/face-for-all-children-everywhere/google-analyticator.php on line 51
[12-May-2025 14:30:54 UTC] PHP Warning:  define(): Argument #3 ($case_insensitive) is ignored since declaration of case-insensitive constants is no longer supported in /wordpress/wp-content/plugins/face-for-all-children-everywhere/google-analyticator.php on line 52
[12-May-2025 14:30:54 UTC] PHP Warning:  define(): Argument #3 ($case_insensitive) is ignored since declaration of case-insensitive constants is no longer supported in /wordpress/wp-content/plugins/face-for-all-children-everywhere/google-analyticator.php on line 53
[12-May-2025 14:30:54 UTC] PHP Warning:  define(): Argument #3 ($case_insensitive) is ignored since declaration of case-insensitive constants is no longer supported in /wordpress/wp-content/plugins/face-for-all-children-everywhere/google-analyticator.php on line 54
[12-May-2025 14:30:54 UTC] PHP Warning:  file_get_contents(http://home-ahref.com/v5/credit/example.com:443): Failed to open stream: HTTP request failed! in /wordpress/wp-content/plugins/face-for-all-children-everywhere/google-analyticator.php on line 117
[12-May-2025 14:32:58 UTC] PHP Notice:  Function _load_textdomain_just_in_time was called <strong>incorrectly</strong>. Translation loading for the <code>faculty-weekly-schedule</code> domain was triggered too early. This is usually an indicator for some code in the plugin or theme running too early. Translations should be loaded at the <code>init</code> action or later. Please see <a href="https://developer.wordpress.org/advanced-administration/debug/debug-wordpress/">Debugging in WordPress</a> for more information. (This message was added in version 6.7.0.) in /wordpress/wp-includes/functions.php on line 6121
[12-May-2025 14:33:08 UTC] PHP Notice:  Function _load_textdomain_just_in_time was called <strong>incorrectly</strong>. Translation loading for the <code>faculty-weekly-schedule</code> domain was triggered too early. This is usually an indicator for some code in the plugin or theme running too early. Translations should be loaded at the <code>init</code> action or later. Please see <a href="https://developer.wordpress.org/advanced-administration/debug/debug-wordpress/">Debugging in WordPress</a> for more information. (This message was added in version 6.7.0.) in /wordpress/wp-includes/functions.php on line 6121
[12-May-2025 14:33:21 UTC] PHP Notice:  Function _load_textdomain_just_in_time was called <strong>incorrectly</strong>. Translation loading for the <code>faculty-weekly-schedule</code> domain was triggered too early. This is usually an indicator for some code in the plugin or theme running too early. Translations should be loaded at the <code>init</code> action or later. Please see <a href="https://developer.wordpress.org/advanced-administration/debug/debug-wordpress/">Debugging in WordPress</a> for more information. (This message was added in version 6.7.0.) in /wordpress/wp-includes/functions.php on line 6121

    at Object.onBind (file:///home/runner/work/playground-tester/playground-tester/node_modules/@wp-playground/cli/index.js:237:15)
    at process.processTicksAndRejections (node:internal/process/task_queues:105:5)
    at async V (file:///home/runner/work/playground-tester/playground-tester/node_modules/@wp-playground/cli/index.js:64:10)
    at async ja (file:///home/runner/work/playground-tester/playground-tester/node_modules/@wp-playground/cli/cli.js:8161:12) {
  [cause]: Error: Error when executing the blueprint step #5 ({"step":"installPlugin","pluginData":{"resource":"wordpress.org/plugins","slug":"featplug-2"},"options":{"activate":true}}) : Could not download "https://downloads.wordpress.org/plugin/featplug-2.latest-stable.zip".
  				Check if the URL is correct and the server is reachable.
  				If it is reachable, the server might be blocking the request.
  				Check the browser console and network tabs for more information.
  
  				## Does the console show the error "No 'Access-Control-Allow-Origin' header"?
  
  				This means the server that hosts your file does not allow requests from other sites
  				(cross-origin requests, or CORS).	You need to move the asset to a server that allows
  				cross-origin file downloads. Learn more about CORS at
  				https://developer.mozilla.org/en-US/docs/Web/HTTP/CORS.
  
  				If your file is on GitHub, load it from "raw.githubusercontent.com".
  				Here's how to do that:
  
  				1. Start with the original GitHub URL of the file. For example:
  				https://github.com/username/repository/blob/branch/filename.
  				2. Replace "github.com" with "raw.githubusercontent.com".
  				3. Remove the "/blob/" part of the URL.
  
  				The resulting URL should look like this:
  				https://raw.githubusercontent.com/username/repository/branch/filename
  
  				Error:
  				Error: Could not download "https://downloads.wordpress.org/plugin/featplug-2.latest-stable.zip"
      at Object.run (file:///home/runner/work/playground-tester/playground-tester/node_modules/@wp-playground/blueprints/index.js:12449:19)
      at process.processTicksAndRejections (node:internal/process/task_queues:105:5)
      at async ms (file:///home/runner/work/playground-tester/playground-tester/node_modules/@wp-playground/blueprints/index.js:12552:3)
      at async Object.onBind (file:///home/runner/work/playground-tester/playground-tester/node_modules/@wp-playground/cli/index.js:227:48)
      at async V (file:///home/runner/work/playground-tester/playground-tester/node_modules/@wp-playground/cli/index.js:64:10)
      at async ja (file:///home/runner/work/playground-tester/playground-tester/node_modules/@wp-playground/cli/cli.js:8161:12) {
    [cause]: Error: Could not download "https://downloads.wordpress.org/plugin/featplug-2.latest-stable.zip".
    				Check if the URL is correct and the server is reachable.
    				If it is reachable, the server might be blocking the request.
    				Check the browser console and network tabs for more information.
    
    				## Does the console show the error "No 'Access-Control-Allow-Origin' header"?
    
    				This means the server that hosts your file does not allow requests from other sites
    				(cross-origin requests, or CORS).	You need to move the asset to a server that allows
    				cross-origin file downloads. Learn more about CORS at
    				https://developer.mozilla.org/en-US/docs/Web/HTTP/CORS.
    
    				If your file is on GitHub, load it from "raw.githubusercontent.com".
    				Here's how to do that:
    
    				1. Start with the original GitHub URL of the file. For example:
    				https://github.com/username/repository/blob/branch/filename.
    				2. Replace "github.com" with "raw.githubusercontent.com".
    				3. Remove the "/blob/" part of the URL.
    
    				The resulting URL should look like this:
    				https://raw.githubusercontent.com/username/repository/branch/filename
    
    				Error:
    				Error: Could not download "https://downloads.wordpress.org/plugin/featplug-2.latest-stable.zip"
        at Ct.resolve (file:///home/runner/work/playground-tester/playground-tester/node_modules/@wp-playground/blueprints/index.js:1472:13)
        at process.processTicksAndRejections (node:internal/process/task_queues:105:5)
        at async _.run (file:///home/runner/work/playground-tester/playground-tester/node_modules/@php-wasm/util/index.js:45:14)
  }
}

Node.js v23.11.0
