file:///home/runner/work/playground-tester/playground-tester/node_modules/@wp-playground/cli/index.js:237
        throw new Error(y, { cause: u });
              ^

Error: [10-May-2025 15:47:15 UTC] PHP Fatal error:  Uncaught Error: Call to undefined function get_home_path() in /wordpress/wp-content/plugins/fightback-plugin/core/FightBack_ActivationManager.class.php:128
Stack trace:
#0 /wordpress/wp-content/plugins/fightback-plugin/core/FightBack_ActivationManager.class.php(49): FightBack_ActivationManager->_add_htaccess(Array)
#1 /wordpress/wp-includes/class-wp-hook.php(324): FightBack_ActivationManager->activate(false)
#2 /wordpress/wp-includes/class-wp-hook.php(348): WP_Hook->apply_filters('', Array)
#3 /wordpress/wp-includes/plugin.php(517): WP_Hook->do_action(Array)
#4 /wordpress/wp-admin/includes/plugin.php(703): do_action('activate_fightb...', false)
#5 /internal/eval.php(20): activate_plugin('fightback-plugi...')
#6 {main}
  thrown in /wordpress/wp-content/plugins/fightback-plugin/core/FightBack_ActivationManager.class.php on line 128
[10-May-2025 15:47:23 UTC] PHP Fatal error:  Uncaught Error: Call to undefined function get_home_path() in /wordpress/wp-content/plugins/fightback-plugin/core/FightBack_ActivationManager.class.php:128
Stack trace:
#0 /wordpress/wp-content/plugins/fightback-plugin/core/FightBack_ActivationManager.class.php(49): FightBack_ActivationManager->_add_htaccess(Array)
#1 /wordpress/wp-includes/class-wp-hook.php(324): FightBack_ActivationManager->activate(false)
#2 /wordpress/wp-includes/class-wp-hook.php(348): WP_Hook->apply_filters('', Array)
#3 /wordpress/wp-includes/plugin.php(517): WP_Hook->do_action(Array)
#4 /wordpress/wp-admin/includes/plugin.php(703): do_action('activate_fightb...', false)
#5 /internal/eval.php(20): activate_plugin('fightback-plugi...')
#6 {main}
  thrown in /wordpress/wp-content/plugins/fightback-plugin/core/FightBack_ActivationManager.class.php on line 128
[10-May-2025 15:47:30 UTC] PHP Fatal error:  Uncaught Error: Call to undefined function get_home_path() in /wordpress/wp-content/plugins/fightback-plugin/core/FightBack_ActivationManager.class.php:128
Stack trace:
#0 /wordpress/wp-content/plugins/fightback-plugin/core/FightBack_ActivationManager.class.php(49): FightBack_ActivationManager->_add_htaccess(Array)
#1 /wordpress/wp-includes/class-wp-hook.php(324): FightBack_ActivationManager->activate(false)
#2 /wordpress/wp-includes/class-wp-hook.php(348): WP_Hook->apply_filters('', Array)
#3 /wordpress/wp-includes/plugin.php(517): WP_Hook->do_action(Array)
#4 /wordpress/wp-admin/includes/plugin.php(703): do_action('activate_fightb...', false)
#5 /internal/eval.php(20): activate_plugin('fightback-plugi...')
#6 {main}
  thrown in /wordpress/wp-content/plugins/fightback-plugin/core/FightBack_ActivationManager.class.php on line 128
[10-May-2025 15:49:29 UTC] PHP Warning:  Trying to access array offset on value of type bool in /wordpress/wp-content/plugins/guestchat-bot/guestchat.php on line 29
[10-May-2025 15:49:29 UTC] PHP Warning:  Trying to access array offset on value of type bool in /wordpress/wp-content/plugins/guestchat-bot/guestchat.php on line 30
[10-May-2025 15:49:37 UTC] PHP Warning:  Trying to access array offset on value of type bool in /wordpress/wp-content/plugins/guestchat-bot/guestchat.php on line 29
[10-May-2025 15:49:37 UTC] PHP Warning:  Trying to access array offset on value of type bool in /wordpress/wp-content/plugins/guestchat-bot/guestchat.php on line 30
[10-May-2025 15:49:46 UTC] PHP Warning:  Trying to access array offset on value of type bool in /wordpress/wp-content/plugins/guestchat-bot/guestchat.php on line 29
[10-May-2025 15:49:46 UTC] PHP Warning:  Trying to access array offset on value of type bool in /wordpress/wp-content/plugins/guestchat-bot/guestchat.php on line 30
[10-May-2025 15:51:45 UTC] PHP Fatal error:  Uncaught TypeError: call_user_func_array(): Argument #1 ($callback) must be a valid callback, non-static method FBTopsSetup::install_mysql() cannot be called statically in /wordpress/wp-includes/class-wp-hook.php:324
Stack trace:
#0 /wordpress/wp-includes/class-wp-hook.php(348): WP_Hook->apply_filters('', Array)
#1 /wordpress/wp-includes/plugin.php(517): WP_Hook->do_action(Array)
#2 /wordpress/wp-admin/includes/plugin.php(703): do_action('activate_fbtops...', false)
#3 /internal/eval.php(20): activate_plugin('fbtops/fbtops.p...')
#4 {main}
  thrown in /wordpress/wp-includes/class-wp-hook.php on line 324
[10-May-2025 15:51:53 UTC] PHP Fatal error:  Uncaught TypeError: call_user_func_array(): Argument #1 ($callback) must be a valid callback, non-static method FBTopsSetup::install_mysql() cannot be called statically in /wordpress/wp-includes/class-wp-hook.php:324
Stack trace:
#0 /wordpress/wp-includes/class-wp-hook.php(348): WP_Hook->apply_filters('', Array)
#1 /wordpress/wp-includes/plugin.php(517): WP_Hook->do_action(Array)
#2 /wordpress/wp-admin/includes/plugin.php(703): do_action('activate_fbtops...', false)
#3 /internal/eval.php(20): activate_plugin('fbtops/fbtops.p...')
#4 {main}
  thrown in /wordpress/wp-includes/class-wp-hook.php on line 324
[10-May-2025 15:52:02 UTC] PHP Fatal error:  Uncaught TypeError: call_user_func_array(): Argument #1 ($callback) must be a valid callback, non-static method FBTopsSetup::install_mysql() cannot be called statically in /wordpress/wp-includes/class-wp-hook.php:324
Stack trace:
#0 /wordpress/wp-includes/class-wp-hook.php(348): WP_Hook->apply_filters('', Array)
#1 /wordpress/wp-includes/plugin.php(517): WP_Hook->do_action(Array)
#2 /wordpress/wp-admin/includes/plugin.php(703): do_action('activate_fbtops...', false)
#3 /internal/eval.php(20): activate_plugin('fbtops/fbtops.p...')
#4 {main}
  thrown in /wordpress/wp-includes/class-wp-hook.php on line 324
[10-May-2025 15:54:11 UTC] PHP Warning:  Undefined array key "ad" in /wordpress/wp-content/plugins/google-adsense/googleadsense.php on line 23
[10-May-2025 15:54:11 UTC] PHP Warning:  Undefined array key "tit" in /wordpress/wp-content/plugins/google-adsense/googleadsense.php on line 23
[10-May-2025 15:54:12 UTC] PHP Warning:  Undefined array key "ad" in /wordpress/wp-content/plugins/google-adsense/googleadsense.php on line 23
[10-May-2025 15:54:12 UTC] PHP Warning:  Undefined array key "tit" in /wordpress/wp-content/plugins/google-adsense/googleadsense.php on line 23
[10-May-2025 15:54:12 UTC] PHP Deprecated:  Function register_sidebar_widget is <strong>deprecated</strong> since version 2.8.0! Use wp_register_sidebar_widget() instead. in /wordpress/wp-includes/functions.php on line 6121
[10-May-2025 15:54:12 UTC] PHP Deprecated:  Function register_widget_control is <strong>deprecated</strong> since version 2.8.0! Use wp_register_widget_control() instead. in /wordpress/wp-includes/functions.php on line 6121
[10-May-2025 15:54:19 UTC] PHP Warning:  Undefined array key "ad" in /wordpress/wp-content/plugins/google-adsense/googleadsense.php on line 23
[10-May-2025 15:54:19 UTC] PHP Warning:  Undefined array key "tit" in /wordpress/wp-content/plugins/google-adsense/googleadsense.php on line 23
[10-May-2025 15:54:20 UTC] PHP Warning:  Undefined array key "ad" in /wordpress/wp-content/plugins/google-adsense/googleadsense.php on line 23
[10-May-2025 15:54:20 UTC] PHP Warning:  Undefined array key "tit" in /wordpress/wp-content/plugins/google-adsense/googleadsense.php on line 23
[10-May-2025 15:54:20 UTC] PHP Deprecated:  Function register_sidebar_widget is <strong>deprecated</strong> since version 2.8.0! Use wp_register_sidebar_widget() instead. in /wordpress/wp-includes/functions.php on line 6121
[10-May-2025 15:54:20 UTC] PHP Deprecated:  Function register_widget_control is <strong>deprecated</strong> since version 2.8.0! Use wp_register_widget_control() instead. in /wordpress/wp-includes/functions.php on line 6121
[10-May-2025 15:54:27 UTC] PHP Warning:  Undefined array key "ad" in /wordpress/wp-content/plugins/google-adsense/googleadsense.php on line 23
[10-May-2025 15:54:27 UTC] PHP Warning:  Undefined array key "tit" in /wordpress/wp-content/plugins/google-adsense/googleadsense.php on line 23
[10-May-2025 15:54:28 UTC] PHP Warning:  Undefined array key "ad" in /wordpress/wp-content/plugins/google-adsense/googleadsense.php on line 23
[10-May-2025 15:54:28 UTC] PHP Warning:  Undefined array key "tit" in /wordpress/wp-content/plugins/google-adsense/googleadsense.php on line 23
[10-May-2025 15:54:28 UTC] PHP Deprecated:  Function register_sidebar_widget is <strong>deprecated</strong> since version 2.8.0! Use wp_register_sidebar_widget() instead. in /wordpress/wp-includes/functions.php on line 6121
[10-May-2025 15:54:28 UTC] PHP Deprecated:  Function register_widget_control is <strong>deprecated</strong> since version 2.8.0! Use wp_register_widget_control() instead. in /wordpress/wp-includes/functions.php on line 6121
[10-May-2025 15:55:27 UTC] PHP Fatal error:  Uncaught ArgumentCountError: Too few arguments to function WP_Widget::__construct(), 0 passed in /wordpress/wp-includes/class-wp-widget-factory.php on line 62 and at least 2 expected in /wordpress/wp-includes/class-wp-widget.php:163
Stack trace:
#0 /wordpress/wp-includes/class-wp-widget-factory.php(62): WP_Widget->__construct()
#1 /wordpress/wp-includes/widgets.php(123): WP_Widget_Factory->register('Google_FC_Widge...')
#2 /wordpress/wp-content/plugins/google-friendsconnect-widget/google_fc_widget.php(125): register_widget('Google_FC_Widge...')
#3 /wordpress/wp-includes/class-wp-hook.php(324): Google_FC_Widget_init('')
#4 /wordpress/wp-includes/class-wp-hook.php(348): WP_Hook->apply_filters(NULL, Array)
#5 /wordpress/wp-includes/plugin.php(517): WP_Hook->do_action(Array)
#6 /wordpress/wp-includes/widgets.php(1870): do_action('widgets_init')
#7 /wordpress/wp-includes/class-wp-hook.php(324): wp_widgets_init('')
#8 /wordpress/wp-includes/class-wp-hook.php(348): WP_Hook->apply_filters(NULL, Array)
#9 /wordpress/wp-includes/plugin.php(517): WP_Hook->do_action(Array)
#10 /wordpress/wp-settings.php(727): do_action('init')
#11 /wordpress/wp-config.php(102): require_once('/wordpress/wp-s...')
#12 /wordpress/wp-load.php(50): require_once('/wordpress/wp-c...')
#13 /internal/eval.php(3): require_once('/wordpress/wp-l...')
#14 {main}
  thrown in /wordpress/wp-includes/class-wp-widget.php on line 163
[10-May-2025 15:55:34 UTC] PHP Fatal error:  Uncaught ArgumentCountError: Too few arguments to function WP_Widget::__construct(), 0 passed in /wordpress/wp-includes/class-wp-widget-factory.php on line 62 and at least 2 expected in /wordpress/wp-includes/class-wp-widget.php:163
Stack trace:
#0 /wordpress/wp-includes/class-wp-widget-factory.php(62): WP_Widget->__construct()
#1 /wordpress/wp-includes/widgets.php(123): WP_Widget_Factory->register('Google_FC_Widge...')
#2 /wordpress/wp-content/plugins/google-friendsconnect-widget/google_fc_widget.php(125): register_widget('Google_FC_Widge...')
#3 /wordpress/wp-includes/class-wp-hook.php(324): Google_FC_Widget_init('')
#4 /wordpress/wp-includes/class-wp-hook.php(348): WP_Hook->apply_filters(NULL, Array)
#5 /wordpress/wp-includes/plugin.php(517): WP_Hook->do_action(Array)
#6 /wordpress/wp-includes/widgets.php(1870): do_action('widgets_init')
#7 /wordpress/wp-includes/class-wp-hook.php(324): wp_widgets_init('')
#8 /wordpress/wp-includes/class-wp-hook.php(348): WP_Hook->apply_filters(NULL, Array)
#9 /wordpress/wp-includes/plugin.php(517): WP_Hook->do_action(Array)
#10 /wordpress/wp-settings.php(727): do_action('init')
#11 /wordpress/wp-config.php(102): require_once('/wordpress/wp-s...')
#12 /wordpress/wp-load.php(50): require_once('/wordpress/wp-c...')
#13 /internal/eval.php(3): require_once('/wordpress/wp-l...')
#14 {main}
  thrown in /wordpress/wp-includes/class-wp-widget.php on line 163
[10-May-2025 15:55:42 UTC] PHP Fatal error:  Uncaught ArgumentCountError: Too few arguments to function WP_Widget::__construct(), 0 passed in /wordpress/wp-includes/class-wp-widget-factory.php on line 62 and at least 2 expected in /wordpress/wp-includes/class-wp-widget.php:163
Stack trace:
#0 /wordpress/wp-includes/class-wp-widget-factory.php(62): WP_Widget->__construct()
#1 /wordpress/wp-includes/widgets.php(123): WP_Widget_Factory->register('Google_FC_Widge...')
#2 /wordpress/wp-content/plugins/google-friendsconnect-widget/google_fc_widget.php(125): register_widget('Google_FC_Widge...')
#3 /wordpress/wp-includes/class-wp-hook.php(324): Google_FC_Widget_init('')
#4 /wordpress/wp-includes/class-wp-hook.php(348): WP_Hook->apply_filters(NULL, Array)
#5 /wordpress/wp-includes/plugin.php(517): WP_Hook->do_action(Array)
#6 /wordpress/wp-includes/widgets.php(1870): do_action('widgets_init')
#7 /wordpress/wp-includes/class-wp-hook.php(324): wp_widgets_init('')
#8 /wordpress/wp-includes/class-wp-hook.php(348): WP_Hook->apply_filters(NULL, Array)
#9 /wordpress/wp-includes/plugin.php(517): WP_Hook->do_action(Array)
#10 /wordpress/wp-settings.php(727): do_action('init')
#11 /wordpress/wp-config.php(102): require_once('/wordpress/wp-s...')
#12 /wordpress/wp-load.php(50): require_once('/wordpress/wp-c...')
#13 /internal/eval.php(3): require_once('/wordpress/wp-l...')
#14 {main}
  thrown in /wordpress/wp-includes/class-wp-widget.php on line 163

    at Object.onBind (file:///home/runner/work/playground-tester/playground-tester/node_modules/@wp-playground/cli/index.js:237:15)
    at process.processTicksAndRejections (node:internal/process/task_queues:105:5)
    at async V (file:///home/runner/work/playground-tester/playground-tester/node_modules/@wp-playground/cli/index.js:64:10)
    at async ja (file:///home/runner/work/playground-tester/playground-tester/node_modules/@wp-playground/cli/cli.js:8161:12) {
  [cause]: Error: Error when executing the blueprint step #1 ({"step":"installPlugin","pluginData":{"resource":"wordpress.org/plugins","slug":"google-syntaxhighlighter"},"options":{"activate":true}}) : Could not download "https://downloads.wordpress.org/plugin/google-syntaxhighlighter.latest-stable.zip".
  				Check if the URL is correct and the server is reachable.
  				If it is reachable, the server might be blocking the request.
  				Check the browser console and network tabs for more information.
  
  				## Does the console show the error "No 'Access-Control-Allow-Origin' header"?
  
  				This means the server that hosts your file does not allow requests from other sites
  				(cross-origin requests, or CORS).	You need to move the asset to a server that allows
  				cross-origin file downloads. Learn more about CORS at
  				https://developer.mozilla.org/en-US/docs/Web/HTTP/CORS.
  
  				If your file is on GitHub, load it from "raw.githubusercontent.com".
  				Here's how to do that:
  
  				1. Start with the original GitHub URL of the file. For example:
  				https://github.com/username/repository/blob/branch/filename.
  				2. Replace "github.com" with "raw.githubusercontent.com".
  				3. Remove the "/blob/" part of the URL.
  
  				The resulting URL should look like this:
  				https://raw.githubusercontent.com/username/repository/branch/filename
  
  				Error:
  				Error: Could not download "https://downloads.wordpress.org/plugin/google-syntaxhighlighter.latest-stable.zip"
      at Object.run (file:///home/runner/work/playground-tester/playground-tester/node_modules/@wp-playground/blueprints/index.js:12449:19)
      at process.processTicksAndRejections (node:internal/process/task_queues:105:5)
      at async ms (file:///home/runner/work/playground-tester/playground-tester/node_modules/@wp-playground/blueprints/index.js:12552:3)
      at async Object.onBind (file:///home/runner/work/playground-tester/playground-tester/node_modules/@wp-playground/cli/index.js:227:48)
      at async V (file:///home/runner/work/playground-tester/playground-tester/node_modules/@wp-playground/cli/index.js:64:10)
      at async ja (file:///home/runner/work/playground-tester/playground-tester/node_modules/@wp-playground/cli/cli.js:8161:12) {
    [cause]: Error: Could not download "https://downloads.wordpress.org/plugin/google-syntaxhighlighter.latest-stable.zip".
    				Check if the URL is correct and the server is reachable.
    				If it is reachable, the server might be blocking the request.
    				Check the browser console and network tabs for more information.
    
    				## Does the console show the error "No 'Access-Control-Allow-Origin' header"?
    
    				This means the server that hosts your file does not allow requests from other sites
    				(cross-origin requests, or CORS).	You need to move the asset to a server that allows
    				cross-origin file downloads. Learn more about CORS at
    				https://developer.mozilla.org/en-US/docs/Web/HTTP/CORS.
    
    				If your file is on GitHub, load it from "raw.githubusercontent.com".
    				Here's how to do that:
    
    				1. Start with the original GitHub URL of the file. For example:
    				https://github.com/username/repository/blob/branch/filename.
    				2. Replace "github.com" with "raw.githubusercontent.com".
    				3. Remove the "/blob/" part of the URL.
    
    				The resulting URL should look like this:
    				https://raw.githubusercontent.com/username/repository/branch/filename
    
    				Error:
    				Error: Could not download "https://downloads.wordpress.org/plugin/google-syntaxhighlighter.latest-stable.zip"
        at Ct.resolve (file:///home/runner/work/playground-tester/playground-tester/node_modules/@wp-playground/blueprints/index.js:1472:13)
        at process.processTicksAndRejections (node:internal/process/task_queues:105:5)
        at async _.run (file:///home/runner/work/playground-tester/playground-tester/node_modules/@php-wasm/util/index.js:45:14)
  }
}

Node.js v23.11.0
