file:///home/runner/work/playground-tester/playground-tester/node_modules/@wp-playground/cli/index.js:237
        throw new Error(y, { cause: u });
              ^

Error: [26-May-2025 19:23:21 UTC] PHP Deprecated:  Required parameter $photo_id follows optional parameter $blog_id in /wordpress/wp-content/plugins/awesome-flickr-gallery-plugin/afgFlickr/afgFlickr.php on line 692
[26-May-2025 19:23:21 UTC] PHP Deprecated:  Required parameter $title follows optional parameter $blog_id in /wordpress/wp-content/plugins/awesome-flickr-gallery-plugin/afgFlickr/afgFlickr.php on line 692
[26-May-2025 19:23:21 UTC] PHP Deprecated:  Required parameter $description follows optional parameter $blog_id in /wordpress/wp-content/plugins/awesome-flickr-gallery-plugin/afgFlickr/afgFlickr.php on line 692
[26-May-2025 19:23:22 UTC] PHP Deprecated:  Required parameter $photo_id follows optional parameter $blog_id in /wordpress/wp-content/plugins/awesome-flickr-gallery-plugin/afgFlickr/afgFlickr.php on line 692
[26-May-2025 19:23:22 UTC] PHP Deprecated:  Required parameter $title follows optional parameter $blog_id in /wordpress/wp-content/plugins/awesome-flickr-gallery-plugin/afgFlickr/afgFlickr.php on line 692
[26-May-2025 19:23:22 UTC] PHP Deprecated:  Required parameter $description follows optional parameter $blog_id in /wordpress/wp-content/plugins/awesome-flickr-gallery-plugin/afgFlickr/afgFlickr.php on line 692
[26-May-2025 19:23:22 UTC] PHP Warning:  foreach() argument must be of type array|object, bool given in /wordpress/wp-content/plugins/awesome-flickr-gallery-plugin/index.php on line 67
[26-May-2025 19:23:30 UTC] PHP Deprecated:  Required parameter $photo_id follows optional parameter $blog_id in /wordpress/wp-content/plugins/awesome-flickr-gallery-plugin/afgFlickr/afgFlickr.php on line 692
[26-May-2025 19:23:30 UTC] PHP Deprecated:  Required parameter $title follows optional parameter $blog_id in /wordpress/wp-content/plugins/awesome-flickr-gallery-plugin/afgFlickr/afgFlickr.php on line 692
[26-May-2025 19:23:30 UTC] PHP Deprecated:  Required parameter $description follows optional parameter $blog_id in /wordpress/wp-content/plugins/awesome-flickr-gallery-plugin/afgFlickr/afgFlickr.php on line 692
[26-May-2025 19:23:31 UTC] PHP Deprecated:  Required parameter $photo_id follows optional parameter $blog_id in /wordpress/wp-content/plugins/awesome-flickr-gallery-plugin/afgFlickr/afgFlickr.php on line 692
[26-May-2025 19:23:31 UTC] PHP Deprecated:  Required parameter $title follows optional parameter $blog_id in /wordpress/wp-content/plugins/awesome-flickr-gallery-plugin/afgFlickr/afgFlickr.php on line 692
[26-May-2025 19:23:31 UTC] PHP Deprecated:  Required parameter $description follows optional parameter $blog_id in /wordpress/wp-content/plugins/awesome-flickr-gallery-plugin/afgFlickr/afgFlickr.php on line 692
[26-May-2025 19:23:31 UTC] PHP Warning:  foreach() argument must be of type array|object, bool given in /wordpress/wp-content/plugins/awesome-flickr-gallery-plugin/index.php on line 67
[26-May-2025 19:23:40 UTC] PHP Deprecated:  Required parameter $photo_id follows optional parameter $blog_id in /wordpress/wp-content/plugins/awesome-flickr-gallery-plugin/afgFlickr/afgFlickr.php on line 692
[26-May-2025 19:23:40 UTC] PHP Deprecated:  Required parameter $title follows optional parameter $blog_id in /wordpress/wp-content/plugins/awesome-flickr-gallery-plugin/afgFlickr/afgFlickr.php on line 692
[26-May-2025 19:23:40 UTC] PHP Deprecated:  Required parameter $description follows optional parameter $blog_id in /wordpress/wp-content/plugins/awesome-flickr-gallery-plugin/afgFlickr/afgFlickr.php on line 692
[26-May-2025 19:23:41 UTC] PHP Deprecated:  Required parameter $photo_id follows optional parameter $blog_id in /wordpress/wp-content/plugins/awesome-flickr-gallery-plugin/afgFlickr/afgFlickr.php on line 692
[26-May-2025 19:23:41 UTC] PHP Deprecated:  Required parameter $title follows optional parameter $blog_id in /wordpress/wp-content/plugins/awesome-flickr-gallery-plugin/afgFlickr/afgFlickr.php on line 692
[26-May-2025 19:23:41 UTC] PHP Deprecated:  Required parameter $description follows optional parameter $blog_id in /wordpress/wp-content/plugins/awesome-flickr-gallery-plugin/afgFlickr/afgFlickr.php on line 692
[26-May-2025 19:23:41 UTC] PHP Warning:  foreach() argument must be of type array|object, bool given in /wordpress/wp-content/plugins/awesome-flickr-gallery-plugin/index.php on line 67

    at Object.onBind (file:///home/runner/work/playground-tester/playground-tester/node_modules/@wp-playground/cli/index.js:237:15)
    at process.processTicksAndRejections (node:internal/process/task_queues:105:5)
    at async V (file:///home/runner/work/playground-tester/playground-tester/node_modules/@wp-playground/cli/index.js:64:10)
    at async ja (file:///home/runner/work/playground-tester/playground-tester/node_modules/@wp-playground/cli/cli.js:8161:12) {
  [cause]: Error: Error when executing the blueprint step #1 ({"step":"installPlugin","pluginData":{"resource":"wordpress.org/plugins","slug":"acymailing"},"options":{"activate":true}}) : Plugin /wordpress/wp-content/plugins/acymailing could not be activated – WordPress exited with no error. Sometimes, when $_SERVER or site options are not configured correctly, WordPress exits early with a 301 redirect. Inspect the "debug" logs in the console for more details.
      at Object.run (file:///home/runner/work/playground-tester/playground-tester/node_modules/@wp-playground/blueprints/index.js:12449:19)
      at process.processTicksAndRejections (node:internal/process/task_queues:105:5)
      at async ms (file:///home/runner/work/playground-tester/playground-tester/node_modules/@wp-playground/blueprints/index.js:12552:3)
      ... 2 lines matching cause stack trace ...
      at async ja (file:///home/runner/work/playground-tester/playground-tester/node_modules/@wp-playground/cli/cli.js:8161:12) {
    [cause]: Error: Plugin /wordpress/wp-content/plugins/acymailing could not be activated – WordPress exited with no error. Sometimes, when $_SERVER or site options are not configured correctly, WordPress exits early with a 301 redirect. Inspect the "debug" logs in the console for more details.
        at wr (file:///home/runner/work/playground-tester/playground-tester/node_modules/@wp-playground/blueprints/index.js:119:51)
        at process.processTicksAndRejections (node:internal/process/task_queues:105:5)
        at async Object.gt [as installPlugin] (file:///home/runner/work/playground-tester/playground-tester/node_modules/@wp-playground/blueprints/index.js:974:42)
        at async g (file:///home/runner/work/playground-tester/playground-tester/node_modules/@wp-playground/blueprints/index.js:12517:30)
        at async Object.run (file:///home/runner/work/playground-tester/playground-tester/node_modules/@wp-playground/blueprints/index.js:12446:23)
        at async ms (file:///home/runner/work/playground-tester/playground-tester/node_modules/@wp-playground/blueprints/index.js:12552:3)
        at async Object.onBind (file:///home/runner/work/playground-tester/playground-tester/node_modules/@wp-playground/cli/index.js:227:48)
        at async V (file:///home/runner/work/playground-tester/playground-tester/node_modules/@wp-playground/cli/index.js:64:10)
        at async ja (file:///home/runner/work/playground-tester/playground-tester/node_modules/@wp-playground/cli/cli.js:8161:12)
  }
}

Node.js v23.11.0
