file:///home/runner/work/playground-tester/playground-tester/node_modules/@wp-playground/cli/index.js:237
        throw new Error(y, { cause: u });
              ^

Error: [16-May-2025 23:47:54 UTC] PHP Deprecated:  Function register_sidebar_widget is <strong>deprecated</strong> since version 2.8.0! Use wp_register_sidebar_widget() instead. in /wordpress/wp-includes/functions.php on line 6121
[16-May-2025 23:47:54 UTC] PHP Deprecated:  Function register_widget_control is <strong>deprecated</strong> since version 2.8.0! Use wp_register_widget_control() instead. in /wordpress/wp-includes/functions.php on line 6121
[16-May-2025 23:48:03 UTC] PHP Deprecated:  Function register_sidebar_widget is <strong>deprecated</strong> since version 2.8.0! Use wp_register_sidebar_widget() instead. in /wordpress/wp-includes/functions.php on line 6121
[16-May-2025 23:48:03 UTC] PHP Deprecated:  Function register_widget_control is <strong>deprecated</strong> since version 2.8.0! Use wp_register_widget_control() instead. in /wordpress/wp-includes/functions.php on line 6121
[16-May-2025 23:48:13 UTC] PHP Deprecated:  Function register_sidebar_widget is <strong>deprecated</strong> since version 2.8.0! Use wp_register_sidebar_widget() instead. in /wordpress/wp-includes/functions.php on line 6121
[16-May-2025 23:48:13 UTC] PHP Deprecated:  Function register_widget_control is <strong>deprecated</strong> since version 2.8.0! Use wp_register_widget_control() instead. in /wordpress/wp-includes/functions.php on line 6121
[16-May-2025 23:49:06 UTC] PHP Fatal error:  Uncaught Error: Call to undefined function create_function() in /wordpress/wp-content/plugins/love-it/includes/widgets.php:66
Stack trace:
#0 /wordpress/wp-content/plugins/love-it/love-it.php(38): include()
#1 /wordpress/wp-admin/includes/plugin.php(2387): include_once('/wordpress/wp-c...')
#2 /wordpress/wp-admin/includes/plugin.php(673): plugin_sandbox_scrape('love-it/love-it...')
#3 /internal/eval.php(20): activate_plugin('love-it/love-it...')
#4 {main}
  thrown in /wordpress/wp-content/plugins/love-it/includes/widgets.php on line 66
[16-May-2025 23:49:13 UTC] PHP Fatal error:  Uncaught Error: Call to undefined function create_function() in /wordpress/wp-content/plugins/love-it/includes/widgets.php:66
Stack trace:
#0 /wordpress/wp-content/plugins/love-it/love-it.php(38): include()
#1 /wordpress/wp-admin/includes/plugin.php(2387): include_once('/wordpress/wp-c...')
#2 /wordpress/wp-admin/includes/plugin.php(673): plugin_sandbox_scrape('love-it/love-it...')
#3 /internal/eval.php(20): activate_plugin('love-it/love-it...')
#4 {main}
  thrown in /wordpress/wp-content/plugins/love-it/includes/widgets.php on line 66
[16-May-2025 23:49:20 UTC] PHP Fatal error:  Uncaught Error: Call to undefined function create_function() in /wordpress/wp-content/plugins/love-it/includes/widgets.php:66
Stack trace:
#0 /wordpress/wp-content/plugins/love-it/love-it.php(38): include()
#1 /wordpress/wp-admin/includes/plugin.php(2387): include_once('/wordpress/wp-c...')
#2 /wordpress/wp-admin/includes/plugin.php(673): plugin_sandbox_scrape('love-it/love-it...')
#3 /internal/eval.php(20): activate_plugin('love-it/love-it...')
#4 {main}
  thrown in /wordpress/wp-content/plugins/love-it/includes/widgets.php on line 66
[16-May-2025 23:50:43 UTC] PHP Warning:  Trying to access array offset on value of type bool in /wordpress/wp-content/plugins/ihitro-media/ihitro.class.php on line 51
[16-May-2025 23:50:43 UTC] PHP Warning:  Trying to access array offset on value of type bool in /wordpress/wp-content/plugins/ihitro-media/ihitro.class.php on line 64
[16-May-2025 23:50:43 UTC] PHP Warning:  Trying to access array offset on value of type bool in /wordpress/wp-content/plugins/ihitro-media/ihitro.class.php on line 72
[16-May-2025 23:50:43 UTC] PHP Warning:  Trying to access array offset on value of type bool in /wordpress/wp-content/plugins/ihitro-media/ihitro.class.php on line 80
[16-May-2025 23:50:43 UTC] PHP Warning:  Trying to access array offset on value of type bool in /wordpress/wp-content/plugins/ihitro-media/ihitro.class.php on line 95
[16-May-2025 23:50:44 UTC] PHP Warning:  Trying to access array offset on value of type bool in /wordpress/wp-content/plugins/ihitro-media/ihitro.class.php on line 51
[16-May-2025 23:50:44 UTC] PHP Warning:  Trying to access array offset on value of type bool in /wordpress/wp-content/plugins/ihitro-media/ihitro.class.php on line 64
[16-May-2025 23:50:44 UTC] PHP Warning:  Trying to access array offset on value of type bool in /wordpress/wp-content/plugins/ihitro-media/ihitro.class.php on line 72
[16-May-2025 23:50:44 UTC] PHP Warning:  Trying to access array offset on value of type bool in /wordpress/wp-content/plugins/ihitro-media/ihitro.class.php on line 80
[16-May-2025 23:50:44 UTC] PHP Warning:  Trying to access array offset on value of type bool in /wordpress/wp-content/plugins/ihitro-media/ihitro.class.php on line 95
[16-May-2025 23:50:52 UTC] PHP Warning:  Trying to access array offset on value of type bool in /wordpress/wp-content/plugins/ihitro-media/ihitro.class.php on line 51
[16-May-2025 23:50:52 UTC] PHP Warning:  Trying to access array offset on value of type bool in /wordpress/wp-content/plugins/ihitro-media/ihitro.class.php on line 64
[16-May-2025 23:50:52 UTC] PHP Warning:  Trying to access array offset on value of type bool in /wordpress/wp-content/plugins/ihitro-media/ihitro.class.php on line 72
[16-May-2025 23:50:52 UTC] PHP Warning:  Trying to access array offset on value of type bool in /wordpress/wp-content/plugins/ihitro-media/ihitro.class.php on line 80
[16-May-2025 23:50:52 UTC] PHP Warning:  Trying to access array offset on value of type bool in /wordpress/wp-content/plugins/ihitro-media/ihitro.class.php on line 95
[16-May-2025 23:50:53 UTC] PHP Warning:  Trying to access array offset on value of type bool in /wordpress/wp-content/plugins/ihitro-media/ihitro.class.php on line 51
[16-May-2025 23:50:53 UTC] PHP Warning:  Trying to access array offset on value of type bool in /wordpress/wp-content/plugins/ihitro-media/ihitro.class.php on line 64
[16-May-2025 23:50:53 UTC] PHP Warning:  Trying to access array offset on value of type bool in /wordpress/wp-content/plugins/ihitro-media/ihitro.class.php on line 72
[16-May-2025 23:50:53 UTC] PHP Warning:  Trying to access array offset on value of type bool in /wordpress/wp-content/plugins/ihitro-media/ihitro.class.php on line 80
[16-May-2025 23:50:53 UTC] PHP Warning:  Trying to access array offset on value of type bool in /wordpress/wp-content/plugins/ihitro-media/ihitro.class.php on line 95
[16-May-2025 23:51:01 UTC] PHP Warning:  Trying to access array offset on value of type bool in /wordpress/wp-content/plugins/ihitro-media/ihitro.class.php on line 51
[16-May-2025 23:51:01 UTC] PHP Warning:  Trying to access array offset on value of type bool in /wordpress/wp-content/plugins/ihitro-media/ihitro.class.php on line 64
[16-May-2025 23:51:01 UTC] PHP Warning:  Trying to access array offset on value of type bool in /wordpress/wp-content/plugins/ihitro-media/ihitro.class.php on line 72
[16-May-2025 23:51:01 UTC] PHP Warning:  Trying to access array offset on value of type bool in /wordpress/wp-content/plugins/ihitro-media/ihitro.class.php on line 80
[16-May-2025 23:51:01 UTC] PHP Warning:  Trying to access array offset on value of type bool in /wordpress/wp-content/plugins/ihitro-media/ihitro.class.php on line 95
[16-May-2025 23:51:02 UTC] PHP Warning:  Trying to access array offset on value of type bool in /wordpress/wp-content/plugins/ihitro-media/ihitro.class.php on line 51
[16-May-2025 23:51:02 UTC] PHP Warning:  Trying to access array offset on value of type bool in /wordpress/wp-content/plugins/ihitro-media/ihitro.class.php on line 64
[16-May-2025 23:51:02 UTC] PHP Warning:  Trying to access array offset on value of type bool in /wordpress/wp-content/plugins/ihitro-media/ihitro.class.php on line 72
[16-May-2025 23:51:02 UTC] PHP Warning:  Trying to access array offset on value of type bool in /wordpress/wp-content/plugins/ihitro-media/ihitro.class.php on line 80
[16-May-2025 23:51:02 UTC] PHP Warning:  Trying to access array offset on value of type bool in /wordpress/wp-content/plugins/ihitro-media/ihitro.class.php on line 95
[16-May-2025 23:51:12 UTC] PHP Fatal error:  Uncaught Error: Undefined constant "WC_VERSION" in /wordpress/wp-content/plugins/iex-integration/iex.php:40
Stack trace:
#0 /wordpress/wp-content/plugins/iex-integration/iex.php(2932): IEX_Integration->__construct()
#1 /wordpress/wp-includes/class-wp-hook.php(324): load_iex('')
#2 /wordpress/wp-includes/class-wp-hook.php(348): WP_Hook->apply_filters(NULL, Array)
#3 /wordpress/wp-includes/plugin.php(517): WP_Hook->do_action(Array)
#4 /wordpress/wp-settings.php(578): do_action('plugins_loaded')
#5 /wordpress/wp-config.php(102): require_once('/wordpress/wp-s...')
#6 /wordpress/wp-load.php(50): require_once('/wordpress/wp-c...')
#7 /internal/eval.php(3): require_once('/wordpress/wp-l...')
#8 {main}
  thrown in /wordpress/wp-content/plugins/iex-integration/iex.php on line 40
[16-May-2025 23:51:21 UTC] PHP Fatal error:  Uncaught Error: Undefined constant "WC_VERSION" in /wordpress/wp-content/plugins/iex-integration/iex.php:40
Stack trace:
#0 /wordpress/wp-content/plugins/iex-integration/iex.php(2932): IEX_Integration->__construct()
#1 /wordpress/wp-includes/class-wp-hook.php(324): load_iex('')
#2 /wordpress/wp-includes/class-wp-hook.php(348): WP_Hook->apply_filters(NULL, Array)
#3 /wordpress/wp-includes/plugin.php(517): WP_Hook->do_action(Array)
#4 /wordpress/wp-settings.php(578): do_action('plugins_loaded')
#5 /wordpress/wp-config.php(102): require_once('/wordpress/wp-s...')
#6 /wordpress/wp-load.php(50): require_once('/wordpress/wp-c...')
#7 /internal/eval.php(3): require_once('/wordpress/wp-l...')
#8 {main}
  thrown in /wordpress/wp-content/plugins/iex-integration/iex.php on line 40
[16-May-2025 23:51:29 UTC] PHP Fatal error:  Uncaught Error: Undefined constant "WC_VERSION" in /wordpress/wp-content/plugins/iex-integration/iex.php:40
Stack trace:
#0 /wordpress/wp-content/plugins/iex-integration/iex.php(2932): IEX_Integration->__construct()
#1 /wordpress/wp-includes/class-wp-hook.php(324): load_iex('')
#2 /wordpress/wp-includes/class-wp-hook.php(348): WP_Hook->apply_filters(NULL, Array)
#3 /wordpress/wp-includes/plugin.php(517): WP_Hook->do_action(Array)
#4 /wordpress/wp-settings.php(578): do_action('plugins_loaded')
#5 /wordpress/wp-config.php(102): require_once('/wordpress/wp-s...')
#6 /wordpress/wp-load.php(50): require_once('/wordpress/wp-c...')
#7 /internal/eval.php(3): require_once('/wordpress/wp-l...')
#8 {main}
  thrown in /wordpress/wp-content/plugins/iex-integration/iex.php on line 40
[16-May-2025 23:51:38 UTC] PHP Warning:  Trying to access array offset on value of type bool in /wordpress/wp-content/plugins/ig-posts-carousel/includes/ig-posts-carousel-function.php on line 7
[16-May-2025 23:51:38 UTC] PHP Warning:  Trying to access array offset on value of type bool in /wordpress/wp-content/plugins/ig-posts-carousel/includes/ig-posts-carousel-function.php on line 8
[16-May-2025 23:51:38 UTC] PHP Warning:  Trying to access array offset on value of type bool in /wordpress/wp-content/plugins/ig-posts-carousel/includes/ig-posts-carousel-function.php on line 9
[16-May-2025 23:51:38 UTC] PHP Warning:  Trying to access array offset on value of type bool in /wordpress/wp-content/plugins/ig-posts-carousel/includes/ig-posts-carousel-function.php on line 10
[16-May-2025 23:51:47 UTC] PHP Warning:  Trying to access array offset on value of type bool in /wordpress/wp-content/plugins/ig-posts-carousel/includes/ig-posts-carousel-function.php on line 7
[16-May-2025 23:51:47 UTC] PHP Warning:  Trying to access array offset on value of type bool in /wordpress/wp-content/plugins/ig-posts-carousel/includes/ig-posts-carousel-function.php on line 8
[16-May-2025 23:51:47 UTC] PHP Warning:  Trying to access array offset on value of type bool in /wordpress/wp-content/plugins/ig-posts-carousel/includes/ig-posts-carousel-function.php on line 9
[16-May-2025 23:51:47 UTC] PHP Warning:  Trying to access array offset on value of type bool in /wordpress/wp-content/plugins/ig-posts-carousel/includes/ig-posts-carousel-function.php on line 10
[16-May-2025 23:51:56 UTC] PHP Warning:  Trying to access array offset on value of type bool in /wordpress/wp-content/plugins/ig-posts-carousel/includes/ig-posts-carousel-function.php on line 7
[16-May-2025 23:51:56 UTC] PHP Warning:  Trying to access array offset on value of type bool in /wordpress/wp-content/plugins/ig-posts-carousel/includes/ig-posts-carousel-function.php on line 8
[16-May-2025 23:51:56 UTC] PHP Warning:  Trying to access array offset on value of type bool in /wordpress/wp-content/plugins/ig-posts-carousel/includes/ig-posts-carousel-function.php on line 9
[16-May-2025 23:51:56 UTC] PHP Warning:  Trying to access array offset on value of type bool in /wordpress/wp-content/plugins/ig-posts-carousel/includes/ig-posts-carousel-function.php on line 10
[16-May-2025 23:52:05 UTC] PHP Deprecated:  Function register_sidebar_widget is <strong>deprecated</strong> since version 2.8.0! Use wp_register_sidebar_widget() instead. in /wordpress/wp-includes/functions.php on line 6121
[16-May-2025 23:52:05 UTC] PHP Deprecated:  Function register_widget_control is <strong>deprecated</strong> since version 2.8.0! Use wp_register_widget_control() instead. in /wordpress/wp-includes/functions.php on line 6121
[16-May-2025 23:52:13 UTC] PHP Deprecated:  Function register_sidebar_widget is <strong>deprecated</strong> since version 2.8.0! Use wp_register_sidebar_widget() instead. in /wordpress/wp-includes/functions.php on line 6121
[16-May-2025 23:52:13 UTC] PHP Deprecated:  Function register_widget_control is <strong>deprecated</strong> since version 2.8.0! Use wp_register_widget_control() instead. in /wordpress/wp-includes/functions.php on line 6121
[16-May-2025 23:52:21 UTC] PHP Deprecated:  Function register_sidebar_widget is <strong>deprecated</strong> since version 2.8.0! Use wp_register_sidebar_widget() instead. in /wordpress/wp-includes/functions.php on line 6121
[16-May-2025 23:52:21 UTC] PHP Deprecated:  Function register_widget_control is <strong>deprecated</strong> since version 2.8.0! Use wp_register_widget_control() instead. in /wordpress/wp-includes/functions.php on line 6121
[16-May-2025 23:52:32 UTC] PHP Notice:  Function _load_textdomain_just_in_time was called <strong>incorrectly</strong>. Translation loading for the <code>immopress</code> domain was triggered too early. This is usually an indicator for some code in the plugin or theme running too early. Translations should be loaded at the <code>init</code> action or later. Please see <a href="https://developer.wordpress.org/advanced-administration/debug/debug-wordpress/">Debugging in WordPress</a> for more information. (This message was added in version 6.7.0.) in /wordpress/wp-includes/functions.php on line 6121
[16-May-2025 23:52:32 UTC] PHP Warning:  Trying to access array offset on value of type bool in /wordpress/wp-content/plugins/immopress/immopress.php on line 485
[16-May-2025 23:52:32 UTC] PHP Warning:  Trying to access array offset on value of type bool in /wordpress/wp-content/plugins/immopress/immopress.php on line 486
[16-May-2025 23:52:32 UTC] PHP Fatal error:  Array and string offset access syntax with curly braces is no longer supported in /wordpress/wp-content/plugins/immopress/sdk/Oauth/OAuth.php on line 101
[16-May-2025 23:52:45 UTC] PHP Notice:  Function _load_textdomain_just_in_time was called <strong>incorrectly</strong>. Translation loading for the <code>immopress</code> domain was triggered too early. This is usually an indicator for some code in the plugin or theme running too early. Translations should be loaded at the <code>init</code> action or later. Please see <a href="https://developer.wordpress.org/advanced-administration/debug/debug-wordpress/">Debugging in WordPress</a> for more information. (This message was added in version 6.7.0.) in /wordpress/wp-includes/functions.php on line 6121
[16-May-2025 23:52:45 UTC] PHP Warning:  Trying to access array offset on value of type bool in /wordpress/wp-content/plugins/immopress/immopress.php on line 485
[16-May-2025 23:52:45 UTC] PHP Warning:  Trying to access array offset on value of type bool in /wordpress/wp-content/plugins/immopress/immopress.php on line 486
[16-May-2025 23:52:45 UTC] PHP Fatal error:  Array and string offset access syntax with curly braces is no longer supported in /wordpress/wp-content/plugins/immopress/sdk/Oauth/OAuth.php on line 101
[16-May-2025 23:52:58 UTC] PHP Notice:  Function _load_textdomain_just_in_time was called <strong>incorrectly</strong>. Translation loading for the <code>immopress</code> domain was triggered too early. This is usually an indicator for some code in the plugin or theme running too early. Translations should be loaded at the <code>init</code> action or later. Please see <a href="https://developer.wordpress.org/advanced-administration/debug/debug-wordpress/">Debugging in WordPress</a> for more information. (This message was added in version 6.7.0.) in /wordpress/wp-includes/functions.php on line 6121
[16-May-2025 23:52:58 UTC] PHP Warning:  Trying to access array offset on value of type bool in /wordpress/wp-content/plugins/immopress/immopress.php on line 485
[16-May-2025 23:52:58 UTC] PHP Warning:  Trying to access array offset on value of type bool in /wordpress/wp-content/plugins/immopress/immopress.php on line 486
[16-May-2025 23:52:58 UTC] PHP Fatal error:  Array and string offset access syntax with curly braces is no longer supported in /wordpress/wp-content/plugins/immopress/sdk/Oauth/OAuth.php on line 101
[16-May-2025 23:53:58 UTC] PHP Fatal error:  Uncaught Error: Call to undefined function create_function() in /wordpress/wp-content/plugins/in-this-section/in-this-section.php:114
Stack trace:
#0 /wordpress/wp-admin/includes/plugin.php(2387): include_once()
#1 /wordpress/wp-admin/includes/plugin.php(673): plugin_sandbox_scrape('in-this-section...')
#2 /internal/eval.php(20): activate_plugin('in-this-section...')
#3 {main}
  thrown in /wordpress/wp-content/plugins/in-this-section/in-this-section.php on line 114
[16-May-2025 23:54:05 UTC] PHP Fatal error:  Uncaught Error: Call to undefined function create_function() in /wordpress/wp-content/plugins/in-this-section/in-this-section.php:114
Stack trace:
#0 /wordpress/wp-admin/includes/plugin.php(2387): include_once()
#1 /wordpress/wp-admin/includes/plugin.php(673): plugin_sandbox_scrape('in-this-section...')
#2 /internal/eval.php(20): activate_plugin('in-this-section...')
#3 {main}
  thrown in /wordpress/wp-content/plugins/in-this-section/in-this-section.php on line 114
[16-May-2025 23:54:13 UTC] PHP Fatal error:  Uncaught Error: Call to undefined function create_function() in /wordpress/wp-content/plugins/in-this-section/in-this-section.php:114
Stack trace:
#0 /wordpress/wp-admin/includes/plugin.php(2387): include_once()
#1 /wordpress/wp-admin/includes/plugin.php(673): plugin_sandbox_scrape('in-this-section...')
#2 /internal/eval.php(20): activate_plugin('in-this-section...')
#3 {main}
  thrown in /wordpress/wp-content/plugins/in-this-section/in-this-section.php on line 114
[16-May-2025 23:55:47 UTC] PHP Warning:  Trying to access array offset on value of type bool in /wordpress/wp-content/plugins/infility-global/infility_global.php on line 146
[16-May-2025 23:55:47 UTC] PHP Warning:  foreach() argument must be of type array|object, null given in /wordpress/wp-content/plugins/infility-global/infility_global.php on line 146
[16-May-2025 23:56:06 UTC] PHP Warning:  Trying to access array offset on value of type bool in /wordpress/wp-content/plugins/infility-global/infility_global.php on line 146
[16-May-2025 23:56:06 UTC] PHP Warning:  foreach() argument must be of type array|object, null given in /wordpress/wp-content/plugins/infility-global/infility_global.php on line 146
[16-May-2025 23:56:26 UTC] PHP Warning:  Trying to access array offset on value of type bool in /wordpress/wp-content/plugins/infility-global/infility_global.php on line 146
[16-May-2025 23:56:26 UTC] PHP Warning:  foreach() argument must be of type array|object, null given in /wordpress/wp-content/plugins/infility-global/infility_global.php on line 146

    at Object.onBind (file:///home/runner/work/playground-tester/playground-tester/node_modules/@wp-playground/cli/index.js:237:15)
    at process.processTicksAndRejections (node:internal/process/task_queues:105:5)
    at async V (file:///home/runner/work/playground-tester/playground-tester/node_modules/@wp-playground/cli/index.js:64:10)
    at async ja (file:///home/runner/work/playground-tester/playground-tester/node_modules/@wp-playground/cli/cli.js:8161:12) {
  [cause]: Error: Error when executing the blueprint step #5 ({"step":"installPlugin","pluginData":{"resource":"wordpress.org/plugins","slug":"infth-image-slider"},"options":{"activate":true}}) : Could not download "https://downloads.wordpress.org/plugin/infth-image-slider.latest-stable.zip".
  				Check if the URL is correct and the server is reachable.
  				If it is reachable, the server might be blocking the request.
  				Check the browser console and network tabs for more information.
  
  				## Does the console show the error "No 'Access-Control-Allow-Origin' header"?
  
  				This means the server that hosts your file does not allow requests from other sites
  				(cross-origin requests, or CORS).	You need to move the asset to a server that allows
  				cross-origin file downloads. Learn more about CORS at
  				https://developer.mozilla.org/en-US/docs/Web/HTTP/CORS.
  
  				If your file is on GitHub, load it from "raw.githubusercontent.com".
  				Here's how to do that:
  
  				1. Start with the original GitHub URL of the file. For example:
  				https://github.com/username/repository/blob/branch/filename.
  				2. Replace "github.com" with "raw.githubusercontent.com".
  				3. Remove the "/blob/" part of the URL.
  
  				The resulting URL should look like this:
  				https://raw.githubusercontent.com/username/repository/branch/filename
  
  				Error:
  				Error: Could not download "https://downloads.wordpress.org/plugin/infth-image-slider.latest-stable.zip"
      at Object.run (file:///home/runner/work/playground-tester/playground-tester/node_modules/@wp-playground/blueprints/index.js:12449:19)
      at process.processTicksAndRejections (node:internal/process/task_queues:105:5)
      at async ms (file:///home/runner/work/playground-tester/playground-tester/node_modules/@wp-playground/blueprints/index.js:12552:3)
      at async Object.onBind (file:///home/runner/work/playground-tester/playground-tester/node_modules/@wp-playground/cli/index.js:227:48)
      at async V (file:///home/runner/work/playground-tester/playground-tester/node_modules/@wp-playground/cli/index.js:64:10)
      at async ja (file:///home/runner/work/playground-tester/playground-tester/node_modules/@wp-playground/cli/cli.js:8161:12) {
    [cause]: Error: Could not download "https://downloads.wordpress.org/plugin/infth-image-slider.latest-stable.zip".
    				Check if the URL is correct and the server is reachable.
    				If it is reachable, the server might be blocking the request.
    				Check the browser console and network tabs for more information.
    
    				## Does the console show the error "No 'Access-Control-Allow-Origin' header"?
    
    				This means the server that hosts your file does not allow requests from other sites
    				(cross-origin requests, or CORS).	You need to move the asset to a server that allows
    				cross-origin file downloads. Learn more about CORS at
    				https://developer.mozilla.org/en-US/docs/Web/HTTP/CORS.
    
    				If your file is on GitHub, load it from "raw.githubusercontent.com".
    				Here's how to do that:
    
    				1. Start with the original GitHub URL of the file. For example:
    				https://github.com/username/repository/blob/branch/filename.
    				2. Replace "github.com" with "raw.githubusercontent.com".
    				3. Remove the "/blob/" part of the URL.
    
    				The resulting URL should look like this:
    				https://raw.githubusercontent.com/username/repository/branch/filename
    
    				Error:
    				Error: Could not download "https://downloads.wordpress.org/plugin/infth-image-slider.latest-stable.zip"
        at Ct.resolve (file:///home/runner/work/playground-tester/playground-tester/node_modules/@wp-playground/blueprints/index.js:1472:13)
        at process.processTicksAndRejections (node:internal/process/task_queues:105:5)
        at async _.run (file:///home/runner/work/playground-tester/playground-tester/node_modules/@php-wasm/util/index.js:45:14)
  }
}

Node.js v23.11.0
