file:///home/runner/work/playground-tester/playground-tester/node_modules/@wp-playground/cli/index.js:237
        throw new Error(y, { cause: u });
              ^

Error: [23-Apr-2025 14:28:57 UTC] PHP Deprecated:  Required parameter $action_id follows optional parameter $post_id in /wordpress/wp-content/plugins/spectacula-threaded-comments/includes/db.php on line 180
[23-Apr-2025 14:28:58 UTC] PHP Deprecated:  Required parameter $action_id follows optional parameter $post_id in /wordpress/wp-content/plugins/spectacula-threaded-comments/includes/db.php on line 180
[23-Apr-2025 14:29:07 UTC] PHP Deprecated:  Required parameter $action_id follows optional parameter $post_id in /wordpress/wp-content/plugins/spectacula-threaded-comments/includes/db.php on line 180
[23-Apr-2025 14:29:07 UTC] WordPress database error <div style="clear:both">&nbsp;</div>
<div class="queries" style="clear:both;margin-bottom:2px;border:red dotted thin;">
<p>MySQL query:</p>
<p>CREATE TABLE wp_spec_comment_log  (
						id BIGINT( 20 ) UNSIGNED NOT NULL AUTO_INCREMENT, INDEX USING BTREE ( id ), PRIMARY KEY ( id ),
						date TIMESTAMP NOT NULL DEFAULT CURRENT_TIMESTAMP, INDEX USING BTREE ( date ),
						post_id BIGINT( 20 ) UNSIGNED NOT NULL, INDEX USING BTREE ( post_id ),
						comment_id BIGINT( 20 ) UNSIGNED NOT NULL, INDEX USING BTREE ( comment_id ),
						action_taken varchar( 64 )
					  ) ENGINE = MEMORY;</p>
<p>Queries made or created this session were:</p>
<ol>
<li>Executing: BEGIN | (no parameters)</li>
<li>Executing: INSERT INTO _mysql_data_types_cache (`table`, `column_or_index`, `mysql_type`)
				VALUES (:table, :column, :datatype)
				ON CONFLICT(`table`, `column_or_index`) DO UPDATE SET `mysql_type` = :datatype
			 | parameters: wp_spec_comment_log, id, bigint(20) UNSIGNED</li>
<li>Executing: INSERT INTO _mysql_data_types_cache (`table`, `column_or_index`, `mysql_type`)
				VALUES (:table, :column, :datatype)
				ON CONFLICT(`table`, `column_or_index`) DO UPDATE SET `mysql_type` = :datatype
			 | parameters: wp_spec_comment_log, date, timestamp</li>
<li>Executing: CREATE TABLE &quot;wp_spec_comment_log&quot; (
&quot;id&quot; integer PRIMARY KEY AUTOINCREMENT NOT NULL ON CONFLICT REPLACE DEFAULT 0,
&quot;date&quot; text NOT NULL ON CONFLICT REPLACE DEFAULT CURRENT_TIMESTAMP COLLATE NOCASE) | (no parameters)</li>
<li>Executing: CREATE  INDEX  &quot;wp_spec_comment_log__USING&quot; ON &quot;wp_spec_comment_log&quot; (&quot;(&quot;, &quot;)&quot;) | (no parameters)</li>
<li>Executing: INSERT INTO _mysql_data_types_cache (`table`, `column_or_index`, `mysql_type`)
				VALUES (:table, :column, :datatype)
				ON CONFLICT(`table`, `column_or_index`) DO UPDATE SET `mysql_type` = :datatype
			 | parameters: wp_spec_comment_log, wp_spec_comment_log__USING, KEY</li>
<li>Executing: CREATE  INDEX  &quot;wp_spec_comment_log__USING&quot; ON &quot;wp_spec_comment_log&quot; (&quot;(&quot;, &quot;)&quot;) | (no parameters)</li>
<li>Executing: ROLLBACK | (no parameters)</li>
</ol>
</div>
<div style="clear:both;margin-bottom:2px;border:red dotted thin;" class="error_message" style="border-bottom:dotted blue thin;">
Error occurred at line 4117 in Function <code>handle_error</code>. Error message was: SQLSTATE[HY000]: General error: 1 index wp_spec_comment_log__USING already exists.
</div>
<p>Backtrace:</p>
<pre>#0 /internal/shared/sqlite-database-integration/wp-includes/sqlite/class-wp-sqlite-db.php(287): WP_SQLite_Translator->get_error_message()
#1 /wordpress/wp-admin/install-helper.php(65): WP_SQLite_DB->query('CREATE TABLE wp...')
#2 /wordpress/wp-content/plugins/spectacula-threaded-comments/includes/db.php(116): maybe_create_table('wp_spec_comment...', 'CREATE TABLE wp...')
#3 /wordpress/wp-content/plugins/spectacula-threaded-comments/includes/db.php(15): spec_comment_log->create_tables()
#4 /wordpress/wp-content/plugins/spectacula-threaded-comments/includes/db.php(225): spec_comment_log->__construct()
#5 /wordpress/wp-content/plugins/spectacula-threaded-comments/commenting.php(45): require_once('/wordpress/wp-c...')
#6 /wordpress/wp-admin/includes/plugin.php(2387): include_once('/wordpress/wp-c...')
#7 /wordpress/wp-admin/includes/plugin.php(673): plugin_sandbox_scrape('spectacula-thre...')
#8 /internal/eval.php(20): activate_plugin('spectacula-thre...')
#9 {main}</pre>
 for query CREATE TABLE wp_spec_comment_log  (
						id BIGINT( 20 ) UNSIGNED NOT NULL AUTO_INCREMENT, INDEX USING BTREE ( id ), PRIMARY KEY ( id ),
						date TIMESTAMP NOT NULL DEFAULT CURRENT_TIMESTAMP, INDEX USING BTREE ( date ),
						post_id BIGINT( 20 ) UNSIGNED NOT NULL, INDEX USING BTREE ( post_id ),
						comment_id BIGINT( 20 ) UNSIGNED NOT NULL, INDEX USING BTREE ( comment_id ),
						action_taken varchar( 64 )
					  ) ENGINE = MEMORY; made by activate_plugin, plugin_sandbox_scrape, include_once('/plugins/spectacula-threaded-comments/commenting.php'), require_once('/plugins/spectacula-threaded-comments/includes/db.php'), spec_comment_log->__construct, spec_comment_log->create_tables, maybe_create_table, WP_SQLite_DB->query, WP_SQLite_DB->print_error
[23-Apr-2025 14:29:08 UTC] PHP Deprecated:  Required parameter $action_id follows optional parameter $post_id in /wordpress/wp-content/plugins/spectacula-threaded-comments/includes/db.php on line 180
[23-Apr-2025 14:29:08 UTC] WordPress database error <div style="clear:both">&nbsp;</div>
<div class="queries" style="clear:both;margin-bottom:2px;border:red dotted thin;">
<p>MySQL query:</p>
<p>CREATE TABLE wp_spec_comment_log  (
						id BIGINT( 20 ) UNSIGNED NOT NULL AUTO_INCREMENT, INDEX USING BTREE ( id ), PRIMARY KEY ( id ),
						date TIMESTAMP NOT NULL DEFAULT CURRENT_TIMESTAMP, INDEX USING BTREE ( date ),
						post_id BIGINT( 20 ) UNSIGNED NOT NULL, INDEX USING BTREE ( post_id ),
						comment_id BIGINT( 20 ) UNSIGNED NOT NULL, INDEX USING BTREE ( comment_id ),
						action_taken varchar( 64 )
					  ) ENGINE = MEMORY;</p>
<p>Queries made or created this session were:</p>
<ol>
<li>Executing: BEGIN | (no parameters)</li>
<li>Executing: INSERT INTO _mysql_data_types_cache (`table`, `column_or_index`, `mysql_type`)
				VALUES (:table, :column, :datatype)
				ON CONFLICT(`table`, `column_or_index`) DO UPDATE SET `mysql_type` = :datatype
			 | parameters: wp_spec_comment_log, id, bigint(20) UNSIGNED</li>
<li>Executing: INSERT INTO _mysql_data_types_cache (`table`, `column_or_index`, `mysql_type`)
				VALUES (:table, :column, :datatype)
				ON CONFLICT(`table`, `column_or_index`) DO UPDATE SET `mysql_type` = :datatype
			 | parameters: wp_spec_comment_log, date, timestamp</li>
<li>Executing: CREATE TABLE &quot;wp_spec_comment_log&quot; (
&quot;id&quot; integer PRIMARY KEY AUTOINCREMENT NOT NULL ON CONFLICT REPLACE DEFAULT 0,
&quot;date&quot; text NOT NULL ON CONFLICT REPLACE DEFAULT CURRENT_TIMESTAMP COLLATE NOCASE) | (no parameters)</li>
<li>Executing: CREATE  INDEX  &quot;wp_spec_comment_log__USING&quot; ON &quot;wp_spec_comment_log&quot; (&quot;(&quot;, &quot;)&quot;) | (no parameters)</li>
<li>Executing: INSERT INTO _mysql_data_types_cache (`table`, `column_or_index`, `mysql_type`)
				VALUES (:table, :column, :datatype)
				ON CONFLICT(`table`, `column_or_index`) DO UPDATE SET `mysql_type` = :datatype
			 | parameters: wp_spec_comment_log, wp_spec_comment_log__USING, KEY</li>
<li>Executing: CREATE  INDEX  &quot;wp_spec_comment_log__USING&quot; ON &quot;wp_spec_comment_log&quot; (&quot;(&quot;, &quot;)&quot;) | (no parameters)</li>
<li>Executing: ROLLBACK | (no parameters)</li>
</ol>
</div>
<div style="clear:both;margin-bottom:2px;border:red dotted thin;" class="error_message" style="border-bottom:dotted blue thin;">
Error occurred at line 4117 in Function <code>handle_error</code>. Error message was: SQLSTATE[HY000]: General error: 1 index wp_spec_comment_log__USING already exists.
</div>
<p>Backtrace:</p>
<pre>#0 /internal/shared/sqlite-database-integration/wp-includes/sqlite/class-wp-sqlite-db.php(287): WP_SQLite_Translator->get_error_message()
#1 /wordpress/wp-admin/install-helper.php(65): WP_SQLite_DB->query('CREATE TABLE wp...')
#2 /wordpress/wp-content/plugins/spectacula-threaded-comments/includes/db.php(116): maybe_create_table('wp_spec_comment...', 'CREATE TABLE wp...')
#3 /wordpress/wp-content/plugins/spectacula-threaded-comments/includes/db.php(15): spec_comment_log->create_tables()
#4 /wordpress/wp-content/plugins/spectacula-threaded-comments/includes/db.php(225): spec_comment_log->__construct()
#5 /wordpress/wp-content/plugins/spectacula-threaded-comments/commenting.php(45): require_once('/wordpress/wp-c...')
#6 /wordpress/wp-settings.php(545): include_once('/wordpress/wp-c...')
#7 /wordpress/wp-config.php(102): require_once('/wordpress/wp-s...')
#8 /wordpress/wp-load.php(50): require_once('/wordpress/wp-c...')
#9 /internal/eval.php(3): require_once('/wordpress/wp-l...')
#10 {main}</pre>
 for query CREATE TABLE wp_spec_comment_log  (
						id BIGINT( 20 ) UNSIGNED NOT NULL AUTO_INCREMENT, INDEX USING BTREE ( id ), PRIMARY KEY ( id ),
						date TIMESTAMP NOT NULL DEFAULT CURRENT_TIMESTAMP, INDEX USING BTREE ( date ),
						post_id BIGINT( 20 ) UNSIGNED NOT NULL, INDEX USING BTREE ( post_id ),
						comment_id BIGINT( 20 ) UNSIGNED NOT NULL, INDEX USING BTREE ( comment_id ),
						action_taken varchar( 64 )
					  ) ENGINE = MEMORY; made by require_once('wp-load.php'), require_once('wp-config.php'), require_once('wp-settings.php'), include_once('/plugins/spectacula-threaded-comments/commenting.php'), require_once('/plugins/spectacula-threaded-comments/includes/db.php'), spec_comment_log->__construct, spec_comment_log->create_tables, maybe_create_table, WP_SQLite_DB->query, WP_SQLite_DB->print_error
[23-Apr-2025 14:29:16 UTC] PHP Deprecated:  Required parameter $action_id follows optional parameter $post_id in /wordpress/wp-content/plugins/spectacula-threaded-comments/includes/db.php on line 180
[23-Apr-2025 14:29:16 UTC] WordPress database error <div style="clear:both">&nbsp;</div>
<div class="queries" style="clear:both;margin-bottom:2px;border:red dotted thin;">
<p>MySQL query:</p>
<p>CREATE TABLE wp_spec_comment_log  (
						id BIGINT( 20 ) UNSIGNED NOT NULL AUTO_INCREMENT, INDEX USING BTREE ( id ), PRIMARY KEY ( id ),
						date TIMESTAMP NOT NULL DEFAULT CURRENT_TIMESTAMP, INDEX USING BTREE ( date ),
						post_id BIGINT( 20 ) UNSIGNED NOT NULL, INDEX USING BTREE ( post_id ),
						comment_id BIGINT( 20 ) UNSIGNED NOT NULL, INDEX USING BTREE ( comment_id ),
						action_taken varchar( 64 )
					  ) ENGINE = MEMORY;</p>
<p>Queries made or created this session were:</p>
<ol>
<li>Executing: BEGIN | (no parameters)</li>
<li>Executing: INSERT INTO _mysql_data_types_cache (`table`, `column_or_index`, `mysql_type`)
				VALUES (:table, :column, :datatype)
				ON CONFLICT(`table`, `column_or_index`) DO UPDATE SET `mysql_type` = :datatype
			 | parameters: wp_spec_comment_log, id, bigint(20) UNSIGNED</li>
<li>Executing: INSERT INTO _mysql_data_types_cache (`table`, `column_or_index`, `mysql_type`)
				VALUES (:table, :column, :datatype)
				ON CONFLICT(`table`, `column_or_index`) DO UPDATE SET `mysql_type` = :datatype
			 | parameters: wp_spec_comment_log, date, timestamp</li>
<li>Executing: CREATE TABLE &quot;wp_spec_comment_log&quot; (
&quot;id&quot; integer PRIMARY KEY AUTOINCREMENT NOT NULL ON CONFLICT REPLACE DEFAULT 0,
&quot;date&quot; text NOT NULL ON CONFLICT REPLACE DEFAULT CURRENT_TIMESTAMP COLLATE NOCASE) | (no parameters)</li>
<li>Executing: CREATE  INDEX  &quot;wp_spec_comment_log__USING&quot; ON &quot;wp_spec_comment_log&quot; (&quot;(&quot;, &quot;)&quot;) | (no parameters)</li>
<li>Executing: INSERT INTO _mysql_data_types_cache (`table`, `column_or_index`, `mysql_type`)
				VALUES (:table, :column, :datatype)
				ON CONFLICT(`table`, `column_or_index`) DO UPDATE SET `mysql_type` = :datatype
			 | parameters: wp_spec_comment_log, wp_spec_comment_log__USING, KEY</li>
<li>Executing: CREATE  INDEX  &quot;wp_spec_comment_log__USING&quot; ON &quot;wp_spec_comment_log&quot; (&quot;(&quot;, &quot;)&quot;) | (no parameters)</li>
<li>Executing: ROLLBACK | (no parameters)</li>
</ol>
</div>
<div style="clear:both;margin-bottom:2px;border:red dotted thin;" class="error_message" style="border-bottom:dotted blue thin;">
Error occurred at line 4117 in Function <code>handle_error</code>. Error message was: SQLSTATE[HY000]: General error: 1 index wp_spec_comment_log__USING already exists.
</div>
<p>Backtrace:</p>
<pre>#0 /internal/shared/sqlite-database-integration/wp-includes/sqlite/class-wp-sqlite-db.php(287): WP_SQLite_Translator->get_error_message()
#1 /wordpress/wp-admin/install-helper.php(65): WP_SQLite_DB->query('CREATE TABLE wp...')
#2 /wordpress/wp-content/plugins/spectacula-threaded-comments/includes/db.php(116): maybe_create_table('wp_spec_comment...', 'CREATE TABLE wp...')
#3 /wordpress/wp-content/plugins/spectacula-threaded-comments/includes/db.php(15): spec_comment_log->create_tables()
#4 /wordpress/wp-content/plugins/spectacula-threaded-comments/includes/db.php(225): spec_comment_log->__construct()
#5 /wordpress/wp-content/plugins/spectacula-threaded-comments/commenting.php(45): require_once('/wordpress/wp-c...')
#6 /wordpress/wp-admin/includes/plugin.php(2387): include_once('/wordpress/wp-c...')
#7 /wordpress/wp-admin/includes/plugin.php(673): plugin_sandbox_scrape('spectacula-thre...')
#8 /internal/eval.php(20): activate_plugin('spectacula-thre...')
#9 {main}</pre>
 for query CREATE TABLE wp_spec_comment_log  (
						id BIGINT( 20 ) UNSIGNED NOT NULL AUTO_INCREMENT, INDEX USING BTREE ( id ), PRIMARY KEY ( id ),
						date TIMESTAMP NOT NULL DEFAULT CURRENT_TIMESTAMP, INDEX USING BTREE ( date ),
						post_id BIGINT( 20 ) UNSIGNED NOT NULL, INDEX USING BTREE ( post_id ),
						comment_id BIGINT( 20 ) UNSIGNED NOT NULL, INDEX USING BTREE ( comment_id ),
						action_taken varchar( 64 )
					  ) ENGINE = MEMORY; made by activate_plugin, plugin_sandbox_scrape, include_once('/plugins/spectacula-threaded-comments/commenting.php'), require_once('/plugins/spectacula-threaded-comments/includes/db.php'), spec_comment_log->__construct, spec_comment_log->create_tables, maybe_create_table, WP_SQLite_DB->query, WP_SQLite_DB->print_error
[23-Apr-2025 14:29:17 UTC] PHP Deprecated:  Required parameter $action_id follows optional parameter $post_id in /wordpress/wp-content/plugins/spectacula-threaded-comments/includes/db.php on line 180
[23-Apr-2025 14:29:17 UTC] WordPress database error <div style="clear:both">&nbsp;</div>
<div class="queries" style="clear:both;margin-bottom:2px;border:red dotted thin;">
<p>MySQL query:</p>
<p>CREATE TABLE wp_spec_comment_log  (
						id BIGINT( 20 ) UNSIGNED NOT NULL AUTO_INCREMENT, INDEX USING BTREE ( id ), PRIMARY KEY ( id ),
						date TIMESTAMP NOT NULL DEFAULT CURRENT_TIMESTAMP, INDEX USING BTREE ( date ),
						post_id BIGINT( 20 ) UNSIGNED NOT NULL, INDEX USING BTREE ( post_id ),
						comment_id BIGINT( 20 ) UNSIGNED NOT NULL, INDEX USING BTREE ( comment_id ),
						action_taken varchar( 64 )
					  ) ENGINE = MEMORY;</p>
<p>Queries made or created this session were:</p>
<ol>
<li>Executing: BEGIN | (no parameters)</li>
<li>Executing: INSERT INTO _mysql_data_types_cache (`table`, `column_or_index`, `mysql_type`)
				VALUES (:table, :column, :datatype)
				ON CONFLICT(`table`, `column_or_index`) DO UPDATE SET `mysql_type` = :datatype
			 | parameters: wp_spec_comment_log, id, bigint(20) UNSIGNED</li>
<li>Executing: INSERT INTO _mysql_data_types_cache (`table`, `column_or_index`, `mysql_type`)
				VALUES (:table, :column, :datatype)
				ON CONFLICT(`table`, `column_or_index`) DO UPDATE SET `mysql_type` = :datatype
			 | parameters: wp_spec_comment_log, date, timestamp</li>
<li>Executing: CREATE TABLE &quot;wp_spec_comment_log&quot; (
&quot;id&quot; integer PRIMARY KEY AUTOINCREMENT NOT NULL ON CONFLICT REPLACE DEFAULT 0,
&quot;date&quot; text NOT NULL ON CONFLICT REPLACE DEFAULT CURRENT_TIMESTAMP COLLATE NOCASE) | (no parameters)</li>
<li>Executing: CREATE  INDEX  &quot;wp_spec_comment_log__USING&quot; ON &quot;wp_spec_comment_log&quot; (&quot;(&quot;, &quot;)&quot;) | (no parameters)</li>
<li>Executing: INSERT INTO _mysql_data_types_cache (`table`, `column_or_index`, `mysql_type`)
				VALUES (:table, :column, :datatype)
				ON CONFLICT(`table`, `column_or_index`) DO UPDATE SET `mysql_type` = :datatype
			 | parameters: wp_spec_comment_log, wp_spec_comment_log__USING, KEY</li>
<li>Executing: CREATE  INDEX  &quot;wp_spec_comment_log__USING&quot; ON &quot;wp_spec_comment_log&quot; (&quot;(&quot;, &quot;)&quot;) | (no parameters)</li>
<li>Executing: ROLLBACK | (no parameters)</li>
</ol>
</div>
<div style="clear:both;margin-bottom:2px;border:red dotted thin;" class="error_message" style="border-bottom:dotted blue thin;">
Error occurred at line 4117 in Function <code>handle_error</code>. Error message was: SQLSTATE[HY000]: General error: 1 index wp_spec_comment_log__USING already exists.
</div>
<p>Backtrace:</p>
<pre>#0 /internal/shared/sqlite-database-integration/wp-includes/sqlite/class-wp-sqlite-db.php(287): WP_SQLite_Translator->get_error_message()
#1 /wordpress/wp-admin/install-helper.php(65): WP_SQLite_DB->query('CREATE TABLE wp...')
#2 /wordpress/wp-content/plugins/spectacula-threaded-comments/includes/db.php(116): maybe_create_table('wp_spec_comment...', 'CREATE TABLE wp...')
#3 /wordpress/wp-content/plugins/spectacula-threaded-comments/includes/db.php(15): spec_comment_log->create_tables()
#4 /wordpress/wp-content/plugins/spectacula-threaded-comments/includes/db.php(225): spec_comment_log->__construct()
#5 /wordpress/wp-content/plugins/spectacula-threaded-comments/commenting.php(45): require_once('/wordpress/wp-c...')
#6 /wordpress/wp-settings.php(545): include_once('/wordpress/wp-c...')
#7 /wordpress/wp-config.php(102): require_once('/wordpress/wp-s...')
#8 /wordpress/wp-load.php(50): require_once('/wordpress/wp-c...')
#9 /internal/eval.php(3): require_once('/wordpress/wp-l...')
#10 {main}</pre>
 for query CREATE TABLE wp_spec_comment_log  (
						id BIGINT( 20 ) UNSIGNED NOT NULL AUTO_INCREMENT, INDEX USING BTREE ( id ), PRIMARY KEY ( id ),
						date TIMESTAMP NOT NULL DEFAULT CURRENT_TIMESTAMP, INDEX USING BTREE ( date ),
						post_id BIGINT( 20 ) UNSIGNED NOT NULL, INDEX USING BTREE ( post_id ),
						comment_id BIGINT( 20 ) UNSIGNED NOT NULL, INDEX USING BTREE ( comment_id ),
						action_taken varchar( 64 )
					  ) ENGINE = MEMORY; made by require_once('wp-load.php'), require_once('wp-config.php'), require_once('wp-settings.php'), include_once('/plugins/spectacula-threaded-comments/commenting.php'), require_once('/plugins/spectacula-threaded-comments/includes/db.php'), spec_comment_log->__construct, spec_comment_log->create_tables, maybe_create_table, WP_SQLite_DB->query, WP_SQLite_DB->print_error
[23-Apr-2025 14:29:54 UTC] PHP Warning:  require_once(/wordpress/wp-content/plugins/simple-karma/admin/page.php): Failed to open stream: No such file or directory in /wordpress/wp-content/plugins/simplekarma-content-ratings/SimpleKarma.php on line 26
[23-Apr-2025 14:29:54 UTC] PHP Fatal error:  Uncaught Error: Failed opening required '/wordpress/wp-content/plugins/simple-karma/admin/page.php' (include_path='.:') in /wordpress/wp-content/plugins/simplekarma-content-ratings/SimpleKarma.php:26
Stack trace:
#0 /wordpress/wp-admin/includes/plugin.php(2387): include_once()
#1 /wordpress/wp-admin/includes/plugin.php(673): plugin_sandbox_scrape('simplekarma-con...')
#2 /internal/eval.php(20): activate_plugin('simplekarma-con...')
#3 {main}
  thrown in /wordpress/wp-content/plugins/simplekarma-content-ratings/SimpleKarma.php on line 26
[23-Apr-2025 14:30:01 UTC] PHP Warning:  require_once(/wordpress/wp-content/plugins/simple-karma/admin/page.php): Failed to open stream: No such file or directory in /wordpress/wp-content/plugins/simplekarma-content-ratings/SimpleKarma.php on line 26
[23-Apr-2025 14:30:01 UTC] PHP Fatal error:  Uncaught Error: Failed opening required '/wordpress/wp-content/plugins/simple-karma/admin/page.php' (include_path='.:') in /wordpress/wp-content/plugins/simplekarma-content-ratings/SimpleKarma.php:26
Stack trace:
#0 /wordpress/wp-admin/includes/plugin.php(2387): include_once()
#1 /wordpress/wp-admin/includes/plugin.php(673): plugin_sandbox_scrape('simplekarma-con...')
#2 /internal/eval.php(20): activate_plugin('simplekarma-con...')
#3 {main}
  thrown in /wordpress/wp-content/plugins/simplekarma-content-ratings/SimpleKarma.php on line 26
[23-Apr-2025 14:30:09 UTC] PHP Warning:  require_once(/wordpress/wp-content/plugins/simple-karma/admin/page.php): Failed to open stream: No such file or directory in /wordpress/wp-content/plugins/simplekarma-content-ratings/SimpleKarma.php on line 26
[23-Apr-2025 14:30:09 UTC] PHP Fatal error:  Uncaught Error: Failed opening required '/wordpress/wp-content/plugins/simple-karma/admin/page.php' (include_path='.:') in /wordpress/wp-content/plugins/simplekarma-content-ratings/SimpleKarma.php:26
Stack trace:
#0 /wordpress/wp-admin/includes/plugin.php(2387): include_once()
#1 /wordpress/wp-admin/includes/plugin.php(673): plugin_sandbox_scrape('simplekarma-con...')
#2 /internal/eval.php(20): activate_plugin('simplekarma-con...')
#3 {main}
  thrown in /wordpress/wp-content/plugins/simplekarma-content-ratings/SimpleKarma.php on line 26
[23-Apr-2025 14:31:15 UTC] PHP Deprecated:  Required parameter $content follows optional parameter $level in /wordpress/wp-content/plugins/store-locator-plus/WPCSL-generic/classes/CSL-notifications_class.php on line 11
[23-Apr-2025 14:31:15 UTC] PHP Warning:  Undefined property: wpCSL_plugin__slplus::$helper_config in /wordpress/wp-content/plugins/store-locator-plus/WPCSL-generic/classes/CSL-plugin.php on line 252
[23-Apr-2025 14:31:17 UTC] PHP Deprecated:  Required parameter $content follows optional parameter $level in /wordpress/wp-content/plugins/store-locator-plus/WPCSL-generic/classes/CSL-notifications_class.php on line 11
[23-Apr-2025 14:31:18 UTC] PHP Warning:  Undefined property: wpCSL_plugin__slplus::$helper_config in /wordpress/wp-content/plugins/store-locator-plus/WPCSL-generic/classes/CSL-plugin.php on line 252
[23-Apr-2025 14:31:28 UTC] PHP Deprecated:  Required parameter $content follows optional parameter $level in /wordpress/wp-content/plugins/store-locator-plus/WPCSL-generic/classes/CSL-notifications_class.php on line 11
[23-Apr-2025 14:31:28 UTC] PHP Warning:  Undefined property: wpCSL_plugin__slplus::$helper_config in /wordpress/wp-content/plugins/store-locator-plus/WPCSL-generic/classes/CSL-plugin.php on line 252
[23-Apr-2025 14:31:29 UTC] PHP Deprecated:  Required parameter $content follows optional parameter $level in /wordpress/wp-content/plugins/store-locator-plus/WPCSL-generic/classes/CSL-notifications_class.php on line 11
[23-Apr-2025 14:31:30 UTC] PHP Warning:  Undefined property: wpCSL_plugin__slplus::$helper_config in /wordpress/wp-content/plugins/store-locator-plus/WPCSL-generic/classes/CSL-plugin.php on line 252
[23-Apr-2025 14:31:39 UTC] PHP Deprecated:  Required parameter $content follows optional parameter $level in /wordpress/wp-content/plugins/store-locator-plus/WPCSL-generic/classes/CSL-notifications_class.php on line 11
[23-Apr-2025 14:31:39 UTC] PHP Warning:  Undefined property: wpCSL_plugin__slplus::$helper_config in /wordpress/wp-content/plugins/store-locator-plus/WPCSL-generic/classes/CSL-plugin.php on line 252
[23-Apr-2025 14:31:42 UTC] PHP Deprecated:  Required parameter $content follows optional parameter $level in /wordpress/wp-content/plugins/store-locator-plus/WPCSL-generic/classes/CSL-notifications_class.php on line 11
[23-Apr-2025 14:31:42 UTC] PHP Warning:  Undefined property: wpCSL_plugin__slplus::$helper_config in /wordpress/wp-content/plugins/store-locator-plus/WPCSL-generic/classes/CSL-plugin.php on line 252
[23-Apr-2025 14:33:48 UTC] PHP Notice:  Function wp_enqueue_script was called <strong>incorrectly</strong>. Scripts and styles should not be registered or enqueued until the <code>wp_enqueue_scripts</code>, <code>admin_enqueue_scripts</code>, or <code>login_enqueue_scripts</code> hooks. This notice was triggered by the <code>ratentweet_min</code> handle. Please see <a href="https://developer.wordpress.org/advanced-administration/debug/debug-wordpress/">Debugging in WordPress</a> for more information. (This message was added in version 3.3.0.) in /wordpress/wp-includes/functions.php on line 6121
[23-Apr-2025 14:33:57 UTC] PHP Notice:  Function wp_enqueue_script was called <strong>incorrectly</strong>. Scripts and styles should not be registered or enqueued until the <code>wp_enqueue_scripts</code>, <code>admin_enqueue_scripts</code>, or <code>login_enqueue_scripts</code> hooks. This notice was triggered by the <code>ratentweet_min</code> handle. Please see <a href="https://developer.wordpress.org/advanced-administration/debug/debug-wordpress/">Debugging in WordPress</a> for more information. (This message was added in version 3.3.0.) in /wordpress/wp-includes/functions.php on line 6121
[23-Apr-2025 14:34:05 UTC] PHP Notice:  Function wp_enqueue_script was called <strong>incorrectly</strong>. Scripts and styles should not be registered or enqueued until the <code>wp_enqueue_scripts</code>, <code>admin_enqueue_scripts</code>, or <code>login_enqueue_scripts</code> hooks. This notice was triggered by the <code>ratentweet_min</code> handle. Please see <a href="https://developer.wordpress.org/advanced-administration/debug/debug-wordpress/">Debugging in WordPress</a> for more information. (This message was added in version 3.3.0.) in /wordpress/wp-includes/functions.php on line 6121
[23-Apr-2025 14:35:18 UTC] PHP Deprecated:  WP_SQLite_Driver::recreate_table_from_information_schema(): Implicitly marking parameter $column_map as nullable is deprecated, the explicit nullable type must be used instead in /internal/shared/sqlite-database-integration/wp-includes/sqlite-ast/class-wp-sqlite-driver.php on line 2783
[23-Apr-2025 14:35:18 UTC] PHP Deprecated:  WP_SQLite_Driver::set_result_from_affected_rows(): Implicitly marking parameter $override as nullable is deprecated, the explicit nullable type must be used instead in /internal/shared/sqlite-database-integration/wp-includes/sqlite-ast/class-wp-sqlite-driver.php on line 3541
[23-Apr-2025 14:35:18 UTC] PHP Deprecated:  WP_SQLite_Driver::new_driver_exception(): Implicitly marking parameter $previous as nullable is deprecated, the explicit nullable type must be used instead in /internal/shared/sqlite-database-integration/wp-includes/sqlite-ast/class-wp-sqlite-driver.php on line 3564
[23-Apr-2025 14:35:18 UTC] PHP Deprecated:  WP_SQLite_Driver_Exception::__construct(): Implicitly marking parameter $previous as nullable is deprecated, the explicit nullable type must be used instead in /internal/shared/sqlite-database-integration/wp-includes/sqlite-ast/class-wp-sqlite-driver-exception.php on line 19
[23-Apr-2025 14:35:20 UTC] PHP Deprecated:  WP_SQLite_Driver::recreate_table_from_information_schema(): Implicitly marking parameter $column_map as nullable is deprecated, the explicit nullable type must be used instead in /internal/shared/sqlite-database-integration/wp-includes/sqlite-ast/class-wp-sqlite-driver.php on line 2783
[23-Apr-2025 14:35:20 UTC] PHP Deprecated:  WP_SQLite_Driver::set_result_from_affected_rows(): Implicitly marking parameter $override as nullable is deprecated, the explicit nullable type must be used instead in /internal/shared/sqlite-database-integration/wp-includes/sqlite-ast/class-wp-sqlite-driver.php on line 3541
[23-Apr-2025 14:35:20 UTC] PHP Deprecated:  WP_SQLite_Driver::new_driver_exception(): Implicitly marking parameter $previous as nullable is deprecated, the explicit nullable type must be used instead in /internal/shared/sqlite-database-integration/wp-includes/sqlite-ast/class-wp-sqlite-driver.php on line 3564
[23-Apr-2025 14:35:20 UTC] PHP Deprecated:  WP_SQLite_Driver_Exception::__construct(): Implicitly marking parameter $previous as nullable is deprecated, the explicit nullable type must be used instead in /internal/shared/sqlite-database-integration/wp-includes/sqlite-ast/class-wp-sqlite-driver-exception.php on line 19
[23-Apr-2025 14:35:21 UTC] PHP Deprecated:  WP_SQLite_Driver::recreate_table_from_information_schema(): Implicitly marking parameter $column_map as nullable is deprecated, the explicit nullable type must be used instead in /internal/shared/sqlite-database-integration/wp-includes/sqlite-ast/class-wp-sqlite-driver.php on line 2783
[23-Apr-2025 14:35:21 UTC] PHP Deprecated:  WP_SQLite_Driver::set_result_from_affected_rows(): Implicitly marking parameter $override as nullable is deprecated, the explicit nullable type must be used instead in /internal/shared/sqlite-database-integration/wp-includes/sqlite-ast/class-wp-sqlite-driver.php on line 3541
[23-Apr-2025 14:35:21 UTC] PHP Deprecated:  WP_SQLite_Driver::new_driver_exception(): Implicitly marking parameter $previous as nullable is deprecated, the explicit nullable type must be used instead in /internal/shared/sqlite-database-integration/wp-includes/sqlite-ast/class-wp-sqlite-driver.php on line 3564
[23-Apr-2025 14:35:21 UTC] PHP Deprecated:  WP_SQLite_Driver_Exception::__construct(): Implicitly marking parameter $previous as nullable is deprecated, the explicit nullable type must be used instead in /internal/shared/sqlite-database-integration/wp-includes/sqlite-ast/class-wp-sqlite-driver-exception.php on line 19
[23-Apr-2025 14:35:33 UTC] WordPress database error <div style="clear:both">&nbsp;</div>
<div class="queries" style="clear:both;margin-bottom:2px;border:red dotted thin;">
<p>MySQL query:</p>
<p>ALTER TABLE `wp_trustindex_booking_reviews` ADD highlight VARCHAR(11) NULL AFTER rating</p>
<p>Queries made or created this session were:</p>
<ol>
<li>Executing: BEGIN | (no parameters)</li>
<li>Executing: INSERT INTO _mysql_data_types_cache (`table`, `column_or_index`, `mysql_type`)
				VALUES (:table, :column, :datatype)
				ON CONFLICT(`table`, `column_or_index`) DO UPDATE SET `mysql_type` = :datatype
			 | parameters: wp_trustindex_booking_reviews, HIGHLIGHT, varchar(11)</li>
<li>Executing: ALTER TABLE wp_trustindex_booking_reviews ADD highlight text NULL   | (no parameters)</li>
<li>Executing: ROLLBACK | (no parameters)</li>
</ol>
</div>
<div style="clear:both;margin-bottom:2px;border:red dotted thin;" class="error_message" style="border-bottom:dotted blue thin;">
Error occurred at line 4117 in Function <code>handle_error</code>. Error message was: SQLSTATE[HY000]: General error: 1 duplicate column name: highlight.
</div>
<p>Backtrace:</p>
<pre>#0 /internal/shared/sqlite-database-integration/wp-includes/sqlite/class-wp-sqlite-db.php(287): WP_SQLite_Translator->get_error_message()
#1 /wordpress/wp-content/plugins/review-widgets-for-booking-com/include/update.php(10): WP_SQLite_DB->query('ALTER TABLE `wp...')
#2 /wordpress/wp-content/plugins/review-widgets-for-booking-com/trustindex-plugin.class.php(224): include('/wordpress/wp-c...')
#3 /wordpress/wp-includes/class-wp-hook.php(324): TrustindexPlugin_booking->load('')
#4 /wordpress/wp-includes/class-wp-hook.php(348): WP_Hook->apply_filters(NULL, Array)
#5 /wordpress/wp-includes/plugin.php(517): WP_Hook->do_action(Array)
#6 /wordpress/wp-settings.php(578): do_action('plugins_loaded')
#7 /wordpress/wp-config.php(102): require_once('/wordpress/wp-s...')
#8 /wordpress/wp-load.php(50): require_once('/wordpress/wp-c...')
#9 /internal/eval.php(3): require_once('/wordpress/wp-l...')
#10 {main}</pre>
 for query ALTER TABLE `wp_trustindex_booking_reviews` ADD highlight VARCHAR(11) NULL AFTER rating made by require_once('wp-load.php'), require_once('wp-config.php'), require_once('wp-settings.php'), do_action('plugins_loaded'), WP_Hook->do_action, WP_Hook->apply_filters, TrustindexPlugin_booking->load, include('/plugins/review-widgets-for-booking-com/include/update.php'), WP_SQLite_DB->query, WP_SQLite_DB->print_error
[23-Apr-2025 14:35:33 UTC] WordPress database error <div style="clear:both">&nbsp;</div>
<div class="queries" style="clear:both;margin-bottom:2px;border:red dotted thin;">
<p>MySQL query:</p>
<p>ALTER TABLE `wp_trustindex_booking_reviews` ADD reply TEXT CHARACTER SET utf8mb4 COLLATE utf8mb4_general_ci NULL AFTER date</p>
<p>Queries made or created this session were:</p>
<ol>
<li>Executing: BEGIN | (no parameters)</li>
<li>Executing: INSERT INTO _mysql_data_types_cache (`table`, `column_or_index`, `mysql_type`)
				VALUES (:table, :column, :datatype)
				ON CONFLICT(`table`, `column_or_index`) DO UPDATE SET `mysql_type` = :datatype
			 | parameters: wp_trustindex_booking_reviews, REPLY, text</li>
<li>Executing: ALTER TABLE wp_trustindex_booking_reviews ADD reply text CHARACTER SET utf8mb4 COLLATE utf8mb4_general_ci NULL   | (no parameters)</li>
<li>Executing: ROLLBACK | (no parameters)</li>
</ol>
</div>
<div style="clear:both;margin-bottom:2px;border:red dotted thin;" class="error_message" style="border-bottom:dotted blue thin;">
Error occurred at line 4117 in Function <code>handle_error</code>. Error message was: SQLSTATE[HY000]: General error: 1 near "SET": syntax error.
</div>
<p>Backtrace:</p>
<pre>#0 /internal/shared/sqlite-database-integration/wp-includes/sqlite/class-wp-sqlite-db.php(287): WP_SQLite_Translator->get_error_message()
#1 /wordpress/wp-content/plugins/review-widgets-for-booking-com/include/update.php(14): WP_SQLite_DB->query('ALTER TABLE `wp...')
#2 /wordpress/wp-content/plugins/review-widgets-for-booking-com/trustindex-plugin.class.php(224): include('/wordpress/wp-c...')
#3 /wordpress/wp-includes/class-wp-hook.php(324): TrustindexPlugin_booking->load('')
#4 /wordpress/wp-includes/class-wp-hook.php(348): WP_Hook->apply_filters(NULL, Array)
#5 /wordpress/wp-includes/plugin.php(517): WP_Hook->do_action(Array)
#6 /wordpress/wp-settings.php(578): do_action('plugins_loaded')
#7 /wordpress/wp-config.php(102): require_once('/wordpress/wp-s...')
#8 /wordpress/wp-load.php(50): require_once('/wordpress/wp-c...')
#9 /internal/eval.php(3): require_once('/wordpress/wp-l...')
#10 {main}</pre>
 for query ALTER TABLE `wp_trustindex_booking_reviews` ADD reply TEXT CHARACTER SET utf8mb4 COLLATE utf8mb4_general_ci NULL AFTER date made by require_once('wp-load.php'), require_once('wp-config.php'), require_once('wp-settings.php'), do_action('plugins_loaded'), WP_Hook->do_action, WP_Hook->apply_filters, TrustindexPlugin_booking->load, include('/plugins/review-widgets-for-booking-com/include/update.php'), WP_SQLite_DB->query, WP_SQLite_DB->print_error
[23-Apr-2025 14:35:33 UTC] WordPress database error <div style="clear:both">&nbsp;</div>
<div class="queries" style="clear:both;margin-bottom:2px;border:red dotted thin;">
<p>MySQL query:</p>
<p>ALTER TABLE `wp_trustindex_booking_reviews` ADD reviewId TEXT NULL AFTER date</p>
<p>Queries made or created this session were:</p>
<ol>
<li>Executing: BEGIN | (no parameters)</li>
<li>Executing: INSERT INTO _mysql_data_types_cache (`table`, `column_or_index`, `mysql_type`)
				VALUES (:table, :column, :datatype)
				ON CONFLICT(`table`, `column_or_index`) DO UPDATE SET `mysql_type` = :datatype
			 | parameters: wp_trustindex_booking_reviews, REVIEWID, text</li>
<li>Executing: ALTER TABLE wp_trustindex_booking_reviews ADD reviewId text NULL   | (no parameters)</li>
<li>Executing: ROLLBACK | (no parameters)</li>
</ol>
</div>
<div style="clear:both;margin-bottom:2px;border:red dotted thin;" class="error_message" style="border-bottom:dotted blue thin;">
Error occurred at line 4117 in Function <code>handle_error</code>. Error message was: SQLSTATE[HY000]: General error: 1 duplicate column name: reviewId.
</div>
<p>Backtrace:</p>
<pre>#0 /internal/shared/sqlite-database-integration/wp-includes/sqlite/class-wp-sqlite-db.php(287): WP_SQLite_Translator->get_error_message()
#1 /wordpress/wp-content/plugins/review-widgets-for-booking-com/include/update.php(20): WP_SQLite_DB->query('ALTER TABLE `wp...')
#2 /wordpress/wp-content/plugins/review-widgets-for-booking-com/trustindex-plugin.class.php(224): include('/wordpress/wp-c...')
#3 /wordpress/wp-includes/class-wp-hook.php(324): TrustindexPlugin_booking->load('')
#4 /wordpress/wp-includes/class-wp-hook.php(348): WP_Hook->apply_filters(NULL, Array)
#5 /wordpress/wp-includes/plugin.php(517): WP_Hook->do_action(Array)
#6 /wordpress/wp-settings.php(578): do_action('plugins_loaded')
#7 /wordpress/wp-config.php(102): require_once('/wordpress/wp-s...')
#8 /wordpress/wp-load.php(50): require_once('/wordpress/wp-c...')
#9 /internal/eval.php(3): require_once('/wordpress/wp-l...')
#10 {main}</pre>
 for query ALTER TABLE `wp_trustindex_booking_reviews` ADD reviewId TEXT NULL AFTER date made by require_once('wp-load.php'), require_once('wp-config.php'), require_once('wp-settings.php'), do_action('plugins_loaded'), WP_Hook->do_action, WP_Hook->apply_filters, TrustindexPlugin_booking->load, include('/plugins/review-widgets-for-booking-com/include/update.php'), WP_SQLite_DB->query, WP_SQLite_DB->print_error
[23-Apr-2025 14:35:33 UTC] WordPress database error <div style="clear:both">&nbsp;</div>
<div class="queries" style="clear:both;margin-bottom:2px;border:red dotted thin;">
<p>MySQL query:</p>
<p>ALTER TABLE `wp_trustindex_booking_reviews` ADD hidden TINYINT(1) NOT NULL DEFAULT 0 AFTER id</p>
<p>Queries made or created this session were:</p>
<ol>
<li>Executing: BEGIN | (no parameters)</li>
<li>Executing: INSERT INTO _mysql_data_types_cache (`table`, `column_or_index`, `mysql_type`)
				VALUES (:table, :column, :datatype)
				ON CONFLICT(`table`, `column_or_index`) DO UPDATE SET `mysql_type` = :datatype
			 | parameters: wp_trustindex_booking_reviews, HIDDEN, tinyint(1)</li>
<li>Executing: ALTER TABLE wp_trustindex_booking_reviews ADD hidden integer NOT NULL DEFAULT 0   | (no parameters)</li>
<li>Executing: ROLLBACK | (no parameters)</li>
</ol>
</div>
<div style="clear:both;margin-bottom:2px;border:red dotted thin;" class="error_message" style="border-bottom:dotted blue thin;">
Error occurred at line 4117 in Function <code>handle_error</code>. Error message was: SQLSTATE[HY000]: General error: 1 duplicate column name: hidden.
</div>
<p>Backtrace:</p>
<pre>#0 /internal/shared/sqlite-database-integration/wp-includes/sqlite/class-wp-sqlite-db.php(287): WP_SQLite_Translator->get_error_message()
#1 /wordpress/wp-content/plugins/review-widgets-for-booking-com/include/update.php(24): WP_SQLite_DB->query('ALTER TABLE `wp...')
#2 /wordpress/wp-content/plugins/review-widgets-for-booking-com/trustindex-plugin.class.php(224): include('/wordpress/wp-c...')
#3 /wordpress/wp-includes/class-wp-hook.php(324): TrustindexPlugin_booking->load('')
#4 /wordpress/wp-includes/class-wp-hook.php(348): WP_Hook->apply_filters(NULL, Array)
#5 /wordpress/wp-includes/plugin.php(517): WP_Hook->do_action(Array)
#6 /wordpress/wp-settings.php(578): do_action('plugins_loaded')
#7 /wordpress/wp-config.php(102): require_once('/wordpress/wp-s...')
#8 /wordpress/wp-load.php(50): require_once('/wordpress/wp-c...')
#9 /internal/eval.php(3): require_once('/wordpress/wp-l...')
#10 {main}</pre>
 for query ALTER TABLE `wp_trustindex_booking_reviews` ADD hidden TINYINT(1) NOT NULL DEFAULT 0 AFTER id made by require_once('wp-load.php'), require_once('wp-config.php'), require_once('wp-settings.php'), do_action('plugins_loaded'), WP_Hook->do_action, WP_Hook->apply_filters, TrustindexPlugin_booking->load, include('/plugins/review-widgets-for-booking-com/include/update.php'), WP_SQLite_DB->query, WP_SQLite_DB->print_error
[23-Apr-2025 14:35:44 UTC] WordPress database error <div style="clear:both">&nbsp;</div>
<div class="queries" style="clear:both;margin-bottom:2px;border:red dotted thin;">
<p>MySQL query:</p>
<p>ALTER TABLE `wp_trustindex_booking_reviews` ADD highlight VARCHAR(11) NULL AFTER rating</p>
<p>Queries made or created this session were:</p>
<ol>
<li>Executing: BEGIN | (no parameters)</li>
<li>Executing: INSERT INTO _mysql_data_types_cache (`table`, `column_or_index`, `mysql_type`)
				VALUES (:table, :column, :datatype)
				ON CONFLICT(`table`, `column_or_index`) DO UPDATE SET `mysql_type` = :datatype
			 | parameters: wp_trustindex_booking_reviews, HIGHLIGHT, varchar(11)</li>
<li>Executing: ALTER TABLE wp_trustindex_booking_reviews ADD highlight text NULL   | (no parameters)</li>
<li>Executing: ROLLBACK | (no parameters)</li>
</ol>
</div>
<div style="clear:both;margin-bottom:2px;border:red dotted thin;" class="error_message" style="border-bottom:dotted blue thin;">
Error occurred at line 4117 in Function <code>handle_error</code>. Error message was: SQLSTATE[HY000]: General error: 1 duplicate column name: highlight.
</div>
<p>Backtrace:</p>
<pre>#0 /internal/shared/sqlite-database-integration/wp-includes/sqlite/class-wp-sqlite-db.php(287): WP_SQLite_Translator->get_error_message()
#1 /wordpress/wp-content/plugins/review-widgets-for-booking-com/include/update.php(10): WP_SQLite_DB->query('ALTER TABLE `wp...')
#2 /wordpress/wp-content/plugins/review-widgets-for-booking-com/trustindex-plugin.class.php(224): include('/wordpress/wp-c...')
#3 /wordpress/wp-includes/class-wp-hook.php(324): TrustindexPlugin_booking->load('')
#4 /wordpress/wp-includes/class-wp-hook.php(348): WP_Hook->apply_filters(NULL, Array)
#5 /wordpress/wp-includes/plugin.php(517): WP_Hook->do_action(Array)
#6 /wordpress/wp-settings.php(578): do_action('plugins_loaded')
#7 /wordpress/wp-config.php(102): require_once('/wordpress/wp-s...')
#8 /wordpress/wp-load.php(50): require_once('/wordpress/wp-c...')
#9 /internal/eval.php(3): require_once('/wordpress/wp-l...')
#10 {main}</pre>
 for query ALTER TABLE `wp_trustindex_booking_reviews` ADD highlight VARCHAR(11) NULL AFTER rating made by require_once('wp-load.php'), require_once('wp-config.php'), require_once('wp-settings.php'), do_action('plugins_loaded'), WP_Hook->do_action, WP_Hook->apply_filters, TrustindexPlugin_booking->load, include('/plugins/review-widgets-for-booking-com/include/update.php'), WP_SQLite_DB->query, WP_SQLite_DB->print_error
[23-Apr-2025 14:35:44 UTC] WordPress database error <div style="clear:both">&nbsp;</div>
<div class="queries" style="clear:both;margin-bottom:2px;border:red dotted thin;">
<p>MySQL query:</p>
<p>ALTER TABLE `wp_trustindex_booking_reviews` ADD reply TEXT CHARACTER SET utf8mb4 COLLATE utf8mb4_general_ci NULL AFTER date</p>
<p>Queries made or created this session were:</p>
<ol>
<li>Executing: BEGIN | (no parameters)</li>
<li>Executing: INSERT INTO _mysql_data_types_cache (`table`, `column_or_index`, `mysql_type`)
				VALUES (:table, :column, :datatype)
				ON CONFLICT(`table`, `column_or_index`) DO UPDATE SET `mysql_type` = :datatype
			 | parameters: wp_trustindex_booking_reviews, REPLY, text</li>
<li>Executing: ALTER TABLE wp_trustindex_booking_reviews ADD reply text CHARACTER SET utf8mb4 COLLATE utf8mb4_general_ci NULL   | (no parameters)</li>
<li>Executing: ROLLBACK | (no parameters)</li>
</ol>
</div>
<div style="clear:both;margin-bottom:2px;border:red dotted thin;" class="error_message" style="border-bottom:dotted blue thin;">
Error occurred at line 4117 in Function <code>handle_error</code>. Error message was: SQLSTATE[HY000]: General error: 1 near "SET": syntax error.
</div>
<p>Backtrace:</p>
<pre>#0 /internal/shared/sqlite-database-integration/wp-includes/sqlite/class-wp-sqlite-db.php(287): WP_SQLite_Translator->get_error_message()
#1 /wordpress/wp-content/plugins/review-widgets-for-booking-com/include/update.php(14): WP_SQLite_DB->query('ALTER TABLE `wp...')
#2 /wordpress/wp-content/plugins/review-widgets-for-booking-com/trustindex-plugin.class.php(224): include('/wordpress/wp-c...')
#3 /wordpress/wp-includes/class-wp-hook.php(324): TrustindexPlugin_booking->load('')
#4 /wordpress/wp-includes/class-wp-hook.php(348): WP_Hook->apply_filters(NULL, Array)
#5 /wordpress/wp-includes/plugin.php(517): WP_Hook->do_action(Array)
#6 /wordpress/wp-settings.php(578): do_action('plugins_loaded')
#7 /wordpress/wp-config.php(102): require_once('/wordpress/wp-s...')
#8 /wordpress/wp-load.php(50): require_once('/wordpress/wp-c...')
#9 /internal/eval.php(3): require_once('/wordpress/wp-l...')
#10 {main}</pre>
 for query ALTER TABLE `wp_trustindex_booking_reviews` ADD reply TEXT CHARACTER SET utf8mb4 COLLATE utf8mb4_general_ci NULL AFTER date made by require_once('wp-load.php'), require_once('wp-config.php'), require_once('wp-settings.php'), do_action('plugins_loaded'), WP_Hook->do_action, WP_Hook->apply_filters, TrustindexPlugin_booking->load, include('/plugins/review-widgets-for-booking-com/include/update.php'), WP_SQLite_DB->query, WP_SQLite_DB->print_error
[23-Apr-2025 14:35:44 UTC] WordPress database error <div style="clear:both">&nbsp;</div>
<div class="queries" style="clear:both;margin-bottom:2px;border:red dotted thin;">
<p>MySQL query:</p>
<p>ALTER TABLE `wp_trustindex_booking_reviews` ADD reviewId TEXT NULL AFTER date</p>
<p>Queries made or created this session were:</p>
<ol>
<li>Executing: BEGIN | (no parameters)</li>
<li>Executing: INSERT INTO _mysql_data_types_cache (`table`, `column_or_index`, `mysql_type`)
				VALUES (:table, :column, :datatype)
				ON CONFLICT(`table`, `column_or_index`) DO UPDATE SET `mysql_type` = :datatype
			 | parameters: wp_trustindex_booking_reviews, REVIEWID, text</li>
<li>Executing: ALTER TABLE wp_trustindex_booking_reviews ADD reviewId text NULL   | (no parameters)</li>
<li>Executing: ROLLBACK | (no parameters)</li>
</ol>
</div>
<div style="clear:both;margin-bottom:2px;border:red dotted thin;" class="error_message" style="border-bottom:dotted blue thin;">
Error occurred at line 4117 in Function <code>handle_error</code>. Error message was: SQLSTATE[HY000]: General error: 1 duplicate column name: reviewId.
</div>
<p>Backtrace:</p>
<pre>#0 /internal/shared/sqlite-database-integration/wp-includes/sqlite/class-wp-sqlite-db.php(287): WP_SQLite_Translator->get_error_message()
#1 /wordpress/wp-content/plugins/review-widgets-for-booking-com/include/update.php(20): WP_SQLite_DB->query('ALTER TABLE `wp...')
#2 /wordpress/wp-content/plugins/review-widgets-for-booking-com/trustindex-plugin.class.php(224): include('/wordpress/wp-c...')
#3 /wordpress/wp-includes/class-wp-hook.php(324): TrustindexPlugin_booking->load('')
#4 /wordpress/wp-includes/class-wp-hook.php(348): WP_Hook->apply_filters(NULL, Array)
#5 /wordpress/wp-includes/plugin.php(517): WP_Hook->do_action(Array)
#6 /wordpress/wp-settings.php(578): do_action('plugins_loaded')
#7 /wordpress/wp-config.php(102): require_once('/wordpress/wp-s...')
#8 /wordpress/wp-load.php(50): require_once('/wordpress/wp-c...')
#9 /internal/eval.php(3): require_once('/wordpress/wp-l...')
#10 {main}</pre>
 for query ALTER TABLE `wp_trustindex_booking_reviews` ADD reviewId TEXT NULL AFTER date made by require_once('wp-load.php'), require_once('wp-config.php'), require_once('wp-settings.php'), do_action('plugins_loaded'), WP_Hook->do_action, WP_Hook->apply_filters, TrustindexPlugin_booking->load, include('/plugins/review-widgets-for-booking-com/include/update.php'), WP_SQLite_DB->query, WP_SQLite_DB->print_error
[23-Apr-2025 14:35:44 UTC] WordPress database error <div style="clear:both">&nbsp;</div>
<div class="queries" style="clear:both;margin-bottom:2px;border:red dotted thin;">
<p>MySQL query:</p>
<p>ALTER TABLE `wp_trustindex_booking_reviews` ADD hidden TINYINT(1) NOT NULL DEFAULT 0 AFTER id</p>
<p>Queries made or created this session were:</p>
<ol>
<li>Executing: BEGIN | (no parameters)</li>
<li>Executing: INSERT INTO _mysql_data_types_cache (`table`, `column_or_index`, `mysql_type`)
				VALUES (:table, :column, :datatype)
				ON CONFLICT(`table`, `column_or_index`) DO UPDATE SET `mysql_type` = :datatype
			 | parameters: wp_trustindex_booking_reviews, HIDDEN, tinyint(1)</li>
<li>Executing: ALTER TABLE wp_trustindex_booking_reviews ADD hidden integer NOT NULL DEFAULT 0   | (no parameters)</li>
<li>Executing: ROLLBACK | (no parameters)</li>
</ol>
</div>
<div style="clear:both;margin-bottom:2px;border:red dotted thin;" class="error_message" style="border-bottom:dotted blue thin;">
Error occurred at line 4117 in Function <code>handle_error</code>. Error message was: SQLSTATE[HY000]: General error: 1 duplicate column name: hidden.
</div>
<p>Backtrace:</p>
<pre>#0 /internal/shared/sqlite-database-integration/wp-includes/sqlite/class-wp-sqlite-db.php(287): WP_SQLite_Translator->get_error_message()
#1 /wordpress/wp-content/plugins/review-widgets-for-booking-com/include/update.php(24): WP_SQLite_DB->query('ALTER TABLE `wp...')
#2 /wordpress/wp-content/plugins/review-widgets-for-booking-com/trustindex-plugin.class.php(224): include('/wordpress/wp-c...')
#3 /wordpress/wp-includes/class-wp-hook.php(324): TrustindexPlugin_booking->load('')
#4 /wordpress/wp-includes/class-wp-hook.php(348): WP_Hook->apply_filters(NULL, Array)
#5 /wordpress/wp-includes/plugin.php(517): WP_Hook->do_action(Array)
#6 /wordpress/wp-settings.php(578): do_action('plugins_loaded')
#7 /wordpress/wp-config.php(102): require_once('/wordpress/wp-s...')
#8 /wordpress/wp-load.php(50): require_once('/wordpress/wp-c...')
#9 /internal/eval.php(3): require_once('/wordpress/wp-l...')
#10 {main}</pre>
 for query ALTER TABLE `wp_trustindex_booking_reviews` ADD hidden TINYINT(1) NOT NULL DEFAULT 0 AFTER id made by require_once('wp-load.php'), require_once('wp-config.php'), require_once('wp-settings.php'), do_action('plugins_loaded'), WP_Hook->do_action, WP_Hook->apply_filters, TrustindexPlugin_booking->load, include('/plugins/review-widgets-for-booking-com/include/update.php'), WP_SQLite_DB->query, WP_SQLite_DB->print_error
[23-Apr-2025 14:36:27 UTC] PHP Deprecated:  WP_SQLite_Driver::recreate_table_from_information_schema(): Implicitly marking parameter $column_map as nullable is deprecated, the explicit nullable type must be used instead in /internal/shared/sqlite-database-integration/wp-includes/sqlite-ast/class-wp-sqlite-driver.php on line 2783
[23-Apr-2025 14:36:27 UTC] PHP Deprecated:  WP_SQLite_Driver::set_result_from_affected_rows(): Implicitly marking parameter $override as nullable is deprecated, the explicit nullable type must be used instead in /internal/shared/sqlite-database-integration/wp-includes/sqlite-ast/class-wp-sqlite-driver.php on line 3541
[23-Apr-2025 14:36:27 UTC] PHP Deprecated:  WP_SQLite_Driver::new_driver_exception(): Implicitly marking parameter $previous as nullable is deprecated, the explicit nullable type must be used instead in /internal/shared/sqlite-database-integration/wp-includes/sqlite-ast/class-wp-sqlite-driver.php on line 3564
[23-Apr-2025 14:36:27 UTC] PHP Deprecated:  WP_SQLite_Driver_Exception::__construct(): Implicitly marking parameter $previous as nullable is deprecated, the explicit nullable type must be used instead in /internal/shared/sqlite-database-integration/wp-includes/sqlite-ast/class-wp-sqlite-driver-exception.php on line 19
[23-Apr-2025 14:36:28 UTC] PHP Deprecated:  WP_SQLite_Driver::recreate_table_from_information_schema(): Implicitly marking parameter $column_map as nullable is deprecated, the explicit nullable type must be used instead in /internal/shared/sqlite-database-integration/wp-includes/sqlite-ast/class-wp-sqlite-driver.php on line 2783
[23-Apr-2025 14:36:28 UTC] PHP Deprecated:  WP_SQLite_Driver::set_result_from_affected_rows(): Implicitly marking parameter $override as nullable is deprecated, the explicit nullable type must be used instead in /internal/shared/sqlite-database-integration/wp-includes/sqlite-ast/class-wp-sqlite-driver.php on line 3541
[23-Apr-2025 14:36:28 UTC] PHP Deprecated:  WP_SQLite_Driver::new_driver_exception(): Implicitly marking parameter $previous as nullable is deprecated, the explicit nullable type must be used instead in /internal/shared/sqlite-database-integration/wp-includes/sqlite-ast/class-wp-sqlite-driver.php on line 3564
[23-Apr-2025 14:36:28 UTC] PHP Deprecated:  WP_SQLite_Driver_Exception::__construct(): Implicitly marking parameter $previous as nullable is deprecated, the explicit nullable type must be used instead in /internal/shared/sqlite-database-integration/wp-includes/sqlite-ast/class-wp-sqlite-driver-exception.php on line 19
[23-Apr-2025 14:36:30 UTC] PHP Deprecated:  WP_SQLite_Driver::recreate_table_from_information_schema(): Implicitly marking parameter $column_map as nullable is deprecated, the explicit nullable type must be used instead in /internal/shared/sqlite-database-integration/wp-includes/sqlite-ast/class-wp-sqlite-driver.php on line 2783
[23-Apr-2025 14:36:30 UTC] PHP Deprecated:  WP_SQLite_Driver::set_result_from_affected_rows(): Implicitly marking parameter $override as nullable is deprecated, the explicit nullable type must be used instead in /internal/shared/sqlite-database-integration/wp-includes/sqlite-ast/class-wp-sqlite-driver.php on line 3541
[23-Apr-2025 14:36:30 UTC] PHP Deprecated:  WP_SQLite_Driver::new_driver_exception(): Implicitly marking parameter $previous as nullable is deprecated, the explicit nullable type must be used instead in /internal/shared/sqlite-database-integration/wp-includes/sqlite-ast/class-wp-sqlite-driver.php on line 3564
[23-Apr-2025 14:36:30 UTC] PHP Deprecated:  WP_SQLite_Driver_Exception::__construct(): Implicitly marking parameter $previous as nullable is deprecated, the explicit nullable type must be used instead in /internal/shared/sqlite-database-integration/wp-includes/sqlite-ast/class-wp-sqlite-driver-exception.php on line 19
[23-Apr-2025 14:36:32 UTC] PHP Deprecated:  WP_SQLite_Driver::recreate_table_from_information_schema(): Implicitly marking parameter $column_map as nullable is deprecated, the explicit nullable type must be used instead in /internal/shared/sqlite-database-integration/wp-includes/sqlite-ast/class-wp-sqlite-driver.php on line 2783
[23-Apr-2025 14:36:32 UTC] PHP Deprecated:  WP_SQLite_Driver::set_result_from_affected_rows(): Implicitly marking parameter $override as nullable is deprecated, the explicit nullable type must be used instead in /internal/shared/sqlite-database-integration/wp-includes/sqlite-ast/class-wp-sqlite-driver.php on line 3541
[23-Apr-2025 14:36:32 UTC] PHP Deprecated:  WP_SQLite_Driver::new_driver_exception(): Implicitly marking parameter $previous as nullable is deprecated, the explicit nullable type must be used instead in /internal/shared/sqlite-database-integration/wp-includes/sqlite-ast/class-wp-sqlite-driver.php on line 3564
[23-Apr-2025 14:36:32 UTC] PHP Deprecated:  WP_SQLite_Driver_Exception::__construct(): Implicitly marking parameter $previous as nullable is deprecated, the explicit nullable type must be used instead in /internal/shared/sqlite-database-integration/wp-includes/sqlite-ast/class-wp-sqlite-driver-exception.php on line 19
[23-Apr-2025 14:36:34 UTC] PHP Deprecated:  WP_SQLite_Driver::recreate_table_from_information_schema(): Implicitly marking parameter $column_map as nullable is deprecated, the explicit nullable type must be used instead in /internal/shared/sqlite-database-integration/wp-includes/sqlite-ast/class-wp-sqlite-driver.php on line 2783
[23-Apr-2025 14:36:34 UTC] PHP Deprecated:  WP_SQLite_Driver::set_result_from_affected_rows(): Implicitly marking parameter $override as nullable is deprecated, the explicit nullable type must be used instead in /internal/shared/sqlite-database-integration/wp-includes/sqlite-ast/class-wp-sqlite-driver.php on line 3541
[23-Apr-2025 14:36:34 UTC] PHP Deprecated:  WP_SQLite_Driver::new_driver_exception(): Implicitly marking parameter $previous as nullable is deprecated, the explicit nullable type must be used instead in /internal/shared/sqlite-database-integration/wp-includes/sqlite-ast/class-wp-sqlite-driver.php on line 3564
[23-Apr-2025 14:36:34 UTC] PHP Deprecated:  WP_SQLite_Driver_Exception::__construct(): Implicitly marking parameter $previous as nullable is deprecated, the explicit nullable type must be used instead in /internal/shared/sqlite-database-integration/wp-includes/sqlite-ast/class-wp-sqlite-driver-exception.php on line 19
[23-Apr-2025 14:37:13 UTC] PHP Deprecated:  File class-phpmailer.php is <strong>deprecated</strong> since version 5.5.0! Use wp-includes/PHPMailer/PHPMailer.php instead. The PHPMailer class has been moved to wp-includes/PHPMailer subdirectory and now uses the PHPMailer\PHPMailer namespace. in /wordpress/wp-includes/functions.php on line 6121
[23-Apr-2025 14:37:14 UTC] PHP Fatal error:  Uncaught TypeError: call_user_func_array(): Argument #1 ($callback) must be a valid callback, non-static method Realestate_Plugin::add_home_page() cannot be called statically in /wordpress/wp-includes/class-wp-hook.php:324
Stack trace:
#0 /wordpress/wp-includes/class-wp-hook.php(348): WP_Hook->apply_filters(NULL, Array)
#1 /wordpress/wp-includes/plugin.php(517): WP_Hook->do_action(Array)
#2 /wordpress/wp-admin/includes/plugin.php(703): do_action('activate_real-e...', false)
#3 /internal/eval.php(20): activate_plugin('real-estate-age...')
#4 {main}
  thrown in /wordpress/wp-includes/class-wp-hook.php on line 324
[23-Apr-2025 14:37:22 UTC] PHP Deprecated:  File class-phpmailer.php is <strong>deprecated</strong> since version 5.5.0! Use wp-includes/PHPMailer/PHPMailer.php instead. The PHPMailer class has been moved to wp-includes/PHPMailer subdirectory and now uses the PHPMailer\PHPMailer namespace. in /wordpress/wp-includes/functions.php on line 6121
[23-Apr-2025 14:37:22 UTC] PHP Fatal error:  Uncaught TypeError: call_user_func_array(): Argument #1 ($callback) must be a valid callback, non-static method Realestate_Plugin::add_home_page() cannot be called statically in /wordpress/wp-includes/class-wp-hook.php:324
Stack trace:
#0 /wordpress/wp-includes/class-wp-hook.php(348): WP_Hook->apply_filters(NULL, Array)
#1 /wordpress/wp-includes/plugin.php(517): WP_Hook->do_action(Array)
#2 /wordpress/wp-admin/includes/plugin.php(703): do_action('activate_real-e...', false)
#3 /internal/eval.php(20): activate_plugin('real-estate-age...')
#4 {main}
  thrown in /wordpress/wp-includes/class-wp-hook.php on line 324
[23-Apr-2025 14:37:31 UTC] PHP Deprecated:  File class-phpmailer.php is <strong>deprecated</strong> since version 5.5.0! Use wp-includes/PHPMailer/PHPMailer.php instead. The PHPMailer class has been moved to wp-includes/PHPMailer subdirectory and now uses the PHPMailer\PHPMailer namespace. in /wordpress/wp-includes/functions.php on line 6121
[23-Apr-2025 14:37:31 UTC] PHP Fatal error:  Uncaught TypeError: call_user_func_array(): Argument #1 ($callback) must be a valid callback, non-static method Realestate_Plugin::add_home_page() cannot be called statically in /wordpress/wp-includes/class-wp-hook.php:324
Stack trace:
#0 /wordpress/wp-includes/class-wp-hook.php(348): WP_Hook->apply_filters(NULL, Array)
#1 /wordpress/wp-includes/plugin.php(517): WP_Hook->do_action(Array)
#2 /wordpress/wp-admin/includes/plugin.php(703): do_action('activate_real-e...', false)
#3 /internal/eval.php(20): activate_plugin('real-estate-age...')
#4 {main}
  thrown in /wordpress/wp-includes/class-wp-hook.php on line 324

    at Object.onBind (file:///home/runner/work/playground-tester/playground-tester/node_modules/@wp-playground/cli/index.js:237:15)
    at process.processTicksAndRejections (node:internal/process/task_queues:105:5)
    at async V (file:///home/runner/work/playground-tester/playground-tester/node_modules/@wp-playground/cli/index.js:64:10)
    at async ja (file:///home/runner/work/playground-tester/playground-tester/node_modules/@wp-playground/cli/cli.js:8161:12) {
  [cause]: Error: Error when executing the blueprint step #1 ({"step":"installPlugin","pluginData":{"resource":"wordpress.org/plugins","slug":"real-estate-agency"},"options":{"activate":true}}) : PHP.run() failed with exit code 255 and the following output: 
      at Object.run (file:///home/runner/work/playground-tester/playground-tester/node_modules/@wp-playground/blueprints/index.js:12449:19)
      at process.processTicksAndRejections (node:internal/process/task_queues:105:5)
      at async ms (file:///home/runner/work/playground-tester/playground-tester/node_modules/@wp-playground/blueprints/index.js:12552:3)
      ... 2 lines matching cause stack trace ...
      at async ja (file:///home/runner/work/playground-tester/playground-tester/node_modules/@wp-playground/cli/cli.js:8161:12) {
    [cause]: PHPExecutionFailureError: PHP.run() failed with exit code 255 and the following output: 
        at PHP.run (file:///home/runner/work/playground-tester/playground-tester/node_modules/@php-wasm/universal/index.js:987:19)
        at process.processTicksAndRejections (node:internal/process/task_queues:105:5)
        at async wr (file:///home/runner/work/playground-tester/playground-tester/node_modules/@wp-playground/blueprints/index.js:33:39)
        at async Object.gt [as installPlugin] (file:///home/runner/work/playground-tester/playground-tester/node_modules/@wp-playground/blueprints/index.js:974:42)
        at async g (file:///home/runner/work/playground-tester/playground-tester/node_modules/@wp-playground/blueprints/index.js:12517:30)
        at async Object.run (file:///home/runner/work/playground-tester/playground-tester/node_modules/@wp-playground/blueprints/index.js:12446:23)
        at async ms (file:///home/runner/work/playground-tester/playground-tester/node_modules/@wp-playground/blueprints/index.js:12552:3)
        at async Object.onBind (file:///home/runner/work/playground-tester/playground-tester/node_modules/@wp-playground/cli/index.js:227:48)
        at async V (file:///home/runner/work/playground-tester/playground-tester/node_modules/@wp-playground/cli/index.js:64:10)
        at async ja (file:///home/runner/work/playground-tester/playground-tester/node_modules/@wp-playground/cli/cli.js:8161:12) {
      response: PHPResponse {
        httpStatusCode: 500,
        headers: {
          'x-powered-by': [ 'PHP/8.0.30-dev' ],
          'content-type': [ 'text/html; charset=UTF-8' ]
        },
        bytes: Uint8Array(235) [
           60, 115,  99, 114, 105, 112, 116,  32, 116, 121, 112, 101,
           61,  34, 116, 101, 120, 116,  47, 106,  97, 118,  97, 115,
           99, 114, 105, 112, 116,  34,  62,  97, 108, 101, 114, 116,
           40,  34,  76, 101,  32, 116, 104, 195, 168, 109, 101,  32,
           84, 119, 101, 110, 116, 121,  32,  84, 119, 101, 110, 116,
          121,  45,  70, 105, 118, 101,  32, 110,  39, 101, 115, 116,
           32, 112,  97, 115,  32,  97, 100,  97, 112, 116, 195, 169,
           32,  97, 117,  32, 112, 108, 117, 103, 105, 110,  32,  82,
          101,  97, 108,  32,
          ... 135 more items
        ],
        exitCode: 255,
        errors: ''
      },
      source: 'request'
    }
  }
}

Node.js v23.11.0
