file:///home/runner/work/playground-tester/playground-tester/node_modules/@wp-playground/cli/index.js:237
        throw new Error(y, { cause: u });
              ^

Error: [17-May-2025 22:49:48 UTC] PHP Notice:  date_default_timezone_set(): Timezone ID '' is invalid in /wordpress/wp-content/plugins/events-calendar/events-calendar.php on line 53
[17-May-2025 22:49:48 UTC] PHP Warning:  Trying to access array offset on value of type bool in /wordpress/wp-content/plugins/events-calendar/ec_calendar.class.php on line 45
[17-May-2025 22:49:48 UTC] PHP Deprecated:  Function load_plugin_textdomain was called with an argument that is <strong>deprecated</strong> since version 2.7.0 with no alternative available. in /wordpress/wp-includes/functions.php on line 6121
[17-May-2025 22:49:48 UTC] PHP Fatal error:  Uncaught Error: Call to a member function get_var() on null in /wordpress/wp-content/plugins/events-calendar/ec_db.class.php:117
Stack trace:
#0 /wordpress/wp-content/plugins/events-calendar/events-calendar.php(271): EC_DB->createTable()
#1 /wordpress/wp-includes/class-wp-hook.php(324): EventsCalendarActivated(false)
#2 /wordpress/wp-includes/class-wp-hook.php(348): WP_Hook->apply_filters('', Array)
#3 /wordpress/wp-includes/plugin.php(517): WP_Hook->do_action(Array)
#4 /wordpress/wp-admin/includes/plugin.php(703): do_action('activate_events...', false)
#5 /internal/eval.php(20): activate_plugin('events-calendar...')
#6 {main}
  thrown in /wordpress/wp-content/plugins/events-calendar/ec_db.class.php on line 117
[17-May-2025 22:49:55 UTC] PHP Notice:  date_default_timezone_set(): Timezone ID '' is invalid in /wordpress/wp-content/plugins/events-calendar/events-calendar.php on line 53
[17-May-2025 22:49:55 UTC] PHP Warning:  Trying to access array offset on value of type bool in /wordpress/wp-content/plugins/events-calendar/ec_calendar.class.php on line 45
[17-May-2025 22:49:55 UTC] PHP Deprecated:  Function load_plugin_textdomain was called with an argument that is <strong>deprecated</strong> since version 2.7.0 with no alternative available. in /wordpress/wp-includes/functions.php on line 6121
[17-May-2025 22:49:55 UTC] PHP Fatal error:  Uncaught Error: Call to a member function get_var() on null in /wordpress/wp-content/plugins/events-calendar/ec_db.class.php:117
Stack trace:
#0 /wordpress/wp-content/plugins/events-calendar/events-calendar.php(271): EC_DB->createTable()
#1 /wordpress/wp-includes/class-wp-hook.php(324): EventsCalendarActivated(false)
#2 /wordpress/wp-includes/class-wp-hook.php(348): WP_Hook->apply_filters('', Array)
#3 /wordpress/wp-includes/plugin.php(517): WP_Hook->do_action(Array)
#4 /wordpress/wp-admin/includes/plugin.php(703): do_action('activate_events...', false)
#5 /internal/eval.php(20): activate_plugin('events-calendar...')
#6 {main}
  thrown in /wordpress/wp-content/plugins/events-calendar/ec_db.class.php on line 117
[17-May-2025 22:50:03 UTC] PHP Notice:  date_default_timezone_set(): Timezone ID '' is invalid in /wordpress/wp-content/plugins/events-calendar/events-calendar.php on line 53
[17-May-2025 22:50:03 UTC] PHP Warning:  Trying to access array offset on value of type bool in /wordpress/wp-content/plugins/events-calendar/ec_calendar.class.php on line 45
[17-May-2025 22:50:03 UTC] PHP Deprecated:  Function load_plugin_textdomain was called with an argument that is <strong>deprecated</strong> since version 2.7.0 with no alternative available. in /wordpress/wp-includes/functions.php on line 6121
[17-May-2025 22:50:03 UTC] PHP Fatal error:  Uncaught Error: Call to a member function get_var() on null in /wordpress/wp-content/plugins/events-calendar/ec_db.class.php:117
Stack trace:
#0 /wordpress/wp-content/plugins/events-calendar/events-calendar.php(271): EC_DB->createTable()
#1 /wordpress/wp-includes/class-wp-hook.php(324): EventsCalendarActivated(false)
#2 /wordpress/wp-includes/class-wp-hook.php(348): WP_Hook->apply_filters('', Array)
#3 /wordpress/wp-includes/plugin.php(517): WP_Hook->do_action(Array)
#4 /wordpress/wp-admin/includes/plugin.php(703): do_action('activate_events...', false)
#5 /internal/eval.php(20): activate_plugin('events-calendar...')
#6 {main}
  thrown in /wordpress/wp-content/plugins/events-calendar/ec_db.class.php on line 117
[17-May-2025 22:50:11 UTC] PHP Warning:  Undefined variable $wpdb in /wordpress/wp-content/plugins/everquest-next-raid-planner/eqnext-raider.php on line 13
[17-May-2025 22:50:11 UTC] PHP Warning:  Attempt to read property "prefix" on null in /wordpress/wp-content/plugins/everquest-next-raid-planner/eqnext-raider.php on line 13
[17-May-2025 22:50:11 UTC] PHP Warning:  Undefined variable $wpdb in /wordpress/wp-content/plugins/everquest-next-raid-planner/eqnext-raider.php on line 14
[17-May-2025 22:50:11 UTC] PHP Warning:  Attempt to read property "prefix" on null in /wordpress/wp-content/plugins/everquest-next-raid-planner/eqnext-raider.php on line 14
[17-May-2025 22:50:11 UTC] PHP Warning:  Undefined variable $wpdb in /wordpress/wp-content/plugins/everquest-next-raid-planner/eqnext-raider.php on line 15
[17-May-2025 22:50:11 UTC] PHP Warning:  Attempt to read property "prefix" on null in /wordpress/wp-content/plugins/everquest-next-raid-planner/eqnext-raider.php on line 15
[17-May-2025 22:50:11 UTC] PHP Deprecated:  Function register_widget_control is <strong>deprecated</strong> since version 2.8.0! Use wp_register_widget_control() instead. in /wordpress/wp-includes/functions.php on line 6121
[17-May-2025 22:50:12 UTC] PHP Deprecated:  Function register_widget_control is <strong>deprecated</strong> since version 2.8.0! Use wp_register_widget_control() instead. in /wordpress/wp-includes/functions.php on line 6121
[17-May-2025 22:50:21 UTC] PHP Warning:  Undefined variable $wpdb in /wordpress/wp-content/plugins/everquest-next-raid-planner/eqnext-raider.php on line 13
[17-May-2025 22:50:21 UTC] PHP Warning:  Attempt to read property "prefix" on null in /wordpress/wp-content/plugins/everquest-next-raid-planner/eqnext-raider.php on line 13
[17-May-2025 22:50:21 UTC] PHP Warning:  Undefined variable $wpdb in /wordpress/wp-content/plugins/everquest-next-raid-planner/eqnext-raider.php on line 14
[17-May-2025 22:50:21 UTC] PHP Warning:  Attempt to read property "prefix" on null in /wordpress/wp-content/plugins/everquest-next-raid-planner/eqnext-raider.php on line 14
[17-May-2025 22:50:21 UTC] PHP Warning:  Undefined variable $wpdb in /wordpress/wp-content/plugins/everquest-next-raid-planner/eqnext-raider.php on line 15
[17-May-2025 22:50:21 UTC] PHP Warning:  Attempt to read property "prefix" on null in /wordpress/wp-content/plugins/everquest-next-raid-planner/eqnext-raider.php on line 15
[17-May-2025 22:50:21 UTC] PHP Deprecated:  Function register_widget_control is <strong>deprecated</strong> since version 2.8.0! Use wp_register_widget_control() instead. in /wordpress/wp-includes/functions.php on line 6121
[17-May-2025 22:50:22 UTC] PHP Deprecated:  Function register_widget_control is <strong>deprecated</strong> since version 2.8.0! Use wp_register_widget_control() instead. in /wordpress/wp-includes/functions.php on line 6121
[17-May-2025 22:50:30 UTC] PHP Warning:  Undefined variable $wpdb in /wordpress/wp-content/plugins/everquest-next-raid-planner/eqnext-raider.php on line 13
[17-May-2025 22:50:30 UTC] PHP Warning:  Attempt to read property "prefix" on null in /wordpress/wp-content/plugins/everquest-next-raid-planner/eqnext-raider.php on line 13
[17-May-2025 22:50:30 UTC] PHP Warning:  Undefined variable $wpdb in /wordpress/wp-content/plugins/everquest-next-raid-planner/eqnext-raider.php on line 14
[17-May-2025 22:50:30 UTC] PHP Warning:  Attempt to read property "prefix" on null in /wordpress/wp-content/plugins/everquest-next-raid-planner/eqnext-raider.php on line 14
[17-May-2025 22:50:30 UTC] PHP Warning:  Undefined variable $wpdb in /wordpress/wp-content/plugins/everquest-next-raid-planner/eqnext-raider.php on line 15
[17-May-2025 22:50:30 UTC] PHP Warning:  Attempt to read property "prefix" on null in /wordpress/wp-content/plugins/everquest-next-raid-planner/eqnext-raider.php on line 15
[17-May-2025 22:50:30 UTC] PHP Deprecated:  Function register_widget_control is <strong>deprecated</strong> since version 2.8.0! Use wp_register_widget_control() instead. in /wordpress/wp-includes/functions.php on line 6121
[17-May-2025 22:50:31 UTC] PHP Deprecated:  Function register_widget_control is <strong>deprecated</strong> since version 2.8.0! Use wp_register_widget_control() instead. in /wordpress/wp-includes/functions.php on line 6121
[17-May-2025 22:55:30 UTC] PHP Deprecated:  Required parameter $output follows optional parameter $method in /wordpress/wp-content/plugins/easytweets/easytweet.php on line 18
[17-May-2025 22:55:31 UTC] PHP Deprecated:  Required parameter $output follows optional parameter $method in /wordpress/wp-content/plugins/easytweets/easytweet.php on line 18
[17-May-2025 22:55:31 UTC] PHP Notice:  Function wp_enqueue_script was called <strong>incorrectly</strong>. Scripts and styles should not be registered or enqueued until the <code>wp_enqueue_scripts</code>, <code>admin_enqueue_scripts</code>, or <code>login_enqueue_scripts</code> hooks. This notice was triggered by the <code>jquery</code> handle. Please see <a href="https://developer.wordpress.org/advanced-administration/debug/debug-wordpress/">Debugging in WordPress</a> for more information. (This message was added in version 3.3.0.) in /wordpress/wp-includes/functions.php on line 6121
[17-May-2025 22:55:39 UTC] PHP Deprecated:  Required parameter $output follows optional parameter $method in /wordpress/wp-content/plugins/easytweets/easytweet.php on line 18
[17-May-2025 22:55:39 UTC] PHP Deprecated:  Required parameter $output follows optional parameter $method in /wordpress/wp-content/plugins/easytweets/easytweet.php on line 18
[17-May-2025 22:55:39 UTC] PHP Notice:  Function wp_enqueue_script was called <strong>incorrectly</strong>. Scripts and styles should not be registered or enqueued until the <code>wp_enqueue_scripts</code>, <code>admin_enqueue_scripts</code>, or <code>login_enqueue_scripts</code> hooks. This notice was triggered by the <code>jquery</code> handle. Please see <a href="https://developer.wordpress.org/advanced-administration/debug/debug-wordpress/">Debugging in WordPress</a> for more information. (This message was added in version 3.3.0.) in /wordpress/wp-includes/functions.php on line 6121
[17-May-2025 22:55:48 UTC] PHP Deprecated:  Required parameter $output follows optional parameter $method in /wordpress/wp-content/plugins/easytweets/easytweet.php on line 18
[17-May-2025 22:55:49 UTC] PHP Deprecated:  Required parameter $output follows optional parameter $method in /wordpress/wp-content/plugins/easytweets/easytweet.php on line 18
[17-May-2025 22:55:49 UTC] PHP Notice:  Function wp_enqueue_script was called <strong>incorrectly</strong>. Scripts and styles should not be registered or enqueued until the <code>wp_enqueue_scripts</code>, <code>admin_enqueue_scripts</code>, or <code>login_enqueue_scripts</code> hooks. This notice was triggered by the <code>jquery</code> handle. Please see <a href="https://developer.wordpress.org/advanced-administration/debug/debug-wordpress/">Debugging in WordPress</a> for more information. (This message was added in version 3.3.0.) in /wordpress/wp-includes/functions.php on line 6121
[17-May-2025 22:55:57 UTC] PHP Fatal error:  Uncaught TypeError: call_user_func_array(): Argument #1 ($callback) must be a valid callback, non-static method econda::econda_init() cannot be called statically in /wordpress/wp-includes/class-wp-hook.php:324
Stack trace:
#0 /wordpress/wp-includes/class-wp-hook.php(348): WP_Hook->apply_filters('', Array)
#1 /wordpress/wp-includes/plugin.php(517): WP_Hook->do_action(Array)
#2 /wordpress/wp-admin/includes/plugin.php(703): do_action('activate_econda...', false)
#3 /internal/eval.php(20): activate_plugin('econda/econda.p...')
#4 {main}
  thrown in /wordpress/wp-includes/class-wp-hook.php on line 324
[17-May-2025 22:56:05 UTC] PHP Fatal error:  Uncaught TypeError: call_user_func_array(): Argument #1 ($callback) must be a valid callback, non-static method econda::econda_init() cannot be called statically in /wordpress/wp-includes/class-wp-hook.php:324
Stack trace:
#0 /wordpress/wp-includes/class-wp-hook.php(348): WP_Hook->apply_filters('', Array)
#1 /wordpress/wp-includes/plugin.php(517): WP_Hook->do_action(Array)
#2 /wordpress/wp-admin/includes/plugin.php(703): do_action('activate_econda...', false)
#3 /internal/eval.php(20): activate_plugin('econda/econda.p...')
#4 {main}
  thrown in /wordpress/wp-includes/class-wp-hook.php on line 324
[17-May-2025 22:56:12 UTC] PHP Fatal error:  Uncaught TypeError: call_user_func_array(): Argument #1 ($callback) must be a valid callback, non-static method econda::econda_init() cannot be called statically in /wordpress/wp-includes/class-wp-hook.php:324
Stack trace:
#0 /wordpress/wp-includes/class-wp-hook.php(348): WP_Hook->apply_filters('', Array)
#1 /wordpress/wp-includes/plugin.php(517): WP_Hook->do_action(Array)
#2 /wordpress/wp-admin/includes/plugin.php(703): do_action('activate_econda...', false)
#3 /internal/eval.php(20): activate_plugin('econda/econda.p...')
#4 {main}
  thrown in /wordpress/wp-includes/class-wp-hook.php on line 324
[17-May-2025 22:57:07 UTC] PHP Parse error:  syntax error, unexpected ')' in /wordpress/wp-content/plugins/elvez-edit-powered-by/admin/class-elvez-edit-powered-by-admin.php on line 221
[17-May-2025 22:57:15 UTC] PHP Parse error:  syntax error, unexpected ')' in /wordpress/wp-content/plugins/elvez-edit-powered-by/admin/class-elvez-edit-powered-by-admin.php on line 221

    at Object.onBind (file:///home/runner/work/playground-tester/playground-tester/node_modules/@wp-playground/cli/index.js:237:15)
    at process.processTicksAndRejections (node:internal/process/task_queues:105:5)
    at async V (file:///home/runner/work/playground-tester/playground-tester/node_modules/@wp-playground/cli/index.js:64:10)
    at async ja (file:///home/runner/work/playground-tester/playground-tester/node_modules/@wp-playground/cli/cli.js:8161:12) {
  [cause]: Error: Error when executing the blueprint step #1 ({"step":"installPlugin","pluginData":{"resource":"wordpress.org/plugins","slug":"elvez-edit-powered-by"},"options":{"activate":true}}) : PHP.run() failed with exit code 255 and the following output: 
      at Object.run (file:///home/runner/work/playground-tester/playground-tester/node_modules/@wp-playground/blueprints/index.js:12449:19)
      at process.processTicksAndRejections (node:internal/process/task_queues:105:5)
      at async ms (file:///home/runner/work/playground-tester/playground-tester/node_modules/@wp-playground/blueprints/index.js:12552:3)
      ... 2 lines matching cause stack trace ...
      at async ja (file:///home/runner/work/playground-tester/playground-tester/node_modules/@wp-playground/cli/cli.js:8161:12) {
    [cause]: PHPExecutionFailureError: PHP.run() failed with exit code 255 and the following output: 
        at PHP.run (file:///home/runner/work/playground-tester/playground-tester/node_modules/@php-wasm/universal/index.js:987:19)
        at process.processTicksAndRejections (node:internal/process/task_queues:105:5)
        at async wr (file:///home/runner/work/playground-tester/playground-tester/node_modules/@wp-playground/blueprints/index.js:33:39)
        at async Object.gt [as installPlugin] (file:///home/runner/work/playground-tester/playground-tester/node_modules/@wp-playground/blueprints/index.js:974:42)
        at async g (file:///home/runner/work/playground-tester/playground-tester/node_modules/@wp-playground/blueprints/index.js:12517:30)
        at async Object.run (file:///home/runner/work/playground-tester/playground-tester/node_modules/@wp-playground/blueprints/index.js:12446:23)
        at async ms (file:///home/runner/work/playground-tester/playground-tester/node_modules/@wp-playground/blueprints/index.js:12552:3)
        at async Object.onBind (file:///home/runner/work/playground-tester/playground-tester/node_modules/@wp-playground/cli/index.js:227:48)
        at async V (file:///home/runner/work/playground-tester/playground-tester/node_modules/@wp-playground/cli/index.js:64:10)
        at async ja (file:///home/runner/work/playground-tester/playground-tester/node_modules/@wp-playground/cli/cli.js:8161:12) {
      response: PHPResponse {
        httpStatusCode: 500,
        headers: {
          'x-powered-by': [ 'PHP/7.2.34-dev' ],
          'content-type': [ 'text/html; charset=UTF-8' ]
        },
        bytes: Uint8Array(0) [],
        exitCode: 255,
        errors: ''
      },
      source: 'request'
    }
  }
}

Node.js v23.11.0
