file:///home/runner/work/playground-tester/playground-tester/node_modules/@wp-playground/cli/index.js:237
        throw new Error(y, { cause: u });
              ^

Error: [26-Apr-2025 03:44:54 UTC] PHP Warning:  Undefined array key 2 in /internal/shared/sqlite-database-integration/wp-includes/parser/class-wp-parser.php on line 55
[26-Apr-2025 03:44:54 UTC] PHP Warning:  Attempt to read property "id" on null in /internal/shared/sqlite-database-integration/wp-includes/parser/class-wp-parser.php on line 55
[26-Apr-2025 03:44:54 UTC] PHP Warning:  Undefined array key 2 in /internal/shared/sqlite-database-integration/wp-includes/parser/class-wp-parser.php on line 55
[26-Apr-2025 03:44:54 UTC] PHP Warning:  Attempt to read property "id" on null in /internal/shared/sqlite-database-integration/wp-includes/parser/class-wp-parser.php on line 55
[26-Apr-2025 03:44:55 UTC] PHP Warning:  Undefined array key 2 in /internal/shared/sqlite-database-integration/wp-includes/parser/class-wp-parser.php on line 55
[26-Apr-2025 03:44:55 UTC] PHP Warning:  Attempt to read property "id" on null in /internal/shared/sqlite-database-integration/wp-includes/parser/class-wp-parser.php on line 55
[26-Apr-2025 03:44:55 UTC] PHP Warning:  Undefined array key 2 in /internal/shared/sqlite-database-integration/wp-includes/parser/class-wp-parser.php on line 55
[26-Apr-2025 03:44:55 UTC] PHP Warning:  Attempt to read property "id" on null in /internal/shared/sqlite-database-integration/wp-includes/parser/class-wp-parser.php on line 55
[26-Apr-2025 03:44:55 UTC] PHP Warning:  Undefined array key 2 in /internal/shared/sqlite-database-integration/wp-includes/parser/class-wp-parser.php on line 55
[26-Apr-2025 03:44:55 UTC] PHP Warning:  Attempt to read property "id" on null in /internal/shared/sqlite-database-integration/wp-includes/parser/class-wp-parser.php on line 55
[26-Apr-2025 03:44:55 UTC] PHP Warning:  Undefined array key 2 in /internal/shared/sqlite-database-integration/wp-includes/parser/class-wp-parser.php on line 55
[26-Apr-2025 03:44:55 UTC] PHP Warning:  Attempt to read property "id" on null in /internal/shared/sqlite-database-integration/wp-includes/parser/class-wp-parser.php on line 55
[26-Apr-2025 03:44:55 UTC] PHP Warning:  Undefined array key 2 in /internal/shared/sqlite-database-integration/wp-includes/parser/class-wp-parser.php on line 55
[26-Apr-2025 03:44:55 UTC] PHP Warning:  Attempt to read property "id" on null in /internal/shared/sqlite-database-integration/wp-includes/parser/class-wp-parser.php on line 55
[26-Apr-2025 03:44:55 UTC] PHP Warning:  Undefined array key 2 in /internal/shared/sqlite-database-integration/wp-includes/parser/class-wp-parser.php on line 55
[26-Apr-2025 03:44:55 UTC] PHP Warning:  Attempt to read property "id" on null in /internal/shared/sqlite-database-integration/wp-includes/parser/class-wp-parser.php on line 55
[26-Apr-2025 03:44:55 UTC] PHP Warning:  Undefined array key 2 in /internal/shared/sqlite-database-integration/wp-includes/parser/class-wp-parser.php on line 55
[26-Apr-2025 03:44:55 UTC] PHP Warning:  Attempt to read property "id" on null in /internal/shared/sqlite-database-integration/wp-includes/parser/class-wp-parser.php on line 55
[26-Apr-2025 03:44:55 UTC] PHP Warning:  Undefined array key 2 in /internal/shared/sqlite-database-integration/wp-includes/parser/class-wp-parser.php on line 55
[26-Apr-2025 03:44:55 UTC] PHP Warning:  Attempt to read property "id" on null in /internal/shared/sqlite-database-integration/wp-includes/parser/class-wp-parser.php on line 55
[26-Apr-2025 03:44:56 UTC] WordPress database error <div style="clear:both">&nbsp;</div>
<div class="queries" style="clear:both;margin-bottom:2px;border:red dotted thin;">
<p>MySQL query:</p>
<p>ALTER TABLE `wp_wpl_cookie_scan_cookies` ADD CONSTRAINT FOREIGN KEY (`category_id`) REFERENCES `wp_gdpr_cookie_scan_categories` (`id_gdpr_cookie_category`)</p>
<p>Queries made or created this session were:</p>
<ol>
<li>Executing: BEGIN | (no parameters)</li>
<li>Executing: SELECT 1 FROM sqlite_temp_schema WHERE type = 'table' AND name = ? | parameters: wp_wpl_cookie_scan_cookies</li>
<li>Executing: SELECT COLUMN_NAME FROM _wp_sqlite_mysql_information_schema_columns WHERE table_schema = ? AND table_name = ? | parameters: database_name_here, wp_wpl_cookie_scan_cookies</li>
<li>Executing: SELECT 1 FROM sqlite_temp_schema WHERE type = 'table' AND name = ? | parameters: wp_wpl_cookie_scan_cookies</li>
<li>Executing: ROLLBACK | (no parameters)</li>
</ol>
</div>
<div style="clear:both;margin-bottom:2px;border:red dotted thin;" class="error_message" style="border-bottom:dotted blue thin;">
FOREIGN KEY and CHECK constraints are not supported yet.
</div>
<p>Backtrace:</p>
<pre>#0 /internal/shared/sqlite-database-integration/wp-includes/sqlite-ast/class-wp-sqlite-driver.php(690): WP_SQLite_Driver->new_driver_exception('FOREIGN KEY and...', 0, Object(Exception))
#1 /internal/shared/sqlite-database-integration/wp-includes/sqlite/class-wp-sqlite-db.php(472): WP_SQLite_Driver->query('ALTER TABLE `wp...')
#2 /internal/shared/sqlite-database-integration/wp-includes/sqlite/class-wp-sqlite-db.php(413): WP_SQLite_DB->_do_query('ALTER TABLE `wp...')
#3 /wordpress/wp-content/plugins/gdpr-cookie-consent/admin/modules/cookie-scanner/class-wpl-cookie-consent-cookie-scanner.php(734): WP_SQLite_DB->query('ALTER TABLE `wp...')
#4 /wordpress/wp-content/plugins/gdpr-cookie-consent/admin/modules/cookie-scanner/class-wpl-cookie-consent-cookie-scanner.php(687): Gdpr_Cookie_Consent_Cookie_Scanner->wpl_update_tables()
#5 /wordpress/wp-content/plugins/gdpr-cookie-consent/admin/modules/cookie-scanner/class-wpl-cookie-consent-cookie-scanner.php(607): Gdpr_Cookie_Consent_Cookie_Scanner->wpl_install_tables()
#6 /wordpress/wp-includes/class-wp-hook.php(324): Gdpr_Cookie_Consent_Cookie_Scanner->wpl_activator(false)
#7 /wordpress/wp-includes/class-wp-hook.php(348): WP_Hook->apply_filters(NULL, Array)
#8 /wordpress/wp-includes/plugin.php(517): WP_Hook->do_action(Array)
#9 /wordpress/wp-admin/includes/plugin.php(703): do_action('activate_gdpr-c...', false)
#10 /internal/eval.php(20): activate_plugin('gdpr-cookie-con...')
#11 {main}</pre>
 for query ALTER TABLE `wp_wpl_cookie_scan_cookies` ADD CONSTRAINT FOREIGN KEY (`category_id`) REFERENCES `wp_gdpr_cookie_scan_categories` (`id_gdpr_cookie_category`) made by activate_plugin, do_action('activate_gdpr-cookie-consent/gdpr-cookie-consent.php'), WP_Hook->do_action, WP_Hook->apply_filters, Gdpr_Cookie_Consent_Cookie_Scanner->wpl_activator, Gdpr_Cookie_Consent_Cookie_Scanner->wpl_install_tables, Gdpr_Cookie_Consent_Cookie_Scanner->wpl_update_tables, WP_SQLite_DB->query, WP_SQLite_DB->print_error
[26-Apr-2025 03:44:56 UTC] PHP Warning:  Undefined array key 2 in /internal/shared/sqlite-database-integration/wp-includes/parser/class-wp-parser.php on line 55
[26-Apr-2025 03:44:56 UTC] PHP Warning:  Attempt to read property "id" on null in /internal/shared/sqlite-database-integration/wp-includes/parser/class-wp-parser.php on line 55
[26-Apr-2025 03:44:56 UTC] PHP Warning:  Undefined array key 2 in /internal/shared/sqlite-database-integration/wp-includes/parser/class-wp-parser.php on line 55
[26-Apr-2025 03:44:56 UTC] PHP Warning:  Attempt to read property "id" on null in /internal/shared/sqlite-database-integration/wp-includes/parser/class-wp-parser.php on line 55
[26-Apr-2025 03:44:57 UTC] PHP Notice:  Function _load_textdomain_just_in_time was called <strong>incorrectly</strong>. Translation loading for the <code>gdpr-cookie-consent</code> domain was triggered too early. This is usually an indicator for some code in the plugin or theme running too early. Translations should be loaded at the <code>init</code> action or later. Please see <a href="https://developer.wordpress.org/advanced-administration/debug/debug-wordpress/">Debugging in WordPress</a> for more information. (This message was added in version 6.7.0.) in /wordpress/wp-includes/functions.php on line 6121
[26-Apr-2025 03:45:11 UTC] WordPress database error <div style="clear:both">&nbsp;</div>
<div class="queries" style="clear:both;margin-bottom:2px;border:red dotted thin;">
<p>MySQL query:</p>
<p>CREATE TABLE `wp_wpl_cookie_scripts`(
			    `id` INT NOT NULL AUTO_INCREMENT,
                `script_title` TEXT NOT NULL,
                `script_category` INT NOT NULL,
                `script_status` BOOL NOT NULL,
                `script_description` LONGTEXT NOT NULL,
                `script_key` VARCHAR(100) NOT NULL,
                PRIMARY KEY(`id`)
			)</p>
<p>Queries made or created this session were:</p>
<ol>
<li>Executing: BEGIN | (no parameters)</li>
<li>Executing: ROLLBACK | (no parameters)</li>
</ol>
</div>
<div style="clear:both;margin-bottom:2px;border:red dotted thin;" class="error_message" style="border-bottom:dotted blue thin;">
Error occurred at line 4117 in Function <code>handle_error</code>. Error message was: Unexpected token in MySQL query: script_status.
</div>
<p>Backtrace:</p>
<pre>#0 /internal/shared/sqlite-database-integration/wp-includes/sqlite/class-wp-sqlite-db.php(287): WP_SQLite_Translator->get_error_message()
#1 /wordpress/wp-admin/includes/upgrade.php(3280): WP_SQLite_DB->query('CREATE TABLE `w...')
#2 /wordpress/wp-content/plugins/gdpr-cookie-consent/public/modules/script-blocker/class-wpl-cookie-consent-script-blocker.php(97): dbDelta(Array)
#3 /wordpress/wp-content/plugins/gdpr-cookie-consent/public/modules/script-blocker/class-wpl-cookie-consent-script-blocker.php(68): Gdpr_Cookie_Consent_Script_Blocker->wpl_install_tables()
#4 /wordpress/wp-includes/class-wp-hook.php(324): Gdpr_Cookie_Consent_Script_Blocker->wpl_activator(false)
#5 /wordpress/wp-includes/class-wp-hook.php(348): WP_Hook->apply_filters(NULL, Array)
#6 /wordpress/wp-includes/plugin.php(517): WP_Hook->do_action(Array)
#7 /wordpress/wp-admin/includes/plugin.php(703): do_action('activate_gdpr-c...', false)
#8 /internal/eval.php(20): activate_plugin('gdpr-cookie-con...')
#9 {main}</pre>
 for query CREATE TABLE `wp_wpl_cookie_scripts`(
			    `id` INT NOT NULL AUTO_INCREMENT,
                `script_title` TEXT NOT NULL,
                `script_category` INT NOT NULL,
                `script_status` BOOL NOT NULL,
                `script_description` LONGTEXT NOT NULL,
                `script_key` VARCHAR(100) NOT NULL,
                PRIMARY KEY(`id`)
			) made by activate_plugin, do_action('activate_gdpr-cookie-consent/gdpr-cookie-consent.php'), WP_Hook->do_action, WP_Hook->apply_filters, Gdpr_Cookie_Consent_Script_Blocker->wpl_activator, Gdpr_Cookie_Consent_Script_Blocker->wpl_install_tables, dbDelta, WP_SQLite_DB->query, WP_SQLite_DB->print_error
[26-Apr-2025 03:45:11 UTC] WordPress database error <div style="clear:both">&nbsp;</div>
<div class="queries" style="clear:both;margin-bottom:2px;border:red dotted thin;">
<p>MySQL query:</p>
<p>SELECT COUNT(id) AS ttnum FROM wp_wpl_cookie_scripts</p>
<p>Queries made or created this session were:</p>
<ol>
<li>Executing: BEGIN | (no parameters)</li>
<li>Executing: SELECT COUNT(id) AS ttnum FROM wp_wpl_cookie_scripts | (no parameters)</li>
<li>Executing: ROLLBACK | (no parameters)</li>
</ol>
</div>
<div style="clear:both;margin-bottom:2px;border:red dotted thin;" class="error_message" style="border-bottom:dotted blue thin;">
Error occurred at line 4117 in Function <code>handle_error</code>. Error message was: SQLSTATE[HY000]: General error: 1 no such table: wp_wpl_cookie_scripts.
</div>
<p>Backtrace:</p>
<pre>#0 /internal/shared/sqlite-database-integration/wp-includes/sqlite/class-wp-sqlite-db.php(287): WP_SQLite_Translator->get_error_message()
#1 /wordpress/wp-includes/class-wpdb.php(3065): WP_SQLite_DB->query('SELECT COUNT(id...')
#2 /wordpress/wp-content/plugins/gdpr-cookie-consent/public/modules/script-blocker/class-wpl-cookie-consent-script-blocker.php(99): wpdb->get_row('SELECT COUNT(id...', 'ARRAY_A')
#3 /wordpress/wp-content/plugins/gdpr-cookie-consent/public/modules/script-blocker/class-wpl-cookie-consent-script-blocker.php(68): Gdpr_Cookie_Consent_Script_Blocker->wpl_install_tables()
#4 /wordpress/wp-includes/class-wp-hook.php(324): Gdpr_Cookie_Consent_Script_Blocker->wpl_activator(false)
#5 /wordpress/wp-includes/class-wp-hook.php(348): WP_Hook->apply_filters(NULL, Array)
#6 /wordpress/wp-includes/plugin.php(517): WP_Hook->do_action(Array)
#7 /wordpress/wp-admin/includes/plugin.php(703): do_action('activate_gdpr-c...', false)
#8 /internal/eval.php(20): activate_plugin('gdpr-cookie-con...')
#9 {main}</pre>
 for query SELECT COUNT(id) AS ttnum FROM wp_wpl_cookie_scripts made by activate_plugin, do_action('activate_gdpr-cookie-consent/gdpr-cookie-consent.php'), WP_Hook->do_action, WP_Hook->apply_filters, Gdpr_Cookie_Consent_Script_Blocker->wpl_activator, Gdpr_Cookie_Consent_Script_Blocker->wpl_install_tables, WP_SQLite_DB->query, WP_SQLite_DB->print_error
[26-Apr-2025 03:45:11 UTC] PHP Warning:  Trying to access array offset on value of type null in /wordpress/wp-content/plugins/gdpr-cookie-consent/public/modules/script-blocker/class-wpl-cookie-consent-script-blocker.php on line 100
[26-Apr-2025 03:45:12 UTC] WordPress database error <div style="clear:both">&nbsp;</div>
<div class="queries" style="clear:both;margin-bottom:2px;border:red dotted thin;">
<p>MySQL query:</p>
<p>ALTER TABLE `wp_wpl_cookie_scan_cookies` ADD CONSTRAINT FOREIGN KEY (`category_id`) REFERENCES `wp_gdpr_cookie_scan_categories` (`id_gdpr_cookie_category`)</p>
<p>Queries made or created this session were:</p>
<ol>
<li>Executing: BEGIN | (no parameters)</li>
<li>Executing: ROLLBACK | (no parameters)</li>
</ol>
</div>
<div style="clear:both;margin-bottom:2px;border:red dotted thin;" class="error_message" style="border-bottom:dotted blue thin;">
Error occurred at line 4117 in Function <code>handle_error</code>. Error message was: Data type expected in MySQL query, unknown token received: FOREIGN KEY.
</div>
<p>Backtrace:</p>
<pre>#0 /internal/shared/sqlite-database-integration/wp-includes/sqlite/class-wp-sqlite-db.php(287): WP_SQLite_Translator->get_error_message()
#1 /wordpress/wp-content/plugins/gdpr-cookie-consent/admin/modules/cookie-scanner/class-wpl-cookie-consent-cookie-scanner.php(734): WP_SQLite_DB->query('ALTER TABLE `wp...')
#2 /wordpress/wp-content/plugins/gdpr-cookie-consent/admin/modules/cookie-scanner/class-wpl-cookie-consent-cookie-scanner.php(687): Gdpr_Cookie_Consent_Cookie_Scanner->wpl_update_tables()
#3 /wordpress/wp-content/plugins/gdpr-cookie-consent/admin/modules/cookie-scanner/class-wpl-cookie-consent-cookie-scanner.php(607): Gdpr_Cookie_Consent_Cookie_Scanner->wpl_install_tables()
#4 /wordpress/wp-includes/class-wp-hook.php(324): Gdpr_Cookie_Consent_Cookie_Scanner->wpl_activator(false)
#5 /wordpress/wp-includes/class-wp-hook.php(348): WP_Hook->apply_filters(NULL, Array)
#6 /wordpress/wp-includes/plugin.php(517): WP_Hook->do_action(Array)
#7 /wordpress/wp-admin/includes/plugin.php(703): do_action('activate_gdpr-c...', false)
#8 /internal/eval.php(20): activate_plugin('gdpr-cookie-con...')
#9 {main}</pre>
 for query ALTER TABLE `wp_wpl_cookie_scan_cookies` ADD CONSTRAINT FOREIGN KEY (`category_id`) REFERENCES `wp_gdpr_cookie_scan_categories` (`id_gdpr_cookie_category`) made by activate_plugin, do_action('activate_gdpr-cookie-consent/gdpr-cookie-consent.php'), WP_Hook->do_action, WP_Hook->apply_filters, Gdpr_Cookie_Consent_Cookie_Scanner->wpl_activator, Gdpr_Cookie_Consent_Cookie_Scanner->wpl_install_tables, Gdpr_Cookie_Consent_Cookie_Scanner->wpl_update_tables, WP_SQLite_DB->query, WP_SQLite_DB->print_error
[26-Apr-2025 03:45:14 UTC] PHP Notice:  Function _load_textdomain_just_in_time was called <strong>incorrectly</strong>. Translation loading for the <code>gdpr-cookie-consent</code> domain was triggered too early. This is usually an indicator for some code in the plugin or theme running too early. Translations should be loaded at the <code>init</code> action or later. Please see <a href="https://developer.wordpress.org/advanced-administration/debug/debug-wordpress/">Debugging in WordPress</a> for more information. (This message was added in version 6.7.0.) in /wordpress/wp-includes/functions.php on line 6121
[26-Apr-2025 03:45:27 UTC] WordPress database error <div style="clear:both">&nbsp;</div>
<div class="queries" style="clear:both;margin-bottom:2px;border:red dotted thin;">
<p>MySQL query:</p>
<p>CREATE TABLE `wp_wpl_cookie_scripts`(
			    `id` INT NOT NULL AUTO_INCREMENT,
                `script_title` TEXT NOT NULL,
                `script_category` INT NOT NULL,
                `script_status` BOOL NOT NULL,
                `script_description` LONGTEXT NOT NULL,
                `script_key` VARCHAR(100) NOT NULL,
                PRIMARY KEY(`id`)
			)</p>
<p>Queries made or created this session were:</p>
<ol>
<li>Executing: BEGIN | (no parameters)</li>
<li>Executing: ROLLBACK | (no parameters)</li>
</ol>
</div>
<div style="clear:both;margin-bottom:2px;border:red dotted thin;" class="error_message" style="border-bottom:dotted blue thin;">
Error occurred at line 4117 in Function <code>handle_error</code>. Error message was: Unexpected token in MySQL query: script_status.
</div>
<p>Backtrace:</p>
<pre>#0 /internal/shared/sqlite-database-integration/wp-includes/sqlite/class-wp-sqlite-db.php(287): WP_SQLite_Translator->get_error_message()
#1 /wordpress/wp-admin/includes/upgrade.php(3280): WP_SQLite_DB->query('CREATE TABLE `w...')
#2 /wordpress/wp-content/plugins/gdpr-cookie-consent/public/modules/script-blocker/class-wpl-cookie-consent-script-blocker.php(97): dbDelta(Array)
#3 /wordpress/wp-content/plugins/gdpr-cookie-consent/public/modules/script-blocker/class-wpl-cookie-consent-script-blocker.php(68): Gdpr_Cookie_Consent_Script_Blocker->wpl_install_tables()
#4 /wordpress/wp-includes/class-wp-hook.php(324): Gdpr_Cookie_Consent_Script_Blocker->wpl_activator(false)
#5 /wordpress/wp-includes/class-wp-hook.php(348): WP_Hook->apply_filters(NULL, Array)
#6 /wordpress/wp-includes/plugin.php(517): WP_Hook->do_action(Array)
#7 /wordpress/wp-admin/includes/plugin.php(703): do_action('activate_gdpr-c...', false)
#8 /internal/eval.php(20): activate_plugin('gdpr-cookie-con...')
#9 {main}</pre>
 for query CREATE TABLE `wp_wpl_cookie_scripts`(
			    `id` INT NOT NULL AUTO_INCREMENT,
                `script_title` TEXT NOT NULL,
                `script_category` INT NOT NULL,
                `script_status` BOOL NOT NULL,
                `script_description` LONGTEXT NOT NULL,
                `script_key` VARCHAR(100) NOT NULL,
                PRIMARY KEY(`id`)
			) made by activate_plugin, do_action('activate_gdpr-cookie-consent/gdpr-cookie-consent.php'), WP_Hook->do_action, WP_Hook->apply_filters, Gdpr_Cookie_Consent_Script_Blocker->wpl_activator, Gdpr_Cookie_Consent_Script_Blocker->wpl_install_tables, dbDelta, WP_SQLite_DB->query, WP_SQLite_DB->print_error
[26-Apr-2025 03:45:27 UTC] WordPress database error <div style="clear:both">&nbsp;</div>
<div class="queries" style="clear:both;margin-bottom:2px;border:red dotted thin;">
<p>MySQL query:</p>
<p>SELECT COUNT(id) AS ttnum FROM wp_wpl_cookie_scripts</p>
<p>Queries made or created this session were:</p>
<ol>
<li>Executing: BEGIN | (no parameters)</li>
<li>Executing: SELECT COUNT(id) AS ttnum FROM wp_wpl_cookie_scripts | (no parameters)</li>
<li>Executing: ROLLBACK | (no parameters)</li>
</ol>
</div>
<div style="clear:both;margin-bottom:2px;border:red dotted thin;" class="error_message" style="border-bottom:dotted blue thin;">
Error occurred at line 4117 in Function <code>handle_error</code>. Error message was: SQLSTATE[HY000]: General error: 1 no such table: wp_wpl_cookie_scripts.
</div>
<p>Backtrace:</p>
<pre>#0 /internal/shared/sqlite-database-integration/wp-includes/sqlite/class-wp-sqlite-db.php(287): WP_SQLite_Translator->get_error_message()
#1 /wordpress/wp-includes/class-wpdb.php(3065): WP_SQLite_DB->query('SELECT COUNT(id...')
#2 /wordpress/wp-content/plugins/gdpr-cookie-consent/public/modules/script-blocker/class-wpl-cookie-consent-script-blocker.php(99): wpdb->get_row('SELECT COUNT(id...', 'ARRAY_A')
#3 /wordpress/wp-content/plugins/gdpr-cookie-consent/public/modules/script-blocker/class-wpl-cookie-consent-script-blocker.php(68): Gdpr_Cookie_Consent_Script_Blocker->wpl_install_tables()
#4 /wordpress/wp-includes/class-wp-hook.php(324): Gdpr_Cookie_Consent_Script_Blocker->wpl_activator(false)
#5 /wordpress/wp-includes/class-wp-hook.php(348): WP_Hook->apply_filters(NULL, Array)
#6 /wordpress/wp-includes/plugin.php(517): WP_Hook->do_action(Array)
#7 /wordpress/wp-admin/includes/plugin.php(703): do_action('activate_gdpr-c...', false)
#8 /internal/eval.php(20): activate_plugin('gdpr-cookie-con...')
#9 {main}</pre>
 for query SELECT COUNT(id) AS ttnum FROM wp_wpl_cookie_scripts made by activate_plugin, do_action('activate_gdpr-cookie-consent/gdpr-cookie-consent.php'), WP_Hook->do_action, WP_Hook->apply_filters, Gdpr_Cookie_Consent_Script_Blocker->wpl_activator, Gdpr_Cookie_Consent_Script_Blocker->wpl_install_tables, WP_SQLite_DB->query, WP_SQLite_DB->print_error
[26-Apr-2025 03:45:27 UTC] PHP Warning:  Trying to access array offset on value of type null in /wordpress/wp-content/plugins/gdpr-cookie-consent/public/modules/script-blocker/class-wpl-cookie-consent-script-blocker.php on line 100
[26-Apr-2025 03:45:28 UTC] WordPress database error <div style="clear:both">&nbsp;</div>
<div class="queries" style="clear:both;margin-bottom:2px;border:red dotted thin;">
<p>MySQL query:</p>
<p>ALTER TABLE `wp_wpl_cookie_scan_cookies` ADD CONSTRAINT FOREIGN KEY (`category_id`) REFERENCES `wp_gdpr_cookie_scan_categories` (`id_gdpr_cookie_category`)</p>
<p>Queries made or created this session were:</p>
<ol>
<li>Executing: BEGIN | (no parameters)</li>
<li>Executing: ROLLBACK | (no parameters)</li>
</ol>
</div>
<div style="clear:both;margin-bottom:2px;border:red dotted thin;" class="error_message" style="border-bottom:dotted blue thin;">
Error occurred at line 4117 in Function <code>handle_error</code>. Error message was: Data type expected in MySQL query, unknown token received: FOREIGN KEY.
</div>
<p>Backtrace:</p>
<pre>#0 /internal/shared/sqlite-database-integration/wp-includes/sqlite/class-wp-sqlite-db.php(287): WP_SQLite_Translator->get_error_message()
#1 /wordpress/wp-content/plugins/gdpr-cookie-consent/admin/modules/cookie-scanner/class-wpl-cookie-consent-cookie-scanner.php(734): WP_SQLite_DB->query('ALTER TABLE `wp...')
#2 /wordpress/wp-content/plugins/gdpr-cookie-consent/admin/modules/cookie-scanner/class-wpl-cookie-consent-cookie-scanner.php(687): Gdpr_Cookie_Consent_Cookie_Scanner->wpl_update_tables()
#3 /wordpress/wp-content/plugins/gdpr-cookie-consent/admin/modules/cookie-scanner/class-wpl-cookie-consent-cookie-scanner.php(607): Gdpr_Cookie_Consent_Cookie_Scanner->wpl_install_tables()
#4 /wordpress/wp-includes/class-wp-hook.php(324): Gdpr_Cookie_Consent_Cookie_Scanner->wpl_activator(false)
#5 /wordpress/wp-includes/class-wp-hook.php(348): WP_Hook->apply_filters(NULL, Array)
#6 /wordpress/wp-includes/plugin.php(517): WP_Hook->do_action(Array)
#7 /wordpress/wp-admin/includes/plugin.php(703): do_action('activate_gdpr-c...', false)
#8 /internal/eval.php(20): activate_plugin('gdpr-cookie-con...')
#9 {main}</pre>
 for query ALTER TABLE `wp_wpl_cookie_scan_cookies` ADD CONSTRAINT FOREIGN KEY (`category_id`) REFERENCES `wp_gdpr_cookie_scan_categories` (`id_gdpr_cookie_category`) made by activate_plugin, do_action('activate_gdpr-cookie-consent/gdpr-cookie-consent.php'), WP_Hook->do_action, WP_Hook->apply_filters, Gdpr_Cookie_Consent_Cookie_Scanner->wpl_activator, Gdpr_Cookie_Consent_Cookie_Scanner->wpl_install_tables, Gdpr_Cookie_Consent_Cookie_Scanner->wpl_update_tables, WP_SQLite_DB->query, WP_SQLite_DB->print_error
[26-Apr-2025 03:45:29 UTC] PHP Notice:  Function _load_textdomain_just_in_time was called <strong>incorrectly</strong>. Translation loading for the <code>gdpr-cookie-consent</code> domain was triggered too early. This is usually an indicator for some code in the plugin or theme running too early. Translations should be loaded at the <code>init</code> action or later. Please see <a href="https://developer.wordpress.org/advanced-administration/debug/debug-wordpress/">Debugging in WordPress</a> for more information. (This message was added in version 6.7.0.) in /wordpress/wp-includes/functions.php on line 6121
[26-Apr-2025 03:48:47 UTC] PHP Fatal error:  Uncaught Error: Undefined constant "all_search" in /wordpress/wp-content/plugins/google-search-from-dashboard/web-search.php:70
Stack trace:
#0 /wordpress/wp-admin/includes/plugin.php(2387): include_once()
#1 /wordpress/wp-admin/includes/plugin.php(673): plugin_sandbox_scrape('google-search-f...')
#2 /internal/eval.php(20): activate_plugin('google-search-f...')
#3 {main}
  thrown in /wordpress/wp-content/plugins/google-search-from-dashboard/web-search.php on line 70
[26-Apr-2025 03:48:55 UTC] PHP Fatal error:  Uncaught Error: Undefined constant "all_search" in /wordpress/wp-content/plugins/google-search-from-dashboard/web-search.php:70
Stack trace:
#0 /wordpress/wp-admin/includes/plugin.php(2387): include_once()
#1 /wordpress/wp-admin/includes/plugin.php(673): plugin_sandbox_scrape('google-search-f...')
#2 /internal/eval.php(20): activate_plugin('google-search-f...')
#3 {main}
  thrown in /wordpress/wp-content/plugins/google-search-from-dashboard/web-search.php on line 70
[26-Apr-2025 03:49:03 UTC] PHP Fatal error:  Uncaught Error: Undefined constant "all_search" in /wordpress/wp-content/plugins/google-search-from-dashboard/web-search.php:70
Stack trace:
#0 /wordpress/wp-admin/includes/plugin.php(2387): include_once()
#1 /wordpress/wp-admin/includes/plugin.php(673): plugin_sandbox_scrape('google-search-f...')
#2 /internal/eval.php(20): activate_plugin('google-search-f...')
#3 {main}
  thrown in /wordpress/wp-content/plugins/google-search-from-dashboard/web-search.php on line 70
[26-Apr-2025 03:49:11 UTC] PHP Deprecated:  Required parameter $nonce follows optional parameter $formdata in /wordpress/wp-content/plugins/google-webfont-optimizer/scb/Forms.php on line 61
[26-Apr-2025 03:49:11 UTC] PHP Deprecated:  Required parameter $args follows optional parameter $file in /wordpress/wp-content/plugins/google-webfont-optimizer/scb/Cron.php on line 23
[26-Apr-2025 03:49:12 UTC] PHP Deprecated:  Required parameter $nonce follows optional parameter $formdata in /wordpress/wp-content/plugins/google-webfont-optimizer/scb/Forms.php on line 61
[26-Apr-2025 03:49:12 UTC] PHP Deprecated:  Required parameter $args follows optional parameter $file in /wordpress/wp-content/plugins/google-webfont-optimizer/scb/Cron.php on line 23
[26-Apr-2025 03:49:20 UTC] PHP Deprecated:  Required parameter $nonce follows optional parameter $formdata in /wordpress/wp-content/plugins/google-webfont-optimizer/scb/Forms.php on line 61
[26-Apr-2025 03:49:20 UTC] PHP Deprecated:  Required parameter $args follows optional parameter $file in /wordpress/wp-content/plugins/google-webfont-optimizer/scb/Cron.php on line 23
[26-Apr-2025 03:49:21 UTC] PHP Deprecated:  Required parameter $nonce follows optional parameter $formdata in /wordpress/wp-content/plugins/google-webfont-optimizer/scb/Forms.php on line 61
[26-Apr-2025 03:49:21 UTC] PHP Deprecated:  Required parameter $args follows optional parameter $file in /wordpress/wp-content/plugins/google-webfont-optimizer/scb/Cron.php on line 23
[26-Apr-2025 03:49:29 UTC] PHP Deprecated:  Required parameter $nonce follows optional parameter $formdata in /wordpress/wp-content/plugins/google-webfont-optimizer/scb/Forms.php on line 61
[26-Apr-2025 03:49:29 UTC] PHP Deprecated:  Required parameter $args follows optional parameter $file in /wordpress/wp-content/plugins/google-webfont-optimizer/scb/Cron.php on line 23
[26-Apr-2025 03:49:29 UTC] PHP Deprecated:  Required parameter $nonce follows optional parameter $formdata in /wordpress/wp-content/plugins/google-webfont-optimizer/scb/Forms.php on line 61
[26-Apr-2025 03:49:29 UTC] PHP Deprecated:  Required parameter $args follows optional parameter $file in /wordpress/wp-content/plugins/google-webfont-optimizer/scb/Cron.php on line 23

    at Object.onBind (file:///home/runner/work/playground-tester/playground-tester/node_modules/@wp-playground/cli/index.js:237:15)
    at process.processTicksAndRejections (node:internal/process/task_queues:105:5)
    at async V (file:///home/runner/work/playground-tester/playground-tester/node_modules/@wp-playground/cli/index.js:64:10)
    at async ja (file:///home/runner/work/playground-tester/playground-tester/node_modules/@wp-playground/cli/cli.js:8161:12) {
  [cause]: Error: Error when executing the blueprint step #5 ({"step":"installPlugin","pluginData":{"resource":"wordpress.org/plugins","slug":"gosearch"},"options":{"activate":true}}) : Plugin /wordpress/wp-content/plugins/gosearch could not be activated – WordPress exited with no error. Sometimes, when $_SERVER or site options are not configured correctly, WordPress exits early with a 301 redirect. Inspect the "debug" logs in the console for more details.
      at Object.run (file:///home/runner/work/playground-tester/playground-tester/node_modules/@wp-playground/blueprints/index.js:12449:19)
      at process.processTicksAndRejections (node:internal/process/task_queues:105:5)
      at async ms (file:///home/runner/work/playground-tester/playground-tester/node_modules/@wp-playground/blueprints/index.js:12552:3)
      ... 2 lines matching cause stack trace ...
      at async ja (file:///home/runner/work/playground-tester/playground-tester/node_modules/@wp-playground/cli/cli.js:8161:12) {
    [cause]: Error: Plugin /wordpress/wp-content/plugins/gosearch could not be activated – WordPress exited with no error. Sometimes, when $_SERVER or site options are not configured correctly, WordPress exits early with a 301 redirect. Inspect the "debug" logs in the console for more details.
        at wr (file:///home/runner/work/playground-tester/playground-tester/node_modules/@wp-playground/blueprints/index.js:119:51)
        at process.processTicksAndRejections (node:internal/process/task_queues:105:5)
        at async Object.gt [as installPlugin] (file:///home/runner/work/playground-tester/playground-tester/node_modules/@wp-playground/blueprints/index.js:974:42)
        at async g (file:///home/runner/work/playground-tester/playground-tester/node_modules/@wp-playground/blueprints/index.js:12517:30)
        at async Object.run (file:///home/runner/work/playground-tester/playground-tester/node_modules/@wp-playground/blueprints/index.js:12446:23)
        at async ms (file:///home/runner/work/playground-tester/playground-tester/node_modules/@wp-playground/blueprints/index.js:12552:3)
        at async Object.onBind (file:///home/runner/work/playground-tester/playground-tester/node_modules/@wp-playground/cli/index.js:227:48)
        at async V (file:///home/runner/work/playground-tester/playground-tester/node_modules/@wp-playground/cli/index.js:64:10)
        at async ja (file:///home/runner/work/playground-tester/playground-tester/node_modules/@wp-playground/cli/cli.js:8161:12)
  }
}

Node.js v23.11.0
