file:///home/runner/work/playground-tester/playground-tester/node_modules/@wp-playground/cli/run-cli-j-geJYS3.js:325
        throw new Error($, { cause: h });
              ^

Error: [05-Jul-2025 04:55:11 UTC] PHP Deprecated:  Function get_plugin_data was called with an argument that is <strong>deprecated</strong> since version 3.0.0! The <code>Site Wide Only: true</code> plugin header is deprecated. Use <code>Network: true</code> instead. in /wordpress/wp-includes/functions.php on line 6121
[05-Jul-2025 04:55:12 UTC] PHP Deprecated:  Function get_plugin_data was called with an argument that is <strong>deprecated</strong> since version 3.0.0! The <code>Site Wide Only: true</code> plugin header is deprecated. Use <code>Network: true</code> instead. in /wordpress/wp-includes/functions.php on line 6121
[05-Jul-2025 04:55:21 UTC] PHP Deprecated:  Function get_plugin_data was called with an argument that is <strong>deprecated</strong> since version 3.0.0! The <code>Site Wide Only: true</code> plugin header is deprecated. Use <code>Network: true</code> instead. in /wordpress/wp-includes/functions.php on line 6121
[05-Jul-2025 04:55:22 UTC] PHP Deprecated:  Function get_plugin_data was called with an argument that is <strong>deprecated</strong> since version 3.0.0! The <code>Site Wide Only: true</code> plugin header is deprecated. Use <code>Network: true</code> instead. in /wordpress/wp-includes/functions.php on line 6121
[05-Jul-2025 04:55:31 UTC] PHP Deprecated:  Function get_plugin_data was called with an argument that is <strong>deprecated</strong> since version 3.0.0! The <code>Site Wide Only: true</code> plugin header is deprecated. Use <code>Network: true</code> instead. in /wordpress/wp-includes/functions.php on line 6121
[05-Jul-2025 04:55:32 UTC] PHP Deprecated:  Function get_plugin_data was called with an argument that is <strong>deprecated</strong> since version 3.0.0! The <code>Site Wide Only: true</code> plugin header is deprecated. Use <code>Network: true</code> instead. in /wordpress/wp-includes/functions.php on line 6121
[05-Jul-2025 04:55:41 UTC] PHP Deprecated:  Function get_plugin_data was called with an argument that is <strong>deprecated</strong> since version 3.0.0! The <code>Site Wide Only: true</code> plugin header is deprecated. Use <code>Network: true</code> instead. in /wordpress/wp-includes/functions.php on line 6121
[05-Jul-2025 04:55:50 UTC] PHP Deprecated:  Function get_plugin_data was called with an argument that is <strong>deprecated</strong> since version 3.0.0! The <code>Site Wide Only: true</code> plugin header is deprecated. Use <code>Network: true</code> instead. in /wordpress/wp-includes/functions.php on line 6121
[05-Jul-2025 04:55:58 UTC] PHP Deprecated:  Function get_plugin_data was called with an argument that is <strong>deprecated</strong> since version 3.0.0! The <code>Site Wide Only: true</code> plugin header is deprecated. Use <code>Network: true</code> instead. in /wordpress/wp-includes/functions.php on line 6121
[05-Jul-2025 04:56:08 UTC] PHP Deprecated:  Function get_plugin_data was called with an argument that is <strong>deprecated</strong> since version 3.0.0! The <code>Site Wide Only: true</code> plugin header is deprecated. Use <code>Network: true</code> instead. in /wordpress/wp-includes/functions.php on line 6121
[05-Jul-2025 04:56:17 UTC] PHP Deprecated:  Function get_plugin_data was called with an argument that is <strong>deprecated</strong> since version 3.0.0! The <code>Site Wide Only: true</code> plugin header is deprecated. Use <code>Network: true</code> instead. in /wordpress/wp-includes/functions.php on line 6121
[05-Jul-2025 04:56:27 UTC] PHP Deprecated:  Function get_plugin_data was called with an argument that is <strong>deprecated</strong> since version 3.0.0! The <code>Site Wide Only: true</code> plugin header is deprecated. Use <code>Network: true</code> instead. in /wordpress/wp-includes/functions.php on line 6121
[05-Jul-2025 04:56:58 UTC] PHP Deprecated:  Function get_plugin_data was called with an argument that is <strong>deprecated</strong> since version 3.0.0! The <code>Site Wide Only: true</code> plugin header is deprecated. Use <code>Network: true</code> instead. in /wordpress/wp-includes/functions.php on line 6121
[05-Jul-2025 04:56:58 UTC] PHP Notice:  Function register_uninstall_hook was called <strong>incorrectly</strong>. Only a static class method or function can be used in an uninstall hook. Please see <a href="https://developer.wordpress.org/advanced-administration/debug/debug-wordpress/">Debugging in WordPress</a> for more information. (This message was added in version 3.1.0.) in /wordpress/wp-includes/functions.php on line 6121
[05-Jul-2025 04:56:59 UTC] PHP Notice:  Function register_uninstall_hook was called <strong>incorrectly</strong>. Only a static class method or function can be used in an uninstall hook. Please see <a href="https://developer.wordpress.org/advanced-administration/debug/debug-wordpress/">Debugging in WordPress</a> for more information. (This message was added in version 3.1.0.) in /wordpress/wp-includes/functions.php on line 6121
[05-Jul-2025 04:57:07 UTC] PHP Deprecated:  Function get_plugin_data was called with an argument that is <strong>deprecated</strong> since version 3.0.0! The <code>Site Wide Only: true</code> plugin header is deprecated. Use <code>Network: true</code> instead. in /wordpress/wp-includes/functions.php on line 6121
[05-Jul-2025 04:57:07 UTC] PHP Notice:  Function register_uninstall_hook was called <strong>incorrectly</strong>. Only a static class method or function can be used in an uninstall hook. Please see <a href="https://developer.wordpress.org/advanced-administration/debug/debug-wordpress/">Debugging in WordPress</a> for more information. (This message was added in version 3.1.0.) in /wordpress/wp-includes/functions.php on line 6121
[05-Jul-2025 04:57:08 UTC] PHP Notice:  Function register_uninstall_hook was called <strong>incorrectly</strong>. Only a static class method or function can be used in an uninstall hook. Please see <a href="https://developer.wordpress.org/advanced-administration/debug/debug-wordpress/">Debugging in WordPress</a> for more information. (This message was added in version 3.1.0.) in /wordpress/wp-includes/functions.php on line 6121
[05-Jul-2025 04:57:16 UTC] PHP Deprecated:  Function get_plugin_data was called with an argument that is <strong>deprecated</strong> since version 3.0.0! The <code>Site Wide Only: true</code> plugin header is deprecated. Use <code>Network: true</code> instead. in /wordpress/wp-includes/functions.php on line 6121
[05-Jul-2025 04:57:16 UTC] PHP Notice:  Function register_uninstall_hook was called <strong>incorrectly</strong>. Only a static class method or function can be used in an uninstall hook. Please see <a href="https://developer.wordpress.org/advanced-administration/debug/debug-wordpress/">Debugging in WordPress</a> for more information. (This message was added in version 3.1.0.) in /wordpress/wp-includes/functions.php on line 6121
[05-Jul-2025 04:57:17 UTC] PHP Notice:  Function register_uninstall_hook was called <strong>incorrectly</strong>. Only a static class method or function can be used in an uninstall hook. Please see <a href="https://developer.wordpress.org/advanced-administration/debug/debug-wordpress/">Debugging in WordPress</a> for more information. (This message was added in version 3.1.0.) in /wordpress/wp-includes/functions.php on line 6121
[05-Jul-2025 04:57:26 UTC] PHP Deprecated:  Function get_plugin_data was called with an argument that is <strong>deprecated</strong> since version 3.0.0! The <code>Site Wide Only: true</code> plugin header is deprecated. Use <code>Network: true</code> instead. in /wordpress/wp-includes/functions.php on line 6121
[05-Jul-2025 04:57:36 UTC] PHP Deprecated:  Function get_plugin_data was called with an argument that is <strong>deprecated</strong> since version 3.0.0! The <code>Site Wide Only: true</code> plugin header is deprecated. Use <code>Network: true</code> instead. in /wordpress/wp-includes/functions.php on line 6121
[05-Jul-2025 04:57:46 UTC] PHP Deprecated:  Function get_plugin_data was called with an argument that is <strong>deprecated</strong> since version 3.0.0! The <code>Site Wide Only: true</code> plugin header is deprecated. Use <code>Network: true</code> instead. in /wordpress/wp-includes/functions.php on line 6121
[05-Jul-2025 04:58:16 UTC] PHP Deprecated:  Function get_plugin_data was called with an argument that is <strong>deprecated</strong> since version 3.0.0! The <code>Site Wide Only: true</code> plugin header is deprecated. Use <code>Network: true</code> instead. in /wordpress/wp-includes/functions.php on line 6121
[05-Jul-2025 04:58:26 UTC] PHP Deprecated:  Function get_plugin_data was called with an argument that is <strong>deprecated</strong> since version 3.0.0! The <code>Site Wide Only: true</code> plugin header is deprecated. Use <code>Network: true</code> instead. in /wordpress/wp-includes/functions.php on line 6121
[05-Jul-2025 04:58:35 UTC] PHP Deprecated:  Function get_plugin_data was called with an argument that is <strong>deprecated</strong> since version 3.0.0! The <code>Site Wide Only: true</code> plugin header is deprecated. Use <code>Network: true</code> instead. in /wordpress/wp-includes/functions.php on line 6121
[05-Jul-2025 04:58:45 UTC] PHP Deprecated:  Function get_plugin_data was called with an argument that is <strong>deprecated</strong> since version 3.0.0! The <code>Site Wide Only: true</code> plugin header is deprecated. Use <code>Network: true</code> instead. in /wordpress/wp-includes/functions.php on line 6121
[05-Jul-2025 04:58:45 UTC] PHP Fatal error:  Uncaught Error: Call to undefined function create_function() in /wordpress/wp-content/plugins/baw-login-logout-menu/bawllm.php:13
Stack trace:
#0 /wordpress/wp-admin/includes/plugin.php(2387): include_once()
#1 /wordpress/wp-admin/includes/plugin.php(673): plugin_sandbox_scrape('baw-login-logou...')
#2 /internal/eval.php(20): activate_plugin('baw-login-logou...')
#3 {main}
  thrown in /wordpress/wp-content/plugins/baw-login-logout-menu/bawllm.php on line 13
[05-Jul-2025 04:58:53 UTC] PHP Deprecated:  Function get_plugin_data was called with an argument that is <strong>deprecated</strong> since version 3.0.0! The <code>Site Wide Only: true</code> plugin header is deprecated. Use <code>Network: true</code> instead. in /wordpress/wp-includes/functions.php on line 6121
[05-Jul-2025 04:58:53 UTC] PHP Fatal error:  Uncaught Error: Call to undefined function create_function() in /wordpress/wp-content/plugins/baw-login-logout-menu/bawllm.php:13
Stack trace:
#0 /wordpress/wp-admin/includes/plugin.php(2387): include_once()
#1 /wordpress/wp-admin/includes/plugin.php(673): plugin_sandbox_scrape('baw-login-logou...')
#2 /internal/eval.php(20): activate_plugin('baw-login-logou...')
#3 {main}
  thrown in /wordpress/wp-content/plugins/baw-login-logout-menu/bawllm.php on line 13
[05-Jul-2025 04:59:02 UTC] PHP Deprecated:  Function get_plugin_data was called with an argument that is <strong>deprecated</strong> since version 3.0.0! The <code>Site Wide Only: true</code> plugin header is deprecated. Use <code>Network: true</code> instead. in /wordpress/wp-includes/functions.php on line 6121
[05-Jul-2025 04:59:02 UTC] PHP Fatal error:  Uncaught Error: Call to undefined function create_function() in /wordpress/wp-content/plugins/baw-login-logout-menu/bawllm.php:13
Stack trace:
#0 /wordpress/wp-admin/includes/plugin.php(2387): include_once()
#1 /wordpress/wp-admin/includes/plugin.php(673): plugin_sandbox_scrape('baw-login-logou...')
#2 /internal/eval.php(20): activate_plugin('baw-login-logou...')
#3 {main}
  thrown in /wordpress/wp-content/plugins/baw-login-logout-menu/bawllm.php on line 13
[05-Jul-2025 04:59:11 UTC] PHP Deprecated:  Function get_plugin_data was called with an argument that is <strong>deprecated</strong> since version 3.0.0! The <code>Site Wide Only: true</code> plugin header is deprecated. Use <code>Network: true</code> instead. in /wordpress/wp-includes/functions.php on line 6121
[05-Jul-2025 04:59:11 UTC] WordPress database error <div style="clear:both">&nbsp;</div>
<div class="queries" style="clear:both;margin-bottom:2px;border:red dotted thin;">
<p>MySQL query:</p>
<p>SELECT * FROM wp_bbt_pinterest WHERE id = 1</p>
<p>Queries made or created this session were:</p>
<ol>
<li>Executing: BEGIN IMMEDIATE | (no parameters)</li>
<li>Executing: SELECT * FROM `wp_bbt_pinterest` WHERE `id` = 1 | (no parameters)</li>
<li>Executing: ROLLBACK | (no parameters)</li>
</ol>
</div>
<div style="clear:both;margin-bottom:2px;border:red dotted thin;" class="error_message" style="border-bottom:dotted blue thin;">
SQLSTATE[HY000]: General error: 1 no such table: wp_bbt_pinterest
</div>
<p>Backtrace:</p>
<pre>#0 /internal/shared/sqlite-database-integration/wp-includes/sqlite-ast/class-wp-sqlite-driver.php(683): WP_SQLite_Driver->new_driver_exception('SQLSTATE[HY000]...', 'HY000', Object(PDOException))
#1 /internal/shared/sqlite-database-integration/wp-includes/sqlite/class-wp-sqlite-db.php(491): WP_SQLite_Driver->query('SELECT * FROM w...')
#2 /internal/shared/sqlite-database-integration/wp-includes/sqlite/class-wp-sqlite-db.php(432): WP_SQLite_DB->_do_query('SELECT * FROM w...')
#3 /wordpress/wp-includes/class-wpdb.php(3065): WP_SQLite_DB->query('SELECT * FROM w...')
#4 /wordpress/wp-content/plugins/bbt-pinterest-optin/bbt-pinterest-optin.php(112): wpdb->get_row('SELECT * FROM w...')
#5 /wordpress/wp-admin/includes/plugin.php(2387): include_once('/wordpress/wp-c...')
#6 /wordpress/wp-admin/includes/plugin.php(673): plugin_sandbox_scrape('bbt-pinterest-o...')
#7 /internal/eval.php(20): activate_plugin('bbt-pinterest-o...')
#8 {main}</pre>
 for query SELECT * FROM wp_bbt_pinterest WHERE id = 1 made by activate_plugin, plugin_sandbox_scrape, include_once('/plugins/bbt-pinterest-optin/bbt-pinterest-optin.php'), WP_SQLite_DB->query, WP_SQLite_DB->print_error
[05-Jul-2025 04:59:11 UTC] PHP Warning:  Attempt to read property "account" on null in /wordpress/wp-content/plugins/bbt-pinterest-optin/bbt-pinterest-optin.php on line 113
[05-Jul-2025 04:59:11 UTC] PHP Warning:  Attempt to read property "account" on null in /wordpress/wp-content/plugins/bbt-pinterest-optin/bbt-pinterest-optin.php on line 43
[05-Jul-2025 04:59:11 UTC] PHP Notice:  Function wpdb::prepare was called <strong>incorrectly</strong>. The query argument of wpdb::prepare() must have a placeholder. Please see <a href="https://developer.wordpress.org/advanced-administration/debug/debug-wordpress/">Debugging in WordPress</a> for more information. (This message was added in version 3.9.0.) in /wordpress/wp-includes/functions.php on line 6121
[05-Jul-2025 04:59:12 UTC] PHP Warning:  Undefined variable $bbt_pinterest_db_version in /wordpress/wp-content/plugins/bbt-pinterest-optin/bbt-pinterest-optin.php on line 76
[05-Jul-2025 04:59:12 UTC] PHP Fatal error:  Uncaught Error: Call to undefined function bbt_install() in /wordpress/wp-content/plugins/bbt-pinterest-optin/bbt-pinterest-optin.php:77
Stack trace:
#0 /wordpress/wp-includes/class-wp-hook.php(324): bbt_pinterest_update_db_check('')
#1 /wordpress/wp-includes/class-wp-hook.php(348): WP_Hook->apply_filters(NULL, Array)
#2 /wordpress/wp-includes/plugin.php(517): WP_Hook->do_action(Array)
#3 /wordpress/wp-settings.php(578): do_action('plugins_loaded')
#4 /wordpress/wp-config.php(102): require_once('/wordpress/wp-s...')
#5 /wordpress/wp-load.php(50): require_once('/wordpress/wp-c...')
#6 /internal/eval.php(3): require_once('/wordpress/wp-l...')
#7 {main}
  thrown in /wordpress/wp-content/plugins/bbt-pinterest-optin/bbt-pinterest-optin.php on line 77
[05-Jul-2025 04:59:20 UTC] PHP Deprecated:  Function get_plugin_data was called with an argument that is <strong>deprecated</strong> since version 3.0.0! The <code>Site Wide Only: true</code> plugin header is deprecated. Use <code>Network: true</code> instead. in /wordpress/wp-includes/functions.php on line 6121
[05-Jul-2025 04:59:20 UTC] WordPress database error <div style="clear:both">&nbsp;</div>
<div class="queries" style="clear:both;margin-bottom:2px;border:red dotted thin;">
<p>MySQL query:</p>
<p>SELECT * FROM wp_bbt_pinterest WHERE id = 1</p>
<p>Queries made or created this session were:</p>
<ol>
<li>Executing: BEGIN IMMEDIATE | (no parameters)</li>
<li>Executing: SELECT * FROM `wp_bbt_pinterest` WHERE `id` = 1 | (no parameters)</li>
<li>Executing: ROLLBACK | (no parameters)</li>
</ol>
</div>
<div style="clear:both;margin-bottom:2px;border:red dotted thin;" class="error_message" style="border-bottom:dotted blue thin;">
SQLSTATE[HY000]: General error: 1 no such table: wp_bbt_pinterest
</div>
<p>Backtrace:</p>
<pre>#0 /internal/shared/sqlite-database-integration/wp-includes/sqlite-ast/class-wp-sqlite-driver.php(683): WP_SQLite_Driver->new_driver_exception('SQLSTATE[HY000]...', 'HY000', Object(PDOException))
#1 /internal/shared/sqlite-database-integration/wp-includes/sqlite/class-wp-sqlite-db.php(491): WP_SQLite_Driver->query('SELECT * FROM w...')
#2 /internal/shared/sqlite-database-integration/wp-includes/sqlite/class-wp-sqlite-db.php(432): WP_SQLite_DB->_do_query('SELECT * FROM w...')
#3 /wordpress/wp-includes/class-wpdb.php(3065): WP_SQLite_DB->query('SELECT * FROM w...')
#4 /wordpress/wp-content/plugins/bbt-pinterest-optin/bbt-pinterest-optin.php(112): wpdb->get_row('SELECT * FROM w...')
#5 /wordpress/wp-admin/includes/plugin.php(2387): include_once('/wordpress/wp-c...')
#6 /wordpress/wp-admin/includes/plugin.php(673): plugin_sandbox_scrape('bbt-pinterest-o...')
#7 /internal/eval.php(20): activate_plugin('bbt-pinterest-o...')
#8 {main}</pre>
 for query SELECT * FROM wp_bbt_pinterest WHERE id = 1 made by activate_plugin, plugin_sandbox_scrape, include_once('/plugins/bbt-pinterest-optin/bbt-pinterest-optin.php'), WP_SQLite_DB->query, WP_SQLite_DB->print_error
[05-Jul-2025 04:59:20 UTC] PHP Warning:  Attempt to read property "account" on null in /wordpress/wp-content/plugins/bbt-pinterest-optin/bbt-pinterest-optin.php on line 113
[05-Jul-2025 04:59:20 UTC] PHP Warning:  Attempt to read property "account" on null in /wordpress/wp-content/plugins/bbt-pinterest-optin/bbt-pinterest-optin.php on line 43
[05-Jul-2025 04:59:20 UTC] PHP Notice:  Function wpdb::prepare was called <strong>incorrectly</strong>. The query argument of wpdb::prepare() must have a placeholder. Please see <a href="https://developer.wordpress.org/advanced-administration/debug/debug-wordpress/">Debugging in WordPress</a> for more information. (This message was added in version 3.9.0.) in /wordpress/wp-includes/functions.php on line 6121
[05-Jul-2025 04:59:21 UTC] PHP Warning:  Undefined variable $bbt_pinterest_db_version in /wordpress/wp-content/plugins/bbt-pinterest-optin/bbt-pinterest-optin.php on line 76
[05-Jul-2025 04:59:21 UTC] PHP Fatal error:  Uncaught Error: Call to undefined function bbt_install() in /wordpress/wp-content/plugins/bbt-pinterest-optin/bbt-pinterest-optin.php:77
Stack trace:
#0 /wordpress/wp-includes/class-wp-hook.php(324): bbt_pinterest_update_db_check('')
#1 /wordpress/wp-includes/class-wp-hook.php(348): WP_Hook->apply_filters(NULL, Array)
#2 /wordpress/wp-includes/plugin.php(517): WP_Hook->do_action(Array)
#3 /wordpress/wp-settings.php(578): do_action('plugins_loaded')
#4 /wordpress/wp-config.php(102): require_once('/wordpress/wp-s...')
#5 /wordpress/wp-load.php(50): require_once('/wordpress/wp-c...')
#6 /internal/eval.php(3): require_once('/wordpress/wp-l...')
#7 {main}
  thrown in /wordpress/wp-content/plugins/bbt-pinterest-optin/bbt-pinterest-optin.php on line 77
[05-Jul-2025 04:59:30 UTC] PHP Deprecated:  Function get_plugin_data was called with an argument that is <strong>deprecated</strong> since version 3.0.0! The <code>Site Wide Only: true</code> plugin header is deprecated. Use <code>Network: true</code> instead. in /wordpress/wp-includes/functions.php on line 6121
[05-Jul-2025 04:59:30 UTC] WordPress database error <div style="clear:both">&nbsp;</div>
<div class="queries" style="clear:both;margin-bottom:2px;border:red dotted thin;">
<p>MySQL query:</p>
<p>SELECT * FROM wp_bbt_pinterest WHERE id = 1</p>
<p>Queries made or created this session were:</p>
<ol>
<li>Executing: BEGIN IMMEDIATE | (no parameters)</li>
<li>Executing: SELECT * FROM `wp_bbt_pinterest` WHERE `id` = 1 | (no parameters)</li>
<li>Executing: ROLLBACK | (no parameters)</li>
</ol>
</div>
<div style="clear:both;margin-bottom:2px;border:red dotted thin;" class="error_message" style="border-bottom:dotted blue thin;">
SQLSTATE[HY000]: General error: 1 no such table: wp_bbt_pinterest
</div>
<p>Backtrace:</p>
<pre>#0 /internal/shared/sqlite-database-integration/wp-includes/sqlite-ast/class-wp-sqlite-driver.php(683): WP_SQLite_Driver->new_driver_exception('SQLSTATE[HY000]...', 'HY000', Object(PDOException))
#1 /internal/shared/sqlite-database-integration/wp-includes/sqlite/class-wp-sqlite-db.php(491): WP_SQLite_Driver->query('SELECT * FROM w...')
#2 /internal/shared/sqlite-database-integration/wp-includes/sqlite/class-wp-sqlite-db.php(432): WP_SQLite_DB->_do_query('SELECT * FROM w...')
#3 /wordpress/wp-includes/class-wpdb.php(3065): WP_SQLite_DB->query('SELECT * FROM w...')
#4 /wordpress/wp-content/plugins/bbt-pinterest-optin/bbt-pinterest-optin.php(112): wpdb->get_row('SELECT * FROM w...')
#5 /wordpress/wp-admin/includes/plugin.php(2387): include_once('/wordpress/wp-c...')
#6 /wordpress/wp-admin/includes/plugin.php(673): plugin_sandbox_scrape('bbt-pinterest-o...')
#7 /internal/eval.php(20): activate_plugin('bbt-pinterest-o...')
#8 {main}</pre>
 for query SELECT * FROM wp_bbt_pinterest WHERE id = 1 made by activate_plugin, plugin_sandbox_scrape, include_once('/plugins/bbt-pinterest-optin/bbt-pinterest-optin.php'), WP_SQLite_DB->query, WP_SQLite_DB->print_error
[05-Jul-2025 04:59:30 UTC] PHP Warning:  Attempt to read property "account" on null in /wordpress/wp-content/plugins/bbt-pinterest-optin/bbt-pinterest-optin.php on line 113
[05-Jul-2025 04:59:30 UTC] PHP Warning:  Attempt to read property "account" on null in /wordpress/wp-content/plugins/bbt-pinterest-optin/bbt-pinterest-optin.php on line 43
[05-Jul-2025 04:59:30 UTC] PHP Notice:  Function wpdb::prepare was called <strong>incorrectly</strong>. The query argument of wpdb::prepare() must have a placeholder. Please see <a href="https://developer.wordpress.org/advanced-administration/debug/debug-wordpress/">Debugging in WordPress</a> for more information. (This message was added in version 3.9.0.) in /wordpress/wp-includes/functions.php on line 6121
[05-Jul-2025 04:59:31 UTC] PHP Warning:  Undefined variable $bbt_pinterest_db_version in /wordpress/wp-content/plugins/bbt-pinterest-optin/bbt-pinterest-optin.php on line 76
[05-Jul-2025 04:59:31 UTC] PHP Fatal error:  Uncaught Error: Call to undefined function bbt_install() in /wordpress/wp-content/plugins/bbt-pinterest-optin/bbt-pinterest-optin.php:77
Stack trace:
#0 /wordpress/wp-includes/class-wp-hook.php(324): bbt_pinterest_update_db_check('')
#1 /wordpress/wp-includes/class-wp-hook.php(348): WP_Hook->apply_filters(NULL, Array)
#2 /wordpress/wp-includes/plugin.php(517): WP_Hook->do_action(Array)
#3 /wordpress/wp-settings.php(578): do_action('plugins_loaded')
#4 /wordpress/wp-config.php(102): require_once('/wordpress/wp-s...')
#5 /wordpress/wp-load.php(50): require_once('/wordpress/wp-c...')
#6 /internal/eval.php(3): require_once('/wordpress/wp-l...')
#7 {main}
  thrown in /wordpress/wp-content/plugins/bbt-pinterest-optin/bbt-pinterest-optin.php on line 77

    at Object.onBind (file:///home/runner/work/playground-tester/playground-tester/node_modules/@wp-playground/cli/run-cli-j-geJYS3.js:325:15)
    at process.processTicksAndRejections (node:internal/process/task_queues:105:5)
    at async re (file:///home/runner/work/playground-tester/playground-tester/node_modules/@wp-playground/cli/run-cli-j-geJYS3.js:149:10) {
  [cause]: Error: Error when executing the blueprint step #5 ({"step":"installPlugin","pluginData":{"resource":"wordpress.org/plugins","slug":"beautiful-linkedinlabs-resume"},"options":{"activate":true}}) : Could not download "https://downloads.wordpress.org/plugin/beautiful-linkedinlabs-resume.latest-stable.zip".
  				Check if the URL is correct and the server is reachable.
  				If it is reachable, the server might be blocking the request.
  				Check the browser console and network tabs for more information.
  
  				## Does the console show the error "No 'Access-Control-Allow-Origin' header"?
  
  				This means the server that hosts your file does not allow requests from other sites
  				(cross-origin requests, or CORS).	You need to move the asset to a server that allows
  				cross-origin file downloads. Learn more about CORS at
  				https://developer.mozilla.org/en-US/docs/Web/HTTP/CORS.
  
  				If your file is on GitHub, load it from "raw.githubusercontent.com".
  				Here's how to do that:
  
  				1. Start with the original GitHub URL of the file. For example:
  				https://github.com/username/repository/blob/branch/filename.
  				2. Replace "github.com" with "raw.githubusercontent.com".
  				3. Remove the "/blob/" part of the URL.
  
  				The resulting URL should look like this:
  				https://raw.githubusercontent.com/username/repository/branch/filename
  
  				Error:
  				Error: Could not download "https://downloads.wordpress.org/plugin/beautiful-linkedinlabs-resume.latest-stable.zip"
      at Object.run (file:///home/runner/work/playground-tester/playground-tester/node_modules/@wp-playground/blueprints/index.js:12093:19)
      at process.processTicksAndRejections (node:internal/process/task_queues:105:5)
      at async ys (file:///home/runner/work/playground-tester/playground-tester/node_modules/@wp-playground/blueprints/index.js:12196:3)
      at async Object.onBind (file:///home/runner/work/playground-tester/playground-tester/node_modules/@wp-playground/cli/run-cli-j-geJYS3.js:315:48)
      at async re (file:///home/runner/work/playground-tester/playground-tester/node_modules/@wp-playground/cli/run-cli-j-geJYS3.js:149:10) {
    [cause]: Error: Could not download "https://downloads.wordpress.org/plugin/beautiful-linkedinlabs-resume.latest-stable.zip".
    				Check if the URL is correct and the server is reachable.
    				If it is reachable, the server might be blocking the request.
    				Check the browser console and network tabs for more information.
    
    				## Does the console show the error "No 'Access-Control-Allow-Origin' header"?
    
    				This means the server that hosts your file does not allow requests from other sites
    				(cross-origin requests, or CORS).	You need to move the asset to a server that allows
    				cross-origin file downloads. Learn more about CORS at
    				https://developer.mozilla.org/en-US/docs/Web/HTTP/CORS.
    
    				If your file is on GitHub, load it from "raw.githubusercontent.com".
    				Here's how to do that:
    
    				1. Start with the original GitHub URL of the file. For example:
    				https://github.com/username/repository/blob/branch/filename.
    				2. Replace "github.com" with "raw.githubusercontent.com".
    				3. Remove the "/blob/" part of the URL.
    
    				The resulting URL should look like this:
    				https://raw.githubusercontent.com/username/repository/branch/filename
    
    				Error:
    				Error: Could not download "https://downloads.wordpress.org/plugin/beautiful-linkedinlabs-resume.latest-stable.zip"
        at Ct.resolve (file:///home/runner/work/playground-tester/playground-tester/node_modules/@wp-playground/blueprints/index.js:1129:13)
        at process.processTicksAndRejections (node:internal/process/task_queues:105:5)
        at async _.run (file:///home/runner/work/playground-tester/playground-tester/node_modules/@php-wasm/util/index.js:45:14)
  }
}

Node.js v23.11.0
