file:///home/runner/work/playground-tester/playground-tester/node_modules/@wp-playground/cli/index.js:237
        throw new Error(y, { cause: u });
              ^

Error: [16-May-2025 04:54:07 UTC] PHP Fatal error:  Declaration of kkconverter::widget($args) must be compatible with WP_Widget::widget($args, $instance) in /wordpress/wp-content/plugins/cyr-to-arabic/inc/widgets.php on line 8
[16-May-2025 04:54:15 UTC] PHP Fatal error:  Declaration of kkconverter::widget($args) must be compatible with WP_Widget::widget($args, $instance) in /wordpress/wp-content/plugins/cyr-to-arabic/inc/widgets.php on line 8
[16-May-2025 04:54:22 UTC] PHP Fatal error:  Declaration of kkconverter::widget($args) must be compatible with WP_Widget::widget($args, $instance) in /wordpress/wp-content/plugins/cyr-to-arabic/inc/widgets.php on line 8
[16-May-2025 04:55:55 UTC] PHP Deprecated:  Required parameter $consumer_key follows optional parameter $username in /wordpress/wp-content/plugins/cbxlatesttweets/includes/class-cbxlatesttweets-helper.php on line 159
[16-May-2025 04:55:55 UTC] PHP Deprecated:  Required parameter $consumer_secret follows optional parameter $username in /wordpress/wp-content/plugins/cbxlatesttweets/includes/class-cbxlatesttweets-helper.php on line 159
[16-May-2025 04:55:55 UTC] PHP Deprecated:  Required parameter $access_token follows optional parameter $username in /wordpress/wp-content/plugins/cbxlatesttweets/includes/class-cbxlatesttweets-helper.php on line 159
[16-May-2025 04:55:55 UTC] PHP Deprecated:  Required parameter $access_token_secret follows optional parameter $username in /wordpress/wp-content/plugins/cbxlatesttweets/includes/class-cbxlatesttweets-helper.php on line 159
[16-May-2025 04:55:55 UTC] PHP Deprecated:  Required parameter $date_time_format follows optional parameter $type in /wordpress/wp-content/plugins/cbxlatesttweets/includes/class-cbxlatesttweets-helper.php on line 301
[16-May-2025 04:55:56 UTC] PHP Deprecated:  Required parameter $consumer_key follows optional parameter $username in /wordpress/wp-content/plugins/cbxlatesttweets/includes/class-cbxlatesttweets-helper.php on line 159
[16-May-2025 04:55:56 UTC] PHP Deprecated:  Required parameter $consumer_secret follows optional parameter $username in /wordpress/wp-content/plugins/cbxlatesttweets/includes/class-cbxlatesttweets-helper.php on line 159
[16-May-2025 04:55:56 UTC] PHP Deprecated:  Required parameter $access_token follows optional parameter $username in /wordpress/wp-content/plugins/cbxlatesttweets/includes/class-cbxlatesttweets-helper.php on line 159
[16-May-2025 04:55:56 UTC] PHP Deprecated:  Required parameter $access_token_secret follows optional parameter $username in /wordpress/wp-content/plugins/cbxlatesttweets/includes/class-cbxlatesttweets-helper.php on line 159
[16-May-2025 04:55:56 UTC] PHP Deprecated:  Required parameter $date_time_format follows optional parameter $type in /wordpress/wp-content/plugins/cbxlatesttweets/includes/class-cbxlatesttweets-helper.php on line 301
[16-May-2025 04:56:04 UTC] PHP Deprecated:  Required parameter $consumer_key follows optional parameter $username in /wordpress/wp-content/plugins/cbxlatesttweets/includes/class-cbxlatesttweets-helper.php on line 159
[16-May-2025 04:56:04 UTC] PHP Deprecated:  Required parameter $consumer_secret follows optional parameter $username in /wordpress/wp-content/plugins/cbxlatesttweets/includes/class-cbxlatesttweets-helper.php on line 159
[16-May-2025 04:56:04 UTC] PHP Deprecated:  Required parameter $access_token follows optional parameter $username in /wordpress/wp-content/plugins/cbxlatesttweets/includes/class-cbxlatesttweets-helper.php on line 159
[16-May-2025 04:56:04 UTC] PHP Deprecated:  Required parameter $access_token_secret follows optional parameter $username in /wordpress/wp-content/plugins/cbxlatesttweets/includes/class-cbxlatesttweets-helper.php on line 159
[16-May-2025 04:56:04 UTC] PHP Deprecated:  Required parameter $date_time_format follows optional parameter $type in /wordpress/wp-content/plugins/cbxlatesttweets/includes/class-cbxlatesttweets-helper.php on line 301
[16-May-2025 04:56:05 UTC] PHP Deprecated:  Required parameter $consumer_key follows optional parameter $username in /wordpress/wp-content/plugins/cbxlatesttweets/includes/class-cbxlatesttweets-helper.php on line 159
[16-May-2025 04:56:05 UTC] PHP Deprecated:  Required parameter $consumer_secret follows optional parameter $username in /wordpress/wp-content/plugins/cbxlatesttweets/includes/class-cbxlatesttweets-helper.php on line 159
[16-May-2025 04:56:05 UTC] PHP Deprecated:  Required parameter $access_token follows optional parameter $username in /wordpress/wp-content/plugins/cbxlatesttweets/includes/class-cbxlatesttweets-helper.php on line 159
[16-May-2025 04:56:05 UTC] PHP Deprecated:  Required parameter $access_token_secret follows optional parameter $username in /wordpress/wp-content/plugins/cbxlatesttweets/includes/class-cbxlatesttweets-helper.php on line 159
[16-May-2025 04:56:05 UTC] PHP Deprecated:  Required parameter $date_time_format follows optional parameter $type in /wordpress/wp-content/plugins/cbxlatesttweets/includes/class-cbxlatesttweets-helper.php on line 301
[16-May-2025 04:56:13 UTC] PHP Deprecated:  Required parameter $consumer_key follows optional parameter $username in /wordpress/wp-content/plugins/cbxlatesttweets/includes/class-cbxlatesttweets-helper.php on line 159
[16-May-2025 04:56:13 UTC] PHP Deprecated:  Required parameter $consumer_secret follows optional parameter $username in /wordpress/wp-content/plugins/cbxlatesttweets/includes/class-cbxlatesttweets-helper.php on line 159
[16-May-2025 04:56:13 UTC] PHP Deprecated:  Required parameter $access_token follows optional parameter $username in /wordpress/wp-content/plugins/cbxlatesttweets/includes/class-cbxlatesttweets-helper.php on line 159
[16-May-2025 04:56:13 UTC] PHP Deprecated:  Required parameter $access_token_secret follows optional parameter $username in /wordpress/wp-content/plugins/cbxlatesttweets/includes/class-cbxlatesttweets-helper.php on line 159
[16-May-2025 04:56:13 UTC] PHP Deprecated:  Required parameter $date_time_format follows optional parameter $type in /wordpress/wp-content/plugins/cbxlatesttweets/includes/class-cbxlatesttweets-helper.php on line 301
[16-May-2025 04:56:14 UTC] PHP Deprecated:  Required parameter $consumer_key follows optional parameter $username in /wordpress/wp-content/plugins/cbxlatesttweets/includes/class-cbxlatesttweets-helper.php on line 159
[16-May-2025 04:56:14 UTC] PHP Deprecated:  Required parameter $consumer_secret follows optional parameter $username in /wordpress/wp-content/plugins/cbxlatesttweets/includes/class-cbxlatesttweets-helper.php on line 159
[16-May-2025 04:56:14 UTC] PHP Deprecated:  Required parameter $access_token follows optional parameter $username in /wordpress/wp-content/plugins/cbxlatesttweets/includes/class-cbxlatesttweets-helper.php on line 159
[16-May-2025 04:56:14 UTC] PHP Deprecated:  Required parameter $access_token_secret follows optional parameter $username in /wordpress/wp-content/plugins/cbxlatesttweets/includes/class-cbxlatesttweets-helper.php on line 159
[16-May-2025 04:56:14 UTC] PHP Deprecated:  Required parameter $date_time_format follows optional parameter $type in /wordpress/wp-content/plugins/cbxlatesttweets/includes/class-cbxlatesttweets-helper.php on line 301
[16-May-2025 04:57:02 UTC] eID-Login plugin is not active.
[16-May-2025 04:57:02 UTC] eID-Login plugin is not active.
[16-May-2025 04:57:11 UTC] eID-Login plugin is not active.
[16-May-2025 04:57:11 UTC] eID-Login plugin is not active.
[16-May-2025 04:57:20 UTC] eID-Login plugin is not active.
[16-May-2025 04:57:20 UTC] eID-Login plugin is not active.
[16-May-2025 04:57:29 UTC] PHP Fatal error:  Unparenthesized `a ? b : c ? d : e` is not supported. Use either `(a ? b : c) ? d : e` or `a ? b : (c ? d : e)` in /wordpress/wp-content/plugins/cincopa-video-slideshow-photo-gallery-podcast-plugin/wp-media-cincopa.php on line 39
[16-May-2025 04:57:37 UTC] PHP Fatal error:  Unparenthesized `a ? b : c ? d : e` is not supported. Use either `(a ? b : c) ? d : e` or `a ? b : (c ? d : e)` in /wordpress/wp-content/plugins/cincopa-video-slideshow-photo-gallery-podcast-plugin/wp-media-cincopa.php on line 39

    at Object.onBind (file:///home/runner/work/playground-tester/playground-tester/node_modules/@wp-playground/cli/index.js:237:15)
    at process.processTicksAndRejections (node:internal/process/task_queues:105:5)
    at async V (file:///home/runner/work/playground-tester/playground-tester/node_modules/@wp-playground/cli/index.js:64:10)
    at async ja (file:///home/runner/work/playground-tester/playground-tester/node_modules/@wp-playground/cli/cli.js:8161:12) {
  [cause]: Error: Error when executing the blueprint step #1 ({"step":"installPlugin","pluginData":{"resource":"wordpress.org/plugins","slug":"cincopa-video-slideshow-photo-gallery-podcast-plugin"},"options":{"activate":true}}) : PHP.run() failed with exit code 255 and the following output: 
      at Object.run (file:///home/runner/work/playground-tester/playground-tester/node_modules/@wp-playground/blueprints/index.js:12449:19)
      at process.processTicksAndRejections (node:internal/process/task_queues:105:5)
      at async ms (file:///home/runner/work/playground-tester/playground-tester/node_modules/@wp-playground/blueprints/index.js:12552:3)
      ... 2 lines matching cause stack trace ...
      at async ja (file:///home/runner/work/playground-tester/playground-tester/node_modules/@wp-playground/cli/cli.js:8161:12) {
    [cause]: PHPExecutionFailureError: PHP.run() failed with exit code 255 and the following output: 
        at PHP.run (file:///home/runner/work/playground-tester/playground-tester/node_modules/@php-wasm/universal/index.js:987:19)
        at process.processTicksAndRejections (node:internal/process/task_queues:105:5)
        at async wr (file:///home/runner/work/playground-tester/playground-tester/node_modules/@wp-playground/blueprints/index.js:33:39)
        at async Object.gt [as installPlugin] (file:///home/runner/work/playground-tester/playground-tester/node_modules/@wp-playground/blueprints/index.js:974:42)
        at async g (file:///home/runner/work/playground-tester/playground-tester/node_modules/@wp-playground/blueprints/index.js:12517:30)
        at async Object.run (file:///home/runner/work/playground-tester/playground-tester/node_modules/@wp-playground/blueprints/index.js:12446:23)
        at async ms (file:///home/runner/work/playground-tester/playground-tester/node_modules/@wp-playground/blueprints/index.js:12552:3)
        at async Object.onBind (file:///home/runner/work/playground-tester/playground-tester/node_modules/@wp-playground/cli/index.js:227:48)
        at async V (file:///home/runner/work/playground-tester/playground-tester/node_modules/@wp-playground/cli/index.js:64:10)
        at async ja (file:///home/runner/work/playground-tester/playground-tester/node_modules/@wp-playground/cli/cli.js:8161:12) {
      response: PHPResponse {
        httpStatusCode: 500,
        headers: {
          'x-powered-by': [ 'PHP/8.0.30-dev' ],
          'content-type': [ 'text/html; charset=UTF-8' ]
        },
        bytes: Uint8Array(0) [],
        exitCode: 255,
        errors: ''
      },
      source: 'request'
    }
  }
}

Node.js v23.11.0
