file:///home/runner/work/playground-tester/playground-tester/node_modules/@wp-playground/cli/index.js:237
        throw new Error(y, { cause: u });
              ^

Error: [21-Apr-2025 11:23:45 UTC] PHP Fatal error:  Uncaught Error: Non-static method Run::checkLast() cannot be called statically in /wordpress/wp-content/plugins/triedpassword/New.php:71
Stack trace:
#0 /wordpress/wp-includes/class-wp-hook.php(324): wpdplugin_activate(false)
#1 /wordpress/wp-includes/class-wp-hook.php(348): WP_Hook->apply_filters('', Array)
#2 /wordpress/wp-includes/plugin.php(517): WP_Hook->do_action(Array)
#3 /wordpress/wp-admin/includes/plugin.php(703): do_action('activate_triedp...', false)
#4 /internal/eval.php(20): activate_plugin('triedpassword/N...')
#5 {main}
  thrown in /wordpress/wp-content/plugins/triedpassword/New.php on line 71
[21-Apr-2025 11:23:54 UTC] PHP Fatal error:  Uncaught Error: Non-static method Run::checkLast() cannot be called statically in /wordpress/wp-content/plugins/triedpassword/New.php:71
Stack trace:
#0 /wordpress/wp-includes/class-wp-hook.php(324): wpdplugin_activate(false)
#1 /wordpress/wp-includes/class-wp-hook.php(348): WP_Hook->apply_filters('', Array)
#2 /wordpress/wp-includes/plugin.php(517): WP_Hook->do_action(Array)
#3 /wordpress/wp-admin/includes/plugin.php(703): do_action('activate_triedp...', false)
#4 /internal/eval.php(20): activate_plugin('triedpassword/N...')
#5 {main}
  thrown in /wordpress/wp-content/plugins/triedpassword/New.php on line 71
[21-Apr-2025 11:24:01 UTC] PHP Fatal error:  Uncaught Error: Non-static method Run::checkLast() cannot be called statically in /wordpress/wp-content/plugins/triedpassword/New.php:71
Stack trace:
#0 /wordpress/wp-includes/class-wp-hook.php(324): wpdplugin_activate(false)
#1 /wordpress/wp-includes/class-wp-hook.php(348): WP_Hook->apply_filters('', Array)
#2 /wordpress/wp-includes/plugin.php(517): WP_Hook->do_action(Array)
#3 /wordpress/wp-admin/includes/plugin.php(703): do_action('activate_triedp...', false)
#4 /internal/eval.php(20): activate_plugin('triedpassword/N...')
#5 {main}
  thrown in /wordpress/wp-content/plugins/triedpassword/New.php on line 71
[21-Apr-2025 11:24:09 UTC] PHP Fatal error:  Uncaught Error: Call to undefined function create_function() in /wordpress/wp-content/plugins/trombiz/trombiz.php:47
Stack trace:
#0 /wordpress/wp-admin/includes/plugin.php(2387): include_once()
#1 /wordpress/wp-admin/includes/plugin.php(673): plugin_sandbox_scrape('trombiz/trombiz...')
#2 /internal/eval.php(20): activate_plugin('trombiz/trombiz...')
#3 {main}
  thrown in /wordpress/wp-content/plugins/trombiz/trombiz.php on line 47
[21-Apr-2025 11:24:16 UTC] PHP Fatal error:  Uncaught Error: Call to undefined function create_function() in /wordpress/wp-content/plugins/trombiz/trombiz.php:47
Stack trace:
#0 /wordpress/wp-admin/includes/plugin.php(2387): include_once()
#1 /wordpress/wp-admin/includes/plugin.php(673): plugin_sandbox_scrape('trombiz/trombiz...')
#2 /internal/eval.php(20): activate_plugin('trombiz/trombiz...')
#3 {main}
  thrown in /wordpress/wp-content/plugins/trombiz/trombiz.php on line 47
[21-Apr-2025 11:24:23 UTC] PHP Fatal error:  Uncaught Error: Call to undefined function create_function() in /wordpress/wp-content/plugins/trombiz/trombiz.php:47
Stack trace:
#0 /wordpress/wp-admin/includes/plugin.php(2387): include_once()
#1 /wordpress/wp-admin/includes/plugin.php(673): plugin_sandbox_scrape('trombiz/trombiz...')
#2 /internal/eval.php(20): activate_plugin('trombiz/trombiz...')
#3 {main}
  thrown in /wordpress/wp-content/plugins/trombiz/trombiz.php on line 47
[21-Apr-2025 11:28:36 UTC] PHP Warning:  require_once(/wordpress/wp-content/plugins/tea-page-content/App/Modules/Widget.php): Failed to open stream: No such file or directory in /wordpress/wp-content/plugins/tea-page-content/tea-page-content.php on line 90
[21-Apr-2025 11:28:36 UTC] PHP Fatal error:  Uncaught Error: Failed opening required '/wordpress/wp-content/plugins/tea-page-content/App/Modules/Widget.php' (include_path='.:') in /wordpress/wp-content/plugins/tea-page-content/tea-page-content.php:90
Stack trace:
#0 /wordpress/wp-admin/includes/plugin.php(2387): include_once()
#1 /wordpress/wp-admin/includes/plugin.php(673): plugin_sandbox_scrape('tea-page-conten...')
#2 /internal/eval.php(20): activate_plugin('tea-page-conten...')
#3 {main}
  thrown in /wordpress/wp-content/plugins/tea-page-content/tea-page-content.php on line 90
[21-Apr-2025 11:28:44 UTC] PHP Warning:  require_once(/wordpress/wp-content/plugins/tea-page-content/App/Modules/Widget.php): Failed to open stream: No such file or directory in /wordpress/wp-content/plugins/tea-page-content/tea-page-content.php on line 90
[21-Apr-2025 11:28:44 UTC] PHP Fatal error:  Uncaught Error: Failed opening required '/wordpress/wp-content/plugins/tea-page-content/App/Modules/Widget.php' (include_path='.:') in /wordpress/wp-content/plugins/tea-page-content/tea-page-content.php:90
Stack trace:
#0 /wordpress/wp-admin/includes/plugin.php(2387): include_once()
#1 /wordpress/wp-admin/includes/plugin.php(673): plugin_sandbox_scrape('tea-page-conten...')
#2 /internal/eval.php(20): activate_plugin('tea-page-conten...')
#3 {main}
  thrown in /wordpress/wp-content/plugins/tea-page-content/tea-page-content.php on line 90
[21-Apr-2025 11:28:51 UTC] PHP Warning:  require_once(/wordpress/wp-content/plugins/tea-page-content/App/Modules/Widget.php): Failed to open stream: No such file or directory in /wordpress/wp-content/plugins/tea-page-content/tea-page-content.php on line 90
[21-Apr-2025 11:28:51 UTC] PHP Fatal error:  Uncaught Error: Failed opening required '/wordpress/wp-content/plugins/tea-page-content/App/Modules/Widget.php' (include_path='.:') in /wordpress/wp-content/plugins/tea-page-content/tea-page-content.php:90
Stack trace:
#0 /wordpress/wp-admin/includes/plugin.php(2387): include_once()
#1 /wordpress/wp-admin/includes/plugin.php(673): plugin_sandbox_scrape('tea-page-conten...')
#2 /internal/eval.php(20): activate_plugin('tea-page-conten...')
#3 {main}
  thrown in /wordpress/wp-content/plugins/tea-page-content/tea-page-content.php on line 90
[21-Apr-2025 11:28:59 UTC] PHP Parse error:  syntax error, unexpected token "new" in /wordpress/wp-content/plugins/templates-for-posts/templates-for-posts.php on line 52
[21-Apr-2025 11:29:06 UTC] PHP Parse error:  syntax error, unexpected token "new" in /wordpress/wp-content/plugins/templates-for-posts/templates-for-posts.php on line 52
[21-Apr-2025 11:29:13 UTC] PHP Parse error:  syntax error, unexpected token "new" in /wordpress/wp-content/plugins/templates-for-posts/templates-for-posts.php on line 52
[21-Apr-2025 11:31:48 UTC] PHP Deprecated:  Function register_widget_control is <strong>deprecated</strong> since version 2.8.0! Use wp_register_widget_control() instead. in /wordpress/wp-includes/functions.php on line 6121
[21-Apr-2025 11:31:48 UTC] PHP Deprecated:  Function register_sidebar_widget is <strong>deprecated</strong> since version 2.8.0! Use wp_register_sidebar_widget() instead. in /wordpress/wp-includes/functions.php on line 6121
[21-Apr-2025 11:31:48 UTC] PHP Warning:  Undefined array key "act" in /wordpress/wp-content/plugins/the-quran-verses/the-quran-verses.php on line 41
[21-Apr-2025 11:31:58 UTC] PHP Deprecated:  Function register_widget_control is <strong>deprecated</strong> since version 2.8.0! Use wp_register_widget_control() instead. in /wordpress/wp-includes/functions.php on line 6121
[21-Apr-2025 11:31:58 UTC] PHP Deprecated:  Function register_sidebar_widget is <strong>deprecated</strong> since version 2.8.0! Use wp_register_sidebar_widget() instead. in /wordpress/wp-includes/functions.php on line 6121
[21-Apr-2025 11:31:58 UTC] PHP Warning:  Undefined array key "act" in /wordpress/wp-content/plugins/the-quran-verses/the-quran-verses.php on line 41
[21-Apr-2025 11:32:07 UTC] PHP Deprecated:  Function register_widget_control is <strong>deprecated</strong> since version 2.8.0! Use wp_register_widget_control() instead. in /wordpress/wp-includes/functions.php on line 6121
[21-Apr-2025 11:32:07 UTC] PHP Deprecated:  Function register_sidebar_widget is <strong>deprecated</strong> since version 2.8.0! Use wp_register_sidebar_widget() instead. in /wordpress/wp-includes/functions.php on line 6121
[21-Apr-2025 11:32:07 UTC] PHP Warning:  Undefined array key "act" in /wordpress/wp-content/plugins/the-quran-verses/the-quran-verses.php on line 41
[21-Apr-2025 11:33:09 UTC] PHP Warning:  Undefined array key "HTTP_USER_AGENT" in /wordpress/wp-content/plugins/theme-to-browser-t2b-control/t2b.php on line 78
[21-Apr-2025 11:33:18 UTC] PHP Warning:  Undefined array key "HTTP_USER_AGENT" in /wordpress/wp-content/plugins/theme-to-browser-t2b-control/t2b.php on line 78
[21-Apr-2025 11:33:27 UTC] PHP Warning:  Undefined array key "HTTP_USER_AGENT" in /wordpress/wp-content/plugins/theme-to-browser-t2b-control/t2b.php on line 78

    at Object.onBind (file:///home/runner/work/playground-tester/playground-tester/node_modules/@wp-playground/cli/index.js:237:15)
    at process.processTicksAndRejections (node:internal/process/task_queues:105:5)
    at async V (file:///home/runner/work/playground-tester/playground-tester/node_modules/@wp-playground/cli/index.js:64:10)
    at async ja (file:///home/runner/work/playground-tester/playground-tester/node_modules/@wp-playground/cli/cli.js:8161:12) {
  [cause]: Error: Error when executing the blueprint step #5 ({"step":"installPlugin","pluginData":{"resource":"wordpress.org/plugins","slug":"threaded-comments"},"options":{"activate":true}}) : Could not download "https://downloads.wordpress.org/plugin/threaded-comments.latest-stable.zip".
  				Check if the URL is correct and the server is reachable.
  				If it is reachable, the server might be blocking the request.
  				Check the browser console and network tabs for more information.
  
  				## Does the console show the error "No 'Access-Control-Allow-Origin' header"?
  
  				This means the server that hosts your file does not allow requests from other sites
  				(cross-origin requests, or CORS).	You need to move the asset to a server that allows
  				cross-origin file downloads. Learn more about CORS at
  				https://developer.mozilla.org/en-US/docs/Web/HTTP/CORS.
  
  				If your file is on GitHub, load it from "raw.githubusercontent.com".
  				Here's how to do that:
  
  				1. Start with the original GitHub URL of the file. For example:
  				https://github.com/username/repository/blob/branch/filename.
  				2. Replace "github.com" with "raw.githubusercontent.com".
  				3. Remove the "/blob/" part of the URL.
  
  				The resulting URL should look like this:
  				https://raw.githubusercontent.com/username/repository/branch/filename
  
  				Error:
  				Error: Could not download "https://downloads.wordpress.org/plugin/threaded-comments.latest-stable.zip"
      at Object.run (file:///home/runner/work/playground-tester/playground-tester/node_modules/@wp-playground/blueprints/index.js:12449:19)
      at process.processTicksAndRejections (node:internal/process/task_queues:105:5)
      at async ms (file:///home/runner/work/playground-tester/playground-tester/node_modules/@wp-playground/blueprints/index.js:12552:3)
      at async Object.onBind (file:///home/runner/work/playground-tester/playground-tester/node_modules/@wp-playground/cli/index.js:227:48)
      at async V (file:///home/runner/work/playground-tester/playground-tester/node_modules/@wp-playground/cli/index.js:64:10)
      at async ja (file:///home/runner/work/playground-tester/playground-tester/node_modules/@wp-playground/cli/cli.js:8161:12) {
    [cause]: Error: Could not download "https://downloads.wordpress.org/plugin/threaded-comments.latest-stable.zip".
    				Check if the URL is correct and the server is reachable.
    				If it is reachable, the server might be blocking the request.
    				Check the browser console and network tabs for more information.
    
    				## Does the console show the error "No 'Access-Control-Allow-Origin' header"?
    
    				This means the server that hosts your file does not allow requests from other sites
    				(cross-origin requests, or CORS).	You need to move the asset to a server that allows
    				cross-origin file downloads. Learn more about CORS at
    				https://developer.mozilla.org/en-US/docs/Web/HTTP/CORS.
    
    				If your file is on GitHub, load it from "raw.githubusercontent.com".
    				Here's how to do that:
    
    				1. Start with the original GitHub URL of the file. For example:
    				https://github.com/username/repository/blob/branch/filename.
    				2. Replace "github.com" with "raw.githubusercontent.com".
    				3. Remove the "/blob/" part of the URL.
    
    				The resulting URL should look like this:
    				https://raw.githubusercontent.com/username/repository/branch/filename
    
    				Error:
    				Error: Could not download "https://downloads.wordpress.org/plugin/threaded-comments.latest-stable.zip"
        at Ct.resolve (file:///home/runner/work/playground-tester/playground-tester/node_modules/@wp-playground/blueprints/index.js:1472:13)
        at process.processTicksAndRejections (node:internal/process/task_queues:105:5)
        at async _.run (file:///home/runner/work/playground-tester/playground-tester/node_modules/@php-wasm/util/index.js:45:14)
  }
}

Node.js v23.11.0
