file:///home/runner/work/playground-tester/playground-tester/node_modules/@wp-playground/cli/index.js:237
        throw new Error(y, { cause: u });
              ^

Error: [21-May-2025 22:28:18 UTC] PHP Deprecated:  Function register_sidebar_widget is <strong>deprecated</strong> since version 2.8.0! Use wp_register_sidebar_widget() instead. in /wordpress/wp-includes/functions.php on line 6121
[21-May-2025 22:28:18 UTC] PHP Deprecated:  Function register_widget_control is <strong>deprecated</strong> since version 2.8.0! Use wp_register_widget_control() instead. in /wordpress/wp-includes/functions.php on line 6121
[21-May-2025 22:28:18 UTC] PHP Deprecated:  Function register_sidebar_widget is <strong>deprecated</strong> since version 2.8.0! Use wp_register_sidebar_widget() instead. in /wordpress/wp-includes/functions.php on line 6121
[21-May-2025 22:28:18 UTC] PHP Deprecated:  Function register_widget_control is <strong>deprecated</strong> since version 2.8.0! Use wp_register_widget_control() instead. in /wordpress/wp-includes/functions.php on line 6121
[21-May-2025 22:28:26 UTC] WordPress database error <div style="clear:both">&nbsp;</div>
<div class="queries" style="clear:both;margin-bottom:2px;border:red dotted thin;">
<p>MySQL query:</p>
<p>CREATE TABLE wp_mnw_tokens (
          consumer varchar(255) not null comment 'root URL of the consumer',
          token char(32) not null,
          secret char(32) not null,
          type tinyint not null default 0 comment '0 = initial request token, 1 = authorized request token, 2 = used request token, 3 = access token',
          constraint primary key (consumer, token)
        ) CHARACTER SET utf8 COLLATE utf8_bin</p>
<p>Queries made or created this session were:</p>
<ol>
<li>Executing: BEGIN | (no parameters)</li>
<li>Executing: INSERT INTO _mysql_data_types_cache (`table`, `column_or_index`, `mysql_type`)
				VALUES (:table, :column, :datatype)
				ON CONFLICT(`table`, `column_or_index`) DO UPDATE SET `mysql_type` = :datatype
			 | parameters: wp_mnw_tokens, consumer, varchar(255)</li>
<li>Executing: INSERT INTO _mysql_data_types_cache (`table`, `column_or_index`, `mysql_type`)
				VALUES (:table, :column, :datatype)
				ON CONFLICT(`table`, `column_or_index`) DO UPDATE SET `mysql_type` = :datatype
			 | parameters: wp_mnw_tokens, token, char(32)</li>
<li>Executing: INSERT INTO _mysql_data_types_cache (`table`, `column_or_index`, `mysql_type`)
				VALUES (:table, :column, :datatype)
				ON CONFLICT(`table`, `column_or_index`) DO UPDATE SET `mysql_type` = :datatype
			 | parameters: wp_mnw_tokens, secret, char(32)</li>
<li>Executing: INSERT INTO _mysql_data_types_cache (`table`, `column_or_index`, `mysql_type`)
				VALUES (:table, :column, :datatype)
				ON CONFLICT(`table`, `column_or_index`) DO UPDATE SET `mysql_type` = :datatype
			 | parameters: wp_mnw_tokens, type, tinyint</li>
<li>Executing: CREATE TABLE &quot;wp_mnw_tokens&quot; (
&quot;consumer&quot; text NOT NULL ON CONFLICT REPLACE DEFAULT '' COLLATE NOCASE,
&quot;token&quot; text NOT NULL ON CONFLICT REPLACE DEFAULT '' COLLATE NOCASE,
&quot;secret&quot; text NOT NULL ON CONFLICT REPLACE DEFAULT '' COLLATE NOCASE,
&quot;type&quot; integer NOT NULL ON CONFLICT REPLACE DEFAULT 0) | (no parameters)</li>
<li>Executing: CREATE  INDEX  &quot;wp_mnw_tokens__&quot; ON &quot;wp_mnw_tokens&quot; (&quot;&quot;) | (no parameters)</li>
<li>Executing: INSERT INTO _mysql_data_types_cache (`table`, `column_or_index`, `mysql_type`)
				VALUES (:table, :column, :datatype)
				ON CONFLICT(`table`, `column_or_index`) DO UPDATE SET `mysql_type` = :datatype
			 | parameters: wp_mnw_tokens, wp_mnw_tokens__, </li>
<li>Executing: ROLLBACK | (no parameters)</li>
</ol>
</div>
<div style="clear:both;margin-bottom:2px;border:red dotted thin;" class="error_message" style="border-bottom:dotted blue thin;">
Error occurred at line 4117 in Function <code>handle_error</code>. Error message was: SQLSTATE[23000]: Integrity constraint violation: 19 NOT NULL constraint failed: _mysql_data_types_cache.mysql_type.
</div>
<p>Backtrace:</p>
<pre>#0 /internal/shared/sqlite-database-integration/wp-includes/sqlite/class-wp-sqlite-db.php(287): WP_SQLite_Translator->get_error_message()
#1 /wordpress/wp-admin/includes/upgrade.php(3280): WP_SQLite_DB->query('CREATE TABLE wp...')
#2 /wordpress/wp-content/plugins/mnw/mnw-install.php(90): dbDelta(Array)
#3 /wordpress/wp-content/plugins/mnw/mnw.php(67): mnw_install()
#4 /wordpress/wp-includes/class-wp-hook.php(324): mnw_install_wrap(false)
#5 /wordpress/wp-includes/class-wp-hook.php(348): WP_Hook->apply_filters('', Array)
#6 /wordpress/wp-includes/plugin.php(517): WP_Hook->do_action(Array)
#7 /wordpress/wp-admin/includes/plugin.php(703): do_action('activate_mnw/mn...', false)
#8 /internal/eval.php(20): activate_plugin('mnw/mnw.php')
#9 {main}</pre>
 for query CREATE TABLE wp_mnw_tokens (
          consumer varchar(255) not null comment 'root URL of the consumer',
          token char(32) not null,
          secret char(32) not null,
          type tinyint not null default 0 comment '0 = initial request token, 1 = authorized request token, 2 = used request token, 3 = access token',
          constraint primary key (consumer, token)
        ) CHARACTER SET utf8 COLLATE utf8_bin made by activate_plugin, do_action('activate_mnw/mnw.php'), WP_Hook->do_action, WP_Hook->apply_filters, mnw_install_wrap, mnw_install, dbDelta, WP_SQLite_DB->query, WP_SQLite_DB->print_error
[21-May-2025 22:28:26 UTC] WordPress database error <div style="clear:both">&nbsp;</div>
<div class="queries" style="clear:both;margin-bottom:2px;border:red dotted thin;">
<p>MySQL query:</p>
<p>CREATE TABLE wp_mnw_nonces (
          nonce char(32) not null,
          constraint primary key (nonce)
        ) CHARACTER SET utf8 COLLATE utf8_bin</p>
<p>Queries made or created this session were:</p>
<ol>
<li>Executing: BEGIN | (no parameters)</li>
<li>Executing: INSERT INTO _mysql_data_types_cache (`table`, `column_or_index`, `mysql_type`)
				VALUES (:table, :column, :datatype)
				ON CONFLICT(`table`, `column_or_index`) DO UPDATE SET `mysql_type` = :datatype
			 | parameters: wp_mnw_nonces, nonce, char(32)</li>
<li>Executing: CREATE TABLE &quot;wp_mnw_nonces&quot; (
&quot;nonce&quot; text NOT NULL ON CONFLICT REPLACE DEFAULT '' COLLATE NOCASE) | (no parameters)</li>
<li>Executing: CREATE  INDEX  &quot;wp_mnw_nonces__&quot; ON &quot;wp_mnw_nonces&quot; (&quot;&quot;) | (no parameters)</li>
<li>Executing: INSERT INTO _mysql_data_types_cache (`table`, `column_or_index`, `mysql_type`)
				VALUES (:table, :column, :datatype)
				ON CONFLICT(`table`, `column_or_index`) DO UPDATE SET `mysql_type` = :datatype
			 | parameters: wp_mnw_nonces, wp_mnw_nonces__, </li>
<li>Executing: ROLLBACK | (no parameters)</li>
</ol>
</div>
<div style="clear:both;margin-bottom:2px;border:red dotted thin;" class="error_message" style="border-bottom:dotted blue thin;">
Error occurred at line 4117 in Function <code>handle_error</code>. Error message was: SQLSTATE[23000]: Integrity constraint violation: 19 NOT NULL constraint failed: _mysql_data_types_cache.mysql_type.
</div>
<p>Backtrace:</p>
<pre>#0 /internal/shared/sqlite-database-integration/wp-includes/sqlite/class-wp-sqlite-db.php(287): WP_SQLite_Translator->get_error_message()
#1 /wordpress/wp-admin/includes/upgrade.php(3280): WP_SQLite_DB->query('CREATE TABLE wp...')
#2 /wordpress/wp-content/plugins/mnw/mnw-install.php(100): dbDelta(Array)
#3 /wordpress/wp-content/plugins/mnw/mnw.php(67): mnw_install()
#4 /wordpress/wp-includes/class-wp-hook.php(324): mnw_install_wrap(false)
#5 /wordpress/wp-includes/class-wp-hook.php(348): WP_Hook->apply_filters('', Array)
#6 /wordpress/wp-includes/plugin.php(517): WP_Hook->do_action(Array)
#7 /wordpress/wp-admin/includes/plugin.php(703): do_action('activate_mnw/mn...', false)
#8 /internal/eval.php(20): activate_plugin('mnw/mnw.php')
#9 {main}</pre>
 for query CREATE TABLE wp_mnw_nonces (
          nonce char(32) not null,
          constraint primary key (nonce)
        ) CHARACTER SET utf8 COLLATE utf8_bin made by activate_plugin, do_action('activate_mnw/mnw.php'), WP_Hook->do_action, WP_Hook->apply_filters, mnw_install_wrap, mnw_install, dbDelta, WP_SQLite_DB->query, WP_SQLite_DB->print_error
[21-May-2025 22:28:27 UTC] PHP Deprecated:  Function register_sidebar_widget is <strong>deprecated</strong> since version 2.8.0! Use wp_register_sidebar_widget() instead. in /wordpress/wp-includes/functions.php on line 6121
[21-May-2025 22:28:27 UTC] PHP Deprecated:  Function register_widget_control is <strong>deprecated</strong> since version 2.8.0! Use wp_register_widget_control() instead. in /wordpress/wp-includes/functions.php on line 6121
[21-May-2025 22:28:27 UTC] PHP Deprecated:  Function register_sidebar_widget is <strong>deprecated</strong> since version 2.8.0! Use wp_register_sidebar_widget() instead. in /wordpress/wp-includes/functions.php on line 6121
[21-May-2025 22:28:27 UTC] PHP Deprecated:  Function register_widget_control is <strong>deprecated</strong> since version 2.8.0! Use wp_register_widget_control() instead. in /wordpress/wp-includes/functions.php on line 6121
[21-May-2025 22:28:36 UTC] WordPress database error <div style="clear:both">&nbsp;</div>
<div class="queries" style="clear:both;margin-bottom:2px;border:red dotted thin;">
<p>MySQL query:</p>
<p>CREATE TABLE wp_mnw_tokens (
          consumer varchar(255) not null comment 'root URL of the consumer',
          token char(32) not null,
          secret char(32) not null,
          type tinyint not null default 0 comment '0 = initial request token, 1 = authorized request token, 2 = used request token, 3 = access token',
          constraint primary key (consumer, token)
        ) CHARACTER SET utf8 COLLATE utf8_bin</p>
<p>Queries made or created this session were:</p>
<ol>
<li>Executing: BEGIN | (no parameters)</li>
<li>Executing: INSERT INTO _mysql_data_types_cache (`table`, `column_or_index`, `mysql_type`)
				VALUES (:table, :column, :datatype)
				ON CONFLICT(`table`, `column_or_index`) DO UPDATE SET `mysql_type` = :datatype
			 | parameters: wp_mnw_tokens, consumer, varchar(255)</li>
<li>Executing: INSERT INTO _mysql_data_types_cache (`table`, `column_or_index`, `mysql_type`)
				VALUES (:table, :column, :datatype)
				ON CONFLICT(`table`, `column_or_index`) DO UPDATE SET `mysql_type` = :datatype
			 | parameters: wp_mnw_tokens, token, char(32)</li>
<li>Executing: INSERT INTO _mysql_data_types_cache (`table`, `column_or_index`, `mysql_type`)
				VALUES (:table, :column, :datatype)
				ON CONFLICT(`table`, `column_or_index`) DO UPDATE SET `mysql_type` = :datatype
			 | parameters: wp_mnw_tokens, secret, char(32)</li>
<li>Executing: INSERT INTO _mysql_data_types_cache (`table`, `column_or_index`, `mysql_type`)
				VALUES (:table, :column, :datatype)
				ON CONFLICT(`table`, `column_or_index`) DO UPDATE SET `mysql_type` = :datatype
			 | parameters: wp_mnw_tokens, type, tinyint</li>
<li>Executing: CREATE TABLE &quot;wp_mnw_tokens&quot; (
&quot;consumer&quot; text NOT NULL ON CONFLICT REPLACE DEFAULT '' COLLATE NOCASE,
&quot;token&quot; text NOT NULL ON CONFLICT REPLACE DEFAULT '' COLLATE NOCASE,
&quot;secret&quot; text NOT NULL ON CONFLICT REPLACE DEFAULT '' COLLATE NOCASE,
&quot;type&quot; integer NOT NULL ON CONFLICT REPLACE DEFAULT 0) | (no parameters)</li>
<li>Executing: CREATE  INDEX  &quot;wp_mnw_tokens__&quot; ON &quot;wp_mnw_tokens&quot; (&quot;&quot;) | (no parameters)</li>
<li>Executing: INSERT INTO _mysql_data_types_cache (`table`, `column_or_index`, `mysql_type`)
				VALUES (:table, :column, :datatype)
				ON CONFLICT(`table`, `column_or_index`) DO UPDATE SET `mysql_type` = :datatype
			 | parameters: wp_mnw_tokens, wp_mnw_tokens__, </li>
<li>Executing: ROLLBACK | (no parameters)</li>
</ol>
</div>
<div style="clear:both;margin-bottom:2px;border:red dotted thin;" class="error_message" style="border-bottom:dotted blue thin;">
Error occurred at line 4117 in Function <code>handle_error</code>. Error message was: SQLSTATE[23000]: Integrity constraint violation: 19 NOT NULL constraint failed: _mysql_data_types_cache.mysql_type.
</div>
<p>Backtrace:</p>
<pre>#0 /internal/shared/sqlite-database-integration/wp-includes/sqlite/class-wp-sqlite-db.php(287): WP_SQLite_Translator->get_error_message()
#1 /wordpress/wp-admin/includes/upgrade.php(3280): WP_SQLite_DB->query('CREATE TABLE wp...')
#2 /wordpress/wp-content/plugins/mnw/mnw-install.php(90): dbDelta(Array)
#3 /wordpress/wp-content/plugins/mnw/mnw.php(67): mnw_install()
#4 /wordpress/wp-includes/class-wp-hook.php(324): mnw_install_wrap(false)
#5 /wordpress/wp-includes/class-wp-hook.php(348): WP_Hook->apply_filters('', Array)
#6 /wordpress/wp-includes/plugin.php(517): WP_Hook->do_action(Array)
#7 /wordpress/wp-admin/includes/plugin.php(703): do_action('activate_mnw/mn...', false)
#8 /internal/eval.php(20): activate_plugin('mnw/mnw.php')
#9 {main}</pre>
 for query CREATE TABLE wp_mnw_tokens (
          consumer varchar(255) not null comment 'root URL of the consumer',
          token char(32) not null,
          secret char(32) not null,
          type tinyint not null default 0 comment '0 = initial request token, 1 = authorized request token, 2 = used request token, 3 = access token',
          constraint primary key (consumer, token)
        ) CHARACTER SET utf8 COLLATE utf8_bin made by activate_plugin, do_action('activate_mnw/mnw.php'), WP_Hook->do_action, WP_Hook->apply_filters, mnw_install_wrap, mnw_install, dbDelta, WP_SQLite_DB->query, WP_SQLite_DB->print_error
[21-May-2025 22:28:36 UTC] WordPress database error <div style="clear:both">&nbsp;</div>
<div class="queries" style="clear:both;margin-bottom:2px;border:red dotted thin;">
<p>MySQL query:</p>
<p>CREATE TABLE wp_mnw_nonces (
          nonce char(32) not null,
          constraint primary key (nonce)
        ) CHARACTER SET utf8 COLLATE utf8_bin</p>
<p>Queries made or created this session were:</p>
<ol>
<li>Executing: BEGIN | (no parameters)</li>
<li>Executing: INSERT INTO _mysql_data_types_cache (`table`, `column_or_index`, `mysql_type`)
				VALUES (:table, :column, :datatype)
				ON CONFLICT(`table`, `column_or_index`) DO UPDATE SET `mysql_type` = :datatype
			 | parameters: wp_mnw_nonces, nonce, char(32)</li>
<li>Executing: CREATE TABLE &quot;wp_mnw_nonces&quot; (
&quot;nonce&quot; text NOT NULL ON CONFLICT REPLACE DEFAULT '' COLLATE NOCASE) | (no parameters)</li>
<li>Executing: CREATE  INDEX  &quot;wp_mnw_nonces__&quot; ON &quot;wp_mnw_nonces&quot; (&quot;&quot;) | (no parameters)</li>
<li>Executing: INSERT INTO _mysql_data_types_cache (`table`, `column_or_index`, `mysql_type`)
				VALUES (:table, :column, :datatype)
				ON CONFLICT(`table`, `column_or_index`) DO UPDATE SET `mysql_type` = :datatype
			 | parameters: wp_mnw_nonces, wp_mnw_nonces__, </li>
<li>Executing: ROLLBACK | (no parameters)</li>
</ol>
</div>
<div style="clear:both;margin-bottom:2px;border:red dotted thin;" class="error_message" style="border-bottom:dotted blue thin;">
Error occurred at line 4117 in Function <code>handle_error</code>. Error message was: SQLSTATE[23000]: Integrity constraint violation: 19 NOT NULL constraint failed: _mysql_data_types_cache.mysql_type.
</div>
<p>Backtrace:</p>
<pre>#0 /internal/shared/sqlite-database-integration/wp-includes/sqlite/class-wp-sqlite-db.php(287): WP_SQLite_Translator->get_error_message()
#1 /wordpress/wp-admin/includes/upgrade.php(3280): WP_SQLite_DB->query('CREATE TABLE wp...')
#2 /wordpress/wp-content/plugins/mnw/mnw-install.php(100): dbDelta(Array)
#3 /wordpress/wp-content/plugins/mnw/mnw.php(67): mnw_install()
#4 /wordpress/wp-includes/class-wp-hook.php(324): mnw_install_wrap(false)
#5 /wordpress/wp-includes/class-wp-hook.php(348): WP_Hook->apply_filters('', Array)
#6 /wordpress/wp-includes/plugin.php(517): WP_Hook->do_action(Array)
#7 /wordpress/wp-admin/includes/plugin.php(703): do_action('activate_mnw/mn...', false)
#8 /internal/eval.php(20): activate_plugin('mnw/mnw.php')
#9 {main}</pre>
 for query CREATE TABLE wp_mnw_nonces (
          nonce char(32) not null,
          constraint primary key (nonce)
        ) CHARACTER SET utf8 COLLATE utf8_bin made by activate_plugin, do_action('activate_mnw/mnw.php'), WP_Hook->do_action, WP_Hook->apply_filters, mnw_install_wrap, mnw_install, dbDelta, WP_SQLite_DB->query, WP_SQLite_DB->print_error
[21-May-2025 22:28:36 UTC] PHP Deprecated:  Function register_sidebar_widget is <strong>deprecated</strong> since version 2.8.0! Use wp_register_sidebar_widget() instead. in /wordpress/wp-includes/functions.php on line 6121
[21-May-2025 22:28:36 UTC] PHP Deprecated:  Function register_widget_control is <strong>deprecated</strong> since version 2.8.0! Use wp_register_widget_control() instead. in /wordpress/wp-includes/functions.php on line 6121
[21-May-2025 22:28:36 UTC] PHP Deprecated:  Function register_sidebar_widget is <strong>deprecated</strong> since version 2.8.0! Use wp_register_sidebar_widget() instead. in /wordpress/wp-includes/functions.php on line 6121
[21-May-2025 22:28:36 UTC] PHP Deprecated:  Function register_widget_control is <strong>deprecated</strong> since version 2.8.0! Use wp_register_widget_control() instead. in /wordpress/wp-includes/functions.php on line 6121
[21-May-2025 22:32:08 UTC] PHP Fatal error:  Uncaught Error: Call to a member function get_cart() on null in /wordpress/wp-content/plugins/minimum-purchase-for-woocommerce/woo-integration/vtmin-parent-functions.php:13
Stack trace:
#0 /wordpress/wp-content/plugins/minimum-purchase-for-woocommerce/core/vtmin-apply-rules.php(47): vtmin_load_vtmin_cart_for_processing()
#1 /wordpress/wp-content/plugins/minimum-purchase-for-woocommerce/woo-integration/vtmin-parent-cart-validation.php(224): VTMIN_Apply_Rules->__construct()
#2 /wordpress/wp-includes/class-wp-hook.php(324): VTMIN_Parent_Cart_Validation->vtmin_woo_apply_checkout_cntl('')
#3 /wordpress/wp-includes/class-wp-hook.php(348): WP_Hook->apply_filters(0, Array)
#4 /wordpress/wp-includes/plugin.php(517): WP_Hook->do_action(Array)
#5 /wordpress/wp-settings.php(749): do_action('wp_loaded')
#6 /wordpress/wp-config.php(102): require_once('/wordpress/wp-s...')
#7 /wordpress/wp-load.php(50): require_once('/wordpress/wp-c...')
#8 /internal/eval.php(3): require_once('/wordpress/wp-l...')
#9 {main}
  thrown in /wordpress/wp-content/plugins/minimum-purchase-for-woocommerce/woo-integration/vtmin-parent-functions.php on line 13
[21-May-2025 22:32:16 UTC] PHP Fatal error:  Uncaught Error: Call to a member function get_cart() on null in /wordpress/wp-content/plugins/minimum-purchase-for-woocommerce/woo-integration/vtmin-parent-functions.php:13
Stack trace:
#0 /wordpress/wp-content/plugins/minimum-purchase-for-woocommerce/core/vtmin-apply-rules.php(47): vtmin_load_vtmin_cart_for_processing()
#1 /wordpress/wp-content/plugins/minimum-purchase-for-woocommerce/woo-integration/vtmin-parent-cart-validation.php(224): VTMIN_Apply_Rules->__construct()
#2 /wordpress/wp-includes/class-wp-hook.php(324): VTMIN_Parent_Cart_Validation->vtmin_woo_apply_checkout_cntl('')
#3 /wordpress/wp-includes/class-wp-hook.php(348): WP_Hook->apply_filters(0, Array)
#4 /wordpress/wp-includes/plugin.php(517): WP_Hook->do_action(Array)
#5 /wordpress/wp-settings.php(749): do_action('wp_loaded')
#6 /wordpress/wp-config.php(102): require_once('/wordpress/wp-s...')
#7 /wordpress/wp-load.php(50): require_once('/wordpress/wp-c...')
#8 /internal/eval.php(3): require_once('/wordpress/wp-l...')
#9 {main}
  thrown in /wordpress/wp-content/plugins/minimum-purchase-for-woocommerce/woo-integration/vtmin-parent-functions.php on line 13
[21-May-2025 22:32:25 UTC] PHP Fatal error:  Uncaught Error: Call to a member function get_cart() on null in /wordpress/wp-content/plugins/minimum-purchase-for-woocommerce/woo-integration/vtmin-parent-functions.php:13
Stack trace:
#0 /wordpress/wp-content/plugins/minimum-purchase-for-woocommerce/core/vtmin-apply-rules.php(47): vtmin_load_vtmin_cart_for_processing()
#1 /wordpress/wp-content/plugins/minimum-purchase-for-woocommerce/woo-integration/vtmin-parent-cart-validation.php(224): VTMIN_Apply_Rules->__construct()
#2 /wordpress/wp-includes/class-wp-hook.php(324): VTMIN_Parent_Cart_Validation->vtmin_woo_apply_checkout_cntl('')
#3 /wordpress/wp-includes/class-wp-hook.php(348): WP_Hook->apply_filters(0, Array)
#4 /wordpress/wp-includes/plugin.php(517): WP_Hook->do_action(Array)
#5 /wordpress/wp-settings.php(749): do_action('wp_loaded')
#6 /wordpress/wp-config.php(102): require_once('/wordpress/wp-s...')
#7 /wordpress/wp-load.php(50): require_once('/wordpress/wp-c...')
#8 /internal/eval.php(3): require_once('/wordpress/wp-l...')
#9 {main}
  thrown in /wordpress/wp-content/plugins/minimum-purchase-for-woocommerce/woo-integration/vtmin-parent-functions.php on line 13
[21-May-2025 22:32:52 UTC] PHP Fatal error:  Uncaught Error: Call to undefined function mysql_connect() in /wordpress/wp-content/plugins/mixed-updates/mixed-updates.php:123
Stack trace:
#0 /wordpress/wp-includes/class-wp-hook.php(324): mixu_activate(false)
#1 /wordpress/wp-includes/class-wp-hook.php(348): WP_Hook->apply_filters('', Array)
#2 /wordpress/wp-includes/plugin.php(517): WP_Hook->do_action(Array)
#3 /wordpress/wp-admin/includes/plugin.php(703): do_action('activate_mixed-...', false)
#4 /internal/eval.php(20): activate_plugin('mixed-updates/m...')
#5 {main}
  thrown in /wordpress/wp-content/plugins/mixed-updates/mixed-updates.php on line 123
[21-May-2025 22:32:59 UTC] PHP Fatal error:  Uncaught Error: Call to undefined function mysql_connect() in /wordpress/wp-content/plugins/mixed-updates/mixed-updates.php:123
Stack trace:
#0 /wordpress/wp-includes/class-wp-hook.php(324): mixu_activate(false)
#1 /wordpress/wp-includes/class-wp-hook.php(348): WP_Hook->apply_filters('', Array)
#2 /wordpress/wp-includes/plugin.php(517): WP_Hook->do_action(Array)
#3 /wordpress/wp-admin/includes/plugin.php(703): do_action('activate_mixed-...', false)
#4 /internal/eval.php(20): activate_plugin('mixed-updates/m...')
#5 {main}
  thrown in /wordpress/wp-content/plugins/mixed-updates/mixed-updates.php on line 123

    at Object.onBind (file:///home/runner/work/playground-tester/playground-tester/node_modules/@wp-playground/cli/index.js:237:15)
    at process.processTicksAndRejections (node:internal/process/task_queues:105:5)
    at async V (file:///home/runner/work/playground-tester/playground-tester/node_modules/@wp-playground/cli/index.js:64:10)
    at async ja (file:///home/runner/work/playground-tester/playground-tester/node_modules/@wp-playground/cli/cli.js:8161:12) {
  [cause]: Error: Error when executing the blueprint step #1 ({"step":"installPlugin","pluginData":{"resource":"wordpress.org/plugins","slug":"mixed-updates"},"options":{"activate":true}}) : PHP.run() failed with exit code 255 and the following output: 
      at Object.run (file:///home/runner/work/playground-tester/playground-tester/node_modules/@wp-playground/blueprints/index.js:12449:19)
      at process.processTicksAndRejections (node:internal/process/task_queues:105:5)
      at async ms (file:///home/runner/work/playground-tester/playground-tester/node_modules/@wp-playground/blueprints/index.js:12552:3)
      ... 2 lines matching cause stack trace ...
      at async ja (file:///home/runner/work/playground-tester/playground-tester/node_modules/@wp-playground/cli/cli.js:8161:12) {
    [cause]: PHPExecutionFailureError: PHP.run() failed with exit code 255 and the following output: 
        at PHP.run (file:///home/runner/work/playground-tester/playground-tester/node_modules/@php-wasm/universal/index.js:987:19)
        at process.processTicksAndRejections (node:internal/process/task_queues:105:5)
        at async wr (file:///home/runner/work/playground-tester/playground-tester/node_modules/@wp-playground/blueprints/index.js:33:39)
        at async Object.gt [as installPlugin] (file:///home/runner/work/playground-tester/playground-tester/node_modules/@wp-playground/blueprints/index.js:974:42)
        at async g (file:///home/runner/work/playground-tester/playground-tester/node_modules/@wp-playground/blueprints/index.js:12517:30)
        at async Object.run (file:///home/runner/work/playground-tester/playground-tester/node_modules/@wp-playground/blueprints/index.js:12446:23)
        at async ms (file:///home/runner/work/playground-tester/playground-tester/node_modules/@wp-playground/blueprints/index.js:12552:3)
        at async Object.onBind (file:///home/runner/work/playground-tester/playground-tester/node_modules/@wp-playground/cli/index.js:227:48)
        at async V (file:///home/runner/work/playground-tester/playground-tester/node_modules/@wp-playground/cli/index.js:64:10)
        at async ja (file:///home/runner/work/playground-tester/playground-tester/node_modules/@wp-playground/cli/cli.js:8161:12) {
      response: PHPResponse {
        httpStatusCode: 500,
        headers: {
          'x-powered-by': [ 'PHP/8.0.30-dev' ],
          'content-type': [ 'text/html; charset=UTF-8' ]
        },
        bytes: Uint8Array(0) [],
        exitCode: 255,
        errors: ''
      },
      source: 'request'
    }
  }
}

Node.js v23.11.0
