file:///home/runner/work/playground-tester/playground-tester/node_modules/@wp-playground/cli/index.js:237
        throw new Error(y, { cause: u });
              ^

Error: [07-May-2025 11:47:59 UTC] PHP Notice:  Function wp_register_style was called <strong>incorrectly</strong>. Scripts and styles should not be registered or enqueued until the <code>wp_enqueue_scripts</code>, <code>admin_enqueue_scripts</code>, or <code>login_enqueue_scripts</code> hooks. This notice was triggered by the <code>daecolor_style</code> handle. Please see <a href="https://developer.wordpress.org/advanced-administration/debug/debug-wordpress/">Debugging in WordPress</a> for more information. (This message was added in version 3.3.0.) in /wordpress/wp-includes/functions.php on line 6121
[07-May-2025 11:47:59 UTC] PHP Notice:  Function is_feed was called <strong>incorrectly</strong>. Conditional query tags do not work before the query is run. Before then, they always return false. Please see <a href="https://developer.wordpress.org/advanced-administration/debug/debug-wordpress/">Debugging in WordPress</a> for more information. (This message was added in version 3.1.0.) in /wordpress/wp-includes/functions.php on line 6121
[07-May-2025 11:47:59 UTC] PHP Notice:  Function wp_enqueue_style was called <strong>incorrectly</strong>. Scripts and styles should not be registered or enqueued until the <code>wp_enqueue_scripts</code>, <code>admin_enqueue_scripts</code>, or <code>login_enqueue_scripts</code> hooks. This notice was triggered by the <code>daecolor_style</code> handle. Please see <a href="https://developer.wordpress.org/advanced-administration/debug/debug-wordpress/">Debugging in WordPress</a> for more information. (This message was added in version 3.3.0.) in /wordpress/wp-includes/functions.php on line 6121
[07-May-2025 11:47:59 UTC] PHP Notice:  Function wp_register_script was called <strong>incorrectly</strong>. Scripts and styles should not be registered or enqueued until the <code>wp_enqueue_scripts</code>, <code>admin_enqueue_scripts</code>, or <code>login_enqueue_scripts</code> hooks. This notice was triggered by the <code>jscolor</code> handle. Please see <a href="https://developer.wordpress.org/advanced-administration/debug/debug-wordpress/">Debugging in WordPress</a> for more information. (This message was added in version 3.3.0.) in /wordpress/wp-includes/functions.php on line 6121
[07-May-2025 11:47:59 UTC] PHP Notice:  Function wp_enqueue_script was called <strong>incorrectly</strong>. Scripts and styles should not be registered or enqueued until the <code>wp_enqueue_scripts</code>, <code>admin_enqueue_scripts</code>, or <code>login_enqueue_scripts</code> hooks. This notice was triggered by the <code>jscolor</code> handle. Please see <a href="https://developer.wordpress.org/advanced-administration/debug/debug-wordpress/">Debugging in WordPress</a> for more information. (This message was added in version 3.3.0.) in /wordpress/wp-includes/functions.php on line 6121
[07-May-2025 11:48:09 UTC] PHP Notice:  Function wp_register_style was called <strong>incorrectly</strong>. Scripts and styles should not be registered or enqueued until the <code>wp_enqueue_scripts</code>, <code>admin_enqueue_scripts</code>, or <code>login_enqueue_scripts</code> hooks. This notice was triggered by the <code>daecolor_style</code> handle. Please see <a href="https://developer.wordpress.org/advanced-administration/debug/debug-wordpress/">Debugging in WordPress</a> for more information. (This message was added in version 3.3.0.) in /wordpress/wp-includes/functions.php on line 6121
[07-May-2025 11:48:09 UTC] PHP Notice:  Function is_feed was called <strong>incorrectly</strong>. Conditional query tags do not work before the query is run. Before then, they always return false. Please see <a href="https://developer.wordpress.org/advanced-administration/debug/debug-wordpress/">Debugging in WordPress</a> for more information. (This message was added in version 3.1.0.) in /wordpress/wp-includes/functions.php on line 6121
[07-May-2025 11:48:09 UTC] PHP Notice:  Function wp_enqueue_style was called <strong>incorrectly</strong>. Scripts and styles should not be registered or enqueued until the <code>wp_enqueue_scripts</code>, <code>admin_enqueue_scripts</code>, or <code>login_enqueue_scripts</code> hooks. This notice was triggered by the <code>daecolor_style</code> handle. Please see <a href="https://developer.wordpress.org/advanced-administration/debug/debug-wordpress/">Debugging in WordPress</a> for more information. (This message was added in version 3.3.0.) in /wordpress/wp-includes/functions.php on line 6121
[07-May-2025 11:48:09 UTC] PHP Notice:  Function wp_register_script was called <strong>incorrectly</strong>. Scripts and styles should not be registered or enqueued until the <code>wp_enqueue_scripts</code>, <code>admin_enqueue_scripts</code>, or <code>login_enqueue_scripts</code> hooks. This notice was triggered by the <code>jscolor</code> handle. Please see <a href="https://developer.wordpress.org/advanced-administration/debug/debug-wordpress/">Debugging in WordPress</a> for more information. (This message was added in version 3.3.0.) in /wordpress/wp-includes/functions.php on line 6121
[07-May-2025 11:48:09 UTC] PHP Notice:  Function wp_enqueue_script was called <strong>incorrectly</strong>. Scripts and styles should not be registered or enqueued until the <code>wp_enqueue_scripts</code>, <code>admin_enqueue_scripts</code>, or <code>login_enqueue_scripts</code> hooks. This notice was triggered by the <code>jscolor</code> handle. Please see <a href="https://developer.wordpress.org/advanced-administration/debug/debug-wordpress/">Debugging in WordPress</a> for more information. (This message was added in version 3.3.0.) in /wordpress/wp-includes/functions.php on line 6121
[07-May-2025 11:48:18 UTC] PHP Notice:  Function wp_register_style was called <strong>incorrectly</strong>. Scripts and styles should not be registered or enqueued until the <code>wp_enqueue_scripts</code>, <code>admin_enqueue_scripts</code>, or <code>login_enqueue_scripts</code> hooks. This notice was triggered by the <code>daecolor_style</code> handle. Please see <a href="https://developer.wordpress.org/advanced-administration/debug/debug-wordpress/">Debugging in WordPress</a> for more information. (This message was added in version 3.3.0.) in /wordpress/wp-includes/functions.php on line 6121
[07-May-2025 11:48:18 UTC] PHP Notice:  Function is_feed was called <strong>incorrectly</strong>. Conditional query tags do not work before the query is run. Before then, they always return false. Please see <a href="https://developer.wordpress.org/advanced-administration/debug/debug-wordpress/">Debugging in WordPress</a> for more information. (This message was added in version 3.1.0.) in /wordpress/wp-includes/functions.php on line 6121
[07-May-2025 11:48:18 UTC] PHP Notice:  Function wp_enqueue_style was called <strong>incorrectly</strong>. Scripts and styles should not be registered or enqueued until the <code>wp_enqueue_scripts</code>, <code>admin_enqueue_scripts</code>, or <code>login_enqueue_scripts</code> hooks. This notice was triggered by the <code>daecolor_style</code> handle. Please see <a href="https://developer.wordpress.org/advanced-administration/debug/debug-wordpress/">Debugging in WordPress</a> for more information. (This message was added in version 3.3.0.) in /wordpress/wp-includes/functions.php on line 6121
[07-May-2025 11:48:18 UTC] PHP Notice:  Function wp_register_script was called <strong>incorrectly</strong>. Scripts and styles should not be registered or enqueued until the <code>wp_enqueue_scripts</code>, <code>admin_enqueue_scripts</code>, or <code>login_enqueue_scripts</code> hooks. This notice was triggered by the <code>jscolor</code> handle. Please see <a href="https://developer.wordpress.org/advanced-administration/debug/debug-wordpress/">Debugging in WordPress</a> for more information. (This message was added in version 3.3.0.) in /wordpress/wp-includes/functions.php on line 6121
[07-May-2025 11:48:18 UTC] PHP Notice:  Function wp_enqueue_script was called <strong>incorrectly</strong>. Scripts and styles should not be registered or enqueued until the <code>wp_enqueue_scripts</code>, <code>admin_enqueue_scripts</code>, or <code>login_enqueue_scripts</code> hooks. This notice was triggered by the <code>jscolor</code> handle. Please see <a href="https://developer.wordpress.org/advanced-administration/debug/debug-wordpress/">Debugging in WordPress</a> for more information. (This message was added in version 3.3.0.) in /wordpress/wp-includes/functions.php on line 6121
[07-May-2025 11:48:28 UTC] PHP Deprecated:  Required parameter $is_script follows optional parameter $list in /wordpress/wp-content/plugins/dashboard-quick-actions/assets/admin/redux-framework/inc/class.redux_cdn.php on line 21
[07-May-2025 11:48:28 UTC] PHP Deprecated:  Required parameter $handle follows optional parameter $register in /wordpress/wp-content/plugins/dashboard-quick-actions/assets/admin/redux-framework/inc/class.redux_cdn.php on line 45
[07-May-2025 11:48:28 UTC] PHP Deprecated:  Required parameter $src_cdn follows optional parameter $register in /wordpress/wp-content/plugins/dashboard-quick-actions/assets/admin/redux-framework/inc/class.redux_cdn.php on line 45
[07-May-2025 11:48:28 UTC] PHP Deprecated:  Required parameter $deps follows optional parameter $register in /wordpress/wp-content/plugins/dashboard-quick-actions/assets/admin/redux-framework/inc/class.redux_cdn.php on line 45
[07-May-2025 11:48:28 UTC] PHP Deprecated:  Required parameter $ver follows optional parameter $register in /wordpress/wp-content/plugins/dashboard-quick-actions/assets/admin/redux-framework/inc/class.redux_cdn.php on line 45
[07-May-2025 11:48:28 UTC] PHP Deprecated:  Required parameter $footer_or_media follows optional parameter $register in /wordpress/wp-content/plugins/dashboard-quick-actions/assets/admin/redux-framework/inc/class.redux_cdn.php on line 45
[07-May-2025 11:48:28 UTC] PHP Deprecated:  Required parameter $handle follows optional parameter $register in /wordpress/wp-content/plugins/dashboard-quick-actions/assets/admin/redux-framework/inc/class.redux_cdn.php on line 100
[07-May-2025 11:48:28 UTC] PHP Deprecated:  Required parameter $src_cdn follows optional parameter $register in /wordpress/wp-content/plugins/dashboard-quick-actions/assets/admin/redux-framework/inc/class.redux_cdn.php on line 100
[07-May-2025 11:48:28 UTC] PHP Deprecated:  Required parameter $deps follows optional parameter $register in /wordpress/wp-content/plugins/dashboard-quick-actions/assets/admin/redux-framework/inc/class.redux_cdn.php on line 100
[07-May-2025 11:48:28 UTC] PHP Deprecated:  Required parameter $ver follows optional parameter $register in /wordpress/wp-content/plugins/dashboard-quick-actions/assets/admin/redux-framework/inc/class.redux_cdn.php on line 100
[07-May-2025 11:48:28 UTC] PHP Deprecated:  Required parameter $footer_or_media follows optional parameter $register in /wordpress/wp-content/plugins/dashboard-quick-actions/assets/admin/redux-framework/inc/class.redux_cdn.php on line 100
[07-May-2025 11:48:28 UTC] PHP Deprecated:  Required parameter $path follows optional parameter $expire in /wordpress/wp-content/plugins/dashboard-quick-actions/assets/admin/redux-framework/inc/class.redux_functions.php on line 54
[07-May-2025 11:48:28 UTC] PHP Fatal error:  Uncaught Error: Attempt to modify property "admin_notices" on null in /wordpress/wp-content/plugins/dashboard-quick-actions/assets/admin/redux-framework/inc/class.redux_filesystem.php:29
Stack trace:
#0 /wordpress/wp-content/plugins/dashboard-quick-actions/assets/admin/redux-framework/inc/class.redux_filesystem.php(47): Redux_Filesystem->__construct()
#1 /wordpress/wp-content/plugins/dashboard-quick-actions/assets/admin/redux-framework/inc/class.redux_filesystem.php(285): Redux_Filesystem::get_instance()
#2 /wordpress/wp-content/plugins/dashboard-quick-actions/assets/admin/redux-framework/framework.php(51): require_once('/wordpress/wp-c...')
#3 /wordpress/wp-content/plugins/dashboard-quick-actions/dashboard-quick-actions.php(20): require_once('/wordpress/wp-c...')
#4 /wordpress/wp-admin/includes/plugin.php(2387): include_once('/wordpress/wp-c...')
#5 /wordpress/wp-admin/includes/plugin.php(673): plugin_sandbox_scrape('dashboard-quick...')
#6 /internal/eval.php(20): activate_plugin('dashboard-quick...')
#7 {main}
  thrown in /wordpress/wp-content/plugins/dashboard-quick-actions/assets/admin/redux-framework/inc/class.redux_filesystem.php on line 29
[07-May-2025 11:48:39 UTC] PHP Deprecated:  Required parameter $is_script follows optional parameter $list in /wordpress/wp-content/plugins/dashboard-quick-actions/assets/admin/redux-framework/inc/class.redux_cdn.php on line 21
[07-May-2025 11:48:39 UTC] PHP Deprecated:  Required parameter $handle follows optional parameter $register in /wordpress/wp-content/plugins/dashboard-quick-actions/assets/admin/redux-framework/inc/class.redux_cdn.php on line 45
[07-May-2025 11:48:39 UTC] PHP Deprecated:  Required parameter $src_cdn follows optional parameter $register in /wordpress/wp-content/plugins/dashboard-quick-actions/assets/admin/redux-framework/inc/class.redux_cdn.php on line 45
[07-May-2025 11:48:39 UTC] PHP Deprecated:  Required parameter $deps follows optional parameter $register in /wordpress/wp-content/plugins/dashboard-quick-actions/assets/admin/redux-framework/inc/class.redux_cdn.php on line 45
[07-May-2025 11:48:39 UTC] PHP Deprecated:  Required parameter $ver follows optional parameter $register in /wordpress/wp-content/plugins/dashboard-quick-actions/assets/admin/redux-framework/inc/class.redux_cdn.php on line 45
[07-May-2025 11:48:39 UTC] PHP Deprecated:  Required parameter $footer_or_media follows optional parameter $register in /wordpress/wp-content/plugins/dashboard-quick-actions/assets/admin/redux-framework/inc/class.redux_cdn.php on line 45
[07-May-2025 11:48:39 UTC] PHP Deprecated:  Required parameter $handle follows optional parameter $register in /wordpress/wp-content/plugins/dashboard-quick-actions/assets/admin/redux-framework/inc/class.redux_cdn.php on line 100
[07-May-2025 11:48:39 UTC] PHP Deprecated:  Required parameter $src_cdn follows optional parameter $register in /wordpress/wp-content/plugins/dashboard-quick-actions/assets/admin/redux-framework/inc/class.redux_cdn.php on line 100
[07-May-2025 11:48:39 UTC] PHP Deprecated:  Required parameter $deps follows optional parameter $register in /wordpress/wp-content/plugins/dashboard-quick-actions/assets/admin/redux-framework/inc/class.redux_cdn.php on line 100
[07-May-2025 11:48:39 UTC] PHP Deprecated:  Required parameter $ver follows optional parameter $register in /wordpress/wp-content/plugins/dashboard-quick-actions/assets/admin/redux-framework/inc/class.redux_cdn.php on line 100
[07-May-2025 11:48:39 UTC] PHP Deprecated:  Required parameter $footer_or_media follows optional parameter $register in /wordpress/wp-content/plugins/dashboard-quick-actions/assets/admin/redux-framework/inc/class.redux_cdn.php on line 100
[07-May-2025 11:48:39 UTC] PHP Deprecated:  Required parameter $path follows optional parameter $expire in /wordpress/wp-content/plugins/dashboard-quick-actions/assets/admin/redux-framework/inc/class.redux_functions.php on line 54
[07-May-2025 11:48:39 UTC] PHP Fatal error:  Uncaught Error: Attempt to modify property "admin_notices" on null in /wordpress/wp-content/plugins/dashboard-quick-actions/assets/admin/redux-framework/inc/class.redux_filesystem.php:29
Stack trace:
#0 /wordpress/wp-content/plugins/dashboard-quick-actions/assets/admin/redux-framework/inc/class.redux_filesystem.php(47): Redux_Filesystem->__construct()
#1 /wordpress/wp-content/plugins/dashboard-quick-actions/assets/admin/redux-framework/inc/class.redux_filesystem.php(285): Redux_Filesystem::get_instance()
#2 /wordpress/wp-content/plugins/dashboard-quick-actions/assets/admin/redux-framework/framework.php(51): require_once('/wordpress/wp-c...')
#3 /wordpress/wp-content/plugins/dashboard-quick-actions/dashboard-quick-actions.php(20): require_once('/wordpress/wp-c...')
#4 /wordpress/wp-admin/includes/plugin.php(2387): include_once('/wordpress/wp-c...')
#5 /wordpress/wp-admin/includes/plugin.php(673): plugin_sandbox_scrape('dashboard-quick...')
#6 /internal/eval.php(20): activate_plugin('dashboard-quick...')
#7 {main}
  thrown in /wordpress/wp-content/plugins/dashboard-quick-actions/assets/admin/redux-framework/inc/class.redux_filesystem.php on line 29
[07-May-2025 11:48:49 UTC] PHP Deprecated:  Required parameter $is_script follows optional parameter $list in /wordpress/wp-content/plugins/dashboard-quick-actions/assets/admin/redux-framework/inc/class.redux_cdn.php on line 21
[07-May-2025 11:48:49 UTC] PHP Deprecated:  Required parameter $handle follows optional parameter $register in /wordpress/wp-content/plugins/dashboard-quick-actions/assets/admin/redux-framework/inc/class.redux_cdn.php on line 45
[07-May-2025 11:48:49 UTC] PHP Deprecated:  Required parameter $src_cdn follows optional parameter $register in /wordpress/wp-content/plugins/dashboard-quick-actions/assets/admin/redux-framework/inc/class.redux_cdn.php on line 45
[07-May-2025 11:48:49 UTC] PHP Deprecated:  Required parameter $deps follows optional parameter $register in /wordpress/wp-content/plugins/dashboard-quick-actions/assets/admin/redux-framework/inc/class.redux_cdn.php on line 45
[07-May-2025 11:48:49 UTC] PHP Deprecated:  Required parameter $ver follows optional parameter $register in /wordpress/wp-content/plugins/dashboard-quick-actions/assets/admin/redux-framework/inc/class.redux_cdn.php on line 45
[07-May-2025 11:48:49 UTC] PHP Deprecated:  Required parameter $footer_or_media follows optional parameter $register in /wordpress/wp-content/plugins/dashboard-quick-actions/assets/admin/redux-framework/inc/class.redux_cdn.php on line 45
[07-May-2025 11:48:49 UTC] PHP Deprecated:  Required parameter $handle follows optional parameter $register in /wordpress/wp-content/plugins/dashboard-quick-actions/assets/admin/redux-framework/inc/class.redux_cdn.php on line 100
[07-May-2025 11:48:49 UTC] PHP Deprecated:  Required parameter $src_cdn follows optional parameter $register in /wordpress/wp-content/plugins/dashboard-quick-actions/assets/admin/redux-framework/inc/class.redux_cdn.php on line 100
[07-May-2025 11:48:49 UTC] PHP Deprecated:  Required parameter $deps follows optional parameter $register in /wordpress/wp-content/plugins/dashboard-quick-actions/assets/admin/redux-framework/inc/class.redux_cdn.php on line 100
[07-May-2025 11:48:49 UTC] PHP Deprecated:  Required parameter $ver follows optional parameter $register in /wordpress/wp-content/plugins/dashboard-quick-actions/assets/admin/redux-framework/inc/class.redux_cdn.php on line 100
[07-May-2025 11:48:49 UTC] PHP Deprecated:  Required parameter $footer_or_media follows optional parameter $register in /wordpress/wp-content/plugins/dashboard-quick-actions/assets/admin/redux-framework/inc/class.redux_cdn.php on line 100
[07-May-2025 11:48:49 UTC] PHP Deprecated:  Required parameter $path follows optional parameter $expire in /wordpress/wp-content/plugins/dashboard-quick-actions/assets/admin/redux-framework/inc/class.redux_functions.php on line 54
[07-May-2025 11:48:49 UTC] PHP Fatal error:  Uncaught Error: Attempt to modify property "admin_notices" on null in /wordpress/wp-content/plugins/dashboard-quick-actions/assets/admin/redux-framework/inc/class.redux_filesystem.php:29
Stack trace:
#0 /wordpress/wp-content/plugins/dashboard-quick-actions/assets/admin/redux-framework/inc/class.redux_filesystem.php(47): Redux_Filesystem->__construct()
#1 /wordpress/wp-content/plugins/dashboard-quick-actions/assets/admin/redux-framework/inc/class.redux_filesystem.php(285): Redux_Filesystem::get_instance()
#2 /wordpress/wp-content/plugins/dashboard-quick-actions/assets/admin/redux-framework/framework.php(51): require_once('/wordpress/wp-c...')
#3 /wordpress/wp-content/plugins/dashboard-quick-actions/dashboard-quick-actions.php(20): require_once('/wordpress/wp-c...')
#4 /wordpress/wp-admin/includes/plugin.php(2387): include_once('/wordpress/wp-c...')
#5 /wordpress/wp-admin/includes/plugin.php(673): plugin_sandbox_scrape('dashboard-quick...')
#6 /internal/eval.php(20): activate_plugin('dashboard-quick...')
#7 {main}
  thrown in /wordpress/wp-content/plugins/dashboard-quick-actions/assets/admin/redux-framework/inc/class.redux_filesystem.php on line 29
[07-May-2025 11:48:58 UTC] PHP Fatal error:  Uncaught Error: Failed opening required '/wordpress/wp-content/plugins/dcoda-widgets/library/wordpress/application.php' (include_path='.:') in /wordpress/wp-content/plugins/dcoda-widgets/index.php:10
Stack trace:
#0 /wordpress/wp-admin/includes/plugin.php(2387): include_once()
#1 /wordpress/wp-admin/includes/plugin.php(673): plugin_sandbox_scrape('dcoda-widgets/i...')
#2 /internal/eval.php(20): activate_plugin('dcoda-widgets/i...')
#3 {main}
  thrown in /wordpress/wp-content/plugins/dcoda-widgets/index.php on line 10
[07-May-2025 11:49:06 UTC] PHP Fatal error:  Uncaught Error: Failed opening required '/wordpress/wp-content/plugins/dcoda-widgets/library/wordpress/application.php' (include_path='.:') in /wordpress/wp-content/plugins/dcoda-widgets/index.php:10
Stack trace:
#0 /wordpress/wp-admin/includes/plugin.php(2387): include_once()
#1 /wordpress/wp-admin/includes/plugin.php(673): plugin_sandbox_scrape('dcoda-widgets/i...')
#2 /internal/eval.php(20): activate_plugin('dcoda-widgets/i...')
#3 {main}
  thrown in /wordpress/wp-content/plugins/dcoda-widgets/index.php on line 10
[07-May-2025 11:49:14 UTC] PHP Fatal error:  Uncaught Error: Failed opening required '/wordpress/wp-content/plugins/dcoda-widgets/library/wordpress/application.php' (include_path='.:') in /wordpress/wp-content/plugins/dcoda-widgets/index.php:10
Stack trace:
#0 /wordpress/wp-admin/includes/plugin.php(2387): include_once()
#1 /wordpress/wp-admin/includes/plugin.php(673): plugin_sandbox_scrape('dcoda-widgets/i...')
#2 /internal/eval.php(20): activate_plugin('dcoda-widgets/i...')
#3 {main}
  thrown in /wordpress/wp-content/plugins/dcoda-widgets/index.php on line 10

    at Object.onBind (file:///home/runner/work/playground-tester/playground-tester/node_modules/@wp-playground/cli/index.js:237:15)
    at process.processTicksAndRejections (node:internal/process/task_queues:105:5)
    at async V (file:///home/runner/work/playground-tester/playground-tester/node_modules/@wp-playground/cli/index.js:64:10)
    at async ja (file:///home/runner/work/playground-tester/playground-tester/node_modules/@wp-playground/cli/cli.js:8161:12) {
  [cause]: Error: Error when executing the blueprint step #1 ({"step":"installPlugin","pluginData":{"resource":"wordpress.org/plugins","slug":"debug-bar-transient"},"options":{"activate":true}}) : Could not download "https://downloads.wordpress.org/plugin/debug-bar-transient.latest-stable.zip".
  				Check if the URL is correct and the server is reachable.
  				If it is reachable, the server might be blocking the request.
  				Check the browser console and network tabs for more information.
  
  				## Does the console show the error "No 'Access-Control-Allow-Origin' header"?
  
  				This means the server that hosts your file does not allow requests from other sites
  				(cross-origin requests, or CORS).	You need to move the asset to a server that allows
  				cross-origin file downloads. Learn more about CORS at
  				https://developer.mozilla.org/en-US/docs/Web/HTTP/CORS.
  
  				If your file is on GitHub, load it from "raw.githubusercontent.com".
  				Here's how to do that:
  
  				1. Start with the original GitHub URL of the file. For example:
  				https://github.com/username/repository/blob/branch/filename.
  				2. Replace "github.com" with "raw.githubusercontent.com".
  				3. Remove the "/blob/" part of the URL.
  
  				The resulting URL should look like this:
  				https://raw.githubusercontent.com/username/repository/branch/filename
  
  				Error:
  				Error: Could not download "https://downloads.wordpress.org/plugin/debug-bar-transient.latest-stable.zip"
      at Object.run (file:///home/runner/work/playground-tester/playground-tester/node_modules/@wp-playground/blueprints/index.js:12449:19)
      at process.processTicksAndRejections (node:internal/process/task_queues:105:5)
      at async ms (file:///home/runner/work/playground-tester/playground-tester/node_modules/@wp-playground/blueprints/index.js:12552:3)
      at async Object.onBind (file:///home/runner/work/playground-tester/playground-tester/node_modules/@wp-playground/cli/index.js:227:48)
      at async V (file:///home/runner/work/playground-tester/playground-tester/node_modules/@wp-playground/cli/index.js:64:10)
      at async ja (file:///home/runner/work/playground-tester/playground-tester/node_modules/@wp-playground/cli/cli.js:8161:12) {
    [cause]: Error: Could not download "https://downloads.wordpress.org/plugin/debug-bar-transient.latest-stable.zip".
    				Check if the URL is correct and the server is reachable.
    				If it is reachable, the server might be blocking the request.
    				Check the browser console and network tabs for more information.
    
    				## Does the console show the error "No 'Access-Control-Allow-Origin' header"?
    
    				This means the server that hosts your file does not allow requests from other sites
    				(cross-origin requests, or CORS).	You need to move the asset to a server that allows
    				cross-origin file downloads. Learn more about CORS at
    				https://developer.mozilla.org/en-US/docs/Web/HTTP/CORS.
    
    				If your file is on GitHub, load it from "raw.githubusercontent.com".
    				Here's how to do that:
    
    				1. Start with the original GitHub URL of the file. For example:
    				https://github.com/username/repository/blob/branch/filename.
    				2. Replace "github.com" with "raw.githubusercontent.com".
    				3. Remove the "/blob/" part of the URL.
    
    				The resulting URL should look like this:
    				https://raw.githubusercontent.com/username/repository/branch/filename
    
    				Error:
    				Error: Could not download "https://downloads.wordpress.org/plugin/debug-bar-transient.latest-stable.zip"
        at Ct.resolve (file:///home/runner/work/playground-tester/playground-tester/node_modules/@wp-playground/blueprints/index.js:1472:13)
        at process.processTicksAndRejections (node:internal/process/task_queues:105:5)
        at async _.run (file:///home/runner/work/playground-tester/playground-tester/node_modules/@php-wasm/util/index.js:45:14)
  }
}

Node.js v23.11.0
