file:///home/runner/work/playground-tester/playground-tester/node_modules/@wp-playground/cli/index.js:237
        throw new Error(y, { cause: u });
              ^

Error: [26-May-2025 13:53:47 UTC] PHP Fatal error:  Uncaught ArgumentCountError: Too few arguments to function WP_Widget::__construct(), 0 passed in /wordpress/wp-includes/class-wp-widget-factory.php on line 62 and at least 2 expected in /wordpress/wp-includes/class-wp-widget.php:163
Stack trace:
#0 /wordpress/wp-includes/class-wp-widget-factory.php(62): WP_Widget->__construct()
#1 /wordpress/wp-includes/widgets.php(123): WP_Widget_Factory->register('Fbrelatedpost_W...')
#2 /wordpress/wp-content/plugins/music-bar/music-bar.php(15): register_widget('Fbrelatedpost_W...')
#3 /wordpress/wp-includes/class-wp-hook.php(324): fb_load_widgets('')
#4 /wordpress/wp-includes/class-wp-hook.php(348): WP_Hook->apply_filters(NULL, Array)
#5 /wordpress/wp-includes/plugin.php(517): WP_Hook->do_action(Array)
#6 /wordpress/wp-includes/widgets.php(1870): do_action('widgets_init')
#7 /wordpress/wp-includes/class-wp-hook.php(324): wp_widgets_init('')
#8 /wordpress/wp-includes/class-wp-hook.php(348): WP_Hook->apply_filters(NULL, Array)
#9 /wordpress/wp-includes/plugin.php(517): WP_Hook->do_action(Array)
#10 /wordpress/wp-settings.php(727): do_action('init')
#11 /wordpress/wp-config.php(102): require_once('/wordpress/wp-s...')
#12 /wordpress/wp-load.php(50): require_once('/wordpress/wp-c...')
#13 /internal/eval.php(3): require_once('/wordpress/wp-l...')
#14 {main}
  thrown in /wordpress/wp-includes/class-wp-widget.php on line 163
[26-May-2025 13:53:55 UTC] PHP Fatal error:  Uncaught ArgumentCountError: Too few arguments to function WP_Widget::__construct(), 0 passed in /wordpress/wp-includes/class-wp-widget-factory.php on line 62 and at least 2 expected in /wordpress/wp-includes/class-wp-widget.php:163
Stack trace:
#0 /wordpress/wp-includes/class-wp-widget-factory.php(62): WP_Widget->__construct()
#1 /wordpress/wp-includes/widgets.php(123): WP_Widget_Factory->register('Fbrelatedpost_W...')
#2 /wordpress/wp-content/plugins/music-bar/music-bar.php(15): register_widget('Fbrelatedpost_W...')
#3 /wordpress/wp-includes/class-wp-hook.php(324): fb_load_widgets('')
#4 /wordpress/wp-includes/class-wp-hook.php(348): WP_Hook->apply_filters(NULL, Array)
#5 /wordpress/wp-includes/plugin.php(517): WP_Hook->do_action(Array)
#6 /wordpress/wp-includes/widgets.php(1870): do_action('widgets_init')
#7 /wordpress/wp-includes/class-wp-hook.php(324): wp_widgets_init('')
#8 /wordpress/wp-includes/class-wp-hook.php(348): WP_Hook->apply_filters(NULL, Array)
#9 /wordpress/wp-includes/plugin.php(517): WP_Hook->do_action(Array)
#10 /wordpress/wp-settings.php(727): do_action('init')
#11 /wordpress/wp-config.php(102): require_once('/wordpress/wp-s...')
#12 /wordpress/wp-load.php(50): require_once('/wordpress/wp-c...')
#13 /internal/eval.php(3): require_once('/wordpress/wp-l...')
#14 {main}
  thrown in /wordpress/wp-includes/class-wp-widget.php on line 163
[26-May-2025 13:54:04 UTC] PHP Fatal error:  Uncaught ArgumentCountError: Too few arguments to function WP_Widget::__construct(), 0 passed in /wordpress/wp-includes/class-wp-widget-factory.php on line 62 and at least 2 expected in /wordpress/wp-includes/class-wp-widget.php:163
Stack trace:
#0 /wordpress/wp-includes/class-wp-widget-factory.php(62): WP_Widget->__construct()
#1 /wordpress/wp-includes/widgets.php(123): WP_Widget_Factory->register('Fbrelatedpost_W...')
#2 /wordpress/wp-content/plugins/music-bar/music-bar.php(15): register_widget('Fbrelatedpost_W...')
#3 /wordpress/wp-includes/class-wp-hook.php(324): fb_load_widgets('')
#4 /wordpress/wp-includes/class-wp-hook.php(348): WP_Hook->apply_filters(NULL, Array)
#5 /wordpress/wp-includes/plugin.php(517): WP_Hook->do_action(Array)
#6 /wordpress/wp-includes/widgets.php(1870): do_action('widgets_init')
#7 /wordpress/wp-includes/class-wp-hook.php(324): wp_widgets_init('')
#8 /wordpress/wp-includes/class-wp-hook.php(348): WP_Hook->apply_filters(NULL, Array)
#9 /wordpress/wp-includes/plugin.php(517): WP_Hook->do_action(Array)
#10 /wordpress/wp-settings.php(727): do_action('init')
#11 /wordpress/wp-config.php(102): require_once('/wordpress/wp-s...')
#12 /wordpress/wp-load.php(50): require_once('/wordpress/wp-c...')
#13 /internal/eval.php(3): require_once('/wordpress/wp-l...')
#14 {main}
  thrown in /wordpress/wp-includes/class-wp-widget.php on line 163
[26-May-2025 13:54:13 UTC] PHP Deprecated:  Function register_sidebar_widget is <strong>deprecated</strong> since version 2.8.0! Use wp_register_sidebar_widget() instead. in /wordpress/wp-includes/functions.php on line 6121
[26-May-2025 13:54:13 UTC] PHP Deprecated:  Function register_widget_control is <strong>deprecated</strong> since version 2.8.0! Use wp_register_widget_control() instead. in /wordpress/wp-includes/functions.php on line 6121
[26-May-2025 13:54:20 UTC] PHP Deprecated:  Function register_sidebar_widget is <strong>deprecated</strong> since version 2.8.0! Use wp_register_sidebar_widget() instead. in /wordpress/wp-includes/functions.php on line 6121
[26-May-2025 13:54:20 UTC] PHP Deprecated:  Function register_widget_control is <strong>deprecated</strong> since version 2.8.0! Use wp_register_widget_control() instead. in /wordpress/wp-includes/functions.php on line 6121
[26-May-2025 13:54:28 UTC] PHP Deprecated:  Function register_sidebar_widget is <strong>deprecated</strong> since version 2.8.0! Use wp_register_sidebar_widget() instead. in /wordpress/wp-includes/functions.php on line 6121
[26-May-2025 13:54:28 UTC] PHP Deprecated:  Function register_widget_control is <strong>deprecated</strong> since version 2.8.0! Use wp_register_widget_control() instead. in /wordpress/wp-includes/functions.php on line 6121
[26-May-2025 13:54:57 UTC] PHP Fatal error:  Uncaught ArgumentCountError: Too few arguments to function WP_Widget::__construct(), 0 passed in /wordpress/wp-includes/class-wp-widget-factory.php on line 62 and at least 2 expected in /wordpress/wp-includes/class-wp-widget.php:163
Stack trace:
#0 /wordpress/wp-includes/class-wp-widget-factory.php(62): WP_Widget->__construct()
#1 /wordpress/wp-includes/widgets.php(123): WP_Widget_Factory->register('Books_Widget')
#2 /wordpress/wp-content/plugins/mybooks-for-authors/ot-book-widget.php(10): register_widget('Books_Widget')
#3 /wordpress/wp-includes/class-wp-hook.php(324): books_init_widget('')
#4 /wordpress/wp-includes/class-wp-hook.php(348): WP_Hook->apply_filters(NULL, Array)
#5 /wordpress/wp-includes/plugin.php(517): WP_Hook->do_action(Array)
#6 /wordpress/wp-includes/widgets.php(1870): do_action('widgets_init')
#7 /wordpress/wp-includes/class-wp-hook.php(324): wp_widgets_init('')
#8 /wordpress/wp-includes/class-wp-hook.php(348): WP_Hook->apply_filters(NULL, Array)
#9 /wordpress/wp-includes/plugin.php(517): WP_Hook->do_action(Array)
#10 /wordpress/wp-settings.php(727): do_action('init')
#11 /wordpress/wp-config.php(102): require_once('/wordpress/wp-s...')
#12 /wordpress/wp-load.php(50): require_once('/wordpress/wp-c...')
#13 /internal/eval.php(3): require_once('/wordpress/wp-l...')
#14 {main}
  thrown in /wordpress/wp-includes/class-wp-widget.php on line 163
[26-May-2025 13:55:06 UTC] PHP Fatal error:  Uncaught ArgumentCountError: Too few arguments to function WP_Widget::__construct(), 0 passed in /wordpress/wp-includes/class-wp-widget-factory.php on line 62 and at least 2 expected in /wordpress/wp-includes/class-wp-widget.php:163
Stack trace:
#0 /wordpress/wp-includes/class-wp-widget-factory.php(62): WP_Widget->__construct()
#1 /wordpress/wp-includes/widgets.php(123): WP_Widget_Factory->register('Books_Widget')
#2 /wordpress/wp-content/plugins/mybooks-for-authors/ot-book-widget.php(10): register_widget('Books_Widget')
#3 /wordpress/wp-includes/class-wp-hook.php(324): books_init_widget('')
#4 /wordpress/wp-includes/class-wp-hook.php(348): WP_Hook->apply_filters(NULL, Array)
#5 /wordpress/wp-includes/plugin.php(517): WP_Hook->do_action(Array)
#6 /wordpress/wp-includes/widgets.php(1870): do_action('widgets_init')
#7 /wordpress/wp-includes/class-wp-hook.php(324): wp_widgets_init('')
#8 /wordpress/wp-includes/class-wp-hook.php(348): WP_Hook->apply_filters(NULL, Array)
#9 /wordpress/wp-includes/plugin.php(517): WP_Hook->do_action(Array)
#10 /wordpress/wp-settings.php(727): do_action('init')
#11 /wordpress/wp-config.php(102): require_once('/wordpress/wp-s...')
#12 /wordpress/wp-load.php(50): require_once('/wordpress/wp-c...')
#13 /internal/eval.php(3): require_once('/wordpress/wp-l...')
#14 {main}
  thrown in /wordpress/wp-includes/class-wp-widget.php on line 163
[26-May-2025 13:55:15 UTC] PHP Fatal error:  Uncaught ArgumentCountError: Too few arguments to function WP_Widget::__construct(), 0 passed in /wordpress/wp-includes/class-wp-widget-factory.php on line 62 and at least 2 expected in /wordpress/wp-includes/class-wp-widget.php:163
Stack trace:
#0 /wordpress/wp-includes/class-wp-widget-factory.php(62): WP_Widget->__construct()
#1 /wordpress/wp-includes/widgets.php(123): WP_Widget_Factory->register('Books_Widget')
#2 /wordpress/wp-content/plugins/mybooks-for-authors/ot-book-widget.php(10): register_widget('Books_Widget')
#3 /wordpress/wp-includes/class-wp-hook.php(324): books_init_widget('')
#4 /wordpress/wp-includes/class-wp-hook.php(348): WP_Hook->apply_filters(NULL, Array)
#5 /wordpress/wp-includes/plugin.php(517): WP_Hook->do_action(Array)
#6 /wordpress/wp-includes/widgets.php(1870): do_action('widgets_init')
#7 /wordpress/wp-includes/class-wp-hook.php(324): wp_widgets_init('')
#8 /wordpress/wp-includes/class-wp-hook.php(348): WP_Hook->apply_filters(NULL, Array)
#9 /wordpress/wp-includes/plugin.php(517): WP_Hook->do_action(Array)
#10 /wordpress/wp-settings.php(727): do_action('init')
#11 /wordpress/wp-config.php(102): require_once('/wordpress/wp-s...')
#12 /wordpress/wp-load.php(50): require_once('/wordpress/wp-c...')
#13 /internal/eval.php(3): require_once('/wordpress/wp-l...')
#14 {main}
  thrown in /wordpress/wp-includes/class-wp-widget.php on line 163
[26-May-2025 13:55:51 UTC] Logger initialized at level warn to file : /wordpress/wp-content/plugins/maxicharts/logs/maxicharts-%s.log
[26-May-2025 13:55:51 UTC] PHP Warning:  Trying to access array offset on value of type bool in /wordpress/wp-content/plugins/maxicharts/maxicharts.php on line 192
[26-May-2025 13:55:51 UTC] Logger initialized at level warn to file : /wordpress/wp-content/plugins/maxicharts/logs/maxicharts-%s.log
[26-May-2025 13:55:52 UTC] Logger initialized at level warn to file : /wordpress/wp-content/plugins/maxicharts/logs/maxicharts-%s.log
[26-May-2025 13:55:52 UTC] PHP Warning:  Trying to access array offset on value of type bool in /wordpress/wp-content/plugins/maxicharts/maxicharts.php on line 192
[26-May-2025 13:55:52 UTC] Logger initialized at level warn to file : /wordpress/wp-content/plugins/maxicharts/logs/maxicharts-%s.log
[26-May-2025 13:56:01 UTC] Logger initialized at level warn to file : /wordpress/wp-content/plugins/maxicharts/logs/maxicharts-%s.log
[26-May-2025 13:56:01 UTC] PHP Warning:  Trying to access array offset on value of type bool in /wordpress/wp-content/plugins/maxicharts/maxicharts.php on line 192
[26-May-2025 13:56:01 UTC] Logger initialized at level warn to file : /wordpress/wp-content/plugins/maxicharts/logs/maxicharts-%s.log
[26-May-2025 13:56:02 UTC] Logger initialized at level warn to file : /wordpress/wp-content/plugins/maxicharts/logs/maxicharts-%s.log
[26-May-2025 13:56:02 UTC] PHP Warning:  Trying to access array offset on value of type bool in /wordpress/wp-content/plugins/maxicharts/maxicharts.php on line 192
[26-May-2025 13:56:02 UTC] Logger initialized at level warn to file : /wordpress/wp-content/plugins/maxicharts/logs/maxicharts-%s.log
[26-May-2025 13:56:11 UTC] Logger initialized at level warn to file : /wordpress/wp-content/plugins/maxicharts/logs/maxicharts-%s.log
[26-May-2025 13:56:11 UTC] PHP Warning:  Trying to access array offset on value of type bool in /wordpress/wp-content/plugins/maxicharts/maxicharts.php on line 192
[26-May-2025 13:56:11 UTC] Logger initialized at level warn to file : /wordpress/wp-content/plugins/maxicharts/logs/maxicharts-%s.log
[26-May-2025 13:56:12 UTC] Logger initialized at level warn to file : /wordpress/wp-content/plugins/maxicharts/logs/maxicharts-%s.log
[26-May-2025 13:56:12 UTC] PHP Warning:  Trying to access array offset on value of type bool in /wordpress/wp-content/plugins/maxicharts/maxicharts.php on line 192
[26-May-2025 13:56:12 UTC] Logger initialized at level warn to file : /wordpress/wp-content/plugins/maxicharts/logs/maxicharts-%s.log
[26-May-2025 13:57:14 UTC] PHP Warning:  Trying to access array offset on value of type bool in /wordpress/wp-content/plugins/media-graph-toolkit/index.php on line 32
[26-May-2025 13:57:15 UTC] PHP Warning:  Trying to access array offset on value of type bool in /wordpress/wp-content/plugins/media-graph-toolkit/index.php on line 32
[26-May-2025 13:57:23 UTC] PHP Warning:  Trying to access array offset on value of type bool in /wordpress/wp-content/plugins/media-graph-toolkit/index.php on line 32
[26-May-2025 13:57:24 UTC] PHP Warning:  Trying to access array offset on value of type bool in /wordpress/wp-content/plugins/media-graph-toolkit/index.php on line 32
[26-May-2025 13:57:32 UTC] PHP Warning:  Trying to access array offset on value of type bool in /wordpress/wp-content/plugins/media-graph-toolkit/index.php on line 32
[26-May-2025 13:57:33 UTC] PHP Warning:  Trying to access array offset on value of type bool in /wordpress/wp-content/plugins/media-graph-toolkit/index.php on line 32
[26-May-2025 13:58:28 UTC] PHP Fatal error:  Unparenthesized `a ? b : c ? d : e` is not supported. Use either `(a ? b : c) ? d : e` or `a ? b : (c ? d : e)` in /wordpress/wp-content/plugins/megaticker/libraries/form_saver.megaticker.php on line 9
[26-May-2025 13:58:36 UTC] PHP Fatal error:  Unparenthesized `a ? b : c ? d : e` is not supported. Use either `(a ? b : c) ? d : e` or `a ? b : (c ? d : e)` in /wordpress/wp-content/plugins/megaticker/libraries/form_saver.megaticker.php on line 9
[26-May-2025 13:58:44 UTC] PHP Fatal error:  Unparenthesized `a ? b : c ? d : e` is not supported. Use either `(a ? b : c) ? d : e` or `a ? b : (c ? d : e)` in /wordpress/wp-content/plugins/megaticker/libraries/form_saver.megaticker.php on line 9
[26-May-2025 13:58:54 UTC] PHP Fatal error:  Declaration of Members_Only_Nav_Menu_Walker::start_lvl(&$output, $depth) must be compatible with Walker_Nav_Menu::start_lvl(&$output, $depth = 0, $args = null) in /wordpress/wp-content/plugins/members-only-menu-plugin/members-only-menu-plugin.php on line 37
[26-May-2025 13:59:01 UTC] PHP Fatal error:  Declaration of Members_Only_Nav_Menu_Walker::start_lvl(&$output, $depth) must be compatible with Walker_Nav_Menu::start_lvl(&$output, $depth = 0, $args = null) in /wordpress/wp-content/plugins/members-only-menu-plugin/members-only-menu-plugin.php on line 37
[26-May-2025 13:59:09 UTC] PHP Fatal error:  Declaration of Members_Only_Nav_Menu_Walker::start_lvl(&$output, $depth) must be compatible with Walker_Nav_Menu::start_lvl(&$output, $depth = 0, $args = null) in /wordpress/wp-content/plugins/members-only-menu-plugin/members-only-menu-plugin.php on line 37
[26-May-2025 14:00:18 UTC] PHP Deprecated:  Required parameter $current_cat follows optional parameter $index in /wordpress/wp-content/plugins/memphis-documents-library/includes/mdocs-file-info-small.php on line 2
[26-May-2025 14:00:18 UTC] PHP Deprecated:  Required parameter $data follows optional parameter $tabs in /wordpress/wp-content/plugins/memphis-documents-library/includes/mdocs-functions.php on line 702
[26-May-2025 14:00:19 UTC] PHP Deprecated:  Required parameter $current_cat follows optional parameter $index in /wordpress/wp-content/plugins/memphis-documents-library/includes/mdocs-file-info-small.php on line 2
[26-May-2025 14:00:19 UTC] PHP Deprecated:  Required parameter $data follows optional parameter $tabs in /wordpress/wp-content/plugins/memphis-documents-library/includes/mdocs-functions.php on line 702
[26-May-2025 14:00:20 UTC] PHP Fatal error:  Uncaught TypeError: array_key_exists(): Argument #2 ($array) must be of type array, bool given in /wordpress/wp-content/plugins/memphis-documents-library/includes/mdocs-show-file-info-templates.php:144
Stack trace:
#0 /wordpress/wp-content/plugins/memphis-documents-library/plugins/mdocs-col-thumbnail-example.php(19): mdocs_add_file_info('thumbnails', Array)
#1 /wordpress/wp-includes/class-wp-hook.php(324): mdocs_register_example('')
#2 /wordpress/wp-includes/class-wp-hook.php(348): WP_Hook->apply_filters(NULL, Array)
#3 /wordpress/wp-includes/plugin.php(517): WP_Hook->do_action(Array)
#4 /wordpress/wp-settings.php(749): do_action('wp_loaded')
#5 /wordpress/wp-config.php(102): require_once('/wordpress/wp-s...')
#6 /wordpress/wp-load.php(50): require_once('/wordpress/wp-c...')
#7 /internal/eval.php(3): require_once('/wordpress/wp-l...')
#8 {main}
  thrown in /wordpress/wp-content/plugins/memphis-documents-library/includes/mdocs-show-file-info-templates.php on line 144
[26-May-2025 14:00:28 UTC] PHP Deprecated:  Required parameter $current_cat follows optional parameter $index in /wordpress/wp-content/plugins/memphis-documents-library/includes/mdocs-file-info-small.php on line 2
[26-May-2025 14:00:28 UTC] PHP Deprecated:  Required parameter $data follows optional parameter $tabs in /wordpress/wp-content/plugins/memphis-documents-library/includes/mdocs-functions.php on line 702
[26-May-2025 14:00:29 UTC] PHP Deprecated:  Required parameter $current_cat follows optional parameter $index in /wordpress/wp-content/plugins/memphis-documents-library/includes/mdocs-file-info-small.php on line 2
[26-May-2025 14:00:29 UTC] PHP Deprecated:  Required parameter $data follows optional parameter $tabs in /wordpress/wp-content/plugins/memphis-documents-library/includes/mdocs-functions.php on line 702
[26-May-2025 14:00:30 UTC] PHP Fatal error:  Uncaught TypeError: array_key_exists(): Argument #2 ($array) must be of type array, bool given in /wordpress/wp-content/plugins/memphis-documents-library/includes/mdocs-show-file-info-templates.php:144
Stack trace:
#0 /wordpress/wp-content/plugins/memphis-documents-library/plugins/mdocs-col-thumbnail-example.php(19): mdocs_add_file_info('thumbnails', Array)
#1 /wordpress/wp-includes/class-wp-hook.php(324): mdocs_register_example('')
#2 /wordpress/wp-includes/class-wp-hook.php(348): WP_Hook->apply_filters(NULL, Array)
#3 /wordpress/wp-includes/plugin.php(517): WP_Hook->do_action(Array)
#4 /wordpress/wp-settings.php(749): do_action('wp_loaded')
#5 /wordpress/wp-config.php(102): require_once('/wordpress/wp-s...')
#6 /wordpress/wp-load.php(50): require_once('/wordpress/wp-c...')
#7 /internal/eval.php(3): require_once('/wordpress/wp-l...')
#8 {main}
  thrown in /wordpress/wp-content/plugins/memphis-documents-library/includes/mdocs-show-file-info-templates.php on line 144

    at Object.onBind (file:///home/runner/work/playground-tester/playground-tester/node_modules/@wp-playground/cli/index.js:237:15)
    at process.processTicksAndRejections (node:internal/process/task_queues:105:5)
    at async V (file:///home/runner/work/playground-tester/playground-tester/node_modules/@wp-playground/cli/index.js:64:10)
    at async ja (file:///home/runner/work/playground-tester/playground-tester/node_modules/@wp-playground/cli/cli.js:8161:12) {
  [cause]: Error: Error when executing the blueprint step #1 ({"step":"installPlugin","pluginData":{"resource":"wordpress.org/plugins","slug":"memphis-documents-library"},"options":{"activate":true}}) : PHP.run() failed with exit code 255 and the following output: 
      at Object.run (file:///home/runner/work/playground-tester/playground-tester/node_modules/@wp-playground/blueprints/index.js:12449:19)
      at process.processTicksAndRejections (node:internal/process/task_queues:105:5)
      at async ms (file:///home/runner/work/playground-tester/playground-tester/node_modules/@wp-playground/blueprints/index.js:12552:3)
      ... 2 lines matching cause stack trace ...
      at async ja (file:///home/runner/work/playground-tester/playground-tester/node_modules/@wp-playground/cli/cli.js:8161:12) {
    [cause]: PHPExecutionFailureError: PHP.run() failed with exit code 255 and the following output: 
        at PHP.run (file:///home/runner/work/playground-tester/playground-tester/node_modules/@php-wasm/universal/index.js:987:19)
        at process.processTicksAndRejections (node:internal/process/task_queues:105:5)
        at async wr (file:///home/runner/work/playground-tester/playground-tester/node_modules/@wp-playground/blueprints/index.js:73:13)
        at async Object.gt [as installPlugin] (file:///home/runner/work/playground-tester/playground-tester/node_modules/@wp-playground/blueprints/index.js:974:42)
        at async g (file:///home/runner/work/playground-tester/playground-tester/node_modules/@wp-playground/blueprints/index.js:12517:30)
        at async Object.run (file:///home/runner/work/playground-tester/playground-tester/node_modules/@wp-playground/blueprints/index.js:12446:23)
        at async ms (file:///home/runner/work/playground-tester/playground-tester/node_modules/@wp-playground/blueprints/index.js:12552:3)
        at async Object.onBind (file:///home/runner/work/playground-tester/playground-tester/node_modules/@wp-playground/cli/index.js:227:48)
        at async V (file:///home/runner/work/playground-tester/playground-tester/node_modules/@wp-playground/cli/index.js:64:10)
        at async ja (file:///home/runner/work/playground-tester/playground-tester/node_modules/@wp-playground/cli/cli.js:8161:12) {
      response: PHPResponse {
        httpStatusCode: 500,
        headers: {
          'x-powered-by': [ 'PHP/8.0.30-dev' ],
          'content-type': [ 'text/html; charset=UTF-8' ],
          expires: [ 'Wed, 11 Jan 1984 05:00:00 GMT' ],
          'cache-control': [ 'no-cache, must-revalidate, max-age=0, no-store, private' ]
        },
        bytes: Uint8Array(2653) [
           60,  33,  68,  79,  67,  84,  89,  80,  69,  32, 104, 116,
          109, 108,  62,  10,  60, 104, 116, 109, 108,  32, 108,  97,
          110, 103,  61,  34, 101, 110,  45,  85,  83,  34,  62,  10,
           60, 104, 101,  97, 100,  62,  10,   9,  60, 109, 101, 116,
           97,  32, 104, 116, 116, 112,  45, 101, 113, 117, 105, 118,
           61,  34,  67, 111, 110, 116, 101, 110, 116,  45,  84, 121,
          112, 101,  34,  32,  99, 111, 110, 116, 101, 110, 116,  61,
           34, 116, 101, 120, 116,  47, 104, 116, 109, 108,  59,  32,
           99, 104,  97, 114,
          ... 2553 more items
        ],
        exitCode: 255,
        errors: ''
      },
      source: 'request'
    }
  }
}

Node.js v23.11.0
