file:///home/runner/work/playground-tester/playground-tester/node_modules/@wp-playground/cli/index.js:237
        throw new Error(y, { cause: u });
              ^

Error: [26-May-2025 10:07:09 UTC] PHP Warning:  Trying to access array offset on value of type bool in /wordpress/wp-content/plugins/wp-mourning/wp-mourning.php on line 43
[26-May-2025 10:07:09 UTC] PHP Warning:  Trying to access array offset on value of type bool in /wordpress/wp-content/plugins/wp-mourning/wp-mourning.php on line 45
[26-May-2025 10:07:09 UTC] PHP Warning:  Trying to access array offset on value of type bool in /wordpress/wp-content/plugins/wp-mourning/wp-mourning.php on line 62
[26-May-2025 10:07:09 UTC] PHP Warning:  Trying to access array offset on value of type bool in /wordpress/wp-content/plugins/wp-mourning/wp-mourning.php on line 64
[26-May-2025 10:07:18 UTC] PHP Warning:  Trying to access array offset on value of type bool in /wordpress/wp-content/plugins/wp-mourning/wp-mourning.php on line 43
[26-May-2025 10:07:18 UTC] PHP Warning:  Trying to access array offset on value of type bool in /wordpress/wp-content/plugins/wp-mourning/wp-mourning.php on line 45
[26-May-2025 10:07:18 UTC] PHP Warning:  Trying to access array offset on value of type bool in /wordpress/wp-content/plugins/wp-mourning/wp-mourning.php on line 62
[26-May-2025 10:07:18 UTC] PHP Warning:  Trying to access array offset on value of type bool in /wordpress/wp-content/plugins/wp-mourning/wp-mourning.php on line 64
[26-May-2025 10:07:26 UTC] PHP Warning:  Trying to access array offset on value of type bool in /wordpress/wp-content/plugins/wp-mourning/wp-mourning.php on line 43
[26-May-2025 10:07:26 UTC] PHP Warning:  Trying to access array offset on value of type bool in /wordpress/wp-content/plugins/wp-mourning/wp-mourning.php on line 45
[26-May-2025 10:07:26 UTC] PHP Warning:  Trying to access array offset on value of type bool in /wordpress/wp-content/plugins/wp-mourning/wp-mourning.php on line 62
[26-May-2025 10:07:26 UTC] PHP Warning:  Trying to access array offset on value of type bool in /wordpress/wp-content/plugins/wp-mourning/wp-mourning.php on line 64
[26-May-2025 10:07:37 UTC] PHP Notice:  Function _load_textdomain_just_in_time was called <strong>incorrectly</strong>. Translation loading for the <code>wp-noexternallinks</code> domain was triggered too early. This is usually an indicator for some code in the plugin or theme running too early. Translations should be loaded at the <code>init</code> action or later. Please see <a href="https://developer.wordpress.org/advanced-administration/debug/debug-wordpress/">Debugging in WordPress</a> for more information. (This message was added in version 6.7.0.) in /wordpress/wp-includes/functions.php on line 6121
[26-May-2025 10:07:45 UTC] PHP Notice:  Function _load_textdomain_just_in_time was called <strong>incorrectly</strong>. Translation loading for the <code>wp-noexternallinks</code> domain was triggered too early. This is usually an indicator for some code in the plugin or theme running too early. Translations should be loaded at the <code>init</code> action or later. Please see <a href="https://developer.wordpress.org/advanced-administration/debug/debug-wordpress/">Debugging in WordPress</a> for more information. (This message was added in version 6.7.0.) in /wordpress/wp-includes/functions.php on line 6121
[26-May-2025 10:07:54 UTC] PHP Notice:  Function _load_textdomain_just_in_time was called <strong>incorrectly</strong>. Translation loading for the <code>wp-noexternallinks</code> domain was triggered too early. This is usually an indicator for some code in the plugin or theme running too early. Translations should be loaded at the <code>init</code> action or later. Please see <a href="https://developer.wordpress.org/advanced-administration/debug/debug-wordpress/">Debugging in WordPress</a> for more information. (This message was added in version 6.7.0.) in /wordpress/wp-includes/functions.php on line 6121
[26-May-2025 10:08:03 UTC] PHP Fatal error:  Uncaught Error: Call to undefined function create_function() in /wordpress/wp-content/plugins/wp-os-flv/wposflv.php:87
Stack trace:
#0 /wordpress/wp-content/plugins/wp-os-flv/wposflv.php(221): WPOSFLV->__construct()
#1 /wordpress/wp-admin/includes/plugin.php(2387): include_once('/wordpress/wp-c...')
#2 /wordpress/wp-admin/includes/plugin.php(673): plugin_sandbox_scrape('wp-os-flv/wposf...')
#3 /internal/eval.php(20): activate_plugin('wp-os-flv/wposf...')
#4 {main}
  thrown in /wordpress/wp-content/plugins/wp-os-flv/wposflv.php on line 87
[26-May-2025 10:08:11 UTC] PHP Fatal error:  Uncaught Error: Call to undefined function create_function() in /wordpress/wp-content/plugins/wp-os-flv/wposflv.php:87
Stack trace:
#0 /wordpress/wp-content/plugins/wp-os-flv/wposflv.php(221): WPOSFLV->__construct()
#1 /wordpress/wp-admin/includes/plugin.php(2387): include_once('/wordpress/wp-c...')
#2 /wordpress/wp-admin/includes/plugin.php(673): plugin_sandbox_scrape('wp-os-flv/wposf...')
#3 /internal/eval.php(20): activate_plugin('wp-os-flv/wposf...')
#4 {main}
  thrown in /wordpress/wp-content/plugins/wp-os-flv/wposflv.php on line 87
[26-May-2025 10:08:18 UTC] PHP Fatal error:  Uncaught Error: Call to undefined function create_function() in /wordpress/wp-content/plugins/wp-os-flv/wposflv.php:87
Stack trace:
#0 /wordpress/wp-content/plugins/wp-os-flv/wposflv.php(221): WPOSFLV->__construct()
#1 /wordpress/wp-admin/includes/plugin.php(2387): include_once('/wordpress/wp-c...')
#2 /wordpress/wp-admin/includes/plugin.php(673): plugin_sandbox_scrape('wp-os-flv/wposf...')
#3 /internal/eval.php(20): activate_plugin('wp-os-flv/wposf...')
#4 {main}
  thrown in /wordpress/wp-content/plugins/wp-os-flv/wposflv.php on line 87
[26-May-2025 10:08:28 UTC] PHP Notice:  Function wp_register_script was called <strong>incorrectly</strong>. Scripts and styles should not be registered or enqueued until the <code>wp_enqueue_scripts</code>, <code>admin_enqueue_scripts</code>, or <code>login_enqueue_scripts</code> hooks. This notice was triggered by the <code>media-new-change-size</code> handle. Please see <a href="https://developer.wordpress.org/advanced-administration/debug/debug-wordpress/">Debugging in WordPress</a> for more information. (This message was added in version 3.3.0.) in /wordpress/wp-includes/functions.php on line 6121
[26-May-2025 10:08:37 UTC] PHP Notice:  Function wp_register_script was called <strong>incorrectly</strong>. Scripts and styles should not be registered or enqueued until the <code>wp_enqueue_scripts</code>, <code>admin_enqueue_scripts</code>, or <code>login_enqueue_scripts</code> hooks. This notice was triggered by the <code>media-new-change-size</code> handle. Please see <a href="https://developer.wordpress.org/advanced-administration/debug/debug-wordpress/">Debugging in WordPress</a> for more information. (This message was added in version 3.3.0.) in /wordpress/wp-includes/functions.php on line 6121
[26-May-2025 10:08:45 UTC] PHP Notice:  Function wp_register_script was called <strong>incorrectly</strong>. Scripts and styles should not be registered or enqueued until the <code>wp_enqueue_scripts</code>, <code>admin_enqueue_scripts</code>, or <code>login_enqueue_scripts</code> hooks. This notice was triggered by the <code>media-new-change-size</code> handle. Please see <a href="https://developer.wordpress.org/advanced-administration/debug/debug-wordpress/">Debugging in WordPress</a> for more information. (This message was added in version 3.3.0.) in /wordpress/wp-includes/functions.php on line 6121
[26-May-2025 10:08:54 UTC] PHP Fatal error:  Uncaught Error: Call to undefined function create_function() in /wordpress/wp-content/plugins/wp-plugin-reviews/wp-plugin-reviews.php:135
Stack trace:
#0 /wordpress/wp-admin/includes/plugin.php(2387): include_once()
#1 /wordpress/wp-admin/includes/plugin.php(673): plugin_sandbox_scrape('wp-plugin-revie...')
#2 /internal/eval.php(20): activate_plugin('wp-plugin-revie...')
#3 {main}
  thrown in /wordpress/wp-content/plugins/wp-plugin-reviews/wp-plugin-reviews.php on line 135
[26-May-2025 10:09:01 UTC] PHP Fatal error:  Uncaught Error: Call to undefined function create_function() in /wordpress/wp-content/plugins/wp-plugin-reviews/wp-plugin-reviews.php:135
Stack trace:
#0 /wordpress/wp-admin/includes/plugin.php(2387): include_once()
#1 /wordpress/wp-admin/includes/plugin.php(673): plugin_sandbox_scrape('wp-plugin-revie...')
#2 /internal/eval.php(20): activate_plugin('wp-plugin-revie...')
#3 {main}
  thrown in /wordpress/wp-content/plugins/wp-plugin-reviews/wp-plugin-reviews.php on line 135
[26-May-2025 10:09:09 UTC] PHP Fatal error:  Uncaught Error: Call to undefined function create_function() in /wordpress/wp-content/plugins/wp-plugin-reviews/wp-plugin-reviews.php:135
Stack trace:
#0 /wordpress/wp-admin/includes/plugin.php(2387): include_once()
#1 /wordpress/wp-admin/includes/plugin.php(673): plugin_sandbox_scrape('wp-plugin-revie...')
#2 /internal/eval.php(20): activate_plugin('wp-plugin-revie...')
#3 {main}
  thrown in /wordpress/wp-content/plugins/wp-plugin-reviews/wp-plugin-reviews.php on line 135
[26-May-2025 10:09:17 UTC] PHP Deprecated:  Required parameter $max_num_pages follows optional parameter $label in /wordpress/wp-content/plugins/wp-posts-filter/wp-posts-filter.php on line 379
[26-May-2025 10:09:17 UTC] PHP Deprecated:  Required parameter $post_date follows optional parameter $date_format in /wordpress/wp-content/plugins/wp-posts-filter/wp-posts-filter.php on line 686
[26-May-2025 10:09:18 UTC] PHP Deprecated:  Required parameter $max_num_pages follows optional parameter $label in /wordpress/wp-content/plugins/wp-posts-filter/wp-posts-filter.php on line 379
[26-May-2025 10:09:18 UTC] PHP Deprecated:  Required parameter $post_date follows optional parameter $date_format in /wordpress/wp-content/plugins/wp-posts-filter/wp-posts-filter.php on line 686
[26-May-2025 10:09:19 UTC] PHP Fatal error:  Uncaught TypeError: call_user_func_array(): Argument #1 ($callback) must be a valid callback, non-static method wp_posts_filter::wppf_init() cannot be called statically in /wordpress/wp-includes/class-wp-hook.php:324
Stack trace:
#0 /wordpress/wp-includes/class-wp-hook.php(348): WP_Hook->apply_filters(NULL, Array)
#1 /wordpress/wp-includes/plugin.php(517): WP_Hook->do_action(Array)
#2 /wordpress/wp-settings.php(727): do_action('init')
#3 /wordpress/wp-config.php(102): require_once('/wordpress/wp-s...')
#4 /wordpress/wp-load.php(50): require_once('/wordpress/wp-c...')
#5 /internal/eval.php(3): require_once('/wordpress/wp-l...')
#6 {main}
  thrown in /wordpress/wp-includes/class-wp-hook.php on line 324
[26-May-2025 10:09:27 UTC] PHP Deprecated:  Required parameter $max_num_pages follows optional parameter $label in /wordpress/wp-content/plugins/wp-posts-filter/wp-posts-filter.php on line 379
[26-May-2025 10:09:27 UTC] PHP Deprecated:  Required parameter $post_date follows optional parameter $date_format in /wordpress/wp-content/plugins/wp-posts-filter/wp-posts-filter.php on line 686
[26-May-2025 10:09:28 UTC] PHP Deprecated:  Required parameter $max_num_pages follows optional parameter $label in /wordpress/wp-content/plugins/wp-posts-filter/wp-posts-filter.php on line 379
[26-May-2025 10:09:28 UTC] PHP Deprecated:  Required parameter $post_date follows optional parameter $date_format in /wordpress/wp-content/plugins/wp-posts-filter/wp-posts-filter.php on line 686
[26-May-2025 10:09:29 UTC] PHP Fatal error:  Uncaught TypeError: call_user_func_array(): Argument #1 ($callback) must be a valid callback, non-static method wp_posts_filter::wppf_init() cannot be called statically in /wordpress/wp-includes/class-wp-hook.php:324
Stack trace:
#0 /wordpress/wp-includes/class-wp-hook.php(348): WP_Hook->apply_filters(NULL, Array)
#1 /wordpress/wp-includes/plugin.php(517): WP_Hook->do_action(Array)
#2 /wordpress/wp-settings.php(727): do_action('init')
#3 /wordpress/wp-config.php(102): require_once('/wordpress/wp-s...')
#4 /wordpress/wp-load.php(50): require_once('/wordpress/wp-c...')
#5 /internal/eval.php(3): require_once('/wordpress/wp-l...')
#6 {main}
  thrown in /wordpress/wp-includes/class-wp-hook.php on line 324
[26-May-2025 10:09:36 UTC] PHP Deprecated:  Required parameter $max_num_pages follows optional parameter $label in /wordpress/wp-content/plugins/wp-posts-filter/wp-posts-filter.php on line 379
[26-May-2025 10:09:36 UTC] PHP Deprecated:  Required parameter $post_date follows optional parameter $date_format in /wordpress/wp-content/plugins/wp-posts-filter/wp-posts-filter.php on line 686
[26-May-2025 10:09:37 UTC] PHP Deprecated:  Required parameter $max_num_pages follows optional parameter $label in /wordpress/wp-content/plugins/wp-posts-filter/wp-posts-filter.php on line 379
[26-May-2025 10:09:37 UTC] PHP Deprecated:  Required parameter $post_date follows optional parameter $date_format in /wordpress/wp-content/plugins/wp-posts-filter/wp-posts-filter.php on line 686
[26-May-2025 10:09:37 UTC] PHP Fatal error:  Uncaught TypeError: call_user_func_array(): Argument #1 ($callback) must be a valid callback, non-static method wp_posts_filter::wppf_init() cannot be called statically in /wordpress/wp-includes/class-wp-hook.php:324
Stack trace:
#0 /wordpress/wp-includes/class-wp-hook.php(348): WP_Hook->apply_filters(NULL, Array)
#1 /wordpress/wp-includes/plugin.php(517): WP_Hook->do_action(Array)
#2 /wordpress/wp-settings.php(727): do_action('init')
#3 /wordpress/wp-config.php(102): require_once('/wordpress/wp-s...')
#4 /wordpress/wp-load.php(50): require_once('/wordpress/wp-c...')
#5 /internal/eval.php(3): require_once('/wordpress/wp-l...')
#6 {main}
  thrown in /wordpress/wp-includes/class-wp-hook.php on line 324
[26-May-2025 10:09:45 UTC] PHP Fatal error:  Uncaught Error: Undefined constant "WCP_Query" in /wordpress/wp-content/plugins/wp-query-shortcodes-generator/index.php:29
Stack trace:
#0 /wordpress/wp-admin/includes/plugin.php(2387): include_once()
#1 /wordpress/wp-admin/includes/plugin.php(673): plugin_sandbox_scrape('wp-query-shortc...')
#2 /internal/eval.php(20): activate_plugin('wp-query-shortc...')
#3 {main}
  thrown in /wordpress/wp-content/plugins/wp-query-shortcodes-generator/index.php on line 29
[26-May-2025 10:09:52 UTC] PHP Fatal error:  Uncaught Error: Undefined constant "WCP_Query" in /wordpress/wp-content/plugins/wp-query-shortcodes-generator/index.php:29
Stack trace:
#0 /wordpress/wp-admin/includes/plugin.php(2387): include_once()
#1 /wordpress/wp-admin/includes/plugin.php(673): plugin_sandbox_scrape('wp-query-shortc...')
#2 /internal/eval.php(20): activate_plugin('wp-query-shortc...')
#3 {main}
  thrown in /wordpress/wp-content/plugins/wp-query-shortcodes-generator/index.php on line 29
[26-May-2025 10:09:59 UTC] PHP Fatal error:  Uncaught Error: Undefined constant "WCP_Query" in /wordpress/wp-content/plugins/wp-query-shortcodes-generator/index.php:29
Stack trace:
#0 /wordpress/wp-admin/includes/plugin.php(2387): include_once()
#1 /wordpress/wp-admin/includes/plugin.php(673): plugin_sandbox_scrape('wp-query-shortc...')
#2 /internal/eval.php(20): activate_plugin('wp-query-shortc...')
#3 {main}
  thrown in /wordpress/wp-content/plugins/wp-query-shortcodes-generator/index.php on line 29

    at Object.onBind (file:///home/runner/work/playground-tester/playground-tester/node_modules/@wp-playground/cli/index.js:237:15)
    at process.processTicksAndRejections (node:internal/process/task_queues:105:5)
    at async V (file:///home/runner/work/playground-tester/playground-tester/node_modules/@wp-playground/cli/index.js:64:10)
    at async ja (file:///home/runner/work/playground-tester/playground-tester/node_modules/@wp-playground/cli/cli.js:8161:12) {
  [cause]: Error: Error when executing the blueprint step #1 ({"step":"installPlugin","pluginData":{"resource":"wordpress.org/plugins","slug":"wp-query-shortcodes-generator"},"options":{"activate":true}}) : PHP.run() failed with exit code 255 and the following output: 
      at Object.run (file:///home/runner/work/playground-tester/playground-tester/node_modules/@wp-playground/blueprints/index.js:12449:19)
      at process.processTicksAndRejections (node:internal/process/task_queues:105:5)
      at async ms (file:///home/runner/work/playground-tester/playground-tester/node_modules/@wp-playground/blueprints/index.js:12552:3)
      ... 2 lines matching cause stack trace ...
      at async ja (file:///home/runner/work/playground-tester/playground-tester/node_modules/@wp-playground/cli/cli.js:8161:12) {
    [cause]: PHPExecutionFailureError: PHP.run() failed with exit code 255 and the following output: 
        at PHP.run (file:///home/runner/work/playground-tester/playground-tester/node_modules/@php-wasm/universal/index.js:987:19)
        at process.processTicksAndRejections (node:internal/process/task_queues:105:5)
        at async wr (file:///home/runner/work/playground-tester/playground-tester/node_modules/@wp-playground/blueprints/index.js:33:39)
        at async Object.gt [as installPlugin] (file:///home/runner/work/playground-tester/playground-tester/node_modules/@wp-playground/blueprints/index.js:974:42)
        at async g (file:///home/runner/work/playground-tester/playground-tester/node_modules/@wp-playground/blueprints/index.js:12517:30)
        at async Object.run (file:///home/runner/work/playground-tester/playground-tester/node_modules/@wp-playground/blueprints/index.js:12446:23)
        at async ms (file:///home/runner/work/playground-tester/playground-tester/node_modules/@wp-playground/blueprints/index.js:12552:3)
        at async Object.onBind (file:///home/runner/work/playground-tester/playground-tester/node_modules/@wp-playground/cli/index.js:227:48)
        at async V (file:///home/runner/work/playground-tester/playground-tester/node_modules/@wp-playground/cli/index.js:64:10)
        at async ja (file:///home/runner/work/playground-tester/playground-tester/node_modules/@wp-playground/cli/cli.js:8161:12) {
      response: PHPResponse {
        httpStatusCode: 500,
        headers: {
          'x-powered-by': [ 'PHP/8.0.30-dev' ],
          'content-type': [ 'text/html; charset=UTF-8' ]
        },
        bytes: Uint8Array(0) [],
        exitCode: 255,
        errors: ''
      },
      source: 'request'
    }
  }
}

Node.js v23.11.0
