file:///home/runner/work/playground-tester/playground-tester/node_modules/@wp-playground/cli/run-cli-j-geJYS3.js:325
        throw new Error($, { cause: h });
              ^

Error: [03-Jun-2025 20:50:05 UTC] PHP Fatal error:  Uncaught TypeError: call_user_func_array(): Argument #1 ($callback) must be a valid callback, non-static method frinedship_meter_scale::meter_init() cannot be called statically in /wordpress/wp-includes/class-wp-hook.php:324
Stack trace:
#0 /wordpress/wp-includes/class-wp-hook.php(348): WP_Hook->apply_filters(NULL, Array)
#1 /wordpress/wp-includes/plugin.php(517): WP_Hook->do_action(Array)
#2 /wordpress/wp-includes/widgets.php(1870): do_action('widgets_init')
#3 /wordpress/wp-includes/class-wp-hook.php(324): wp_widgets_init('')
#4 /wordpress/wp-includes/class-wp-hook.php(348): WP_Hook->apply_filters(NULL, Array)
#5 /wordpress/wp-includes/plugin.php(517): WP_Hook->do_action(Array)
#6 /wordpress/wp-settings.php(727): do_action('init')
#7 /wordpress/wp-config.php(102): require_once('/wordpress/wp-s...')
#8 /wordpress/wp-load.php(50): require_once('/wordpress/wp-c...')
#9 /internal/eval.php(3): require_once('/wordpress/wp-l...')
#10 {main}
  thrown in /wordpress/wp-includes/class-wp-hook.php on line 324
[03-Jun-2025 20:50:14 UTC] PHP Fatal error:  Uncaught TypeError: call_user_func_array(): Argument #1 ($callback) must be a valid callback, non-static method frinedship_meter_scale::meter_init() cannot be called statically in /wordpress/wp-includes/class-wp-hook.php:324
Stack trace:
#0 /wordpress/wp-includes/class-wp-hook.php(348): WP_Hook->apply_filters(NULL, Array)
#1 /wordpress/wp-includes/plugin.php(517): WP_Hook->do_action(Array)
#2 /wordpress/wp-includes/widgets.php(1870): do_action('widgets_init')
#3 /wordpress/wp-includes/class-wp-hook.php(324): wp_widgets_init('')
#4 /wordpress/wp-includes/class-wp-hook.php(348): WP_Hook->apply_filters(NULL, Array)
#5 /wordpress/wp-includes/plugin.php(517): WP_Hook->do_action(Array)
#6 /wordpress/wp-settings.php(727): do_action('init')
#7 /wordpress/wp-config.php(102): require_once('/wordpress/wp-s...')
#8 /wordpress/wp-load.php(50): require_once('/wordpress/wp-c...')
#9 /internal/eval.php(3): require_once('/wordpress/wp-l...')
#10 {main}
  thrown in /wordpress/wp-includes/class-wp-hook.php on line 324
[03-Jun-2025 20:50:24 UTC] PHP Fatal error:  Uncaught TypeError: call_user_func_array(): Argument #1 ($callback) must be a valid callback, non-static method frinedship_meter_scale::meter_init() cannot be called statically in /wordpress/wp-includes/class-wp-hook.php:324
Stack trace:
#0 /wordpress/wp-includes/class-wp-hook.php(348): WP_Hook->apply_filters(NULL, Array)
#1 /wordpress/wp-includes/plugin.php(517): WP_Hook->do_action(Array)
#2 /wordpress/wp-includes/widgets.php(1870): do_action('widgets_init')
#3 /wordpress/wp-includes/class-wp-hook.php(324): wp_widgets_init('')
#4 /wordpress/wp-includes/class-wp-hook.php(348): WP_Hook->apply_filters(NULL, Array)
#5 /wordpress/wp-includes/plugin.php(517): WP_Hook->do_action(Array)
#6 /wordpress/wp-settings.php(727): do_action('init')
#7 /wordpress/wp-config.php(102): require_once('/wordpress/wp-s...')
#8 /wordpress/wp-load.php(50): require_once('/wordpress/wp-c...')
#9 /internal/eval.php(3): require_once('/wordpress/wp-l...')
#10 {main}
  thrown in /wordpress/wp-includes/class-wp-hook.php on line 324
[03-Jun-2025 20:50:34 UTC] PHP Deprecated:  Required parameter $name follows optional parameter $submit_btn_txt in /wordpress/wp-content/plugins/front-page-by-category-2/front-page-by-category.php on line 252
[03-Jun-2025 20:50:34 UTC] PHP Deprecated:  Required parameter $email follows optional parameter $submit_btn_txt in /wordpress/wp-content/plugins/front-page-by-category-2/front-page-by-category.php on line 252
[03-Jun-2025 20:50:34 UTC] PHP Deprecated:  Required parameter $name follows optional parameter $form_name in /wordpress/wp-content/plugins/front-page-by-category-2/front-page-by-category.php on line 318
[03-Jun-2025 20:50:34 UTC] PHP Deprecated:  Required parameter $email follows optional parameter $form_name in /wordpress/wp-content/plugins/front-page-by-category-2/front-page-by-category.php on line 318
[03-Jun-2025 20:50:34 UTC] PHP Deprecated:  Required parameter $userdata follows optional parameter $form_name in /wordpress/wp-content/plugins/front-page-by-category-2/front-page-by-category.php on line 384
[03-Jun-2025 20:50:34 UTC] PHP Warning:  Undefined variable $mban_path in /wordpress/wp-content/plugins/front-page-by-category-2/front-page-by-category.php on line 34
[03-Jun-2025 20:50:34 UTC] PHP Warning:  Undefined variable $mbpffr_dir in /wordpress/wp-content/plugins/front-page-by-category-2/front-page-by-category.php on line 37
[03-Jun-2025 20:50:35 UTC] PHP Deprecated:  Required parameter $name follows optional parameter $submit_btn_txt in /wordpress/wp-content/plugins/front-page-by-category-2/front-page-by-category.php on line 252
[03-Jun-2025 20:50:35 UTC] PHP Deprecated:  Required parameter $email follows optional parameter $submit_btn_txt in /wordpress/wp-content/plugins/front-page-by-category-2/front-page-by-category.php on line 252
[03-Jun-2025 20:50:35 UTC] PHP Deprecated:  Required parameter $name follows optional parameter $form_name in /wordpress/wp-content/plugins/front-page-by-category-2/front-page-by-category.php on line 318
[03-Jun-2025 20:50:35 UTC] PHP Deprecated:  Required parameter $email follows optional parameter $form_name in /wordpress/wp-content/plugins/front-page-by-category-2/front-page-by-category.php on line 318
[03-Jun-2025 20:50:35 UTC] PHP Deprecated:  Required parameter $userdata follows optional parameter $form_name in /wordpress/wp-content/plugins/front-page-by-category-2/front-page-by-category.php on line 384
[03-Jun-2025 20:50:35 UTC] PHP Warning:  Undefined variable $mban_path in /wordpress/wp-content/plugins/front-page-by-category-2/front-page-by-category.php on line 34
[03-Jun-2025 20:50:35 UTC] PHP Warning:  Undefined variable $mbpffr_dir in /wordpress/wp-content/plugins/front-page-by-category-2/front-page-by-category.php on line 37
[03-Jun-2025 20:50:43 UTC] PHP Deprecated:  Required parameter $name follows optional parameter $submit_btn_txt in /wordpress/wp-content/plugins/front-page-by-category-2/front-page-by-category.php on line 252
[03-Jun-2025 20:50:43 UTC] PHP Deprecated:  Required parameter $email follows optional parameter $submit_btn_txt in /wordpress/wp-content/plugins/front-page-by-category-2/front-page-by-category.php on line 252
[03-Jun-2025 20:50:43 UTC] PHP Deprecated:  Required parameter $name follows optional parameter $form_name in /wordpress/wp-content/plugins/front-page-by-category-2/front-page-by-category.php on line 318
[03-Jun-2025 20:50:43 UTC] PHP Deprecated:  Required parameter $email follows optional parameter $form_name in /wordpress/wp-content/plugins/front-page-by-category-2/front-page-by-category.php on line 318
[03-Jun-2025 20:50:43 UTC] PHP Deprecated:  Required parameter $userdata follows optional parameter $form_name in /wordpress/wp-content/plugins/front-page-by-category-2/front-page-by-category.php on line 384
[03-Jun-2025 20:50:43 UTC] PHP Warning:  Undefined variable $mban_path in /wordpress/wp-content/plugins/front-page-by-category-2/front-page-by-category.php on line 34
[03-Jun-2025 20:50:43 UTC] PHP Warning:  Undefined variable $mbpffr_dir in /wordpress/wp-content/plugins/front-page-by-category-2/front-page-by-category.php on line 37
[03-Jun-2025 20:50:44 UTC] PHP Deprecated:  Required parameter $name follows optional parameter $submit_btn_txt in /wordpress/wp-content/plugins/front-page-by-category-2/front-page-by-category.php on line 252
[03-Jun-2025 20:50:44 UTC] PHP Deprecated:  Required parameter $email follows optional parameter $submit_btn_txt in /wordpress/wp-content/plugins/front-page-by-category-2/front-page-by-category.php on line 252
[03-Jun-2025 20:50:44 UTC] PHP Deprecated:  Required parameter $name follows optional parameter $form_name in /wordpress/wp-content/plugins/front-page-by-category-2/front-page-by-category.php on line 318
[03-Jun-2025 20:50:44 UTC] PHP Deprecated:  Required parameter $email follows optional parameter $form_name in /wordpress/wp-content/plugins/front-page-by-category-2/front-page-by-category.php on line 318
[03-Jun-2025 20:50:44 UTC] PHP Deprecated:  Required parameter $userdata follows optional parameter $form_name in /wordpress/wp-content/plugins/front-page-by-category-2/front-page-by-category.php on line 384
[03-Jun-2025 20:50:44 UTC] PHP Warning:  Undefined variable $mban_path in /wordpress/wp-content/plugins/front-page-by-category-2/front-page-by-category.php on line 34
[03-Jun-2025 20:50:44 UTC] PHP Warning:  Undefined variable $mbpffr_dir in /wordpress/wp-content/plugins/front-page-by-category-2/front-page-by-category.php on line 37
[03-Jun-2025 20:50:52 UTC] PHP Deprecated:  Required parameter $name follows optional parameter $submit_btn_txt in /wordpress/wp-content/plugins/front-page-by-category-2/front-page-by-category.php on line 252
[03-Jun-2025 20:50:52 UTC] PHP Deprecated:  Required parameter $email follows optional parameter $submit_btn_txt in /wordpress/wp-content/plugins/front-page-by-category-2/front-page-by-category.php on line 252
[03-Jun-2025 20:50:52 UTC] PHP Deprecated:  Required parameter $name follows optional parameter $form_name in /wordpress/wp-content/plugins/front-page-by-category-2/front-page-by-category.php on line 318
[03-Jun-2025 20:50:52 UTC] PHP Deprecated:  Required parameter $email follows optional parameter $form_name in /wordpress/wp-content/plugins/front-page-by-category-2/front-page-by-category.php on line 318
[03-Jun-2025 20:50:52 UTC] PHP Deprecated:  Required parameter $userdata follows optional parameter $form_name in /wordpress/wp-content/plugins/front-page-by-category-2/front-page-by-category.php on line 384
[03-Jun-2025 20:50:52 UTC] PHP Warning:  Undefined variable $mban_path in /wordpress/wp-content/plugins/front-page-by-category-2/front-page-by-category.php on line 34
[03-Jun-2025 20:50:52 UTC] PHP Warning:  Undefined variable $mbpffr_dir in /wordpress/wp-content/plugins/front-page-by-category-2/front-page-by-category.php on line 37
[03-Jun-2025 20:50:53 UTC] PHP Deprecated:  Required parameter $name follows optional parameter $submit_btn_txt in /wordpress/wp-content/plugins/front-page-by-category-2/front-page-by-category.php on line 252
[03-Jun-2025 20:50:53 UTC] PHP Deprecated:  Required parameter $email follows optional parameter $submit_btn_txt in /wordpress/wp-content/plugins/front-page-by-category-2/front-page-by-category.php on line 252
[03-Jun-2025 20:50:53 UTC] PHP Deprecated:  Required parameter $name follows optional parameter $form_name in /wordpress/wp-content/plugins/front-page-by-category-2/front-page-by-category.php on line 318
[03-Jun-2025 20:50:53 UTC] PHP Deprecated:  Required parameter $email follows optional parameter $form_name in /wordpress/wp-content/plugins/front-page-by-category-2/front-page-by-category.php on line 318
[03-Jun-2025 20:50:53 UTC] PHP Deprecated:  Required parameter $userdata follows optional parameter $form_name in /wordpress/wp-content/plugins/front-page-by-category-2/front-page-by-category.php on line 384
[03-Jun-2025 20:50:53 UTC] PHP Warning:  Undefined variable $mban_path in /wordpress/wp-content/plugins/front-page-by-category-2/front-page-by-category.php on line 34
[03-Jun-2025 20:50:53 UTC] PHP Warning:  Undefined variable $mbpffr_dir in /wordpress/wp-content/plugins/front-page-by-category-2/front-page-by-category.php on line 37
[03-Jun-2025 20:52:02 UTC] PHP Deprecated:  Function load_plugin_textdomain was called with an argument that is <strong>deprecated</strong> since version 2.7.0 with no alternative available. in /wordpress/wp-includes/functions.php on line 6121
[03-Jun-2025 20:52:11 UTC] PHP Deprecated:  Function load_plugin_textdomain was called with an argument that is <strong>deprecated</strong> since version 2.7.0 with no alternative available. in /wordpress/wp-includes/functions.php on line 6121
[03-Jun-2025 20:52:20 UTC] PHP Deprecated:  Function load_plugin_textdomain was called with an argument that is <strong>deprecated</strong> since version 2.7.0 with no alternative available. in /wordpress/wp-includes/functions.php on line 6121

    at Object.onBind (file:///home/runner/work/playground-tester/playground-tester/node_modules/@wp-playground/cli/run-cli-j-geJYS3.js:325:15)
    at process.processTicksAndRejections (node:internal/process/task_queues:105:5)
    at async re (file:///home/runner/work/playground-tester/playground-tester/node_modules/@wp-playground/cli/run-cli-j-geJYS3.js:149:10) {
  [cause]: Error: Error when executing the blueprint step #1 ({"step":"installPlugin","pluginData":{"resource":"wordpress.org/plugins","slug":"faf"},"options":{"activate":true}}) : Plugin /wordpress/wp-content/plugins/faf could not be activated – WordPress exited with no error. Sometimes, when $_SERVER or site options are not configured correctly, WordPress exits early with a 301 redirect. Inspect the "debug" logs in the console for more details.
      at Object.run (file:///home/runner/work/playground-tester/playground-tester/node_modules/@wp-playground/blueprints/index.js:12093:19)
      at process.processTicksAndRejections (node:internal/process/task_queues:105:5)
      at async ys (file:///home/runner/work/playground-tester/playground-tester/node_modules/@wp-playground/blueprints/index.js:12196:3)
      at async Object.onBind (file:///home/runner/work/playground-tester/playground-tester/node_modules/@wp-playground/cli/run-cli-j-geJYS3.js:315:48)
      at async re (file:///home/runner/work/playground-tester/playground-tester/node_modules/@wp-playground/cli/run-cli-j-geJYS3.js:149:10) {
    [cause]: Error: Plugin /wordpress/wp-content/plugins/faf could not be activated – WordPress exited with no error. Sometimes, when $_SERVER or site options are not configured correctly, WordPress exits early with a 301 redirect. Inspect the "debug" logs in the console for more details.
        at wr (file:///home/runner/work/playground-tester/playground-tester/node_modules/@wp-playground/blueprints/index.js:120:51)
        at process.processTicksAndRejections (node:internal/process/task_queues:105:5)
        at async Object.gt [as installPlugin] (file:///home/runner/work/playground-tester/playground-tester/node_modules/@wp-playground/blueprints/index.js:631:42)
        at async g (file:///home/runner/work/playground-tester/playground-tester/node_modules/@wp-playground/blueprints/index.js:12161:30)
        at async Object.run (file:///home/runner/work/playground-tester/playground-tester/node_modules/@wp-playground/blueprints/index.js:12090:23)
        at async ys (file:///home/runner/work/playground-tester/playground-tester/node_modules/@wp-playground/blueprints/index.js:12196:3)
        at async Object.onBind (file:///home/runner/work/playground-tester/playground-tester/node_modules/@wp-playground/cli/run-cli-j-geJYS3.js:315:48)
        at async re (file:///home/runner/work/playground-tester/playground-tester/node_modules/@wp-playground/cli/run-cli-j-geJYS3.js:149:10)
  }
}

Node.js v23.11.0
