file:///home/runner/work/playground-tester/playground-tester/node_modules/@wp-playground/cli/index.js:237
        throw new Error(y, { cause: u });
              ^

Error: [25-Apr-2025 11:45:58 UTC] PHP Deprecated:  Required parameter $post follows optional parameter $field in /wordpress/wp-content/plugins/librafire-pinpoints/includes/lib/class-lf-pinpoints-admin-api.php on line 290
[25-Apr-2025 11:45:58 UTC] PHP Deprecated:  Required parameter $post follows optional parameter $field in /wordpress/wp-content/plugins/librafire-pinpoints/includes/lib/class-lf-pinpoints-admin-api.php on line 290
[25-Apr-2025 11:46:05 UTC] PHP Deprecated:  Required parameter $post follows optional parameter $field in /wordpress/wp-content/plugins/librafire-pinpoints/includes/lib/class-lf-pinpoints-admin-api.php on line 290
[25-Apr-2025 11:46:07 UTC] PHP Deprecated:  Required parameter $post follows optional parameter $field in /wordpress/wp-content/plugins/librafire-pinpoints/includes/lib/class-lf-pinpoints-admin-api.php on line 290
[25-Apr-2025 11:46:14 UTC] PHP Deprecated:  Required parameter $post follows optional parameter $field in /wordpress/wp-content/plugins/librafire-pinpoints/includes/lib/class-lf-pinpoints-admin-api.php on line 290
[25-Apr-2025 11:46:15 UTC] PHP Deprecated:  Required parameter $post follows optional parameter $field in /wordpress/wp-content/plugins/librafire-pinpoints/includes/lib/class-lf-pinpoints-admin-api.php on line 290
[25-Apr-2025 11:47:18 UTC] PHP Parse error:  syntax error, unexpected ')' in /wordpress/wp-content/plugins/lightweight-cookie-notice-free/admin/class-daextlwcnf-admin.php on line 921
[25-Apr-2025 11:47:27 UTC] PHP Parse error:  syntax error, unexpected ')' in /wordpress/wp-content/plugins/lightweight-cookie-notice-free/admin/class-daextlwcnf-admin.php on line 921
[25-Apr-2025 11:47:37 UTC] PHP Parse error:  syntax error, unexpected ')' in /wordpress/wp-content/plugins/lightweight-cookie-notice-free/admin/class-daextlwcnf-admin.php on line 921
[25-Apr-2025 11:49:26 UTC] WordPress database error <div style="clear:both">&nbsp;</div>
<div class="queries" style="clear:both;margin-bottom:2px;border:red dotted thin;">
<p>MySQL query:</p>
<p>SHOW COLUMNS FROM wp_sc_log LIKE 'IS_BOT'</p>
<p>Queries made or created this session were:</p>
<ol>
<li>Executing: BEGIN | (no parameters)</li>
<li>Executing: SELECT 1 FROM sqlite_temp_schema WHERE type = 'table' AND name = ? | parameters: wp_sc_log</li>
<li>Executing: SELECT 1 FROM _wp_sqlite_mysql_information_schema_tables WHERE table_schema = ? AND table_name = ? | parameters: database_name_here, wp_sc_log</li>
<li>Executing: ROLLBACK | (no parameters)</li>
</ol>
</div>
<div style="clear:both;margin-bottom:2px;border:red dotted thin;" class="error_message" style="border-bottom:dotted blue thin;">
Table 'database_name_here.wp_sc_log' doesn't exist
</div>
<p>Backtrace:</p>
<pre>#0 /internal/shared/sqlite-database-integration/wp-includes/sqlite-ast/class-wp-sqlite-driver.php(690): WP_SQLite_Driver->new_driver_exception('Table 'database...', 0, Object(WP_SQLite_Driver_Exception))
#1 /internal/shared/sqlite-database-integration/wp-includes/sqlite/class-wp-sqlite-db.php(472): WP_SQLite_Driver->query('SHOW COLUMNS FR...')
#2 /internal/shared/sqlite-database-integration/wp-includes/sqlite/class-wp-sqlite-db.php(413): WP_SQLite_DB->_do_query('SHOW COLUMNS FR...')
#3 /wordpress/wp-includes/class-wpdb.php(3146): WP_SQLite_DB->query('SHOW COLUMNS FR...')
#4 /wordpress/wp-content/plugins/link-to-us/linktous.php(126): wpdb->get_results('SHOW COLUMNS FR...')
#5 /wordpress/wp-content/plugins/link-to-us/linktous.php(159): wp_ltu_install_db()
#6 /wordpress/wp-includes/class-wp-hook.php(324): link_to_us_init('')
#7 /wordpress/wp-includes/class-wp-hook.php(348): WP_Hook->apply_filters(NULL, Array)
#8 /wordpress/wp-includes/plugin.php(517): WP_Hook->do_action(Array)
#9 /wordpress/wp-settings.php(578): do_action('plugins_loaded')
#10 /wordpress/wp-config.php(102): require_once('/wordpress/wp-s...')
#11 /wordpress/wp-load.php(50): require_once('/wordpress/wp-c...')
#12 /internal/eval.php(3): require_once('/wordpress/wp-l...')
#13 {main}</pre>
 for query SHOW COLUMNS FROM wp_sc_log LIKE 'IS_BOT' made by require_once('wp-load.php'), require_once('wp-config.php'), require_once('wp-settings.php'), do_action('plugins_loaded'), WP_Hook->do_action, WP_Hook->apply_filters, link_to_us_init, wp_ltu_install_db, WP_SQLite_DB->query, WP_SQLite_DB->print_error
[25-Apr-2025 11:49:26 UTC] WordPress database error <div style="clear:both">&nbsp;</div>
<div class="queries" style="clear:both;margin-bottom:2px;border:red dotted thin;">
<p>MySQL query:</p>
<p>SHOW COLUMNS FROM wp_sc_log LIKE 'is_hitwit'</p>
<p>Queries made or created this session were:</p>
<ol>
<li>Executing: BEGIN | (no parameters)</li>
<li>Executing: SELECT 1 FROM sqlite_temp_schema WHERE type = 'table' AND name = ? | parameters: wp_sc_log</li>
<li>Executing: SELECT 1 FROM _wp_sqlite_mysql_information_schema_tables WHERE table_schema = ? AND table_name = ? | parameters: database_name_here, wp_sc_log</li>
<li>Executing: ROLLBACK | (no parameters)</li>
</ol>
</div>
<div style="clear:both;margin-bottom:2px;border:red dotted thin;" class="error_message" style="border-bottom:dotted blue thin;">
Table 'database_name_here.wp_sc_log' doesn't exist
</div>
<p>Backtrace:</p>
<pre>#0 /internal/shared/sqlite-database-integration/wp-includes/sqlite-ast/class-wp-sqlite-driver.php(690): WP_SQLite_Driver->new_driver_exception('Table 'database...', 0, Object(WP_SQLite_Driver_Exception))
#1 /internal/shared/sqlite-database-integration/wp-includes/sqlite/class-wp-sqlite-db.php(472): WP_SQLite_Driver->query('SHOW COLUMNS FR...')
#2 /internal/shared/sqlite-database-integration/wp-includes/sqlite/class-wp-sqlite-db.php(413): WP_SQLite_DB->_do_query('SHOW COLUMNS FR...')
#3 /wordpress/wp-includes/class-wpdb.php(3146): WP_SQLite_DB->query('SHOW COLUMNS FR...')
#4 /wordpress/wp-content/plugins/link-to-us/linktous.php(127): wpdb->get_results('SHOW COLUMNS FR...')
#5 /wordpress/wp-content/plugins/link-to-us/linktous.php(159): wp_ltu_install_db()
#6 /wordpress/wp-includes/class-wp-hook.php(324): link_to_us_init('')
#7 /wordpress/wp-includes/class-wp-hook.php(348): WP_Hook->apply_filters(NULL, Array)
#8 /wordpress/wp-includes/plugin.php(517): WP_Hook->do_action(Array)
#9 /wordpress/wp-settings.php(578): do_action('plugins_loaded')
#10 /wordpress/wp-config.php(102): require_once('/wordpress/wp-s...')
#11 /wordpress/wp-load.php(50): require_once('/wordpress/wp-c...')
#12 /internal/eval.php(3): require_once('/wordpress/wp-l...')
#13 {main}</pre>
 for query SHOW COLUMNS FROM wp_sc_log LIKE 'is_hitwit' made by require_once('wp-load.php'), require_once('wp-config.php'), require_once('wp-settings.php'), do_action('plugins_loaded'), WP_Hook->do_action, WP_Hook->apply_filters, link_to_us_init, wp_ltu_install_db, WP_SQLite_DB->query, WP_SQLite_DB->print_error
[25-Apr-2025 11:49:26 UTC] PHP Deprecated:  Function register_sidebar_widget is <strong>deprecated</strong> since version 2.8.0! Use wp_register_sidebar_widget() instead. in /wordpress/wp-includes/functions.php on line 6121
[25-Apr-2025 11:49:26 UTC] PHP Deprecated:  Function register_widget_control is <strong>deprecated</strong> since version 2.8.0! Use wp_register_widget_control() instead. in /wordpress/wp-includes/functions.php on line 6121
[25-Apr-2025 11:49:34 UTC] PHP Deprecated:  Function register_sidebar_widget is <strong>deprecated</strong> since version 2.8.0! Use wp_register_sidebar_widget() instead. in /wordpress/wp-includes/functions.php on line 6121
[25-Apr-2025 11:49:34 UTC] PHP Deprecated:  Function register_widget_control is <strong>deprecated</strong> since version 2.8.0! Use wp_register_widget_control() instead. in /wordpress/wp-includes/functions.php on line 6121
[25-Apr-2025 11:49:43 UTC] PHP Deprecated:  Function register_sidebar_widget is <strong>deprecated</strong> since version 2.8.0! Use wp_register_sidebar_widget() instead. in /wordpress/wp-includes/functions.php on line 6121
[25-Apr-2025 11:49:43 UTC] PHP Deprecated:  Function register_widget_control is <strong>deprecated</strong> since version 2.8.0! Use wp_register_widget_control() instead. in /wordpress/wp-includes/functions.php on line 6121
[25-Apr-2025 11:51:35 UTC] PHP Warning:  Trying to access array offset on value of type null in /wordpress/wp-content/plugins/labtools/publis/publi.inc.php on line 272
[25-Apr-2025 11:51:35 UTC] PHP Notice:  Only variables should be passed by reference in /wordpress/wp-content/plugins/labtools/publis/publi.inc.php on line 279
[25-Apr-2025 11:51:35 UTC] PHP Notice:  Only variables should be passed by reference in /wordpress/wp-content/plugins/labtools/members/member.inc.php on line 224
[25-Apr-2025 11:51:35 UTC] WordPress database error <div style="clear:both">&nbsp;</div>
<div class="queries" style="clear:both;margin-bottom:2px;border:red dotted thin;">
<p>MySQL query:</p>
<p>CREATE TABLE IF NOT EXISTS `wp_lab_members` (
`ID` bigint(20) UNSIGNED NOT NULL  COMMENT 'Primary key id',
`member_status` enum('perm','assoc')  NOT NULL default 'perm' COMMENT 'Merbers status',
`member_function` varchar(255)  NOT NULL  COMMENT 'Members function',
`member_team` varchar(255)  NOT NULL  COMMENT 'publication axe',
`member_phone` varchar(30)   default NULL COMMENT 'Phone number',
`member_fax` varchar(30)   default NULL COMMENT 'Fax number',
`member_address` text    ,
`member_biography` text    ,
`member_research` text    ,
`member_teaching` text    ,
`member_active` bool  NOT NULL default 1 COMMENT '0 => ancien / 1 => courant',
`member_published` bool  NOT NULL  COMMENT '0 => non-published / 1 => published',
`member_date` timestamp  NOT NULL default CURRENT_TIMESTAMP COMMENT 'The datetime the member was created',
`member_photo` text(/uploads/labTools/)  NOT NULL  COMMENT 'Photos url',
`member_cv` text(/uploads/labTools/)  NOT NULL  COMMENT 'CVs url',
PRIMARY KEY (`ID`)) ENGINE=MyISAM  DEFAULT CHARSET=utf8</p>
<p>Queries made or created this session were:</p>
<ol>
</ol>
</div>
<div style="clear:both;margin-bottom:2px;border:red dotted thin;" class="error_message" style="border-bottom:dotted blue thin;">
Failed to parse the MySQL query.
</div>
<p>Backtrace:</p>
<pre>#0 /internal/shared/sqlite-database-integration/wp-includes/sqlite-ast/class-wp-sqlite-driver.php(690): WP_SQLite_Driver->new_driver_exception('Failed to parse...', 0, Object(WP_SQLite_Driver_Exception))
#1 /internal/shared/sqlite-database-integration/wp-includes/sqlite/class-wp-sqlite-db.php(472): WP_SQLite_Driver->query('CREATE TABLE IF...')
#2 /internal/shared/sqlite-database-integration/wp-includes/sqlite/class-wp-sqlite-db.php(413): WP_SQLite_DB->_do_query('CREATE TABLE IF...')
#3 /wordpress/wp-content/plugins/labtools/members/member.inc.php(712): WP_SQLite_DB->query('CREATE TABLE IF...')
#4 /wordpress/wp-content/plugins/labtools/labTools.php(985): member->db_create()
#5 /wordpress/wp-includes/class-wp-hook.php(324): lab_activate(false)
#6 /wordpress/wp-includes/class-wp-hook.php(348): WP_Hook->apply_filters('', Array)
#7 /wordpress/wp-includes/plugin.php(517): WP_Hook->do_action(Array)
#8 /wordpress/wp-admin/includes/plugin.php(703): do_action('activate_labtoo...', false)
#9 /internal/eval.php(20): activate_plugin('labtools/labToo...')
#10 {main}</pre>
 for query CREATE TABLE IF NOT EXISTS `wp_lab_members` (
`ID` bigint(20) UNSIGNED NOT NULL  COMMENT 'Primary key id',
`member_status` enum('perm','assoc')  NOT NULL default 'perm' COMMENT 'Merbers status',
`member_function` varchar(255)  NOT NULL  COMMENT 'Members function',
`member_team` varchar(255)  NOT NULL  COMMENT 'publication axe',
`member_phone` varchar(30)   default NULL COMMENT 'Phone number',
`member_fax` varchar(30)   default NULL COMMENT 'Fax number',
`member_address` text    ,
`member_biography` text    ,
`member_research` text    ,
`member_teaching` text    ,
`member_active` bool  NOT NULL default 1 COMMENT '0 => ancien / 1 => courant',
`member_published` bool  NOT NULL  COMMENT '0 => non-published / 1 => published',
`member_date` timestamp  NOT NULL default CURRENT_TIMESTAMP COMMENT 'The datetime the member was created',
`member_photo` text(/uploads/labTools/)  NOT NULL  COMMENT 'Photos url',
`member_cv` text(/uploads/labTools/)  NOT NULL  COMMENT 'CVs url',
PRIMARY KEY (`ID`)) ENGINE=MyISAM  DEFAULT CHARSET=utf8 made by activate_plugin, do_action('activate_labtools/labTools.php'), WP_Hook->do_action, WP_Hook->apply_filters, lab_activate, member->db_create, WP_SQLite_DB->query, WP_SQLite_DB->print_error
[25-Apr-2025 11:51:35 UTC] WordPress database error <div style="clear:both">&nbsp;</div>
<div class="queries" style="clear:both;margin-bottom:2px;border:red dotted thin;">
<p>MySQL query:</p>
<p>SELECT DISTINCT ID FROM `wp_users` WHERE NOT EXISTS (SELECT ID FROM `wp_lab_members` WHERE wp_users.ID=wp_lab_members.ID)</p>
<p>Queries made or created this session were:</p>
<ol>
<li>Executing: BEGIN | (no parameters)</li>
<li>Executing: SELECT DISTINCT `ID` FROM `wp_users` WHERE NOT EXISTS ( SELECT `ID` FROM `wp_lab_members` WHERE `wp_users`.`ID` = `wp_lab_members`.`ID` ) | (no parameters)</li>
<li>Executing: ROLLBACK | (no parameters)</li>
</ol>
</div>
<div style="clear:both;margin-bottom:2px;border:red dotted thin;" class="error_message" style="border-bottom:dotted blue thin;">
SQLSTATE[HY000]: General error: 1 no such table: wp_lab_members
</div>
<p>Backtrace:</p>
<pre>#0 /internal/shared/sqlite-database-integration/wp-includes/sqlite-ast/class-wp-sqlite-driver.php(690): WP_SQLite_Driver->new_driver_exception('SQLSTATE[HY000]...', 0, Object(PDOException))
#1 /internal/shared/sqlite-database-integration/wp-includes/sqlite/class-wp-sqlite-db.php(472): WP_SQLite_Driver->query('SELECT DISTINCT...')
#2 /internal/shared/sqlite-database-integration/wp-includes/sqlite/class-wp-sqlite-db.php(413): WP_SQLite_DB->_do_query('SELECT DISTINCT...')
#3 /wordpress/wp-includes/class-wpdb.php(3107): WP_SQLite_DB->query('SELECT DISTINCT...')
#4 /wordpress/wp-content/plugins/labtools/labTools.php(988): wpdb->get_col('SELECT DISTINCT...')
#5 /wordpress/wp-includes/class-wp-hook.php(324): lab_activate(false)
#6 /wordpress/wp-includes/class-wp-hook.php(348): WP_Hook->apply_filters('', Array)
#7 /wordpress/wp-includes/plugin.php(517): WP_Hook->do_action(Array)
#8 /wordpress/wp-admin/includes/plugin.php(703): do_action('activate_labtoo...', false)
#9 /internal/eval.php(20): activate_plugin('labtools/labToo...')
#10 {main}</pre>
 for query SELECT DISTINCT ID FROM `wp_users` WHERE NOT EXISTS (SELECT ID FROM `wp_lab_members` WHERE wp_users.ID=wp_lab_members.ID) made by activate_plugin, do_action('activate_labtools/labTools.php'), WP_Hook->do_action, WP_Hook->apply_filters, lab_activate, WP_SQLite_DB->query, WP_SQLite_DB->print_error
[25-Apr-2025 11:51:36 UTC] PHP Notice:  Function _load_textdomain_just_in_time was called <strong>incorrectly</strong>. Translation loading for the <code>labTools</code> domain was triggered too early. This is usually an indicator for some code in the plugin or theme running too early. Translations should be loaded at the <code>init</code> action or later. Please see <a href="https://developer.wordpress.org/advanced-administration/debug/debug-wordpress/">Debugging in WordPress</a> for more information. (This message was added in version 6.7.0.) in /wordpress/wp-includes/functions.php on line 6121
[25-Apr-2025 11:51:44 UTC] PHP Warning:  Trying to access array offset on value of type null in /wordpress/wp-content/plugins/labtools/publis/publi.inc.php on line 272
[25-Apr-2025 11:51:44 UTC] PHP Notice:  Only variables should be passed by reference in /wordpress/wp-content/plugins/labtools/publis/publi.inc.php on line 279
[25-Apr-2025 11:51:44 UTC] PHP Notice:  Only variables should be passed by reference in /wordpress/wp-content/plugins/labtools/members/member.inc.php on line 224
[25-Apr-2025 11:51:44 UTC] WordPress database error <div style="clear:both">&nbsp;</div>
<div class="queries" style="clear:both;margin-bottom:2px;border:red dotted thin;">
<p>MySQL query:</p>
<p>CREATE TABLE IF NOT EXISTS `wp_lab_publis` (
`ID` bigint(20) UNSIGNED AUTO_INCREMENT NOT NULL  COMMENT 'Primary key id',
`member_id` bigint(20) UNSIGNED NOT NULL  COMMENT 'Id of the member who did this entry',
`publi_type` varchar(255)  NOT NULL  COMMENT 'Publication type',
`publi_title` varchar(200)  NOT NULL  COMMENT 'Publication title (max 200 char)',
`publi_publisher` varchar(100)   default NULL COMMENT 'Name of the publisher',
`publi_month` enum('1','2','3','4','5','6','7','8','9','10','11','12')   default NULL COMMENT 'Edition month of the publication',
`publi_year` varchar(255)   default NULL COMMENT 'Edition year of the publication',
`publi_address` text    ,
`publi_annote` text    ,
`publi_booktitle` varchar(255)   default NULL ,
`publi_chapter` int   default NULL ,
`publi_edition` varchar(255)   default NULL ,
`publi_journal` varchar(255)   default NULL ,
`publi_note` text    ,
`publi_number` int   default NULL ,
`publi_organization` text    ,
`publi_pages` varchar(255)   default NULL ,
`publi_school` varchar(255)   default NULL ,
`publi_series` varchar(255)   default NULL ,
`publi_volume` int   default NULL ,
`publi_published` bool  NOT NULL default 1 COMMENT '0 => non-published / 1 => published',
`publi_team` bool  NOT NULL default 1 COMMENT '0 => non-published / 1 => published',
`publi_axe` varchar(255)  NOT NULL  COMMENT 'publication axe',
`publi_date` timestamp  NOT NULL default CURRENT_TIMESTAMP COMMENT 'The datetime the publi was created',
PRIMARY KEY (`ID`)) ENGINE=MyISAM  DEFAULT CHARSET=utf8</p>
<p>Queries made or created this session were:</p>
<ol>
<li>Executing: BEGIN | (no parameters)</li>
<li>Executing: ROLLBACK | (no parameters)</li>
</ol>
</div>
<div style="clear:both;margin-bottom:2px;border:red dotted thin;" class="error_message" style="border-bottom:dotted blue thin;">
Error occurred at line 4117 in Function <code>handle_error</code>. Error message was: Unexpected token in MySQL query: publi_published.
</div>
<p>Backtrace:</p>
<pre>#0 /internal/shared/sqlite-database-integration/wp-includes/sqlite/class-wp-sqlite-db.php(287): WP_SQLite_Translator->get_error_message()
#1 /wordpress/wp-content/plugins/labtools/publis/publi.inc.php(874): WP_SQLite_DB->query('CREATE TABLE IF...')
#2 /wordpress/wp-content/plugins/labtools/labTools.php(983): publi->db_create()
#3 /wordpress/wp-includes/class-wp-hook.php(324): lab_activate(false)
#4 /wordpress/wp-includes/class-wp-hook.php(348): WP_Hook->apply_filters('', Array)
#5 /wordpress/wp-includes/plugin.php(517): WP_Hook->do_action(Array)
#6 /wordpress/wp-admin/includes/plugin.php(703): do_action('activate_labtoo...', false)
#7 /internal/eval.php(20): activate_plugin('labtools/labToo...')
#8 {main}</pre>
 for query CREATE TABLE IF NOT EXISTS `wp_lab_publis` (
`ID` bigint(20) UNSIGNED AUTO_INCREMENT NOT NULL  COMMENT 'Primary key id',
`member_id` bigint(20) UNSIGNED NOT NULL  COMMENT 'Id of the member who did this entry',
`publi_type` varchar(255)  NOT NULL  COMMENT 'Publication type',
`publi_title` varchar(200)  NOT NULL  COMMENT 'Publication title (max 200 char)',
`publi_publisher` varchar(100)   default NULL COMMENT 'Name of the publisher',
`publi_month` enum('1','2','3','4','5','6','7','8','9','10','11','12')   default NULL COMMENT 'Edition month of the publication',
`publi_year` varchar(255)   default NULL COMMENT 'Edition year of the publication',
`publi_address` text    ,
`publi_annote` text    ,
`publi_booktitle` varchar(255)   default NULL ,
`publi_chapter` int   default NULL ,
`publi_edition` varchar(255)   default NULL ,
`publi_journal` varchar(255)   default NULL ,
`publi_note` text    ,
`publi_number` int   default NULL ,
`publi_organization` text    ,
`publi_pages` varchar(255)   default NULL ,
`publi_school` varchar(255)   default NULL ,
`publi_series` varchar(255)   default NULL ,
`publi_volume` int   default NULL ,
`publi_published` bool  NOT NULL default 1 COMMENT '0 => non-published / 1 => published',
`publi_team` bool  NOT NULL default 1 COMMENT '0 => non-published / 1 => published',
`publi_axe` varchar(255)  NOT NULL  COMMENT 'publication axe',
`publi_date` timestamp  NOT NULL default CURRENT_TIMESTAMP COMMENT 'The datetime the publi was created',
PRIMARY KEY (`ID`)) ENGINE=MyISAM  DEFAULT CHARSET=utf8 made by activate_plugin, do_action('activate_labtools/labTools.php'), WP_Hook->do_action, WP_Hook->apply_filters, lab_activate, publi->db_create, WP_SQLite_DB->query, WP_SQLite_DB->print_error
[25-Apr-2025 11:51:44 UTC] WordPress database error <div style="clear:both">&nbsp;</div>
<div class="queries" style="clear:both;margin-bottom:2px;border:red dotted thin;">
<p>MySQL query:</p>
<p>CREATE TABLE IF NOT EXISTS `wp_lab_members` (
`ID` bigint(20) UNSIGNED NOT NULL  COMMENT 'Primary key id',
`member_status` enum('perm','assoc')  NOT NULL default 'perm' COMMENT 'Merbers status',
`member_function` varchar(255)  NOT NULL  COMMENT 'Members function',
`member_team` varchar(255)  NOT NULL  COMMENT 'publication axe',
`member_phone` varchar(30)   default NULL COMMENT 'Phone number',
`member_fax` varchar(30)   default NULL COMMENT 'Fax number',
`member_address` text    ,
`member_biography` text    ,
`member_research` text    ,
`member_teaching` text    ,
`member_active` bool  NOT NULL default 1 COMMENT '0 => ancien / 1 => courant',
`member_published` bool  NOT NULL  COMMENT '0 => non-published / 1 => published',
`member_date` timestamp  NOT NULL default CURRENT_TIMESTAMP COMMENT 'The datetime the member was created',
`member_photo` text(/uploads/labTools/)  NOT NULL  COMMENT 'Photos url',
`member_cv` text(/uploads/labTools/)  NOT NULL  COMMENT 'CVs url',
PRIMARY KEY (`ID`)) ENGINE=MyISAM  DEFAULT CHARSET=utf8</p>
<p>Queries made or created this session were:</p>
<ol>
<li>Executing: BEGIN | (no parameters)</li>
<li>Executing: ROLLBACK | (no parameters)</li>
</ol>
</div>
<div style="clear:both;margin-bottom:2px;border:red dotted thin;" class="error_message" style="border-bottom:dotted blue thin;">
Error occurred at line 4117 in Function <code>handle_error</code>. Error message was: Unexpected token in MySQL query: member_active.
</div>
<p>Backtrace:</p>
<pre>#0 /internal/shared/sqlite-database-integration/wp-includes/sqlite/class-wp-sqlite-db.php(287): WP_SQLite_Translator->get_error_message()
#1 /wordpress/wp-content/plugins/labtools/members/member.inc.php(712): WP_SQLite_DB->query('CREATE TABLE IF...')
#2 /wordpress/wp-content/plugins/labtools/labTools.php(985): member->db_create()
#3 /wordpress/wp-includes/class-wp-hook.php(324): lab_activate(false)
#4 /wordpress/wp-includes/class-wp-hook.php(348): WP_Hook->apply_filters('', Array)
#5 /wordpress/wp-includes/plugin.php(517): WP_Hook->do_action(Array)
#6 /wordpress/wp-admin/includes/plugin.php(703): do_action('activate_labtoo...', false)
#7 /internal/eval.php(20): activate_plugin('labtools/labToo...')
#8 {main}</pre>
 for query CREATE TABLE IF NOT EXISTS `wp_lab_members` (
`ID` bigint(20) UNSIGNED NOT NULL  COMMENT 'Primary key id',
`member_status` enum('perm','assoc')  NOT NULL default 'perm' COMMENT 'Merbers status',
`member_function` varchar(255)  NOT NULL  COMMENT 'Members function',
`member_team` varchar(255)  NOT NULL  COMMENT 'publication axe',
`member_phone` varchar(30)   default NULL COMMENT 'Phone number',
`member_fax` varchar(30)   default NULL COMMENT 'Fax number',
`member_address` text    ,
`member_biography` text    ,
`member_research` text    ,
`member_teaching` text    ,
`member_active` bool  NOT NULL default 1 COMMENT '0 => ancien / 1 => courant',
`member_published` bool  NOT NULL  COMMENT '0 => non-published / 1 => published',
`member_date` timestamp  NOT NULL default CURRENT_TIMESTAMP COMMENT 'The datetime the member was created',
`member_photo` text(/uploads/labTools/)  NOT NULL  COMMENT 'Photos url',
`member_cv` text(/uploads/labTools/)  NOT NULL  COMMENT 'CVs url',
PRIMARY KEY (`ID`)) ENGINE=MyISAM  DEFAULT CHARSET=utf8 made by activate_plugin, do_action('activate_labtools/labTools.php'), WP_Hook->do_action, WP_Hook->apply_filters, lab_activate, member->db_create, WP_SQLite_DB->query, WP_SQLite_DB->print_error
[25-Apr-2025 11:51:44 UTC] WordPress database error <div style="clear:both">&nbsp;</div>
<div class="queries" style="clear:both;margin-bottom:2px;border:red dotted thin;">
<p>MySQL query:</p>
<p>SELECT DISTINCT ID FROM `wp_users` WHERE NOT EXISTS (SELECT ID FROM `wp_lab_members` WHERE wp_users.ID=wp_lab_members.ID)</p>
<p>Queries made or created this session were:</p>
<ol>
<li>Executing: BEGIN | (no parameters)</li>
<li>Executing: SELECT DISTINCT ID FROM `wp_users` WHERE NOT EXISTS (SELECT ID FROM `wp_lab_members` WHERE wp_users.ID=wp_lab_members.ID) | (no parameters)</li>
<li>Executing: ROLLBACK | (no parameters)</li>
</ol>
</div>
<div style="clear:both;margin-bottom:2px;border:red dotted thin;" class="error_message" style="border-bottom:dotted blue thin;">
Error occurred at line 4117 in Function <code>handle_error</code>. Error message was: SQLSTATE[HY000]: General error: 1 no such table: wp_lab_members.
</div>
<p>Backtrace:</p>
<pre>#0 /internal/shared/sqlite-database-integration/wp-includes/sqlite/class-wp-sqlite-db.php(287): WP_SQLite_Translator->get_error_message()
#1 /wordpress/wp-includes/class-wpdb.php(3107): WP_SQLite_DB->query('SELECT DISTINCT...')
#2 /wordpress/wp-content/plugins/labtools/labTools.php(988): wpdb->get_col('SELECT DISTINCT...')
#3 /wordpress/wp-includes/class-wp-hook.php(324): lab_activate(false)
#4 /wordpress/wp-includes/class-wp-hook.php(348): WP_Hook->apply_filters('', Array)
#5 /wordpress/wp-includes/plugin.php(517): WP_Hook->do_action(Array)
#6 /wordpress/wp-admin/includes/plugin.php(703): do_action('activate_labtoo...', false)
#7 /internal/eval.php(20): activate_plugin('labtools/labToo...')
#8 {main}</pre>
 for query SELECT DISTINCT ID FROM `wp_users` WHERE NOT EXISTS (SELECT ID FROM `wp_lab_members` WHERE wp_users.ID=wp_lab_members.ID) made by activate_plugin, do_action('activate_labtools/labTools.php'), WP_Hook->do_action, WP_Hook->apply_filters, lab_activate, WP_SQLite_DB->query, WP_SQLite_DB->print_error
[25-Apr-2025 11:51:45 UTC] PHP Notice:  Function _load_textdomain_just_in_time was called <strong>incorrectly</strong>. Translation loading for the <code>labTools</code> domain was triggered too early. This is usually an indicator for some code in the plugin or theme running too early. Translations should be loaded at the <code>init</code> action or later. Please see <a href="https://developer.wordpress.org/advanced-administration/debug/debug-wordpress/">Debugging in WordPress</a> for more information. (This message was added in version 6.7.0.) in /wordpress/wp-includes/functions.php on line 6121
[25-Apr-2025 11:51:53 UTC] PHP Warning:  Trying to access array offset on value of type null in /wordpress/wp-content/plugins/labtools/publis/publi.inc.php on line 272
[25-Apr-2025 11:51:53 UTC] PHP Notice:  Only variables should be passed by reference in /wordpress/wp-content/plugins/labtools/publis/publi.inc.php on line 279
[25-Apr-2025 11:51:53 UTC] PHP Notice:  Only variables should be passed by reference in /wordpress/wp-content/plugins/labtools/members/member.inc.php on line 224
[25-Apr-2025 11:51:53 UTC] WordPress database error <div style="clear:both">&nbsp;</div>
<div class="queries" style="clear:both;margin-bottom:2px;border:red dotted thin;">
<p>MySQL query:</p>
<p>CREATE TABLE IF NOT EXISTS `wp_lab_publis` (
`ID` bigint(20) UNSIGNED AUTO_INCREMENT NOT NULL  COMMENT 'Primary key id',
`member_id` bigint(20) UNSIGNED NOT NULL  COMMENT 'Id of the member who did this entry',
`publi_type` varchar(255)  NOT NULL  COMMENT 'Publication type',
`publi_title` varchar(200)  NOT NULL  COMMENT 'Publication title (max 200 char)',
`publi_publisher` varchar(100)   default NULL COMMENT 'Name of the publisher',
`publi_month` enum('1','2','3','4','5','6','7','8','9','10','11','12')   default NULL COMMENT 'Edition month of the publication',
`publi_year` varchar(255)   default NULL COMMENT 'Edition year of the publication',
`publi_address` text    ,
`publi_annote` text    ,
`publi_booktitle` varchar(255)   default NULL ,
`publi_chapter` int   default NULL ,
`publi_edition` varchar(255)   default NULL ,
`publi_journal` varchar(255)   default NULL ,
`publi_note` text    ,
`publi_number` int   default NULL ,
`publi_organization` text    ,
`publi_pages` varchar(255)   default NULL ,
`publi_school` varchar(255)   default NULL ,
`publi_series` varchar(255)   default NULL ,
`publi_volume` int   default NULL ,
`publi_published` bool  NOT NULL default 1 COMMENT '0 => non-published / 1 => published',
`publi_team` bool  NOT NULL default 1 COMMENT '0 => non-published / 1 => published',
`publi_axe` varchar(255)  NOT NULL  COMMENT 'publication axe',
`publi_date` timestamp  NOT NULL default CURRENT_TIMESTAMP COMMENT 'The datetime the publi was created',
PRIMARY KEY (`ID`)) ENGINE=MyISAM  DEFAULT CHARSET=utf8</p>
<p>Queries made or created this session were:</p>
<ol>
<li>Executing: BEGIN | (no parameters)</li>
<li>Executing: ROLLBACK | (no parameters)</li>
</ol>
</div>
<div style="clear:both;margin-bottom:2px;border:red dotted thin;" class="error_message" style="border-bottom:dotted blue thin;">
Error occurred at line 4117 in Function <code>handle_error</code>. Error message was: Unexpected token in MySQL query: publi_published.
</div>
<p>Backtrace:</p>
<pre>#0 /internal/shared/sqlite-database-integration/wp-includes/sqlite/class-wp-sqlite-db.php(287): WP_SQLite_Translator->get_error_message()
#1 /wordpress/wp-content/plugins/labtools/publis/publi.inc.php(874): WP_SQLite_DB->query('CREATE TABLE IF...')
#2 /wordpress/wp-content/plugins/labtools/labTools.php(983): publi->db_create()
#3 /wordpress/wp-includes/class-wp-hook.php(324): lab_activate(false)
#4 /wordpress/wp-includes/class-wp-hook.php(348): WP_Hook->apply_filters('', Array)
#5 /wordpress/wp-includes/plugin.php(517): WP_Hook->do_action(Array)
#6 /wordpress/wp-admin/includes/plugin.php(703): do_action('activate_labtoo...', false)
#7 /internal/eval.php(20): activate_plugin('labtools/labToo...')
#8 {main}</pre>
 for query CREATE TABLE IF NOT EXISTS `wp_lab_publis` (
`ID` bigint(20) UNSIGNED AUTO_INCREMENT NOT NULL  COMMENT 'Primary key id',
`member_id` bigint(20) UNSIGNED NOT NULL  COMMENT 'Id of the member who did this entry',
`publi_type` varchar(255)  NOT NULL  COMMENT 'Publication type',
`publi_title` varchar(200)  NOT NULL  COMMENT 'Publication title (max 200 char)',
`publi_publisher` varchar(100)   default NULL COMMENT 'Name of the publisher',
`publi_month` enum('1','2','3','4','5','6','7','8','9','10','11','12')   default NULL COMMENT 'Edition month of the publication',
`publi_year` varchar(255)   default NULL COMMENT 'Edition year of the publication',
`publi_address` text    ,
`publi_annote` text    ,
`publi_booktitle` varchar(255)   default NULL ,
`publi_chapter` int   default NULL ,
`publi_edition` varchar(255)   default NULL ,
`publi_journal` varchar(255)   default NULL ,
`publi_note` text    ,
`publi_number` int   default NULL ,
`publi_organization` text    ,
`publi_pages` varchar(255)   default NULL ,
`publi_school` varchar(255)   default NULL ,
`publi_series` varchar(255)   default NULL ,
`publi_volume` int   default NULL ,
`publi_published` bool  NOT NULL default 1 COMMENT '0 => non-published / 1 => published',
`publi_team` bool  NOT NULL default 1 COMMENT '0 => non-published / 1 => published',
`publi_axe` varchar(255)  NOT NULL  COMMENT 'publication axe',
`publi_date` timestamp  NOT NULL default CURRENT_TIMESTAMP COMMENT 'The datetime the publi was created',
PRIMARY KEY (`ID`)) ENGINE=MyISAM  DEFAULT CHARSET=utf8 made by activate_plugin, do_action('activate_labtools/labTools.php'), WP_Hook->do_action, WP_Hook->apply_filters, lab_activate, publi->db_create, WP_SQLite_DB->query, WP_SQLite_DB->print_error
[25-Apr-2025 11:51:53 UTC] WordPress database error <div style="clear:both">&nbsp;</div>
<div class="queries" style="clear:both;margin-bottom:2px;border:red dotted thin;">
<p>MySQL query:</p>
<p>CREATE TABLE IF NOT EXISTS `wp_lab_members` (
`ID` bigint(20) UNSIGNED NOT NULL  COMMENT 'Primary key id',
`member_status` enum('perm','assoc')  NOT NULL default 'perm' COMMENT 'Merbers status',
`member_function` varchar(255)  NOT NULL  COMMENT 'Members function',
`member_team` varchar(255)  NOT NULL  COMMENT 'publication axe',
`member_phone` varchar(30)   default NULL COMMENT 'Phone number',
`member_fax` varchar(30)   default NULL COMMENT 'Fax number',
`member_address` text    ,
`member_biography` text    ,
`member_research` text    ,
`member_teaching` text    ,
`member_active` bool  NOT NULL default 1 COMMENT '0 => ancien / 1 => courant',
`member_published` bool  NOT NULL  COMMENT '0 => non-published / 1 => published',
`member_date` timestamp  NOT NULL default CURRENT_TIMESTAMP COMMENT 'The datetime the member was created',
`member_photo` text(/uploads/labTools/)  NOT NULL  COMMENT 'Photos url',
`member_cv` text(/uploads/labTools/)  NOT NULL  COMMENT 'CVs url',
PRIMARY KEY (`ID`)) ENGINE=MyISAM  DEFAULT CHARSET=utf8</p>
<p>Queries made or created this session were:</p>
<ol>
<li>Executing: BEGIN | (no parameters)</li>
<li>Executing: ROLLBACK | (no parameters)</li>
</ol>
</div>
<div style="clear:both;margin-bottom:2px;border:red dotted thin;" class="error_message" style="border-bottom:dotted blue thin;">
Error occurred at line 4117 in Function <code>handle_error</code>. Error message was: Unexpected token in MySQL query: member_active.
</div>
<p>Backtrace:</p>
<pre>#0 /internal/shared/sqlite-database-integration/wp-includes/sqlite/class-wp-sqlite-db.php(287): WP_SQLite_Translator->get_error_message()
#1 /wordpress/wp-content/plugins/labtools/members/member.inc.php(712): WP_SQLite_DB->query('CREATE TABLE IF...')
#2 /wordpress/wp-content/plugins/labtools/labTools.php(985): member->db_create()
#3 /wordpress/wp-includes/class-wp-hook.php(324): lab_activate(false)
#4 /wordpress/wp-includes/class-wp-hook.php(348): WP_Hook->apply_filters('', Array)
#5 /wordpress/wp-includes/plugin.php(517): WP_Hook->do_action(Array)
#6 /wordpress/wp-admin/includes/plugin.php(703): do_action('activate_labtoo...', false)
#7 /internal/eval.php(20): activate_plugin('labtools/labToo...')
#8 {main}</pre>
 for query CREATE TABLE IF NOT EXISTS `wp_lab_members` (
`ID` bigint(20) UNSIGNED NOT NULL  COMMENT 'Primary key id',
`member_status` enum('perm','assoc')  NOT NULL default 'perm' COMMENT 'Merbers status',
`member_function` varchar(255)  NOT NULL  COMMENT 'Members function',
`member_team` varchar(255)  NOT NULL  COMMENT 'publication axe',
`member_phone` varchar(30)   default NULL COMMENT 'Phone number',
`member_fax` varchar(30)   default NULL COMMENT 'Fax number',
`member_address` text    ,
`member_biography` text    ,
`member_research` text    ,
`member_teaching` text    ,
`member_active` bool  NOT NULL default 1 COMMENT '0 => ancien / 1 => courant',
`member_published` bool  NOT NULL  COMMENT '0 => non-published / 1 => published',
`member_date` timestamp  NOT NULL default CURRENT_TIMESTAMP COMMENT 'The datetime the member was created',
`member_photo` text(/uploads/labTools/)  NOT NULL  COMMENT 'Photos url',
`member_cv` text(/uploads/labTools/)  NOT NULL  COMMENT 'CVs url',
PRIMARY KEY (`ID`)) ENGINE=MyISAM  DEFAULT CHARSET=utf8 made by activate_plugin, do_action('activate_labtools/labTools.php'), WP_Hook->do_action, WP_Hook->apply_filters, lab_activate, member->db_create, WP_SQLite_DB->query, WP_SQLite_DB->print_error
[25-Apr-2025 11:51:53 UTC] WordPress database error <div style="clear:both">&nbsp;</div>
<div class="queries" style="clear:both;margin-bottom:2px;border:red dotted thin;">
<p>MySQL query:</p>
<p>SELECT DISTINCT ID FROM `wp_users` WHERE NOT EXISTS (SELECT ID FROM `wp_lab_members` WHERE wp_users.ID=wp_lab_members.ID)</p>
<p>Queries made or created this session were:</p>
<ol>
<li>Executing: BEGIN | (no parameters)</li>
<li>Executing: SELECT DISTINCT ID FROM `wp_users` WHERE NOT EXISTS (SELECT ID FROM `wp_lab_members` WHERE wp_users.ID=wp_lab_members.ID) | (no parameters)</li>
<li>Executing: ROLLBACK | (no parameters)</li>
</ol>
</div>
<div style="clear:both;margin-bottom:2px;border:red dotted thin;" class="error_message" style="border-bottom:dotted blue thin;">
Error occurred at line 4117 in Function <code>handle_error</code>. Error message was: SQLSTATE[HY000]: General error: 1 no such table: wp_lab_members.
</div>
<p>Backtrace:</p>
<pre>#0 /internal/shared/sqlite-database-integration/wp-includes/sqlite/class-wp-sqlite-db.php(287): WP_SQLite_Translator->get_error_message()
#1 /wordpress/wp-includes/class-wpdb.php(3107): WP_SQLite_DB->query('SELECT DISTINCT...')
#2 /wordpress/wp-content/plugins/labtools/labTools.php(988): wpdb->get_col('SELECT DISTINCT...')
#3 /wordpress/wp-includes/class-wp-hook.php(324): lab_activate(false)
#4 /wordpress/wp-includes/class-wp-hook.php(348): WP_Hook->apply_filters('', Array)
#5 /wordpress/wp-includes/plugin.php(517): WP_Hook->do_action(Array)
#6 /wordpress/wp-admin/includes/plugin.php(703): do_action('activate_labtoo...', false)
#7 /internal/eval.php(20): activate_plugin('labtools/labToo...')
#8 {main}</pre>
 for query SELECT DISTINCT ID FROM `wp_users` WHERE NOT EXISTS (SELECT ID FROM `wp_lab_members` WHERE wp_users.ID=wp_lab_members.ID) made by activate_plugin, do_action('activate_labtools/labTools.php'), WP_Hook->do_action, WP_Hook->apply_filters, lab_activate, WP_SQLite_DB->query, WP_SQLite_DB->print_error
[25-Apr-2025 11:51:53 UTC] PHP Notice:  Function _load_textdomain_just_in_time was called <strong>incorrectly</strong>. Translation loading for the <code>labTools</code> domain was triggered too early. This is usually an indicator for some code in the plugin or theme running too early. Translations should be loaded at the <code>init</code> action or later. Please see <a href="https://developer.wordpress.org/advanced-administration/debug/debug-wordpress/">Debugging in WordPress</a> for more information. (This message was added in version 6.7.0.) in /wordpress/wp-includes/functions.php on line 6121
[25-Apr-2025 11:52:16 UTC] WordPress database error <div style="clear:both">&nbsp;</div>
<div class="queries" style="clear:both;margin-bottom:2px;border:red dotted thin;">
<p>MySQL query:</p>
<p>SHOW INDEXES FROM wp_origincode_contact_general_options WHERE column_name='name'</p>
<p>Queries made or created this session were:</p>
<ol>
<li>Executing: BEGIN | (no parameters)</li>
<li>Executing: ROLLBACK | (no parameters)</li>
</ol>
</div>
<div style="clear:both;margin-bottom:2px;border:red dotted thin;" class="error_message" style="border-bottom:dotted blue thin;">
Error occurred at line 4117 in Function <code>handle_error</code>. Error message was: Unknown show type: INDEXES FROM.
</div>
<p>Backtrace:</p>
<pre>#0 /internal/shared/sqlite-database-integration/wp-includes/sqlite/class-wp-sqlite-db.php(287): WP_SQLite_Translator->get_error_message()
#1 /wordpress/wp-includes/class-wpdb.php(3146): WP_SQLite_DB->query('SHOW INDEXES FR...')
#2 /wordpress/wp-content/plugins/lastform/lastform.php(1834): wpdb->get_results('SHOW INDEXES FR...')
#3 /wordpress/wp-content/plugins/lastform/lastform.php(1744): refactorGeneralOptionsTable()
#4 /wordpress/wp-includes/class-wp-hook.php(324): origincode_contact_activate(false)
#5 /wordpress/wp-includes/class-wp-hook.php(348): WP_Hook->apply_filters('', Array)
#6 /wordpress/wp-includes/plugin.php(517): WP_Hook->do_action(Array)
#7 /wordpress/wp-admin/includes/plugin.php(703): do_action('activate_lastfo...', false)
#8 /internal/eval.php(20): activate_plugin('lastform/lastfo...')
#9 {main}</pre>
 for query SHOW INDEXES FROM wp_origincode_contact_general_options WHERE column_name='name' made by activate_plugin, do_action('activate_lastform/lastform.php'), WP_Hook->do_action, WP_Hook->apply_filters, origincode_contact_activate, refactorGeneralOptionsTable, WP_SQLite_DB->query, WP_SQLite_DB->print_error
[25-Apr-2025 11:52:16 UTC] WordPress database error <div style="clear:both">&nbsp;</div>
<div class="queries" style="clear:both;margin-bottom:2px;border:red dotted thin;">
<p>MySQL query:</p>
<p>ALTER TABLE wp_origincode_contact_general_options ADD UNIQUE (name)</p>
<p>Queries made or created this session were:</p>
<ol>
<li>Executing: BEGIN | (no parameters)</li>
<li>Executing: INSERT INTO _mysql_data_types_cache (`table`, `column_or_index`, `mysql_type`)
				VALUES (:table, :column, :datatype)
				ON CONFLICT(`table`, `column_or_index`) DO UPDATE SET `mysql_type` = :datatype
			 | parameters: wp_origincode_contact_general_options, wp_origincode_contact_general_options__(, UNIQUE</li>
<li>Executing: CREATE UNIQUE INDEX &quot;wp_origincode_contact_general_options__(&quot; ON &quot;wp_origincode_contact_general_options&quot; () | (no parameters)</li>
<li>Executing: ROLLBACK | (no parameters)</li>
</ol>
</div>
<div style="clear:both;margin-bottom:2px;border:red dotted thin;" class="error_message" style="border-bottom:dotted blue thin;">
Error occurred at line 4117 in Function <code>handle_error</code>. Error message was: SQLSTATE[HY000]: General error: 1 near ")": syntax error.
</div>
<p>Backtrace:</p>
<pre>#0 /internal/shared/sqlite-database-integration/wp-includes/sqlite/class-wp-sqlite-db.php(287): WP_SQLite_Translator->get_error_message()
#1 /wordpress/wp-content/plugins/lastform/lastform.php(1838): WP_SQLite_DB->query('ALTER TABLE wp_...')
#2 /wordpress/wp-content/plugins/lastform/lastform.php(1744): refactorGeneralOptionsTable()
#3 /wordpress/wp-includes/class-wp-hook.php(324): origincode_contact_activate(false)
#4 /wordpress/wp-includes/class-wp-hook.php(348): WP_Hook->apply_filters('', Array)
#5 /wordpress/wp-includes/plugin.php(517): WP_Hook->do_action(Array)
#6 /wordpress/wp-admin/includes/plugin.php(703): do_action('activate_lastfo...', false)
#7 /internal/eval.php(20): activate_plugin('lastform/lastfo...')
#8 {main}</pre>
 for query ALTER TABLE wp_origincode_contact_general_options ADD UNIQUE (name) made by activate_plugin, do_action('activate_lastform/lastform.php'), WP_Hook->do_action, WP_Hook->apply_filters, origincode_contact_activate, refactorGeneralOptionsTable, WP_SQLite_DB->query, WP_SQLite_DB->print_error
[25-Apr-2025 11:52:28 UTC] WordPress database error <div style="clear:both">&nbsp;</div>
<div class="queries" style="clear:both;margin-bottom:2px;border:red dotted thin;">
<p>MySQL query:</p>
<p>SHOW INDEXES FROM wp_origincode_contact_general_options WHERE column_name='name'</p>
<p>Queries made or created this session were:</p>
<ol>
<li>Executing: BEGIN | (no parameters)</li>
<li>Executing: ROLLBACK | (no parameters)</li>
</ol>
</div>
<div style="clear:both;margin-bottom:2px;border:red dotted thin;" class="error_message" style="border-bottom:dotted blue thin;">
Error occurred at line 4117 in Function <code>handle_error</code>. Error message was: Unknown show type: INDEXES FROM.
</div>
<p>Backtrace:</p>
<pre>#0 /internal/shared/sqlite-database-integration/wp-includes/sqlite/class-wp-sqlite-db.php(287): WP_SQLite_Translator->get_error_message()
#1 /wordpress/wp-includes/class-wpdb.php(3146): WP_SQLite_DB->query('SHOW INDEXES FR...')
#2 /wordpress/wp-content/plugins/lastform/lastform.php(1834): wpdb->get_results('SHOW INDEXES FR...')
#3 /wordpress/wp-content/plugins/lastform/lastform.php(1744): refactorGeneralOptionsTable()
#4 /wordpress/wp-includes/class-wp-hook.php(324): origincode_contact_activate(false)
#5 /wordpress/wp-includes/class-wp-hook.php(348): WP_Hook->apply_filters('', Array)
#6 /wordpress/wp-includes/plugin.php(517): WP_Hook->do_action(Array)
#7 /wordpress/wp-admin/includes/plugin.php(703): do_action('activate_lastfo...', false)
#8 /internal/eval.php(20): activate_plugin('lastform/lastfo...')
#9 {main}</pre>
 for query SHOW INDEXES FROM wp_origincode_contact_general_options WHERE column_name='name' made by activate_plugin, do_action('activate_lastform/lastform.php'), WP_Hook->do_action, WP_Hook->apply_filters, origincode_contact_activate, refactorGeneralOptionsTable, WP_SQLite_DB->query, WP_SQLite_DB->print_error
[25-Apr-2025 11:52:28 UTC] WordPress database error <div style="clear:both">&nbsp;</div>
<div class="queries" style="clear:both;margin-bottom:2px;border:red dotted thin;">
<p>MySQL query:</p>
<p>ALTER TABLE wp_origincode_contact_general_options ADD UNIQUE (name)</p>
<p>Queries made or created this session were:</p>
<ol>
<li>Executing: BEGIN | (no parameters)</li>
<li>Executing: INSERT INTO _mysql_data_types_cache (`table`, `column_or_index`, `mysql_type`)
				VALUES (:table, :column, :datatype)
				ON CONFLICT(`table`, `column_or_index`) DO UPDATE SET `mysql_type` = :datatype
			 | parameters: wp_origincode_contact_general_options, wp_origincode_contact_general_options__(, UNIQUE</li>
<li>Executing: CREATE UNIQUE INDEX &quot;wp_origincode_contact_general_options__(&quot; ON &quot;wp_origincode_contact_general_options&quot; () | (no parameters)</li>
<li>Executing: ROLLBACK | (no parameters)</li>
</ol>
</div>
<div style="clear:both;margin-bottom:2px;border:red dotted thin;" class="error_message" style="border-bottom:dotted blue thin;">
Error occurred at line 4117 in Function <code>handle_error</code>. Error message was: SQLSTATE[HY000]: General error: 1 near ")": syntax error.
</div>
<p>Backtrace:</p>
<pre>#0 /internal/shared/sqlite-database-integration/wp-includes/sqlite/class-wp-sqlite-db.php(287): WP_SQLite_Translator->get_error_message()
#1 /wordpress/wp-content/plugins/lastform/lastform.php(1838): WP_SQLite_DB->query('ALTER TABLE wp_...')
#2 /wordpress/wp-content/plugins/lastform/lastform.php(1744): refactorGeneralOptionsTable()
#3 /wordpress/wp-includes/class-wp-hook.php(324): origincode_contact_activate(false)
#4 /wordpress/wp-includes/class-wp-hook.php(348): WP_Hook->apply_filters('', Array)
#5 /wordpress/wp-includes/plugin.php(517): WP_Hook->do_action(Array)
#6 /wordpress/wp-admin/includes/plugin.php(703): do_action('activate_lastfo...', false)
#7 /internal/eval.php(20): activate_plugin('lastform/lastfo...')
#8 {main}</pre>
 for query ALTER TABLE wp_origincode_contact_general_options ADD UNIQUE (name) made by activate_plugin, do_action('activate_lastform/lastform.php'), WP_Hook->do_action, WP_Hook->apply_filters, origincode_contact_activate, refactorGeneralOptionsTable, WP_SQLite_DB->query, WP_SQLite_DB->print_error
[25-Apr-2025 11:52:37 UTC] WordPress database error <div style="clear:both">&nbsp;</div>
<div class="queries" style="clear:both;margin-bottom:2px;border:red dotted thin;">
<p>MySQL query:</p>
<p>CREATE TABLE IF NOT EXISTS wp_LIR_flags (
                      posts_id mediumint(8) UNSIGNED NOT NULL,
                      name varchar(255) NOT NULL,
                      value smallint(1) NOT NULL,
                      PRIMARY KEY (posts_id, name),
                      FOREIGN KEY (posts_id)
                         REFERENCES wp_LIR_posts (id)
                         ON UPDATE CASCADE ON DELETE CASCADE
                   ) ENGINE=InnoDB DEFAULT CHARSET=utf8</p>
<p>Queries made or created this session were:</p>
<ol>
<li>Executing: BEGIN | (no parameters)</li>
<li>Executing: SELECT 1 FROM _wp_sqlite_mysql_information_schema_tables WHERE table_schema = ? AND table_name = ? | parameters: database_name_here, wp_LIR_flags</li>
<li>Executing: 
				INSERT INTO _wp_sqlite_mysql_information_schema_tables (table_schema, table_name, table_type, engine, row_format, table_collation)
				VALUES (?, ?, ?, ?, ?, ?)
			 | parameters: database_name_here, wp_LIR_flags, BASE TABLE, InnoDB, Dynamic, utf8mb4_general_ci</li>
<li>Executing: 
				INSERT INTO _wp_sqlite_mysql_information_schema_columns (table_schema, table_name, column_name, ordinal_position, column_default, is_nullable, data_type, character_maximum_length, character_octet_length, numeric_precision, numeric_scale, datetime_precision, character_set_name, collation_name, column_type, column_key, extra, privileges, column_comment, generation_expression, srs_id)
				VALUES (?, ?, ?, ?, ?, ?, ?, ?, ?, ?, ?, ?, ?, ?, ?, ?, ?, ?, ?, ?, ?)
			 | parameters: database_name_here, wp_LIR_flags, posts_id, 1, , NO, mediumint, , , 7, 0, , , , mediumint(8) unsigned, , , select,insert,update,references, , , </li>
<li>Executing: 
				INSERT INTO _wp_sqlite_mysql_information_schema_columns (table_schema, table_name, column_name, ordinal_position, column_default, is_nullable, data_type, character_maximum_length, character_octet_length, numeric_precision, numeric_scale, datetime_precision, character_set_name, collation_name, column_type, column_key, extra, privileges, column_comment, generation_expression, srs_id)
				VALUES (?, ?, ?, ?, ?, ?, ?, ?, ?, ?, ?, ?, ?, ?, ?, ?, ?, ?, ?, ?, ?)
			 | parameters: database_name_here, wp_LIR_flags, name, 2, , NO, varchar, 255, 1020, , , , utf8mb4, utf8mb4_general_ci, varchar(255), , , select,insert,update,references, , , </li>
<li>Executing: 
				INSERT INTO _wp_sqlite_mysql_information_schema_columns (table_schema, table_name, column_name, ordinal_position, column_default, is_nullable, data_type, character_maximum_length, character_octet_length, numeric_precision, numeric_scale, datetime_precision, character_set_name, collation_name, column_type, column_key, extra, privileges, column_comment, generation_expression, srs_id)
				VALUES (?, ?, ?, ?, ?, ?, ?, ?, ?, ?, ?, ?, ?, ?, ?, ?, ?, ?, ?, ?, ?)
			 | parameters: database_name_here, wp_LIR_flags, value, 3, , NO, smallint, , , 5, 0, , , , smallint(1), , , select,insert,update,references, , , </li>
<li>Executing: 
					SELECT column_name, data_type, is_nullable, character_maximum_length
					FROM _wp_sqlite_mysql_information_schema_columns
					WHERE table_schema = ?
					AND table_name = ?
					AND column_name IN (?,?)
				 | parameters: database_name_here, wp_LIR_flags, posts_id, name</li>
<li>Executing: 
				INSERT INTO _wp_sqlite_mysql_information_schema_statistics (table_schema, table_name, non_unique, index_schema, index_name, seq_in_index, column_name, collation, cardinality, sub_part, packed, nullable, index_type, comment, index_comment, is_visible, expression)
				VALUES (?, ?, ?, ?, ?, ?, ?, ?, ?, ?, ?, ?, ?, ?, ?, ?, ?)
			 | parameters: database_name_here, wp_LIR_flags, 0, database_name_here, PRIMARY, 1, posts_id, A, 0, , , , BTREE, , , YES, </li>
<li>Executing: 
				INSERT INTO _wp_sqlite_mysql_information_schema_statistics (table_schema, table_name, non_unique, index_schema, index_name, seq_in_index, column_name, collation, cardinality, sub_part, packed, nullable, index_type, comment, index_comment, is_visible, expression)
				VALUES (?, ?, ?, ?, ?, ?, ?, ?, ?, ?, ?, ?, ?, ?, ?, ?, ?)
			 | parameters: database_name_here, wp_LIR_flags, 0, database_name_here, PRIMARY, 2, name, A, 0, , , , BTREE, , , YES, </li>
<li>Executing: 
				WITH s AS (
					SELECT
						column_name,
						CASE
							WHEN MAX(index_name = 'PRIMARY') THEN 'PRI'
							WHEN MAX(non_unique = 0 AND seq_in_index = 1) THEN 'UNI'
							WHEN MAX(seq_in_index = 1) THEN 'MUL'
							ELSE ''
						END AS column_key
					FROM _wp_sqlite_mysql_information_schema_statistics
					WHERE table_schema = ?
					AND table_name = ?
					GROUP BY column_name
				)
				UPDATE _wp_sqlite_mysql_information_schema_columns AS c
				SET
					column_key = s.column_key,
					is_nullable = IIF(s.column_key = 'PRI', 'NO', c.is_nullable)
			    FROM s
			    WHERE c.table_schema = ?
			    AND c.table_name = ?
				AND s.column_name = c.column_name
			 | parameters: database_name_here, wp_LIR_flags, database_name_here, wp_LIR_flags</li>
<li>Executing: ROLLBACK | (no parameters)</li>
</ol>
</div>
<div style="clear:both;margin-bottom:2px;border:red dotted thin;" class="error_message" style="border-bottom:dotted blue thin;">
FOREIGN KEY and CHECK constraints are not supported yet.
</div>
<p>Backtrace:</p>
<pre>#0 /internal/shared/sqlite-database-integration/wp-includes/sqlite-ast/class-wp-sqlite-driver.php(690): WP_SQLite_Driver->new_driver_exception('FOREIGN KEY and...', 0, Object(Exception))
#1 /internal/shared/sqlite-database-integration/wp-includes/sqlite/class-wp-sqlite-db.php(472): WP_SQLite_Driver->query('CREATE TABLE IF...')
#2 /internal/shared/sqlite-database-integration/wp-includes/sqlite/class-wp-sqlite-db.php(413): WP_SQLite_DB->_do_query('CREATE TABLE IF...')
#3 /wordpress/wp-admin/includes/upgrade.php(3280): WP_SQLite_DB->query('CREATE TABLE IF...')
#4 /wordpress/wp-content/plugins/library-instruction-recorder/library-instruction-recorder.php(183): dbDelta(Array)
#5 /wordpress/wp-includes/class-wp-hook.php(324): LIR::activationHook(false)
#6 /wordpress/wp-includes/class-wp-hook.php(348): WP_Hook->apply_filters('', Array)
#7 /wordpress/wp-includes/plugin.php(517): WP_Hook->do_action(Array)
#8 /wordpress/wp-admin/includes/plugin.php(703): do_action('activate_librar...', false)
#9 /internal/eval.php(20): activate_plugin('library-instruc...')
#10 {main}</pre>
 for query CREATE TABLE IF NOT EXISTS wp_LIR_flags (
                      posts_id mediumint(8) UNSIGNED NOT NULL,
                      name varchar(255) NOT NULL,
                      value smallint(1) NOT NULL,
                      PRIMARY KEY (posts_id, name),
                      FOREIGN KEY (posts_id)
                         REFERENCES wp_LIR_posts (id)
                         ON UPDATE CASCADE ON DELETE CASCADE
                   ) ENGINE=InnoDB DEFAULT CHARSET=utf8 made by activate_plugin, do_action('activate_library-instruction-recorder/library-instruction-recorder.php'), WP_Hook->do_action, WP_Hook->apply_filters, LIR::activationHook, dbDelta, WP_SQLite_DB->query, WP_SQLite_DB->print_error
[25-Apr-2025 11:52:46 UTC] WordPress database error <div style="clear:both">&nbsp;</div>
<div class="queries" style="clear:both;margin-bottom:2px;border:red dotted thin;">
<p>MySQL query:</p>
<p>CREATE TABLE IF NOT EXISTS wp_LIR_flags (
                      posts_id mediumint(8) UNSIGNED NOT NULL,
                      name varchar(255) NOT NULL,
                      value smallint(1) NOT NULL,
                      PRIMARY KEY (posts_id, name),
                      FOREIGN KEY (posts_id)
                         REFERENCES wp_LIR_posts (id)
                         ON UPDATE CASCADE ON DELETE CASCADE
                   ) ENGINE=InnoDB DEFAULT CHARSET=utf8</p>
<p>Queries made or created this session were:</p>
<ol>
<li>Executing: BEGIN | (no parameters)</li>
<li>Executing: INSERT INTO _mysql_data_types_cache (`table`, `column_or_index`, `mysql_type`)
				VALUES (:table, :column, :datatype)
				ON CONFLICT(`table`, `column_or_index`) DO UPDATE SET `mysql_type` = :datatype
			 | parameters: wp_LIR_flags, posts_id, mediumint(8) UNSIGNED</li>
<li>Executing: INSERT INTO _mysql_data_types_cache (`table`, `column_or_index`, `mysql_type`)
				VALUES (:table, :column, :datatype)
				ON CONFLICT(`table`, `column_or_index`) DO UPDATE SET `mysql_type` = :datatype
			 | parameters: wp_LIR_flags, name, varchar(255)</li>
<li>Executing: INSERT INTO _mysql_data_types_cache (`table`, `column_or_index`, `mysql_type`)
				VALUES (:table, :column, :datatype)
				ON CONFLICT(`table`, `column_or_index`) DO UPDATE SET `mysql_type` = :datatype
			 | parameters: wp_LIR_flags, value, smallint(1)</li>
<li>Executing: CREATE TABLE IF NOT EXISTS &quot;wp_LIR_flags&quot; (
&quot;posts_id&quot; integer NOT NULL ON CONFLICT REPLACE DEFAULT 0,
&quot;name&quot; text NOT NULL ON CONFLICT REPLACE DEFAULT '' COLLATE NOCASE,
&quot;value&quot; integer NOT NULL ON CONFLICT REPLACE DEFAULT 0,
PRIMARY KEY (&quot;posts_id&quot;, &quot;name&quot;)) | (no parameters)</li>
<li>Executing: CREATE  INDEX IF NOT EXISTS &quot;wp_LIR_flags__&quot; ON &quot;wp_LIR_flags&quot; (&quot;&quot;) | (no parameters)</li>
<li>Executing: INSERT INTO _mysql_data_types_cache (`table`, `column_or_index`, `mysql_type`)
				VALUES (:table, :column, :datatype)
				ON CONFLICT(`table`, `column_or_index`) DO UPDATE SET `mysql_type` = :datatype
			 | parameters: wp_LIR_flags, wp_LIR_flags__, </li>
<li>Executing: ROLLBACK | (no parameters)</li>
</ol>
</div>
<div style="clear:both;margin-bottom:2px;border:red dotted thin;" class="error_message" style="border-bottom:dotted blue thin;">
Error occurred at line 4117 in Function <code>handle_error</code>. Error message was: SQLSTATE[23000]: Integrity constraint violation: 19 NOT NULL constraint failed: _mysql_data_types_cache.mysql_type.
</div>
<p>Backtrace:</p>
<pre>#0 /internal/shared/sqlite-database-integration/wp-includes/sqlite/class-wp-sqlite-db.php(287): WP_SQLite_Translator->get_error_message()
#1 /wordpress/wp-admin/includes/upgrade.php(3280): WP_SQLite_DB->query('CREATE TABLE IF...')
#2 /wordpress/wp-content/plugins/library-instruction-recorder/library-instruction-recorder.php(183): dbDelta(Array)
#3 /wordpress/wp-includes/class-wp-hook.php(324): LIR::activationHook(false)
#4 /wordpress/wp-includes/class-wp-hook.php(348): WP_Hook->apply_filters('', Array)
#5 /wordpress/wp-includes/plugin.php(517): WP_Hook->do_action(Array)
#6 /wordpress/wp-admin/includes/plugin.php(703): do_action('activate_librar...', false)
#7 /internal/eval.php(20): activate_plugin('library-instruc...')
#8 {main}</pre>
 for query CREATE TABLE IF NOT EXISTS wp_LIR_flags (
                      posts_id mediumint(8) UNSIGNED NOT NULL,
                      name varchar(255) NOT NULL,
                      value smallint(1) NOT NULL,
                      PRIMARY KEY (posts_id, name),
                      FOREIGN KEY (posts_id)
                         REFERENCES wp_LIR_posts (id)
                         ON UPDATE CASCADE ON DELETE CASCADE
                   ) ENGINE=InnoDB DEFAULT CHARSET=utf8 made by activate_plugin, do_action('activate_library-instruction-recorder/library-instruction-recorder.php'), WP_Hook->do_action, WP_Hook->apply_filters, LIR::activationHook, dbDelta, WP_SQLite_DB->query, WP_SQLite_DB->print_error
[25-Apr-2025 11:52:54 UTC] WordPress database error <div style="clear:both">&nbsp;</div>
<div class="queries" style="clear:both;margin-bottom:2px;border:red dotted thin;">
<p>MySQL query:</p>
<p>CREATE TABLE IF NOT EXISTS wp_LIR_flags (
                      posts_id mediumint(8) UNSIGNED NOT NULL,
                      name varchar(255) NOT NULL,
                      value smallint(1) NOT NULL,
                      PRIMARY KEY (posts_id, name),
                      FOREIGN KEY (posts_id)
                         REFERENCES wp_LIR_posts (id)
                         ON UPDATE CASCADE ON DELETE CASCADE
                   ) ENGINE=InnoDB DEFAULT CHARSET=utf8</p>
<p>Queries made or created this session were:</p>
<ol>
<li>Executing: BEGIN | (no parameters)</li>
<li>Executing: INSERT INTO _mysql_data_types_cache (`table`, `column_or_index`, `mysql_type`)
				VALUES (:table, :column, :datatype)
				ON CONFLICT(`table`, `column_or_index`) DO UPDATE SET `mysql_type` = :datatype
			 | parameters: wp_LIR_flags, posts_id, mediumint(8) UNSIGNED</li>
<li>Executing: INSERT INTO _mysql_data_types_cache (`table`, `column_or_index`, `mysql_type`)
				VALUES (:table, :column, :datatype)
				ON CONFLICT(`table`, `column_or_index`) DO UPDATE SET `mysql_type` = :datatype
			 | parameters: wp_LIR_flags, name, varchar(255)</li>
<li>Executing: INSERT INTO _mysql_data_types_cache (`table`, `column_or_index`, `mysql_type`)
				VALUES (:table, :column, :datatype)
				ON CONFLICT(`table`, `column_or_index`) DO UPDATE SET `mysql_type` = :datatype
			 | parameters: wp_LIR_flags, value, smallint(1)</li>
<li>Executing: CREATE TABLE IF NOT EXISTS &quot;wp_LIR_flags&quot; (
&quot;posts_id&quot; integer NOT NULL ON CONFLICT REPLACE DEFAULT 0,
&quot;name&quot; text NOT NULL ON CONFLICT REPLACE DEFAULT '' COLLATE NOCASE,
&quot;value&quot; integer NOT NULL ON CONFLICT REPLACE DEFAULT 0,
PRIMARY KEY (&quot;posts_id&quot;, &quot;name&quot;)) | (no parameters)</li>
<li>Executing: CREATE  INDEX IF NOT EXISTS &quot;wp_LIR_flags__&quot; ON &quot;wp_LIR_flags&quot; (&quot;&quot;) | (no parameters)</li>
<li>Executing: INSERT INTO _mysql_data_types_cache (`table`, `column_or_index`, `mysql_type`)
				VALUES (:table, :column, :datatype)
				ON CONFLICT(`table`, `column_or_index`) DO UPDATE SET `mysql_type` = :datatype
			 | parameters: wp_LIR_flags, wp_LIR_flags__, </li>
<li>Executing: ROLLBACK | (no parameters)</li>
</ol>
</div>
<div style="clear:both;margin-bottom:2px;border:red dotted thin;" class="error_message" style="border-bottom:dotted blue thin;">
Error occurred at line 4117 in Function <code>handle_error</code>. Error message was: SQLSTATE[23000]: Integrity constraint violation: 19 NOT NULL constraint failed: _mysql_data_types_cache.mysql_type.
</div>
<p>Backtrace:</p>
<pre>#0 /internal/shared/sqlite-database-integration/wp-includes/sqlite/class-wp-sqlite-db.php(287): WP_SQLite_Translator->get_error_message()
#1 /wordpress/wp-admin/includes/upgrade.php(3280): WP_SQLite_DB->query('CREATE TABLE IF...')
#2 /wordpress/wp-content/plugins/library-instruction-recorder/library-instruction-recorder.php(183): dbDelta(Array)
#3 /wordpress/wp-includes/class-wp-hook.php(324): LIR::activationHook(false)
#4 /wordpress/wp-includes/class-wp-hook.php(348): WP_Hook->apply_filters('', Array)
#5 /wordpress/wp-includes/plugin.php(517): WP_Hook->do_action(Array)
#6 /wordpress/wp-admin/includes/plugin.php(703): do_action('activate_librar...', false)
#7 /internal/eval.php(20): activate_plugin('library-instruc...')
#8 {main}</pre>
 for query CREATE TABLE IF NOT EXISTS wp_LIR_flags (
                      posts_id mediumint(8) UNSIGNED NOT NULL,
                      name varchar(255) NOT NULL,
                      value smallint(1) NOT NULL,
                      PRIMARY KEY (posts_id, name),
                      FOREIGN KEY (posts_id)
                         REFERENCES wp_LIR_posts (id)
                         ON UPDATE CASCADE ON DELETE CASCADE
                   ) ENGINE=InnoDB DEFAULT CHARSET=utf8 made by activate_plugin, do_action('activate_library-instruction-recorder/library-instruction-recorder.php'), WP_Hook->do_action, WP_Hook->apply_filters, LIR::activationHook, dbDelta, WP_SQLite_DB->query, WP_SQLite_DB->print_error
[25-Apr-2025 11:53:09 UTC] PHP Deprecated:  Required parameter $discount follows optional parameter $type in /wordpress/wp-content/plugins/limelight-checkout/app/Models/Coupon.php on line 236
[25-Apr-2025 11:53:09 UTC] PHP Deprecated:  Required parameter $price follows optional parameter $type in /wordpress/wp-content/plugins/limelight-checkout/app/Models/Coupon.php on line 236
[25-Apr-2025 11:53:09 UTC] PHP Deprecated:  Required parameter $value follows optional parameter $key in /wordpress/wp-content/plugins/limelight-checkout/vendor/limelight/forms/app/Models/Form.php on line 493
[25-Apr-2025 11:53:10 UTC] PHP Deprecated:  Required parameter $discount follows optional parameter $type in /wordpress/wp-content/plugins/limelight-checkout/app/Models/Coupon.php on line 236
[25-Apr-2025 11:53:10 UTC] PHP Deprecated:  Required parameter $price follows optional parameter $type in /wordpress/wp-content/plugins/limelight-checkout/app/Models/Coupon.php on line 236
[25-Apr-2025 11:53:10 UTC] PHP Deprecated:  Required parameter $value follows optional parameter $key in /wordpress/wp-content/plugins/limelight-checkout/vendor/limelight/forms/app/Models/Form.php on line 493
[25-Apr-2025 11:53:25 UTC] PHP Deprecated:  Required parameter $discount follows optional parameter $type in /wordpress/wp-content/plugins/limelight-checkout/app/Models/Coupon.php on line 236
[25-Apr-2025 11:53:25 UTC] PHP Deprecated:  Required parameter $price follows optional parameter $type in /wordpress/wp-content/plugins/limelight-checkout/app/Models/Coupon.php on line 236
[25-Apr-2025 11:53:25 UTC] PHP Deprecated:  Required parameter $value follows optional parameter $key in /wordpress/wp-content/plugins/limelight-checkout/vendor/limelight/forms/app/Models/Form.php on line 493
[25-Apr-2025 11:53:26 UTC] PHP Deprecated:  Required parameter $discount follows optional parameter $type in /wordpress/wp-content/plugins/limelight-checkout/app/Models/Coupon.php on line 236
[25-Apr-2025 11:53:26 UTC] PHP Deprecated:  Required parameter $price follows optional parameter $type in /wordpress/wp-content/plugins/limelight-checkout/app/Models/Coupon.php on line 236
[25-Apr-2025 11:53:26 UTC] PHP Deprecated:  Required parameter $value follows optional parameter $key in /wordpress/wp-content/plugins/limelight-checkout/vendor/limelight/forms/app/Models/Form.php on line 493
[25-Apr-2025 11:53:40 UTC] PHP Deprecated:  Required parameter $discount follows optional parameter $type in /wordpress/wp-content/plugins/limelight-checkout/app/Models/Coupon.php on line 236
[25-Apr-2025 11:53:40 UTC] PHP Deprecated:  Required parameter $price follows optional parameter $type in /wordpress/wp-content/plugins/limelight-checkout/app/Models/Coupon.php on line 236
[25-Apr-2025 11:53:40 UTC] PHP Deprecated:  Required parameter $value follows optional parameter $key in /wordpress/wp-content/plugins/limelight-checkout/vendor/limelight/forms/app/Models/Form.php on line 493
[25-Apr-2025 11:53:40 UTC] PHP Deprecated:  Required parameter $discount follows optional parameter $type in /wordpress/wp-content/plugins/limelight-checkout/app/Models/Coupon.php on line 236
[25-Apr-2025 11:53:40 UTC] PHP Deprecated:  Required parameter $price follows optional parameter $type in /wordpress/wp-content/plugins/limelight-checkout/app/Models/Coupon.
Node.js v23.11.0
