file:///home/runner/work/playground-tester/playground-tester/node_modules/@wp-playground/cli/index.js:237
        throw new Error(y, { cause: u });
              ^

Error: [23-Apr-2025 07:32:51 UTC] PHP Notice:  Function wp_enqueue_script was called <strong>incorrectly</strong>. Scripts and styles should not be registered or enqueued until the <code>wp_enqueue_scripts</code>, <code>admin_enqueue_scripts</code>, or <code>login_enqueue_scripts</code> hooks. This notice was triggered by the <code>s3slider</code> handle. Please see <a href="https://developer.wordpress.org/advanced-administration/debug/debug-wordpress/">Debugging in WordPress</a> for more information. (This message was added in version 3.3.0.) in /wordpress/wp-includes/functions.php on line 6121
[23-Apr-2025 07:32:59 UTC] PHP Notice:  Function wp_enqueue_script was called <strong>incorrectly</strong>. Scripts and styles should not be registered or enqueued until the <code>wp_enqueue_scripts</code>, <code>admin_enqueue_scripts</code>, or <code>login_enqueue_scripts</code> hooks. This notice was triggered by the <code>s3slider</code> handle. Please see <a href="https://developer.wordpress.org/advanced-administration/debug/debug-wordpress/">Debugging in WordPress</a> for more information. (This message was added in version 3.3.0.) in /wordpress/wp-includes/functions.php on line 6121
[23-Apr-2025 07:33:08 UTC] PHP Notice:  Function wp_enqueue_script was called <strong>incorrectly</strong>. Scripts and styles should not be registered or enqueued until the <code>wp_enqueue_scripts</code>, <code>admin_enqueue_scripts</code>, or <code>login_enqueue_scripts</code> hooks. This notice was triggered by the <code>s3slider</code> handle. Please see <a href="https://developer.wordpress.org/advanced-administration/debug/debug-wordpress/">Debugging in WordPress</a> for more information. (This message was added in version 3.3.0.) in /wordpress/wp-includes/functions.php on line 6121
[23-Apr-2025 07:33:17 UTC] PHP Parse error:  syntax error, unexpected 'Admin_Hook' (T_STRING), expecting function (T_FUNCTION) or const (T_CONST) in /wordpress/wp-content/plugins/sargas-recaptcha/includes/Init/Core.php on line 24
[23-Apr-2025 07:33:25 UTC] PHP Parse error:  syntax error, unexpected 'Admin_Hook' (T_STRING), expecting function (T_FUNCTION) or const (T_CONST) in /wordpress/wp-content/plugins/sargas-recaptcha/includes/Init/Core.php on line 24
[23-Apr-2025 07:33:33 UTC] PHP Parse error:  syntax error, unexpected 'Admin_Hook' (T_STRING), expecting function (T_FUNCTION) or const (T_CONST) in /wordpress/wp-content/plugins/sargas-recaptcha/includes/Init/Core.php on line 24
[23-Apr-2025 07:33:41 UTC] PHP Warning:  Undefined variable $scribble_db_version in /wordpress/wp-content/plugins/scribble-maps/scribblemap.php on line 61
[23-Apr-2025 07:33:50 UTC] PHP Warning:  Undefined variable $scribble_db_version in /wordpress/wp-content/plugins/scribble-maps/scribblemap.php on line 61
[23-Apr-2025 07:33:59 UTC] PHP Warning:  Undefined variable $scribble_db_version in /wordpress/wp-content/plugins/scribble-maps/scribblemap.php on line 61
[23-Apr-2025 07:34:12 UTC] WordPress database error <div style="clear:both">&nbsp;</div>
<div class="queries" style="clear:both;margin-bottom:2px;border:red dotted thin;">
<p>MySQL query:</p>
<p>SELECT * FROM wp_sendpress_customfields;</p>
<p>Queries made or created this session were:</p>
<ol>
<li>Executing: BEGIN | (no parameters)</li>
<li>Executing: SELECT * FROM `wp_sendpress_customfields` | (no parameters)</li>
<li>Executing: ROLLBACK | (no parameters)</li>
</ol>
</div>
<div style="clear:both;margin-bottom:2px;border:red dotted thin;" class="error_message" style="border-bottom:dotted blue thin;">
SQLSTATE[HY000]: General error: 1 no such table: wp_sendpress_customfields
</div>
<p>Backtrace:</p>
<pre>#0 /internal/shared/sqlite-database-integration/wp-includes/sqlite-ast/class-wp-sqlite-driver.php(690): WP_SQLite_Driver->new_driver_exception('SQLSTATE[HY000]...', 0, Object(PDOException))
#1 /internal/shared/sqlite-database-integration/wp-includes/sqlite/class-wp-sqlite-db.php(472): WP_SQLite_Driver->query('SELECT * FROM w...')
#2 /internal/shared/sqlite-database-integration/wp-includes/sqlite/class-wp-sqlite-db.php(413): WP_SQLite_DB->_do_query('SELECT * FROM w...')
#3 /wordpress/wp-includes/class-wpdb.php(3146): WP_SQLite_DB->query('SELECT * FROM w...')
#4 /wordpress/wp-content/plugins/sendpress/classes/db/class-sendpress-db-customfields.php(51): wpdb->get_results('SELECT * FROM w...', 'ARRAY_A')
#5 /wordpress/wp-content/plugins/sendpress/classes/class-sendpress-template-tags.php(559): SendPress_DB_Customfields->get_all()
#6 /wordpress/wp-content/plugins/sendpress/classes/class-sendpress-template-tags.php(748): spnl_load_custom_field_tags()
#7 /wordpress/wp-includes/class-wp-hook.php(324): spnl_setup_template_tags('')
#8 /wordpress/wp-includes/class-wp-hook.php(348): WP_Hook->apply_filters('', Array)
#9 /wordpress/wp-includes/plugin.php(517): WP_Hook->do_action(Array)
#10 /wordpress/wp-content/plugins/sendpress/classes/class-sendpress-template-tags.php(552): do_action('spnl_add_templa...')
#11 /wordpress/wp-includes/class-wp-hook.php(324): spnl_load_template_tags('')
#12 /wordpress/wp-includes/class-wp-hook.php(348): WP_Hook->apply_filters('', Array)
#13 /wordpress/wp-includes/plugin.php(517): WP_Hook->do_action(Array)
#14 /wordpress/wp-settings.php(727): do_action('init')
#15 /wordpress/wp-config.php(102): require_once('/wordpress/wp-s...')
#16 /wordpress/wp-load.php(50): require_once('/wordpress/wp-c...')
#17 /internal/eval.php(3): require_once('/wordpress/wp-l...')
#18 {main}</pre>
 for query SELECT * FROM wp_sendpress_customfields; made by require_once('wp-load.php'), require_once('wp-config.php'), require_once('wp-settings.php'), do_action('init'), WP_Hook->do_action, WP_Hook->apply_filters, spnl_load_template_tags, do_action('spnl_add_template_tags'), WP_Hook->do_action, WP_Hook->apply_filters, spnl_setup_template_tags, spnl_load_custom_field_tags, SendPress_DB_Customfields->get_all, WP_SQLite_DB->query, WP_SQLite_DB->print_error
[23-Apr-2025 07:34:23 UTC] WordPress database error <div style="clear:both">&nbsp;</div>
<div class="queries" style="clear:both;margin-bottom:2px;border:red dotted thin;">
<p>MySQL query:</p>
<p>SELECT * FROM wp_sendpress_customfields;</p>
<p>Queries made or created this session were:</p>
<ol>
<li>Executing: BEGIN | (no parameters)</li>
<li>Executing: SELECT * FROM wp_sendpress_customfields; | (no parameters)</li>
<li>Executing: ROLLBACK | (no parameters)</li>
</ol>
</div>
<div style="clear:both;margin-bottom:2px;border:red dotted thin;" class="error_message" style="border-bottom:dotted blue thin;">
Error occurred at line 4117 in Function <code>handle_error</code>. Error message was: SQLSTATE[HY000]: General error: 1 no such table: wp_sendpress_customfields.
</div>
<p>Backtrace:</p>
<pre>#0 /internal/shared/sqlite-database-integration/wp-includes/sqlite/class-wp-sqlite-db.php(287): WP_SQLite_Translator->get_error_message()
#1 /wordpress/wp-includes/class-wpdb.php(3146): WP_SQLite_DB->query('SELECT * FROM w...')
#2 /wordpress/wp-content/plugins/sendpress/classes/db/class-sendpress-db-customfields.php(51): wpdb->get_results('SELECT * FROM w...', 'ARRAY_A')
#3 /wordpress/wp-content/plugins/sendpress/classes/class-sendpress-template-tags.php(559): SendPress_DB_Customfields->get_all()
#4 /wordpress/wp-content/plugins/sendpress/classes/class-sendpress-template-tags.php(748): spnl_load_custom_field_tags()
#5 /wordpress/wp-includes/class-wp-hook.php(324): spnl_setup_template_tags('')
#6 /wordpress/wp-includes/class-wp-hook.php(348): WP_Hook->apply_filters('', Array)
#7 /wordpress/wp-includes/plugin.php(517): WP_Hook->do_action(Array)
#8 /wordpress/wp-content/plugins/sendpress/classes/class-sendpress-template-tags.php(552): do_action('spnl_add_templa...')
#9 /wordpress/wp-includes/class-wp-hook.php(324): spnl_load_template_tags('')
#10 /wordpress/wp-includes/class-wp-hook.php(348): WP_Hook->apply_filters('', Array)
#11 /wordpress/wp-includes/plugin.php(517): WP_Hook->do_action(Array)
#12 /wordpress/wp-settings.php(727): do_action('init')
#13 /wordpress/wp-config.php(102): require_once('/wordpress/wp-s...')
#14 /wordpress/wp-load.php(50): require_once('/wordpress/wp-c...')
#15 /internal/eval.php(3): require_once('/wordpress/wp-l...')
#16 {main}</pre>
 for query SELECT * FROM wp_sendpress_customfields; made by require_once('wp-load.php'), require_once('wp-config.php'), require_once('wp-settings.php'), do_action('init'), WP_Hook->do_action, WP_Hook->apply_filters, spnl_load_template_tags, do_action('spnl_add_template_tags'), WP_Hook->do_action, WP_Hook->apply_filters, spnl_setup_template_tags, spnl_load_custom_field_tags, SendPress_DB_Customfields->get_all, WP_SQLite_DB->query, WP_SQLite_DB->print_error
[23-Apr-2025 07:34:34 UTC] WordPress database error <div style="clear:both">&nbsp;</div>
<div class="queries" style="clear:both;margin-bottom:2px;border:red dotted thin;">
<p>MySQL query:</p>
<p>SELECT * FROM wp_sendpress_customfields;</p>
<p>Queries made or created this session were:</p>
<ol>
<li>Executing: BEGIN | (no parameters)</li>
<li>Executing: SELECT * FROM wp_sendpress_customfields; | (no parameters)</li>
<li>Executing: ROLLBACK | (no parameters)</li>
</ol>
</div>
<div style="clear:both;margin-bottom:2px;border:red dotted thin;" class="error_message" style="border-bottom:dotted blue thin;">
Error occurred at line 4117 in Function <code>handle_error</code>. Error message was: SQLSTATE[HY000]: General error: 1 no such table: wp_sendpress_customfields.
</div>
<p>Backtrace:</p>
<pre>#0 /internal/shared/sqlite-database-integration/wp-includes/sqlite/class-wp-sqlite-db.php(287): WP_SQLite_Translator->get_error_message()
#1 /wordpress/wp-includes/class-wpdb.php(3146): WP_SQLite_DB->query('SELECT * FROM w...')
#2 /wordpress/wp-content/plugins/sendpress/classes/db/class-sendpress-db-customfields.php(51): wpdb->get_results('SELECT * FROM w...', 'ARRAY_A')
#3 /wordpress/wp-content/plugins/sendpress/classes/class-sendpress-template-tags.php(559): SendPress_DB_Customfields->get_all()
#4 /wordpress/wp-content/plugins/sendpress/classes/class-sendpress-template-tags.php(748): spnl_load_custom_field_tags()
#5 /wordpress/wp-includes/class-wp-hook.php(324): spnl_setup_template_tags('')
#6 /wordpress/wp-includes/class-wp-hook.php(348): WP_Hook->apply_filters('', Array)
#7 /wordpress/wp-includes/plugin.php(517): WP_Hook->do_action(Array)
#8 /wordpress/wp-content/plugins/sendpress/classes/class-sendpress-template-tags.php(552): do_action('spnl_add_templa...')
#9 /wordpress/wp-includes/class-wp-hook.php(324): spnl_load_template_tags('')
#10 /wordpress/wp-includes/class-wp-hook.php(348): WP_Hook->apply_filters('', Array)
#11 /wordpress/wp-includes/plugin.php(517): WP_Hook->do_action(Array)
#12 /wordpress/wp-settings.php(727): do_action('init')
#13 /wordpress/wp-config.php(102): require_once('/wordpress/wp-s...')
#14 /wordpress/wp-load.php(50): require_once('/wordpress/wp-c...')
#15 /internal/eval.php(3): require_once('/wordpress/wp-l...')
#16 {main}</pre>
 for query SELECT * FROM wp_sendpress_customfields; made by require_once('wp-load.php'), require_once('wp-config.php'), require_once('wp-settings.php'), do_action('init'), WP_Hook->do_action, WP_Hook->apply_filters, spnl_load_template_tags, do_action('spnl_add_template_tags'), WP_Hook->do_action, WP_Hook->apply_filters, spnl_setup_template_tags, spnl_load_custom_field_tags, SendPress_DB_Customfields->get_all, WP_SQLite_DB->query, WP_SQLite_DB->print_error
[23-Apr-2025 07:35:03 UTC] PHP Fatal error:  Uncaught Error: Call to undefined function create_function() in /wordpress/wp-content/plugins/setfm-widget/plugin.php:246
Stack trace:
#0 /wordpress/wp-admin/includes/plugin.php(2387): include_once()
#1 /wordpress/wp-admin/includes/plugin.php(673): plugin_sandbox_scrape('setfm-widget/pl...')
#2 /internal/eval.php(20): activate_plugin('setfm-widget/pl...')
#3 {main}
  thrown in /wordpress/wp-content/plugins/setfm-widget/plugin.php on line 246
[23-Apr-2025 07:35:10 UTC] PHP Fatal error:  Uncaught Error: Call to undefined function create_function() in /wordpress/wp-content/plugins/setfm-widget/plugin.php:246
Stack trace:
#0 /wordpress/wp-admin/includes/plugin.php(2387): include_once()
#1 /wordpress/wp-admin/includes/plugin.php(673): plugin_sandbox_scrape('setfm-widget/pl...')
#2 /internal/eval.php(20): activate_plugin('setfm-widget/pl...')
#3 {main}
  thrown in /wordpress/wp-content/plugins/setfm-widget/plugin.php on line 246
[23-Apr-2025 07:35:18 UTC] PHP Fatal error:  Uncaught Error: Call to undefined function create_function() in /wordpress/wp-content/plugins/setfm-widget/plugin.php:246
Stack trace:
#0 /wordpress/wp-admin/includes/plugin.php(2387): include_once()
#1 /wordpress/wp-admin/includes/plugin.php(673): plugin_sandbox_scrape('setfm-widget/pl...')
#2 /internal/eval.php(20): activate_plugin('setfm-widget/pl...')
#3 {main}
  thrown in /wordpress/wp-content/plugins/setfm-widget/plugin.php on line 246
[23-Apr-2025 07:35:37 UTC] WordPress database error <div style="clear:both">&nbsp;</div>
<div class="queries" style="clear:both;margin-bottom:2px;border:red dotted thin;">
<p>MySQL query:</p>
<p>CREATE TABLE wp_shinobi_options ( 
		ID bigint(20) UNSIGNED NOT NULL AUTO_INCREMENT,
		option_name varchar(191) NOT NULL,
		option_value longtext NOT NULL,
		PRIMARY KEY  id (ID)
		 ) DEFAULT CHARACTER SET utf8mb4</p>
<p>Queries made or created this session were:</p>
<ol>
<li>Executing: BEGIN | (no parameters)</li>
<li>Executing: ROLLBACK | (no parameters)</li>
</ol>
</div>
<div style="clear:both;margin-bottom:2px;border:red dotted thin;" class="error_message" style="border-bottom:dotted blue thin;">
Error occurred at line 4117 in Function <code>handle_error</code>. Error message was: Cannot combine AUTOINCREMENT and multiple primary keys in SQLite.
</div>
<p>Backtrace:</p>
<pre>#0 /internal/shared/sqlite-database-integration/wp-includes/sqlite/class-wp-sqlite-db.php(287): WP_SQLite_Translator->get_error_message()
#1 /wordpress/wp-admin/includes/upgrade.php(3280): WP_SQLite_DB->query('CREATE TABLE wp...')
#2 /wordpress/wp-content/plugins/shinobi-blocks/vendor/shinobiworks/wp-core/src/DB.php(62): dbDelta(Array)
#3 /wordpress/wp-content/plugins/shinobi-blocks/vendor/shinobiworks/wp-core/src/Bootstrap.php(27): Shinobi_Works\WP\DB::create_table('1.0.1', 'wp_shinobi_opti...', '\n\t\tID bigint(20...')
#4 /wordpress/wp-includes/class-wp-hook.php(324): Shinobi_Works\WP\Bootstrap->create_options_table('')
#5 /wordpress/wp-includes/class-wp-hook.php(348): WP_Hook->apply_filters(NULL, Array)
#6 /wordpress/wp-includes/plugin.php(517): WP_Hook->do_action(Array)
#7 /wordpress/wp-settings.php(727): do_action('init')
#8 /wordpress/wp-config.php(102): require_once('/wordpress/wp-s...')
#9 /wordpress/wp-load.php(50): require_once('/wordpress/wp-c...')
#10 /internal/eval.php(3): require_once('/wordpress/wp-l...')
#11 {main}</pre>
 for query CREATE TABLE wp_shinobi_options ( 
		ID bigint(20) UNSIGNED NOT NULL AUTO_INCREMENT,
		option_name varchar(191) NOT NULL,
		option_value longtext NOT NULL,
		PRIMARY KEY  id (ID)
		 ) DEFAULT CHARACTER SET utf8mb4 made by require_once('wp-load.php'), require_once('wp-config.php'), require_once('wp-settings.php'), do_action('init'), WP_Hook->do_action, WP_Hook->apply_filters, Shinobi_Works\WP\Bootstrap->create_options_table, Shinobi_Works\WP\DB::create_table, dbDelta, WP_SQLite_DB->query, WP_SQLite_DB->print_error
[23-Apr-2025 07:35:46 UTC] WordPress database error <div style="clear:both">&nbsp;</div>
<div class="queries" style="clear:both;margin-bottom:2px;border:red dotted thin;">
<p>MySQL query:</p>
<p>CREATE TABLE wp_shinobi_options ( 
		ID bigint(20) UNSIGNED NOT NULL AUTO_INCREMENT,
		option_name varchar(191) NOT NULL,
		option_value longtext NOT NULL,
		PRIMARY KEY  id (ID)
		 ) DEFAULT CHARACTER SET utf8mb4</p>
<p>Queries made or created this session were:</p>
<ol>
<li>Executing: BEGIN | (no parameters)</li>
<li>Executing: ROLLBACK | (no parameters)</li>
</ol>
</div>
<div style="clear:both;margin-bottom:2px;border:red dotted thin;" class="error_message" style="border-bottom:dotted blue thin;">
Error occurred at line 4117 in Function <code>handle_error</code>. Error message was: Cannot combine AUTOINCREMENT and multiple primary keys in SQLite.
</div>
<p>Backtrace:</p>
<pre>#0 /internal/shared/sqlite-database-integration/wp-includes/sqlite/class-wp-sqlite-db.php(287): WP_SQLite_Translator->get_error_message()
#1 /wordpress/wp-admin/includes/upgrade.php(3280): WP_SQLite_DB->query('CREATE TABLE wp...')
#2 /wordpress/wp-content/plugins/shinobi-blocks/vendor/shinobiworks/wp-core/src/DB.php(62): dbDelta(Array)
#3 /wordpress/wp-content/plugins/shinobi-blocks/vendor/shinobiworks/wp-core/src/Bootstrap.php(27): Shinobi_Works\WP\DB::create_table('1.0.1', 'wp_shinobi_opti...', '\n\t\tID bigint(20...')
#4 /wordpress/wp-includes/class-wp-hook.php(324): Shinobi_Works\WP\Bootstrap->create_options_table('')
#5 /wordpress/wp-includes/class-wp-hook.php(348): WP_Hook->apply_filters(NULL, Array)
#6 /wordpress/wp-includes/plugin.php(517): WP_Hook->do_action(Array)
#7 /wordpress/wp-settings.php(727): do_action('init')
#8 /wordpress/wp-config.php(102): require_once('/wordpress/wp-s...')
#9 /wordpress/wp-load.php(50): require_once('/wordpress/wp-c...')
#10 /internal/eval.php(3): require_once('/wordpress/wp-l...')
#11 {main}</pre>
 for query CREATE TABLE wp_shinobi_options ( 
		ID bigint(20) UNSIGNED NOT NULL AUTO_INCREMENT,
		option_name varchar(191) NOT NULL,
		option_value longtext NOT NULL,
		PRIMARY KEY  id (ID)
		 ) DEFAULT CHARACTER SET utf8mb4 made by require_once('wp-load.php'), require_once('wp-config.php'), require_once('wp-settings.php'), do_action('init'), WP_Hook->do_action, WP_Hook->apply_filters, Shinobi_Works\WP\Bootstrap->create_options_table, Shinobi_Works\WP\DB::create_table, dbDelta, WP_SQLite_DB->query, WP_SQLite_DB->print_error
[23-Apr-2025 07:35:54 UTC] PHP Fatal error:  Uncaught Error: Call to undefined function wc_clean() in /wordpress/wp-content/plugins/shopping-ads/shoppingads.php:35
Stack trace:
#0 /wordpress/wp-includes/class-wp-hook.php(324): shopping_ADS_generate_keys(false)
#1 /wordpress/wp-includes/class-wp-hook.php(348): WP_Hook->apply_filters('', Array)
#2 /wordpress/wp-includes/plugin.php(517): WP_Hook->do_action(Array)
#3 /wordpress/wp-admin/includes/plugin.php(703): do_action('activate_shoppi...', false)
#4 /internal/eval.php(20): activate_plugin('shopping-ads/sh...')
#5 {main}
  thrown in /wordpress/wp-content/plugins/shopping-ads/shoppingads.php on line 35
[23-Apr-2025 07:36:01 UTC] PHP Fatal error:  Uncaught Error: Call to undefined function wc_clean() in /wordpress/wp-content/plugins/shopping-ads/shoppingads.php:35
Stack trace:
#0 /wordpress/wp-includes/class-wp-hook.php(324): shopping_ADS_generate_keys(false)
#1 /wordpress/wp-includes/class-wp-hook.php(348): WP_Hook->apply_filters('', Array)
#2 /wordpress/wp-includes/plugin.php(517): WP_Hook->do_action(Array)
#3 /wordpress/wp-admin/includes/plugin.php(703): do_action('activate_shoppi...', false)
#4 /internal/eval.php(20): activate_plugin('shopping-ads/sh...')
#5 {main}
  thrown in /wordpress/wp-content/plugins/shopping-ads/shoppingads.php on line 35
[23-Apr-2025 07:36:09 UTC] PHP Fatal error:  Uncaught Error: Call to undefined function wc_clean() in /wordpress/wp-content/plugins/shopping-ads/shoppingads.php:35
Stack trace:
#0 /wordpress/wp-includes/class-wp-hook.php(324): shopping_ADS_generate_keys(false)
#1 /wordpress/wp-includes/class-wp-hook.php(348): WP_Hook->apply_filters('', Array)
#2 /wordpress/wp-includes/plugin.php(517): WP_Hook->do_action(Array)
#3 /wordpress/wp-admin/includes/plugin.php(703): do_action('activate_shoppi...', false)
#4 /internal/eval.php(20): activate_plugin('shopping-ads/sh...')
#5 {main}
  thrown in /wordpress/wp-content/plugins/shopping-ads/shoppingads.php on line 35
[23-Apr-2025 07:37:08 UTC] PHP Deprecated:  Required parameter $menu_properties follows optional parameter $slug in /wordpress/wp-content/plugins/simple-faq-to-the-website/includes/core/Route-Registrar.php on line 93
[23-Apr-2025 07:37:08 UTC] PHP Deprecated:  Required parameter $wher_name follows optional parameter $table in /wordpress/wp-content/plugins/simple-faq-to-the-website/includes/core/Model.php on line 39
[23-Apr-2025 07:37:08 UTC] PHP Deprecated:  Required parameter $wher_value follows optional parameter $table in /wordpress/wp-content/plugins/simple-faq-to-the-website/includes/core/Model.php on line 39
[23-Apr-2025 07:37:09 UTC] PHP Deprecated:  Required parameter $menu_properties follows optional parameter $slug in /wordpress/wp-content/plugins/simple-faq-to-the-website/includes/core/Route-Registrar.php on line 93
[23-Apr-2025 07:37:09 UTC] PHP Deprecated:  Required parameter $wher_name follows optional parameter $table in /wordpress/wp-content/plugins/simple-faq-to-the-website/includes/core/Model.php on line 39
[23-Apr-2025 07:37:09 UTC] PHP Deprecated:  Required parameter $wher_value follows optional parameter $table in /wordpress/wp-content/plugins/simple-faq-to-the-website/includes/core/Model.php on line 39
[23-Apr-2025 07:37:16 UTC] PHP Deprecated:  Required parameter $menu_properties follows optional parameter $slug in /wordpress/wp-content/plugins/simple-faq-to-the-website/includes/core/Route-Registrar.php on line 93
[23-Apr-2025 07:37:16 UTC] PHP Deprecated:  Required parameter $wher_name follows optional parameter $table in /wordpress/wp-content/plugins/simple-faq-to-the-website/includes/core/Model.php on line 39
[23-Apr-2025 07:37:16 UTC] PHP Deprecated:  Required parameter $wher_value follows optional parameter $table in /wordpress/wp-content/plugins/simple-faq-to-the-website/includes/core/Model.php on line 39
[23-Apr-2025 07:37:17 UTC] PHP Deprecated:  Required parameter $menu_properties follows optional parameter $slug in /wordpress/wp-content/plugins/simple-faq-to-the-website/includes/core/Route-Registrar.php on line 93
[23-Apr-2025 07:37:17 UTC] PHP Deprecated:  Required parameter $wher_name follows optional parameter $table in /wordpress/wp-content/plugins/simple-faq-to-the-website/includes/core/Model.php on line 39
[23-Apr-2025 07:37:17 UTC] PHP Deprecated:  Required parameter $wher_value follows optional parameter $table in /wordpress/wp-content/plugins/simple-faq-to-the-website/includes/core/Model.php on line 39
[23-Apr-2025 07:37:26 UTC] PHP Deprecated:  Required parameter $menu_properties follows optional parameter $slug in /wordpress/wp-content/plugins/simple-faq-to-the-website/includes/core/Route-Registrar.php on line 93
[23-Apr-2025 07:37:26 UTC] PHP Deprecated:  Required parameter $wher_name follows optional parameter $table in /wordpress/wp-content/plugins/simple-faq-to-the-website/includes/core/Model.php on line 39
[23-Apr-2025 07:37:26 UTC] PHP Deprecated:  Required parameter $wher_value follows optional parameter $table in /wordpress/wp-content/plugins/simple-faq-to-the-website/includes/core/Model.php on line 39
[23-Apr-2025 07:37:26 UTC] PHP Deprecated:  Required parameter $menu_properties follows optional parameter $slug in /wordpress/wp-content/plugins/simple-faq-to-the-website/includes/core/Route-Registrar.php on line 93
[23-Apr-2025 07:37:26 UTC] PHP Deprecated:  Required parameter $wher_name follows optional parameter $table in /wordpress/wp-content/plugins/simple-faq-to-the-website/includes/core/Model.php on line 39
[23-Apr-2025 07:37:26 UTC] PHP Deprecated:  Required parameter $wher_value follows optional parameter $table in /wordpress/wp-content/plugins/simple-faq-to-the-website/includes/core/Model.php on line 39
[23-Apr-2025 07:37:35 UTC] WordPress database error <div style="clear:both">&nbsp;</div>
<div class="queries" style="clear:both;margin-bottom:2px;border:red dotted thin;">
<p>MySQL query:</p>
<p>CREATE TABLE wp_oldurls (
		  	`oldurl` varchar(255) NOT NULL,
  			`newurl` varchar(255) NOT NULL,
			 PRIMARY KEY  (`oldurl`)
		  ) TYPE=MyISAM </p>
<p>Queries made or created this session were:</p>
<ol>
</ol>
</div>
<div style="clear:both;margin-bottom:2px;border:red dotted thin;" class="error_message" style="border-bottom:dotted blue thin;">
Failed to parse the MySQL query.
</div>
<p>Backtrace:</p>
<pre>#0 /internal/shared/sqlite-database-integration/wp-includes/sqlite-ast/class-wp-sqlite-driver.php(690): WP_SQLite_Driver->new_driver_exception('Failed to parse...', 0, Object(WP_SQLite_Driver_Exception))
#1 /internal/shared/sqlite-database-integration/wp-includes/sqlite/class-wp-sqlite-db.php(472): WP_SQLite_Driver->query('CREATE TABLE wp...')
#2 /internal/shared/sqlite-database-integration/wp-includes/sqlite/class-wp-sqlite-db.php(413): WP_SQLite_DB->_do_query('CREATE TABLE wp...')
#3 /wordpress/wp-admin/includes/upgrade.php(3280): WP_SQLite_DB->query('CREATE TABLE wp...')
#4 /wordpress/wp-content/plugins/ss-old-urls/ss-old-urls.php(33): dbDelta(Array)
#5 /wordpress/wp-includes/class-wp-hook.php(324): ssou_install(false)
#6 /wordpress/wp-includes/class-wp-hook.php(348): WP_Hook->apply_filters('', Array)
#7 /wordpress/wp-includes/plugin.php(517): WP_Hook->do_action(Array)
#8 /wordpress/wp-admin/includes/plugin.php(703): do_action('activate_ss-old...', false)
#9 /internal/eval.php(20): activate_plugin('ss-old-urls/ss-...')
#10 {main}</pre>
 for query CREATE TABLE wp_oldurls (
		  	`oldurl` varchar(255) NOT NULL,
  			`newurl` varchar(255) NOT NULL,
			 PRIMARY KEY  (`oldurl`)
		  ) TYPE=MyISAM  made by activate_plugin, do_action('activate_ss-old-urls/ss-old-urls.php'), WP_Hook->do_action, WP_Hook->apply_filters, ssou_install, dbDelta, WP_SQLite_DB->query, WP_SQLite_DB->print_error
[23-Apr-2025 07:38:27 UTC] PHP Fatal error:  Uncaught Error: Call to undefined function create_function() in /wordpress/wp-content/plugins/simple-site-valuation/simple-site-valuation.php:200
Stack trace:
#0 /wordpress/wp-admin/includes/plugin.php(2387): include_once()
#1 /wordpress/wp-admin/includes/plugin.php(673): plugin_sandbox_scrape('simple-site-val...')
#2 /internal/eval.php(20): activate_plugin('simple-site-val...')
#3 {main}
  thrown in /wordpress/wp-content/plugins/simple-site-valuation/simple-site-valuation.php on line 200
[23-Apr-2025 07:38:34 UTC] PHP Fatal error:  Uncaught Error: Call to undefined function create_function() in /wordpress/wp-content/plugins/simple-site-valuation/simple-site-valuation.php:200
Stack trace:
#0 /wordpress/wp-admin/includes/plugin.php(2387): include_once()
#1 /wordpress/wp-admin/includes/plugin.php(673): plugin_sandbox_scrape('simple-site-val...')
#2 /internal/eval.php(20): activate_plugin('simple-site-val...')
#3 {main}
  thrown in /wordpress/wp-content/plugins/simple-site-valuation/simple-site-valuation.php on line 200

    at Object.onBind (file:///home/runner/work/playground-tester/playground-tester/node_modules/@wp-playground/cli/index.js:237:15)
    at process.processTicksAndRejections (node:internal/process/task_queues:105:5)
    at async V (file:///home/runner/work/playground-tester/playground-tester/node_modules/@wp-playground/cli/index.js:64:10)
    at async ja (file:///home/runner/work/playground-tester/playground-tester/node_modules/@wp-playground/cli/cli.js:8161:12) {
  [cause]: Error: Error when executing the blueprint step #1 ({"step":"installPlugin","pluginData":{"resource":"wordpress.org/plugins","slug":"simple-site-valuation"},"options":{"activate":true}}) : PHP.run() failed with exit code 255 and the following output: 
      at Object.run (file:///home/runner/work/playground-tester/playground-tester/node_modules/@wp-playground/blueprints/index.js:12449:19)
      at process.processTicksAndRejections (node:internal/process/task_queues:105:5)
      at async ms (file:///home/runner/work/playground-tester/playground-tester/node_modules/@wp-playground/blueprints/index.js:12552:3)
      ... 2 lines matching cause stack trace ...
      at async ja (file:///home/runner/work/playground-tester/playground-tester/node_modules/@wp-playground/cli/cli.js:8161:12) {
    [cause]: PHPExecutionFailureError: PHP.run() failed with exit code 255 and the following output: 
        at PHP.run (file:///home/runner/work/playground-tester/playground-tester/node_modules/@php-wasm/universal/index.js:987:19)
        at process.processTicksAndRejections (node:internal/process/task_queues:105:5)
        at async wr (file:///home/runner/work/playground-tester/playground-tester/node_modules/@wp-playground/blueprints/index.js:33:39)
        at async Object.gt [as installPlugin] (file:///home/runner/work/playground-tester/playground-tester/node_modules/@wp-playground/blueprints/index.js:974:42)
        at async g (file:///home/runner/work/playground-tester/playground-tester/node_modules/@wp-playground/blueprints/index.js:12517:30)
        at async Object.run (file:///home/runner/work/playground-tester/playground-tester/node_modules/@wp-playground/blueprints/index.js:12446:23)
        at async ms (file:///home/runner/work/playground-tester/playground-tester/node_modules/@wp-playground/blueprints/index.js:12552:3)
        at async Object.onBind (file:///home/runner/work/playground-tester/playground-tester/node_modules/@wp-playground/cli/index.js:227:48)
        at async V (file:///home/runner/work/playground-tester/playground-tester/node_modules/@wp-playground/cli/index.js:64:10)
        at async ja (file:///home/runner/work/playground-tester/playground-tester/node_modules/@wp-playground/cli/cli.js:8161:12) {
      response: PHPResponse {
        httpStatusCode: 500,
        headers: {
          'x-powered-by': [ 'PHP/8.0.30-dev' ],
          'content-type': [ 'text/html; charset=UTF-8' ]
        },
        bytes: Uint8Array(0) [],
        exitCode: 255,
        errors: ''
      },
      source: 'request'
    }
  }
}

Node.js v23.11.0
