file:///home/runner/work/playground-tester/playground-tester/node_modules/@wp-playground/cli/run-cli-j-geJYS3.js:325
        throw new Error($, { cause: h });
              ^

Error: [29-Jun-2025 02:45:32 UTC] PHP Warning:  The magic method WC_Lucid::__wakeup() must have public visibility in /wordpress/wp-content/plugins/lucid-gateway-for-woocommerce/woocommerce-gateway-lucid.php on line 85
[29-Jun-2025 02:45:34 UTC] PHP Warning:  The magic method WC_Lucid::__wakeup() must have public visibility in /wordpress/wp-content/plugins/lucid-gateway-for-woocommerce/woocommerce-gateway-lucid.php on line 85
[29-Jun-2025 02:45:42 UTC] PHP Warning:  The magic method WC_Lucid::__wakeup() must have public visibility in /wordpress/wp-content/plugins/lucid-gateway-for-woocommerce/woocommerce-gateway-lucid.php on line 85
[29-Jun-2025 02:45:43 UTC] PHP Warning:  The magic method WC_Lucid::__wakeup() must have public visibility in /wordpress/wp-content/plugins/lucid-gateway-for-woocommerce/woocommerce-gateway-lucid.php on line 85
[29-Jun-2025 02:45:51 UTC] PHP Warning:  The magic method WC_Lucid::__wakeup() must have public visibility in /wordpress/wp-content/plugins/lucid-gateway-for-woocommerce/woocommerce-gateway-lucid.php on line 85
[29-Jun-2025 02:45:52 UTC] PHP Warning:  The magic method WC_Lucid::__wakeup() must have public visibility in /wordpress/wp-content/plugins/lucid-gateway-for-woocommerce/woocommerce-gateway-lucid.php on line 85
[29-Jun-2025 02:46:02 UTC] PHP Notice:  Function _load_textdomain_just_in_time was called <strong>incorrectly</strong>. Translation loading for the <code>hypervisor-login-logout</code> domain was triggered too early. This is usually an indicator for some code in the plugin or theme running too early. Translations should be loaded at the <code>init</code> action or later. Please see <a href="https://developer.wordpress.org/advanced-administration/debug/debug-wordpress/">Debugging in WordPress</a> for more information. (This message was added in version 6.7.0.) in /wordpress/wp-includes/functions.php on line 6121
[29-Jun-2025 02:46:02 UTC] PHP Deprecated:  Function register_sidebar_widget is <strong>deprecated</strong> since version 2.8.0! Use wp_register_sidebar_widget() instead. in /wordpress/wp-includes/functions.php on line 6121
[29-Jun-2025 02:46:02 UTC] PHP Deprecated:  Function register_widget_control is <strong>deprecated</strong> since version 2.8.0! Use wp_register_widget_control() instead. in /wordpress/wp-includes/functions.php on line 6121
[29-Jun-2025 02:46:12 UTC] PHP Notice:  Function _load_textdomain_just_in_time was called <strong>incorrectly</strong>. Translation loading for the <code>hypervisor-login-logout</code> domain was triggered too early. This is usually an indicator for some code in the plugin or theme running too early. Translations should be loaded at the <code>init</code> action or later. Please see <a href="https://developer.wordpress.org/advanced-administration/debug/debug-wordpress/">Debugging in WordPress</a> for more information. (This message was added in version 6.7.0.) in /wordpress/wp-includes/functions.php on line 6121
[29-Jun-2025 02:46:12 UTC] PHP Deprecated:  Function register_sidebar_widget is <strong>deprecated</strong> since version 2.8.0! Use wp_register_sidebar_widget() instead. in /wordpress/wp-includes/functions.php on line 6121
[29-Jun-2025 02:46:12 UTC] PHP Deprecated:  Function register_widget_control is <strong>deprecated</strong> since version 2.8.0! Use wp_register_widget_control() instead. in /wordpress/wp-includes/functions.php on line 6121
[29-Jun-2025 02:46:22 UTC] PHP Notice:  Function _load_textdomain_just_in_time was called <strong>incorrectly</strong>. Translation loading for the <code>hypervisor-login-logout</code> domain was triggered too early. This is usually an indicator for some code in the plugin or theme running too early. Translations should be loaded at the <code>init</code> action or later. Please see <a href="https://developer.wordpress.org/advanced-administration/debug/debug-wordpress/">Debugging in WordPress</a> for more information. (This message was added in version 6.7.0.) in /wordpress/wp-includes/functions.php on line 6121
[29-Jun-2025 02:46:22 UTC] PHP Deprecated:  Function register_sidebar_widget is <strong>deprecated</strong> since version 2.8.0! Use wp_register_sidebar_widget() instead. in /wordpress/wp-includes/functions.php on line 6121
[29-Jun-2025 02:46:22 UTC] PHP Deprecated:  Function register_widget_control is <strong>deprecated</strong> since version 2.8.0! Use wp_register_widget_control() instead. in /wordpress/wp-includes/functions.php on line 6121
[29-Jun-2025 02:47:34 UTC] PHP Fatal error:  Uncaught ArgumentCountError: Too few arguments to function WP_Widget::__construct(), 0 passed in /wordpress/wp-includes/class-wp-widget-factory.php on line 62 and at least 2 expected in /wordpress/wp-includes/class-wp-widget.php:163
Stack trace:
#0 /wordpress/wp-includes/class-wp-widget-factory.php(62): WP_Widget->__construct()
#1 /wordpress/wp-includes/widgets.php(123): WP_Widget_Factory->register('ilike_social_me...')
#2 /wordpress/wp-content/plugins/ilike-social-media-optimization/ilike-social-media-optimization.php(228): register_widget('ilike_social_me...')
#3 /wordpress/wp-includes/class-wp-hook.php(324): ilike_social_media_optimizationInit('')
#4 /wordpress/wp-includes/class-wp-hook.php(348): WP_Hook->apply_filters(NULL, Array)
#5 /wordpress/wp-includes/plugin.php(517): WP_Hook->do_action(Array)
#6 /wordpress/wp-includes/widgets.php(1870): do_action('widgets_init')
#7 /wordpress/wp-includes/class-wp-hook.php(324): wp_widgets_init('')
#8 /wordpress/wp-includes/class-wp-hook.php(348): WP_Hook->apply_filters(NULL, Array)
#9 /wordpress/wp-includes/plugin.php(517): WP_Hook->do_action(Array)
#10 /wordpress/wp-settings.php(727): do_action('init')
#11 /wordpress/wp-config.php(102): require_once('/wordpress/wp-s...')
#12 /wordpress/wp-load.php(50): require_once('/wordpress/wp-c...')
#13 /internal/eval.php(3): require_once('/wordpress/wp-l...')
#14 {main}
  thrown in /wordpress/wp-includes/class-wp-widget.php on line 163
[29-Jun-2025 02:47:44 UTC] PHP Fatal error:  Uncaught ArgumentCountError: Too few arguments to function WP_Widget::__construct(), 0 passed in /wordpress/wp-includes/class-wp-widget-factory.php on line 62 and at least 2 expected in /wordpress/wp-includes/class-wp-widget.php:163
Stack trace:
#0 /wordpress/wp-includes/class-wp-widget-factory.php(62): WP_Widget->__construct()
#1 /wordpress/wp-includes/widgets.php(123): WP_Widget_Factory->register('ilike_social_me...')
#2 /wordpress/wp-content/plugins/ilike-social-media-optimization/ilike-social-media-optimization.php(228): register_widget('ilike_social_me...')
#3 /wordpress/wp-includes/class-wp-hook.php(324): ilike_social_media_optimizationInit('')
#4 /wordpress/wp-includes/class-wp-hook.php(348): WP_Hook->apply_filters(NULL, Array)
#5 /wordpress/wp-includes/plugin.php(517): WP_Hook->do_action(Array)
#6 /wordpress/wp-includes/widgets.php(1870): do_action('widgets_init')
#7 /wordpress/wp-includes/class-wp-hook.php(324): wp_widgets_init('')
#8 /wordpress/wp-includes/class-wp-hook.php(348): WP_Hook->apply_filters(NULL, Array)
#9 /wordpress/wp-includes/plugin.php(517): WP_Hook->do_action(Array)
#10 /wordpress/wp-settings.php(727): do_action('init')
#11 /wordpress/wp-config.php(102): require_once('/wordpress/wp-s...')
#12 /wordpress/wp-load.php(50): require_once('/wordpress/wp-c...')
#13 /internal/eval.php(3): require_once('/wordpress/wp-l...')
#14 {main}
  thrown in /wordpress/wp-includes/class-wp-widget.php on line 163
[29-Jun-2025 02:47:54 UTC] PHP Fatal error:  Uncaught ArgumentCountError: Too few arguments to function WP_Widget::__construct(), 0 passed in /wordpress/wp-includes/class-wp-widget-factory.php on line 62 and at least 2 expected in /wordpress/wp-includes/class-wp-widget.php:163
Stack trace:
#0 /wordpress/wp-includes/class-wp-widget-factory.php(62): WP_Widget->__construct()
#1 /wordpress/wp-includes/widgets.php(123): WP_Widget_Factory->register('ilike_social_me...')
#2 /wordpress/wp-content/plugins/ilike-social-media-optimization/ilike-social-media-optimization.php(228): register_widget('ilike_social_me...')
#3 /wordpress/wp-includes/class-wp-hook.php(324): ilike_social_media_optimizationInit('')
#4 /wordpress/wp-includes/class-wp-hook.php(348): WP_Hook->apply_filters(NULL, Array)
#5 /wordpress/wp-includes/plugin.php(517): WP_Hook->do_action(Array)
#6 /wordpress/wp-includes/widgets.php(1870): do_action('widgets_init')
#7 /wordpress/wp-includes/class-wp-hook.php(324): wp_widgets_init('')
#8 /wordpress/wp-includes/class-wp-hook.php(348): WP_Hook->apply_filters(NULL, Array)
#9 /wordpress/wp-includes/plugin.php(517): WP_Hook->do_action(Array)
#10 /wordpress/wp-settings.php(727): do_action('init')
#11 /wordpress/wp-config.php(102): require_once('/wordpress/wp-s...')
#12 /wordpress/wp-load.php(50): require_once('/wordpress/wp-c...')
#13 /internal/eval.php(3): require_once('/wordpress/wp-l...')
#14 {main}
  thrown in /wordpress/wp-includes/class-wp-widget.php on line 163
[29-Jun-2025 02:48:03 UTC] PHP Notice:  Function register_uninstall_hook was called <strong>incorrectly</strong>. Only a static class method or function can be used in an uninstall hook. Please see <a href="https://developer.wordpress.org/advanced-administration/debug/debug-wordpress/">Debugging in WordPress</a> for more information. (This message was added in version 3.1.0.) in /wordpress/wp-includes/functions.php on line 6121
[29-Jun-2025 02:48:03 UTC] PHP Warning:  require_once(/wordpress/wp-content/plugins/image-alt-editor/lib/activate-deactivate.php): failed to open stream: No such file or directory in /wordpress/wp-content/plugins/image-alt-editor/image-alt-editor.php on line 88
[29-Jun-2025 02:48:03 UTC] PHP Fatal error:  require_once(): Failed opening required '/wordpress/wp-content/plugins/image-alt-editor/lib/activate-deactivate.php' (include_path='.:') in /wordpress/wp-content/plugins/image-alt-editor/image-alt-editor.php on line 88
[29-Jun-2025 02:48:12 UTC] PHP Notice:  Function register_uninstall_hook was called <strong>incorrectly</strong>. Only a static class method or function can be used in an uninstall hook. Please see <a href="https://developer.wordpress.org/advanced-administration/debug/debug-wordpress/">Debugging in WordPress</a> for more information. (This message was added in version 3.1.0.) in /wordpress/wp-includes/functions.php on line 6121
[29-Jun-2025 02:48:12 UTC] PHP Warning:  require_once(/wordpress/wp-content/plugins/image-alt-editor/lib/activate-deactivate.php): failed to open stream: No such file or directory in /wordpress/wp-content/plugins/image-alt-editor/image-alt-editor.php on line 88
[29-Jun-2025 02:48:12 UTC] PHP Fatal error:  require_once(): Failed opening required '/wordpress/wp-content/plugins/image-alt-editor/lib/activate-deactivate.php' (include_path='.:') in /wordpress/wp-content/plugins/image-alt-editor/image-alt-editor.php on line 88
[29-Jun-2025 02:48:19 UTC] PHP Notice:  Function register_uninstall_hook was called <strong>incorrectly</strong>. Only a static class method or function can be used in an uninstall hook. Please see <a href="https://developer.wordpress.org/advanced-administration/debug/debug-wordpress/">Debugging in WordPress</a> for more information. (This message was added in version 3.1.0.) in /wordpress/wp-includes/functions.php on line 6121
[29-Jun-2025 02:48:19 UTC] PHP Warning:  require_once(/wordpress/wp-content/plugins/image-alt-editor/lib/activate-deactivate.php): failed to open stream: No such file or directory in /wordpress/wp-content/plugins/image-alt-editor/image-alt-editor.php on line 88
[29-Jun-2025 02:48:19 UTC] PHP Fatal error:  require_once(): Failed opening required '/wordpress/wp-content/plugins/image-alt-editor/lib/activate-deactivate.php' (include_path='.:') in /wordpress/wp-content/plugins/image-alt-editor/image-alt-editor.php on line 88
[29-Jun-2025 02:49:28 UTC] WordPress database error <div style="clear:both">&nbsp;</div>
<div class="queries" style="clear:both;margin-bottom:2px;border:red dotted thin;">
<p>MySQL query:</p>
<p>CREATE TABLE IF NOT EXISTS wp_imgMD_links (
        imgMD_link_id INTEGER NOT NULL AUTO_INCREMENT,
        imgMD_link_text TEXT,
        imgMD_entry_id INTEGER NOT NULL,
        FOREIGN KEY(imgMD_entry_id) REFERENCES wp_imgMD_presets(imgMD_entry_id),
        PRIMARY KEY (imgMD_link_id)
        ) DEFAULT CHARACTER SET utf8mb4</p>
<p>Queries made or created this session were:</p>
<ol>
<li>Executing: BEGIN IMMEDIATE | (no parameters)</li>
<li>Executing: SELECT 1 FROM `_wp_sqlite_mysql_information_schema_tables` WHERE table_schema = ? AND table_name = ? | parameters: database_name_here, wp_imgMD_links</li>
<li>Executing: INSERT INTO `_wp_sqlite_mysql_information_schema_tables` (`table_schema`, `table_name`, `table_type`, `engine`, `row_format`, `table_collation`, `table_comment`) VALUES (?, ?, ?, ?, ?, ?, ?) | parameters: database_name_here, wp_imgMD_links, BASE TABLE, InnoDB, Dynamic, utf8mb4_general_ci, </li>
<li>Executing: INSERT INTO `_wp_sqlite_mysql_information_schema_columns` (`table_schema`, `table_name`, `column_name`, `ordinal_position`, `column_default`, `is_nullable`, `data_type`, `character_maximum_length`, `character_octet_length`, `numeric_precision`, `numeric_scale`, `datetime_precision`, `character_set_name`, `collation_name`, `column_type`, `column_key`, `extra`, `privileges`, `column_comment`, `generation_expression`, `srs_id`) VALUES (?, ?, ?, ?, ?, ?, ?, ?, ?, ?, ?, ?, ?, ?, ?, ?, ?, ?, ?, ?, ?) | parameters: database_name_here, wp_imgMD_links, imgMD_link_id, 1, , NO, int, , , 10, 0, , , , int, , auto_increment, select,insert,update,references, , , </li>
<li>Executing: INSERT INTO `_wp_sqlite_mysql_information_schema_columns` (`table_schema`, `table_name`, `column_name`, `ordinal_position`, `column_default`, `is_nullable`, `data_type`, `character_maximum_length`, `character_octet_length`, `numeric_precision`, `numeric_scale`, `datetime_precision`, `character_set_name`, `collation_name`, `column_type`, `column_key`, `extra`, `privileges`, `column_comment`, `generation_expression`, `srs_id`) VALUES (?, ?, ?, ?, ?, ?, ?, ?, ?, ?, ?, ?, ?, ?, ?, ?, ?, ?, ?, ?, ?) | parameters: database_name_here, wp_imgMD_links, imgMD_link_text, 2, , YES, text, 65535, 65535, , , , utf8mb4, utf8mb4_general_ci, text, , , select,insert,update,references, , , </li>
<li>Executing: INSERT INTO `_wp_sqlite_mysql_information_schema_columns` (`table_schema`, `table_name`, `column_name`, `ordinal_position`, `column_default`, `is_nullable`, `data_type`, `character_maximum_length`, `character_octet_length`, `numeric_precision`, `numeric_scale`, `datetime_precision`, `character_set_name`, `collation_name`, `column_type`, `column_key`, `extra`, `privileges`, `column_comment`, `generation_expression`, `srs_id`) VALUES (?, ?, ?, ?, ?, ?, ?, ?, ?, ?, ?, ?, ?, ?, ?, ?, ?, ?, ?, ?, ?) | parameters: database_name_here, wp_imgMD_links, imgMD_entry_id, 3, , NO, int, , , 10, 0, , , , int, , , select,insert,update,references, , , </li>
<li>Executing: ROLLBACK | (no parameters)</li>
</ol>
</div>
<div style="clear:both;margin-bottom:2px;border:red dotted thin;" class="error_message" style="border-bottom:dotted blue thin;">
FOREIGN KEY and CHECK constraints are not supported yet.
</div>
<p>Backtrace:</p>
<pre>#0 /internal/shared/sqlite-database-integration/wp-includes/sqlite-ast/class-wp-sqlite-driver.php(683): WP_SQLite_Driver->new_driver_exception('FOREIGN KEY and...', 0, Object(Exception))
#1 /internal/shared/sqlite-database-integration/wp-includes/sqlite/class-wp-sqlite-db.php(491): WP_SQLite_Driver->query('CREATE TABLE IF...')
#2 /internal/shared/sqlite-database-integration/wp-includes/sqlite/class-wp-sqlite-db.php(432): WP_SQLite_DB->_do_query('CREATE TABLE IF...')
#3 /wordpress/wp-admin/includes/upgrade.php(3280): WP_SQLite_DB->query('CREATE TABLE IF...')
#4 /wordpress/wp-content/plugins/image-meta-save/image_meta_save.php(193): dbDelta(Array)
#5 /wordpress/wp-includes/class-wp-hook.php(324): imgMD_create_db(false)
#6 /wordpress/wp-includes/class-wp-hook.php(348): WP_Hook->apply_filters('', Array)
#7 /wordpress/wp-includes/plugin.php(517): WP_Hook->do_action(Array)
#8 /wordpress/wp-admin/includes/plugin.php(703): do_action('activate_image-...', false)
#9 /internal/eval.php(20): activate_plugin('image-meta-save...')
#10 {main}</pre>
 for query CREATE TABLE IF NOT EXISTS wp_imgMD_links (
        imgMD_link_id INTEGER NOT NULL AUTO_INCREMENT,
        imgMD_link_text TEXT,
        imgMD_entry_id INTEGER NOT NULL,
        FOREIGN KEY(imgMD_entry_id) REFERENCES wp_imgMD_presets(imgMD_entry_id),
        PRIMARY KEY (imgMD_link_id)
        ) DEFAULT CHARACTER SET utf8mb4 made by activate_plugin, do_action('activate_image-meta-save/image_meta_save.php'), WP_Hook->do_action, WP_Hook->apply_filters, imgMD_create_db, dbDelta, WP_SQLite_DB->query, WP_SQLite_DB->print_error
[29-Jun-2025 02:49:38 UTC] WordPress database error <div style="clear:both">&nbsp;</div>
<div class="queries" style="clear:both;margin-bottom:2px;border:red dotted thin;">
<p>MySQL query:</p>
<p>CREATE TABLE IF NOT EXISTS wp_imgMD_links (
        imgMD_link_id INTEGER NOT NULL AUTO_INCREMENT,
        imgMD_link_text TEXT,
        imgMD_entry_id INTEGER NOT NULL,
        FOREIGN KEY(imgMD_entry_id) REFERENCES wp_imgMD_presets(imgMD_entry_id),
        PRIMARY KEY (imgMD_link_id)
        ) DEFAULT CHARACTER SET utf8mb4</p>
<p>Queries made or created this session were:</p>
<ol>
<li>Executing: BEGIN IMMEDIATE | (no parameters)</li>
<li>Executing: SELECT 1 FROM `_wp_sqlite_mysql_information_schema_tables` WHERE table_schema = ? AND table_name = ? | parameters: database_name_here, wp_imgMD_links</li>
<li>Executing: INSERT INTO `_wp_sqlite_mysql_information_schema_tables` (`table_schema`, `table_name`, `table_type`, `engine`, `row_format`, `table_collation`, `table_comment`) VALUES (?, ?, ?, ?, ?, ?, ?) | parameters: database_name_here, wp_imgMD_links, BASE TABLE, InnoDB, Dynamic, utf8mb4_general_ci, </li>
<li>Executing: INSERT INTO `_wp_sqlite_mysql_information_schema_columns` (`table_schema`, `table_name`, `column_name`, `ordinal_position`, `column_default`, `is_nullable`, `data_type`, `character_maximum_length`, `character_octet_length`, `numeric_precision`, `numeric_scale`, `datetime_precision`, `character_set_name`, `collation_name`, `column_type`, `column_key`, `extra`, `privileges`, `column_comment`, `generation_expression`, `srs_id`) VALUES (?, ?, ?, ?, ?, ?, ?, ?, ?, ?, ?, ?, ?, ?, ?, ?, ?, ?, ?, ?, ?) | parameters: database_name_here, wp_imgMD_links, imgMD_link_id, 1, , NO, int, , , 10, 0, , , , int, , auto_increment, select,insert,update,references, , , </li>
<li>Executing: INSERT INTO `_wp_sqlite_mysql_information_schema_columns` (`table_schema`, `table_name`, `column_name`, `ordinal_position`, `column_default`, `is_nullable`, `data_type`, `character_maximum_length`, `character_octet_length`, `numeric_precision`, `numeric_scale`, `datetime_precision`, `character_set_name`, `collation_name`, `column_type`, `column_key`, `extra`, `privileges`, `column_comment`, `generation_expression`, `srs_id`) VALUES (?, ?, ?, ?, ?, ?, ?, ?, ?, ?, ?, ?, ?, ?, ?, ?, ?, ?, ?, ?, ?) | parameters: database_name_here, wp_imgMD_links, imgMD_link_text, 2, , YES, text, 65535, 65535, , , , utf8mb4, utf8mb4_general_ci, text, , , select,insert,update,references, , , </li>
<li>Executing: INSERT INTO `_wp_sqlite_mysql_information_schema_columns` (`table_schema`, `table_name`, `column_name`, `ordinal_position`, `column_default`, `is_nullable`, `data_type`, `character_maximum_length`, `character_octet_length`, `numeric_precision`, `numeric_scale`, `datetime_precision`, `character_set_name`, `collation_name`, `column_type`, `column_key`, `extra`, `privileges`, `column_comment`, `generation_expression`, `srs_id`) VALUES (?, ?, ?, ?, ?, ?, ?, ?, ?, ?, ?, ?, ?, ?, ?, ?, ?, ?, ?, ?, ?) | parameters: database_name_here, wp_imgMD_links, imgMD_entry_id, 3, , NO, int, , , 10, 0, , , , int, , , select,insert,update,references, , , </li>
<li>Executing: ROLLBACK | (no parameters)</li>
</ol>
</div>
<div style="clear:both;margin-bottom:2px;border:red dotted thin;" class="error_message" style="border-bottom:dotted blue thin;">
FOREIGN KEY and CHECK constraints are not supported yet.
</div>
<p>Backtrace:</p>
<pre>#0 /internal/shared/sqlite-database-integration/wp-includes/sqlite-ast/class-wp-sqlite-driver.php(683): WP_SQLite_Driver->new_driver_exception('FOREIGN KEY and...', 0, Object(Exception))
#1 /internal/shared/sqlite-database-integration/wp-includes/sqlite/class-wp-sqlite-db.php(491): WP_SQLite_Driver->query('CREATE TABLE IF...')
#2 /internal/shared/sqlite-database-integration/wp-includes/sqlite/class-wp-sqlite-db.php(432): WP_SQLite_DB->_do_query('CREATE TABLE IF...')
#3 /wordpress/wp-admin/includes/upgrade.php(3280): WP_SQLite_DB->query('CREATE TABLE IF...')
#4 /wordpress/wp-content/plugins/image-meta-save/image_meta_save.php(193): dbDelta(Array)
#5 /wordpress/wp-includes/class-wp-hook.php(324): imgMD_create_db(false)
#6 /wordpress/wp-includes/class-wp-hook.php(348): WP_Hook->apply_filters('', Array)
#7 /wordpress/wp-includes/plugin.php(517): WP_Hook->do_action(Array)
#8 /wordpress/wp-admin/includes/plugin.php(703): do_action('activate_image-...', false)
#9 /internal/eval.php(20): activate_plugin('image-meta-save...')
#10 {main}</pre>
 for query CREATE TABLE IF NOT EXISTS wp_imgMD_links (
        imgMD_link_id INTEGER NOT NULL AUTO_INCREMENT,
        imgMD_link_text TEXT,
        imgMD_entry_id INTEGER NOT NULL,
        FOREIGN KEY(imgMD_entry_id) REFERENCES wp_imgMD_presets(imgMD_entry_id),
        PRIMARY KEY (imgMD_link_id)
        ) DEFAULT CHARACTER SET utf8mb4 made by activate_plugin, do_action('activate_image-meta-save/image_meta_save.php'), WP_Hook->do_action, WP_Hook->apply_filters, imgMD_create_db, dbDelta, WP_SQLite_DB->query, WP_SQLite_DB->print_error
[29-Jun-2025 02:49:47 UTC] WordPress database error <div style="clear:both">&nbsp;</div>
<div class="queries" style="clear:both;margin-bottom:2px;border:red dotted thin;">
<p>MySQL query:</p>
<p>CREATE TABLE IF NOT EXISTS wp_imgMD_links (
        imgMD_link_id INTEGER NOT NULL AUTO_INCREMENT,
        imgMD_link_text TEXT,
        imgMD_entry_id INTEGER NOT NULL,
        FOREIGN KEY(imgMD_entry_id) REFERENCES wp_imgMD_presets(imgMD_entry_id),
        PRIMARY KEY (imgMD_link_id)
        ) DEFAULT CHARACTER SET utf8mb4</p>
<p>Queries made or created this session were:</p>
<ol>
<li>Executing: BEGIN IMMEDIATE | (no parameters)</li>
<li>Executing: SELECT 1 FROM `_wp_sqlite_mysql_information_schema_tables` WHERE table_schema = ? AND table_name = ? | parameters: database_name_here, wp_imgMD_links</li>
<li>Executing: INSERT INTO `_wp_sqlite_mysql_information_schema_tables` (`table_schema`, `table_name`, `table_type`, `engine`, `row_format`, `table_collation`, `table_comment`) VALUES (?, ?, ?, ?, ?, ?, ?) | parameters: database_name_here, wp_imgMD_links, BASE TABLE, InnoDB, Dynamic, utf8mb4_general_ci, </li>
<li>Executing: INSERT INTO `_wp_sqlite_mysql_information_schema_columns` (`table_schema`, `table_name`, `column_name`, `ordinal_position`, `column_default`, `is_nullable`, `data_type`, `character_maximum_length`, `character_octet_length`, `numeric_precision`, `numeric_scale`, `datetime_precision`, `character_set_name`, `collation_name`, `column_type`, `column_key`, `extra`, `privileges`, `column_comment`, `generation_expression`, `srs_id`) VALUES (?, ?, ?, ?, ?, ?, ?, ?, ?, ?, ?, ?, ?, ?, ?, ?, ?, ?, ?, ?, ?) | parameters: database_name_here, wp_imgMD_links, imgMD_link_id, 1, , NO, int, , , 10, 0, , , , int, , auto_increment, select,insert,update,references, , , </li>
<li>Executing: INSERT INTO `_wp_sqlite_mysql_information_schema_columns` (`table_schema`, `table_name`, `column_name`, `ordinal_position`, `column_default`, `is_nullable`, `data_type`, `character_maximum_length`, `character_octet_length`, `numeric_precision`, `numeric_scale`, `datetime_precision`, `character_set_name`, `collation_name`, `column_type`, `column_key`, `extra`, `privileges`, `column_comment`, `generation_expression`, `srs_id`) VALUES (?, ?, ?, ?, ?, ?, ?, ?, ?, ?, ?, ?, ?, ?, ?, ?, ?, ?, ?, ?, ?) | parameters: database_name_here, wp_imgMD_links, imgMD_link_text, 2, , YES, text, 65535, 65535, , , , utf8mb4, utf8mb4_general_ci, text, , , select,insert,update,references, , , </li>
<li>Executing: INSERT INTO `_wp_sqlite_mysql_information_schema_columns` (`table_schema`, `table_name`, `column_name`, `ordinal_position`, `column_default`, `is_nullable`, `data_type`, `character_maximum_length`, `character_octet_length`, `numeric_precision`, `numeric_scale`, `datetime_precision`, `character_set_name`, `collation_name`, `column_type`, `column_key`, `extra`, `privileges`, `column_comment`, `generation_expression`, `srs_id`) VALUES (?, ?, ?, ?, ?, ?, ?, ?, ?, ?, ?, ?, ?, ?, ?, ?, ?, ?, ?, ?, ?) | parameters: database_name_here, wp_imgMD_links, imgMD_entry_id, 3, , NO, int, , , 10, 0, , , , int, , , select,insert,update,references, , , </li>
<li>Executing: ROLLBACK | (no parameters)</li>
</ol>
</div>
<div style="clear:both;margin-bottom:2px;border:red dotted thin;" class="error_message" style="border-bottom:dotted blue thin;">
FOREIGN KEY and CHECK constraints are not supported yet.
</div>
<p>Backtrace:</p>
<pre>#0 /internal/shared/sqlite-database-integration/wp-includes/sqlite-ast/class-wp-sqlite-driver.php(683): WP_SQLite_Driver->new_driver_exception('FOREIGN KEY and...', 0, Object(Exception))
#1 /internal/shared/sqlite-database-integration/wp-includes/sqlite/class-wp-sqlite-db.php(491): WP_SQLite_Driver->query('CREATE TABLE IF...')
#2 /internal/shared/sqlite-database-integration/wp-includes/sqlite/class-wp-sqlite-db.php(432): WP_SQLite_DB->_do_query('CREATE TABLE IF...')
#3 /wordpress/wp-admin/includes/upgrade.php(3280): WP_SQLite_DB->query('CREATE TABLE IF...')
#4 /wordpress/wp-content/plugins/image-meta-save/image_meta_save.php(193): dbDelta(Array)
#5 /wordpress/wp-includes/class-wp-hook.php(324): imgMD_create_db(false)
#6 /wordpress/wp-includes/class-wp-hook.php(348): WP_Hook->apply_filters('', Array)
#7 /wordpress/wp-includes/plugin.php(517): WP_Hook->do_action(Array)
#8 /wordpress/wp-admin/includes/plugin.php(703): do_action('activate_image-...', false)
#9 /internal/eval.php(20): activate_plugin('image-meta-save...')
#10 {main}</pre>
 for query CREATE TABLE IF NOT EXISTS wp_imgMD_links (
        imgMD_link_id INTEGER NOT NULL AUTO_INCREMENT,
        imgMD_link_text TEXT,
        imgMD_entry_id INTEGER NOT NULL,
        FOREIGN KEY(imgMD_entry_id) REFERENCES wp_imgMD_presets(imgMD_entry_id),
        PRIMARY KEY (imgMD_link_id)
        ) DEFAULT CHARACTER SET utf8mb4 made by activate_plugin, do_action('activate_image-meta-save/image_meta_save.php'), WP_Hook->do_action, WP_Hook->apply_filters, imgMD_create_db, dbDelta, WP_SQLite_DB->query, WP_SQLite_DB->print_error
[29-Jun-2025 02:50:26 UTC] PHP Notice:  Function register_uninstall_hook was called <strong>incorrectly</strong>. Only a static class method or function can be used in an uninstall hook. Please see <a href="https://developer.wordpress.org/advanced-administration/debug/debug-wordpress/">Debugging in WordPress</a> for more information. (This message was added in version 3.1.0.) in /wordpress/wp-includes/functions.php on line 6121
[29-Jun-2025 02:50:27 UTC] PHP Notice:  Function register_uninstall_hook was called <strong>incorrectly</strong>. Only a static class method or function can be used in an uninstall hook. Please see <a href="https://developer.wordpress.org/advanced-administration/debug/debug-wordpress/">Debugging in WordPress</a> for more information. (This message was added in version 3.1.0.) in /wordpress/wp-includes/functions.php on line 6121
[29-Jun-2025 02:50:35 UTC] PHP Notice:  Function register_uninstall_hook was called <strong>incorrectly</strong>. Only a static class method or function can be used in an uninstall hook. Please see <a href="https://developer.wordpress.org/advanced-administration/debug/debug-wordpress/">Debugging in WordPress</a> for more information. (This message was added in version 3.1.0.) in /wordpress/wp-includes/functions.php on line 6121
[29-Jun-2025 02:50:36 UTC] PHP Notice:  Function register_uninstall_hook was called <strong>incorrectly</strong>. Only a static class method or function can be used in an uninstall hook. Please see <a href="https://developer.wordpress.org/advanced-administration/debug/debug-wordpress/">Debugging in WordPress</a> for more information. (This message was added in version 3.1.0.) in /wordpress/wp-includes/functions.php on line 6121
[29-Jun-2025 02:50:44 UTC] PHP Notice:  Function register_uninstall_hook was called <strong>incorrectly</strong>. Only a static class method or function can be used in an uninstall hook. Please see <a href="https://developer.wordpress.org/advanced-administration/debug/debug-wordpress/">Debugging in WordPress</a> for more information. (This message was added in version 3.1.0.) in /wordpress/wp-includes/functions.php on line 6121
[29-Jun-2025 02:50:45 UTC] PHP Notice:  Function register_uninstall_hook was called <strong>incorrectly</strong>. Only a static class method or function can be used in an uninstall hook. Please see <a href="https://developer.wordpress.org/advanced-administration/debug/debug-wordpress/">Debugging in WordPress</a> for more information. (This message was added in version 3.1.0.) in /wordpress/wp-includes/functions.php on line 6121
[29-Jun-2025 02:53:10 UTC] PHP Notice:  Function wp_register_style was called <strong>incorrectly</strong>. Scripts and styles should not be registered or enqueued until the <code>wp_enqueue_scripts</code>, <code>admin_enqueue_scripts</code>, or <code>login_enqueue_scripts</code> hooks. This notice was triggered by the <code>loginout</code> handle. Please see <a href="https://developer.wordpress.org/advanced-administration/debug/debug-wordpress/">Debugging in WordPress</a> for more information. (This message was added in version 3.3.0.) in /wordpress/wp-includes/functions.php on line 6121
[29-Jun-2025 02:53:10 UTC] PHP Notice:  Function is_feed was called <strong>incorrectly</strong>. Conditional query tags do not work before the query is run. Before then, they always return false. Please see <a href="https://developer.wordpress.org/advanced-administration/debug/debug-wordpress/">Debugging in WordPress</a> for more information. (This message was added in version 3.1.0.) in /wordpress/wp-includes/functions.php on line 6121
[29-Jun-2025 02:53:10 UTC] PHP Notice:  Function wp_enqueue_style was called <strong>incorrectly</strong>. Scripts and styles should not be registered or enqueued until the <code>wp_enqueue_scripts</code>, <code>admin_enqueue_scripts</code>, or <code>login_enqueue_scripts</code> hooks. This notice was triggered by the <code>loginout</code> handle. Please see <a href="https://developer.wordpress.org/advanced-administration/debug/debug-wordpress/">Debugging in WordPress</a> for more information. (This message was added in version 3.3.0.) in /wordpress/wp-includes/functions.php on line 6121
[29-Jun-2025 02:53:19 UTC] PHP Notice:  Function wp_register_style was called <strong>incorrectly</strong>. Scripts and styles should not be registered or enqueued until the <code>wp_enqueue_scripts</code>, <code>admin_enqueue_scripts</code>, or <code>login_enqueue_scripts</code> hooks. This notice was triggered by the <code>loginout</code> handle. Please see <a href="https://developer.wordpress.org/advanced-administration/debug/debug-wordpress/">Debugging in WordPress</a> for more information. (This message was added in version 3.3.0.) in /wordpress/wp-includes/functions.php on line 6121
[29-Jun-2025 02:53:19 UTC] PHP Notice:  Function is_feed was called <strong>incorrectly</strong>. Conditional query tags do not work before the query is run. Before then, they always return false. Please see <a href="https://developer.wordpress.org/advanced-administration/debug/debug-wordpress/">Debugging in WordPress</a> for more information. (This message was added in version 3.1.0.) in /wordpress/wp-includes/functions.php on line 6121
[29-Jun-2025 02:53:19 UTC] PHP Notice:  Function wp_enqueue_style was called <strong>incorrectly</strong>. Scripts and styles should not be registered or enqueued until the <code>wp_enqueue_scripts</code>, <code>admin_enqueue_scripts</code>, or <code>login_enqueue_scripts</code> hooks. This notice was triggered by the <code>loginout</code> handle. Please see <a href="https://developer.wordpress.org/advanced-administration/debug/debug-wordpress/">Debugging in WordPress</a> for more information. (This message was added in version 3.3.0.) in /wordpress/wp-includes/functions.php on line 6121
[29-Jun-2025 02:53:28 UTC] PHP Notice:  Function wp_register_style was called <strong>incorrectly</strong>. Scripts and styles should not be registered or enqueued until the <code>wp_enqueue_scripts</code>, <code>admin_enqueue_scripts</code>, or <code>login_enqueue_scripts</code> hooks. This notice was triggered by the <code>loginout</code> handle. Please see <a href="https://developer.wordpress.org/advanced-administration/debug/debug-wordpress/">Debugging in WordPress</a> for more information. (This message was added in version 3.3.0.) in /wordpress/wp-includes/functions.php on line 6121
[29-Jun-2025 02:53:28 UTC] PHP Notice:  Function is_feed was called <strong>incorrectly</strong>. Conditional query tags do not work before the query is run. Before then, they always return false. Please see <a href="https://developer.wordpress.org/advanced-administration/debug/debug-wordpress/">Debugging in WordPress</a> for more information. (This message was added in version 3.1.0.) in /wordpress/wp-includes/functions.php on line 6121
[29-Jun-2025 02:53:28 UTC] PHP Notice:  Function wp_enqueue_style was called <strong>incorrectly</strong>. Scripts and styles should not be registered or enqueued until the <code>wp_enqueue_scripts</code>, <code>admin_enqueue_scripts</code>, or <code>login_enqueue_scripts</code> hooks. This notice was triggered by the <code>loginout</code> handle. Please see <a href="https://developer.wordpress.org/advanced-administration/debug/debug-wordpress/">Debugging in WordPress</a> for more information. (This message was added in version 3.3.0.) in /wordpress/wp-includes/functions.php on line 6121
[29-Jun-2025 02:54:35 UTC] PHP Fatal error:  Uncaught ArgumentCountError: Too few arguments to function WP_Widget::__construct(), 0 passed in /wordpress/wp-includes/class-wp-widget-factory.php on line 62 and at least 2 expected in /wordpress/wp-includes/class-wp-widget.php:163
Stack trace:
#0 /wordpress/wp-includes/class-wp-widget-factory.php(62): WP_Widget->__construct()
#1 /wordpress/wp-includes/widgets.php(123): WP_Widget_Factory->register('Boom_Widget_Ima...')
#2 /wordpress/wp-content/plugins/image-rotator-widget/image-rotator.php(28): register_widget('Boom_Widget_Ima...')
#3 /wordpress/wp-includes/class-wp-hook.php(324): boom_register_rotator_widget('')
#4 /wordpress/wp-includes/class-wp-hook.php(348): WP_Hook->apply_filters(NULL, Array)
#5 /wordpress/wp-includes/plugin.php(517): WP_Hook->do_action(Array)
#6 /wordpress/wp-includes/widgets.php(1870): do_action('widgets_init')
#7 /wordpress/wp-includes/class-wp-hook.php(324): wp_widgets_init('')
#8 /wordpress/wp-includes/class-wp-hook.php(348): WP_Hook->apply_filters(NULL, Array)
#9 /wordpress/wp-includes/plugin.php(517): WP_Hook->do_action(Array)
#10 /wordpress/wp-settings.php(727): do_action('init')
#11 /wordpress/wp-config.php(102): require_once('/wordpress/wp-s...')
#12 /wordpress/wp-load.php(50): require_once('/wordpress/wp-c...')
#13 /internal/eval.php(3): require_once('/wordpress/wp-l...')
#14 {main}
  thrown in /wordpress/wp-includes/class-wp-widget.php on line 163
[29-Jun-2025 02:54:45 UTC] PHP Fatal error:  Uncaught ArgumentCountError: Too few arguments to function WP_Widget::__construct(), 0 passed in /wordpress/wp-includes/class-wp-widget-factory.php on line 62 and at least 2 expected in /wordpress/wp-includes/class-wp-widget.php:163
Stack trace:
#0 /wordpress/wp-includes/class-wp-widget-factory.php(62): WP_Widget->__construct()
#1 /wordpress/wp-includes/widgets.php(123): WP_Widget_Factory->register('Boom_Widget_Ima...')
#2 /wordpress/wp-content/plugins/image-rotator-widget/image-rotator.php(28): register_widget('Boom_Widget_Ima...')
#3 /wordpress/wp-includes/class-wp-hook.php(324): boom_register_rotator_widget('')
#4 /wordpress/wp-includes/class-wp-hook.php(348): WP_Hook->apply_filters(NULL, Array)
#5 /wordpress/wp-includes/plugin.php(517): WP_Hook->do_action(Array)
#6 /wordpress/wp-includes/widgets.php(1870): do_action('widgets_init')
#7 /wordpress/wp-includes/class-wp-hook.php(324): wp_widgets_init('')
#8 /wordpress/wp-includes/class-wp-hook.php(348): WP_Hook->apply_filters(NULL, Array)
#9 /wordpress/wp-includes/plugin.php(517): WP_Hook->do_action(Array)
#10 /wordpress/wp-settings.php(727): do_action('init')
#11 /wordpress/wp-config.php(102): require_once('/wordpress/wp-s...')
#12 /wordpress/wp-load.php(50): require_once('/wordpress/wp-c...')
#13 /internal/eval.php(3): require_once('/wordpress/wp-l...')
#14 {main}
  thrown in /wordpress/wp-includes/class-wp-widget.php on line 163
[29-Jun-2025 02:54:55 UTC] PHP Fatal error:  Uncaught ArgumentCountError: Too few arguments to function WP_Widget::__construct(), 0 passed in /wordpress/wp-includes/class-wp-widget-factory.php on line 62 and at least 2 expected in /wordpress/wp-includes/class-wp-widget.php:163
Stack trace:
#0 /wordpress/wp-includes/class-wp-widget-factory.php(62): WP_Widget->__construct()
#1 /wordpress/wp-includes/widgets.php(123): WP_Widget_Factory->register('Boom_Widget_Ima...')
#2 /wordpress/wp-content/plugins/image-rotator-widget/image-rotator.php(28): register_widget('Boom_Widget_Ima...')
#3 /wordpress/wp-includes/class-wp-hook.php(324): boom_register_rotator_widget('')
#4 /wordpress/wp-includes/class-wp-hook.php(348): WP_Hook->apply_filters(NULL, Array)
#5 /wordpress/wp-includes/plugin.php(517): WP_Hook->do_action(Array)
#6 /wordpress/wp-includes/widgets.php(1870): do_action('widgets_init')
#7 /wordpress/wp-includes/class-wp-hook.php(324): wp_widgets_init('')
#8 /wordpress/wp-includes/class-wp-hook.php(348): WP_Hook->apply_filters(NULL, Array)
#9 /wordpress/wp-includes/plugin.php(517): WP_Hook->do_action(Array)
#10 /wordpress/wp-settings.php(727): do_action('init')
#11 /wordpress/wp-config.php(102): require_once('/wordpress/wp-s...')
#12 /wordpress/wp-load.php(50): require_once('/wordpress/wp-c...')
#13 /internal/eval.php(3): require_once('/wordpress/wp-l...')
#14 {main}
  thrown in /wordpress/wp-includes/class-wp-widget.php on line 163

    at Object.onBind (file:///home/runner/work/playground-tester/playground-tester/node_modules/@wp-playground/cli/run-cli-j-geJYS3.js:325:15)
    at process.processTicksAndRejections (node:internal/process/task_queues:105:5)
    at async re (file:///home/runner/work/playground-tester/playground-tester/node_modules/@wp-playground/cli/run-cli-j-geJYS3.js:149:10) {
  [cause]: Error: Error when executing the blueprint step #1 ({"step":"installPlugin","pluginData":{"resource":"wordpress.org/plugins","slug":"image-rotator-widget"},"options":{"activate":true}}) : PHP.run() failed with exit code 255 and the following output: 
      at Object.run (file:///home/runner/work/playground-tester/playground-tester/node_modules/@wp-playground/blueprints/index.js:12093:19)
      at process.processTicksAndRejections (node:internal/process/task_queues:105:5)
      at async ys (file:///home/runner/work/playground-tester/playground-tester/node_modules/@wp-playground/blueprints/index.js:12196:3)
      at async Object.onBind (file:///home/runner/work/playground-tester/playground-tester/node_modules/@wp-playground/cli/run-cli-j-geJYS3.js:315:48)
      at async re (file:///home/runner/work/playground-tester/playground-tester/node_modules/@wp-playground/cli/run-cli-j-geJYS3.js:149:10) {
    [cause]: PHPExecutionFailureError: PHP.run() failed with exit code 255 and the following output: 
        at PHP.run (file:///home/runner/work/playground-tester/playground-tester/node_modules/@php-wasm/universal/index.js:1034:19)
        at process.processTicksAndRejections (node:internal/process/task_queues:105:5)
        at async wr (file:///home/runner/work/playground-tester/playground-tester/node_modules/@wp-playground/blueprints/index.js:74:13)
        at async Object.gt [as installPlugin] (file:///home/runner/work/playground-tester/playground-tester/node_modules/@wp-playground/blueprints/index.js:631:42)
        at async g (file:///home/runner/work/playground-tester/playground-tester/node_modules/@wp-playground/blueprints/index.js:12161:30)
        at async Object.run (file:///home/runner/work/playground-tester/playground-tester/node_modules/@wp-playground/blueprints/index.js:12090:23)
        at async ys (file:///home/runner/work/playground-tester/playground-tester/node_modules/@wp-playground/blueprints/index.js:12196:3)
        at async Object.onBind (file:///home/runner/work/playground-tester/playground-tester/node_modules/@wp-playground/cli/run-cli-j-geJYS3.js:315:48)
        at async re (file:///home/runner/work/playground-tester/playground-tester/node_modules/@wp-playground/cli/run-cli-j-geJYS3.js:149:10) {
      response: PHPResponse {
        httpStatusCode: 500,
        headers: {
          'x-powered-by': [ 'PHP/8.0.30-dev' ],
          'content-type': [ 'text/html; charset=UTF-8' ],
          expires: [ 'Wed, 11 Jan 1984 05:00:00 GMT' ],
          'cache-control': [ 'no-cache, must-revalidate, max-age=0, no-store, private' ]
        },
        bytes: Uint8Array(2653) [
           60,  33,  68,  79,  67,  84,  89,  80,  69,  32, 104, 116,
          109, 108,  62,  10,  60, 104, 116, 109, 108,  32, 108,  97,
          110, 103,  61,  34, 101, 110,  45,  85,  83,  34,  62,  10,
           60, 104, 101,  97, 100,  62,  10,   9,  60, 109, 101, 116,
           97,  32, 104, 116, 116, 112,  45, 101, 113, 117, 105, 118,
           61,  34,  67, 111, 110, 116, 101, 110, 116,  45,  84, 121,
          112, 101,  34,  32,  99, 111, 110, 116, 101, 110, 116,  61,
           34, 116, 101, 120, 116,  47, 104, 116, 109, 108,  59,  32,
           99, 104,  97, 114,
          ... 2553 more items
        ],
        exitCode: 255,
        errors: ''
      },
      source: 'request'
    }
  }
}

Node.js v23.11.0
