file:///home/runner/work/playground-tester/playground-tester/node_modules/@wp-playground/cli/index.js:237
        throw new Error(y, { cause: u });
              ^

Error: [12-May-2025 02:01:07 UTC] PHP Deprecated:  Required parameter $field_type_object follows optional parameter $field_escaped_value in /wordpress/wp-content/plugins/niso-carousel/admin/src/cmb-field-select2/cmb-field-select2.php on line 84
[12-May-2025 02:01:17 UTC] PHP Deprecated:  Required parameter $field_type_object follows optional parameter $field_escaped_value in /wordpress/wp-content/plugins/niso-carousel/admin/src/cmb-field-select2/cmb-field-select2.php on line 84
[12-May-2025 02:01:26 UTC] PHP Deprecated:  Required parameter $field_type_object follows optional parameter $field_escaped_value in /wordpress/wp-content/plugins/niso-carousel/admin/src/cmb-field-select2/cmb-field-select2.php on line 84
[12-May-2025 02:03:51 UTC] PHP Notice:  Function wp_enqueue_style was called <strong>incorrectly</strong>. Scripts and styles should not be registered or enqueued until the <code>wp_enqueue_scripts</code>, <code>admin_enqueue_scripts</code>, or <code>login_enqueue_scripts</code> hooks. This notice was triggered by the <code>postToFlarum_css</code> handle. Please see <a href="https://developer.wordpress.org/advanced-administration/debug/debug-wordpress/">Debugging in WordPress</a> for more information. (This message was added in version 3.3.0.) in /wordpress/wp-includes/functions.php on line 6121
[12-May-2025 02:03:51 UTC] PHP Notice:  Function is_feed was called <strong>incorrectly</strong>. Conditional query tags do not work before the query is run. Before then, they always return false. Please see <a href="https://developer.wordpress.org/advanced-administration/debug/debug-wordpress/">Debugging in WordPress</a> for more information. (This message was added in version 3.1.0.) in /wordpress/wp-includes/functions.php on line 6121
[12-May-2025 02:03:58 UTC] WordPress database error <div style="clear:both">&nbsp;</div>
<div class="queries" style="clear:both;margin-bottom:2px;border:red dotted thin;">
<p>MySQL query:</p>
<p>CREATE TABLE wp_posttoflarum_posts (
		blog_id int(10) NOT NULL,
		modified int(11) NOT NULL,
		post_id int(11) NOT NULL,
		topic_id int(11) NOT NULL,
		PRIMARY KEY  (blog_id),
		CONSTRAINT combination UNIQUE (blog_id,post_id)
	) DEFAULT CHARACTER SET utf8mb4</p>
<p>Queries made or created this session were:</p>
<ol>
<li>Executing: BEGIN | (no parameters)</li>
<li>Executing: INSERT INTO _mysql_data_types_cache (`table`, `column_or_index`, `mysql_type`)
				VALUES (:table, :column, :datatype)
				ON CONFLICT(`table`, `column_or_index`) DO UPDATE SET `mysql_type` = :datatype
			 | parameters: wp_posttoflarum_posts, blog_id, int(10)</li>
<li>Executing: INSERT INTO _mysql_data_types_cache (`table`, `column_or_index`, `mysql_type`)
				VALUES (:table, :column, :datatype)
				ON CONFLICT(`table`, `column_or_index`) DO UPDATE SET `mysql_type` = :datatype
			 | parameters: wp_posttoflarum_posts, modified, int(11)</li>
<li>Executing: INSERT INTO _mysql_data_types_cache (`table`, `column_or_index`, `mysql_type`)
				VALUES (:table, :column, :datatype)
				ON CONFLICT(`table`, `column_or_index`) DO UPDATE SET `mysql_type` = :datatype
			 | parameters: wp_posttoflarum_posts, post_id, int(11)</li>
<li>Executing: INSERT INTO _mysql_data_types_cache (`table`, `column_or_index`, `mysql_type`)
				VALUES (:table, :column, :datatype)
				ON CONFLICT(`table`, `column_or_index`) DO UPDATE SET `mysql_type` = :datatype
			 | parameters: wp_posttoflarum_posts, topic_id, int(11)</li>
<li>Executing: CREATE TABLE &quot;wp_posttoflarum_posts&quot; (
&quot;blog_id&quot; integer PRIMARY KEY  NOT NULL ON CONFLICT REPLACE DEFAULT 0,
&quot;modified&quot; integer NOT NULL ON CONFLICT REPLACE DEFAULT 0,
&quot;post_id&quot; integer NOT NULL ON CONFLICT REPLACE DEFAULT 0,
&quot;topic_id&quot; integer NOT NULL ON CONFLICT REPLACE DEFAULT 0) | (no parameters)</li>
<li>Executing: CREATE  INDEX  &quot;wp_posttoflarum_posts__&quot; ON &quot;wp_posttoflarum_posts&quot; (&quot;&quot;) | (no parameters)</li>
<li>Executing: INSERT INTO _mysql_data_types_cache (`table`, `column_or_index`, `mysql_type`)
				VALUES (:table, :column, :datatype)
				ON CONFLICT(`table`, `column_or_index`) DO UPDATE SET `mysql_type` = :datatype
			 | parameters: wp_posttoflarum_posts, wp_posttoflarum_posts__, </li>
<li>Executing: ROLLBACK | (no parameters)</li>
</ol>
</div>
<div style="clear:both;margin-bottom:2px;border:red dotted thin;" class="error_message" style="border-bottom:dotted blue thin;">
Error occurred at line 4117 in Function <code>handle_error</code>. Error message was: SQLSTATE[23000]: Integrity constraint violation: 19 NOT NULL constraint failed: _mysql_data_types_cache.mysql_type.
</div>
<p>Backtrace:</p>
<pre>#0 /internal/shared/sqlite-database-integration/wp-includes/sqlite/class-wp-sqlite-db.php(287): WP_SQLite_Translator->get_error_message()
#1 /wordpress/wp-admin/includes/upgrade.php(3280): WP_SQLite_DB->query('CREATE TABLE wp...')
#2 /wordpress/wp-content/plugins/post-to-flarum/postToFlarum.php(343): dbDelta(Array)
#3 /wordpress/wp-includes/class-wp-hook.php(324): postToFlarum_install(false)
#4 /wordpress/wp-includes/class-wp-hook.php(348): WP_Hook->apply_filters('', Array)
#5 /wordpress/wp-includes/plugin.php(517): WP_Hook->do_action(Array)
#6 /wordpress/wp-admin/includes/plugin.php(703): do_action('activate_post-t...', false)
#7 /internal/eval.php(20): activate_plugin('post-to-flarum/...')
#8 {main}</pre>
 for query CREATE TABLE wp_posttoflarum_posts (
		blog_id int(10) NOT NULL,
		modified int(11) NOT NULL,
		post_id int(11) NOT NULL,
		topic_id int(11) NOT NULL,
		PRIMARY KEY  (blog_id),
		CONSTRAINT combination UNIQUE (blog_id,post_id)
	) DEFAULT CHARACTER SET utf8mb4 made by activate_plugin, do_action('activate_post-to-flarum/postToFlarum.php'), WP_Hook->do_action, WP_Hook->apply_filters, postToFlarum_install, dbDelta, WP_SQLite_DB->query, WP_SQLite_DB->print_error
[12-May-2025 02:03:59 UTC] PHP Notice:  Function wp_enqueue_style was called <strong>incorrectly</strong>. Scripts and styles should not be registered or enqueued until the <code>wp_enqueue_scripts</code>, <code>admin_enqueue_scripts</code>, or <code>login_enqueue_scripts</code> hooks. This notice was triggered by the <code>postToFlarum_css</code> handle. Please see <a href="https://developer.wordpress.org/advanced-administration/debug/debug-wordpress/">Debugging in WordPress</a> for more information. (This message was added in version 3.3.0.) in /wordpress/wp-includes/functions.php on line 6121
[12-May-2025 02:03:59 UTC] PHP Notice:  Function is_feed was called <strong>incorrectly</strong>. Conditional query tags do not work before the query is run. Before then, they always return false. Please see <a href="https://developer.wordpress.org/advanced-administration/debug/debug-wordpress/">Debugging in WordPress</a> for more information. (This message was added in version 3.1.0.) in /wordpress/wp-includes/functions.php on line 6121
[12-May-2025 02:04:07 UTC] WordPress database error <div style="clear:both">&nbsp;</div>
<div class="queries" style="clear:both;margin-bottom:2px;border:red dotted thin;">
<p>MySQL query:</p>
<p>CREATE TABLE wp_posttoflarum_posts (
		blog_id int(10) NOT NULL,
		modified int(11) NOT NULL,
		post_id int(11) NOT NULL,
		topic_id int(11) NOT NULL,
		PRIMARY KEY  (blog_id),
		CONSTRAINT combination UNIQUE (blog_id,post_id)
	) DEFAULT CHARACTER SET utf8mb4</p>
<p>Queries made or created this session were:</p>
<ol>
<li>Executing: BEGIN | (no parameters)</li>
<li>Executing: INSERT INTO _mysql_data_types_cache (`table`, `column_or_index`, `mysql_type`)
				VALUES (:table, :column, :datatype)
				ON CONFLICT(`table`, `column_or_index`) DO UPDATE SET `mysql_type` = :datatype
			 | parameters: wp_posttoflarum_posts, blog_id, int(10)</li>
<li>Executing: INSERT INTO _mysql_data_types_cache (`table`, `column_or_index`, `mysql_type`)
				VALUES (:table, :column, :datatype)
				ON CONFLICT(`table`, `column_or_index`) DO UPDATE SET `mysql_type` = :datatype
			 | parameters: wp_posttoflarum_posts, modified, int(11)</li>
<li>Executing: INSERT INTO _mysql_data_types_cache (`table`, `column_or_index`, `mysql_type`)
				VALUES (:table, :column, :datatype)
				ON CONFLICT(`table`, `column_or_index`) DO UPDATE SET `mysql_type` = :datatype
			 | parameters: wp_posttoflarum_posts, post_id, int(11)</li>
<li>Executing: INSERT INTO _mysql_data_types_cache (`table`, `column_or_index`, `mysql_type`)
				VALUES (:table, :column, :datatype)
				ON CONFLICT(`table`, `column_or_index`) DO UPDATE SET `mysql_type` = :datatype
			 | parameters: wp_posttoflarum_posts, topic_id, int(11)</li>
<li>Executing: CREATE TABLE &quot;wp_posttoflarum_posts&quot; (
&quot;blog_id&quot; integer PRIMARY KEY  NOT NULL ON CONFLICT REPLACE DEFAULT 0,
&quot;modified&quot; integer NOT NULL ON CONFLICT REPLACE DEFAULT 0,
&quot;post_id&quot; integer NOT NULL ON CONFLICT REPLACE DEFAULT 0,
&quot;topic_id&quot; integer NOT NULL ON CONFLICT REPLACE DEFAULT 0) | (no parameters)</li>
<li>Executing: CREATE  INDEX  &quot;wp_posttoflarum_posts__&quot; ON &quot;wp_posttoflarum_posts&quot; (&quot;&quot;) | (no parameters)</li>
<li>Executing: INSERT INTO _mysql_data_types_cache (`table`, `column_or_index`, `mysql_type`)
				VALUES (:table, :column, :datatype)
				ON CONFLICT(`table`, `column_or_index`) DO UPDATE SET `mysql_type` = :datatype
			 | parameters: wp_posttoflarum_posts, wp_posttoflarum_posts__, </li>
<li>Executing: ROLLBACK | (no parameters)</li>
</ol>
</div>
<div style="clear:both;margin-bottom:2px;border:red dotted thin;" class="error_message" style="border-bottom:dotted blue thin;">
Error occurred at line 4117 in Function <code>handle_error</code>. Error message was: SQLSTATE[23000]: Integrity constraint violation: 19 NOT NULL constraint failed: _mysql_data_types_cache.mysql_type.
</div>
<p>Backtrace:</p>
<pre>#0 /internal/shared/sqlite-database-integration/wp-includes/sqlite/class-wp-sqlite-db.php(287): WP_SQLite_Translator->get_error_message()
#1 /wordpress/wp-admin/includes/upgrade.php(3280): WP_SQLite_DB->query('CREATE TABLE wp...')
#2 /wordpress/wp-content/plugins/post-to-flarum/postToFlarum.php(343): dbDelta(Array)
#3 /wordpress/wp-includes/class-wp-hook.php(324): postToFlarum_install(false)
#4 /wordpress/wp-includes/class-wp-hook.php(348): WP_Hook->apply_filters('', Array)
#5 /wordpress/wp-includes/plugin.php(517): WP_Hook->do_action(Array)
#6 /wordpress/wp-admin/includes/plugin.php(703): do_action('activate_post-t...', false)
#7 /internal/eval.php(20): activate_plugin('post-to-flarum/...')
#8 {main}</pre>
 for query CREATE TABLE wp_posttoflarum_posts (
		blog_id int(10) NOT NULL,
		modified int(11) NOT NULL,
		post_id int(11) NOT NULL,
		topic_id int(11) NOT NULL,
		PRIMARY KEY  (blog_id),
		CONSTRAINT combination UNIQUE (blog_id,post_id)
	) DEFAULT CHARACTER SET utf8mb4 made by activate_plugin, do_action('activate_post-to-flarum/postToFlarum.php'), WP_Hook->do_action, WP_Hook->apply_filters, postToFlarum_install, dbDelta, WP_SQLite_DB->query, WP_SQLite_DB->print_error
[12-May-2025 02:04:08 UTC] PHP Notice:  Function wp_enqueue_style was called <strong>incorrectly</strong>. Scripts and styles should not be registered or enqueued until the <code>wp_enqueue_scripts</code>, <code>admin_enqueue_scripts</code>, or <code>login_enqueue_scripts</code> hooks. This notice was triggered by the <code>postToFlarum_css</code> handle. Please see <a href="https://developer.wordpress.org/advanced-administration/debug/debug-wordpress/">Debugging in WordPress</a> for more information. (This message was added in version 3.3.0.) in /wordpress/wp-includes/functions.php on line 6121
[12-May-2025 02:04:08 UTC] PHP Notice:  Function is_feed was called <strong>incorrectly</strong>. Conditional query tags do not work before the query is run. Before then, they always return false. Please see <a href="https://developer.wordpress.org/advanced-administration/debug/debug-wordpress/">Debugging in WordPress</a> for more information. (This message was added in version 3.1.0.) in /wordpress/wp-includes/functions.php on line 6121
[12-May-2025 02:04:16 UTC] PHP Warning:  Trying to access array offset on value of type bool in /wordpress/wp-content/plugins/news-bar/classes/gn-plugin-framework.class.php on line 173
[12-May-2025 02:04:17 UTC] PHP Warning:  Trying to access array offset on value of type bool in /wordpress/wp-content/plugins/news-bar/classes/gn-plugin-framework.class.php on line 173
[12-May-2025 02:04:25 UTC] PHP Warning:  Trying to access array offset on value of type bool in /wordpress/wp-content/plugins/news-bar/classes/gn-plugin-framework.class.php on line 173
[12-May-2025 02:04:26 UTC] PHP Warning:  Trying to access array offset on value of type bool in /wordpress/wp-content/plugins/news-bar/classes/gn-plugin-framework.class.php on line 173
[12-May-2025 02:04:34 UTC] PHP Warning:  Trying to access array offset on value of type bool in /wordpress/wp-content/plugins/news-bar/classes/gn-plugin-framework.class.php on line 173
[12-May-2025 02:04:35 UTC] PHP Warning:  Trying to access array offset on value of type bool in /wordpress/wp-content/plugins/news-bar/classes/gn-plugin-framework.class.php on line 173
[12-May-2025 02:05:11 UTC] PHP Notice:  Function _load_textdomain_just_in_time was called <strong>incorrectly</strong>. Translation loading for the <code>newstatpress</code> domain was triggered too early. This is usually an indicator for some code in the plugin or theme running too early. Translations should be loaded at the <code>init</code> action or later. Please see <a href="https://developer.wordpress.org/advanced-administration/debug/debug-wordpress/">Debugging in WordPress</a> for more information. (This message was added in version 6.7.0.) in /wordpress/wp-includes/functions.php on line 6121
[12-May-2025 02:05:21 UTC] PHP Notice:  Function _load_textdomain_just_in_time was called <strong>incorrectly</strong>. Translation loading for the <code>newstatpress</code> domain was triggered too early. This is usually an indicator for some code in the plugin or theme running too early. Translations should be loaded at the <code>init</code> action or later. Please see <a href="https://developer.wordpress.org/advanced-administration/debug/debug-wordpress/">Debugging in WordPress</a> for more information. (This message was added in version 6.7.0.) in /wordpress/wp-includes/functions.php on line 6121
[12-May-2025 02:05:32 UTC] PHP Notice:  Function _load_textdomain_just_in_time was called <strong>incorrectly</strong>. Translation loading for the <code>newstatpress</code> domain was triggered too early. This is usually an indicator for some code in the plugin or theme running too early. Translations should be loaded at the <code>init</code> action or later. Please see <a href="https://developer.wordpress.org/advanced-administration/debug/debug-wordpress/">Debugging in WordPress</a> for more information. (This message was added in version 6.7.0.) in /wordpress/wp-includes/functions.php on line 6121
[12-May-2025 02:06:33 UTC] PHP Fatal error:  Uncaught TypeError: count(): Argument #1 ($value) must be of type Countable|array, bool given in /wordpress/wp-content/plugins/promociones-mercado-pago/TokioMP_Plugin.php:32
Stack trace:
#0 /wordpress/wp-content/plugins/promociones-mercado-pago/TokioMP_LifeCycle.php(29): TokioMP_Plugin->initOptions()
#1 /wordpress/wp-content/plugins/promociones-mercado-pago/promociones-mercado-pago_init.php(34): TokioMP_LifeCycle->install()
#2 /wordpress/wp-content/plugins/promociones-mercado-pago/promociones-mercado-pago.php(84): TokioMP_init('/wordpress/wp-c...')
#3 /wordpress/wp-admin/includes/plugin.php(2387): include_once('/wordpress/wp-c...')
#4 /wordpress/wp-admin/includes/plugin.php(673): plugin_sandbox_scrape('promociones-mer...')
#5 /internal/eval.php(20): activate_plugin('promociones-mer...')
#6 {main}
  thrown in /wordpress/wp-content/plugins/promociones-mercado-pago/TokioMP_Plugin.php on line 32

    at Object.onBind (file:///home/runner/work/playground-tester/playground-tester/node_modules/@wp-playground/cli/index.js:237:15)
    at process.processTicksAndRejections (node:internal/process/task_queues:105:5)
    at async V (file:///home/runner/work/playground-tester/playground-tester/node_modules/@wp-playground/cli/index.js:64:10)
    at async ja (file:///home/runner/work/playground-tester/playground-tester/node_modules/@wp-playground/cli/cli.js:8161:12) {
  [cause]: Error: Error when executing the blueprint step #5 ({"step":"installPlugin","pluginData":{"resource":"wordpress.org/plugins","slug":"promociones-mercado-pago"},"options":{"activate":true}}) : PHP.run() failed with exit code 255 and the following output: 
      at Object.run (file:///home/runner/work/playground-tester/playground-tester/node_modules/@wp-playground/blueprints/index.js:12449:19)
      at process.processTicksAndRejections (node:internal/process/task_queues:105:5)
      at async ms (file:///home/runner/work/playground-tester/playground-tester/node_modules/@wp-playground/blueprints/index.js:12552:3)
      ... 2 lines matching cause stack trace ...
      at async ja (file:///home/runner/work/playground-tester/playground-tester/node_modules/@wp-playground/cli/cli.js:8161:12) {
    [cause]: PHPExecutionFailureError: PHP.run() failed with exit code 255 and the following output: 
        at PHP.run (file:///home/runner/work/playground-tester/playground-tester/node_modules/@php-wasm/universal/index.js:987:19)
        at process.processTicksAndRejections (node:internal/process/task_queues:105:5)
        at async wr (file:///home/runner/work/playground-tester/playground-tester/node_modules/@wp-playground/blueprints/index.js:33:39)
        at async Object.gt [as installPlugin] (file:///home/runner/work/playground-tester/playground-tester/node_modules/@wp-playground/blueprints/index.js:974:42)
        at async g (file:///home/runner/work/playground-tester/playground-tester/node_modules/@wp-playground/blueprints/index.js:12517:30)
        at async Object.run (file:///home/runner/work/playground-tester/playground-tester/node_modules/@wp-playground/blueprints/index.js:12446:23)
        at async ms (file:///home/runner/work/playground-tester/playground-tester/node_modules/@wp-playground/blueprints/index.js:12552:3)
        at async Object.onBind (file:///home/runner/work/playground-tester/playground-tester/node_modules/@wp-playground/cli/index.js:227:48)
        at async V (file:///home/runner/work/playground-tester/playground-tester/node_modules/@wp-playground/cli/index.js:64:10)
        at async ja (file:///home/runner/work/playground-tester/playground-tester/node_modules/@wp-playground/cli/cli.js:8161:12) {
      response: PHPResponse {
        httpStatusCode: 500,
        headers: {
          'x-powered-by': [ 'PHP/8.0.30-dev' ],
          'content-type': [ 'text/html; charset=UTF-8' ]
        },
        bytes: Uint8Array(0) [],
        exitCode: 255,
        errors: ''
      },
      source: 'request'
    }
  }
}

Node.js v23.11.0
