file:///home/runner/work/playground-tester/playground-tester/node_modules/@wp-playground/cli/run-cli-j-geJYS3.js:325
        throw new Error($, { cause: h });
              ^

Error: [06-Jun-2025 04:56:35 UTC] PHP Fatal error:  Uncaught Error: Undefined constant "EveKillboardWidget" in /wordpress/wp-content/plugins/eve-killboard/eve-killboard.php:30
Stack trace:
#0 /wordpress/wp-admin/includes/plugin.php(2387): include_once()
#1 /wordpress/wp-admin/includes/plugin.php(673): plugin_sandbox_scrape('eve-killboard/e...')
#2 /internal/eval.php(20): activate_plugin('eve-killboard/e...')
#3 {main}
  thrown in /wordpress/wp-content/plugins/eve-killboard/eve-killboard.php on line 30
[06-Jun-2025 04:56:44 UTC] PHP Fatal error:  Uncaught Error: Undefined constant "EveKillboardWidget" in /wordpress/wp-content/plugins/eve-killboard/eve-killboard.php:30
Stack trace:
#0 /wordpress/wp-admin/includes/plugin.php(2387): include_once()
#1 /wordpress/wp-admin/includes/plugin.php(673): plugin_sandbox_scrape('eve-killboard/e...')
#2 /internal/eval.php(20): activate_plugin('eve-killboard/e...')
#3 {main}
  thrown in /wordpress/wp-content/plugins/eve-killboard/eve-killboard.php on line 30
[06-Jun-2025 04:56:53 UTC] PHP Fatal error:  Uncaught Error: Undefined constant "EveKillboardWidget" in /wordpress/wp-content/plugins/eve-killboard/eve-killboard.php:30
Stack trace:
#0 /wordpress/wp-admin/includes/plugin.php(2387): include_once()
#1 /wordpress/wp-admin/includes/plugin.php(673): plugin_sandbox_scrape('eve-killboard/e...')
#2 /internal/eval.php(20): activate_plugin('eve-killboard/e...')
#3 {main}
  thrown in /wordpress/wp-content/plugins/eve-killboard/eve-killboard.php on line 30
[06-Jun-2025 04:57:29 UTC] PHP Fatal error:  Uncaught Error: Undefined constant "clsWPEvernote" in /wordpress/wp-content/plugins/evernote-sitememory/wp-evernote.php:121
Stack trace:
#0 /wordpress/wp-admin/includes/plugin.php(2387): include_once()
#1 /wordpress/wp-admin/includes/plugin.php(673): plugin_sandbox_scrape('evernote-siteme...')
#2 /internal/eval.php(20): activate_plugin('evernote-siteme...')
#3 {main}
  thrown in /wordpress/wp-content/plugins/evernote-sitememory/wp-evernote.php on line 121
[06-Jun-2025 04:57:38 UTC] PHP Fatal error:  Uncaught Error: Undefined constant "clsWPEvernote" in /wordpress/wp-content/plugins/evernote-sitememory/wp-evernote.php:121
Stack trace:
#0 /wordpress/wp-admin/includes/plugin.php(2387): include_once()
#1 /wordpress/wp-admin/includes/plugin.php(673): plugin_sandbox_scrape('evernote-siteme...')
#2 /internal/eval.php(20): activate_plugin('evernote-siteme...')
#3 {main}
  thrown in /wordpress/wp-content/plugins/evernote-sitememory/wp-evernote.php on line 121
[06-Jun-2025 04:57:46 UTC] PHP Fatal error:  Uncaught Error: Undefined constant "clsWPEvernote" in /wordpress/wp-content/plugins/evernote-sitememory/wp-evernote.php:121
Stack trace:
#0 /wordpress/wp-admin/includes/plugin.php(2387): include_once()
#1 /wordpress/wp-admin/includes/plugin.php(673): plugin_sandbox_scrape('evernote-siteme...')
#2 /internal/eval.php(20): activate_plugin('evernote-siteme...')
#3 {main}
  thrown in /wordpress/wp-content/plugins/evernote-sitememory/wp-evernote.php on line 121
[06-Jun-2025 04:59:21 UTC] PHP Fatal error:  Uncaught Error: Class 'WC_Shipping_Method' not found in /wordpress/wp-content/plugins/expedico/DeliveryShippingMethod.php:9
Stack trace:
#0 /wordpress/wp-content/plugins/expedico/expedico.php(44): require_once()
#1 /wordpress/wp-content/plugins/expedico/expedico.php(499): Expedico\Expedico->__construct()
#2 /wordpress/wp-includes/class-wp-hook.php(324): Expedico\{closure}('')
#3 /wordpress/wp-includes/class-wp-hook.php(348): WP_Hook->apply_filters(NULL, Array)
#4 /wordpress/wp-includes/plugin.php(517): WP_Hook->do_action(Array)
#5 /wordpress/wp-settings.php(578): do_action('plugins_loaded')
#6 /wordpress/wp-config.php(102): require_once('/wordpress/wp-s...')
#7 /wordpress/wp-load.php(50): require_once('/wordpress/wp-c...')
#8 /internal/eval.php(3): require_once('/wordpress/wp-l...')
#9 {main}
  thrown in /wordpress/wp-content/plugins/expedico/DeliveryShippingMethod.php on line 9
[06-Jun-2025 04:59:29 UTC] PHP Fatal error:  Uncaught Error: Class 'WC_Shipping_Method' not found in /wordpress/wp-content/plugins/expedico/DeliveryShippingMethod.php:9
Stack trace:
#0 /wordpress/wp-content/plugins/expedico/expedico.php(44): require_once()
#1 /wordpress/wp-content/plugins/expedico/expedico.php(499): Expedico\Expedico->__construct()
#2 /wordpress/wp-includes/class-wp-hook.php(324): Expedico\{closure}('')
#3 /wordpress/wp-includes/class-wp-hook.php(348): WP_Hook->apply_filters(NULL, Array)
#4 /wordpress/wp-includes/plugin.php(517): WP_Hook->do_action(Array)
#5 /wordpress/wp-settings.php(578): do_action('plugins_loaded')
#6 /wordpress/wp-config.php(102): require_once('/wordpress/wp-s...')
#7 /wordpress/wp-load.php(50): require_once('/wordpress/wp-c...')
#8 /internal/eval.php(3): require_once('/wordpress/wp-l...')
#9 {main}
  thrown in /wordpress/wp-content/plugins/expedico/DeliveryShippingMethod.php on line 9
[06-Jun-2025 04:59:39 UTC] PHP Fatal error:  Uncaught Error: Class 'WC_Shipping_Method' not found in /wordpress/wp-content/plugins/expedico/DeliveryShippingMethod.php:9
Stack trace:
#0 /wordpress/wp-content/plugins/expedico/expedico.php(44): require_once()
#1 /wordpress/wp-content/plugins/expedico/expedico.php(499): Expedico\Expedico->__construct()
#2 /wordpress/wp-includes/class-wp-hook.php(324): Expedico\{closure}('')
#3 /wordpress/wp-includes/class-wp-hook.php(348): WP_Hook->apply_filters(NULL, Array)
#4 /wordpress/wp-includes/plugin.php(517): WP_Hook->do_action(Array)
#5 /wordpress/wp-settings.php(578): do_action('plugins_loaded')
#6 /wordpress/wp-config.php(102): require_once('/wordpress/wp-s...')
#7 /wordpress/wp-load.php(50): require_once('/wordpress/wp-c...')
#8 /internal/eval.php(3): require_once('/wordpress/wp-l...')
#9 {main}
  thrown in /wordpress/wp-content/plugins/expedico/DeliveryShippingMethod.php on line 9
[06-Jun-2025 05:00:20 UTC] PHP Fatal error:  Uncaught Error: Non-static method EasyContactFormsDB::wptn() cannot be called statically in /wordpress/wp-content/plugins/easy-contact-forms/easy-contact-forms.install.php:261
Stack trace:
#0 /wordpress/wp-content/plugins/easy-contact-forms/easy-contact-forms.php(20): easycontactforms_install()
#1 /wordpress/wp-includes/class-wp-hook.php(324): EasyContactForms::install(false)
#2 /wordpress/wp-includes/class-wp-hook.php(348): WP_Hook->apply_filters('', Array)
#3 /wordpress/wp-includes/plugin.php(517): WP_Hook->do_action(Array)
#4 /wordpress/wp-admin/includes/plugin.php(703): do_action('activate_easy-c...', false)
#5 /internal/eval.php(20): activate_plugin('easy-contact-fo...')
#6 {main}
  thrown in /wordpress/wp-content/plugins/easy-contact-forms/easy-contact-forms.install.php on line 261
[06-Jun-2025 05:00:30 UTC] PHP Fatal error:  Uncaught Error: Non-static method EasyContactFormsDB::wptn() cannot be called statically in /wordpress/wp-content/plugins/easy-contact-forms/easy-contact-forms.install.php:261
Stack trace:
#0 /wordpress/wp-content/plugins/easy-contact-forms/easy-contact-forms.php(20): easycontactforms_install()
#1 /wordpress/wp-includes/class-wp-hook.php(324): EasyContactForms::install(false)
#2 /wordpress/wp-includes/class-wp-hook.php(348): WP_Hook->apply_filters('', Array)
#3 /wordpress/wp-includes/plugin.php(517): WP_Hook->do_action(Array)
#4 /wordpress/wp-admin/includes/plugin.php(703): do_action('activate_easy-c...', false)
#5 /internal/eval.php(20): activate_plugin('easy-contact-fo...')
#6 {main}
  thrown in /wordpress/wp-content/plugins/easy-contact-forms/easy-contact-forms.install.php on line 261
[06-Jun-2025 05:00:39 UTC] PHP Fatal error:  Uncaught Error: Non-static method EasyContactFormsDB::wptn() cannot be called statically in /wordpress/wp-content/plugins/easy-contact-forms/easy-contact-forms.install.php:261
Stack trace:
#0 /wordpress/wp-content/plugins/easy-contact-forms/easy-contact-forms.php(20): easycontactforms_install()
#1 /wordpress/wp-includes/class-wp-hook.php(324): EasyContactForms::install(false)
#2 /wordpress/wp-includes/class-wp-hook.php(348): WP_Hook->apply_filters('', Array)
#3 /wordpress/wp-includes/plugin.php(517): WP_Hook->do_action(Array)
#4 /wordpress/wp-admin/includes/plugin.php(703): do_action('activate_easy-c...', false)
#5 /internal/eval.php(20): activate_plugin('easy-contact-fo...')
#6 {main}
  thrown in /wordpress/wp-content/plugins/easy-contact-forms/easy-contact-forms.install.php on line 261

    at Object.onBind (file:///home/runner/work/playground-tester/playground-tester/node_modules/@wp-playground/cli/run-cli-j-geJYS3.js:325:15)
    at process.processTicksAndRejections (node:internal/process/task_queues:105:5)
    at async re (file:///home/runner/work/playground-tester/playground-tester/node_modules/@wp-playground/cli/run-cli-j-geJYS3.js:149:10) {
  [cause]: Error: Error when executing the blueprint step #1 ({"step":"installPlugin","pluginData":{"resource":"wordpress.org/plugins","slug":"easybasket"},"options":{"activate":true}}) : Could not download "https://downloads.wordpress.org/plugin/easybasket.latest-stable.zip".
  				Check if the URL is correct and the server is reachable.
  				If it is reachable, the server might be blocking the request.
  				Check the browser console and network tabs for more information.
  
  				## Does the console show the error "No 'Access-Control-Allow-Origin' header"?
  
  				This means the server that hosts your file does not allow requests from other sites
  				(cross-origin requests, or CORS).	You need to move the asset to a server that allows
  				cross-origin file downloads. Learn more about CORS at
  				https://developer.mozilla.org/en-US/docs/Web/HTTP/CORS.
  
  				If your file is on GitHub, load it from "raw.githubusercontent.com".
  				Here's how to do that:
  
  				1. Start with the original GitHub URL of the file. For example:
  				https://github.com/username/repository/blob/branch/filename.
  				2. Replace "github.com" with "raw.githubusercontent.com".
  				3. Remove the "/blob/" part of the URL.
  
  				The resulting URL should look like this:
  				https://raw.githubusercontent.com/username/repository/branch/filename
  
  				Error:
  				Error: Could not download "https://downloads.wordpress.org/plugin/easybasket.latest-stable.zip"
      at Object.run (file:///home/runner/work/playground-tester/playground-tester/node_modules/@wp-playground/blueprints/index.js:12093:19)
      at process.processTicksAndRejections (node:internal/process/task_queues:105:5)
      at async ys (file:///home/runner/work/playground-tester/playground-tester/node_modules/@wp-playground/blueprints/index.js:12196:3)
      at async Object.onBind (file:///home/runner/work/playground-tester/playground-tester/node_modules/@wp-playground/cli/run-cli-j-geJYS3.js:315:48)
      at async re (file:///home/runner/work/playground-tester/playground-tester/node_modules/@wp-playground/cli/run-cli-j-geJYS3.js:149:10) {
    [cause]: Error: Could not download "https://downloads.wordpress.org/plugin/easybasket.latest-stable.zip".
    				Check if the URL is correct and the server is reachable.
    				If it is reachable, the server might be blocking the request.
    				Check the browser console and network tabs for more information.
    
    				## Does the console show the error "No 'Access-Control-Allow-Origin' header"?
    
    				This means the server that hosts your file does not allow requests from other sites
    				(cross-origin requests, or CORS).	You need to move the asset to a server that allows
    				cross-origin file downloads. Learn more about CORS at
    				https://developer.mozilla.org/en-US/docs/Web/HTTP/CORS.
    
    				If your file is on GitHub, load it from "raw.githubusercontent.com".
    				Here's how to do that:
    
    				1. Start with the original GitHub URL of the file. For example:
    				https://github.com/username/repository/blob/branch/filename.
    				2. Replace "github.com" with "raw.githubusercontent.com".
    				3. Remove the "/blob/" part of the URL.
    
    				The resulting URL should look like this:
    				https://raw.githubusercontent.com/username/repository/branch/filename
    
    				Error:
    				Error: Could not download "https://downloads.wordpress.org/plugin/easybasket.latest-stable.zip"
        at Ct.resolve (file:///home/runner/work/playground-tester/playground-tester/node_modules/@wp-playground/blueprints/index.js:1129:13)
        at process.processTicksAndRejections (node:internal/process/task_queues:105:5)
        at async _.run (file:///home/runner/work/playground-tester/playground-tester/node_modules/@php-wasm/util/index.js:45:14)
  }
}

Node.js v23.11.0
