file:///home/runner/work/playground-tester/playground-tester/node_modules/@wp-playground/cli/run-cli-j-geJYS3.js:325
        throw new Error($, { cause: h });
              ^

Error: [23-Jun-2025 05:53:31 UTC] PHP Deprecated:  Required parameter $colons follows optional parameter $attribut in /wordpress/wp-content/plugins/wp-dealer-map/front/shortcode.php on line 175
[23-Jun-2025 05:53:32 UTC] PHP Deprecated:  Required parameter $colons follows optional parameter $attribut in /wordpress/wp-content/plugins/wp-dealer-map/front/shortcode.php on line 175
[23-Jun-2025 05:53:41 UTC] PHP Deprecated:  Required parameter $colons follows optional parameter $attribut in /wordpress/wp-content/plugins/wp-dealer-map/front/shortcode.php on line 175
[23-Jun-2025 05:53:42 UTC] PHP Deprecated:  Required parameter $colons follows optional parameter $attribut in /wordpress/wp-content/plugins/wp-dealer-map/front/shortcode.php on line 175
[23-Jun-2025 05:53:51 UTC] PHP Deprecated:  Required parameter $colons follows optional parameter $attribut in /wordpress/wp-content/plugins/wp-dealer-map/front/shortcode.php on line 175
[23-Jun-2025 05:53:53 UTC] PHP Deprecated:  Required parameter $colons follows optional parameter $attribut in /wordpress/wp-content/plugins/wp-dealer-map/front/shortcode.php on line 175
[23-Jun-2025 05:54:30 UTC] PHP Warning:  mysqli_real_connect(): (HY000/2002): Address family not supported by protocol in /wordpress/wp-includes/class-wpdb.php on line 1988
[23-Jun-2025 05:54:31 UTC] PHP Warning:  mysqli_real_connect(): (HY000/2002): Address family not supported by protocol in /wordpress/wp-includes/class-wpdb.php on line 1988
[23-Jun-2025 05:54:40 UTC] PHP Warning:  mysqli_real_connect(): (HY000/2002): Address family not supported by protocol in /wordpress/wp-includes/class-wpdb.php on line 1988
[23-Jun-2025 05:54:41 UTC] PHP Warning:  mysqli_real_connect(): (HY000/2002): Address family not supported by protocol in /wordpress/wp-includes/class-wpdb.php on line 1988
[23-Jun-2025 05:54:49 UTC] PHP Warning:  mysqli_real_connect(): (HY000/2002): Address family not supported by protocol in /wordpress/wp-includes/class-wpdb.php on line 1988
[23-Jun-2025 05:54:50 UTC] PHP Warning:  mysqli_real_connect(): (HY000/2002): Address family not supported by protocol in /wordpress/wp-includes/class-wpdb.php on line 1988
[23-Jun-2025 05:55:28 UTC] PHP Fatal error:  Uncaught Error: Class "WC_Payment_Gateway_CC" not found in /wordpress/wp-content/plugins/wpd-authorize-net-payment-gateway-for-woocommerce/includes/payment-gateway.php:20
Stack trace:
#0 /wordpress/wp-content/plugins/wpd-authorize-net-payment-gateway-for-woocommerce/wpd-wc-authnet-payment-gateway.php(228): require()
#1 /wordpress/wp-includes/class-wp-hook.php(324): WPD_WC_Authorizenet_Payment_Gateway->authorizenet_gateway_init('')
#2 /wordpress/wp-includes/class-wp-hook.php(348): WP_Hook->apply_filters(NULL, Array)
#3 /wordpress/wp-includes/plugin.php(517): WP_Hook->do_action(Array)
#4 /wordpress/wp-settings.php(578): do_action('plugins_loaded')
#5 /wordpress/wp-config.php(102): require_once('/wordpress/wp-s...')
#6 /wordpress/wp-load.php(50): require_once('/wordpress/wp-c...')
#7 /internal/eval.php(3): require_once('/wordpress/wp-l...')
#8 {main}
  thrown in /wordpress/wp-content/plugins/wpd-authorize-net-payment-gateway-for-woocommerce/includes/payment-gateway.php on line 20
[23-Jun-2025 05:55:37 UTC] PHP Fatal error:  Uncaught Error: Class "WC_Payment_Gateway_CC" not found in /wordpress/wp-content/plugins/wpd-authorize-net-payment-gateway-for-woocommerce/includes/payment-gateway.php:20
Stack trace:
#0 /wordpress/wp-content/plugins/wpd-authorize-net-payment-gateway-for-woocommerce/wpd-wc-authnet-payment-gateway.php(228): require()
#1 /wordpress/wp-includes/class-wp-hook.php(324): WPD_WC_Authorizenet_Payment_Gateway->authorizenet_gateway_init('')
#2 /wordpress/wp-includes/class-wp-hook.php(348): WP_Hook->apply_filters(NULL, Array)
#3 /wordpress/wp-includes/plugin.php(517): WP_Hook->do_action(Array)
#4 /wordpress/wp-settings.php(578): do_action('plugins_loaded')
#5 /wordpress/wp-config.php(102): require_once('/wordpress/wp-s...')
#6 /wordpress/wp-load.php(50): require_once('/wordpress/wp-c...')
#7 /internal/eval.php(3): require_once('/wordpress/wp-l...')
#8 {main}
  thrown in /wordpress/wp-content/plugins/wpd-authorize-net-payment-gateway-for-woocommerce/includes/payment-gateway.php on line 20
[23-Jun-2025 05:55:45 UTC] PHP Fatal error:  Uncaught Error: Class "WC_Payment_Gateway_CC" not found in /wordpress/wp-content/plugins/wpd-authorize-net-payment-gateway-for-woocommerce/includes/payment-gateway.php:20
Stack trace:
#0 /wordpress/wp-content/plugins/wpd-authorize-net-payment-gateway-for-woocommerce/wpd-wc-authnet-payment-gateway.php(228): require()
#1 /wordpress/wp-includes/class-wp-hook.php(324): WPD_WC_Authorizenet_Payment_Gateway->authorizenet_gateway_init('')
#2 /wordpress/wp-includes/class-wp-hook.php(348): WP_Hook->apply_filters(NULL, Array)
#3 /wordpress/wp-includes/plugin.php(517): WP_Hook->do_action(Array)
#4 /wordpress/wp-settings.php(578): do_action('plugins_loaded')
#5 /wordpress/wp-config.php(102): require_once('/wordpress/wp-s...')
#6 /wordpress/wp-load.php(50): require_once('/wordpress/wp-c...')
#7 /internal/eval.php(3): require_once('/wordpress/wp-l...')
#8 {main}
  thrown in /wordpress/wp-content/plugins/wpd-authorize-net-payment-gateway-for-woocommerce/includes/payment-gateway.php on line 20
[23-Jun-2025 05:56:48 UTC] PHP Notice:  Function _load_textdomain_just_in_time was called <strong>incorrectly</strong>. Translation loading for the <code>wpm-news-api</code> domain was triggered too early. This is usually an indicator for some code in the plugin or theme running too early. Translations should be loaded at the <code>init</code> action or later. Please see <a href="https://developer.wordpress.org/advanced-administration/debug/debug-wordpress/">Debugging in WordPress</a> for more information. (This message was added in version 6.7.0.) in /wordpress/wp-includes/functions.php on line 6121
[23-Jun-2025 05:56:58 UTC] PHP Notice:  Function _load_textdomain_just_in_time was called <strong>incorrectly</strong>. Translation loading for the <code>wpm-news-api</code> domain was triggered too early. This is usually an indicator for some code in the plugin or theme running too early. Translations should be loaded at the <code>init</code> action or later. Please see <a href="https://developer.wordpress.org/advanced-administration/debug/debug-wordpress/">Debugging in WordPress</a> for more information. (This message was added in version 6.7.0.) in /wordpress/wp-includes/functions.php on line 6121
[23-Jun-2025 05:57:06 UTC] PHP Notice:  Function _load_textdomain_just_in_time was called <strong>incorrectly</strong>. Translation loading for the <code>wpm-news-api</code> domain was triggered too early. This is usually an indicator for some code in the plugin or theme running too early. Translations should be loaded at the <code>init</code> action or later. Please see <a href="https://developer.wordpress.org/advanced-administration/debug/debug-wordpress/">Debugging in WordPress</a> for more information. (This message was added in version 6.7.0.) in /wordpress/wp-includes/functions.php on line 6121
[23-Jun-2025 05:57:39 UTC] PHP Notice:  Function _load_textdomain_just_in_time was called <strong>incorrectly</strong>. Translation loading for the <code>woocommerce</code> domain was triggered too early. This is usually an indicator for some code in the plugin or theme running too early. Translations should be loaded at the <code>init</code> action or later. Please see <a href="https://developer.wordpress.org/advanced-administration/debug/debug-wordpress/">Debugging in WordPress</a> for more information. (This message was added in version 6.7.0.) in /wordpress/wp-includes/functions.php on line 6121
[23-Jun-2025 05:58:19 UTC] PHP Notice:  Function _load_textdomain_just_in_time was called <strong>incorrectly</strong>. Translation loading for the <code>woocommerce</code> domain was triggered too early. This is usually an indicator for some code in the plugin or theme running too early. Translations should be loaded at the <code>init</code> action or later. Please see <a href="https://developer.wordpress.org/advanced-administration/debug/debug-wordpress/">Debugging in WordPress</a> for more information. (This message was added in version 6.7.0.) in /wordpress/wp-includes/functions.php on line 6121
[23-Jun-2025 05:59:00 UTC] PHP Notice:  Function _load_textdomain_just_in_time was called <strong>incorrectly</strong>. Translation loading for the <code>woocommerce</code> domain was triggered too early. This is usually an indicator for some code in the plugin or theme running too early. Translations should be loaded at the <code>init</code> action or later. Please see <a href="https://developer.wordpress.org/advanced-administration/debug/debug-wordpress/">Debugging in WordPress</a> for more information. (This message was added in version 6.7.0.) in /wordpress/wp-includes/functions.php on line 6121
[23-Jun-2025 06:00:38 UTC] PHP Warning:  openssl_pkey_export(): Cannot get key from parameter 1 in /wordpress/wp-content/plugins/wp-jcryption/wp-jcryption.php on line 240
[23-Jun-2025 06:00:38 UTC] PHP Fatal error:  Uncaught TypeError: openssl_pkey_get_details(): Argument #1 ($key) must be of type OpenSSLAsymmetricKey, bool given in /wordpress/wp-content/plugins/wp-jcryption/wp-jcryption.php:242
Stack trace:
#0 /wordpress/wp-content/plugins/wp-jcryption/wp-jcryption.php(242): openssl_pkey_get_details(false)
#1 /wordpress/wp-content/plugins/wp-jcryption/wp-jcryption.php(129): wp_jcryption_generate_keys()
#2 /wordpress/wp-includes/class-wp-hook.php(324): wp_jcryption_install(false)
#3 /wordpress/wp-includes/class-wp-hook.php(348): WP_Hook->apply_filters('', Array)
#4 /wordpress/wp-includes/plugin.php(517): WP_Hook->do_action(Array)
#5 /wordpress/wp-admin/includes/plugin.php(703): do_action('activate_wp-jcr...', false)
#6 /internal/eval.php(20): activate_plugin('wp-jcryption/wp...')
#7 {main}
  thrown in /wordpress/wp-content/plugins/wp-jcryption/wp-jcryption.php on line 242
[23-Jun-2025 06:00:47 UTC] PHP Warning:  openssl_pkey_export(): Cannot get key from parameter 1 in /wordpress/wp-content/plugins/wp-jcryption/wp-jcryption.php on line 240
[23-Jun-2025 06:00:47 UTC] PHP Fatal error:  Uncaught TypeError: openssl_pkey_get_details(): Argument #1 ($key) must be of type OpenSSLAsymmetricKey, bool given in /wordpress/wp-content/plugins/wp-jcryption/wp-jcryption.php:242
Stack trace:
#0 /wordpress/wp-content/plugins/wp-jcryption/wp-jcryption.php(242): openssl_pkey_get_details(false)
#1 /wordpress/wp-content/plugins/wp-jcryption/wp-jcryption.php(129): wp_jcryption_generate_keys()
#2 /wordpress/wp-includes/class-wp-hook.php(324): wp_jcryption_install(false)
#3 /wordpress/wp-includes/class-wp-hook.php(348): WP_Hook->apply_filters('', Array)
#4 /wordpress/wp-includes/plugin.php(517): WP_Hook->do_action(Array)
#5 /wordpress/wp-admin/includes/plugin.php(703): do_action('activate_wp-jcr...', false)
#6 /internal/eval.php(20): activate_plugin('wp-jcryption/wp...')
#7 {main}
  thrown in /wordpress/wp-content/plugins/wp-jcryption/wp-jcryption.php on line 242
[23-Jun-2025 06:00:55 UTC] PHP Warning:  openssl_pkey_export(): Cannot get key from parameter 1 in /wordpress/wp-content/plugins/wp-jcryption/wp-jcryption.php on line 240
[23-Jun-2025 06:00:55 UTC] PHP Fatal error:  Uncaught TypeError: openssl_pkey_get_details(): Argument #1 ($key) must be of type OpenSSLAsymmetricKey, bool given in /wordpress/wp-content/plugins/wp-jcryption/wp-jcryption.php:242
Stack trace:
#0 /wordpress/wp-content/plugins/wp-jcryption/wp-jcryption.php(242): openssl_pkey_get_details(false)
#1 /wordpress/wp-content/plugins/wp-jcryption/wp-jcryption.php(129): wp_jcryption_generate_keys()
#2 /wordpress/wp-includes/class-wp-hook.php(324): wp_jcryption_install(false)
#3 /wordpress/wp-includes/class-wp-hook.php(348): WP_Hook->apply_filters('', Array)
#4 /wordpress/wp-includes/plugin.php(517): WP_Hook->do_action(Array)
#5 /wordpress/wp-admin/includes/plugin.php(703): do_action('activate_wp-jcr...', false)
#6 /internal/eval.php(20): activate_plugin('wp-jcryption/wp...')
#7 {main}
  thrown in /wordpress/wp-content/plugins/wp-jcryption/wp-jcryption.php on line 242
[23-Jun-2025 06:01:28 UTC] PHP Fatal error:  Uncaught Error: Class "WC_Payment_Gateway" not found in /wordpress/wp-content/plugins/woo-payment-gateway-verotel-cardbilling/functions.php:32
Stack trace:
#0 /wordpress/wp-includes/class-wp-hook.php(324): init_CardBilling('')
#1 /wordpress/wp-includes/class-wp-hook.php(348): WP_Hook->apply_filters(NULL, Array)
#2 /wordpress/wp-includes/plugin.php(517): WP_Hook->do_action(Array)
#3 /wordpress/wp-settings.php(578): do_action('plugins_loaded')
#4 /wordpress/wp-config.php(102): require_once('/wordpress/wp-s...')
#5 /wordpress/wp-load.php(50): require_once('/wordpress/wp-c...')
#6 /internal/eval.php(3): require_once('/wordpress/wp-l...')
#7 {main}
  thrown in /wordpress/wp-content/plugins/woo-payment-gateway-verotel-cardbilling/functions.php on line 32
[23-Jun-2025 06:01:38 UTC] PHP Fatal error:  Uncaught Error: Class "WC_Payment_Gateway" not found in /wordpress/wp-content/plugins/woo-payment-gateway-verotel-cardbilling/functions.php:32
Stack trace:
#0 /wordpress/wp-includes/class-wp-hook.php(324): init_CardBilling('')
#1 /wordpress/wp-includes/class-wp-hook.php(348): WP_Hook->apply_filters(NULL, Array)
#2 /wordpress/wp-includes/plugin.php(517): WP_Hook->do_action(Array)
#3 /wordpress/wp-settings.php(578): do_action('plugins_loaded')
#4 /wordpress/wp-config.php(102): require_once('/wordpress/wp-s...')
#5 /wordpress/wp-load.php(50): require_once('/wordpress/wp-c...')
#6 /internal/eval.php(3): require_once('/wordpress/wp-l...')
#7 {main}
  thrown in /wordpress/wp-content/plugins/woo-payment-gateway-verotel-cardbilling/functions.php on line 32
[23-Jun-2025 06:01:47 UTC] PHP Fatal error:  Uncaught Error: Class "WC_Payment_Gateway" not found in /wordpress/wp-content/plugins/woo-payment-gateway-verotel-cardbilling/functions.php:32
Stack trace:
#0 /wordpress/wp-includes/class-wp-hook.php(324): init_CardBilling('')
#1 /wordpress/wp-includes/class-wp-hook.php(348): WP_Hook->apply_filters(NULL, Array)
#2 /wordpress/wp-includes/plugin.php(517): WP_Hook->do_action(Array)
#3 /wordpress/wp-settings.php(578): do_action('plugins_loaded')
#4 /wordpress/wp-config.php(102): require_once('/wordpress/wp-s...')
#5 /wordpress/wp-load.php(50): require_once('/wordpress/wp-c...')
#6 /internal/eval.php(3): require_once('/wordpress/wp-l...')
#7 {main}
  thrown in /wordpress/wp-content/plugins/woo-payment-gateway-verotel-cardbilling/functions.php on line 32

    at Object.onBind (file:///home/runner/work/playground-tester/playground-tester/node_modules/@wp-playground/cli/run-cli-j-geJYS3.js:325:15)
    at process.processTicksAndRejections (node:internal/process/task_queues:105:5)
    at async re (file:///home/runner/work/playground-tester/playground-tester/node_modules/@wp-playground/cli/run-cli-j-geJYS3.js:149:10) {
  [cause]: Error: Error when executing the blueprint step #1 ({"step":"installPlugin","pluginData":{"resource":"wordpress.org/plugins","slug":"woo-payment-gateway-verotel-cardbilling"},"options":{"activate":true}}) : PHP.run() failed with exit code 255 and the following output: 
      at Object.run (file:///home/runner/work/playground-tester/playground-tester/node_modules/@wp-playground/blueprints/index.js:12093:19)
      at process.processTicksAndRejections (node:internal/process/task_queues:105:5)
      at async ys (file:///home/runner/work/playground-tester/playground-tester/node_modules/@wp-playground/blueprints/index.js:12196:3)
      at async Object.onBind (file:///home/runner/work/playground-tester/playground-tester/node_modules/@wp-playground/cli/run-cli-j-geJYS3.js:315:48)
      at async re (file:///home/runner/work/playground-tester/playground-tester/node_modules/@wp-playground/cli/run-cli-j-geJYS3.js:149:10) {
    [cause]: PHPExecutionFailureError: PHP.run() failed with exit code 255 and the following output: 
        at PHP.run (file:///home/runner/work/playground-tester/playground-tester/node_modules/@php-wasm/universal/index.js:1034:19)
        at process.processTicksAndRejections (node:internal/process/task_queues:105:5)
        at async wr (file:///home/runner/work/playground-tester/playground-tester/node_modules/@wp-playground/blueprints/index.js:74:13)
        at async Object.gt [as installPlugin] (file:///home/runner/work/playground-tester/playground-tester/node_modules/@wp-playground/blueprints/index.js:631:42)
        at async g (file:///home/runner/work/playground-tester/playground-tester/node_modules/@wp-playground/blueprints/index.js:12161:30)
        at async Object.run (file:///home/runner/work/playground-tester/playground-tester/node_modules/@wp-playground/blueprints/index.js:12090:23)
        at async ys (file:///home/runner/work/playground-tester/playground-tester/node_modules/@wp-playground/blueprints/index.js:12196:3)
        at async Object.onBind (file:///home/runner/work/playground-tester/playground-tester/node_modules/@wp-playground/cli/run-cli-j-geJYS3.js:315:48)
        at async re (file:///home/runner/work/playground-tester/playground-tester/node_modules/@wp-playground/cli/run-cli-j-geJYS3.js:149:10) {
      response: PHPResponse {
        httpStatusCode: 500,
        headers: {
          'x-powered-by': [ 'PHP/8.0.30-dev' ],
          'content-type': [ 'text/html; charset=UTF-8' ],
          expires: [ 'Wed, 11 Jan 1984 05:00:00 GMT' ],
          'cache-control': [ 'no-cache, must-revalidate, max-age=0, no-store, private' ]
        },
        bytes: Uint8Array(2653) [
           60,  33,  68,  79,  67,  84,  89,  80,  69,  32, 104, 116,
          109, 108,  62,  10,  60, 104, 116, 109, 108,  32, 108,  97,
          110, 103,  61,  34, 101, 110,  45,  85,  83,  34,  62,  10,
           60, 104, 101,  97, 100,  62,  10,   9,  60, 109, 101, 116,
           97,  32, 104, 116, 116, 112,  45, 101, 113, 117, 105, 118,
           61,  34,  67, 111, 110, 116, 101, 110, 116,  45,  84, 121,
          112, 101,  34,  32,  99, 111, 110, 116, 101, 110, 116,  61,
           34, 116, 101, 120, 116,  47, 104, 116, 109, 108,  59,  32,
           99, 104,  97, 114,
          ... 2553 more items
        ],
        exitCode: 255,
        errors: ''
      },
      source: 'request'
    }
  }
}

Node.js v23.11.0
