file:///home/runner/work/playground-tester/playground-tester/node_modules/@wp-playground/cli/run-cli-j-geJYS3.js:325
        throw new Error($, { cause: h });
              ^

Error: [01-Jul-2025 11:02:59 UTC] PHP Deprecated:  Required parameter $field_id follows optional parameter $type in /wordpress/wp-content/plugins/nice-accordion/library/metabox/includes/rest-api/CMB2_REST.php on line 693
[01-Jul-2025 11:03:02 UTC] PHP Deprecated:  Required parameter $field_id follows optional parameter $type in /wordpress/wp-content/plugins/nice-accordion/library/metabox/includes/rest-api/CMB2_REST.php on line 693
[01-Jul-2025 11:03:05 UTC] PHP Deprecated:  Required parameter $field_id follows optional parameter $type in /wordpress/wp-content/plugins/nice-accordion/library/metabox/includes/rest-api/CMB2_REST.php on line 693
[01-Jul-2025 11:05:28 UTC] PHP Warning:  Trying to access array offset on value of type bool in /wordpress/wp-content/plugins/presseportal/options.php on line 46
[01-Jul-2025 11:05:34 UTC] PHP Warning:  Trying to access array offset on value of type bool in /wordpress/wp-content/plugins/presseportal/options.php on line 46
[01-Jul-2025 11:05:42 UTC] PHP Warning:  Trying to access array offset on value of type bool in /wordpress/wp-content/plugins/presseportal/options.php on line 46
[01-Jul-2025 11:08:27 UTC] WordPress database error <div style="clear:both">&nbsp;</div>
<div class="queries" style="clear:both;margin-bottom:2px;border:red dotted thin;">
<p>MySQL query:</p>
<p>CREATE INDEX ajx_search_title_idx ON wp_woo_ajax_search(post_title);</p>
<p>Queries made or created this session were:</p>
<ol>
<li>Executing: BEGIN IMMEDIATE | (no parameters)</li>
<li>Executing: ROLLBACK | (no parameters)</li>
</ol>
</div>
<div style="clear:both;margin-bottom:2px;border:red dotted thin;" class="error_message" style="border-bottom:dotted blue thin;">
MySQL query not supported. Cause: statement type: "createStatement" > "createIndex"
</div>
<p>Backtrace:</p>
<pre>#0 /internal/shared/sqlite-database-integration/wp-includes/sqlite-ast/class-wp-sqlite-driver.php(887): WP_SQLite_Driver->new_not_supported_exception('statement type:...')
#1 /internal/shared/sqlite-database-integration/wp-includes/sqlite-ast/class-wp-sqlite-driver.php(669): WP_SQLite_Driver->execute_mysql_query(Object(WP_Parser_Node))
#2 /internal/shared/sqlite-database-integration/wp-includes/sqlite/class-wp-sqlite-db.php(491): WP_SQLite_Driver->query('CREATE INDEX aj...')
#3 /internal/shared/sqlite-database-integration/wp-includes/sqlite/class-wp-sqlite-db.php(432): WP_SQLite_DB->_do_query('CREATE INDEX aj...')
#4 /wordpress/wp-content/plugins/product-search-for-woocommerce/includes/AjaxSearchDatabase.php(225): WP_SQLite_DB->query('CREATE INDEX aj...')
#5 /wordpress/wp-content/plugins/product-search-for-woocommerce/product-search-for-woocommerce.php(80): StorePlugin\WcProductSearch\AjaxSearchDatabase->create_database()
#6 /wordpress/wp-includes/class-wp-hook.php(324): AJAX_SEARCH_INIT::activate(false)
#7 /wordpress/wp-includes/class-wp-hook.php(348): WP_Hook->apply_filters('', Array)
#8 /wordpress/wp-includes/plugin.php(517): WP_Hook->do_action(Array)
#9 /wordpress/wp-admin/includes/plugin.php(703): do_action('activate_produc...', false)
#10 /internal/eval.php(20): activate_plugin('product-search-...')
#11 {main}</pre>
 for query CREATE INDEX ajx_search_title_idx ON wp_woo_ajax_search(post_title); made by activate_plugin, do_action('activate_product-search-for-woocommerce/product-search-for-woocommerce.php'), WP_Hook->do_action, WP_Hook->apply_filters, AJAX_SEARCH_INIT::activate, StorePlugin\WcProductSearch\AjaxSearchDatabase->create_database, WP_SQLite_DB->query, WP_SQLite_DB->print_error
[01-Jul-2025 11:08:30 UTC] WordPress database error <div style="clear:both">&nbsp;</div>
<div class="queries" style="clear:both;margin-bottom:2px;border:red dotted thin;">
<p>MySQL query:</p>
<p>CREATE INDEX ajx_search_title_idx ON wp_woo_ajax_search(post_title);</p>
<p>Queries made or created this session were:</p>
<ol>
<li>Executing: BEGIN IMMEDIATE | (no parameters)</li>
<li>Executing: ROLLBACK | (no parameters)</li>
</ol>
</div>
<div style="clear:both;margin-bottom:2px;border:red dotted thin;" class="error_message" style="border-bottom:dotted blue thin;">
MySQL query not supported. Cause: statement type: "createStatement" > "createIndex"
</div>
<p>Backtrace:</p>
<pre>#0 /internal/shared/sqlite-database-integration/wp-includes/sqlite-ast/class-wp-sqlite-driver.php(887): WP_SQLite_Driver->new_not_supported_exception('statement type:...')
#1 /internal/shared/sqlite-database-integration/wp-includes/sqlite-ast/class-wp-sqlite-driver.php(669): WP_SQLite_Driver->execute_mysql_query(Object(WP_Parser_Node))
#2 /internal/shared/sqlite-database-integration/wp-includes/sqlite/class-wp-sqlite-db.php(491): WP_SQLite_Driver->query('CREATE INDEX aj...')
#3 /internal/shared/sqlite-database-integration/wp-includes/sqlite/class-wp-sqlite-db.php(432): WP_SQLite_DB->_do_query('CREATE INDEX aj...')
#4 /wordpress/wp-content/plugins/product-search-for-woocommerce/includes/AjaxSearchDatabase.php(225): WP_SQLite_DB->query('CREATE INDEX aj...')
#5 /wordpress/wp-content/plugins/product-search-for-woocommerce/product-search-for-woocommerce.php(80): StorePlugin\WcProductSearch\AjaxSearchDatabase->create_database()
#6 /wordpress/wp-includes/class-wp-hook.php(324): AJAX_SEARCH_INIT::activate(false)
#7 /wordpress/wp-includes/class-wp-hook.php(348): WP_Hook->apply_filters('', Array)
#8 /wordpress/wp-includes/plugin.php(517): WP_Hook->do_action(Array)
#9 /wordpress/wp-admin/includes/plugin.php(703): do_action('activate_produc...', false)
#10 /internal/eval.php(20): activate_plugin('product-search-...')
#11 {main}</pre>
 for query CREATE INDEX ajx_search_title_idx ON wp_woo_ajax_search(post_title); made by activate_plugin, do_action('activate_product-search-for-woocommerce/product-search-for-woocommerce.php'), WP_Hook->do_action, WP_Hook->apply_filters, AJAX_SEARCH_INIT::activate, StorePlugin\WcProductSearch\AjaxSearchDatabase->create_database, WP_SQLite_DB->query, WP_SQLite_DB->print_error
[01-Jul-2025 11:08:34 UTC] WordPress database error <div style="clear:both">&nbsp;</div>
<div class="queries" style="clear:both;margin-bottom:2px;border:red dotted thin;">
<p>MySQL query:</p>
<p>CREATE INDEX ajx_search_title_idx ON wp_woo_ajax_search(post_title);</p>
<p>Queries made or created this session were:</p>
<ol>
<li>Executing: BEGIN IMMEDIATE | (no parameters)</li>
<li>Executing: ROLLBACK | (no parameters)</li>
</ol>
</div>
<div style="clear:both;margin-bottom:2px;border:red dotted thin;" class="error_message" style="border-bottom:dotted blue thin;">
MySQL query not supported. Cause: statement type: "createStatement" > "createIndex"
</div>
<p>Backtrace:</p>
<pre>#0 /internal/shared/sqlite-database-integration/wp-includes/sqlite-ast/class-wp-sqlite-driver.php(887): WP_SQLite_Driver->new_not_supported_exception('statement type:...')
#1 /internal/shared/sqlite-database-integration/wp-includes/sqlite-ast/class-wp-sqlite-driver.php(669): WP_SQLite_Driver->execute_mysql_query(Object(WP_Parser_Node))
#2 /internal/shared/sqlite-database-integration/wp-includes/sqlite/class-wp-sqlite-db.php(491): WP_SQLite_Driver->query('CREATE INDEX aj...')
#3 /internal/shared/sqlite-database-integration/wp-includes/sqlite/class-wp-sqlite-db.php(432): WP_SQLite_DB->_do_query('CREATE INDEX aj...')
#4 /wordpress/wp-content/plugins/product-search-for-woocommerce/includes/AjaxSearchDatabase.php(225): WP_SQLite_DB->query('CREATE INDEX aj...')
#5 /wordpress/wp-content/plugins/product-search-for-woocommerce/product-search-for-woocommerce.php(80): StorePlugin\WcProductSearch\AjaxSearchDatabase->create_database()
#6 /wordpress/wp-includes/class-wp-hook.php(324): AJAX_SEARCH_INIT::activate(false)
#7 /wordpress/wp-includes/class-wp-hook.php(348): WP_Hook->apply_filters('', Array)
#8 /wordpress/wp-includes/plugin.php(517): WP_Hook->do_action(Array)
#9 /wordpress/wp-admin/includes/plugin.php(703): do_action('activate_produc...', false)
#10 /internal/eval.php(20): activate_plugin('product-search-...')
#11 {main}</pre>
 for query CREATE INDEX ajx_search_title_idx ON wp_woo_ajax_search(post_title); made by activate_plugin, do_action('activate_product-search-for-woocommerce/product-search-for-woocommerce.php'), WP_Hook->do_action, WP_Hook->apply_filters, AJAX_SEARCH_INIT::activate, StorePlugin\WcProductSearch\AjaxSearchDatabase->create_database, WP_SQLite_DB->query, WP_SQLite_DB->print_error
[01-Jul-2025 11:09:19 UTC] PHP Notice:  Function _load_textdomain_just_in_time was called <strong>incorrectly</strong>. Translation loading for the <code>publish-your-table</code> domain was triggered too early. This is usually an indicator for some code in the plugin or theme running too early. Translations should be loaded at the <code>init</code> action or later. Please see <a href="https://developer.wordpress.org/advanced-administration/debug/debug-wordpress/">Debugging in WordPress</a> for more information. (This message was added in version 6.7.0.) in /wordpress/wp-includes/functions.php on line 6121
[01-Jul-2025 11:09:23 UTC] PHP Notice:  Function _load_textdomain_just_in_time was called <strong>incorrectly</strong>. Translation loading for the <code>publish-your-table</code> domain was triggered too early. This is usually an indicator for some code in the plugin or theme running too early. Translations should be loaded at the <code>init</code> action or later. Please see <a href="https://developer.wordpress.org/advanced-administration/debug/debug-wordpress/">Debugging in WordPress</a> for more information. (This message was added in version 6.7.0.) in /wordpress/wp-includes/functions.php on line 6121
[01-Jul-2025 11:09:27 UTC] PHP Notice:  Function _load_textdomain_just_in_time was called <strong>incorrectly</strong>. Translation loading for the <code>publish-your-table</code> domain was triggered too early. This is usually an indicator for some code in the plugin or theme running too early. Translations should be loaded at the <code>init</code> action or later. Please see <a href="https://developer.wordpress.org/advanced-administration/debug/debug-wordpress/">Debugging in WordPress</a> for more information. (This message was added in version 6.7.0.) in /wordpress/wp-includes/functions.php on line 6121
[01-Jul-2025 11:10:31 UTC] PHP Fatal error:  Uncaught Error: Undefined constant "gzinflate" in /wordpress/wp-content/plugins/nhl-news-scroll/extlib/Snoopy.class.inc:426
Stack trace:
#0 /wordpress/wp-content/plugins/nhl-news-scroll/extlib/Snoopy.class.inc(152): AutoBlogSnoopy->_httprequest('/nhl_news_scrol...', Resource id #628, 'http://www.ibet...', 'GET')
#1 /wordpress/wp-content/plugins/nhl-news-scroll/rss_fetch.inc(277): AutoBlogSnoopy->fetch('http://www.ibet...')
#2 /wordpress/wp-content/plugins/nhl-news-scroll/rss_fetch.inc(99): _nhls_fetch_remote_file('http://www.ibet...')
#3 /wordpress/wp-content/plugins/nhl-news-scroll/nhl-news-scroll.php(60): nhls_fetch_rss('http://www.ibet...')
#4 /wordpress/wp-includes/class-wp-hook.php(324): nhls_stats_install(false)
#5 /wordpress/wp-includes/class-wp-hook.php(348): WP_Hook->apply_filters('', Array)
#6 /wordpress/wp-includes/plugin.php(517): WP_Hook->do_action(Array)
#7 /wordpress/wp-admin/includes/plugin.php(703): do_action('activate_nhl-ne...', false)
#8 /internal/eval.php(20): activate_plugin('nhl-news-scroll...')
#9 {main}
  thrown in /wordpress/wp-content/plugins/nhl-news-scroll/extlib/Snoopy.class.inc on line 426
[01-Jul-2025 11:10:35 UTC] PHP Fatal error:  Uncaught Error: Undefined constant "gzinflate" in /wordpress/wp-content/plugins/nhl-news-scroll/extlib/Snoopy.class.inc:426
Stack trace:
#0 /wordpress/wp-content/plugins/nhl-news-scroll/extlib/Snoopy.class.inc(152): AutoBlogSnoopy->_httprequest('/nhl_news_scrol...', Resource id #528, 'http://www.ibet...', 'GET')
#1 /wordpress/wp-content/plugins/nhl-news-scroll/rss_fetch.inc(277): AutoBlogSnoopy->fetch('http://www.ibet...')
#2 /wordpress/wp-content/plugins/nhl-news-scroll/rss_fetch.inc(99): _nhls_fetch_remote_file('http://www.ibet...')
#3 /wordpress/wp-content/plugins/nhl-news-scroll/nhl-news-scroll.php(60): nhls_fetch_rss('http://www.ibet...')
#4 /wordpress/wp-includes/class-wp-hook.php(324): nhls_stats_install(false)
#5 /wordpress/wp-includes/class-wp-hook.php(348): WP_Hook->apply_filters('', Array)
#6 /wordpress/wp-includes/plugin.php(517): WP_Hook->do_action(Array)
#7 /wordpress/wp-admin/includes/plugin.php(703): do_action('activate_nhl-ne...', false)
#8 /internal/eval.php(20): activate_plugin('nhl-news-scroll...')
#9 {main}
  thrown in /wordpress/wp-content/plugins/nhl-news-scroll/extlib/Snoopy.class.inc on line 426

    at Object.onBind (file:///home/runner/work/playground-tester/playground-tester/node_modules/@wp-playground/cli/run-cli-j-geJYS3.js:325:15)
    at process.processTicksAndRejections (node:internal/process/task_queues:105:5)
    at async re (file:///home/runner/work/playground-tester/playground-tester/node_modules/@wp-playground/cli/run-cli-j-geJYS3.js:149:10) {
  [cause]: Error: Error when executing the blueprint step #1 ({"step":"installPlugin","pluginData":{"resource":"wordpress.org/plugins","slug":"nhl-news-scroll"},"options":{"activate":true}}) : PHP.run() failed with exit code 255 and the following output: 
      at Object.run (file:///home/runner/work/playground-tester/playground-tester/node_modules/@wp-playground/blueprints/index.js:12093:19)
      at process.processTicksAndRejections (node:internal/process/task_queues:105:5)
      at async ys (file:///home/runner/work/playground-tester/playground-tester/node_modules/@wp-playground/blueprints/index.js:12196:3)
      at async Object.onBind (file:///home/runner/work/playground-tester/playground-tester/node_modules/@wp-playground/cli/run-cli-j-geJYS3.js:315:48)
      at async re (file:///home/runner/work/playground-tester/playground-tester/node_modules/@wp-playground/cli/run-cli-j-geJYS3.js:149:10) {
    [cause]: PHPExecutionFailureError: PHP.run() failed with exit code 255 and the following output: 
        at PHP.run (file:///home/runner/work/playground-tester/playground-tester/node_modules/@php-wasm/universal/index.js:1034:19)
        at process.processTicksAndRejections (node:internal/process/task_queues:105:5)
        at async wr (file:///home/runner/work/playground-tester/playground-tester/node_modules/@wp-playground/blueprints/index.js:34:39)
        at async Object.gt [as installPlugin] (file:///home/runner/work/playground-tester/playground-tester/node_modules/@wp-playground/blueprints/index.js:631:42)
        at async g (file:///home/runner/work/playground-tester/playground-tester/node_modules/@wp-playground/blueprints/index.js:12161:30)
        at async Object.run (file:///home/runner/work/playground-tester/playground-tester/node_modules/@wp-playground/blueprints/index.js:12090:23)
        at async ys (file:///home/runner/work/playground-tester/playground-tester/node_modules/@wp-playground/blueprints/index.js:12196:3)
        at async Object.onBind (file:///home/runner/work/playground-tester/playground-tester/node_modules/@wp-playground/cli/run-cli-j-geJYS3.js:315:48)
        at async re (file:///home/runner/work/playground-tester/playground-tester/node_modules/@wp-playground/cli/run-cli-j-geJYS3.js:149:10) {
      response: PHPResponse {
        httpStatusCode: 500,
        headers: {
          'x-powered-by': [ 'PHP/8.0.30-dev' ],
          'content-type': [ 'text/html; charset=UTF-8' ]
        },
        bytes: Uint8Array(0) [],
        exitCode: 255,
        errors: ''
      },
      source: 'request'
    }
  }
}

Node.js v23.11.0
