file:///home/runner/work/playground-tester/playground-tester/node_modules/@wp-playground/cli/index.js:237
        throw new Error(y, { cause: u });
              ^

Error: [08-May-2025 13:38:57 UTC] PHP Fatal error:  Uncaught Error: Class "WC_Payment_Gateway" not found in /wordpress/wp-content/plugins/tosspay/WC_TossPay.php:2
Stack trace:
#0 /wordpress/wp-content/plugins/tosspay/index.php(14): include_once()
#1 /wordpress/wp-includes/class-wp-hook.php(324): init_tossPay_gateway_class('')
#2 /wordpress/wp-includes/class-wp-hook.php(348): WP_Hook->apply_filters(NULL, Array)
#3 /wordpress/wp-includes/plugin.php(517): WP_Hook->do_action(Array)
#4 /wordpress/wp-settings.php(578): do_action('plugins_loaded')
#5 /wordpress/wp-config.php(102): require_once('/wordpress/wp-s...')
#6 /wordpress/wp-load.php(50): require_once('/wordpress/wp-c...')
#7 /internal/eval.php(3): require_once('/wordpress/wp-l...')
#8 {main}
  thrown in /wordpress/wp-content/plugins/tosspay/WC_TossPay.php on line 2
[08-May-2025 13:39:06 UTC] PHP Fatal error:  Uncaught Error: Class "WC_Payment_Gateway" not found in /wordpress/wp-content/plugins/tosspay/WC_TossPay.php:2
Stack trace:
#0 /wordpress/wp-content/plugins/tosspay/index.php(14): include_once()
#1 /wordpress/wp-includes/class-wp-hook.php(324): init_tossPay_gateway_class('')
#2 /wordpress/wp-includes/class-wp-hook.php(348): WP_Hook->apply_filters(NULL, Array)
#3 /wordpress/wp-includes/plugin.php(517): WP_Hook->do_action(Array)
#4 /wordpress/wp-settings.php(578): do_action('plugins_loaded')
#5 /wordpress/wp-config.php(102): require_once('/wordpress/wp-s...')
#6 /wordpress/wp-load.php(50): require_once('/wordpress/wp-c...')
#7 /internal/eval.php(3): require_once('/wordpress/wp-l...')
#8 {main}
  thrown in /wordpress/wp-content/plugins/tosspay/WC_TossPay.php on line 2
[08-May-2025 13:39:14 UTC] PHP Fatal error:  Uncaught Error: Class "WC_Payment_Gateway" not found in /wordpress/wp-content/plugins/tosspay/WC_TossPay.php:2
Stack trace:
#0 /wordpress/wp-content/plugins/tosspay/index.php(14): include_once()
#1 /wordpress/wp-includes/class-wp-hook.php(324): init_tossPay_gateway_class('')
#2 /wordpress/wp-includes/class-wp-hook.php(348): WP_Hook->apply_filters(NULL, Array)
#3 /wordpress/wp-includes/plugin.php(517): WP_Hook->do_action(Array)
#4 /wordpress/wp-settings.php(578): do_action('plugins_loaded')
#5 /wordpress/wp-config.php(102): require_once('/wordpress/wp-s...')
#6 /wordpress/wp-load.php(50): require_once('/wordpress/wp-c...')
#7 /internal/eval.php(3): require_once('/wordpress/wp-l...')
#8 {main}
  thrown in /wordpress/wp-content/plugins/tosspay/WC_TossPay.php on line 2
[08-May-2025 13:39:23 UTC] PHP Parse error:  syntax error, unexpected ')', expecting variable (T_VARIABLE) in /wordpress/wp-content/plugins/totej-price-history/class-totejpricehistoryplugin.php on line 62
[08-May-2025 13:39:30 UTC] PHP Parse error:  syntax error, unexpected ')', expecting variable (T_VARIABLE) in /wordpress/wp-content/plugins/totej-price-history/class-totejpricehistoryplugin.php on line 62
[08-May-2025 13:39:38 UTC] PHP Parse error:  syntax error, unexpected ')', expecting variable (T_VARIABLE) in /wordpress/wp-content/plugins/totej-price-history/class-totejpricehistoryplugin.php on line 62
[08-May-2025 13:39:51 UTC] PHP Warning:  Undefined variable $ip_address in /wordpress/wp-content/plugins/tournamatch/includes/classes/class-tournamatch-online-users.php on line 133
[08-May-2025 13:40:02 UTC] PHP Warning:  Undefined variable $ip_address in /wordpress/wp-content/plugins/tournamatch/includes/classes/class-tournamatch-online-users.php on line 133
[08-May-2025 13:40:13 UTC] PHP Warning:  Undefined variable $ip_address in /wordpress/wp-content/plugins/tournamatch/includes/classes/class-tournamatch-online-users.php on line 133
[08-May-2025 13:40:22 UTC] PHP Notice:  Function add_shortcode was called <strong>incorrectly</strong>. Invalid shortcode name: Your Distance. Do not use spaces or reserved characters: &amp; /  [ ] = Please see <a href="https://developer.wordpress.org/advanced-administration/debug/debug-wordpress/">Debugging in WordPress</a> for more information. (This message was added in version 4.4.0.) in /wordpress/wp-includes/functions.php on line 6121
[08-May-2025 13:40:23 UTC] PHP Notice:  Function add_shortcode was called <strong>incorrectly</strong>. Invalid shortcode name: Your Distance. Do not use spaces or reserved characters: &amp; /  [ ] = Please see <a href="https://developer.wordpress.org/advanced-administration/debug/debug-wordpress/">Debugging in WordPress</a> for more information. (This message was added in version 4.4.0.) in /wordpress/wp-includes/functions.php on line 6121
[08-May-2025 13:40:31 UTC] PHP Notice:  Function add_shortcode was called <strong>incorrectly</strong>. Invalid shortcode name: Your Distance. Do not use spaces or reserved characters: &amp; /  [ ] = Please see <a href="https://developer.wordpress.org/advanced-administration/debug/debug-wordpress/">Debugging in WordPress</a> for more information. (This message was added in version 4.4.0.) in /wordpress/wp-includes/functions.php on line 6121
[08-May-2025 13:40:32 UTC] PHP Notice:  Function add_shortcode was called <strong>incorrectly</strong>. Invalid shortcode name: Your Distance. Do not use spaces or reserved characters: &amp; /  [ ] = Please see <a href="https://developer.wordpress.org/advanced-administration/debug/debug-wordpress/">Debugging in WordPress</a> for more information. (This message was added in version 4.4.0.) in /wordpress/wp-includes/functions.php on line 6121
[08-May-2025 13:40:40 UTC] PHP Notice:  Function add_shortcode was called <strong>incorrectly</strong>. Invalid shortcode name: Your Distance. Do not use spaces or reserved characters: &amp; /  [ ] = Please see <a href="https://developer.wordpress.org/advanced-administration/debug/debug-wordpress/">Debugging in WordPress</a> for more information. (This message was added in version 4.4.0.) in /wordpress/wp-includes/functions.php on line 6121
[08-May-2025 13:40:41 UTC] PHP Notice:  Function add_shortcode was called <strong>incorrectly</strong>. Invalid shortcode name: Your Distance. Do not use spaces or reserved characters: &amp; /  [ ] = Please see <a href="https://developer.wordpress.org/advanced-administration/debug/debug-wordpress/">Debugging in WordPress</a> for more information. (This message was added in version 4.4.0.) in /wordpress/wp-includes/functions.php on line 6121
[08-May-2025 13:40:52 UTC] PHP Deprecated:  Function register_sidebar_widget is <strong>deprecated</strong> since version 2.8.0! Use wp_register_sidebar_widget() instead. in /wordpress/wp-includes/functions.php on line 6121
[08-May-2025 13:40:52 UTC] PHP Deprecated:  Function register_widget_control is <strong>deprecated</strong> since version 2.8.0! Use wp_register_widget_control() instead. in /wordpress/wp-includes/functions.php on line 6121
[08-May-2025 13:41:00 UTC] PHP Deprecated:  Function register_sidebar_widget is <strong>deprecated</strong> since version 2.8.0! Use wp_register_sidebar_widget() instead. in /wordpress/wp-includes/functions.php on line 6121
[08-May-2025 13:41:00 UTC] PHP Deprecated:  Function register_widget_control is <strong>deprecated</strong> since version 2.8.0! Use wp_register_widget_control() instead. in /wordpress/wp-includes/functions.php on line 6121
[08-May-2025 13:41:09 UTC] PHP Deprecated:  Function register_sidebar_widget is <strong>deprecated</strong> since version 2.8.0! Use wp_register_sidebar_widget() instead. in /wordpress/wp-includes/functions.php on line 6121
[08-May-2025 13:41:09 UTC] PHP Deprecated:  Function register_widget_control is <strong>deprecated</strong> since version 2.8.0! Use wp_register_widget_control() instead. in /wordpress/wp-includes/functions.php on line 6121
[08-May-2025 13:42:57 UTC] PHP Warning:  Undefined array key "verification" in /wordpress/wp-content/plugins/tradebit-download-shop/tradebit-shop.php on line 282
[08-May-2025 13:42:58 UTC] PHP Warning:  Undefined array key "verification" in /wordpress/wp-content/plugins/tradebit-download-shop/tradebit-shop.php on line 282
[08-May-2025 13:42:58 UTC] PHP Notice:  Function wp_register_script was called <strong>incorrectly</strong>. Scripts and styles should not be registered or enqueued until the <code>wp_enqueue_scripts</code>, <code>admin_enqueue_scripts</code>, or <code>login_enqueue_scripts</code> hooks. This notice was triggered by the <code>myfloating</code> handle. Please see <a href="https://developer.wordpress.org/advanced-administration/debug/debug-wordpress/">Debugging in WordPress</a> for more information. (This message was added in version 3.3.0.) in /wordpress/wp-includes/functions.php on line 6121
[08-May-2025 13:42:58 UTC] PHP Notice:  Function wp_register_style was called <strong>incorrectly</strong>. Scripts and styles should not be registered or enqueued until the <code>wp_enqueue_scripts</code>, <code>admin_enqueue_scripts</code>, or <code>login_enqueue_scripts</code> hooks. This notice was triggered by the <code>myfloatingstyle</code> handle. Please see <a href="https://developer.wordpress.org/advanced-administration/debug/debug-wordpress/">Debugging in WordPress</a> for more information. (This message was added in version 3.3.0.) in /wordpress/wp-includes/functions.php on line 6121
[08-May-2025 13:42:58 UTC] PHP Notice:  Function is_feed was called <strong>incorrectly</strong>. Conditional query tags do not work before the query is run. Before then, they always return false. Please see <a href="https://developer.wordpress.org/advanced-administration/debug/debug-wordpress/">Debugging in WordPress</a> for more information. (This message was added in version 3.1.0.) in /wordpress/wp-includes/functions.php on line 6121
[08-May-2025 13:42:58 UTC] PHP Notice:  Function wp_enqueue_script was called <strong>incorrectly</strong>. Scripts and styles should not be registered or enqueued until the <code>wp_enqueue_scripts</code>, <code>admin_enqueue_scripts</code>, or <code>login_enqueue_scripts</code> hooks. This notice was triggered by the <code>myfloating</code> handle. Please see <a href="https://developer.wordpress.org/advanced-administration/debug/debug-wordpress/">Debugging in WordPress</a> for more information. (This message was added in version 3.3.0.) in /wordpress/wp-includes/functions.php on line 6121
[08-May-2025 13:42:58 UTC] PHP Notice:  Function wp_enqueue_style was called <strong>incorrectly</strong>. Scripts and styles should not be registered or enqueued until the <code>wp_enqueue_scripts</code>, <code>admin_enqueue_scripts</code>, or <code>login_enqueue_scripts</code> hooks. This notice was triggered by the <code>myfloatingstyle</code> handle. Please see <a href="https://developer.wordpress.org/advanced-administration/debug/debug-wordpress/">Debugging in WordPress</a> for more information. (This message was added in version 3.3.0.) in /wordpress/wp-includes/functions.php on line 6121
[08-May-2025 13:42:58 UTC] PHP Deprecated:  Function register_sidebar_widget is <strong>deprecated</strong> since version 2.8.0! Use wp_register_sidebar_widget() instead. in /wordpress/wp-includes/functions.php on line 6121
[08-May-2025 13:43:06 UTC] PHP Warning:  Undefined array key "verification" in /wordpress/wp-content/plugins/tradebit-download-shop/tradebit-shop.php on line 282
[08-May-2025 13:43:06 UTC] PHP Warning:  Undefined array key "verification" in /wordpress/wp-content/plugins/tradebit-download-shop/tradebit-shop.php on line 282
[08-May-2025 13:43:06 UTC] PHP Notice:  Function wp_register_script was called <strong>incorrectly</strong>. Scripts and styles should not be registered or enqueued until the <code>wp_enqueue_scripts</code>, <code>admin_enqueue_scripts</code>, or <code>login_enqueue_scripts</code> hooks. This notice was triggered by the <code>myfloating</code> handle. Please see <a href="https://developer.wordpress.org/advanced-administration/debug/debug-wordpress/">Debugging in WordPress</a> for more information. (This message was added in version 3.3.0.) in /wordpress/wp-includes/functions.php on line 6121
[08-May-2025 13:43:06 UTC] PHP Notice:  Function wp_register_style was called <strong>incorrectly</strong>. Scripts and styles should not be registered or enqueued until the <code>wp_enqueue_scripts</code>, <code>admin_enqueue_scripts</code>, or <code>login_enqueue_scripts</code> hooks. This notice was triggered by the <code>myfloatingstyle</code> handle. Please see <a href="https://developer.wordpress.org/advanced-administration/debug/debug-wordpress/">Debugging in WordPress</a> for more information. (This message was added in version 3.3.0.) in /wordpress/wp-includes/functions.php on line 6121
[08-May-2025 13:43:06 UTC] PHP Notice:  Function is_feed was called <strong>incorrectly</strong>. Conditional query tags do not work before the query is run. Before then, they always return false. Please see <a href="https://developer.wordpress.org/advanced-administration/debug/debug-wordpress/">Debugging in WordPress</a> for more information. (This message was added in version 3.1.0.) in /wordpress/wp-includes/functions.php on line 6121
[08-May-2025 13:43:06 UTC] PHP Notice:  Function wp_enqueue_script was called <strong>incorrectly</strong>. Scripts and styles should not be registered or enqueued until the <code>wp_enqueue_scripts</code>, <code>admin_enqueue_scripts</code>, or <code>login_enqueue_scripts</code> hooks. This notice was triggered by the <code>myfloating</code> handle. Please see <a href="https://developer.wordpress.org/advanced-administration/debug/debug-wordpress/">Debugging in WordPress</a> for more information. (This message was added in version 3.3.0.) in /wordpress/wp-includes/functions.php on line 6121
[08-May-2025 13:43:06 UTC] PHP Notice:  Function wp_enqueue_style was called <strong>incorrectly</strong>. Scripts and styles should not be registered or enqueued until the <code>wp_enqueue_scripts</code>, <code>admin_enqueue_scripts</code>, or <code>login_enqueue_scripts</code> hooks. This notice was triggered by the <code>myfloatingstyle</code> handle. Please see <a href="https://developer.wordpress.org/advanced-administration/debug/debug-wordpress/">Debugging in WordPress</a> for more information. (This message was added in version 3.3.0.) in /wordpress/wp-includes/functions.php on line 6121
[08-May-2025 13:43:06 UTC] PHP Deprecated:  Function register_sidebar_widget is <strong>deprecated</strong> since version 2.8.0! Use wp_register_sidebar_widget() instead. in /wordpress/wp-includes/functions.php on line 6121
[08-May-2025 13:43:14 UTC] PHP Warning:  Undefined array key "verification" in /wordpress/wp-content/plugins/tradebit-download-shop/tradebit-shop.php on line 282
[08-May-2025 13:43:15 UTC] PHP Warning:  Undefined array key "verification" in /wordpress/wp-content/plugins/tradebit-download-shop/tradebit-shop.php on line 282
[08-May-2025 13:43:15 UTC] PHP Notice:  Function wp_register_script was called <strong>incorrectly</strong>. Scripts and styles should not be registered or enqueued until the <code>wp_enqueue_scripts</code>, <code>admin_enqueue_scripts</code>, or <code>login_enqueue_scripts</code> hooks. This notice was triggered by the <code>myfloating</code> handle. Please see <a href="https://developer.wordpress.org/advanced-administration/debug/debug-wordpress/">Debugging in WordPress</a> for more information. (This message was added in version 3.3.0.) in /wordpress/wp-includes/functions.php on line 6121
[08-May-2025 13:43:15 UTC] PHP Notice:  Function wp_register_style was called <strong>incorrectly</strong>. Scripts and styles should not be registered or enqueued until the <code>wp_enqueue_scripts</code>, <code>admin_enqueue_scripts</code>, or <code>login_enqueue_scripts</code> hooks. This notice was triggered by the <code>myfloatingstyle</code> handle. Please see <a href="https://developer.wordpress.org/advanced-administration/debug/debug-wordpress/">Debugging in WordPress</a> for more information. (This message was added in version 3.3.0.) in /wordpress/wp-includes/functions.php on line 6121
[08-May-2025 13:43:15 UTC] PHP Notice:  Function is_feed was called <strong>incorrectly</strong>. Conditional query tags do not work before the query is run. Before then, they always return false. Please see <a href="https://developer.wordpress.org/advanced-administration/debug/debug-wordpress/">Debugging in WordPress</a> for more information. (This message was added in version 3.1.0.) in /wordpress/wp-includes/functions.php on line 6121
[08-May-2025 13:43:15 UTC] PHP Notice:  Function wp_enqueue_script was called <strong>incorrectly</strong>. Scripts and styles should not be registered or enqueued until the <code>wp_enqueue_scripts</code>, <code>admin_enqueue_scripts</code>, or <code>login_enqueue_scripts</code> hooks. This notice was triggered by the <code>myfloating</code> handle. Please see <a href="https://developer.wordpress.org/advanced-administration/debug/debug-wordpress/">Debugging in WordPress</a> for more information. (This message was added in version 3.3.0.) in /wordpress/wp-includes/functions.php on line 6121
[08-May-2025 13:43:15 UTC] PHP Notice:  Function wp_enqueue_style was called <strong>incorrectly</strong>. Scripts and styles should not be registered or enqueued until the <code>wp_enqueue_scripts</code>, <code>admin_enqueue_scripts</code>, or <code>login_enqueue_scripts</code> hooks. This notice was triggered by the <code>myfloatingstyle</code> handle. Please see <a href="https://developer.wordpress.org/advanced-administration/debug/debug-wordpress/">Debugging in WordPress</a> for more information. (This message was added in version 3.3.0.) in /wordpress/wp-includes/functions.php on line 6121
[08-May-2025 13:43:15 UTC] PHP Deprecated:  Function register_sidebar_widget is <strong>deprecated</strong> since version 2.8.0! Use wp_register_sidebar_widget() instead. in /wordpress/wp-includes/functions.php on line 6121
[08-May-2025 13:43:49 UTC] PHP Fatal error:  Uncaught Error: Call to undefined function create_function() in /wordpress/wp-content/plugins/trainingstagebuch/trainingstagebuch.php:500
Stack trace:
#0 /wordpress/wp-admin/includes/plugin.php(2387): include_once()
#1 /wordpress/wp-admin/includes/plugin.php(673): plugin_sandbox_scrape('trainingstagebu...')
#2 /internal/eval.php(20): activate_plugin('trainingstagebu...')
#3 {main}
  thrown in /wordpress/wp-content/plugins/trainingstagebuch/trainingstagebuch.php on line 500
[08-May-2025 13:43:57 UTC] PHP Fatal error:  Uncaught Error: Call to undefined function create_function() in /wordpress/wp-content/plugins/trainingstagebuch/trainingstagebuch.php:500
Stack trace:
#0 /wordpress/wp-admin/includes/plugin.php(2387): include_once()
#1 /wordpress/wp-admin/includes/plugin.php(673): plugin_sandbox_scrape('trainingstagebu...')
#2 /internal/eval.php(20): activate_plugin('trainingstagebu...')
#3 {main}
  thrown in /wordpress/wp-content/plugins/trainingstagebuch/trainingstagebuch.php on line 500
[08-May-2025 13:44:05 UTC] PHP Fatal error:  Uncaught Error: Call to undefined function create_function() in /wordpress/wp-content/plugins/trainingstagebuch/trainingstagebuch.php:500
Stack trace:
#0 /wordpress/wp-admin/includes/plugin.php(2387): include_once()
#1 /wordpress/wp-admin/includes/plugin.php(673): plugin_sandbox_scrape('trainingstagebu...')
#2 /internal/eval.php(20): activate_plugin('trainingstagebu...')
#3 {main}
  thrown in /wordpress/wp-content/plugins/trainingstagebuch/trainingstagebuch.php on line 500
[08-May-2025 13:44:13 UTC] PHP Fatal error:  Uncaught Error: Class "WC_Payment_Gateway" not found in /wordpress/wp-content/plugins/transferencia-bancaria-peru/rt_transfer_payment.php:12
Stack trace:
#0 /wordpress/wp-includes/class-wp-hook.php(324): rt_transfer_peru_init_gateway_class('')
#1 /wordpress/wp-includes/class-wp-hook.php(348): WP_Hook->apply_filters(NULL, Array)
#2 /wordpress/wp-includes/plugin.php(517): WP_Hook->do_action(Array)
#3 /wordpress/wp-settings.php(578): do_action('plugins_loaded')
#4 /wordpress/wp-config.php(102): require_once('/wordpress/wp-s...')
#5 /wordpress/wp-load.php(50): require_once('/wordpress/wp-c...')
#6 /internal/eval.php(3): require_once('/wordpress/wp-l...')
#7 {main}
  thrown in /wordpress/wp-content/plugins/transferencia-bancaria-peru/rt_transfer_payment.php on line 12
[08-May-2025 13:44:22 UTC] PHP Fatal error:  Uncaught Error: Class "WC_Payment_Gateway" not found in /wordpress/wp-content/plugins/transferencia-bancaria-peru/rt_transfer_payment.php:12
Stack trace:
#0 /wordpress/wp-includes/class-wp-hook.php(324): rt_transfer_peru_init_gateway_class('')
#1 /wordpress/wp-includes/class-wp-hook.php(348): WP_Hook->apply_filters(NULL, Array)
#2 /wordpress/wp-includes/plugin.php(517): WP_Hook->do_action(Array)
#3 /wordpress/wp-settings.php(578): do_action('plugins_loaded')
#4 /wordpress/wp-config.php(102): require_once('/wordpress/wp-s...')
#5 /wordpress/wp-load.php(50): require_once('/wordpress/wp-c...')
#6 /internal/eval.php(3): require_once('/wordpress/wp-l...')
#7 {main}
  thrown in /wordpress/wp-content/plugins/transferencia-bancaria-peru/rt_transfer_payment.php on line 12
[08-May-2025 13:44:30 UTC] PHP Fatal error:  Uncaught Error: Class "WC_Payment_Gateway" not found in /wordpress/wp-content/plugins/transferencia-bancaria-peru/rt_transfer_payment.php:12
Stack trace:
#0 /wordpress/wp-includes/class-wp-hook.php(324): rt_transfer_peru_init_gateway_class('')
#1 /wordpress/wp-includes/class-wp-hook.php(348): WP_Hook->apply_filters(NULL, Array)
#2 /wordpress/wp-includes/plugin.php(517): WP_Hook->do_action(Array)
#3 /wordpress/wp-settings.php(578): do_action('plugins_loaded')
#4 /wordpress/wp-config.php(102): require_once('/wordpress/wp-s...')
#5 /wordpress/wp-load.php(50): require_once('/wordpress/wp-c...')
#6 /internal/eval.php(3): require_once('/wordpress/wp-l...')
#7 {main}
  thrown in /wordpress/wp-content/plugins/transferencia-bancaria-peru/rt_transfer_payment.php on line 12
[08-May-2025 13:46:04 UTC] PHP Deprecated:  Function register_sidebar_widget is <strong>deprecated</strong> since version 2.8.0! Use wp_register_sidebar_widget() instead. in /wordpress/wp-includes/functions.php on line 6121
[08-May-2025 13:46:04 UTC] PHP Deprecated:  Function register_widget_control is <strong>deprecated</strong> since version 2.8.0! Use wp_register_widget_control() instead. in /wordpress/wp-includes/functions.php on line 6121
[08-May-2025 13:46:12 UTC] PHP Deprecated:  Function register_sidebar_widget is <strong>deprecated</strong> since version 2.8.0! Use wp_register_sidebar_widget() instead. in /wordpress/wp-includes/functions.php on line 6121
[08-May-2025 13:46:12 UTC] PHP Deprecated:  Function register_widget_control is <strong>deprecated</strong> since version 2.8.0! Use wp_register_widget_control() instead. in /wordpress/wp-includes/functions.php on line 6121
[08-May-2025 13:46:21 UTC] PHP Deprecated:  Function register_sidebar_widget is <strong>deprecated</strong> since version 2.8.0! Use wp_register_sidebar_widget() instead. in /wordpress/wp-includes/functions.php on line 6121
[08-May-2025 13:46:21 UTC] PHP Deprecated:  Function register_widget_control is <strong>deprecated</strong> since version 2.8.0! Use wp_register_widget_control() instead. in /wordpress/wp-includes/functions.php on line 6121
[08-May-2025 13:46:32 UTC] PHP Deprecated:  Function register_sidebar_widget is <strong>deprecated</strong> since version 2.8.0! Use wp_register_sidebar_widget() instead. in /wordpress/wp-includes/functions.php on line 6121
[08-May-2025 13:46:32 UTC] PHP Deprecated:  Function register_widget_control is <strong>deprecated</strong> since version 2.8.0! Use wp_register_widget_control() instead. in /wordpress/wp-includes/functions.php on line 6121
[08-May-2025 13:46:41 UTC] PHP Deprecated:  Function register_sidebar_widget is <strong>deprecated</strong> since version 2.8.0! Use wp_register_sidebar_widget() instead. in /wordpress/wp-includes/functions.php on line 6121
[08-May-2025 13:46:41 UTC] PHP Deprecated:  Function register_widget_control is <strong>deprecated</strong> since version 2.8.0! Use wp_register_widget_control() instead. in /wordpress/wp-includes/functions.php on line 6121
[08-May-2025 13:46:50 UTC] PHP Deprecated:  Function register_sidebar_widget is <strong>deprecated</strong> since version 2.8.0! Use wp_register_sidebar_widget() instead. in /wordpress/wp-includes/functions.php on line 6121
[08-May-2025 13:46:50 UTC] PHP Deprecated:  Function register_widget_control is <strong>deprecated</strong> since version 2.8.0! Use wp_register_widget_control() instead. in /wordpress/wp-includes/functions.php on line 6121
[08-May-2025 13:47:28 UTC] PHP Deprecated:  WP_SQLite_Information_Schema_Exception::__construct(): Implicitly marking parameter $previous as nullable is deprecated, the explicit nullable type must be used instead in /internal/shared/sqlite-database-integration/wp-includes/sqlite-ast/class-wp-sqlite-information-schema-exception.php on line 37
[08-May-2025 13:47:30 UTC] PHP Deprecated:  WP_SQLite_Information_Schema_Exception::__construct(): Implicitly marking parameter $previous as nullable is deprecated, the explicit nullable type must be used instead in /internal/shared/sqlite-database-integration/wp-includes/sqlite-ast/class-wp-sqlite-information-schema-exception.php on line 37
[08-May-2025 13:47:31 UTC] PHP Deprecated:  WP_SQLite_Information_Schema_Exception::__construct(): Implicitly marking parameter $previous as nullable is deprecated, the explicit nullable type must be used instead in /internal/shared/sqlite-database-integration/wp-includes/sqlite-ast/class-wp-sqlite-information-schema-exception.php on line 37
[08-May-2025 13:49:02 UTC] PHP Fatal error:  Uncaught Error: Non-static method travelmap::init() cannot be called statically in /wordpress/wp-content/plugins/travelmap/travelmap.php:27
Stack trace:
#0 /wordpress/wp-admin/includes/plugin.php(2387): include_once()
#1 /wordpress/wp-admin/includes/plugin.php(673): plugin_sandbox_scrape('travelmap/trave...')
#2 /internal/eval.php(20): activate_plugin('travelmap/trave...')
#3 {main}
  thrown in /wordpress/wp-content/plugins/travelmap/travelmap.php on line 27

    at Object.onBind (file:///home/runner/work/playground-tester/playground-tester/node_modules/@wp-playground/cli/index.js:237:15)
    at process.processTicksAndRejections (node:internal/process/task_queues:105:5)
    at async V (file:///home/runner/work/playground-tester/playground-tester/node_modules/@wp-playground/cli/index.js:64:10)
    at async ja (file:///home/runner/work/playground-tester/playground-tester/node_modules/@wp-playground/cli/cli.js:8161:12) {
  [cause]: Error: Error when executing the blueprint step #5 ({"step":"installPlugin","pluginData":{"resource":"wordpress.org/plugins","slug":"travelmap"},"options":{"activate":true}}) : PHP.run() failed with exit code 255 and the following output: 
      at Object.run (file:///home/runner/work/playground-tester/playground-tester/node_modules/@wp-playground/blueprints/index.js:12449:19)
      at process.processTicksAndRejections (node:internal/process/task_queues:105:5)
      at async ms (file:///home/runner/work/playground-tester/playground-tester/node_modules/@wp-playground/blueprints/index.js:12552:3)
      ... 2 lines matching cause stack trace ...
      at async ja (file:///home/runner/work/playground-tester/playground-tester/node_modules/@wp-playground/cli/cli.js:8161:12) {
    [cause]: PHPExecutionFailureError: PHP.run() failed with exit code 255 and the following output: 
        at PHP.run (file:///home/runner/work/playground-tester/playground-tester/node_modules/@php-wasm/universal/index.js:987:19)
        at process.processTicksAndRejections (node:internal/process/task_queues:105:5)
        at async wr (file:///home/runner/work/playground-tester/playground-tester/node_modules/@wp-playground/blueprints/index.js:33:39)
        at async Object.gt [as installPlugin] (file:///home/runner/work/playground-tester/playground-tester/node_modules/@wp-playground/blueprints/index.js:974:42)
        at async g (file:///home/runner/work/playground-tester/playground-tester/node_modules/@wp-playground/blueprints/index.js:12517:30)
        at async Object.run (file:///home/runner/work/playground-tester/playground-tester/node_modules/@wp-playground/blueprints/index.js:12446:23)
        at async ms (file:///home/runner/work/playground-tester/playground-tester/node_modules/@wp-playground/blueprints/index.js:12552:3)
        at async Object.onBind (file:///home/runner/work/playground-tester/playground-tester/node_modules/@wp-playground/cli/index.js:227:48)
        at async V (file:///home/runner/work/playground-tester/playground-tester/node_modules/@wp-playground/cli/index.js:64:10)
        at async ja (file:///home/runner/work/playground-tester/playground-tester/node_modules/@wp-playground/cli/cli.js:8161:12) {
      response: PHPResponse {
        httpStatusCode: 500,
        headers: {
          'x-powered-by': [ 'PHP/8.0.30-dev' ],
          'content-type': [ 'text/html; charset=UTF-8' ]
        },
        bytes: Uint8Array(0) [],
        exitCode: 255,
        errors: ''
      },
      source: 'request'
    }
  }
}

Node.js v23.11.0
