file:///home/runner/work/playground-tester/playground-tester/node_modules/@wp-playground/cli/run-cli-j-geJYS3.js:325
        throw new Error($, { cause: h });
              ^

Error: [18-Jun-2025 20:52:53 UTC] PHP Warning:  foreach() argument must be of type array|object, null given in /wordpress/wp-content/plugins/minimeta-widget/app/functions.php on line 38
[18-Jun-2025 20:52:53 UTC] PHP Warning:  Undefined variable $adminlinks in /wordpress/wp-content/plugins/minimeta-widget/app/functions.php on line 86
[18-Jun-2025 20:52:54 UTC] PHP Deprecated:  Function has_cap was called with an argument that is <strong>deprecated</strong> since version 2.0.0! Usage of user levels is deprecated. Use capabilities instead. in /wordpress/wp-includes/functions.php on line 6121
[18-Jun-2025 20:52:54 UTC] PHP Deprecated:  Required parameter $args follows optional parameter $optionsetname in /wordpress/wp-content/plugins/minimeta-widget/app/widget-display.php on line 14
[18-Jun-2025 20:52:55 UTC] PHP Fatal error:  Uncaught TypeError: call_user_func_array(): Argument #1 ($callback) must be a valid callback, non-static method WP_Widget_MiniMeta::register() cannot be called statically in /wordpress/wp-includes/class-wp-hook.php:324
Stack trace:
#0 /wordpress/wp-includes/class-wp-hook.php(348): WP_Hook->apply_filters(NULL, Array)
#1 /wordpress/wp-includes/plugin.php(517): WP_Hook->do_action(Array)
#2 /wordpress/wp-includes/widgets.php(1870): do_action('widgets_init')
#3 /wordpress/wp-includes/class-wp-hook.php(324): wp_widgets_init('')
#4 /wordpress/wp-includes/class-wp-hook.php(348): WP_Hook->apply_filters(NULL, Array)
#5 /wordpress/wp-includes/plugin.php(517): WP_Hook->do_action(Array)
#6 /wordpress/wp-settings.php(727): do_action('init')
#7 /wordpress/wp-config.php(102): require_once('/wordpress/wp-s...')
#8 /wordpress/wp-load.php(50): require_once('/wordpress/wp-c...')
#9 /internal/eval.php(3): require_once('/wordpress/wp-l...')
#10 {main}
  thrown in /wordpress/wp-includes/class-wp-hook.php on line 324
[18-Jun-2025 20:53:04 UTC] PHP Warning:  foreach() argument must be of type array|object, null given in /wordpress/wp-content/plugins/minimeta-widget/app/functions.php on line 38
[18-Jun-2025 20:53:04 UTC] PHP Warning:  Undefined variable $adminlinks in /wordpress/wp-content/plugins/minimeta-widget/app/functions.php on line 86
[18-Jun-2025 20:53:05 UTC] PHP Deprecated:  Function has_cap was called with an argument that is <strong>deprecated</strong> since version 2.0.0! Usage of user levels is deprecated. Use capabilities instead. in /wordpress/wp-includes/functions.php on line 6121
[18-Jun-2025 20:53:05 UTC] PHP Deprecated:  Required parameter $args follows optional parameter $optionsetname in /wordpress/wp-content/plugins/minimeta-widget/app/widget-display.php on line 14
[18-Jun-2025 20:53:05 UTC] PHP Fatal error:  Uncaught TypeError: call_user_func_array(): Argument #1 ($callback) must be a valid callback, non-static method WP_Widget_MiniMeta::register() cannot be called statically in /wordpress/wp-includes/class-wp-hook.php:324
Stack trace:
#0 /wordpress/wp-includes/class-wp-hook.php(348): WP_Hook->apply_filters(NULL, Array)
#1 /wordpress/wp-includes/plugin.php(517): WP_Hook->do_action(Array)
#2 /wordpress/wp-includes/widgets.php(1870): do_action('widgets_init')
#3 /wordpress/wp-includes/class-wp-hook.php(324): wp_widgets_init('')
#4 /wordpress/wp-includes/class-wp-hook.php(348): WP_Hook->apply_filters(NULL, Array)
#5 /wordpress/wp-includes/plugin.php(517): WP_Hook->do_action(Array)
#6 /wordpress/wp-settings.php(727): do_action('init')
#7 /wordpress/wp-config.php(102): require_once('/wordpress/wp-s...')
#8 /wordpress/wp-load.php(50): require_once('/wordpress/wp-c...')
#9 /internal/eval.php(3): require_once('/wordpress/wp-l...')
#10 {main}
  thrown in /wordpress/wp-includes/class-wp-hook.php on line 324
[18-Jun-2025 20:53:14 UTC] PHP Warning:  foreach() argument must be of type array|object, null given in /wordpress/wp-content/plugins/minimeta-widget/app/functions.php on line 38
[18-Jun-2025 20:53:14 UTC] PHP Warning:  Undefined variable $adminlinks in /wordpress/wp-content/plugins/minimeta-widget/app/functions.php on line 86
[18-Jun-2025 20:53:14 UTC] PHP Deprecated:  Function has_cap was called with an argument that is <strong>deprecated</strong> since version 2.0.0! Usage of user levels is deprecated. Use capabilities instead. in /wordpress/wp-includes/functions.php on line 6121
[18-Jun-2025 20:53:14 UTC] PHP Deprecated:  Required parameter $args follows optional parameter $optionsetname in /wordpress/wp-content/plugins/minimeta-widget/app/widget-display.php on line 14
[18-Jun-2025 20:53:15 UTC] PHP Fatal error:  Uncaught TypeError: call_user_func_array(): Argument #1 ($callback) must be a valid callback, non-static method WP_Widget_MiniMeta::register() cannot be called statically in /wordpress/wp-includes/class-wp-hook.php:324
Stack trace:
#0 /wordpress/wp-includes/class-wp-hook.php(348): WP_Hook->apply_filters(NULL, Array)
#1 /wordpress/wp-includes/plugin.php(517): WP_Hook->do_action(Array)
#2 /wordpress/wp-includes/widgets.php(1870): do_action('widgets_init')
#3 /wordpress/wp-includes/class-wp-hook.php(324): wp_widgets_init('')
#4 /wordpress/wp-includes/class-wp-hook.php(348): WP_Hook->apply_filters(NULL, Array)
#5 /wordpress/wp-includes/plugin.php(517): WP_Hook->do_action(Array)
#6 /wordpress/wp-settings.php(727): do_action('init')
#7 /wordpress/wp-config.php(102): require_once('/wordpress/wp-s...')
#8 /wordpress/wp-load.php(50): require_once('/wordpress/wp-c...')
#9 /internal/eval.php(3): require_once('/wordpress/wp-l...')
#10 {main}
  thrown in /wordpress/wp-includes/class-wp-hook.php on line 324
[18-Jun-2025 20:54:28 UTC] PHP Deprecated:  Required parameter $idNumber follows optional parameter $shelf in /wordpress/wp-content/plugins/my-google-books-library/my-google-books-library.php on line 58
[18-Jun-2025 20:54:28 UTC] PHP Fatal error:  Uncaught Error: Call to undefined function create_function() in /wordpress/wp-content/plugins/my-google-books-library/my-google-books-library.php:34
Stack trace:
#0 /wordpress/wp-admin/includes/plugin.php(2387): include_once()
#1 /wordpress/wp-admin/includes/plugin.php(673): plugin_sandbox_scrape('my-google-books...')
#2 /internal/eval.php(20): activate_plugin('my-google-books...')
#3 {main}
  thrown in /wordpress/wp-content/plugins/my-google-books-library/my-google-books-library.php on line 34
[18-Jun-2025 20:54:37 UTC] PHP Deprecated:  Required parameter $idNumber follows optional parameter $shelf in /wordpress/wp-content/plugins/my-google-books-library/my-google-books-library.php on line 58
[18-Jun-2025 20:54:37 UTC] PHP Fatal error:  Uncaught Error: Call to undefined function create_function() in /wordpress/wp-content/plugins/my-google-books-library/my-google-books-library.php:34
Stack trace:
#0 /wordpress/wp-admin/includes/plugin.php(2387): include_once()
#1 /wordpress/wp-admin/includes/plugin.php(673): plugin_sandbox_scrape('my-google-books...')
#2 /internal/eval.php(20): activate_plugin('my-google-books...')
#3 {main}
  thrown in /wordpress/wp-content/plugins/my-google-books-library/my-google-books-library.php on line 34
[18-Jun-2025 20:54:45 UTC] PHP Deprecated:  Required parameter $idNumber follows optional parameter $shelf in /wordpress/wp-content/plugins/my-google-books-library/my-google-books-library.php on line 58
[18-Jun-2025 20:54:45 UTC] PHP Fatal error:  Uncaught Error: Call to undefined function create_function() in /wordpress/wp-content/plugins/my-google-books-library/my-google-books-library.php:34
Stack trace:
#0 /wordpress/wp-admin/includes/plugin.php(2387): include_once()
#1 /wordpress/wp-admin/includes/plugin.php(673): plugin_sandbox_scrape('my-google-books...')
#2 /internal/eval.php(20): activate_plugin('my-google-books...')
#3 {main}
  thrown in /wordpress/wp-content/plugins/my-google-books-library/my-google-books-library.php on line 34
[18-Jun-2025 20:55:56 UTC] PHP Notice:  Function _load_textdomain_just_in_time was called <strong>incorrectly</strong>. Translation loading for the <code>mif-bpc</code> domain was triggered too early. This is usually an indicator for some code in the plugin or theme running too early. Translations should be loaded at the <code>init</code> action or later. Please see <a href="https://developer.wordpress.org/advanced-administration/debug/debug-wordpress/">Debugging in WordPress</a> for more information. (This message was added in version 6.7.0.) in /wordpress/wp-includes/functions.php on line 6121
[18-Jun-2025 20:56:07 UTC] PHP Notice:  Function _load_textdomain_just_in_time was called <strong>incorrectly</strong>. Translation loading for the <code>mif-bpc</code> domain was triggered too early. This is usually an indicator for some code in the plugin or theme running too early. Translations should be loaded at the <code>init</code> action or later. Please see <a href="https://developer.wordpress.org/advanced-administration/debug/debug-wordpress/">Debugging in WordPress</a> for more information. (This message was added in version 6.7.0.) in /wordpress/wp-includes/functions.php on line 6121
[18-Jun-2025 20:56:17 UTC] PHP Notice:  Function _load_textdomain_just_in_time was called <strong>incorrectly</strong>. Translation loading for the <code>mif-bpc</code> domain was triggered too early. This is usually an indicator for some code in the plugin or theme running too early. Translations should be loaded at the <code>init</code> action or later. Please see <a href="https://developer.wordpress.org/advanced-administration/debug/debug-wordpress/">Debugging in WordPress</a> for more information. (This message was added in version 6.7.0.) in /wordpress/wp-includes/functions.php on line 6121
[18-Jun-2025 20:56:49 UTC] PHP Deprecated:  Required parameter $path follows optional parameter $data in /wordpress/wp-content/plugins/mind-maps/lolita/helpers/view.php on line 13
[18-Jun-2025 20:56:49 UTC] PHP Warning:  Undefined array key 0 in /wordpress/wp-includes/plugin.php on line 1001
[18-Jun-2025 20:56:49 UTC] PHP Warning:  Undefined array key 0 in /wordpress/wp-includes/plugin.php on line 1004
[18-Jun-2025 20:56:49 UTC] PHP Warning:  Undefined array key 0 in /wordpress/wp-includes/plugin.php on line 1001
[18-Jun-2025 20:56:49 UTC] PHP Warning:  Undefined array key 0 in /wordpress/wp-includes/plugin.php on line 1004
[18-Jun-2025 20:56:49 UTC] PHP Warning:  Undefined array key 0 in /wordpress/wp-includes/plugin.php on line 1001
[18-Jun-2025 20:56:49 UTC] PHP Warning:  Undefined array key 0 in /wordpress/wp-includes/plugin.php on line 1004
[18-Jun-2025 20:56:49 UTC] PHP Warning:  Undefined array key 0 in /wordpress/wp-includes/plugin.php on line 1001
[18-Jun-2025 20:56:49 UTC] PHP Warning:  Undefined array key 0 in /wordpress/wp-includes/plugin.php on line 1004
[18-Jun-2025 20:56:49 UTC] PHP Warning:  Undefined array key 0 in /wordpress/wp-includes/plugin.php on line 1001
[18-Jun-2025 20:56:49 UTC] PHP Warning:  Undefined array key 0 in /wordpress/wp-includes/plugin.php on line 1004
[18-Jun-2025 20:56:49 UTC] PHP Warning:  Undefined array key 0 in /wordpress/wp-includes/plugin.php on line 1001
[18-Jun-2025 20:56:49 UTC] PHP Warning:  Undefined array key 0 in /wordpress/wp-includes/plugin.php on line 1004
[18-Jun-2025 20:56:49 UTC] PHP Warning:  Undefined array key 0 in /wordpress/wp-includes/plugin.php on line 1001
[18-Jun-2025 20:56:49 UTC] PHP Warning:  Undefined array key 0 in /wordpress/wp-includes/plugin.php on line 1004
[18-Jun-2025 20:56:49 UTC] PHP Warning:  Undefined array key 0 in /wordpress/wp-includes/plugin.php on line 1001
[18-Jun-2025 20:56:49 UTC] PHP Warning:  Undefined array key 0 in /wordpress/wp-includes/plugin.php on line 1004
[18-Jun-2025 20:56:49 UTC] PHP Warning:  Undefined array key 0 in /wordpress/wp-includes/plugin.php on line 1001
[18-Jun-2025 20:56:49 UTC] PHP Warning:  Undefined array key 0 in /wordpress/wp-includes/plugin.php on line 1004
[18-Jun-2025 20:56:49 UTC] PHP Warning:  Undefined array key 0 in /wordpress/wp-includes/plugin.php on line 1001
[18-Jun-2025 20:56:49 UTC] PHP Warning:  Undefined array key 0 in /wordpress/wp-includes/plugin.php on line 1004
[18-Jun-2025 20:56:49 UTC] PHP Deprecated:  Required parameter $path follows optional parameter $data in /wordpress/wp-content/plugins/mind-maps/app/src/misc/chore.php on line 151
[18-Jun-2025 20:56:50 UTC] PHP Deprecated:  Required parameter $path follows optional parameter $data in /wordpress/wp-content/plugins/mind-maps/lolita/helpers/view.php on line 13
[18-Jun-2025 20:56:50 UTC] PHP Warning:  Undefined array key 0 in /wordpress/wp-includes/plugin.php on line 1001
[18-Jun-2025 20:56:50 UTC] PHP Warning:  Undefined array key 0 in /wordpress/wp-includes/plugin.php on line 1004
[18-Jun-2025 20:56:50 UTC] PHP Warning:  Undefined array key 0 in /wordpress/wp-includes/plugin.php on line 1001
[18-Jun-2025 20:56:50 UTC] PHP Warning:  Undefined array key 0 in /wordpress/wp-includes/plugin.php on line 1004
[18-Jun-2025 20:56:50 UTC] PHP Warning:  Undefined array key 0 in /wordpress/wp-includes/plugin.php on line 1001
[18-Jun-2025 20:56:50 UTC] PHP Warning:  Undefined array key 0 in /wordpress/wp-includes/plugin.php on line 1004
[18-Jun-2025 20:56:50 UTC] PHP Warning:  Undefined array key 0 in /wordpress/wp-includes/plugin.php on line 1001
[18-Jun-2025 20:56:50 UTC] PHP Warning:  Undefined array key 0 in /wordpress/wp-includes/plugin.php on line 1004
[18-Jun-2025 20:56:50 UTC] PHP Warning:  Undefined array key 0 in /wordpress/wp-includes/plugin.php on line 1001
[18-Jun-2025 20:56:50 UTC] PHP Warning:  Undefined array key 0 in /wordpress/wp-includes/plugin.php on line 1004
[18-Jun-2025 20:56:50 UTC] PHP Warning:  Undefined array key 0 in /wordpress/wp-includes/plugin.php on line 1001
[18-Jun-2025 20:56:50 UTC] PHP Warning:  Undefined array key 0 in /wordpress/wp-includes/plugin.php on line 1004
[18-Jun-2025 20:56:50 UTC] PHP Warning:  Undefined array key 0 in /wordpress/wp-includes/plugin.php on line 1001
[18-Jun-2025 20:56:50 UTC] PHP Warning:  Undefined array key 0 in /wordpress/wp-includes/plugin.php on line 1004
[18-Jun-2025 20:56:50 UTC] PHP Warning:  Undefined array key 0 in /wordpress/wp-includes/plugin.php on line 1001
[18-Jun-2025 20:56:50 UTC] PHP Warning:  Undefined array key 0 in /wordpress/wp-includes/plugin.php on line 1004
[18-Jun-2025 20:56:50 UTC] PHP Warning:  Undefined array key 0 in /wordpress/wp-includes/plugin.php on line 1001
[18-Jun-2025 20:56:50 UTC] PHP Warning:  Undefined array key 0 in /wordpress/wp-includes/plugin.php on line 1004
[18-Jun-2025 20:56:50 UTC] PHP Warning:  Undefined array key 0 in /wordpress/wp-includes/plugin.php on line 1001
[18-Jun-2025 20:56:50 UTC] PHP Warning:  Undefined array key 0 in /wordpress/wp-includes/plugin.php on line 1004
[18-Jun-2025 20:56:50 UTC] PHP Deprecated:  Required parameter $path follows optional parameter $data in /wordpress/wp-content/plugins/mind-maps/app/src/misc/chore.php on line 151
[18-Jun-2025 20:56:59 UTC] PHP Deprecated:  Required parameter $path follows optional parameter $data in /wordpress/wp-content/plugins/mind-maps/lolita/helpers/view.php on line 13
[18-Jun-2025 20:56:59 UTC] PHP Warning:  Undefined array key 0 in /wordpress/wp-includes/plugin.php on line 1001
[18-Jun-2025 20:56:59 UTC] PHP Warning:  Undefined array key 0 in /wordpress/wp-includes/plugin.php on line 1004
[18-Jun-2025 20:56:59 UTC] PHP Warning:  Undefined array key 0 in /wordpress/wp-includes/plugin.php on line 1001
[18-Jun-2025 20:56:59 UTC] PHP Warning:  Undefined array key 0 in /wordpress/wp-includes/plugin.php on line 1004
[18-Jun-2025 20:56:59 UTC] PHP Warning:  Undefined array key 0 in /wordpress/wp-includes/plugin.php on line 1001
[18-Jun-2025 20:56:59 UTC] PHP Warning:  Undefined array key 0 in /wordpress/wp-includes/plugin.php on line 1004
[18-Jun-2025 20:56:59 UTC] PHP Warning:  Undefined array key 0 in /wordpress/wp-includes/plugin.php on line 1001
[18-Jun-2025 20:56:59 UTC] PHP Warning:  Undefined array key 0 in /wordpress/wp-includes/plugin.php on line 1004
[18-Jun-2025 20:56:59 UTC] PHP Warning:  Undefined array key 0 in /wordpress/wp-includes/plugin.php on line 1001
[18-Jun-2025 20:56:59 UTC] PHP Warning:  Undefined array key 0 in /wordpress/wp-includes/plugin.php on line 1004
[18-Jun-2025 20:56:59 UTC] PHP Warning:  Undefined array key 0 in /wordpress/wp-includes/plugin.php on line 1001
[18-Jun-2025 20:56:59 UTC] PHP Warning:  Undefined array key 0 in /wordpress/wp-includes/plugin.php on line 1004
[18-Jun-2025 20:56:59 UTC] PHP Warning:  Undefined array key 0 in /wordpress/wp-includes/plugin.php on line 1001
[18-Jun-2025 20:56:59 UTC] PHP Warning:  Undefined array key 0 in /wordpress/wp-includes/plugin.php on line 1004
[18-Jun-2025 20:56:59 UTC] PHP Warning:  Undefined array key 0 in /wordpress/wp-includes/plugin.php on line 1001
[18-Jun-2025 20:56:59 UTC] PHP Warning:  Undefined array key 0 in /wordpress/wp-includes/plugin.php on line 1004
[18-Jun-2025 20:56:59 UTC] PHP Warning:  Undefined array key 0 in /wordpress/wp-includes/plugin.php on line 1001
[18-Jun-2025 20:56:59 UTC] PHP Warning:  Undefined array key 0 in /wordpress/wp-includes/plugin.php on line 1004
[18-Jun-2025 20:56:59 UTC] PHP Warning:  Undefined array key 0 in /wordpress/wp-includes/plugin.php on line 1001
[18-Jun-2025 20:56:59 UTC] PHP Warning:  Undefined array key 0 in /wordpress/wp-includes/plugin.php on line 1004
[18-Jun-2025 20:56:59 UTC] PHP Deprecated:  Required parameter $path follows optional parameter $data in /wordpress/wp-content/plugins/mind-maps/app/src/misc/chore.php on line 151
[18-Jun-2025 20:57:00 UTC] PHP Deprecated:  Required parameter $path follows optional parameter $data in /wordpress/wp-content/plugins/mind-maps/lolita/helpers/view.php on line 13
[18-Jun-2025 20:57:00 UTC] PHP Warning:  Undefined array key 0 in /wordpress/wp-includes/plugin.php on line 1001
[18-Jun-2025 20:57:00 UTC] PHP Warning:  Undefined array key 0 in /wordpress/wp-includes/plugin.php on line 1004
[18-Jun-2025 20:57:00 UTC] PHP Warning:  Undefined array key 0 in /wordpress/wp-includes/plugin.php on line 1001
[18-Jun-2025 20:57:00 UTC] PHP Warning:  Undefined array key 0 in /wordpress/wp-includes/plugin.php on line 1004
[18-Jun-2025 20:57:00 UTC] PHP Warning:  Undefined array key 0 in /wordpress/wp-includes/plugin.php on line 1001
[18-Jun-2025 20:57:00 UTC] PHP Warning:  Undefined array key 0 in /wordpress/wp-includes/plugin.php on line 1004
[18-Jun-2025 20:57:00 UTC] PHP Warning:  Undefined array key 0 in /wordpress/wp-includes/plugin.php on line 1001
[18-Jun-2025 20:57:00 UTC] PHP Warning:  Undefined array key 0 in /wordpress/wp-includes/plugin.php on line 1004
[18-Jun-2025 20:57:00 UTC] PHP Warning:  Undefined array key 0 in /wordpress/wp-includes/plugin.php on line 1001
[18-Jun-2025 20:57:00 UTC] PHP Warning:  Undefined array key 0 in /wordpress/wp-includes/plugin.php on line 1004
[18-Jun-2025 20:57:00 UTC] PHP Warning:  Undefined array key 0 in /wordpress/wp-includes/plugin.php on line 1001
[18-Jun-2025 20:57:00 UTC] PHP Warning:  Undefined array key 0 in /wordpress/wp-includes/plugin.php on line 1004
[18-Jun-2025 20:57:00 UTC] PHP Warning:  Undefined array key 0 in /wordpress/wp-includes/plugin.php on line 1001
[18-Jun-2025 20:57:00 UTC] PHP Warning:  Undefined array key 0 in /wordpress/wp-includes/plugin.php on line 1004
[18-Jun-2025 20:57:00 UTC] PHP Warning:  Undefined array key 0 in /wordpress/wp-includes/plugin.php on line 1001
[18-Jun-2025 20:57:00 UTC] PHP Warning:  Undefined array key 0 in /wordpress/wp-includes/plugin.php on line 1004
[18-Jun-2025 20:57:00 UTC] PHP Warning:  Undefined array key 0 in /wordpress/wp-includes/plugin.php on line 1001
[18-Jun-2025 20:57:00 UTC] PHP Warning:  Undefined array key 0 in /wordpress/wp-includes/plugin.php on line 1004
[18-Jun-2025 20:57:00 UTC] PHP Warning:  Undefined array key 0 in /wordpress/wp-includes/plugin.php on line 1001
[18-Jun-2025 20:57:00 UTC] PHP Warning:  Undefined array key 0 in /wordpress/wp-includes/plugin.php on line 1004
[18-Jun-2025 20:57:00 UTC] PHP Deprecated:  Required parameter $path follows optional parameter $data in /wordpress/wp-content/plugins/mind-maps/app/src/misc/chore.php on line 151
[18-Jun-2025 20:57:09 UTC] PHP Deprecated:  Required parameter $path follows optional parameter $data in /wordpress/wp-content/plugins/mind-maps/lolita/helpers/view.php on line 13
[18-Jun-2025 20:57:09 UTC] PHP Warning:  Undefined array key 0 in /wordpress/wp-includes/plugin.php on line 1001
[18-Jun-2025 20:57:09 UTC] PHP Warning:  Undefined array key 0 in /wordpress/wp-includes/plugin.php on line 1004
[18-Jun-2025 20:57:09 UTC] PHP Warning:  Undefined array key 0 in /wordpress/wp-includes/plugin.php on line 1001
[18-Jun-2025 20:57:09 UTC] PHP Warning:  Undefined array key 0 in /wordpress/wp-includes/plugin.php on line 1004
[18-Jun-2025 20:57:09 UTC] PHP Warning:  Undefined array key 0 in /wordpress/wp-includes/plugin.php on line 1001
[18-Jun-2025 20:57:09 UTC] PHP Warning:  Undefined array key 0 in /wordpress/wp-includes/plugin.php on line 1004
[18-Jun-2025 20:57:09 UTC] PHP Warning:  Undefined array key 0 in /wordpress/wp-includes/plugin.php on line 1001
[18-Jun-2025 20:57:09 UTC] PHP Warning:  Undefined array key 0 in /wordpress/wp-includes/plugin.php on line 1004
[18-Jun-2025 20:57:09 UTC] PHP Warning:  Undefined array key 0 in /wordpress/wp-includes/plugin.php on line 1001
[18-Jun-2025 20:57:09 UTC] PHP Warning:  Undefined array key 0 in /wordpress/wp-includes/plugin.php on line 1004
[18-Jun-2025 20:57:09 UTC] PHP Warning:  Undefined array key 0 in /wordpress/wp-includes/plugin.php on line 1001
[18-Jun-2025 20:57:09 UTC] PHP Warning:  Undefined array key 0 in /wordpress/wp-includes/plugin.php on line 1004
[18-Jun-2025 20:57:09 UTC] PHP Warning:  Undefined array key 0 in /wordpress/wp-includes/plugin.php on line 1001
[18-Jun-2025 20:57:09 UTC] PHP Warning:  Undefined array key 0 in /wordpress/wp-includes/plugin.php on line 1004
[18-Jun-2025 20:57:09 UTC] PHP Warning:  Undefined array key 0 in /wordpress/wp-includes/plugin.php on line 1001
[18-Jun-2025 20:57:09 UTC] PHP Warning:  Undefined array key 0 in /wordpress/wp-includes/plugin.php on line 1004
[18-Jun-2025 20:57:09 UTC] PHP Warning:  Undefined array key 0 in /wordpress/wp-includes/plugin.php on line 1001
[18-Jun-2025 20:57:09 UTC] PHP Warning:  Undefined array key 0 in /wordpress/wp-includes/plugin.php on line 1004
[18-Jun-2025 20:57:09 UTC] PHP Warning:  Undefined array key 0 in /wordpress/wp-includes/plugin.php on line 1001
[18-Jun-2025 20:57:09 UTC] PHP Warning:  Undefined array key 0 in /wordpress/wp-includes/plugin.php on line 1004
[18-Jun-2025 20:57:09 UTC] PHP Deprecated:  Required parameter $path follows optional parameter $data in /wordpress/wp-content/plugins/mind-maps/app/src/misc/chore.php on line 151
[18-Jun-2025 20:57:09 UTC] PHP Deprecated:  Required parameter $path follows optional parameter $data in /wordpress/wp-content/plugins/mind-maps/lolita/helpers/view.php on line 13
[18-Jun-2025 20:57:10 UTC] PHP Warning:  Undefined array key 0 in /wordpress/wp-includes/plugin.php on line 1001
[18-Jun-2025 20:57:10 UTC] PHP Warning:  Undefined array key 0 in /wordpress/wp-includes/plugin.php on line 1004
[18-Jun-2025 20:57:10 UTC] PHP Warning:  Undefined array key 0 in /wordpress/wp-includes/plugin.php on line 1001
[18-Jun-2025 20:57:10 UTC] PHP Warning:  Undefined array key 0 in /wordpress/wp-includes/plugin.php on line 1004
[18-Jun-2025 20:57:10 UTC] PHP Warning:  Undefined array key 0 in /wordpress/wp-includes/plugin.php on line 1001
[18-Jun-2025 20:57:10 UTC] PHP Warning:  Undefined array key 0 in /wordpress/wp-includes/plugin.php on line 1004
[18-Jun-2025 20:57:10 UTC] PHP Warning:  Undefined array key 0 in /wordpress/wp-includes/plugin.php on line 1001
[18-Jun-2025 20:57:10 UTC] PHP Warning:  Undefined array key 0 in /wordpress/wp-includes/plugin.php on line 1004
[18-Jun-2025 20:57:10 UTC] PHP Warning:  Undefined array key 0 in /wordpress/wp-includes/plugin.php on line 1001
[18-Jun-2025 20:57:10 UTC] PHP Warning:  Undefined array key 0 in /wordpress/wp-includes/plugin.php on line 1004
[18-Jun-2025 20:57:10 UTC] PHP Warning:  Undefined array key 0 in /wordpress/wp-includes/plugin.php on line 1001
[18-Jun-2025 20:57:10 UTC] PHP Warning:  Undefined array key 0 in /wordpress/wp-includes/plugin.php on line 1004
[18-Jun-2025 20:57:10 UTC] PHP Warning:  Undefined array key 0 in /wordpress/wp-includes/plugin.php on line 1001
[18-Jun-2025 20:57:10 UTC] PHP Warning:  Undefined array key 0 in /wordpress/wp-includes/plugin.php on line 1004
[18-Jun-2025 20:57:10 UTC] PHP Warning:  Undefined array key 0 in /wordpress/wp-includes/plugin.php on line 1001
[18-Jun-2025 20:57:10 UTC] PHP Warning:  Undefined array key 0 in /wordpress/wp-includes/plugin.php on line 1004
[18-Jun-2025 20:57:10 UTC] PHP Warning:  Undefined array key 0 in /wordpress/wp-includes/plugin.php on line 1001
[18-Jun-2025 20:57:10 UTC] PHP Warning:  Undefined array key 0 in /wordpress/wp-includes/plugin.php on line 1004
[18-Jun-2025 20:57:10 UTC] PHP Warning:  Undefined array key 0 in /wordpress/wp-includes/plugin.php on line 1001
[18-Jun-2025 20:57:10 UTC] PHP Warning:  Undefined array key 0 in /wordpress/wp-includes/plugin.php on line 1004
[18-Jun-2025 20:57:10 UTC] PHP Deprecated:  Required parameter $path follows optional parameter $data in /wordpress/wp-content/plugins/mind-maps/app/src/misc/chore.php on line 151
[18-Jun-2025 20:57:19 UTC] PHP Fatal error:  Uncaught Error: Call to undefined function WPMinecraftJP\each() in /wordpress/wp-content/plugins/minecraftjp/src/WPMinecraftJP/Configure.php:16
Stack trace:
#0 /wordpress/wp-content/plugins/minecraftjp/src/WPMinecraftJP/App.php(9): WPMinecraftJP\Configure::load()
#1 /wordpress/wp-includes/class-wp-hook.php(322): WPMinecraftJP\App::init()
#2 /wordpress/wp-includes/class-wp-hook.php(348): WP_Hook->apply_filters(NULL, Array)
#3 /wordpress/wp-includes/plugin.php(517): WP_Hook->do_action(Array)
#4 /wordpress/wp-settings.php(578): do_action('plugins_loaded')
#5 /wordpress/wp-config.php(102): require_once('/wordpress/wp-s...')
#6 /wordpress/wp-load.php(50): require_once('/wordpress/wp-c...')
#7 /internal/eval.php(3): require_once('/wordpress/wp-l...')
#8 {main}
  thrown in /wordpress/wp-content/plugins/minecraftjp/src/WPMinecraftJP/Configure.php on line 16
[18-Jun-2025 20:57:28 UTC] PHP Fatal error:  Uncaught Error: Call to undefined function WPMinecraftJP\each() in /wordpress/wp-content/plugins/minecraftjp/src/WPMinecraftJP/Configure.php:16
Stack trace:
#0 /wordpress/wp-content/plugins/minecraftjp/src/WPMinecraftJP/App.php(9): WPMinecraftJP\Configure::load()
#1 /wordpress/wp-includes/class-wp-hook.php(322): WPMinecraftJP\App::init()
#2 /wordpress/wp-includes/class-wp-hook.php(348): WP_Hook->apply_filters(NULL, Array)
#3 /wordpress/wp-includes/plugin.php(517): WP_Hook->do_action(Array)
#4 /wordpress/wp-settings.php(578): do_action('plugins_loaded')
#5 /wordpress/wp-config.php(102): require_once('/wordpress/wp-s...')
#6 /wordpress/wp-load.php(50): require_once('/wordpress/wp-c...')
#7 /internal/eval.php(3): require_once('/wordpress/wp-l...')
#8 {main}
  thrown in /wordpress/wp-content/plugins/minecraftjp/src/WPMinecraftJP/Configure.php on line 16
[18-Jun-2025 20:57:38 UTC] PHP Fatal error:  Uncaught Error: Call to undefined function WPMinecraftJP\each() in /wordpress/wp-content/plugins/minecraftjp/src/WPMinecraftJP/Configure.php:16
Stack trace:
#0 /wordpress/wp-content/plugins/minecraftjp/src/WPMinecraftJP/App.php(9): WPMinecraftJP\Configure::load()
#1 /wordpress/wp-includes/class-wp-hook.php(322): WPMinecraftJP\App::init()
#2 /wordpress/wp-includes/class-wp-hook.php(348): WP_Hook->apply_filters(NULL, Array)
#3 /wordpress/wp-includes/plugin.php(517): WP_Hook->do_action(Array)
#4 /wordpress/wp-settings.php(578): do_action('plugins_loaded')
#5 /wordpress/wp-config.php(102): require_once('/wordpress/wp-s...')
#6 /wordpress/wp-load.php(50): require_once('/wordpress/wp-c...')
#7 /internal/eval.php(3): require_once('/wordpress/wp-l...')
#8 {main}
  thrown in /wordpress/wp-content/plugins/minecraftjp/src/WPMinecraftJP/Configure.php on line 16
[18-Jun-2025 20:57:49 UTC] PHP Deprecated:  The called constructor method for WP_Widget class in my_reservation_system_widget is <strong>deprecated</strong> since version 4.3.0! Use <code>__construct()</code> instead. in /wordpress/wp-includes/functions.php on line 6121
[18-Jun-2025 20:57:59 UTC] PHP Deprecated:  The called constructor method for WP_Widget class in my_reservation_system_widget is <strong>deprecated</strong> since version 4.3.0! Use <code>__construct()</code> instead. in /wordpress/wp-includes/functions.php on line 6121
[18-Jun-2025 20:58:09 UTC] PHP Deprecated:  The called constructor method for WP_Widget class in my_reservation_system_widget is <strong>deprecated</strong> since version 4.3.0! Use <code>__construct()</code> instead. in /wordpress/wp-includes/functions.php on line 6121
[18-Jun-2025 20:58:51 UTC] PHP Notice:  Function _load_textdomain_just_in_time was called <strong>incorrectly</strong>. Translation loading for the <code>mail-picker</code> domain was triggered too early. This is usually an indicator for some code in the plugin or theme running too early. Translations should be loaded at the <code>init</code> action or later. Please see <a href="https://developer.wordpress.org/advanced-administration/debug/debug-wordpress/">Debugging in WordPress</a> for more information. (This message was added in version 6.7.0.) in /wordpress/wp-includes/functions.php on line 6121
[18-Jun-2025 20:59:02 UTC] PHP Notice:  Function _load_textdomain_just_in_time was called <strong>incorrectly</strong>. Translation loading for the <code>mail-picker</code> domain was triggered too early. This is usually an indicator for some code in the plugin or theme running too early. Translations should be loaded at the <code>init</code> action or later. Please see <a href="https://developer.wordpress.org/advanced-administration/debug/debug-wordpress/">Debugging in WordPress</a> for more information. (This message was added in version 6.7.0.) in /wordpress/wp-includes/functions.php on line 6121
[18-Jun-2025 20:59:11 UTC] PHP Notice:  Function _load_textdomain_just_in_time was called <strong>incorrectly</strong>. Translation loading for the <code>mail-picker</code> domain was triggered too early. This is usually an indicator for some code in the plugin or theme running too early. Translations should be loaded at the <code>init</code> action or later. Please see <a href="https://developer.wordpress.org/advanced-administration/debug/debug-wordpress/">Debugging in WordPress</a> for more information. (This message was added in version 6.7.0.) in /wordpress/wp-includes/functions.php on line 6121
[18-Jun-2025 20:59:52 UTC] PHP Fatal error:  Uncaught TypeError: count(): Argument #1 ($value) must be of type Countable|array, bool given in /wordpress/wp-content/plugins/maxi-bg/lib/cmb/init.php:746
Stack trace:
#0 /wordpress/wp-content/plugins/maxi-bg/lib/cmb/init.php(162): cmb_Meta_Box::set_mb_type(Array)
#1 /wordpress/wp-content/plugins/maxi-bg/lib/cmb/init.php(43): cmb_Meta_Box->__construct(Array)
#2 /wordpress/wp-content/plugins/maxi-bg/maxibg.php(131): require_once('/wordpress/wp-c...')
#3 /wordpress/wp-includes/class-wp-hook.php(324): cmb_initialize_cmb_meta_boxes('')
#4 /wordpress/wp-includes/class-wp-hook.php(348): WP_Hook->apply_filters(NULL, Array)
#5 /wordpress/wp-includes/plugin.php(517): WP_Hook->do_action(Array)
#6 /wordpress/wp-settings.php(727): do_action('init')
#7 /wordpress/wp-config.php(102): require_once('/wordpress/wp-s...')
#8 /wordpress/wp-load.php(50): require_once('/wordpress/wp-c...')
#9 /internal/eval.php(3): require_once('/wordpress/wp-l...')
#10 {main}
  thrown in /wordpress/wp-content/plugins/maxi-bg/lib/cmb/init.php on line 746
[18-Jun-2025 21:00:02 UTC] PHP Fatal error:  Uncaught TypeError: count(): Argument #1 ($value) must be of type Countable|array, bool given in /wordpress/wp-content/plugins/maxi-bg/lib/cmb/init.php:746
Stack trace:
#0 /wordpress/wp-content/plugins/maxi-bg/lib/cmb/init.php(162): cmb_Meta_Box::set_mb_type(Array)
#1 /wordpress/wp-content/plugins/maxi-bg/lib/cmb/init.php(43): cmb_Meta_Box->__construct(Array)
#2 /wordpress/wp-content/plugins/maxi-bg/maxibg.php(131): require_once('/wordpress/wp-c...')
#3 /wordpress/wp-includes/class-wp-hook.php(324): cmb_initialize_cmb_meta_boxes('')
#4 /wordpress/wp-includes/class-wp-hook.php(348): WP_Hook->apply_filters(NULL, Array)
#5 /wordpress/wp-includes/plugin.php(517): WP_Hook->do_action(Array)
#6 /wordpress/wp-settings.php(727): do_action('init')
#7 /wordpress/wp-config.php(102): require_once('/wordpress/wp-s...')
#8 /wordpress/wp-load.php(50): require_once('/wordpress/wp-c...')
#9 /internal/eval.php(3): require_once('/wordpress/wp-l...')
#10 {main}
  thrown in /wordpress/wp-content/plugins/maxi-bg/lib/cmb/init.php on line 746
[18-Jun-2025 21:00:12 UTC] PHP Fatal error:  Uncaught TypeError: count(): Argument #1 ($value) must be of type Countable|array, bool given in /wordpress/wp-content/plugins/maxi-bg/lib/cmb/init.php:746
Stack trace:
#0 /wordpress/wp-content/plugins/maxi-bg/lib/cmb/init.php(162): cmb_Meta_Box::set_mb_type(Array)
#1 /wordpress/wp-content/plugins/maxi-bg/lib/cmb/init.php(43): cmb_Meta_Box->__construct(Array)
#2 /wordpress/wp-content/plugins/maxi-bg/maxibg.php(131): require_once('/wordpress/wp-c...')
#3 /wordpress/wp-includes/class-wp-hook.php(324): cmb_initialize_cmb_meta_boxes('')
#4 /wordpress/wp-includes/class-wp-hook.php(348): WP_Hook->apply_filters(NULL, Array)
#5 /wordpress/wp-includes/plugin.php(517): WP_Hook->do_action(Array)
#6 /wordpress/wp-settings.php(727): do_action('init')
#7 /wordpress/wp-config.php(102): require_once('/wordpress/wp-s...')
#8 /wordpress/wp-load.php(50): require_once('/wordpress/wp-c...')
#9 /internal/eval.php(3): require_once('/wordpress/wp-l...')
#10 {main}
  thrown in /wordpress/wp-content/plugins/maxi-bg/lib/cmb/init.php on line 746

    at Object.onBind (file:///home/runner/work/playground-tester/playground-tester/node_modules/@wp-playground/cli/run-cli-j-geJYS3.js:325:15)
    at process.processTicksAndRejections (node:internal/process/task_queues:105:5)
    at async re (file:///home/runner/work/playground-tester/playground-tester/node_modules/@wp-playground/cli/run-cli-j-geJYS3.js:149:10) {
  [cause]: Error: Error when executing the blueprint step #1 ({"step":"installPlugin","pluginData":{"resource":"wordpress.org/plugins","slug":"maxi-bg"},"options":{"activate":true}}) : PHP.run() failed with exit code 255 and the following output: 
      at Object.run (file:///home/runner/work/playground-tester/playground-tester/node_modules/@wp-playground/blueprints/index.js:12093:19)
      at process.processTicksAndRejections (node:internal/process/task_queues:105:5)
      at async ys (file:///home/runner/work/playground-tester/playground-tester/node_modules/@wp-playground/blueprints/index.js:12196:3)
      at async Object.onBind (file:///home/runner/work/playground-tester/playground-tester/node_modules/@wp-playground/cli/run-cli-j-geJYS3.js:315:48)
      at async re (file:///home/runner/work/playground-tester/playground-tester/node_modules/@wp-playground/cli/run-cli-j-geJYS3.js:149:10) {
    [cause]: PHPExecutionFailureError: PHP.run() failed with exit code 255 and the following output: 
        at PHP.run (file:///home/runner/work/playground-tester/playground-tester/node_modules/@php-wasm/universal/index.js:1034:19)
        at process.processTicksAndRejections (node:internal/process/task_queues:105:5)
        at async wr (file:///home/runner/work/playground-tester/playground-tester/node_modules/@wp-playground/blueprints/index.js:74:13)
        at async Object.gt [as installPlugin] (file:///home/runner/work/playground-tester/playground-tester/node_modules/@wp-playground/blueprints/index.js:631:42)
        at async g (file:///home/runner/work/playground-tester/playground-tester/node_modules/@wp-playground/blueprints/index.js:12161:30)
        at async Object.run (file:///home/runner/work/playground-tester/playground-tester/node_modules/@wp-playground/blueprints/index.js:12090:23)
        at async ys (file:///home/runner/work/playground-tester/playground-tester/node_modules/@wp-playground/blueprints/index.js:12196:3)
        at async Object.onBind (file:///home/runner/work/playground-tester/playground-tester/node_modules/@wp-playground/cli/run-cli-j-geJYS3.js:315:48)
        at async re (file:///home/runner/work/playground-tester/playground-tester/node_modules/@wp-playground/cli/run-cli-j-geJYS3.js:149:10) {
      response: PHPResponse {
        httpStatusCode: 500,
        headers: {
          'x-powered-by': [ 'PHP/8.0.30-dev' ],
          'content-type': [ 'text/html; charset=UTF-8' ],
          expires: [ 'Wed, 11 Jan 1984 05:00:00 GMT' ],
          'cache-control': [ 'no-cache, must-revalidate, max-age=0, no-store, private' ]
        },
        bytes: Uint8Array(2653) [
           60,  33,  68,  79,  67,  84,  89,  80,  69,  32, 104, 116,
          109, 108,  62,  10,  60, 104, 116, 109, 108,  32, 108,  97,
          110, 103,  61,  34, 101, 110,  45,  85,  83,  34,  62,  10,
           60, 104, 101,  97, 100,  62,  10,   9,  60, 109, 101, 116,
           97,  32, 104, 116, 116, 112,  45, 101, 113, 117, 105, 118,
           61,  34,  67, 111, 110, 116, 101, 110, 116,  45,  84, 121,
          112, 101,  34,  32,  99, 111, 110, 116, 101, 110, 116,  61,
           34, 116, 101, 120, 116,  47, 104, 116, 109, 108,  59,  32,
           99, 104,  97, 114,
          ... 2553 more items
        ],
        exitCode: 255,
        errors: ''
      },
      source: 'request'
    }
  }
}

Node.js v23.11.0
