file:///home/runner/work/playground-tester/playground-tester/node_modules/@wp-playground/cli/index.js:237
        throw new Error(y, { cause: u });
              ^

Error: [30-May-2025 13:41:18 UTC] PHP Warning:  file_get_contents(http://dell.system-11.com/client/add?division=highereducation&amp;url=http%3A%2F%2F127.0.0.1%3A9401&amp;ajaxurl=http%3A%2F%2F127.0.0.1%3A9401%2Fwp-content%2Fplugins%2Fhigher-education-connect%2Fajax.php&amp;clientid=): Failed to open stream: HTTP request failed! in /wordpress/wp-content/plugins/higher-education-connect/connect.php on line 80
[30-May-2025 13:41:18 UTC] PHP Warning:  Attempt to read property "result" on null in /wordpress/wp-content/plugins/higher-education-connect/connect.php on line 83
[30-May-2025 13:41:18 UTC] PHP Warning:  Attempt to read property "error" on null in /wordpress/wp-content/plugins/higher-education-connect/connect.php on line 84
[30-May-2025 13:41:18 UTC] PHP Warning:  file_get_contents(http://dell.system-11.com/client/error?url=http%3A%2F%2F127.0.0.1%3A9401&amp;error=): Failed to open stream: HTTP request failed! in /wordpress/wp-content/plugins/higher-education-connect/connect.php on line 84
[30-May-2025 13:41:28 UTC] PHP Warning:  file_get_contents(http://dell.system-11.com/client/add?division=highereducation&amp;url=http%3A%2F%2F127.0.0.1%3A9401&amp;ajaxurl=http%3A%2F%2F127.0.0.1%3A9401%2Fwp-content%2Fplugins%2Fhigher-education-connect%2Fajax.php&amp;clientid=): Failed to open stream: HTTP request failed! in /wordpress/wp-content/plugins/higher-education-connect/connect.php on line 80
[30-May-2025 13:41:28 UTC] PHP Warning:  Attempt to read property "result" on null in /wordpress/wp-content/plugins/higher-education-connect/connect.php on line 83
[30-May-2025 13:41:28 UTC] PHP Warning:  Attempt to read property "error" on null in /wordpress/wp-content/plugins/higher-education-connect/connect.php on line 84
[30-May-2025 13:41:28 UTC] PHP Warning:  file_get_contents(http://dell.system-11.com/client/error?url=http%3A%2F%2F127.0.0.1%3A9401&amp;error=): Failed to open stream: HTTP request failed! in /wordpress/wp-content/plugins/higher-education-connect/connect.php on line 84
[30-May-2025 13:41:37 UTC] PHP Warning:  file_get_contents(http://dell.system-11.com/client/add?division=highereducation&amp;url=http%3A%2F%2F127.0.0.1%3A9401&amp;ajaxurl=http%3A%2F%2F127.0.0.1%3A9401%2Fwp-content%2Fplugins%2Fhigher-education-connect%2Fajax.php&amp;clientid=): Failed to open stream: HTTP request failed! in /wordpress/wp-content/plugins/higher-education-connect/connect.php on line 80
[30-May-2025 13:41:37 UTC] PHP Warning:  Attempt to read property "result" on null in /wordpress/wp-content/plugins/higher-education-connect/connect.php on line 83
[30-May-2025 13:41:37 UTC] PHP Warning:  Attempt to read property "error" on null in /wordpress/wp-content/plugins/higher-education-connect/connect.php on line 84
[30-May-2025 13:41:37 UTC] PHP Warning:  file_get_contents(http://dell.system-11.com/client/error?url=http%3A%2F%2F127.0.0.1%3A9401&amp;error=): Failed to open stream: HTTP request failed! in /wordpress/wp-content/plugins/higher-education-connect/connect.php on line 84
[30-May-2025 13:42:43 UTC] PHP Fatal error:  Uncaught Error: Call to undefined function wc_get_base_location() in /wordpress/wp-content/plugins/eas-eu-compliance/EAScompliance.php:200
Stack trace:
#0 /wordpress/wp-includes/class-wp-hook.php(324): eascompliance_plugin_activation(false)
#1 /wordpress/wp-includes/class-wp-hook.php(348): WP_Hook->apply_filters('', Array)
#2 /wordpress/wp-includes/plugin.php(517): WP_Hook->do_action(Array)
#3 /wordpress/wp-admin/includes/plugin.php(703): do_action('activate_eas-eu...', false)
#4 /internal/eval.php(20): activate_plugin('eas-eu-complian...')
#5 {main}
  thrown in /wordpress/wp-content/plugins/eas-eu-compliance/EAScompliance.php on line 200
[30-May-2025 13:42:51 UTC] PHP Fatal error:  Uncaught Error: Call to undefined function wc_get_base_location() in /wordpress/wp-content/plugins/eas-eu-compliance/EAScompliance.php:200
Stack trace:
#0 /wordpress/wp-includes/class-wp-hook.php(324): eascompliance_plugin_activation(false)
#1 /wordpress/wp-includes/class-wp-hook.php(348): WP_Hook->apply_filters('', Array)
#2 /wordpress/wp-includes/plugin.php(517): WP_Hook->do_action(Array)
#3 /wordpress/wp-admin/includes/plugin.php(703): do_action('activate_eas-eu...', false)
#4 /internal/eval.php(20): activate_plugin('eas-eu-complian...')
#5 {main}
  thrown in /wordpress/wp-content/plugins/eas-eu-compliance/EAScompliance.php on line 200
[30-May-2025 13:42:59 UTC] PHP Fatal error:  Uncaught Error: Call to undefined function wc_get_base_location() in /wordpress/wp-content/plugins/eas-eu-compliance/EAScompliance.php:200
Stack trace:
#0 /wordpress/wp-includes/class-wp-hook.php(324): eascompliance_plugin_activation(false)
#1 /wordpress/wp-includes/class-wp-hook.php(348): WP_Hook->apply_filters('', Array)
#2 /wordpress/wp-includes/plugin.php(517): WP_Hook->do_action(Array)
#3 /wordpress/wp-admin/includes/plugin.php(703): do_action('activate_eas-eu...', false)
#4 /internal/eval.php(20): activate_plugin('eas-eu-complian...')
#5 {main}
  thrown in /wordpress/wp-content/plugins/eas-eu-compliance/EAScompliance.php on line 200
[30-May-2025 13:46:47 UTC] PHP Fatal error:  Uncaught Error: Using $this when not in object context in /wordpress/wp-content/plugins/eazy-cf-captcha/includes/Helper/EazyCFCaptchaOptions.php:96
Stack trace:
#0 /wordpress/wp-content/plugins/eazy-cf-captcha/includes/EazyCFCaptchaPlugin.php(29): TK\EazyCFCaptcha\Helper\EazyCFCaptchaOptions::createOptions()
#1 /wordpress/wp-includes/class-wp-hook.php(324): TK\EazyCFCaptcha\EazyCFCaptchaPlugin::activate(false)
#2 /wordpress/wp-includes/class-wp-hook.php(348): WP_Hook->apply_filters('', Array)
#3 /wordpress/wp-includes/plugin.php(517): WP_Hook->do_action(Array)
#4 /wordpress/wp-admin/includes/plugin.php(703): do_action('activate_eazy-c...', false)
#5 /internal/eval.php(20): activate_plugin('eazy-cf-captcha...')
#6 {main}
  thrown in /wordpress/wp-content/plugins/eazy-cf-captcha/includes/Helper/EazyCFCaptchaOptions.php on line 96
[30-May-2025 13:46:54 UTC] PHP Fatal error:  Uncaught Error: Using $this when not in object context in /wordpress/wp-content/plugins/eazy-cf-captcha/includes/Helper/EazyCFCaptchaOptions.php:96
Stack trace:
#0 /wordpress/wp-content/plugins/eazy-cf-captcha/includes/EazyCFCaptchaPlugin.php(29): TK\EazyCFCaptcha\Helper\EazyCFCaptchaOptions::createOptions()
#1 /wordpress/wp-includes/class-wp-hook.php(324): TK\EazyCFCaptcha\EazyCFCaptchaPlugin::activate(false)
#2 /wordpress/wp-includes/class-wp-hook.php(348): WP_Hook->apply_filters('', Array)
#3 /wordpress/wp-includes/plugin.php(517): WP_Hook->do_action(Array)
#4 /wordpress/wp-admin/includes/plugin.php(703): do_action('activate_eazy-c...', false)
#5 /internal/eval.php(20): activate_plugin('eazy-cf-captcha...')
#6 {main}
  thrown in /wordpress/wp-content/plugins/eazy-cf-captcha/includes/Helper/EazyCFCaptchaOptions.php on line 96
[30-May-2025 13:47:03 UTC] PHP Fatal error:  Uncaught Error: Using $this when not in object context in /wordpress/wp-content/plugins/eazy-cf-captcha/includes/Helper/EazyCFCaptchaOptions.php:96
Stack trace:
#0 /wordpress/wp-content/plugins/eazy-cf-captcha/includes/EazyCFCaptchaPlugin.php(29): TK\EazyCFCaptcha\Helper\EazyCFCaptchaOptions::createOptions()
#1 /wordpress/wp-includes/class-wp-hook.php(324): TK\EazyCFCaptcha\EazyCFCaptchaPlugin::activate(false)
#2 /wordpress/wp-includes/class-wp-hook.php(348): WP_Hook->apply_filters('', Array)
#3 /wordpress/wp-includes/plugin.php(517): WP_Hook->do_action(Array)
#4 /wordpress/wp-admin/includes/plugin.php(703): do_action('activate_eazy-c...', false)
#5 /internal/eval.php(20): activate_plugin('eazy-cf-captcha...')
#6 {main}
  thrown in /wordpress/wp-content/plugins/eazy-cf-captcha/includes/Helper/EazyCFCaptchaOptions.php on line 96

    at Object.onBind (file:///home/runner/work/playground-tester/playground-tester/node_modules/@wp-playground/cli/index.js:237:15)
    at process.processTicksAndRejections (node:internal/process/task_queues:105:5)
    at async V (file:///home/runner/work/playground-tester/playground-tester/node_modules/@wp-playground/cli/index.js:64:10)
    at async ja (file:///home/runner/work/playground-tester/playground-tester/node_modules/@wp-playground/cli/cli.js:8161:12) {
  [cause]: Error: Error when executing the blueprint step #1 ({"step":"installPlugin","pluginData":{"resource":"wordpress.org/plugins","slug":"ebs-merchant-gateway-for-eshop"},"options":{"activate":true}}) : Plugin /wordpress/wp-content/plugins/ebs-merchant-gateway-for-eshop could not be activated – WordPress exited with no error. Sometimes, when $_SERVER or site options are not configured correctly, WordPress exits early with a 301 redirect. Inspect the "debug" logs in the console for more details.
      at Object.run (file:///home/runner/work/playground-tester/playground-tester/node_modules/@wp-playground/blueprints/index.js:12449:19)
      at process.processTicksAndRejections (node:internal/process/task_queues:105:5)
      at async ms (file:///home/runner/work/playground-tester/playground-tester/node_modules/@wp-playground/blueprints/index.js:12552:3)
      ... 2 lines matching cause stack trace ...
      at async ja (file:///home/runner/work/playground-tester/playground-tester/node_modules/@wp-playground/cli/cli.js:8161:12) {
    [cause]: Error: Plugin /wordpress/wp-content/plugins/ebs-merchant-gateway-for-eshop could not be activated – WordPress exited with no error. Sometimes, when $_SERVER or site options are not configured correctly, WordPress exits early with a 301 redirect. Inspect the "debug" logs in the console for more details.
        at wr (file:///home/runner/work/playground-tester/playground-tester/node_modules/@wp-playground/blueprints/index.js:119:51)
        at process.processTicksAndRejections (node:internal/process/task_queues:105:5)
        at async Object.gt [as installPlugin] (file:///home/runner/work/playground-tester/playground-tester/node_modules/@wp-playground/blueprints/index.js:974:42)
        at async g (file:///home/runner/work/playground-tester/playground-tester/node_modules/@wp-playground/blueprints/index.js:12517:30)
        at async Object.run (file:///home/runner/work/playground-tester/playground-tester/node_modules/@wp-playground/blueprints/index.js:12446:23)
        at async ms (file:///home/runner/work/playground-tester/playground-tester/node_modules/@wp-playground/blueprints/index.js:12552:3)
        at async Object.onBind (file:///home/runner/work/playground-tester/playground-tester/node_modules/@wp-playground/cli/index.js:227:48)
        at async V (file:///home/runner/work/playground-tester/playground-tester/node_modules/@wp-playground/cli/index.js:64:10)
        at async ja (file:///home/runner/work/playground-tester/playground-tester/node_modules/@wp-playground/cli/cli.js:8161:12)
  }
}

Node.js v23.11.0
