file:///home/runner/work/playground-tester/playground-tester/node_modules/@wp-playground/cli/index.js:237
        throw new Error(y, { cause: u });
              ^

Error: [25-May-2025 23:25:57 UTC] PHP Deprecated:  Function add_option was called with an argument that is <strong>deprecated</strong> since version 2.3.0 with no alternative available. in /wordpress/wp-includes/functions.php on line 6121
[25-May-2025 23:25:58 UTC] PHP Deprecated:  Function add_option was called with an argument that is <strong>deprecated</strong> since version 2.3.0 with no alternative available. in /wordpress/wp-includes/functions.php on line 6121
[25-May-2025 23:26:05 UTC] PHP Deprecated:  Function add_option was called with an argument that is <strong>deprecated</strong> since version 2.3.0 with no alternative available. in /wordpress/wp-includes/functions.php on line 6121
[25-May-2025 23:26:06 UTC] PHP Deprecated:  Function add_option was called with an argument that is <strong>deprecated</strong> since version 2.3.0 with no alternative available. in /wordpress/wp-includes/functions.php on line 6121
[25-May-2025 23:26:13 UTC] PHP Deprecated:  Function add_option was called with an argument that is <strong>deprecated</strong> since version 2.3.0 with no alternative available. in /wordpress/wp-includes/functions.php on line 6121
[25-May-2025 23:26:14 UTC] PHP Deprecated:  Function add_option was called with an argument that is <strong>deprecated</strong> since version 2.3.0 with no alternative available. in /wordpress/wp-includes/functions.php on line 6121
[25-May-2025 23:26:53 UTC] PHP Warning:  Trying to access array offset on value of type bool in /wordpress/wp-content/plugins/liquid-information/liquid.php on line 48
[25-May-2025 23:26:53 UTC] PHP Warning:  Trying to access array offset on value of type bool in /wordpress/wp-content/plugins/liquid-information/liquid.php on line 49
[25-May-2025 23:26:53 UTC] PHP Warning:  Trying to access array offset on value of type bool in /wordpress/wp-content/plugins/liquid-information/liquid.php on line 50
[25-May-2025 23:27:02 UTC] PHP Warning:  Trying to access array offset on value of type bool in /wordpress/wp-content/plugins/liquid-information/liquid.php on line 48
[25-May-2025 23:27:02 UTC] PHP Warning:  Trying to access array offset on value of type bool in /wordpress/wp-content/plugins/liquid-information/liquid.php on line 49
[25-May-2025 23:27:02 UTC] PHP Warning:  Trying to access array offset on value of type bool in /wordpress/wp-content/plugins/liquid-information/liquid.php on line 50
[25-May-2025 23:27:12 UTC] PHP Warning:  Trying to access array offset on value of type bool in /wordpress/wp-content/plugins/liquid-information/liquid.php on line 48
[25-May-2025 23:27:12 UTC] PHP Warning:  Trying to access array offset on value of type bool in /wordpress/wp-content/plugins/liquid-information/liquid.php on line 49
[25-May-2025 23:27:12 UTC] PHP Warning:  Trying to access array offset on value of type bool in /wordpress/wp-content/plugins/liquid-information/liquid.php on line 50
[25-May-2025 23:30:25 UTC] WordPress database error <div style="clear:both">&nbsp;</div>
<div class="queries" style="clear:both;margin-bottom:2px;border:red dotted thin;">
<p>MySQL query:</p>
<p>CREATE TABLE wp_cf7_transactions (
                id mediumint(11) NOT NULL AUTO_INCREMENT,
                form_id bigint(11) DEFAULT '0' NOT NULL,
                trans_id VARCHAR(255) NOT NULL,
                track_id VARCHAR(255) NULL,
                gateway VARCHAR(255) NOT NULL,
                amount bigint(11) DEFAULT '0' NOT NULL,
                phone VARCHAR(11) NULL,
                description VARCHAR(255) NOT NULL,
                email VARCHAR(255) NULL,
                created_at bigint(11) DEFAULT '0' NOT NULL,
                status VARCHAR(255) NOT NULL,
                log longtext CHARACTER SET utf8mb3 COLLATE utf8mb3_unicode_ci,
                order_id VARCHAR(255) NOT NULL,
                PRIMARY KEY id (id)
            )</p>
<p>Queries made or created this session were:</p>
<ol>
<li>Executing: BEGIN | (no parameters)</li>
<li>Executing: ROLLBACK | (no parameters)</li>
</ol>
</div>
<div style="clear:both;margin-bottom:2px;border:red dotted thin;" class="error_message" style="border-bottom:dotted blue thin;">
Error occurred at line 4117 in Function <code>handle_error</code>. Error message was: Cannot combine AUTOINCREMENT and multiple primary keys in SQLite.
</div>
<p>Backtrace:</p>
<pre>#0 /internal/shared/sqlite-database-integration/wp-includes/sqlite/class-wp-sqlite-db.php(287): WP_SQLite_Translator->get_error_message()
#1 /wordpress/wp-admin/includes/upgrade.php(3280): WP_SQLite_DB->query('CREATE TABLE wp...')
#2 /wordpress/wp-content/plugins/idpay-contact-form-7/includes/Plugin.php(41): dbDelta(Array)
#3 /wordpress/wp-content/plugins/idpay-contact-form-7/idpay-contact-form-7.php(35): IDPay\CF7\Plugin::activate()
#4 /wordpress/wp-includes/class-wp-hook.php(324): cf7_idpay_activate(false)
#5 /wordpress/wp-includes/class-wp-hook.php(348): WP_Hook->apply_filters('', Array)
#6 /wordpress/wp-includes/plugin.php(517): WP_Hook->do_action(Array)
#7 /wordpress/wp-admin/includes/plugin.php(703): do_action('activate_idpay-...', false)
#8 /internal/eval.php(20): activate_plugin('idpay-contact-f...')
#9 {main}</pre>
 for query CREATE TABLE wp_cf7_transactions (
                id mediumint(11) NOT NULL AUTO_INCREMENT,
                form_id bigint(11) DEFAULT '0' NOT NULL,
                trans_id VARCHAR(255) NOT NULL,
                track_id VARCHAR(255) NULL,
                gateway VARCHAR(255) NOT NULL,
                amount bigint(11) DEFAULT '0' NOT NULL,
                phone VARCHAR(11) NULL,
                description VARCHAR(255) NOT NULL,
                email VARCHAR(255) NULL,
                created_at bigint(11) DEFAULT '0' NOT NULL,
                status VARCHAR(255) NOT NULL,
                log longtext CHARACTER SET utf8mb3 COLLATE utf8mb3_unicode_ci,
                order_id VARCHAR(255) NOT NULL,
                PRIMARY KEY id (id)
            ) made by activate_plugin, do_action('activate_idpay-contact-form-7/idpay-contact-form-7.php'), WP_Hook->do_action, WP_Hook->apply_filters, cf7_idpay_activate, IDPay\CF7\Plugin::activate, dbDelta, WP_SQLite_DB->query, WP_SQLite_DB->print_error
[25-May-2025 23:30:25 UTC] WordPress database error <div style="clear:both">&nbsp;</div>
<div class="queries" style="clear:both;margin-bottom:2px;border:red dotted thin;">
<p>MySQL query:</p>
<p>CREATE TABLE wp_cf7_callbacks (
                        id bigint(11) NOT NULL AUTO_INCREMENT,
                        response TEXT NOT NULL,
                        message TEXT NULL,
                        created_at bigint(11) DEFAULT '0' NOT NULL,
                        PRIMARY KEY id (id)
                 )</p>
<p>Queries made or created this session were:</p>
<ol>
<li>Executing: BEGIN | (no parameters)</li>
<li>Executing: ROLLBACK | (no parameters)</li>
</ol>
</div>
<div style="clear:both;margin-bottom:2px;border:red dotted thin;" class="error_message" style="border-bottom:dotted blue thin;">
Error occurred at line 4117 in Function <code>handle_error</code>. Error message was: Cannot combine AUTOINCREMENT and multiple primary keys in SQLite.
</div>
<p>Backtrace:</p>
<pre>#0 /internal/shared/sqlite-database-integration/wp-includes/sqlite/class-wp-sqlite-db.php(287): WP_SQLite_Translator->get_error_message()
#1 /wordpress/wp-admin/includes/upgrade.php(3280): WP_SQLite_DB->query('CREATE TABLE wp...')
#2 /wordpress/wp-content/plugins/idpay-contact-form-7/includes/Plugin.php(56): dbDelta(Array)
#3 /wordpress/wp-content/plugins/idpay-contact-form-7/idpay-contact-form-7.php(35): IDPay\CF7\Plugin::activate()
#4 /wordpress/wp-includes/class-wp-hook.php(324): cf7_idpay_activate(false)
#5 /wordpress/wp-includes/class-wp-hook.php(348): WP_Hook->apply_filters('', Array)
#6 /wordpress/wp-includes/plugin.php(517): WP_Hook->do_action(Array)
#7 /wordpress/wp-admin/includes/plugin.php(703): do_action('activate_idpay-...', false)
#8 /internal/eval.php(20): activate_plugin('idpay-contact-f...')
#9 {main}</pre>
 for query CREATE TABLE wp_cf7_callbacks (
                        id bigint(11) NOT NULL AUTO_INCREMENT,
                        response TEXT NOT NULL,
                        message TEXT NULL,
                        created_at bigint(11) DEFAULT '0' NOT NULL,
                        PRIMARY KEY id (id)
                 ) made by activate_plugin, do_action('activate_idpay-contact-form-7/idpay-contact-form-7.php'), WP_Hook->do_action, WP_Hook->apply_filters, cf7_idpay_activate, IDPay\CF7\Plugin::activate, dbDelta, WP_SQLite_DB->query, WP_SQLite_DB->print_error
[25-May-2025 23:30:26 UTC] WordPress database error <div style="clear:both">&nbsp;</div>
<div class="queries" style="clear:both;margin-bottom:2px;border:red dotted thin;">
<p>MySQL query:</p>
<p>CREATE TABLE wp_cf7_transactions (
                id mediumint(11) NOT NULL AUTO_INCREMENT,
                form_id bigint(11) DEFAULT '0' NOT NULL,
                trans_id VARCHAR(255) NOT NULL,
                track_id VARCHAR(255) NULL,
                gateway VARCHAR(255) NOT NULL,
                amount bigint(11) DEFAULT '0' NOT NULL,
                phone VARCHAR(11) NULL,
                description VARCHAR(255) NOT NULL,
                email VARCHAR(255) NULL,
                created_at bigint(11) DEFAULT '0' NOT NULL,
                status VARCHAR(255) NOT NULL,
                log LONGTEXT CHARACTER SET utf8 COLLATE utf8_unicode_ci NULL,
                PRIMARY KEY id (id)
            ) </p>
<p>Queries made or created this session were:</p>
<ol>
<li>Executing: BEGIN | (no parameters)</li>
<li>Executing: ROLLBACK | (no parameters)</li>
</ol>
</div>
<div style="clear:both;margin-bottom:2px;border:red dotted thin;" class="error_message" style="border-bottom:dotted blue thin;">
Error occurred at line 4117 in Function <code>handle_error</code>. Error message was: Cannot combine AUTOINCREMENT and multiple primary keys in SQLite.
</div>
<p>Backtrace:</p>
<pre>#0 /internal/shared/sqlite-database-integration/wp-includes/sqlite/class-wp-sqlite-db.php(287): WP_SQLite_Translator->get_error_message()
#1 /wordpress/wp-admin/includes/upgrade.php(3280): WP_SQLite_DB->query('CREATE TABLE wp...')
#2 /wordpress/wp-content/plugins/idpay-contact-form-7/includes/Plugin.php(162): dbDelta(Array)
#3 /wordpress/wp-content/plugins/idpay-contact-form-7/idpay-contact-form-7.php(46): IDPay\CF7\Plugin::update()
#4 /wordpress/wp-includes/class-wp-hook.php(322): cf7_idpay_update_db()
#5 /wordpress/wp-includes/class-wp-hook.php(348): WP_Hook->apply_filters(NULL, Array)
#6 /wordpress/wp-includes/plugin.php(517): WP_Hook->do_action(Array)
#7 /wordpress/wp-settings.php(578): do_action('plugins_loaded')
#8 /wordpress/wp-config.php(102): require_once('/wordpress/wp-s...')
#9 /wordpress/wp-load.php(50): require_once('/wordpress/wp-c...')
#10 /internal/eval.php(3): require_once('/wordpress/wp-l...')
#11 {main}</pre>
 for query CREATE TABLE wp_cf7_transactions (
                id mediumint(11) NOT NULL AUTO_INCREMENT,
                form_id bigint(11) DEFAULT '0' NOT NULL,
                trans_id VARCHAR(255) NOT NULL,
                track_id VARCHAR(255) NULL,
                gateway VARCHAR(255) NOT NULL,
                amount bigint(11) DEFAULT '0' NOT NULL,
                phone VARCHAR(11) NULL,
                description VARCHAR(255) NOT NULL,
                email VARCHAR(255) NULL,
                created_at bigint(11) DEFAULT '0' NOT NULL,
                status VARCHAR(255) NOT NULL,
                log LONGTEXT CHARACTER SET utf8 COLLATE utf8_unicode_ci NULL,
                PRIMARY KEY id (id)
            )  made by require_once('wp-load.php'), require_once('wp-config.php'), require_once('wp-settings.php'), do_action('plugins_loaded'), WP_Hook->do_action, WP_Hook->apply_filters, cf7_idpay_update_db, IDPay\CF7\Plugin::update, dbDelta, WP_SQLite_DB->query, WP_SQLite_DB->print_error
[25-May-2025 23:30:26 UTC] WordPress database error <div style="clear:both">&nbsp;</div>
<div class="queries" style="clear:both;margin-bottom:2px;border:red dotted thin;">
<p>MySQL query:</p>
<p>CREATE TABLE wp_cf7_callbacks (
               id bigint(11) NOT NULL AUTO_INCREMENT,
                response TEXT NOT NULL,
                message TEXT NULL,
                created_at bigint(11) DEFAULT '0' NOT NULL,
                PRIMARY KEY id (id)
            )</p>
<p>Queries made or created this session were:</p>
<ol>
<li>Executing: BEGIN | (no parameters)</li>
<li>Executing: ROLLBACK | (no parameters)</li>
</ol>
</div>
<div style="clear:both;margin-bottom:2px;border:red dotted thin;" class="error_message" style="border-bottom:dotted blue thin;">
Error occurred at line 4117 in Function <code>handle_error</code>. Error message was: Cannot combine AUTOINCREMENT and multiple primary keys in SQLite.
</div>
<p>Backtrace:</p>
<pre>#0 /internal/shared/sqlite-database-integration/wp-includes/sqlite/class-wp-sqlite-db.php(287): WP_SQLite_Translator->get_error_message()
#1 /wordpress/wp-admin/includes/upgrade.php(3280): WP_SQLite_DB->query('CREATE TABLE wp...')
#2 /wordpress/wp-content/plugins/idpay-contact-form-7/includes/Plugin.php(209): dbDelta(Array)
#3 /wordpress/wp-content/plugins/idpay-contact-form-7/idpay-contact-form-7.php(46): IDPay\CF7\Plugin::update()
#4 /wordpress/wp-includes/class-wp-hook.php(322): cf7_idpay_update_db()
#5 /wordpress/wp-includes/class-wp-hook.php(348): WP_Hook->apply_filters(NULL, Array)
#6 /wordpress/wp-includes/plugin.php(517): WP_Hook->do_action(Array)
#7 /wordpress/wp-settings.php(578): do_action('plugins_loaded')
#8 /wordpress/wp-config.php(102): require_once('/wordpress/wp-s...')
#9 /wordpress/wp-load.php(50): require_once('/wordpress/wp-c...')
#10 /internal/eval.php(3): require_once('/wordpress/wp-l...')
#11 {main}</pre>
 for query CREATE TABLE wp_cf7_callbacks (
               id bigint(11) NOT NULL AUTO_INCREMENT,
                response TEXT NOT NULL,
                message TEXT NULL,
                created_at bigint(11) DEFAULT '0' NOT NULL,
                PRIMARY KEY id (id)
            ) made by require_once('wp-load.php'), require_once('wp-config.php'), require_once('wp-settings.php'), do_action('plugins_loaded'), WP_Hook->do_action, WP_Hook->apply_filters, cf7_idpay_update_db, IDPay\CF7\Plugin::update, dbDelta, WP_SQLite_DB->query, WP_SQLite_DB->print_error
[25-May-2025 23:30:34 UTC] WordPress database error <div style="clear:both">&nbsp;</div>
<div class="queries" style="clear:both;margin-bottom:2px;border:red dotted thin;">
<p>MySQL query:</p>
<p>CREATE TABLE wp_cf7_transactions (
                id mediumint(11) NOT NULL AUTO_INCREMENT,
                form_id bigint(11) DEFAULT '0' NOT NULL,
                trans_id VARCHAR(255) NOT NULL,
                track_id VARCHAR(255) NULL,
                gateway VARCHAR(255) NOT NULL,
                amount bigint(11) DEFAULT '0' NOT NULL,
                phone VARCHAR(11) NULL,
                description VARCHAR(255) NOT NULL,
                email VARCHAR(255) NULL,
                created_at bigint(11) DEFAULT '0' NOT NULL,
                status VARCHAR(255) NOT NULL,
                log longtext CHARACTER SET utf8mb3 COLLATE utf8mb3_unicode_ci,
                order_id VARCHAR(255) NOT NULL,
                PRIMARY KEY id (id)
            )</p>
<p>Queries made or created this session were:</p>
<ol>
<li>Executing: BEGIN | (no parameters)</li>
<li>Executing: ROLLBACK | (no parameters)</li>
</ol>
</div>
<div style="clear:both;margin-bottom:2px;border:red dotted thin;" class="error_message" style="border-bottom:dotted blue thin;">
Error occurred at line 4117 in Function <code>handle_error</code>. Error message was: Cannot combine AUTOINCREMENT and multiple primary keys in SQLite.
</div>
<p>Backtrace:</p>
<pre>#0 /internal/shared/sqlite-database-integration/wp-includes/sqlite/class-wp-sqlite-db.php(287): WP_SQLite_Translator->get_error_message()
#1 /wordpress/wp-admin/includes/upgrade.php(3280): WP_SQLite_DB->query('CREATE TABLE wp...')
#2 /wordpress/wp-content/plugins/idpay-contact-form-7/includes/Plugin.php(41): dbDelta(Array)
#3 /wordpress/wp-content/plugins/idpay-contact-form-7/idpay-contact-form-7.php(35): IDPay\CF7\Plugin::activate()
#4 /wordpress/wp-includes/class-wp-hook.php(324): cf7_idpay_activate(false)
#5 /wordpress/wp-includes/class-wp-hook.php(348): WP_Hook->apply_filters('', Array)
#6 /wordpress/wp-includes/plugin.php(517): WP_Hook->do_action(Array)
#7 /wordpress/wp-admin/includes/plugin.php(703): do_action('activate_idpay-...', false)
#8 /internal/eval.php(20): activate_plugin('idpay-contact-f...')
#9 {main}</pre>
 for query CREATE TABLE wp_cf7_transactions (
                id mediumint(11) NOT NULL AUTO_INCREMENT,
                form_id bigint(11) DEFAULT '0' NOT NULL,
                trans_id VARCHAR(255) NOT NULL,
                track_id VARCHAR(255) NULL,
                gateway VARCHAR(255) NOT NULL,
                amount bigint(11) DEFAULT '0' NOT NULL,
                phone VARCHAR(11) NULL,
                description VARCHAR(255) NOT NULL,
                email VARCHAR(255) NULL,
                created_at bigint(11) DEFAULT '0' NOT NULL,
                status VARCHAR(255) NOT NULL,
                log longtext CHARACTER SET utf8mb3 COLLATE utf8mb3_unicode_ci,
                order_id VARCHAR(255) NOT NULL,
                PRIMARY KEY id (id)
            ) made by activate_plugin, do_action('activate_idpay-contact-form-7/idpay-contact-form-7.php'), WP_Hook->do_action, WP_Hook->apply_filters, cf7_idpay_activate, IDPay\CF7\Plugin::activate, dbDelta, WP_SQLite_DB->query, WP_SQLite_DB->print_error
[25-May-2025 23:30:34 UTC] WordPress database error <div style="clear:both">&nbsp;</div>
<div class="queries" style="clear:both;margin-bottom:2px;border:red dotted thin;">
<p>MySQL query:</p>
<p>CREATE TABLE wp_cf7_callbacks (
                        id bigint(11) NOT NULL AUTO_INCREMENT,
                        response TEXT NOT NULL,
                        message TEXT NULL,
                        created_at bigint(11) DEFAULT '0' NOT NULL,
                        PRIMARY KEY id (id)
                 )</p>
<p>Queries made or created this session were:</p>
<ol>
<li>Executing: BEGIN | (no parameters)</li>
<li>Executing: ROLLBACK | (no parameters)</li>
</ol>
</div>
<div style="clear:both;margin-bottom:2px;border:red dotted thin;" class="error_message" style="border-bottom:dotted blue thin;">
Error occurred at line 4117 in Function <code>handle_error</code>. Error message was: Cannot combine AUTOINCREMENT and multiple primary keys in SQLite.
</div>
<p>Backtrace:</p>
<pre>#0 /internal/shared/sqlite-database-integration/wp-includes/sqlite/class-wp-sqlite-db.php(287): WP_SQLite_Translator->get_error_message()
#1 /wordpress/wp-admin/includes/upgrade.php(3280): WP_SQLite_DB->query('CREATE TABLE wp...')
#2 /wordpress/wp-content/plugins/idpay-contact-form-7/includes/Plugin.php(56): dbDelta(Array)
#3 /wordpress/wp-content/plugins/idpay-contact-form-7/idpay-contact-form-7.php(35): IDPay\CF7\Plugin::activate()
#4 /wordpress/wp-includes/class-wp-hook.php(324): cf7_idpay_activate(false)
#5 /wordpress/wp-includes/class-wp-hook.php(348): WP_Hook->apply_filters('', Array)
#6 /wordpress/wp-includes/plugin.php(517): WP_Hook->do_action(Array)
#7 /wordpress/wp-admin/includes/plugin.php(703): do_action('activate_idpay-...', false)
#8 /internal/eval.php(20): activate_plugin('idpay-contact-f...')
#9 {main}</pre>
 for query CREATE TABLE wp_cf7_callbacks (
                        id bigint(11) NOT NULL AUTO_INCREMENT,
                        response TEXT NOT NULL,
                        message TEXT NULL,
                        created_at bigint(11) DEFAULT '0' NOT NULL,
                        PRIMARY KEY id (id)
                 ) made by activate_plugin, do_action('activate_idpay-contact-form-7/idpay-contact-form-7.php'), WP_Hook->do_action, WP_Hook->apply_filters, cf7_idpay_activate, IDPay\CF7\Plugin::activate, dbDelta, WP_SQLite_DB->query, WP_SQLite_DB->print_error
[25-May-2025 23:30:35 UTC] WordPress database error <div style="clear:both">&nbsp;</div>
<div class="queries" style="clear:both;margin-bottom:2px;border:red dotted thin;">
<p>MySQL query:</p>
<p>CREATE TABLE wp_cf7_transactions (
                id mediumint(11) NOT NULL AUTO_INCREMENT,
                form_id bigint(11) DEFAULT '0' NOT NULL,
                trans_id VARCHAR(255) NOT NULL,
                track_id VARCHAR(255) NULL,
                gateway VARCHAR(255) NOT NULL,
                amount bigint(11) DEFAULT '0' NOT NULL,
                phone VARCHAR(11) NULL,
                description VARCHAR(255) NOT NULL,
                email VARCHAR(255) NULL,
                created_at bigint(11) DEFAULT '0' NOT NULL,
                status VARCHAR(255) NOT NULL,
                log LONGTEXT CHARACTER SET utf8 COLLATE utf8_unicode_ci NULL,
                PRIMARY KEY id (id)
            ) </p>
<p>Queries made or created this session were:</p>
<ol>
<li>Executing: BEGIN | (no parameters)</li>
<li>Executing: ROLLBACK | (no parameters)</li>
</ol>
</div>
<div style="clear:both;margin-bottom:2px;border:red dotted thin;" class="error_message" style="border-bottom:dotted blue thin;">
Error occurred at line 4117 in Function <code>handle_error</code>. Error message was: Cannot combine AUTOINCREMENT and multiple primary keys in SQLite.
</div>
<p>Backtrace:</p>
<pre>#0 /internal/shared/sqlite-database-integration/wp-includes/sqlite/class-wp-sqlite-db.php(287): WP_SQLite_Translator->get_error_message()
#1 /wordpress/wp-admin/includes/upgrade.php(3280): WP_SQLite_DB->query('CREATE TABLE wp...')
#2 /wordpress/wp-content/plugins/idpay-contact-form-7/includes/Plugin.php(162): dbDelta(Array)
#3 /wordpress/wp-content/plugins/idpay-contact-form-7/idpay-contact-form-7.php(46): IDPay\CF7\Plugin::update()
#4 /wordpress/wp-includes/class-wp-hook.php(322): cf7_idpay_update_db()
#5 /wordpress/wp-includes/class-wp-hook.php(348): WP_Hook->apply_filters(NULL, Array)
#6 /wordpress/wp-includes/plugin.php(517): WP_Hook->do_action(Array)
#7 /wordpress/wp-settings.php(578): do_action('plugins_loaded')
#8 /wordpress/wp-config.php(102): require_once('/wordpress/wp-s...')
#9 /wordpress/wp-load.php(50): require_once('/wordpress/wp-c...')
#10 /internal/eval.php(3): require_once('/wordpress/wp-l...')
#11 {main}</pre>
 for query CREATE TABLE wp_cf7_transactions (
                id mediumint(11) NOT NULL AUTO_INCREMENT,
                form_id bigint(11) DEFAULT '0' NOT NULL,
                trans_id VARCHAR(255) NOT NULL,
                track_id VARCHAR(255) NULL,
                gateway VARCHAR(255) NOT NULL,
                amount bigint(11) DEFAULT '0' NOT NULL,
                phone VARCHAR(11) NULL,
                description VARCHAR(255) NOT NULL,
                email VARCHAR(255) NULL,
                created_at bigint(11) DEFAULT '0' NOT NULL,
                status VARCHAR(255) NOT NULL,
                log LONGTEXT CHARACTER SET utf8 COLLATE utf8_unicode_ci NULL,
                PRIMARY KEY id (id)
            )  made by require_once('wp-load.php'), require_once('wp-config.php'), require_once('wp-settings.php'), do_action('plugins_loaded'), WP_Hook->do_action, WP_Hook->apply_filters, cf7_idpay_update_db, IDPay\CF7\Plugin::update, dbDelta, WP_SQLite_DB->query, WP_SQLite_DB->print_error
[25-May-2025 23:30:35 UTC] WordPress database error <div style="clear:both">&nbsp;</div>
<div class="queries" style="clear:both;margin-bottom:2px;border:red dotted thin;">
<p>MySQL query:</p>
<p>CREATE TABLE wp_cf7_callbacks (
               id bigint(11) NOT NULL AUTO_INCREMENT,
                response TEXT NOT NULL,
                message TEXT NULL,
                created_at bigint(11) DEFAULT '0' NOT NULL,
                PRIMARY KEY id (id)
            )</p>
<p>Queries made or created this session were:</p>
<ol>
<li>Executing: BEGIN | (no parameters)</li>
<li>Executing: ROLLBACK | (no parameters)</li>
</ol>
</div>
<div style="clear:both;margin-bottom:2px;border:red dotted thin;" class="error_message" style="border-bottom:dotted blue thin;">
Error occurred at line 4117 in Function <code>handle_error</code>. Error message was: Cannot combine AUTOINCREMENT and multiple primary keys in SQLite.
</div>
<p>Backtrace:</p>
<pre>#0 /internal/shared/sqlite-database-integration/wp-includes/sqlite/class-wp-sqlite-db.php(287): WP_SQLite_Translator->get_error_message()
#1 /wordpress/wp-admin/includes/upgrade.php(3280): WP_SQLite_DB->query('CREATE TABLE wp...')
#2 /wordpress/wp-content/plugins/idpay-contact-form-7/includes/Plugin.php(209): dbDelta(Array)
#3 /wordpress/wp-content/plugins/idpay-contact-form-7/idpay-contact-form-7.php(46): IDPay\CF7\Plugin::update()
#4 /wordpress/wp-includes/class-wp-hook.php(322): cf7_idpay_update_db()
#5 /wordpress/wp-includes/class-wp-hook.php(348): WP_Hook->apply_filters(NULL, Array)
#6 /wordpress/wp-includes/plugin.php(517): WP_Hook->do_action(Array)
#7 /wordpress/wp-settings.php(578): do_action('plugins_loaded')
#8 /wordpress/wp-config.php(102): require_once('/wordpress/wp-s...')
#9 /wordpress/wp-load.php(50): require_once('/wordpress/wp-c...')
#10 /internal/eval.php(3): require_once('/wordpress/wp-l...')
#11 {main}</pre>
 for query CREATE TABLE wp_cf7_callbacks (
               id bigint(11) NOT NULL AUTO_INCREMENT,
                response TEXT NOT NULL,
                message TEXT NULL,
                created_at bigint(11) DEFAULT '0' NOT NULL,
                PRIMARY KEY id (id)
            ) made by require_once('wp-load.php'), require_once('wp-config.php'), require_once('wp-settings.php'), do_action('plugins_loaded'), WP_Hook->do_action, WP_Hook->apply_filters, cf7_idpay_update_db, IDPay\CF7\Plugin::update, dbDelta, WP_SQLite_DB->query, WP_SQLite_DB->print_error
[25-May-2025 23:32:33 UTC] WordPress database error <div style="clear:both">&nbsp;</div>
<div class="queries" style="clear:both;margin-bottom:2px;border:red dotted thin;">
<p>MySQL query:</p>
<p>CREATE TABLE IF NOT EXISTS `wp_image_select_content` ( `id` int(5) NOT NULL AUTO_INCREMENT, `theme` int(5) NOT NULL, `url` longtext NOT NULL, `title` longtext DEFAULT NULL, PRIMARY KEY (`id`), INDEX `theme_idx` (`theme` ASC), CONSTRAINT `theme` FOREIGN KEY (`theme`) REFERENCES `wp_image_select_theme` (`id`) ON DELETE CASCADE ON UPDATE CASCADE ) ENGINE = InnoDB  DEFAULT CHARSET = 'utf8' COLLATE 'utf8_general_ci' AUTO_INCREMENT = 0 ;</p>
<p>Queries made or created this session were:</p>
<ol>
<li>Executing: BEGIN | (no parameters)</li>
<li>Executing: SELECT 1 FROM `_wp_sqlite_mysql_information_schema_tables` WHERE table_schema = ? AND table_name = ? | parameters: database_name_here, wp_image_select_content</li>
<li>Executing: INSERT INTO `_wp_sqlite_mysql_information_schema_tables` (`table_schema`, `table_name`, `table_type`, `engine`, `row_format`, `table_collation`, `table_comment`) VALUES (?, ?, ?, ?, ?, ?, ?) | parameters: database_name_here, wp_image_select_content, BASE TABLE, InnoDB, Dynamic, utf8_general_ci, </li>
<li>Executing: INSERT INTO `_wp_sqlite_mysql_information_schema_columns` (`table_schema`, `table_name`, `column_name`, `ordinal_position`, `column_default`, `is_nullable`, `data_type`, `character_maximum_length`, `character_octet_length`, `numeric_precision`, `numeric_scale`, `datetime_precision`, `character_set_name`, `collation_name`, `column_type`, `column_key`, `extra`, `privileges`, `column_comment`, `generation_expression`, `srs_id`) VALUES (?, ?, ?, ?, ?, ?, ?, ?, ?, ?, ?, ?, ?, ?, ?, ?, ?, ?, ?, ?, ?) | parameters: database_name_here, wp_image_select_content, id, 1, , NO, int, , , 10, 0, , , , int(5), , auto_increment, select,insert,update,references, , , </li>
<li>Executing: INSERT INTO `_wp_sqlite_mysql_information_schema_columns` (`table_schema`, `table_name`, `column_name`, `ordinal_position`, `column_default`, `is_nullable`, `data_type`, `character_maximum_length`, `character_octet_length`, `numeric_precision`, `numeric_scale`, `datetime_precision`, `character_set_name`, `collation_name`, `column_type`, `column_key`, `extra`, `privileges`, `column_comment`, `generation_expression`, `srs_id`) VALUES (?, ?, ?, ?, ?, ?, ?, ?, ?, ?, ?, ?, ?, ?, ?, ?, ?, ?, ?, ?, ?) | parameters: database_name_here, wp_image_select_content, theme, 2, , NO, int, , , 10, 0, , , , int(5), , , select,insert,update,references, , , </li>
<li>Executing: INSERT INTO `_wp_sqlite_mysql_information_schema_columns` (`table_schema`, `table_name`, `column_name`, `ordinal_position`, `column_default`, `is_nullable`, `data_type`, `character_maximum_length`, `character_octet_length`, `numeric_precision`, `numeric_scale`, `datetime_precision`, `character_set_name`, `collation_name`, `column_type`, `column_key`, `extra`, `privileges`, `column_comment`, `generation_expression`, `srs_id`) VALUES (?, ?, ?, ?, ?, ?, ?, ?, ?, ?, ?, ?, ?, ?, ?, ?, ?, ?, ?, ?, ?) | parameters: database_name_here, wp_image_select_content, url, 3, , NO, longtext, 4294967295, 4294967295, , , , utf8mb4, utf8mb4_general_ci, longtext, , , select,insert,update,references, , , </li>
<li>Executing: INSERT INTO `_wp_sqlite_mysql_information_schema_columns` (`table_schema`, `table_name`, `column_name`, `ordinal_position`, `column_default`, `is_nullable`, `data_type`, `character_maximum_length`, `character_octet_length`, `numeric_precision`, `numeric_scale`, `datetime_precision`, `character_set_name`, `collation_name`, `column_type`, `column_key`, `extra`, `privileges`, `column_comment`, `generation_expression`, `srs_id`) VALUES (?, ?, ?, ?, ?, ?, ?, ?, ?, ?, ?, ?, ?, ?, ?, ?, ?, ?, ?, ?, ?) | parameters: database_name_here, wp_image_select_content, title, 4, , YES, longtext, 4294967295, 4294967295, , , , utf8mb4, utf8mb4_general_ci, longtext, , , select,insert,update,references, , , </li>
<li>Executing: 
					SELECT column_name, data_type, is_nullable, character_maximum_length
					FROM `_wp_sqlite_mysql_information_schema_columns`
					WHERE table_schema = ?
					AND table_name = ?
					AND column_name IN (?)
				 | parameters: database_name_here, wp_image_select_content, id</li>
<li>Executing: INSERT INTO `_wp_sqlite_mysql_information_schema_statistics` (`table_schema`, `table_name`, `non_unique`, `index_schema`, `index_name`, `seq_in_index`, `column_name`, `collation`, `cardinality`, `sub_part`, `packed`, `nullable`, `index_type`, `comment`, `index_comment`, `is_visible`, `expression`) VALUES (?, ?, ?, ?, ?, ?, ?, ?, ?, ?, ?, ?, ?, ?, ?, ?, ?) | parameters: database_name_here, wp_image_select_content, 0, database_name_here, PRIMARY, 1, id, A, 0, , , , BTREE, , , YES, </li>
<li>Executing: 
				WITH s AS (
					SELECT
						column_name,
						CASE
							WHEN MAX(index_name = 'PRIMARY') THEN 'PRI'
							WHEN MAX(non_unique = 0 AND seq_in_index = 1) THEN 'UNI'
							WHEN MAX(seq_in_index = 1) THEN 'MUL'
							ELSE ''
						END AS column_key
					FROM `_wp_sqlite_mysql_information_schema_statistics`
					WHERE table_schema = ?
					AND table_name = ?
					GROUP BY column_name
				)
				UPDATE `_wp_sqlite_mysql_information_schema_columns` AS c
				SET
					column_key = s.column_key,
					is_nullable = IIF(s.column_key = 'PRI', 'NO', c.is_nullable)
			    FROM s
			    WHERE c.table_schema = ?
			    AND c.table_name = ?
				AND s.column_name = c.column_name
			 | parameters: database_name_here, wp_image_select_content, database_name_here, wp_image_select_content</li>
<li>Executing: 
					SELECT column_name, data_type, is_nullable, character_maximum_length
					FROM `_wp_sqlite_mysql_information_schema_columns`
					WHERE table_schema = ?
					AND table_name = ?
					AND column_name IN (?)
				 | parameters: database_name_here, wp_image_select_content, theme</li>
<li>Executing: INSERT INTO `_wp_sqlite_mysql_information_schema_statistics` (`table_schema`, `table_name`, `non_unique`, `index_schema`, `index_name`, `seq_in_index`, `column_name`, `collation`, `cardinality`, `sub_part`, `packed`, `nullable`, `index_type`, `comment`, `index_comment`, `is_visible`, `expression`) VALUES (?, ?, ?, ?, ?, ?, ?, ?, ?, ?, ?, ?, ?, ?, ?, ?, ?) | parameters: database_name_here, wp_image_select_content, 1, database_name_here, theme_idx, 1, theme, A, 0, , , , BTREE, , , YES, </li>
<li>Executing: 
				WITH s AS (
					SELECT
						column_name,
						CASE
							WHEN MAX(index_name = 'PRIMARY') THEN 'PRI'
							WHEN MAX(non_unique = 0 AND seq_in_index = 1) THEN 'UNI'
							WHEN MAX(seq_in_index = 1) THEN 'MUL'
							ELSE ''
						END AS column_key
					FROM `_wp_sqlite_mysql_information_schema_statistics`
					WHERE table_schema = ?
					AND table_name = ?
					GROUP BY column_name
				)
				UPDATE `_wp_sqlite_mysql_information_schema_columns` AS c
				SET
					column_key = s.column_key,
					is_nullable = IIF(s.column_key = 'PRI', 'NO', c.is_nullable)
			    FROM s
			    WHERE c.table_schema = ?
			    AND c.table_name = ?
				AND s.column_name = c.column_name
			 | parameters: database_name_here, wp_image_select_content, database_name_here, wp_image_select_content</li>
<li>Executing: ROLLBACK | (no parameters)</li>
</ol>
</div>
<div style="clear:both;margin-bottom:2px;border:red dotted thin;" class="error_message" style="border-bottom:dotted blue thin;">
FOREIGN KEY and CHECK constraints are not supported yet.
</div>
<p>Backtrace:</p>
<pre>#0 /internal/shared/sqlite-database-integration/wp-includes/sqlite-ast/class-wp-sqlite-driver.php(683): WP_SQLite_Driver->new_driver_exception('FOREIGN KEY and...', 0, Object(Exception))
#1 /internal/shared/sqlite-database-integration/wp-includes/sqlite/class-wp-sqlite-db.php(491): WP_SQLite_Driver->query('CREATE TABLE IF...')
#2 /internal/shared/sqlite-database-integration/wp-includes/sqlite/class-wp-sqlite-db.php(432): WP_SQLite_DB->_do_query('CREATE TABLE IF...')
#3 /wordpress/wp-content/plugins/image-select-widget/register.php(38): WP_SQLite_DB->query('CREATE TABLE IF...')
#4 /wordpress/wp-includes/class-wp-hook.php(324): image_select_install(false)
#5 /wordpress/wp-includes/class-wp-hook.php(348): WP_Hook->apply_filters('', Array)
#6 /wordpress/wp-includes/plugin.php(517): WP_Hook->do_action(Array)
#7 /wordpress/wp-admin/includes/plugin.php(703): do_action('activate_image-...', false)
#8 /internal/eval.php(20): activate_plugin('image-select-wi...')
#9 {main}</pre>
 for query CREATE TABLE IF NOT EXISTS `wp_image_select_content` ( `id` int(5) NOT NULL AUTO_INCREMENT, `theme` int(5) NOT NULL, `url` longtext NOT NULL, `title` longtext DEFAULT NULL, PRIMARY KEY (`id`), INDEX `theme_idx` (`theme` ASC), CONSTRAINT `theme` FOREIGN KEY (`theme`) REFERENCES `wp_image_select_theme` (`id`) ON DELETE CASCADE ON UPDATE CASCADE ) ENGINE = InnoDB  DEFAULT CHARSET = 'utf8' COLLATE 'utf8_general_ci' AUTO_INCREMENT = 0 ; made by activate_plugin, do_action('activate_image-select-widget/image-select.php'), WP_Hook->do_action, WP_Hook->apply_filters, image_select_install, WP_SQLite_DB->query, WP_SQLite_DB->print_error
[25-May-2025 23:32:33 UTC] WordPress database error <div style="clear:both">&nbsp;</div>
<div class="queries" style="clear:both;margin-bottom:2px;border:red dotted thin;">
<p>MySQL query:</p>
<p>INSERT INTO `wp_image_select_content` (`theme`, `url`) VALUES ('2', 'http://marcel-online.magix.net/images/spring/IMG1.jpg'); </p>
<p>Queries made or created this session were:</p>
<ol>
<li>Executing: BEGIN | (no parameters)</li>
<li>Executing: SELECT 1 FROM sqlite_temp_schema WHERE type = 'table' AND name = ? | parameters: wp_image_select_content</li>
<li>Executing: 
				SELECT column_name, is_nullable, column_default, data_type, extra
				FROM `_wp_sqlite_mysql_information_schema_columns`
				WHERE table_schema = ?
				AND table_name = ?
				ORDER BY ordinal_position
			 | parameters: database_name_here, wp_image_select_content</li>
<li>Executing: INSERT INTO `wp_image_select_content` () SELECT  FROM (VALUES ( '2' , 'http://marcel-online.magix.net/images/spring/IMG1.jpg' )) WHERE true | (no parameters)</li>
<li>Executing: ROLLBACK | (no parameters)</li>
</ol>
</div>
<div style="clear:both;margin-bottom:2px;border:red dotted thin;" class="error_message" style="border-bottom:dotted blue thin;">
SQLSTATE[HY000]: General error: 1 near ")": syntax error
</div>
<p>Backtrace:</p>
<pre>#0 /internal/shared/sqlite-database-integration/wp-includes/sqlite-ast/class-wp-sqlite-driver.php(683): WP_SQLite_Driver->new_driver_exception('SQLSTATE[HY000]...', 'HY000', Object(PDOException))
#1 /internal/shared/sqlite-database-integration/wp-includes/sqlite/class-wp-sqlite-db.php(491): WP_SQLite_Driver->query('INSERT INTO `wp...')
#2 /internal/shared/sqlite-database-integration/wp-includes/sqlite/class-wp-sqlite-db.php(432): WP_SQLite_DB->_do_query('INSERT INTO `wp...')
#3 /wordpress/wp-content/plugins/image-select-widget/register.php(65): WP_SQLite_DB->query('INSERT INTO `wp...')
#4 /wordpress/wp-includes/class-wp-hook.php(324): image_select_install(false)
#5 /wordpress/wp-includes/class-wp-hook.php(348): WP_Hook->apply_filters('', Array)
#6 /wordpress/wp-includes/plugin.php(517): WP_Hook->do_action(Array)
#7 /wordpress/wp-admin/includes/plugin.php(703): do_action('activate_image-...', false)
#8 /internal/eval.php(20): activate_plugin('image-select-wi...')
#9 {main}</pre>
 for query INSERT INTO `wp_image_select_content` (`theme`, `url`) VALUES ('2', 'http://marcel-online.magix.net/images/spring/IMG1.jpg');  made by activate_plugin, do_action('activate_image-select-widget/image-select.php'), WP_Hook->do_action, WP_Hook->apply_filters, image_select_install, WP_SQLite_DB->query, WP_SQLite_DB->print_error
[25-May-2025 23:32:33 UTC] WordPress database error <div style="clear:both">&nbsp;</div>
<div class="queries" style="clear:both;margin-bottom:2px;border:red dotted thin;">
<p>MySQL query:</p>
<p>INSERT INTO `wp_image_select_content` (`theme`, `url`) VALUES ('2', 'http://marcel-online.magix.net/images/spring/IMG2.jpg'); </p>
<p>Queries made or created this session were:</p>
<ol>
<li>Executing: BEGIN | (no parameters)</li>
<li>Executing: SELECT 1 FROM sqlite_temp_schema WHERE type = 'table' AND name = ? | parameters: wp_image_select_content</li>
<li>Executing: 
				SELECT column_name, is_nullable, column_default, data_type, extra
				FROM `_wp_sqlite_mysql_information_schema_columns`
				WHERE table_schema = ?
				AND table_name = ?
				ORDER BY ordinal_position
			 | parameters: database_name_here, wp_image_select_content</li>
<li>Executing: INSERT INTO `wp_image_select_content` () SELECT  FROM (VALUES ( '2' , 'http://marcel-online.magix.net/images/spring/IMG2.jpg' )) WHERE true | (no parameters)</li>
<li>Executing: ROLLBACK | (no parameters)</li>
</ol>
</div>
<div style="clear:both;margin-bottom:2px;border:red dotted thin;" class="error_message" style="border-bottom:dotted blue thin;">
SQLSTATE[HY000]: General error: 1 near ")": syntax error
</div>
<p>Backtrace:</p>
<pre>#0 /internal/shared/sqlite-database-integration/wp-includes/sqlite-ast/class-wp-sqlite-driver.php(683): WP_SQLite_Driver->new_driver_exception('SQLSTATE[HY000]...', 'HY000', Object(PDOException))
#1 /internal/shared/sqlite-database-integration/wp-includes/sqlite/class-wp-sqlite-db.php(491): WP_SQLite_Driver->query('INSERT INTO `wp...')
#2 /internal/shared/sqlite-database-integration/wp-includes/sqlite/class-wp-sqlite-db.php(432): WP_SQLite_DB->_do_query('INSERT INTO `wp...')
#3 /wordpress/wp-content/plugins/image-select-widget/register.php(65): WP_SQLite_DB->query('INSERT INTO `wp...')
#4 /wordpress/wp-includes/class-wp-hook.php(324): image_select_install(false)
#5 /wordpress/wp-includes/class-wp-hook.php(348): WP_Hook->apply_filters('', Array)
#6 /wordpress/wp-includes/plugin.php(517): WP_Hook->do_action(Array)
#7 /wordpress/wp-admin/includes/plugin.php(703): do_action('activate_image-...', false)
#8 /internal/eval.php(20): activate_plugin('image-select-wi...')
#9 {main}</pre>
 for query INSERT INTO `wp_image_select_content` (`theme`, `url`) VALUES ('2', 'http://marcel-online.magix.net/images/spring/IMG2.jpg');  made by activate_plugin, do_action('activate_image-select-widget/image-select.php'), WP_Hook->do_action, WP_Hook->apply_filters, image_select_install, WP_SQLite_DB->query, WP_SQLite_DB->print_error
[25-May-2025 23:32:33 UTC] WordPress database error <div style="clear:both">&nbsp;</div>
<div class="queries" style="clear:both;margin-bottom:2px;border:red dotted thin;">
<p>MySQL query:</p>
<p>INSERT INTO `wp_image_select_content` (`theme`, `url`) VALUES ('2', 'http://marcel-online.magix.net/images/spring/IMG3.jpg'); </p>
<p>Queries made or created this session were:</p>
<ol>
<li>Executing: BEGIN | (no parameters)</li>
<li>Executing: SELECT 1 FROM sqlite_temp_schema WHERE type = 'table' AND name = ? | parameters: wp_image_select_content</li>
<li>Executing: 
				SELECT column_name, is_nullable, column_default, data_type, extra
				FROM `_wp_sqlite_mysql_information_schema_columns`
				WHERE table_schema = ?
				AND table_name = ?
				ORDER BY ordinal_position
			 | parameters: database_name_here, wp_image_select_content</li>
<li>Executing: INSERT INTO `wp_image_select_content` () SELECT  FROM (VALUES ( '2' , 'http://marcel-online.magix.net/images/spring/IMG3.jpg' )) WHERE true | (no parameters)</li>
<li>Executing: ROLLBACK | (no parameters)</li>
</ol>
</div>
<div style="clear:both;margin-bottom:2px;border:red dotted thin;" class="error_message" style="border-bottom:dotted blue thin;">
SQLSTATE[HY000]: General error: 1 near ")": syntax error
</div>
<p>Backtrace:</p>
<pre>#0 /internal/shared/sqlite-database-integration/wp-includes/sqlite-ast/class-wp-sqlite-driver.php(683): WP_SQLite_Driver->new_driver_exception('SQLSTATE[HY000]...', 'HY000', Object(PDOException))
#1 /internal/shared/sqlite-database-integration/wp-includes/sqlite/class-wp-sqlite-db.php(491): WP_SQLite_Driver->query('INSERT INTO `wp...')
#2 /internal/shared/sqlite-database-integration/wp-includes/sqlite/class-wp-sqlite-db.php(432): WP_SQLite_DB->_do_query('INSERT INTO `wp...')
#3 /wordpress/wp-content/plugins/image-select-widget/register.php(65): WP_SQLite_DB->query('INSERT INTO `wp...')
#4 /wordpress/wp-includes/class-wp-hook.php(324): image_select_install(false)
#5 /wordpress/wp-includes/class-wp-hook.php(348): WP_Hook->apply_filters('', Array)
#6 /wordpress/wp-includes/plugin.php(517): WP_Hook->do_action(Array)
#7 /wordpress/wp-admin/includes/plugin.php(703): do_action('activate_image-...', false)
#8 /internal/eval.php(20): activate_plugin('image-select-wi...')
#9 {main}</pre>
 for query INSERT INTO `wp_image_select_content` (`theme`, `url`) VALUES ('2', 'http://marcel-online.magix.net/images/spring/IMG3.jpg');  made by activate_plugin, do_action('activate_image-select-widget/image-select.php'), WP_Hook->do_action, WP_Hook->apply_filters, image_select_install, WP_SQLite_DB->query, WP_SQLite_DB->print_error
[25-May-2025 23:32:33 UTC] WordPress database error <div style="clear:both">&nbsp;</div>
<div class="queries" style="clear:both;margin-bottom:2px;border:red dotted thin;">
<p>MySQL query:</p>
<p>INSERT INTO `wp_image_select_content` (`theme`, `url`) VALUES ('2', 'http://marcel-online.magix.net/images/spring/IMG4.jpg'); </p>
<p>Queries made or created this session were:</p>
<ol>
<li>Executing: BEGIN | (no parameters)</li>
<li>Executing: SELECT 1 FROM sqlite_temp_schema WHERE type = 'table' AND name = ? | parameters: wp_image_select_content</li>
<li>Executing: 
				SELECT column_name, is_nullable, column_default, data_type, extra
				FROM `_wp_sqlite_mysql_information_schema_columns`
				WHERE table_schema = ?
				AND table_name = ?
				ORDER BY ordinal_position
			 | parameters: database_name_here, wp_image_select_content</li>
<li>Executing: INSERT INTO `wp_image_select_content` () SELECT  FROM (VALUES ( '2' , 'http://marcel-online.magix.net/images/spring/IMG4.jpg' )) WHERE true | (no parameters)</li>
<li>Executing: ROLLBACK | (no parameters)</li>
</ol>
</div>
<div style="clear:both;margin-bottom:2px;border:red dotted thin;" class="error_message" style="border-bottom:dotted blue thin;">
SQLSTATE[HY000]: General error: 1 near ")": syntax error
</div>
<p>Backtrace:</p>
<pre>#0 /internal/shared/sqlite-database-integration/wp-includes/sqlite-ast/class-wp-sqlite-driver.php(683): WP_SQLite_Driver->new_driver_exception('SQLSTATE[HY000]...', 'HY000', Object(PDOException))
#1 /internal/shared/sqlite-database-integration/wp-includes/sqlite/class-wp-sqlite-db.php(491): WP_SQLite_Driver->query('INSERT INTO `wp...')
#2 /internal/shared/sqlite-database-integration/wp-includes/sqlite/class-wp-sqlite-db.php(432): WP_SQLite_DB->_do_query('INSERT INTO `wp...')
#3 /wordpress/wp-content/plugins/image-select-widget/register.php(65): WP_SQLite_DB->query('INSERT INTO `wp...')
#4 /wordpress/wp-includes/class-wp-hook.php(324): image_select_install(false)
#5 /wordpress/wp-includes/class-wp-hook.php(348): WP_Hook->apply_filters('', Array)
#6 /wordpress/wp-includes/plugin.php(517): WP_Hook->do_action(Array)
#7 /wordpress/wp-admin/includes/plugin.php(703): do_action('activate_image-...', false)
#8 /internal/eval.php(20): activate_plugin('image-select-wi...')
#9 {main}</pre>
 for query INSERT INTO `wp_image_select_content` (`theme`, `url`) VALUES ('2', 'http://marcel-online.magix.net/images/spring/IMG4.jpg');  made by activate_plugin, do_action('activate_image-select-widget/image-select.php'), WP_Hook->do_action, WP_Hook->apply_filters, image_select_install, WP_SQLite_DB->query, WP_SQLite_DB->print_error
[25-May-2025 23:32:33 UTC] WordPress database error <div style="clear:both">&nbsp;</div>
<div class="queries" style="clear:both;margin-bottom:2px;border:red dotted thin;">
<p>MySQL query:</p>
<p>INSERT INTO `wp_image_select_content` (`theme`, `url`) VALUES ('3', 'http://marcel-online.magix.net/images/summer/IMG1.jpg'); </p>
<p>Queries made or created this session were:</p>
<ol>
<li>Executing: BEGIN | (no parameters)</li>
<li>Executing: SELECT 1 FROM sqlite_temp_schema WHERE type = 'table' AND name = ? | parameters: wp_image_select_content</li>
<li>Executing: 
				SELECT column_name, is_nullable, column_default, data_type, extra
				FROM `_wp_sqlite_mysql_information_schema_columns`
				WHERE table_schema = ?
				AND table_name = ?
				ORDER BY ordinal_position
			 | parameters: database_name_here, wp_image_select_content</li>
<li>Executing: INSERT INTO `wp_image_select_content` () SELECT  FROM (VALUES ( '3' , 'http://marcel-online.magix.net/images/summer/IMG1.jpg' )) WHERE true | (no parameters)</li>
<li>Executing: ROLLBACK | (no parameters)</li>
</ol>
</div>
<div style="clear:both;margin-bottom:2px;border:red dotted thin;" class="error_message" style="border-bottom:dotted blue thin;">
SQLSTATE[HY000]: General error: 1 near ")": syntax error
</div>
<p>Backtrace:</p>
<pre>#0 /internal/shared/sqlite-database-integration/wp-includes/sqlite-ast/class-wp-sqlite-driver.php(683): WP_SQLite_Driver->new_driver_exception('SQLSTATE[HY000]...', 'HY000', Object(PDOException))
#1 /internal/shared/sqlite-database-integration/wp-includes/sqlite/class-wp-sqlite-db.php(491): WP_SQLite_Driver->query('INSERT INTO `wp...')
#2 /internal/shared/sqlite-database-integration/wp-includes/sqlite/class-wp-sqlite-db.php(432): WP_SQLite_DB->_do_query('INSERT INTO `wp...')
#3 /wordpress/wp-content/plugins/image-select-widget/register.php(65): WP_SQLite_DB->query('INSERT INTO `wp...')
#4 /wordpress/wp-includes/class-wp-hook.php(324): image_select_install(false)
#5 /wordpress/wp-includes/class-wp-hook.php(348): WP_Hook->apply_filters('', Array)
#6 /wordpress/wp-includes/plugin.php(517): WP_Hook->do_action(Array)
#7 /wordpress/wp-admin/includes/plugin.php(703): do_action('activate_image-...', false)
#8 /internal/eval.php(20): activate_plugin('image-select-wi...')
#9 {main}</pre>
 for query INSERT INTO `wp_image_select_content` (`theme`, `url`) VALUES ('3', 'http://marcel-online.magix.net/images/summer/IMG1.jpg');  made by activate_plugin, do_action('activate_image-select-widget/image-select.php'), WP_Hook->do_action, WP_Hook->apply_filters, image_select_install, WP_SQLite_DB->query, WP_SQLite_DB->print_error
[25-May-2025 23:32:33 UTC] WordPress database error <div style="clear:both">&nbsp;</div>
<div class="queries" style="clear:both;margin-bottom:2px;border:red dotted thin;">
<p>MySQL query:</p>
<p>INSERT INTO `wp_image_select_content` (`theme`, `url`) VALUES ('3', 'http://marcel-online.magix.net/images/summer/IMG2.jpg'); </p>
<p>Queries made or created this session were:</p>
<ol>
<li>Executing: BEGIN | (no parameters)</li>
<li>Executing: SELECT 1 FROM sqlite_temp_schema WHERE type = 'table' AND name = ? | parameters: wp_image_select_content</li>
<li>Executing: 
				SELECT column_name, is_nullable, column_default, data_type, extra
				FROM `_wp_sqlite_mysql_information_schema_columns`
				WHERE table_schema = ?
				AND table_name = ?
				ORDER BY ordinal_position
			 | parameters: database_name_here, wp_image_select_content</li>
<li>Executing: INSERT INTO `wp_image_select_content` () SELECT  FROM (VALUES ( '3' , 'http://marcel-online.magix.net/images/summer/IMG2.jpg' )) WHERE true | (no parameters)</li>
<li>Executing: ROLLBACK | (no parameters)</li>
</ol>
</div>
<div style="clear:both;margin-bottom:2px;border:red dotted thin;" class="error_message" style="border-bottom:dotted blue thin;">
SQLSTATE[HY000]: General error: 1 near ")": syntax error
</div>
<p>Backtrace:</p>
<pre>#0 /internal/shared/sqlite-database-integration/wp-includes/sqlite-ast/class-wp-sqlite-driver.php(683): WP_SQLite_Driver->new_driver_exception('SQLSTATE[HY000]...', 'HY000', Object(PDOException))
#1 /internal/shared/sqlite-database-integration/wp-includes/sqlite/class-wp-sqlite-db.php(491): WP_SQLite_Driver->query('INSERT INTO `wp...')
#2 /internal/shared/sqlite-database-integration/wp-includes/sqlite/class-wp-sqlite-db.php(432): WP_SQLite_DB->_do_query('INSERT INTO `wp...')
#3 /wordpress/wp-content/plugins/image-select-widget/register.php(65): WP_SQLite_DB->query('INSERT INTO `wp...')
#4 /wordpress/wp-includes/class-wp-hook.php(324): image_select_install(false)
#5 /wordpress/wp-includes/class-wp-hook.php(348): WP_Hook->apply_filters('', Array)
#6 /wordpress/wp-includes/plugin.php(517): WP_Hook->do_action(Array)
#7 /wordpress/wp-admin/includes/plugin.php(703): do_action('activate_image-...', false)
#8 /internal/eval.php(20): activate_plugin('image-select-wi...')
#9 {main}</pre>
 for query INSERT INTO `wp_image_select_content` (`theme`, `url`) VALUES ('3', 'http://marcel-online.magix.net/images/summer/IMG2.jpg');  made by activate_plugin, do_action('activate_image-select-widget/image-select.php'), WP_Hook->do_action, WP_Hook->apply_filters, image_select_install, WP_SQLite_DB->query, WP_SQLite_DB->print_error
[25-May-2025 23:32:33 UTC] WordPress database error <div style="clear:both">&nbsp;</div>
<div class="queries" style="clear:both;margin-bottom:2px;border:red dotted thin;">
<p>MySQL query:</p>
<p>INSERT INTO `wp_image_select_content` (`theme`, `url`) VALUES ('3', 'http://marcel-online.magix.net/images/summer/IMG3.jpg'); </p>
<p>Queries made or created this session were:</p>
<ol>
<li>Executing: BEGIN | (no parameters)</li>
<li>Executing: SELECT 1 FROM sqlite_temp_schema WHERE type = 'table' AND name = ? | parameters: wp_image_select_content</li>
<li>Executing: 
				SELECT column_name, is_nullable, column_default, data_type, extra
				FROM `_wp_sqlite_mysql_information_schema_columns`
				WHERE table_schema = ?
				AND table_name = ?
				ORDER BY ordinal_position
			 | parameters: database_name_here, wp_image_select_content</li>
<li>Executing: INSERT INTO `wp_image_select_content` () SELECT  FROM (VALUES ( '3' , 'http://marcel-online.magix.net/images/summer/IMG3.jpg' )) WHERE true | (no parameters)</li>
<li>Executing: ROLLBACK | (no parameters)</li>
</ol>
</div>
<div style="clear:both;margin-bottom:2px;border:red dotted thin;" class="error_message" style="border-bottom:dotted blue thin;">
SQLSTATE[HY000]: General error: 1 near ")": syntax error
</div>
<p>Backtrace:</p>
<pre>#0 /internal/shared/sqlite-database-integration/wp-includes/sqlite-ast/class-wp-sqlite-driver.php(683): WP_SQLite_Driver->new_driver_exception('SQLSTATE[HY000]...', 'HY000', Object(PDOException))
#1 /internal/shared/sqlite-database-integration/wp-includes/sqlite/class-wp-sqlite-db.php(491): WP_SQLite_Driver->query('INSERT INTO `wp...')
#2 /internal/shared/sqlite-database-integration/wp-includes/sqlite/class-wp-sqlite-db.php(432): WP_SQLite_DB->_do_query('INSERT INTO `wp...')
#3 /wordpress/wp-content/plugins/image-select-widget/register.php(65): WP_SQLite_DB->query('INSERT INTO `wp...')
#4 /wordpress/wp-includes/class-wp-hook.php(324): image_select_install(false)
#5 /wordpress/wp-includes/class-wp-hook.php(348): WP_Hook->apply_filters('', Array)
#6 /wordpress/wp-includes/plugin.php(517): WP_Hook->do_action(Array)
#7 /wordpress/wp-admin/includes/plugin.php(703): do_action('activate_image-...', false)
#8 /internal/eval.php(20): activate_plugin('image-select-wi...')
#9 {main}</pre>
 for query INSERT INTO `wp_image_select_content` (`theme`, `url`) VALUES ('3', 'http://marcel-online.magix.net/images/summer/IMG3.jpg');  made by activate_plugin, do_action('activate_image-select-widget/image-select.php'), WP_Hook->do_action, WP_Hook->apply_filters, image_select_install, WP_SQLite_DB->query, WP_SQLite_DB->print_error
[25-May-2025 23:32:33 UTC] WordPress database error <div style="clear:both">&nbsp;</div>
<div class="queries" style="clear:both;margin-bottom:2px;border:red dotted thin;">
<p>MySQL query:</p>
<p>INSERT INTO `wp_image_select_content` (`theme`, `url`) VALUES ('3', 'http://marcel-online.magix.net/images/summer/IMG4.jpg'); </p>
<p>Queries made or created this session were:</p>
<ol>
<li>Executing: BEGIN | (no parameters)</li>
<li>Executing: SELECT 1 FROM sqlite_temp_schema WHERE type = 'table' AND name = ? | parameters: wp_image_select_content</li>
<li>Executing: 
				SELECT column_name, is_nullable, column_default, data_type, extra
				FROM `_wp_sqlite_mysql_information_schema_columns`
				WHERE table_schema = ?
				AND table_name = ?
				ORDER BY ordinal_position
			 | parameters: database_name_here, wp_image_select_content</li>
<li>Executing: INSERT INTO `wp_image_select_content` () SELECT  FROM (VALUES ( '3' , 'http://marcel-online.magix.net/images/summer/IMG4.jpg' )) WHERE true | (no parameters)</li>
<li>Executing: ROLLBACK | (no parameters)</li>
</ol>
</div>
<div style="clear:both;margin-bottom:2px;border:red dotted thin;" class="error_message" style="border-bottom:dotted blue thin;">
SQLSTATE[HY000]: General error: 1 near ")": syntax error
</div>
<p>Backtrace:</p>
<pre>#0 /internal/shared/sqlite-database-integration/wp-includes/sqlite-ast/class-wp-sqlite-driver.php(683): WP_SQLite_Driver->new_driver_exception('SQLSTATE[HY000]...', 'HY000', Object(PDOException))
#1 /internal/shared/sqlite-database-integration/wp-includes/sqlite/class-wp-sqlite-db.php(491): WP_SQLite_Driver->query('INSERT INTO `wp...')
#2 /internal/shared/sqlite-database-integration/wp-includes/sqlite/class-wp-sqlite-db.php(432): WP_SQLite_DB->_do_query('INSERT INTO `wp...')
#3 /wordpress/wp-content/plugins/image-select-widget/register.php(65): WP_SQLite_DB->query('INSERT INTO `wp...')
#4 /wordpress/wp-includes/class-wp-hook.php(324): image_select_install(false)
#5 /wordpress/wp-includes/class-wp-hook.php(348): WP_Hook->apply_filters('', Array)
#6 /wordpress/wp-includes/plugin.php(517): WP_Hook->do_action(Array)
#7 /wordpress/wp-admin/includes/plugin.php(703): do_action('activate_image-...', false)
#8 /internal/eval.php(20): activate_plugin('image-select-wi...')
#9 {main}</pre>
 for query INSERT INTO `wp_image_select_content` (`theme`, `url`) VALUES ('3', 'http://marcel-online.magix.net/images/summer/IMG4.jpg');  made by activate_plugin, do_action('activate_image-select-widget/image-select.php'), WP_Hook->do_action, WP_Hook->apply_filters, image_select_install, WP_SQLite_DB->query, WP_SQLite_DB->print_error
[25-May-2025 23:32:33 UTC] WordPress database error <div style="clear:both">&nbsp;</div>
<div class="queries" style="clear:both;margin-bottom:2px;border:red dotted thin;">
<p>MySQL query:</p>
<p>INSERT INTO `wp_image_select_content` (`theme`, `url`) VALUES ('4', 'http://marcel-online.magix.net/images/autumn/IMG1.jpg'); </p>
<p>Queries made or created this session were:</p>
<ol>
<li>Executing: BEGIN | (no parameters)</li>
<li>Executing: SELECT 1 FROM sqlite_temp_schema WHERE type = 'table' AND name = ? | parameters: wp_image_select_content</li>
<li>Executing: 
				SELECT column_name, is_nullable, column_default, data_type, extra
				FROM `_wp_sqlite_mysql_information_schema_columns`
				WHERE table_schema = ?
				AND table_name = ?
				ORDER BY ordinal_position
			 | parameters: database_name_here, wp_image_select_content</li>
<li>Executing: INSERT INTO `wp_image_select_content` () SELECT  FROM (VALUES ( '4' , 'http://marcel-online.magix.net/images/autumn/IMG1.jpg' )) WHERE true | (no parameters)</li>
<li>Executing: ROLLBACK | (no parameters)</li>
</ol>
</div>
<div style="clear:both;margin-bottom:2px;border:red dotted thin;" class="error_message" style="border-bottom:dotted blue thin;">
SQLSTATE[HY000]: General error: 1 near ")": syntax error
</div>
<p>Backtrace:</p>
<pre>#0 /internal/shared/sqlite-database-integration/wp-includes/sqlite-ast/class-wp-sqlite-driver.php(683): WP_SQLite_Driver->new_driver_exception('SQLSTATE[HY000]...', 'HY000', Object(PDOException))
#1 /internal/shared/sqlite-database-integration/wp-includes/sqlite/class-wp-sqlite-db.php(491): WP_SQLite_Driver->query('INSERT INTO `wp...')
#2 /internal/shared/sqlite-database-integration/wp-includes/sqlite/class-wp-sqlite-db.php(432): WP_SQLite_DB->_do_query('INSERT INTO `wp...')
#3 /wordpress/wp-content/plugins/image-select-widget/register.php(65): WP_SQLite_DB->query('INSERT INTO `wp...')
#4 /wordpress/wp-includes/class-wp-hook.php(324): image_select_install(false)
#5 /wordpress/wp-includes/class-wp-hook.php(348): WP_Hook->apply_filters('', Array)
#6 /wordpress/wp-includes/plugin.php(517): WP_Hook->do_action(Array)
#7 /wordpress/wp-admin/includes/plugin.php(703): do_action('activate_image-...', false)
#8 /internal/eval.php(20): activate_plugin('image-select-wi...')
#9 {main}</pre>
 for query INSERT INTO `wp_image_select_content` (`theme`, `url`) VALUES ('4', 'http://marcel-online.magix.net/images/autumn/IMG1.jpg');  made by activate_plugin, do_action('activate_image-select-widget/image-select.php'), WP_Hook->do_action, WP_Hook->apply_filters, image_select_install, WP_SQLite_DB->query, WP_SQLite_DB->print_error
[25-May-2025 23:32:33 UTC] WordPress database error <div style="clear:both">&nbsp;</div>
<div class="queries" style="clear:both;margin-bottom:2px;border:red dotted thin;">
<p>MySQL query:</p>
<p>INSERT INTO `wp_image_select_content` (`theme`, `url`) VALUES ('4', 'http://marcel-online.magix.net/images/autumn/IMG2.jpg'); </p>
<p>Queries made or created this session were:</p>
<ol>
<li>Executing: BEGIN | (no parameters)</li>
<li>Executing: SELECT 1 FROM sqlite_temp_schema WHERE type = 'table' AND name = ? | parameters: wp_image_select_content</li>
<li>Executing: 
				SELECT column_name, is_nullable, column_default, data_type, extra
				FROM `_wp_sqlite_mysql_information_schema_columns`
				WHERE table_schema = ?
				AND table_name = ?
				ORDER BY ordinal_position
			 | parameters: database_name_here, wp_image_select_content</li>
<li>Executing: INSERT INTO `wp_image_select_content` () SELECT  FROM (VALUES ( '4' , 'http://marcel-online.magix.net/images/autumn/IMG2.jpg' )) WHERE true | (no parameters)</li>
<li>Executing: ROLLBACK | (no parameters)</li>
</ol>
</div>
<div style="clear:both;margin-bottom:2px;border:red dotted thin;" class="error_message" style="border-bottom:dotted blue thin;">
SQLSTATE[HY000]: General error: 1 near ")": syntax error
</div>
<p>Backtrace:</p>
<pre>#0 /internal/shared/sqlite-database-integration/wp-includes/sqlite-ast/class-wp-sqlite-driver.php(683): WP_SQLite_Driver->new_driver_exception('SQLSTATE[HY000]...', 'HY000', Object(PDOException))
#1 /internal/shared/sqlite-database-integration/wp-includes/sqlite/class-wp-sqlite-db.php(491): WP_SQLite_Driver->query('INSERT INTO `wp...')
#2 /internal/shared/sqlite-database-integration/wp-includes/sqlite/class-wp-sqlite-db.php(432): WP_SQLite_DB->_do_query('INSERT INTO `wp...')
#3 /wordpress/wp-content/plugins/image-select-widget/register.php(65): WP_SQLite_DB->query('INSERT INTO `wp...')
#4 /wordpress/wp-includes/class-wp-hook.php(324): image_select_install(false)
#5 /wordpress/wp-includes/class-wp-hook.php(348): WP_Hook->apply_filters('', Array)
#6 /wordpress/wp-includes/plugin.php(517): WP_Hook->do_action(Array)
#7 /wordpress/wp-admin/includes/plugin.php(703): do_action('activate_image-...', false)
#8 /internal/eval.php(20): activate_plugin('image-select-wi...')
#9 {main}</pre>
 for query INSERT INTO `wp_image_select_content` (`theme`, `url`) VALUES ('4', 'http://marcel-online.magix.net/images/autumn/IMG2.jpg');  made by activate_plugin, do_action('activate_image-select-widget/image-select.php'), WP_Hook->do_action, WP_Hook->apply_filters, image_select_install, WP_SQLite_DB->query, WP_SQLite_DB->print_error
[25-May-2025 23:32:33 UTC] WordPress database error <div style="clear:both">&nbsp;</div>
<div class="queries" style="clear:both;margin-bottom:2px;border:red dotted thin;">
<p>MySQL query:</p>
<p>INSERT INTO `wp_image_select_content` (`theme`, `url`) VALUES ('4', 'http://marcel-online.magix.net/images/autumn/IMG3.jpg'); </p>
<p>Queries made or created this session were:</p>
<ol>
<li>Executing: BEGIN | (no parameters)</li>
<li>Executing: SELECT 1 FROM sqlite_temp_schema WHERE type = 'table' AND name = ? | parameters: wp_image_select_content</li>
<li>Executing: 
				SELECT column_name, is_nullable, column_default, data_type, extra
				FROM `_wp_sqlite_mysql_information_schema_columns`
				WHERE table_schema = ?
				AND table_name = ?
				ORDER BY ordinal_position
			 | parameters: database_name_here, wp_image_select_content</li>
<li>Executing: INSERT INTO `wp_image_select_content` () SELECT  FROM (VALUES ( '4' , 'http://marcel-online.magix.net/images/autumn/IMG3.jpg' )) WHERE true | (no parameters)</li>
<li>Executing: ROLLBACK | (no parameters)</li>
</ol>
</div>
<div style="clear:both;margin-bottom:2px;border:red dotted thin;" class="error_message" style="border-bottom:dotted blue thin;">
SQLSTATE[HY000]: General error: 1 near ")": syntax error
</div>
<p>Backtrace:</p>
<pre>#0 /internal/shared/sqlite-database-integration/wp-includes/sqlite-ast/class-wp-sqlite-driver.php(683): WP_SQLite_Driver->new_driver_exception('SQLSTATE[HY000]...', 'HY000', Object(PDOException))
#1 /internal/shared/sqlite-database-integration/wp-includes/sqlite/class-wp-sqlite-db.php(491): WP_SQLite_Driver->query('INSERT INTO `wp...')
#2 /internal/shared/sqlite-database-integration/wp-includes/sqlite/class-wp-sqlite-db.php(432): WP_SQLite_DB->_do_query('INSERT INTO `wp...')
#3 /wordpress/wp-content/plugins/image-select-widget/register.php(65): WP_SQLite_DB->query('INSERT INTO `wp...')
#4 /wordpress/wp-includes/class-wp-hook.php(324): image_select_install(false)
#5 /wordpress/wp-includes/class-wp-hook.php(348): WP_Hook->apply_filters('', Array)
#6 /wordpress/wp-includes/plugin.php(517): WP_Hook->do_action(Array)
#7 /wordpress/wp-admin/includes/plugin.php(703): do_action('activate_image-...', false)
#8 /internal/eval.php(20): activate_plugin('image-select-wi...')
#9 {main}</pre>
 for query INSERT INTO `wp_image_select_content` (`theme`, `url`) VALUES ('4', 'http://marcel-online.magix.net/images/autumn/IMG3.jpg');  made by activate_plugin, do_action('activate_image-select-widget/image-select.php'), WP_Hook->do_action, WP_Hook->apply_filters, image_select_install, WP_SQLite_DB->query, WP_SQLite_DB->print_error
[25-May-2025 23:32:33 UTC] WordPress database error <div style="clear:both">&nbsp;</div>
<div class="queries" style="clear:both;margin-bottom:2px;border:red dotted thin;">
<p>MySQL query:</p>
<p>INSERT INTO `wp_image_select_content` (`theme`, `url`) VALUES ('4', 'http://marcel-online.magix.net/images/autumn/IMG4.jpg'); </p>
<p>Queries made or created this session were:</p>
<ol>
<li>Executing: BEGIN | (no parameters)</li>
<li>Executing: SELECT 1 FROM sqlite_temp_schema WHERE type = 'table' AND name = ? | parameters: wp_image_select_content</li>
<li>Executing: 
				SELECT column_name, is_nullable, column_default, data_type, extra
				FROM `_wp_sqlite_mysql_information_schema_columns`
				WHERE table_schema = ?
				AND table_name = ?
				ORDER BY ordinal_position
			 | parameters: database_name_here, wp_image_select_content</li>
<li>Executing: INSERT INTO `wp_image_select_content` () SELECT  FROM (VALUES ( '4' , 'http://marcel-online.magix.net/images/autumn/IMG4.jpg' )) WHERE true | (no parameters)</li>
<li>Executing: ROLLBACK | (no parameters)</li>
</ol>
</div>
<div style="clear:both;margin-bottom:2px;border:red dotted thin;" class="error_message" style="border-bottom:dotted blue thin;">
SQLSTATE[HY000]: General error: 1 near ")": syntax error
</div>
<p>Backtrace:</p>
<pre>#0 /internal/shared/sqlite-database-integration/wp-includes/sqlite-ast/class-wp-sqlite-driver.php(683): WP_SQLite_Driver->new_driver_exception('SQLSTATE[HY000]...', 'HY000', Object(PDOException))
#1 /internal/shared/sqlite-database-integration/wp-includes/sqlite/class-wp-sqlite-db.php(491): WP_SQLite_Driver->query('INSERT INTO `wp...')
#2 /internal/shared/sqlite-database-integration/wp-includes/sqlite/class-wp-sqlite-db.php(432): WP_SQLite_DB->_do_query('INSERT INTO `wp...')
#3 /wordpress/wp-content/plugins/image-select-widget/register.php(65): WP_SQLite_DB->query('INSERT INTO `wp...')
#4 /wordpress/wp-includes/class-wp-hook.php(324): image_select_install(false)
#5 /wordpress/wp-includes/class-wp-hook.php(348): WP_Hook->apply_filters('', Array)
#6 /wordpress/wp-includes/plugin.php(517): WP_Hook->do_action(Array)
#7 /wordpress/wp-admin/includes/plugin.php(703): do_action('activate_image-...', false)
#8 /internal/eval.php(20): activate_plugin('image-select-wi...')
#9 {main}</pre>
 for query INSERT INTO `wp_image_select_content` (`theme`, `url`) VALUES ('4', 'http://marcel-online.magix.net/images/autumn/IMG4.jpg');  made by activate_plugin, do_action('activate_image-select-widget/image-select.php'), WP_Hook->do_action, WP_Hook->apply_filters, image_select_install, WP_SQLite_DB->query, WP_SQLite_DB->print_error
[25-May-2025 23:32:33 UTC] WordPress database error <div style="clear:both">&nbsp;</div>
<div class="queries" style="clear:both;margin-bottom:2px;border:red dotted thin;">
<p>MySQL query:</p>
<p>INSERT INTO `wp_image_select_content` (`theme`, `url`) VALUES ('5', 'http://marcel-online.magix.net/images/winter/IMG1.jpg'); </p>
<p>Queries made or created this session were:</p>
<ol>
<li>Executing: BEGIN | (no parameters)</li>
<li>Executing: SELECT 1 FROM sqlite_temp_schema WHERE type = 'table' AND name = ? | parameters: wp_image_select_content</li>
<li>Executing: 
				SELECT column_name, is_nullable, column_default, data_type, extra
				FROM `_wp_sqlite_mysql_information_schema_columns`
				WHERE table_schema = ?
				AND table_name = ?
				ORDER BY ordinal_position
			 | parameters: database_name_here, wp_image_select_content</li>
<li>Executing: INSERT INTO `wp_image_select_content` () SELECT  FROM (VALUES ( '5' , 'http://marcel-online.magix.net/images/winter/IMG1.jpg' )) WHERE true | (no parameters)</li>
<li>Executing: ROLLBACK | (no parameters)</li>
</ol>
</div>
<div style="clear:both;margin-bottom:2px;border:red dotted thin;" class="error_message" style="border-bottom:dotted blue thin;">
SQLSTATE[HY000]: General error: 1 near ")": syntax error
</div>
<p>Backtrace:</p>
<pre>#0 /internal/shared/sqlite-database-integration/wp-includes/sqlite-ast/class-wp-sqlite-driver.php(683): WP_SQLite_Driver->new_driver_exception('SQLSTATE[HY000]...', 'HY000', Object(PDOException))
#1 /internal/shared/sqlite-database-integration/wp-includes/sqlite/class-wp-sqlite-db.php(491): WP_SQLite_Driver->query('INSERT INTO `wp...')
#2 /internal/shared/sqlite-database-integration/wp-includes/sqlite/class-wp-sqlite-db.php(432): WP_SQLite_DB->_do_query('INSERT INTO `wp...')
#3 /wordpress/wp-content/plugins/image-select-widget/register.php(65): WP_SQLite_DB->query('INSERT INTO `wp...')
#4 /wordpress/wp-includes/class-wp-hook.php(324): image_select_install(false)
#5 /wordpress/wp-includes/class-wp-hook.php(348): WP_Hook->apply_filters('', Array)
#6 /wordpress/wp-includes/plugin.php(517): WP_Hook->do_action(Array)
#7 /wordpress/wp-admin/includes/plugin.php(703): do_action('activate_image-...', false)
#8 /internal/eval.php(20): activate_plugin('image-select-wi...')
#9 {main}</pre>
 for query INSERT INTO `wp_image_select_content` (`theme`, `url`) VALUES ('5', 'http://marcel-online.magix.net/images/winter/IMG1.jpg');  made by activate_plugin, do_action('activate_image-select-widget/image-select.php'), WP_Hook->do_action, WP_Hook->apply_filters, image_select_install, WP_SQLite_DB->query, WP_SQLite_DB->print_error
[25-May-2025 23:32:33 UTC] WordPress database error <div style="clear:both">&nbsp;</div>
<div class="queries" style="clear:both;margin-bottom:2px;border:red dotted thin;">
<p>MySQL query:</p>
<p>INSERT INTO `wp_image_select_content` (`theme`, `url`) VALUES ('5', 'http://marcel-online.magix.net/images/winter/IMG2.jpg'); </p>
<p>Queries made or created this session were:</p>
<ol>
<li>Executing: BEGIN | (no parameters)</li>
<li>Executing: SELECT 1 FROM sqlite_temp_schema WHERE type = 'table' AND name = ? | parameters: wp_image_select_content</li>
<li>Executing: 
				SELECT column_name, is_nullable, column_default, data_type, extra
				FROM `_wp_sqlite_mysql_information_schema_columns`
				WHERE table_schema = ?
				AND table_name = ?
				ORDER BY ordinal_position
			 | parameters: database_name_here, wp_image_select_content</li>
<li>Executing: INSERT INTO `wp_image_select_content` () SELECT  FROM (VALUES ( '5' , 'http://marcel-online.magix.net/images/winter/IMG2.jpg' )) WHERE true | (no parameters)</li>
<li>Executing: ROLLBACK | (no parameters)</li>
</ol>
</div>
<div style="clear:both;margin-bottom:2px;border:red dotted thin;" class="error_message" style="border-bottom:dotted blue thin;">
SQLSTATE[HY000]: General error: 1 near ")": syntax error
</div>
<p>Backtrace:</p>
<pre>#0 /internal/shared/sqlite-database-integration/wp-includes/sqlite-ast/class-wp-sqlite-driver.php(683): WP_SQLite_Driver->new_driver_exception('SQLSTATE[HY000]...', 'HY000', Object(PDOException))
#1 /internal/shared/sqlite-database-integration/wp-includes/sqlite/class-wp-sqlite-db.php(491): WP_SQLite_Driver->query('INSERT INTO `wp...')
#2 /internal/shared/sqlite-database-integration/wp-includes/sqlite/class-wp-sqlite-db.php(432): WP_SQLite_DB->_do_query('INSERT INTO `wp...')
#3 /wordpress/wp-content/plugins/image-select-widget/register.php(65): WP_SQLite_DB->query('INSERT INTO `wp...')
#4 /wordpress/wp-includes/class-wp-hook.php(324): image_select_install(false)
#5 /wordpress/wp-includes/class-wp-hook.php(348): WP_Hook->apply_filters('', Array)
#6 /wordpress/wp-includes/plugin.php(517): WP_Hook->do_action(Array)
#7 /wordpress/wp-admin/includes/plugin.php(703): do_action('activate_image-...', false)
#8 /internal/eval.php(20): activate_plugin('image-select-wi...')
#9 {main}</pre>
 for query INSERT INTO `wp_image_select_content` (`theme`, `url`) VALUES ('5', 'http://marcel-online.magix.net/images/winter/IMG2.jpg');  made by activate_plugin, do_action('activate_image-select-widget/image-select.php'), WP_Hook->do_action, WP_Hook->apply_filters, image_select_install, WP_SQLite_DB->query, WP_SQLite_DB->print_error
[25-May-2025 23:32:33 UTC] WordPress database error <div style="clear:both">&nbsp;</div>
<div class="queries" style="clear:both;margin-bottom:2px;border:red dotted thin;">
<p>MySQL query:</p>
<p>INSERT INTO `wp_image_select_content` (`theme`, `url`) VALUES ('5', 'http://marcel-online.magix.net/images/winter/IMG3.jpg'); </p>
<p>Queries made or created this session were:</p>
<ol>
<li>Executing: BEGIN | (no parameters)</li>
<li>Executing: SELECT 1 FROM sqlite_temp_schema WHERE type = 'table' AND name = ? | parameters: wp_image_select_content</li>
<li>Executing: 
				SELECT column_name, is_nullable, column_default, data_type, extra
				FROM `_wp_sqlite_mysql_information_schema_columns`
				WHERE table_schema = ?
				AND table_name = ?
				ORDER BY ordinal_position
			 | parameters: database_name_here, wp_image_select_content</li>
<li>Executing: INSERT INTO `wp_image_select_content` () SELECT  FROM (VALUES ( '5' , 'http://marcel-online.magix.net/images/winter/IMG3.jpg' )) WHERE true | (no parameters)</li>
<li>Executing: ROLLBACK | (no parameters)</li>
</ol>
</div>
<div style="clear:both;margin-bottom:2px;border:red dotted thin;" class="error_message" style="border-bottom:dotted blue thin;">
SQLSTATE[HY000]: General error: 1 near ")": syntax error
</div>
<p>Backtrace:</p>
<pre>#0 /internal/shared/sqlite-database-integration/wp-includes/sqlite-ast/class-wp-sqlite-driver.php(683): WP_SQLite_Driver->new_driver_exception('SQLSTATE[HY000]...', 'HY000', Object(PDOException))
#1 /internal/shared/sqlite-database-integration/wp-includes/sqlite/class-wp-sqlite-db.php(491): WP_SQLite_Driver->query('INSERT INTO `wp...')
#2 /internal/shared/sqlite-database-integration/wp-includes/sqlite/class-wp-sqlite-db.php(432): WP_SQLite_DB->_do_query('INSERT INTO `wp...')
#3 /wordpress/wp-content/plugins/image-select-widget/register.php(65): WP_SQLite_DB->query('INSERT INTO `wp...')
#4 /wordpress/wp-includes/class-wp-hook.php(324): image_select_install(false)
#5 /wordpress/wp-includes/class-wp-hook.php(348): WP_Hook->apply_filters('', Array)
#6 /wordpress/wp-includes/plugin.php(517): WP_Hook->do_action(Array)
#7 /wordpress/wp-admin/includes/plugin.php(703): do_action('activate_image-...', false)
#8 /internal/eval.php(20): activate_plugin('image-select-wi...')
#9 {main}</pre>
 for query INSERT INTO `wp_image_select_content` (`theme`, `url`) VALUES ('5', 'http://marcel-online.magix.net/images/winter/IMG3.jpg');  made by activate_plugin, do_action('activate_image-select-widget/image-select.php'), WP_Hook->do_action, WP_Hook->apply_filters, image_select_install, WP_SQLite_DB->query, WP_SQLite_DB->print_error
[25-May-2025 23:32:34 UTC] WordPress database error <div style="clear:both">&nbsp;</div>
<div class="queries" style="clear:both;margin-bottom:2px;border:red dotted thin;">
<p>MySQL query:</p>
<p>INSERT INTO `wp_image_select_content` (`theme`, `url`) VALUES ('5', 'http://marcel-online.magix.net/images/winter/IMG4.jpg'); </p>
<p>Queries made or created this session were:</p>
<ol>
<li>Executing: BEGIN | (no parameters)</li>
<li>Executing: SELECT 1 FROM sqlite_temp_schema WHERE type = 'table' AND name = ? | parameters: wp_image_select_content</li>
<li>Executing: 
				SELECT column_name, is_nullable, column_default, data_type, extra
				FROM `_wp_sqlite_mysql_information_schema_columns`
				WHERE table_schema = ?
				AND table_name = ?
				ORDER BY ordinal_position
			 | parameters: database_name_here, wp_image_select_content</li>
<li>Executing: INSERT INTO `wp_image_select_content` () SELECT  FROM (VALUES ( '5' , 'http://marcel-online.magix.net/images/winter/IMG4.jpg' )) WHERE true | (no parameters)</li>
<li>Executing: ROLLBACK | (no parameters)</li>
</ol>
</div>
<div style="clear:both;margin-bottom:2px;border:red dotted thin;" class="error_message" style="border-bottom:dotted blue thin;">
SQLSTATE[HY000]: General error: 1 near ")": syntax error
</div>
<p>Backtrace:</p>
<pre>#0 /internal/shared/sqlite-database-integration/wp-includes/sqlite-ast/class-wp-sqlite-driver.php(683): WP_SQLite_Driver->new_driver_exception('SQLSTATE[HY000]...', 'HY000', Object(PDOException))
#1 /internal/shared/sqlite-database-integration/wp-includes/sqlite/class-wp-sqlite-db.php(491): WP_SQLite_Driver->query('INSERT INTO `wp...')
#2 /internal/shared/sqlite-database-integration/wp-includes/sqlite/class-wp-sqlite-db.php(432): WP_SQLite_DB->_do_query('INSERT INTO `wp...')
#3 /wordpress/wp-content/plugins/image-select-widget/register.php(65): WP_SQLite_DB->query('INSERT INTO `wp...')
#4 /wordpress/wp-includes/class-wp-hook.php(324): image_select_install(false)
#5 /wordpress/wp-includes/class-wp-hook.php(348): WP_Hook->apply_filters('', Array)
#6 /wordpress/wp-includes/plugin.php(517): WP_Hook->do_action(Array)
#7 /wordpress/wp-admin/includes/plugin.php(703): do_action('activate_image-...', false)
#8 /internal/eval.php(20): activate_plugin('image-select-wi...')
#9 {main}</pre>
 for query INSERT INTO `wp_image_select_content` (`theme`, `url`) VALUES ('5', 'http://marcel-online.magix.net/images/winter/IMG4.jpg');  made by activate_plugin, do_action('activate_image-select-widget/image-select.php'), WP_Hook->do_action, WP_Hook->apply_filters, image_select_install, WP_SQLite_DB->query, WP_SQLite_DB->print_error
[25-May-2025 23:32:34 UTC] WordPress database error <div style="clear:both">&nbsp;</div>
<div class="queries" style="clear:both;margin-bottom:2px;border:red dotted thin;">
<p>MySQL query:</p>
<p>INSERT INTO `wp_image_select_content` (`theme`, `url`) VALUES ('5', 'http://marcel-online.magix.net/images/winter/IMG5.jpg'); </p>
<p>Queries made or created this session were:</p>
<ol>
<li>Executing: BEGIN | (no parameters)</li>
<li>Executing: SELECT 1 FROM sqlite_temp_schema WHERE type = 'table' AND name = ? | parameters: wp_image_select_content</li>
<li>Executing: 
				SELECT column_name, is_nullable, column_default, data_type, extra
				FROM `_wp_sqlite_mysql_information_schema_columns`
				WHERE table_schema = ?
				AND table_name = ?
				ORDER BY ordinal_position
			 | parameters: database_name_here, wp_image_select_content</li>
<li>Executing: INSERT INTO `wp_image_select_content` () SELECT  FROM (VALUES ( '5' , 'http://marcel-online.magix.net/images/winter/IMG5.jpg' )) WHERE true | (no parameters)</li>
<li>Executing: ROLLBACK | (no parameters)</li>
</ol>
</div>
<div style="clear:both;margin-bottom:2px;border:red dotted thin;" class="error_message" style="border-bottom:dotted blue thin;">
SQLSTATE[HY000]: General error: 1 near ")": syntax error
</div>
<p>Backtrace:</p>
<pre>#0 /internal/shared/sqlite-database-integration/wp-includes/sqlite-ast/class-wp-sqlite-driver.php(683): WP_SQLite_Driver->new_driver_exception('SQLSTATE[HY000]...', 'HY000', Object(PDOException))
#1 /internal/shared/sqlite-database-integration/wp-includes/sqlite/class-wp-sqlite-db.php(491): WP_SQLite_Driver->query('INSERT INTO `wp...')
#2 /internal/shared/sqlite-database-integration/wp-includes/sqlite/class-wp-sqlite-db.php(432): WP_SQLite_DB->_do_query('INSERT INTO `wp...')
#3 /wordpress/wp-content/plugins/image-select-widget/register.php(65): WP_SQLite_DB->query('INSERT INTO `wp...')
#4 /wordpress/wp-includes/class-wp-hook.php(324): image_select_install(false)
#5 /wordpress/wp-includes/class-wp-hook.php(348): WP_Hook->apply_filters('', Array)
#6 /wordpress/wp-includes/plugin.php(517): WP_Hook->do_action(Array)
#7 /wordpress/wp-admin/includes/plugin.php(703): do_action('activate_image-...', false)
#8 /internal/eval.php(20): activate_plugin('image-select-wi...')
#9 {main}</pre>
 for query INSERT INTO `wp_image_select_content` (`theme`, `url`) VALUES ('5', 'http://marcel-online.magix.net/images/winter/IMG5.jpg');  made by activate_plugin, do_action('activate_image-select-widget/image-select.php'), WP_Hook->do_action, WP_Hook->apply_filters, image_select_install, WP_SQLite_DB->query, WP_SQLite_DB->print_error
[25-May-2025 23:32:34 UTC] PHP Notice:  Function _load_textdomain_just_in_time was called <strong>incorrectly</strong>. Translation loading for the <code>image-select</code> domain was triggered too early. This is usually an indicator for some code in the plugin or theme running too early. Translations should be loaded at the <code>init</code> action or later. Please see <a href="https://developer.wordpress.org/advanced-administration/debug/debug-wordpress/">Debugging in WordPress</a> for more information. (This message was added in version 6.7.0.) in /wordpress/wp-includes/functions.php on line 6121
[25-May-2025 23:32:43 UTC] PHP Notice:  Function _load_textdomain_just_in_time was called <strong>incorrectly</strong>. Translation loading for the <code>image-select</code> domain was triggered too early. This is usually an indicator for some code in the plugin or theme running too early. Translations should be loaded at the <code>init</code> action or later. Please see <a href="https://developer.wordpress.org/advanced-administration/debug/debug-wordpress/">Debugging in WordPress</a> for more information. (This message was added in version 6.7.0.) in /wordpress/wp-includes/functions.php on line 6121
[25-May-2025 23:32:52 UTC] PHP Notice:  Function _load_textdomain_just_in_time was called <strong>incorrectly</strong>. Translation loading for the <code>image-select</code> domain was triggered too early. This is usually an indicator for some code in the plugin or theme running too early. Translations should be loaded at the <code>init</code> action or later. Please see <a href="https://developer.wordpress.org/advanced-administration/debug/debug-wordpress/">Debugging in WordPress</a> for more information. (This message was added in version 6.7.0.) in /wordpress/wp-includes/functions.php on line 6121
[25-May-2025 23:33:01 UTC] PHP Fatal error:  Uncaught ArgumentCountError: Too few arguments to function WP_Widget::__construct(), 0 passed in /wordpress/wp-includes/class-wp-widget-factory.php on line 62 and at least 2 expected in /wordpress/wp-includes/class-wp-widget.php:163
Stack trace:
#0 /wordpress/wp-includes/class-wp-widget-factory.php(62): WP_Widget->__construct()
#1 /wordpress/wp-includes/widgets.php(123): WP_Widget_Factory->register('phayupload_Widg...')
#2 /wordpress/wp-content/plugins/image-upload/image-upload.php(28): register_widget('phayupload_Widg...')
#3 /wordpress/wp-includes/class-wp-hook.php(324): loadPHay('')
#4 /wordpress/wp-includes/class-wp-hook.php(348): WP_Hook->apply_filters(NULL, Array)
#5 /wordpress/wp-includes/plugin.php(517): WP_Hook->do_action(Array)
#6 /wordpress/wp-includes/widgets.php(1870): do_action('widgets_init')
#7 /wordpress/wp-includes/class-wp-hook.php(324): wp_widgets_init('')
#8 /wordpress/wp-includes/class-wp-hook.php(348): WP_Hook->apply_filters(NULL, Array)
#9 /wordpress/wp-includes/plugin.php(517): WP_Hook->do_action(Array)
#10 /wordpress/wp-settings.php(727): do_action('init')
#11 /wordpress/wp-config.php(102): require_once('/wordpress/wp-s...')
#12 /wordpress/wp-load.php(50): require_once('/wordpress/wp-c...')
#13 /internal/eval.php(3): require_once('/wordpress/wp-l...')
#14 {main}
  thrown in /wordpress/wp-includes/class-wp-widget.php on line 163
[25-May-2025 23:33:09 UTC] PHP Fatal error:  Uncaught ArgumentCountError: Too few arguments to function WP_Widget::__construct(), 0 passed in /wordpress/wp-includes/class-wp-widget-factory.php on line 62 and at least 2 expected in /wordpress/wp-includes/class-wp-widget.php:163
Stack trace:
#0 /wordpress/wp-includes/class-wp-widget-factory.php(62): WP_Widget->__construct()
#1 /wordpress/wp-includes/widgets.php(123): WP_Widget_Factory->register('phayupload_Widg...')
#2 /wordpress/wp-content/plugins/image-upload/image-upload.php(28): register_widget('phayupload_Widg...')
#3 /wordpress/wp-includes/class-wp-hook.php(324): loadPHay('')
#4 /wordpress/wp-includes/class-wp-hook.php(348): WP_Hook->apply_filters(NULL, Array)
#5 /wordpress/wp-includes/plugin.php(517): WP_Hook->do_action(Array)
#6 /wordpress/wp-includes/widgets.php(1870): do_action('widgets_init')
#7 /wordpress/wp-includes/class-wp-hook.php(324): wp_widgets_init('')
#8 /wordpress/wp-includes/class-wp-hook.php(348): WP_Hook->apply_filters(NULL, Array)
#9 /wordpress/wp-includes/plugin.php(517): WP_Hook->do_action(Array)
#10 /wordpress/wp-settings.php(727): do_action('init')
#11 /wordpress/wp-config.php(102): require_once('/wordpress/wp-s...')
#12 /wordpress/wp-load.php(50): require_once('/wordpress/wp-c...')
#13 /internal/eval.php(3): require_once('/wordpress/wp-l...')
#14 {main}
  thrown in /wordpress/wp-includes/class-wp-widget.php on line 163
[25-May-2025 23:33:18 UTC] PHP Fatal error:  Uncaught ArgumentCountError: Too few arguments to function WP_Widget::__construct(), 0 passed in /wordpress/wp-includes/class-wp-widget-factory.php on line 62 and at least 2 expected in /wordpress/wp-includes/class-wp-widget.php:163
Stack trace:
#0 /wordpress/wp-includes/class-wp-widget-factory.php(62): WP_Widget->__construct()
#1 /wordpress/wp-includes/widgets.php(123): WP_Widget_Factory->register('phayupload_Widg...')
#2 /wordpress/wp-content/plugins/image-upload/image-upload.php(28): register_widget('phayupload_Widg...')
#3 /wordpress/wp-includes/class-wp-hook.php(324): loadPHay('')
#4 /wordpress/wp-includes/class-wp-hook.php(348): WP_Hook->apply_filters(NULL, Array)
#5 /wordpress/wp-includes/plugin.php(517): WP_Hook->do_action(Array)
#6 /wordpress/wp-includes/widgets.php(1870): do_action('widgets_init')
#7 /wordpress/wp-includes/class-wp-hook.php(324): wp_widgets_init('')
#8 /wordpress/wp-includes/class-wp-hook.php(348): WP_Hook->apply_filters(NULL, Array)
#9 /wordpress/wp-includes/plugin.php(517): WP_Hook->do_action(Array)
#10 /wordpress/wp-settings.php(727): do_action('init')
#11 /wordpress/wp-config.php(102): require_once('/wordpress/wp-s...')
#12 /wordpress/wp-load.php(50): require_once('/wordpress/wp-c...')
#13 /internal/eval.php(3): require_once('/wordpress/wp-l...')
#14 {main}
  thrown in /wordpress/wp-includes/class-wp-widget.php on line 163
[25-May-2025 23:33:28 UTC] PHP Fatal error:  Uncaught TypeError: count(): Argument #1 ($value) must be of type Countable|array, bool given in /wordpress/wp-content/plugins/images-finder-for-amazon/AmazonImagesFinder_Plugin.php:32
Stack trace:
#0 /wordpress/wp-content/plugins/images-finder-for-amazon/AmazonImagesFinder_LifeCycle.php(29): AmazonImagesFinder_Plugin->initOptions()
#1 /wordpress/wp-content/plugins/images-finder-for-amazon/amazon-images-finder_init.php(35): AmazonImagesFinder_LifeCycle->install()
#2 /wordpress/wp-content/plugins/images-finder-for-amazon/amazon-images-finder.php(84): AmazonImagesFinder_init('/wordpress/wp-c...')
#3 /wordpress/wp-admin/includes/plugin.php(2387): include_once('/wordpress/wp-c...')
#4 /wordpress/wp-admin/includes/plugin.php(673): plugin_sandbox_scrape('images-finder-f...')
#5 /internal/eval.php(20): activate_plugin('images-finder-f...')
#6 {main}
  thrown in /wordpress/wp-content/plugins/images-finder-for-amazon/AmazonImagesFinder_Plugin.php on line 32

    at Object.onBind (file:///home/runner/work/playground-tester/playground-tester/node_modules/@wp-playground/cli/index.js:237:15)
    at process.processTicksAndRejections (node:internal/process/task_queues:105:5)
    at async V (file:///home/runner/work/playground-tester/playground-tester/node_modules/@wp-playground/cli/index.js:64:10)
    at async ja (file:///home/runner/work/playground-tester/playground-tester/node_modules/@wp-playground/cli/cli.js:8161:12) {
  [cause]: Error: Error when executing the blueprint step #5 ({"step":"installPlugin","pluginData":{"resource":"wordpress.org/plugins","slug":"images-finder-for-amazon"},"options":{"activate":true}}) : PHP.run() failed with exit code 255 and the following output: 
      at Object.run (file:///home/runner/work/playground-tester/playground-tester/node_modules/@wp-playground/blueprints/index.js:12449:19)
      at process.processTicksAndRejections (node:internal/process/task_queues:105:5)
      at async ms (file:///home/runner/work/playground-tester/playground-tester/node_modules/@wp-playground/blueprints/index.js:12552:3)
      ... 2 lines matching cause stack trace ...
      at async ja (file:///home/runner/work/playground-tester/playground-tester/node_modules/@wp-playground/cli/cli.js:8161:12) {
    [cause]: PHPExecutionFailureError: PHP.run() failed with exit code 255 and the following output: 
        at PHP.run (file:///home/runner/work/playground-tester/playground-tester/node_modules/@php-wasm/universal/index.js:987:19)
        at process.processTicksAndRejections (node:internal/process/task_queues:105:5)
        at async wr (file:///home/runner/work/playground-tester/playground-tester/node_modules/@wp-playground/blueprints/index.js:33:39)
        at async Object.gt [as installPlugin] (file:///home/runner/work/playground-tester/playground-tester/node_modules/@wp-playground/blueprints/index.js:974:42)
        at async g (file:///home/runner/work/playground-tester/playground-tester/node_modules/@wp-playground/blueprints/index.js:12517:30)
        at async Object.run (file:///home/runner/work/playground-tester/playground-tester/node_modules/@wp-playground/blueprints/index.js:12446:23)
        at async ms (file:///home/runner/work/playground-tester/playground-tester/node_modules/@wp-playground/blueprints/index.js:12552:3)
        at async Object.onBind (file:///home/runner/work/playground-tester/playground-tester/node_modules/@wp-playground/cli/index.js:227:48)
        at async V (file:///home/runner/work/playground-tester/playground-tester/node_modules/@wp-playground/cli/index.js:64:10)
        at async ja (file:///home/runner/work/playground-tester/playground-tester/node_modules/@wp-playground/cli/cli.js:8161:12) {
      response: PHPResponse {
        httpStatusCode: 500,
        headers: {
          'x-powered-by': [ 'PHP/8.0.30-dev' ],
          'content-type': [ 'text/html; charset=UTF-8' ]
        },
        bytes: Uint8Array(0) [],
        exitCode: 255,
        errors: ''
      },
      source: 'request'
    }
  }
}

Node.js v23.11.0
