file:///home/runner/work/playground-tester/playground-tester/node_modules/@wp-playground/cli/run-cli-j-geJYS3.js:325
        throw new Error($, { cause: h });
              ^

Error: [24-Jun-2025 14:33:03 UTC] WordPress database error <div style="clear:both">&nbsp;</div>
<div class="queries" style="clear:both;margin-bottom:2px;border:red dotted thin;">
<p>MySQL query:</p>
<p>insert into `wp_g_ywfz` set `ywfz_title`='Billionaire Bill Gates Guesses Grocery Store Prices', `ywfz_watch`='http://www.youtube.com/watch?v=ad_higXixRA', `ywfz_code`='ad_higXixRA', `ywfz_img`='Youtube Thumbnail', `ywfz_size`='0', `ywfz_imglink`='', `ywfz_status`='Yes', `ywfz_sidebar`='Yes';</p>
<p>Queries made or created this session were:</p>
<ol>
<li>Executing: BEGIN IMMEDIATE | (no parameters)</li>
<li>Executing: insert into `wp_g_ywfz` set `ywfz_title` = 'Billionaire Bill Gates Guesses Grocery Store Prices' , `ywfz_watch` = 'http://www.youtube.com/watch?v=ad_higXixRA' , `ywfz_code` = 'ad_higXixRA' , `ywfz_img` = 'Youtube Thumbnail' , `ywfz_size` = '0' , `ywfz_imglink` = '' , `ywfz_status` = 'Yes' , `ywfz_sidebar` = 'Yes' | (no parameters)</li>
<li>Executing: ROLLBACK | (no parameters)</li>
</ol>
</div>
<div style="clear:both;margin-bottom:2px;border:red dotted thin;" class="error_message" style="border-bottom:dotted blue thin;">
SQLSTATE[HY000]: General error: 1 near "set": syntax error
</div>
<p>Backtrace:</p>
<pre>#0 /internal/shared/sqlite-database-integration/wp-includes/sqlite-ast/class-wp-sqlite-driver.php(683): WP_SQLite_Driver->new_driver_exception('SQLSTATE[HY000]...', 'HY000', Object(PDOException))
#1 /internal/shared/sqlite-database-integration/wp-includes/sqlite/class-wp-sqlite-db.php(491): WP_SQLite_Driver->query('insert into `wp...')
#2 /internal/shared/sqlite-database-integration/wp-includes/sqlite/class-wp-sqlite-db.php(432): WP_SQLite_DB->_do_query('insert into `wp...')
#3 /wordpress/wp-content/plugins/youtube-with-fancy-zoom/youtube-with-fancy-zoom.php(70): WP_SQLite_DB->query('insert into `wp...')
#4 /wordpress/wp-includes/class-wp-hook.php(324): g_ywfz_install(false)
#5 /wordpress/wp-includes/class-wp-hook.php(348): WP_Hook->apply_filters('', Array)
#6 /wordpress/wp-includes/plugin.php(517): WP_Hook->do_action(Array)
#7 /wordpress/wp-admin/includes/plugin.php(703): do_action('activate_youtub...', false)
#8 /internal/eval.php(20): activate_plugin('youtube-with-fa...')
#9 {main}</pre>
 for query insert into `wp_g_ywfz` set `ywfz_title`='Billionaire Bill Gates Guesses Grocery Store Prices', `ywfz_watch`='http://www.youtube.com/watch?v=ad_higXixRA', `ywfz_code`='ad_higXixRA', `ywfz_img`='Youtube Thumbnail', `ywfz_size`='0', `ywfz_imglink`='', `ywfz_status`='Yes', `ywfz_sidebar`='Yes'; made by activate_plugin, do_action('activate_youtube-with-fancy-zoom/youtube-with-fancy-zoom.php'), WP_Hook->do_action, WP_Hook->apply_filters, g_ywfz_install, WP_SQLite_DB->query, WP_SQLite_DB->print_error
[24-Jun-2025 14:33:03 UTC] WordPress database error <div style="clear:both">&nbsp;</div>
<div class="queries" style="clear:both;margin-bottom:2px;border:red dotted thin;">
<p>MySQL query:</p>
<p>insert into `wp_g_ywfz` set `ywfz_title`='Email newsletter wordpress plugin',`ywfz_watch`='http://www.youtube.com/watch?v=m0kWQOI8HOg',`ywfz_code`='m0kWQOI8HOg',`ywfz_img`='Youtube Thumbnail', `ywfz_size`='0', `ywfz_imglink`='', `ywfz_status`='Yes', `ywfz_sidebar`='Yes';</p>
<p>Queries made or created this session were:</p>
<ol>
<li>Executing: BEGIN IMMEDIATE | (no parameters)</li>
<li>Executing: insert into `wp_g_ywfz` set `ywfz_title` = 'Email newsletter wordpress plugin' , `ywfz_watch` = 'http://www.youtube.com/watch?v=m0kWQOI8HOg' , `ywfz_code` = 'm0kWQOI8HOg' , `ywfz_img` = 'Youtube Thumbnail' , `ywfz_size` = '0' , `ywfz_imglink` = '' , `ywfz_status` = 'Yes' , `ywfz_sidebar` = 'Yes' | (no parameters)</li>
<li>Executing: ROLLBACK | (no parameters)</li>
</ol>
</div>
<div style="clear:both;margin-bottom:2px;border:red dotted thin;" class="error_message" style="border-bottom:dotted blue thin;">
SQLSTATE[HY000]: General error: 1 near "set": syntax error
</div>
<p>Backtrace:</p>
<pre>#0 /internal/shared/sqlite-database-integration/wp-includes/sqlite-ast/class-wp-sqlite-driver.php(683): WP_SQLite_Driver->new_driver_exception('SQLSTATE[HY000]...', 'HY000', Object(PDOException))
#1 /internal/shared/sqlite-database-integration/wp-includes/sqlite/class-wp-sqlite-db.php(491): WP_SQLite_Driver->query('insert into `wp...')
#2 /internal/shared/sqlite-database-integration/wp-includes/sqlite/class-wp-sqlite-db.php(432): WP_SQLite_DB->_do_query('insert into `wp...')
#3 /wordpress/wp-content/plugins/youtube-with-fancy-zoom/youtube-with-fancy-zoom.php(78): WP_SQLite_DB->query('insert into `wp...')
#4 /wordpress/wp-includes/class-wp-hook.php(324): g_ywfz_install(false)
#5 /wordpress/wp-includes/class-wp-hook.php(348): WP_Hook->apply_filters('', Array)
#6 /wordpress/wp-includes/plugin.php(517): WP_Hook->do_action(Array)
#7 /wordpress/wp-admin/includes/plugin.php(703): do_action('activate_youtub...', false)
#8 /internal/eval.php(20): activate_plugin('youtube-with-fa...')
#9 {main}</pre>
 for query insert into `wp_g_ywfz` set `ywfz_title`='Email newsletter wordpress plugin',`ywfz_watch`='http://www.youtube.com/watch?v=m0kWQOI8HOg',`ywfz_code`='m0kWQOI8HOg',`ywfz_img`='Youtube Thumbnail', `ywfz_size`='0', `ywfz_imglink`='', `ywfz_status`='Yes', `ywfz_sidebar`='Yes'; made by activate_plugin, do_action('activate_youtube-with-fancy-zoom/youtube-with-fancy-zoom.php'), WP_Hook->do_action, WP_Hook->apply_filters, g_ywfz_install, WP_SQLite_DB->query, WP_SQLite_DB->print_error
[24-Jun-2025 14:33:13 UTC] WordPress database error <div style="clear:both">&nbsp;</div>
<div class="queries" style="clear:both;margin-bottom:2px;border:red dotted thin;">
<p>MySQL query:</p>
<p>insert into `wp_g_ywfz` set `ywfz_title`='Billionaire Bill Gates Guesses Grocery Store Prices', `ywfz_watch`='http://www.youtube.com/watch?v=ad_higXixRA', `ywfz_code`='ad_higXixRA', `ywfz_img`='Youtube Thumbnail', `ywfz_size`='0', `ywfz_imglink`='', `ywfz_status`='Yes', `ywfz_sidebar`='Yes';</p>
<p>Queries made or created this session were:</p>
<ol>
<li>Executing: BEGIN IMMEDIATE | (no parameters)</li>
<li>Executing: insert into `wp_g_ywfz` set `ywfz_title` = 'Billionaire Bill Gates Guesses Grocery Store Prices' , `ywfz_watch` = 'http://www.youtube.com/watch?v=ad_higXixRA' , `ywfz_code` = 'ad_higXixRA' , `ywfz_img` = 'Youtube Thumbnail' , `ywfz_size` = '0' , `ywfz_imglink` = '' , `ywfz_status` = 'Yes' , `ywfz_sidebar` = 'Yes' | (no parameters)</li>
<li>Executing: ROLLBACK | (no parameters)</li>
</ol>
</div>
<div style="clear:both;margin-bottom:2px;border:red dotted thin;" class="error_message" style="border-bottom:dotted blue thin;">
SQLSTATE[HY000]: General error: 1 near "set": syntax error
</div>
<p>Backtrace:</p>
<pre>#0 /internal/shared/sqlite-database-integration/wp-includes/sqlite-ast/class-wp-sqlite-driver.php(683): WP_SQLite_Driver->new_driver_exception('SQLSTATE[HY000]...', 'HY000', Object(PDOException))
#1 /internal/shared/sqlite-database-integration/wp-includes/sqlite/class-wp-sqlite-db.php(491): WP_SQLite_Driver->query('insert into `wp...')
#2 /internal/shared/sqlite-database-integration/wp-includes/sqlite/class-wp-sqlite-db.php(432): WP_SQLite_DB->_do_query('insert into `wp...')
#3 /wordpress/wp-content/plugins/youtube-with-fancy-zoom/youtube-with-fancy-zoom.php(70): WP_SQLite_DB->query('insert into `wp...')
#4 /wordpress/wp-includes/class-wp-hook.php(324): g_ywfz_install(false)
#5 /wordpress/wp-includes/class-wp-hook.php(348): WP_Hook->apply_filters('', Array)
#6 /wordpress/wp-includes/plugin.php(517): WP_Hook->do_action(Array)
#7 /wordpress/wp-admin/includes/plugin.php(703): do_action('activate_youtub...', false)
#8 /internal/eval.php(20): activate_plugin('youtube-with-fa...')
#9 {main}</pre>
 for query insert into `wp_g_ywfz` set `ywfz_title`='Billionaire Bill Gates Guesses Grocery Store Prices', `ywfz_watch`='http://www.youtube.com/watch?v=ad_higXixRA', `ywfz_code`='ad_higXixRA', `ywfz_img`='Youtube Thumbnail', `ywfz_size`='0', `ywfz_imglink`='', `ywfz_status`='Yes', `ywfz_sidebar`='Yes'; made by activate_plugin, do_action('activate_youtube-with-fancy-zoom/youtube-with-fancy-zoom.php'), WP_Hook->do_action, WP_Hook->apply_filters, g_ywfz_install, WP_SQLite_DB->query, WP_SQLite_DB->print_error
[24-Jun-2025 14:33:13 UTC] WordPress database error <div style="clear:both">&nbsp;</div>
<div class="queries" style="clear:both;margin-bottom:2px;border:red dotted thin;">
<p>MySQL query:</p>
<p>insert into `wp_g_ywfz` set `ywfz_title`='Email newsletter wordpress plugin',`ywfz_watch`='http://www.youtube.com/watch?v=m0kWQOI8HOg',`ywfz_code`='m0kWQOI8HOg',`ywfz_img`='Youtube Thumbnail', `ywfz_size`='0', `ywfz_imglink`='', `ywfz_status`='Yes', `ywfz_sidebar`='Yes';</p>
<p>Queries made or created this session were:</p>
<ol>
<li>Executing: BEGIN IMMEDIATE | (no parameters)</li>
<li>Executing: insert into `wp_g_ywfz` set `ywfz_title` = 'Email newsletter wordpress plugin' , `ywfz_watch` = 'http://www.youtube.com/watch?v=m0kWQOI8HOg' , `ywfz_code` = 'm0kWQOI8HOg' , `ywfz_img` = 'Youtube Thumbnail' , `ywfz_size` = '0' , `ywfz_imglink` = '' , `ywfz_status` = 'Yes' , `ywfz_sidebar` = 'Yes' | (no parameters)</li>
<li>Executing: ROLLBACK | (no parameters)</li>
</ol>
</div>
<div style="clear:both;margin-bottom:2px;border:red dotted thin;" class="error_message" style="border-bottom:dotted blue thin;">
SQLSTATE[HY000]: General error: 1 near "set": syntax error
</div>
<p>Backtrace:</p>
<pre>#0 /internal/shared/sqlite-database-integration/wp-includes/sqlite-ast/class-wp-sqlite-driver.php(683): WP_SQLite_Driver->new_driver_exception('SQLSTATE[HY000]...', 'HY000', Object(PDOException))
#1 /internal/shared/sqlite-database-integration/wp-includes/sqlite/class-wp-sqlite-db.php(491): WP_SQLite_Driver->query('insert into `wp...')
#2 /internal/shared/sqlite-database-integration/wp-includes/sqlite/class-wp-sqlite-db.php(432): WP_SQLite_DB->_do_query('insert into `wp...')
#3 /wordpress/wp-content/plugins/youtube-with-fancy-zoom/youtube-with-fancy-zoom.php(78): WP_SQLite_DB->query('insert into `wp...')
#4 /wordpress/wp-includes/class-wp-hook.php(324): g_ywfz_install(false)
#5 /wordpress/wp-includes/class-wp-hook.php(348): WP_Hook->apply_filters('', Array)
#6 /wordpress/wp-includes/plugin.php(517): WP_Hook->do_action(Array)
#7 /wordpress/wp-admin/includes/plugin.php(703): do_action('activate_youtub...', false)
#8 /internal/eval.php(20): activate_plugin('youtube-with-fa...')
#9 {main}</pre>
 for query insert into `wp_g_ywfz` set `ywfz_title`='Email newsletter wordpress plugin',`ywfz_watch`='http://www.youtube.com/watch?v=m0kWQOI8HOg',`ywfz_code`='m0kWQOI8HOg',`ywfz_img`='Youtube Thumbnail', `ywfz_size`='0', `ywfz_imglink`='', `ywfz_status`='Yes', `ywfz_sidebar`='Yes'; made by activate_plugin, do_action('activate_youtube-with-fancy-zoom/youtube-with-fancy-zoom.php'), WP_Hook->do_action, WP_Hook->apply_filters, g_ywfz_install, WP_SQLite_DB->query, WP_SQLite_DB->print_error
[24-Jun-2025 14:33:23 UTC] WordPress database error <div style="clear:both">&nbsp;</div>
<div class="queries" style="clear:both;margin-bottom:2px;border:red dotted thin;">
<p>MySQL query:</p>
<p>insert into `wp_g_ywfz` set `ywfz_title`='Billionaire Bill Gates Guesses Grocery Store Prices', `ywfz_watch`='http://www.youtube.com/watch?v=ad_higXixRA', `ywfz_code`='ad_higXixRA', `ywfz_img`='Youtube Thumbnail', `ywfz_size`='0', `ywfz_imglink`='', `ywfz_status`='Yes', `ywfz_sidebar`='Yes';</p>
<p>Queries made or created this session were:</p>
<ol>
<li>Executing: BEGIN IMMEDIATE | (no parameters)</li>
<li>Executing: insert into `wp_g_ywfz` set `ywfz_title` = 'Billionaire Bill Gates Guesses Grocery Store Prices' , `ywfz_watch` = 'http://www.youtube.com/watch?v=ad_higXixRA' , `ywfz_code` = 'ad_higXixRA' , `ywfz_img` = 'Youtube Thumbnail' , `ywfz_size` = '0' , `ywfz_imglink` = '' , `ywfz_status` = 'Yes' , `ywfz_sidebar` = 'Yes' | (no parameters)</li>
<li>Executing: ROLLBACK | (no parameters)</li>
</ol>
</div>
<div style="clear:both;margin-bottom:2px;border:red dotted thin;" class="error_message" style="border-bottom:dotted blue thin;">
SQLSTATE[HY000]: General error: 1 near "set": syntax error
</div>
<p>Backtrace:</p>
<pre>#0 /internal/shared/sqlite-database-integration/wp-includes/sqlite-ast/class-wp-sqlite-driver.php(683): WP_SQLite_Driver->new_driver_exception('SQLSTATE[HY000]...', 'HY000', Object(PDOException))
#1 /internal/shared/sqlite-database-integration/wp-includes/sqlite/class-wp-sqlite-db.php(491): WP_SQLite_Driver->query('insert into `wp...')
#2 /internal/shared/sqlite-database-integration/wp-includes/sqlite/class-wp-sqlite-db.php(432): WP_SQLite_DB->_do_query('insert into `wp...')
#3 /wordpress/wp-content/plugins/youtube-with-fancy-zoom/youtube-with-fancy-zoom.php(70): WP_SQLite_DB->query('insert into `wp...')
#4 /wordpress/wp-includes/class-wp-hook.php(324): g_ywfz_install(false)
#5 /wordpress/wp-includes/class-wp-hook.php(348): WP_Hook->apply_filters('', Array)
#6 /wordpress/wp-includes/plugin.php(517): WP_Hook->do_action(Array)
#7 /wordpress/wp-admin/includes/plugin.php(703): do_action('activate_youtub...', false)
#8 /internal/eval.php(20): activate_plugin('youtube-with-fa...')
#9 {main}</pre>
 for query insert into `wp_g_ywfz` set `ywfz_title`='Billionaire Bill Gates Guesses Grocery Store Prices', `ywfz_watch`='http://www.youtube.com/watch?v=ad_higXixRA', `ywfz_code`='ad_higXixRA', `ywfz_img`='Youtube Thumbnail', `ywfz_size`='0', `ywfz_imglink`='', `ywfz_status`='Yes', `ywfz_sidebar`='Yes'; made by activate_plugin, do_action('activate_youtube-with-fancy-zoom/youtube-with-fancy-zoom.php'), WP_Hook->do_action, WP_Hook->apply_filters, g_ywfz_install, WP_SQLite_DB->query, WP_SQLite_DB->print_error
[24-Jun-2025 14:33:23 UTC] WordPress database error <div style="clear:both">&nbsp;</div>
<div class="queries" style="clear:both;margin-bottom:2px;border:red dotted thin;">
<p>MySQL query:</p>
<p>insert into `wp_g_ywfz` set `ywfz_title`='Email newsletter wordpress plugin',`ywfz_watch`='http://www.youtube.com/watch?v=m0kWQOI8HOg',`ywfz_code`='m0kWQOI8HOg',`ywfz_img`='Youtube Thumbnail', `ywfz_size`='0', `ywfz_imglink`='', `ywfz_status`='Yes', `ywfz_sidebar`='Yes';</p>
<p>Queries made or created this session were:</p>
<ol>
<li>Executing: BEGIN IMMEDIATE | (no parameters)</li>
<li>Executing: insert into `wp_g_ywfz` set `ywfz_title` = 'Email newsletter wordpress plugin' , `ywfz_watch` = 'http://www.youtube.com/watch?v=m0kWQOI8HOg' , `ywfz_code` = 'm0kWQOI8HOg' , `ywfz_img` = 'Youtube Thumbnail' , `ywfz_size` = '0' , `ywfz_imglink` = '' , `ywfz_status` = 'Yes' , `ywfz_sidebar` = 'Yes' | (no parameters)</li>
<li>Executing: ROLLBACK | (no parameters)</li>
</ol>
</div>
<div style="clear:both;margin-bottom:2px;border:red dotted thin;" class="error_message" style="border-bottom:dotted blue thin;">
SQLSTATE[HY000]: General error: 1 near "set": syntax error
</div>
<p>Backtrace:</p>
<pre>#0 /internal/shared/sqlite-database-integration/wp-includes/sqlite-ast/class-wp-sqlite-driver.php(683): WP_SQLite_Driver->new_driver_exception('SQLSTATE[HY000]...', 'HY000', Object(PDOException))
#1 /internal/shared/sqlite-database-integration/wp-includes/sqlite/class-wp-sqlite-db.php(491): WP_SQLite_Driver->query('insert into `wp...')
#2 /internal/shared/sqlite-database-integration/wp-includes/sqlite/class-wp-sqlite-db.php(432): WP_SQLite_DB->_do_query('insert into `wp...')
#3 /wordpress/wp-content/plugins/youtube-with-fancy-zoom/youtube-with-fancy-zoom.php(78): WP_SQLite_DB->query('insert into `wp...')
#4 /wordpress/wp-includes/class-wp-hook.php(324): g_ywfz_install(false)
#5 /wordpress/wp-includes/class-wp-hook.php(348): WP_Hook->apply_filters('', Array)
#6 /wordpress/wp-includes/plugin.php(517): WP_Hook->do_action(Array)
#7 /wordpress/wp-admin/includes/plugin.php(703): do_action('activate_youtub...', false)
#8 /internal/eval.php(20): activate_plugin('youtube-with-fa...')
#9 {main}</pre>
 for query insert into `wp_g_ywfz` set `ywfz_title`='Email newsletter wordpress plugin',`ywfz_watch`='http://www.youtube.com/watch?v=m0kWQOI8HOg',`ywfz_code`='m0kWQOI8HOg',`ywfz_img`='Youtube Thumbnail', `ywfz_size`='0', `ywfz_imglink`='', `ywfz_status`='Yes', `ywfz_sidebar`='Yes'; made by activate_plugin, do_action('activate_youtube-with-fancy-zoom/youtube-with-fancy-zoom.php'), WP_Hook->do_action, WP_Hook->apply_filters, g_ywfz_install, WP_SQLite_DB->query, WP_SQLite_DB->print_error
[24-Jun-2025 14:33:57 UTC] PHP Fatal error:  Uncaught ArgumentCountError: Too few arguments to function WP_Widget::__construct(), 0 passed in /wordpress/wp-includes/class-wp-widget-factory.php on line 62 and at least 2 expected in /wordpress/wp-includes/class-wp-widget.php:163
Stack trace:
#0 /wordpress/wp-includes/class-wp-widget-factory.php(62): WP_Widget->__construct()
#1 /wordpress/wp-includes/widgets.php(123): WP_Widget_Factory->register('TAC_Featured_Pr...')
#2 /wordpress/wp-content/plugins/tac-featured-products-widget/TAC_Featured_Products_Widget.php(184): register_widget('TAC_Featured_Pr...')
#3 /wordpress/wp-includes/class-wp-hook.php(324): TAC_Featured_Products_Widget_init('')
#4 /wordpress/wp-includes/class-wp-hook.php(348): WP_Hook->apply_filters(NULL, Array)
#5 /wordpress/wp-includes/plugin.php(517): WP_Hook->do_action(Array)
#6 /wordpress/wp-includes/widgets.php(1870): do_action('widgets_init')
#7 /wordpress/wp-includes/class-wp-hook.php(324): wp_widgets_init('')
#8 /wordpress/wp-includes/class-wp-hook.php(348): WP_Hook->apply_filters(NULL, Array)
#9 /wordpress/wp-includes/plugin.php(517): WP_Hook->do_action(Array)
#10 /wordpress/wp-settings.php(727): do_action('init')
#11 /wordpress/wp-config.php(102): require_once('/wordpress/wp-s...')
#12 /wordpress/wp-load.php(50): require_once('/wordpress/wp-c...')
#13 /internal/eval.php(3): require_once('/wordpress/wp-l...')
#14 {main}
  thrown in /wordpress/wp-includes/class-wp-widget.php on line 163
[24-Jun-2025 14:34:07 UTC] PHP Fatal error:  Uncaught ArgumentCountError: Too few arguments to function WP_Widget::__construct(), 0 passed in /wordpress/wp-includes/class-wp-widget-factory.php on line 62 and at least 2 expected in /wordpress/wp-includes/class-wp-widget.php:163
Stack trace:
#0 /wordpress/wp-includes/class-wp-widget-factory.php(62): WP_Widget->__construct()
#1 /wordpress/wp-includes/widgets.php(123): WP_Widget_Factory->register('TAC_Featured_Pr...')
#2 /wordpress/wp-content/plugins/tac-featured-products-widget/TAC_Featured_Products_Widget.php(184): register_widget('TAC_Featured_Pr...')
#3 /wordpress/wp-includes/class-wp-hook.php(324): TAC_Featured_Products_Widget_init('')
#4 /wordpress/wp-includes/class-wp-hook.php(348): WP_Hook->apply_filters(NULL, Array)
#5 /wordpress/wp-includes/plugin.php(517): WP_Hook->do_action(Array)
#6 /wordpress/wp-includes/widgets.php(1870): do_action('widgets_init')
#7 /wordpress/wp-includes/class-wp-hook.php(324): wp_widgets_init('')
#8 /wordpress/wp-includes/class-wp-hook.php(348): WP_Hook->apply_filters(NULL, Array)
#9 /wordpress/wp-includes/plugin.php(517): WP_Hook->do_action(Array)
#10 /wordpress/wp-settings.php(727): do_action('init')
#11 /wordpress/wp-config.php(102): require_once('/wordpress/wp-s...')
#12 /wordpress/wp-load.php(50): require_once('/wordpress/wp-c...')
#13 /internal/eval.php(3): require_once('/wordpress/wp-l...')
#14 {main}
  thrown in /wordpress/wp-includes/class-wp-widget.php on line 163
[24-Jun-2025 14:34:17 UTC] PHP Fatal error:  Uncaught ArgumentCountError: Too few arguments to function WP_Widget::__construct(), 0 passed in /wordpress/wp-includes/class-wp-widget-factory.php on line 62 and at least 2 expected in /wordpress/wp-includes/class-wp-widget.php:163
Stack trace:
#0 /wordpress/wp-includes/class-wp-widget-factory.php(62): WP_Widget->__construct()
#1 /wordpress/wp-includes/widgets.php(123): WP_Widget_Factory->register('TAC_Featured_Pr...')
#2 /wordpress/wp-content/plugins/tac-featured-products-widget/TAC_Featured_Products_Widget.php(184): register_widget('TAC_Featured_Pr...')
#3 /wordpress/wp-includes/class-wp-hook.php(324): TAC_Featured_Products_Widget_init('')
#4 /wordpress/wp-includes/class-wp-hook.php(348): WP_Hook->apply_filters(NULL, Array)
#5 /wordpress/wp-includes/plugin.php(517): WP_Hook->do_action(Array)
#6 /wordpress/wp-includes/widgets.php(1870): do_action('widgets_init')
#7 /wordpress/wp-includes/class-wp-hook.php(324): wp_widgets_init('')
#8 /wordpress/wp-includes/class-wp-hook.php(348): WP_Hook->apply_filters(NULL, Array)
#9 /wordpress/wp-includes/plugin.php(517): WP_Hook->do_action(Array)
#10 /wordpress/wp-settings.php(727): do_action('init')
#11 /wordpress/wp-config.php(102): require_once('/wordpress/wp-s...')
#12 /wordpress/wp-load.php(50): require_once('/wordpress/wp-c...')
#13 /internal/eval.php(3): require_once('/wordpress/wp-l...')
#14 {main}
  thrown in /wordpress/wp-includes/class-wp-widget.php on line 163
[24-Jun-2025 14:35:21 UTC] PHP Fatal error:  Cannot redeclare update_term_meta() (previously declared in /wordpress/wp-includes/taxonomy.php:1471) in /wordpress/wp-content/plugins/termmeta-api/termmeta-api.php on line 33
[24-Jun-2025 14:35:29 UTC] PHP Fatal error:  Cannot redeclare update_term_meta() (previously declared in /wordpress/wp-includes/taxonomy.php:1471) in /wordpress/wp-content/plugins/termmeta-api/termmeta-api.php on line 33
[24-Jun-2025 14:35:37 UTC] PHP Fatal error:  Cannot redeclare update_term_meta() (previously declared in /wordpress/wp-includes/taxonomy.php:1471) in /wordpress/wp-content/plugins/termmeta-api/termmeta-api.php on line 33
[24-Jun-2025 14:35:47 UTC] PHP Fatal error:  Uncaught Error: Call to undefined function test_post_generator\wp_insert_category() in /wordpress/wp-content/plugins/test-post-generator/test-post-generator.php:54
Stack trace:
#0 /wordpress/wp-includes/class-wp-hook.php(324): test_post_generator\add_test_post_category(false)
#1 /wordpress/wp-includes/class-wp-hook.php(348): WP_Hook->apply_filters('', Array)
#2 /wordpress/wp-includes/plugin.php(517): WP_Hook->do_action(Array)
#3 /wordpress/wp-admin/includes/plugin.php(703): do_action('activate_test-p...', false)
#4 /internal/eval.php(20): activate_plugin('test-post-gener...')
#5 {main}
  thrown in /wordpress/wp-content/plugins/test-post-generator/test-post-generator.php on line 54
[24-Jun-2025 14:35:55 UTC] PHP Fatal error:  Uncaught Error: Call to undefined function test_post_generator\wp_insert_category() in /wordpress/wp-content/plugins/test-post-generator/test-post-generator.php:54
Stack trace:
#0 /wordpress/wp-includes/class-wp-hook.php(324): test_post_generator\add_test_post_category(false)
#1 /wordpress/wp-includes/class-wp-hook.php(348): WP_Hook->apply_filters('', Array)
#2 /wordpress/wp-includes/plugin.php(517): WP_Hook->do_action(Array)
#3 /wordpress/wp-admin/includes/plugin.php(703): do_action('activate_test-p...', false)
#4 /internal/eval.php(20): activate_plugin('test-post-gener...')
#5 {main}
  thrown in /wordpress/wp-content/plugins/test-post-generator/test-post-generator.php on line 54
[24-Jun-2025 14:36:04 UTC] PHP Fatal error:  Uncaught Error: Call to undefined function test_post_generator\wp_insert_category() in /wordpress/wp-content/plugins/test-post-generator/test-post-generator.php:54
Stack trace:
#0 /wordpress/wp-includes/class-wp-hook.php(324): test_post_generator\add_test_post_category(false)
#1 /wordpress/wp-includes/class-wp-hook.php(348): WP_Hook->apply_filters('', Array)
#2 /wordpress/wp-includes/plugin.php(517): WP_Hook->do_action(Array)
#3 /wordpress/wp-admin/includes/plugin.php(703): do_action('activate_test-p...', false)
#4 /internal/eval.php(20): activate_plugin('test-post-gener...')
#5 {main}
  thrown in /wordpress/wp-content/plugins/test-post-generator/test-post-generator.php on line 54
[24-Jun-2025 14:38:44 UTC] PHP Notice:  Function _load_textdomain_just_in_time was called <strong>incorrectly</strong>. Translation loading for the <code>twentytwentyfive</code> domain was triggered too early. This is usually an indicator for some code in the plugin or theme running too early. Translations should be loaded at the <code>init</code> action or later. Please see <a href="https://developer.wordpress.org/advanced-administration/debug/debug-wordpress/">Debugging in WordPress</a> for more information. (This message was added in version 6.7.0.) in /wordpress/wp-includes/functions.php on line 6121
[24-Jun-2025 14:38:55 UTC] PHP Notice:  Function _load_textdomain_just_in_time was called <strong>incorrectly</strong>. Translation loading for the <code>twentytwentyfive</code> domain was triggered too early. This is usually an indicator for some code in the plugin or theme running too early. Translations should be loaded at the <code>init</code> action or later. Please see <a href="https://developer.wordpress.org/advanced-administration/debug/debug-wordpress/">Debugging in WordPress</a> for more information. (This message was added in version 6.7.0.) in /wordpress/wp-includes/functions.php on line 6121
[24-Jun-2025 14:39:05 UTC] PHP Notice:  Function _load_textdomain_just_in_time was called <strong>incorrectly</strong>. Translation loading for the <code>twentytwentyfive</code> domain was triggered too early. This is usually an indicator for some code in the plugin or theme running too early. Translations should be loaded at the <code>init</code> action or later. Please see <a href="https://developer.wordpress.org/advanced-administration/debug/debug-wordpress/">Debugging in WordPress</a> for more information. (This message was added in version 6.7.0.) in /wordpress/wp-includes/functions.php on line 6121

    at Object.onBind (file:///home/runner/work/playground-tester/playground-tester/node_modules/@wp-playground/cli/run-cli-j-geJYS3.js:325:15)
    at process.processTicksAndRejections (node:internal/process/task_queues:105:5)
    at async re (file:///home/runner/work/playground-tester/playground-tester/node_modules/@wp-playground/cli/run-cli-j-geJYS3.js:149:10) {
  [cause]: Error: Error when executing the blueprint step #1 ({"step":"installPlugin","pluginData":{"resource":"wordpress.org/plugins","slug":"takira-shortcode"},"options":{"activate":true}}) : Could not download "https://downloads.wordpress.org/plugin/takira-shortcode.latest-stable.zip".
  				Check if the URL is correct and the server is reachable.
  				If it is reachable, the server might be blocking the request.
  				Check the browser console and network tabs for more information.
  
  				## Does the console show the error "No 'Access-Control-Allow-Origin' header"?
  
  				This means the server that hosts your file does not allow requests from other sites
  				(cross-origin requests, or CORS).	You need to move the asset to a server that allows
  				cross-origin file downloads. Learn more about CORS at
  				https://developer.mozilla.org/en-US/docs/Web/HTTP/CORS.
  
  				If your file is on GitHub, load it from "raw.githubusercontent.com".
  				Here's how to do that:
  
  				1. Start with the original GitHub URL of the file. For example:
  				https://github.com/username/repository/blob/branch/filename.
  				2. Replace "github.com" with "raw.githubusercontent.com".
  				3. Remove the "/blob/" part of the URL.
  
  				The resulting URL should look like this:
  				https://raw.githubusercontent.com/username/repository/branch/filename
  
  				Error:
  				Error: Could not download "https://downloads.wordpress.org/plugin/takira-shortcode.latest-stable.zip"
      at Object.run (file:///home/runner/work/playground-tester/playground-tester/node_modules/@wp-playground/blueprints/index.js:12093:19)
      at process.processTicksAndRejections (node:internal/process/task_queues:105:5)
      at async ys (file:///home/runner/work/playground-tester/playground-tester/node_modules/@wp-playground/blueprints/index.js:12196:3)
      at async Object.onBind (file:///home/runner/work/playground-tester/playground-tester/node_modules/@wp-playground/cli/run-cli-j-geJYS3.js:315:48)
      at async re (file:///home/runner/work/playground-tester/playground-tester/node_modules/@wp-playground/cli/run-cli-j-geJYS3.js:149:10) {
    [cause]: Error: Could not download "https://downloads.wordpress.org/plugin/takira-shortcode.latest-stable.zip".
    				Check if the URL is correct and the server is reachable.
    				If it is reachable, the server might be blocking the request.
    				Check the browser console and network tabs for more information.
    
    				## Does the console show the error "No 'Access-Control-Allow-Origin' header"?
    
    				This means the server that hosts your file does not allow requests from other sites
    				(cross-origin requests, or CORS).	You need to move the asset to a server that allows
    				cross-origin file downloads. Learn more about CORS at
    				https://developer.mozilla.org/en-US/docs/Web/HTTP/CORS.
    
    				If your file is on GitHub, load it from "raw.githubusercontent.com".
    				Here's how to do that:
    
    				1. Start with the original GitHub URL of the file. For example:
    				https://github.com/username/repository/blob/branch/filename.
    				2. Replace "github.com" with "raw.githubusercontent.com".
    				3. Remove the "/blob/" part of the URL.
    
    				The resulting URL should look like this:
    				https://raw.githubusercontent.com/username/repository/branch/filename
    
    				Error:
    				Error: Could not download "https://downloads.wordpress.org/plugin/takira-shortcode.latest-stable.zip"
        at Ct.resolve (file:///home/runner/work/playground-tester/playground-tester/node_modules/@wp-playground/blueprints/index.js:1129:13)
        at process.processTicksAndRejections (node:internal/process/task_queues:105:5)
        at async _.run (file:///home/runner/work/playground-tester/playground-tester/node_modules/@php-wasm/util/index.js:45:14)
  }
}

Node.js v23.11.0
