file:///home/runner/work/playground-tester/playground-tester/node_modules/@wp-playground/cli/run-cli-j-geJYS3.js:325
        throw new Error($, { cause: h });
              ^

Error: [16-Jun-2025 10:54:41 UTC] PHP Fatal error:  Uncaught Error: Cannot use a scalar value as an array in /wordpress/wp-content/plugins/nifty-modal-popup/extensions/open_on_exit/exit.intent.inc.php:16
Stack trace:
#0 /wordpress/wp-content/plugins/nifty-modal-popup/extensions/open_on_exit/exit.intent.inc.php(25): skomfare2_nifty_modal_exit_intent_default_options()
#1 /wordpress/wp-content/plugins/nifty-modal-popup/skomfare2_modal_popups.php(371): include('/wordpress/wp-c...')
#2 /wordpress/wp-content/plugins/nifty-modal-popup/skomfare2_modal_popups.php(70): Albdesign_Modal_Popups_Lite->run_plugin()
#3 /wordpress/wp-content/plugins/nifty-modal-popup/skomfare2_modal_popups.php(23): Albdesign_Modal_Popups_Lite->__construct()
#4 /wordpress/wp-content/plugins/nifty-modal-popup/skomfare2_modal_popups.php(664): Albdesign_Modal_Popups_Lite::get_instance()
#5 /wordpress/wp-admin/includes/plugin.php(2387): include_once('/wordpress/wp-c...')
#6 /wordpress/wp-admin/includes/plugin.php(673): plugin_sandbox_scrape('nifty-modal-pop...')
#7 /internal/eval.php(20): activate_plugin('nifty-modal-pop...')
#8 {main}
  thrown in /wordpress/wp-content/plugins/nifty-modal-popup/extensions/open_on_exit/exit.intent.inc.php on line 16
[16-Jun-2025 10:54:50 UTC] PHP Fatal error:  Uncaught Error: Cannot use a scalar value as an array in /wordpress/wp-content/plugins/nifty-modal-popup/extensions/open_on_exit/exit.intent.inc.php:16
Stack trace:
#0 /wordpress/wp-content/plugins/nifty-modal-popup/extensions/open_on_exit/exit.intent.inc.php(25): skomfare2_nifty_modal_exit_intent_default_options()
#1 /wordpress/wp-content/plugins/nifty-modal-popup/skomfare2_modal_popups.php(371): include('/wordpress/wp-c...')
#2 /wordpress/wp-content/plugins/nifty-modal-popup/skomfare2_modal_popups.php(70): Albdesign_Modal_Popups_Lite->run_plugin()
#3 /wordpress/wp-content/plugins/nifty-modal-popup/skomfare2_modal_popups.php(23): Albdesign_Modal_Popups_Lite->__construct()
#4 /wordpress/wp-content/plugins/nifty-modal-popup/skomfare2_modal_popups.php(664): Albdesign_Modal_Popups_Lite::get_instance()
#5 /wordpress/wp-admin/includes/plugin.php(2387): include_once('/wordpress/wp-c...')
#6 /wordpress/wp-admin/includes/plugin.php(673): plugin_sandbox_scrape('nifty-modal-pop...')
#7 /internal/eval.php(20): activate_plugin('nifty-modal-pop...')
#8 {main}
  thrown in /wordpress/wp-content/plugins/nifty-modal-popup/extensions/open_on_exit/exit.intent.inc.php on line 16
[16-Jun-2025 10:55:00 UTC] PHP Fatal error:  Uncaught Error: Cannot use a scalar value as an array in /wordpress/wp-content/plugins/nifty-modal-popup/extensions/open_on_exit/exit.intent.inc.php:16
Stack trace:
#0 /wordpress/wp-content/plugins/nifty-modal-popup/extensions/open_on_exit/exit.intent.inc.php(25): skomfare2_nifty_modal_exit_intent_default_options()
#1 /wordpress/wp-content/plugins/nifty-modal-popup/skomfare2_modal_popups.php(371): include('/wordpress/wp-c...')
#2 /wordpress/wp-content/plugins/nifty-modal-popup/skomfare2_modal_popups.php(70): Albdesign_Modal_Popups_Lite->run_plugin()
#3 /wordpress/wp-content/plugins/nifty-modal-popup/skomfare2_modal_popups.php(23): Albdesign_Modal_Popups_Lite->__construct()
#4 /wordpress/wp-content/plugins/nifty-modal-popup/skomfare2_modal_popups.php(664): Albdesign_Modal_Popups_Lite::get_instance()
#5 /wordpress/wp-admin/includes/plugin.php(2387): include_once('/wordpress/wp-c...')
#6 /wordpress/wp-admin/includes/plugin.php(673): plugin_sandbox_scrape('nifty-modal-pop...')
#7 /internal/eval.php(20): activate_plugin('nifty-modal-pop...')
#8 {main}
  thrown in /wordpress/wp-content/plugins/nifty-modal-popup/extensions/open_on_exit/exit.intent.inc.php on line 16
[16-Jun-2025 10:55:39 UTC] &blk12;&blk12;&blk12;&blk12;&blk12;NEW REQUEST (2025-06-16 10:55:39)&blk12;&blk12;&blk12;&blk12;&blk12;
[16-Jun-2025 10:55:39 UTC] request uri: ''
[16-Jun-2025 10:55:39 UTC] [DEB]Niki_Plugin_Base->__construct: plugin path: '/wordpress/wp-content/plugins/niki-api-client/' in niki-api-client/classes/class-niki_plugin_base.php:211
[16-Jun-2025 10:55:39 UTC] [DEB]Niki_Plugin_Base->__construct: plugin url : http://127.0.0.1:9406/wp-content/plugins/niki-api-client' in niki-api-client/classes/class-niki_plugin_base.php:214
[16-Jun-2025 10:55:39 UTC] [DEB]Niki_Plugin_Base->__construct: session started in niki-api-client/classes/class-niki_plugin_base.php:228
[16-Jun-2025 10:55:39 UTC] [DEB]Niki_Plugin_Base->__construct: Niki_plugin construction: hooking admin_menu in niki-api-client/classes/class-niki_plugin_base.php:233
[16-Jun-2025 10:55:39 UTC] [DEB]Niki_Plugin_Base->__construct: Niki_plugin construction: hooking admin_init in niki-api-client/classes/class-niki_plugin_base.php:236
[16-Jun-2025 10:55:39 UTC] [INF]Niki_Plugin_Base->get_api_token: getting api token from WP Options [niki-access_token_information] in niki-api-client/classes/class-niki_plugin_base.php:666
[16-Jun-2025 10:55:39 UTC] [DEB]Niki_Plugin_Base->get_api_token: returning existing api token: '' in niki-api-client/classes/class-niki_plugin_base.php:675
[16-Jun-2025 10:55:39 UTC] [DEB]Niki_Plugin_Base->__construct: construction ready in niki-api-client/classes/class-niki_plugin_base.php:277
[16-Jun-2025 10:55:39 UTC] [DEB]Niki_Plugin->__construct: constructor ready in niki-api-client/niki-api-client.php:43
[16-Jun-2025 10:55:39 UTC] PHP Fatal error:  Uncaught Error: Non-static method Niki_Plugin::flush_rewrite_rules() cannot be called statically in /wordpress/wp-content/plugins/niki-api-client/niki-api-client.php:61
Stack trace:
#0 /wordpress/wp-includes/class-wp-hook.php(324): Niki_Plugin::activate(false)
#1 /wordpress/wp-includes/class-wp-hook.php(348): WP_Hook->apply_filters('', Array)
#2 /wordpress/wp-includes/plugin.php(517): WP_Hook->do_action(Array)
#3 /wordpress/wp-admin/includes/plugin.php(703): do_action('activate_niki-a...', false)
#4 /internal/eval.php(20): activate_plugin('niki-api-client...')
#5 {main}
  thrown in /wordpress/wp-content/plugins/niki-api-client/niki-api-client.php on line 61
[16-Jun-2025 10:55:48 UTC] &blk12;&blk12;&blk12;&blk12;&blk12;NEW REQUEST (2025-06-16 10:55:48)&blk12;&blk12;&blk12;&blk12;&blk12;
[16-Jun-2025 10:55:48 UTC] request uri: ''
[16-Jun-2025 10:55:48 UTC] [DEB]Niki_Plugin_Base->__construct: plugin path: '/wordpress/wp-content/plugins/niki-api-client/' in niki-api-client/classes/class-niki_plugin_base.php:211
[16-Jun-2025 10:55:48 UTC] [DEB]Niki_Plugin_Base->__construct: plugin url : http://127.0.0.1:9406/wp-content/plugins/niki-api-client' in niki-api-client/classes/class-niki_plugin_base.php:214
[16-Jun-2025 10:55:48 UTC] [DEB]Niki_Plugin_Base->__construct: session started in niki-api-client/classes/class-niki_plugin_base.php:228
[16-Jun-2025 10:55:48 UTC] [DEB]Niki_Plugin_Base->__construct: Niki_plugin construction: hooking admin_menu in niki-api-client/classes/class-niki_plugin_base.php:233
[16-Jun-2025 10:55:48 UTC] [DEB]Niki_Plugin_Base->__construct: Niki_plugin construction: hooking admin_init in niki-api-client/classes/class-niki_plugin_base.php:236
[16-Jun-2025 10:55:48 UTC] [INF]Niki_Plugin_Base->get_api_token: getting api token from WP Options [niki-access_token_information] in niki-api-client/classes/class-niki_plugin_base.php:666
[16-Jun-2025 10:55:48 UTC] [DEB]Niki_Plugin_Base->get_api_token: returning existing api token: '' in niki-api-client/classes/class-niki_plugin_base.php:675
[16-Jun-2025 10:55:48 UTC] [DEB]Niki_Plugin_Base->__construct: construction ready in niki-api-client/classes/class-niki_plugin_base.php:277
[16-Jun-2025 10:55:48 UTC] [DEB]Niki_Plugin->__construct: constructor ready in niki-api-client/niki-api-client.php:43
[16-Jun-2025 10:55:48 UTC] PHP Fatal error:  Uncaught Error: Non-static method Niki_Plugin::flush_rewrite_rules() cannot be called statically in /wordpress/wp-content/plugins/niki-api-client/niki-api-client.php:61
Stack trace:
#0 /wordpress/wp-includes/class-wp-hook.php(324): Niki_Plugin::activate(false)
#1 /wordpress/wp-includes/class-wp-hook.php(348): WP_Hook->apply_filters('', Array)
#2 /wordpress/wp-includes/plugin.php(517): WP_Hook->do_action(Array)
#3 /wordpress/wp-admin/includes/plugin.php(703): do_action('activate_niki-a...', false)
#4 /internal/eval.php(20): activate_plugin('niki-api-client...')
#5 {main}
  thrown in /wordpress/wp-content/plugins/niki-api-client/niki-api-client.php on line 61
[16-Jun-2025 10:55:57 UTC] &blk12;&blk12;&blk12;&blk12;&blk12;NEW REQUEST (2025-06-16 10:55:57)&blk12;&blk12;&blk12;&blk12;&blk12;
[16-Jun-2025 10:55:57 UTC] request uri: ''
[16-Jun-2025 10:55:57 UTC] [DEB]Niki_Plugin_Base->__construct: plugin path: '/wordpress/wp-content/plugins/niki-api-client/' in niki-api-client/classes/class-niki_plugin_base.php:211
[16-Jun-2025 10:55:57 UTC] [DEB]Niki_Plugin_Base->__construct: plugin url : http://127.0.0.1:9406/wp-content/plugins/niki-api-client' in niki-api-client/classes/class-niki_plugin_base.php:214
[16-Jun-2025 10:55:57 UTC] [DEB]Niki_Plugin_Base->__construct: session started in niki-api-client/classes/class-niki_plugin_base.php:228
[16-Jun-2025 10:55:57 UTC] [DEB]Niki_Plugin_Base->__construct: Niki_plugin construction: hooking admin_menu in niki-api-client/classes/class-niki_plugin_base.php:233
[16-Jun-2025 10:55:57 UTC] [DEB]Niki_Plugin_Base->__construct: Niki_plugin construction: hooking admin_init in niki-api-client/classes/class-niki_plugin_base.php:236
[16-Jun-2025 10:55:57 UTC] [INF]Niki_Plugin_Base->get_api_token: getting api token from WP Options [niki-access_token_information] in niki-api-client/classes/class-niki_plugin_base.php:666
[16-Jun-2025 10:55:57 UTC] [DEB]Niki_Plugin_Base->get_api_token: returning existing api token: '' in niki-api-client/classes/class-niki_plugin_base.php:675
[16-Jun-2025 10:55:57 UTC] [DEB]Niki_Plugin_Base->__construct: construction ready in niki-api-client/classes/class-niki_plugin_base.php:277
[16-Jun-2025 10:55:57 UTC] [DEB]Niki_Plugin->__construct: constructor ready in niki-api-client/niki-api-client.php:43
[16-Jun-2025 10:55:57 UTC] PHP Fatal error:  Uncaught Error: Non-static method Niki_Plugin::flush_rewrite_rules() cannot be called statically in /wordpress/wp-content/plugins/niki-api-client/niki-api-client.php:61
Stack trace:
#0 /wordpress/wp-includes/class-wp-hook.php(324): Niki_Plugin::activate(false)
#1 /wordpress/wp-includes/class-wp-hook.php(348): WP_Hook->apply_filters('', Array)
#2 /wordpress/wp-includes/plugin.php(517): WP_Hook->do_action(Array)
#3 /wordpress/wp-admin/includes/plugin.php(703): do_action('activate_niki-a...', false)
#4 /internal/eval.php(20): activate_plugin('niki-api-client...')
#5 {main}
  thrown in /wordpress/wp-content/plugins/niki-api-client/niki-api-client.php on line 61
[16-Jun-2025 10:56:38 UTC] PHP Fatal error:  Uncaught Error: Call to undefined function create_function() in /wordpress/wp-content/plugins/ninja-announcements/includes/widget.class.php:254
Stack trace:
#0 /wordpress/wp-content/plugins/ninja-announcements/ninja_annc.php(47): require_once()
#1 /wordpress/wp-admin/includes/plugin.php(2387): include_once('/wordpress/wp-c...')
#2 /wordpress/wp-admin/includes/plugin.php(673): plugin_sandbox_scrape('ninja-announcem...')
#3 /internal/eval.php(20): activate_plugin('ninja-announcem...')
#4 {main}
  thrown in /wordpress/wp-content/plugins/ninja-announcements/includes/widget.class.php on line 254
[16-Jun-2025 10:56:46 UTC] PHP Fatal error:  Uncaught Error: Call to undefined function create_function() in /wordpress/wp-content/plugins/ninja-announcements/includes/widget.class.php:254
Stack trace:
#0 /wordpress/wp-content/plugins/ninja-announcements/ninja_annc.php(47): require_once()
#1 /wordpress/wp-admin/includes/plugin.php(2387): include_once('/wordpress/wp-c...')
#2 /wordpress/wp-admin/includes/plugin.php(673): plugin_sandbox_scrape('ninja-announcem...')
#3 /internal/eval.php(20): activate_plugin('ninja-announcem...')
#4 {main}
  thrown in /wordpress/wp-content/plugins/ninja-announcements/includes/widget.class.php on line 254
[16-Jun-2025 10:56:53 UTC] PHP Fatal error:  Uncaught Error: Call to undefined function create_function() in /wordpress/wp-content/plugins/ninja-announcements/includes/widget.class.php:254
Stack trace:
#0 /wordpress/wp-content/plugins/ninja-announcements/ninja_annc.php(47): require_once()
#1 /wordpress/wp-admin/includes/plugin.php(2387): include_once('/wordpress/wp-c...')
#2 /wordpress/wp-admin/includes/plugin.php(673): plugin_sandbox_scrape('ninja-announcem...')
#3 /internal/eval.php(20): activate_plugin('ninja-announcem...')
#4 {main}
  thrown in /wordpress/wp-content/plugins/ninja-announcements/includes/widget.class.php on line 254
[16-Jun-2025 10:58:48 UTC] PHP Fatal error:  Uncaught Error: Call to undefined function create_function() in /wordpress/wp-content/plugins/nivo-affiliate/nivo-affiliate.php:117
Stack trace:
#0 /wordpress/wp-content/plugins/nivo-affiliate/nivo-affiliate.php(345): nivo_affiliate::load_plugin()
#1 /wordpress/wp-admin/includes/plugin.php(2387): include_once('/wordpress/wp-c...')
#2 /wordpress/wp-admin/includes/plugin.php(673): plugin_sandbox_scrape('nivo-affiliate/...')
#3 /internal/eval.php(20): activate_plugin('nivo-affiliate/...')
#4 {main}
  thrown in /wordpress/wp-content/plugins/nivo-affiliate/nivo-affiliate.php on line 117
[16-Jun-2025 10:58:56 UTC] PHP Fatal error:  Uncaught Error: Call to undefined function create_function() in /wordpress/wp-content/plugins/nivo-affiliate/nivo-affiliate.php:117
Stack trace:
#0 /wordpress/wp-content/plugins/nivo-affiliate/nivo-affiliate.php(345): nivo_affiliate::load_plugin()
#1 /wordpress/wp-admin/includes/plugin.php(2387): include_once('/wordpress/wp-c...')
#2 /wordpress/wp-admin/includes/plugin.php(673): plugin_sandbox_scrape('nivo-affiliate/...')
#3 /internal/eval.php(20): activate_plugin('nivo-affiliate/...')
#4 {main}
  thrown in /wordpress/wp-content/plugins/nivo-affiliate/nivo-affiliate.php on line 117
[16-Jun-2025 10:59:05 UTC] PHP Fatal error:  Uncaught Error: Call to undefined function create_function() in /wordpress/wp-content/plugins/nivo-affiliate/nivo-affiliate.php:117
Stack trace:
#0 /wordpress/wp-content/plugins/nivo-affiliate/nivo-affiliate.php(345): nivo_affiliate::load_plugin()
#1 /wordpress/wp-admin/includes/plugin.php(2387): include_once('/wordpress/wp-c...')
#2 /wordpress/wp-admin/includes/plugin.php(673): plugin_sandbox_scrape('nivo-affiliate/...')
#3 /internal/eval.php(20): activate_plugin('nivo-affiliate/...')
#4 {main}
  thrown in /wordpress/wp-content/plugins/nivo-affiliate/nivo-affiliate.php on line 117
[16-Jun-2025 10:59:13 UTC] PHP Warning:  Undefined variable $_message in /wordpress/wp-content/plugins/niz-stores-carousel-for-dokan/inc/class.niz-dependency-checker.php on line 22
[16-Jun-2025 10:59:14 UTC] PHP Warning:  Undefined variable $_message in /wordpress/wp-content/plugins/niz-stores-carousel-for-dokan/inc/class.niz-dependency-checker.php on line 22
[16-Jun-2025 10:59:22 UTC] PHP Warning:  Undefined variable $_message in /wordpress/wp-content/plugins/niz-stores-carousel-for-dokan/inc/class.niz-dependency-checker.php on line 22
[16-Jun-2025 10:59:23 UTC] PHP Warning:  Undefined variable $_message in /wordpress/wp-content/plugins/niz-stores-carousel-for-dokan/inc/class.niz-dependency-checker.php on line 22
[16-Jun-2025 10:59:29 UTC] PHP Warning:  Undefined variable $_message in /wordpress/wp-content/plugins/niz-stores-carousel-for-dokan/inc/class.niz-dependency-checker.php on line 22
[16-Jun-2025 10:59:30 UTC] PHP Warning:  Undefined variable $_message in /wordpress/wp-content/plugins/niz-stores-carousel-for-dokan/inc/class.niz-dependency-checker.php on line 22
[16-Jun-2025 10:59:41 UTC] PHP Notice:  Function _load_textdomain_just_in_time was called <strong>incorrectly</strong>. Translation loading for the <code>nm-gift-registry-and-wishlist-crowdfunding</code> domain was triggered too early. This is usually an indicator for some code in the plugin or theme running too early. Translations should be loaded at the <code>init</code> action or later. Please see <a href="https://developer.wordpress.org/advanced-administration/debug/debug-wordpress/">Debugging in WordPress</a> for more information. (This message was added in version 6.7.0.) in /wordpress/wp-includes/functions.php on line 6121
[16-Jun-2025 10:59:50 UTC] PHP Notice:  Function _load_textdomain_just_in_time was called <strong>incorrectly</strong>. Translation loading for the <code>nm-gift-registry-and-wishlist-crowdfunding</code> domain was triggered too early. This is usually an indicator for some code in the plugin or theme running too early. Translations should be loaded at the <code>init</code> action or later. Please see <a href="https://developer.wordpress.org/advanced-administration/debug/debug-wordpress/">Debugging in WordPress</a> for more information. (This message was added in version 6.7.0.) in /wordpress/wp-includes/functions.php on line 6121
[16-Jun-2025 10:59:58 UTC] PHP Notice:  Function _load_textdomain_just_in_time was called <strong>incorrectly</strong>. Translation loading for the <code>nm-gift-registry-and-wishlist-crowdfunding</code> domain was triggered too early. This is usually an indicator for some code in the plugin or theme running too early. Translations should be loaded at the <code>init</code> action or later. Please see <a href="https://developer.wordpress.org/advanced-administration/debug/debug-wordpress/">Debugging in WordPress</a> for more information. (This message was added in version 6.7.0.) in /wordpress/wp-includes/functions.php on line 6121
[16-Jun-2025 11:02:44 UTC] PHP Notice:  Function _load_textdomain_just_in_time was called <strong>incorrectly</strong>. Translation loading for the <code>psupsellmaster</code> domain was triggered too early. This is usually an indicator for some code in the plugin or theme running too early. Translations should be loaded at the <code>init</code> action or later. Please see <a href="https://developer.wordpress.org/advanced-administration/debug/debug-wordpress/">Debugging in WordPress</a> for more information. (This message was added in version 6.7.0.) in /wordpress/wp-includes/functions.php on line 6121
[16-Jun-2025 11:02:45 UTC] WordPress database error <div style="clear:both">&nbsp;</div>
<div class="queries" style="clear:both;margin-bottom:2px;border:red dotted thin;">
<p>MySQL query:</p>
<p>CREATE TABLE IF NOT EXISTS wp_psupsellmaster_campaign_events (
			`id` bigint(20) NOT NULL AUTO_INCREMENT,
			`campaign_id` bigint(20) NOT NULL DEFAULT 0,
			`event_date` date NOT NULL DEFAULT CURRENT_DATE(),
			`event_name` varchar(100) NOT NULL DEFAULT '',
			`location` varchar(100) NOT NULL DEFAULT '',
			`quantity` bigint(20) NOT NULL DEFAULT 0,
			PRIMARY KEY  (`id`),
			KEY `campaign_id` (`campaign_id`),
			KEY `event_date` (`event_date`),
			KEY `event_name` (`event_name`),
			KEY `location` (`location`),
			KEY `quantity` (`quantity`)
		) </p>
<p>Queries made or created this session were:</p>
<ol>
</ol>
</div>
<div style="clear:both;margin-bottom:2px;border:red dotted thin;" class="error_message" style="border-bottom:dotted blue thin;">
Failed to parse the MySQL query.
</div>
<p>Backtrace:</p>
<pre>#0 /internal/shared/sqlite-database-integration/wp-includes/sqlite-ast/class-wp-sqlite-driver.php(606): WP_SQLite_Driver->new_driver_exception('Failed to parse...')
#1 /internal/shared/sqlite-database-integration/wp-includes/sqlite/class-wp-sqlite-db.php(491): WP_SQLite_Driver->query('CREATE TABLE IF...')
#2 /internal/shared/sqlite-database-integration/wp-includes/sqlite/class-wp-sqlite-db.php(432): WP_SQLite_DB->_do_query('CREATE TABLE IF...')
#3 /wordpress/wp-admin/includes/upgrade.php(3280): WP_SQLite_DB->query('CREATE TABLE IF...')
#4 /wordpress/wp-content/plugins/psupsellmaster/includes/database/functions-upgrades.php(1489): dbDelta(Array)
#5 /wordpress/wp-content/plugins/psupsellmaster/includes/database/functions-upgrades.php(43): psupsellmaster_database_upgrade_version_1_7_0()
#6 /wordpress/wp-includes/class-wp-hook.php(324): psupsellmaster_database_upgrades('')
#7 /wordpress/wp-includes/class-wp-hook.php(348): WP_Hook->apply_filters(NULL, Array)
#8 /wordpress/wp-includes/plugin.php(517): WP_Hook->do_action(Array)
#9 /wordpress/wp-settings.php(578): do_action('plugins_loaded')
#10 /wordpress/wp-config.php(102): require_once('/wordpress/wp-s...')
#11 /wordpress/wp-load.php(50): require_once('/wordpress/wp-c...')
#12 /internal/eval.php(3): require_once('/wordpress/wp-l...')
#13 {main}</pre>
 for query CREATE TABLE IF NOT EXISTS wp_psupsellmaster_campaign_events (
			`id` bigint(20) NOT NULL AUTO_INCREMENT,
			`campaign_id` bigint(20) NOT NULL DEFAULT 0,
			`event_date` date NOT NULL DEFAULT CURRENT_DATE(),
			`event_name` varchar(100) NOT NULL DEFAULT '',
			`location` varchar(100) NOT NULL DEFAULT '',
			`quantity` bigint(20) NOT NULL DEFAULT 0,
			PRIMARY KEY  (`id`),
			KEY `campaign_id` (`campaign_id`),
			KEY `event_date` (`event_date`),
			KEY `event_name` (`event_name`),
			KEY `location` (`location`),
			KEY `quantity` (`quantity`)
		)  made by require_once('wp-load.php'), require_once('wp-config.php'), require_once('wp-settings.php'), do_action('plugins_loaded'), WP_Hook->do_action, WP_Hook->apply_filters, psupsellmaster_database_upgrades, psupsellmaster_database_upgrade_version_1_7_0, dbDelta, WP_SQLite_DB->query, WP_SQLite_DB->print_error
[16-Jun-2025 11:02:57 UTC] PHP Notice:  Function _load_textdomain_just_in_time was called <strong>incorrectly</strong>. Translation loading for the <code>psupsellmaster</code> domain was triggered too early. This is usually an indicator for some code in the plugin or theme running too early. Translations should be loaded at the <code>init</code> action or later. Please see <a href="https://developer.wordpress.org/advanced-administration/debug/debug-wordpress/">Debugging in WordPress</a> for more information. (This message was added in version 6.7.0.) in /wordpress/wp-includes/functions.php on line 6121
[16-Jun-2025 11:02:59 UTC] WordPress database error <div style="clear:both">&nbsp;</div>
<div class="queries" style="clear:both;margin-bottom:2px;border:red dotted thin;">
<p>MySQL query:</p>
<p>CREATE TABLE IF NOT EXISTS wp_psupsellmaster_campaign_events (
			`id` bigint(20) NOT NULL AUTO_INCREMENT,
			`campaign_id` bigint(20) NOT NULL DEFAULT 0,
			`event_date` date NOT NULL DEFAULT CURRENT_DATE(),
			`event_name` varchar(100) NOT NULL DEFAULT '',
			`location` varchar(100) NOT NULL DEFAULT '',
			`quantity` bigint(20) NOT NULL DEFAULT 0,
			PRIMARY KEY  (`id`),
			KEY `campaign_id` (`campaign_id`),
			KEY `event_date` (`event_date`),
			KEY `event_name` (`event_name`),
			KEY `location` (`location`),
			KEY `quantity` (`quantity`)
		) </p>
<p>Queries made or created this session were:</p>
<ol>
</ol>
</div>
<div style="clear:both;margin-bottom:2px;border:red dotted thin;" class="error_message" style="border-bottom:dotted blue thin;">
Failed to parse the MySQL query.
</div>
<p>Backtrace:</p>
<pre>#0 /internal/shared/sqlite-database-integration/wp-includes/sqlite-ast/class-wp-sqlite-driver.php(606): WP_SQLite_Driver->new_driver_exception('Failed to parse...')
#1 /internal/shared/sqlite-database-integration/wp-includes/sqlite/class-wp-sqlite-db.php(491): WP_SQLite_Driver->query('CREATE TABLE IF...')
#2 /internal/shared/sqlite-database-integration/wp-includes/sqlite/class-wp-sqlite-db.php(432): WP_SQLite_DB->_do_query('CREATE TABLE IF...')
#3 /wordpress/wp-admin/includes/upgrade.php(3280): WP_SQLite_DB->query('CREATE TABLE IF...')
#4 /wordpress/wp-content/plugins/psupsellmaster/includes/database/functions-upgrades.php(1489): dbDelta(Array)
#5 /wordpress/wp-content/plugins/psupsellmaster/includes/database/functions-upgrades.php(43): psupsellmaster_database_upgrade_version_1_7_0()
#6 /wordpress/wp-includes/class-wp-hook.php(324): psupsellmaster_database_upgrades('')
#7 /wordpress/wp-includes/class-wp-hook.php(348): WP_Hook->apply_filters(NULL, Array)
#8 /wordpress/wp-includes/plugin.php(517): WP_Hook->do_action(Array)
#9 /wordpress/wp-settings.php(578): do_action('plugins_loaded')
#10 /wordpress/wp-config.php(102): require_once('/wordpress/wp-s...')
#11 /wordpress/wp-load.php(50): require_once('/wordpress/wp-c...')
#12 /internal/eval.php(3): require_once('/wordpress/wp-l...')
#13 {main}</pre>
 for query CREATE TABLE IF NOT EXISTS wp_psupsellmaster_campaign_events (
			`id` bigint(20) NOT NULL AUTO_INCREMENT,
			`campaign_id` bigint(20) NOT NULL DEFAULT 0,
			`event_date` date NOT NULL DEFAULT CURRENT_DATE(),
			`event_name` varchar(100) NOT NULL DEFAULT '',
			`location` varchar(100) NOT NULL DEFAULT '',
			`quantity` bigint(20) NOT NULL DEFAULT 0,
			PRIMARY KEY  (`id`),
			KEY `campaign_id` (`campaign_id`),
			KEY `event_date` (`event_date`),
			KEY `event_name` (`event_name`),
			KEY `location` (`location`),
			KEY `quantity` (`quantity`)
		)  made by require_once('wp-load.php'), require_once('wp-config.php'), require_once('wp-settings.php'), do_action('plugins_loaded'), WP_Hook->do_action, WP_Hook->apply_filters, psupsellmaster_database_upgrades, psupsellmaster_database_upgrade_version_1_7_0, dbDelta, WP_SQLite_DB->query, WP_SQLite_DB->print_error
[16-Jun-2025 11:03:11 UTC] PHP Notice:  Function _load_textdomain_just_in_time was called <strong>incorrectly</strong>. Translation loading for the <code>psupsellmaster</code> domain was triggered too early. This is usually an indicator for some code in the plugin or theme running too early. Translations should be loaded at the <code>init</code> action or later. Please see <a href="https://developer.wordpress.org/advanced-administration/debug/debug-wordpress/">Debugging in WordPress</a> for more information. (This message was added in version 6.7.0.) in /wordpress/wp-includes/functions.php on line 6121
[16-Jun-2025 11:03:12 UTC] WordPress database error <div style="clear:both">&nbsp;</div>
<div class="queries" style="clear:both;margin-bottom:2px;border:red dotted thin;">
<p>MySQL query:</p>
<p>CREATE TABLE IF NOT EXISTS wp_psupsellmaster_campaign_events (
			`id` bigint(20) NOT NULL AUTO_INCREMENT,
			`campaign_id` bigint(20) NOT NULL DEFAULT 0,
			`event_date` date NOT NULL DEFAULT CURRENT_DATE(),
			`event_name` varchar(100) NOT NULL DEFAULT '',
			`location` varchar(100) NOT NULL DEFAULT '',
			`quantity` bigint(20) NOT NULL DEFAULT 0,
			PRIMARY KEY  (`id`),
			KEY `campaign_id` (`campaign_id`),
			KEY `event_date` (`event_date`),
			KEY `event_name` (`event_name`),
			KEY `location` (`location`),
			KEY `quantity` (`quantity`)
		) </p>
<p>Queries made or created this session were:</p>
<ol>
</ol>
</div>
<div style="clear:both;margin-bottom:2px;border:red dotted thin;" class="error_message" style="border-bottom:dotted blue thin;">
Failed to parse the MySQL query.
</div>
<p>Backtrace:</p>
<pre>#0 /internal/shared/sqlite-database-integration/wp-includes/sqlite-ast/class-wp-sqlite-driver.php(606): WP_SQLite_Driver->new_driver_exception('Failed to parse...')
#1 /internal/shared/sqlite-database-integration/wp-includes/sqlite/class-wp-sqlite-db.php(491): WP_SQLite_Driver->query('CREATE TABLE IF...')
#2 /internal/shared/sqlite-database-integration/wp-includes/sqlite/class-wp-sqlite-db.php(432): WP_SQLite_DB->_do_query('CREATE TABLE IF...')
#3 /wordpress/wp-admin/includes/upgrade.php(3280): WP_SQLite_DB->query('CREATE TABLE IF...')
#4 /wordpress/wp-content/plugins/psupsellmaster/includes/database/functions-upgrades.php(1489): dbDelta(Array)
#5 /wordpress/wp-content/plugins/psupsellmaster/includes/database/functions-upgrades.php(43): psupsellmaster_database_upgrade_version_1_7_0()
#6 /wordpress/wp-includes/class-wp-hook.php(324): psupsellmaster_database_upgrades('')
#7 /wordpress/wp-includes/class-wp-hook.php(348): WP_Hook->apply_filters(NULL, Array)
#8 /wordpress/wp-includes/plugin.php(517): WP_Hook->do_action(Array)
#9 /wordpress/wp-settings.php(578): do_action('plugins_loaded')
#10 /wordpress/wp-config.php(102): require_once('/wordpress/wp-s...')
#11 /wordpress/wp-load.php(50): require_once('/wordpress/wp-c...')
#12 /internal/eval.php(3): require_once('/wordpress/wp-l...')
#13 {main}</pre>
 for query CREATE TABLE IF NOT EXISTS wp_psupsellmaster_campaign_events (
			`id` bigint(20) NOT NULL AUTO_INCREMENT,
			`campaign_id` bigint(20) NOT NULL DEFAULT 0,
			`event_date` date NOT NULL DEFAULT CURRENT_DATE(),
			`event_name` varchar(100) NOT NULL DEFAULT '',
			`location` varchar(100) NOT NULL DEFAULT '',
			`quantity` bigint(20) NOT NULL DEFAULT 0,
			PRIMARY KEY  (`id`),
			KEY `campaign_id` (`campaign_id`),
			KEY `event_date` (`event_date`),
			KEY `event_name` (`event_name`),
			KEY `location` (`location`),
			KEY `quantity` (`quantity`)
		)  made by require_once('wp-load.php'), require_once('wp-config.php'), require_once('wp-settings.php'), do_action('plugins_loaded'), WP_Hook->do_action, WP_Hook->apply_filters, psupsellmaster_database_upgrades, psupsellmaster_database_upgrade_version_1_7_0, dbDelta, WP_SQLite_DB->query, WP_SQLite_DB->print_error
[16-Jun-2025 11:03:52 UTC] PHP Fatal error:  Uncaught Error: Call to undefined function create_function() in /wordpress/wp-content/plugins/puffar/puff-widget.php:185
Stack trace:
#0 /wordpress/wp-content/plugins/puffar/puffar.php(141): require_once()
#1 /wordpress/wp-admin/includes/plugin.php(2387): include_once('/wordpress/wp-c...')
#2 /wordpress/wp-admin/includes/plugin.php(673): plugin_sandbox_scrape('puffar/puffar.p...')
#3 /internal/eval.php(20): activate_plugin('puffar/puffar.p...')
#4 {main}
  thrown in /wordpress/wp-content/plugins/puffar/puff-widget.php on line 185
[16-Jun-2025 11:04:00 UTC] PHP Fatal error:  Uncaught Error: Call to undefined function create_function() in /wordpress/wp-content/plugins/puffar/puff-widget.php:185
Stack trace:
#0 /wordpress/wp-content/plugins/puffar/puffar.php(141): require_once()
#1 /wordpress/wp-admin/includes/plugin.php(2387): include_once('/wordpress/wp-c...')
#2 /wordpress/wp-admin/includes/plugin.php(673): plugin_sandbox_scrape('puffar/puffar.p...')
#3 /internal/eval.php(20): activate_plugin('puffar/puffar.p...')
#4 {main}
  thrown in /wordpress/wp-content/plugins/puffar/puff-widget.php on line 185
[16-Jun-2025 11:04:09 UTC] PHP Fatal error:  Uncaught Error: Call to undefined function create_function() in /wordpress/wp-content/plugins/puffar/puff-widget.php:185
Stack trace:
#0 /wordpress/wp-content/plugins/puffar/puffar.php(141): require_once()
#1 /wordpress/wp-admin/includes/plugin.php(2387): include_once('/wordpress/wp-c...')
#2 /wordpress/wp-admin/includes/plugin.php(673): plugin_sandbox_scrape('puffar/puffar.p...')
#3 /internal/eval.php(20): activate_plugin('puffar/puffar.p...')
#4 {main}
  thrown in /wordpress/wp-content/plugins/puffar/puff-widget.php on line 185

    at Object.onBind (file:///home/runner/work/playground-tester/playground-tester/node_modules/@wp-playground/cli/run-cli-j-geJYS3.js:325:15)
    at process.processTicksAndRejections (node:internal/process/task_queues:105:5)
    at async re (file:///home/runner/work/playground-tester/playground-tester/node_modules/@wp-playground/cli/run-cli-j-geJYS3.js:149:10) {
  [cause]: Error: Error when executing the blueprint step #1 ({"step":"installPlugin","pluginData":{"resource":"wordpress.org/plugins","slug":"ninja-twitter-plugin"},"options":{"activate":true}}) : Could not download "https://downloads.wordpress.org/plugin/ninja-twitter-plugin.latest-stable.zip".
  				Check if the URL is correct and the server is reachable.
  				If it is reachable, the server might be blocking the request.
  				Check the browser console and network tabs for more information.
  
  				## Does the console show the error "No 'Access-Control-Allow-Origin' header"?
  
  				This means the server that hosts your file does not allow requests from other sites
  				(cross-origin requests, or CORS).	You need to move the asset to a server that allows
  				cross-origin file downloads. Learn more about CORS at
  				https://developer.mozilla.org/en-US/docs/Web/HTTP/CORS.
  
  				If your file is on GitHub, load it from "raw.githubusercontent.com".
  				Here's how to do that:
  
  				1. Start with the original GitHub URL of the file. For example:
  				https://github.com/username/repository/blob/branch/filename.
  				2. Replace "github.com" with "raw.githubusercontent.com".
  				3. Remove the "/blob/" part of the URL.
  
  				The resulting URL should look like this:
  				https://raw.githubusercontent.com/username/repository/branch/filename
  
  				Error:
  				Error: Could not download "https://downloads.wordpress.org/plugin/ninja-twitter-plugin.latest-stable.zip"
      at Object.run (file:///home/runner/work/playground-tester/playground-tester/node_modules/@wp-playground/blueprints/index.js:12093:19)
      at process.processTicksAndRejections (node:internal/process/task_queues:105:5)
      at async ys (file:///home/runner/work/playground-tester/playground-tester/node_modules/@wp-playground/blueprints/index.js:12196:3)
      at async Object.onBind (file:///home/runner/work/playground-tester/playground-tester/node_modules/@wp-playground/cli/run-cli-j-geJYS3.js:315:48)
      at async re (file:///home/runner/work/playground-tester/playground-tester/node_modules/@wp-playground/cli/run-cli-j-geJYS3.js:149:10) {
    [cause]: Error: Could not download "https://downloads.wordpress.org/plugin/ninja-twitter-plugin.latest-stable.zip".
    				Check if the URL is correct and the server is reachable.
    				If it is reachable, the server might be blocking the request.
    				Check the browser console and network tabs for more information.
    
    				## Does the console show the error "No 'Access-Control-Allow-Origin' header"?
    
    				This means the server that hosts your file does not allow requests from other sites
    				(cross-origin requests, or CORS).	You need to move the asset to a server that allows
    				cross-origin file downloads. Learn more about CORS at
    				https://developer.mozilla.org/en-US/docs/Web/HTTP/CORS.
    
    				If your file is on GitHub, load it from "raw.githubusercontent.com".
    				Here's how to do that:
    
    				1. Start with the original GitHub URL of the file. For example:
    				https://github.com/username/repository/blob/branch/filename.
    				2. Replace "github.com" with "raw.githubusercontent.com".
    				3. Remove the "/blob/" part of the URL.
    
    				The resulting URL should look like this:
    				https://raw.githubusercontent.com/username/repository/branch/filename
    
    				Error:
    				Error: Could not download "https://downloads.wordpress.org/plugin/ninja-twitter-plugin.latest-stable.zip"
        at Ct.resolve (file:///home/runner/work/playground-tester/playground-tester/node_modules/@wp-playground/blueprints/index.js:1129:13)
        at process.processTicksAndRejections (node:internal/process/task_queues:105:5)
        at async _.run (file:///home/runner/work/playground-tester/playground-tester/node_modules/@php-wasm/util/index.js:45:14)
  }
}

Node.js v23.11.0
