file:///home/runner/work/playground-tester/playground-tester/node_modules/@wp-playground/cli/index.js:237
        throw new Error(y, { cause: u });
              ^

Error: [28-Apr-2025 17:24:22 UTC] PHP Warning:  file_get_contents(http://dell.system-11.com/client/add?division=highereducation&amp;url=http%3A%2F%2F127.0.0.1%3A9401&amp;ajaxurl=http%3A%2F%2F127.0.0.1%3A9401%2Fwp-content%2Fplugins%2Fhigher-education-connect%2Fajax.php&amp;clientid=): Failed to open stream: HTTP request failed! in /wordpress/wp-content/plugins/higher-education-connect/connect.php on line 80
[28-Apr-2025 17:24:22 UTC] PHP Warning:  Attempt to read property "result" on null in /wordpress/wp-content/plugins/higher-education-connect/connect.php on line 83
[28-Apr-2025 17:24:22 UTC] PHP Warning:  Attempt to read property "error" on null in /wordpress/wp-content/plugins/higher-education-connect/connect.php on line 84
[28-Apr-2025 17:24:22 UTC] PHP Warning:  file_get_contents(http://dell.system-11.com/client/error?url=http%3A%2F%2F127.0.0.1%3A9401&amp;error=): Failed to open stream: HTTP request failed! in /wordpress/wp-content/plugins/higher-education-connect/connect.php on line 84
[28-Apr-2025 17:24:32 UTC] PHP Warning:  file_get_contents(http://dell.system-11.com/client/add?division=highereducation&amp;url=http%3A%2F%2F127.0.0.1%3A9401&amp;ajaxurl=http%3A%2F%2F127.0.0.1%3A9401%2Fwp-content%2Fplugins%2Fhigher-education-connect%2Fajax.php&amp;clientid=): Failed to open stream: HTTP request failed! in /wordpress/wp-content/plugins/higher-education-connect/connect.php on line 80
[28-Apr-2025 17:24:32 UTC] PHP Warning:  Attempt to read property "result" on null in /wordpress/wp-content/plugins/higher-education-connect/connect.php on line 83
[28-Apr-2025 17:24:32 UTC] PHP Warning:  Attempt to read property "error" on null in /wordpress/wp-content/plugins/higher-education-connect/connect.php on line 84
[28-Apr-2025 17:24:32 UTC] PHP Warning:  file_get_contents(http://dell.system-11.com/client/error?url=http%3A%2F%2F127.0.0.1%3A9401&amp;error=): Failed to open stream: HTTP request failed! in /wordpress/wp-content/plugins/higher-education-connect/connect.php on line 84
[28-Apr-2025 17:24:41 UTC] PHP Warning:  file_get_contents(http://dell.system-11.com/client/add?division=highereducation&amp;url=http%3A%2F%2F127.0.0.1%3A9401&amp;ajaxurl=http%3A%2F%2F127.0.0.1%3A9401%2Fwp-content%2Fplugins%2Fhigher-education-connect%2Fajax.php&amp;clientid=): Failed to open stream: HTTP request failed! in /wordpress/wp-content/plugins/higher-education-connect/connect.php on line 80
[28-Apr-2025 17:24:41 UTC] PHP Warning:  Attempt to read property "result" on null in /wordpress/wp-content/plugins/higher-education-connect/connect.php on line 83
[28-Apr-2025 17:24:41 UTC] PHP Warning:  Attempt to read property "error" on null in /wordpress/wp-content/plugins/higher-education-connect/connect.php on line 84
[28-Apr-2025 17:24:41 UTC] PHP Warning:  file_get_contents(http://dell.system-11.com/client/error?url=http%3A%2F%2F127.0.0.1%3A9401&amp;error=): Failed to open stream: HTTP request failed! in /wordpress/wp-content/plugins/higher-education-connect/connect.php on line 84
[28-Apr-2025 17:24:51 UTC] PHP Warning:  Undefined array key "action" in /wordpress/wp-content/plugins/hp-testimonials/hp-testimonials.php on line 50
[28-Apr-2025 17:24:51 UTC] PHP Warning:  Undefined array key "action" in /wordpress/wp-content/plugins/hp-testimonials/hp-testimonials.php on line 82
[28-Apr-2025 17:24:52 UTC] PHP Warning:  Undefined array key "action" in /wordpress/wp-content/plugins/hp-testimonials/hp-testimonials.php on line 50
[28-Apr-2025 17:24:52 UTC] PHP Warning:  Undefined array key "action" in /wordpress/wp-content/plugins/hp-testimonials/hp-testimonials.php on line 82
[28-Apr-2025 17:25:01 UTC] PHP Warning:  Undefined array key "action" in /wordpress/wp-content/plugins/hp-testimonials/hp-testimonials.php on line 50
[28-Apr-2025 17:25:01 UTC] PHP Warning:  Undefined array key "action" in /wordpress/wp-content/plugins/hp-testimonials/hp-testimonials.php on line 82
[28-Apr-2025 17:25:02 UTC] PHP Warning:  Undefined array key "action" in /wordpress/wp-content/plugins/hp-testimonials/hp-testimonials.php on line 50
[28-Apr-2025 17:25:02 UTC] PHP Warning:  Undefined array key "action" in /wordpress/wp-content/plugins/hp-testimonials/hp-testimonials.php on line 82
[28-Apr-2025 17:25:10 UTC] PHP Warning:  Undefined array key "action" in /wordpress/wp-content/plugins/hp-testimonials/hp-testimonials.php on line 50
[28-Apr-2025 17:25:10 UTC] PHP Warning:  Undefined array key "action" in /wordpress/wp-content/plugins/hp-testimonials/hp-testimonials.php on line 82
[28-Apr-2025 17:25:11 UTC] PHP Warning:  Undefined array key "action" in /wordpress/wp-content/plugins/hp-testimonials/hp-testimonials.php on line 50
[28-Apr-2025 17:25:11 UTC] PHP Warning:  Undefined array key "action" in /wordpress/wp-content/plugins/hp-testimonials/hp-testimonials.php on line 82
[28-Apr-2025 17:26:37 UTC] PHP Fatal error:  Uncaught ArgumentCountError: Too few arguments to function WP_Widget::__construct(), 0 passed in /wordpress/wp-includes/class-wp-widget-factory.php on line 62 and at least 2 expected in /wordpress/wp-includes/class-wp-widget.php:163
Stack trace:
#0 /wordpress/wp-includes/class-wp-widget-factory.php(62): WP_Widget->__construct()
#1 /wordpress/wp-includes/widgets.php(123): WP_Widget_Factory->register('Easy_ClickBank_...')
#2 /wordpress/wp-content/plugins/easy-clickbank/easy_clickbank_plugin.php(362): register_widget('Easy_ClickBank_...')
#3 /wordpress/wp-includes/class-wp-hook.php(324): Easy_ClickBank_widget('')
#4 /wordpress/wp-includes/class-wp-hook.php(348): WP_Hook->apply_filters(NULL, Array)
#5 /wordpress/wp-includes/plugin.php(517): WP_Hook->do_action(Array)
#6 /wordpress/wp-includes/widgets.php(1870): do_action('widgets_init')
#7 /wordpress/wp-includes/class-wp-hook.php(324): wp_widgets_init('')
#8 /wordpress/wp-includes/class-wp-hook.php(348): WP_Hook->apply_filters(NULL, Array)
#9 /wordpress/wp-includes/plugin.php(517): WP_Hook->do_action(Array)
#10 /wordpress/wp-settings.php(727): do_action('init')
#11 /wordpress/wp-config.php(102): require_once('/wordpress/wp-s...')
#12 /wordpress/wp-load.php(50): require_once('/wordpress/wp-c...')
#13 /internal/eval.php(3): require_once('/wordpress/wp-l...')
#14 {main}
  thrown in /wordpress/wp-includes/class-wp-widget.php on line 163
[28-Apr-2025 17:26:45 UTC] PHP Fatal error:  Uncaught ArgumentCountError: Too few arguments to function WP_Widget::__construct(), 0 passed in /wordpress/wp-includes/class-wp-widget-factory.php on line 62 and at least 2 expected in /wordpress/wp-includes/class-wp-widget.php:163
Stack trace:
#0 /wordpress/wp-includes/class-wp-widget-factory.php(62): WP_Widget->__construct()
#1 /wordpress/wp-includes/widgets.php(123): WP_Widget_Factory->register('Easy_ClickBank_...')
#2 /wordpress/wp-content/plugins/easy-clickbank/easy_clickbank_plugin.php(362): register_widget('Easy_ClickBank_...')
#3 /wordpress/wp-includes/class-wp-hook.php(324): Easy_ClickBank_widget('')
#4 /wordpress/wp-includes/class-wp-hook.php(348): WP_Hook->apply_filters(NULL, Array)
#5 /wordpress/wp-includes/plugin.php(517): WP_Hook->do_action(Array)
#6 /wordpress/wp-includes/widgets.php(1870): do_action('widgets_init')
#7 /wordpress/wp-includes/class-wp-hook.php(324): wp_widgets_init('')
#8 /wordpress/wp-includes/class-wp-hook.php(348): WP_Hook->apply_filters(NULL, Array)
#9 /wordpress/wp-includes/plugin.php(517): WP_Hook->do_action(Array)
#10 /wordpress/wp-settings.php(727): do_action('init')
#11 /wordpress/wp-config.php(102): require_once('/wordpress/wp-s...')
#12 /wordpress/wp-load.php(50): require_once('/wordpress/wp-c...')
#13 /internal/eval.php(3): require_once('/wordpress/wp-l...')
#14 {main}
  thrown in /wordpress/wp-includes/class-wp-widget.php on line 163
[28-Apr-2025 17:26:54 UTC] PHP Fatal error:  Uncaught ArgumentCountError: Too few arguments to function WP_Widget::__construct(), 0 passed in /wordpress/wp-includes/class-wp-widget-factory.php on line 62 and at least 2 expected in /wordpress/wp-includes/class-wp-widget.php:163
Stack trace:
#0 /wordpress/wp-includes/class-wp-widget-factory.php(62): WP_Widget->__construct()
#1 /wordpress/wp-includes/widgets.php(123): WP_Widget_Factory->register('Easy_ClickBank_...')
#2 /wordpress/wp-content/plugins/easy-clickbank/easy_clickbank_plugin.php(362): register_widget('Easy_ClickBank_...')
#3 /wordpress/wp-includes/class-wp-hook.php(324): Easy_ClickBank_widget('')
#4 /wordpress/wp-includes/class-wp-hook.php(348): WP_Hook->apply_filters(NULL, Array)
#5 /wordpress/wp-includes/plugin.php(517): WP_Hook->do_action(Array)
#6 /wordpress/wp-includes/widgets.php(1870): do_action('widgets_init')
#7 /wordpress/wp-includes/class-wp-hook.php(324): wp_widgets_init('')
#8 /wordpress/wp-includes/class-wp-hook.php(348): WP_Hook->apply_filters(NULL, Array)
#9 /wordpress/wp-includes/plugin.php(517): WP_Hook->do_action(Array)
#10 /wordpress/wp-settings.php(727): do_action('init')
#11 /wordpress/wp-config.php(102): require_once('/wordpress/wp-s...')
#12 /wordpress/wp-load.php(50): require_once('/wordpress/wp-c...')
#13 /internal/eval.php(3): require_once('/wordpress/wp-l...')
#14 {main}
  thrown in /wordpress/wp-includes/class-wp-widget.php on line 163
[28-Apr-2025 17:27:30 UTC] PHP Deprecated:  Required parameter $idSousMenu follows optional parameter $meta in /wordpress/wp-content/plugins/eewee-admincustom/controllers/AdminBarController.php on line 44
[28-Apr-2025 17:27:31 UTC] PHP Deprecated:  Required parameter $idSousMenu follows optional parameter $meta in /wordpress/wp-content/plugins/eewee-admincustom/controllers/AdminBarController.php on line 44
[28-Apr-2025 17:27:39 UTC] PHP Deprecated:  Required parameter $idSousMenu follows optional parameter $meta in /wordpress/wp-content/plugins/eewee-admincustom/controllers/AdminBarController.php on line 44
[28-Apr-2025 17:27:40 UTC] PHP Deprecated:  Required parameter $idSousMenu follows optional parameter $meta in /wordpress/wp-content/plugins/eewee-admincustom/controllers/AdminBarController.php on line 44
[28-Apr-2025 17:27:49 UTC] PHP Deprecated:  Required parameter $idSousMenu follows optional parameter $meta in /wordpress/wp-content/plugins/eewee-admincustom/controllers/AdminBarController.php on line 44
[28-Apr-2025 17:27:49 UTC] PHP Deprecated:  Required parameter $idSousMenu follows optional parameter $meta in /wordpress/wp-content/plugins/eewee-admincustom/controllers/AdminBarController.php on line 44
[28-Apr-2025 17:30:00 UTC] PHP Notice:  Function wp_register_script was called <strong>incorrectly</strong>. Scripts and styles should not be registered or enqueued until the <code>wp_enqueue_scripts</code>, <code>admin_enqueue_scripts</code>, or <code>login_enqueue_scripts</code> hooks. This notice was triggered by the <code>EFBPVendor</code> handle. Please see <a href="https://developer.wordpress.org/advanced-administration/debug/debug-wordpress/">Debugging in WordPress</a> for more information. (This message was added in version 3.3.0.) in /wordpress/wp-includes/functions.php on line 6121
[28-Apr-2025 17:30:00 UTC] PHP Notice:  Function wp_register_script was called <strong>incorrectly</strong>. Scripts and styles should not be registered or enqueued until the <code>wp_enqueue_scripts</code>, <code>admin_enqueue_scripts</code>, or <code>login_enqueue_scripts</code> hooks. This notice was triggered by the <code>EFBPFormBuilder</code> handle. Please see <a href="https://developer.wordpress.org/advanced-administration/debug/debug-wordpress/">Debugging in WordPress</a> for more information. (This message was added in version 3.3.0.) in /wordpress/wp-includes/functions.php on line 6121
[28-Apr-2025 17:30:00 UTC] PHP Notice:  Function wp_register_script was called <strong>incorrectly</strong>. Scripts and styles should not be registered or enqueued until the <code>wp_enqueue_scripts</code>, <code>admin_enqueue_scripts</code>, or <code>login_enqueue_scripts</code> hooks. This notice was triggered by the <code>EFBPLogicBuilder</code> handle. Please see <a href="https://developer.wordpress.org/advanced-administration/debug/debug-wordpress/">Debugging in WordPress</a> for more information. (This message was added in version 3.3.0.) in /wordpress/wp-includes/functions.php on line 6121
[28-Apr-2025 17:30:00 UTC] PHP Notice:  Function wp_register_script was called <strong>incorrectly</strong>. Scripts and styles should not be registered or enqueued until the <code>wp_enqueue_scripts</code>, <code>admin_enqueue_scripts</code>, or <code>login_enqueue_scripts</code> hooks. This notice was triggered by the <code>EFBPRecaptcha</code> handle. Please see <a href="https://developer.wordpress.org/advanced-administration/debug/debug-wordpress/">Debugging in WordPress</a> for more information. (This message was added in version 3.3.0.) in /wordpress/wp-includes/functions.php on line 6121
[28-Apr-2025 17:30:09 UTC] PHP Notice:  Function wp_register_script was called <strong>incorrectly</strong>. Scripts and styles should not be registered or enqueued until the <code>wp_enqueue_scripts</code>, <code>admin_enqueue_scripts</code>, or <code>login_enqueue_scripts</code> hooks. This notice was triggered by the <code>EFBPVendor</code> handle. Please see <a href="https://developer.wordpress.org/advanced-administration/debug/debug-wordpress/">Debugging in WordPress</a> for more information. (This message was added in version 3.3.0.) in /wordpress/wp-includes/functions.php on line 6121
[28-Apr-2025 17:30:09 UTC] PHP Notice:  Function wp_register_script was called <strong>incorrectly</strong>. Scripts and styles should not be registered or enqueued until the <code>wp_enqueue_scripts</code>, <code>admin_enqueue_scripts</code>, or <code>login_enqueue_scripts</code> hooks. This notice was triggered by the <code>EFBPFormBuilder</code> handle. Please see <a href="https://developer.wordpress.org/advanced-administration/debug/debug-wordpress/">Debugging in WordPress</a> for more information. (This message was added in version 3.3.0.) in /wordpress/wp-includes/functions.php on line 6121
[28-Apr-2025 17:30:09 UTC] PHP Notice:  Function wp_register_script was called <strong>incorrectly</strong>. Scripts and styles should not be registered or enqueued until the <code>wp_enqueue_scripts</code>, <code>admin_enqueue_scripts</code>, or <code>login_enqueue_scripts</code> hooks. This notice was triggered by the <code>EFBPLogicBuilder</code> handle. Please see <a href="https://developer.wordpress.org/advanced-administration/debug/debug-wordpress/">Debugging in WordPress</a> for more information. (This message was added in version 3.3.0.) in /wordpress/wp-includes/functions.php on line 6121
[28-Apr-2025 17:30:09 UTC] PHP Notice:  Function wp_register_script was called <strong>incorrectly</strong>. Scripts and styles should not be registered or enqueued until the <code>wp_enqueue_scripts</code>, <code>admin_enqueue_scripts</code>, or <code>login_enqueue_scripts</code> hooks. This notice was triggered by the <code>EFBPRecaptcha</code> handle. Please see <a href="https://developer.wordpress.org/advanced-administration/debug/debug-wordpress/">Debugging in WordPress</a> for more information. (This message was added in version 3.3.0.) in /wordpress/wp-includes/functions.php on line 6121
[28-Apr-2025 17:30:19 UTC] PHP Notice:  Function wp_register_script was called <strong>incorrectly</strong>. Scripts and styles should not be registered or enqueued until the <code>wp_enqueue_scripts</code>, <code>admin_enqueue_scripts</code>, or <code>login_enqueue_scripts</code> hooks. This notice was triggered by the <code>EFBPVendor</code> handle. Please see <a href="https://developer.wordpress.org/advanced-administration/debug/debug-wordpress/">Debugging in WordPress</a> for more information. (This message was added in version 3.3.0.) in /wordpress/wp-includes/functions.php on line 6121
[28-Apr-2025 17:30:19 UTC] PHP Notice:  Function wp_register_script was called <strong>incorrectly</strong>. Scripts and styles should not be registered or enqueued until the <code>wp_enqueue_scripts</code>, <code>admin_enqueue_scripts</code>, or <code>login_enqueue_scripts</code> hooks. This notice was triggered by the <code>EFBPFormBuilder</code> handle. Please see <a href="https://developer.wordpress.org/advanced-administration/debug/debug-wordpress/">Debugging in WordPress</a> for more information. (This message was added in version 3.3.0.) in /wordpress/wp-includes/functions.php on line 6121
[28-Apr-2025 17:30:19 UTC] PHP Notice:  Function wp_register_script was called <strong>incorrectly</strong>. Scripts and styles should not be registered or enqueued until the <code>wp_enqueue_scripts</code>, <code>admin_enqueue_scripts</code>, or <code>login_enqueue_scripts</code> hooks. This notice was triggered by the <code>EFBPLogicBuilder</code> handle. Please see <a href="https://developer.wordpress.org/advanced-administration/debug/debug-wordpress/">Debugging in WordPress</a> for more information. (This message was added in version 3.3.0.) in /wordpress/wp-includes/functions.php on line 6121
[28-Apr-2025 17:30:19 UTC] PHP Notice:  Function wp_register_script was called <strong>incorrectly</strong>. Scripts and styles should not be registered or enqueued until the <code>wp_enqueue_scripts</code>, <code>admin_enqueue_scripts</code>, or <code>login_enqueue_scripts</code> hooks. This notice was triggered by the <code>EFBPRecaptcha</code> handle. Please see <a href="https://developer.wordpress.org/advanced-administration/debug/debug-wordpress/">Debugging in WordPress</a> for more information. (This message was added in version 3.3.0.) in /wordpress/wp-includes/functions.php on line 6121
[28-Apr-2025 17:30:54 UTC] PHP Fatal error:  Uncaught Error: Undefined constant "Espdopt\Controllers\WPPLGNBLRPLT_PLUGIN_VERSION" in /wordpress/wp-content/plugins/easy-speed-optimizer/app/controllers/class-plugin-assets-controller.php:19
Stack trace:
#0 /wordpress/wp-content/plugins/easy-speed-optimizer/app/class-app.php(35): Espdopt\Controllers\Plugin_Assets_Controller->init()
#1 /wordpress/wp-content/plugins/easy-speed-optimizer/app/class-app.php(25): Espdopt\App->init_controllers()
#2 /wordpress/wp-content/plugins/easy-speed-optimizer/easy-speed-optimizer.php(27): Espdopt\App->init()
#3 /wordpress/wp-admin/includes/plugin.php(2387): include_once('/wordpress/wp-c...')
#4 /wordpress/wp-admin/includes/plugin.php(673): plugin_sandbox_scrape('easy-speed-opti...')
#5 /internal/eval.php(20): activate_plugin('easy-speed-opti...')
#6 {main}
  thrown in /wordpress/wp-content/plugins/easy-speed-optimizer/app/controllers/class-plugin-assets-controller.php on line 19
[28-Apr-2025 17:31:02 UTC] PHP Fatal error:  Uncaught Error: Undefined constant "Espdopt\Controllers\WPPLGNBLRPLT_PLUGIN_VERSION" in /wordpress/wp-content/plugins/easy-speed-optimizer/app/controllers/class-plugin-assets-controller.php:19
Stack trace:
#0 /wordpress/wp-content/plugins/easy-speed-optimizer/app/class-app.php(35): Espdopt\Controllers\Plugin_Assets_Controller->init()
#1 /wordpress/wp-content/plugins/easy-speed-optimizer/app/class-app.php(25): Espdopt\App->init_controllers()
#2 /wordpress/wp-content/plugins/easy-speed-optimizer/easy-speed-optimizer.php(27): Espdopt\App->init()
#3 /wordpress/wp-admin/includes/plugin.php(2387): include_once('/wordpress/wp-c...')
#4 /wordpress/wp-admin/includes/plugin.php(673): plugin_sandbox_scrape('easy-speed-opti...')
#5 /internal/eval.php(20): activate_plugin('easy-speed-opti...')
#6 {main}
  thrown in /wordpress/wp-content/plugins/easy-speed-optimizer/app/controllers/class-plugin-assets-controller.php on line 19
[28-Apr-2025 17:31:10 UTC] PHP Fatal error:  Uncaught Error: Undefined constant "Espdopt\Controllers\WPPLGNBLRPLT_PLUGIN_VERSION" in /wordpress/wp-content/plugins/easy-speed-optimizer/app/controllers/class-plugin-assets-controller.php:19
Stack trace:
#0 /wordpress/wp-content/plugins/easy-speed-optimizer/app/class-app.php(35): Espdopt\Controllers\Plugin_Assets_Controller->init()
#1 /wordpress/wp-content/plugins/easy-speed-optimizer/app/class-app.php(25): Espdopt\App->init_controllers()
#2 /wordpress/wp-content/plugins/easy-speed-optimizer/easy-speed-optimizer.php(27): Espdopt\App->init()
#3 /wordpress/wp-admin/includes/plugin.php(2387): include_once('/wordpress/wp-c...')
#4 /wordpress/wp-admin/includes/plugin.php(673): plugin_sandbox_scrape('easy-speed-opti...')
#5 /internal/eval.php(20): activate_plugin('easy-speed-opti...')
#6 {main}
  thrown in /wordpress/wp-content/plugins/easy-speed-optimizer/app/controllers/class-plugin-assets-controller.php on line 19
[28-Apr-2025 17:31:47 UTC] PHP Warning:  Undefined variable $wpdb in /wordpress/wp-content/plugins/easypromos/easypromos.php on line 32
[28-Apr-2025 17:31:47 UTC] PHP Warning:  Attempt to read property "prefix" on null in /wordpress/wp-content/plugins/easypromos/easypromos.php on line 32
[28-Apr-2025 17:31:47 UTC] PHP Warning:  Undefined variable $wp_version in /wordpress/wp-content/plugins/easypromos/easypromos.php on line 49
[28-Apr-2025 17:31:48 UTC] PHP Notice:  Function wp_enqueue_script was called <strong>incorrectly</strong>. Scripts and styles should not be registered or enqueued until the <code>wp_enqueue_scripts</code>, <code>admin_enqueue_scripts</code>, or <code>login_enqueue_scripts</code> hooks. This notice was triggered by the <code>easypromos-frame-js</code> handle. Please see <a href="https://developer.wordpress.org/advanced-administration/debug/debug-wordpress/">Debugging in WordPress</a> for more information. (This message was added in version 3.3.0.) in /wordpress/wp-includes/functions.php on line 6121
[28-Apr-2025 17:31:48 UTC] PHP Notice:  Function wp_enqueue_style was called <strong>incorrectly</strong>. Scripts and styles should not be registered or enqueued until the <code>wp_enqueue_scripts</code>, <code>admin_enqueue_scripts</code>, or <code>login_enqueue_scripts</code> hooks. This notice was triggered by the <code>easypromos_icons</code> handle. Please see <a href="https://developer.wordpress.org/advanced-administration/debug/debug-wordpress/">Debugging in WordPress</a> for more information. (This message was added in version 3.3.0.) in /wordpress/wp-includes/functions.php on line 6121
[28-Apr-2025 17:31:48 UTC] PHP Notice:  Function is_feed was called <strong>incorrectly</strong>. Conditional query tags do not work before the query is run. Before then, they always return false. Please see <a href="https://developer.wordpress.org/advanced-administration/debug/debug-wordpress/">Debugging in WordPress</a> for more information. (This message was added in version 3.1.0.) in /wordpress/wp-includes/functions.php on line 6121
[28-Apr-2025 17:31:48 UTC] PHP Notice:  Function wp_enqueue_style was called <strong>incorrectly</strong>. Scripts and styles should not be registered or enqueued until the <code>wp_enqueue_scripts</code>, <code>admin_enqueue_scripts</code>, or <code>login_enqueue_scripts</code> hooks. This notice was triggered by the <code>easyp_widget_embed</code> handle. Please see <a href="https://developer.wordpress.org/advanced-administration/debug/debug-wordpress/">Debugging in WordPress</a> for more information. (This message was added in version 3.3.0.) in /wordpress/wp-includes/functions.php on line 6121
[28-Apr-2025 17:31:55 UTC] PHP Warning:  Undefined variable $wpdb in /wordpress/wp-content/plugins/easypromos/easypromos.php on line 32
[28-Apr-2025 17:31:55 UTC] PHP Warning:  Attempt to read property "prefix" on null in /wordpress/wp-content/plugins/easypromos/easypromos.php on line 32
[28-Apr-2025 17:31:55 UTC] PHP Warning:  Undefined variable $wp_version in /wordpress/wp-content/plugins/easypromos/easypromos.php on line 49
[28-Apr-2025 17:31:57 UTC] PHP Notice:  Function wp_enqueue_script was called <strong>incorrectly</strong>. Scripts and styles should not be registered or enqueued until the <code>wp_enqueue_scripts</code>, <code>admin_enqueue_scripts</code>, or <code>login_enqueue_scripts</code> hooks. This notice was triggered by the <code>easypromos-frame-js</code> handle. Please see <a href="https://developer.wordpress.org/advanced-administration/debug/debug-wordpress/">Debugging in WordPress</a> for more information. (This message was added in version 3.3.0.) in /wordpress/wp-includes/functions.php on line 6121
[28-Apr-2025 17:31:57 UTC] PHP Notice:  Function wp_enqueue_style was called <strong>incorrectly</strong>. Scripts and styles should not be registered or enqueued until the <code>wp_enqueue_scripts</code>, <code>admin_enqueue_scripts</code>, or <code>login_enqueue_scripts</code> hooks. This notice was triggered by the <code>easypromos_icons</code> handle. Please see <a href="https://developer.wordpress.org/advanced-administration/debug/debug-wordpress/">Debugging in WordPress</a> for more information. (This message was added in version 3.3.0.) in /wordpress/wp-includes/functions.php on line 6121
[28-Apr-2025 17:31:57 UTC] PHP Notice:  Function is_feed was called <strong>incorrectly</strong>. Conditional query tags do not work before the query is run. Before then, they always return false. Please see <a href="https://developer.wordpress.org/advanced-administration/debug/debug-wordpress/">Debugging in WordPress</a> for more information. (This message was added in version 3.1.0.) in /wordpress/wp-includes/functions.php on line 6121
[28-Apr-2025 17:31:57 UTC] PHP Notice:  Function wp_enqueue_style was called <strong>incorrectly</strong>. Scripts and styles should not be registered or enqueued until the <code>wp_enqueue_scripts</code>, <code>admin_enqueue_scripts</code>, or <code>login_enqueue_scripts</code> hooks. This notice was triggered by the <code>easyp_widget_embed</code> handle. Please see <a href="https://developer.wordpress.org/advanced-administration/debug/debug-wordpress/">Debugging in WordPress</a> for more information. (This message was added in version 3.3.0.) in /wordpress/wp-includes/functions.php on line 6121
[28-Apr-2025 17:32:05 UTC] PHP Warning:  Undefined variable $wpdb in /wordpress/wp-content/plugins/easypromos/easypromos.php on line 32
[28-Apr-2025 17:32:05 UTC] PHP Warning:  Attempt to read property "prefix" on null in /wordpress/wp-content/plugins/easypromos/easypromos.php on line 32
[28-Apr-2025 17:32:05 UTC] PHP Warning:  Undefined variable $wp_version in /wordpress/wp-content/plugins/easypromos/easypromos.php on line 49
[28-Apr-2025 17:32:06 UTC] PHP Notice:  Function wp_enqueue_script was called <strong>incorrectly</strong>. Scripts and styles should not be registered or enqueued until the <code>wp_enqueue_scripts</code>, <code>admin_enqueue_scripts</code>, or <code>login_enqueue_scripts</code> hooks. This notice was triggered by the <code>easypromos-frame-js</code> handle. Please see <a href="https://developer.wordpress.org/advanced-administration/debug/debug-wordpress/">Debugging in WordPress</a> for more information. (This message was added in version 3.3.0.) in /wordpress/wp-includes/functions.php on line 6121
[28-Apr-2025 17:32:06 UTC] PHP Notice:  Function wp_enqueue_style was called <strong>incorrectly</strong>. Scripts and styles should not be registered or enqueued until the <code>wp_enqueue_scripts</code>, <code>admin_enqueue_scripts</code>, or <code>login_enqueue_scripts</code> hooks. This notice was triggered by the <code>easypromos_icons</code> handle. Please see <a href="https://developer.wordpress.org/advanced-administration/debug/debug-wordpress/">Debugging in WordPress</a> for more information. (This message was added in version 3.3.0.) in /wordpress/wp-includes/functions.php on line 6121
[28-Apr-2025 17:32:06 UTC] PHP Notice:  Function is_feed was called <strong>incorrectly</strong>. Conditional query tags do not work before the query is run. Before then, they always return false. Please see <a href="https://developer.wordpress.org/advanced-administration/debug/debug-wordpress/">Debugging in WordPress</a> for more information. (This message was added in version 3.1.0.) in /wordpress/wp-includes/functions.php on line 6121
[28-Apr-2025 17:32:06 UTC] PHP Notice:  Function wp_enqueue_style was called <strong>incorrectly</strong>. Scripts and styles should not be registered or enqueued until the <code>wp_enqueue_scripts</code>, <code>admin_enqueue_scripts</code>, or <code>login_enqueue_scripts</code> hooks. This notice was triggered by the <code>easyp_widget_embed</code> handle. Please see <a href="https://developer.wordpress.org/advanced-administration/debug/debug-wordpress/">Debugging in WordPress</a> for more information. (This message was added in version 3.3.0.) in /wordpress/wp-includes/functions.php on line 6121
[28-Apr-2025 17:33:10 UTC] PHP Notice:  Undefined offset: 2 in /internal/shared/sqlite-database-integration/wp-includes/parser/class-wp-parser.php on line 55
[28-Apr-2025 17:33:10 UTC] PHP Notice:  Trying to get property 'id' of non-object in /internal/shared/sqlite-database-integration/wp-includes/parser/class-wp-parser.php on line 55
[28-Apr-2025 17:33:10 UTC] PHP Notice:  Undefined offset: 2 in /internal/shared/sqlite-database-integration/wp-includes/parser/class-wp-parser.php on line 55
[28-Apr-2025 17:33:10 UTC] PHP Notice:  Trying to get property 'id' of non-object in /internal/shared/sqlite-database-integration/wp-includes/parser/class-wp-parser.php on line 55
[28-Apr-2025 17:34:08 UTC] PHP Notice:  Function _load_textdomain_just_in_time was called <strong>incorrectly</strong>. Translation loading for the <code>element-path</code> domain was triggered too early. This is usually an indicator for some code in the plugin or theme running too early. Translations should be loaded at the <code>init</code> action or later. Please see <a href="https://developer.wordpress.org/advanced-administration/debug/debug-wordpress/">Debugging in WordPress</a> for more information. (This message was added in version 6.7.0.) in /wordpress/wp-includes/functions.php on line 6121
[28-Apr-2025 17:34:18 UTC] PHP Notice:  Function _load_textdomain_just_in_time was called <strong>incorrectly</strong>. Translation loading for the <code>element-path</code> domain was triggered too early. This is usually an indicator for some code in the plugin or theme running too early. Translations should be loaded at the <code>init</code> action or later. Please see <a href="https://developer.wordpress.org/advanced-administration/debug/debug-wordpress/">Debugging in WordPress</a> for more information. (This message was added in version 6.7.0.) in /wordpress/wp-includes/functions.php on line 6121
[28-Apr-2025 17:34:28 UTC] PHP Notice:  Function _load_textdomain_just_in_time was called <strong>incorrectly</strong>. Translation loading for the <code>element-path</code> domain was triggered too early. This is usually an indicator for some code in the plugin or theme running too early. Translations should be loaded at the <code>init</code> action or later. Please see <a href="https://developer.wordpress.org/advanced-administration/debug/debug-wordpress/">Debugging in WordPress</a> for more information. (This message was added in version 6.7.0.) in /wordpress/wp-includes/functions.php on line 6121
[28-Apr-2025 17:34:36 UTC] PHP Notice:  Function _load_textdomain_just_in_time was called <strong>incorrectly</strong>. Translation loading for the <code>elfsight-facebook-share-button</code> domain was triggered too early. This is usually an indicator for some code in the plugin or theme running too early. Translations should be loaded at the <code>init</code> action or later. Please see <a href="https://developer.wordpress.org/advanced-administration/debug/debug-wordpress/">Debugging in WordPress</a> for more information. (This message was added in version 6.7.0.) in /wordpress/wp-includes/functions.php on line 6121
[28-Apr-2025 17:34:45 UTC] PHP Notice:  Function _load_textdomain_just_in_time was called <strong>incorrectly</strong>. Translation loading for the <code>elfsight-facebook-share-button</code> domain was triggered too early. This is usually an indicator for some code in the plugin or theme running too early. Translations should be loaded at the <code>init</code> action or later. Please see <a href="https://developer.wordpress.org/advanced-administration/debug/debug-wordpress/">Debugging in WordPress</a> for more information. (This message was added in version 6.7.0.) in /wordpress/wp-includes/functions.php on line 6121
[28-Apr-2025 17:34:54 UTC] PHP Notice:  Function _load_textdomain_just_in_time was called <strong>incorrectly</strong>. Translation loading for the <code>elfsight-facebook-share-button</code> domain was triggered too early. This is usually an indicator for some code in the plugin or theme running too early. Translations should be loaded at the <code>init</code> action or later. Please see <a href="https://developer.wordpress.org/advanced-administration/debug/debug-wordpress/">Debugging in WordPress</a> for more information. (This message was added in version 6.7.0.) in /wordpress/wp-includes/functions.php on line 6121
[28-Apr-2025 17:35:02 UTC] PHP Deprecated:  Function get_page_by_title is <strong>deprecated</strong> since version 6.2.0! Use WP_Query instead. in /wordpress/wp-includes/functions.php on line 6121
[28-Apr-2025 17:35:03 UTC] PHP Deprecated:  Function get_page_by_title is <strong>deprecated</strong> since version 6.2.0! Use WP_Query instead. in /wordpress/wp-includes/functions.php on line 6121
[28-Apr-2025 17:35:04 UTC] PHP Warning:  Attempt to read property "feeds" on null in /wordpress/wp-includes/post.php on line 5409
[28-Apr-2025 17:35:04 UTC] PHP Warning:  Attempt to read property "pagination_base" on null in /wordpress/wp-includes/post.php on line 5467
[28-Apr-2025 17:35:04 UTC] PHP Fatal error:  Uncaught Error: Undefined constant "WP_POST_REVISIONS" in /wordpress/wp-includes/revision.php:799
Stack trace:
#0 /wordpress/wp-includes/revision.php(782): wp_revisions_to_keep(Object(WP_Post))
#1 /wordpress/wp-includes/revision.php(154): wp_revisions_enabled(Object(WP_Post))
#2 /wordpress/wp-includes/revision.php(116): wp_save_post_revision(4)
#3 /wordpress/wp-includes/class-wp-hook.php(326): wp_save_post_revision_on_insert(4, Object(WP_Post), true)
#4 /wordpress/wp-includes/class-wp-hook.php(348): WP_Hook->apply_filters('', Array)
#5 /wordpress/wp-includes/plugin.php(517): WP_Hook->do_action(Array)
#6 /wordpress/wp-includes/post.php(5831): do_action('wp_after_insert...', 4, Object(WP_Post), true, Object(WP_Post))
#7 /wordpress/wp-includes/post.php(5124): wp_after_insert_post(Object(WP_Post), true, Object(WP_Post))
#8 /wordpress/wp-includes/post.php(5212): wp_insert_post(Array, false, true)
#9 /wordpress/wp-content/plugins/email-artillery/index.php(167): wp_update_post(Array)
#10 /wordpress/wp-settings.php(545): include_once('/wordpress/wp-c...')
#11 /wordpress/wp-config.php(102): require_once('/wordpress/wp-s...')
#12 /wordpress/wp-load.php(50): require_once('/wordpress/wp-c...')
#13 /internal/eval.php(3): require_once('/wordpress/wp-l...')
#14 {main}
  thrown in /wordpress/wp-includes/revision.php on line 799

    at Object.onBind (file:///home/runner/work/playground-tester/playground-tester/node_modules/@wp-playground/cli/index.js:237:15)
    at process.processTicksAndRejections (node:internal/process/task_queues:105:5)
    at async V (file:///home/runner/work/playground-tester/playground-tester/node_modules/@wp-playground/cli/index.js:64:10)
    at async ja (file:///home/runner/work/playground-tester/playground-tester/node_modules/@wp-playground/cli/cli.js:8161:12) {
  [cause]: Error: Error when executing the blueprint step #5 ({"step":"installPlugin","pluginData":{"resource":"wordpress.org/plugins","slug":"email-artillery"},"options":{"activate":true}}) : PHP.run() failed with exit code 255 and the following output: 
      at Object.run (file:///home/runner/work/playground-tester/playground-tester/node_modules/@wp-playground/blueprints/index.js:12449:19)
      at process.processTicksAndRejections (node:internal/process/task_queues:105:5)
      at async ms (file:///home/runner/work/playground-tester/playground-tester/node_modules/@wp-playground/blueprints/index.js:12552:3)
      ... 2 lines matching cause stack trace ...
      at async ja (file:///home/runner/work/playground-tester/playground-tester/node_modules/@wp-playground/cli/cli.js:8161:12) {
    [cause]: PHPExecutionFailureError: PHP.run() failed with exit code 255 and the following output: 
        at PHP.run (file:///home/runner/work/playground-tester/playground-tester/node_modules/@php-wasm/universal/index.js:987:19)
        at process.processTicksAndRejections (node:internal/process/task_queues:105:5)
        at async wr (file:///home/runner/work/playground-tester/playground-tester/node_modules/@wp-playground/blueprints/index.js:73:13)
        at async Object.gt [as installPlugin] (file:///home/runner/work/playground-tester/playground-tester/node_modules/@wp-playground/blueprints/index.js:974:42)
        at async g (file:///home/runner/work/playground-tester/playground-tester/node_modules/@wp-playground/blueprints/index.js:12517:30)
        at async Object.run (file:///home/runner/work/playground-tester/playground-tester/node_modules/@wp-playground/blueprints/index.js:12446:23)
        at async ms (file:///home/runner/work/playground-tester/playground-tester/node_modules/@wp-playground/blueprints/index.js:12552:3)
        at async Object.onBind (file:///home/runner/work/playground-tester/playground-tester/node_modules/@wp-playground/cli/index.js:227:48)
        at async V (file:///home/runner/work/playground-tester/playground-tester/node_modules/@wp-playground/cli/index.js:64:10)
        at async ja (file:///home/runner/work/playground-tester/playground-tester/node_modules/@wp-playground/cli/cli.js:8161:12) {
      response: PHPResponse {
        httpStatusCode: 500,
        headers: {
          'x-powered-by': [ 'PHP/8.0.30-dev' ],
          'content-type': [ 'text/html; charset=UTF-8' ],
          expires: [ 'Wed, 11 Jan 1984 05:00:00 GMT' ],
          'cache-control': [ 'no-cache, must-revalidate, max-age=0, no-store, private' ]
        },
        bytes: Uint8Array(2653) [
           60,  33,  68,  79,  67,  84,  89,  80,  69,  32, 104, 116,
          109, 108,  62,  10,  60, 104, 116, 109, 108,  32, 108,  97,
          110, 103,  61,  34, 101, 110,  45,  85,  83,  34,  62,  10,
           60, 104, 101,  97, 100,  62,  10,   9,  60, 109, 101, 116,
           97,  32, 104, 116, 116, 112,  45, 101, 113, 117, 105, 118,
           61,  34,  67, 111, 110, 116, 101, 110, 116,  45,  84, 121,
          112, 101,  34,  32,  99, 111, 110, 116, 101, 110, 116,  61,
           34, 116, 101, 120, 116,  47, 104, 116, 109, 108,  59,  32,
           99, 104,  97, 114,
          ... 2553 more items
        ],
        exitCode: 255,
        errors: ''
      },
      source: 'request'
    }
  }
}

Node.js v23.11.0
