file:///home/runner/work/playground-tester/playground-tester/node_modules/@wp-playground/cli/run-cli-j-geJYS3.js:325
        throw new Error($, { cause: h });
              ^

Error: [20-Jun-2025 11:48:24 UTC] PHP Fatal error:  Uncaught Error: Call to undefined function create_function() in /wordpress/wp-content/plugins/mootools-accessible-dialog/mootools-accessible-dialog.php:129
Stack trace:
#0 /wordpress/wp-admin/includes/plugin.php(2387): include_once()
#1 /wordpress/wp-admin/includes/plugin.php(673): plugin_sandbox_scrape('mootools-access...')
#2 /internal/eval.php(20): activate_plugin('mootools-access...')
#3 {main}
  thrown in /wordpress/wp-content/plugins/mootools-accessible-dialog/mootools-accessible-dialog.php on line 129
[20-Jun-2025 11:48:33 UTC] PHP Fatal error:  Uncaught Error: Call to undefined function create_function() in /wordpress/wp-content/plugins/mootools-accessible-dialog/mootools-accessible-dialog.php:129
Stack trace:
#0 /wordpress/wp-admin/includes/plugin.php(2387): include_once()
#1 /wordpress/wp-admin/includes/plugin.php(673): plugin_sandbox_scrape('mootools-access...')
#2 /internal/eval.php(20): activate_plugin('mootools-access...')
#3 {main}
  thrown in /wordpress/wp-content/plugins/mootools-accessible-dialog/mootools-accessible-dialog.php on line 129
[20-Jun-2025 11:48:41 UTC] PHP Fatal error:  Uncaught Error: Call to undefined function create_function() in /wordpress/wp-content/plugins/mootools-accessible-dialog/mootools-accessible-dialog.php:129
Stack trace:
#0 /wordpress/wp-admin/includes/plugin.php(2387): include_once()
#1 /wordpress/wp-admin/includes/plugin.php(673): plugin_sandbox_scrape('mootools-access...')
#2 /internal/eval.php(20): activate_plugin('mootools-access...')
#3 {main}
  thrown in /wordpress/wp-content/plugins/mootools-accessible-dialog/mootools-accessible-dialog.php on line 129
[20-Jun-2025 11:52:50 UTC] PHP Warning:  Undefined array key "menu_type" in /wordpress/wp-content/plugins/mg-post-contributors/framework/core/inc/class.redux_filesystem.php on line 39
[20-Jun-2025 11:52:50 UTC] PHP Warning:  Undefined array key "page_slug" in /wordpress/wp-content/plugins/mg-post-contributors/framework/core/inc/class.redux_filesystem.php on line 43
[20-Jun-2025 11:52:50 UTC] PHP Warning:  "continue" targeting switch is equivalent to "break". Did you mean to use "continue 2"? in /wordpress/wp-content/plugins/mg-post-contributors/framework/core/extensions/customizer/extension_customizer.php on line 358
[20-Jun-2025 11:52:50 UTC] PHP Warning:  "continue" targeting switch is equivalent to "break". Did you mean to use "continue 2"? in /wordpress/wp-content/plugins/mg-post-contributors/framework/core/extensions/customizer/extension_customizer.php on line 380
[20-Jun-2025 11:52:50 UTC] PHP Warning:  "continue" targeting switch is equivalent to "break". Did you mean to use "continue 2"? in /wordpress/wp-content/plugins/mg-post-contributors/framework/core/extensions/customizer/extension_customizer.php on line 384
[20-Jun-2025 11:52:50 UTC] PHP Warning:  "continue" targeting switch is equivalent to "break". Did you mean to use "continue 2"? in /wordpress/wp-content/plugins/mg-post-contributors/framework/core/extensions/customizer/extension_customizer.php on line 411
[20-Jun-2025 11:52:50 UTC] PHP Warning:  "continue" targeting switch is equivalent to "break". Did you mean to use "continue 2"? in /wordpress/wp-content/plugins/mg-post-contributors/framework/core/extensions/customizer/extension_customizer.php on line 423
[20-Jun-2025 11:52:50 UTC] PHP Warning:  "continue" targeting switch is equivalent to "break". Did you mean to use "continue 2"? in /wordpress/wp-content/plugins/mg-post-contributors/framework/core/extensions/customizer/extension_customizer.php on line 442
[20-Jun-2025 11:52:50 UTC] PHP Warning:  Undefined array key "REMOTE_ADDR" in /wordpress/wp-content/plugins/mg-post-contributors/framework/core/inc/tracking.php on line 65
[20-Jun-2025 11:53:01 UTC] PHP Warning:  "continue" targeting switch is equivalent to "break". Did you mean to use "continue 2"? in /wordpress/wp-content/plugins/mg-post-contributors/framework/core/extensions/customizer/extension_customizer.php on line 358
[20-Jun-2025 11:53:01 UTC] PHP Warning:  "continue" targeting switch is equivalent to "break". Did you mean to use "continue 2"? in /wordpress/wp-content/plugins/mg-post-contributors/framework/core/extensions/customizer/extension_customizer.php on line 380
[20-Jun-2025 11:53:01 UTC] PHP Warning:  "continue" targeting switch is equivalent to "break". Did you mean to use "continue 2"? in /wordpress/wp-content/plugins/mg-post-contributors/framework/core/extensions/customizer/extension_customizer.php on line 384
[20-Jun-2025 11:53:01 UTC] PHP Warning:  "continue" targeting switch is equivalent to "break". Did you mean to use "continue 2"? in /wordpress/wp-content/plugins/mg-post-contributors/framework/core/extensions/customizer/extension_customizer.php on line 411
[20-Jun-2025 11:53:01 UTC] PHP Warning:  "continue" targeting switch is equivalent to "break". Did you mean to use "continue 2"? in /wordpress/wp-content/plugins/mg-post-contributors/framework/core/extensions/customizer/extension_customizer.php on line 423
[20-Jun-2025 11:53:01 UTC] PHP Warning:  "continue" targeting switch is equivalent to "break". Did you mean to use "continue 2"? in /wordpress/wp-content/plugins/mg-post-contributors/framework/core/extensions/customizer/extension_customizer.php on line 442
[20-Jun-2025 11:53:02 UTC] PHP Warning:  Undefined array key "REMOTE_ADDR" in /wordpress/wp-content/plugins/mg-post-contributors/framework/core/inc/tracking.php on line 65
[20-Jun-2025 11:53:12 UTC] PHP Warning:  "continue" targeting switch is equivalent to "break". Did you mean to use "continue 2"? in /wordpress/wp-content/plugins/mg-post-contributors/framework/core/extensions/customizer/extension_customizer.php on line 358
[20-Jun-2025 11:53:12 UTC] PHP Warning:  "continue" targeting switch is equivalent to "break". Did you mean to use "continue 2"? in /wordpress/wp-content/plugins/mg-post-contributors/framework/core/extensions/customizer/extension_customizer.php on line 380
[20-Jun-2025 11:53:12 UTC] PHP Warning:  "continue" targeting switch is equivalent to "break". Did you mean to use "continue 2"? in /wordpress/wp-content/plugins/mg-post-contributors/framework/core/extensions/customizer/extension_customizer.php on line 384
[20-Jun-2025 11:53:12 UTC] PHP Warning:  "continue" targeting switch is equivalent to "break". Did you mean to use "continue 2"? in /wordpress/wp-content/plugins/mg-post-contributors/framework/core/extensions/customizer/extension_customizer.php on line 411
[20-Jun-2025 11:53:12 UTC] PHP Warning:  "continue" targeting switch is equivalent to "break". Did you mean to use "continue 2"? in /wordpress/wp-content/plugins/mg-post-contributors/framework/core/extensions/customizer/extension_customizer.php on line 423
[20-Jun-2025 11:53:12 UTC] PHP Warning:  "continue" targeting switch is equivalent to "break". Did you mean to use "continue 2"? in /wordpress/wp-content/plugins/mg-post-contributors/framework/core/extensions/customizer/extension_customizer.php on line 442
[20-Jun-2025 11:53:12 UTC] PHP Warning:  Undefined array key "REMOTE_ADDR" in /wordpress/wp-content/plugins/mg-post-contributors/framework/core/inc/tracking.php on line 65
[20-Jun-2025 11:56:31 UTC] PHP Fatal error:  Uncaught TypeError: array_key_exists(): Argument #2 ($array) must be of type array, bool given in /wordpress/wp-content/plugins/multi-language-site-basis/index.php:103
Stack trace:
#0 /wordpress/wp-content/plugins/multi-language-site-basis/index.php(118): refresh_options__MLSS()
#1 /wordpress/wp-content/plugins/multi-language-site-basis/index.php(263): activation__MLSS()
#2 /wordpress/wp-admin/includes/plugin.php(2387): include_once('/wordpress/wp-c...')
#3 /wordpress/wp-admin/includes/plugin.php(673): plugin_sandbox_scrape('multi-language-...')
#4 /internal/eval.php(20): activate_plugin('multi-language-...')
#5 {main}
  thrown in /wordpress/wp-content/plugins/multi-language-site-basis/index.php on line 103
[20-Jun-2025 11:56:40 UTC] PHP Fatal error:  Uncaught TypeError: array_key_exists(): Argument #2 ($array) must be of type array, bool given in /wordpress/wp-content/plugins/multi-language-site-basis/index.php:103
Stack trace:
#0 /wordpress/wp-content/plugins/multi-language-site-basis/index.php(118): refresh_options__MLSS()
#1 /wordpress/wp-content/plugins/multi-language-site-basis/index.php(263): activation__MLSS()
#2 /wordpress/wp-admin/includes/plugin.php(2387): include_once('/wordpress/wp-c...')
#3 /wordpress/wp-admin/includes/plugin.php(673): plugin_sandbox_scrape('multi-language-...')
#4 /internal/eval.php(20): activate_plugin('multi-language-...')
#5 {main}
  thrown in /wordpress/wp-content/plugins/multi-language-site-basis/index.php on line 103

    at Object.onBind (file:///home/runner/work/playground-tester/playground-tester/node_modules/@wp-playground/cli/run-cli-j-geJYS3.js:325:15)
    at process.processTicksAndRejections (node:internal/process/task_queues:105:5)
    at async re (file:///home/runner/work/playground-tester/playground-tester/node_modules/@wp-playground/cli/run-cli-j-geJYS3.js:149:10) {
  [cause]: Error: Error when executing the blueprint step #1 ({"step":"installPlugin","pluginData":{"resource":"wordpress.org/plugins","slug":"multi-language-site-basis"},"options":{"activate":true}}) : PHP.run() failed with exit code 255 and the following output: 
      at Object.run (file:///home/runner/work/playground-tester/playground-tester/node_modules/@wp-playground/blueprints/index.js:12093:19)
      at process.processTicksAndRejections (node:internal/process/task_queues:105:5)
      at async ys (file:///home/runner/work/playground-tester/playground-tester/node_modules/@wp-playground/blueprints/index.js:12196:3)
      at async Object.onBind (file:///home/runner/work/playground-tester/playground-tester/node_modules/@wp-playground/cli/run-cli-j-geJYS3.js:315:48)
      at async re (file:///home/runner/work/playground-tester/playground-tester/node_modules/@wp-playground/cli/run-cli-j-geJYS3.js:149:10) {
    [cause]: PHPExecutionFailureError: PHP.run() failed with exit code 255 and the following output: 
        at PHP.run (file:///home/runner/work/playground-tester/playground-tester/node_modules/@php-wasm/universal/index.js:1034:19)
        at process.processTicksAndRejections (node:internal/process/task_queues:105:5)
        at async wr (file:///home/runner/work/playground-tester/playground-tester/node_modules/@wp-playground/blueprints/index.js:34:39)
        at async Object.gt [as installPlugin] (file:///home/runner/work/playground-tester/playground-tester/node_modules/@wp-playground/blueprints/index.js:631:42)
        at async g (file:///home/runner/work/playground-tester/playground-tester/node_modules/@wp-playground/blueprints/index.js:12161:30)
        at async Object.run (file:///home/runner/work/playground-tester/playground-tester/node_modules/@wp-playground/blueprints/index.js:12090:23)
        at async ys (file:///home/runner/work/playground-tester/playground-tester/node_modules/@wp-playground/blueprints/index.js:12196:3)
        at async Object.onBind (file:///home/runner/work/playground-tester/playground-tester/node_modules/@wp-playground/cli/run-cli-j-geJYS3.js:315:48)
        at async re (file:///home/runner/work/playground-tester/playground-tester/node_modules/@wp-playground/cli/run-cli-j-geJYS3.js:149:10) {
      response: PHPResponse {
        httpStatusCode: 500,
        headers: {
          'x-powered-by': [ 'PHP/8.0.30-dev' ],
          'content-type': [ 'text/html; charset=UTF-8' ]
        },
        bytes: Uint8Array(0) [],
        exitCode: 255,
        errors: ''
      },
      source: 'request'
    }
  }
}

Node.js v23.11.0
