file:///home/runner/work/playground-tester/playground-tester/node_modules/@wp-playground/cli/index.js:237
        throw new Error(y, { cause: u });
              ^

Error: [24-Apr-2025 02:25:02 UTC] PHP Notice:  Function _load_textdomain_just_in_time was called <strong>incorrectly</strong>. Translation loading for the <code>loginer</code> domain was triggered too early. This is usually an indicator for some code in the plugin or theme running too early. Translations should be loaded at the <code>init</code> action or later. Please see <a href="https://developer.wordpress.org/advanced-administration/debug/debug-wordpress/">Debugging in WordPress</a> for more information. (This message was added in version 6.7.0.) in /wordpress/wp-includes/functions.php on line 6121
[24-Apr-2025 02:25:12 UTC] PHP Notice:  Function _load_textdomain_just_in_time was called <strong>incorrectly</strong>. Translation loading for the <code>loginer</code> domain was triggered too early. This is usually an indicator for some code in the plugin or theme running too early. Translations should be loaded at the <code>init</code> action or later. Please see <a href="https://developer.wordpress.org/advanced-administration/debug/debug-wordpress/">Debugging in WordPress</a> for more information. (This message was added in version 6.7.0.) in /wordpress/wp-includes/functions.php on line 6121
[24-Apr-2025 02:25:23 UTC] PHP Notice:  Function _load_textdomain_just_in_time was called <strong>incorrectly</strong>. Translation loading for the <code>loginer</code> domain was triggered too early. This is usually an indicator for some code in the plugin or theme running too early. Translations should be loaded at the <code>init</code> action or later. Please see <a href="https://developer.wordpress.org/advanced-administration/debug/debug-wordpress/">Debugging in WordPress</a> for more information. (This message was added in version 6.7.0.) in /wordpress/wp-includes/functions.php on line 6121
[24-Apr-2025 02:25:32 UTC] PHP Notice:  Function wp_register_style was called <strong>incorrectly</strong>. Scripts and styles should not be registered or enqueued until the <code>wp_enqueue_scripts</code>, <code>admin_enqueue_scripts</code>, or <code>login_enqueue_scripts</code> hooks. This notice was triggered by the <code>loop11_wp.css</code> handle. Please see <a href="https://developer.wordpress.org/advanced-administration/debug/debug-wordpress/">Debugging in WordPress</a> for more information. (This message was added in version 3.3.0.) in /wordpress/wp-includes/functions.php on line 6121
[24-Apr-2025 02:25:32 UTC] PHP Notice:  Function is_feed was called <strong>incorrectly</strong>. Conditional query tags do not work before the query is run. Before then, they always return false. Please see <a href="https://developer.wordpress.org/advanced-administration/debug/debug-wordpress/">Debugging in WordPress</a> for more information. (This message was added in version 3.1.0.) in /wordpress/wp-includes/functions.php on line 6121
[24-Apr-2025 02:25:41 UTC] PHP Notice:  Function wp_register_style was called <strong>incorrectly</strong>. Scripts and styles should not be registered or enqueued until the <code>wp_enqueue_scripts</code>, <code>admin_enqueue_scripts</code>, or <code>login_enqueue_scripts</code> hooks. This notice was triggered by the <code>loop11_wp.css</code> handle. Please see <a href="https://developer.wordpress.org/advanced-administration/debug/debug-wordpress/">Debugging in WordPress</a> for more information. (This message was added in version 3.3.0.) in /wordpress/wp-includes/functions.php on line 6121
[24-Apr-2025 02:25:41 UTC] PHP Notice:  Function is_feed was called <strong>incorrectly</strong>. Conditional query tags do not work before the query is run. Before then, they always return false. Please see <a href="https://developer.wordpress.org/advanced-administration/debug/debug-wordpress/">Debugging in WordPress</a> for more information. (This message was added in version 3.1.0.) in /wordpress/wp-includes/functions.php on line 6121
[24-Apr-2025 02:25:51 UTC] PHP Notice:  Function wp_register_style was called <strong>incorrectly</strong>. Scripts and styles should not be registered or enqueued until the <code>wp_enqueue_scripts</code>, <code>admin_enqueue_scripts</code>, or <code>login_enqueue_scripts</code> hooks. This notice was triggered by the <code>loop11_wp.css</code> handle. Please see <a href="https://developer.wordpress.org/advanced-administration/debug/debug-wordpress/">Debugging in WordPress</a> for more information. (This message was added in version 3.3.0.) in /wordpress/wp-includes/functions.php on line 6121
[24-Apr-2025 02:25:51 UTC] PHP Notice:  Function is_feed was called <strong>incorrectly</strong>. Conditional query tags do not work before the query is run. Before then, they always return false. Please see <a href="https://developer.wordpress.org/advanced-administration/debug/debug-wordpress/">Debugging in WordPress</a> for more information. (This message was added in version 3.1.0.) in /wordpress/wp-includes/functions.php on line 6121
[24-Apr-2025 02:26:52 UTC] WordPress database error <div style="clear:both">&nbsp;</div>
<div class="queries" style="clear:both;margin-bottom:2px;border:red dotted thin;">
<p>MySQL query:</p>
<p>SELECT LA_user_schema_tags FROM wp_posts</p>
<p>Queries made or created this session were:</p>
<ol>
<li>Executing: BEGIN | (no parameters)</li>
<li>Executing: SELECT `LA_user_schema_tags` FROM `wp_posts` | (no parameters)</li>
<li>Executing: ROLLBACK | (no parameters)</li>
</ol>
</div>
<div style="clear:both;margin-bottom:2px;border:red dotted thin;" class="error_message" style="border-bottom:dotted blue thin;">
SQLSTATE[HY000]: General error: 1 no such column: LA_user_schema_tags
</div>
<p>Backtrace:</p>
<pre>#0 /internal/shared/sqlite-database-integration/wp-includes/sqlite-ast/class-wp-sqlite-driver.php(690): WP_SQLite_Driver->new_driver_exception('SQLSTATE[HY000]...', 0, Object(PDOException))
#1 /internal/shared/sqlite-database-integration/wp-includes/sqlite/class-wp-sqlite-db.php(472): WP_SQLite_Driver->query('SELECT LA_user_...')
#2 /internal/shared/sqlite-database-integration/wp-includes/sqlite/class-wp-sqlite-db.php(413): WP_SQLite_DB->_do_query('SELECT LA_user_...')
#3 /wordpress/wp-includes/class-wpdb.php(3146): WP_SQLite_DB->query('SELECT LA_user_...')
#4 /wordpress/wp-content/plugins/luminate-ai-schema-data/includes/class-lumaisd-activator.php(31): wpdb->get_results('SELECT LA_user_...')
#5 /wordpress/wp-content/plugins/luminate-ai-schema-data/lumaisd.php(35): Lumaisd_Activator::activate()
#6 /wordpress/wp-includes/class-wp-hook.php(324): activate_lumaisd(false)
#7 /wordpress/wp-includes/class-wp-hook.php(348): WP_Hook->apply_filters('', Array)
#8 /wordpress/wp-includes/plugin.php(517): WP_Hook->do_action(Array)
#9 /wordpress/wp-admin/includes/plugin.php(703): do_action('activate_lumina...', false)
#10 /internal/eval.php(20): activate_plugin('luminate-ai-sch...')
#11 {main}</pre>
 for query SELECT LA_user_schema_tags FROM wp_posts made by activate_plugin, do_action('activate_luminate-ai-schema-data/lumaisd.php'), WP_Hook->do_action, WP_Hook->apply_filters, activate_lumaisd, Lumaisd_Activator::activate, WP_SQLite_DB->query, WP_SQLite_DB->print_error
[24-Apr-2025 02:26:52 UTC] WordPress database error <div style="clear:both">&nbsp;</div>
<div class="queries" style="clear:both;margin-bottom:2px;border:red dotted thin;">
<p>MySQL query:</p>
<p>SELECT LA_user_active_schema_tags FROM wp_posts</p>
<p>Queries made or created this session were:</p>
<ol>
<li>Executing: BEGIN | (no parameters)</li>
<li>Executing: SELECT `LA_user_active_schema_tags` FROM `wp_posts` | (no parameters)</li>
<li>Executing: ROLLBACK | (no parameters)</li>
</ol>
</div>
<div style="clear:both;margin-bottom:2px;border:red dotted thin;" class="error_message" style="border-bottom:dotted blue thin;">
SQLSTATE[HY000]: General error: 1 no such column: LA_user_active_schema_tags
</div>
<p>Backtrace:</p>
<pre>#0 /internal/shared/sqlite-database-integration/wp-includes/sqlite-ast/class-wp-sqlite-driver.php(690): WP_SQLite_Driver->new_driver_exception('SQLSTATE[HY000]...', 0, Object(PDOException))
#1 /internal/shared/sqlite-database-integration/wp-includes/sqlite/class-wp-sqlite-db.php(472): WP_SQLite_Driver->query('SELECT LA_user_...')
#2 /internal/shared/sqlite-database-integration/wp-includes/sqlite/class-wp-sqlite-db.php(413): WP_SQLite_DB->_do_query('SELECT LA_user_...')
#3 /wordpress/wp-includes/class-wpdb.php(3146): WP_SQLite_DB->query('SELECT LA_user_...')
#4 /wordpress/wp-content/plugins/luminate-ai-schema-data/includes/class-lumaisd-activator.php(35): wpdb->get_results('SELECT LA_user_...')
#5 /wordpress/wp-content/plugins/luminate-ai-schema-data/lumaisd.php(35): Lumaisd_Activator::activate()
#6 /wordpress/wp-includes/class-wp-hook.php(324): activate_lumaisd(false)
#7 /wordpress/wp-includes/class-wp-hook.php(348): WP_Hook->apply_filters('', Array)
#8 /wordpress/wp-includes/plugin.php(517): WP_Hook->do_action(Array)
#9 /wordpress/wp-admin/includes/plugin.php(703): do_action('activate_lumina...', false)
#10 /internal/eval.php(20): activate_plugin('luminate-ai-sch...')
#11 {main}</pre>
 for query SELECT LA_user_active_schema_tags FROM wp_posts made by activate_plugin, do_action('activate_luminate-ai-schema-data/lumaisd.php'), WP_Hook->do_action, WP_Hook->apply_filters, activate_lumaisd, Lumaisd_Activator::activate, WP_SQLite_DB->query, WP_SQLite_DB->print_error
[24-Apr-2025 02:27:02 UTC] WordPress database error <div style="clear:both">&nbsp;</div>
<div class="queries" style="clear:both;margin-bottom:2px;border:red dotted thin;">
<p>MySQL query:</p>
<p>SELECT LA_user_schema_tags FROM wp_posts</p>
<p>Queries made or created this session were:</p>
<ol>
<li>Executing: BEGIN | (no parameters)</li>
<li>Executing: SELECT LA_user_schema_tags FROM wp_posts | (no parameters)</li>
<li>Executing: ROLLBACK | (no parameters)</li>
</ol>
</div>
<div style="clear:both;margin-bottom:2px;border:red dotted thin;" class="error_message" style="border-bottom:dotted blue thin;">
Error occurred at line 4117 in Function <code>handle_error</code>. Error message was: SQLSTATE[HY000]: General error: 1 no such column: LA_user_schema_tags.
</div>
<p>Backtrace:</p>
<pre>#0 /internal/shared/sqlite-database-integration/wp-includes/sqlite/class-wp-sqlite-db.php(287): WP_SQLite_Translator->get_error_message()
#1 /wordpress/wp-includes/class-wpdb.php(3146): WP_SQLite_DB->query('SELECT LA_user_...')
#2 /wordpress/wp-content/plugins/luminate-ai-schema-data/includes/class-lumaisd-activator.php(31): wpdb->get_results('SELECT LA_user_...')
#3 /wordpress/wp-content/plugins/luminate-ai-schema-data/lumaisd.php(35): Lumaisd_Activator::activate()
#4 /wordpress/wp-includes/class-wp-hook.php(324): activate_lumaisd(false)
#5 /wordpress/wp-includes/class-wp-hook.php(348): WP_Hook->apply_filters('', Array)
#6 /wordpress/wp-includes/plugin.php(517): WP_Hook->do_action(Array)
#7 /wordpress/wp-admin/includes/plugin.php(703): do_action('activate_lumina...', false)
#8 /internal/eval.php(20): activate_plugin('luminate-ai-sch...')
#9 {main}</pre>
 for query SELECT LA_user_schema_tags FROM wp_posts made by activate_plugin, do_action('activate_luminate-ai-schema-data/lumaisd.php'), WP_Hook->do_action, WP_Hook->apply_filters, activate_lumaisd, Lumaisd_Activator::activate, WP_SQLite_DB->query, WP_SQLite_DB->print_error
[24-Apr-2025 02:27:02 UTC] WordPress database error <div style="clear:both">&nbsp;</div>
<div class="queries" style="clear:both;margin-bottom:2px;border:red dotted thin;">
<p>MySQL query:</p>
<p>SELECT LA_user_active_schema_tags FROM wp_posts</p>
<p>Queries made or created this session were:</p>
<ol>
<li>Executing: BEGIN | (no parameters)</li>
<li>Executing: SELECT LA_user_active_schema_tags FROM wp_posts | (no parameters)</li>
<li>Executing: ROLLBACK | (no parameters)</li>
</ol>
</div>
<div style="clear:both;margin-bottom:2px;border:red dotted thin;" class="error_message" style="border-bottom:dotted blue thin;">
Error occurred at line 4117 in Function <code>handle_error</code>. Error message was: SQLSTATE[HY000]: General error: 1 no such column: LA_user_active_schema_tags.
</div>
<p>Backtrace:</p>
<pre>#0 /internal/shared/sqlite-database-integration/wp-includes/sqlite/class-wp-sqlite-db.php(287): WP_SQLite_Translator->get_error_message()
#1 /wordpress/wp-includes/class-wpdb.php(3146): WP_SQLite_DB->query('SELECT LA_user_...')
#2 /wordpress/wp-content/plugins/luminate-ai-schema-data/includes/class-lumaisd-activator.php(35): wpdb->get_results('SELECT LA_user_...')
#3 /wordpress/wp-content/plugins/luminate-ai-schema-data/lumaisd.php(35): Lumaisd_Activator::activate()
#4 /wordpress/wp-includes/class-wp-hook.php(324): activate_lumaisd(false)
#5 /wordpress/wp-includes/class-wp-hook.php(348): WP_Hook->apply_filters('', Array)
#6 /wordpress/wp-includes/plugin.php(517): WP_Hook->do_action(Array)
#7 /wordpress/wp-admin/includes/plugin.php(703): do_action('activate_lumina...', false)
#8 /internal/eval.php(20): activate_plugin('luminate-ai-sch...')
#9 {main}</pre>
 for query SELECT LA_user_active_schema_tags FROM wp_posts made by activate_plugin, do_action('activate_luminate-ai-schema-data/lumaisd.php'), WP_Hook->do_action, WP_Hook->apply_filters, activate_lumaisd, Lumaisd_Activator::activate, WP_SQLite_DB->query, WP_SQLite_DB->print_error
[24-Apr-2025 02:27:10 UTC] WordPress database error <div style="clear:both">&nbsp;</div>
<div class="queries" style="clear:both;margin-bottom:2px;border:red dotted thin;">
<p>MySQL query:</p>
<p>SELECT LA_user_schema_tags FROM wp_posts</p>
<p>Queries made or created this session were:</p>
<ol>
<li>Executing: BEGIN | (no parameters)</li>
<li>Executing: SELECT LA_user_schema_tags FROM wp_posts | (no parameters)</li>
<li>Executing: ROLLBACK | (no parameters)</li>
</ol>
</div>
<div style="clear:both;margin-bottom:2px;border:red dotted thin;" class="error_message" style="border-bottom:dotted blue thin;">
Error occurred at line 4117 in Function <code>handle_error</code>. Error message was: SQLSTATE[HY000]: General error: 1 no such column: LA_user_schema_tags.
</div>
<p>Backtrace:</p>
<pre>#0 /internal/shared/sqlite-database-integration/wp-includes/sqlite/class-wp-sqlite-db.php(287): WP_SQLite_Translator->get_error_message()
#1 /wordpress/wp-includes/class-wpdb.php(3146): WP_SQLite_DB->query('SELECT LA_user_...')
#2 /wordpress/wp-content/plugins/luminate-ai-schema-data/includes/class-lumaisd-activator.php(31): wpdb->get_results('SELECT LA_user_...')
#3 /wordpress/wp-content/plugins/luminate-ai-schema-data/lumaisd.php(35): Lumaisd_Activator::activate()
#4 /wordpress/wp-includes/class-wp-hook.php(324): activate_lumaisd(false)
#5 /wordpress/wp-includes/class-wp-hook.php(348): WP_Hook->apply_filters('', Array)
#6 /wordpress/wp-includes/plugin.php(517): WP_Hook->do_action(Array)
#7 /wordpress/wp-admin/includes/plugin.php(703): do_action('activate_lumina...', false)
#8 /internal/eval.php(20): activate_plugin('luminate-ai-sch...')
#9 {main}</pre>
 for query SELECT LA_user_schema_tags FROM wp_posts made by activate_plugin, do_action('activate_luminate-ai-schema-data/lumaisd.php'), WP_Hook->do_action, WP_Hook->apply_filters, activate_lumaisd, Lumaisd_Activator::activate, WP_SQLite_DB->query, WP_SQLite_DB->print_error
[24-Apr-2025 02:27:10 UTC] WordPress database error <div style="clear:both">&nbsp;</div>
<div class="queries" style="clear:both;margin-bottom:2px;border:red dotted thin;">
<p>MySQL query:</p>
<p>SELECT LA_user_active_schema_tags FROM wp_posts</p>
<p>Queries made or created this session were:</p>
<ol>
<li>Executing: BEGIN | (no parameters)</li>
<li>Executing: SELECT LA_user_active_schema_tags FROM wp_posts | (no parameters)</li>
<li>Executing: ROLLBACK | (no parameters)</li>
</ol>
</div>
<div style="clear:both;margin-bottom:2px;border:red dotted thin;" class="error_message" style="border-bottom:dotted blue thin;">
Error occurred at line 4117 in Function <code>handle_error</code>. Error message was: SQLSTATE[HY000]: General error: 1 no such column: LA_user_active_schema_tags.
</div>
<p>Backtrace:</p>
<pre>#0 /internal/shared/sqlite-database-integration/wp-includes/sqlite/class-wp-sqlite-db.php(287): WP_SQLite_Translator->get_error_message()
#1 /wordpress/wp-includes/class-wpdb.php(3146): WP_SQLite_DB->query('SELECT LA_user_...')
#2 /wordpress/wp-content/plugins/luminate-ai-schema-data/includes/class-lumaisd-activator.php(35): wpdb->get_results('SELECT LA_user_...')
#3 /wordpress/wp-content/plugins/luminate-ai-schema-data/lumaisd.php(35): Lumaisd_Activator::activate()
#4 /wordpress/wp-includes/class-wp-hook.php(324): activate_lumaisd(false)
#5 /wordpress/wp-includes/class-wp-hook.php(348): WP_Hook->apply_filters('', Array)
#6 /wordpress/wp-includes/plugin.php(517): WP_Hook->do_action(Array)
#7 /wordpress/wp-admin/includes/plugin.php(703): do_action('activate_lumina...', false)
#8 /internal/eval.php(20): activate_plugin('luminate-ai-sch...')
#9 {main}</pre>
 for query SELECT LA_user_active_schema_tags FROM wp_posts made by activate_plugin, do_action('activate_luminate-ai-schema-data/lumaisd.php'), WP_Hook->do_action, WP_Hook->apply_filters, activate_lumaisd, Lumaisd_Activator::activate, WP_SQLite_DB->query, WP_SQLite_DB->print_error
[24-Apr-2025 02:27:19 UTC] PHP Warning:  Undefined variable $themater_lwd_defaults in /wordpress/wp-content/plugins/lwd-popular-posts-widget/index.php on line 64
[24-Apr-2025 02:27:19 UTC] PHP Fatal error:  Uncaught Error: Attempt to modify property "options" on null in /wordpress/wp-content/plugins/lwd-popular-posts-widget/index.php:62
Stack trace:
#0 /wordpress/wp-admin/includes/plugin.php(2387): include_once()
#1 /wordpress/wp-admin/includes/plugin.php(673): plugin_sandbox_scrape('lwd-popular-pos...')
#2 /internal/eval.php(20): activate_plugin('lwd-popular-pos...')
#3 {main}
  thrown in /wordpress/wp-content/plugins/lwd-popular-posts-widget/index.php on line 62
[24-Apr-2025 02:27:27 UTC] PHP Warning:  Undefined variable $themater_lwd_defaults in /wordpress/wp-content/plugins/lwd-popular-posts-widget/index.php on line 64
[24-Apr-2025 02:27:27 UTC] PHP Fatal error:  Uncaught Error: Attempt to modify property "options" on null in /wordpress/wp-content/plugins/lwd-popular-posts-widget/index.php:62
Stack trace:
#0 /wordpress/wp-admin/includes/plugin.php(2387): include_once()
#1 /wordpress/wp-admin/includes/plugin.php(673): plugin_sandbox_scrape('lwd-popular-pos...')
#2 /internal/eval.php(20): activate_plugin('lwd-popular-pos...')
#3 {main}
  thrown in /wordpress/wp-content/plugins/lwd-popular-posts-widget/index.php on line 62
[24-Apr-2025 02:27:35 UTC] PHP Warning:  Undefined variable $themater_lwd_defaults in /wordpress/wp-content/plugins/lwd-popular-posts-widget/index.php on line 64
[24-Apr-2025 02:27:35 UTC] PHP Fatal error:  Uncaught Error: Attempt to modify property "options" on null in /wordpress/wp-content/plugins/lwd-popular-posts-widget/index.php:62
Stack trace:
#0 /wordpress/wp-admin/includes/plugin.php(2387): include_once()
#1 /wordpress/wp-admin/includes/plugin.php(673): plugin_sandbox_scrape('lwd-popular-pos...')
#2 /internal/eval.php(20): activate_plugin('lwd-popular-pos...')
#3 {main}
  thrown in /wordpress/wp-content/plugins/lwd-popular-posts-widget/index.php on line 62
[24-Apr-2025 02:28:43 UTC] PHP Notice:  Function wp_enqueue_script was called <strong>incorrectly</strong>. Scripts and styles should not be registered or enqueued until the <code>wp_enqueue_scripts</code>, <code>admin_enqueue_scripts</code>, or <code>login_enqueue_scripts</code> hooks. This notice was triggered by the <code>ieinfobar</code> handle. Please see <a href="https://developer.wordpress.org/advanced-administration/debug/debug-wordpress/">Debugging in WordPress</a> for more information. (This message was added in version 3.3.0.) in /wordpress/wp-includes/functions.php on line 6121
[24-Apr-2025 02:28:52 UTC] PHP Notice:  Function wp_enqueue_script was called <strong>incorrectly</strong>. Scripts and styles should not be registered or enqueued until the <code>wp_enqueue_scripts</code>, <code>admin_enqueue_scripts</code>, or <code>login_enqueue_scripts</code> hooks. This notice was triggered by the <code>ieinfobar</code> handle. Please see <a href="https://developer.wordpress.org/advanced-administration/debug/debug-wordpress/">Debugging in WordPress</a> for more information. (This message was added in version 3.3.0.) in /wordpress/wp-includes/functions.php on line 6121
[24-Apr-2025 02:29:01 UTC] PHP Notice:  Function wp_enqueue_script was called <strong>incorrectly</strong>. Scripts and styles should not be registered or enqueued until the <code>wp_enqueue_scripts</code>, <code>admin_enqueue_scripts</code>, or <code>login_enqueue_scripts</code> hooks. This notice was triggered by the <code>ieinfobar</code> handle. Please see <a href="https://developer.wordpress.org/advanced-administration/debug/debug-wordpress/">Debugging in WordPress</a> for more information. (This message was added in version 3.3.0.) in /wordpress/wp-includes/functions.php on line 6121
[24-Apr-2025 02:29:10 UTC] PHP Deprecated:  Required parameter $custom_reload follows optional parameter $gmt_start in /wordpress/wp-content/plugins/ical-events-for-multiple-calendars/ical-events.php on line 202
[24-Apr-2025 02:29:11 UTC] PHP Deprecated:  Required parameter $custom_reload follows optional parameter $gmt_start in /wordpress/wp-content/plugins/ical-events-for-multiple-calendars/ical-events.php on line 202
[24-Apr-2025 02:29:20 UTC] PHP Deprecated:  Required parameter $custom_reload follows optional parameter $gmt_start in /wordpress/wp-content/plugins/ical-events-for-multiple-calendars/ical-events.php on line 202
[24-Apr-2025 02:29:21 UTC] PHP Deprecated:  Required parameter $custom_reload follows optional parameter $gmt_start in /wordpress/wp-content/plugins/ical-events-for-multiple-calendars/ical-events.php on line 202
[24-Apr-2025 02:29:29 UTC] PHP Deprecated:  Required parameter $custom_reload follows optional parameter $gmt_start in /wordpress/wp-content/plugins/ical-events-for-multiple-calendars/ical-events.php on line 202
[24-Apr-2025 02:29:29 UTC] PHP Deprecated:  Required parameter $custom_reload follows optional parameter $gmt_start in /wordpress/wp-content/plugins/ical-events-for-multiple-calendars/ical-events.php on line 202
[24-Apr-2025 02:29:39 UTC] PHP Fatal error:  Uncaught Error: Call to undefined function create_function() in /wordpress/wp-content/plugins/idx-broker-wordpress-plugin/idx_broker.php:2086
Stack trace:
#0 /wordpress/wp-admin/includes/plugin.php(2387): include_once()
#1 /wordpress/wp-admin/includes/plugin.php(673): plugin_sandbox_scrape('idx-broker-word...')
#2 /internal/eval.php(20): activate_plugin('idx-broker-word...')
#3 {main}
  thrown in /wordpress/wp-content/plugins/idx-broker-wordpress-plugin/idx_broker.php on line 2086
[24-Apr-2025 02:29:48 UTC] PHP Fatal error:  Uncaught Error: Call to undefined function create_function() in /wordpress/wp-content/plugins/idx-broker-wordpress-plugin/idx_broker.php:2086
Stack trace:
#0 /wordpress/wp-admin/includes/plugin.php(2387): include_once()
#1 /wordpress/wp-admin/includes/plugin.php(673): plugin_sandbox_scrape('idx-broker-word...')
#2 /internal/eval.php(20): activate_plugin('idx-broker-word...')
#3 {main}
  thrown in /wordpress/wp-content/plugins/idx-broker-wordpress-plugin/idx_broker.php on line 2086

    at Object.onBind (file:///home/runner/work/playground-tester/playground-tester/node_modules/@wp-playground/cli/index.js:237:15)
    at process.processTicksAndRejections (node:internal/process/task_queues:105:5)
    at async V (file:///home/runner/work/playground-tester/playground-tester/node_modules/@wp-playground/cli/index.js:64:10)
    at async ja (file:///home/runner/work/playground-tester/playground-tester/node_modules/@wp-playground/cli/cli.js:8161:12) {
  [cause]: Error: Error when executing the blueprint step #1 ({"step":"installPlugin","pluginData":{"resource":"wordpress.org/plugins","slug":"idx-broker-wordpress-plugin"},"options":{"activate":true}}) : PHP.run() failed with exit code 255 and the following output: 
      at Object.run (file:///home/runner/work/playground-tester/playground-tester/node_modules/@wp-playground/blueprints/index.js:12449:19)
      at process.processTicksAndRejections (node:internal/process/task_queues:105:5)
      at async ms (file:///home/runner/work/playground-tester/playground-tester/node_modules/@wp-playground/blueprints/index.js:12552:3)
      ... 2 lines matching cause stack trace ...
      at async ja (file:///home/runner/work/playground-tester/playground-tester/node_modules/@wp-playground/cli/cli.js:8161:12) {
    [cause]: PHPExecutionFailureError: PHP.run() failed with exit code 255 and the following output: 
        at PHP.run (file:///home/runner/work/playground-tester/playground-tester/node_modules/@php-wasm/universal/index.js:987:19)
        at process.processTicksAndRejections (node:internal/process/task_queues:105:5)
        at async wr (file:///home/runner/work/playground-tester/playground-tester/node_modules/@wp-playground/blueprints/index.js:33:39)
        at async Object.gt [as installPlugin] (file:///home/runner/work/playground-tester/playground-tester/node_modules/@wp-playground/blueprints/index.js:974:42)
        at async g (file:///home/runner/work/playground-tester/playground-tester/node_modules/@wp-playground/blueprints/index.js:12517:30)
        at async Object.run (file:///home/runner/work/playground-tester/playground-tester/node_modules/@wp-playground/blueprints/index.js:12446:23)
        at async ms (file:///home/runner/work/playground-tester/playground-tester/node_modules/@wp-playground/blueprints/index.js:12552:3)
        at async Object.onBind (file:///home/runner/work/playground-tester/playground-tester/node_modules/@wp-playground/cli/index.js:227:48)
        at async V (file:///home/runner/work/playground-tester/playground-tester/node_modules/@wp-playground/cli/index.js:64:10)
        at async ja (file:///home/runner/work/playground-tester/playground-tester/node_modules/@wp-playground/cli/cli.js:8161:12) {
      response: PHPResponse {
        httpStatusCode: 500,
        headers: {
          'x-powered-by': [ 'PHP/8.0.30-dev' ],
          'content-type': [ 'text/html; charset=UTF-8' ]
        },
        bytes: Uint8Array(0) [],
        exitCode: 255,
        errors: ''
      },
      source: 'request'
    }
  }
}

Node.js v23.11.0
