file:///home/runner/work/playground-tester/playground-tester/node_modules/@wp-playground/cli/run-cli-j-geJYS3.js:325
        throw new Error($, { cause: h });
              ^

Error: [04-Jun-2025 03:40:44 UTC] PHP Deprecated:  Function load_plugin_textdomain was called with an argument that is <strong>deprecated</strong> since version 2.7.0 with no alternative available. in /wordpress/wp-includes/functions.php on line 6121
[04-Jun-2025 03:40:53 UTC] PHP Deprecated:  Function load_plugin_textdomain was called with an argument that is <strong>deprecated</strong> since version 2.7.0 with no alternative available. in /wordpress/wp-includes/functions.php on line 6121
[04-Jun-2025 03:41:03 UTC] PHP Deprecated:  Function load_plugin_textdomain was called with an argument that is <strong>deprecated</strong> since version 2.7.0 with no alternative available. in /wordpress/wp-includes/functions.php on line 6121
[04-Jun-2025 03:41:12 UTC] PHP Deprecated:  Required parameter $table follows optional parameter $cache_hours in /wordpress/wp-content/plugins/snow-report/snow-report.php on line 439
[04-Jun-2025 03:41:12 UTC] PHP Deprecated:  Required parameter $transientKey follows optional parameter $cache_hours in /wordpress/wp-content/plugins/snow-report/snow-report.php on line 439
[04-Jun-2025 03:41:13 UTC] PHP Deprecated:  Required parameter $table follows optional parameter $cache_hours in /wordpress/wp-content/plugins/snow-report/snow-report.php on line 439
[04-Jun-2025 03:41:13 UTC] PHP Deprecated:  Required parameter $transientKey follows optional parameter $cache_hours in /wordpress/wp-content/plugins/snow-report/snow-report.php on line 439
[04-Jun-2025 03:41:22 UTC] PHP Deprecated:  Required parameter $table follows optional parameter $cache_hours in /wordpress/wp-content/plugins/snow-report/snow-report.php on line 439
[04-Jun-2025 03:41:22 UTC] PHP Deprecated:  Required parameter $transientKey follows optional parameter $cache_hours in /wordpress/wp-content/plugins/snow-report/snow-report.php on line 439
[04-Jun-2025 03:41:22 UTC] PHP Deprecated:  Required parameter $table follows optional parameter $cache_hours in /wordpress/wp-content/plugins/snow-report/snow-report.php on line 439
[04-Jun-2025 03:41:22 UTC] PHP Deprecated:  Required parameter $transientKey follows optional parameter $cache_hours in /wordpress/wp-content/plugins/snow-report/snow-report.php on line 439
[04-Jun-2025 03:41:31 UTC] PHP Deprecated:  Required parameter $table follows optional parameter $cache_hours in /wordpress/wp-content/plugins/snow-report/snow-report.php on line 439
[04-Jun-2025 03:41:31 UTC] PHP Deprecated:  Required parameter $transientKey follows optional parameter $cache_hours in /wordpress/wp-content/plugins/snow-report/snow-report.php on line 439
[04-Jun-2025 03:41:32 UTC] PHP Deprecated:  Required parameter $table follows optional parameter $cache_hours in /wordpress/wp-content/plugins/snow-report/snow-report.php on line 439
[04-Jun-2025 03:41:32 UTC] PHP Deprecated:  Required parameter $transientKey follows optional parameter $cache_hours in /wordpress/wp-content/plugins/snow-report/snow-report.php on line 439
[04-Jun-2025 03:41:42 UTC] PHP Warning:  Undefined array key "activate" in /wordpress/wp-content/plugins/social-360/db.php on line 5
[04-Jun-2025 03:41:42 UTC] PHP Warning:  Undefined array key "hauth_done" in /wordpress/wp-content/plugins/social-360/twitter/twitter.php on line 241
[04-Jun-2025 03:41:42 UTC] PHP Warning:  Undefined array key "get_contact" in /wordpress/wp-content/plugins/social-360/twitter/twitter.php on line 244
[04-Jun-2025 03:41:43 UTC] PHP Warning:  Undefined array key "hauth_done" in /wordpress/wp-content/plugins/social-360/twitter/twitter.php on line 241
[04-Jun-2025 03:41:43 UTC] PHP Warning:  Undefined array key "get_contact" in /wordpress/wp-content/plugins/social-360/twitter/twitter.php on line 244
[04-Jun-2025 03:41:52 UTC] PHP Warning:  Undefined array key "activate" in /wordpress/wp-content/plugins/social-360/db.php on line 5
[04-Jun-2025 03:41:52 UTC] PHP Warning:  Undefined array key "hauth_done" in /wordpress/wp-content/plugins/social-360/twitter/twitter.php on line 241
[04-Jun-2025 03:41:52 UTC] PHP Warning:  Undefined array key "get_contact" in /wordpress/wp-content/plugins/social-360/twitter/twitter.php on line 244
[04-Jun-2025 03:41:53 UTC] PHP Warning:  Undefined array key "hauth_done" in /wordpress/wp-content/plugins/social-360/twitter/twitter.php on line 241
[04-Jun-2025 03:41:53 UTC] PHP Warning:  Undefined array key "get_contact" in /wordpress/wp-content/plugins/social-360/twitter/twitter.php on line 244
[04-Jun-2025 03:42:02 UTC] PHP Warning:  Undefined array key "activate" in /wordpress/wp-content/plugins/social-360/db.php on line 5
[04-Jun-2025 03:42:02 UTC] PHP Warning:  Undefined array key "hauth_done" in /wordpress/wp-content/plugins/social-360/twitter/twitter.php on line 241
[04-Jun-2025 03:42:02 UTC] PHP Warning:  Undefined array key "get_contact" in /wordpress/wp-content/plugins/social-360/twitter/twitter.php on line 244
[04-Jun-2025 03:42:03 UTC] PHP Warning:  Undefined array key "hauth_done" in /wordpress/wp-content/plugins/social-360/twitter/twitter.php on line 241
[04-Jun-2025 03:42:03 UTC] PHP Warning:  Undefined array key "get_contact" in /wordpress/wp-content/plugins/social-360/twitter/twitter.php on line 244
[04-Jun-2025 03:42:42 UTC] WordPress database error <div style="clear:both">&nbsp;</div>
<div class="queries" style="clear:both;margin-bottom:2px;border:red dotted thin;">
<p>MySQL query:</p>
<p>SELECT a.*
				FROM wp_auth0_user a
				JOIN wp_users u ON a.wp_id = u.id;</p>
<p>Queries made or created this session were:</p>
<ol>
<li>Executing: BEGIN IMMEDIATE | (no parameters)</li>
<li>Executing: SELECT `a`.* FROM `wp_auth0_user` `a` JOIN `wp_users` `u` ON `a`.`wp_id` = `u`.`id` | (no parameters)</li>
<li>Executing: ROLLBACK | (no parameters)</li>
</ol>
</div>
<div style="clear:both;margin-bottom:2px;border:red dotted thin;" class="error_message" style="border-bottom:dotted blue thin;">
SQLSTATE[HY000]: General error: 1 no such table: wp_auth0_user
</div>
<p>Backtrace:</p>
<pre>#0 /internal/shared/sqlite-database-integration/wp-includes/sqlite-ast/class-wp-sqlite-driver.php(683): WP_SQLite_Driver->new_driver_exception('SQLSTATE[HY000]...', 'HY000', Object(PDOException))
#1 /internal/shared/sqlite-database-integration/wp-includes/sqlite/class-wp-sqlite-db.php(491): WP_SQLite_Driver->query('SELECT a.*\n\t\t\t\t...')
#2 /internal/shared/sqlite-database-integration/wp-includes/sqlite/class-wp-sqlite-db.php(432): WP_SQLite_DB->_do_query('SELECT a.*\n\t\t\t\t...')
#3 /wordpress/wp-includes/class-wpdb.php(3146): WP_SQLite_DB->query('SELECT a.*\n\t\t\t\t...')
#4 /wordpress/wp-content/plugins/social-login-with-auth0/lib/WP_Auth0_DBManager.php(422): wpdb->get_results('SELECT a.*\n\t\t\t\t...')
#5 /wordpress/wp-content/plugins/social-login-with-auth0/lib/WP_Auth0_DBManager.php(68): WP_Auth0_DBManager->migrate_users_data()
#6 /wordpress/wp-content/plugins/social-login-with-auth0/WP_Auth0.php(442): WP_Auth0_DBManager->install_db()
#7 /wordpress/wp-includes/class-wp-hook.php(324): WP_Auth0->install(false)
#8 /wordpress/wp-includes/class-wp-hook.php(348): WP_Hook->apply_filters('', Array)
#9 /wordpress/wp-includes/plugin.php(517): WP_Hook->do_action(Array)
#10 /wordpress/wp-admin/includes/plugin.php(703): do_action('activate_social...', false)
#11 /internal/eval.php(20): activate_plugin('social-login-wi...')
#12 {main}</pre>
 for query SELECT a.*
				FROM wp_auth0_user a
				JOIN wp_users u ON a.wp_id = u.id; made by activate_plugin, do_action('activate_social-login-with-auth0/WP_Auth0.php'), WP_Hook->do_action, WP_Hook->apply_filters, WP_Auth0->install, WP_Auth0_DBManager->install_db, WP_Auth0_DBManager->migrate_users_data, WP_SQLite_DB->query, WP_SQLite_DB->print_error
[04-Jun-2025 03:42:52 UTC] WordPress database error <div style="clear:both">&nbsp;</div>
<div class="queries" style="clear:both;margin-bottom:2px;border:red dotted thin;">
<p>MySQL query:</p>
<p>SELECT a.*
				FROM wp_auth0_user a
				JOIN wp_users u ON a.wp_id = u.id;</p>
<p>Queries made or created this session were:</p>
<ol>
<li>Executing: BEGIN IMMEDIATE | (no parameters)</li>
<li>Executing: SELECT `a`.* FROM `wp_auth0_user` `a` JOIN `wp_users` `u` ON `a`.`wp_id` = `u`.`id` | (no parameters)</li>
<li>Executing: ROLLBACK | (no parameters)</li>
</ol>
</div>
<div style="clear:both;margin-bottom:2px;border:red dotted thin;" class="error_message" style="border-bottom:dotted blue thin;">
SQLSTATE[HY000]: General error: 1 no such table: wp_auth0_user
</div>
<p>Backtrace:</p>
<pre>#0 /internal/shared/sqlite-database-integration/wp-includes/sqlite-ast/class-wp-sqlite-driver.php(683): WP_SQLite_Driver->new_driver_exception('SQLSTATE[HY000]...', 'HY000', Object(PDOException))
#1 /internal/shared/sqlite-database-integration/wp-includes/sqlite/class-wp-sqlite-db.php(491): WP_SQLite_Driver->query('SELECT a.*\n\t\t\t\t...')
#2 /internal/shared/sqlite-database-integration/wp-includes/sqlite/class-wp-sqlite-db.php(432): WP_SQLite_DB->_do_query('SELECT a.*\n\t\t\t\t...')
#3 /wordpress/wp-includes/class-wpdb.php(3146): WP_SQLite_DB->query('SELECT a.*\n\t\t\t\t...')
#4 /wordpress/wp-content/plugins/social-login-with-auth0/lib/WP_Auth0_DBManager.php(422): wpdb->get_results('SELECT a.*\n\t\t\t\t...')
#5 /wordpress/wp-content/plugins/social-login-with-auth0/lib/WP_Auth0_DBManager.php(68): WP_Auth0_DBManager->migrate_users_data()
#6 /wordpress/wp-content/plugins/social-login-with-auth0/WP_Auth0.php(442): WP_Auth0_DBManager->install_db()
#7 /wordpress/wp-includes/class-wp-hook.php(324): WP_Auth0->install(false)
#8 /wordpress/wp-includes/class-wp-hook.php(348): WP_Hook->apply_filters('', Array)
#9 /wordpress/wp-includes/plugin.php(517): WP_Hook->do_action(Array)
#10 /wordpress/wp-admin/includes/plugin.php(703): do_action('activate_social...', false)
#11 /internal/eval.php(20): activate_plugin('social-login-wi...')
#12 {main}</pre>
 for query SELECT a.*
				FROM wp_auth0_user a
				JOIN wp_users u ON a.wp_id = u.id; made by activate_plugin, do_action('activate_social-login-with-auth0/WP_Auth0.php'), WP_Hook->do_action, WP_Hook->apply_filters, WP_Auth0->install, WP_Auth0_DBManager->install_db, WP_Auth0_DBManager->migrate_users_data, WP_SQLite_DB->query, WP_SQLite_DB->print_error
[04-Jun-2025 03:43:02 UTC] WordPress database error <div style="clear:both">&nbsp;</div>
<div class="queries" style="clear:both;margin-bottom:2px;border:red dotted thin;">
<p>MySQL query:</p>
<p>SELECT a.*
				FROM wp_auth0_user a
				JOIN wp_users u ON a.wp_id = u.id;</p>
<p>Queries made or created this session were:</p>
<ol>
<li>Executing: BEGIN IMMEDIATE | (no parameters)</li>
<li>Executing: SELECT `a`.* FROM `wp_auth0_user` `a` JOIN `wp_users` `u` ON `a`.`wp_id` = `u`.`id` | (no parameters)</li>
<li>Executing: ROLLBACK | (no parameters)</li>
</ol>
</div>
<div style="clear:both;margin-bottom:2px;border:red dotted thin;" class="error_message" style="border-bottom:dotted blue thin;">
SQLSTATE[HY000]: General error: 1 no such table: wp_auth0_user
</div>
<p>Backtrace:</p>
<pre>#0 /internal/shared/sqlite-database-integration/wp-includes/sqlite-ast/class-wp-sqlite-driver.php(683): WP_SQLite_Driver->new_driver_exception('SQLSTATE[HY000]...', 'HY000', Object(PDOException))
#1 /internal/shared/sqlite-database-integration/wp-includes/sqlite/class-wp-sqlite-db.php(491): WP_SQLite_Driver->query('SELECT a.*\n\t\t\t\t...')
#2 /internal/shared/sqlite-database-integration/wp-includes/sqlite/class-wp-sqlite-db.php(432): WP_SQLite_DB->_do_query('SELECT a.*\n\t\t\t\t...')
#3 /wordpress/wp-includes/class-wpdb.php(3146): WP_SQLite_DB->query('SELECT a.*\n\t\t\t\t...')
#4 /wordpress/wp-content/plugins/social-login-with-auth0/lib/WP_Auth0_DBManager.php(422): wpdb->get_results('SELECT a.*\n\t\t\t\t...')
#5 /wordpress/wp-content/plugins/social-login-with-auth0/lib/WP_Auth0_DBManager.php(68): WP_Auth0_DBManager->migrate_users_data()
#6 /wordpress/wp-content/plugins/social-login-with-auth0/WP_Auth0.php(442): WP_Auth0_DBManager->install_db()
#7 /wordpress/wp-includes/class-wp-hook.php(324): WP_Auth0->install(false)
#8 /wordpress/wp-includes/class-wp-hook.php(348): WP_Hook->apply_filters('', Array)
#9 /wordpress/wp-includes/plugin.php(517): WP_Hook->do_action(Array)
#10 /wordpress/wp-admin/includes/plugin.php(703): do_action('activate_social...', false)
#11 /internal/eval.php(20): activate_plugin('social-login-wi...')
#12 {main}</pre>
 for query SELECT a.*
				FROM wp_auth0_user a
				JOIN wp_users u ON a.wp_id = u.id; made by activate_plugin, do_action('activate_social-login-with-auth0/WP_Auth0.php'), WP_Hook->do_action, WP_Hook->apply_filters, WP_Auth0->install, WP_Auth0_DBManager->install_db, WP_Auth0_DBManager->migrate_users_data, WP_SQLite_DB->query, WP_SQLite_DB->print_error
[04-Jun-2025 03:45:14 UTC] PHP Warning:  Undefined array key "HTTP_ACCEPT" in /wordpress/wp-content/plugins/security-antivirus-firewall/includes/wptsafEnv.php on line 166
[04-Jun-2025 03:45:15 UTC] PHP Notice:  Function _load_textdomain_just_in_time was called <strong>incorrectly</strong>. Translation loading for the <code>security-antivirus-firewall</code> domain was triggered too early. This is usually an indicator for some code in the plugin or theme running too early. Translations should be loaded at the <code>init</code> action or later. Please see <a href="https://developer.wordpress.org/advanced-administration/debug/debug-wordpress/">Debugging in WordPress</a> for more information. (This message was added in version 6.7.0.) in /wordpress/wp-includes/functions.php on line 6121
[04-Jun-2025 03:45:25 UTC] PHP Warning:  Undefined array key "HTTP_ACCEPT" in /wordpress/wp-content/plugins/security-antivirus-firewall/includes/wptsafEnv.php on line 166
[04-Jun-2025 03:45:27 UTC] PHP Notice:  Function _load_textdomain_just_in_time was called <strong>incorrectly</strong>. Translation loading for the <code>security-antivirus-firewall</code> domain was triggered too early. This is usually an indicator for some code in the plugin or theme running too early. Translations should be loaded at the <code>init</code> action or later. Please see <a href="https://developer.wordpress.org/advanced-administration/debug/debug-wordpress/">Debugging in WordPress</a> for more information. (This message was added in version 6.7.0.) in /wordpress/wp-includes/functions.php on line 6121
[04-Jun-2025 03:45:37 UTC] PHP Warning:  Undefined array key "HTTP_ACCEPT" in /wordpress/wp-content/plugins/security-antivirus-firewall/includes/wptsafEnv.php on line 166
[04-Jun-2025 03:45:37 UTC] PHP Notice:  Function _load_textdomain_just_in_time was called <strong>incorrectly</strong>. Translation loading for the <code>security-antivirus-firewall</code> domain was triggered too early. This is usually an indicator for some code in the plugin or theme running too early. Translations should be loaded at the <code>init</code> action or later. Please see <a href="https://developer.wordpress.org/advanced-administration/debug/debug-wordpress/">Debugging in WordPress</a> for more information. (This message was added in version 6.7.0.) in /wordpress/wp-includes/functions.php on line 6121
[04-Jun-2025 03:46:19 UTC] PHP Warning:  Undefined variable $post_id in /wordpress/wp-content/plugins/self-guided-tour-itineraries-from-unanchorcom/self-guided-tour-itineraries-from-unanchorcom.php on line 91
[04-Jun-2025 03:46:29 UTC] PHP Warning:  Undefined variable $post_id in /wordpress/wp-content/plugins/self-guided-tour-itineraries-from-unanchorcom/self-guided-tour-itineraries-from-unanchorcom.php on line 91
[04-Jun-2025 03:46:40 UTC] PHP Warning:  Undefined variable $post_id in /wordpress/wp-content/plugins/self-guided-tour-itineraries-from-unanchorcom/self-guided-tour-itineraries-from-unanchorcom.php on line 91
[04-Jun-2025 03:48:46 UTC] PHP Deprecated:  Function register_sidebar_widget is <strong>deprecated</strong> since version 2.8.0! Use wp_register_sidebar_widget() instead. in /wordpress/wp-includes/functions.php on line 6121
[04-Jun-2025 03:48:46 UTC] PHP Deprecated:  Function register_widget_control is <strong>deprecated</strong> since version 2.8.0! Use wp_register_widget_control() instead. in /wordpress/wp-includes/functions.php on line 6121
[04-Jun-2025 03:48:56 UTC] PHP Deprecated:  Function register_sidebar_widget is <strong>deprecated</strong> since version 2.8.0! Use wp_register_sidebar_widget() instead. in /wordpress/wp-includes/functions.php on line 6121
[04-Jun-2025 03:48:56 UTC] PHP Deprecated:  Function register_widget_control is <strong>deprecated</strong> since version 2.8.0! Use wp_register_widget_control() instead. in /wordpress/wp-includes/functions.php on line 6121
[04-Jun-2025 03:49:06 UTC] PHP Deprecated:  Function register_sidebar_widget is <strong>deprecated</strong> since version 2.8.0! Use wp_register_sidebar_widget() instead. in /wordpress/wp-includes/functions.php on line 6121
[04-Jun-2025 03:49:06 UTC] PHP Deprecated:  Function register_widget_control is <strong>deprecated</strong> since version 2.8.0! Use wp_register_widget_control() instead. in /wordpress/wp-includes/functions.php on line 6121
[04-Jun-2025 03:49:47 UTC] PHP Notice:  Function _load_textdomain_just_in_time was called <strong>incorrectly</strong>. Translation loading for the <code>wp-sendmachine</code> domain was triggered too early. This is usually an indicator for some code in the plugin or theme running too early. Translations should be loaded at the <code>init</code> action or later. Please see <a href="https://developer.wordpress.org/advanced-administration/debug/debug-wordpress/">Debugging in WordPress</a> for more information. (This message was added in version 6.7.0.) in /wordpress/wp-includes/functions.php on line 6121
[04-Jun-2025 03:49:56 UTC] PHP Notice:  Function _load_textdomain_just_in_time was called <strong>incorrectly</strong>. Translation loading for the <code>wp-sendmachine</code> domain was triggered too early. This is usually an indicator for some code in the plugin or theme running too early. Translations should be loaded at the <code>init</code> action or later. Please see <a href="https://developer.wordpress.org/advanced-administration/debug/debug-wordpress/">Debugging in WordPress</a> for more information. (This message was added in version 6.7.0.) in /wordpress/wp-includes/functions.php on line 6121
[04-Jun-2025 03:50:05 UTC] PHP Notice:  Function _load_textdomain_just_in_time was called <strong>incorrectly</strong>. Translation loading for the <code>wp-sendmachine</code> domain was triggered too early. This is usually an indicator for some code in the plugin or theme running too early. Translations should be loaded at the <code>init</code> action or later. Please see <a href="https://developer.wordpress.org/advanced-administration/debug/debug-wordpress/">Debugging in WordPress</a> for more information. (This message was added in version 6.7.0.) in /wordpress/wp-includes/functions.php on line 6121
[04-Jun-2025 03:51:45 UTC] PHP Warning:  Undefined property: SEOMeta::$options in /wordpress/wp-content/plugins/seoliz-seo-meta/seoliz-seometa.php on line 10
[04-Jun-2025 03:51:54 UTC] PHP Warning:  Undefined property: SEOMeta::$options in /wordpress/wp-content/plugins/seoliz-seo-meta/seoliz-seometa.php on line 10
[04-Jun-2025 03:52:04 UTC] PHP Warning:  Undefined property: SEOMeta::$options in /wordpress/wp-content/plugins/seoliz-seo-meta/seoliz-seometa.php on line 10
[04-Jun-2025 03:52:15 UTC] PHP Fatal error:  Uncaught ArgumentCountError: Too few arguments to function WP_Widget::__construct(), 0 passed in /wordpress/wp-includes/class-wp-widget-factory.php on line 62 and at least 2 expected in /wordpress/wp-includes/class-wp-widget.php:163
Stack trace:
#0 /wordpress/wp-includes/class-wp-widget-factory.php(62): WP_Widget->__construct()
#1 /wordpress/wp-includes/widgets.php(123): WP_Widget_Factory->register('FW_Widget')
#2 /wordpress/wp-content/plugins/soundst-feedwire/soundst-feed-wire.php(1515): register_widget('FW_Widget')
#3 /wordpress/wp-includes/class-wp-hook.php(324): soundst_feedwire_widget('')
#4 /wordpress/wp-includes/class-wp-hook.php(348): WP_Hook->apply_filters(NULL, Array)
#5 /wordpress/wp-includes/plugin.php(517): WP_Hook->do_action(Array)
#6 /wordpress/wp-includes/widgets.php(1870): do_action('widgets_init')
#7 /wordpress/wp-includes/class-wp-hook.php(324): wp_widgets_init('')
#8 /wordpress/wp-includes/class-wp-hook.php(348): WP_Hook->apply_filters(NULL, Array)
#9 /wordpress/wp-includes/plugin.php(517): WP_Hook->do_action(Array)
#10 /wordpress/wp-settings.php(727): do_action('init')
#11 /wordpress/wp-config.php(102): require_once('/wordpress/wp-s...')
#12 /wordpress/wp-load.php(50): require_once('/wordpress/wp-c...')
#13 /internal/eval.php(3): require_once('/wordpress/wp-l...')
#14 {main}
  thrown in /wordpress/wp-includes/class-wp-widget.php on line 163

    at Object.onBind (file:///home/runner/work/playground-tester/playground-tester/node_modules/@wp-playground/cli/run-cli-j-geJYS3.js:325:15)
    at process.processTicksAndRejections (node:internal/process/task_queues:105:5)
    at async re (file:///home/runner/work/playground-tester/playground-tester/node_modules/@wp-playground/cli/run-cli-j-geJYS3.js:149:10) {
  [cause]: Error: Error when executing the blueprint step #5 ({"step":"installPlugin","pluginData":{"resource":"wordpress.org/plugins","slug":"soundst-feedwire"},"options":{"activate":true}}) : PHP.run() failed with exit code 255 and the following output: 
      at Object.run (file:///home/runner/work/playground-tester/playground-tester/node_modules/@wp-playground/blueprints/index.js:12093:19)
      at process.processTicksAndRejections (node:internal/process/task_queues:105:5)
      at async ys (file:///home/runner/work/playground-tester/playground-tester/node_modules/@wp-playground/blueprints/index.js:12196:3)
      at async Object.onBind (file:///home/runner/work/playground-tester/playground-tester/node_modules/@wp-playground/cli/run-cli-j-geJYS3.js:315:48)
      at async re (file:///home/runner/work/playground-tester/playground-tester/node_modules/@wp-playground/cli/run-cli-j-geJYS3.js:149:10) {
    [cause]: PHPExecutionFailureError: PHP.run() failed with exit code 255 and the following output: 
        at PHP.run (file:///home/runner/work/playground-tester/playground-tester/node_modules/@php-wasm/universal/index.js:1034:19)
        at process.processTicksAndRejections (node:internal/process/task_queues:105:5)
        at async wr (file:///home/runner/work/playground-tester/playground-tester/node_modules/@wp-playground/blueprints/index.js:74:13)
        at async Object.gt [as installPlugin] (file:///home/runner/work/playground-tester/playground-tester/node_modules/@wp-playground/blueprints/index.js:631:42)
        at async g (file:///home/runner/work/playground-tester/playground-tester/node_modules/@wp-playground/blueprints/index.js:12161:30)
        at async Object.run (file:///home/runner/work/playground-tester/playground-tester/node_modules/@wp-playground/blueprints/index.js:12090:23)
        at async ys (file:///home/runner/work/playground-tester/playground-tester/node_modules/@wp-playground/blueprints/index.js:12196:3)
        at async Object.onBind (file:///home/runner/work/playground-tester/playground-tester/node_modules/@wp-playground/cli/run-cli-j-geJYS3.js:315:48)
        at async re (file:///home/runner/work/playground-tester/playground-tester/node_modules/@wp-playground/cli/run-cli-j-geJYS3.js:149:10) {
      response: PHPResponse {
        httpStatusCode: 500,
        headers: {
          'x-powered-by': [ 'PHP/8.0.30-dev' ],
          'content-type': [ 'text/html; charset=UTF-8' ],
          expires: [ 'Wed, 11 Jan 1984 05:00:00 GMT' ],
          'cache-control': [ 'no-cache, must-revalidate, max-age=0, no-store, private' ]
        },
        bytes: Uint8Array(2653) [
           60,  33,  68,  79,  67,  84,  89,  80,  69,  32, 104, 116,
          109, 108,  62,  10,  60, 104, 116, 109, 108,  32, 108,  97,
          110, 103,  61,  34, 101, 110,  45,  85,  83,  34,  62,  10,
           60, 104, 101,  97, 100,  62,  10,   9,  60, 109, 101, 116,
           97,  32, 104, 116, 116, 112,  45, 101, 113, 117, 105, 118,
           61,  34,  67, 111, 110, 116, 101, 110, 116,  45,  84, 121,
          112, 101,  34,  32,  99, 111, 110, 116, 101, 110, 116,  61,
           34, 116, 101, 120, 116,  47, 104, 116, 109, 108,  59,  32,
           99, 104,  97, 114,
          ... 2553 more items
        ],
        exitCode: 255,
        errors: ''
      },
      source: 'request'
    }
  }
}

Node.js v23.11.0
