file:///home/runner/work/playground-tester/playground-tester/node_modules/@wp-playground/cli/index.js:237
        throw new Error(y, { cause: u });
              ^

Error: [22-May-2025 10:29:52 UTC] PHP Deprecated:  Required parameter $content follows optional parameter $closing in /wordpress/wp-content/plugins/opt-in-panda/bizpanda/includes/assets-manager.php on line 702
[22-May-2025 10:29:53 UTC] PHP Deprecated:  Required parameter $content follows optional parameter $closing in /wordpress/wp-content/plugins/opt-in-panda/bizpanda/includes/assets-manager.php on line 702
[22-May-2025 10:30:03 UTC] PHP Deprecated:  Required parameter $content follows optional parameter $closing in /wordpress/wp-content/plugins/opt-in-panda/bizpanda/includes/assets-manager.php on line 702
[22-May-2025 10:30:04 UTC] WordPress database error <div style="clear:both">&nbsp;</div>
<div class="queries" style="clear:both;margin-bottom:2px;border:red dotted thin;">
<p>MySQL query:</p>
<p>
            CREATE TABLE wp_opanda_leads_fields (
                lead_id int(10) UNSIGNED NOT NULL,
                field_name varchar(150) NOT NULL,
                field_value text NOT NULL,
                field_custom bit(1) NOT NULL DEFAULT b'0',
                KEY IDX_wp_opanda_leads_fields_field_name (field_name),
                UNIQUE KEY UK_wp_opanda_leads_fields (lead_id,field_name)
            )</p>
<p>Queries made or created this session were:</p>
<ol>
<li>Executing: BEGIN | (no parameters)</li>
<li>Executing: INSERT INTO _mysql_data_types_cache (`table`, `column_or_index`, `mysql_type`)
				VALUES (:table, :column, :datatype)
				ON CONFLICT(`table`, `column_or_index`) DO UPDATE SET `mysql_type` = :datatype
			 | parameters: wp_opanda_leads_fields, lead_id, int(10) UNSIGNED</li>
<li>Executing: INSERT INTO _mysql_data_types_cache (`table`, `column_or_index`, `mysql_type`)
				VALUES (:table, :column, :datatype)
				ON CONFLICT(`table`, `column_or_index`) DO UPDATE SET `mysql_type` = :datatype
			 | parameters: wp_opanda_leads_fields, field_name, varchar(150)</li>
<li>Executing: INSERT INTO _mysql_data_types_cache (`table`, `column_or_index`, `mysql_type`)
				VALUES (:table, :column, :datatype)
				ON CONFLICT(`table`, `column_or_index`) DO UPDATE SET `mysql_type` = :datatype
			 | parameters: wp_opanda_leads_fields, field_value, text</li>
<li>Executing: INSERT INTO _mysql_data_types_cache (`table`, `column_or_index`, `mysql_type`)
				VALUES (:table, :column, :datatype)
				ON CONFLICT(`table`, `column_or_index`) DO UPDATE SET `mysql_type` = :datatype
			 | parameters: wp_opanda_leads_fields, field_custom, bit(1)</li>
<li>Executing: 
            CREATE TABLE &quot;wp_opanda_leads_fields&quot; (
&quot;lead_id&quot; integer NOT NULL ON CONFLICT REPLACE DEFAULT 0,
&quot;field_name&quot; text NOT NULL ON CONFLICT REPLACE DEFAULT '' COLLATE NOCASE,
&quot;field_value&quot; text NOT NULL ON CONFLICT REPLACE DEFAULT '' COLLATE NOCASE,
&quot;field_custom&quot; integer NOT NULL ON CONFLICT REPLACE DEFAULT b'0') | (no parameters)</li>
<li>Executing: ROLLBACK | (no parameters)</li>
</ol>
</div>
<div style="clear:both;margin-bottom:2px;border:red dotted thin;" class="error_message" style="border-bottom:dotted blue thin;">
Error occurred at line 4117 in Function <code>handle_error</code>. Error message was: SQLSTATE[HY000]: General error: 1 near "'0'": syntax error.
</div>
<p>Backtrace:</p>
<pre>#0 /internal/shared/sqlite-database-integration/wp-includes/sqlite/class-wp-sqlite-db.php(287): WP_SQLite_Translator->get_error_message()
#1 /wordpress/wp-admin/includes/upgrade.php(3280): WP_SQLite_DB->query('\r\n            C...')
#2 /wordpress/wp-content/plugins/opt-in-panda/bizpanda/admin/activation.php(126): dbDelta(Array)
#3 /wordpress/wp-content/plugins/opt-in-panda/bizpanda/admin/activation.php(25): OPanda_Activation->createTables()
#4 /wordpress/wp-content/plugins/opt-in-panda/bizpanda/libs/factory/core/includes/plugin.class.php(344): OPanda_Activation->activate()
#5 /wordpress/wp-content/plugins/opt-in-panda/bizpanda/libs/factory/core/includes/plugin.class.php(296): Factory325_Plugin->activationHook()
#6 /wordpress/wp-content/plugins/opt-in-panda/bizpanda/libs/factory/core/includes/plugin.class.php(268): Factory325_Plugin->activationOrUpdateHook(true)
#7 /wordpress/wp-content/plugins/opt-in-panda/bizpanda/libs/factory/core/includes/plugin.class.php(277): Factory325_Plugin->forceActivationHook()
#8 /wordpress/wp-content/plugins/opt-in-panda/bizpanda/libs/factory/core/includes/plugin.class.php(254): Factory325_Plugin->forceActivationHook()
#9 /wordpress/wp-content/plugins/opt-in-panda/optinpanda.php(104): Factory325_Plugin->activate()
#10 /wordpress/wp-includes/class-wp-hook.php(324): onp_op_activation(false)
#11 /wordpress/wp-includes/class-wp-hook.php(348): WP_Hook->apply_filters('', Array)
#12 /wordpress/wp-includes/plugin.php(517): WP_Hook->do_action(Array)
#13 /wordpress/wp-admin/includes/plugin.php(703): do_action('activate_opt-in...', false)
#14 /internal/eval.php(20): activate_plugin('opt-in-panda/op...')
#15 {main}</pre>
 for query 
            CREATE TABLE wp_opanda_leads_fields (
                lead_id int(10) UNSIGNED NOT NULL,
                field_name varchar(150) NOT NULL,
                field_value text NOT NULL,
                field_custom bit(1) NOT NULL DEFAULT b'0',
                KEY IDX_wp_opanda_leads_fields_field_name (field_name),
                UNIQUE KEY UK_wp_opanda_leads_fields (lead_id,field_name)
            ) made by activate_plugin, do_action('activate_opt-in-panda/optinpanda.php'), WP_Hook->do_action, WP_Hook->apply_filters, onp_op_activation, Factory325_Plugin->activate, Factory325_Plugin->forceActivationHook, Factory325_Plugin->forceActivationHook, Factory325_Plugin->activationOrUpdateHook, Factory325_Plugin->activationHook, OPanda_Activation->activate, OPanda_Activation->createTables, dbDelta, WP_SQLite_DB->query, WP_SQLite_DB->print_error
[22-May-2025 10:30:06 UTC] PHP Deprecated:  Required parameter $content follows optional parameter $closing in /wordpress/wp-content/plugins/opt-in-panda/bizpanda/includes/assets-manager.php on line 702
[22-May-2025 10:30:15 UTC] PHP Deprecated:  Required parameter $content follows optional parameter $closing in /wordpress/wp-content/plugins/opt-in-panda/bizpanda/includes/assets-manager.php on line 702
[22-May-2025 10:30:16 UTC] WordPress database error <div style="clear:both">&nbsp;</div>
<div class="queries" style="clear:both;margin-bottom:2px;border:red dotted thin;">
<p>MySQL query:</p>
<p>
            CREATE TABLE wp_opanda_leads_fields (
                lead_id int(10) UNSIGNED NOT NULL,
                field_name varchar(150) NOT NULL,
                field_value text NOT NULL,
                field_custom bit(1) NOT NULL DEFAULT b'0',
                KEY IDX_wp_opanda_leads_fields_field_name (field_name),
                UNIQUE KEY UK_wp_opanda_leads_fields (lead_id,field_name)
            )</p>
<p>Queries made or created this session were:</p>
<ol>
<li>Executing: BEGIN | (no parameters)</li>
<li>Executing: INSERT INTO _mysql_data_types_cache (`table`, `column_or_index`, `mysql_type`)
				VALUES (:table, :column, :datatype)
				ON CONFLICT(`table`, `column_or_index`) DO UPDATE SET `mysql_type` = :datatype
			 | parameters: wp_opanda_leads_fields, lead_id, int(10) UNSIGNED</li>
<li>Executing: INSERT INTO _mysql_data_types_cache (`table`, `column_or_index`, `mysql_type`)
				VALUES (:table, :column, :datatype)
				ON CONFLICT(`table`, `column_or_index`) DO UPDATE SET `mysql_type` = :datatype
			 | parameters: wp_opanda_leads_fields, field_name, varchar(150)</li>
<li>Executing: INSERT INTO _mysql_data_types_cache (`table`, `column_or_index`, `mysql_type`)
				VALUES (:table, :column, :datatype)
				ON CONFLICT(`table`, `column_or_index`) DO UPDATE SET `mysql_type` = :datatype
			 | parameters: wp_opanda_leads_fields, field_value, text</li>
<li>Executing: INSERT INTO _mysql_data_types_cache (`table`, `column_or_index`, `mysql_type`)
				VALUES (:table, :column, :datatype)
				ON CONFLICT(`table`, `column_or_index`) DO UPDATE SET `mysql_type` = :datatype
			 | parameters: wp_opanda_leads_fields, field_custom, bit(1)</li>
<li>Executing: 
            CREATE TABLE &quot;wp_opanda_leads_fields&quot; (
&quot;lead_id&quot; integer NOT NULL ON CONFLICT REPLACE DEFAULT 0,
&quot;field_name&quot; text NOT NULL ON CONFLICT REPLACE DEFAULT '' COLLATE NOCASE,
&quot;field_value&quot; text NOT NULL ON CONFLICT REPLACE DEFAULT '' COLLATE NOCASE,
&quot;field_custom&quot; integer NOT NULL ON CONFLICT REPLACE DEFAULT b'0') | (no parameters)</li>
<li>Executing: ROLLBACK | (no parameters)</li>
</ol>
</div>
<div style="clear:both;margin-bottom:2px;border:red dotted thin;" class="error_message" style="border-bottom:dotted blue thin;">
Error occurred at line 4117 in Function <code>handle_error</code>. Error message was: SQLSTATE[HY000]: General error: 1 near "'0'": syntax error.
</div>
<p>Backtrace:</p>
<pre>#0 /internal/shared/sqlite-database-integration/wp-includes/sqlite/class-wp-sqlite-db.php(287): WP_SQLite_Translator->get_error_message()
#1 /wordpress/wp-admin/includes/upgrade.php(3280): WP_SQLite_DB->query('\r\n            C...')
#2 /wordpress/wp-content/plugins/opt-in-panda/bizpanda/admin/activation.php(126): dbDelta(Array)
#3 /wordpress/wp-content/plugins/opt-in-panda/bizpanda/admin/activation.php(25): OPanda_Activation->createTables()
#4 /wordpress/wp-content/plugins/opt-in-panda/bizpanda/libs/factory/core/includes/plugin.class.php(344): OPanda_Activation->activate()
#5 /wordpress/wp-content/plugins/opt-in-panda/bizpanda/libs/factory/core/includes/plugin.class.php(296): Factory325_Plugin->activationHook()
#6 /wordpress/wp-content/plugins/opt-in-panda/bizpanda/libs/factory/core/includes/plugin.class.php(268): Factory325_Plugin->activationOrUpdateHook(true)
#7 /wordpress/wp-content/plugins/opt-in-panda/bizpanda/libs/factory/core/includes/plugin.class.php(277): Factory325_Plugin->forceActivationHook()
#8 /wordpress/wp-content/plugins/opt-in-panda/bizpanda/libs/factory/core/includes/plugin.class.php(254): Factory325_Plugin->forceActivationHook()
#9 /wordpress/wp-content/plugins/opt-in-panda/optinpanda.php(104): Factory325_Plugin->activate()
#10 /wordpress/wp-includes/class-wp-hook.php(324): onp_op_activation(false)
#11 /wordpress/wp-includes/class-wp-hook.php(348): WP_Hook->apply_filters('', Array)
#12 /wordpress/wp-includes/plugin.php(517): WP_Hook->do_action(Array)
#13 /wordpress/wp-admin/includes/plugin.php(703): do_action('activate_opt-in...', false)
#14 /internal/eval.php(20): activate_plugin('opt-in-panda/op...')
#15 {main}</pre>
 for query 
            CREATE TABLE wp_opanda_leads_fields (
                lead_id int(10) UNSIGNED NOT NULL,
                field_name varchar(150) NOT NULL,
                field_value text NOT NULL,
                field_custom bit(1) NOT NULL DEFAULT b'0',
                KEY IDX_wp_opanda_leads_fields_field_name (field_name),
                UNIQUE KEY UK_wp_opanda_leads_fields (lead_id,field_name)
            ) made by activate_plugin, do_action('activate_opt-in-panda/optinpanda.php'), WP_Hook->do_action, WP_Hook->apply_filters, onp_op_activation, Factory325_Plugin->activate, Factory325_Plugin->forceActivationHook, Factory325_Plugin->forceActivationHook, Factory325_Plugin->activationOrUpdateHook, Factory325_Plugin->activationHook, OPanda_Activation->activate, OPanda_Activation->createTables, dbDelta, WP_SQLite_DB->query, WP_SQLite_DB->print_error
[22-May-2025 10:30:18 UTC] PHP Deprecated:  Required parameter $content follows optional parameter $closing in /wordpress/wp-content/plugins/opt-in-panda/bizpanda/includes/assets-manager.php on line 702
[22-May-2025 10:31:13 UTC] PHP Fatal error:  Uncaught ArgumentCountError: Too few arguments to function WP_Widget::__construct(), 0 passed in /wordpress/wp-includes/class-wp-widget-factory.php on line 62 and at least 2 expected in /wordpress/wp-includes/class-wp-widget.php:163
Stack trace:
#0 /wordpress/wp-includes/class-wp-widget-factory.php(62): WP_Widget->__construct()
#1 /wordpress/wp-includes/widgets.php(123): WP_Widget_Factory->register('Optimized_Dropd...')
#2 /wordpress/wp-content/plugins/optimized-dropdown-menus/optimized-dm.php(149): register_widget('Optimized_Dropd...')
#3 /wordpress/wp-includes/class-wp-hook.php(324): Optimized_Dropdown_Menu->load_widget('')
#4 /wordpress/wp-includes/class-wp-hook.php(348): WP_Hook->apply_filters(NULL, Array)
#5 /wordpress/wp-includes/plugin.php(517): WP_Hook->do_action(Array)
#6 /wordpress/wp-includes/widgets.php(1870): do_action('widgets_init')
#7 /wordpress/wp-includes/class-wp-hook.php(324): wp_widgets_init('')
#8 /wordpress/wp-includes/class-wp-hook.php(348): WP_Hook->apply_filters(NULL, Array)
#9 /wordpress/wp-includes/plugin.php(517): WP_Hook->do_action(Array)
#10 /wordpress/wp-settings.php(727): do_action('init')
#11 /wordpress/wp-config.php(102): require_once('/wordpress/wp-s...')
#12 /wordpress/wp-load.php(50): require_once('/wordpress/wp-c...')
#13 /internal/eval.php(3): require_once('/wordpress/wp-l...')
#14 {main}
  thrown in /wordpress/wp-includes/class-wp-widget.php on line 163
[22-May-2025 10:31:21 UTC] PHP Fatal error:  Uncaught ArgumentCountError: Too few arguments to function WP_Widget::__construct(), 0 passed in /wordpress/wp-includes/class-wp-widget-factory.php on line 62 and at least 2 expected in /wordpress/wp-includes/class-wp-widget.php:163
Stack trace:
#0 /wordpress/wp-includes/class-wp-widget-factory.php(62): WP_Widget->__construct()
#1 /wordpress/wp-includes/widgets.php(123): WP_Widget_Factory->register('Optimized_Dropd...')
#2 /wordpress/wp-content/plugins/optimized-dropdown-menus/optimized-dm.php(149): register_widget('Optimized_Dropd...')
#3 /wordpress/wp-includes/class-wp-hook.php(324): Optimized_Dropdown_Menu->load_widget('')
#4 /wordpress/wp-includes/class-wp-hook.php(348): WP_Hook->apply_filters(NULL, Array)
#5 /wordpress/wp-includes/plugin.php(517): WP_Hook->do_action(Array)
#6 /wordpress/wp-includes/widgets.php(1870): do_action('widgets_init')
#7 /wordpress/wp-includes/class-wp-hook.php(324): wp_widgets_init('')
#8 /wordpress/wp-includes/class-wp-hook.php(348): WP_Hook->apply_filters(NULL, Array)
#9 /wordpress/wp-includes/plugin.php(517): WP_Hook->do_action(Array)
#10 /wordpress/wp-settings.php(727): do_action('init')
#11 /wordpress/wp-config.php(102): require_once('/wordpress/wp-s...')
#12 /wordpress/wp-load.php(50): require_once('/wordpress/wp-c...')
#13 /internal/eval.php(3): require_once('/wordpress/wp-l...')
#14 {main}
  thrown in /wordpress/wp-includes/class-wp-widget.php on line 163
[22-May-2025 10:31:30 UTC] PHP Fatal error:  Uncaught ArgumentCountError: Too few arguments to function WP_Widget::__construct(), 0 passed in /wordpress/wp-includes/class-wp-widget-factory.php on line 62 and at least 2 expected in /wordpress/wp-includes/class-wp-widget.php:163
Stack trace:
#0 /wordpress/wp-includes/class-wp-widget-factory.php(62): WP_Widget->__construct()
#1 /wordpress/wp-includes/widgets.php(123): WP_Widget_Factory->register('Optimized_Dropd...')
#2 /wordpress/wp-content/plugins/optimized-dropdown-menus/optimized-dm.php(149): register_widget('Optimized_Dropd...')
#3 /wordpress/wp-includes/class-wp-hook.php(324): Optimized_Dropdown_Menu->load_widget('')
#4 /wordpress/wp-includes/class-wp-hook.php(348): WP_Hook->apply_filters(NULL, Array)
#5 /wordpress/wp-includes/plugin.php(517): WP_Hook->do_action(Array)
#6 /wordpress/wp-includes/widgets.php(1870): do_action('widgets_init')
#7 /wordpress/wp-includes/class-wp-hook.php(324): wp_widgets_init('')
#8 /wordpress/wp-includes/class-wp-hook.php(348): WP_Hook->apply_filters(NULL, Array)
#9 /wordpress/wp-includes/plugin.php(517): WP_Hook->do_action(Array)
#10 /wordpress/wp-settings.php(727): do_action('init')
#11 /wordpress/wp-config.php(102): require_once('/wordpress/wp-s...')
#12 /wordpress/wp-load.php(50): require_once('/wordpress/wp-c...')
#13 /internal/eval.php(3): require_once('/wordpress/wp-l...')
#14 {main}
  thrown in /wordpress/wp-includes/class-wp-widget.php on line 163
[22-May-2025 10:32:59 UTC] PHP Deprecated:  Function get_settings is <strong>deprecated</strong> since version 2.1.0! Use get_option() instead. in /wordpress/wp-includes/functions.php on line 6121
[22-May-2025 10:33:00 UTC] PHP Deprecated:  Function get_settings is <strong>deprecated</strong> since version 2.1.0! Use get_option() instead. in /wordpress/wp-includes/functions.php on line 6121
[22-May-2025 10:33:00 UTC] PHP Deprecated:  Function register_sidebar_widget is <strong>deprecated</strong> since version 2.8.0! Use wp_register_sidebar_widget() instead. in /wordpress/wp-includes/functions.php on line 6121
[22-May-2025 10:33:00 UTC] PHP Deprecated:  Function register_widget_control is <strong>deprecated</strong> since version 2.8.0! Use wp_register_widget_control() instead. in /wordpress/wp-includes/functions.php on line 6121
[22-May-2025 10:33:09 UTC] PHP Deprecated:  Function get_settings is <strong>deprecated</strong> since version 2.1.0! Use get_option() instead. in /wordpress/wp-includes/functions.php on line 6121
[22-May-2025 10:33:10 UTC] PHP Deprecated:  Function get_settings is <strong>deprecated</strong> since version 2.1.0! Use get_option() instead. in /wordpress/wp-includes/functions.php on line 6121
[22-May-2025 10:33:10 UTC] PHP Deprecated:  Function register_sidebar_widget is <strong>deprecated</strong> since version 2.8.0! Use wp_register_sidebar_widget() instead. in /wordpress/wp-includes/functions.php on line 6121
[22-May-2025 10:33:10 UTC] PHP Deprecated:  Function register_widget_control is <strong>deprecated</strong> since version 2.8.0! Use wp_register_widget_control() instead. in /wordpress/wp-includes/functions.php on line 6121
[22-May-2025 10:33:20 UTC] PHP Deprecated:  Function get_settings is <strong>deprecated</strong> since version 2.1.0! Use get_option() instead. in /wordpress/wp-includes/functions.php on line 6121
[22-May-2025 10:33:21 UTC] PHP Deprecated:  Function get_settings is <strong>deprecated</strong> since version 2.1.0! Use get_option() instead. in /wordpress/wp-includes/functions.php on line 6121
[22-May-2025 10:33:21 UTC] PHP Deprecated:  Function register_sidebar_widget is <strong>deprecated</strong> since version 2.8.0! Use wp_register_sidebar_widget() instead. in /wordpress/wp-includes/functions.php on line 6121
[22-May-2025 10:33:21 UTC] PHP Deprecated:  Function register_widget_control is <strong>deprecated</strong> since version 2.8.0! Use wp_register_widget_control() instead. in /wordpress/wp-includes/functions.php on line 6121
[22-May-2025 10:33:30 UTC] PHP Warning:  Undefined array key "SERVER_ADDR" in /wordpress/wp-content/plugins/online-skateboard-store-instant-affiliate/ccpa.php on line 76
[22-May-2025 10:33:30 UTC] PHP Fatal error:  Uncaught Error: Undefined constant "WPLANG" in /wordpress/wp-content/plugins/online-skateboard-store-instant-affiliate/ccpa.php:89
Stack trace:
#0 /wordpress/wp-includes/class-wp-hook.php(324): ccpa_activate(false)
#1 /wordpress/wp-includes/class-wp-hook.php(348): WP_Hook->apply_filters('', Array)
#2 /wordpress/wp-includes/plugin.php(517): WP_Hook->do_action(Array)
#3 /wordpress/wp-admin/includes/plugin.php(703): do_action('activate_online...', false)
#4 /internal/eval.php(20): activate_plugin('online-skateboa...')
#5 {main}
  thrown in /wordpress/wp-content/plugins/online-skateboard-store-instant-affiliate/ccpa.php on line 89

    at Object.onBind (file:///home/runner/work/playground-tester/playground-tester/node_modules/@wp-playground/cli/index.js:237:15)
    at process.processTicksAndRejections (node:internal/process/task_queues:105:5)
    at async V (file:///home/runner/work/playground-tester/playground-tester/node_modules/@wp-playground/cli/index.js:64:10)
    at async ja (file:///home/runner/work/playground-tester/playground-tester/node_modules/@wp-playground/cli/cli.js:8161:12) {
  [cause]: Error: Error when executing the blueprint step #5 ({"step":"installPlugin","pluginData":{"resource":"wordpress.org/plugins","slug":"online-skateboard-store-instant-affiliate"},"options":{"activate":true}}) : PHP.run() failed with exit code 255 and the following output: 
      at Object.run (file:///home/runner/work/playground-tester/playground-tester/node_modules/@wp-playground/blueprints/index.js:12449:19)
      at process.processTicksAndRejections (node:internal/process/task_queues:105:5)
      at async ms (file:///home/runner/work/playground-tester/playground-tester/node_modules/@wp-playground/blueprints/index.js:12552:3)
      ... 2 lines matching cause stack trace ...
      at async ja (file:///home/runner/work/playground-tester/playground-tester/node_modules/@wp-playground/cli/cli.js:8161:12) {
    [cause]: PHPExecutionFailureError: PHP.run() failed with exit code 255 and the following output: 
        at PHP.run (file:///home/runner/work/playground-tester/playground-tester/node_modules/@php-wasm/universal/index.js:987:19)
        at process.processTicksAndRejections (node:internal/process/task_queues:105:5)
        at async wr (file:///home/runner/work/playground-tester/playground-tester/node_modules/@wp-playground/blueprints/index.js:33:39)
        at async Object.gt [as installPlugin] (file:///home/runner/work/playground-tester/playground-tester/node_modules/@wp-playground/blueprints/index.js:974:42)
        at async g (file:///home/runner/work/playground-tester/playground-tester/node_modules/@wp-playground/blueprints/index.js:12517:30)
        at async Object.run (file:///home/runner/work/playground-tester/playground-tester/node_modules/@wp-playground/blueprints/index.js:12446:23)
        at async ms (file:///home/runner/work/playground-tester/playground-tester/node_modules/@wp-playground/blueprints/index.js:12552:3)
        at async Object.onBind (file:///home/runner/work/playground-tester/playground-tester/node_modules/@wp-playground/cli/index.js:227:48)
        at async V (file:///home/runner/work/playground-tester/playground-tester/node_modules/@wp-playground/cli/index.js:64:10)
        at async ja (file:///home/runner/work/playground-tester/playground-tester/node_modules/@wp-playground/cli/cli.js:8161:12) {
      response: PHPResponse {
        httpStatusCode: 500,
        headers: {
          'x-powered-by': [ 'PHP/8.0.30-dev' ],
          'content-type': [ 'text/html; charset=UTF-8' ]
        },
        bytes: Uint8Array(0) [],
        exitCode: 255,
        errors: ''
      },
      source: 'request'
    }
  }
}

Node.js v23.11.0
