file:///home/runner/work/playground-tester/playground-tester/node_modules/@wp-playground/cli/index.js:237
        throw new Error(y, { cause: u });
              ^

Error: [24-May-2025 03:13:11 UTC] PHP Fatal error:  Uncaught Error: Call to undefined function create_function() in /wordpress/wp-content/plugins/juiz-user-custom/juiz-user-custom-meta.php:131
Stack trace:
#0 /wordpress/wp-admin/includes/plugin.php(2387): include_once()
#1 /wordpress/wp-admin/includes/plugin.php(673): plugin_sandbox_scrape('juiz-user-custo...')
#2 /internal/eval.php(20): activate_plugin('juiz-user-custo...')
#3 {main}
  thrown in /wordpress/wp-content/plugins/juiz-user-custom/juiz-user-custom-meta.php on line 131
[24-May-2025 03:13:19 UTC] PHP Fatal error:  Uncaught Error: Call to undefined function create_function() in /wordpress/wp-content/plugins/juiz-user-custom/juiz-user-custom-meta.php:131
Stack trace:
#0 /wordpress/wp-admin/includes/plugin.php(2387): include_once()
#1 /wordpress/wp-admin/includes/plugin.php(673): plugin_sandbox_scrape('juiz-user-custo...')
#2 /internal/eval.php(20): activate_plugin('juiz-user-custo...')
#3 {main}
  thrown in /wordpress/wp-content/plugins/juiz-user-custom/juiz-user-custom-meta.php on line 131
[24-May-2025 03:13:27 UTC] PHP Fatal error:  Uncaught Error: Call to undefined function create_function() in /wordpress/wp-content/plugins/juiz-user-custom/juiz-user-custom-meta.php:131
Stack trace:
#0 /wordpress/wp-admin/includes/plugin.php(2387): include_once()
#1 /wordpress/wp-admin/includes/plugin.php(673): plugin_sandbox_scrape('juiz-user-custo...')
#2 /internal/eval.php(20): activate_plugin('juiz-user-custo...')
#3 {main}
  thrown in /wordpress/wp-content/plugins/juiz-user-custom/juiz-user-custom-meta.php on line 131
[24-May-2025 03:13:35 UTC] PHP Warning:  require_once(/wordpress/wp-content/plugins/wordpress-flickr-manager/FlickrManager.php): Failed to open stream: No such file or directory in /wordpress/wp-content/plugins/jump-around-importer/JumpAroundImporter.php on line 30
[24-May-2025 03:13:35 UTC] PHP Fatal error:  Uncaught Error: Failed opening required '/wordpress/wp-content/plugins/wordpress-flickr-manager/FlickrManager.php' (include_path='.:') in /wordpress/wp-content/plugins/jump-around-importer/JumpAroundImporter.php:30
Stack trace:
#0 /wordpress/wp-admin/includes/plugin.php(2387): include_once()
#1 /wordpress/wp-admin/includes/plugin.php(673): plugin_sandbox_scrape('jump-around-imp...')
#2 /internal/eval.php(20): activate_plugin('jump-around-imp...')
#3 {main}
  thrown in /wordpress/wp-content/plugins/jump-around-importer/JumpAroundImporter.php on line 30
[24-May-2025 03:13:42 UTC] PHP Warning:  require_once(/wordpress/wp-content/plugins/wordpress-flickr-manager/FlickrManager.php): Failed to open stream: No such file or directory in /wordpress/wp-content/plugins/jump-around-importer/JumpAroundImporter.php on line 30
[24-May-2025 03:13:42 UTC] PHP Fatal error:  Uncaught Error: Failed opening required '/wordpress/wp-content/plugins/wordpress-flickr-manager/FlickrManager.php' (include_path='.:') in /wordpress/wp-content/plugins/jump-around-importer/JumpAroundImporter.php:30
Stack trace:
#0 /wordpress/wp-admin/includes/plugin.php(2387): include_once()
#1 /wordpress/wp-admin/includes/plugin.php(673): plugin_sandbox_scrape('jump-around-imp...')
#2 /internal/eval.php(20): activate_plugin('jump-around-imp...')
#3 {main}
  thrown in /wordpress/wp-content/plugins/jump-around-importer/JumpAroundImporter.php on line 30
[24-May-2025 03:13:50 UTC] PHP Warning:  require_once(/wordpress/wp-content/plugins/wordpress-flickr-manager/FlickrManager.php): Failed to open stream: No such file or directory in /wordpress/wp-content/plugins/jump-around-importer/JumpAroundImporter.php on line 30
[24-May-2025 03:13:50 UTC] PHP Fatal error:  Uncaught Error: Failed opening required '/wordpress/wp-content/plugins/wordpress-flickr-manager/FlickrManager.php' (include_path='.:') in /wordpress/wp-content/plugins/jump-around-importer/JumpAroundImporter.php:30
Stack trace:
#0 /wordpress/wp-admin/includes/plugin.php(2387): include_once()
#1 /wordpress/wp-admin/includes/plugin.php(673): plugin_sandbox_scrape('jump-around-imp...')
#2 /internal/eval.php(20): activate_plugin('jump-around-imp...')
#3 {main}
  thrown in /wordpress/wp-content/plugins/jump-around-importer/JumpAroundImporter.php on line 30
[24-May-2025 03:16:59 UTC] PHP Deprecated:  Function register_sidebar_widget is <strong>deprecated</strong> since version 2.8.0! Use wp_register_sidebar_widget() instead. in /wordpress/wp-includes/functions.php on line 6121
[24-May-2025 03:16:59 UTC] PHP Deprecated:  Function register_widget_control is <strong>deprecated</strong> since version 2.8.0! Use wp_register_widget_control() instead. in /wordpress/wp-includes/functions.php on line 6121
[24-May-2025 03:17:07 UTC] PHP Deprecated:  Function register_sidebar_widget is <strong>deprecated</strong> since version 2.8.0! Use wp_register_sidebar_widget() instead. in /wordpress/wp-includes/functions.php on line 6121
[24-May-2025 03:17:07 UTC] PHP Deprecated:  Function register_widget_control is <strong>deprecated</strong> since version 2.8.0! Use wp_register_widget_control() instead. in /wordpress/wp-includes/functions.php on line 6121
[24-May-2025 03:17:14 UTC] PHP Deprecated:  Function register_sidebar_widget is <strong>deprecated</strong> since version 2.8.0! Use wp_register_sidebar_widget() instead. in /wordpress/wp-includes/functions.php on line 6121
[24-May-2025 03:17:14 UTC] PHP Deprecated:  Function register_widget_control is <strong>deprecated</strong> since version 2.8.0! Use wp_register_widget_control() instead. in /wordpress/wp-includes/functions.php on line 6121
[24-May-2025 03:21:43 UTC] PHP Warning:  file_get_contents(/wordpress/wp-content/plugins/js_composer/include/classes/shortcodes/core/class-wpbakeryshortcode.php): failed to open stream: No such file or directory in /wordpress/wp-content/plugins/jvh-css-classes/inc/class-missing-class-fixer.php on line 34
[24-May-2025 03:21:43 UTC] PHP Warning:  file(/wordpress/wp-content/plugins/js_composer/include/classes/shortcodes/core/class-wpbakeryshortcode.php): failed to open stream: No such file or directory in /wordpress/wp-content/plugins/jvh-css-classes/inc/class-missing-class-fixer.php on line 55
[24-May-2025 03:21:43 UTC] PHP Warning:  Invalid argument supplied for foreach() in /wordpress/wp-content/plugins/jvh-css-classes/inc/class-missing-class-fixer.php on line 41
[24-May-2025 03:21:43 UTC] PHP Warning:  implode(): Invalid arguments passed in /wordpress/wp-content/plugins/jvh-css-classes/inc/class-missing-class-fixer.php on line 50
[24-May-2025 03:21:43 UTC] PHP Warning:  file_put_contents(/wordpress/wp-content/plugins/js_composer/include/classes/shortcodes/core/class-wpbakeryshortcode.php): failed to open stream: No such file or directory in /wordpress/wp-content/plugins/jvh-css-classes/inc/class-missing-class-fixer.php on line 29
[24-May-2025 03:21:43 UTC] PHP Fatal error:  Uncaught Error: Call to undefined function JVH\CSS\vc_add_shortcode_param() in /wordpress/wp-content/plugins/jvh-css-classes/inc/class-plugin.php:178
Stack trace:
#0 /wordpress/wp-content/plugins/jvh-css-classes/inc/class-plugin.php(16): JVH\CSS\Plugin->add_dropdown_multi_field()
#1 /wordpress/wp-content/plugins/jvh-css-classes/jvh-css-classes.php(23): JVH\CSS\Plugin->setup()
#2 /wordpress/wp-admin/includes/plugin.php(2387): include_once('/wordpress/wp-c...')
#3 /wordpress/wp-admin/includes/plugin.php(673): plugin_sandbox_scrape(Object(JVH\CSS\Plugin))
#4 /internal/eval.php(20): activate_plugin('jvh-css-classes...')
#5 {main}
  thrown in /wordpress/wp-content/plugins/jvh-css-classes/inc/class-plugin.php on line 178
[24-May-2025 03:21:50 UTC] PHP Warning:  file_get_contents(/wordpress/wp-content/plugins/js_composer/include/classes/shortcodes/core/class-wpbakeryshortcode.php): failed to open stream: No such file or directory in /wordpress/wp-content/plugins/jvh-css-classes/inc/class-missing-class-fixer.php on line 34
[24-May-2025 03:21:50 UTC] PHP Warning:  file(/wordpress/wp-content/plugins/js_composer/include/classes/shortcodes/core/class-wpbakeryshortcode.php): failed to open stream: No such file or directory in /wordpress/wp-content/plugins/jvh-css-classes/inc/class-missing-class-fixer.php on line 55
[24-May-2025 03:21:50 UTC] PHP Warning:  Invalid argument supplied for foreach() in /wordpress/wp-content/plugins/jvh-css-classes/inc/class-missing-class-fixer.php on line 41
[24-May-2025 03:21:50 UTC] PHP Warning:  implode(): Invalid arguments passed in /wordpress/wp-content/plugins/jvh-css-classes/inc/class-missing-class-fixer.php on line 50
[24-May-2025 03:21:50 UTC] PHP Warning:  file_put_contents(/wordpress/wp-content/plugins/js_composer/include/classes/shortcodes/core/class-wpbakeryshortcode.php): failed to open stream: No such file or directory in /wordpress/wp-content/plugins/jvh-css-classes/inc/class-missing-class-fixer.php on line 29
[24-May-2025 03:21:50 UTC] PHP Fatal error:  Uncaught Error: Call to undefined function JVH\CSS\vc_add_shortcode_param() in /wordpress/wp-content/plugins/jvh-css-classes/inc/class-plugin.php:178
Stack trace:
#0 /wordpress/wp-content/plugins/jvh-css-classes/inc/class-plugin.php(16): JVH\CSS\Plugin->add_dropdown_multi_field()
#1 /wordpress/wp-content/plugins/jvh-css-classes/jvh-css-classes.php(23): JVH\CSS\Plugin->setup()
#2 /wordpress/wp-admin/includes/plugin.php(2387): include_once('/wordpress/wp-c...')
#3 /wordpress/wp-admin/includes/plugin.php(673): plugin_sandbox_scrape(Object(JVH\CSS\Plugin))
#4 /internal/eval.php(20): activate_plugin('jvh-css-classes...')
#5 {main}
  thrown in /wordpress/wp-content/plugins/jvh-css-classes/inc/class-plugin.php on line 178
[24-May-2025 03:21:59 UTC] PHP Warning:  file_get_contents(/wordpress/wp-content/plugins/js_composer/include/classes/shortcodes/core/class-wpbakeryshortcode.php): failed to open stream: No such file or directory in /wordpress/wp-content/plugins/jvh-css-classes/inc/class-missing-class-fixer.php on line 34
[24-May-2025 03:21:59 UTC] PHP Warning:  file(/wordpress/wp-content/plugins/js_composer/include/classes/shortcodes/core/class-wpbakeryshortcode.php): failed to open stream: No such file or directory in /wordpress/wp-content/plugins/jvh-css-classes/inc/class-missing-class-fixer.php on line 55
[24-May-2025 03:21:59 UTC] PHP Warning:  Invalid argument supplied for foreach() in /wordpress/wp-content/plugins/jvh-css-classes/inc/class-missing-class-fixer.php on line 41
[24-May-2025 03:21:59 UTC] PHP Warning:  implode(): Invalid arguments passed in /wordpress/wp-content/plugins/jvh-css-classes/inc/class-missing-class-fixer.php on line 50
[24-May-2025 03:21:59 UTC] PHP Warning:  file_put_contents(/wordpress/wp-content/plugins/js_composer/include/classes/shortcodes/core/class-wpbakeryshortcode.php): failed to open stream: No such file or directory in /wordpress/wp-content/plugins/jvh-css-classes/inc/class-missing-class-fixer.php on line 29
[24-May-2025 03:21:59 UTC] PHP Fatal error:  Uncaught Error: Call to undefined function JVH\CSS\vc_add_shortcode_param() in /wordpress/wp-content/plugins/jvh-css-classes/inc/class-plugin.php:178
Stack trace:
#0 /wordpress/wp-content/plugins/jvh-css-classes/inc/class-plugin.php(16): JVH\CSS\Plugin->add_dropdown_multi_field()
#1 /wordpress/wp-content/plugins/jvh-css-classes/jvh-css-classes.php(23): JVH\CSS\Plugin->setup()
#2 /wordpress/wp-admin/includes/plugin.php(2387): include_once('/wordpress/wp-c...')
#3 /wordpress/wp-admin/includes/plugin.php(673): plugin_sandbox_scrape(Object(JVH\CSS\Plugin))
#4 /internal/eval.php(20): activate_plugin('jvh-css-classes...')
#5 {main}
  thrown in /wordpress/wp-content/plugins/jvh-css-classes/inc/class-plugin.php on line 178
[24-May-2025 03:23:02 UTC] PHP Deprecated:  Required parameter $post_id follows optional parameter $filter in /wordpress/wp-content/plugins/jw-player-snapshot-tool/jw-player-snapshot-tool.php on line 107
[24-May-2025 03:23:03 UTC] PHP Deprecated:  Required parameter $post_id follows optional parameter $filter in /wordpress/wp-content/plugins/jw-player-snapshot-tool/jw-player-snapshot-tool.php on line 107
[24-May-2025 03:23:10 UTC] PHP Deprecated:  Required parameter $post_id follows optional parameter $filter in /wordpress/wp-content/plugins/jw-player-snapshot-tool/jw-player-snapshot-tool.php on line 107
[24-May-2025 03:23:11 UTC] PHP Deprecated:  Required parameter $post_id follows optional parameter $filter in /wordpress/wp-content/plugins/jw-player-snapshot-tool/jw-player-snapshot-tool.php on line 107
[24-May-2025 03:23:19 UTC] PHP Deprecated:  Required parameter $post_id follows optional parameter $filter in /wordpress/wp-content/plugins/jw-player-snapshot-tool/jw-player-snapshot-tool.php on line 107
[24-May-2025 03:23:20 UTC] PHP Deprecated:  Required parameter $post_id follows optional parameter $filter in /wordpress/wp-content/plugins/jw-player-snapshot-tool/jw-player-snapshot-tool.php on line 107

    at Object.onBind (file:///home/runner/work/playground-tester/playground-tester/node_modules/@wp-playground/cli/index.js:237:15)
    at process.processTicksAndRejections (node:internal/process/task_queues:105:5)
    at async V (file:///home/runner/work/playground-tester/playground-tester/node_modules/@wp-playground/cli/index.js:64:10)
    at async ja (file:///home/runner/work/playground-tester/playground-tester/node_modules/@wp-playground/cli/cli.js:8161:12) {
  [cause]: Error: Error when executing the blueprint step #1 ({"step":"installPlugin","pluginData":{"resource":"wordpress.org/plugins","slug":"jwp-a11y"},"options":{"activate":true}}) : Plugin /wordpress/wp-content/plugins/jwp-a11y could not be activated – WordPress exited with no error. Sometimes, when $_SERVER or site options are not configured correctly, WordPress exits early with a 301 redirect. Inspect the "debug" logs in the console for more details.
      at Object.run (file:///home/runner/work/playground-tester/playground-tester/node_modules/@wp-playground/blueprints/index.js:12449:19)
      at process.processTicksAndRejections (node:internal/process/task_queues:105:5)
      at async ms (file:///home/runner/work/playground-tester/playground-tester/node_modules/@wp-playground/blueprints/index.js:12552:3)
      ... 2 lines matching cause stack trace ...
      at async ja (file:///home/runner/work/playground-tester/playground-tester/node_modules/@wp-playground/cli/cli.js:8161:12) {
    [cause]: Error: Plugin /wordpress/wp-content/plugins/jwp-a11y could not be activated – WordPress exited with no error. Sometimes, when $_SERVER or site options are not configured correctly, WordPress exits early with a 301 redirect. Inspect the "debug" logs in the console for more details.
        at wr (file:///home/runner/work/playground-tester/playground-tester/node_modules/@wp-playground/blueprints/index.js:119:51)
        at process.processTicksAndRejections (node:internal/process/task_queues:105:5)
        at async Object.gt [as installPlugin] (file:///home/runner/work/playground-tester/playground-tester/node_modules/@wp-playground/blueprints/index.js:974:42)
        at async g (file:///home/runner/work/playground-tester/playground-tester/node_modules/@wp-playground/blueprints/index.js:12517:30)
        at async Object.run (file:///home/runner/work/playground-tester/playground-tester/node_modules/@wp-playground/blueprints/index.js:12446:23)
        at async ms (file:///home/runner/work/playground-tester/playground-tester/node_modules/@wp-playground/blueprints/index.js:12552:3)
        at async Object.onBind (file:///home/runner/work/playground-tester/playground-tester/node_modules/@wp-playground/cli/index.js:227:48)
        at async V (file:///home/runner/work/playground-tester/playground-tester/node_modules/@wp-playground/cli/index.js:64:10)
        at async ja (file:///home/runner/work/playground-tester/playground-tester/node_modules/@wp-playground/cli/cli.js:8161:12)
  }
}

Node.js v23.11.0
