file:///home/runner/work/playground-tester/playground-tester/node_modules/@wp-playground/cli/index.js:237
        throw new Error(y, { cause: u });
              ^

Error: [16-May-2025 19:47:38 UTC] PHP Warning:  Constant WP_PLUGIN_URL already defined in /wordpress/wp-content/plugins/post-content-cleaner/post-cleaner.php on line 31
[16-May-2025 19:47:38 UTC] WordPress database error <div style="clear:both">&nbsp;</div>
<div class="queries" style="clear:both;margin-bottom:2px;border:red dotted thin;">
<p>MySQL query:</p>
<p>SELECT * FROM wp_post_clean WHERE id = 5;</p>
<p>Queries made or created this session were:</p>
<ol>
<li>Executing: BEGIN | (no parameters)</li>
<li>Executing: SELECT * FROM `wp_post_clean` WHERE `id` = 5 | (no parameters)</li>
<li>Executing: ROLLBACK | (no parameters)</li>
</ol>
</div>
<div style="clear:both;margin-bottom:2px;border:red dotted thin;" class="error_message" style="border-bottom:dotted blue thin;">
SQLSTATE[HY000]: General error: 1 no such table: wp_post_clean
</div>
<p>Backtrace:</p>
<pre>#0 /internal/shared/sqlite-database-integration/wp-includes/sqlite-ast/class-wp-sqlite-driver.php(683): WP_SQLite_Driver->new_driver_exception('SQLSTATE[HY000]...', 'HY000', Object(PDOException))
#1 /internal/shared/sqlite-database-integration/wp-includes/sqlite/class-wp-sqlite-db.php(491): WP_SQLite_Driver->query('SELECT * FROM w...')
#2 /internal/shared/sqlite-database-integration/wp-includes/sqlite/class-wp-sqlite-db.php(432): WP_SQLite_DB->_do_query('SELECT * FROM w...')
#3 /wordpress/wp-includes/class-wpdb.php(3146): WP_SQLite_DB->query('SELECT * FROM w...')
#4 /wordpress/wp-content/plugins/post-content-cleaner/post-cleaner.php(578): wpdb->get_results('SELECT * FROM w...')
#5 /wordpress/wp-admin/includes/plugin.php(2387): include_once('/wordpress/wp-c...')
#6 /wordpress/wp-admin/includes/plugin.php(673): plugin_sandbox_scrape('post-content-cl...')
#7 /internal/eval.php(20): activate_plugin('post-content-cl...')
#8 {main}</pre>
 for query SELECT * FROM wp_post_clean WHERE id = 5; made by activate_plugin, plugin_sandbox_scrape, include_once('/plugins/post-content-cleaner/post-cleaner.php'), WP_SQLite_DB->query, WP_SQLite_DB->print_error
[16-May-2025 19:47:38 UTC] PHP Warning:  Undefined variable $strip_type in /wordpress/wp-content/plugins/post-content-cleaner/post-cleaner.php on line 583
[16-May-2025 19:47:38 UTC] PHP Warning:  Undefined variable $strip_type in /wordpress/wp-content/plugins/post-content-cleaner/post-cleaner.php on line 587
[16-May-2025 19:47:39 UTC] PHP Warning:  Constant WP_PLUGIN_URL already defined in /wordpress/wp-content/plugins/post-content-cleaner/post-cleaner.php on line 31
[16-May-2025 19:47:48 UTC] PHP Warning:  Constant WP_PLUGIN_URL already defined in /wordpress/wp-content/plugins/post-content-cleaner/post-cleaner.php on line 31
[16-May-2025 19:47:48 UTC] WordPress database error <div style="clear:both">&nbsp;</div>
<div class="queries" style="clear:both;margin-bottom:2px;border:red dotted thin;">
<p>MySQL query:</p>
<p>SELECT * FROM wp_post_clean WHERE id = 5;</p>
<p>Queries made or created this session were:</p>
<ol>
<li>Executing: BEGIN | (no parameters)</li>
<li>Executing: SELECT * FROM wp_post_clean WHERE id = 5; | (no parameters)</li>
<li>Executing: ROLLBACK | (no parameters)</li>
</ol>
</div>
<div style="clear:both;margin-bottom:2px;border:red dotted thin;" class="error_message" style="border-bottom:dotted blue thin;">
Error occurred at line 4117 in Function <code>handle_error</code>. Error message was: SQLSTATE[HY000]: General error: 1 no such table: wp_post_clean.
</div>
<p>Backtrace:</p>
<pre>#0 /internal/shared/sqlite-database-integration/wp-includes/sqlite/class-wp-sqlite-db.php(287): WP_SQLite_Translator->get_error_message()
#1 /wordpress/wp-includes/class-wpdb.php(3146): WP_SQLite_DB->query('SELECT * FROM w...')
#2 /wordpress/wp-content/plugins/post-content-cleaner/post-cleaner.php(578): wpdb->get_results('SELECT * FROM w...')
#3 /wordpress/wp-admin/includes/plugin.php(2387): include_once('/wordpress/wp-c...')
#4 /wordpress/wp-admin/includes/plugin.php(673): plugin_sandbox_scrape('post-content-cl...')
#5 /internal/eval.php(20): activate_plugin('post-content-cl...')
#6 {main}</pre>
 for query SELECT * FROM wp_post_clean WHERE id = 5; made by activate_plugin, plugin_sandbox_scrape, include_once('/plugins/post-content-cleaner/post-cleaner.php'), WP_SQLite_DB->query, WP_SQLite_DB->print_error
[16-May-2025 19:47:48 UTC] PHP Warning:  Undefined variable $strip_type in /wordpress/wp-content/plugins/post-content-cleaner/post-cleaner.php on line 583
[16-May-2025 19:47:48 UTC] PHP Warning:  Undefined variable $strip_type in /wordpress/wp-content/plugins/post-content-cleaner/post-cleaner.php on line 587
[16-May-2025 19:47:48 UTC] PHP Warning:  Constant WP_PLUGIN_URL already defined in /wordpress/wp-content/plugins/post-content-cleaner/post-cleaner.php on line 31
[16-May-2025 19:47:55 UTC] PHP Warning:  Constant WP_PLUGIN_URL already defined in /wordpress/wp-content/plugins/post-content-cleaner/post-cleaner.php on line 31
[16-May-2025 19:47:55 UTC] WordPress database error <div style="clear:both">&nbsp;</div>
<div class="queries" style="clear:both;margin-bottom:2px;border:red dotted thin;">
<p>MySQL query:</p>
<p>SELECT * FROM wp_post_clean WHERE id = 5;</p>
<p>Queries made or created this session were:</p>
<ol>
<li>Executing: BEGIN | (no parameters)</li>
<li>Executing: SELECT * FROM wp_post_clean WHERE id = 5; | (no parameters)</li>
<li>Executing: ROLLBACK | (no parameters)</li>
</ol>
</div>
<div style="clear:both;margin-bottom:2px;border:red dotted thin;" class="error_message" style="border-bottom:dotted blue thin;">
Error occurred at line 4117 in Function <code>handle_error</code>. Error message was: SQLSTATE[HY000]: General error: 1 no such table: wp_post_clean.
</div>
<p>Backtrace:</p>
<pre>#0 /internal/shared/sqlite-database-integration/wp-includes/sqlite/class-wp-sqlite-db.php(287): WP_SQLite_Translator->get_error_message()
#1 /wordpress/wp-includes/class-wpdb.php(3146): WP_SQLite_DB->query('SELECT * FROM w...')
#2 /wordpress/wp-content/plugins/post-content-cleaner/post-cleaner.php(578): wpdb->get_results('SELECT * FROM w...')
#3 /wordpress/wp-admin/includes/plugin.php(2387): include_once('/wordpress/wp-c...')
#4 /wordpress/wp-admin/includes/plugin.php(673): plugin_sandbox_scrape('post-content-cl...')
#5 /internal/eval.php(20): activate_plugin('post-content-cl...')
#6 {main}</pre>
 for query SELECT * FROM wp_post_clean WHERE id = 5; made by activate_plugin, plugin_sandbox_scrape, include_once('/plugins/post-content-cleaner/post-cleaner.php'), WP_SQLite_DB->query, WP_SQLite_DB->print_error
[16-May-2025 19:47:55 UTC] PHP Warning:  Undefined variable $strip_type in /wordpress/wp-content/plugins/post-content-cleaner/post-cleaner.php on line 583
[16-May-2025 19:47:55 UTC] PHP Warning:  Undefined variable $strip_type in /wordpress/wp-content/plugins/post-content-cleaner/post-cleaner.php on line 587
[16-May-2025 19:47:56 UTC] PHP Warning:  Constant WP_PLUGIN_URL already defined in /wordpress/wp-content/plugins/post-content-cleaner/post-cleaner.php on line 31
[16-May-2025 19:51:40 UTC] PHP Warning:  Undefined array key "post_type" in /wordpress/wp-content/plugins/post-export/posts_export.php on line 45
[16-May-2025 19:51:48 UTC] PHP Warning:  Undefined array key "post_type" in /wordpress/wp-content/plugins/post-export/posts_export.php on line 45
[16-May-2025 19:51:57 UTC] PHP Warning:  Undefined array key "post_type" in /wordpress/wp-content/plugins/post-export/posts_export.php on line 45
[16-May-2025 19:52:06 UTC] PHP Fatal error:  Uncaught Error: Undefined constant "PLUGIN_URL" in /wordpress/wp-content/plugins/post-images-html-resizer/post-images-html-resizer.php:89
Stack trace:
#0 /wordpress/wp-content/plugins/post-images-html-resizer/post-images-html-resizer.php(294): PostImagesHtmlResizer->__construct()
#1 /wordpress/wp-admin/includes/plugin.php(2387): include_once('/wordpress/wp-c...')
#2 /wordpress/wp-admin/includes/plugin.php(673): plugin_sandbox_scrape('post-images-htm...')
#3 /internal/eval.php(20): activate_plugin('post-images-htm...')
#4 {main}
  thrown in /wordpress/wp-content/plugins/post-images-html-resizer/post-images-html-resizer.php on line 89
[16-May-2025 19:52:14 UTC] PHP Fatal error:  Uncaught Error: Undefined constant "PLUGIN_URL" in /wordpress/wp-content/plugins/post-images-html-resizer/post-images-html-resizer.php:89
Stack trace:
#0 /wordpress/wp-content/plugins/post-images-html-resizer/post-images-html-resizer.php(294): PostImagesHtmlResizer->__construct()
#1 /wordpress/wp-admin/includes/plugin.php(2387): include_once('/wordpress/wp-c...')
#2 /wordpress/wp-admin/includes/plugin.php(673): plugin_sandbox_scrape('post-images-htm...')
#3 /internal/eval.php(20): activate_plugin('post-images-htm...')
#4 {main}
  thrown in /wordpress/wp-content/plugins/post-images-html-resizer/post-images-html-resizer.php on line 89
[16-May-2025 19:52:22 UTC] PHP Fatal error:  Uncaught Error: Undefined constant "PLUGIN_URL" in /wordpress/wp-content/plugins/post-images-html-resizer/post-images-html-resizer.php:89
Stack trace:
#0 /wordpress/wp-content/plugins/post-images-html-resizer/post-images-html-resizer.php(294): PostImagesHtmlResizer->__construct()
#1 /wordpress/wp-admin/includes/plugin.php(2387): include_once('/wordpress/wp-c...')
#2 /wordpress/wp-admin/includes/plugin.php(673): plugin_sandbox_scrape('post-images-htm...')
#3 /internal/eval.php(20): activate_plugin('post-images-htm...')
#4 {main}
  thrown in /wordpress/wp-content/plugins/post-images-html-resizer/post-images-html-resizer.php on line 89
[16-May-2025 19:53:52 UTC] WordPress database error <div style="clear:both">&nbsp;</div>
<div class="queries" style="clear:both;margin-bottom:2px;border:red dotted thin;">
<p>MySQL query:</p>
<p>CREATE TABLE IF NOT EXISTS pingdom_ps_sensor_group (
sensor_id int(10) unsigned NOT NULL,
group_id int(10) unsigned NOT NULL,
PRIMARY KEY  USING BTREE (sensor_id,group_id),
KEY group_id (group_id)
) ENGINE=InnoDB DEFAULT CHARSET=utf8 COMMENT='Connection between sensor and group';</p>
<p>Queries made or created this session were:</p>
<ol>
<li>Executing: BEGIN | (no parameters)</li>
<li>Executing: INSERT INTO _mysql_data_types_cache (`table`, `column_or_index`, `mysql_type`)
				VALUES (:table, :column, :datatype)
				ON CONFLICT(`table`, `column_or_index`) DO UPDATE SET `mysql_type` = :datatype
			 | parameters: pingdom_ps_sensor_group, sensor_id, int(10) unsigned</li>
<li>Executing: INSERT INTO _mysql_data_types_cache (`table`, `column_or_index`, `mysql_type`)
				VALUES (:table, :column, :datatype)
				ON CONFLICT(`table`, `column_or_index`) DO UPDATE SET `mysql_type` = :datatype
			 | parameters: pingdom_ps_sensor_group, group_id, int(10) unsigned</li>
<li>Executing: CREATE TABLE IF NOT EXISTS &quot;pingdom_ps_sensor_group&quot; (
&quot;sensor_id&quot; integer NOT NULL ON CONFLICT REPLACE DEFAULT 0,
&quot;group_id&quot; integer NOT NULL ON CONFLICT REPLACE DEFAULT 0,
PRIMARY KEY (&quot;BTREE&quot;, &quot;)&quot;)) | (no parameters)</li>
<li>Executing: ROLLBACK | (no parameters)</li>
</ol>
</div>
<div style="clear:both;margin-bottom:2px;border:red dotted thin;" class="error_message" style="border-bottom:dotted blue thin;">
Error occurred at line 4117 in Function <code>handle_error</code>. Error message was: SQLSTATE[HY000]: General error: 1 expressions prohibited in PRIMARY KEY and UNIQUE constraints.
</div>
<p>Backtrace:</p>
<pre>#0 /internal/shared/sqlite-database-integration/wp-includes/sqlite/class-wp-sqlite-db.php(287): WP_SQLite_Translator->get_error_message()
#1 /wordpress/wp-content/plugins/pingdom-status/PingdomStatus.php(92): WP_SQLite_DB->query('CREATE TABLE IF...')
#2 /wordpress/wp-includes/class-wp-hook.php(324): PingdomStatus->install(false)
#3 /wordpress/wp-includes/class-wp-hook.php(348): WP_Hook->apply_filters('', Array)
#4 /wordpress/wp-includes/plugin.php(517): WP_Hook->do_action(Array)
#5 /wordpress/wp-admin/includes/plugin.php(703): do_action('activate_pingdo...', false)
#6 /internal/eval.php(20): activate_plugin('pingdom-status/...')
#7 {main}</pre>
 for query CREATE TABLE IF NOT EXISTS pingdom_ps_sensor_group (
sensor_id int(10) unsigned NOT NULL,
group_id int(10) unsigned NOT NULL,
PRIMARY KEY  USING BTREE (sensor_id,group_id),
KEY group_id (group_id)
) ENGINE=InnoDB DEFAULT CHARSET=utf8 COMMENT='Connection between sensor and group'; made by activate_plugin, do_action('activate_pingdom-status/PingdomStatus.php'), WP_Hook->do_action, WP_Hook->apply_filters, PingdomStatus->install, WP_SQLite_DB->query, WP_SQLite_DB->print_error
[16-May-2025 19:53:52 UTC] WordPress database error <div style="clear:both">&nbsp;</div>
<div class="queries" style="clear:both;margin-bottom:2px;border:red dotted thin;">
<p>MySQL query:</p>
<p>CREATE TABLE IF NOT EXISTS pingdom_ps_state_post (
state_id int(10) unsigned NOT NULL,
post_id int(10) unsigned NOT NULL,
message_status_id int(10) unsigned NOT NULL,
PRIMARY KEY  USING BTREE (state_id,post_id),
KEY post_id (post_id)
) ENGINE=InnoDB DEFAULT CHARSET=utf8 COMMENT='Connection between state and post';</p>
<p>Queries made or created this session were:</p>
<ol>
<li>Executing: BEGIN | (no parameters)</li>
<li>Executing: INSERT INTO _mysql_data_types_cache (`table`, `column_or_index`, `mysql_type`)
				VALUES (:table, :column, :datatype)
				ON CONFLICT(`table`, `column_or_index`) DO UPDATE SET `mysql_type` = :datatype
			 | parameters: pingdom_ps_state_post, state_id, int(10) unsigned</li>
<li>Executing: INSERT INTO _mysql_data_types_cache (`table`, `column_or_index`, `mysql_type`)
				VALUES (:table, :column, :datatype)
				ON CONFLICT(`table`, `column_or_index`) DO UPDATE SET `mysql_type` = :datatype
			 | parameters: pingdom_ps_state_post, post_id, int(10) unsigned</li>
<li>Executing: INSERT INTO _mysql_data_types_cache (`table`, `column_or_index`, `mysql_type`)
				VALUES (:table, :column, :datatype)
				ON CONFLICT(`table`, `column_or_index`) DO UPDATE SET `mysql_type` = :datatype
			 | parameters: pingdom_ps_state_post, message_status_id, int(10) unsigned</li>
<li>Executing: CREATE TABLE IF NOT EXISTS &quot;pingdom_ps_state_post&quot; (
&quot;state_id&quot; integer NOT NULL ON CONFLICT REPLACE DEFAULT 0,
&quot;post_id&quot; integer NOT NULL ON CONFLICT REPLACE DEFAULT 0,
&quot;message_status_id&quot; integer NOT NULL ON CONFLICT REPLACE DEFAULT 0,
PRIMARY KEY (&quot;BTREE&quot;, &quot;)&quot;)) | (no parameters)</li>
<li>Executing: ROLLBACK | (no parameters)</li>
</ol>
</div>
<div style="clear:both;margin-bottom:2px;border:red dotted thin;" class="error_message" style="border-bottom:dotted blue thin;">
Error occurred at line 4117 in Function <code>handle_error</code>. Error message was: SQLSTATE[HY000]: General error: 1 expressions prohibited in PRIMARY KEY and UNIQUE constraints.
</div>
<p>Backtrace:</p>
<pre>#0 /internal/shared/sqlite-database-integration/wp-includes/sqlite/class-wp-sqlite-db.php(287): WP_SQLite_Translator->get_error_message()
#1 /wordpress/wp-content/plugins/pingdom-status/PingdomStatus.php(143): WP_SQLite_DB->query('CREATE TABLE IF...')
#2 /wordpress/wp-includes/class-wp-hook.php(324): PingdomStatus->install(false)
#3 /wordpress/wp-includes/class-wp-hook.php(348): WP_Hook->apply_filters('', Array)
#4 /wordpress/wp-includes/plugin.php(517): WP_Hook->do_action(Array)
#5 /wordpress/wp-admin/includes/plugin.php(703): do_action('activate_pingdo...', false)
#6 /internal/eval.php(20): activate_plugin('pingdom-status/...')
#7 {main}</pre>
 for query CREATE TABLE IF NOT EXISTS pingdom_ps_state_post (
state_id int(10) unsigned NOT NULL,
post_id int(10) unsigned NOT NULL,
message_status_id int(10) unsigned NOT NULL,
PRIMARY KEY  USING BTREE (state_id,post_id),
KEY post_id (post_id)
) ENGINE=InnoDB DEFAULT CHARSET=utf8 COMMENT='Connection between state and post'; made by activate_plugin, do_action('activate_pingdom-status/PingdomStatus.php'), WP_Hook->do_action, WP_Hook->apply_filters, PingdomStatus->install, WP_SQLite_DB->query, WP_SQLite_DB->print_error
[16-May-2025 19:54:03 UTC] WordPress database error <div style="clear:both">&nbsp;</div>
<div class="queries" style="clear:both;margin-bottom:2px;border:red dotted thin;">
<p>MySQL query:</p>
<p>CREATE TABLE IF NOT EXISTS pingdom_ps_sensor_group (
sensor_id int(10) unsigned NOT NULL,
group_id int(10) unsigned NOT NULL,
PRIMARY KEY  USING BTREE (sensor_id,group_id),
KEY group_id (group_id)
) ENGINE=InnoDB DEFAULT CHARSET=utf8 COMMENT='Connection between sensor and group';</p>
<p>Queries made or created this session were:</p>
<ol>
<li>Executing: BEGIN | (no parameters)</li>
<li>Executing: INSERT INTO _mysql_data_types_cache (`table`, `column_or_index`, `mysql_type`)
				VALUES (:table, :column, :datatype)
				ON CONFLICT(`table`, `column_or_index`) DO UPDATE SET `mysql_type` = :datatype
			 | parameters: pingdom_ps_sensor_group, sensor_id, int(10) unsigned</li>
<li>Executing: INSERT INTO _mysql_data_types_cache (`table`, `column_or_index`, `mysql_type`)
				VALUES (:table, :column, :datatype)
				ON CONFLICT(`table`, `column_or_index`) DO UPDATE SET `mysql_type` = :datatype
			 | parameters: pingdom_ps_sensor_group, group_id, int(10) unsigned</li>
<li>Executing: CREATE TABLE IF NOT EXISTS &quot;pingdom_ps_sensor_group&quot; (
&quot;sensor_id&quot; integer NOT NULL ON CONFLICT REPLACE DEFAULT 0,
&quot;group_id&quot; integer NOT NULL ON CONFLICT REPLACE DEFAULT 0,
PRIMARY KEY (&quot;BTREE&quot;, &quot;)&quot;)) | (no parameters)</li>
<li>Executing: ROLLBACK | (no parameters)</li>
</ol>
</div>
<div style="clear:both;margin-bottom:2px;border:red dotted thin;" class="error_message" style="border-bottom:dotted blue thin;">
Error occurred at line 4117 in Function <code>handle_error</code>. Error message was: SQLSTATE[HY000]: General error: 1 expressions prohibited in PRIMARY KEY and UNIQUE constraints.
</div>
<p>Backtrace:</p>
<pre>#0 /internal/shared/sqlite-database-integration/wp-includes/sqlite/class-wp-sqlite-db.php(287): WP_SQLite_Translator->get_error_message()
#1 /wordpress/wp-content/plugins/pingdom-status/PingdomStatus.php(92): WP_SQLite_DB->query('CREATE TABLE IF...')
#2 /wordpress/wp-includes/class-wp-hook.php(324): PingdomStatus->install(false)
#3 /wordpress/wp-includes/class-wp-hook.php(348): WP_Hook->apply_filters('', Array)
#4 /wordpress/wp-includes/plugin.php(517): WP_Hook->do_action(Array)
#5 /wordpress/wp-admin/includes/plugin.php(703): do_action('activate_pingdo...', false)
#6 /internal/eval.php(20): activate_plugin('pingdom-status/...')
#7 {main}</pre>
 for query CREATE TABLE IF NOT EXISTS pingdom_ps_sensor_group (
sensor_id int(10) unsigned NOT NULL,
group_id int(10) unsigned NOT NULL,
PRIMARY KEY  USING BTREE (sensor_id,group_id),
KEY group_id (group_id)
) ENGINE=InnoDB DEFAULT CHARSET=utf8 COMMENT='Connection between sensor and group'; made by activate_plugin, do_action('activate_pingdom-status/PingdomStatus.php'), WP_Hook->do_action, WP_Hook->apply_filters, PingdomStatus->install, WP_SQLite_DB->query, WP_SQLite_DB->print_error
[16-May-2025 19:54:04 UTC] WordPress database error <div style="clear:both">&nbsp;</div>
<div class="queries" style="clear:both;margin-bottom:2px;border:red dotted thin;">
<p>MySQL query:</p>
<p>CREATE TABLE IF NOT EXISTS pingdom_ps_state_post (
state_id int(10) unsigned NOT NULL,
post_id int(10) unsigned NOT NULL,
message_status_id int(10) unsigned NOT NULL,
PRIMARY KEY  USING BTREE (state_id,post_id),
KEY post_id (post_id)
) ENGINE=InnoDB DEFAULT CHARSET=utf8 COMMENT='Connection between state and post';</p>
<p>Queries made or created this session were:</p>
<ol>
<li>Executing: BEGIN | (no parameters)</li>
<li>Executing: INSERT INTO _mysql_data_types_cache (`table`, `column_or_index`, `mysql_type`)
				VALUES (:table, :column, :datatype)
				ON CONFLICT(`table`, `column_or_index`) DO UPDATE SET `mysql_type` = :datatype
			 | parameters: pingdom_ps_state_post, state_id, int(10) unsigned</li>
<li>Executing: INSERT INTO _mysql_data_types_cache (`table`, `column_or_index`, `mysql_type`)
				VALUES (:table, :column, :datatype)
				ON CONFLICT(`table`, `column_or_index`) DO UPDATE SET `mysql_type` = :datatype
			 | parameters: pingdom_ps_state_post, post_id, int(10) unsigned</li>
<li>Executing: INSERT INTO _mysql_data_types_cache (`table`, `column_or_index`, `mysql_type`)
				VALUES (:table, :column, :datatype)
				ON CONFLICT(`table`, `column_or_index`) DO UPDATE SET `mysql_type` = :datatype
			 | parameters: pingdom_ps_state_post, message_status_id, int(10) unsigned</li>
<li>Executing: CREATE TABLE IF NOT EXISTS &quot;pingdom_ps_state_post&quot; (
&quot;state_id&quot; integer NOT NULL ON CONFLICT REPLACE DEFAULT 0,
&quot;post_id&quot; integer NOT NULL ON CONFLICT REPLACE DEFAULT 0,
&quot;message_status_id&quot; integer NOT NULL ON CONFLICT REPLACE DEFAULT 0,
PRIMARY KEY (&quot;BTREE&quot;, &quot;)&quot;)) | (no parameters)</li>
<li>Executing: ROLLBACK | (no parameters)</li>
</ol>
</div>
<div style="clear:both;margin-bottom:2px;border:red dotted thin;" class="error_message" style="border-bottom:dotted blue thin;">
Error occurred at line 4117 in Function <code>handle_error</code>. Error message was: SQLSTATE[HY000]: General error: 1 expressions prohibited in PRIMARY KEY and UNIQUE constraints.
</div>
<p>Backtrace:</p>
<pre>#0 /internal/shared/sqlite-database-integration/wp-includes/sqlite/class-wp-sqlite-db.php(287): WP_SQLite_Translator->get_error_message()
#1 /wordpress/wp-content/plugins/pingdom-status/PingdomStatus.php(143): WP_SQLite_DB->query('CREATE TABLE IF...')
#2 /wordpress/wp-includes/class-wp-hook.php(324): PingdomStatus->install(false)
#3 /wordpress/wp-includes/class-wp-hook.php(348): WP_Hook->apply_filters('', Array)
#4 /wordpress/wp-includes/plugin.php(517): WP_Hook->do_action(Array)
#5 /wordpress/wp-admin/includes/plugin.php(703): do_action('activate_pingdo...', false)
#6 /internal/eval.php(20): activate_plugin('pingdom-status/...')
#7 {main}</pre>
 for query CREATE TABLE IF NOT EXISTS pingdom_ps_state_post (
state_id int(10) unsigned NOT NULL,
post_id int(10) unsigned NOT NULL,
message_status_id int(10) unsigned NOT NULL,
PRIMARY KEY  USING BTREE (state_id,post_id),
KEY post_id (post_id)
) ENGINE=InnoDB DEFAULT CHARSET=utf8 COMMENT='Connection between state and post'; made by activate_plugin, do_action('activate_pingdom-status/PingdomStatus.php'), WP_Hook->do_action, WP_Hook->apply_filters, PingdomStatus->install, WP_SQLite_DB->query, WP_SQLite_DB->print_error
[16-May-2025 19:55:07 UTC] PHP Fatal error:  Uncaught TypeError: call_user_func_array(): Argument #1 ($callback) must be a valid callback, non-static method pjw_js_hotkeys::init() cannot be called statically in /wordpress/wp-includes/class-wp-hook.php:324
Stack trace:
#0 /wordpress/wp-includes/class-wp-hook.php(348): WP_Hook->apply_filters(NULL, Array)
#1 /wordpress/wp-includes/plugin.php(517): WP_Hook->do_action(Array)
#2 /wordpress/wp-settings.php(727): do_action('init')
#3 /wordpress/wp-config.php(102): require_once('/wordpress/wp-s...')
#4 /wordpress/wp-load.php(50): require_once('/wordpress/wp-c...')
#5 /internal/eval.php(3): require_once('/wordpress/wp-l...')
#6 {main}
  thrown in /wordpress/wp-includes/class-wp-hook.php on line 324
[16-May-2025 19:55:16 UTC] PHP Fatal error:  Uncaught TypeError: call_user_func_array(): Argument #1 ($callback) must be a valid callback, non-static method pjw_js_hotkeys::init() cannot be called statically in /wordpress/wp-includes/class-wp-hook.php:324
Stack trace:
#0 /wordpress/wp-includes/class-wp-hook.php(348): WP_Hook->apply_filters(NULL, Array)
#1 /wordpress/wp-includes/plugin.php(517): WP_Hook->do_action(Array)
#2 /wordpress/wp-settings.php(727): do_action('init')
#3 /wordpress/wp-config.php(102): require_once('/wordpress/wp-s...')
#4 /wordpress/wp-load.php(50): require_once('/wordpress/wp-c...')
#5 /internal/eval.php(3): require_once('/wordpress/wp-l...')
#6 {main}
  thrown in /wordpress/wp-includes/class-wp-hook.php on line 324

    at Object.onBind (file:///home/runner/work/playground-tester/playground-tester/node_modules/@wp-playground/cli/index.js:237:15)
    at process.processTicksAndRejections (node:internal/process/task_queues:105:5)
    at async V (file:///home/runner/work/playground-tester/playground-tester/node_modules/@wp-playground/cli/index.js:64:10)
    at async ja (file:///home/runner/work/playground-tester/playground-tester/node_modules/@wp-playground/cli/cli.js:8161:12) {
  [cause]: Error: Error when executing the blueprint step #1 ({"step":"installPlugin","pluginData":{"resource":"wordpress.org/plugins","slug":"pjw-js-hotkeys"},"options":{"activate":true}}) : PHP.run() failed with exit code 255 and the following output: 
      at Object.run (file:///home/runner/work/playground-tester/playground-tester/node_modules/@wp-playground/blueprints/index.js:12449:19)
      at process.processTicksAndRejections (node:internal/process/task_queues:105:5)
      at async ms (file:///home/runner/work/playground-tester/playground-tester/node_modules/@wp-playground/blueprints/index.js:12552:3)
      ... 2 lines matching cause stack trace ...
      at async ja (file:///home/runner/work/playground-tester/playground-tester/node_modules/@wp-playground/cli/cli.js:8161:12) {
    [cause]: PHPExecutionFailureError: PHP.run() failed with exit code 255 and the following output: 
        at PHP.run (file:///home/runner/work/playground-tester/playground-tester/node_modules/@php-wasm/universal/index.js:987:19)
        at process.processTicksAndRejections (node:internal/process/task_queues:105:5)
        at async wr (file:///home/runner/work/playground-tester/playground-tester/node_modules/@wp-playground/blueprints/index.js:73:13)
        at async Object.gt [as installPlugin] (file:///home/runner/work/playground-tester/playground-tester/node_modules/@wp-playground/blueprints/index.js:974:42)
        at async g (file:///home/runner/work/playground-tester/playground-tester/node_modules/@wp-playground/blueprints/index.js:12517:30)
        at async Object.run (file:///home/runner/work/playground-tester/playground-tester/node_modules/@wp-playground/blueprints/index.js:12446:23)
        at async ms (file:///home/runner/work/playground-tester/playground-tester/node_modules/@wp-playground/blueprints/index.js:12552:3)
        at async Object.onBind (file:///home/runner/work/playground-tester/playground-tester/node_modules/@wp-playground/cli/index.js:227:48)
        at async V (file:///home/runner/work/playground-tester/playground-tester/node_modules/@wp-playground/cli/index.js:64:10)
        at async ja (file:///home/runner/work/playground-tester/playground-tester/node_modules/@wp-playground/cli/cli.js:8161:12) {
      response: PHPResponse {
        httpStatusCode: 500,
        headers: {
          'x-powered-by': [ 'PHP/8.0.30-dev' ],
          'content-type': [ 'text/html; charset=UTF-8' ],
          expires: [ 'Wed, 11 Jan 1984 05:00:00 GMT' ],
          'cache-control': [ 'no-cache, must-revalidate, max-age=0, no-store, private' ]
        },
        bytes: Uint8Array(2653) [
           60,  33,  68,  79,  67,  84,  89,  80,  69,  32, 104, 116,
          109, 108,  62,  10,  60, 104, 116, 109, 108,  32, 108,  97,
          110, 103,  61,  34, 101, 110,  45,  85,  83,  34,  62,  10,
           60, 104, 101,  97, 100,  62,  10,   9,  60, 109, 101, 116,
           97,  32, 104, 116, 116, 112,  45, 101, 113, 117, 105, 118,
           61,  34,  67, 111, 110, 116, 101, 110, 116,  45,  84, 121,
          112, 101,  34,  32,  99, 111, 110, 116, 101, 110, 116,  61,
           34, 116, 101, 120, 116,  47, 104, 116, 109, 108,  59,  32,
           99, 104,  97, 114,
          ... 2553 more items
        ],
        exitCode: 255,
        errors: ''
      },
      source: 'request'
    }
  }
}

Node.js v23.11.0
