file:///home/runner/work/playground-tester/playground-tester/node_modules/@wp-playground/cli/index.js:237
        throw new Error(y, { cause: u });
              ^

Error: [03-Jun-2025 09:53:18 UTC] PHP Fatal error:  Array and string offset access syntax with curly braces is no longer supported in /wordpress/wp-content/plugins/photocopy/inc/S3-class.php on line 2018
[03-Jun-2025 09:53:26 UTC] PHP Fatal error:  Array and string offset access syntax with curly braces is no longer supported in /wordpress/wp-content/plugins/photocopy/inc/S3-class.php on line 2018
[03-Jun-2025 09:53:33 UTC] PHP Fatal error:  Array and string offset access syntax with curly braces is no longer supported in /wordpress/wp-content/plugins/photocopy/inc/S3-class.php on line 2018
[03-Jun-2025 09:53:43 UTC] PHP Warning:  Trying to access array offset on value of type bool in /wordpress/wp-content/plugins/phototools/phototools.php on line 58
[03-Jun-2025 09:53:43 UTC] PHP Warning:  Trying to access array offset on value of type bool in /wordpress/wp-content/plugins/phototools/phototools.php on line 64
[03-Jun-2025 09:53:43 UTC] PHP Warning:  Trying to access array offset on value of type bool in /wordpress/wp-content/plugins/phototools/phototools.php on line 70
[03-Jun-2025 09:53:43 UTC] PHP Warning:  Trying to access array offset on value of type bool in /wordpress/wp-content/plugins/phototools/phototools.php on line 76
[03-Jun-2025 09:53:43 UTC] PHP Warning:  Trying to access array offset on value of type bool in /wordpress/wp-content/plugins/phototools/phototools.php on line 80
[03-Jun-2025 09:53:52 UTC] PHP Warning:  Trying to access array offset on value of type bool in /wordpress/wp-content/plugins/phototools/phototools.php on line 58
[03-Jun-2025 09:53:52 UTC] PHP Warning:  Trying to access array offset on value of type bool in /wordpress/wp-content/plugins/phototools/phototools.php on line 64
[03-Jun-2025 09:53:52 UTC] PHP Warning:  Trying to access array offset on value of type bool in /wordpress/wp-content/plugins/phototools/phototools.php on line 70
[03-Jun-2025 09:53:52 UTC] PHP Warning:  Trying to access array offset on value of type bool in /wordpress/wp-content/plugins/phototools/phototools.php on line 76
[03-Jun-2025 09:53:52 UTC] PHP Warning:  Trying to access array offset on value of type bool in /wordpress/wp-content/plugins/phototools/phototools.php on line 80
[03-Jun-2025 09:54:00 UTC] PHP Warning:  Trying to access array offset on value of type bool in /wordpress/wp-content/plugins/phototools/phototools.php on line 58
[03-Jun-2025 09:54:00 UTC] PHP Warning:  Trying to access array offset on value of type bool in /wordpress/wp-content/plugins/phototools/phototools.php on line 64
[03-Jun-2025 09:54:00 UTC] PHP Warning:  Trying to access array offset on value of type bool in /wordpress/wp-content/plugins/phototools/phototools.php on line 70
[03-Jun-2025 09:54:00 UTC] PHP Warning:  Trying to access array offset on value of type bool in /wordpress/wp-content/plugins/phototools/phototools.php on line 76
[03-Jun-2025 09:54:00 UTC] PHP Warning:  Trying to access array offset on value of type bool in /wordpress/wp-content/plugins/phototools/phototools.php on line 80
[03-Jun-2025 09:54:19 UTC] PHP Warning:  Use of undefined constant STDERR - assumed 'STDERR' (this will throw an Error in a future version of PHP) in /wordpress/wp-content/plugins/pi-forms-s3-upload/vendor/composer/platform_check.php on line 17
[03-Jun-2025 09:54:19 UTC] PHP Warning:  fwrite() expects parameter 1 to be resource, string given in /wordpress/wp-content/plugins/pi-forms-s3-upload/vendor/composer/platform_check.php on line 17
[03-Jun-2025 09:54:19 UTC] PHP Fatal error:  Composer detected issues in your platform: Your Composer dependencies require a PHP version ">= 8.1.0". You are running 7.2.34-dev. in /wordpress/wp-content/plugins/pi-forms-s3-upload/vendor/composer/platform_check.php on line 24
[03-Jun-2025 09:54:37 UTC] PHP Warning:  Use of undefined constant STDERR - assumed 'STDERR' (this will throw an Error in a future version of PHP) in /wordpress/wp-content/plugins/pi-forms-s3-upload/vendor/composer/platform_check.php on line 17
[03-Jun-2025 09:54:37 UTC] PHP Warning:  fwrite() expects parameter 1 to be resource, string given in /wordpress/wp-content/plugins/pi-forms-s3-upload/vendor/composer/platform_check.php on line 17
[03-Jun-2025 09:54:37 UTC] PHP Fatal error:  Composer detected issues in your platform: Your Composer dependencies require a PHP version ">= 8.1.0". You are running 7.2.34-dev. in /wordpress/wp-content/plugins/pi-forms-s3-upload/vendor/composer/platform_check.php on line 24
[03-Jun-2025 09:54:55 UTC] PHP Warning:  Use of undefined constant STDERR - assumed 'STDERR' (this will throw an Error in a future version of PHP) in /wordpress/wp-content/plugins/pi-forms-s3-upload/vendor/composer/platform_check.php on line 17
[03-Jun-2025 09:54:55 UTC] PHP Warning:  fwrite() expects parameter 1 to be resource, string given in /wordpress/wp-content/plugins/pi-forms-s3-upload/vendor/composer/platform_check.php on line 17
[03-Jun-2025 09:54:55 UTC] PHP Fatal error:  Composer detected issues in your platform: Your Composer dependencies require a PHP version ">= 8.1.0". You are running 7.2.34-dev. in /wordpress/wp-content/plugins/pi-forms-s3-upload/vendor/composer/platform_check.php on line 24
[03-Jun-2025 09:55:25 UTC] PHP Deprecated:  Required parameter $style follows optional parameter $prompt in /wordpress/wp-content/plugins/piforge-ai-generation-blog-image/functions/piforge_send_image_request.php on line 2
[03-Jun-2025 09:55:25 UTC] PHP Deprecated:  Required parameter $image_count follows optional parameter $prompt in /wordpress/wp-content/plugins/piforge-ai-generation-blog-image/functions/piforge_send_image_request.php on line 2
[03-Jun-2025 09:55:25 UTC] PHP Deprecated:  Required parameter $ratio follows optional parameter $prompt in /wordpress/wp-content/plugins/piforge-ai-generation-blog-image/functions/piforge_send_image_request.php on line 2
[03-Jun-2025 09:55:25 UTC] PHP Deprecated:  Required parameter $product follows optional parameter $prompt in /wordpress/wp-content/plugins/piforge-ai-generation-blog-image/functions/piforge_send_image_request.php on line 2
[03-Jun-2025 09:55:26 UTC] PHP Deprecated:  Required parameter $style follows optional parameter $prompt in /wordpress/wp-content/plugins/piforge-ai-generation-blog-image/functions/piforge_send_image_request.php on line 2
[03-Jun-2025 09:55:26 UTC] PHP Deprecated:  Required parameter $image_count follows optional parameter $prompt in /wordpress/wp-content/plugins/piforge-ai-generation-blog-image/functions/piforge_send_image_request.php on line 2
[03-Jun-2025 09:55:26 UTC] PHP Deprecated:  Required parameter $ratio follows optional parameter $prompt in /wordpress/wp-content/plugins/piforge-ai-generation-blog-image/functions/piforge_send_image_request.php on line 2
[03-Jun-2025 09:55:26 UTC] PHP Deprecated:  Required parameter $product follows optional parameter $prompt in /wordpress/wp-content/plugins/piforge-ai-generation-blog-image/functions/piforge_send_image_request.php on line 2
[03-Jun-2025 09:55:34 UTC] PHP Deprecated:  Required parameter $style follows optional parameter $prompt in /wordpress/wp-content/plugins/piforge-ai-generation-blog-image/functions/piforge_send_image_request.php on line 2
[03-Jun-2025 09:55:34 UTC] PHP Deprecated:  Required parameter $image_count follows optional parameter $prompt in /wordpress/wp-content/plugins/piforge-ai-generation-blog-image/functions/piforge_send_image_request.php on line 2
[03-Jun-2025 09:55:34 UTC] PHP Deprecated:  Required parameter $ratio follows optional parameter $prompt in /wordpress/wp-content/plugins/piforge-ai-generation-blog-image/functions/piforge_send_image_request.php on line 2
[03-Jun-2025 09:55:34 UTC] PHP Deprecated:  Required parameter $product follows optional parameter $prompt in /wordpress/wp-content/plugins/piforge-ai-generation-blog-image/functions/piforge_send_image_request.php on line 2
[03-Jun-2025 09:55:35 UTC] PHP Deprecated:  Required parameter $style follows optional parameter $prompt in /wordpress/wp-content/plugins/piforge-ai-generation-blog-image/functions/piforge_send_image_request.php on line 2
[03-Jun-2025 09:55:35 UTC] PHP Deprecated:  Required parameter $image_count follows optional parameter $prompt in /wordpress/wp-content/plugins/piforge-ai-generation-blog-image/functions/piforge_send_image_request.php on line 2
[03-Jun-2025 09:55:35 UTC] PHP Deprecated:  Required parameter $ratio follows optional parameter $prompt in /wordpress/wp-content/plugins/piforge-ai-generation-blog-image/functions/piforge_send_image_request.php on line 2
[03-Jun-2025 09:55:35 UTC] PHP Deprecated:  Required parameter $product follows optional parameter $prompt in /wordpress/wp-content/plugins/piforge-ai-generation-blog-image/functions/piforge_send_image_request.php on line 2
[03-Jun-2025 09:55:44 UTC] PHP Deprecated:  Required parameter $style follows optional parameter $prompt in /wordpress/wp-content/plugins/piforge-ai-generation-blog-image/functions/piforge_send_image_request.php on line 2
[03-Jun-2025 09:55:44 UTC] PHP Deprecated:  Required parameter $image_count follows optional parameter $prompt in /wordpress/wp-content/plugins/piforge-ai-generation-blog-image/functions/piforge_send_image_request.php on line 2
[03-Jun-2025 09:55:44 UTC] PHP Deprecated:  Required parameter $ratio follows optional parameter $prompt in /wordpress/wp-content/plugins/piforge-ai-generation-blog-image/functions/piforge_send_image_request.php on line 2
[03-Jun-2025 09:55:44 UTC] PHP Deprecated:  Required parameter $product follows optional parameter $prompt in /wordpress/wp-content/plugins/piforge-ai-generation-blog-image/functions/piforge_send_image_request.php on line 2
[03-Jun-2025 09:55:45 UTC] PHP Deprecated:  Required parameter $style follows optional parameter $prompt in /wordpress/wp-content/plugins/piforge-ai-generation-blog-image/functions/piforge_send_image_request.php on line 2
[03-Jun-2025 09:55:45 UTC] PHP Deprecated:  Required parameter $image_count follows optional parameter $prompt in /wordpress/wp-content/plugins/piforge-ai-generation-blog-image/functions/piforge_send_image_request.php on line 2
[03-Jun-2025 09:55:45 UTC] PHP Deprecated:  Required parameter $ratio follows optional parameter $prompt in /wordpress/wp-content/plugins/piforge-ai-generation-blog-image/functions/piforge_send_image_request.php on line 2
[03-Jun-2025 09:55:45 UTC] PHP Deprecated:  Required parameter $product follows optional parameter $prompt in /wordpress/wp-content/plugins/piforge-ai-generation-blog-image/functions/piforge_send_image_request.php on line 2

    at Object.onBind (file:///home/runner/work/playground-tester/playground-tester/node_modules/@wp-playground/cli/index.js:237:15)
    at process.processTicksAndRejections (node:internal/process/task_queues:105:5)
    at async V (file:///home/runner/work/playground-tester/playground-tester/node_modules/@wp-playground/cli/index.js:64:10)
    at async ja (file:///home/runner/work/playground-tester/playground-tester/node_modules/@wp-playground/cli/cli.js:8161:12) {
  [cause]: Error: Error when executing the blueprint step #1 ({"step":"installPlugin","pluginData":{"resource":"wordpress.org/plugins","slug":"pizzatime"},"options":{"activate":true}}) : Plugin /wordpress/wp-content/plugins/pizzatime could not be activated – WordPress exited with no error. Sometimes, when $_SERVER or site options are not configured correctly, WordPress exits early with a 301 redirect. Inspect the "debug" logs in the console for more details.
      at Object.run (file:///home/runner/work/playground-tester/playground-tester/node_modules/@wp-playground/blueprints/index.js:12449:19)
      at process.processTicksAndRejections (node:internal/process/task_queues:105:5)
      at async ms (file:///home/runner/work/playground-tester/playground-tester/node_modules/@wp-playground/blueprints/index.js:12552:3)
      ... 2 lines matching cause stack trace ...
      at async ja (file:///home/runner/work/playground-tester/playground-tester/node_modules/@wp-playground/cli/cli.js:8161:12) {
    [cause]: Error: Plugin /wordpress/wp-content/plugins/pizzatime could not be activated – WordPress exited with no error. Sometimes, when $_SERVER or site options are not configured correctly, WordPress exits early with a 301 redirect. Inspect the "debug" logs in the console for more details.
        at wr (file:///home/runner/work/playground-tester/playground-tester/node_modules/@wp-playground/blueprints/index.js:119:51)
        at process.processTicksAndRejections (node:internal/process/task_queues:105:5)
        at async Object.gt [as installPlugin] (file:///home/runner/work/playground-tester/playground-tester/node_modules/@wp-playground/blueprints/index.js:974:42)
        at async g (file:///home/runner/work/playground-tester/playground-tester/node_modules/@wp-playground/blueprints/index.js:12517:30)
        at async Object.run (file:///home/runner/work/playground-tester/playground-tester/node_modules/@wp-playground/blueprints/index.js:12446:23)
        at async ms (file:///home/runner/work/playground-tester/playground-tester/node_modules/@wp-playground/blueprints/index.js:12552:3)
        at async Object.onBind (file:///home/runner/work/playground-tester/playground-tester/node_modules/@wp-playground/cli/index.js:227:48)
        at async V (file:///home/runner/work/playground-tester/playground-tester/node_modules/@wp-playground/cli/index.js:64:10)
        at async ja (file:///home/runner/work/playground-tester/playground-tester/node_modules/@wp-playground/cli/cli.js:8161:12)
  }
}

Node.js v23.11.0
