file:///home/runner/work/playground-tester/playground-tester/node_modules/@wp-playground/cli/index.js:237
        throw new Error(y, { cause: u });
              ^

Error: [29-May-2025 04:54:48 UTC] PHP Warning:  Trying to access array offset on value of type bool in /wordpress/wp-content/plugins/wp-energy-usage-calculator/class-wpeuc.php on line 23
[29-May-2025 04:54:48 UTC] PHP Warning:  Trying to access array offset on value of type bool in /wordpress/wp-content/plugins/wp-energy-usage-calculator/class-wpeuc.php on line 24
[29-May-2025 04:54:48 UTC] PHP Warning:  Trying to access array offset on value of type bool in /wordpress/wp-content/plugins/wp-energy-usage-calculator/class-wpeuc.php on line 25
[29-May-2025 04:54:48 UTC] PHP Warning:  Trying to access array offset on value of type bool in /wordpress/wp-content/plugins/wp-energy-usage-calculator/class-wpeuc.php on line 23
[29-May-2025 04:54:48 UTC] PHP Warning:  Trying to access array offset on value of type bool in /wordpress/wp-content/plugins/wp-energy-usage-calculator/class-wpeuc.php on line 24
[29-May-2025 04:54:48 UTC] PHP Warning:  Trying to access array offset on value of type bool in /wordpress/wp-content/plugins/wp-energy-usage-calculator/class-wpeuc.php on line 25
[29-May-2025 04:54:48 UTC] PHP Warning:  Trying to access array offset on value of type bool in /wordpress/wp-content/plugins/wp-energy-usage-calculator/class-wpeuc.php on line 23
[29-May-2025 04:54:48 UTC] PHP Warning:  Trying to access array offset on value of type bool in /wordpress/wp-content/plugins/wp-energy-usage-calculator/class-wpeuc.php on line 24
[29-May-2025 04:54:48 UTC] PHP Warning:  Trying to access array offset on value of type bool in /wordpress/wp-content/plugins/wp-energy-usage-calculator/class-wpeuc.php on line 25
[29-May-2025 04:54:48 UTC] PHP Notice:  Function register_uninstall_hook was called <strong>incorrectly</strong>. Only a static class method or function can be used in an uninstall hook. Please see <a href="https://developer.wordpress.org/advanced-administration/debug/debug-wordpress/">Debugging in WordPress</a> for more information. (This message was added in version 3.1.0.) in /wordpress/wp-includes/functions.php on line 6121
[29-May-2025 04:54:48 UTC] PHP Warning:  Trying to access array offset on value of type bool in /wordpress/wp-content/plugins/wp-energy-usage-calculator/class-wpeuc.php on line 23
[29-May-2025 04:54:48 UTC] PHP Warning:  Trying to access array offset on value of type bool in /wordpress/wp-content/plugins/wp-energy-usage-calculator/class-wpeuc.php on line 24
[29-May-2025 04:54:48 UTC] PHP Warning:  Trying to access array offset on value of type bool in /wordpress/wp-content/plugins/wp-energy-usage-calculator/class-wpeuc.php on line 25
[29-May-2025 04:54:48 UTC] PHP Warning:  Trying to access array offset on value of type bool in /wordpress/wp-content/plugins/wp-energy-usage-calculator/class-wpeuc.php on line 23
[29-May-2025 04:54:48 UTC] PHP Warning:  Trying to access array offset on value of type bool in /wordpress/wp-content/plugins/wp-energy-usage-calculator/class-wpeuc.php on line 24
[29-May-2025 04:54:48 UTC] PHP Warning:  Trying to access array offset on value of type bool in /wordpress/wp-content/plugins/wp-energy-usage-calculator/class-wpeuc.php on line 25
[29-May-2025 04:54:48 UTC] PHP Warning:  Trying to access array offset on value of type bool in /wordpress/wp-content/plugins/wp-energy-usage-calculator/class-wpeuc.php on line 23
[29-May-2025 04:54:48 UTC] PHP Warning:  Trying to access array offset on value of type bool in /wordpress/wp-content/plugins/wp-energy-usage-calculator/class-wpeuc.php on line 24
[29-May-2025 04:54:48 UTC] PHP Warning:  Trying to access array offset on value of type bool in /wordpress/wp-content/plugins/wp-energy-usage-calculator/class-wpeuc.php on line 25
[29-May-2025 04:54:48 UTC] PHP Warning:  Trying to access array offset on value of type bool in /wordpress/wp-content/plugins/wp-energy-usage-calculator/class-wpeuc.php on line 23
[29-May-2025 04:54:48 UTC] PHP Warning:  Trying to access array offset on value of type bool in /wordpress/wp-content/plugins/wp-energy-usage-calculator/class-wpeuc.php on line 24
[29-May-2025 04:54:48 UTC] PHP Warning:  Trying to access array offset on value of type bool in /wordpress/wp-content/plugins/wp-energy-usage-calculator/class-wpeuc.php on line 25
[29-May-2025 04:54:48 UTC] PHP Warning:  Trying to access array offset on value of type bool in /wordpress/wp-content/plugins/wp-energy-usage-calculator/class-wpeuc.php on line 23
[29-May-2025 04:54:48 UTC] PHP Warning:  Trying to access array offset on value of type bool in /wordpress/wp-content/plugins/wp-energy-usage-calculator/class-wpeuc.php on line 24
[29-May-2025 04:54:48 UTC] PHP Warning:  Trying to access array offset on value of type bool in /wordpress/wp-content/plugins/wp-energy-usage-calculator/class-wpeuc.php on line 25
[29-May-2025 04:54:48 UTC] PHP Warning:  Trying to access array offset on value of type bool in /wordpress/wp-content/plugins/wp-energy-usage-calculator/class-wpeuc.php on line 23
[29-May-2025 04:54:48 UTC] PHP Warning:  Trying to access array offset on value of type bool in /wordpress/wp-content/plugins/wp-energy-usage-calculator/class-wpeuc.php on line 24
[29-May-2025 04:54:48 UTC] PHP Warning:  Trying to access array offset on value of type bool in /wordpress/wp-content/plugins/wp-energy-usage-calculator/class-wpeuc.php on line 25
[29-May-2025 04:54:48 UTC] PHP Warning:  Trying to access array offset on value of type bool in /wordpress/wp-content/plugins/wp-energy-usage-calculator/class-wpeuc.php on line 23
[29-May-2025 04:54:48 UTC] PHP Warning:  Trying to access array offset on value of type bool in /wordpress/wp-content/plugins/wp-energy-usage-calculator/class-wpeuc.php on line 24
[29-May-2025 04:54:48 UTC] PHP Warning:  Trying to access array offset on value of type bool in /wordpress/wp-content/plugins/wp-energy-usage-calculator/class-wpeuc.php on line 25
[29-May-2025 04:54:48 UTC] PHP Warning:  Trying to access array offset on value of type bool in /wordpress/wp-content/plugins/wp-energy-usage-calculator/class-wpeuc.php on line 23
[29-May-2025 04:54:48 UTC] PHP Warning:  Trying to access array offset on value of type bool in /wordpress/wp-content/plugins/wp-energy-usage-calculator/class-wpeuc.php on line 24
[29-May-2025 04:54:48 UTC] PHP Warning:  Trying to access array offset on value of type bool in /wordpress/wp-content/plugins/wp-energy-usage-calculator/class-wpeuc.php on line 25
[29-May-2025 04:54:49 UTC] PHP Warning:  Trying to access array offset on value of type bool in /wordpress/wp-content/plugins/wp-energy-usage-calculator/class-wpeuc.php on line 23
[29-May-2025 04:54:49 UTC] PHP Warning:  Trying to access array offset on value of type bool in /wordpress/wp-content/plugins/wp-energy-usage-calculator/class-wpeuc.php on line 24
[29-May-2025 04:54:49 UTC] PHP Warning:  Trying to access array offset on value of type bool in /wordpress/wp-content/plugins/wp-energy-usage-calculator/class-wpeuc.php on line 25
[29-May-2025 04:54:49 UTC] PHP Warning:  Trying to access array offset on value of type bool in /wordpress/wp-content/plugins/wp-energy-usage-calculator/class-wpeuc.php on line 23
[29-May-2025 04:54:49 UTC] PHP Warning:  Trying to access array offset on value of type bool in /wordpress/wp-content/plugins/wp-energy-usage-calculator/class-wpeuc.php on line 24
[29-May-2025 04:54:49 UTC] PHP Warning:  Trying to access array offset on value of type bool in /wordpress/wp-content/plugins/wp-energy-usage-calculator/class-wpeuc.php on line 25
[29-May-2025 04:54:49 UTC] PHP Warning:  Trying to access array offset on value of type bool in /wordpress/wp-content/plugins/wp-energy-usage-calculator/class-wpeuc.php on line 23
[29-May-2025 04:54:49 UTC] PHP Warning:  Trying to access array offset on value of type bool in /wordpress/wp-content/plugins/wp-energy-usage-calculator/class-wpeuc.php on line 24
[29-May-2025 04:54:49 UTC] PHP Warning:  Trying to access array offset on value of type bool in /wordpress/wp-content/plugins/wp-energy-usage-calculator/class-wpeuc.php on line 25
[29-May-2025 04:54:49 UTC] PHP Notice:  Function register_uninstall_hook was called <strong>incorrectly</strong>. Only a static class method or function can be used in an uninstall hook. Please see <a href="https://developer.wordpress.org/advanced-administration/debug/debug-wordpress/">Debugging in WordPress</a> for more information. (This message was added in version 3.1.0.) in /wordpress/wp-includes/functions.php on line 6121
[29-May-2025 04:54:49 UTC] PHP Warning:  Trying to access array offset on value of type bool in /wordpress/wp-content/plugins/wp-energy-usage-calculator/class-wpeuc.php on line 23
[29-May-2025 04:54:49 UTC] PHP Warning:  Trying to access array offset on value of type bool in /wordpress/wp-content/plugins/wp-energy-usage-calculator/class-wpeuc.php on line 24
[29-May-2025 04:54:49 UTC] PHP Warning:  Trying to access array offset on value of type bool in /wordpress/wp-content/plugins/wp-energy-usage-calculator/class-wpeuc.php on line 25
[29-May-2025 04:54:49 UTC] PHP Warning:  Trying to access array offset on value of type bool in /wordpress/wp-content/plugins/wp-energy-usage-calculator/class-wpeuc.php on line 23
[29-May-2025 04:54:49 UTC] PHP Warning:  Trying to access array offset on value of type bool in /wordpress/wp-content/plugins/wp-energy-usage-calculator/class-wpeuc.php on line 24
[29-May-2025 04:54:49 UTC] PHP Warning:  Trying to access array offset on value of type bool in /wordpress/wp-content/plugins/wp-energy-usage-calculator/class-wpeuc.php on line 25
[29-May-2025 04:54:49 UTC] PHP Warning:  Trying to access array offset on value of type bool in /wordpress/wp-content/plugins/wp-energy-usage-calculator/class-wpeuc.php on line 23
[29-May-2025 04:54:49 UTC] PHP Warning:  Trying to access array offset on value of type bool in /wordpress/wp-content/plugins/wp-energy-usage-calculator/class-wpeuc.php on line 24
[29-May-2025 04:54:49 UTC] PHP Warning:  Trying to access array offset on value of type bool in /wordpress/wp-content/plugins/wp-energy-usage-calculator/class-wpeuc.php on line 25
[29-May-2025 04:54:49 UTC] PHP Warning:  Trying to access array offset on value of type bool in /wordpress/wp-content/plugins/wp-energy-usage-calculator/class-wpeuc.php on line 23
[29-May-2025 04:54:49 UTC] PHP Warning:  Trying to access array offset on value of type bool in /wordpress/wp-content/plugins/wp-energy-usage-calculator/class-wpeuc.php on line 24
[29-May-2025 04:54:49 UTC] PHP Warning:  Trying to access array offset on value of type bool in /wordpress/wp-content/plugins/wp-energy-usage-calculator/class-wpeuc.php on line 25
[29-May-2025 04:54:57 UTC] PHP Warning:  Trying to access array offset on value of type bool in /wordpress/wp-content/plugins/wp-energy-usage-calculator/class-wpeuc.php on line 23
[29-May-2025 04:54:57 UTC] PHP Warning:  Trying to access array offset on value of type bool in /wordpress/wp-content/plugins/wp-energy-usage-calculator/class-wpeuc.php on line 24
[29-May-2025 04:54:57 UTC] PHP Warning:  Trying to access array offset on value of type bool in /wordpress/wp-content/plugins/wp-energy-usage-calculator/class-wpeuc.php on line 25
[29-May-2025 04:54:57 UTC] PHP Warning:  Trying to access array offset on value of type bool in /wordpress/wp-content/plugins/wp-energy-usage-calculator/class-wpeuc.php on line 23
[29-May-2025 04:54:57 UTC] PHP Warning:  Trying to access array offset on value of type bool in /wordpress/wp-content/plugins/wp-energy-usage-calculator/class-wpeuc.php on line 24
[29-May-2025 04:54:57 UTC] PHP Warning:  Trying to access array offset on value of type bool in /wordpress/wp-content/plugins/wp-energy-usage-calculator/class-wpeuc.php on line 25
[29-May-2025 04:54:57 UTC] PHP Warning:  Trying to access array offset on value of type bool in /wordpress/wp-content/plugins/wp-energy-usage-calculator/class-wpeuc.php on line 23
[29-May-2025 04:54:57 UTC] PHP Warning:  Trying to access array offset on value of type bool in /wordpress/wp-content/plugins/wp-energy-usage-calculator/class-wpeuc.php on line 24
[29-May-2025 04:54:57 UTC] PHP Warning:  Trying to access array offset on value of type bool in /wordpress/wp-content/plugins/wp-energy-usage-calculator/class-wpeuc.php on line 25
[29-May-2025 04:54:57 UTC] PHP Notice:  Function register_uninstall_hook was called <strong>incorrectly</strong>. Only a static class method or function can be used in an uninstall hook. Please see <a href="https://developer.wordpress.org/advanced-administration/debug/debug-wordpress/">Debugging in WordPress</a> for more information. (This message was added in version 3.1.0.) in /wordpress/wp-includes/functions.php on line 6121
[29-May-2025 04:54:57 UTC] PHP Warning:  Trying to access array offset on value of type bool in /wordpress/wp-content/plugins/wp-energy-usage-calculator/class-wpeuc.php on line 23
[29-May-2025 04:54:57 UTC] PHP Warning:  Trying to access array offset on value of type bool in /wordpress/wp-content/plugins/wp-energy-usage-calculator/class-wpeuc.php on line 24
[29-May-2025 04:54:57 UTC] PHP Warning:  Trying to access array offset on value of type bool in /wordpress/wp-content/plugins/wp-energy-usage-calculator/class-wpeuc.php on line 25
[29-May-2025 04:54:57 UTC] PHP Warning:  Trying to access array offset on value of type bool in /wordpress/wp-content/plugins/wp-energy-usage-calculator/class-wpeuc.php on line 23
[29-May-2025 04:54:57 UTC] PHP Warning:  Trying to access array offset on value of type bool in /wordpress/wp-content/plugins/wp-energy-usage-calculator/class-wpeuc.php on line 24
[29-May-2025 04:54:57 UTC] PHP Warning:  Trying to access array offset on value of type bool in /wordpress/wp-content/plugins/wp-energy-usage-calculator/class-wpeuc.php on line 25
[29-May-2025 04:54:57 UTC] PHP Warning:  Trying to access array offset on value of type bool in /wordpress/wp-content/plugins/wp-energy-usage-calculator/class-wpeuc.php on line 23
[29-May-2025 04:54:57 UTC] PHP Warning:  Trying to access array offset on value of type bool in /wordpress/wp-content/plugins/wp-energy-usage-calculator/class-wpeuc.php on line 24
[29-May-2025 04:54:57 UTC] PHP Warning:  Trying to access array offset on value of type bool in /wordpress/wp-content/plugins/wp-energy-usage-calculator/class-wpeuc.php on line 25
[29-May-2025 04:54:57 UTC] PHP Warning:  Trying to access array offset on value of type bool in /wordpress/wp-content/plugins/wp-energy-usage-calculator/class-wpeuc.php on line 23
[29-May-2025 04:54:57 UTC] PHP Warning:  Trying to access array offset on value of type bool in /wordpress/wp-content/plugins/wp-energy-usage-calculator/class-wpeuc.php on line 24
[29-May-2025 04:54:57 UTC] PHP Warning:  Trying to access array offset on value of type bool in /wordpress/wp-content/plugins/wp-energy-usage-calculator/class-wpeuc.php on line 25
[29-May-2025 04:54:57 UTC] PHP Warning:  Trying to access array offset on value of type bool in /wordpress/wp-content/plugins/wp-energy-usage-calculator/class-wpeuc.php on line 23
[29-May-2025 04:54:57 UTC] PHP Warning:  Trying to access array offset on value of type bool in /wordpress/wp-content/plugins/wp-energy-usage-calculator/class-wpeuc.php on line 24
[29-May-2025 04:54:57 UTC] PHP Warning:  Trying to access array offset on value of type bool in /wordpress/wp-content/plugins/wp-energy-usage-calculator/class-wpeuc.php on line 25
[29-May-2025 04:54:57 UTC] PHP Warning:  Trying to access array offset on value of type bool in /wordpress/wp-content/plugins/wp-energy-usage-calculator/class-wpeuc.php on line 23
[29-May-2025 04:54:57 UTC] PHP Warning:  Trying to access array offset on value of type bool in /wordpress/wp-content/plugins/wp-energy-usage-calculator/class-wpeuc.php on line 24
[29-May-2025 04:54:57 UTC] PHP Warning:  Trying to access array offset on value of type bool in /wordpress/wp-content/plugins/wp-energy-usage-calculator/class-wpeuc.php on line 25
[29-May-2025 04:54:57 UTC] PHP Warning:  Trying to access array offset on value of type bool in /wordpress/wp-content/plugins/wp-energy-usage-calculator/class-wpeuc.php on line 23
[29-May-2025 04:54:57 UTC] PHP Warning:  Trying to access array offset on value of type bool in /wordpress/wp-content/plugins/wp-energy-usage-calculator/class-wpeuc.php on line 24
[29-May-2025 04:54:57 UTC] PHP Warning:  Trying to access array offset on value of type bool in /wordpress/wp-content/plugins/wp-energy-usage-calculator/class-wpeuc.php on line 25
[29-May-2025 04:54:57 UTC] PHP Warning:  Trying to access array offset on value of type bool in /wordpress/wp-content/plugins/wp-energy-usage-calculator/class-wpeuc.php on line 23
[29-May-2025 04:54:57 UTC] PHP Warning:  Trying to access array offset on value of type bool in /wordpress/wp-content/plugins/wp-energy-usage-calculator/class-wpeuc.php on line 24
[29-May-2025 04:54:57 UTC] PHP Warning:  Trying to access array offset on value of type bool in /wordpress/wp-content/plugins/wp-energy-usage-calculator/class-wpeuc.php on line 25
[29-May-2025 04:54:58 UTC] PHP Warning:  Trying to access array offset on value of type bool in /wordpress/wp-content/plugins/wp-energy-usage-calculator/class-wpeuc.php on line 23
[29-May-2025 04:54:58 UTC] PHP Warning:  Trying to access array offset on value of type bool in /wordpress/wp-content/plugins/wp-energy-usage-calculator/class-wpeuc.php on line 24
[29-May-2025 04:54:58 UTC] PHP Warning:  Trying to access array offset on value of type bool in /wordpress/wp-content/plugins/wp-energy-usage-calculator/class-wpeuc.php on line 25
[29-May-2025 04:54:58 UTC] PHP Warning:  Trying to access array offset on value of type bool in /wordpress/wp-content/plugins/wp-energy-usage-calculator/class-wpeuc.php on line 23
[29-May-2025 04:54:58 UTC] PHP Warning:  Trying to access array offset on value of type bool in /wordpress/wp-content/plugins/wp-energy-usage-calculator/class-wpeuc.php on line 24
[29-May-2025 04:54:58 UTC] PHP Warning:  Trying to access array offset on value of type bool in /wordpress/wp-content/plugins/wp-energy-usage-calculator/class-wpeuc.php on line 25
[29-May-2025 04:54:58 UTC] PHP Warning:  Trying to access array offset on value of type bool in /wordpress/wp-content/plugins/wp-energy-usage-calculator/class-wpeuc.php on line 23
[29-May-2025 04:54:58 UTC] PHP Warning:  Trying to access array offset on value of type bool in /wordpress/wp-content/plugins/wp-energy-usage-calculator/class-wpeuc.php on line 24
[29-May-2025 04:54:58 UTC] PHP Warning:  Trying to access array offset on value of type bool in /wordpress/wp-content/plugins/wp-energy-usage-calculator/class-wpeuc.php on line 25
[29-May-2025 04:54:58 UTC] PHP Notice:  Function register_uninstall_hook was called <strong>incorrectly</strong>. Only a static class method or function can be used in an uninstall hook. Please see <a href="https://developer.wordpress.org/advanced-administration/debug/debug-wordpress/">Debugging in WordPress</a> for more information. (This message was added in version 3.1.0.) in /wordpress/wp-includes/functions.php on line 6121
[29-May-2025 04:54:58 UTC] PHP Warning:  Trying to access array offset on value of type bool in /wordpress/wp-content/plugins/wp-energy-usage-calculator/class-wpeuc.php on line 23
[29-May-2025 04:54:58 UTC] PHP Warning:  Trying to access array offset on value of type bool in /wordpress/wp-content/plugins/wp-energy-usage-calculator/class-wpeuc.php on line 24
[29-May-2025 04:54:58 UTC] PHP Warning:  Trying to access array offset on value of type bool in /wordpress/wp-content/plugins/wp-energy-usage-calculator/class-wpeuc.php on line 25
[29-May-2025 04:54:58 UTC] PHP Warning:  Trying to access array offset on value of type bool in /wordpress/wp-content/plugins/wp-energy-usage-calculator/class-wpeuc.php on line 23
[29-May-2025 04:54:58 UTC] PHP Warning:  Trying to access array offset on value of type bool in /wordpress/wp-content/plugins/wp-energy-usage-calculator/class-wpeuc.php on line 24
[29-May-2025 04:54:58 UTC] PHP Warning:  Trying to access array offset on value of type bool in /wordpress/wp-content/plugins/wp-energy-usage-calculator/class-wpeuc.php on line 25
[29-May-2025 04:54:58 UTC] PHP Warning:  Trying to access array offset on value of type bool in /wordpress/wp-content/plugins/wp-energy-usage-calculator/class-wpeuc.php on line 23
[29-May-2025 04:54:58 UTC] PHP Warning:  Trying to access array offset on value of type bool in /wordpress/wp-content/plugins/wp-energy-usage-calculator/class-wpeuc.php on line 24
[29-May-2025 04:54:58 UTC] PHP Warning:  Trying to access array offset on value of type bool in /wordpress/wp-content/plugins/wp-energy-usage-calculator/class-wpeuc.php on line 25
[29-May-2025 04:54:58 UTC] PHP Warning:  Trying to access array offset on value of type bool in /wordpress/wp-content/plugins/wp-energy-usage-calculator/class-wpeuc.php on line 23
[29-May-2025 04:54:58 UTC] PHP Warning:  Trying to access array offset on value of type bool in /wordpress/wp-content/plugins/wp-energy-usage-calculator/class-wpeuc.php on line 24
[29-May-2025 04:54:58 UTC] PHP Warning:  Trying to access array offset on value of type bool in /wordpress/wp-content/plugins/wp-energy-usage-calculator/class-wpeuc.php on line 25
[29-May-2025 04:55:06 UTC] PHP Warning:  Trying to access array offset on value of type bool in /wordpress/wp-content/plugins/wp-energy-usage-calculator/class-wpeuc.php on line 23
[29-May-2025 04:55:06 UTC] PHP Warning:  Trying to access array offset on value of type bool in /wordpress/wp-content/plugins/wp-energy-usage-calculator/class-wpeuc.php on line 24
[29-May-2025 04:55:06 UTC] PHP Warning:  Trying to access array offset on value of type bool in /wordpress/wp-content/plugins/wp-energy-usage-calculator/class-wpeuc.php on line 25
[29-May-2025 04:55:06 UTC] PHP Warning:  Trying to access array offset on value of type bool in /wordpress/wp-content/plugins/wp-energy-usage-calculator/class-wpeuc.php on line 23
[29-May-2025 04:55:06 UTC] PHP Warning:  Trying to access array offset on value of type bool in /wordpress/wp-content/plugins/wp-energy-usage-calculator/class-wpeuc.php on line 24
[29-May-2025 04:55:06 UTC] PHP Warning:  Trying to access array offset on value of type bool in /wordpress/wp-content/plugins/wp-energy-usage-calculator/class-wpeuc.php on line 25
[29-May-2025 04:55:06 UTC] PHP Warning:  Trying to access array offset on value of type bool in /wordpress/wp-content/plugins/wp-energy-usage-calculator/class-wpeuc.php on line 23
[29-May-2025 04:55:06 UTC] PHP Warning:  Trying to access array offset on value of type bool in /wordpress/wp-content/plugins/wp-energy-usage-calculator/class-wpeuc.php on line 24
[29-May-2025 04:55:06 UTC] PHP Warning:  Trying to access array offset on value of type bool in /wordpress/wp-content/plugins/wp-energy-usage-calculator/class-wpeuc.php on line 25
[29-May-2025 04:55:06 UTC] PHP Notice:  Function register_uninstall_hook was called <strong>incorrectly</strong>. Only a static class method or function can be used in an uninstall hook. Please see <a href="https://developer.wordpress.org/advanced-administration/debug/debug-wordpress/">Debugging in WordPress</a> for more information. (This message was added in version 3.1.0.) in /wordpress/wp-includes/functions.php on line 6121
[29-May-2025 04:55:06 UTC] PHP Warning:  Trying to access array offset on value of type bool in /wordpress/wp-content/plugins/wp-energy-usage-calculator/class-wpeuc.php on line 23
[29-May-2025 04:55:06 UTC] PHP Warning:  Trying to access array offset on value of type bool in /wordpress/wp-content/plugins/wp-energy-usage-calculator/class-wpeuc.php on line 24
[29-May-2025 04:55:06 UTC] PHP Warning:  Trying to access array offset on value of type bool in /wordpress/wp-content/plugins/wp-energy-usage-calculator/class-wpeuc.php on line 25
[29-May-2025 04:55:06 UTC] PHP Warning:  Trying to access array offset on value of type bool in /wordpress/wp-content/plugins/wp-energy-usage-calculator/class-wpeuc.php on line 23
[29-May-2025 04:55:06 UTC] PHP Warning:  Trying to access array offset on value of type bool in /wordpress/wp-content/plugins/wp-energy-usage-calculator/class-wpeuc.php on line 24
[29-May-2025 04:55:06 UTC] PHP Warning:  Trying to access array offset on value of type bool in /wordpress/wp-content/plugins/wp-energy-usage-calculator/class-wpeuc.php on line 25
[29-May-2025 04:55:06 UTC] PHP Warning:  Trying to access array offset on value of type bool in /wordpress/wp-content/plugins/wp-energy-usage-calculator/class-wpeuc.php on line 23
[29-May-2025 04:55:06 UTC] PHP Warning:  Trying to access array offset on value of type bool in /wordpress/wp-content/plugins/wp-energy-usage-calculator/class-wpeuc.php on line 24
[29-May-2025 04:55:06 UTC] PHP Warning:  Trying to access array offset on value of type bool in /wordpress/wp-content/plugins/wp-energy-usage-calculator/class-wpeuc.php on line 25
[29-May-2025 04:55:06 UTC] PHP Warning:  Trying to access array offset on value of type bool in /wordpress/wp-content/plugins/wp-energy-usage-calculator/class-wpeuc.php on line 23
[29-May-2025 04:55:06 UTC] PHP Warning:  Trying to access array offset on value of type bool in /wordpress/wp-content/plugins/wp-energy-usage-calculator/class-wpeuc.php on line 24
[29-May-2025 04:55:06 UTC] PHP Warning:  Trying to access array offset on value of type bool in /wordpress/wp-content/plugins/wp-energy-usage-calculator/class-wpeuc.php on line 25
[29-May-2025 04:55:06 UTC] PHP Warning:  Trying to access array offset on value of type bool in /wordpress/wp-content/plugins/wp-energy-usage-calculator/class-wpeuc.php on line 23
[29-May-2025 04:55:06 UTC] PHP Warning:  Trying to access array offset on value of type bool in /wordpress/wp-content/plugins/wp-energy-usage-calculator/class-wpeuc.php on line 24
[29-May-2025 04:55:06 UTC] PHP Warning:  Trying to access array offset on value of type bool in /wordpress/wp-content/plugins/wp-energy-usage-calculator/class-wpeuc.php on line 25
[29-May-2025 04:55:06 UTC] PHP Warning:  Trying to access array offset on value of type bool in /wordpress/wp-content/plugins/wp-energy-usage-calculator/class-wpeuc.php on line 23
[29-May-2025 04:55:06 UTC] PHP Warning:  Trying to access array offset on value of type bool in /wordpress/wp-content/plugins/wp-energy-usage-calculator/class-wpeuc.php on line 24
[29-May-2025 04:55:06 UTC] PHP Warning:  Trying to access array offset on value of type bool in /wordpress/wp-content/plugins/wp-energy-usage-calculator/class-wpeuc.php on line 25
[29-May-2025 04:55:06 UTC] PHP Warning:  Trying to access array offset on value of type bool in /wordpress/wp-content/plugins/wp-energy-usage-calculator/class-wpeuc.php on line 23
[29-May-2025 04:55:06 UTC] PHP Warning:  Trying to access array offset on value of type bool in /wordpress/wp-content/plugins/wp-energy-usage-calculator/class-wpeuc.php on line 24
[29-May-2025 04:55:06 UTC] PHP Warning:  Trying to access array offset on value of type bool in /wordpress/wp-content/plugins/wp-energy-usage-calculator/class-wpeuc.php on line 25
[29-May-2025 04:55:06 UTC] PHP Warning:  Trying to access array offset on value of type bool in /wordpress/wp-content/plugins/wp-energy-usage-calculator/class-wpeuc.php on line 23
[29-May-2025 04:55:06 UTC] PHP Warning:  Trying to access array offset on value of type bool in /wordpress/wp-content/plugins/wp-energy-usage-calculator/class-wpeuc.php on line 24
[29-May-2025 04:55:06 UTC] PHP Warning:  Trying to access array offset on value of type bool in /wordpress/wp-content/plugins/wp-energy-usage-calculator/class-wpeuc.php on line 25
[29-May-2025 04:55:07 UTC] PHP Warning:  Trying to access array offset on value of type bool in /wordpress/wp-content/plugins/wp-energy-usage-calculator/class-wpeuc.php on line 23
[29-May-2025 04:55:07 UTC] PHP Warning:  Trying to access array offset on value of type bool in /wordpress/wp-content/plugins/wp-energy-usage-calculator/class-wpeuc.php on line 24
[29-May-2025 04:55:07 UTC] PHP Warning:  Trying to access array offset on value of type bool in /wordpress/wp-content/plugins/wp-energy-usage-calculator/class-wpeuc.php on line 25
[29-May-2025 04:55:07 UTC] PHP Warning:  Trying to access array offset on value of type bool in /wordpress/wp-content/plugins/wp-energy-usage-calculator/class-wpeuc.php on line 23
[29-May-2025 04:55:07 UTC] PHP Warning:  Trying to access array offset on value of type bool in /wordpress/wp-content/plugins/wp-energy-usage-calculator/class-wpeuc.php on line 24
[29-May-2025 04:55:07 UTC] PHP Warning:  Trying to access array offset on value of type bool in /wordpress/wp-content/plugins/wp-energy-usage-calculator/class-wpeuc.php on line 25
[29-May-2025 04:55:07 UTC] PHP Warning:  Trying to access array offset on value of type bool in /wordpress/wp-content/plugins/wp-energy-usage-calculator/class-wpeuc.php on line 23
[29-May-2025 04:55:07 UTC] PHP Warning:  Trying to access array offset on value of type bool in /wordpress/wp-content/plugins/wp-energy-usage-calculator/class-wpeuc.php on line 24
[29-May-2025 04:55:07 UTC] PHP Warning:  Trying to access array offset on value of type bool in /wordpress/wp-content/plugins/wp-energy-usage-calculator/class-wpeuc.php on line 25
[29-May-2025 04:55:07 UTC] PHP Notice:  Function register_uninstall_hook was called <strong>incorrectly</strong>. Only a static class method or function can be used in an uninstall hook. Please see <a href="https://developer.wordpress.org/advanced-administration/debug/debug-wordpress/">Debugging in WordPress</a> for more information. (This message was added in version 3.1.0.) in /wordpress/wp-includes/functions.php on line 6121
[29-May-2025 04:55:07 UTC] PHP Warning:  Trying to access array offset on value of type bool in /wordpress/wp-content/plugins/wp-energy-usage-calculator/class-wpeuc.php on line 23
[29-May-2025 04:55:07 UTC] PHP Warning:  Trying to access array offset on value of type bool in /wordpress/wp-content/plugins/wp-energy-usage-calculator/class-wpeuc.php on line 24
[29-May-2025 04:55:07 UTC] PHP Warning:  Trying to access array offset on value of type bool in /wordpress/wp-content/plugins/wp-energy-usage-calculator/class-wpeuc.php on line 25
[29-May-2025 04:55:07 UTC] PHP Warning:  Trying to access array offset on value of type bool in /wordpress/wp-content/plugins/wp-energy-usage-calculator/class-wpeuc.php on line 23
[29-May-2025 04:55:07 UTC] PHP Warning:  Trying to access array offset on value of type bool in /wordpress/wp-content/plugins/wp-energy-usage-calculator/class-wpeuc.php on line 24
[29-May-2025 04:55:07 UTC] PHP Warning:  Trying to access array offset on value of type bool in /wordpress/wp-content/plugins/wp-energy-usage-calculator/class-wpeuc.php on line 25
[29-May-2025 04:55:07 UTC] PHP Warning:  Trying to access array offset on value of type bool in /wordpress/wp-content/plugins/wp-energy-usage-calculator/class-wpeuc.php on line 23
[29-May-2025 04:55:07 UTC] PHP Warning:  Trying to access array offset on value of type bool in /wordpress/wp-content/plugins/wp-energy-usage-calculator/class-wpeuc.php on line 24
[29-May-2025 04:55:07 UTC] PHP Warning:  Trying to access array offset on value of type bool in /wordpress/wp-content/plugins/wp-energy-usage-calculator/class-wpeuc.php on line 25
[29-May-2025 04:55:07 UTC] PHP Warning:  Trying to access array offset on value of type bool in /wordpress/wp-content/plugins/wp-energy-usage-calculator/class-wpeuc.php on line 23
[29-May-2025 04:55:07 UTC] PHP Warning:  Trying to access array offset on value of type bool in /wordpress/wp-content/plugins/wp-energy-usage-calculator/class-wpeuc.php on line 24
[29-May-2025 04:55:07 UTC] PHP Warning:  Trying to access array offset on value of type bool in /wordpress/wp-content/plugins/wp-energy-usage-calculator/class-wpeuc.php on line 25
[29-May-2025 06:57:30 Europe/Berlin] PHP Fatal error:  Uncaught ArgumentCountError: Too few arguments to function WP_Widget::__construct(), 0 passed in /wordpress/wp-includes/class-wp-widget-factory.php on line 62 and at least 2 expected in /wordpress/wp-includes/class-wp-widget.php:163
Stack trace:
#0 /wordpress/wp-includes/class-wp-widget-factory.php(62): WP_Widget->__construct()
#1 /wordpress/wp-includes/widgets.php(123): WP_Widget_Factory->register('wptg_monthwidge...')
#2 /wordpress/wp-content/plugins/wptermingermany/controller/wptg_PluginController.class.php(401): register_widget('wptg_monthwidge...')
#3 /wordpress/wp-includes/class-wp-hook.php(324): wptg_PluginController->widgets_init('')
#4 /wordpress/wp-includes/class-wp-hook.php(348): WP_Hook->apply_filters(NULL, Array)
#5 /wordpress/wp-includes/plugin.php(517): WP_Hook->do_action(Array)
#6 /wordpress/wp-includes/widgets.php(1870): do_action('widgets_init')
#7 /wordpress/wp-includes/class-wp-hook.php(324): wp_widgets_init('')
#8 /wordpress/wp-includes/class-wp-hook.php(348): WP_Hook->apply_filters(NULL, Array)
#9 /wordpress/wp-includes/plugin.php(517): WP_Hook->do_action(Array)
#10 /wordpress/wp-settings.php(727): do_action('init')
#11 /wordpress/wp-config.php(102): require_once('/wordpress/wp-s...')
#12 /wordpress/wp-load.php(50): require_once('/wordpress/wp-c...')
#13 /internal/eval.php(3): require_once('/wordpress/wp-l...')
#14 {main}
  thrown in /wordpress/wp-includes/class-wp-widget.php on line 163
[29-May-2025 06:57:38 Europe/Berlin] WordPress database error <div style="clear:both">&nbsp;</div>
<div class="queries" style="clear:both;margin-bottom:2px;border:red dotted thin;">
<p>MySQL query:</p>
<p>CREATE TABLE wp_wptg_import (
				id mediumint(9) NOT NULL AUTO_INCREMENT,
				cdate datetime NOT NULL,
				filename VARCHAR(500) NOT NULL,
				event_count int(11) NOT NULL,				 
				PRIMARY KEY  id (id)
			) ENGINE=MyISAM DEFAULT CHARSET=utf8 AUTO_INCREMENT=1</p>
<p>Queries made or created this session were:</p>
<ol>
<li>Executing: BEGIN | (no parameters)</li>
<li>Executing: ROLLBACK | (no parameters)</li>
</ol>
</div>
<div style="clear:both;margin-bottom:2px;border:red dotted thin;" class="error_message" style="border-bottom:dotted blue thin;">
Error occurred at line 4117 in Function <code>handle_error</code>. Error message was: Cannot combine AUTOINCREMENT and multiple primary keys in SQLite.
</div>
<p>Backtrace:</p>
<pre>#0 /internal/shared/sqlite-database-integration/wp-includes/sqlite/class-wp-sqlite-db.php(287): WP_SQLite_Translator->get_error_message()
#1 /wordpress/wp-admin/includes/upgrade.php(3280): WP_SQLite_DB->query('CREATE TABLE wp...')
#2 /wordpress/wp-content/plugins/wptermingermany/controller/wptg_PluginController.class.php(108): dbDelta(Array)
#3 /wordpress/wp-includes/class-wp-hook.php(324): wptg_PluginController->activation(false)
#4 /wordpress/wp-includes/class-wp-hook.php(348): WP_Hook->apply_filters('', Array)
#5 /wordpress/wp-includes/plugin.php(517): WP_Hook->do_action(Array)
#6 /wordpress/wp-admin/includes/plugin.php(703): do_action('activate_wpterm...', false)
#7 /internal/eval.php(20): activate_plugin('wptermingermany...')
#8 {main}</pre>
 for query CREATE TABLE wp_wptg_import (
				id mediumint(9) NOT NULL AUTO_INCREMENT,
				cdate datetime NOT NULL,
				filename VARCHAR(500) NOT NULL,
				event_count int(11) NOT NULL,				 
				PRIMARY KEY  id (id)
			) ENGINE=MyISAM DEFAULT CHARSET=utf8 AUTO_INCREMENT=1 made by activate_plugin, do_action('activate_wptermingermany/wptermingermany.php'), WP_Hook->do_action, WP_Hook->apply_filters, wptg_PluginController->activation, dbDelta, WP_SQLite_DB->query, WP_SQLite_DB->print_error
[29-May-2025 06:57:39 Europe/Berlin] PHP Fatal error:  Uncaught ArgumentCountError: Too few arguments to function WP_Widget::__construct(), 0 passed in /wordpress/wp-includes/class-wp-widget-factory.php on line 62 and at least 2 expected in /wordpress/wp-includes/class-wp-widget.php:163
Stack trace:
#0 /wordpress/wp-includes/class-wp-widget-factory.php(62): WP_Widget->__construct()
#1 /wordpress/wp-includes/widgets.php(123): WP_Widget_Factory->register('wptg_monthwidge...')
#2 /wordpress/wp-content/plugins/wptermingermany/controller/wptg_PluginController.class.php(401): register_widget('wptg_monthwidge...')
#3 /wordpress/wp-includes/class-wp-hook.php(324): wptg_PluginController->widgets_init('')
#4 /wordpress/wp-includes/class-wp-hook.php(348): WP_Hook->apply_filters(NULL, Array)
#5 /wordpress/wp-includes/plugin.php(517): WP_Hook->do_action(Array)
#6 /wordpress/wp-includes/widgets.php(1870): do_action('widgets_init')
#7 /wordpress/wp-includes/class-wp-hook.php(324): wp_widgets_init('')
#8 /wordpress/wp-includes/class-wp-hook.php(348): WP_Hook->apply_filters(NULL, Array)
#9 /wordpress/wp-includes/plugin.php(517): WP_Hook->do_action(Array)
#10 /wordpress/wp-settings.php(727): do_action('init')
#11 /wordpress/wp-config.php(102): require_once('/wordpress/wp-s...')
#12 /wordpress/wp-load.php(50): require_once('/wordpress/wp-c...')
#13 /internal/eval.php(3): require_once('/wordpress/wp-l...')
#14 {main}
  thrown in /wordpress/wp-includes/class-wp-widget.php on line 163
[29-May-2025 06:57:47 Europe/Berlin] WordPress database error <div style="clear:both">&nbsp;</div>
<div class="queries" style="clear:both;margin-bottom:2px;border:red dotted thin;">
<p>MySQL query:</p>
<p>CREATE TABLE wp_wptg_import (
				id mediumint(9) NOT NULL AUTO_INCREMENT,
				cdate datetime NOT NULL,
				filename VARCHAR(500) NOT NULL,
				event_count int(11) NOT NULL,				 
				PRIMARY KEY  id (id)
			) ENGINE=MyISAM DEFAULT CHARSET=utf8 AUTO_INCREMENT=1</p>
<p>Queries made or created this session were:</p>
<ol>
<li>Executing: BEGIN | (no parameters)</li>
<li>Executing: ROLLBACK | (no parameters)</li>
</ol>
</div>
<div style="clear:both;margin-bottom:2px;border:red dotted thin;" class="error_message" style="border-bottom:dotted blue thin;">
Error occurred at line 4117 in Function <code>handle_error</code>. Error message was: Cannot combine AUTOINCREMENT and multiple primary keys in SQLite.
</div>
<p>Backtrace:</p>
<pre>#0 /internal/shared/sqlite-database-integration/wp-includes/sqlite/class-wp-sqlite-db.php(287): WP_SQLite_Translator->get_error_message()
#1 /wordpress/wp-admin/includes/upgrade.php(3280): WP_SQLite_DB->query('CREATE TABLE wp...')
#2 /wordpress/wp-content/plugins/wptermingermany/controller/wptg_PluginController.class.php(108): dbDelta(Array)
#3 /wordpress/wp-includes/class-wp-hook.php(324): wptg_PluginController->activation(false)
#4 /wordpress/wp-includes/class-wp-hook.php(348): WP_Hook->apply_filters('', Array)
#5 /wordpress/wp-includes/plugin.php(517): WP_Hook->do_action(Array)
#6 /wordpress/wp-admin/includes/plugin.php(703): do_action('activate_wpterm...', false)
#7 /internal/eval.php(20): activate_plugin('wptermingermany...')
#8 {main}</pre>
 for query CREATE TABLE wp_wptg_import (
				id mediumint(9) NOT NULL AUTO_INCREMENT,
				cdate datetime NOT NULL,
				filename VARCHAR(500) NOT NULL,
				event_count int(11) NOT NULL,				 
				PRIMARY KEY  id (id)
			) ENGINE=MyISAM DEFAULT CHARSET=utf8 AUTO_INCREMENT=1 made by activate_plugin, do_action('activate_wptermingermany/wptermingermany.php'), WP_Hook->do_action, WP_Hook->apply_filters, wptg_PluginController->activation, dbDelta, WP_SQLite_DB->query, WP_SQLite_DB->print_error
[29-May-2025 06:57:48 Europe/Berlin] PHP Fatal error:  Uncaught ArgumentCountError: Too few arguments to function WP_Widget::__construct(), 0 passed in /wordpress/wp-includes/class-wp-widget-factory.php on line 62 and at least 2 expected in /wordpress/wp-includes/class-wp-widget.php:163
Stack trace:
#0 /wordpress/wp-includes/class-wp-widget-factory.php(62): WP_Widget->__construct()
#1 /wordpress/wp-includes/widgets.php(123): WP_Widget_Factory->register('wptg_monthwidge...')
#2 /wordpress/wp-content/plugins/wptermingermany/controller/wptg_PluginController.class.php(401): register_widget('wptg_monthwidge...')
#3 /wordpress/wp-includes/class-wp-hook.php(324): wptg_PluginController->widgets_init('')
#4 /wordpress/wp-includes/class-wp-hook.php(348): WP_Hook->apply_filters(NULL, Array)
#5 /wordpress/wp-includes/plugin.php(517): WP_Hook->do_action(Array)
#6 /wordpress/wp-includes/widgets.php(1870): do_action('widgets_init')
#7 /wordpress/wp-includes/class-wp-hook.php(324): wp_widgets_init('')
#8 /wordpress/wp-includes/class-wp-hook.php(348): WP_Hook->apply_filters(NULL, Array)
#9 /wordpress/wp-includes/plugin.php(517): WP_Hook->do_action(Array)
#10 /wordpress/wp-settings.php(727): do_action('init')
#11 /wordpress/wp-config.php(102): require_once('/wordpress/wp-s...')
#12 /wordpress/wp-load.php(50): require_once('/wordpress/wp-c...')
#13 /internal/eval.php(3): require_once('/wordpress/wp-l...')
#14 {main}
  thrown in /wordpress/wp-includes/class-wp-widget.php on line 163
[29-May-2025 04:58:26 UTC] PHP Fatal error:  Array and string offset access syntax with curly braces is no longer supported in /wordpress/wp-content/plugins/wsanalytics-google-analytics-and-dashboards/lib/Google/Utils.php on line 67
[29-May-2025 04:58:34 UTC] PHP Fatal error:  Array and string offset access syntax with curly braces is no longer supported in /wordpress/wp-content/plugins/wsanalytics-google-analytics-and-dashboards/lib/Google/Utils.php on line 67
[29-May-2025 04:58:43 UTC] PHP Fatal error:  Array and string offset access syntax with curly braces is no longer supported in /wordpress/wp-content/plugins/wsanalytics-google-analytics-and-dashboards/lib/Google/Utils.php on line 67
[29-May-2025 04:58:53 UTC] PHP Warning:  Undefined array key "button" in /wordpress/wp-content/plugins/wxlog/includes/admin/class-wxlog-custom-menu.php on line 9
[29-May-2025 04:58:53 UTC] PHP Warning:  Undefined array key "QUERY_STRING" in /wordpress/wp-content/plugins/wxlog/includes/admin/class-wxlog-test.php on line 6
[29-May-2025 04:59:02 UTC] PHP Warning:  Undefined array key "button" in /wordpress/wp-content/plugins/wxlog/includes/admin/class-wxlog-custom-menu.php on line 9
[29-May-2025 04:59:02 UTC] PHP Warning:  Undefined array key "QUERY_STRING" in /wordpress/wp-content/plugins/wxlog/includes/admin/class-wxlog-test.php on line 6
[29-May-2025 04:59:11 UTC] PHP Warning:  Undefined array key "button" in /wordpress/wp-content/plugins/wxlog/includes/admin/class-wxlog-custom-menu.php on line 9
[29-May-2025 04:59:11 UTC] PHP Warning:  Undefined array key "QUERY_STRING" in /wordpress/wp-content/plugins/wxlog/includes/admin/class-wxlog-test.php on line 6
[29-May-2025 04:59:21 UTC] PHP Fatal error:  Declaration of WP_Documents::do_item($handle) must be compatible with WP_Dependencies::do_item($handle, $group = false) in /wordpress/wp-content/plugins/wp-html-imports-helper/class.wp-documents.php on line 39
[29-May-2025 04:59:30 UTC] PHP Fatal error:  Declaration of WP_Documents::do_item($handle) must be compatible with WP_Dependencies::do_item($handle, $group = false) in /wordpress/wp-content/plugins/wp-html-imports-helper/class.wp-documents.php on line 39
[29-May-2025 04:59:38 UTC] PHP Fatal error:  Declaration of WP_Documents::do_item($handle) must be compatible with WP_Dependencies::do_item($handle, $group = false) in /wordpress/wp-content/plugins/wp-html-imports-helper/class.wp-documents.php on line 39
[29-May-2025 05:01:02 UTC] PHP Deprecated:  File upgrade-functions.php is <strong>deprecated</strong> since version 2.5.0! Use wp-admin/includes/upgrade.php instead. in /wordpress/wp-includes/functions.php on line 6121
[29-May-2025 05:01:10 UTC] PHP Deprecated:  File upgrade-functions.php is <strong>deprecated</strong> since version 2.5.0! Use wp-admin/includes/upgrade.php instead. in /wordpress/wp-includes/functions.php on line 6121
[29-May-2025 05:01:19 UTC] PHP Deprecated:  File upgrade-functions.php is <strong>deprecated</strong> since version 2.5.0! Use wp-admin/includes/upgrade.php instead. in /wordpress/wp-includes/functions.php on line 6121
[29-May-2025 05:06:02 UTC] PHP Fatal error:  Uncaught Error: Call to undefined function create_function() in /wordpress/wp-content/plugins/wp-responsive-horizontal-box-slider/widget/wprhbs-widget.php:274
Stack trace:
#0 /wordpress/wp-content/plugins/wp-responsive-horizontal-box-slider/wp-responsive-horizontal-box-slider.php(60): require()
#1 /wordpress/wp-admin/includes/plugin.php(2387): include_once('/wordpress/wp-c...')
#2 /wordpress/wp-admin/includes/plugin.php(673): plugin_sandbox_scrape('wp-responsive-h...')
#3 /internal/eval.php(20): activate_plugin('wp-responsive-h...')
#4 {main}
  thrown in /wordpress/wp-content/plugins/wp-responsive-horizontal-box-slider/widget/wprhbs-widget.php on line 274

    at Object.onBind (file:///home/runner/work/playground-tester/playground-tester/node_modules/@wp-playground/cli/index.js:237:15)
    at process.processTicksAndRejections (node:internal/process/task_queues:105:5)
    at async V (file:///home/runner/work/playground-tester/playground-tester/node_modules/@wp-playground/cli/index.js:64:10)
    at async ja (file:///home/runner/work/playground-tester/playground-tester/node_modules/@wp-playground/cli/cli.js:8161:12) {
  [cause]: Error: Error when executing the blueprint step #5 ({"step":"installPlugin","pluginData":{"resource":"wordpress.org/plugins","slug":"wp-responsive-horizontal-box-slider"},"options":{"activate":true}}) : PHP.run() failed with exit code 255 and the following output: 
      at Object.run (file:///home/runner/work/playground-tester/playground-tester/node_modules/@wp-playground/blueprints/index.js:12449:19)
      at process.processTicksAndRejections (node:internal/process/task_queues:105:5)
      at async ms (file:///home/runner/work/playground-tester/playground-tester/node_modules/@wp-playground/blueprints/index.js:12552:3)
      ... 2 lines matching cause stack trace ...
      at async ja (file:///home/runner/work/playground-tester/playground-tester/node_modules/@wp-playground/cli/cli.js:8161:12) {
    [cause]: PHPExecutionFailureError: PHP.run() failed with exit code 255 and the following output: 
        at PHP.run (file:///home/runner/work/playground-tester/playground-tester/node_modules/@php-wasm/universal/index.js:987:19)
        at process.processTicksAndRejections (node:internal/process/task_queues:105:5)
        at async wr (file:///home/runner/work/playground-tester/playground-tester/node_modules/@wp-playground/blueprints/index.js:33:39)
        at async Object.gt [as installPlugin] (file:///home/runner/work/playground-tester/playground-tester/node_modules/@wp-playground/blueprints/index.js:974:42)
        at async g (file:///home/runner/work/playground-tester/playground-tester/node_modules/@wp-playground/blueprints/index.js:12517:30)
        at async Object.run (file:///home/runner/work/playground-tester/playground-tester/node_modules/@wp-playground/blueprints/index.js:12446:23)
        at async ms (file:///home/runner/work/playground-tester/playground-tester/node_modules/@wp-playground/blueprints/index.js:12552:3)
        at async Object.onBind (file:///home/runner/work/playground-tester/playground-tester/node_modules/@wp-playground/cli/index.js:227:48)
        at async V (file:///home/runner/work/playground-tester/playground-tester/node_modules/@wp-playground/cli/index.js:64:10)
        at async ja (file:///home/runner/work/playground-tester/playground-tester/node_modules/@wp-playground/cli/cli.js:8161:12) {
      response: PHPResponse {
        httpStatusCode: 500,
        headers: {
          'x-powered-by': [ 'PHP/8.0.30-dev' ],
          'content-type': [ 'text/html; charset=UTF-8' ]
        },
        bytes: Uint8Array(0) [],
        exitCode: 255,
        errors: ''
      },
      source: 'request'
    }
  }
}

Node.js v23.11.0
