file:///home/runner/work/playground-tester/playground-tester/node_modules/@wp-playground/cli/run-cli-j-geJYS3.js:325
        throw new Error($, { cause: h });
              ^

Error: [21-Jun-2025 04:54:55 UTC] PHP Notice:  Function register_uninstall_hook was called <strong>incorrectly</strong>. Only a static class method or function can be used in an uninstall hook. Please see <a href="https://developer.wordpress.org/advanced-administration/debug/debug-wordpress/">Debugging in WordPress</a> for more information. (This message was added in version 3.1.0.) in /wordpress/wp-includes/functions.php on line 6121
[21-Jun-2025 04:54:55 UTC] PHP Warning:  Trying to access array offset on value of type bool in /wordpress/wp-content/plugins/simple-security/simple-security-plugin.php on line 163
[21-Jun-2025 04:54:55 UTC] PHP Warning:  Trying to access array offset on value of type null in /wordpress/wp-content/plugins/simple-security/simple-security-plugin.php on line 163
[21-Jun-2025 04:54:55 UTC] PHP Warning:  Trying to access array offset on value of type bool in /wordpress/wp-content/plugins/simple-security/simple-security-plugin.php on line 128
[21-Jun-2025 04:54:55 UTC] PHP Warning:  Trying to access array offset on value of type null in /wordpress/wp-content/plugins/simple-security/simple-security-plugin.php on line 128
[21-Jun-2025 04:54:55 UTC] PHP Warning:  Trying to access array offset on value of type bool in /wordpress/wp-content/plugins/simple-security/simple-security-plugin.php on line 117
[21-Jun-2025 04:54:55 UTC] PHP Warning:  Trying to access array offset on value of type null in /wordpress/wp-content/plugins/simple-security/simple-security-plugin.php on line 117
[21-Jun-2025 04:54:55 UTC] PHP Warning:  Trying to access array offset on value of type bool in /wordpress/wp-content/plugins/simple-security/simple-security-plugin.php on line 152
[21-Jun-2025 04:54:55 UTC] PHP Warning:  Trying to access array offset on value of type null in /wordpress/wp-content/plugins/simple-security/simple-security-plugin.php on line 152
[21-Jun-2025 04:54:55 UTC] PHP Warning:  Undefined array key "action" in /wordpress/wp-content/plugins/simple-security/simple-security-loader.php on line 48
[21-Jun-2025 04:54:55 UTC] PHP Notice:  Function register_uninstall_hook was called <strong>incorrectly</strong>. Only a static class method or function can be used in an uninstall hook. Please see <a href="https://developer.wordpress.org/advanced-administration/debug/debug-wordpress/">Debugging in WordPress</a> for more information. (This message was added in version 3.1.0.) in /wordpress/wp-includes/functions.php on line 6121
[21-Jun-2025 04:54:55 UTC] PHP Warning:  Undefined array key "basic_settings" in /wordpress/wp-content/plugins/simple-security/simple-security-plugin.php on line 163
[21-Jun-2025 04:54:55 UTC] PHP Warning:  Trying to access array offset on value of type null in /wordpress/wp-content/plugins/simple-security/simple-security-plugin.php on line 163
[21-Jun-2025 04:54:55 UTC] PHP Warning:  Undefined array key "basic_settings" in /wordpress/wp-content/plugins/simple-security/simple-security-plugin.php on line 128
[21-Jun-2025 04:54:55 UTC] PHP Warning:  Trying to access array offset on value of type null in /wordpress/wp-content/plugins/simple-security/simple-security-plugin.php on line 128
[21-Jun-2025 04:54:55 UTC] PHP Warning:  Undefined array key "basic_settings" in /wordpress/wp-content/plugins/simple-security/simple-security-plugin.php on line 117
[21-Jun-2025 04:54:55 UTC] PHP Warning:  Trying to access array offset on value of type null in /wordpress/wp-content/plugins/simple-security/simple-security-plugin.php on line 117
[21-Jun-2025 04:54:55 UTC] PHP Warning:  Undefined array key "basic_settings" in /wordpress/wp-content/plugins/simple-security/simple-security-plugin.php on line 152
[21-Jun-2025 04:54:55 UTC] PHP Warning:  Trying to access array offset on value of type null in /wordpress/wp-content/plugins/simple-security/simple-security-plugin.php on line 152
[21-Jun-2025 04:54:55 UTC] PHP Warning:  Undefined array key "basic_settings" in /wordpress/wp-content/plugins/simple-security/simple-security-plugin.php on line 219
[21-Jun-2025 04:54:55 UTC] PHP Warning:  Trying to access array offset on value of type null in /wordpress/wp-content/plugins/simple-security/simple-security-plugin.php on line 219
[21-Jun-2025 04:55:03 UTC] PHP Notice:  Function register_uninstall_hook was called <strong>incorrectly</strong>. Only a static class method or function can be used in an uninstall hook. Please see <a href="https://developer.wordpress.org/advanced-administration/debug/debug-wordpress/">Debugging in WordPress</a> for more information. (This message was added in version 3.1.0.) in /wordpress/wp-includes/functions.php on line 6121
[21-Jun-2025 04:55:03 UTC] PHP Warning:  Trying to access array offset on value of type bool in /wordpress/wp-content/plugins/simple-security/simple-security-plugin.php on line 163
[21-Jun-2025 04:55:03 UTC] PHP Warning:  Trying to access array offset on value of type null in /wordpress/wp-content/plugins/simple-security/simple-security-plugin.php on line 163
[21-Jun-2025 04:55:03 UTC] PHP Warning:  Trying to access array offset on value of type bool in /wordpress/wp-content/plugins/simple-security/simple-security-plugin.php on line 128
[21-Jun-2025 04:55:03 UTC] PHP Warning:  Trying to access array offset on value of type null in /wordpress/wp-content/plugins/simple-security/simple-security-plugin.php on line 128
[21-Jun-2025 04:55:03 UTC] PHP Warning:  Trying to access array offset on value of type bool in /wordpress/wp-content/plugins/simple-security/simple-security-plugin.php on line 117
[21-Jun-2025 04:55:03 UTC] PHP Warning:  Trying to access array offset on value of type null in /wordpress/wp-content/plugins/simple-security/simple-security-plugin.php on line 117
[21-Jun-2025 04:55:03 UTC] PHP Warning:  Trying to access array offset on value of type bool in /wordpress/wp-content/plugins/simple-security/simple-security-plugin.php on line 152
[21-Jun-2025 04:55:03 UTC] PHP Warning:  Trying to access array offset on value of type null in /wordpress/wp-content/plugins/simple-security/simple-security-plugin.php on line 152
[21-Jun-2025 04:55:03 UTC] PHP Warning:  Undefined array key "action" in /wordpress/wp-content/plugins/simple-security/simple-security-loader.php on line 48
[21-Jun-2025 04:55:05 UTC] PHP Notice:  Function register_uninstall_hook was called <strong>incorrectly</strong>. Only a static class method or function can be used in an uninstall hook. Please see <a href="https://developer.wordpress.org/advanced-administration/debug/debug-wordpress/">Debugging in WordPress</a> for more information. (This message was added in version 3.1.0.) in /wordpress/wp-includes/functions.php on line 6121
[21-Jun-2025 04:55:05 UTC] PHP Warning:  Undefined array key "basic_settings" in /wordpress/wp-content/plugins/simple-security/simple-security-plugin.php on line 163
[21-Jun-2025 04:55:05 UTC] PHP Warning:  Trying to access array offset on value of type null in /wordpress/wp-content/plugins/simple-security/simple-security-plugin.php on line 163
[21-Jun-2025 04:55:05 UTC] PHP Warning:  Undefined array key "basic_settings" in /wordpress/wp-content/plugins/simple-security/simple-security-plugin.php on line 128
[21-Jun-2025 04:55:05 UTC] PHP Warning:  Trying to access array offset on value of type null in /wordpress/wp-content/plugins/simple-security/simple-security-plugin.php on line 128
[21-Jun-2025 04:55:05 UTC] PHP Warning:  Undefined array key "basic_settings" in /wordpress/wp-content/plugins/simple-security/simple-security-plugin.php on line 117
[21-Jun-2025 04:55:05 UTC] PHP Warning:  Trying to access array offset on value of type null in /wordpress/wp-content/plugins/simple-security/simple-security-plugin.php on line 117
[21-Jun-2025 04:55:05 UTC] PHP Warning:  Undefined array key "basic_settings" in /wordpress/wp-content/plugins/simple-security/simple-security-plugin.php on line 152
[21-Jun-2025 04:55:05 UTC] PHP Warning:  Trying to access array offset on value of type null in /wordpress/wp-content/plugins/simple-security/simple-security-plugin.php on line 152
[21-Jun-2025 04:55:05 UTC] PHP Warning:  Undefined array key "basic_settings" in /wordpress/wp-content/plugins/simple-security/simple-security-plugin.php on line 219
[21-Jun-2025 04:55:05 UTC] PHP Warning:  Trying to access array offset on value of type null in /wordpress/wp-content/plugins/simple-security/simple-security-plugin.php on line 219
[21-Jun-2025 04:55:14 UTC] PHP Notice:  Function register_uninstall_hook was called <strong>incorrectly</strong>. Only a static class method or function can be used in an uninstall hook. Please see <a href="https://developer.wordpress.org/advanced-administration/debug/debug-wordpress/">Debugging in WordPress</a> for more information. (This message was added in version 3.1.0.) in /wordpress/wp-includes/functions.php on line 6121
[21-Jun-2025 04:55:14 UTC] PHP Warning:  Trying to access array offset on value of type bool in /wordpress/wp-content/plugins/simple-security/simple-security-plugin.php on line 163
[21-Jun-2025 04:55:14 UTC] PHP Warning:  Trying to access array offset on value of type null in /wordpress/wp-content/plugins/simple-security/simple-security-plugin.php on line 163
[21-Jun-2025 04:55:14 UTC] PHP Warning:  Trying to access array offset on value of type bool in /wordpress/wp-content/plugins/simple-security/simple-security-plugin.php on line 128
[21-Jun-2025 04:55:14 UTC] PHP Warning:  Trying to access array offset on value of type null in /wordpress/wp-content/plugins/simple-security/simple-security-plugin.php on line 128
[21-Jun-2025 04:55:14 UTC] PHP Warning:  Trying to access array offset on value of type bool in /wordpress/wp-content/plugins/simple-security/simple-security-plugin.php on line 117
[21-Jun-2025 04:55:14 UTC] PHP Warning:  Trying to access array offset on value of type null in /wordpress/wp-content/plugins/simple-security/simple-security-plugin.php on line 117
[21-Jun-2025 04:55:14 UTC] PHP Warning:  Trying to access array offset on value of type bool in /wordpress/wp-content/plugins/simple-security/simple-security-plugin.php on line 152
[21-Jun-2025 04:55:14 UTC] PHP Warning:  Trying to access array offset on value of type null in /wordpress/wp-content/plugins/simple-security/simple-security-plugin.php on line 152
[21-Jun-2025 04:55:14 UTC] PHP Warning:  Undefined array key "action" in /wordpress/wp-content/plugins/simple-security/simple-security-loader.php on line 48
[21-Jun-2025 04:55:15 UTC] PHP Notice:  Function register_uninstall_hook was called <strong>incorrectly</strong>. Only a static class method or function can be used in an uninstall hook. Please see <a href="https://developer.wordpress.org/advanced-administration/debug/debug-wordpress/">Debugging in WordPress</a> for more information. (This message was added in version 3.1.0.) in /wordpress/wp-includes/functions.php on line 6121
[21-Jun-2025 04:55:15 UTC] PHP Warning:  Undefined array key "basic_settings" in /wordpress/wp-content/plugins/simple-security/simple-security-plugin.php on line 163
[21-Jun-2025 04:55:15 UTC] PHP Warning:  Trying to access array offset on value of type null in /wordpress/wp-content/plugins/simple-security/simple-security-plugin.php on line 163
[21-Jun-2025 04:55:15 UTC] PHP Warning:  Undefined array key "basic_settings" in /wordpress/wp-content/plugins/simple-security/simple-security-plugin.php on line 128
[21-Jun-2025 04:55:15 UTC] PHP Warning:  Trying to access array offset on value of type null in /wordpress/wp-content/plugins/simple-security/simple-security-plugin.php on line 128
[21-Jun-2025 04:55:15 UTC] PHP Warning:  Undefined array key "basic_settings" in /wordpress/wp-content/plugins/simple-security/simple-security-plugin.php on line 117
[21-Jun-2025 04:55:15 UTC] PHP Warning:  Trying to access array offset on value of type null in /wordpress/wp-content/plugins/simple-security/simple-security-plugin.php on line 117
[21-Jun-2025 04:55:15 UTC] PHP Warning:  Undefined array key "basic_settings" in /wordpress/wp-content/plugins/simple-security/simple-security-plugin.php on line 152
[21-Jun-2025 04:55:15 UTC] PHP Warning:  Trying to access array offset on value of type null in /wordpress/wp-content/plugins/simple-security/simple-security-plugin.php on line 152
[21-Jun-2025 04:55:15 UTC] PHP Warning:  Undefined array key "basic_settings" in /wordpress/wp-content/plugins/simple-security/simple-security-plugin.php on line 219
[21-Jun-2025 04:55:15 UTC] PHP Warning:  Trying to access array offset on value of type null in /wordpress/wp-content/plugins/simple-security/simple-security-plugin.php on line 219
[21-Jun-2025 04:55:56 UTC] PHP Parse error:  syntax error, unexpected token "new" in /wordpress/wp-content/plugins/simple-tagging-plugin/simpletagging.php on line 55
[21-Jun-2025 04:56:05 UTC] PHP Parse error:  syntax error, unexpected token "new" in /wordpress/wp-content/plugins/simple-tagging-plugin/simpletagging.php on line 55
[21-Jun-2025 04:56:14 UTC] PHP Parse error:  syntax error, unexpected token "new" in /wordpress/wp-content/plugins/simple-tagging-plugin/simpletagging.php on line 55
[21-Jun-2025 04:56:27 UTC] PHP Notice:  Function _load_textdomain_just_in_time was called <strong>incorrectly</strong>. Translation loading for the <code>radius-blocks</code> domain was triggered too early. This is usually an indicator for some code in the plugin or theme running too early. Translations should be loaded at the <code>init</code> action or later. Please see <a href="https://developer.wordpress.org/advanced-administration/debug/debug-wordpress/">Debugging in WordPress</a> for more information. (This message was added in version 6.7.0.) in /wordpress/wp-includes/functions.php on line 6121
[21-Jun-2025 04:56:40 UTC] PHP Notice:  Function _load_textdomain_just_in_time was called <strong>incorrectly</strong>. Translation loading for the <code>radius-blocks</code> domain was triggered too early. This is usually an indicator for some code in the plugin or theme running too early. Translations should be loaded at the <code>init</code> action or later. Please see <a href="https://developer.wordpress.org/advanced-administration/debug/debug-wordpress/">Debugging in WordPress</a> for more information. (This message was added in version 6.7.0.) in /wordpress/wp-includes/functions.php on line 6121
[21-Jun-2025 04:56:52 UTC] PHP Notice:  Function _load_textdomain_just_in_time was called <strong>incorrectly</strong>. Translation loading for the <code>radius-blocks</code> domain was triggered too early. This is usually an indicator for some code in the plugin or theme running too early. Translations should be loaded at the <code>init</code> action or later. Please see <a href="https://developer.wordpress.org/advanced-administration/debug/debug-wordpress/">Debugging in WordPress</a> for more information. (This message was added in version 6.7.0.) in /wordpress/wp-includes/functions.php on line 6121
[21-Jun-2025 05:00:04 UTC] PHP Warning:  Trying to access array offset on value of type bool in /wordpress/wp-content/plugins/share-monkey/includes/class-share-monkey.php on line 223
[21-Jun-2025 05:00:04 UTC] PHP Warning:  Trying to access array offset on value of type bool in /wordpress/wp-content/plugins/share-monkey/includes/class-share-monkey.php on line 283
[21-Jun-2025 05:00:14 UTC] PHP Warning:  Trying to access array offset on value of type bool in /wordpress/wp-content/plugins/share-monkey/includes/class-share-monkey.php on line 223
[21-Jun-2025 05:00:14 UTC] PHP Warning:  Trying to access array offset on value of type bool in /wordpress/wp-content/plugins/share-monkey/includes/class-share-monkey.php on line 283
[21-Jun-2025 05:00:25 UTC] PHP Warning:  Trying to access array offset on value of type bool in /wordpress/wp-content/plugins/share-monkey/includes/class-share-monkey.php on line 223
[21-Jun-2025 05:00:25 UTC] PHP Warning:  Trying to access array offset on value of type bool in /wordpress/wp-content/plugins/share-monkey/includes/class-share-monkey.php on line 283
[21-Jun-2025 05:00:36 UTC] PHP Fatal error:  Uncaught Error: Call to undefined function create_function() in /wordpress/wp-content/plugins/simple-qrcode/wordpress-qr-code.php:188
Stack trace:
#0 /wordpress/wp-admin/includes/plugin.php(2387): include_once()
#1 /wordpress/wp-admin/includes/plugin.php(673): plugin_sandbox_scrape('simple-qrcode/w...')
#2 /internal/eval.php(20): activate_plugin('simple-qrcode/w...')
#3 {main}
  thrown in /wordpress/wp-content/plugins/simple-qrcode/wordpress-qr-code.php on line 188
[21-Jun-2025 05:00:46 UTC] PHP Fatal error:  Uncaught Error: Call to undefined function create_function() in /wordpress/wp-content/plugins/simple-qrcode/wordpress-qr-code.php:188
Stack trace:
#0 /wordpress/wp-admin/includes/plugin.php(2387): include_once()
#1 /wordpress/wp-admin/includes/plugin.php(673): plugin_sandbox_scrape('simple-qrcode/w...')
#2 /internal/eval.php(20): activate_plugin('simple-qrcode/w...')
#3 {main}
  thrown in /wordpress/wp-content/plugins/simple-qrcode/wordpress-qr-code.php on line 188
[21-Jun-2025 05:00:55 UTC] PHP Fatal error:  Uncaught Error: Call to undefined function create_function() in /wordpress/wp-content/plugins/simple-qrcode/wordpress-qr-code.php:188
Stack trace:
#0 /wordpress/wp-admin/includes/plugin.php(2387): include_once()
#1 /wordpress/wp-admin/includes/plugin.php(673): plugin_sandbox_scrape('simple-qrcode/w...')
#2 /internal/eval.php(20): activate_plugin('simple-qrcode/w...')
#3 {main}
  thrown in /wordpress/wp-content/plugins/simple-qrcode/wordpress-qr-code.php on line 188
[21-Jun-2025 05:01:05 UTC] PHP Notice:  Function _load_textdomain_just_in_time was called <strong>incorrectly</strong>. Translation loading for the <code>simple-seo-pack</code> domain was triggered too early. This is usually an indicator for some code in the plugin or theme running too early. Translations should be loaded at the <code>init</code> action or later. Please see <a href="https://developer.wordpress.org/advanced-administration/debug/debug-wordpress/">Debugging in WordPress</a> for more information. (This message was added in version 6.7.0.) in /wordpress/wp-includes/functions.php on line 6121
[21-Jun-2025 05:01:16 UTC] PHP Notice:  Function _load_textdomain_just_in_time was called <strong>incorrectly</strong>. Translation loading for the <code>simple-seo-pack</code> domain was triggered too early. This is usually an indicator for some code in the plugin or theme running too early. Translations should be loaded at the <code>init</code> action or later. Please see <a href="https://developer.wordpress.org/advanced-administration/debug/debug-wordpress/">Debugging in WordPress</a> for more information. (This message was added in version 6.7.0.) in /wordpress/wp-includes/functions.php on line 6121
[21-Jun-2025 05:01:27 UTC] PHP Notice:  Function _load_textdomain_just_in_time was called <strong>incorrectly</strong>. Translation loading for the <code>simple-seo-pack</code> domain was triggered too early. This is usually an indicator for some code in the plugin or theme running too early. Translations should be loaded at the <code>init</code> action or later. Please see <a href="https://developer.wordpress.org/advanced-administration/debug/debug-wordpress/">Debugging in WordPress</a> for more information. (This message was added in version 6.7.0.) in /wordpress/wp-includes/functions.php on line 6121
[21-Jun-2025 05:01:37 UTC] PHP Fatal error:  Uncaught Error: Call to undefined function create_function() in /wordpress/wp-content/plugins/simple-social-widget/simple-social-widget.php:98
Stack trace:
#0 /wordpress/wp-admin/includes/plugin.php(2387): include_once()
#1 /wordpress/wp-admin/includes/plugin.php(673): plugin_sandbox_scrape('simple-social-w...')
#2 /internal/eval.php(20): activate_plugin('simple-social-w...')
#3 {main}
  thrown in /wordpress/wp-content/plugins/simple-social-widget/simple-social-widget.php on line 98

    at Object.onBind (file:///home/runner/work/playground-tester/playground-tester/node_modules/@wp-playground/cli/run-cli-j-geJYS3.js:325:15)
    at process.processTicksAndRejections (node:internal/process/task_queues:105:5)
    at async re (file:///home/runner/work/playground-tester/playground-tester/node_modules/@wp-playground/cli/run-cli-j-geJYS3.js:149:10) {
  [cause]: Error: Error when executing the blueprint step #5 ({"step":"installPlugin","pluginData":{"resource":"wordpress.org/plugins","slug":"simple-social-widget"},"options":{"activate":true}}) : PHP.run() failed with exit code 255 and the following output: 
      at Object.run (file:///home/runner/work/playground-tester/playground-tester/node_modules/@wp-playground/blueprints/index.js:12093:19)
      at process.processTicksAndRejections (node:internal/process/task_queues:105:5)
      at async ys (file:///home/runner/work/playground-tester/playground-tester/node_modules/@wp-playground/blueprints/index.js:12196:3)
      at async Object.onBind (file:///home/runner/work/playground-tester/playground-tester/node_modules/@wp-playground/cli/run-cli-j-geJYS3.js:315:48)
      at async re (file:///home/runner/work/playground-tester/playground-tester/node_modules/@wp-playground/cli/run-cli-j-geJYS3.js:149:10) {
    [cause]: PHPExecutionFailureError: PHP.run() failed with exit code 255 and the following output: 
        at PHP.run (file:///home/runner/work/playground-tester/playground-tester/node_modules/@php-wasm/universal/index.js:1034:19)
        at process.processTicksAndRejections (node:internal/process/task_queues:105:5)
        at async wr (file:///home/runner/work/playground-tester/playground-tester/node_modules/@wp-playground/blueprints/index.js:34:39)
        at async Object.gt [as installPlugin] (file:///home/runner/work/playground-tester/playground-tester/node_modules/@wp-playground/blueprints/index.js:631:42)
        at async g (file:///home/runner/work/playground-tester/playground-tester/node_modules/@wp-playground/blueprints/index.js:12161:30)
        at async Object.run (file:///home/runner/work/playground-tester/playground-tester/node_modules/@wp-playground/blueprints/index.js:12090:23)
        at async ys (file:///home/runner/work/playground-tester/playground-tester/node_modules/@wp-playground/blueprints/index.js:12196:3)
        at async Object.onBind (file:///home/runner/work/playground-tester/playground-tester/node_modules/@wp-playground/cli/run-cli-j-geJYS3.js:315:48)
        at async re (file:///home/runner/work/playground-tester/playground-tester/node_modules/@wp-playground/cli/run-cli-j-geJYS3.js:149:10) {
      response: PHPResponse {
        httpStatusCode: 500,
        headers: {
          'x-powered-by': [ 'PHP/8.0.30-dev' ],
          'content-type': [ 'text/html; charset=UTF-8' ]
        },
        bytes: Uint8Array(0) [],
        exitCode: 255,
        errors: ''
      },
      source: 'request'
    }
  }
}

Node.js v23.11.0
