file:///home/runner/work/playground-tester/playground-tester/node_modules/@wp-playground/cli/index.js:237
        throw new Error(y, { cause: u });
              ^

Error: [13-May-2025 13:39:48 UTC] PHP Fatal error:  Uncaught Error: Call to undefined function create_function() in /wordpress/wp-content/plugins/wp-download-counts/wp-download-counts.php:79
Stack trace:
#0 /wordpress/wp-admin/includes/plugin.php(2387): include_once()
#1 /wordpress/wp-admin/includes/plugin.php(673): plugin_sandbox_scrape('wp-download-cou...')
#2 /internal/eval.php(20): activate_plugin('wp-download-cou...')
#3 {main}
  thrown in /wordpress/wp-content/plugins/wp-download-counts/wp-download-counts.php on line 79
[13-May-2025 13:39:56 UTC] PHP Fatal error:  Uncaught Error: Call to undefined function create_function() in /wordpress/wp-content/plugins/wp-download-counts/wp-download-counts.php:79
Stack trace:
#0 /wordpress/wp-admin/includes/plugin.php(2387): include_once()
#1 /wordpress/wp-admin/includes/plugin.php(673): plugin_sandbox_scrape('wp-download-cou...')
#2 /internal/eval.php(20): activate_plugin('wp-download-cou...')
#3 {main}
  thrown in /wordpress/wp-content/plugins/wp-download-counts/wp-download-counts.php on line 79
[13-May-2025 13:40:03 UTC] PHP Fatal error:  Uncaught Error: Call to undefined function create_function() in /wordpress/wp-content/plugins/wp-download-counts/wp-download-counts.php:79
Stack trace:
#0 /wordpress/wp-admin/includes/plugin.php(2387): include_once()
#1 /wordpress/wp-admin/includes/plugin.php(673): plugin_sandbox_scrape('wp-download-cou...')
#2 /internal/eval.php(20): activate_plugin('wp-download-cou...')
#3 {main}
  thrown in /wordpress/wp-content/plugins/wp-download-counts/wp-download-counts.php on line 79
[13-May-2025 13:40:52 UTC] PHP Deprecated:  Required parameter $code follows optional parameter $action in /wordpress/wp-content/plugins/wp-free-ssl/wp-free-ssl.php on line 430
[13-May-2025 13:40:52 UTC] PHP Deprecated:  Required parameter $notBefore follows optional parameter $keyType in /wordpress/wp-content/plugins/wp-free-ssl/lib/classes/LEClient/LEOrder.php on line 76
[13-May-2025 13:40:52 UTC] PHP Deprecated:  Required parameter $notAfter follows optional parameter $keyType in /wordpress/wp-content/plugins/wp-free-ssl/lib/classes/LEClient/LEOrder.php on line 76
[13-May-2025 13:40:53 UTC] PHP Deprecated:  Required parameter $code follows optional parameter $action in /wordpress/wp-content/plugins/wp-free-ssl/wp-free-ssl.php on line 430
[13-May-2025 13:40:53 UTC] PHP Deprecated:  Required parameter $notBefore follows optional parameter $keyType in /wordpress/wp-content/plugins/wp-free-ssl/lib/classes/LEClient/LEOrder.php on line 76
[13-May-2025 13:40:53 UTC] PHP Deprecated:  Required parameter $notAfter follows optional parameter $keyType in /wordpress/wp-content/plugins/wp-free-ssl/lib/classes/LEClient/LEOrder.php on line 76
[13-May-2025 13:41:02 UTC] PHP Deprecated:  Required parameter $code follows optional parameter $action in /wordpress/wp-content/plugins/wp-free-ssl/wp-free-ssl.php on line 430
[13-May-2025 13:41:02 UTC] PHP Deprecated:  Required parameter $notBefore follows optional parameter $keyType in /wordpress/wp-content/plugins/wp-free-ssl/lib/classes/LEClient/LEOrder.php on line 76
[13-May-2025 13:41:02 UTC] PHP Deprecated:  Required parameter $notAfter follows optional parameter $keyType in /wordpress/wp-content/plugins/wp-free-ssl/lib/classes/LEClient/LEOrder.php on line 76
[13-May-2025 13:41:04 UTC] PHP Deprecated:  Required parameter $code follows optional parameter $action in /wordpress/wp-content/plugins/wp-free-ssl/wp-free-ssl.php on line 430
[13-May-2025 13:41:04 UTC] PHP Deprecated:  Required parameter $notBefore follows optional parameter $keyType in /wordpress/wp-content/plugins/wp-free-ssl/lib/classes/LEClient/LEOrder.php on line 76
[13-May-2025 13:41:04 UTC] PHP Deprecated:  Required parameter $notAfter follows optional parameter $keyType in /wordpress/wp-content/plugins/wp-free-ssl/lib/classes/LEClient/LEOrder.php on line 76
[13-May-2025 13:41:13 UTC] PHP Deprecated:  Required parameter $code follows optional parameter $action in /wordpress/wp-content/plugins/wp-free-ssl/wp-free-ssl.php on line 430
[13-May-2025 13:41:13 UTC] PHP Deprecated:  Required parameter $notBefore follows optional parameter $keyType in /wordpress/wp-content/plugins/wp-free-ssl/lib/classes/LEClient/LEOrder.php on line 76
[13-May-2025 13:41:13 UTC] PHP Deprecated:  Required parameter $notAfter follows optional parameter $keyType in /wordpress/wp-content/plugins/wp-free-ssl/lib/classes/LEClient/LEOrder.php on line 76
[13-May-2025 13:41:15 UTC] PHP Deprecated:  Required parameter $code follows optional parameter $action in /wordpress/wp-content/plugins/wp-free-ssl/wp-free-ssl.php on line 430
[13-May-2025 13:41:15 UTC] PHP Deprecated:  Required parameter $notBefore follows optional parameter $keyType in /wordpress/wp-content/plugins/wp-free-ssl/lib/classes/LEClient/LEOrder.php on line 76
[13-May-2025 13:41:15 UTC] PHP Deprecated:  Required parameter $notAfter follows optional parameter $keyType in /wordpress/wp-content/plugins/wp-free-ssl/lib/classes/LEClient/LEOrder.php on line 76
[13-May-2025 13:42:25 UTC] PHP Fatal error:  Uncaught Error: Call to undefined function create_function() in /wordpress/wp-content/plugins/wp-kuchikomi-lite/inc/widgets/WP_KckmWidget_TopRated.class.php:223
Stack trace:
#0 /wordpress/wp-content/plugins/wp-kuchikomi-lite/wp-kuchikomi-lite.php(25): require_once()
#1 /wordpress/wp-admin/includes/plugin.php(2387): include_once('/wordpress/wp-c...')
#2 /wordpress/wp-admin/includes/plugin.php(673): plugin_sandbox_scrape('wp-kuchikomi-li...')
#3 /internal/eval.php(20): activate_plugin('wp-kuchikomi-li...')
#4 {main}
  thrown in /wordpress/wp-content/plugins/wp-kuchikomi-lite/inc/widgets/WP_KckmWidget_TopRated.class.php on line 223
[13-May-2025 13:42:33 UTC] PHP Fatal error:  Uncaught Error: Call to undefined function create_function() in /wordpress/wp-content/plugins/wp-kuchikomi-lite/inc/widgets/WP_KckmWidget_TopRated.class.php:223
Stack trace:
#0 /wordpress/wp-content/plugins/wp-kuchikomi-lite/wp-kuchikomi-lite.php(25): require_once()
#1 /wordpress/wp-admin/includes/plugin.php(2387): include_once('/wordpress/wp-c...')
#2 /wordpress/wp-admin/includes/plugin.php(673): plugin_sandbox_scrape('wp-kuchikomi-li...')
#3 /internal/eval.php(20): activate_plugin('wp-kuchikomi-li...')
#4 {main}
  thrown in /wordpress/wp-content/plugins/wp-kuchikomi-lite/inc/widgets/WP_KckmWidget_TopRated.class.php on line 223
[13-May-2025 13:42:40 UTC] PHP Fatal error:  Uncaught Error: Call to undefined function create_function() in /wordpress/wp-content/plugins/wp-kuchikomi-lite/inc/widgets/WP_KckmWidget_TopRated.class.php:223
Stack trace:
#0 /wordpress/wp-content/plugins/wp-kuchikomi-lite/wp-kuchikomi-lite.php(25): require_once()
#1 /wordpress/wp-admin/includes/plugin.php(2387): include_once('/wordpress/wp-c...')
#2 /wordpress/wp-admin/includes/plugin.php(673): plugin_sandbox_scrape('wp-kuchikomi-li...')
#3 /internal/eval.php(20): activate_plugin('wp-kuchikomi-li...')
#4 {main}
  thrown in /wordpress/wp-content/plugins/wp-kuchikomi-lite/inc/widgets/WP_KckmWidget_TopRated.class.php on line 223
[13-May-2025 13:42:49 UTC] PHP Fatal error:  Uncaught Error: Call to undefined function create_function() in /wordpress/wp-content/plugins/wp-marquee/marquesina.php:151
Stack trace:
#0 /wordpress/wp-admin/includes/plugin.php(2387): include_once()
#1 /wordpress/wp-admin/includes/plugin.php(673): plugin_sandbox_scrape('wp-marquee/marq...')
#2 /internal/eval.php(20): activate_plugin('wp-marquee/marq...')
#3 {main}
  thrown in /wordpress/wp-content/plugins/wp-marquee/marquesina.php on line 151
[13-May-2025 13:42:56 UTC] PHP Fatal error:  Uncaught Error: Call to undefined function create_function() in /wordpress/wp-content/plugins/wp-marquee/marquesina.php:151
Stack trace:
#0 /wordpress/wp-admin/includes/plugin.php(2387): include_once()
#1 /wordpress/wp-admin/includes/plugin.php(673): plugin_sandbox_scrape('wp-marquee/marq...')
#2 /internal/eval.php(20): activate_plugin('wp-marquee/marq...')
#3 {main}
  thrown in /wordpress/wp-content/plugins/wp-marquee/marquesina.php on line 151
[13-May-2025 13:43:03 UTC] PHP Fatal error:  Uncaught Error: Call to undefined function create_function() in /wordpress/wp-content/plugins/wp-marquee/marquesina.php:151
Stack trace:
#0 /wordpress/wp-admin/includes/plugin.php(2387): include_once()
#1 /wordpress/wp-admin/includes/plugin.php(673): plugin_sandbox_scrape('wp-marquee/marq...')
#2 /internal/eval.php(20): activate_plugin('wp-marquee/marq...')
#3 {main}
  thrown in /wordpress/wp-content/plugins/wp-marquee/marquesina.php on line 151
[13-May-2025 13:43:59 UTC] PHP Fatal error:  Uncaught Error: Undefined constant "witbuzz_simple_widget_register" in /wordpress/wp-content/plugins/wit-buzz/wit-buzz.php:161
Stack trace:
#0 /wordpress/wp-admin/includes/plugin.php(2387): include_once()
#1 /wordpress/wp-admin/includes/plugin.php(673): plugin_sandbox_scrape('wit-buzz/wit-bu...')
#2 /internal/eval.php(20): activate_plugin('wit-buzz/wit-bu...')
#3 {main}
  thrown in /wordpress/wp-content/plugins/wit-buzz/wit-buzz.php on line 161
[13-May-2025 13:44:05 UTC] PHP Fatal error:  Uncaught Error: Undefined constant "witbuzz_simple_widget_register" in /wordpress/wp-content/plugins/wit-buzz/wit-buzz.php:161
Stack trace:
#0 /wordpress/wp-admin/includes/plugin.php(2387): include_once()
#1 /wordpress/wp-admin/includes/plugin.php(673): plugin_sandbox_scrape('wit-buzz/wit-bu...')
#2 /internal/eval.php(20): activate_plugin('wit-buzz/wit-bu...')
#3 {main}
  thrown in /wordpress/wp-content/plugins/wit-buzz/wit-buzz.php on line 161
[13-May-2025 13:44:13 UTC] PHP Fatal error:  Uncaught Error: Undefined constant "witbuzz_simple_widget_register" in /wordpress/wp-content/plugins/wit-buzz/wit-buzz.php:161
Stack trace:
#0 /wordpress/wp-admin/includes/plugin.php(2387): include_once()
#1 /wordpress/wp-admin/includes/plugin.php(673): plugin_sandbox_scrape('wit-buzz/wit-bu...')
#2 /internal/eval.php(20): activate_plugin('wit-buzz/wit-bu...')
#3 {main}
  thrown in /wordpress/wp-content/plugins/wit-buzz/wit-buzz.php on line 161
[13-May-2025 13:45:33 UTC] PHP Notice:  Function wp_enqueue_style was called <strong>incorrectly</strong>. Scripts and styles should not be registered or enqueued until the <code>wp_enqueue_scripts</code>, <code>admin_enqueue_scripts</code>, or <code>login_enqueue_scripts</code> hooks. This notice was triggered by the <code>wordsearchmakerstyle</code> handle. Please see <a href="https://developer.wordpress.org/advanced-administration/debug/debug-wordpress/">Debugging in WordPress</a> for more information. (This message was added in version 3.3.0.) in /wordpress/wp-includes/functions.php on line 6121
[13-May-2025 13:45:33 UTC] PHP Notice:  Function is_feed was called <strong>incorrectly</strong>. Conditional query tags do not work before the query is run. Before then, they always return false. Please see <a href="https://developer.wordpress.org/advanced-administration/debug/debug-wordpress/">Debugging in WordPress</a> for more information. (This message was added in version 3.1.0.) in /wordpress/wp-includes/functions.php on line 6121
[13-May-2025 13:45:33 UTC] PHP Notice:  Function wp_enqueue_script was called <strong>incorrectly</strong>. Scripts and styles should not be registered or enqueued until the <code>wp_enqueue_scripts</code>, <code>admin_enqueue_scripts</code>, or <code>login_enqueue_scripts</code> hooks. This notice was triggered by the <code>wordsearchmakerstyle</code> handle. Please see <a href="https://developer.wordpress.org/advanced-administration/debug/debug-wordpress/">Debugging in WordPress</a> for more information. (This message was added in version 3.3.0.) in /wordpress/wp-includes/functions.php on line 6121
[13-May-2025 13:45:40 UTC] PHP Notice:  Function wp_enqueue_style was called <strong>incorrectly</strong>. Scripts and styles should not be registered or enqueued until the <code>wp_enqueue_scripts</code>, <code>admin_enqueue_scripts</code>, or <code>login_enqueue_scripts</code> hooks. This notice was triggered by the <code>wordsearchmakerstyle</code> handle. Please see <a href="https://developer.wordpress.org/advanced-administration/debug/debug-wordpress/">Debugging in WordPress</a> for more information. (This message was added in version 3.3.0.) in /wordpress/wp-includes/functions.php on line 6121
[13-May-2025 13:45:40 UTC] PHP Notice:  Function is_feed was called <strong>incorrectly</strong>. Conditional query tags do not work before the query is run. Before then, they always return false. Please see <a href="https://developer.wordpress.org/advanced-administration/debug/debug-wordpress/">Debugging in WordPress</a> for more information. (This message was added in version 3.1.0.) in /wordpress/wp-includes/functions.php on line 6121
[13-May-2025 13:45:40 UTC] PHP Notice:  Function wp_enqueue_script was called <strong>incorrectly</strong>. Scripts and styles should not be registered or enqueued until the <code>wp_enqueue_scripts</code>, <code>admin_enqueue_scripts</code>, or <code>login_enqueue_scripts</code> hooks. This notice was triggered by the <code>wordsearchmakerstyle</code> handle. Please see <a href="https://developer.wordpress.org/advanced-administration/debug/debug-wordpress/">Debugging in WordPress</a> for more information. (This message was added in version 3.3.0.) in /wordpress/wp-includes/functions.php on line 6121
[13-May-2025 13:45:48 UTC] PHP Notice:  Function wp_enqueue_style was called <strong>incorrectly</strong>. Scripts and styles should not be registered or enqueued until the <code>wp_enqueue_scripts</code>, <code>admin_enqueue_scripts</code>, or <code>login_enqueue_scripts</code> hooks. This notice was triggered by the <code>wordsearchmakerstyle</code> handle. Please see <a href="https://developer.wordpress.org/advanced-administration/debug/debug-wordpress/">Debugging in WordPress</a> for more information. (This message was added in version 3.3.0.) in /wordpress/wp-includes/functions.php on line 6121
[13-May-2025 13:45:48 UTC] PHP Notice:  Function is_feed was called <strong>incorrectly</strong>. Conditional query tags do not work before the query is run. Before then, they always return false. Please see <a href="https://developer.wordpress.org/advanced-administration/debug/debug-wordpress/">Debugging in WordPress</a> for more information. (This message was added in version 3.1.0.) in /wordpress/wp-includes/functions.php on line 6121
[13-May-2025 13:45:48 UTC] PHP Notice:  Function wp_enqueue_script was called <strong>incorrectly</strong>. Scripts and styles should not be registered or enqueued until the <code>wp_enqueue_scripts</code>, <code>admin_enqueue_scripts</code>, or <code>login_enqueue_scripts</code> hooks. This notice was triggered by the <code>wordsearchmakerstyle</code> handle. Please see <a href="https://developer.wordpress.org/advanced-administration/debug/debug-wordpress/">Debugging in WordPress</a> for more information. (This message was added in version 3.3.0.) in /wordpress/wp-includes/functions.php on line 6121
[13-May-2025 13:48:33 UTC] PHP Warning:  Trying to access array offset on value of type bool in /wordpress/wp-content/plugins/wp-dream-carousel/public/class-wp-dream-carousel.php on line 63
[13-May-2025 13:48:42 UTC] PHP Warning:  Trying to access array offset on value of type bool in /wordpress/wp-content/plugins/wp-dream-carousel/public/class-wp-dream-carousel.php on line 63
[13-May-2025 13:48:50 UTC] PHP Warning:  Trying to access array offset on value of type bool in /wordpress/wp-content/plugins/wp-dream-carousel/public/class-wp-dream-carousel.php on line 63

    at Object.onBind (file:///home/runner/work/playground-tester/playground-tester/node_modules/@wp-playground/cli/index.js:237:15)
    at process.processTicksAndRejections (node:internal/process/task_queues:105:5)
    at async V (file:///home/runner/work/playground-tester/playground-tester/node_modules/@wp-playground/cli/index.js:64:10)
    at async ja (file:///home/runner/work/playground-tester/playground-tester/node_modules/@wp-playground/cli/cli.js:8161:12) {
  [cause]: Error: Error when executing the blueprint step #1 ({"step":"installPlugin","pluginData":{"resource":"wordpress.org/plugins","slug":"wp-focus"},"options":{"activate":true}}) : Could not download "https://downloads.wordpress.org/plugin/wp-focus.latest-stable.zip".
  				Check if the URL is correct and the server is reachable.
  				If it is reachable, the server might be blocking the request.
  				Check the browser console and network tabs for more information.
  
  				## Does the console show the error "No 'Access-Control-Allow-Origin' header"?
  
  				This means the server that hosts your file does not allow requests from other sites
  				(cross-origin requests, or CORS).	You need to move the asset to a server that allows
  				cross-origin file downloads. Learn more about CORS at
  				https://developer.mozilla.org/en-US/docs/Web/HTTP/CORS.
  
  				If your file is on GitHub, load it from "raw.githubusercontent.com".
  				Here's how to do that:
  
  				1. Start with the original GitHub URL of the file. For example:
  				https://github.com/username/repository/blob/branch/filename.
  				2. Replace "github.com" with "raw.githubusercontent.com".
  				3. Remove the "/blob/" part of the URL.
  
  				The resulting URL should look like this:
  				https://raw.githubusercontent.com/username/repository/branch/filename
  
  				Error:
  				Error: Could not download "https://downloads.wordpress.org/plugin/wp-focus.latest-stable.zip"
      at Object.run (file:///home/runner/work/playground-tester/playground-tester/node_modules/@wp-playground/blueprints/index.js:12449:19)
      at process.processTicksAndRejections (node:internal/process/task_queues:105:5)
      at async ms (file:///home/runner/work/playground-tester/playground-tester/node_modules/@wp-playground/blueprints/index.js:12552:3)
      at async Object.onBind (file:///home/runner/work/playground-tester/playground-tester/node_modules/@wp-playground/cli/index.js:227:48)
      at async V (file:///home/runner/work/playground-tester/playground-tester/node_modules/@wp-playground/cli/index.js:64:10)
      at async ja (file:///home/runner/work/playground-tester/playground-tester/node_modules/@wp-playground/cli/cli.js:8161:12) {
    [cause]: Error: Could not download "https://downloads.wordpress.org/plugin/wp-focus.latest-stable.zip".
    				Check if the URL is correct and the server is reachable.
    				If it is reachable, the server might be blocking the request.
    				Check the browser console and network tabs for more information.
    
    				## Does the console show the error "No 'Access-Control-Allow-Origin' header"?
    
    				This means the server that hosts your file does not allow requests from other sites
    				(cross-origin requests, or CORS).	You need to move the asset to a server that allows
    				cross-origin file downloads. Learn more about CORS at
    				https://developer.mozilla.org/en-US/docs/Web/HTTP/CORS.
    
    				If your file is on GitHub, load it from "raw.githubusercontent.com".
    				Here's how to do that:
    
    				1. Start with the original GitHub URL of the file. For example:
    				https://github.com/username/repository/blob/branch/filename.
    				2. Replace "github.com" with "raw.githubusercontent.com".
    				3. Remove the "/blob/" part of the URL.
    
    				The resulting URL should look like this:
    				https://raw.githubusercontent.com/username/repository/branch/filename
    
    				Error:
    				Error: Could not download "https://downloads.wordpress.org/plugin/wp-focus.latest-stable.zip"
        at Ct.resolve (file:///home/runner/work/playground-tester/playground-tester/node_modules/@wp-playground/blueprints/index.js:1472:13)
        at process.processTicksAndRejections (node:internal/process/task_queues:105:5)
        at async _.run (file:///home/runner/work/playground-tester/playground-tester/node_modules/@php-wasm/util/index.js:45:14)
  }
}

Node.js v23.11.0
