file:///home/runner/work/playground-tester/playground-tester/node_modules/@wp-playground/cli/run-cli-j-geJYS3.js:325
        throw new Error($, { cause: h });
              ^

Error: [19-Jun-2025 04:36:13 UTC] PHP Warning:  require_once(/wordpress/wp-content/plugins/themeid-caldera-form-to-slack/includes/appsero/src/Client.php): failed to open stream: No such file or directory in /wordpress/wp-content/plugins/themeid-caldera-form-to-slack/caladea-slack.php on line 31
[19-Jun-2025 04:36:13 UTC] PHP Fatal error:  require_once(): Failed opening required '/wordpress/wp-content/plugins/themeid-caldera-form-to-slack/includes/appsero/src/Client.php' (include_path='.:') in /wordpress/wp-content/plugins/themeid-caldera-form-to-slack/caladea-slack.php on line 31
[19-Jun-2025 04:36:21 UTC] PHP Warning:  require_once(/wordpress/wp-content/plugins/themeid-caldera-form-to-slack/includes/appsero/src/Client.php): failed to open stream: No such file or directory in /wordpress/wp-content/plugins/themeid-caldera-form-to-slack/caladea-slack.php on line 31
[19-Jun-2025 04:36:21 UTC] PHP Fatal error:  require_once(): Failed opening required '/wordpress/wp-content/plugins/themeid-caldera-form-to-slack/includes/appsero/src/Client.php' (include_path='.:') in /wordpress/wp-content/plugins/themeid-caldera-form-to-slack/caladea-slack.php on line 31
[19-Jun-2025 04:36:30 UTC] PHP Warning:  require_once(/wordpress/wp-content/plugins/themeid-caldera-form-to-slack/includes/appsero/src/Client.php): failed to open stream: No such file or directory in /wordpress/wp-content/plugins/themeid-caldera-form-to-slack/caladea-slack.php on line 31
[19-Jun-2025 04:36:30 UTC] PHP Fatal error:  require_once(): Failed opening required '/wordpress/wp-content/plugins/themeid-caldera-form-to-slack/includes/appsero/src/Client.php' (include_path='.:') in /wordpress/wp-content/plugins/themeid-caldera-form-to-slack/caladea-slack.php on line 31
[19-Jun-2025 04:37:00 UTC] PHP Warning:  Undefined array key "ttsem_def" in /wordpress/wp-content/plugins/thethe-site-exit-manager/thethe-site-exit-manager.php on line 24
[19-Jun-2025 04:37:09 UTC] PHP Warning:  Undefined array key "ttsem_def" in /wordpress/wp-content/plugins/thethe-site-exit-manager/thethe-site-exit-manager.php on line 24
[19-Jun-2025 04:37:18 UTC] PHP Warning:  Undefined array key "ttsem_def" in /wordpress/wp-content/plugins/thethe-site-exit-manager/thethe-site-exit-manager.php on line 24
[19-Jun-2025 04:39:44 UTC] PHP Notice:  Function _load_textdomain_just_in_time was called <strong>incorrectly</strong>. Translation loading for the <code>woocommerce</code> domain was triggered too early. This is usually an indicator for some code in the plugin or theme running too early. Translations should be loaded at the <code>init</code> action or later. Please see <a href="https://developer.wordpress.org/advanced-administration/debug/debug-wordpress/">Debugging in WordPress</a> for more information. (This message was added in version 6.7.0.) in /wordpress/wp-includes/functions.php on line 6121
[19-Jun-2025 04:40:24 UTC] PHP Notice:  Function _load_textdomain_just_in_time was called <strong>incorrectly</strong>. Translation loading for the <code>woocommerce</code> domain was triggered too early. This is usually an indicator for some code in the plugin or theme running too early. Translations should be loaded at the <code>init</code> action or later. Please see <a href="https://developer.wordpress.org/advanced-administration/debug/debug-wordpress/">Debugging in WordPress</a> for more information. (This message was added in version 6.7.0.) in /wordpress/wp-includes/functions.php on line 6121
[19-Jun-2025 04:41:06 UTC] PHP Notice:  Function _load_textdomain_just_in_time was called <strong>incorrectly</strong>. Translation loading for the <code>woocommerce</code> domain was triggered too early. This is usually an indicator for some code in the plugin or theme running too early. Translations should be loaded at the <code>init</code> action or later. Please see <a href="https://developer.wordpress.org/advanced-administration/debug/debug-wordpress/">Debugging in WordPress</a> for more information. (This message was added in version 6.7.0.) in /wordpress/wp-includes/functions.php on line 6121
[19-Jun-2025 04:41:50 UTC] PHP Fatal error:  Array and string offset access syntax with curly braces is no longer supported in /wordpress/wp-content/plugins/target-visitors/functions.php on line 28
[19-Jun-2025 04:41:58 UTC] PHP Fatal error:  Array and string offset access syntax with curly braces is no longer supported in /wordpress/wp-content/plugins/target-visitors/functions.php on line 28
[19-Jun-2025 04:42:07 UTC] PHP Fatal error:  Array and string offset access syntax with curly braces is no longer supported in /wordpress/wp-content/plugins/target-visitors/functions.php on line 28
[19-Jun-2025 04:42:40 UTC] PHP Notice:  Function _load_textdomain_just_in_time was called <strong>incorrectly</strong>. Translation loading for the <code>woocommerce</code> domain was triggered too early. This is usually an indicator for some code in the plugin or theme running too early. Translations should be loaded at the <code>init</code> action or later. Please see <a href="https://developer.wordpress.org/advanced-administration/debug/debug-wordpress/">Debugging in WordPress</a> for more information. (This message was added in version 6.7.0.) in /wordpress/wp-includes/functions.php on line 6121
[19-Jun-2025 04:43:20 UTC] PHP Notice:  Function _load_textdomain_just_in_time was called <strong>incorrectly</strong>. Translation loading for the <code>woocommerce</code> domain was triggered too early. This is usually an indicator for some code in the plugin or theme running too early. Translations should be loaded at the <code>init</code> action or later. Please see <a href="https://developer.wordpress.org/advanced-administration/debug/debug-wordpress/">Debugging in WordPress</a> for more information. (This message was added in version 6.7.0.) in /wordpress/wp-includes/functions.php on line 6121
[19-Jun-2025 04:44:00 UTC] PHP Notice:  Function _load_textdomain_just_in_time was called <strong>incorrectly</strong>. Translation loading for the <code>woocommerce</code> domain was triggered too early. This is usually an indicator for some code in the plugin or theme running too early. Translations should be loaded at the <code>init</code> action or later. Please see <a href="https://developer.wordpress.org/advanced-administration/debug/debug-wordpress/">Debugging in WordPress</a> for more information. (This message was added in version 6.7.0.) in /wordpress/wp-includes/functions.php on line 6121
[19-Jun-2025 04:45:04 UTC] PHP Notice:  Function _load_textdomain_just_in_time was called <strong>incorrectly</strong>. Translation loading for the <code>woocommerce</code> domain was triggered too early. This is usually an indicator for some code in the plugin or theme running too early. Translations should be loaded at the <code>init</code> action or later. Please see <a href="https://developer.wordpress.org/advanced-administration/debug/debug-wordpress/">Debugging in WordPress</a> for more information. (This message was added in version 6.7.0.) in /wordpress/wp-includes/functions.php on line 6121
[19-Jun-2025 04:45:44 UTC] PHP Notice:  Function _load_textdomain_just_in_time was called <strong>incorrectly</strong>. Translation loading for the <code>woocommerce</code> domain was triggered too early. This is usually an indicator for some code in the plugin or theme running too early. Translations should be loaded at the <code>init</code> action or later. Please see <a href="https://developer.wordpress.org/advanced-administration/debug/debug-wordpress/">Debugging in WordPress</a> for more information. (This message was added in version 6.7.0.) in /wordpress/wp-includes/functions.php on line 6121
[19-Jun-2025 04:46:23 UTC] PHP Notice:  Function _load_textdomain_just_in_time was called <strong>incorrectly</strong>. Translation loading for the <code>woocommerce</code> domain was triggered too early. This is usually an indicator for some code in the plugin or theme running too early. Translations should be loaded at the <code>init</code> action or later. Please see <a href="https://developer.wordpress.org/advanced-administration/debug/debug-wordpress/">Debugging in WordPress</a> for more information. (This message was added in version 6.7.0.) in /wordpress/wp-includes/functions.php on line 6121
[19-Jun-2025 04:47:06 UTC] PHP Parse error:  syntax error, unexpected '|', expecting '{' in /wordpress/wp-content/plugins/ym-fast-seo/includes/YMFSEO.class.php on line 325
[19-Jun-2025 04:47:15 UTC] PHP Parse error:  syntax error, unexpected '|', expecting '{' in /wordpress/wp-content/plugins/ym-fast-seo/includes/YMFSEO.class.php on line 325
[19-Jun-2025 04:47:22 UTC] PHP Parse error:  syntax error, unexpected '|', expecting '{' in /wordpress/wp-content/plugins/ym-fast-seo/includes/YMFSEO.class.php on line 325
[19-Jun-2025 04:47:31 UTC] PHP Fatal error:  Uncaught Error: Call to undefined function create_function() in /wordpress/wp-content/plugins/ym-twitter-feed/ym-twitter-feed.php:148
Stack trace:
#0 /wordpress/wp-admin/includes/plugin.php(2387): include_once()
#1 /wordpress/wp-admin/includes/plugin.php(673): plugin_sandbox_scrape('ym-twitter-feed...')
#2 /internal/eval.php(20): activate_plugin('ym-twitter-feed...')
#3 {main}
  thrown in /wordpress/wp-content/plugins/ym-twitter-feed/ym-twitter-feed.php on line 148
[19-Jun-2025 04:47:38 UTC] PHP Fatal error:  Uncaught Error: Call to undefined function create_function() in /wordpress/wp-content/plugins/ym-twitter-feed/ym-twitter-feed.php:148
Stack trace:
#0 /wordpress/wp-admin/includes/plugin.php(2387): include_once()
#1 /wordpress/wp-admin/includes/plugin.php(673): plugin_sandbox_scrape('ym-twitter-feed...')
#2 /internal/eval.php(20): activate_plugin('ym-twitter-feed...')
#3 {main}
  thrown in /wordpress/wp-content/plugins/ym-twitter-feed/ym-twitter-feed.php on line 148
[19-Jun-2025 04:47:45 UTC] PHP Fatal error:  Uncaught Error: Call to undefined function create_function() in /wordpress/wp-content/plugins/ym-twitter-feed/ym-twitter-feed.php:148
Stack trace:
#0 /wordpress/wp-admin/includes/plugin.php(2387): include_once()
#1 /wordpress/wp-admin/includes/plugin.php(673): plugin_sandbox_scrape('ym-twitter-feed...')
#2 /internal/eval.php(20): activate_plugin('ym-twitter-feed...')
#3 {main}
  thrown in /wordpress/wp-content/plugins/ym-twitter-feed/ym-twitter-feed.php on line 148
[19-Jun-2025 04:47:54 UTC] PHP Deprecated:  Required parameter $termID follows optional parameter $TermName in /wordpress/wp-content/plugins/yml-for-retail-rocket/functions.php on line 95
[19-Jun-2025 04:47:54 UTC] PHP Deprecated:  Required parameter $value_arr follows optional parameter $TermName in /wordpress/wp-content/plugins/yml-for-retail-rocket/functions.php on line 95
[19-Jun-2025 04:47:55 UTC] PHP Deprecated:  Required parameter $termID follows optional parameter $TermName in /wordpress/wp-content/plugins/yml-for-retail-rocket/functions.php on line 95
[19-Jun-2025 04:47:55 UTC] PHP Deprecated:  Required parameter $value_arr follows optional parameter $TermName in /wordpress/wp-content/plugins/yml-for-retail-rocket/functions.php on line 95
[19-Jun-2025 04:48:03 UTC] PHP Deprecated:  Required parameter $termID follows optional parameter $TermName in /wordpress/wp-content/plugins/yml-for-retail-rocket/functions.php on line 95
[19-Jun-2025 04:48:03 UTC] PHP Deprecated:  Required parameter $value_arr follows optional parameter $TermName in /wordpress/wp-content/plugins/yml-for-retail-rocket/functions.php on line 95
[19-Jun-2025 04:48:03 UTC] PHP Warning:  mkdir(): File exists in /wordpress/wp-content/plugins/yml-for-retail-rocket/yml-for-retail-rocket.php on line 64
[19-Jun-2025 04:48:04 UTC] PHP Deprecated:  Required parameter $termID follows optional parameter $TermName in /wordpress/wp-content/plugins/yml-for-retail-rocket/functions.php on line 95
[19-Jun-2025 04:48:04 UTC] PHP Deprecated:  Required parameter $value_arr follows optional parameter $TermName in /wordpress/wp-content/plugins/yml-for-retail-rocket/functions.php on line 95
[19-Jun-2025 04:48:11 UTC] PHP Deprecated:  Required parameter $termID follows optional parameter $TermName in /wordpress/wp-content/plugins/yml-for-retail-rocket/functions.php on line 95
[19-Jun-2025 04:48:11 UTC] PHP Deprecated:  Required parameter $value_arr follows optional parameter $TermName in /wordpress/wp-content/plugins/yml-for-retail-rocket/functions.php on line 95
[19-Jun-2025 04:48:11 UTC] PHP Warning:  mkdir(): File exists in /wordpress/wp-content/plugins/yml-for-retail-rocket/yml-for-retail-rocket.php on line 64
[19-Jun-2025 04:48:13 UTC] PHP Deprecated:  Required parameter $termID follows optional parameter $TermName in /wordpress/wp-content/plugins/yml-for-retail-rocket/functions.php on line 95
[19-Jun-2025 04:48:13 UTC] PHP Deprecated:  Required parameter $value_arr follows optional parameter $TermName in /wordpress/wp-content/plugins/yml-for-retail-rocket/functions.php on line 95
[19-Jun-2025 04:48:48 UTC] PHP Warning:  Trying to access array offset on value of type bool in /wordpress/wp-content/plugins/yo-manga-jquery-ui-autocomplete/yo_manga_ajx.php on line 26
[19-Jun-2025 04:48:57 UTC] PHP Warning:  Trying to access array offset on value of type bool in /wordpress/wp-content/plugins/yo-manga-jquery-ui-autocomplete/yo_manga_ajx.php on line 26
[19-Jun-2025 04:49:06 UTC] PHP Warning:  Trying to access array offset on value of type bool in /wordpress/wp-content/plugins/yo-manga-jquery-ui-autocomplete/yo_manga_ajx.php on line 26

    at Object.onBind (file:///home/runner/work/playground-tester/playground-tester/node_modules/@wp-playground/cli/run-cli-j-geJYS3.js:325:15)
    at process.processTicksAndRejections (node:internal/process/task_queues:105:5)
    at async re (file:///home/runner/work/playground-tester/playground-tester/node_modules/@wp-playground/cli/run-cli-j-geJYS3.js:149:10) {
  [cause]: Error: Error when executing the blueprint step #5 ({"step":"installPlugin","pluginData":{"resource":"wordpress.org/plugins","slug":"yo-voy-a-evento-blog"},"options":{"activate":true}}) : Could not download "https://downloads.wordpress.org/plugin/yo-voy-a-evento-blog.latest-stable.zip".
  				Check if the URL is correct and the server is reachable.
  				If it is reachable, the server might be blocking the request.
  				Check the browser console and network tabs for more information.
  
  				## Does the console show the error "No 'Access-Control-Allow-Origin' header"?
  
  				This means the server that hosts your file does not allow requests from other sites
  				(cross-origin requests, or CORS).	You need to move the asset to a server that allows
  				cross-origin file downloads. Learn more about CORS at
  				https://developer.mozilla.org/en-US/docs/Web/HTTP/CORS.
  
  				If your file is on GitHub, load it from "raw.githubusercontent.com".
  				Here's how to do that:
  
  				1. Start with the original GitHub URL of the file. For example:
  				https://github.com/username/repository/blob/branch/filename.
  				2. Replace "github.com" with "raw.githubusercontent.com".
  				3. Remove the "/blob/" part of the URL.
  
  				The resulting URL should look like this:
  				https://raw.githubusercontent.com/username/repository/branch/filename
  
  				Error:
  				Error: Could not download "https://downloads.wordpress.org/plugin/yo-voy-a-evento-blog.latest-stable.zip"
      at Object.run (file:///home/runner/work/playground-tester/playground-tester/node_modules/@wp-playground/blueprints/index.js:12093:19)
      at process.processTicksAndRejections (node:internal/process/task_queues:105:5)
      at async ys (file:///home/runner/work/playground-tester/playground-tester/node_modules/@wp-playground/blueprints/index.js:12196:3)
      at async Object.onBind (file:///home/runner/work/playground-tester/playground-tester/node_modules/@wp-playground/cli/run-cli-j-geJYS3.js:315:48)
      at async re (file:///home/runner/work/playground-tester/playground-tester/node_modules/@wp-playground/cli/run-cli-j-geJYS3.js:149:10) {
    [cause]: Error: Could not download "https://downloads.wordpress.org/plugin/yo-voy-a-evento-blog.latest-stable.zip".
    				Check if the URL is correct and the server is reachable.
    				If it is reachable, the server might be blocking the request.
    				Check the browser console and network tabs for more information.
    
    				## Does the console show the error "No 'Access-Control-Allow-Origin' header"?
    
    				This means the server that hosts your file does not allow requests from other sites
    				(cross-origin requests, or CORS).	You need to move the asset to a server that allows
    				cross-origin file downloads. Learn more about CORS at
    				https://developer.mozilla.org/en-US/docs/Web/HTTP/CORS.
    
    				If your file is on GitHub, load it from "raw.githubusercontent.com".
    				Here's how to do that:
    
    				1. Start with the original GitHub URL of the file. For example:
    				https://github.com/username/repository/blob/branch/filename.
    				2. Replace "github.com" with "raw.githubusercontent.com".
    				3. Remove the "/blob/" part of the URL.
    
    				The resulting URL should look like this:
    				https://raw.githubusercontent.com/username/repository/branch/filename
    
    				Error:
    				Error: Could not download "https://downloads.wordpress.org/plugin/yo-voy-a-evento-blog.latest-stable.zip"
        at Ct.resolve (file:///home/runner/work/playground-tester/playground-tester/node_modules/@wp-playground/blueprints/index.js:1129:13)
        at process.processTicksAndRejections (node:internal/process/task_queues:105:5)
        at async _.run (file:///home/runner/work/playground-tester/playground-tester/node_modules/@php-wasm/util/index.js:45:14)
  }
}

Node.js v23.11.0
