file:///home/runner/work/playground-tester/playground-tester/node_modules/@wp-playground/cli/run-cli-j-geJYS3.js:325
        throw new Error($, { cause: h });
              ^

Error: [16-Jun-2025 20:32:14 UTC] PHP Fatal error:  Uncaught Error: Class "GF_Field" not found in /wordpress/wp-content/plugins/star-rating-gravity-form/admin/gravity_rating.php:3
Stack trace:
#0 /wordpress/wp-content/plugins/star-rating-gravity-form/gravitry-form-star-rating.php(41): include_once()
#1 /wordpress/wp-content/plugins/star-rating-gravity-form/gravitry-form-star-rating.php(74): SRGF_rating_GF->includes()
#2 /wordpress/wp-includes/class-wp-hook.php(324): SRGF_rating_GF::rating('')
#3 /wordpress/wp-includes/class-wp-hook.php(348): WP_Hook->apply_filters(NULL, Array)
#4 /wordpress/wp-includes/plugin.php(517): WP_Hook->do_action(Array)
#5 /wordpress/wp-settings.php(578): do_action('plugins_loaded')
#6 /wordpress/wp-config.php(102): require_once('/wordpress/wp-s...')
#7 /wordpress/wp-load.php(50): require_once('/wordpress/wp-c...')
#8 /internal/eval.php(3): require_once('/wordpress/wp-l...')
#9 {main}
  thrown in /wordpress/wp-content/plugins/star-rating-gravity-form/admin/gravity_rating.php on line 3
[16-Jun-2025 20:32:23 UTC] PHP Fatal error:  Uncaught Error: Class "GF_Field" not found in /wordpress/wp-content/plugins/star-rating-gravity-form/admin/gravity_rating.php:3
Stack trace:
#0 /wordpress/wp-content/plugins/star-rating-gravity-form/gravitry-form-star-rating.php(41): include_once()
#1 /wordpress/wp-content/plugins/star-rating-gravity-form/gravitry-form-star-rating.php(74): SRGF_rating_GF->includes()
#2 /wordpress/wp-includes/class-wp-hook.php(324): SRGF_rating_GF::rating('')
#3 /wordpress/wp-includes/class-wp-hook.php(348): WP_Hook->apply_filters(NULL, Array)
#4 /wordpress/wp-includes/plugin.php(517): WP_Hook->do_action(Array)
#5 /wordpress/wp-settings.php(578): do_action('plugins_loaded')
#6 /wordpress/wp-config.php(102): require_once('/wordpress/wp-s...')
#7 /wordpress/wp-load.php(50): require_once('/wordpress/wp-c...')
#8 /internal/eval.php(3): require_once('/wordpress/wp-l...')
#9 {main}
  thrown in /wordpress/wp-content/plugins/star-rating-gravity-form/admin/gravity_rating.php on line 3
[16-Jun-2025 20:32:33 UTC] PHP Fatal error:  Uncaught Error: Class "GF_Field" not found in /wordpress/wp-content/plugins/star-rating-gravity-form/admin/gravity_rating.php:3
Stack trace:
#0 /wordpress/wp-content/plugins/star-rating-gravity-form/gravitry-form-star-rating.php(41): include_once()
#1 /wordpress/wp-content/plugins/star-rating-gravity-form/gravitry-form-star-rating.php(74): SRGF_rating_GF->includes()
#2 /wordpress/wp-includes/class-wp-hook.php(324): SRGF_rating_GF::rating('')
#3 /wordpress/wp-includes/class-wp-hook.php(348): WP_Hook->apply_filters(NULL, Array)
#4 /wordpress/wp-includes/plugin.php(517): WP_Hook->do_action(Array)
#5 /wordpress/wp-settings.php(578): do_action('plugins_loaded')
#6 /wordpress/wp-config.php(102): require_once('/wordpress/wp-s...')
#7 /wordpress/wp-load.php(50): require_once('/wordpress/wp-c...')
#8 /internal/eval.php(3): require_once('/wordpress/wp-l...')
#9 {main}
  thrown in /wordpress/wp-content/plugins/star-rating-gravity-form/admin/gravity_rating.php on line 3
[16-Jun-2025 20:34:00 UTC] PHP Deprecated:  Required parameter $meta_value follows optional parameter $meta_key in /wordpress/wp-content/plugins/sticky-one-many/library/csf/functions/fallback.php on line 31
[16-Jun-2025 20:34:10 UTC] PHP Deprecated:  Required parameter $meta_value follows optional parameter $meta_key in /wordpress/wp-content/plugins/sticky-one-many/library/csf/functions/fallback.php on line 31
[16-Jun-2025 20:34:19 UTC] PHP Deprecated:  Required parameter $meta_value follows optional parameter $meta_key in /wordpress/wp-content/plugins/sticky-one-many/library/csf/functions/fallback.php on line 31
[16-Jun-2025 20:36:24 UTC] PHP Notice:  Function _load_textdomain_just_in_time was called <strong>incorrectly</strong>. Translation loading for the <code>real-time-auto-find-and-replace</code> domain was triggered too early. This is usually an indicator for some code in the plugin or theme running too early. Translations should be loaded at the <code>init</code> action or later. Please see <a href="https://developer.wordpress.org/advanced-administration/debug/debug-wordpress/">Debugging in WordPress</a> for more information. (This message was added in version 6.7.0.) in /wordpress/wp-includes/functions.php on line 6121
[16-Jun-2025 20:36:34 UTC] PHP Notice:  Function _load_textdomain_just_in_time was called <strong>incorrectly</strong>. Translation loading for the <code>real-time-auto-find-and-replace</code> domain was triggered too early. This is usually an indicator for some code in the plugin or theme running too early. Translations should be loaded at the <code>init</code> action or later. Please see <a href="https://developer.wordpress.org/advanced-administration/debug/debug-wordpress/">Debugging in WordPress</a> for more information. (This message was added in version 6.7.0.) in /wordpress/wp-includes/functions.php on line 6121
[16-Jun-2025 20:36:44 UTC] PHP Notice:  Function _load_textdomain_just_in_time was called <strong>incorrectly</strong>. Translation loading for the <code>real-time-auto-find-and-replace</code> domain was triggered too early. This is usually an indicator for some code in the plugin or theme running too early. Translations should be loaded at the <code>init</code> action or later. Please see <a href="https://developer.wordpress.org/advanced-administration/debug/debug-wordpress/">Debugging in WordPress</a> for more information. (This message was added in version 6.7.0.) in /wordpress/wp-includes/functions.php on line 6121
[16-Jun-2025 20:36:54 UTC] PHP Deprecated:  The called constructor method for WP_Widget class in Recent_Video_Aggregate_Widget is <strong>deprecated</strong> since version 4.3.0! Use <code>__construct()</code> instead. in /wordpress/wp-includes/functions.php on line 6121
[16-Jun-2025 20:37:04 UTC] PHP Deprecated:  The called constructor method for WP_Widget class in Recent_Video_Aggregate_Widget is <strong>deprecated</strong> since version 4.3.0! Use <code>__construct()</code> instead. in /wordpress/wp-includes/functions.php on line 6121
[16-Jun-2025 20:37:14 UTC] PHP Deprecated:  The called constructor method for WP_Widget class in Recent_Video_Aggregate_Widget is <strong>deprecated</strong> since version 4.3.0! Use <code>__construct()</code> instead. in /wordpress/wp-includes/functions.php on line 6121
[16-Jun-2025 20:37:22 UTC] PHP Fatal error:  Unparenthesized `a ? b : c ? d : e` is not supported. Use either `(a ? b : c) ? d : e` or `a ? b : (c ? d : e)` in /wordpress/wp-content/plugins/registration-login/print_form.php on line 83
[16-Jun-2025 20:37:30 UTC] PHP Fatal error:  Unparenthesized `a ? b : c ? d : e` is not supported. Use either `(a ? b : c) ? d : e` or `a ? b : (c ? d : e)` in /wordpress/wp-content/plugins/registration-login/print_form.php on line 83
[16-Jun-2025 20:37:38 UTC] PHP Fatal error:  Unparenthesized `a ? b : c ? d : e` is not supported. Use either `(a ? b : c) ? d : e` or `a ? b : (c ? d : e)` in /wordpress/wp-content/plugins/registration-login/print_form.php on line 83
[16-Jun-2025 20:39:05 UTC] PHP Warning:  Undefined variable $filename in /wordpress/wp-content/plugins/redirect-from-cdn/redirect-from-cdn.php on line 35
[16-Jun-2025 20:39:14 UTC] PHP Warning:  Undefined variable $filename in /wordpress/wp-content/plugins/redirect-from-cdn/redirect-from-cdn.php on line 35
[16-Jun-2025 20:39:24 UTC] PHP Warning:  Undefined variable $filename in /wordpress/wp-content/plugins/redirect-from-cdn/redirect-from-cdn.php on line 35
[16-Jun-2025 20:40:30 UTC] PHP Warning:  Undefined property: RezgoReminder::$table_log in /wordpress/wp-content/plugins/reminder-emails-for-rezgo/wp-rezgo-reminders.php on line 64
[16-Jun-2025 20:40:30 UTC] PHP Warning:  Undefined property: RezgoReminder::$table_reminders in /wordpress/wp-content/plugins/reminder-emails-for-rezgo/wp-rezgo-reminders.php on line 76
[16-Jun-2025 20:40:30 UTC] PHP Warning:  Undefined property: RezgoReminder::$table_tours in /wordpress/wp-content/plugins/reminder-emails-for-rezgo/wp-rezgo-reminders.php on line 93
[16-Jun-2025 20:40:40 UTC] PHP Warning:  Undefined property: RezgoReminder::$table_log in /wordpress/wp-content/plugins/reminder-emails-for-rezgo/wp-rezgo-reminders.php on line 64
[16-Jun-2025 20:40:40 UTC] PHP Warning:  Undefined property: RezgoReminder::$table_reminders in /wordpress/wp-content/plugins/reminder-emails-for-rezgo/wp-rezgo-reminders.php on line 76
[16-Jun-2025 20:40:40 UTC] PHP Warning:  Undefined property: RezgoReminder::$table_tours in /wordpress/wp-content/plugins/reminder-emails-for-rezgo/wp-rezgo-reminders.php on line 93
[16-Jun-2025 20:40:50 UTC] PHP Warning:  Undefined property: RezgoReminder::$table_log in /wordpress/wp-content/plugins/reminder-emails-for-rezgo/wp-rezgo-reminders.php on line 64
[16-Jun-2025 20:40:50 UTC] PHP Warning:  Undefined property: RezgoReminder::$table_reminders in /wordpress/wp-content/plugins/reminder-emails-for-rezgo/wp-rezgo-reminders.php on line 76
[16-Jun-2025 20:40:50 UTC] PHP Warning:  Undefined property: RezgoReminder::$table_tours in /wordpress/wp-content/plugins/reminder-emails-for-rezgo/wp-rezgo-reminders.php on line 93

    at Object.onBind (file:///home/runner/work/playground-tester/playground-tester/node_modules/@wp-playground/cli/run-cli-j-geJYS3.js:325:15)
    at process.processTicksAndRejections (node:internal/process/task_queues:105:5)
    at async re (file:///home/runner/work/playground-tester/playground-tester/node_modules/@wp-playground/cli/run-cli-j-geJYS3.js:149:10) {
  [cause]: Error: Error when executing the blueprint step #1 ({"step":"installPlugin","pluginData":{"resource":"wordpress.org/plugins","slug":"responsive-wp-embeds"},"options":{"activate":true}}) : Could not download "https://downloads.wordpress.org/plugin/responsive-wp-embeds.latest-stable.zip".
  				Check if the URL is correct and the server is reachable.
  				If it is reachable, the server might be blocking the request.
  				Check the browser console and network tabs for more information.
  
  				## Does the console show the error "No 'Access-Control-Allow-Origin' header"?
  
  				This means the server that hosts your file does not allow requests from other sites
  				(cross-origin requests, or CORS).	You need to move the asset to a server that allows
  				cross-origin file downloads. Learn more about CORS at
  				https://developer.mozilla.org/en-US/docs/Web/HTTP/CORS.
  
  				If your file is on GitHub, load it from "raw.githubusercontent.com".
  				Here's how to do that:
  
  				1. Start with the original GitHub URL of the file. For example:
  				https://github.com/username/repository/blob/branch/filename.
  				2. Replace "github.com" with "raw.githubusercontent.com".
  				3. Remove the "/blob/" part of the URL.
  
  				The resulting URL should look like this:
  				https://raw.githubusercontent.com/username/repository/branch/filename
  
  				Error:
  				Error: Could not download "https://downloads.wordpress.org/plugin/responsive-wp-embeds.latest-stable.zip"
      at Object.run (file:///home/runner/work/playground-tester/playground-tester/node_modules/@wp-playground/blueprints/index.js:12093:19)
      at process.processTicksAndRejections (node:internal/process/task_queues:105:5)
      at async ys (file:///home/runner/work/playground-tester/playground-tester/node_modules/@wp-playground/blueprints/index.js:12196:3)
      at async Object.onBind (file:///home/runner/work/playground-tester/playground-tester/node_modules/@wp-playground/cli/run-cli-j-geJYS3.js:315:48)
      at async re (file:///home/runner/work/playground-tester/playground-tester/node_modules/@wp-playground/cli/run-cli-j-geJYS3.js:149:10) {
    [cause]: Error: Could not download "https://downloads.wordpress.org/plugin/responsive-wp-embeds.latest-stable.zip".
    				Check if the URL is correct and the server is reachable.
    				If it is reachable, the server might be blocking the request.
    				Check the browser console and network tabs for more information.
    
    				## Does the console show the error "No 'Access-Control-Allow-Origin' header"?
    
    				This means the server that hosts your file does not allow requests from other sites
    				(cross-origin requests, or CORS).	You need to move the asset to a server that allows
    				cross-origin file downloads. Learn more about CORS at
    				https://developer.mozilla.org/en-US/docs/Web/HTTP/CORS.
    
    				If your file is on GitHub, load it from "raw.githubusercontent.com".
    				Here's how to do that:
    
    				1. Start with the original GitHub URL of the file. For example:
    				https://github.com/username/repository/blob/branch/filename.
    				2. Replace "github.com" with "raw.githubusercontent.com".
    				3. Remove the "/blob/" part of the URL.
    
    				The resulting URL should look like this:
    				https://raw.githubusercontent.com/username/repository/branch/filename
    
    				Error:
    				Error: Could not download "https://downloads.wordpress.org/plugin/responsive-wp-embeds.latest-stable.zip"
        at Ct.resolve (file:///home/runner/work/playground-tester/playground-tester/node_modules/@wp-playground/blueprints/index.js:1129:13)
        at process.processTicksAndRejections (node:internal/process/task_queues:105:5)
        at async _.run (file:///home/runner/work/playground-tester/playground-tester/node_modules/@php-wasm/util/index.js:45:14)
  }
}

Node.js v23.11.0
