file:///home/runner/work/playground-tester/playground-tester/node_modules/@wp-playground/cli/index.js:237
        throw new Error(y, { cause: u });
              ^

Error: [03-May-2025 15:47:27 UTC] PHP Fatal error:  Uncaught Error: Call to undefined function create_function() in /wordpress/wp-content/plugins/botsmasher/bs-contacts.php:520
Stack trace:
#0 /wordpress/wp-content/plugins/botsmasher/botsmasher.php(58): require_once()
#1 /wordpress/wp-admin/includes/plugin.php(2387): include_once('/wordpress/wp-c...')
#2 /wordpress/wp-admin/includes/plugin.php(673): plugin_sandbox_scrape('botsmasher/bots...')
#3 /internal/eval.php(20): activate_plugin('botsmasher/bots...')
#4 {main}
  thrown in /wordpress/wp-content/plugins/botsmasher/bs-contacts.php on line 520
[03-May-2025 15:47:34 UTC] PHP Fatal error:  Uncaught Error: Call to undefined function create_function() in /wordpress/wp-content/plugins/botsmasher/bs-contacts.php:520
Stack trace:
#0 /wordpress/wp-content/plugins/botsmasher/botsmasher.php(58): require_once()
#1 /wordpress/wp-admin/includes/plugin.php(2387): include_once('/wordpress/wp-c...')
#2 /wordpress/wp-admin/includes/plugin.php(673): plugin_sandbox_scrape('botsmasher/bots...')
#3 /internal/eval.php(20): activate_plugin('botsmasher/bots...')
#4 {main}
  thrown in /wordpress/wp-content/plugins/botsmasher/bs-contacts.php on line 520
[03-May-2025 15:47:42 UTC] PHP Fatal error:  Uncaught Error: Call to undefined function create_function() in /wordpress/wp-content/plugins/botsmasher/bs-contacts.php:520
Stack trace:
#0 /wordpress/wp-content/plugins/botsmasher/botsmasher.php(58): require_once()
#1 /wordpress/wp-admin/includes/plugin.php(2387): include_once('/wordpress/wp-c...')
#2 /wordpress/wp-admin/includes/plugin.php(673): plugin_sandbox_scrape('botsmasher/bots...')
#3 /internal/eval.php(20): activate_plugin('botsmasher/bots...')
#4 {main}
  thrown in /wordpress/wp-content/plugins/botsmasher/bs-contacts.php on line 520
[03-May-2025 15:48:18 UTC] PHP Parse error:  Unmatched '}' in /wordpress/wp-content/plugins/buzz-this-google-official-api-implementation/BuzzThisOfficial.php on line 147
[03-May-2025 15:48:25 UTC] PHP Parse error:  Unmatched '}' in /wordpress/wp-content/plugins/buzz-this-google-official-api-implementation/BuzzThisOfficial.php on line 147
[03-May-2025 15:48:33 UTC] PHP Parse error:  Unmatched '}' in /wordpress/wp-content/plugins/buzz-this-google-official-api-implementation/BuzzThisOfficial.php on line 147
[03-May-2025 15:49:11 UTC] PHP Deprecated:  Function get_page_by_title is <strong>deprecated</strong> since version 6.2.0! Use WP_Query instead. in /wordpress/wp-includes/functions.php on line 6121
[03-May-2025 15:49:11 UTC] PHP Warning:  Attempt to read property "ID" on null in /wordpress/wp-content/plugins/banner-system/includes/class-banner-system-shortcodes.php on line 39
[03-May-2025 15:49:19 UTC] PHP Deprecated:  Function get_page_by_title is <strong>deprecated</strong> since version 6.2.0! Use WP_Query instead. in /wordpress/wp-includes/functions.php on line 6121
[03-May-2025 15:49:19 UTC] PHP Warning:  Attempt to read property "ID" on null in /wordpress/wp-content/plugins/banner-system/includes/class-banner-system-shortcodes.php on line 39
[03-May-2025 15:49:28 UTC] PHP Deprecated:  Function get_page_by_title is <strong>deprecated</strong> since version 6.2.0! Use WP_Query instead. in /wordpress/wp-includes/functions.php on line 6121
[03-May-2025 15:49:28 UTC] PHP Warning:  Attempt to read property "ID" on null in /wordpress/wp-content/plugins/banner-system/includes/class-banner-system-shortcodes.php on line 39
[03-May-2025 15:50:58 UTC] PHP Deprecated:  Required parameter $post follows optional parameter $field in /wordpress/wp-content/plugins/bp-greeting-message/includes/lib/class-bp-greeting-message-admin-api.php on line 310
[03-May-2025 15:50:59 UTC] PHP Deprecated:  Required parameter $post follows optional parameter $field in /wordpress/wp-content/plugins/bp-greeting-message/includes/lib/class-bp-greeting-message-admin-api.php on line 310
[03-May-2025 15:51:07 UTC] PHP Deprecated:  Required parameter $post follows optional parameter $field in /wordpress/wp-content/plugins/bp-greeting-message/includes/lib/class-bp-greeting-message-admin-api.php on line 310
[03-May-2025 15:51:08 UTC] PHP Deprecated:  Required parameter $post follows optional parameter $field in /wordpress/wp-content/plugins/bp-greeting-message/includes/lib/class-bp-greeting-message-admin-api.php on line 310
[03-May-2025 15:51:16 UTC] PHP Deprecated:  Required parameter $post follows optional parameter $field in /wordpress/wp-content/plugins/bp-greeting-message/includes/lib/class-bp-greeting-message-admin-api.php on line 310
[03-May-2025 15:51:17 UTC] PHP Deprecated:  Required parameter $post follows optional parameter $field in /wordpress/wp-content/plugins/bp-greeting-message/includes/lib/class-bp-greeting-message-admin-api.php on line 310
[03-May-2025 15:52:48 UTC] PHP Deprecated:  Required parameter $list_view follows optional parameter $list_id in /wordpress/wp-content/plugins/bsk-contact-form-7-blacklist/classes/dashboard/dashboard-list.php on line 16
[03-May-2025 15:52:48 UTC] PHP Deprecated:  Required parameter $page_name follows optional parameter $list_id in /wordpress/wp-content/plugins/bsk-contact-form-7-blacklist/classes/dashboard/dashboard-list.php on line 16
[03-May-2025 15:52:49 UTC] PHP Deprecated:  Required parameter $list_view follows optional parameter $list_id in /wordpress/wp-content/plugins/bsk-contact-form-7-blacklist/classes/dashboard/dashboard-list.php on line 16
[03-May-2025 15:52:49 UTC] PHP Deprecated:  Required parameter $page_name follows optional parameter $list_id in /wordpress/wp-content/plugins/bsk-contact-form-7-blacklist/classes/dashboard/dashboard-list.php on line 16
[03-May-2025 15:52:57 UTC] PHP Deprecated:  Required parameter $list_view follows optional parameter $list_id in /wordpress/wp-content/plugins/bsk-contact-form-7-blacklist/classes/dashboard/dashboard-list.php on line 16
[03-May-2025 15:52:57 UTC] PHP Deprecated:  Required parameter $page_name follows optional parameter $list_id in /wordpress/wp-content/plugins/bsk-contact-form-7-blacklist/classes/dashboard/dashboard-list.php on line 16
[03-May-2025 15:52:58 UTC] PHP Deprecated:  Required parameter $list_view follows optional parameter $list_id in /wordpress/wp-content/plugins/bsk-contact-form-7-blacklist/classes/dashboard/dashboard-list.php on line 16
[03-May-2025 15:52:58 UTC] PHP Deprecated:  Required parameter $page_name follows optional parameter $list_id in /wordpress/wp-content/plugins/bsk-contact-form-7-blacklist/classes/dashboard/dashboard-list.php on line 16
[03-May-2025 15:53:06 UTC] PHP Deprecated:  Required parameter $list_view follows optional parameter $list_id in /wordpress/wp-content/plugins/bsk-contact-form-7-blacklist/classes/dashboard/dashboard-list.php on line 16
[03-May-2025 15:53:06 UTC] PHP Deprecated:  Required parameter $page_name follows optional parameter $list_id in /wordpress/wp-content/plugins/bsk-contact-form-7-blacklist/classes/dashboard/dashboard-list.php on line 16
[03-May-2025 15:53:07 UTC] PHP Deprecated:  Required parameter $list_view follows optional parameter $list_id in /wordpress/wp-content/plugins/bsk-contact-form-7-blacklist/classes/dashboard/dashboard-list.php on line 16
[03-May-2025 15:53:07 UTC] PHP Deprecated:  Required parameter $page_name follows optional parameter $list_id in /wordpress/wp-content/plugins/bsk-contact-form-7-blacklist/classes/dashboard/dashboard-list.php on line 16
[03-May-2025 15:54:14 UTC] PHP Fatal error:  Uncaught Error: Class "WC_Payment_Gateway" not found in /wordpress/wp-content/plugins/binance-pay/class-wc-gateway-binancepay.php:31
Stack trace:
#0 /wordpress/wp-includes/class-wp-hook.php(324): binance_pay_init_gateway_class('')
#1 /wordpress/wp-includes/class-wp-hook.php(348): WP_Hook->apply_filters(NULL, Array)
#2 /wordpress/wp-includes/plugin.php(517): WP_Hook->do_action(Array)
#3 /wordpress/wp-settings.php(578): do_action('plugins_loaded')
#4 /wordpress/wp-config.php(102): require_once('/wordpress/wp-s...')
#5 /wordpress/wp-load.php(50): require_once('/wordpress/wp-c...')
#6 /internal/eval.php(3): require_once('/wordpress/wp-l...')
#7 {main}
  thrown in /wordpress/wp-content/plugins/binance-pay/class-wc-gateway-binancepay.php on line 31
[03-May-2025 15:54:23 UTC] PHP Fatal error:  Uncaught Error: Class "WC_Payment_Gateway" not found in /wordpress/wp-content/plugins/binance-pay/class-wc-gateway-binancepay.php:31
Stack trace:
#0 /wordpress/wp-includes/class-wp-hook.php(324): binance_pay_init_gateway_class('')
#1 /wordpress/wp-includes/class-wp-hook.php(348): WP_Hook->apply_filters(NULL, Array)
#2 /wordpress/wp-includes/plugin.php(517): WP_Hook->do_action(Array)
#3 /wordpress/wp-settings.php(578): do_action('plugins_loaded')
#4 /wordpress/wp-config.php(102): require_once('/wordpress/wp-s...')
#5 /wordpress/wp-load.php(50): require_once('/wordpress/wp-c...')
#6 /internal/eval.php(3): require_once('/wordpress/wp-l...')
#7 {main}
  thrown in /wordpress/wp-content/plugins/binance-pay/class-wc-gateway-binancepay.php on line 31
[03-May-2025 15:54:32 UTC] PHP Fatal error:  Uncaught Error: Class "WC_Payment_Gateway" not found in /wordpress/wp-content/plugins/binance-pay/class-wc-gateway-binancepay.php:31
Stack trace:
#0 /wordpress/wp-includes/class-wp-hook.php(324): binance_pay_init_gateway_class('')
#1 /wordpress/wp-includes/class-wp-hook.php(348): WP_Hook->apply_filters(NULL, Array)
#2 /wordpress/wp-includes/plugin.php(517): WP_Hook->do_action(Array)
#3 /wordpress/wp-settings.php(578): do_action('plugins_loaded')
#4 /wordpress/wp-config.php(102): require_once('/wordpress/wp-s...')
#5 /wordpress/wp-load.php(50): require_once('/wordpress/wp-c...')
#6 /internal/eval.php(3): require_once('/wordpress/wp-l...')
#7 {main}
  thrown in /wordpress/wp-content/plugins/binance-pay/class-wc-gateway-binancepay.php on line 31

    at Object.onBind (file:///home/runner/work/playground-tester/playground-tester/node_modules/@wp-playground/cli/index.js:237:15)
    at process.processTicksAndRejections (node:internal/process/task_queues:105:5)
    at async V (file:///home/runner/work/playground-tester/playground-tester/node_modules/@wp-playground/cli/index.js:64:10)
    at async ja (file:///home/runner/work/playground-tester/playground-tester/node_modules/@wp-playground/cli/cli.js:8161:12) {
  [cause]: Error: Error when executing the blueprint step #1 ({"step":"installPlugin","pluginData":{"resource":"wordpress.org/plugins","slug":"blablabla"},"options":{"activate":true}}) : Could not download "https://downloads.wordpress.org/plugin/blablabla.latest-stable.zip".
  				Check if the URL is correct and the server is reachable.
  				If it is reachable, the server might be blocking the request.
  				Check the browser console and network tabs for more information.
  
  				## Does the console show the error "No 'Access-Control-Allow-Origin' header"?
  
  				This means the server that hosts your file does not allow requests from other sites
  				(cross-origin requests, or CORS).	You need to move the asset to a server that allows
  				cross-origin file downloads. Learn more about CORS at
  				https://developer.mozilla.org/en-US/docs/Web/HTTP/CORS.
  
  				If your file is on GitHub, load it from "raw.githubusercontent.com".
  				Here's how to do that:
  
  				1. Start with the original GitHub URL of the file. For example:
  				https://github.com/username/repository/blob/branch/filename.
  				2. Replace "github.com" with "raw.githubusercontent.com".
  				3. Remove the "/blob/" part of the URL.
  
  				The resulting URL should look like this:
  				https://raw.githubusercontent.com/username/repository/branch/filename
  
  				Error:
  				Error: Could not download "https://downloads.wordpress.org/plugin/blablabla.latest-stable.zip"
      at Object.run (file:///home/runner/work/playground-tester/playground-tester/node_modules/@wp-playground/blueprints/index.js:12449:19)
      at process.processTicksAndRejections (node:internal/process/task_queues:105:5)
      at async ms (file:///home/runner/work/playground-tester/playground-tester/node_modules/@wp-playground/blueprints/index.js:12552:3)
      at async Object.onBind (file:///home/runner/work/playground-tester/playground-tester/node_modules/@wp-playground/cli/index.js:227:48)
      at async V (file:///home/runner/work/playground-tester/playground-tester/node_modules/@wp-playground/cli/index.js:64:10)
      at async ja (file:///home/runner/work/playground-tester/playground-tester/node_modules/@wp-playground/cli/cli.js:8161:12) {
    [cause]: Error: Could not download "https://downloads.wordpress.org/plugin/blablabla.latest-stable.zip".
    				Check if the URL is correct and the server is reachable.
    				If it is reachable, the server might be blocking the request.
    				Check the browser console and network tabs for more information.
    
    				## Does the console show the error "No 'Access-Control-Allow-Origin' header"?
    
    				This means the server that hosts your file does not allow requests from other sites
    				(cross-origin requests, or CORS).	You need to move the asset to a server that allows
    				cross-origin file downloads. Learn more about CORS at
    				https://developer.mozilla.org/en-US/docs/Web/HTTP/CORS.
    
    				If your file is on GitHub, load it from "raw.githubusercontent.com".
    				Here's how to do that:
    
    				1. Start with the original GitHub URL of the file. For example:
    				https://github.com/username/repository/blob/branch/filename.
    				2. Replace "github.com" with "raw.githubusercontent.com".
    				3. Remove the "/blob/" part of the URL.
    
    				The resulting URL should look like this:
    				https://raw.githubusercontent.com/username/repository/branch/filename
    
    				Error:
    				Error: Could not download "https://downloads.wordpress.org/plugin/blablabla.latest-stable.zip"
        at Ct.resolve (file:///home/runner/work/playground-tester/playground-tester/node_modules/@wp-playground/blueprints/index.js:1472:13)
        at process.processTicksAndRejections (node:internal/process/task_queues:105:5)
        at async _.run (file:///home/runner/work/playground-tester/playground-tester/node_modules/@php-wasm/util/index.js:45:14)
  }
}

Node.js v23.11.0
