file:///home/runner/work/playground-tester/playground-tester/node_modules/@wp-playground/cli/index.js:237
        throw new Error(y, { cause: u });
              ^

Error: [14-Apr-2025 11:44:43 UTC] PHP Deprecated:  Required parameter $books_options follows optional parameter $operator in /wordpress/wp-content/plugins/prosociate-amazon/classes/ProssociateSearch.php on line 560
[14-Apr-2025 11:44:44 UTC] PHP Deprecated:  Required parameter $books_options follows optional parameter $operator in /wordpress/wp-content/plugins/prosociate-amazon/classes/ProssociateSearch.php on line 560
[14-Apr-2025 11:44:44 UTC] PHP Fatal error:  Uncaught TypeError: Unsupported operand types: string * int in /wordpress/wp-content/plugins/prosociate-amazon/classes/ProssociateCampaignController.php:568
Stack trace:
#0 /wordpress/wp-includes/class-wp-hook.php(324): ProssociateCampaignController->pagination('')
#1 /wordpress/wp-includes/class-wp-hook.php(348): WP_Hook->apply_filters(NULL, Array)
#2 /wordpress/wp-includes/plugin.php(517): WP_Hook->do_action(Array)
#3 /wordpress/wp-settings.php(704): do_action('init')
#4 /wordpress/wp-config.php(102): require_once('/wordpress/wp-s...')
#5 /wordpress/wp-load.php(50): require_once('/wordpress/wp-c...')
#6 /internal/eval.php(3): require_once('/wordpress/wp-l...')
#7 {main}
  thrown in /wordpress/wp-content/plugins/prosociate-amazon/classes/ProssociateCampaignController.php on line 568
[14-Apr-2025 11:44:53 UTC] PHP Deprecated:  Required parameter $books_options follows optional parameter $operator in /wordpress/wp-content/plugins/prosociate-amazon/classes/ProssociateSearch.php on line 560
[14-Apr-2025 11:44:54 UTC] PHP Deprecated:  Required parameter $books_options follows optional parameter $operator in /wordpress/wp-content/plugins/prosociate-amazon/classes/ProssociateSearch.php on line 560
[14-Apr-2025 11:44:54 UTC] PHP Fatal error:  Uncaught TypeError: Unsupported operand types: string * int in /wordpress/wp-content/plugins/prosociate-amazon/classes/ProssociateCampaignController.php:568
Stack trace:
#0 /wordpress/wp-includes/class-wp-hook.php(324): ProssociateCampaignController->pagination('')
#1 /wordpress/wp-includes/class-wp-hook.php(348): WP_Hook->apply_filters(NULL, Array)
#2 /wordpress/wp-includes/plugin.php(517): WP_Hook->do_action(Array)
#3 /wordpress/wp-settings.php(704): do_action('init')
#4 /wordpress/wp-config.php(102): require_once('/wordpress/wp-s...')
#5 /wordpress/wp-load.php(50): require_once('/wordpress/wp-c...')
#6 /internal/eval.php(3): require_once('/wordpress/wp-l...')
#7 {main}
  thrown in /wordpress/wp-content/plugins/prosociate-amazon/classes/ProssociateCampaignController.php on line 568
[14-Apr-2025 11:45:02 UTC] PHP Deprecated:  Required parameter $books_options follows optional parameter $operator in /wordpress/wp-content/plugins/prosociate-amazon/classes/ProssociateSearch.php on line 560
[14-Apr-2025 11:45:04 UTC] PHP Deprecated:  Required parameter $books_options follows optional parameter $operator in /wordpress/wp-content/plugins/prosociate-amazon/classes/ProssociateSearch.php on line 560
[14-Apr-2025 11:45:04 UTC] PHP Fatal error:  Uncaught TypeError: Unsupported operand types: string * int in /wordpress/wp-content/plugins/prosociate-amazon/classes/ProssociateCampaignController.php:568
Stack trace:
#0 /wordpress/wp-includes/class-wp-hook.php(324): ProssociateCampaignController->pagination('')
#1 /wordpress/wp-includes/class-wp-hook.php(348): WP_Hook->apply_filters(NULL, Array)
#2 /wordpress/wp-includes/plugin.php(517): WP_Hook->do_action(Array)
#3 /wordpress/wp-settings.php(704): do_action('init')
#4 /wordpress/wp-config.php(102): require_once('/wordpress/wp-s...')
#5 /wordpress/wp-load.php(50): require_once('/wordpress/wp-c...')
#6 /internal/eval.php(3): require_once('/wordpress/wp-l...')
#7 {main}
  thrown in /wordpress/wp-content/plugins/prosociate-amazon/classes/ProssociateCampaignController.php on line 568
[14-Apr-2025 11:46:06 UTC] PHP Fatal error:  Uncaught Error: Call to undefined function create_function() in /wordpress/wp-content/plugins/page-wise-gallery/page-wise-gallery.php:146
Stack trace:
#0 /wordpress/wp-admin/includes/plugin.php(2387): include_once()
#1 /wordpress/wp-admin/includes/plugin.php(673): plugin_sandbox_scrape('page-wise-galle...')
#2 /internal/eval.php(20): activate_plugin('page-wise-galle...')
#3 {main}
  thrown in /wordpress/wp-content/plugins/page-wise-gallery/page-wise-gallery.php on line 146
[14-Apr-2025 11:46:13 UTC] PHP Fatal error:  Uncaught Error: Call to undefined function create_function() in /wordpress/wp-content/plugins/page-wise-gallery/page-wise-gallery.php:146
Stack trace:
#0 /wordpress/wp-admin/includes/plugin.php(2387): include_once()
#1 /wordpress/wp-admin/includes/plugin.php(673): plugin_sandbox_scrape('page-wise-galle...')
#2 /internal/eval.php(20): activate_plugin('page-wise-galle...')
#3 {main}
  thrown in /wordpress/wp-content/plugins/page-wise-gallery/page-wise-gallery.php on line 146
[14-Apr-2025 11:46:21 UTC] PHP Fatal error:  Uncaught Error: Call to undefined function create_function() in /wordpress/wp-content/plugins/page-wise-gallery/page-wise-gallery.php:146
Stack trace:
#0 /wordpress/wp-admin/includes/plugin.php(2387): include_once()
#1 /wordpress/wp-admin/includes/plugin.php(673): plugin_sandbox_scrape('page-wise-galle...')
#2 /internal/eval.php(20): activate_plugin('page-wise-galle...')
#3 {main}
  thrown in /wordpress/wp-content/plugins/page-wise-gallery/page-wise-gallery.php on line 146
[14-Apr-2025 11:46:29 UTC] PHP Fatal error:  Uncaught Error: Call to undefined function create_function() in /wordpress/wp-content/plugins/parku-search/parku.php:15
Stack trace:
#0 /wordpress/wp-admin/includes/plugin.php(2387): include_once()
#1 /wordpress/wp-admin/includes/plugin.php(673): plugin_sandbox_scrape('parku-search/pa...')
#2 /internal/eval.php(20): activate_plugin('parku-search/pa...')
#3 {main}
  thrown in /wordpress/wp-content/plugins/parku-search/parku.php on line 15
[14-Apr-2025 11:46:37 UTC] PHP Fatal error:  Uncaught Error: Call to undefined function create_function() in /wordpress/wp-content/plugins/parku-search/parku.php:15
Stack trace:
#0 /wordpress/wp-admin/includes/plugin.php(2387): include_once()
#1 /wordpress/wp-admin/includes/plugin.php(673): plugin_sandbox_scrape('parku-search/pa...')
#2 /internal/eval.php(20): activate_plugin('parku-search/pa...')
#3 {main}
  thrown in /wordpress/wp-content/plugins/parku-search/parku.php on line 15
[14-Apr-2025 11:46:45 UTC] PHP Fatal error:  Uncaught Error: Call to undefined function create_function() in /wordpress/wp-content/plugins/parku-search/parku.php:15
Stack trace:
#0 /wordpress/wp-admin/includes/plugin.php(2387): include_once()
#1 /wordpress/wp-admin/includes/plugin.php(673): plugin_sandbox_scrape('parku-search/pa...')
#2 /internal/eval.php(20): activate_plugin('parku-search/pa...')
#3 {main}
  thrown in /wordpress/wp-content/plugins/parku-search/parku.php on line 15
[14-Apr-2025 11:50:07 UTC] PHP Deprecated:  Required parameter $editor_id follows optional parameter $content in /wordpress/wp-content/plugins/post-builder-lite/setting.php on line 96
[14-Apr-2025 11:50:07 UTC] PHP Deprecated:  Required parameter $type follows optional parameter $value in /wordpress/wp-content/plugins/post-builder-lite/setting.php on line 127
[14-Apr-2025 11:50:07 UTC] PHP Deprecated:  Required parameter $product follows optional parameter $value in /wordpress/wp-content/plugins/post-builder-lite/setting.php on line 127
[14-Apr-2025 11:50:07 UTC] PHP Deprecated:  Required parameter $id follows optional parameter $value in /wordpress/wp-content/plugins/post-builder-lite/setting.php on line 127
[14-Apr-2025 11:50:07 UTC] PHP Deprecated:  Required parameter $allFieldList follows optional parameter $product in /wordpress/wp-content/plugins/post-builder-lite/setting.php on line 144
[14-Apr-2025 11:50:08 UTC] PHP Deprecated:  Required parameter $editor_id follows optional parameter $content in /wordpress/wp-content/plugins/post-builder-lite/setting.php on line 96
[14-Apr-2025 11:50:08 UTC] PHP Deprecated:  Required parameter $type follows optional parameter $value in /wordpress/wp-content/plugins/post-builder-lite/setting.php on line 127
[14-Apr-2025 11:50:08 UTC] PHP Deprecated:  Required parameter $product follows optional parameter $value in /wordpress/wp-content/plugins/post-builder-lite/setting.php on line 127
[14-Apr-2025 11:50:08 UTC] PHP Deprecated:  Required parameter $id follows optional parameter $value in /wordpress/wp-content/plugins/post-builder-lite/setting.php on line 127
[14-Apr-2025 11:50:08 UTC] PHP Deprecated:  Required parameter $allFieldList follows optional parameter $product in /wordpress/wp-content/plugins/post-builder-lite/setting.php on line 144
[14-Apr-2025 11:50:08 UTC] PHP Notice:  Function wp_enqueue_style was called <strong>incorrectly</strong>. Scripts and styles should not be registered or enqueued until the <code>wp_enqueue_scripts</code>, <code>admin_enqueue_scripts</code>, or <code>login_enqueue_scripts</code> hooks. This notice was triggered by the <code>pbf-css</code> handle. Please see <a href="https://developer.wordpress.org/advanced-administration/debug/debug-wordpress/">Debugging in WordPress</a> for more information. (This message was added in version 3.3.0.) in /wordpress/wp-includes/functions.php on line 6114
[14-Apr-2025 11:50:08 UTC] PHP Notice:  Function is_feed was called <strong>incorrectly</strong>. Conditional query tags do not work before the query is run. Before then, they always return false. Please see <a href="https://developer.wordpress.org/advanced-administration/debug/debug-wordpress/">Debugging in WordPress</a> for more information. (This message was added in version 3.1.0.) in /wordpress/wp-includes/functions.php on line 6114
[14-Apr-2025 11:50:08 UTC] PHP Notice:  Function wp_enqueue_script was called <strong>incorrectly</strong>. Scripts and styles should not be registered or enqueued until the <code>wp_enqueue_scripts</code>, <code>admin_enqueue_scripts</code>, or <code>login_enqueue_scripts</code> hooks. This notice was triggered by the <code>jquery-ui-widget</code> handle. Please see <a href="https://developer.wordpress.org/advanced-administration/debug/debug-wordpress/">Debugging in WordPress</a> for more information. (This message was added in version 3.3.0.) in /wordpress/wp-includes/functions.php on line 6114
[14-Apr-2025 11:50:08 UTC] PHP Notice:  Function wp_enqueue_script was called <strong>incorrectly</strong>. Scripts and styles should not be registered or enqueued until the <code>wp_enqueue_scripts</code>, <code>admin_enqueue_scripts</code>, or <code>login_enqueue_scripts</code> hooks. This notice was triggered by the <code>jquery-ui-mouse</code> handle. Please see <a href="https://developer.wordpress.org/advanced-administration/debug/debug-wordpress/">Debugging in WordPress</a> for more information. (This message was added in version 3.3.0.) in /wordpress/wp-includes/functions.php on line 6114
[14-Apr-2025 11:50:08 UTC] PHP Notice:  Function wp_enqueue_script was called <strong>incorrectly</strong>. Scripts and styles should not be registered or enqueued until the <code>wp_enqueue_scripts</code>, <code>admin_enqueue_scripts</code>, or <code>login_enqueue_scripts</code> hooks. This notice was triggered by the <code>jquery-ui-accordion</code> handle. Please see <a href="https://developer.wordpress.org/advanced-administration/debug/debug-wordpress/">Debugging in WordPress</a> for more information. (This message was added in version 3.3.0.) in /wordpress/wp-includes/functions.php on line 6114
[14-Apr-2025 11:50:08 UTC] PHP Notice:  Function wp_enqueue_script was called <strong>incorrectly</strong>. Scripts and styles should not be registered or enqueued until the <code>wp_enqueue_scripts</code>, <code>admin_enqueue_scripts</code>, or <code>login_enqueue_scripts</code> hooks. This notice was triggered by the <code>jquery-ui-autocomplete</code> handle. Please see <a href="https://developer.wordpress.org/advanced-administration/debug/debug-wordpress/">Debugging in WordPress</a> for more information. (This message was added in version 3.3.0.) in /wordpress/wp-includes/functions.php on line 6114
[14-Apr-2025 11:50:08 UTC] PHP Notice:  Function wp_enqueue_script was called <strong>incorrectly</strong>. Scripts and styles should not be registered or enqueued until the <code>wp_enqueue_scripts</code>, <code>admin_enqueue_scripts</code>, or <code>login_enqueue_scripts</code> hooks. This notice was triggered by the <code>jquery-ui-sortable</code> handle. Please see <a href="https://developer.wordpress.org/advanced-administration/debug/debug-wordpress/">Debugging in WordPress</a> for more information. (This message was added in version 3.3.0.) in /wordpress/wp-includes/functions.php on line 6114
[14-Apr-2025 11:50:08 UTC] PHP Notice:  Function wp_enqueue_style was called <strong>incorrectly</strong>. Scripts and styles should not be registered or enqueued until the <code>wp_enqueue_scripts</code>, <code>admin_enqueue_scripts</code>, or <code>login_enqueue_scripts</code> hooks. This notice was triggered by the <code>wp-color-picker</code> handle. Please see <a href="https://developer.wordpress.org/advanced-administration/debug/debug-wordpress/">Debugging in WordPress</a> for more information. (This message was added in version 3.3.0.) in /wordpress/wp-includes/functions.php on line 6114
[14-Apr-2025 11:50:08 UTC] PHP Notice:  Function wp_enqueue_script was called <strong>incorrectly</strong>. Scripts and styles should not be registered or enqueued until the <code>wp_enqueue_scripts</code>, <code>admin_enqueue_scripts</code>, or <code>login_enqueue_scripts</code> hooks. This notice was triggered by the <code>custom-script-handle</code> handle. Please see <a href="https://developer.wordpress.org/advanced-administration/debug/debug-wordpress/">Debugging in WordPress</a> for more information. (This message was added in version 3.3.0.) in /wordpress/wp-includes/functions.php on line 6114
[14-Apr-2025 11:50:08 UTC] PHP Notice:  Function wp_enqueue_script was called <strong>incorrectly</strong>. Scripts and styles should not be registered or enqueued until the <code>wp_enqueue_scripts</code>, <code>admin_enqueue_scripts</code>, or <code>login_enqueue_scripts</code> hooks. This notice was triggered by the <code>pbf-tinymce-script</code> handle. Please see <a href="https://developer.wordpress.org/advanced-administration/debug/debug-wordpress/">Debugging in WordPress</a> for more information. (This message was added in version 3.3.0.) in /wordpress/wp-includes/functions.php on line 6114
[14-Apr-2025 11:50:22 UTC] PHP Deprecated:  Required parameter $editor_id follows optional parameter $content in /wordpress/wp-content/plugins/post-builder-lite/setting.php on line 96
[14-Apr-2025 11:50:22 UTC] PHP Deprecated:  Required parameter $type follows optional parameter $value in /wordpress/wp-content/plugins/post-builder-lite/setting.php on line 127
[14-Apr-2025 11:50:22 UTC] PHP Deprecated:  Required parameter $product follows optional parameter $value in /wordpress/wp-content/plugins/post-builder-lite/setting.php on line 127
[14-Apr-2025 11:50:22 UTC] PHP Deprecated:  Required parameter $id follows optional parameter $value in /wordpress/wp-content/plugins/post-builder-lite/setting.php on line 127
[14-Apr-2025 11:50:22 UTC] PHP Deprecated:  Required parameter $allFieldList follows optional parameter $product in /wordpress/wp-content/plugins/post-builder-lite/setting.php on line 144
[14-Apr-2025 11:50:22 UTC] PHP Deprecated:  Required parameter $editor_id follows optional parameter $content in /wordpress/wp-content/plugins/post-builder-lite/setting.php on line 96
[14-Apr-2025 11:50:22 UTC] PHP Deprecated:  Required parameter $type follows optional parameter $value in /wordpress/wp-content/plugins/post-builder-lite/setting.php on line 127
[14-Apr-2025 11:50:22 UTC] PHP Deprecated:  Required parameter $product follows optional parameter $value in /wordpress/wp-content/plugins/post-builder-lite/setting.php on line 127
[14-Apr-2025 11:50:22 UTC] PHP Deprecated:  Required parameter $id follows optional parameter $value in /wordpress/wp-content/plugins/post-builder-lite/setting.php on line 127
[14-Apr-2025 11:50:22 UTC] PHP Deprecated:  Required parameter $allFieldList follows optional parameter $product in /wordpress/wp-content/plugins/post-builder-lite/setting.php on line 144
[14-Apr-2025 11:50:22 UTC] PHP Notice:  Function wp_enqueue_style was called <strong>incorrectly</strong>. Scripts and styles should not be registered or enqueued until the <code>wp_enqueue_scripts</code>, <code>admin_enqueue_scripts</code>, or <code>login_enqueue_scripts</code> hooks. This notice was triggered by the <code>pbf-css</code> handle. Please see <a href="https://developer.wordpress.org/advanced-administration/debug/debug-wordpress/">Debugging in WordPress</a> for more information. (This message was added in version 3.3.0.) in /wordpress/wp-includes/functions.php on line 6114
[14-Apr-2025 11:50:22 UTC] PHP Notice:  Function is_feed was called <strong>incorrectly</strong>. Conditional query tags do not work before the query is run. Before then, they always return false. Please see <a href="https://developer.wordpress.org/advanced-administration/debug/debug-wordpress/">Debugging in WordPress</a> for more information. (This message was added in version 3.1.0.) in /wordpress/wp-includes/functions.php on line 6114
[14-Apr-2025 11:50:22 UTC] PHP Notice:  Function wp_enqueue_script was called <strong>incorrectly</strong>. Scripts and styles should not be registered or enqueued until the <code>wp_enqueue_scripts</code>, <code>admin_enqueue_scripts</code>, or <code>login_enqueue_scripts</code> hooks. This notice was triggered by the <code>jquery-ui-widget</code> handle. Please see <a href="https://developer.wordpress.org/advanced-administration/debug/debug-wordpress/">Debugging in WordPress</a> for more information. (This message was added in version 3.3.0.) in /wordpress/wp-includes/functions.php on line 6114
[14-Apr-2025 11:50:22 UTC] PHP Notice:  Function wp_enqueue_script was called <strong>incorrectly</strong>. Scripts and styles should not be registered or enqueued until the <code>wp_enqueue_scripts</code>, <code>admin_enqueue_scripts</code>, or <code>login_enqueue_scripts</code> hooks. This notice was triggered by the <code>jquery-ui-mouse</code> handle. Please see <a href="https://developer.wordpress.org/advanced-administration/debug/debug-wordpress/">Debugging in WordPress</a> for more information. (This message was added in version 3.3.0.) in /wordpress/wp-includes/functions.php on line 6114
[14-Apr-2025 11:50:22 UTC] PHP Notice:  Function wp_enqueue_script was called <strong>incorrectly</strong>. Scripts and styles should not be registered or enqueued until the <code>wp_enqueue_scripts</code>, <code>admin_enqueue_scripts</code>, or <code>login_enqueue_scripts</code> hooks. This notice was triggered by the <code>jquery-ui-accordion</code> handle. Please see <a href="https://developer.wordpress.org/advanced-administration/debug/debug-wordpress/">Debugging in WordPress</a> for more information. (This message was added in version 3.3.0.) in /wordpress/wp-includes/functions.php on line 6114
[14-Apr-2025 11:50:22 UTC] PHP Notice:  Function wp_enqueue_script was called <strong>incorrectly</strong>. Scripts and styles should not be registered or enqueued until the <code>wp_enqueue_scripts</code>, <code>admin_enqueue_scripts</code>, or <code>login_enqueue_scripts</code> hooks. This notice was triggered by the <code>jquery-ui-autocomplete</code> handle. Please see <a href="https://developer.wordpress.org/advanced-administration/debug/debug-wordpress/">Debugging in WordPress</a> for more information. (This message was added in version 3.3.0.) in /wordpress/wp-includes/functions.php on line 6114
[14-Apr-2025 11:50:22 UTC] PHP Notice:  Function wp_enqueue_script was called <strong>incorrectly</strong>. Scripts and styles should not be registered or enqueued until the <code>wp_enqueue_scripts</code>, <code>admin_enqueue_scripts</code>, or <code>login_enqueue_scripts</code> hooks. This notice was triggered by the <code>jquery-ui-sortable</code> handle. Please see <a href="https://developer.wordpress.org/advanced-administration/debug/debug-wordpress/">Debugging in WordPress</a> for more information. (This message was added in version 3.3.0.) in /wordpress/wp-includes/functions.php on line 6114
[14-Apr-2025 11:50:22 UTC] PHP Notice:  Function wp_enqueue_style was called <strong>incorrectly</strong>. Scripts and styles should not be registered or enqueued until the <code>wp_enqueue_scripts</code>, <code>admin_enqueue_scripts</code>, or <code>login_enqueue_scripts</code> hooks. This notice was triggered by the <code>wp-color-picker</code> handle. Please see <a href="https://developer.wordpress.org/advanced-administration/debug/debug-wordpress/">Debugging in WordPress</a> for more information. (This message was added in version 3.3.0.) in /wordpress/wp-includes/functions.php on line 6114
[14-Apr-2025 11:50:22 UTC] PHP Notice:  Function wp_enqueue_script was called <strong>incorrectly</strong>. Scripts and styles should not be registered or enqueued until the <code>wp_enqueue_scripts</code>, <code>admin_enqueue_scripts</code>, or <code>login_enqueue_scripts</code> hooks. This notice was triggered by the <code>custom-script-handle</code> handle. Please see <a href="https://developer.wordpress.org/advanced-administration/debug/debug-wordpress/">Debugging in WordPress</a> for more information. (This message was added in version 3.3.0.) in /wordpress/wp-includes/functions.php on line 6114
[14-Apr-2025 11:50:23 UTC] PHP Notice:  Function wp_enqueue_script was called <strong>incorrectly</strong>. Scripts and styles should not be registered or enqueued until the <code>wp_enqueue_scripts</code>, <code>admin_enqueue_scripts</code>, or <code>login_enqueue_scripts</code> hooks. This notice was triggered by the <code>pbf-tinymce-script</code> handle. Please see <a href="https://developer.wordpress.org/advanced-administration/debug/debug-wordpress/">Debugging in WordPress</a> for more information. (This message was added in version 3.3.0.) in /wordpress/wp-includes/functions.php on line 6114
[14-Apr-2025 11:50:38 UTC] PHP Deprecated:  Required parameter $editor_id follows optional parameter $content in /wordpress/wp-content/plugins/post-builder-lite/setting.php on line 96
[14-Apr-2025 11:50:38 UTC] PHP Deprecated:  Required parameter $type follows optional parameter $value in /wordpress/wp-content/plugins/post-builder-lite/setting.php on line 127
[14-Apr-2025 11:50:38 UTC] PHP Deprecated:  Required parameter $product follows optional parameter $value in /wordpress/wp-content/plugins/post-builder-lite/setting.php on line 127
[14-Apr-2025 11:50:38 UTC] PHP Deprecated:  Required parameter $id follows optional parameter $value in /wordpress/wp-content/plugins/post-builder-lite/setting.php on line 127
[14-Apr-2025 11:50:38 UTC] PHP Deprecated:  Required parameter $allFieldList follows optional parameter $product in /wordpress/wp-content/plugins/post-builder-lite/setting.php on line 144
[14-Apr-2025 11:50:39 UTC] PHP Deprecated:  Required parameter $editor_id follows optional parameter $content in /wordpress/wp-content/plugins/post-builder-lite/setting.php on line 96
[14-Apr-2025 11:50:39 UTC] PHP Deprecated:  Required parameter $type follows optional parameter $value in /wordpress/wp-content/plugins/post-builder-lite/setting.php on line 127
[14-Apr-2025 11:50:39 UTC] PHP Deprecated:  Required parameter $product follows optional parameter $value in /wordpress/wp-content/plugins/post-builder-lite/setting.php on line 127
[14-Apr-2025 11:50:39 UTC] PHP Deprecated:  Required parameter $id follows optional parameter $value in /wordpress/wp-content/plugins/post-builder-lite/setting.php on line 127
[14-Apr-2025 11:50:39 UTC] PHP Deprecated:  Required parameter $allFieldList follows optional parameter $product in /wordpress/wp-content/plugins/post-builder-lite/setting.php on line 144
[14-Apr-2025 11:50:39 UTC] PHP Notice:  Function wp_enqueue_style was called <strong>incorrectly</strong>. Scripts and styles should not be registered or enqueued until the <code>wp_enqueue_scripts</code>, <code>admin_enqueue_scripts</code>, or <code>login_enqueue_scripts</code> hooks. This notice was triggered by the <code>pbf-css</code> handle. Please see <a href="https://developer.wordpress.org/advanced-administration/debug/debug-wordpress/">Debugging in WordPress</a> for more information. (This message was added in version 3.3.0.) in /wordpress/wp-includes/functions.php on line 6114
[14-Apr-2025 11:50:39 UTC] PHP Notice:  Function is_feed was called <strong>incorrectly</strong>. Conditional query tags do not work before the query is run. Before then, they always return false. Please see <a href="https://developer.wordpress.org/advanced-administration/debug/debug-wordpress/">Debugging in WordPress</a> for more information. (This message was added in version 3.1.0.) in /wordpress/wp-includes/functions.php on line 6114
[14-Apr-2025 11:50:39 UTC] PHP Notice:  Function wp_enqueue_script was called <strong>incorrectly</strong>. Scripts and styles should not be registered or enqueued until the <code>wp_enqueue_scripts</code>, <code>admin_enqueue_scripts</code>, or <code>login_enqueue_scripts</code> hooks. This notice was triggered by the <code>jquery-ui-widget</code> handle. Please see <a href="https://developer.wordpress.org/advanced-administration/debug/debug-wordpress/">Debugging in WordPress</a> for more information. (This message was added in version 3.3.0.) in /wordpress/wp-includes/functions.php on line 6114
[14-Apr-2025 11:50:39 UTC] PHP Notice:  Function wp_enqueue_script was called <strong>incorrectly</strong>. Scripts and styles should not be registered or enqueued until the <code>wp_enqueue_scripts</code>, <code>admin_enqueue_scripts</code>, or <code>login_enqueue_scripts</code> hooks. This notice was triggered by the <code>jquery-ui-mouse</code> handle. Please see <a href="https://developer.wordpress.org/advanced-administration/debug/debug-wordpress/">Debugging in WordPress</a> for more information. (This message was added in version 3.3.0.) in /wordpress/wp-includes/functions.php on line 6114
[14-Apr-2025 11:50:39 UTC] PHP Notice:  Function wp_enqueue_script was called <strong>incorrectly</strong>. Scripts and styles should not be registered or enqueued until the <code>wp_enqueue_scripts</code>, <code>admin_enqueue_scripts</code>, or <code>login_enqueue_scripts</code> hooks. This notice was triggered by the <code>jquery-ui-accordion</code> handle. Please see <a href="https://developer.wordpress.org/advanced-administration/debug/debug-wordpress/">Debugging in WordPress</a> for more information. (This message was added in version 3.3.0.) in /wordpress/wp-includes/functions.php on line 6114
[14-Apr-2025 11:50:39 UTC] PHP Notice:  Function wp_enqueue_script was called <strong>incorrectly</strong>. Scripts and styles should not be registered or enqueued until the <code>wp_enqueue_scripts</code>, <code>admin_enqueue_scripts</code>, or <code>login_enqueue_scripts</code> hooks. This notice was triggered by the <code>jquery-ui-autocomplete</code> handle. Please see <a href="https://developer.wordpress.org/advanced-administration/debug/debug-wordpress/">Debugging in WordPress</a> for more information. (This message was added in version 3.3.0.) in /wordpress/wp-includes/functions.php on line 6114
[14-Apr-2025 11:50:39 UTC] PHP Notice:  Function wp_enqueue_script was called <strong>incorrectly</strong>. Scripts and styles should not be registered or enqueued until the <code>wp_enqueue_scripts</code>, <code>admin_enqueue_scripts</code>, or <code>login_enqueue_scripts</code> hooks. This notice was triggered by the <code>jquery-ui-sortable</code> handle. Please see <a href="https://developer.wordpress.org/advanced-administration/debug/debug-wordpress/">Debugging in WordPress</a> for more information. (This message was added in version 3.3.0.) in /wordpress/wp-includes/functions.php on line 6114
[14-Apr-2025 11:50:39 UTC] PHP Notice:  Function wp_enqueue_style was called <strong>incorrectly</strong>. Scripts and styles should not be registered or enqueued until the <code>wp_enqueue_scripts</code>, <code>admin_enqueue_scripts</code>, or <code>login_enqueue_scripts</code> hooks. This notice was triggered by the <code>wp-color-picker</code> handle. Please see <a href="https://developer.wordpress.org/advanced-administration/debug/debug-wordpress/">Debugging in WordPress</a> for more information. (This message was added in version 3.3.0.) in /wordpress/wp-includes/functions.php on line 6114
[14-Apr-2025 11:50:39 UTC] PHP Notice:  Function wp_enqueue_script was called <strong>incorrectly</strong>. Scripts and styles should not be registered or enqueued until the <code>wp_enqueue_scripts</code>, <code>admin_enqueue_scripts</code>, or <code>login_enqueue_scripts</code> hooks. This notice was triggered by the <code>custom-script-handle</code> handle. Please see <a href="https://developer.wordpress.org/advanced-administration/debug/debug-wordpress/">Debugging in WordPress</a> for more information. (This message was added in version 3.3.0.) in /wordpress/wp-includes/functions.php on line 6114
[14-Apr-2025 11:50:39 UTC] PHP Notice:  Function wp_enqueue_script was called <strong>incorrectly</strong>. Scripts and styles should not be registered or enqueued until the <code>wp_enqueue_scripts</code>, <code>admin_enqueue_scripts</code>, or <code>login_enqueue_scripts</code> hooks. This notice was triggered by the <code>pbf-tinymce-script</code> handle. Please see <a href="https://developer.wordpress.org/advanced-administration/debug/debug-wordpress/">Debugging in WordPress</a> for more information. (This message was added in version 3.3.0.) in /wordpress/wp-includes/functions.php on line 6114
[14-Apr-2025 11:50:47 UTC] PHP Fatal error:  Uncaught ArgumentCountError: var_dump() expects at least 1 argument, 0 given in /wordpress/wp-content/plugins/posts-carousel/settings.php:3
Stack trace:
#0 /wordpress/wp-content/plugins/posts-carousel/settings.php(3): var_dump()
#1 /wordpress/wp-content/plugins/posts-carousel/lnksync-posts-carousel.php(17): require('/wordpress/wp-c...')
#2 /wordpress/wp-admin/includes/plugin.php(2387): include_once('/wordpress/wp-c...')
#3 /wordpress/wp-admin/includes/plugin.php(673): plugin_sandbox_scrape('posts-carousel/...')
#4 /internal/eval.php(20): activate_plugin('posts-carousel/...')
#5 {main}
  thrown in /wordpress/wp-content/plugins/posts-carousel/settings.php on line 3
[14-Apr-2025 11:50:55 UTC] PHP Fatal error:  Uncaught ArgumentCountError: var_dump() expects at least 1 argument, 0 given in /wordpress/wp-content/plugins/posts-carousel/settings.php:3
Stack trace:
#0 /wordpress/wp-content/plugins/posts-carousel/settings.php(3): var_dump()
#1 /wordpress/wp-content/plugins/posts-carousel/lnksync-posts-carousel.php(17): require('/wordpress/wp-c...')
#2 /wordpress/wp-admin/includes/plugin.php(2387): include_once('/wordpress/wp-c...')
#3 /wordpress/wp-admin/includes/plugin.php(673): plugin_sandbox_scrape('posts-carousel/...')
#4 /internal/eval.php(20): activate_plugin('posts-carousel/...')
#5 {main}
  thrown in /wordpress/wp-content/plugins/posts-carousel/settings.php on line 3
[14-Apr-2025 11:51:02 UTC] PHP Fatal error:  Uncaught ArgumentCountError: var_dump() expects at least 1 argument, 0 given in /wordpress/wp-content/plugins/posts-carousel/settings.php:3
Stack trace:
#0 /wordpress/wp-content/plugins/posts-carousel/settings.php(3): var_dump()
#1 /wordpress/wp-content/plugins/posts-carousel/lnksync-posts-carousel.php(17): require('/wordpress/wp-c...')
#2 /wordpress/wp-admin/includes/plugin.php(2387): include_once('/wordpress/wp-c...')
#3 /wordpress/wp-admin/includes/plugin.php(673): plugin_sandbox_scrape('posts-carousel/...')
#4 /internal/eval.php(20): activate_plugin('posts-carousel/...')
#5 {main}
  thrown in /wordpress/wp-content/plugins/posts-carousel/settings.php on line 3
[14-Apr-2025 11:51:10 UTC] PHP Deprecated:  Function register_sidebar_widget is <strong>deprecated</strong> since version 2.8.0! Use wp_register_sidebar_widget() instead. in /wordpress/wp-includes/functions.php on line 6114
[14-Apr-2025 11:51:11 UTC] PHP Deprecated:  Function register_sidebar_widget is <strong>deprecated</strong> since version 2.8.0! Use wp_register_sidebar_widget() instead. in /wordpress/wp-includes/functions.php on line 6114
[14-Apr-2025 11:51:19 UTC] PHP Deprecated:  Function register_sidebar_widget is <strong>deprecated</strong> since version 2.8.0! Use wp_register_sidebar_widget() instead. in /wordpress/wp-includes/functions.php on line 6114
[14-Apr-2025 11:51:20 UTC] PHP Deprecated:  Function register_sidebar_widget is <strong>deprecated</strong> since version 2.8.0! Use wp_register_sidebar_widget() instead. in /wordpress/wp-includes/functions.php on line 6114
[14-Apr-2025 11:51:27 UTC] PHP Deprecated:  Function register_sidebar_widget is <strong>deprecated</strong> since version 2.8.0! Use wp_register_sidebar_widget() instead. in /wordpress/wp-includes/functions.php on line 6114
[14-Apr-2025 11:51:28 UTC] PHP Deprecated:  Function register_sidebar_widget is <strong>deprecated</strong> since version 2.8.0! Use wp_register_sidebar_widget() instead. in /wordpress/wp-includes/functions.php on line 6114
[14-Apr-2025 11:52:16 UTC] WordPress database error <div style="clear:both">&nbsp;</div>
<div class="queries" style="clear:both;margin-bottom:2px;border:red dotted thin;">
<p>MySQL query:</p>
<p> CREATE TABLE IF NOT EXISTS wp_page_generator_keywords (
                            `keywordID` int(10) NOT NULL AUTO_INCREMENT,
                            `keyword` varchar(191) NOT NULL,
                            `source` varchar(191) NOT NULL,
                            `options` text NOT NULL,
                            `columns` text NOT NULL,
                            `delimiter` varchar(191) NOT NULL,
                            `data` longtext NOT NULL,
                            PRIMARY KEY `keywordID` (`keywordID`),
                            UNIQUE KEY `keyword` (`keyword`)
                        ) DEFAULT CHARACTER SET utf8mb4 AUTO_INCREMENT=1</p>
<p>Queries made or created this session were:</p>
<ol>
<li>Executing: BEGIN | (no parameters)</li>
<li>Executing: ROLLBACK | (no parameters)</li>
</ol>
</div>
<div style="clear:both;margin-bottom:2px;border:red dotted thin;" class="error_message" style="border-bottom:dotted blue thin;">
Error occurred at line 4117 in Function <code>handle_error</code>. Error message was: Cannot combine AUTOINCREMENT and multiple primary keys in SQLite.
</div>
<p>Backtrace:</p>
<pre>#0 /internal/shared/sqlite-database-integration/wp-includes/sqlite/class-wp-sqlite-db.php(287): WP_SQLite_Translator->get_error_message()
#1 /wordpress/wp-content/plugins/page-generator/includes/admin/keywords.php(119): WP_SQLite_DB->query(' CREATE TABLE I...')
#2 /wordpress/wp-content/plugins/page-generator/includes/admin/install.php(54): Page_Generator_Pro_Keywords->activate()
#3 /wordpress/wp-content/plugins/page-generator/includes/activation.php(25): Page_Generator_Pro_Install->install()
#4 /wordpress/wp-includes/class-wp-hook.php(324): page_generator_activate(false)
#5 /wordpress/wp-includes/class-wp-hook.php(348): WP_Hook->apply_filters('', Array)
#6 /wordpress/wp-includes/plugin.php(517): WP_Hook->do_action(Array)
#7 /wordpress/wp-admin/includes/plugin.php(703): do_action('activate_page-g...', false)
#8 /internal/eval.php(20): activate_plugin('page-generator/...')
#9 {main}</pre>
 for query  CREATE TABLE IF NOT EXISTS wp_page_generator_keywords (
                            `keywordID` int(10) NOT NULL AUTO_INCREMENT,
                            `keyword` varchar(191) NOT NULL,
                            `source` varchar(191) NOT NULL,
                            `options` text NOT NULL,
                            `columns` text NOT NULL,
                            `delimiter` varchar(191) NOT NULL,
                            `data` longtext NOT NULL,
                            PRIMARY KEY `keywordID` (`keywordID`),
                            UNIQUE KEY `keyword` (`keyword`)
                        ) DEFAULT CHARACTER SET utf8mb4 AUTO_INCREMENT=1 made by activate_plugin, do_action('activate_page-generator/page-generator.php'), WP_Hook->do_action, WP_Hook->apply_filters, page_generator_activate, Page_Generator_Pro_Install->install, Page_Generator_Pro_Keywords->activate, WP_SQLite_DB->query, WP_SQLite_DB->print_error
[14-Apr-2025 11:52:27 UTC] WordPress database error <div style="clear:both">&nbsp;</div>
<div class="queries" style="clear:both;margin-bottom:2px;border:red dotted thin;">
<p>MySQL query:</p>
<p> CREATE TABLE IF NOT EXISTS wp_page_generator_keywords (
                            `keywordID` int(10) NOT NULL AUTO_INCREMENT,
                            `keyword` varchar(191) NOT NULL,
                            `source` varchar(191) NOT NULL,
                            `options` text NOT NULL,
                            `columns` text NOT NULL,
                            `delimiter` varchar(191) NOT NULL,
                            `data` longtext NOT NULL,
                            PRIMARY KEY `keywordID` (`keywordID`),
                            UNIQUE KEY `keyword` (`keyword`)
                        ) DEFAULT CHARACTER SET utf8mb4 AUTO_INCREMENT=1</p>
<p>Queries made or created this session were:</p>
<ol>
<li>Executing: BEGIN | (no parameters)</li>
<li>Executing: ROLLBACK | (no parameters)</li>
</ol>
</div>
<div style="clear:both;margin-bottom:2px;border:red dotted thin;" class="error_message" style="border-bottom:dotted blue thin;">
Error occurred at line 4117 in Function <code>handle_error</code>. Error message was: Cannot combine AUTOINCREMENT and multiple primary keys in SQLite.
</div>
<p>Backtrace:</p>
<pre>#0 /internal/shared/sqlite-database-integration/wp-includes/sqlite/class-wp-sqlite-db.php(287): WP_SQLite_Translator->get_error_message()
#1 /wordpress/wp-content/plugins/page-generator/includes/admin/keywords.php(119): WP_SQLite_DB->query(' CREATE TABLE I...')
#2 /wordpress/wp-content/plugins/page-generator/includes/admin/install.php(54): Page_Generator_Pro_Keywords->activate()
#3 /wordpress/wp-content/plugins/page-generator/includes/activation.php(25): Page_Generator_Pro_Install->install()
#4 /wordpress/wp-includes/class-wp-hook.php(324): page_generator_activate(false)
#5 /wordpress/wp-includes/class-wp-hook.php(348): WP_Hook->apply_filters('', Array)
#6 /wordpress/wp-includes/plugin.php(517): WP_Hook->do_action(Array)
#7 /wordpress/wp-admin/includes/plugin.php(703): do_action('activate_page-g...', false)
#8 /internal/eval.php(20): activate_plugin('page-generator/...')
#9 {main}</pre>
 for query  CREATE TABLE IF NOT EXISTS wp_page_generator_keywords (
                            `keywordID` int(10) NOT NULL AUTO_INCREMENT,
                            `keyword` varchar(191) NOT NULL,
                            `source` varchar(191) NOT NULL,
                            `options` text NOT NULL,
                            `columns` text NOT NULL,
                            `delimiter` varchar(191) NOT NULL,
                            `data` longtext NOT NULL,
                            PRIMARY KEY `keywordID` (`keywordID`),
                            UNIQUE KEY `keyword` (`keyword`)
                        ) DEFAULT CHARACTER SET utf8mb4 AUTO_INCREMENT=1 made by activate_plugin, do_action('activate_page-generator/page-generator.php'), WP_Hook->do_action, WP_Hook->apply_filters, page_generator_activate, Page_Generator_Pro_Install->install, Page_Generator_Pro_Keywords->activate, WP_SQLite_DB->query, WP_SQLite_DB->print_error

    at Object.onBind (file:///home/runner/work/playground-tester/playground-tester/node_modules/@wp-playground/cli/index.js:237:15)
    at process.processTicksAndRejections (node:internal/process/task_queues:105:5)
    at async V (file:///home/runner/work/playground-tester/playground-tester/node_modules/@wp-playground/cli/index.js:64:10)
    at async ja (file:///home/runner/work/playground-tester/playground-tester/node_modules/@wp-playground/cli/cli.js:8161:12) {
  [cause]: Error: Error when executing the blueprint step #5 ({"step":"installPlugin","pluginData":{"resource":"wordpress.org/plugins","slug":"password-protect"},"options":{"activate":true}}) : Could not download "https://downloads.wordpress.org/plugin/password-protect.latest-stable.zip".
  				Check if the URL is correct and the server is reachable.
  				If it is reachable, the server might be blocking the request.
  				Check the browser console and network tabs for more information.
  
  				## Does the console show the error "No 'Access-Control-Allow-Origin' header"?
  
  				This means the server that hosts your file does not allow requests from other sites
  				(cross-origin requests, or CORS).	You need to move the asset to a server that allows
  				cross-origin file downloads. Learn more about CORS at
  				https://developer.mozilla.org/en-US/docs/Web/HTTP/CORS.
  
  				If your file is on GitHub, load it from "raw.githubusercontent.com".
  				Here's how to do that:
  
  				1. Start with the original GitHub URL of the file. For example:
  				https://github.com/username/repository/blob/branch/filename.
  				2. Replace "github.com" with "raw.githubusercontent.com".
  				3. Remove the "/blob/" part of the URL.
  
  				The resulting URL should look like this:
  				https://raw.githubusercontent.com/username/repository/branch/filename
  
  				Error:
  				Error: Could not download "https://downloads.wordpress.org/plugin/password-protect.latest-stable.zip"
      at Object.run (file:///home/runner/work/playground-tester/playground-tester/node_modules/@wp-playground/blueprints/index.js:12449:19)
      at process.processTicksAndRejections (node:internal/process/task_queues:105:5)
      at async ms (file:///home/runner/work/playground-tester/playground-tester/node_modules/@wp-playground/blueprints/index.js:12552:3)
      at async Object.onBind (file:///home/runner/work/playground-tester/playground-tester/node_modules/@wp-playground/cli/index.js:227:48)
      at async V (file:///home/runner/work/playground-tester/playground-tester/node_modules/@wp-playground/cli/index.js:64:10)
      at async ja (file:///home/runner/work/playground-tester/playground-tester/node_modules/@wp-playground/cli/cli.js:8161:12) {
    [cause]: Error: Could not download "https://downloads.wordpress.org/plugin/password-protect.latest-stable.zip".
    				Check if the URL is correct and the server is reachable.
    				If it is reachable, the server might be blocking the request.
    				Check the browser console and network tabs for more information.
    
    				## Does the console show the error "No 'Access-Control-Allow-Origin' header"?
    
    				This means the server that hosts your file does not allow requests from other sites
    				(cross-origin requests, or CORS).	You need to move the asset to a server that allows
    				cross-origin file downloads. Learn more about CORS at
    				https://developer.mozilla.org/en-US/docs/Web/HTTP/CORS.
    
    				If your file is on GitHub, load it from "raw.githubusercontent.com".
    				Here's how to do that:
    
    				1. Start with the original GitHub URL of the file. For example:
    				https://github.com/username/repository/blob/branch/filename.
    				2. Replace "github.com" with "raw.githubusercontent.com".
    				3. Remove the "/blob/" part of the URL.
    
    				The resulting URL should look like this:
    				https://raw.githubusercontent.com/username/repository/branch/filename
    
    				Error:
    				Error: Could not download "https://downloads.wordpress.org/plugin/password-protect.latest-stable.zip"
        at Ct.resolve (file:///home/runner/work/playground-tester/playground-tester/node_modules/@wp-playground/blueprints/index.js:1472:13)
        at process.processTicksAndRejections (node:internal/process/task_queues:105:5)
        at async _.run (file:///home/runner/work/playground-tester/playground-tester/node_modules/@php-wasm/util/index.js:45:14)
  }
}

Node.js v23.11.0
