file:///home/runner/work/playground-tester/playground-tester/node_modules/@wp-playground/cli/index.js:237
        throw new Error(y, { cause: u });
              ^

Error: [28-Apr-2025 20:49:57 UTC] PHP Fatal error:  Uncaught Error: Call to undefined function create_function() in /wordpress/wp-content/plugins/writetothem/writetothem.php:199
Stack trace:
#0 /wordpress/wp-admin/includes/plugin.php(2387): include_once()
#1 /wordpress/wp-admin/includes/plugin.php(673): plugin_sandbox_scrape('writetothem/wri...')
#2 /internal/eval.php(20): activate_plugin('writetothem/wri...')
#3 {main}
  thrown in /wordpress/wp-content/plugins/writetothem/writetothem.php on line 199
[28-Apr-2025 20:50:04 UTC] PHP Fatal error:  Uncaught Error: Call to undefined function create_function() in /wordpress/wp-content/plugins/writetothem/writetothem.php:199
Stack trace:
#0 /wordpress/wp-admin/includes/plugin.php(2387): include_once()
#1 /wordpress/wp-admin/includes/plugin.php(673): plugin_sandbox_scrape('writetothem/wri...')
#2 /internal/eval.php(20): activate_plugin('writetothem/wri...')
#3 {main}
  thrown in /wordpress/wp-content/plugins/writetothem/writetothem.php on line 199
[28-Apr-2025 20:50:12 UTC] PHP Fatal error:  Uncaught Error: Call to undefined function create_function() in /wordpress/wp-content/plugins/writetothem/writetothem.php:199
Stack trace:
#0 /wordpress/wp-admin/includes/plugin.php(2387): include_once()
#1 /wordpress/wp-admin/includes/plugin.php(673): plugin_sandbox_scrape('writetothem/wri...')
#2 /internal/eval.php(20): activate_plugin('writetothem/wri...')
#3 {main}
  thrown in /wordpress/wp-content/plugins/writetothem/writetothem.php on line 199
[28-Apr-2025 20:51:39 UTC] PHP Deprecated:  Function register_sidebar_widget is <strong>deprecated</strong> since version 2.8.0! Use wp_register_sidebar_widget() instead. in /wordpress/wp-includes/functions.php on line 6121
[28-Apr-2025 20:51:39 UTC] PHP Deprecated:  Function register_widget_control is <strong>deprecated</strong> since version 2.8.0! Use wp_register_widget_control() instead. in /wordpress/wp-includes/functions.php on line 6121
[28-Apr-2025 20:51:47 UTC] PHP Deprecated:  Function register_sidebar_widget is <strong>deprecated</strong> since version 2.8.0! Use wp_register_sidebar_widget() instead. in /wordpress/wp-includes/functions.php on line 6121
[28-Apr-2025 20:51:47 UTC] PHP Deprecated:  Function register_widget_control is <strong>deprecated</strong> since version 2.8.0! Use wp_register_widget_control() instead. in /wordpress/wp-includes/functions.php on line 6121
[28-Apr-2025 20:51:54 UTC] PHP Deprecated:  Function register_sidebar_widget is <strong>deprecated</strong> since version 2.8.0! Use wp_register_sidebar_widget() instead. in /wordpress/wp-includes/functions.php on line 6121
[28-Apr-2025 20:51:54 UTC] PHP Deprecated:  Function register_widget_control is <strong>deprecated</strong> since version 2.8.0! Use wp_register_widget_control() instead. in /wordpress/wp-includes/functions.php on line 6121
[28-Apr-2025 20:53:21 UTC] PHP Warning:  Undefined variable $query in /wordpress/wp-content/plugins/wp-img-slider/wp-imgslider-plugin.php on line 56
[28-Apr-2025 20:53:30 UTC] PHP Warning:  Undefined variable $query in /wordpress/wp-content/plugins/wp-img-slider/wp-imgslider-plugin.php on line 56
[28-Apr-2025 20:53:30 UTC] WordPress database error <div style="clear:both">&nbsp;</div>
<div class="queries" style="clear:both;margin-bottom:2px;border:red dotted thin;">
<p>MySQL query:</p>
<p></p>
<p>Queries made or created this session were:</p>
<ol>
<li>Executing: BEGIN | (no parameters)</li>
<li>Executing: ROLLBACK | (no parameters)</li>
</ol>
</div>
<div style="clear:both;margin-bottom:2px;border:red dotted thin;" class="error_message" style="border-bottom:dotted blue thin;">
Error occurred at line 4117 in Function <code>handle_error</code>. Error message was: Unknown query type: .
</div>
<p>Backtrace:</p>
<pre>#0 /internal/shared/sqlite-database-integration/wp-includes/sqlite/class-wp-sqlite-db.php(287): WP_SQLite_Translator->get_error_message()
#1 /wordpress/wp-content/plugins/wp-img-slider/wp-imgslider-plugin.php(56): WP_SQLite_DB->query('')
#2 /wordpress/wp-includes/class-wp-hook.php(324): wpimageslider_install(false)
#3 /wordpress/wp-includes/class-wp-hook.php(348): WP_Hook->apply_filters('', Array)
#4 /wordpress/wp-includes/plugin.php(517): WP_Hook->do_action(Array)
#5 /wordpress/wp-admin/includes/plugin.php(703): do_action('activate_wp-img...', false)
#6 /internal/eval.php(20): activate_plugin('wp-img-slider/w...')
#7 {main}</pre>
 for query  made by activate_plugin, do_action('activate_wp-img-slider/wp-imgslider-plugin.php'), WP_Hook->do_action, WP_Hook->apply_filters, wpimageslider_install, WP_SQLite_DB->query, WP_SQLite_DB->print_error
[28-Apr-2025 20:53:39 UTC] PHP Warning:  Undefined variable $query in /wordpress/wp-content/plugins/wp-img-slider/wp-imgslider-plugin.php on line 56
[28-Apr-2025 20:53:39 UTC] WordPress database error <div style="clear:both">&nbsp;</div>
<div class="queries" style="clear:both;margin-bottom:2px;border:red dotted thin;">
<p>MySQL query:</p>
<p></p>
<p>Queries made or created this session were:</p>
<ol>
<li>Executing: BEGIN | (no parameters)</li>
<li>Executing: ROLLBACK | (no parameters)</li>
</ol>
</div>
<div style="clear:both;margin-bottom:2px;border:red dotted thin;" class="error_message" style="border-bottom:dotted blue thin;">
Error occurred at line 4117 in Function <code>handle_error</code>. Error message was: Unknown query type: .
</div>
<p>Backtrace:</p>
<pre>#0 /internal/shared/sqlite-database-integration/wp-includes/sqlite/class-wp-sqlite-db.php(287): WP_SQLite_Translator->get_error_message()
#1 /wordpress/wp-content/plugins/wp-img-slider/wp-imgslider-plugin.php(56): WP_SQLite_DB->query('')
#2 /wordpress/wp-includes/class-wp-hook.php(324): wpimageslider_install(false)
#3 /wordpress/wp-includes/class-wp-hook.php(348): WP_Hook->apply_filters('', Array)
#4 /wordpress/wp-includes/plugin.php(517): WP_Hook->do_action(Array)
#5 /wordpress/wp-admin/includes/plugin.php(703): do_action('activate_wp-img...', false)
#6 /internal/eval.php(20): activate_plugin('wp-img-slider/w...')
#7 {main}</pre>
 for query  made by activate_plugin, do_action('activate_wp-img-slider/wp-imgslider-plugin.php'), WP_Hook->do_action, WP_Hook->apply_filters, wpimageslider_install, WP_SQLite_DB->query, WP_SQLite_DB->print_error
[28-Apr-2025 20:53:51 UTC] PHP Warning:  Undefined variable $wpmm_second_menu in /wordpress/wp-content/plugins/wp-mega-menu/inc/backend/activation.php on line 176
[28-Apr-2025 20:53:51 UTC] PHP Warning:  Undefined variable $wpmm_third_menu in /wordpress/wp-content/plugins/wp-mega-menu/inc/backend/activation.php on line 177
[28-Apr-2025 20:53:51 UTC] WordPress database error <div style="clear:both">&nbsp;</div>
<div class="queries" style="clear:both;margin-bottom:2px;border:red dotted thin;">
<p>MySQL query:</p>
<p>1</p>
<p>Queries made or created this session were:</p>
<ol>
</ol>
</div>
<div style="clear:both;margin-bottom:2px;border:red dotted thin;" class="error_message" style="border-bottom:dotted blue thin;">
Failed to parse the MySQL query.
</div>
<p>Backtrace:</p>
<pre>#0 /internal/shared/sqlite-database-integration/wp-includes/sqlite-ast/class-wp-sqlite-driver.php(690): WP_SQLite_Driver->new_driver_exception('Failed to parse...', 0, Object(WP_SQLite_Driver_Exception))
#1 /internal/shared/sqlite-database-integration/wp-includes/sqlite/class-wp-sqlite-db.php(472): WP_SQLite_Driver->query('1')
#2 /internal/shared/sqlite-database-integration/wp-includes/sqlite/class-wp-sqlite-db.php(413): WP_SQLite_DB->_do_query('1')
#3 /wordpress/wp-content/plugins/wp-mega-menu/inc/backend/activation.php(206): WP_SQLite_DB->query('1')
#4 /wordpress/wp-content/plugins/wp-mega-menu/wp-mega-menu.php(365): include('/wordpress/wp-c...')
#5 /wordpress/wp-includes/class-wp-hook.php(324): APMM_Class->apmm_pro_activation(false)
#6 /wordpress/wp-includes/class-wp-hook.php(348): WP_Hook->apply_filters('', Array)
#7 /wordpress/wp-includes/plugin.php(517): WP_Hook->do_action(Array)
#8 /wordpress/wp-admin/includes/plugin.php(703): do_action('activate_wp-meg...', false)
#9 /internal/eval.php(20): activate_plugin('wp-mega-menu/wp...')
#10 {main}</pre>
 for query 1 made by activate_plugin, do_action('activate_wp-mega-menu/wp-mega-menu.php'), WP_Hook->do_action, WP_Hook->apply_filters, APMM_Class->apmm_pro_activation, include('/plugins/wp-mega-menu/inc/backend/activation.php'), WP_SQLite_DB->query, WP_SQLite_DB->print_error
[28-Apr-2025 20:54:04 UTC] PHP Warning:  Undefined variable $wpmm_second_menu in /wordpress/wp-content/plugins/wp-mega-menu/inc/backend/activation.php on line 176
[28-Apr-2025 20:54:04 UTC] PHP Warning:  Undefined variable $wpmm_third_menu in /wordpress/wp-content/plugins/wp-mega-menu/inc/backend/activation.php on line 177
[28-Apr-2025 20:54:04 UTC] WordPress database error <div style="clear:both">&nbsp;</div>
<div class="queries" style="clear:both;margin-bottom:2px;border:red dotted thin;">
<p>MySQL query:</p>
<p>1</p>
<p>Queries made or created this session were:</p>
<ol>
<li>Executing: BEGIN | (no parameters)</li>
<li>Executing: ROLLBACK | (no parameters)</li>
</ol>
</div>
<div style="clear:both;margin-bottom:2px;border:red dotted thin;" class="error_message" style="border-bottom:dotted blue thin;">
Error occurred at line 4117 in Function <code>handle_error</code>. Error message was: Unknown query type: 1.
</div>
<p>Backtrace:</p>
<pre>#0 /internal/shared/sqlite-database-integration/wp-includes/sqlite/class-wp-sqlite-db.php(287): WP_SQLite_Translator->get_error_message()
#1 /wordpress/wp-content/plugins/wp-mega-menu/inc/backend/activation.php(206): WP_SQLite_DB->query('1')
#2 /wordpress/wp-content/plugins/wp-mega-menu/wp-mega-menu.php(365): include('/wordpress/wp-c...')
#3 /wordpress/wp-includes/class-wp-hook.php(324): APMM_Class->apmm_pro_activation(false)
#4 /wordpress/wp-includes/class-wp-hook.php(348): WP_Hook->apply_filters('', Array)
#5 /wordpress/wp-includes/plugin.php(517): WP_Hook->do_action(Array)
#6 /wordpress/wp-admin/includes/plugin.php(703): do_action('activate_wp-meg...', false)
#7 /internal/eval.php(20): activate_plugin('wp-mega-menu/wp...')
#8 {main}</pre>
 for query 1 made by activate_plugin, do_action('activate_wp-mega-menu/wp-mega-menu.php'), WP_Hook->do_action, WP_Hook->apply_filters, APMM_Class->apmm_pro_activation, include('/plugins/wp-mega-menu/inc/backend/activation.php'), WP_SQLite_DB->query, WP_SQLite_DB->print_error
[28-Apr-2025 20:54:15 UTC] PHP Warning:  Undefined variable $wpmm_second_menu in /wordpress/wp-content/plugins/wp-mega-menu/inc/backend/activation.php on line 176
[28-Apr-2025 20:54:15 UTC] PHP Warning:  Undefined variable $wpmm_third_menu in /wordpress/wp-content/plugins/wp-mega-menu/inc/backend/activation.php on line 177
[28-Apr-2025 20:54:15 UTC] WordPress database error <div style="clear:both">&nbsp;</div>
<div class="queries" style="clear:both;margin-bottom:2px;border:red dotted thin;">
<p>MySQL query:</p>
<p>1</p>
<p>Queries made or created this session were:</p>
<ol>
<li>Executing: BEGIN | (no parameters)</li>
<li>Executing: ROLLBACK | (no parameters)</li>
</ol>
</div>
<div style="clear:both;margin-bottom:2px;border:red dotted thin;" class="error_message" style="border-bottom:dotted blue thin;">
Error occurred at line 4117 in Function <code>handle_error</code>. Error message was: Unknown query type: 1.
</div>
<p>Backtrace:</p>
<pre>#0 /internal/shared/sqlite-database-integration/wp-includes/sqlite/class-wp-sqlite-db.php(287): WP_SQLite_Translator->get_error_message()
#1 /wordpress/wp-content/plugins/wp-mega-menu/inc/backend/activation.php(206): WP_SQLite_DB->query('1')
#2 /wordpress/wp-content/plugins/wp-mega-menu/wp-mega-menu.php(365): include('/wordpress/wp-c...')
#3 /wordpress/wp-includes/class-wp-hook.php(324): APMM_Class->apmm_pro_activation(false)
#4 /wordpress/wp-includes/class-wp-hook.php(348): WP_Hook->apply_filters('', Array)
#5 /wordpress/wp-includes/plugin.php(517): WP_Hook->do_action(Array)
#6 /wordpress/wp-admin/includes/plugin.php(703): do_action('activate_wp-meg...', false)
#7 /internal/eval.php(20): activate_plugin('wp-mega-menu/wp...')
#8 {main}</pre>
 for query 1 made by activate_plugin, do_action('activate_wp-mega-menu/wp-mega-menu.php'), WP_Hook->do_action, WP_Hook->apply_filters, APMM_Class->apmm_pro_activation, include('/plugins/wp-mega-menu/inc/backend/activation.php'), WP_SQLite_DB->query, WP_SQLite_DB->print_error

    at Object.onBind (file:///home/runner/work/playground-tester/playground-tester/node_modules/@wp-playground/cli/index.js:237:15)
    at process.processTicksAndRejections (node:internal/process/task_queues:105:5)
    at async V (file:///home/runner/work/playground-tester/playground-tester/node_modules/@wp-playground/cli/index.js:64:10)
    at async ja (file:///home/runner/work/playground-tester/playground-tester/node_modules/@wp-playground/cli/cli.js:8161:12) {
  [cause]: Error: Error when executing the blueprint step #1 ({"step":"installPlugin","pluginData":{"resource":"wordpress.org/plugins","slug":"widget-to-show-a-trustpilot-score"},"options":{"activate":true}}) : Could not download "https://downloads.wordpress.org/plugin/widget-to-show-a-trustpilot-score.latest-stable.zip".
  				Check if the URL is correct and the server is reachable.
  				If it is reachable, the server might be blocking the request.
  				Check the browser console and network tabs for more information.
  
  				## Does the console show the error "No 'Access-Control-Allow-Origin' header"?
  
  				This means the server that hosts your file does not allow requests from other sites
  				(cross-origin requests, or CORS).	You need to move the asset to a server that allows
  				cross-origin file downloads. Learn more about CORS at
  				https://developer.mozilla.org/en-US/docs/Web/HTTP/CORS.
  
  				If your file is on GitHub, load it from "raw.githubusercontent.com".
  				Here's how to do that:
  
  				1. Start with the original GitHub URL of the file. For example:
  				https://github.com/username/repository/blob/branch/filename.
  				2. Replace "github.com" with "raw.githubusercontent.com".
  				3. Remove the "/blob/" part of the URL.
  
  				The resulting URL should look like this:
  				https://raw.githubusercontent.com/username/repository/branch/filename
  
  				Error:
  				Error: Could not download "https://downloads.wordpress.org/plugin/widget-to-show-a-trustpilot-score.latest-stable.zip"
      at Object.run (file:///home/runner/work/playground-tester/playground-tester/node_modules/@wp-playground/blueprints/index.js:12449:19)
      at process.processTicksAndRejections (node:internal/process/task_queues:105:5)
      at async ms (file:///home/runner/work/playground-tester/playground-tester/node_modules/@wp-playground/blueprints/index.js:12552:3)
      at async Object.onBind (file:///home/runner/work/playground-tester/playground-tester/node_modules/@wp-playground/cli/index.js:227:48)
      at async V (file:///home/runner/work/playground-tester/playground-tester/node_modules/@wp-playground/cli/index.js:64:10)
      at async ja (file:///home/runner/work/playground-tester/playground-tester/node_modules/@wp-playground/cli/cli.js:8161:12) {
    [cause]: Error: Could not download "https://downloads.wordpress.org/plugin/widget-to-show-a-trustpilot-score.latest-stable.zip".
    				Check if the URL is correct and the server is reachable.
    				If it is reachable, the server might be blocking the request.
    				Check the browser console and network tabs for more information.
    
    				## Does the console show the error "No 'Access-Control-Allow-Origin' header"?
    
    				This means the server that hosts your file does not allow requests from other sites
    				(cross-origin requests, or CORS).	You need to move the asset to a server that allows
    				cross-origin file downloads. Learn more about CORS at
    				https://developer.mozilla.org/en-US/docs/Web/HTTP/CORS.
    
    				If your file is on GitHub, load it from "raw.githubusercontent.com".
    				Here's how to do that:
    
    				1. Start with the original GitHub URL of the file. For example:
    				https://github.com/username/repository/blob/branch/filename.
    				2. Replace "github.com" with "raw.githubusercontent.com".
    				3. Remove the "/blob/" part of the URL.
    
    				The resulting URL should look like this:
    				https://raw.githubusercontent.com/username/repository/branch/filename
    
    				Error:
    				Error: Could not download "https://downloads.wordpress.org/plugin/widget-to-show-a-trustpilot-score.latest-stable.zip"
        at Ct.resolve (file:///home/runner/work/playground-tester/playground-tester/node_modules/@wp-playground/blueprints/index.js:1472:13)
        at process.processTicksAndRejections (node:internal/process/task_queues:105:5)
        at async _.run (file:///home/runner/work/playground-tester/playground-tester/node_modules/@php-wasm/util/index.js:45:14)
  }
}

Node.js v23.11.0
