file:///home/runner/work/playground-tester/playground-tester/node_modules/@wp-playground/cli/index.js:237
        throw new Error(y, { cause: u });
              ^

Error: [28-May-2025 02:30:45 UTC] PHP Deprecated:  Function has_cap was called with an argument that is <strong>deprecated</strong> since version 2.0.0! Usage of user levels is deprecated. Use capabilities instead. in /wordpress/wp-includes/functions.php on line 6121
[28-May-2025 02:30:54 UTC] PHP Deprecated:  Function has_cap was called with an argument that is <strong>deprecated</strong> since version 2.0.0! Usage of user levels is deprecated. Use capabilities instead. in /wordpress/wp-includes/functions.php on line 6121
[28-May-2025 02:31:03 UTC] PHP Deprecated:  Function has_cap was called with an argument that is <strong>deprecated</strong> since version 2.0.0! Usage of user levels is deprecated. Use capabilities instead. in /wordpress/wp-includes/functions.php on line 6121
[28-May-2025 02:31:32 UTC] PHP Warning:  Undefined array key 1 in /wordpress/wp-content/plugins/webo-site-insight/webo-site-insight.php on line 79
[28-May-2025 02:31:32 UTC] PHP Fatal error:  Uncaught Error: Call to a member function executeQuery() on null in /wordpress/wp-content/plugins/webo-site-insight/libs/php/class.database.php:311
Stack trace:
#0 /wordpress/wp-content/plugins/webo-site-insight/controller/installer.php(19): SiteInSightDB->createMainTable()
#1 /wordpress/wp-content/plugins/webo-site-insight/webo-site-insight.php(86): include_once('/wordpress/wp-c...')
#2 /wordpress/wp-includes/class-wp-hook.php(324): site_insight_activate(false)
#3 /wordpress/wp-includes/class-wp-hook.php(348): WP_Hook->apply_filters('', Array)
#4 /wordpress/wp-includes/plugin.php(517): WP_Hook->do_action(Array)
#5 /wordpress/wp-admin/includes/plugin.php(703): do_action('activate_webo-s...', false)
#6 /internal/eval.php(20): activate_plugin('webo-site-insig...')
#7 {main}
  thrown in /wordpress/wp-content/plugins/webo-site-insight/libs/php/class.database.php on line 311
[28-May-2025 02:31:41 UTC] PHP Warning:  Undefined array key 1 in /wordpress/wp-content/plugins/webo-site-insight/webo-site-insight.php on line 79
[28-May-2025 02:31:41 UTC] PHP Fatal error:  Uncaught Error: Call to a member function executeQuery() on null in /wordpress/wp-content/plugins/webo-site-insight/libs/php/class.database.php:311
Stack trace:
#0 /wordpress/wp-content/plugins/webo-site-insight/controller/installer.php(19): SiteInSightDB->createMainTable()
#1 /wordpress/wp-content/plugins/webo-site-insight/webo-site-insight.php(86): include_once('/wordpress/wp-c...')
#2 /wordpress/wp-includes/class-wp-hook.php(324): site_insight_activate(false)
#3 /wordpress/wp-includes/class-wp-hook.php(348): WP_Hook->apply_filters('', Array)
#4 /wordpress/wp-includes/plugin.php(517): WP_Hook->do_action(Array)
#5 /wordpress/wp-admin/includes/plugin.php(703): do_action('activate_webo-s...', false)
#6 /internal/eval.php(20): activate_plugin('webo-site-insig...')
#7 {main}
  thrown in /wordpress/wp-content/plugins/webo-site-insight/libs/php/class.database.php on line 311
[28-May-2025 02:31:48 UTC] PHP Warning:  Undefined array key 1 in /wordpress/wp-content/plugins/webo-site-insight/webo-site-insight.php on line 79
[28-May-2025 02:31:48 UTC] PHP Fatal error:  Uncaught Error: Call to a member function executeQuery() on null in /wordpress/wp-content/plugins/webo-site-insight/libs/php/class.database.php:311
Stack trace:
#0 /wordpress/wp-content/plugins/webo-site-insight/controller/installer.php(19): SiteInSightDB->createMainTable()
#1 /wordpress/wp-content/plugins/webo-site-insight/webo-site-insight.php(86): include_once('/wordpress/wp-c...')
#2 /wordpress/wp-includes/class-wp-hook.php(324): site_insight_activate(false)
#3 /wordpress/wp-includes/class-wp-hook.php(348): WP_Hook->apply_filters('', Array)
#4 /wordpress/wp-includes/plugin.php(517): WP_Hook->do_action(Array)
#5 /wordpress/wp-admin/includes/plugin.php(703): do_action('activate_webo-s...', false)
#6 /internal/eval.php(20): activate_plugin('webo-site-insig...')
#7 {main}
  thrown in /wordpress/wp-content/plugins/webo-site-insight/libs/php/class.database.php on line 311
[28-May-2025 02:31:58 UTC] PHP Notice:  Function wp_enqueue_script was called <strong>incorrectly</strong>. Scripts and styles should not be registered or enqueued until the <code>wp_enqueue_scripts</code>, <code>admin_enqueue_scripts</code>, or <code>login_enqueue_scripts</code> hooks. This notice was triggered by the <code>dates</code> handle. Please see <a href="https://developer.wordpress.org/advanced-administration/debug/debug-wordpress/">Debugging in WordPress</a> for more information. (This message was added in version 3.3.0.) in /wordpress/wp-includes/functions.php on line 6121
[28-May-2025 02:31:58 UTC] PHP Notice:  Function wp_enqueue_script was called <strong>incorrectly</strong>. Scripts and styles should not be registered or enqueued until the <code>wp_enqueue_scripts</code>, <code>admin_enqueue_scripts</code>, or <code>login_enqueue_scripts</code> hooks. This notice was triggered by the <code>base</code> handle. Please see <a href="https://developer.wordpress.org/advanced-administration/debug/debug-wordpress/">Debugging in WordPress</a> for more information. (This message was added in version 3.3.0.) in /wordpress/wp-includes/functions.php on line 6121
[28-May-2025 02:31:58 UTC] PHP Deprecated:  Function register_sidebar_widget is <strong>deprecated</strong> since version 2.8.0! Use wp_register_sidebar_widget() instead. in /wordpress/wp-includes/functions.php on line 6121
[28-May-2025 02:32:06 UTC] PHP Notice:  Function wp_enqueue_script was called <strong>incorrectly</strong>. Scripts and styles should not be registered or enqueued until the <code>wp_enqueue_scripts</code>, <code>admin_enqueue_scripts</code>, or <code>login_enqueue_scripts</code> hooks. This notice was triggered by the <code>dates</code> handle. Please see <a href="https://developer.wordpress.org/advanced-administration/debug/debug-wordpress/">Debugging in WordPress</a> for more information. (This message was added in version 3.3.0.) in /wordpress/wp-includes/functions.php on line 6121
[28-May-2025 02:32:06 UTC] PHP Notice:  Function wp_enqueue_script was called <strong>incorrectly</strong>. Scripts and styles should not be registered or enqueued until the <code>wp_enqueue_scripts</code>, <code>admin_enqueue_scripts</code>, or <code>login_enqueue_scripts</code> hooks. This notice was triggered by the <code>base</code> handle. Please see <a href="https://developer.wordpress.org/advanced-administration/debug/debug-wordpress/">Debugging in WordPress</a> for more information. (This message was added in version 3.3.0.) in /wordpress/wp-includes/functions.php on line 6121
[28-May-2025 02:32:06 UTC] PHP Deprecated:  Function register_sidebar_widget is <strong>deprecated</strong> since version 2.8.0! Use wp_register_sidebar_widget() instead. in /wordpress/wp-includes/functions.php on line 6121
[28-May-2025 02:32:15 UTC] PHP Notice:  Function wp_enqueue_script was called <strong>incorrectly</strong>. Scripts and styles should not be registered or enqueued until the <code>wp_enqueue_scripts</code>, <code>admin_enqueue_scripts</code>, or <code>login_enqueue_scripts</code> hooks. This notice was triggered by the <code>dates</code> handle. Please see <a href="https://developer.wordpress.org/advanced-administration/debug/debug-wordpress/">Debugging in WordPress</a> for more information. (This message was added in version 3.3.0.) in /wordpress/wp-includes/functions.php on line 6121
[28-May-2025 02:32:15 UTC] PHP Notice:  Function wp_enqueue_script was called <strong>incorrectly</strong>. Scripts and styles should not be registered or enqueued until the <code>wp_enqueue_scripts</code>, <code>admin_enqueue_scripts</code>, or <code>login_enqueue_scripts</code> hooks. This notice was triggered by the <code>base</code> handle. Please see <a href="https://developer.wordpress.org/advanced-administration/debug/debug-wordpress/">Debugging in WordPress</a> for more information. (This message was added in version 3.3.0.) in /wordpress/wp-includes/functions.php on line 6121
[28-May-2025 02:32:15 UTC] PHP Deprecated:  Function register_sidebar_widget is <strong>deprecated</strong> since version 2.8.0! Use wp_register_sidebar_widget() instead. in /wordpress/wp-includes/functions.php on line 6121
[28-May-2025 02:38:13 UTC] PHP Notice:  Only variables should be passed by reference in /wordpress/wp-content/plugins/wp-craft-blogger/includes/option-tree/ot-loader.php on line 98
[28-May-2025 02:38:14 UTC] PHP Notice:  Only variables should be passed by reference in /wordpress/wp-content/plugins/wp-craft-blogger/includes/option-tree/ot-loader.php on line 98
[28-May-2025 02:38:22 UTC] PHP Notice:  Only variables should be passed by reference in /wordpress/wp-content/plugins/wp-craft-blogger/includes/option-tree/ot-loader.php on line 98
[28-May-2025 02:38:22 UTC] PHP Notice:  Only variables should be passed by reference in /wordpress/wp-content/plugins/wp-craft-blogger/includes/option-tree/ot-loader.php on line 98
[28-May-2025 02:38:31 UTC] PHP Notice:  Only variables should be passed by reference in /wordpress/wp-content/plugins/wp-craft-blogger/includes/option-tree/ot-loader.php on line 98
[28-May-2025 02:38:32 UTC] PHP Notice:  Only variables should be passed by reference in /wordpress/wp-content/plugins/wp-craft-blogger/includes/option-tree/ot-loader.php on line 98
[28-May-2025 02:39:58 UTC] PHP Deprecated:  Required parameter $product follows optional parameter $product_status in /wordpress/wp-content/plugins/wp-e-commerce-exporter/includes/formatting.php on line 86
[28-May-2025 02:39:59 UTC] PHP Deprecated:  Required parameter $product follows optional parameter $product_status in /wordpress/wp-content/plugins/wp-e-commerce-exporter/includes/formatting.php on line 86
[28-May-2025 02:40:08 UTC] PHP Deprecated:  Required parameter $product follows optional parameter $product_status in /wordpress/wp-content/plugins/wp-e-commerce-exporter/includes/formatting.php on line 86
[28-May-2025 02:40:09 UTC] PHP Deprecated:  Required parameter $product follows optional parameter $product_status in /wordpress/wp-content/plugins/wp-e-commerce-exporter/includes/formatting.php on line 86
[28-May-2025 02:40:17 UTC] PHP Deprecated:  Required parameter $product follows optional parameter $product_status in /wordpress/wp-content/plugins/wp-e-commerce-exporter/includes/formatting.php on line 86
[28-May-2025 02:40:18 UTC] PHP Deprecated:  Required parameter $product follows optional parameter $product_status in /wordpress/wp-content/plugins/wp-e-commerce-exporter/includes/formatting.php on line 86
[28-May-2025 02:40:26 UTC] PHP Fatal error:  Uncaught Error: Call to undefined function create_function() in /wordpress/wp-content/plugins/wp-einsatz/wp-einsatz.php:59
Stack trace:
#0 /wordpress/wp-admin/includes/plugin.php(2387): include_once()
#1 /wordpress/wp-admin/includes/plugin.php(673): plugin_sandbox_scrape('wp-einsatz/wp-e...')
#2 /internal/eval.php(20): activate_plugin('wp-einsatz/wp-e...')
#3 {main}
  thrown in /wordpress/wp-content/plugins/wp-einsatz/wp-einsatz.php on line 59
[28-May-2025 02:40:34 UTC] PHP Fatal error:  Uncaught Error: Call to undefined function create_function() in /wordpress/wp-content/plugins/wp-einsatz/wp-einsatz.php:59
Stack trace:
#0 /wordpress/wp-admin/includes/plugin.php(2387): include_once()
#1 /wordpress/wp-admin/includes/plugin.php(673): plugin_sandbox_scrape('wp-einsatz/wp-e...')
#2 /internal/eval.php(20): activate_plugin('wp-einsatz/wp-e...')
#3 {main}
  thrown in /wordpress/wp-content/plugins/wp-einsatz/wp-einsatz.php on line 59
[28-May-2025 02:40:41 UTC] PHP Fatal error:  Uncaught Error: Call to undefined function create_function() in /wordpress/wp-content/plugins/wp-einsatz/wp-einsatz.php:59
Stack trace:
#0 /wordpress/wp-admin/includes/plugin.php(2387): include_once()
#1 /wordpress/wp-admin/includes/plugin.php(673): plugin_sandbox_scrape('wp-einsatz/wp-e...')
#2 /internal/eval.php(20): activate_plugin('wp-einsatz/wp-e...')
#3 {main}
  thrown in /wordpress/wp-content/plugins/wp-einsatz/wp-einsatz.php on line 59

    at Object.onBind (file:///home/runner/work/playground-tester/playground-tester/node_modules/@wp-playground/cli/index.js:237:15)
    at process.processTicksAndRejections (node:internal/process/task_queues:105:5)
    at async V (file:///home/runner/work/playground-tester/playground-tester/node_modules/@wp-playground/cli/index.js:64:10)
    at async ja (file:///home/runner/work/playground-tester/playground-tester/node_modules/@wp-playground/cli/cli.js:8161:12) {
  [cause]: Error: Error when executing the blueprint step #1 ({"step":"installPlugin","pluginData":{"resource":"wordpress.org/plugins","slug":"wp-export-to-csv"},"options":{"activate":true}}) : Could not download "https://downloads.wordpress.org/plugin/wp-export-to-csv.latest-stable.zip".
  				Check if the URL is correct and the server is reachable.
  				If it is reachable, the server might be blocking the request.
  				Check the browser console and network tabs for more information.
  
  				## Does the console show the error "No 'Access-Control-Allow-Origin' header"?
  
  				This means the server that hosts your file does not allow requests from other sites
  				(cross-origin requests, or CORS).	You need to move the asset to a server that allows
  				cross-origin file downloads. Learn more about CORS at
  				https://developer.mozilla.org/en-US/docs/Web/HTTP/CORS.
  
  				If your file is on GitHub, load it from "raw.githubusercontent.com".
  				Here's how to do that:
  
  				1. Start with the original GitHub URL of the file. For example:
  				https://github.com/username/repository/blob/branch/filename.
  				2. Replace "github.com" with "raw.githubusercontent.com".
  				3. Remove the "/blob/" part of the URL.
  
  				The resulting URL should look like this:
  				https://raw.githubusercontent.com/username/repository/branch/filename
  
  				Error:
  				Error: Could not download "https://downloads.wordpress.org/plugin/wp-export-to-csv.latest-stable.zip"
      at Object.run (file:///home/runner/work/playground-tester/playground-tester/node_modules/@wp-playground/blueprints/index.js:12449:19)
      at process.processTicksAndRejections (node:internal/process/task_queues:105:5)
      at async ms (file:///home/runner/work/playground-tester/playground-tester/node_modules/@wp-playground/blueprints/index.js:12552:3)
      at async Object.onBind (file:///home/runner/work/playground-tester/playground-tester/node_modules/@wp-playground/cli/index.js:227:48)
      at async V (file:///home/runner/work/playground-tester/playground-tester/node_modules/@wp-playground/cli/index.js:64:10)
      at async ja (file:///home/runner/work/playground-tester/playground-tester/node_modules/@wp-playground/cli/cli.js:8161:12) {
    [cause]: Error: Could not download "https://downloads.wordpress.org/plugin/wp-export-to-csv.latest-stable.zip".
    				Check if the URL is correct and the server is reachable.
    				If it is reachable, the server might be blocking the request.
    				Check the browser console and network tabs for more information.
    
    				## Does the console show the error "No 'Access-Control-Allow-Origin' header"?
    
    				This means the server that hosts your file does not allow requests from other sites
    				(cross-origin requests, or CORS).	You need to move the asset to a server that allows
    				cross-origin file downloads. Learn more about CORS at
    				https://developer.mozilla.org/en-US/docs/Web/HTTP/CORS.
    
    				If your file is on GitHub, load it from "raw.githubusercontent.com".
    				Here's how to do that:
    
    				1. Start with the original GitHub URL of the file. For example:
    				https://github.com/username/repository/blob/branch/filename.
    				2. Replace "github.com" with "raw.githubusercontent.com".
    				3. Remove the "/blob/" part of the URL.
    
    				The resulting URL should look like this:
    				https://raw.githubusercontent.com/username/repository/branch/filename
    
    				Error:
    				Error: Could not download "https://downloads.wordpress.org/plugin/wp-export-to-csv.latest-stable.zip"
        at Ct.resolve (file:///home/runner/work/playground-tester/playground-tester/node_modules/@wp-playground/blueprints/index.js:1472:13)
        at process.processTicksAndRejections (node:internal/process/task_queues:105:5)
        at async _.run (file:///home/runner/work/playground-tester/playground-tester/node_modules/@php-wasm/util/index.js:45:14)
  }
}

Node.js v23.11.0
