file:///home/runner/work/playground-tester/playground-tester/node_modules/@wp-playground/cli/index.js:237
        throw new Error(y, { cause: u });
              ^

Error: [12-May-2025 05:28:36 UTC] PHP Deprecated:  Function get_plugin_data was called with an argument that is <strong>deprecated</strong> since version 3.0.0! The <code>Site Wide Only: true</code> plugin header is deprecated. Use <code>Network: true</code> instead. in /wordpress/wp-includes/functions.php on line 6121
[12-May-2025 05:28:36 UTC] PHP Deprecated:  Required parameter $stuff_table follows optional parameter $stuff_id in /wordpress/wp-content/plugins/bpdev-core/bpdev-framework.php on line 100
[12-May-2025 05:28:36 UTC] PHP Deprecated:  Required parameter $table follows optional parameter $stuff_id in /wordpress/wp-content/plugins/bpdev-core/bpdev-framework.php on line 100
[12-May-2025 05:28:36 UTC] PHP Deprecated:  Required parameter $stuff_table follows optional parameter $stuff_id in /wordpress/wp-content/plugins/bpdev-core/bpdev-framework.php on line 129
[12-May-2025 05:28:36 UTC] PHP Deprecated:  Required parameter $table follows optional parameter $stuff_id in /wordpress/wp-content/plugins/bpdev-core/bpdev-framework.php on line 129
[12-May-2025 05:28:37 UTC] PHP Deprecated:  Function get_plugin_data was called with an argument that is <strong>deprecated</strong> since version 3.0.0! The <code>Site Wide Only: true</code> plugin header is deprecated. Use <code>Network: true</code> instead. in /wordpress/wp-includes/functions.php on line 6121
[12-May-2025 05:28:37 UTC] PHP Deprecated:  Required parameter $stuff_table follows optional parameter $stuff_id in /wordpress/wp-content/plugins/bpdev-core/bpdev-framework.php on line 100
[12-May-2025 05:28:37 UTC] PHP Deprecated:  Required parameter $table follows optional parameter $stuff_id in /wordpress/wp-content/plugins/bpdev-core/bpdev-framework.php on line 100
[12-May-2025 05:28:37 UTC] PHP Deprecated:  Required parameter $stuff_table follows optional parameter $stuff_id in /wordpress/wp-content/plugins/bpdev-core/bpdev-framework.php on line 129
[12-May-2025 05:28:37 UTC] PHP Deprecated:  Required parameter $table follows optional parameter $stuff_id in /wordpress/wp-content/plugins/bpdev-core/bpdev-framework.php on line 129
[12-May-2025 05:28:44 UTC] PHP Deprecated:  Function get_plugin_data was called with an argument that is <strong>deprecated</strong> since version 3.0.0! The <code>Site Wide Only: true</code> plugin header is deprecated. Use <code>Network: true</code> instead. in /wordpress/wp-includes/functions.php on line 6121
[12-May-2025 05:28:44 UTC] PHP Deprecated:  Required parameter $stuff_table follows optional parameter $stuff_id in /wordpress/wp-content/plugins/bpdev-core/bpdev-framework.php on line 100
[12-May-2025 05:28:44 UTC] PHP Deprecated:  Required parameter $table follows optional parameter $stuff_id in /wordpress/wp-content/plugins/bpdev-core/bpdev-framework.php on line 100
[12-May-2025 05:28:44 UTC] PHP Deprecated:  Required parameter $stuff_table follows optional parameter $stuff_id in /wordpress/wp-content/plugins/bpdev-core/bpdev-framework.php on line 129
[12-May-2025 05:28:44 UTC] PHP Deprecated:  Required parameter $table follows optional parameter $stuff_id in /wordpress/wp-content/plugins/bpdev-core/bpdev-framework.php on line 129
[12-May-2025 05:28:45 UTC] PHP Deprecated:  Function get_plugin_data was called with an argument that is <strong>deprecated</strong> since version 3.0.0! The <code>Site Wide Only: true</code> plugin header is deprecated. Use <code>Network: true</code> instead. in /wordpress/wp-includes/functions.php on line 6121
[12-May-2025 05:28:45 UTC] PHP Deprecated:  Required parameter $stuff_table follows optional parameter $stuff_id in /wordpress/wp-content/plugins/bpdev-core/bpdev-framework.php on line 100
[12-May-2025 05:28:45 UTC] PHP Deprecated:  Required parameter $table follows optional parameter $stuff_id in /wordpress/wp-content/plugins/bpdev-core/bpdev-framework.php on line 100
[12-May-2025 05:28:45 UTC] PHP Deprecated:  Required parameter $stuff_table follows optional parameter $stuff_id in /wordpress/wp-content/plugins/bpdev-core/bpdev-framework.php on line 129
[12-May-2025 05:28:45 UTC] PHP Deprecated:  Required parameter $table follows optional parameter $stuff_id in /wordpress/wp-content/plugins/bpdev-core/bpdev-framework.php on line 129
[12-May-2025 05:28:53 UTC] PHP Deprecated:  Function get_plugin_data was called with an argument that is <strong>deprecated</strong> since version 3.0.0! The <code>Site Wide Only: true</code> plugin header is deprecated. Use <code>Network: true</code> instead. in /wordpress/wp-includes/functions.php on line 6121
[12-May-2025 05:28:53 UTC] PHP Deprecated:  Required parameter $stuff_table follows optional parameter $stuff_id in /wordpress/wp-content/plugins/bpdev-core/bpdev-framework.php on line 100
[12-May-2025 05:28:53 UTC] PHP Deprecated:  Required parameter $table follows optional parameter $stuff_id in /wordpress/wp-content/plugins/bpdev-core/bpdev-framework.php on line 100
[12-May-2025 05:28:53 UTC] PHP Deprecated:  Required parameter $stuff_table follows optional parameter $stuff_id in /wordpress/wp-content/plugins/bpdev-core/bpdev-framework.php on line 129
[12-May-2025 05:28:53 UTC] PHP Deprecated:  Required parameter $table follows optional parameter $stuff_id in /wordpress/wp-content/plugins/bpdev-core/bpdev-framework.php on line 129
[12-May-2025 05:28:54 UTC] PHP Deprecated:  Function get_plugin_data was called with an argument that is <strong>deprecated</strong> since version 3.0.0! The <code>Site Wide Only: true</code> plugin header is deprecated. Use <code>Network: true</code> instead. in /wordpress/wp-includes/functions.php on line 6121
[12-May-2025 05:28:54 UTC] PHP Deprecated:  Required parameter $stuff_table follows optional parameter $stuff_id in /wordpress/wp-content/plugins/bpdev-core/bpdev-framework.php on line 100
[12-May-2025 05:28:54 UTC] PHP Deprecated:  Required parameter $table follows optional parameter $stuff_id in /wordpress/wp-content/plugins/bpdev-core/bpdev-framework.php on line 100
[12-May-2025 05:28:54 UTC] PHP Deprecated:  Required parameter $stuff_table follows optional parameter $stuff_id in /wordpress/wp-content/plugins/bpdev-core/bpdev-framework.php on line 129
[12-May-2025 05:28:54 UTC] PHP Deprecated:  Required parameter $table follows optional parameter $stuff_id in /wordpress/wp-content/plugins/bpdev-core/bpdev-framework.php on line 129
[12-May-2025 05:29:02 UTC] PHP Deprecated:  Function get_plugin_data was called with an argument that is <strong>deprecated</strong> since version 3.0.0! The <code>Site Wide Only: true</code> plugin header is deprecated. Use <code>Network: true</code> instead. in /wordpress/wp-includes/functions.php on line 6121
[12-May-2025 05:29:10 UTC] PHP Deprecated:  Function get_plugin_data was called with an argument that is <strong>deprecated</strong> since version 3.0.0! The <code>Site Wide Only: true</code> plugin header is deprecated. Use <code>Network: true</code> instead. in /wordpress/wp-includes/functions.php on line 6121
[12-May-2025 05:29:19 UTC] PHP Deprecated:  Function get_plugin_data was called with an argument that is <strong>deprecated</strong> since version 3.0.0! The <code>Site Wide Only: true</code> plugin header is deprecated. Use <code>Network: true</code> instead. in /wordpress/wp-includes/functions.php on line 6121
[12-May-2025 05:29:29 UTC] PHP Deprecated:  Function get_plugin_data was called with an argument that is <strong>deprecated</strong> since version 3.0.0! The <code>Site Wide Only: true</code> plugin header is deprecated. Use <code>Network: true</code> instead. in /wordpress/wp-includes/functions.php on line 6121
[12-May-2025 05:29:38 UTC] PHP Deprecated:  Function get_plugin_data was called with an argument that is <strong>deprecated</strong> since version 3.0.0! The <code>Site Wide Only: true</code> plugin header is deprecated. Use <code>Network: true</code> instead. in /wordpress/wp-includes/functions.php on line 6121
[12-May-2025 05:29:46 UTC] PHP Deprecated:  Function get_plugin_data was called with an argument that is <strong>deprecated</strong> since version 3.0.0! The <code>Site Wide Only: true</code> plugin header is deprecated. Use <code>Network: true</code> instead. in /wordpress/wp-includes/functions.php on line 6121
[12-May-2025 05:29:57 UTC] PHP Deprecated:  Function get_plugin_data was called with an argument that is <strong>deprecated</strong> since version 3.0.0! The <code>Site Wide Only: true</code> plugin header is deprecated. Use <code>Network: true</code> instead. in /wordpress/wp-includes/functions.php on line 6121
[12-May-2025 05:30:05 UTC] PHP Deprecated:  Function get_plugin_data was called with an argument that is <strong>deprecated</strong> since version 3.0.0! The <code>Site Wide Only: true</code> plugin header is deprecated. Use <code>Network: true</code> instead. in /wordpress/wp-includes/functions.php on line 6121
[12-May-2025 05:30:14 UTC] PHP Deprecated:  Function get_plugin_data was called with an argument that is <strong>deprecated</strong> since version 3.0.0! The <code>Site Wide Only: true</code> plugin header is deprecated. Use <code>Network: true</code> instead. in /wordpress/wp-includes/functions.php on line 6121
[12-May-2025 05:30:24 UTC] PHP Deprecated:  Function get_plugin_data was called with an argument that is <strong>deprecated</strong> since version 3.0.0! The <code>Site Wide Only: true</code> plugin header is deprecated. Use <code>Network: true</code> instead. in /wordpress/wp-includes/functions.php on line 6121
[12-May-2025 05:30:25 UTC] PHP Notice:  Function _load_textdomain_just_in_time was called <strong>incorrectly</strong>. Translation loading for the <code>ban-hammer</code> domain was triggered too early. This is usually an indicator for some code in the plugin or theme running too early. Translations should be loaded at the <code>init</code> action or later. Please see <a href="https://developer.wordpress.org/advanced-administration/debug/debug-wordpress/">Debugging in WordPress</a> for more information. (This message was added in version 6.7.0.) in /wordpress/wp-includes/functions.php on line 6121
[12-May-2025 05:30:32 UTC] PHP Deprecated:  Function get_plugin_data was called with an argument that is <strong>deprecated</strong> since version 3.0.0! The <code>Site Wide Only: true</code> plugin header is deprecated. Use <code>Network: true</code> instead. in /wordpress/wp-includes/functions.php on line 6121
[12-May-2025 05:30:33 UTC] PHP Notice:  Function _load_textdomain_just_in_time was called <strong>incorrectly</strong>. Translation loading for the <code>ban-hammer</code> domain was triggered too early. This is usually an indicator for some code in the plugin or theme running too early. Translations should be loaded at the <code>init</code> action or later. Please see <a href="https://developer.wordpress.org/advanced-administration/debug/debug-wordpress/">Debugging in WordPress</a> for more information. (This message was added in version 6.7.0.) in /wordpress/wp-includes/functions.php on line 6121
[12-May-2025 05:30:41 UTC] PHP Deprecated:  Function get_plugin_data was called with an argument that is <strong>deprecated</strong> since version 3.0.0! The <code>Site Wide Only: true</code> plugin header is deprecated. Use <code>Network: true</code> instead. in /wordpress/wp-includes/functions.php on line 6121
[12-May-2025 05:30:42 UTC] PHP Notice:  Function _load_textdomain_just_in_time was called <strong>incorrectly</strong>. Translation loading for the <code>ban-hammer</code> domain was triggered too early. This is usually an indicator for some code in the plugin or theme running too early. Translations should be loaded at the <code>init</code> action or later. Please see <a href="https://developer.wordpress.org/advanced-administration/debug/debug-wordpress/">Debugging in WordPress</a> for more information. (This message was added in version 6.7.0.) in /wordpress/wp-includes/functions.php on line 6121
[12-May-2025 05:30:50 UTC] PHP Deprecated:  Function get_plugin_data was called with an argument that is <strong>deprecated</strong> since version 3.0.0! The <code>Site Wide Only: true</code> plugin header is deprecated. Use <code>Network: true</code> instead. in /wordpress/wp-includes/functions.php on line 6121
[12-May-2025 05:30:59 UTC] PHP Deprecated:  Function get_plugin_data was called with an argument that is <strong>deprecated</strong> since version 3.0.0! The <code>Site Wide Only: true</code> plugin header is deprecated. Use <code>Network: true</code> instead. in /wordpress/wp-includes/functions.php on line 6121
[12-May-2025 05:31:07 UTC] PHP Deprecated:  Function get_plugin_data was called with an argument that is <strong>deprecated</strong> since version 3.0.0! The <code>Site Wide Only: true</code> plugin header is deprecated. Use <code>Network: true</code> instead. in /wordpress/wp-includes/functions.php on line 6121
[12-May-2025 05:31:57 UTC] PHP Deprecated:  Function get_plugin_data was called with an argument that is <strong>deprecated</strong> since version 3.0.0! The <code>Site Wide Only: true</code> plugin header is deprecated. Use <code>Network: true</code> instead. in /wordpress/wp-includes/functions.php on line 6121
[12-May-2025 05:32:06 UTC] PHP Deprecated:  Function get_plugin_data was called with an argument that is <strong>deprecated</strong> since version 3.0.0! The <code>Site Wide Only: true</code> plugin header is deprecated. Use <code>Network: true</code> instead. in /wordpress/wp-includes/functions.php on line 6121
[12-May-2025 05:32:15 UTC] PHP Deprecated:  Function get_plugin_data was called with an argument that is <strong>deprecated</strong> since version 3.0.0! The <code>Site Wide Only: true</code> plugin header is deprecated. Use <code>Network: true</code> instead. in /wordpress/wp-includes/functions.php on line 6121
[12-May-2025 05:32:24 UTC] PHP Deprecated:  Function get_plugin_data was called with an argument that is <strong>deprecated</strong> since version 3.0.0! The <code>Site Wide Only: true</code> plugin header is deprecated. Use <code>Network: true</code> instead. in /wordpress/wp-includes/functions.php on line 6121
[12-May-2025 05:32:33 UTC] PHP Deprecated:  Function get_plugin_data was called with an argument that is <strong>deprecated</strong> since version 3.0.0! The <code>Site Wide Only: true</code> plugin header is deprecated. Use <code>Network: true</code> instead. in /wordpress/wp-includes/functions.php on line 6121
[12-May-2025 05:32:40 UTC] PHP Deprecated:  Function get_plugin_data was called with an argument that is <strong>deprecated</strong> since version 3.0.0! The <code>Site Wide Only: true</code> plugin header is deprecated. Use <code>Network: true</code> instead. in /wordpress/wp-includes/functions.php on line 6121
[12-May-2025 05:32:50 UTC] PHP Deprecated:  Function get_plugin_data was called with an argument that is <strong>deprecated</strong> since version 3.0.0! The <code>Site Wide Only: true</code> plugin header is deprecated. Use <code>Network: true</code> instead. in /wordpress/wp-includes/functions.php on line 6121
[12-May-2025 05:32:58 UTC] PHP Deprecated:  Function get_plugin_data was called with an argument that is <strong>deprecated</strong> since version 3.0.0! The <code>Site Wide Only: true</code> plugin header is deprecated. Use <code>Network: true</code> instead. in /wordpress/wp-includes/functions.php on line 6121
[12-May-2025 05:33:07 UTC] PHP Deprecated:  Function get_plugin_data was called with an argument that is <strong>deprecated</strong> since version 3.0.0! The <code>Site Wide Only: true</code> plugin header is deprecated. Use <code>Network: true</code> instead. in /wordpress/wp-includes/functions.php on line 6121
[12-May-2025 05:33:17 UTC] PHP Deprecated:  Function get_plugin_data was called with an argument that is <strong>deprecated</strong> since version 3.0.0! The <code>Site Wide Only: true</code> plugin header is deprecated. Use <code>Network: true</code> instead. in /wordpress/wp-includes/functions.php on line 6121
[12-May-2025 05:33:25 UTC] PHP Deprecated:  Function get_plugin_data was called with an argument that is <strong>deprecated</strong> since version 3.0.0! The <code>Site Wide Only: true</code> plugin header is deprecated. Use <code>Network: true</code> instead. in /wordpress/wp-includes/functions.php on line 6121
[12-May-2025 05:33:33 UTC] PHP Deprecated:  Function get_plugin_data was called with an argument that is <strong>deprecated</strong> since version 3.0.0! The <code>Site Wide Only: true</code> plugin header is deprecated. Use <code>Network: true</code> instead. in /wordpress/wp-includes/functions.php on line 6121
[12-May-2025 05:33:43 UTC] PHP Deprecated:  Function get_plugin_data was called with an argument that is <strong>deprecated</strong> since version 3.0.0! The <code>Site Wide Only: true</code> plugin header is deprecated. Use <code>Network: true</code> instead. in /wordpress/wp-includes/functions.php on line 6121
[12-May-2025 05:33:43 UTC] PHP Warning:  Undefined array key 1 in /wordpress/wp-content/plugins/bet-on-sports/bw-config.php on line 4
[12-May-2025 05:33:43 UTC] PHP Warning:  Undefined array key 1 in /wordpress/wp-content/plugins/bet-on-sports/bw-config.php on line 7
[12-May-2025 05:33:43 UTC] PHP Fatal error:  Uncaught Error: Call to undefined function create_function() in /wordpress/wp-content/plugins/bet-on-sports/bukmekers-widget.php:64
Stack trace:
#0 /wordpress/wp-admin/includes/plugin.php(2387): include_once()
#1 /wordpress/wp-admin/includes/plugin.php(673): plugin_sandbox_scrape('bet-on-sports/b...')
#2 /internal/eval.php(20): activate_plugin('bet-on-sports/b...')
#3 {main}
  thrown in /wordpress/wp-content/plugins/bet-on-sports/bukmekers-widget.php on line 64
[12-May-2025 05:33:52 UTC] PHP Deprecated:  Function get_plugin_data was called with an argument that is <strong>deprecated</strong> since version 3.0.0! The <code>Site Wide Only: true</code> plugin header is deprecated. Use <code>Network: true</code> instead. in /wordpress/wp-includes/functions.php on line 6121
[12-May-2025 05:33:52 UTC] PHP Warning:  Undefined array key 1 in /wordpress/wp-content/plugins/bet-on-sports/bw-config.php on line 4
[12-May-2025 05:33:52 UTC] PHP Warning:  Undefined array key 1 in /wordpress/wp-content/plugins/bet-on-sports/bw-config.php on line 7
[12-May-2025 05:33:52 UTC] PHP Fatal error:  Uncaught Error: Call to undefined function create_function() in /wordpress/wp-content/plugins/bet-on-sports/bukmekers-widget.php:64
Stack trace:
#0 /wordpress/wp-admin/includes/plugin.php(2387): include_once()
#1 /wordpress/wp-admin/includes/plugin.php(673): plugin_sandbox_scrape('bet-on-sports/b...')
#2 /internal/eval.php(20): activate_plugin('bet-on-sports/b...')
#3 {main}
  thrown in /wordpress/wp-content/plugins/bet-on-sports/bukmekers-widget.php on line 64
[12-May-2025 05:34:00 UTC] PHP Deprecated:  Function get_plugin_data was called with an argument that is <strong>deprecated</strong> since version 3.0.0! The <code>Site Wide Only: true</code> plugin header is deprecated. Use <code>Network: true</code> instead. in /wordpress/wp-includes/functions.php on line 6121
[12-May-2025 05:34:00 UTC] PHP Warning:  Undefined array key 1 in /wordpress/wp-content/plugins/bet-on-sports/bw-config.php on line 4
[12-May-2025 05:34:00 UTC] PHP Warning:  Undefined array key 1 in /wordpress/wp-content/plugins/bet-on-sports/bw-config.php on line 7
[12-May-2025 05:34:00 UTC] PHP Fatal error:  Uncaught Error: Call to undefined function create_function() in /wordpress/wp-content/plugins/bet-on-sports/bukmekers-widget.php:64
Stack trace:
#0 /wordpress/wp-admin/includes/plugin.php(2387): include_once()
#1 /wordpress/wp-admin/includes/plugin.php(673): plugin_sandbox_scrape('bet-on-sports/b...')
#2 /internal/eval.php(20): activate_plugin('bet-on-sports/b...')
#3 {main}
  thrown in /wordpress/wp-content/plugins/bet-on-sports/bukmekers-widget.php on line 64
[12-May-2025 05:34:09 UTC] PHP Deprecated:  Function get_plugin_data was called with an argument that is <strong>deprecated</strong> since version 3.0.0! The <code>Site Wide Only: true</code> plugin header is deprecated. Use <code>Network: true</code> instead. in /wordpress/wp-includes/functions.php on line 6121
[12-May-2025 05:34:18 UTC] PHP Deprecated:  Function get_plugin_data was called with an argument that is <strong>deprecated</strong> since version 3.0.0! The <code>Site Wide Only: true</code> plugin header is deprecated. Use <code>Network: true</code> instead. in /wordpress/wp-includes/functions.php on line 6121
[12-May-2025 05:34:27 UTC] PHP Deprecated:  Function get_plugin_data was called with an argument that is <strong>deprecated</strong> since version 3.0.0! The <code>Site Wide Only: true</code> plugin header is deprecated. Use <code>Network: true</code> instead. in /wordpress/wp-includes/functions.php on line 6121
[12-May-2025 05:34:36 UTC] PHP Deprecated:  Function get_plugin_data was called with an argument that is <strong>deprecated</strong> since version 3.0.0! The <code>Site Wide Only: true</code> plugin header is deprecated. Use <code>Network: true</code> instead. in /wordpress/wp-includes/functions.php on line 6121
[12-May-2025 05:34:45 UTC] PHP Deprecated:  Function get_plugin_data was called with an argument that is <strong>deprecated</strong> since version 3.0.0! The <code>Site Wide Only: true</code> plugin header is deprecated. Use <code>Network: true</code> instead. in /wordpress/wp-includes/functions.php on line 6121
[12-May-2025 05:34:53 UTC] PHP Deprecated:  Function get_plugin_data was called with an argument that is <strong>deprecated</strong> since version 3.0.0! The <code>Site Wide Only: true</code> plugin header is deprecated. Use <code>Network: true</code> instead. in /wordpress/wp-includes/functions.php on line 6121
[12-May-2025 05:35:03 UTC] PHP Deprecated:  Function get_plugin_data was called with an argument that is <strong>deprecated</strong> since version 3.0.0! The <code>Site Wide Only: true</code> plugin header is deprecated. Use <code>Network: true</code> instead. in /wordpress/wp-includes/functions.php on line 6121
[12-May-2025 05:35:11 UTC] PHP Deprecated:  Function get_plugin_data was called with an argument that is <strong>deprecated</strong> since version 3.0.0! The <code>Site Wide Only: true</code> plugin header is deprecated. Use <code>Network: true</code> instead. in /wordpress/wp-includes/functions.php on line 6121
[12-May-2025 05:35:20 UTC] PHP Deprecated:  Function get_plugin_data was called with an argument that is <strong>deprecated</strong> since version 3.0.0! The <code>Site Wide Only: true</code> plugin header is deprecated. Use <code>Network: true</code> instead. in /wordpress/wp-includes/functions.php on line 6121
[12-May-2025 05:35:30 UTC] PHP Deprecated:  Function get_plugin_data was called with an argument that is <strong>deprecated</strong> since version 3.0.0! The <code>Site Wide Only: true</code> plugin header is deprecated. Use <code>Network: true</code> instead. in /wordpress/wp-includes/functions.php on line 6121
[12-May-2025 05:35:30 UTC] PHP Deprecated:  Required parameter $meta_field follows optional parameter $separator in /wordpress/wp-content/plugins/bitatags/bitatags.php on line 107
[12-May-2025 05:35:30 UTC] PHP Deprecated:  Required parameter $meta_field follows optional parameter $separator in /wordpress/wp-content/plugins/bitatags/bitatags.php on line 107
[12-May-2025 05:35:38 UTC] PHP Deprecated:  Function get_plugin_data was called with an argument that is <strong>deprecated</strong> since version 3.0.0! The <code>Site Wide Only: true</code> plugin header is deprecated. Use <code>Network: true</code> instead. in /wordpress/wp-includes/functions.php on line 6121
[12-May-2025 05:35:38 UTC] PHP Deprecated:  Required parameter $meta_field follows optional parameter $separator in /wordpress/wp-content/plugins/bitatags/bitatags.php on line 107
[12-May-2025 05:35:39 UTC] PHP Deprecated:  Required parameter $meta_field follows optional parameter $separator in /wordpress/wp-content/plugins/bitatags/bitatags.php on line 107
[12-May-2025 05:35:47 UTC] PHP Deprecated:  Function get_plugin_data was called with an argument that is <strong>deprecated</strong> since version 3.0.0! The <code>Site Wide Only: true</code> plugin header is deprecated. Use <code>Network: true</code> instead. in /wordpress/wp-includes/functions.php on line 6121
[12-May-2025 05:35:47 UTC] PHP Deprecated:  Required parameter $meta_field follows optional parameter $separator in /wordpress/wp-content/plugins/bitatags/bitatags.php on line 107
[12-May-2025 05:35:47 UTC] PHP Deprecated:  Required parameter $meta_field follows optional parameter $separator in /wordpress/wp-content/plugins/bitatags/bitatags.php on line 107
[12-May-2025 05:35:57 UTC] PHP Deprecated:  Function get_plugin_data was called with an argument that is <strong>deprecated</strong> since version 3.0.0! The <code>Site Wide Only: true</code> plugin header is deprecated. Use <code>Network: true</code> instead. in /wordpress/wp-includes/functions.php on line 6121
[12-May-2025 05:36:05 UTC] PHP Deprecated:  Function get_plugin_data was called with an argument that is <strong>deprecated</strong> since version 3.0.0! The <code>Site Wide Only: true</code> plugin header is deprecated. Use <code>Network: true</code> instead. in /wordpress/wp-includes/functions.php on line 6121
[12-May-2025 05:36:14 UTC] PHP Deprecated:  Function get_plugin_data was called with an argument that is <strong>deprecated</strong> since version 3.0.0! The <code>Site Wide Only: true</code> plugin header is deprecated. Use <code>Network: true</code> instead. in /wordpress/wp-includes/functions.php on line 6121
[12-May-2025 05:36:23 UTC] PHP Deprecated:  Function get_plugin_data was called with an argument that is <strong>deprecated</strong> since version 3.0.0! The <code>Site Wide Only: true</code> plugin header is deprecated. Use <code>Network: true</code> instead. in /wordpress/wp-includes/functions.php on line 6121
[12-May-2025 05:36:23 UTC] register script file
[12-May-2025 05:36:24 UTC] register script file
[12-May-2025 05:36:32 UTC] PHP Deprecated:  Function get_plugin_data was called with an argument that is <strong>deprecated</strong> since version 3.0.0! The <code>Site Wide Only: true</code> plugin header is deprecated. Use <code>Network: true</code> instead. in /wordpress/wp-includes/functions.php on line 6121
[12-May-2025 05:36:32 UTC] register script file
[12-May-2025 05:36:33 UTC] register script file
[12-May-2025 05:36:40 UTC] PHP Deprecated:  Function get_plugin_data was called with an argument that is <strong>deprecated</strong> since version 3.0.0! The <code>Site Wide Only: true</code> plugin header is deprecated. Use <code>Network: true</code> instead. in /wordpress/wp-includes/functions.php on line 6121
[12-May-2025 05:36:40 UTC] register script file
[12-May-2025 05:36:41 UTC] register script file
[12-May-2025 05:36:49 UTC] PHP Deprecated:  Function get_plugin_data was called with an argument that is <strong>deprecated</strong> since version 3.0.0! The <code>Site Wide Only: true</code> plugin header is deprecated. Use <code>Network: true</code> instead. in /wordpress/wp-includes/functions.php on line 6121
[12-May-2025 05:36:57 UTC] PHP Deprecated:  Function get_plugin_data was called with an argument that is <strong>deprecated</strong> since version 3.0.0! The <code>Site Wide Only: true</code> plugin header is deprecated. Use <code>Network: true</code> instead. in /wordpress/wp-includes/functions.php on line 6121
[12-May-2025 05:37:06 UTC] PHP Deprecated:  Function get_plugin_data was called with an argument that is <strong>deprecated</strong> since version 3.0.0! The <code>Site Wide Only: true</code> plugin header is deprecated. Use <code>Network: true</code> instead. in /wordpress/wp-includes/functions.php on line 6121
[12-May-2025 05:37:15 UTC] PHP Deprecated:  Function get_plugin_data was called with an argument that is <strong>deprecated</strong> since version 3.0.0! The <code>Site Wide Only: true</code> plugin header is deprecated. Use <code>Network: true</code> instead. in /wordpress/wp-includes/functions.php on line 6121
[12-May-2025 05:37:16 UTC] PHP Deprecated:  Function get_plugin_data was called with an argument that is <strong>deprecated</strong> since version 3.0.0! The <code>Site Wide Only: true</code> plugin header is deprecated. Use <code>Network: true</code> instead. in /wordpress/wp-includes/functions.php on line 6121
[12-May-2025 05:37:23 UTC] PHP Deprecated:  Function get_plugin_data was called with an argument that is <strong>deprecated</strong> since version 3.0.0! The <code>Site Wide Only: true</code> plugin header is deprecated. Use <code>Network: true</code> instead. in /wordpress/wp-includes/functions.php on line 6121
[12-May-2025 05:37:24 UTC] PHP Deprecated:  Function get_plugin_data was called with an argument that is <strong>deprecated</strong> since version 3.0.0! The <code>Site Wide Only: true</code> plugin header is deprecated. Use <code>Network: true</code> instead. in /wordpress/wp-includes/functions.php on line 6121
[12-May-2025 05:37:31 UTC] PHP Deprecated:  Function get_plugin_data was called with an argument that is <strong>deprecated</strong> since version 3.0.0! The <code>Site Wide Only: true</code> plugin header is deprecated. Use <code>Network: true</code> instead. in /wordpress/wp-includes/functions.php on line 6121
[12-May-2025 05:37:32 UTC] PHP Deprecated:  Function get_plugin_data was called with an argument that is <strong>deprecated</strong> since version 3.0.0! The <code>Site Wide Only: true</code> plugin header is deprecated. Use <code>Network: true</code> instead. in /wordpress/wp-includes/functions.php on line 6121
[12-May-2025 05:37:41 UTC] PHP Deprecated:  Function get_plugin_data was called with an argument that is <strong>deprecated</strong> since version 3.0.0! The <code>Site Wide Only: true</code> plugin header is deprecated. Use <code>Network: true</code> instead. in /wordpress/wp-includes/functions.php on line 6121
[12-May-2025 05:37:49 UTC] PHP Deprecated:  Function get_plugin_data was called with an argument that is <strong>deprecated</strong> since version 3.0.0! The <code>Site Wide Only: true</code> plugin header is deprecated. Use <code>Network: true</code> instead. in /wordpress/wp-includes/functions.php on line 6121
[12-May-2025 05:37:58 UTC] PHP Deprecated:  Function get_plugin_data was called with an argument that is <strong>deprecated</strong> since version 3.0.0! The <code>Site Wide Only: true</code> plugin header is deprecated. Use <code>Network: true</code> instead. in /wordpress/wp-includes/functions.php on line 6121

    at Object.onBind (file:///home/runner/work/playground-tester/playground-tester/node_modules/@wp-playground/cli/index.js:237:15)
    at process.processTicksAndRejections (node:internal/process/task_queues:105:5)
    at async V (file:///home/runner/work/playground-tester/playground-tester/node_modules/@wp-playground/cli/index.js:64:10)
    at async ja (file:///home/runner/work/playground-tester/playground-tester/node_modules/@wp-playground/cli/cli.js:8161:12) {
  [cause]: Error: Error when executing the blueprint step #1 ({"step":"installPlugin","pluginData":{"resource":"wordpress.org/plugins","slug":"breakout"},"options":{"activate":true}}) : Could not download "https://downloads.wordpress.org/plugin/breakout.latest-stable.zip".
  				Check if the URL is correct and the server is reachable.
  				If it is reachable, the server might be blocking the request.
  				Check the browser console and network tabs for more information.
  
  				## Does the console show the error "No 'Access-Control-Allow-Origin' header"?
  
  				This means the server that hosts your file does not allow requests from other sites
  				(cross-origin requests, or CORS).	You need to move the asset to a server that allows
  				cross-origin file downloads. Learn more about CORS at
  				https://developer.mozilla.org/en-US/docs/Web/HTTP/CORS.
  
  				If your file is on GitHub, load it from "raw.githubusercontent.com".
  				Here's how to do that:
  
  				1. Start with the original GitHub URL of the file. For example:
  				https://github.com/username/repository/blob/branch/filename.
  				2. Replace "github.com" with "raw.githubusercontent.com".
  				3. Remove the "/blob/" part of the URL.
  
  				The resulting URL should look like this:
  				https://raw.githubusercontent.com/username/repository/branch/filename
  
  				Error:
  				Error: Could not download "https://downloads.wordpress.org/plugin/breakout.latest-stable.zip"
      at Object.run (file:///home/runner/work/playground-tester/playground-tester/node_modules/@wp-playground/blueprints/index.js:12449:19)
      at process.processTicksAndRejections (node:internal/process/task_queues:105:5)
      at async ms (file:///home/runner/work/playground-tester/playground-tester/node_modules/@wp-playground/blueprints/index.js:12552:3)
      at async Object.onBind (file:///home/runner/work/playground-tester/playground-tester/node_modules/@wp-playground/cli/index.js:227:48)
      at async V (file:///home/runner/work/playground-tester/playground-tester/node_modules/@wp-playground/cli/index.js:64:10)
      at async ja (file:///home/runner/work/playground-tester/playground-tester/node_modules/@wp-playground/cli/cli.js:8161:12) {
    [cause]: Error: Could not download "https://downloads.wordpress.org/plugin/breakout.latest-stable.zip".
    				Check if the URL is correct and the server is reachable.
    				If it is reachable, the server might be blocking the request.
    				Check the browser console and network tabs for more information.
    
    				## Does the console show the error "No 'Access-Control-Allow-Origin' header"?
    
    				This means the server that hosts your file does not allow requests from other sites
    				(cross-origin requests, or CORS).	You need to move the asset to a server that allows
    				cross-origin file downloads. Learn more about CORS at
    				https://developer.mozilla.org/en-US/docs/Web/HTTP/CORS.
    
    				If your file is on GitHub, load it from "raw.githubusercontent.com".
    				Here's how to do that:
    
    				1. Start with the original GitHub URL of the file. For example:
    				https://github.com/username/repository/blob/branch/filename.
    				2. Replace "github.com" with "raw.githubusercontent.com".
    				3. Remove the "/blob/" part of the URL.
    
    				The resulting URL should look like this:
    				https://raw.githubusercontent.com/username/repository/branch/filename
    
    				Error:
    				Error: Could not download "https://downloads.wordpress.org/plugin/breakout.latest-stable.zip"
        at Ct.resolve (file:///home/runner/work/playground-tester/playground-tester/node_modules/@wp-playground/blueprints/index.js:1472:13)
        at process.processTicksAndRejections (node:internal/process/task_queues:105:5)
        at async _.run (file:///home/runner/work/playground-tester/playground-tester/node_modules/@php-wasm/util/index.js:45:14)
  }
}

Node.js v23.11.0
