file:///home/runner/work/playground-tester/playground-tester/node_modules/@wp-playground/cli/index.js:237
        throw new Error(y, { cause: u });
              ^

Error: [15-Apr-2025 01:52:44 UTC] PHP Fatal error:  Uncaught Error: Class "WC_Payment_Gateways" not found in /wordpress/wp-content/plugins/workadu-invoicing/workadu-invoicing.php:826
Stack trace:
#0 /wordpress/wp-content/plugins/workadu-invoicing/workadu-invoicing.php(89): workadu_get_payment_types_from_postmeta()
#1 /wordpress/wp-includes/class-wp-hook.php(324): workadu_activation_callback(false)
#2 /wordpress/wp-includes/class-wp-hook.php(348): WP_Hook->apply_filters('', Array)
#3 /wordpress/wp-includes/plugin.php(517): WP_Hook->do_action(Array)
#4 /wordpress/wp-admin/includes/plugin.php(703): do_action('activate_workad...', false)
#5 /internal/eval.php(20): activate_plugin('workadu-invoici...')
#6 {main}
  thrown in /wordpress/wp-content/plugins/workadu-invoicing/workadu-invoicing.php on line 826
[15-Apr-2025 01:52:53 UTC] PHP Fatal error:  Uncaught Error: Class "WC_Payment_Gateways" not found in /wordpress/wp-content/plugins/workadu-invoicing/workadu-invoicing.php:826
Stack trace:
#0 /wordpress/wp-content/plugins/workadu-invoicing/workadu-invoicing.php(89): workadu_get_payment_types_from_postmeta()
#1 /wordpress/wp-includes/class-wp-hook.php(324): workadu_activation_callback(false)
#2 /wordpress/wp-includes/class-wp-hook.php(348): WP_Hook->apply_filters('', Array)
#3 /wordpress/wp-includes/plugin.php(517): WP_Hook->do_action(Array)
#4 /wordpress/wp-admin/includes/plugin.php(703): do_action('activate_workad...', false)
#5 /internal/eval.php(20): activate_plugin('workadu-invoici...')
#6 {main}
  thrown in /wordpress/wp-content/plugins/workadu-invoicing/workadu-invoicing.php on line 826
[15-Apr-2025 01:53:01 UTC] PHP Fatal error:  Uncaught Error: Class "WC_Payment_Gateways" not found in /wordpress/wp-content/plugins/workadu-invoicing/workadu-invoicing.php:826
Stack trace:
#0 /wordpress/wp-content/plugins/workadu-invoicing/workadu-invoicing.php(89): workadu_get_payment_types_from_postmeta()
#1 /wordpress/wp-includes/class-wp-hook.php(324): workadu_activation_callback(false)
#2 /wordpress/wp-includes/class-wp-hook.php(348): WP_Hook->apply_filters('', Array)
#3 /wordpress/wp-includes/plugin.php(517): WP_Hook->do_action(Array)
#4 /wordpress/wp-admin/includes/plugin.php(703): do_action('activate_workad...', false)
#5 /internal/eval.php(20): activate_plugin('workadu-invoici...')
#6 {main}
  thrown in /wordpress/wp-content/plugins/workadu-invoicing/workadu-invoicing.php on line 826
[15-Apr-2025 01:53:10 UTC] PHP Notice:  Function register_rest_route was called <strong>incorrectly</strong>. REST API routes must be registered on the <code>rest_api_init</code> action. Instead route '<code>get-claps</code>' with namespace '<code>cp/v2</code>' was not registered on this action. Please see <a href="https://developer.wordpress.org/advanced-administration/debug/debug-wordpress/">Debugging in WordPress</a> for more information. (This message was added in version 5.1.0.) in /wordpress/wp-includes/functions.php on line 6114
[15-Apr-2025 01:53:10 UTC] PHP Notice:  Function register_rest_route was called <strong>incorrectly</strong>. The REST API route definition for <code>cp/v2/get-claps</code> is missing the required <code>permission_callback</code> argument. For REST API routes that are intended to be public, use <code>__return_true</code> as the permission callback. Please see <a href="https://developer.wordpress.org/advanced-administration/debug/debug-wordpress/">Debugging in WordPress</a> for more information. (This message was added in version 5.5.0.) in /wordpress/wp-includes/functions.php on line 6114
[15-Apr-2025 01:53:10 UTC] PHP Notice:  Function register_rest_route was called <strong>incorrectly</strong>. The REST API route definition for <code>cp/v2/update-claps</code> is missing the required <code>permission_callback</code> argument. For REST API routes that are intended to be public, use <code>__return_true</code> as the permission callback. Please see <a href="https://developer.wordpress.org/advanced-administration/debug/debug-wordpress/">Debugging in WordPress</a> for more information. (This message was added in version 5.5.0.) in /wordpress/wp-includes/functions.php on line 6114
[15-Apr-2025 01:53:19 UTC] PHP Notice:  Function register_rest_route was called <strong>incorrectly</strong>. REST API routes must be registered on the <code>rest_api_init</code> action. Instead route '<code>get-claps</code>' with namespace '<code>cp/v2</code>' was not registered on this action. Please see <a href="https://developer.wordpress.org/advanced-administration/debug/debug-wordpress/">Debugging in WordPress</a> for more information. (This message was added in version 5.1.0.) in /wordpress/wp-includes/functions.php on line 6114
[15-Apr-2025 01:53:19 UTC] PHP Notice:  Function register_rest_route was called <strong>incorrectly</strong>. The REST API route definition for <code>cp/v2/get-claps</code> is missing the required <code>permission_callback</code> argument. For REST API routes that are intended to be public, use <code>__return_true</code> as the permission callback. Please see <a href="https://developer.wordpress.org/advanced-administration/debug/debug-wordpress/">Debugging in WordPress</a> for more information. (This message was added in version 5.5.0.) in /wordpress/wp-includes/functions.php on line 6114
[15-Apr-2025 01:53:19 UTC] PHP Notice:  Function register_rest_route was called <strong>incorrectly</strong>. The REST API route definition for <code>cp/v2/update-claps</code> is missing the required <code>permission_callback</code> argument. For REST API routes that are intended to be public, use <code>__return_true</code> as the permission callback. Please see <a href="https://developer.wordpress.org/advanced-administration/debug/debug-wordpress/">Debugging in WordPress</a> for more information. (This message was added in version 5.5.0.) in /wordpress/wp-includes/functions.php on line 6114
[15-Apr-2025 01:53:28 UTC] PHP Notice:  Function register_rest_route was called <strong>incorrectly</strong>. REST API routes must be registered on the <code>rest_api_init</code> action. Instead route '<code>get-claps</code>' with namespace '<code>cp/v2</code>' was not registered on this action. Please see <a href="https://developer.wordpress.org/advanced-administration/debug/debug-wordpress/">Debugging in WordPress</a> for more information. (This message was added in version 5.1.0.) in /wordpress/wp-includes/functions.php on line 6114
[15-Apr-2025 01:53:28 UTC] PHP Notice:  Function register_rest_route was called <strong>incorrectly</strong>. The REST API route definition for <code>cp/v2/get-claps</code> is missing the required <code>permission_callback</code> argument. For REST API routes that are intended to be public, use <code>__return_true</code> as the permission callback. Please see <a href="https://developer.wordpress.org/advanced-administration/debug/debug-wordpress/">Debugging in WordPress</a> for more information. (This message was added in version 5.5.0.) in /wordpress/wp-includes/functions.php on line 6114
[15-Apr-2025 01:53:28 UTC] PHP Notice:  Function register_rest_route was called <strong>incorrectly</strong>. The REST API route definition for <code>cp/v2/update-claps</code> is missing the required <code>permission_callback</code> argument. For REST API routes that are intended to be public, use <code>__return_true</code> as the permission callback. Please see <a href="https://developer.wordpress.org/advanced-administration/debug/debug-wordpress/">Debugging in WordPress</a> for more information. (This message was added in version 5.5.0.) in /wordpress/wp-includes/functions.php on line 6114
[15-Apr-2025 01:53:37 UTC] PHP Deprecated:  Required parameter $wNumber follows optional parameter $widget in /wordpress/wp-content/plugins/wp-clockcountdown/clockcountdown.php on line 135
[15-Apr-2025 01:53:37 UTC] PHP Deprecated:  Required parameter $height follows optional parameter $widget in /wordpress/wp-content/plugins/wp-clockcountdown/clockcountdown.php on line 135
[15-Apr-2025 01:53:37 UTC] PHP Deprecated:  Required parameter $width follows optional parameter $widget in /wordpress/wp-content/plugins/wp-clockcountdown/clockcountdown.php on line 135
[15-Apr-2025 01:53:37 UTC] PHP Deprecated:  Required parameter $addSettings follows optional parameter $widget in /wordpress/wp-content/plugins/wp-clockcountdown/clockcountdown.php on line 135
[15-Apr-2025 01:53:37 UTC] PHP Deprecated:  Required parameter $scalesize follows optional parameter $widget in /wordpress/wp-content/plugins/wp-clockcountdown/clockcountdown.php on line 135
[15-Apr-2025 01:53:37 UTC] PHP Deprecated:  Required parameter $containerx follows optional parameter $widget in /wordpress/wp-content/plugins/wp-clockcountdown/clockcountdown.php on line 135
[15-Apr-2025 01:53:38 UTC] PHP Deprecated:  Required parameter $wNumber follows optional parameter $widget in /wordpress/wp-content/plugins/wp-clockcountdown/clockcountdown.php on line 135
[15-Apr-2025 01:53:38 UTC] PHP Deprecated:  Required parameter $height follows optional parameter $widget in /wordpress/wp-content/plugins/wp-clockcountdown/clockcountdown.php on line 135
[15-Apr-2025 01:53:38 UTC] PHP Deprecated:  Required parameter $width follows optional parameter $widget in /wordpress/wp-content/plugins/wp-clockcountdown/clockcountdown.php on line 135
[15-Apr-2025 01:53:38 UTC] PHP Deprecated:  Required parameter $addSettings follows optional parameter $widget in /wordpress/wp-content/plugins/wp-clockcountdown/clockcountdown.php on line 135
[15-Apr-2025 01:53:38 UTC] PHP Deprecated:  Required parameter $scalesize follows optional parameter $widget in /wordpress/wp-content/plugins/wp-clockcountdown/clockcountdown.php on line 135
[15-Apr-2025 01:53:38 UTC] PHP Deprecated:  Required parameter $containerx follows optional parameter $widget in /wordpress/wp-content/plugins/wp-clockcountdown/clockcountdown.php on line 135
[15-Apr-2025 01:53:46 UTC] PHP Deprecated:  Required parameter $wNumber follows optional parameter $widget in /wordpress/wp-content/plugins/wp-clockcountdown/clockcountdown.php on line 135
[15-Apr-2025 01:53:46 UTC] PHP Deprecated:  Required parameter $height follows optional parameter $widget in /wordpress/wp-content/plugins/wp-clockcountdown/clockcountdown.php on line 135
[15-Apr-2025 01:53:46 UTC] PHP Deprecated:  Required parameter $width follows optional parameter $widget in /wordpress/wp-content/plugins/wp-clockcountdown/clockcountdown.php on line 135
[15-Apr-2025 01:53:46 UTC] PHP Deprecated:  Required parameter $addSettings follows optional parameter $widget in /wordpress/wp-content/plugins/wp-clockcountdown/clockcountdown.php on line 135
[15-Apr-2025 01:53:46 UTC] PHP Deprecated:  Required parameter $scalesize follows optional parameter $widget in /wordpress/wp-content/plugins/wp-clockcountdown/clockcountdown.php on line 135
[15-Apr-2025 01:53:46 UTC] PHP Deprecated:  Required parameter $containerx follows optional parameter $widget in /wordpress/wp-content/plugins/wp-clockcountdown/clockcountdown.php on line 135
[15-Apr-2025 01:53:46 UTC] PHP Deprecated:  Required parameter $wNumber follows optional parameter $widget in /wordpress/wp-content/plugins/wp-clockcountdown/clockcountdown.php on line 135
[15-Apr-2025 01:53:46 UTC] PHP Deprecated:  Required parameter $height follows optional parameter $widget in /wordpress/wp-content/plugins/wp-clockcountdown/clockcountdown.php on line 135
[15-Apr-2025 01:53:46 UTC] PHP Deprecated:  Required parameter $width follows optional parameter $widget in /wordpress/wp-content/plugins/wp-clockcountdown/clockcountdown.php on line 135
[15-Apr-2025 01:53:46 UTC] PHP Deprecated:  Required parameter $addSettings follows optional parameter $widget in /wordpress/wp-content/plugins/wp-clockcountdown/clockcountdown.php on line 135
[15-Apr-2025 01:53:46 UTC] PHP Deprecated:  Required parameter $scalesize follows optional parameter $widget in /wordpress/wp-content/plugins/wp-clockcountdown/clockcountdown.php on line 135
[15-Apr-2025 01:53:46 UTC] PHP Deprecated:  Required parameter $containerx follows optional parameter $widget in /wordpress/wp-content/plugins/wp-clockcountdown/clockcountdown.php on line 135
[15-Apr-2025 01:53:54 UTC] PHP Deprecated:  Required parameter $wNumber follows optional parameter $widget in /wordpress/wp-content/plugins/wp-clockcountdown/clockcountdown.php on line 135
[15-Apr-2025 01:53:54 UTC] PHP Deprecated:  Required parameter $height follows optional parameter $widget in /wordpress/wp-content/plugins/wp-clockcountdown/clockcountdown.php on line 135
[15-Apr-2025 01:53:54 UTC] PHP Deprecated:  Required parameter $width follows optional parameter $widget in /wordpress/wp-content/plugins/wp-clockcountdown/clockcountdown.php on line 135
[15-Apr-2025 01:53:54 UTC] PHP Deprecated:  Required parameter $addSettings follows optional parameter $widget in /wordpress/wp-content/plugins/wp-clockcountdown/clockcountdown.php on line 135
[15-Apr-2025 01:53:54 UTC] PHP Deprecated:  Required parameter $scalesize follows optional parameter $widget in /wordpress/wp-content/plugins/wp-clockcountdown/clockcountdown.php on line 135
[15-Apr-2025 01:53:54 UTC] PHP Deprecated:  Required parameter $containerx follows optional parameter $widget in /wordpress/wp-content/plugins/wp-clockcountdown/clockcountdown.php on line 135
[15-Apr-2025 01:53:55 UTC] PHP Deprecated:  Required parameter $wNumber follows optional parameter $widget in /wordpress/wp-content/plugins/wp-clockcountdown/clockcountdown.php on line 135
[15-Apr-2025 01:53:55 UTC] PHP Deprecated:  Required parameter $height follows optional parameter $widget in /wordpress/wp-content/plugins/wp-clockcountdown/clockcountdown.php on line 135
[15-Apr-2025 01:53:55 UTC] PHP Deprecated:  Required parameter $width follows optional parameter $widget in /wordpress/wp-content/plugins/wp-clockcountdown/clockcountdown.php on line 135
[15-Apr-2025 01:53:55 UTC] PHP Deprecated:  Required parameter $addSettings follows optional parameter $widget in /wordpress/wp-content/plugins/wp-clockcountdown/clockcountdown.php on line 135
[15-Apr-2025 01:53:55 UTC] PHP Deprecated:  Required parameter $scalesize follows optional parameter $widget in /wordpress/wp-content/plugins/wp-clockcountdown/clockcountdown.php on line 135
[15-Apr-2025 01:53:55 UTC] PHP Deprecated:  Required parameter $containerx follows optional parameter $widget in /wordpress/wp-content/plugins/wp-clockcountdown/clockcountdown.php on line 135
[15-Apr-2025 01:54:23 UTC] PHP Warning:  The magic method WP_Disable_Search::__wakeup() must have public visibility in /wordpress/wp-content/plugins/wp-disable-search/wp-disable-search.php on line 50
[15-Apr-2025 01:54:24 UTC] PHP Warning:  The magic method WP_Disable_Search::__wakeup() must have public visibility in /wordpress/wp-content/plugins/wp-disable-search/wp-disable-search.php on line 50
[15-Apr-2025 01:54:32 UTC] PHP Warning:  The magic method WP_Disable_Search::__wakeup() must have public visibility in /wordpress/wp-content/plugins/wp-disable-search/wp-disable-search.php on line 50
[15-Apr-2025 01:54:33 UTC] PHP Warning:  The magic method WP_Disable_Search::__wakeup() must have public visibility in /wordpress/wp-content/plugins/wp-disable-search/wp-disable-search.php on line 50
[15-Apr-2025 01:54:41 UTC] PHP Warning:  The magic method WP_Disable_Search::__wakeup() must have public visibility in /wordpress/wp-content/plugins/wp-disable-search/wp-disable-search.php on line 50
[15-Apr-2025 01:54:42 UTC] PHP Warning:  The magic method WP_Disable_Search::__wakeup() must have public visibility in /wordpress/wp-content/plugins/wp-disable-search/wp-disable-search.php on line 50
[15-Apr-2025 01:54:51 UTC] PHP Deprecated:  Required parameter $parent_id follows optional parameter $file_id in /wordpress/wp-content/plugins/wp-file-version/classes/wfv_file.php on line 177
[15-Apr-2025 01:54:51 UTC] PHP Deprecated:  Required parameter $version follows optional parameter $file_id in /wordpress/wp-content/plugins/wp-file-version/classes/wfv_file.php on line 177
[15-Apr-2025 01:54:52 UTC] PHP Deprecated:  Required parameter $parent_id follows optional parameter $file_id in /wordpress/wp-content/plugins/wp-file-version/classes/wfv_file.php on line 177
[15-Apr-2025 01:54:52 UTC] PHP Deprecated:  Required parameter $version follows optional parameter $file_id in /wordpress/wp-content/plugins/wp-file-version/classes/wfv_file.php on line 177
[15-Apr-2025 01:55:00 UTC] PHP Deprecated:  Required parameter $parent_id follows optional parameter $file_id in /wordpress/wp-content/plugins/wp-file-version/classes/wfv_file.php on line 177
[15-Apr-2025 01:55:00 UTC] PHP Deprecated:  Required parameter $version follows optional parameter $file_id in /wordpress/wp-content/plugins/wp-file-version/classes/wfv_file.php on line 177
[15-Apr-2025 01:55:01 UTC] PHP Deprecated:  Required parameter $parent_id follows optional parameter $file_id in /wordpress/wp-content/plugins/wp-file-version/classes/wfv_file.php on line 177
[15-Apr-2025 01:55:01 UTC] PHP Deprecated:  Required parameter $version follows optional parameter $file_id in /wordpress/wp-content/plugins/wp-file-version/classes/wfv_file.php on line 177
[15-Apr-2025 01:55:09 UTC] PHP Deprecated:  Required parameter $parent_id follows optional parameter $file_id in /wordpress/wp-content/plugins/wp-file-version/classes/wfv_file.php on line 177
[15-Apr-2025 01:55:09 UTC] PHP Deprecated:  Required parameter $version follows optional parameter $file_id in /wordpress/wp-content/plugins/wp-file-version/classes/wfv_file.php on line 177
[15-Apr-2025 01:55:10 UTC] PHP Deprecated:  Required parameter $parent_id follows optional parameter $file_id in /wordpress/wp-content/plugins/wp-file-version/classes/wfv_file.php on line 177
[15-Apr-2025 01:55:10 UTC] PHP Deprecated:  Required parameter $version follows optional parameter $file_id in /wordpress/wp-content/plugins/wp-file-version/classes/wfv_file.php on line 177
[15-Apr-2025 01:57:00 UTC] PHP Warning:  Undefined array key "action" in /wordpress/wp-content/plugins/wp-genericfooter/WP-GenericFooter.php on line 83
[15-Apr-2025 01:57:01 UTC] PHP Warning:  Undefined array key "action" in /wordpress/wp-content/plugins/wp-genericfooter/WP-GenericFooter.php on line 83
[15-Apr-2025 01:57:08 UTC] PHP Warning:  Undefined array key "action" in /wordpress/wp-content/plugins/wp-genericfooter/WP-GenericFooter.php on line 83
[15-Apr-2025 01:57:09 UTC] PHP Warning:  Undefined array key "action" in /wordpress/wp-content/plugins/wp-genericfooter/WP-GenericFooter.php on line 83
[15-Apr-2025 01:57:17 UTC] PHP Warning:  Undefined array key "action" in /wordpress/wp-content/plugins/wp-genericfooter/WP-GenericFooter.php on line 83
[15-Apr-2025 01:57:18 UTC] PHP Warning:  Undefined array key "action" in /wordpress/wp-content/plugins/wp-genericfooter/WP-GenericFooter.php on line 83
[15-Apr-2025 01:57:47 UTC] PHP Warning:  Undefined array key "activated" in /wordpress/wp-content/plugins/wp-konami-code/wp-konami-code.php on line 54
[15-Apr-2025 01:57:47 UTC] PHP Warning:  Undefined array key "url_redirect_activated" in /wordpress/wp-content/plugins/wp-konami-code/wp-konami-code.php on line 66
[15-Apr-2025 01:57:47 UTC] PHP Warning:  Undefined array key "url_redirect_activated" in /wordpress/wp-content/plugins/wp-konami-code/wp-konami-code.php on line 70
[15-Apr-2025 01:57:56 UTC] PHP Warning:  Undefined array key "activated" in /wordpress/wp-content/plugins/wp-konami-code/wp-konami-code.php on line 54
[15-Apr-2025 01:57:56 UTC] PHP Warning:  Undefined array key "url_redirect_activated" in /wordpress/wp-content/plugins/wp-konami-code/wp-konami-code.php on line 66
[15-Apr-2025 01:57:56 UTC] PHP Warning:  Undefined array key "url_redirect_activated" in /wordpress/wp-content/plugins/wp-konami-code/wp-konami-code.php on line 70
[15-Apr-2025 01:58:05 UTC] PHP Warning:  Undefined array key "activated" in /wordpress/wp-content/plugins/wp-konami-code/wp-konami-code.php on line 54
[15-Apr-2025 01:58:05 UTC] PHP Warning:  Undefined array key "url_redirect_activated" in /wordpress/wp-content/plugins/wp-konami-code/wp-konami-code.php on line 66
[15-Apr-2025 01:58:05 UTC] PHP Warning:  Undefined array key "url_redirect_activated" in /wordpress/wp-content/plugins/wp-konami-code/wp-konami-code.php on line 70
[15-Apr-2025 01:58:34 UTC] PHP Fatal error:  Uncaught Error: Failed opening required '/wordpress/wp-content/plugins/wp-postnotes/library/wordpress/application.php' (include_path='.:') in /wordpress/wp-content/plugins/wp-postnotes/index.php:10
Stack trace:
#0 /wordpress/wp-admin/includes/plugin.php(2387): include_once()
#1 /wordpress/wp-admin/includes/plugin.php(673): plugin_sandbox_scrape('wp-postnotes/in...')
#2 /internal/eval.php(20): activate_plugin('wp-postnotes/in...')
#3 {main}
  thrown in /wordpress/wp-content/plugins/wp-postnotes/index.php on line 10
[15-Apr-2025 01:58:42 UTC] PHP Fatal error:  Uncaught Error: Failed opening required '/wordpress/wp-content/plugins/wp-postnotes/library/wordpress/application.php' (include_path='.:') in /wordpress/wp-content/plugins/wp-postnotes/index.php:10
Stack trace:
#0 /wordpress/wp-admin/includes/plugin.php(2387): include_once()
#1 /wordpress/wp-admin/includes/plugin.php(673): plugin_sandbox_scrape('wp-postnotes/in...')
#2 /internal/eval.php(20): activate_plugin('wp-postnotes/in...')
#3 {main}
  thrown in /wordpress/wp-content/plugins/wp-postnotes/index.php on line 10

    at Object.onBind (file:///home/runner/work/playground-tester/playground-tester/node_modules/@wp-playground/cli/index.js:237:15)
    at process.processTicksAndRejections (node:internal/process/task_queues:105:5)
    at async V (file:///home/runner/work/playground-tester/playground-tester/node_modules/@wp-playground/cli/index.js:64:10)
    at async ja (file:///home/runner/work/playground-tester/playground-tester/node_modules/@wp-playground/cli/cli.js:8161:12) {
  [cause]: Error: Error when executing the blueprint step #1 ({"step":"installPlugin","pluginData":{"resource":"wordpress.org/plugins","slug":"wp-postnotes"},"options":{"activate":true}}) : PHP.run() failed with exit code 255 and the following output: 
      at Object.run (file:///home/runner/work/playground-tester/playground-tester/node_modules/@wp-playground/blueprints/index.js:12449:19)
      at process.processTicksAndRejections (node:internal/process/task_queues:105:5)
      at async ms (file:///home/runner/work/playground-tester/playground-tester/node_modules/@wp-playground/blueprints/index.js:12552:3)
      ... 2 lines matching cause stack trace ...
      at async ja (file:///home/runner/work/playground-tester/playground-tester/node_modules/@wp-playground/cli/cli.js:8161:12) {
    [cause]: PHPExecutionFailureError: PHP.run() failed with exit code 255 and the following output: 
        at PHP.run (file:///home/runner/work/playground-tester/playground-tester/node_modules/@php-wasm/universal/index.js:987:19)
        at process.processTicksAndRejections (node:internal/process/task_queues:105:5)
        at async wr (file:///home/runner/work/playground-tester/playground-tester/node_modules/@wp-playground/blueprints/index.js:33:39)
        at async Object.gt [as installPlugin] (file:///home/runner/work/playground-tester/playground-tester/node_modules/@wp-playground/blueprints/index.js:974:42)
        at async g (file:///home/runner/work/playground-tester/playground-tester/node_modules/@wp-playground/blueprints/index.js:12517:30)
        at async Object.run (file:///home/runner/work/playground-tester/playground-tester/node_modules/@wp-playground/blueprints/index.js:12446:23)
        at async ms (file:///home/runner/work/playground-tester/playground-tester/node_modules/@wp-playground/blueprints/index.js:12552:3)
        at async Object.onBind (file:///home/runner/work/playground-tester/playground-tester/node_modules/@wp-playground/cli/index.js:227:48)
        at async V (file:///home/runner/work/playground-tester/playground-tester/node_modules/@wp-playground/cli/index.js:64:10)
        at async ja (file:///home/runner/work/playground-tester/playground-tester/node_modules/@wp-playground/cli/cli.js:8161:12) {
      response: PHPResponse {
        httpStatusCode: 500,
        headers: {
          'x-powered-by': [ 'PHP/8.0.30-dev' ],
          'content-type': [ 'text/html; charset=UTF-8' ]
        },
        bytes: Uint8Array(0) [],
        exitCode: 255,
        errors: ''
      },
      source: 'request'
    }
  }
}

Node.js v23.11.0
