file:///home/runner/work/playground-tester/playground-tester/node_modules/@wp-playground/cli/index.js:237
        throw new Error(y, { cause: u });
              ^

Error: [27-Apr-2025 06:34:50 UTC] PHP Warning:  Attempt to read property "tz" on null in /wordpress/wp-content/plugins/event-calendar/tz.php on line 92
[27-Apr-2025 06:34:50 UTC] PHP Notice:  date_default_timezone_set(): Timezone ID '' is invalid in /wordpress/wp-content/plugins/event-calendar/tz.php on line 27
[27-Apr-2025 06:34:50 UTC] PHP Warning:  Attempt to read property "tz" on null in /wordpress/wp-content/plugins/event-calendar/tz.php on line 92
[27-Apr-2025 06:34:50 UTC] PHP Notice:  date_default_timezone_set(): Timezone ID '' is invalid in /wordpress/wp-content/plugins/event-calendar/tz.php on line 27
[27-Apr-2025 06:34:51 UTC] PHP Notice:  date_default_timezone_set(): Timezone ID '' is invalid in /wordpress/wp-content/plugins/event-calendar/tz.php on line 27
[27-Apr-2025 06:35:00 UTC] PHP Warning:  Attempt to read property "tz" on null in /wordpress/wp-content/plugins/event-calendar/tz.php on line 92
[27-Apr-2025 06:35:00 UTC] PHP Notice:  date_default_timezone_set(): Timezone ID '' is invalid in /wordpress/wp-content/plugins/event-calendar/tz.php on line 27
[27-Apr-2025 06:35:00 UTC] PHP Warning:  Attempt to read property "tz" on null in /wordpress/wp-content/plugins/event-calendar/tz.php on line 92
[27-Apr-2025 06:35:00 UTC] PHP Notice:  date_default_timezone_set(): Timezone ID '' is invalid in /wordpress/wp-content/plugins/event-calendar/tz.php on line 27
[27-Apr-2025 06:35:01 UTC] PHP Notice:  date_default_timezone_set(): Timezone ID '' is invalid in /wordpress/wp-content/plugins/event-calendar/tz.php on line 27
[27-Apr-2025 06:35:09 UTC] PHP Warning:  Attempt to read property "tz" on null in /wordpress/wp-content/plugins/event-calendar/tz.php on line 92
[27-Apr-2025 06:35:09 UTC] PHP Notice:  date_default_timezone_set(): Timezone ID '' is invalid in /wordpress/wp-content/plugins/event-calendar/tz.php on line 27
[27-Apr-2025 06:35:09 UTC] PHP Warning:  Attempt to read property "tz" on null in /wordpress/wp-content/plugins/event-calendar/tz.php on line 92
[27-Apr-2025 06:35:09 UTC] PHP Notice:  date_default_timezone_set(): Timezone ID '' is invalid in /wordpress/wp-content/plugins/event-calendar/tz.php on line 27
[27-Apr-2025 06:35:10 UTC] PHP Notice:  date_default_timezone_set(): Timezone ID '' is invalid in /wordpress/wp-content/plugins/event-calendar/tz.php on line 27
[27-Apr-2025 06:35:18 UTC] PHP Deprecated:  File class-snoopy.php is <strong>deprecated</strong> since version 3.0.0! Use wp-includes/http.php instead. in /wordpress/wp-includes/functions.php on line 6121
[27-Apr-2025 06:35:18 UTC] PHP Deprecated:  File rss.php is <strong>deprecated</strong> since version 3.0.0! Use wp-includes/class-simplepie.php instead. in /wordpress/wp-includes/functions.php on line 6121
[27-Apr-2025 06:35:18 UTC] PHP Parse error:  syntax error, unexpected token "new" in /wordpress/wp-content/plugins/everpress/simplepie.php on line 737
[27-Apr-2025 06:35:26 UTC] PHP Deprecated:  File class-snoopy.php is <strong>deprecated</strong> since version 3.0.0! Use wp-includes/http.php instead. in /wordpress/wp-includes/functions.php on line 6121
[27-Apr-2025 06:35:26 UTC] PHP Deprecated:  File rss.php is <strong>deprecated</strong> since version 3.0.0! Use wp-includes/class-simplepie.php instead. in /wordpress/wp-includes/functions.php on line 6121
[27-Apr-2025 06:35:26 UTC] PHP Parse error:  syntax error, unexpected token "new" in /wordpress/wp-content/plugins/everpress/simplepie.php on line 737
[27-Apr-2025 06:35:34 UTC] PHP Deprecated:  File class-snoopy.php is <strong>deprecated</strong> since version 3.0.0! Use wp-includes/http.php instead. in /wordpress/wp-includes/functions.php on line 6121
[27-Apr-2025 06:35:34 UTC] PHP Deprecated:  File rss.php is <strong>deprecated</strong> since version 3.0.0! Use wp-includes/class-simplepie.php instead. in /wordpress/wp-includes/functions.php on line 6121
[27-Apr-2025 06:35:34 UTC] PHP Parse error:  syntax error, unexpected token "new" in /wordpress/wp-content/plugins/everpress/simplepie.php on line 737
[27-Apr-2025 06:35:44 UTC] PHP Fatal error:  Uncaught Error: Class 'WC_Shipping_Method' not found in /wordpress/wp-content/plugins/expedico/DeliveryShippingMethod.php:9
Stack trace:
#0 /wordpress/wp-content/plugins/expedico/expedico.php(44): require_once()
#1 /wordpress/wp-content/plugins/expedico/expedico.php(457): Expedico\Expedico->__construct()
#2 /wordpress/wp-includes/class-wp-hook.php(324): Expedico\{closure}('')
#3 /wordpress/wp-includes/class-wp-hook.php(348): WP_Hook->apply_filters(NULL, Array)
#4 /wordpress/wp-includes/plugin.php(517): WP_Hook->do_action(Array)
#5 /wordpress/wp-settings.php(578): do_action('plugins_loaded')
#6 /wordpress/wp-config.php(102): require_once('/wordpress/wp-s...')
#7 /wordpress/wp-load.php(50): require_once('/wordpress/wp-c...')
#8 /internal/eval.php(3): require_once('/wordpress/wp-l...')
#9 {main}
  thrown in /wordpress/wp-content/plugins/expedico/DeliveryShippingMethod.php on line 9
[27-Apr-2025 06:35:53 UTC] PHP Fatal error:  Uncaught Error: Class 'WC_Shipping_Method' not found in /wordpress/wp-content/plugins/expedico/DeliveryShippingMethod.php:9
Stack trace:
#0 /wordpress/wp-content/plugins/expedico/expedico.php(44): require_once()
#1 /wordpress/wp-content/plugins/expedico/expedico.php(457): Expedico\Expedico->__construct()
#2 /wordpress/wp-includes/class-wp-hook.php(324): Expedico\{closure}('')
#3 /wordpress/wp-includes/class-wp-hook.php(348): WP_Hook->apply_filters(NULL, Array)
#4 /wordpress/wp-includes/plugin.php(517): WP_Hook->do_action(Array)
#5 /wordpress/wp-settings.php(578): do_action('plugins_loaded')
#6 /wordpress/wp-config.php(102): require_once('/wordpress/wp-s...')
#7 /wordpress/wp-load.php(50): require_once('/wordpress/wp-c...')
#8 /internal/eval.php(3): require_once('/wordpress/wp-l...')
#9 {main}
  thrown in /wordpress/wp-content/plugins/expedico/DeliveryShippingMethod.php on line 9
[27-Apr-2025 06:36:03 UTC] PHP Fatal error:  Uncaught Error: Class 'WC_Shipping_Method' not found in /wordpress/wp-content/plugins/expedico/DeliveryShippingMethod.php:9
Stack trace:
#0 /wordpress/wp-content/plugins/expedico/expedico.php(44): require_once()
#1 /wordpress/wp-content/plugins/expedico/expedico.php(457): Expedico\Expedico->__construct()
#2 /wordpress/wp-includes/class-wp-hook.php(324): Expedico\{closure}('')
#3 /wordpress/wp-includes/class-wp-hook.php(348): WP_Hook->apply_filters(NULL, Array)
#4 /wordpress/wp-includes/plugin.php(517): WP_Hook->do_action(Array)
#5 /wordpress/wp-settings.php(578): do_action('plugins_loaded')
#6 /wordpress/wp-config.php(102): require_once('/wordpress/wp-s...')
#7 /wordpress/wp-load.php(50): require_once('/wordpress/wp-c...')
#8 /internal/eval.php(3): require_once('/wordpress/wp-l...')
#9 {main}
  thrown in /wordpress/wp-content/plugins/expedico/DeliveryShippingMethod.php on line 9
[27-Apr-2025 06:36:41 UTC] PHP Warning:  Undefined property: EDD_Extension_Activation::$run in /wordpress/wp-content/plugins/easy-digital-downloads-htaccess-editor/edd-htaccess-editor.php on line 255
[27-Apr-2025 06:36:50 UTC] PHP Warning:  Undefined property: EDD_Extension_Activation::$run in /wordpress/wp-content/plugins/easy-digital-downloads-htaccess-editor/edd-htaccess-editor.php on line 255
[27-Apr-2025 06:36:59 UTC] PHP Warning:  Undefined property: EDD_Extension_Activation::$run in /wordpress/wp-content/plugins/easy-digital-downloads-htaccess-editor/edd-htaccess-editor.php on line 255
[27-Apr-2025 06:37:07 UTC] PHP Fatal error:  Uncaught TypeError: call_user_func_array(): Argument #1 ($callback) must be a valid callback, non-static method econda::econda_init() cannot be called statically in /wordpress/wp-includes/class-wp-hook.php:324
Stack trace:
#0 /wordpress/wp-includes/class-wp-hook.php(348): WP_Hook->apply_filters('', Array)
#1 /wordpress/wp-includes/plugin.php(517): WP_Hook->do_action(Array)
#2 /wordpress/wp-admin/includes/plugin.php(703): do_action('activate_econda...', false)
#3 /internal/eval.php(20): activate_plugin('econda/econda.p...')
#4 {main}
  thrown in /wordpress/wp-includes/class-wp-hook.php on line 324
[27-Apr-2025 06:37:15 UTC] PHP Fatal error:  Uncaught TypeError: call_user_func_array(): Argument #1 ($callback) must be a valid callback, non-static method econda::econda_init() cannot be called statically in /wordpress/wp-includes/class-wp-hook.php:324
Stack trace:
#0 /wordpress/wp-includes/class-wp-hook.php(348): WP_Hook->apply_filters('', Array)
#1 /wordpress/wp-includes/plugin.php(517): WP_Hook->do_action(Array)
#2 /wordpress/wp-admin/includes/plugin.php(703): do_action('activate_econda...', false)
#3 /internal/eval.php(20): activate_plugin('econda/econda.p...')
#4 {main}
  thrown in /wordpress/wp-includes/class-wp-hook.php on line 324
[27-Apr-2025 06:37:22 UTC] PHP Fatal error:  Uncaught TypeError: call_user_func_array(): Argument #1 ($callback) must be a valid callback, non-static method econda::econda_init() cannot be called statically in /wordpress/wp-includes/class-wp-hook.php:324
Stack trace:
#0 /wordpress/wp-includes/class-wp-hook.php(348): WP_Hook->apply_filters('', Array)
#1 /wordpress/wp-includes/plugin.php(517): WP_Hook->do_action(Array)
#2 /wordpress/wp-admin/includes/plugin.php(703): do_action('activate_econda...', false)
#3 /internal/eval.php(20): activate_plugin('econda/econda.p...')
#4 {main}
  thrown in /wordpress/wp-includes/class-wp-hook.php on line 324
[27-Apr-2025 06:38:25 UTC] PHP Fatal error:  Uncaught TypeError: call_user_func_array(): Argument #1 ($callback) must be a valid callback, class Marvulous_Embed_Wave does not have a method "activate" in /wordpress/wp-includes/class-wp-hook.php:324
Stack trace:
#0 /wordpress/wp-includes/class-wp-hook.php(348): WP_Hook->apply_filters('', Array)
#1 /wordpress/wp-includes/plugin.php(517): WP_Hook->do_action(Array)
#2 /wordpress/wp-admin/includes/plugin.php(703): do_action('activate_embed-...', false)
#3 /internal/eval.php(20): activate_plugin('embed-wave/marv...')
#4 {main}
  thrown in /wordpress/wp-includes/class-wp-hook.php on line 324
[27-Apr-2025 06:38:33 UTC] PHP Fatal error:  Uncaught TypeError: call_user_func_array(): Argument #1 ($callback) must be a valid callback, class Marvulous_Embed_Wave does not have a method "activate" in /wordpress/wp-includes/class-wp-hook.php:324
Stack trace:
#0 /wordpress/wp-includes/class-wp-hook.php(348): WP_Hook->apply_filters('', Array)
#1 /wordpress/wp-includes/plugin.php(517): WP_Hook->do_action(Array)
#2 /wordpress/wp-admin/includes/plugin.php(703): do_action('activate_embed-...', false)
#3 /internal/eval.php(20): activate_plugin('embed-wave/marv...')
#4 {main}
  thrown in /wordpress/wp-includes/class-wp-hook.php on line 324
[27-Apr-2025 06:38:41 UTC] PHP Fatal error:  Uncaught TypeError: call_user_func_array(): Argument #1 ($callback) must be a valid callback, class Marvulous_Embed_Wave does not have a method "activate" in /wordpress/wp-includes/class-wp-hook.php:324
Stack trace:
#0 /wordpress/wp-includes/class-wp-hook.php(348): WP_Hook->apply_filters('', Array)
#1 /wordpress/wp-includes/plugin.php(517): WP_Hook->do_action(Array)
#2 /wordpress/wp-admin/includes/plugin.php(703): do_action('activate_embed-...', false)
#3 /internal/eval.php(20): activate_plugin('embed-wave/marv...')
#4 {main}
  thrown in /wordpress/wp-includes/class-wp-hook.php on line 324
[27-Apr-2025 06:40:34 UTC] PHP Notice:  Function _load_textdomain_just_in_time was called <strong>incorrectly</strong>. Translation loading for the <code>erocket</code> domain was triggered too early. This is usually an indicator for some code in the plugin or theme running too early. Translations should be loaded at the <code>init</code> action or later. Please see <a href="https://developer.wordpress.org/advanced-administration/debug/debug-wordpress/">Debugging in WordPress</a> for more information. (This message was added in version 6.7.0.) in /wordpress/wp-includes/functions.php on line 6121
[27-Apr-2025 06:40:43 UTC] PHP Notice:  Function _load_textdomain_just_in_time was called <strong>incorrectly</strong>. Translation loading for the <code>erocket</code> domain was triggered too early. This is usually an indicator for some code in the plugin or theme running too early. Translations should be loaded at the <code>init</code> action or later. Please see <a href="https://developer.wordpress.org/advanced-administration/debug/debug-wordpress/">Debugging in WordPress</a> for more information. (This message was added in version 6.7.0.) in /wordpress/wp-includes/functions.php on line 6121
[27-Apr-2025 06:40:52 UTC] PHP Notice:  Function _load_textdomain_just_in_time was called <strong>incorrectly</strong>. Translation loading for the <code>erocket</code> domain was triggered too early. This is usually an indicator for some code in the plugin or theme running too early. Translations should be loaded at the <code>init</code> action or later. Please see <a href="https://developer.wordpress.org/advanced-administration/debug/debug-wordpress/">Debugging in WordPress</a> for more information. (This message was added in version 6.7.0.) in /wordpress/wp-includes/functions.php on line 6121
[27-Apr-2025 06:41:00 UTC] PHP Fatal error:  Unparenthesized `a ? b : c ? d : e` is not supported. Use either `(a ? b : c) ? d : e` or `a ? b : (c ? d : e)` in /wordpress/wp-content/plugins/evergreen-post-tweeter/ept-core.php on line 318
[27-Apr-2025 06:41:08 UTC] PHP Fatal error:  Unparenthesized `a ? b : c ? d : e` is not supported. Use either `(a ? b : c) ? d : e` or `a ? b : (c ? d : e)` in /wordpress/wp-content/plugins/evergreen-post-tweeter/ept-core.php on line 318
[27-Apr-2025 06:41:16 UTC] PHP Fatal error:  Unparenthesized `a ? b : c ? d : e` is not supported. Use either `(a ? b : c) ? d : e` or `a ? b : (c ? d : e)` in /wordpress/wp-content/plugins/evergreen-post-tweeter/ept-core.php on line 318

    at Object.onBind (file:///home/runner/work/playground-tester/playground-tester/node_modules/@wp-playground/cli/index.js:237:15)
    at process.processTicksAndRejections (node:internal/process/task_queues:105:5)
    at async V (file:///home/runner/work/playground-tester/playground-tester/node_modules/@wp-playground/cli/index.js:64:10)
    at async ja (file:///home/runner/work/playground-tester/playground-tester/node_modules/@wp-playground/cli/cli.js:8161:12) {
  [cause]: Error: Error when executing the blueprint step #1 ({"step":"installPlugin","pluginData":{"resource":"wordpress.org/plugins","slug":"evergreen-post-tweeter"},"options":{"activate":true}}) : PHP.run() failed with exit code 255 and the following output: 
      at Object.run (file:///home/runner/work/playground-tester/playground-tester/node_modules/@wp-playground/blueprints/index.js:12449:19)
      at process.processTicksAndRejections (node:internal/process/task_queues:105:5)
      at async ms (file:///home/runner/work/playground-tester/playground-tester/node_modules/@wp-playground/blueprints/index.js:12552:3)
      ... 2 lines matching cause stack trace ...
      at async ja (file:///home/runner/work/playground-tester/playground-tester/node_modules/@wp-playground/cli/cli.js:8161:12) {
    [cause]: PHPExecutionFailureError: PHP.run() failed with exit code 255 and the following output: 
        at PHP.run (file:///home/runner/work/playground-tester/playground-tester/node_modules/@php-wasm/universal/index.js:987:19)
        at process.processTicksAndRejections (node:internal/process/task_queues:105:5)
        at async wr (file:///home/runner/work/playground-tester/playground-tester/node_modules/@wp-playground/blueprints/index.js:33:39)
        at async Object.gt [as installPlugin] (file:///home/runner/work/playground-tester/playground-tester/node_modules/@wp-playground/blueprints/index.js:974:42)
        at async g (file:///home/runner/work/playground-tester/playground-tester/node_modules/@wp-playground/blueprints/index.js:12517:30)
        at async Object.run (file:///home/runner/work/playground-tester/playground-tester/node_modules/@wp-playground/blueprints/index.js:12446:23)
        at async ms (file:///home/runner/work/playground-tester/playground-tester/node_modules/@wp-playground/blueprints/index.js:12552:3)
        at async Object.onBind (file:///home/runner/work/playground-tester/playground-tester/node_modules/@wp-playground/cli/index.js:227:48)
        at async V (file:///home/runner/work/playground-tester/playground-tester/node_modules/@wp-playground/cli/index.js:64:10)
        at async ja (file:///home/runner/work/playground-tester/playground-tester/node_modules/@wp-playground/cli/cli.js:8161:12) {
      response: PHPResponse {
        httpStatusCode: 500,
        headers: {
          'x-powered-by': [ 'PHP/8.0.30-dev' ],
          'content-type': [ 'text/html; charset=UTF-8' ]
        },
        bytes: Uint8Array(0) [],
        exitCode: 255,
        errors: ''
      },
      source: 'request'
    }
  }
}

Node.js v23.11.0
