file:///home/runner/work/playground-tester/playground-tester/node_modules/@wp-playground/cli/index.js:237
        throw new Error(y, { cause: u });
              ^

Error: [05-May-2025 06:38:12 UTC] PHP Fatal error:  Uncaught Error: Call to undefined function create_function() in /wordpress/wp-content/plugins/mythos360-online-store-widget/mythos360-widget.php:14
Stack trace:
#0 /wordpress/wp-admin/includes/plugin.php(2387): include_once()
#1 /wordpress/wp-admin/includes/plugin.php(673): plugin_sandbox_scrape('mythos360-onlin...')
#2 /internal/eval.php(20): activate_plugin('mythos360-onlin...')
#3 {main}
  thrown in /wordpress/wp-content/plugins/mythos360-online-store-widget/mythos360-widget.php on line 14
[05-May-2025 06:38:19 UTC] PHP Fatal error:  Uncaught Error: Call to undefined function create_function() in /wordpress/wp-content/plugins/mythos360-online-store-widget/mythos360-widget.php:14
Stack trace:
#0 /wordpress/wp-admin/includes/plugin.php(2387): include_once()
#1 /wordpress/wp-admin/includes/plugin.php(673): plugin_sandbox_scrape('mythos360-onlin...')
#2 /internal/eval.php(20): activate_plugin('mythos360-onlin...')
#3 {main}
  thrown in /wordpress/wp-content/plugins/mythos360-online-store-widget/mythos360-widget.php on line 14
[05-May-2025 06:38:26 UTC] PHP Fatal error:  Uncaught Error: Call to undefined function create_function() in /wordpress/wp-content/plugins/mythos360-online-store-widget/mythos360-widget.php:14
Stack trace:
#0 /wordpress/wp-admin/includes/plugin.php(2387): include_once()
#1 /wordpress/wp-admin/includes/plugin.php(673): plugin_sandbox_scrape('mythos360-onlin...')
#2 /internal/eval.php(20): activate_plugin('mythos360-onlin...')
#3 {main}
  thrown in /wordpress/wp-content/plugins/mythos360-online-store-widget/mythos360-widget.php on line 14
[05-May-2025 06:39:04 UTC] PHP Deprecated:  Function register_sidebar_widget is <strong>deprecated</strong> since version 2.8.0! Use wp_register_sidebar_widget() instead. in /wordpress/wp-includes/functions.php on line 6121
[05-May-2025 06:39:04 UTC] PHP Deprecated:  Function register_widget_control is <strong>deprecated</strong> since version 2.8.0! Use wp_register_widget_control() instead. in /wordpress/wp-includes/functions.php on line 6121
[05-May-2025 06:39:14 UTC] PHP Deprecated:  Function register_sidebar_widget is <strong>deprecated</strong> since version 2.8.0! Use wp_register_sidebar_widget() instead. in /wordpress/wp-includes/functions.php on line 6121
[05-May-2025 06:39:14 UTC] PHP Deprecated:  Function register_widget_control is <strong>deprecated</strong> since version 2.8.0! Use wp_register_widget_control() instead. in /wordpress/wp-includes/functions.php on line 6121
[05-May-2025 06:39:24 UTC] PHP Deprecated:  Function register_sidebar_widget is <strong>deprecated</strong> since version 2.8.0! Use wp_register_sidebar_widget() instead. in /wordpress/wp-includes/functions.php on line 6121
[05-May-2025 06:39:24 UTC] PHP Deprecated:  Function register_widget_control is <strong>deprecated</strong> since version 2.8.0! Use wp_register_widget_control() instead. in /wordpress/wp-includes/functions.php on line 6121
[05-May-2025 06:40:39 UTC] WordPress database error <div style="clear:both">&nbsp;</div>
<div class="queries" style="clear:both;margin-bottom:2px;border:red dotted thin;">
<p>MySQL query:</p>
<p>CREATE TABLE IF NOT EXISTS wp_metizpayment (
                      id int(11) NOT NULL auto_increment,
                      OrderId int(11)  NULL,
                      name_on_card text NOT NULL,
                      status text NOT NULL,
                      bank_ref_no text NOT NULL,
                      net_amount_debit varchar(255)  NULL,
                      response text NOT NULL,
                      PostDate text NOT NULL,
                      created_at TIMESTAMP DEFAULT CURRENT_TIMESTAMP,
                      update_at TIMESTAMP DEFAULT CURRENT_TIMESTAMP,
                      
                      PRIMARY KEY id(id)

              ) DEFAULT CHARACTER SET utf8mb4</p>
<p>Queries made or created this session were:</p>
<ol>
<li>Executing: BEGIN | (no parameters)</li>
<li>Executing: ROLLBACK | (no parameters)</li>
</ol>
</div>
<div style="clear:both;margin-bottom:2px;border:red dotted thin;" class="error_message" style="border-bottom:dotted blue thin;">
Error occurred at line 4117 in Function <code>handle_error</code>. Error message was: Cannot combine AUTOINCREMENT and multiple primary keys in SQLite.
</div>
<p>Backtrace:</p>
<pre>#0 /internal/shared/sqlite-database-integration/wp-includes/sqlite/class-wp-sqlite-db.php(287): WP_SQLite_Translator->get_error_message()
#1 /wordpress/wp-admin/includes/upgrade.php(3280): WP_SQLite_DB->query('CREATE TABLE IF...')
#2 /wordpress/wp-content/plugins/metizpay-payment-gateway-for-woocommerce/metizpay-payment-gateway-for-woocommerce.php(49): dbDelta(Array)
#3 /wordpress/wp-includes/class-wp-hook.php(324): metiz_payment(false)
#4 /wordpress/wp-includes/class-wp-hook.php(348): WP_Hook->apply_filters('', Array)
#5 /wordpress/wp-includes/plugin.php(517): WP_Hook->do_action(Array)
#6 /wordpress/wp-admin/includes/plugin.php(703): do_action('activate_metizp...', false)
#7 /internal/eval.php(20): activate_plugin('metizpay-paymen...')
#8 {main}</pre>
 for query CREATE TABLE IF NOT EXISTS wp_metizpayment (
                      id int(11) NOT NULL auto_increment,
                      OrderId int(11)  NULL,
                      name_on_card text NOT NULL,
                      status text NOT NULL,
                      bank_ref_no text NOT NULL,
                      net_amount_debit varchar(255)  NULL,
                      response text NOT NULL,
                      PostDate text NOT NULL,
                      created_at TIMESTAMP DEFAULT CURRENT_TIMESTAMP,
                      update_at TIMESTAMP DEFAULT CURRENT_TIMESTAMP,
                      
                      PRIMARY KEY id(id)

              ) DEFAULT CHARACTER SET utf8mb4 made by activate_plugin, do_action('activate_metizpay-payment-gateway-for-woocommerce/metizpay-payment-gateway-for-woocommerce.php'), WP_Hook->do_action, WP_Hook->apply_filters, metiz_payment, dbDelta, WP_SQLite_DB->query, WP_SQLite_DB->print_error
[05-May-2025 06:40:49 UTC] WordPress database error <div style="clear:both">&nbsp;</div>
<div class="queries" style="clear:both;margin-bottom:2px;border:red dotted thin;">
<p>MySQL query:</p>
<p>CREATE TABLE IF NOT EXISTS wp_metizpayment (
                      id int(11) NOT NULL auto_increment,
                      OrderId int(11)  NULL,
                      name_on_card text NOT NULL,
                      status text NOT NULL,
                      bank_ref_no text NOT NULL,
                      net_amount_debit varchar(255)  NULL,
                      response text NOT NULL,
                      PostDate text NOT NULL,
                      created_at TIMESTAMP DEFAULT CURRENT_TIMESTAMP,
                      update_at TIMESTAMP DEFAULT CURRENT_TIMESTAMP,
                      
                      PRIMARY KEY id(id)

              ) DEFAULT CHARACTER SET utf8mb4</p>
<p>Queries made or created this session were:</p>
<ol>
<li>Executing: BEGIN | (no parameters)</li>
<li>Executing: ROLLBACK | (no parameters)</li>
</ol>
</div>
<div style="clear:both;margin-bottom:2px;border:red dotted thin;" class="error_message" style="border-bottom:dotted blue thin;">
Error occurred at line 4117 in Function <code>handle_error</code>. Error message was: Cannot combine AUTOINCREMENT and multiple primary keys in SQLite.
</div>
<p>Backtrace:</p>
<pre>#0 /internal/shared/sqlite-database-integration/wp-includes/sqlite/class-wp-sqlite-db.php(287): WP_SQLite_Translator->get_error_message()
#1 /wordpress/wp-admin/includes/upgrade.php(3280): WP_SQLite_DB->query('CREATE TABLE IF...')
#2 /wordpress/wp-content/plugins/metizpay-payment-gateway-for-woocommerce/metizpay-payment-gateway-for-woocommerce.php(49): dbDelta(Array)
#3 /wordpress/wp-includes/class-wp-hook.php(324): metiz_payment(false)
#4 /wordpress/wp-includes/class-wp-hook.php(348): WP_Hook->apply_filters('', Array)
#5 /wordpress/wp-includes/plugin.php(517): WP_Hook->do_action(Array)
#6 /wordpress/wp-admin/includes/plugin.php(703): do_action('activate_metizp...', false)
#7 /internal/eval.php(20): activate_plugin('metizpay-paymen...')
#8 {main}</pre>
 for query CREATE TABLE IF NOT EXISTS wp_metizpayment (
                      id int(11) NOT NULL auto_increment,
                      OrderId int(11)  NULL,
                      name_on_card text NOT NULL,
                      status text NOT NULL,
                      bank_ref_no text NOT NULL,
                      net_amount_debit varchar(255)  NULL,
                      response text NOT NULL,
                      PostDate text NOT NULL,
                      created_at TIMESTAMP DEFAULT CURRENT_TIMESTAMP,
                      update_at TIMESTAMP DEFAULT CURRENT_TIMESTAMP,
                      
                      PRIMARY KEY id(id)

              ) DEFAULT CHARACTER SET utf8mb4 made by activate_plugin, do_action('activate_metizpay-payment-gateway-for-woocommerce/metizpay-payment-gateway-for-woocommerce.php'), WP_Hook->do_action, WP_Hook->apply_filters, metiz_payment, dbDelta, WP_SQLite_DB->query, WP_SQLite_DB->print_error
[05-May-2025 06:41:01 UTC] PHP Fatal error:  Uncaught Error: Call to undefined function create_function() in /wordpress/wp-content/plugins/mute-screamer/mute-screamer.php:897
Stack trace:
#0 /wordpress/wp-admin/includes/plugin.php(2387): include_once()
#1 /wordpress/wp-admin/includes/plugin.php(673): plugin_sandbox_scrape('mute-screamer/m...')
#2 /internal/eval.php(20): activate_plugin('mute-screamer/m...')
#3 {main}
  thrown in /wordpress/wp-content/plugins/mute-screamer/mute-screamer.php on line 897
[05-May-2025 06:41:10 UTC] PHP Fatal error:  Uncaught Error: Call to undefined function create_function() in /wordpress/wp-content/plugins/mute-screamer/mute-screamer.php:897
Stack trace:
#0 /wordpress/wp-admin/includes/plugin.php(2387): include_once()
#1 /wordpress/wp-admin/includes/plugin.php(673): plugin_sandbox_scrape('mute-screamer/m...')
#2 /internal/eval.php(20): activate_plugin('mute-screamer/m...')
#3 {main}
  thrown in /wordpress/wp-content/plugins/mute-screamer/mute-screamer.php on line 897
[05-May-2025 06:41:19 UTC] PHP Fatal error:  Uncaught Error: Call to undefined function create_function() in /wordpress/wp-content/plugins/mute-screamer/mute-screamer.php:897
Stack trace:
#0 /wordpress/wp-admin/includes/plugin.php(2387): include_once()
#1 /wordpress/wp-admin/includes/plugin.php(673): plugin_sandbox_scrape('mute-screamer/m...')
#2 /internal/eval.php(20): activate_plugin('mute-screamer/m...')
#3 {main}
  thrown in /wordpress/wp-content/plugins/mute-screamer/mute-screamer.php on line 897
[05-May-2025 06:42:47 UTC] PHP Notice:  Function _load_textdomain_just_in_time was called <strong>incorrectly</strong>. Translation loading for the <code>woocommerce</code> domain was triggered too early. This is usually an indicator for some code in the plugin or theme running too early. Translations should be loaded at the <code>init</code> action or later. Please see <a href="https://developer.wordpress.org/advanced-administration/debug/debug-wordpress/">Debugging in WordPress</a> for more information. (This message was added in version 6.7.0.) in /wordpress/wp-includes/functions.php on line 6121
[05-May-2025 06:42:55 UTC] PHP Notice:  Function _load_textdomain_just_in_time was called <strong>incorrectly</strong>. Translation loading for the <code>mipl-wc-multisite-sync</code> domain was triggered too early. This is usually an indicator for some code in the plugin or theme running too early. Translations should be loaded at the <code>init</code> action or later. Please see <a href="https://developer.wordpress.org/advanced-administration/debug/debug-wordpress/">Debugging in WordPress</a> for more information. (This message was added in version 6.7.0.) in /wordpress/wp-includes/functions.php on line 6121
[05-May-2025 06:42:55 UTC] PHP Notice:  Function _load_textdomain_just_in_time was called <strong>incorrectly</strong>. Translation loading for the <code>woocommerce</code> domain was triggered too early. This is usually an indicator for some code in the plugin or theme running too early. Translations should be loaded at the <code>init</code> action or later. Please see <a href="https://developer.wordpress.org/advanced-administration/debug/debug-wordpress/">Debugging in WordPress</a> for more information. (This message was added in version 6.7.0.) in /wordpress/wp-includes/functions.php on line 6121
[05-May-2025 06:43:27 UTC] PHP Notice:  Function _load_textdomain_just_in_time was called <strong>incorrectly</strong>. Translation loading for the <code>woocommerce</code> domain was triggered too early. This is usually an indicator for some code in the plugin or theme running too early. Translations should be loaded at the <code>init</code> action or later. Please see <a href="https://developer.wordpress.org/advanced-administration/debug/debug-wordpress/">Debugging in WordPress</a> for more information. (This message was added in version 6.7.0.) in /wordpress/wp-includes/functions.php on line 6121
[05-May-2025 06:43:33 UTC] PHP Notice:  Function _load_textdomain_just_in_time was called <strong>incorrectly</strong>. Translation loading for the <code>mipl-wc-multisite-sync</code> domain was triggered too early. This is usually an indicator for some code in the plugin or theme running too early. Translations should be loaded at the <code>init</code> action or later. Please see <a href="https://developer.wordpress.org/advanced-administration/debug/debug-wordpress/">Debugging in WordPress</a> for more information. (This message was added in version 6.7.0.) in /wordpress/wp-includes/functions.php on line 6121
[05-May-2025 06:43:33 UTC] PHP Notice:  Function _load_textdomain_just_in_time was called <strong>incorrectly</strong>. Translation loading for the <code>woocommerce</code> domain was triggered too early. This is usually an indicator for some code in the plugin or theme running too early. Translations should be loaded at the <code>init</code> action or later. Please see <a href="https://developer.wordpress.org/advanced-administration/debug/debug-wordpress/">Debugging in WordPress</a> for more information. (This message was added in version 6.7.0.) in /wordpress/wp-includes/functions.php on line 6121
[05-May-2025 06:44:08 UTC] PHP Notice:  Function _load_textdomain_just_in_time was called <strong>incorrectly</strong>. Translation loading for the <code>woocommerce</code> domain was triggered too early. This is usually an indicator for some code in the plugin or theme running too early. Translations should be loaded at the <code>init</code> action or later. Please see <a href="https://developer.wordpress.org/advanced-administration/debug/debug-wordpress/">Debugging in WordPress</a> for more information. (This message was added in version 6.7.0.) in /wordpress/wp-includes/functions.php on line 6121
[05-May-2025 06:44:15 UTC] PHP Notice:  Function _load_textdomain_just_in_time was called <strong>incorrectly</strong>. Translation loading for the <code>mipl-wc-multisite-sync</code> domain was triggered too early. This is usually an indicator for some code in the plugin or theme running too early. Translations should be loaded at the <code>init</code> action or later. Please see <a href="https://developer.wordpress.org/advanced-administration/debug/debug-wordpress/">Debugging in WordPress</a> for more information. (This message was added in version 6.7.0.) in /wordpress/wp-includes/functions.php on line 6121
[05-May-2025 06:44:15 UTC] PHP Notice:  Function _load_textdomain_just_in_time was called <strong>incorrectly</strong>. Translation loading for the <code>woocommerce</code> domain was triggered too early. This is usually an indicator for some code in the plugin or theme running too early. Translations should be loaded at the <code>init</code> action or later. Please see <a href="https://developer.wordpress.org/advanced-administration/debug/debug-wordpress/">Debugging in WordPress</a> for more information. (This message was added in version 6.7.0.) in /wordpress/wp-includes/functions.php on line 6121
[05-May-2025 06:44:24 UTC] PHP Deprecated:  Function load_plugin_textdomain was called with an argument that is <strong>deprecated</strong> since version 2.7.0 with no alternative available. in /wordpress/wp-includes/functions.php on line 6121
[05-May-2025 06:44:25 UTC] PHP Deprecated:  Function load_plugin_textdomain was called with an argument that is <strong>deprecated</strong> since version 2.7.0 with no alternative available. in /wordpress/wp-includes/functions.php on line 6121
[05-May-2025 06:44:25 UTC] PHP Deprecated:  Function register_sidebar_widget is <strong>deprecated</strong> since version 2.8.0! Use wp_register_sidebar_widget() instead. in /wordpress/wp-includes/functions.php on line 6121
[05-May-2025 06:44:25 UTC] PHP Deprecated:  Function register_widget_control is <strong>deprecated</strong> since version 2.8.0! Use wp_register_widget_control() instead. in /wordpress/wp-includes/functions.php on line 6121
[05-May-2025 06:44:33 UTC] PHP Deprecated:  Function load_plugin_textdomain was called with an argument that is <strong>deprecated</strong> since version 2.7.0 with no alternative available. in /wordpress/wp-includes/functions.php on line 6121
[05-May-2025 06:44:34 UTC] PHP Deprecated:  Function load_plugin_textdomain was called with an argument that is <strong>deprecated</strong> since version 2.7.0 with no alternative available. in /wordpress/wp-includes/functions.php on line 6121
[05-May-2025 06:44:34 UTC] PHP Deprecated:  Function register_sidebar_widget is <strong>deprecated</strong> since version 2.8.0! Use wp_register_sidebar_widget() instead. in /wordpress/wp-includes/functions.php on line 6121
[05-May-2025 06:44:34 UTC] PHP Deprecated:  Function register_widget_control is <strong>deprecated</strong> since version 2.8.0! Use wp_register_widget_control() instead. in /wordpress/wp-includes/functions.php on line 6121
[05-May-2025 06:44:42 UTC] PHP Deprecated:  Function load_plugin_textdomain was called with an argument that is <strong>deprecated</strong> since version 2.7.0 with no alternative available. in /wordpress/wp-includes/functions.php on line 6121
[05-May-2025 06:44:43 UTC] PHP Deprecated:  Function load_plugin_textdomain was called with an argument that is <strong>deprecated</strong> since version 2.7.0 with no alternative available. in /wordpress/wp-includes/functions.php on line 6121
[05-May-2025 06:44:43 UTC] PHP Deprecated:  Function register_sidebar_widget is <strong>deprecated</strong> since version 2.8.0! Use wp_register_sidebar_widget() instead. in /wordpress/wp-includes/functions.php on line 6121
[05-May-2025 06:44:43 UTC] PHP Deprecated:  Function register_widget_control is <strong>deprecated</strong> since version 2.8.0! Use wp_register_widget_control() instead. in /wordpress/wp-includes/functions.php on line 6121
[05-May-2025 06:48:30 UTC] PHP Fatal error:  Uncaught TypeError: call_user_func_array(): Argument #1 ($callback) must be a valid callback, non-static method MVNO_InstallMvnoSettings::create_mvno_settings_db() cannot be called statically in /wordpress/wp-includes/class-wp-hook.php:324
Stack trace:
#0 /wordpress/wp-includes/class-wp-hook.php(348): WP_Hook->apply_filters('', Array)
#1 /wordpress/wp-includes/plugin.php(517): WP_Hook->do_action(Array)
#2 /wordpress/wp-admin/includes/plugin.php(703): do_action('activate_mvno-s...', false)
#3 /internal/eval.php(20): activate_plugin('mvno-settings/m...')
#4 {main}
  thrown in /wordpress/wp-includes/class-wp-hook.php on line 324
[05-May-2025 06:48:38 UTC] PHP Fatal error:  Uncaught TypeError: call_user_func_array(): Argument #1 ($callback) must be a valid callback, non-static method MVNO_InstallMvnoSettings::create_mvno_settings_db() cannot be called statically in /wordpress/wp-includes/class-wp-hook.php:324
Stack trace:
#0 /wordpress/wp-includes/class-wp-hook.php(348): WP_Hook->apply_filters('', Array)
#1 /wordpress/wp-includes/plugin.php(517): WP_Hook->do_action(Array)
#2 /wordpress/wp-admin/includes/plugin.php(703): do_action('activate_mvno-s...', false)
#3 /internal/eval.php(20): activate_plugin('mvno-settings/m...')
#4 {main}
  thrown in /wordpress/wp-includes/class-wp-hook.php on line 324
[05-May-2025 06:48:46 UTC] PHP Fatal error:  Uncaught TypeError: call_user_func_array(): Argument #1 ($callback) must be a valid callback, non-static method MVNO_InstallMvnoSettings::create_mvno_settings_db() cannot be called statically in /wordpress/wp-includes/class-wp-hook.php:324
Stack trace:
#0 /wordpress/wp-includes/class-wp-hook.php(348): WP_Hook->apply_filters('', Array)
#1 /wordpress/wp-includes/plugin.php(517): WP_Hook->do_action(Array)
#2 /wordpress/wp-admin/includes/plugin.php(703): do_action('activate_mvno-s...', false)
#3 /internal/eval.php(20): activate_plugin('mvno-settings/m...')
#4 {main}
  thrown in /wordpress/wp-includes/class-wp-hook.php on line 324
[05-May-2025 06:49:43 UTC] PHP Deprecated:  Required parameter $idNumber follows optional parameter $shelf in /wordpress/wp-content/plugins/my-google-books-library/my-google-books-library.php on line 58
[05-May-2025 06:49:43 UTC] PHP Fatal error:  Uncaught Error: Call to undefined function create_function() in /wordpress/wp-content/plugins/my-google-books-library/my-google-books-library.php:34
Stack trace:
#0 /wordpress/wp-admin/includes/plugin.php(2387): include_once()
#1 /wordpress/wp-admin/includes/plugin.php(673): plugin_sandbox_scrape('my-google-books...')
#2 /internal/eval.php(20): activate_plugin('my-google-books...')
#3 {main}
  thrown in /wordpress/wp-content/plugins/my-google-books-library/my-google-books-library.php on line 34

    at Object.onBind (file:///home/runner/work/playground-tester/playground-tester/node_modules/@wp-playground/cli/index.js:237:15)
    at process.processTicksAndRejections (node:internal/process/task_queues:105:5)
    at async V (file:///home/runner/work/playground-tester/playground-tester/node_modules/@wp-playground/cli/index.js:64:10)
    at async ja (file:///home/runner/work/playground-tester/playground-tester/node_modules/@wp-playground/cli/cli.js:8161:12) {
  [cause]: Error: Error when executing the blueprint step #5 ({"step":"installPlugin","pluginData":{"resource":"wordpress.org/plugins","slug":"my-google-books-library"},"options":{"activate":true}}) : PHP.run() failed with exit code 255 and the following output: 
      at Object.run (file:///home/runner/work/playground-tester/playground-tester/node_modules/@wp-playground/blueprints/index.js:12449:19)
      at process.processTicksAndRejections (node:internal/process/task_queues:105:5)
      at async ms (file:///home/runner/work/playground-tester/playground-tester/node_modules/@wp-playground/blueprints/index.js:12552:3)
      ... 2 lines matching cause stack trace ...
      at async ja (file:///home/runner/work/playground-tester/playground-tester/node_modules/@wp-playground/cli/cli.js:8161:12) {
    [cause]: PHPExecutionFailureError: PHP.run() failed with exit code 255 and the following output: 
        at PHP.run (file:///home/runner/work/playground-tester/playground-tester/node_modules/@php-wasm/universal/index.js:987:19)
        at process.processTicksAndRejections (node:internal/process/task_queues:105:5)
        at async wr (file:///home/runner/work/playground-tester/playground-tester/node_modules/@wp-playground/blueprints/index.js:33:39)
        at async Object.gt [as installPlugin] (file:///home/runner/work/playground-tester/playground-tester/node_modules/@wp-playground/blueprints/index.js:974:42)
        at async g (file:///home/runner/work/playground-tester/playground-tester/node_modules/@wp-playground/blueprints/index.js:12517:30)
        at async Object.run (file:///home/runner/work/playground-tester/playground-tester/node_modules/@wp-playground/blueprints/index.js:12446:23)
        at async ms (file:///home/runner/work/playground-tester/playground-tester/node_modules/@wp-playground/blueprints/index.js:12552:3)
        at async Object.onBind (file:///home/runner/work/playground-tester/playground-tester/node_modules/@wp-playground/cli/index.js:227:48)
        at async V (file:///home/runner/work/playground-tester/playground-tester/node_modules/@wp-playground/cli/index.js:64:10)
        at async ja (file:///home/runner/work/playground-tester/playground-tester/node_modules/@wp-playground/cli/cli.js:8161:12) {
      response: PHPResponse {
        httpStatusCode: 500,
        headers: {
          'x-powered-by': [ 'PHP/8.0.30-dev' ],
          'content-type': [ 'text/html; charset=UTF-8' ]
        },
        bytes: Uint8Array(4) [ 32, 32, 32, 32 ],
        exitCode: 255,
        errors: ''
      },
      source: 'request'
    }
  }
}

Node.js v23.11.0
