file:///home/runner/work/playground-tester/playground-tester/node_modules/@wp-playground/cli/index.js:237
        throw new Error(y, { cause: u });
              ^

Error: [29-Apr-2025 15:51:34 UTC] PHP Fatal error:  Uncaught Error: Call to undefined function create_function() in /wordpress/wp-content/plugins/dynamic-subpages/dynamic-subpages.php:267
Stack trace:
#0 /wordpress/wp-admin/includes/plugin.php(2387): include_once()
#1 /wordpress/wp-admin/includes/plugin.php(673): plugin_sandbox_scrape('dynamic-subpage...')
#2 /internal/eval.php(20): activate_plugin('dynamic-subpage...')
#3 {main}
  thrown in /wordpress/wp-content/plugins/dynamic-subpages/dynamic-subpages.php on line 267
[29-Apr-2025 15:51:41 UTC] PHP Fatal error:  Uncaught Error: Call to undefined function create_function() in /wordpress/wp-content/plugins/dynamic-subpages/dynamic-subpages.php:267
Stack trace:
#0 /wordpress/wp-admin/includes/plugin.php(2387): include_once()
#1 /wordpress/wp-admin/includes/plugin.php(673): plugin_sandbox_scrape('dynamic-subpage...')
#2 /internal/eval.php(20): activate_plugin('dynamic-subpage...')
#3 {main}
  thrown in /wordpress/wp-content/plugins/dynamic-subpages/dynamic-subpages.php on line 267
[29-Apr-2025 15:51:48 UTC] PHP Fatal error:  Uncaught Error: Call to undefined function create_function() in /wordpress/wp-content/plugins/dynamic-subpages/dynamic-subpages.php:267
Stack trace:
#0 /wordpress/wp-admin/includes/plugin.php(2387): include_once()
#1 /wordpress/wp-admin/includes/plugin.php(673): plugin_sandbox_scrape('dynamic-subpage...')
#2 /internal/eval.php(20): activate_plugin('dynamic-subpage...')
#3 {main}
  thrown in /wordpress/wp-content/plugins/dynamic-subpages/dynamic-subpages.php on line 267
[29-Apr-2025 15:52:17 UTC] PHP Fatal error:  Uncaught TypeError: count(): Argument #1 ($value) must be of type Countable|array, bool given in /wordpress/wp-content/plugins/dash-webhotelier-integrator/HalimWebhotelier_Plugin.php:95
Stack trace:
#0 /wordpress/wp-content/plugins/dash-webhotelier-integrator/HalimWebhotelier_LifeCycle.php(11): HalimWebhotelier_Plugin->initOptions()
#1 /wordpress/wp-content/plugins/dash-webhotelier-integrator/halim-webhotelier_init.php(16): HalimWebhotelier_LifeCycle->install()
#2 /wordpress/wp-content/plugins/dash-webhotelier-integrator/halim-webhotelier.php(106): HalimWebhotelier_init('/wordpress/wp-c...')
#3 /wordpress/wp-admin/includes/plugin.php(2387): include_once('/wordpress/wp-c...')
#4 /wordpress/wp-admin/includes/plugin.php(673): plugin_sandbox_scrape('dash-webhotelie...')
#5 /internal/eval.php(20): activate_plugin('dash-webhotelie...')
#6 {main}
  thrown in /wordpress/wp-content/plugins/dash-webhotelier-integrator/HalimWebhotelier_Plugin.php on line 95
[29-Apr-2025 15:52:25 UTC] PHP Fatal error:  Uncaught TypeError: count(): Argument #1 ($value) must be of type Countable|array, bool given in /wordpress/wp-content/plugins/dash-webhotelier-integrator/HalimWebhotelier_Plugin.php:95
Stack trace:
#0 /wordpress/wp-content/plugins/dash-webhotelier-integrator/HalimWebhotelier_LifeCycle.php(11): HalimWebhotelier_Plugin->initOptions()
#1 /wordpress/wp-content/plugins/dash-webhotelier-integrator/halim-webhotelier_init.php(16): HalimWebhotelier_LifeCycle->install()
#2 /wordpress/wp-content/plugins/dash-webhotelier-integrator/halim-webhotelier.php(106): HalimWebhotelier_init('/wordpress/wp-c...')
#3 /wordpress/wp-admin/includes/plugin.php(2387): include_once('/wordpress/wp-c...')
#4 /wordpress/wp-admin/includes/plugin.php(673): plugin_sandbox_scrape('dash-webhotelie...')
#5 /internal/eval.php(20): activate_plugin('dash-webhotelie...')
#6 {main}
  thrown in /wordpress/wp-content/plugins/dash-webhotelier-integrator/HalimWebhotelier_Plugin.php on line 95
[29-Apr-2025 15:52:33 UTC] PHP Fatal error:  Uncaught TypeError: count(): Argument #1 ($value) must be of type Countable|array, bool given in /wordpress/wp-content/plugins/dash-webhotelier-integrator/HalimWebhotelier_Plugin.php:95
Stack trace:
#0 /wordpress/wp-content/plugins/dash-webhotelier-integrator/HalimWebhotelier_LifeCycle.php(11): HalimWebhotelier_Plugin->initOptions()
#1 /wordpress/wp-content/plugins/dash-webhotelier-integrator/halim-webhotelier_init.php(16): HalimWebhotelier_LifeCycle->install()
#2 /wordpress/wp-content/plugins/dash-webhotelier-integrator/halim-webhotelier.php(106): HalimWebhotelier_init('/wordpress/wp-c...')
#3 /wordpress/wp-admin/includes/plugin.php(2387): include_once('/wordpress/wp-c...')
#4 /wordpress/wp-admin/includes/plugin.php(673): plugin_sandbox_scrape('dash-webhotelie...')
#5 /internal/eval.php(20): activate_plugin('dash-webhotelie...')
#6 {main}
  thrown in /wordpress/wp-content/plugins/dash-webhotelier-integrator/HalimWebhotelier_Plugin.php on line 95
[29-Apr-2025 15:53:38 UTC] PHP Warning:  Trying to access array offset on value of type bool in /wordpress/wp-content/plugins/dcm-desktop-content-manager-webservice/main.php on line 45
[29-Apr-2025 15:53:47 UTC] PHP Warning:  Trying to access array offset on value of type bool in /wordpress/wp-content/plugins/dcm-desktop-content-manager-webservice/main.php on line 45
[29-Apr-2025 15:53:55 UTC] PHP Warning:  Trying to access array offset on value of type bool in /wordpress/wp-content/plugins/dcm-desktop-content-manager-webservice/main.php on line 45
[29-Apr-2025 15:54:32 UTC] PHP Warning:  Undefined variable $notice_message in /wordpress/wp-content/plugins/delete-comments/admin/class-gm-delete-comments-admin.php on line 65
[29-Apr-2025 15:54:33 UTC] PHP Warning:  Undefined variable $notice_message in /wordpress/wp-content/plugins/delete-comments/admin/class-gm-delete-comments-admin.php on line 65
[29-Apr-2025 15:54:40 UTC] PHP Warning:  Undefined variable $notice_message in /wordpress/wp-content/plugins/delete-comments/admin/class-gm-delete-comments-admin.php on line 65
[29-Apr-2025 15:54:41 UTC] PHP Warning:  Undefined variable $notice_message in /wordpress/wp-content/plugins/delete-comments/admin/class-gm-delete-comments-admin.php on line 65
[29-Apr-2025 15:54:49 UTC] PHP Warning:  Undefined variable $notice_message in /wordpress/wp-content/plugins/delete-comments/admin/class-gm-delete-comments-admin.php on line 65
[29-Apr-2025 15:54:50 UTC] PHP Warning:  Undefined variable $notice_message in /wordpress/wp-content/plugins/delete-comments/admin/class-gm-delete-comments-admin.php on line 65
[29-Apr-2025 15:55:56 UTC] PHP Deprecated:  Hook setted_transient is <strong>deprecated</strong> since version 6.8.0! Use set_transient instead. in /wordpress/wp-includes/functions.php on line 6121
[29-Apr-2025 15:56:29 UTC] PHP Fatal error:  Uncaught Error: Undefined constant "WPLANG" in /wordpress/wp-content/plugins/digital-publications-ready/config.php:3
Stack trace:
#0 /wordpress/wp-content/plugins/digital-publications-ready/dpr.php(10): require_once()
#1 /wordpress/wp-admin/includes/plugin.php(2387): include_once('/wordpress/wp-c...')
#2 /wordpress/wp-admin/includes/plugin.php(673): plugin_sandbox_scrape('digital-publica...')
#3 /internal/eval.php(20): activate_plugin('digital-publica...')
#4 {main}
  thrown in /wordpress/wp-content/plugins/digital-publications-ready/config.php on line 3

    at Object.onBind (file:///home/runner/work/playground-tester/playground-tester/node_modules/@wp-playground/cli/index.js:237:15)
    at process.processTicksAndRejections (node:internal/process/task_queues:105:5)
    at async V (file:///home/runner/work/playground-tester/playground-tester/node_modules/@wp-playground/cli/index.js:64:10)
    at async ja (file:///home/runner/work/playground-tester/playground-tester/node_modules/@wp-playground/cli/cli.js:8161:12) {
  [cause]: Error: Error when executing the blueprint step #5 ({"step":"installPlugin","pluginData":{"resource":"wordpress.org/plugins","slug":"digital-publications-ready"},"options":{"activate":true}}) : PHP.run() failed with exit code 255 and the following output: 
      at Object.run (file:///home/runner/work/playground-tester/playground-tester/node_modules/@wp-playground/blueprints/index.js:12449:19)
      at process.processTicksAndRejections (node:internal/process/task_queues:105:5)
      at async ms (file:///home/runner/work/playground-tester/playground-tester/node_modules/@wp-playground/blueprints/index.js:12552:3)
      ... 2 lines matching cause stack trace ...
      at async ja (file:///home/runner/work/playground-tester/playground-tester/node_modules/@wp-playground/cli/cli.js:8161:12) {
    [cause]: PHPExecutionFailureError: PHP.run() failed with exit code 255 and the following output: 
        at PHP.run (file:///home/runner/work/playground-tester/playground-tester/node_modules/@php-wasm/universal/index.js:987:19)
        at process.processTicksAndRejections (node:internal/process/task_queues:105:5)
        at async wr (file:///home/runner/work/playground-tester/playground-tester/node_modules/@wp-playground/blueprints/index.js:33:39)
        at async Object.gt [as installPlugin] (file:///home/runner/work/playground-tester/playground-tester/node_modules/@wp-playground/blueprints/index.js:974:42)
        at async g (file:///home/runner/work/playground-tester/playground-tester/node_modules/@wp-playground/blueprints/index.js:12517:30)
        at async Object.run (file:///home/runner/work/playground-tester/playground-tester/node_modules/@wp-playground/blueprints/index.js:12446:23)
        at async ms (file:///home/runner/work/playground-tester/playground-tester/node_modules/@wp-playground/blueprints/index.js:12552:3)
        at async Object.onBind (file:///home/runner/work/playground-tester/playground-tester/node_modules/@wp-playground/cli/index.js:227:48)
        at async V (file:///home/runner/work/playground-tester/playground-tester/node_modules/@wp-playground/cli/index.js:64:10)
        at async ja (file:///home/runner/work/playground-tester/playground-tester/node_modules/@wp-playground/cli/cli.js:8161:12) {
      response: PHPResponse {
        httpStatusCode: 500,
        headers: {
          'x-powered-by': [ 'PHP/8.0.30-dev' ],
          'content-type': [ 'text/html; charset=UTF-8' ]
        },
        bytes: Uint8Array(0) [],
        exitCode: 255,
        errors: ''
      },
      source: 'request'
    }
  }
}

Node.js v23.11.0
