file:///home/runner/work/playground-tester/playground-tester/node_modules/@wp-playground/cli/index.js:237
        throw new Error(y, { cause: u });
              ^

Error: [25-Apr-2025 06:38:11 UTC] PHP Deprecated:  Function register_widget_control is <strong>deprecated</strong> since version 2.8.0! Use wp_register_widget_control() instead. in /wordpress/wp-includes/functions.php on line 6121
[25-Apr-2025 06:38:11 UTC] PHP Deprecated:  Function register_sidebar_widget is <strong>deprecated</strong> since version 2.8.0! Use wp_register_sidebar_widget() instead. in /wordpress/wp-includes/functions.php on line 6121
[25-Apr-2025 06:38:20 UTC] PHP Deprecated:  Function register_widget_control is <strong>deprecated</strong> since version 2.8.0! Use wp_register_widget_control() instead. in /wordpress/wp-includes/functions.php on line 6121
[25-Apr-2025 06:38:20 UTC] PHP Deprecated:  Function register_sidebar_widget is <strong>deprecated</strong> since version 2.8.0! Use wp_register_sidebar_widget() instead. in /wordpress/wp-includes/functions.php on line 6121
[25-Apr-2025 06:38:28 UTC] PHP Deprecated:  Function register_widget_control is <strong>deprecated</strong> since version 2.8.0! Use wp_register_widget_control() instead. in /wordpress/wp-includes/functions.php on line 6121
[25-Apr-2025 06:38:28 UTC] PHP Deprecated:  Function register_sidebar_widget is <strong>deprecated</strong> since version 2.8.0! Use wp_register_sidebar_widget() instead. in /wordpress/wp-includes/functions.php on line 6121
[25-Apr-2025 06:40:05 UTC] PHP Fatal error:  Uncaught Error: Call to undefined function create_function() in /wordpress/wp-content/plugins/phpbb-topics-portal/phpbb_topics_portal.php:192
Stack trace:
#0 /wordpress/wp-admin/includes/plugin.php(2387): include_once()
#1 /wordpress/wp-admin/includes/plugin.php(673): plugin_sandbox_scrape('phpbb-topics-po...')
#2 /internal/eval.php(20): activate_plugin('phpbb-topics-po...')
#3 {main}
  thrown in /wordpress/wp-content/plugins/phpbb-topics-portal/phpbb_topics_portal.php on line 192
[25-Apr-2025 06:40:13 UTC] PHP Fatal error:  Uncaught Error: Call to undefined function create_function() in /wordpress/wp-content/plugins/phpbb-topics-portal/phpbb_topics_portal.php:192
Stack trace:
#0 /wordpress/wp-admin/includes/plugin.php(2387): include_once()
#1 /wordpress/wp-admin/includes/plugin.php(673): plugin_sandbox_scrape('phpbb-topics-po...')
#2 /internal/eval.php(20): activate_plugin('phpbb-topics-po...')
#3 {main}
  thrown in /wordpress/wp-content/plugins/phpbb-topics-portal/phpbb_topics_portal.php on line 192
[25-Apr-2025 06:40:20 UTC] PHP Fatal error:  Uncaught Error: Call to undefined function create_function() in /wordpress/wp-content/plugins/phpbb-topics-portal/phpbb_topics_portal.php:192
Stack trace:
#0 /wordpress/wp-admin/includes/plugin.php(2387): include_once()
#1 /wordpress/wp-admin/includes/plugin.php(673): plugin_sandbox_scrape('phpbb-topics-po...')
#2 /internal/eval.php(20): activate_plugin('phpbb-topics-po...')
#3 {main}
  thrown in /wordpress/wp-content/plugins/phpbb-topics-portal/phpbb_topics_portal.php on line 192
[25-Apr-2025 06:40:29 UTC] PHP Notice:  Function _load_textdomain_just_in_time was called <strong>incorrectly</strong>. Translation loading for the <code>placeholder</code> domain was triggered too early. This is usually an indicator for some code in the plugin or theme running too early. Translations should be loaded at the <code>init</code> action or later. Please see <a href="https://developer.wordpress.org/advanced-administration/debug/debug-wordpress/">Debugging in WordPress</a> for more information. (This message was added in version 6.7.0.) in /wordpress/wp-includes/functions.php on line 6121
[25-Apr-2025 06:40:38 UTC] PHP Notice:  Function _load_textdomain_just_in_time was called <strong>incorrectly</strong>. Translation loading for the <code>placeholder</code> domain was triggered too early. This is usually an indicator for some code in the plugin or theme running too early. Translations should be loaded at the <code>init</code> action or later. Please see <a href="https://developer.wordpress.org/advanced-administration/debug/debug-wordpress/">Debugging in WordPress</a> for more information. (This message was added in version 6.7.0.) in /wordpress/wp-includes/functions.php on line 6121
[25-Apr-2025 06:40:46 UTC] PHP Notice:  Function _load_textdomain_just_in_time was called <strong>incorrectly</strong>. Translation loading for the <code>placeholder</code> domain was triggered too early. This is usually an indicator for some code in the plugin or theme running too early. Translations should be loaded at the <code>init</code> action or later. Please see <a href="https://developer.wordpress.org/advanced-administration/debug/debug-wordpress/">Debugging in WordPress</a> for more information. (This message was added in version 6.7.0.) in /wordpress/wp-includes/functions.php on line 6121
[25-Apr-2025 06:40:56 UTC] PHP Warning:  require_once(/wordpress/wp-content/plugins/product-image-watermark-for-woo/freemius/includes/fs-html-escaping-functions.php): Failed to open stream: No such file or directory in /wordpress/wp-content/plugins/product-image-watermark-for-woo/freemius/require.php on line 16
[25-Apr-2025 06:40:56 UTC] PHP Fatal error:  Uncaught Error: Failed opening required '/wordpress/wp-content/plugins/product-image-watermark-for-woo/freemius/includes/fs-html-escaping-functions.php' (include_path='.:') in /wordpress/wp-content/plugins/product-image-watermark-for-woo/freemius/require.php:16
Stack trace:
#0 /wordpress/wp-content/plugins/product-image-watermark-for-woo/freemius/start.php(576): require_once()
#1 /wordpress/wp-content/plugins/product-image-watermark-for-woo/product-image-watermark-for-woo.php(32): require_once('/wordpress/wp-c...')
#2 /wordpress/wp-content/plugins/product-image-watermark-for-woo/product-image-watermark-for-woo.php(55): wpe_img_wtm_freemius()
#3 /wordpress/wp-admin/includes/plugin.php(2387): include_once('/wordpress/wp-c...')
#4 /wordpress/wp-admin/includes/plugin.php(673): plugin_sandbox_scrape('product-image-w...')
#5 /internal/eval.php(20): activate_plugin('product-image-w...')
#6 {main}
  thrown in /wordpress/wp-content/plugins/product-image-watermark-for-woo/freemius/require.php on line 16
[25-Apr-2025 06:41:03 UTC] PHP Warning:  require_once(/wordpress/wp-content/plugins/product-image-watermark-for-woo/freemius/includes/fs-html-escaping-functions.php): Failed to open stream: No such file or directory in /wordpress/wp-content/plugins/product-image-watermark-for-woo/freemius/require.php on line 16
[25-Apr-2025 06:41:03 UTC] PHP Fatal error:  Uncaught Error: Failed opening required '/wordpress/wp-content/plugins/product-image-watermark-for-woo/freemius/includes/fs-html-escaping-functions.php' (include_path='.:') in /wordpress/wp-content/plugins/product-image-watermark-for-woo/freemius/require.php:16
Stack trace:
#0 /wordpress/wp-content/plugins/product-image-watermark-for-woo/freemius/start.php(576): require_once()
#1 /wordpress/wp-content/plugins/product-image-watermark-for-woo/product-image-watermark-for-woo.php(32): require_once('/wordpress/wp-c...')
#2 /wordpress/wp-content/plugins/product-image-watermark-for-woo/product-image-watermark-for-woo.php(55): wpe_img_wtm_freemius()
#3 /wordpress/wp-admin/includes/plugin.php(2387): include_once('/wordpress/wp-c...')
#4 /wordpress/wp-admin/includes/plugin.php(673): plugin_sandbox_scrape('product-image-w...')
#5 /internal/eval.php(20): activate_plugin('product-image-w...')
#6 {main}
  thrown in /wordpress/wp-content/plugins/product-image-watermark-for-woo/freemius/require.php on line 16
[25-Apr-2025 06:41:11 UTC] PHP Warning:  require_once(/wordpress/wp-content/plugins/product-image-watermark-for-woo/freemius/includes/fs-html-escaping-functions.php): Failed to open stream: No such file or directory in /wordpress/wp-content/plugins/product-image-watermark-for-woo/freemius/require.php on line 16
[25-Apr-2025 06:41:11 UTC] PHP Fatal error:  Uncaught Error: Failed opening required '/wordpress/wp-content/plugins/product-image-watermark-for-woo/freemius/includes/fs-html-escaping-functions.php' (include_path='.:') in /wordpress/wp-content/plugins/product-image-watermark-for-woo/freemius/require.php:16
Stack trace:
#0 /wordpress/wp-content/plugins/product-image-watermark-for-woo/freemius/start.php(576): require_once()
#1 /wordpress/wp-content/plugins/product-image-watermark-for-woo/product-image-watermark-for-woo.php(32): require_once('/wordpress/wp-c...')
#2 /wordpress/wp-content/plugins/product-image-watermark-for-woo/product-image-watermark-for-woo.php(55): wpe_img_wtm_freemius()
#3 /wordpress/wp-admin/includes/plugin.php(2387): include_once('/wordpress/wp-c...')
#4 /wordpress/wp-admin/includes/plugin.php(673): plugin_sandbox_scrape('product-image-w...')
#5 /internal/eval.php(20): activate_plugin('product-image-w...')
#6 {main}
  thrown in /wordpress/wp-content/plugins/product-image-watermark-for-woo/freemius/require.php on line 16
[25-Apr-2025 06:41:20 UTC] PHP Fatal error:  Uncaught TypeError: array_keys(): Argument #1 ($array) must be of type array, null given in /wordpress/wp-admin/includes/plugin.php:2217
Stack trace:
#0 /wordpress/wp-admin/includes/plugin.php(2217): array_keys(NULL)
#1 /wordpress/wp-content/plugins/productive-commerce/includes/common/activate.php(41): user_can_access_admin_page()
#2 /wordpress/wp-content/plugins/productive-commerce/includes/common/activate.php(16): productive_commerce_create_wishlist_landing_page()
#3 /wordpress/wp-includes/class-wp-hook.php(324): productive_commerce_activate(false)
#4 /wordpress/wp-includes/class-wp-hook.php(348): WP_Hook->apply_filters('', Array)
#5 /wordpress/wp-includes/plugin.php(517): WP_Hook->do_action(Array)
#6 /wordpress/wp-admin/includes/plugin.php(703): do_action('activate_produc...', false)
#7 /internal/eval.php(20): activate_plugin('productive-comm...')
#8 {main}
  thrown in /wordpress/wp-admin/includes/plugin.php on line 2217

    at Object.onBind (file:///home/runner/work/playground-tester/playground-tester/node_modules/@wp-playground/cli/index.js:237:15)
    at process.processTicksAndRejections (node:internal/process/task_queues:105:5)
    at async V (file:///home/runner/work/playground-tester/playground-tester/node_modules/@wp-playground/cli/index.js:64:10)
    at async ja (file:///home/runner/work/playground-tester/playground-tester/node_modules/@wp-playground/cli/cli.js:8161:12) {
  [cause]: Error: Error when executing the blueprint step #5 ({"step":"installPlugin","pluginData":{"resource":"wordpress.org/plugins","slug":"productive-commerce"},"options":{"activate":true}}) : PHP.run() failed with exit code 255 and the following output: 
      at Object.run (file:///home/runner/work/playground-tester/playground-tester/node_modules/@wp-playground/blueprints/index.js:12449:19)
      at process.processTicksAndRejections (node:internal/process/task_queues:105:5)
      at async ms (file:///home/runner/work/playground-tester/playground-tester/node_modules/@wp-playground/blueprints/index.js:12552:3)
      ... 2 lines matching cause stack trace ...
      at async ja (file:///home/runner/work/playground-tester/playground-tester/node_modules/@wp-playground/cli/cli.js:8161:12) {
    [cause]: PHPExecutionFailureError: PHP.run() failed with exit code 255 and the following output: 
        at PHP.run (file:///home/runner/work/playground-tester/playground-tester/node_modules/@php-wasm/universal/index.js:987:19)
        at process.processTicksAndRejections (node:internal/process/task_queues:105:5)
        at async wr (file:///home/runner/work/playground-tester/playground-tester/node_modules/@wp-playground/blueprints/index.js:33:39)
        at async Object.gt [as installPlugin] (file:///home/runner/work/playground-tester/playground-tester/node_modules/@wp-playground/blueprints/index.js:974:42)
        at async g (file:///home/runner/work/playground-tester/playground-tester/node_modules/@wp-playground/blueprints/index.js:12517:30)
        at async Object.run (file:///home/runner/work/playground-tester/playground-tester/node_modules/@wp-playground/blueprints/index.js:12446:23)
        at async ms (file:///home/runner/work/playground-tester/playground-tester/node_modules/@wp-playground/blueprints/index.js:12552:3)
        at async Object.onBind (file:///home/runner/work/playground-tester/playground-tester/node_modules/@wp-playground/cli/index.js:227:48)
        at async V (file:///home/runner/work/playground-tester/playground-tester/node_modules/@wp-playground/cli/index.js:64:10)
        at async ja (file:///home/runner/work/playground-tester/playground-tester/node_modules/@wp-playground/cli/cli.js:8161:12) {
      response: PHPResponse {
        httpStatusCode: 500,
        headers: {
          'x-powered-by': [ 'PHP/8.0.30-dev' ],
          'content-type': [ 'text/html; charset=UTF-8' ]
        },
        bytes: Uint8Array(0) [],
        exitCode: 255,
        errors: ''
      },
      source: 'request'
    }
  }
}

Node.js v23.11.0
