file:///home/runner/work/playground-tester/playground-tester/node_modules/@wp-playground/cli/index.js:237
        throw new Error(y, { cause: u });
              ^

Error: [27-Apr-2025 10:29:34 UTC] PHP Fatal error:  Uncaught Error: Call to undefined function wc_rand_hash() in /wordpress/wp-content/plugins/now-in-store-catalog-builder/nowinstore.php:89
Stack trace:
#0 /wordpress/wp-includes/class-wp-hook.php(324): NowInStore_CatalogBuilder->plugin_activate(false)
#1 /wordpress/wp-includes/class-wp-hook.php(348): WP_Hook->apply_filters('', Array)
#2 /wordpress/wp-includes/plugin.php(517): WP_Hook->do_action(Array)
#3 /wordpress/wp-admin/includes/plugin.php(703): do_action('activate_now-in...', false)
#4 /internal/eval.php(20): activate_plugin('now-in-store-ca...')
#5 {main}
  thrown in /wordpress/wp-content/plugins/now-in-store-catalog-builder/nowinstore.php on line 89
[27-Apr-2025 10:29:42 UTC] PHP Fatal error:  Uncaught Error: Call to undefined function wc_rand_hash() in /wordpress/wp-content/plugins/now-in-store-catalog-builder/nowinstore.php:89
Stack trace:
#0 /wordpress/wp-includes/class-wp-hook.php(324): NowInStore_CatalogBuilder->plugin_activate(false)
#1 /wordpress/wp-includes/class-wp-hook.php(348): WP_Hook->apply_filters('', Array)
#2 /wordpress/wp-includes/plugin.php(517): WP_Hook->do_action(Array)
#3 /wordpress/wp-admin/includes/plugin.php(703): do_action('activate_now-in...', false)
#4 /internal/eval.php(20): activate_plugin('now-in-store-ca...')
#5 {main}
  thrown in /wordpress/wp-content/plugins/now-in-store-catalog-builder/nowinstore.php on line 89
[27-Apr-2025 10:29:50 UTC] PHP Fatal error:  Uncaught Error: Call to undefined function wc_rand_hash() in /wordpress/wp-content/plugins/now-in-store-catalog-builder/nowinstore.php:89
Stack trace:
#0 /wordpress/wp-includes/class-wp-hook.php(324): NowInStore_CatalogBuilder->plugin_activate(false)
#1 /wordpress/wp-includes/class-wp-hook.php(348): WP_Hook->apply_filters('', Array)
#2 /wordpress/wp-includes/plugin.php(517): WP_Hook->do_action(Array)
#3 /wordpress/wp-admin/includes/plugin.php(703): do_action('activate_now-in...', false)
#4 /internal/eval.php(20): activate_plugin('now-in-store-ca...')
#5 {main}
  thrown in /wordpress/wp-content/plugins/now-in-store-catalog-builder/nowinstore.php on line 89
[27-Apr-2025 10:29:58 UTC] PHP Warning:  Trying to access array offset on value of type bool in /wordpress/wp-content/plugins/nowthen-photo-display/nowthen.php on line 283
[27-Apr-2025 10:29:59 UTC] PHP Warning:  Trying to access array offset on value of type bool in /wordpress/wp-content/plugins/nowthen-photo-display/nowthen.php on line 283
[27-Apr-2025 10:29:59 UTC] PHP Deprecated:  Function register_sidebar_widget is <strong>deprecated</strong> since version 2.8.0! Use wp_register_sidebar_widget() instead. in /wordpress/wp-includes/functions.php on line 6121
[27-Apr-2025 10:29:59 UTC] PHP Deprecated:  Function register_widget_control is <strong>deprecated</strong> since version 2.8.0! Use wp_register_widget_control() instead. in /wordpress/wp-includes/functions.php on line 6121
[27-Apr-2025 10:30:08 UTC] PHP Warning:  Trying to access array offset on value of type bool in /wordpress/wp-content/plugins/nowthen-photo-display/nowthen.php on line 283
[27-Apr-2025 10:30:09 UTC] PHP Warning:  Trying to access array offset on value of type bool in /wordpress/wp-content/plugins/nowthen-photo-display/nowthen.php on line 283
[27-Apr-2025 10:30:09 UTC] PHP Deprecated:  Function register_sidebar_widget is <strong>deprecated</strong> since version 2.8.0! Use wp_register_sidebar_widget() instead. in /wordpress/wp-includes/functions.php on line 6121
[27-Apr-2025 10:30:09 UTC] PHP Deprecated:  Function register_widget_control is <strong>deprecated</strong> since version 2.8.0! Use wp_register_widget_control() instead. in /wordpress/wp-includes/functions.php on line 6121
[27-Apr-2025 10:30:16 UTC] PHP Warning:  Trying to access array offset on value of type bool in /wordpress/wp-content/plugins/nowthen-photo-display/nowthen.php on line 283
[27-Apr-2025 10:30:17 UTC] PHP Warning:  Trying to access array offset on value of type bool in /wordpress/wp-content/plugins/nowthen-photo-display/nowthen.php on line 283
[27-Apr-2025 10:30:17 UTC] PHP Deprecated:  Function register_sidebar_widget is <strong>deprecated</strong> since version 2.8.0! Use wp_register_sidebar_widget() instead. in /wordpress/wp-includes/functions.php on line 6121
[27-Apr-2025 10:30:17 UTC] PHP Deprecated:  Function register_widget_control is <strong>deprecated</strong> since version 2.8.0! Use wp_register_widget_control() instead. in /wordpress/wp-includes/functions.php on line 6121
[27-Apr-2025 10:31:40 UTC] PHP Fatal error:  Uncaught Error: Call to undefined function create_function() in /wordpress/wp-content/plugins/nelichso-free-live-chat-software/libs/nelichso.class.php:12
Stack trace:
#0 /wordpress/wp-content/plugins/nelichso-free-live-chat-software/libs/nelichso_setup.class.php(8): nelichso->__construct()
#1 /wordpress/wp-content/plugins/nelichso-free-live-chat-software/libs/nelichso_setup.class.php(18): nelichso_admin->__construct()
#2 /wordpress/wp-content/plugins/nelichso-free-live-chat-software/nelichso.php(12): nelichso_admin::get_instance()
#3 /wordpress/wp-admin/includes/plugin.php(2387): include_once('/wordpress/wp-c...')
#4 /wordpress/wp-admin/includes/plugin.php(673): plugin_sandbox_scrape('nelichso-free-l...')
#5 /internal/eval.php(20): activate_plugin('nelichso-free-l...')
#6 {main}
  thrown in /wordpress/wp-content/plugins/nelichso-free-live-chat-software/libs/nelichso.class.php on line 12
[27-Apr-2025 10:31:47 UTC] PHP Fatal error:  Uncaught Error: Call to undefined function create_function() in /wordpress/wp-content/plugins/nelichso-free-live-chat-software/libs/nelichso.class.php:12
Stack trace:
#0 /wordpress/wp-content/plugins/nelichso-free-live-chat-software/libs/nelichso_setup.class.php(8): nelichso->__construct()
#1 /wordpress/wp-content/plugins/nelichso-free-live-chat-software/libs/nelichso_setup.class.php(18): nelichso_admin->__construct()
#2 /wordpress/wp-content/plugins/nelichso-free-live-chat-software/nelichso.php(12): nelichso_admin::get_instance()
#3 /wordpress/wp-admin/includes/plugin.php(2387): include_once('/wordpress/wp-c...')
#4 /wordpress/wp-admin/includes/plugin.php(673): plugin_sandbox_scrape('nelichso-free-l...')
#5 /internal/eval.php(20): activate_plugin('nelichso-free-l...')
#6 {main}
  thrown in /wordpress/wp-content/plugins/nelichso-free-live-chat-software/libs/nelichso.class.php on line 12
[27-Apr-2025 10:31:55 UTC] PHP Fatal error:  Uncaught Error: Call to undefined function create_function() in /wordpress/wp-content/plugins/nelichso-free-live-chat-software/libs/nelichso.class.php:12
Stack trace:
#0 /wordpress/wp-content/plugins/nelichso-free-live-chat-software/libs/nelichso_setup.class.php(8): nelichso->__construct()
#1 /wordpress/wp-content/plugins/nelichso-free-live-chat-software/libs/nelichso_setup.class.php(18): nelichso_admin->__construct()
#2 /wordpress/wp-content/plugins/nelichso-free-live-chat-software/nelichso.php(12): nelichso_admin::get_instance()
#3 /wordpress/wp-admin/includes/plugin.php(2387): include_once('/wordpress/wp-c...')
#4 /wordpress/wp-admin/includes/plugin.php(673): plugin_sandbox_scrape('nelichso-free-l...')
#5 /internal/eval.php(20): activate_plugin('nelichso-free-l...')
#6 {main}
  thrown in /wordpress/wp-content/plugins/nelichso-free-live-chat-software/libs/nelichso.class.php on line 12
[27-Apr-2025 10:33:30 UTC] PHP Deprecated:  Required parameter $wrapper follows optional parameter $type in /wordpress/wp-content/plugins/nugget-by-ingot/vendor/freemius/wordpress-sdk/includes/class-fs-logger.php on line 97
[27-Apr-2025 10:33:32 UTC] PHP Deprecated:  Required parameter $wrapper follows optional parameter $type in /wordpress/wp-content/plugins/nugget-by-ingot/vendor/freemius/wordpress-sdk/includes/class-fs-logger.php on line 97
[27-Apr-2025 10:33:32 UTC] PHP Notice:  Function _load_textdomain_just_in_time was called <strong>incorrectly</strong>. Translation loading for the <code>ingot</code> domain was triggered too early. This is usually an indicator for some code in the plugin or theme running too early. Translations should be loaded at the <code>init</code> action or later. Please see <a href="https://developer.wordpress.org/advanced-administration/debug/debug-wordpress/">Debugging in WordPress</a> for more information. (This message was added in version 6.7.0.) in /wordpress/wp-includes/functions.php on line 6121
[27-Apr-2025 10:33:32 UTC] PHP Deprecated:  Required parameter $action follows optional parameter $license in /wordpress/wp-content/plugins/nugget-by-ingot/vendor/ingot/ingot-core/includes/licensing.php on line 186
[27-Apr-2025 10:33:42 UTC] PHP Deprecated:  Required parameter $wrapper follows optional parameter $type in /wordpress/wp-content/plugins/nugget-by-ingot/vendor/freemius/wordpress-sdk/includes/class-fs-logger.php on line 97
[27-Apr-2025 10:33:43 UTC] PHP Deprecated:  Required parameter $wrapper follows optional parameter $type in /wordpress/wp-content/plugins/nugget-by-ingot/vendor/freemius/wordpress-sdk/includes/class-fs-logger.php on line 97
[27-Apr-2025 10:33:44 UTC] PHP Notice:  Function _load_textdomain_just_in_time was called <strong>incorrectly</strong>. Translation loading for the <code>ingot</code> domain was triggered too early. This is usually an indicator for some code in the plugin or theme running too early. Translations should be loaded at the <code>init</code> action or later. Please see <a href="https://developer.wordpress.org/advanced-administration/debug/debug-wordpress/">Debugging in WordPress</a> for more information. (This message was added in version 6.7.0.) in /wordpress/wp-includes/functions.php on line 6121
[27-Apr-2025 10:33:44 UTC] PHP Deprecated:  Required parameter $action follows optional parameter $license in /wordpress/wp-content/plugins/nugget-by-ingot/vendor/ingot/ingot-core/includes/licensing.php on line 186
[27-Apr-2025 10:33:53 UTC] PHP Deprecated:  Required parameter $wrapper follows optional parameter $type in /wordpress/wp-content/plugins/nugget-by-ingot/vendor/freemius/wordpress-sdk/includes/class-fs-logger.php on line 97
[27-Apr-2025 10:33:55 UTC] PHP Deprecated:  Required parameter $wrapper follows optional parameter $type in /wordpress/wp-content/plugins/nugget-by-ingot/vendor/freemius/wordpress-sdk/includes/class-fs-logger.php on line 97
[27-Apr-2025 10:33:55 UTC] PHP Notice:  Function _load_textdomain_just_in_time was called <strong>incorrectly</strong>. Translation loading for the <code>ingot</code> domain was triggered too early. This is usually an indicator for some code in the plugin or theme running too early. Translations should be loaded at the <code>init</code> action or later. Please see <a href="https://developer.wordpress.org/advanced-administration/debug/debug-wordpress/">Debugging in WordPress</a> for more information. (This message was added in version 6.7.0.) in /wordpress/wp-includes/functions.php on line 6121
[27-Apr-2025 10:33:55 UTC] PHP Deprecated:  Required parameter $action follows optional parameter $license in /wordpress/wp-content/plugins/nugget-by-ingot/vendor/ingot/ingot-core/includes/licensing.php on line 186
[27-Apr-2025 10:34:05 UTC] PHP Notice:  Function _load_textdomain_just_in_time was called <strong>incorrectly</strong>. Translation loading for the <code>nutrition-info-woocommerce</code> domain was triggered too early. This is usually an indicator for some code in the plugin or theme running too early. Translations should be loaded at the <code>init</code> action or later. Please see <a href="https://developer.wordpress.org/advanced-administration/debug/debug-wordpress/">Debugging in WordPress</a> for more information. (This message was added in version 6.7.0.) in /wordpress/wp-includes/functions.php on line 6121
[27-Apr-2025 10:34:13 UTC] PHP Notice:  Function _load_textdomain_just_in_time was called <strong>incorrectly</strong>. Translation loading for the <code>nutrition-info-woocommerce</code> domain was triggered too early. This is usually an indicator for some code in the plugin or theme running too early. Translations should be loaded at the <code>init</code> action or later. Please see <a href="https://developer.wordpress.org/advanced-administration/debug/debug-wordpress/">Debugging in WordPress</a> for more information. (This message was added in version 6.7.0.) in /wordpress/wp-includes/functions.php on line 6121
[27-Apr-2025 10:34:21 UTC] PHP Notice:  Function _load_textdomain_just_in_time was called <strong>incorrectly</strong>. Translation loading for the <code>nutrition-info-woocommerce</code> domain was triggered too early. This is usually an indicator for some code in the plugin or theme running too early. Translations should be loaded at the <code>init</code> action or later. Please see <a href="https://developer.wordpress.org/advanced-administration/debug/debug-wordpress/">Debugging in WordPress</a> for more information. (This message was added in version 6.7.0.) in /wordpress/wp-includes/functions.php on line 6121
[27-Apr-2025 10:34:30 UTC] PHP Fatal error:  Uncaught Error: Non-static method NW_Company_Profile::activation_common() cannot be called statically in /wordpress/wp-content/plugins/nw-company-profile/nw-company-profile.php:403
Stack trace:
#0 /wordpress/wp-includes/class-wp-hook.php(324): NW_Company_Profile::myplugin_activation(false)
#1 /wordpress/wp-includes/class-wp-hook.php(348): WP_Hook->apply_filters('', Array)
#2 /wordpress/wp-includes/plugin.php(517): WP_Hook->do_action(Array)
#3 /wordpress/wp-admin/includes/plugin.php(703): do_action('activate_nw-com...', false)
#4 /internal/eval.php(20): activate_plugin('nw-company-prof...')
#5 {main}
  thrown in /wordpress/wp-content/plugins/nw-company-profile/nw-company-profile.php on line 403
[27-Apr-2025 10:34:37 UTC] PHP Fatal error:  Uncaught Error: Non-static method NW_Company_Profile::activation_common() cannot be called statically in /wordpress/wp-content/plugins/nw-company-profile/nw-company-profile.php:403
Stack trace:
#0 /wordpress/wp-includes/class-wp-hook.php(324): NW_Company_Profile::myplugin_activation(false)
#1 /wordpress/wp-includes/class-wp-hook.php(348): WP_Hook->apply_filters('', Array)
#2 /wordpress/wp-includes/plugin.php(517): WP_Hook->do_action(Array)
#3 /wordpress/wp-admin/includes/plugin.php(703): do_action('activate_nw-com...', false)
#4 /internal/eval.php(20): activate_plugin('nw-company-prof...')
#5 {main}
  thrown in /wordpress/wp-content/plugins/nw-company-profile/nw-company-profile.php on line 403
[27-Apr-2025 10:34:45 UTC] PHP Fatal error:  Uncaught Error: Non-static method NW_Company_Profile::activation_common() cannot be called statically in /wordpress/wp-content/plugins/nw-company-profile/nw-company-profile.php:403
Stack trace:
#0 /wordpress/wp-includes/class-wp-hook.php(324): NW_Company_Profile::myplugin_activation(false)
#1 /wordpress/wp-includes/class-wp-hook.php(348): WP_Hook->apply_filters('', Array)
#2 /wordpress/wp-includes/plugin.php(517): WP_Hook->do_action(Array)
#3 /wordpress/wp-admin/includes/plugin.php(703): do_action('activate_nw-com...', false)
#4 /internal/eval.php(20): activate_plugin('nw-company-prof...')
#5 {main}
  thrown in /wordpress/wp-content/plugins/nw-company-profile/nw-company-profile.php on line 403
[27-Apr-2025 10:36:43 UTC] PHP Fatal error:  Array and string offset access syntax with curly braces is no longer supported in /wordpress/wp-content/plugins/netflix-buttons/simpleOAuth.php on line 99
[27-Apr-2025 10:36:50 UTC] PHP Fatal error:  Array and string offset access syntax with curly braces is no longer supported in /wordpress/wp-content/plugins/netflix-buttons/simpleOAuth.php on line 99
[27-Apr-2025 10:36:58 UTC] PHP Fatal error:  Array and string offset access syntax with curly braces is no longer supported in /wordpress/wp-content/plugins/netflix-buttons/simpleOAuth.php on line 99
[27-Apr-2025 10:37:07 UTC] WordPress database error <div style="clear:both">&nbsp;</div>
<div class="queries" style="clear:both;margin-bottom:2px;border:red dotted thin;">
<p>MySQL query:</p>
<p>SHOW TABLES LIKE wp_nlaviator1</p>
<p>Queries made or created this session were:</p>
<ol>
</ol>
</div>
<div style="clear:both;margin-bottom:2px;border:red dotted thin;" class="error_message" style="border-bottom:dotted blue thin;">
Failed to parse the MySQL query.
</div>
<p>Backtrace:</p>
<pre>#0 /internal/shared/sqlite-database-integration/wp-includes/sqlite-ast/class-wp-sqlite-driver.php(690): WP_SQLite_Driver->new_driver_exception('Failed to parse...', 0, Object(WP_SQLite_Driver_Exception))
#1 /internal/shared/sqlite-database-integration/wp-includes/sqlite/class-wp-sqlite-db.php(472): WP_SQLite_Driver->query('SHOW TABLES LIK...')
#2 /internal/shared/sqlite-database-integration/wp-includes/sqlite/class-wp-sqlite-db.php(413): WP_SQLite_DB->_do_query('SHOW TABLES LIK...')
#3 /wordpress/wp-includes/class-wpdb.php(3031): WP_SQLite_DB->query('SHOW TABLES LIK...')
#4 /wordpress/wp-content/plugins/netleader-aviator/netleader-aviator.php(847): wpdb->get_var('SHOW TABLES LIK...')
#5 /wordpress/wp-includes/class-wp-hook.php(324): nlav_activate(false)
#6 /wordpress/wp-includes/class-wp-hook.php(348): WP_Hook->apply_filters('', Array)
#7 /wordpress/wp-includes/plugin.php(517): WP_Hook->do_action(Array)
#8 /wordpress/wp-admin/includes/plugin.php(703): do_action('activate_netlea...', false)
#9 /internal/eval.php(20): activate_plugin('netleader-aviat...')
#10 {main}</pre>
 for query SHOW TABLES LIKE wp_nlaviator1 made by activate_plugin, do_action('activate_netleader-aviator/netleader-aviator.php'), WP_Hook->do_action, WP_Hook->apply_filters, nlav_activate, WP_SQLite_DB->query, WP_SQLite_DB->print_error
[27-Apr-2025 10:37:08 UTC] PHP Warning:  Undefined array key "ID" in /internal/shared/sqlite-database-integration/wp-includes/sqlite-ast/class-wp-sqlite-information-schema-builder.php on line 941
[27-Apr-2025 10:37:08 UTC] PHP Warning:  Trying to access array offset on value of type null in /internal/shared/sqlite-database-integration/wp-includes/sqlite-ast/class-wp-sqlite-information-schema-builder.php on line 941
[27-Apr-2025 10:37:17 UTC] WordPress database error <div style="clear:both">&nbsp;</div>
<div class="queries" style="clear:both;margin-bottom:2px;border:red dotted thin;">
<p>MySQL query:</p>
<p>CREATE TABLE wp_nlaviator1 (
      id INTEGER(10) UNSIGNED AUTO_INCREMENT,
      type VARCHAR(255),
      dbversion VARCHAR(255),
      description VARCHAR(255),
      nlavjson TEXT,
      PRIMARY KEY  (ID)
      ) DEFAULT CHARACTER SET utf8mb4</p>
<p>Queries made or created this session were:</p>
<ol>
<li>Executing: BEGIN | (no parameters)</li>
<li>Executing: ROLLBACK | (no parameters)</li>
</ol>
</div>
<div style="clear:both;margin-bottom:2px;border:red dotted thin;" class="error_message" style="border-bottom:dotted blue thin;">
Error occurred at line 4117 in Function <code>handle_error</code>. Error message was: Cannot combine AUTOINCREMENT and multiple primary keys in SQLite.
</div>
<p>Backtrace:</p>
<pre>#0 /internal/shared/sqlite-database-integration/wp-includes/sqlite/class-wp-sqlite-db.php(287): WP_SQLite_Translator->get_error_message()
#1 /wordpress/wp-admin/includes/upgrade.php(3280): WP_SQLite_DB->query('CREATE TABLE wp...')
#2 /wordpress/wp-content/plugins/netleader-aviator/netleader-aviator.php(858): dbDelta(Array)
#3 /wordpress/wp-includes/class-wp-hook.php(324): nlav_activate(false)
#4 /wordpress/wp-includes/class-wp-hook.php(348): WP_Hook->apply_filters('', Array)
#5 /wordpress/wp-includes/plugin.php(517): WP_Hook->do_action(Array)
#6 /wordpress/wp-admin/includes/plugin.php(703): do_action('activate_netlea...', false)
#7 /internal/eval.php(20): activate_plugin('netleader-aviat...')
#8 {main}</pre>
 for query CREATE TABLE wp_nlaviator1 (
      id INTEGER(10) UNSIGNED AUTO_INCREMENT,
      type VARCHAR(255),
      dbversion VARCHAR(255),
      description VARCHAR(255),
      nlavjson TEXT,
      PRIMARY KEY  (ID)
      ) DEFAULT CHARACTER SET utf8mb4 made by activate_plugin, do_action('activate_netleader-aviator/netleader-aviator.php'), WP_Hook->do_action, WP_Hook->apply_filters, nlav_activate, dbDelta, WP_SQLite_DB->query, WP_SQLite_DB->print_error
[27-Apr-2025 10:37:26 UTC] WordPress database error <div style="clear:both">&nbsp;</div>
<div class="queries" style="clear:both;margin-bottom:2px;border:red dotted thin;">
<p>MySQL query:</p>
<p>CREATE TABLE wp_nlaviator1 (
      id INTEGER(10) UNSIGNED AUTO_INCREMENT,
      type VARCHAR(255),
      dbversion VARCHAR(255),
      description VARCHAR(255),
      nlavjson TEXT,
      PRIMARY KEY  (ID)
      ) DEFAULT CHARACTER SET utf8mb4</p>
<p>Queries made or created this session were:</p>
<ol>
<li>Executing: BEGIN | (no parameters)</li>
<li>Executing: ROLLBACK | (no parameters)</li>
</ol>
</div>
<div style="clear:both;margin-bottom:2px;border:red dotted thin;" class="error_message" style="border-bottom:dotted blue thin;">
Error occurred at line 4117 in Function <code>handle_error</code>. Error message was: Cannot combine AUTOINCREMENT and multiple primary keys in SQLite.
</div>
<p>Backtrace:</p>
<pre>#0 /internal/shared/sqlite-database-integration/wp-includes/sqlite/class-wp-sqlite-db.php(287): WP_SQLite_Translator->get_error_message()
#1 /wordpress/wp-admin/includes/upgrade.php(3280): WP_SQLite_DB->query('CREATE TABLE wp...')
#2 /wordpress/wp-content/plugins/netleader-aviator/netleader-aviator.php(858): dbDelta(Array)
#3 /wordpress/wp-includes/class-wp-hook.php(324): nlav_activate(false)
#4 /wordpress/wp-includes/class-wp-hook.php(348): WP_Hook->apply_filters('', Array)
#5 /wordpress/wp-includes/plugin.php(517): WP_Hook->do_action(Array)
#6 /wordpress/wp-admin/includes/plugin.php(703): do_action('activate_netlea...', false)
#7 /internal/eval.php(20): activate_plugin('netleader-aviat...')
#8 {main}</pre>
 for query CREATE TABLE wp_nlaviator1 (
      id INTEGER(10) UNSIGNED AUTO_INCREMENT,
      type VARCHAR(255),
      dbversion VARCHAR(255),
      description VARCHAR(255),
      nlavjson TEXT,
      PRIMARY KEY  (ID)
      ) DEFAULT CHARACTER SET utf8mb4 made by activate_plugin, do_action('activate_netleader-aviator/netleader-aviator.php'), WP_Hook->do_action, WP_Hook->apply_filters, nlav_activate, dbDelta, WP_SQLite_DB->query, WP_SQLite_DB->print_error

    at Object.onBind (file:///home/runner/work/playground-tester/playground-tester/node_modules/@wp-playground/cli/index.js:237:15)
    at process.processTicksAndRejections (node:internal/process/task_queues:105:5)
    at async V (file:///home/runner/work/playground-tester/playground-tester/node_modules/@wp-playground/cli/index.js:64:10)
    at async ja (file:///home/runner/work/playground-tester/playground-tester/node_modules/@wp-playground/cli/cli.js:8161:12) {
  [cause]: Error: Error when executing the blueprint step #5 ({"step":"installPlugin","pluginData":{"resource":"wordpress.org/plugins","slug":"nextend-facebook-connect"},"options":{"activate":true}}) : Plugin /wordpress/wp-content/plugins/nextend-facebook-connect could not be activated – WordPress exited with no error. Sometimes, when $_SERVER or site options are not configured correctly, WordPress exits early with a 301 redirect. Inspect the "debug" logs in the console for more details.
      at Object.run (file:///home/runner/work/playground-tester/playground-tester/node_modules/@wp-playground/blueprints/index.js:12449:19)
      at process.processTicksAndRejections (node:internal/process/task_queues:105:5)
      at async ms (file:///home/runner/work/playground-tester/playground-tester/node_modules/@wp-playground/blueprints/index.js:12552:3)
      ... 2 lines matching cause stack trace ...
      at async ja (file:///home/runner/work/playground-tester/playground-tester/node_modules/@wp-playground/cli/cli.js:8161:12) {
    [cause]: Error: Plugin /wordpress/wp-content/plugins/nextend-facebook-connect could not be activated – WordPress exited with no error. Sometimes, when $_SERVER or site options are not configured correctly, WordPress exits early with a 301 redirect. Inspect the "debug" logs in the console for more details.
        at wr (file:///home/runner/work/playground-tester/playground-tester/node_modules/@wp-playground/blueprints/index.js:119:51)
        at process.processTicksAndRejections (node:internal/process/task_queues:105:5)
        at async Object.gt [as installPlugin] (file:///home/runner/work/playground-tester/playground-tester/node_modules/@wp-playground/blueprints/index.js:974:42)
        at async g (file:///home/runner/work/playground-tester/playground-tester/node_modules/@wp-playground/blueprints/index.js:12517:30)
        at async Object.run (file:///home/runner/work/playground-tester/playground-tester/node_modules/@wp-playground/blueprints/index.js:12446:23)
        at async ms (file:///home/runner/work/playground-tester/playground-tester/node_modules/@wp-playground/blueprints/index.js:12552:3)
        at async Object.onBind (file:///home/runner/work/playground-tester/playground-tester/node_modules/@wp-playground/cli/index.js:227:48)
        at async V (file:///home/runner/work/playground-tester/playground-tester/node_modules/@wp-playground/cli/index.js:64:10)
        at async ja (file:///home/runner/work/playground-tester/playground-tester/node_modules/@wp-playground/cli/cli.js:8161:12)
  }
}

Node.js v23.11.0
