file:///home/runner/work/playground-tester/playground-tester/node_modules/@wp-playground/cli/run-cli-j-geJYS3.js:325
        throw new Error($, { cause: h });
              ^

Error: [03-Jul-2025 03:28:30 UTC] PHP Deprecated:  Function get_bloginfo was called with an argument that is <strong>deprecated</strong> since version 2.2.0! The <code>siteurl</code> option is deprecated for the family of <code>bloginfo()</code> functions. Use the <code>url</code> option instead. in /wordpress/wp-includes/functions.php on line 6121
[03-Jul-2025 03:28:31 UTC] PHP Deprecated:  Function get_bloginfo was called with an argument that is <strong>deprecated</strong> since version 2.2.0! The <code>siteurl</code> option is deprecated for the family of <code>bloginfo()</code> functions. Use the <code>url</code> option instead. in /wordpress/wp-includes/functions.php on line 6121
[03-Jul-2025 03:28:40 UTC] PHP Deprecated:  Function get_bloginfo was called with an argument that is <strong>deprecated</strong> since version 2.2.0! The <code>siteurl</code> option is deprecated for the family of <code>bloginfo()</code> functions. Use the <code>url</code> option instead. in /wordpress/wp-includes/functions.php on line 6121
[03-Jul-2025 03:28:42 UTC] PHP Deprecated:  Function get_bloginfo was called with an argument that is <strong>deprecated</strong> since version 2.2.0! The <code>siteurl</code> option is deprecated for the family of <code>bloginfo()</code> functions. Use the <code>url</code> option instead. in /wordpress/wp-includes/functions.php on line 6121
[03-Jul-2025 03:28:50 UTC] PHP Deprecated:  Function get_bloginfo was called with an argument that is <strong>deprecated</strong> since version 2.2.0! The <code>siteurl</code> option is deprecated for the family of <code>bloginfo()</code> functions. Use the <code>url</code> option instead. in /wordpress/wp-includes/functions.php on line 6121
[03-Jul-2025 03:28:51 UTC] PHP Deprecated:  Function get_bloginfo was called with an argument that is <strong>deprecated</strong> since version 2.2.0! The <code>siteurl</code> option is deprecated for the family of <code>bloginfo()</code> functions. Use the <code>url</code> option instead. in /wordpress/wp-includes/functions.php on line 6121
[03-Jul-2025 03:29:01 UTC] PHP Deprecated:  Required parameter $error follows optional parameter $commentdata in /wordpress/wp-content/plugins/wp-spamshield/wp-spamshield.php on line 4658
[03-Jul-2025 03:29:01 UTC] PHP Warning:  Trying to access array offset on value of type bool in /wordpress/wp-content/plugins/wp-spamshield/wp-spamshield.php on line 8255
[03-Jul-2025 03:29:01 UTC] PHP Warning:  Undefined array key "REMOTE_ADDR" in /wordpress/wp-content/plugins/wp-spamshield/wp-spamshield.php on line 7597
[03-Jul-2025 03:29:04 UTC] PHP Deprecated:  Required parameter $error follows optional parameter $commentdata in /wordpress/wp-content/plugins/wp-spamshield/wp-spamshield.php on line 4658
[03-Jul-2025 03:29:04 UTC] PHP Notice:  Function _load_textdomain_just_in_time was called <strong>incorrectly</strong>. Translation loading for the <code>wp-spamshield</code> domain was triggered too early. This is usually an indicator for some code in the plugin or theme running too early. Translations should be loaded at the <code>init</code> action or later. Please see <a href="https://developer.wordpress.org/advanced-administration/debug/debug-wordpress/">Debugging in WordPress</a> for more information. (This message was added in version 6.7.0.) in /wordpress/wp-includes/functions.php on line 6121
[03-Jul-2025 03:29:04 UTC] PHP Warning:  Undefined array key "REMOTE_ADDR" in /wordpress/wp-content/plugins/wp-spamshield/wp-spamshield.php on line 7597
[03-Jul-2025 03:29:13 UTC] PHP Deprecated:  Required parameter $error follows optional parameter $commentdata in /wordpress/wp-content/plugins/wp-spamshield/wp-spamshield.php on line 4658
[03-Jul-2025 03:29:13 UTC] PHP Warning:  Trying to access array offset on value of type bool in /wordpress/wp-content/plugins/wp-spamshield/wp-spamshield.php on line 8255
[03-Jul-2025 03:29:14 UTC] PHP Warning:  Undefined array key "REMOTE_ADDR" in /wordpress/wp-content/plugins/wp-spamshield/wp-spamshield.php on line 7597
[03-Jul-2025 03:29:16 UTC] PHP Deprecated:  Required parameter $error follows optional parameter $commentdata in /wordpress/wp-content/plugins/wp-spamshield/wp-spamshield.php on line 4658
[03-Jul-2025 03:29:16 UTC] PHP Notice:  Function _load_textdomain_just_in_time was called <strong>incorrectly</strong>. Translation loading for the <code>wp-spamshield</code> domain was triggered too early. This is usually an indicator for some code in the plugin or theme running too early. Translations should be loaded at the <code>init</code> action or later. Please see <a href="https://developer.wordpress.org/advanced-administration/debug/debug-wordpress/">Debugging in WordPress</a> for more information. (This message was added in version 6.7.0.) in /wordpress/wp-includes/functions.php on line 6121
[03-Jul-2025 03:29:16 UTC] PHP Warning:  Undefined array key "REMOTE_ADDR" in /wordpress/wp-content/plugins/wp-spamshield/wp-spamshield.php on line 7597
[03-Jul-2025 03:29:25 UTC] PHP Deprecated:  Required parameter $error follows optional parameter $commentdata in /wordpress/wp-content/plugins/wp-spamshield/wp-spamshield.php on line 4658
[03-Jul-2025 03:29:25 UTC] PHP Warning:  Trying to access array offset on value of type bool in /wordpress/wp-content/plugins/wp-spamshield/wp-spamshield.php on line 8255
[03-Jul-2025 03:29:25 UTC] PHP Warning:  Undefined array key "REMOTE_ADDR" in /wordpress/wp-content/plugins/wp-spamshield/wp-spamshield.php on line 7597
[03-Jul-2025 03:29:28 UTC] PHP Deprecated:  Required parameter $error follows optional parameter $commentdata in /wordpress/wp-content/plugins/wp-spamshield/wp-spamshield.php on line 4658
[03-Jul-2025 03:29:28 UTC] PHP Notice:  Function _load_textdomain_just_in_time was called <strong>incorrectly</strong>. Translation loading for the <code>wp-spamshield</code> domain was triggered too early. This is usually an indicator for some code in the plugin or theme running too early. Translations should be loaded at the <code>init</code> action or later. Please see <a href="https://developer.wordpress.org/advanced-administration/debug/debug-wordpress/">Debugging in WordPress</a> for more information. (This message was added in version 6.7.0.) in /wordpress/wp-includes/functions.php on line 6121
[03-Jul-2025 03:29:28 UTC] PHP Warning:  Undefined array key "REMOTE_ADDR" in /wordpress/wp-content/plugins/wp-spamshield/wp-spamshield.php on line 7597
[03-Jul-2025 03:30:00 UTC] PHP Deprecated:  Function load_plugin_textdomain was called with an argument that is <strong>deprecated</strong> since version 2.7.0 with no alternative available. in /wordpress/wp-includes/functions.php on line 6121
[03-Jul-2025 03:30:01 UTC] PHP Deprecated:  Function load_plugin_textdomain was called with an argument that is <strong>deprecated</strong> since version 2.7.0 with no alternative available. in /wordpress/wp-includes/functions.php on line 6121
[03-Jul-2025 03:30:10 UTC] PHP Deprecated:  Function load_plugin_textdomain was called with an argument that is <strong>deprecated</strong> since version 2.7.0 with no alternative available. in /wordpress/wp-includes/functions.php on line 6121
[03-Jul-2025 03:30:11 UTC] PHP Deprecated:  Function load_plugin_textdomain was called with an argument that is <strong>deprecated</strong> since version 2.7.0 with no alternative available. in /wordpress/wp-includes/functions.php on line 6121
[03-Jul-2025 03:30:20 UTC] PHP Deprecated:  Function load_plugin_textdomain was called with an argument that is <strong>deprecated</strong> since version 2.7.0 with no alternative available. in /wordpress/wp-includes/functions.php on line 6121
[03-Jul-2025 03:30:21 UTC] PHP Deprecated:  Function load_plugin_textdomain was called with an argument that is <strong>deprecated</strong> since version 2.7.0 with no alternative available. in /wordpress/wp-includes/functions.php on line 6121
[03-Jul-2025 03:33:26 UTC] PHP Deprecated:  Required parameter $settings follows optional parameter $stubs_only in /wordpress/wp-content/plugins/website-importer/public/HTMLImportPlugin.php on line 439
[03-Jul-2025 03:33:26 UTC] PHP Deprecated:  Required parameter $html_post_lookup follows optional parameter $stubs_only in /wordpress/wp-content/plugins/website-importer/public/HTMLImportPlugin.php on line 469
[03-Jul-2025 03:33:26 UTC] PHP Deprecated:  Required parameter $media_lookup follows optional parameter $stubs_only in /wordpress/wp-content/plugins/website-importer/public/HTMLImportPlugin.php on line 469
[03-Jul-2025 03:33:26 UTC] PHP Deprecated:  Required parameter $settings follows optional parameter $stubs_only in /wordpress/wp-content/plugins/website-importer/public/HTMLImportPlugin.php on line 469
[03-Jul-2025 03:33:28 UTC] PHP Deprecated:  Required parameter $settings follows optional parameter $stubs_only in /wordpress/wp-content/plugins/website-importer/public/HTMLImportPlugin.php on line 439
[03-Jul-2025 03:33:28 UTC] PHP Deprecated:  Required parameter $html_post_lookup follows optional parameter $stubs_only in /wordpress/wp-content/plugins/website-importer/public/HTMLImportPlugin.php on line 469
[03-Jul-2025 03:33:28 UTC] PHP Deprecated:  Required parameter $media_lookup follows optional parameter $stubs_only in /wordpress/wp-content/plugins/website-importer/public/HTMLImportPlugin.php on line 469
[03-Jul-2025 03:33:28 UTC] PHP Deprecated:  Required parameter $settings follows optional parameter $stubs_only in /wordpress/wp-content/plugins/website-importer/public/HTMLImportPlugin.php on line 469
[03-Jul-2025 03:33:37 UTC] PHP Deprecated:  Required parameter $settings follows optional parameter $stubs_only in /wordpress/wp-content/plugins/website-importer/public/HTMLImportPlugin.php on line 439
[03-Jul-2025 03:33:37 UTC] PHP Deprecated:  Required parameter $html_post_lookup follows optional parameter $stubs_only in /wordpress/wp-content/plugins/website-importer/public/HTMLImportPlugin.php on line 469
[03-Jul-2025 03:33:37 UTC] PHP Deprecated:  Required parameter $media_lookup follows optional parameter $stubs_only in /wordpress/wp-content/plugins/website-importer/public/HTMLImportPlugin.php on line 469
[03-Jul-2025 03:33:37 UTC] PHP Deprecated:  Required parameter $settings follows optional parameter $stubs_only in /wordpress/wp-content/plugins/website-importer/public/HTMLImportPlugin.php on line 469
[03-Jul-2025 03:33:38 UTC] PHP Deprecated:  Required parameter $settings follows optional parameter $stubs_only in /wordpress/wp-content/plugins/website-importer/public/HTMLImportPlugin.php on line 439
[03-Jul-2025 03:33:38 UTC] PHP Deprecated:  Required parameter $html_post_lookup follows optional parameter $stubs_only in /wordpress/wp-content/plugins/website-importer/public/HTMLImportPlugin.php on line 469
[03-Jul-2025 03:33:38 UTC] PHP Deprecated:  Required parameter $media_lookup follows optional parameter $stubs_only in /wordpress/wp-content/plugins/website-importer/public/HTMLImportPlugin.php on line 469
[03-Jul-2025 03:33:38 UTC] PHP Deprecated:  Required parameter $settings follows optional parameter $stubs_only in /wordpress/wp-content/plugins/website-importer/public/HTMLImportPlugin.php on line 469
[03-Jul-2025 03:33:46 UTC] PHP Deprecated:  Required parameter $settings follows optional parameter $stubs_only in /wordpress/wp-content/plugins/website-importer/public/HTMLImportPlugin.php on line 439
[03-Jul-2025 03:33:46 UTC] PHP Deprecated:  Required parameter $html_post_lookup follows optional parameter $stubs_only in /wordpress/wp-content/plugins/website-importer/public/HTMLImportPlugin.php on line 469
[03-Jul-2025 03:33:46 UTC] PHP Deprecated:  Required parameter $media_lookup follows optional parameter $stubs_only in /wordpress/wp-content/plugins/website-importer/public/HTMLImportPlugin.php on line 469
[03-Jul-2025 03:33:46 UTC] PHP Deprecated:  Required parameter $settings follows optional parameter $stubs_only in /wordpress/wp-content/plugins/website-importer/public/HTMLImportPlugin.php on line 469
[03-Jul-2025 03:33:47 UTC] PHP Deprecated:  Required parameter $settings follows optional parameter $stubs_only in /wordpress/wp-content/plugins/website-importer/public/HTMLImportPlugin.php on line 439
[03-Jul-2025 03:33:47 UTC] PHP Deprecated:  Required parameter $html_post_lookup follows optional parameter $stubs_only in /wordpress/wp-content/plugins/website-importer/public/HTMLImportPlugin.php on line 469
[03-Jul-2025 03:33:47 UTC] PHP Deprecated:  Required parameter $media_lookup follows optional parameter $stubs_only in /wordpress/wp-content/plugins/website-importer/public/HTMLImportPlugin.php on line 469
[03-Jul-2025 03:33:47 UTC] PHP Deprecated:  Required parameter $settings follows optional parameter $stubs_only in /wordpress/wp-content/plugins/website-importer/public/HTMLImportPlugin.php on line 469
[03-Jul-2025 03:33:58 UTC] PHP Fatal error:  Array and string offset access syntax with curly braces is no longer supported in /wordpress/wp-content/plugins/wp-bugbot/wp-bugbot.php on line 1043
[03-Jul-2025 03:34:07 UTC] PHP Fatal error:  Array and string offset access syntax with curly braces is no longer supported in /wordpress/wp-content/plugins/wp-bugbot/wp-bugbot.php on line 1043
[03-Jul-2025 03:34:15 UTC] PHP Fatal error:  Array and string offset access syntax with curly braces is no longer supported in /wordpress/wp-content/plugins/wp-bugbot/wp-bugbot.php on line 1043
[03-Jul-2025 03:35:25 UTC] PHP Fatal error:  Array and string offset access syntax with curly braces is no longer supported in /wordpress/wp-content/plugins/wp-unit/WPUnit.php on line 89

    at Object.onBind (file:///home/runner/work/playground-tester/playground-tester/node_modules/@wp-playground/cli/run-cli-j-geJYS3.js:325:15)
    at process.processTicksAndRejections (node:internal/process/task_queues:105:5)
    at async re (file:///home/runner/work/playground-tester/playground-tester/node_modules/@wp-playground/cli/run-cli-j-geJYS3.js:149:10) {
  [cause]: Error: Error when executing the blueprint step #5 ({"step":"installPlugin","pluginData":{"resource":"wordpress.org/plugins","slug":"wp-unit"},"options":{"activate":true}}) : PHP.run() failed with exit code 255 and the following output: 
      at Object.run (file:///home/runner/work/playground-tester/playground-tester/node_modules/@wp-playground/blueprints/index.js:12093:19)
      at process.processTicksAndRejections (node:internal/process/task_queues:105:5)
      at async ys (file:///home/runner/work/playground-tester/playground-tester/node_modules/@wp-playground/blueprints/index.js:12196:3)
      at async Object.onBind (file:///home/runner/work/playground-tester/playground-tester/node_modules/@wp-playground/cli/run-cli-j-geJYS3.js:315:48)
      at async re (file:///home/runner/work/playground-tester/playground-tester/node_modules/@wp-playground/cli/run-cli-j-geJYS3.js:149:10) {
    [cause]: PHPExecutionFailureError: PHP.run() failed with exit code 255 and the following output: 
        at PHP.run (file:///home/runner/work/playground-tester/playground-tester/node_modules/@php-wasm/universal/index.js:1034:19)
        at process.processTicksAndRejections (node:internal/process/task_queues:105:5)
        at async wr (file:///home/runner/work/playground-tester/playground-tester/node_modules/@wp-playground/blueprints/index.js:34:39)
        at async Object.gt [as installPlugin] (file:///home/runner/work/playground-tester/playground-tester/node_modules/@wp-playground/blueprints/index.js:631:42)
        at async g (file:///home/runner/work/playground-tester/playground-tester/node_modules/@wp-playground/blueprints/index.js:12161:30)
        at async Object.run (file:///home/runner/work/playground-tester/playground-tester/node_modules/@wp-playground/blueprints/index.js:12090:23)
        at async ys (file:///home/runner/work/playground-tester/playground-tester/node_modules/@wp-playground/blueprints/index.js:12196:3)
        at async Object.onBind (file:///home/runner/work/playground-tester/playground-tester/node_modules/@wp-playground/cli/run-cli-j-geJYS3.js:315:48)
        at async re (file:///home/runner/work/playground-tester/playground-tester/node_modules/@wp-playground/cli/run-cli-j-geJYS3.js:149:10) {
      response: PHPResponse {
        httpStatusCode: 500,
        headers: {
          'x-powered-by': [ 'PHP/8.0.30-dev' ],
          'content-type': [ 'text/html; charset=UTF-8' ]
        },
        bytes: Uint8Array(0) [],
        exitCode: 255,
        errors: ''
      },
      source: 'request'
    }
  }
}

Node.js v23.11.0
