file:///home/runner/work/playground-tester/playground-tester/node_modules/@wp-playground/cli/run-cli-j-geJYS3.js:325
        throw new Error($, { cause: h });
              ^

Error: [09-Jul-2025 17:52:56 UTC] PHP Fatal error:  Uncaught ArgumentCountError: Too few arguments to function WP_Widget::__construct(), 0 passed in /wordpress/wp-includes/class-wp-widget-factory.php on line 62 and at least 2 expected in /wordpress/wp-includes/class-wp-widget.php:163
Stack trace:
#0 /wordpress/wp-includes/class-wp-widget-factory.php(62): WP_Widget->__construct()
#1 /wordpress/wp-includes/widgets.php(123): WP_Widget_Factory->register('Tips')
#2 /wordpress/wp-content/plugins/tips/tips.php(80): register_widget('Tips')
#3 /wordpress/wp-includes/class-wp-hook.php(324): TipsInit('')
#4 /wordpress/wp-includes/class-wp-hook.php(348): WP_Hook->apply_filters(NULL, Array)
#5 /wordpress/wp-includes/plugin.php(517): WP_Hook->do_action(Array)
#6 /wordpress/wp-includes/widgets.php(1870): do_action('widgets_init')
#7 /wordpress/wp-includes/class-wp-hook.php(324): wp_widgets_init('')
#8 /wordpress/wp-includes/class-wp-hook.php(348): WP_Hook->apply_filters(NULL, Array)
#9 /wordpress/wp-includes/plugin.php(517): WP_Hook->do_action(Array)
#10 /wordpress/wp-settings.php(727): do_action('init')
#11 /wordpress/wp-config.php(102): require_once('/wordpress/wp-s...')
#12 /wordpress/wp-load.php(50): require_once('/wordpress/wp-c...')
#13 /internal/eval.php(3): require_once('/wordpress/wp-l...')
#14 {main}
  thrown in /wordpress/wp-includes/class-wp-widget.php on line 163
[09-Jul-2025 17:53:05 UTC] PHP Fatal error:  Uncaught ArgumentCountError: Too few arguments to function WP_Widget::__construct(), 0 passed in /wordpress/wp-includes/class-wp-widget-factory.php on line 62 and at least 2 expected in /wordpress/wp-includes/class-wp-widget.php:163
Stack trace:
#0 /wordpress/wp-includes/class-wp-widget-factory.php(62): WP_Widget->__construct()
#1 /wordpress/wp-includes/widgets.php(123): WP_Widget_Factory->register('Tips')
#2 /wordpress/wp-content/plugins/tips/tips.php(80): register_widget('Tips')
#3 /wordpress/wp-includes/class-wp-hook.php(324): TipsInit('')
#4 /wordpress/wp-includes/class-wp-hook.php(348): WP_Hook->apply_filters(NULL, Array)
#5 /wordpress/wp-includes/plugin.php(517): WP_Hook->do_action(Array)
#6 /wordpress/wp-includes/widgets.php(1870): do_action('widgets_init')
#7 /wordpress/wp-includes/class-wp-hook.php(324): wp_widgets_init('')
#8 /wordpress/wp-includes/class-wp-hook.php(348): WP_Hook->apply_filters(NULL, Array)
#9 /wordpress/wp-includes/plugin.php(517): WP_Hook->do_action(Array)
#10 /wordpress/wp-settings.php(727): do_action('init')
#11 /wordpress/wp-config.php(102): require_once('/wordpress/wp-s...')
#12 /wordpress/wp-load.php(50): require_once('/wordpress/wp-c...')
#13 /internal/eval.php(3): require_once('/wordpress/wp-l...')
#14 {main}
  thrown in /wordpress/wp-includes/class-wp-widget.php on line 163
[09-Jul-2025 17:53:14 UTC] PHP Fatal error:  Uncaught ArgumentCountError: Too few arguments to function WP_Widget::__construct(), 0 passed in /wordpress/wp-includes/class-wp-widget-factory.php on line 62 and at least 2 expected in /wordpress/wp-includes/class-wp-widget.php:163
Stack trace:
#0 /wordpress/wp-includes/class-wp-widget-factory.php(62): WP_Widget->__construct()
#1 /wordpress/wp-includes/widgets.php(123): WP_Widget_Factory->register('Tips')
#2 /wordpress/wp-content/plugins/tips/tips.php(80): register_widget('Tips')
#3 /wordpress/wp-includes/class-wp-hook.php(324): TipsInit('')
#4 /wordpress/wp-includes/class-wp-hook.php(348): WP_Hook->apply_filters(NULL, Array)
#5 /wordpress/wp-includes/plugin.php(517): WP_Hook->do_action(Array)
#6 /wordpress/wp-includes/widgets.php(1870): do_action('widgets_init')
#7 /wordpress/wp-includes/class-wp-hook.php(324): wp_widgets_init('')
#8 /wordpress/wp-includes/class-wp-hook.php(348): WP_Hook->apply_filters(NULL, Array)
#9 /wordpress/wp-includes/plugin.php(517): WP_Hook->do_action(Array)
#10 /wordpress/wp-settings.php(727): do_action('init')
#11 /wordpress/wp-config.php(102): require_once('/wordpress/wp-s...')
#12 /wordpress/wp-load.php(50): require_once('/wordpress/wp-c...')
#13 /internal/eval.php(3): require_once('/wordpress/wp-l...')
#14 {main}
  thrown in /wordpress/wp-includes/class-wp-widget.php on line 163
[09-Jul-2025 17:55:15 UTC] PHP Warning:  Undefined array key "option" in /wordpress/wp-content/plugins/translator-with-baidu-service/includes/baidu-translate-proxy.php on line 39
[09-Jul-2025 17:55:15 UTC] PHP Warning:  Undefined array key "option" in /wordpress/wp-content/plugins/translator-with-baidu-service/includes/baidu-translate-proxy.php on line 41
[09-Jul-2025 17:55:25 UTC] PHP Warning:  Undefined array key "option" in /wordpress/wp-content/plugins/translator-with-baidu-service/includes/baidu-translate-proxy.php on line 39
[09-Jul-2025 17:55:25 UTC] PHP Warning:  Undefined array key "option" in /wordpress/wp-content/plugins/translator-with-baidu-service/includes/baidu-translate-proxy.php on line 41
[09-Jul-2025 17:55:35 UTC] PHP Warning:  Undefined array key "option" in /wordpress/wp-content/plugins/translator-with-baidu-service/includes/baidu-translate-proxy.php on line 39
[09-Jul-2025 17:55:35 UTC] PHP Warning:  Undefined array key "option" in /wordpress/wp-content/plugins/translator-with-baidu-service/includes/baidu-translate-proxy.php on line 41
[09-Jul-2025 17:55:43 UTC] PHP Fatal error:  Please activate Clear Booking plugin before activating. in /wordpress/wp-content/plugins/travel-light/admin/travellight_installation_checks.php on line 25
[09-Jul-2025 17:55:52 UTC] PHP Fatal error:  Please activate Clear Booking plugin before activating. in /wordpress/wp-content/plugins/travel-light/admin/travellight_installation_checks.php on line 25
[09-Jul-2025 17:56:01 UTC] PHP Fatal error:  Please activate Clear Booking plugin before activating. in /wordpress/wp-content/plugins/travel-light/admin/travellight_installation_checks.php on line 25
[09-Jul-2025 17:57:30 UTC] PHP Fatal error:  Uncaught TypeError: count(): Argument #1 ($value) must be of type Countable|array, bool given in /wordpress/wp-content/plugins/troll-hunter/TrollHunter_Plugin.php:27
Stack trace:
#0 /wordpress/wp-content/plugins/troll-hunter/TrollHunter_LifeCycle.php(29): TrollHunter_Plugin->initOptions()
#1 /wordpress/wp-content/plugins/troll-hunter/troll-hunter_init.php(34): TrollHunter_LifeCycle->install()
#2 /wordpress/wp-content/plugins/troll-hunter/troll-hunter.php(89): TrollHunter_init('/wordpress/wp-c...')
#3 /wordpress/wp-admin/includes/plugin.php(2387): include_once('/wordpress/wp-c...')
#4 /wordpress/wp-admin/includes/plugin.php(673): plugin_sandbox_scrape('troll-hunter/tr...')
#5 /internal/eval.php(20): activate_plugin('troll-hunter/tr...')
#6 {main}
  thrown in /wordpress/wp-content/plugins/troll-hunter/TrollHunter_Plugin.php on line 27
[09-Jul-2025 17:57:38 UTC] PHP Fatal error:  Uncaught TypeError: count(): Argument #1 ($value) must be of type Countable|array, bool given in /wordpress/wp-content/plugins/troll-hunter/TrollHunter_Plugin.php:27
Stack trace:
#0 /wordpress/wp-content/plugins/troll-hunter/TrollHunter_LifeCycle.php(29): TrollHunter_Plugin->initOptions()
#1 /wordpress/wp-content/plugins/troll-hunter/troll-hunter_init.php(34): TrollHunter_LifeCycle->install()
#2 /wordpress/wp-content/plugins/troll-hunter/troll-hunter.php(89): TrollHunter_init('/wordpress/wp-c...')
#3 /wordpress/wp-admin/includes/plugin.php(2387): include_once('/wordpress/wp-c...')
#4 /wordpress/wp-admin/includes/plugin.php(673): plugin_sandbox_scrape('troll-hunter/tr...')
#5 /internal/eval.php(20): activate_plugin('troll-hunter/tr...')
#6 {main}
  thrown in /wordpress/wp-content/plugins/troll-hunter/TrollHunter_Plugin.php on line 27
[09-Jul-2025 17:57:47 UTC] PHP Fatal error:  Uncaught TypeError: count(): Argument #1 ($value) must be of type Countable|array, bool given in /wordpress/wp-content/plugins/troll-hunter/TrollHunter_Plugin.php:27
Stack trace:
#0 /wordpress/wp-content/plugins/troll-hunter/TrollHunter_LifeCycle.php(29): TrollHunter_Plugin->initOptions()
#1 /wordpress/wp-content/plugins/troll-hunter/troll-hunter_init.php(34): TrollHunter_LifeCycle->install()
#2 /wordpress/wp-content/plugins/troll-hunter/troll-hunter.php(89): TrollHunter_init('/wordpress/wp-c...')
#3 /wordpress/wp-admin/includes/plugin.php(2387): include_once('/wordpress/wp-c...')
#4 /wordpress/wp-admin/includes/plugin.php(673): plugin_sandbox_scrape('troll-hunter/tr...')
#5 /internal/eval.php(20): activate_plugin('troll-hunter/tr...')
#6 {main}
  thrown in /wordpress/wp-content/plugins/troll-hunter/TrollHunter_Plugin.php on line 27
[09-Jul-2025 17:58:26 UTC] PHP Deprecated:  File upgrade-functions.php is <strong>deprecated</strong> since version 2.5.0! Use wp-admin/includes/upgrade.php instead. in /wordpress/wp-includes/functions.php on line 6121
[09-Jul-2025 17:58:36 UTC] PHP Deprecated:  File upgrade-functions.php is <strong>deprecated</strong> since version 2.5.0! Use wp-admin/includes/upgrade.php instead. in /wordpress/wp-includes/functions.php on line 6121
[09-Jul-2025 17:58:46 UTC] PHP Deprecated:  File upgrade-functions.php is <strong>deprecated</strong> since version 2.5.0! Use wp-admin/includes/upgrade.php instead. in /wordpress/wp-includes/functions.php on line 6121
[09-Jul-2025 18:00:55 UTC] PHP Fatal error:  Uncaught TypeError: call_user_func_array(): Argument #1 ($callback) must be a valid callback, non-static method tiutiu_facebook_friends::activate() cannot be called statically in /wordpress/wp-includes/class-wp-hook.php:324
Stack trace:
#0 /wordpress/wp-includes/class-wp-hook.php(348): WP_Hook->apply_filters('', Array)
#1 /wordpress/wp-includes/plugin.php(517): WP_Hook->do_action(Array)
#2 /wordpress/wp-admin/includes/plugin.php(703): do_action('activate_tiutiu...', false)
#3 /internal/eval.php(20): activate_plugin('tiutiu-facebook...')
#4 {main}
  thrown in /wordpress/wp-includes/class-wp-hook.php on line 324
[09-Jul-2025 18:01:04 UTC] PHP Fatal error:  Uncaught TypeError: call_user_func_array(): Argument #1 ($callback) must be a valid callback, non-static method tiutiu_facebook_friends::activate() cannot be called statically in /wordpress/wp-includes/class-wp-hook.php:324
Stack trace:
#0 /wordpress/wp-includes/class-wp-hook.php(348): WP_Hook->apply_filters('', Array)
#1 /wordpress/wp-includes/plugin.php(517): WP_Hook->do_action(Array)
#2 /wordpress/wp-admin/includes/plugin.php(703): do_action('activate_tiutiu...', false)
#3 /internal/eval.php(20): activate_plugin('tiutiu-facebook...')
#4 {main}
  thrown in /wordpress/wp-includes/class-wp-hook.php on line 324
[09-Jul-2025 18:01:13 UTC] PHP Fatal error:  Uncaught TypeError: call_user_func_array(): Argument #1 ($callback) must be a valid callback, non-static method tiutiu_facebook_friends::activate() cannot be called statically in /wordpress/wp-includes/class-wp-hook.php:324
Stack trace:
#0 /wordpress/wp-includes/class-wp-hook.php(348): WP_Hook->apply_filters('', Array)
#1 /wordpress/wp-includes/plugin.php(517): WP_Hook->do_action(Array)
#2 /wordpress/wp-admin/includes/plugin.php(703): do_action('activate_tiutiu...', false)
#3 /internal/eval.php(20): activate_plugin('tiutiu-facebook...')
#4 {main}
  thrown in /wordpress/wp-includes/class-wp-hook.php on line 324

    at Object.onBind (file:///home/runner/work/playground-tester/playground-tester/node_modules/@wp-playground/cli/run-cli-j-geJYS3.js:325:15)
    at process.processTicksAndRejections (node:internal/process/task_queues:105:5)
    at async re (file:///home/runner/work/playground-tester/playground-tester/node_modules/@wp-playground/cli/run-cli-j-geJYS3.js:149:10) {
  [cause]: Error: Error when executing the blueprint step #1 ({"step":"installPlugin","pluginData":{"resource":"wordpress.org/plugins","slug":"tiutiu-facebook-friends-widget"},"options":{"activate":true}}) : PHP.run() failed with exit code 255 and the following output: 
      at Object.run (file:///home/runner/work/playground-tester/playground-tester/node_modules/@wp-playground/blueprints/index.js:12093:19)
      at process.processTicksAndRejections (node:internal/process/task_queues:105:5)
      at async ys (file:///home/runner/work/playground-tester/playground-tester/node_modules/@wp-playground/blueprints/index.js:12196:3)
      at async Object.onBind (file:///home/runner/work/playground-tester/playground-tester/node_modules/@wp-playground/cli/run-cli-j-geJYS3.js:315:48)
      at async re (file:///home/runner/work/playground-tester/playground-tester/node_modules/@wp-playground/cli/run-cli-j-geJYS3.js:149:10) {
    [cause]: PHPExecutionFailureError: PHP.run() failed with exit code 255 and the following output: 
        at PHP.run (file:///home/runner/work/playground-tester/playground-tester/node_modules/@php-wasm/universal/index.js:1034:19)
        at process.processTicksAndRejections (node:internal/process/task_queues:105:5)
        at async wr (file:///home/runner/work/playground-tester/playground-tester/node_modules/@wp-playground/blueprints/index.js:34:39)
        at async Object.gt [as installPlugin] (file:///home/runner/work/playground-tester/playground-tester/node_modules/@wp-playground/blueprints/index.js:631:42)
        at async g (file:///home/runner/work/playground-tester/playground-tester/node_modules/@wp-playground/blueprints/index.js:12161:30)
        at async Object.run (file:///home/runner/work/playground-tester/playground-tester/node_modules/@wp-playground/blueprints/index.js:12090:23)
        at async ys (file:///home/runner/work/playground-tester/playground-tester/node_modules/@wp-playground/blueprints/index.js:12196:3)
        at async Object.onBind (file:///home/runner/work/playground-tester/playground-tester/node_modules/@wp-playground/cli/run-cli-j-geJYS3.js:315:48)
        at async re (file:///home/runner/work/playground-tester/playground-tester/node_modules/@wp-playground/cli/run-cli-j-geJYS3.js:149:10) {
      response: PHPResponse {
        httpStatusCode: 500,
        headers: {
          'x-powered-by': [ 'PHP/8.0.30-dev' ],
          'content-type': [ 'text/html; charset=UTF-8' ]
        },
        bytes: Uint8Array(0) [],
        exitCode: 255,
        errors: ''
      },
      source: 'request'
    }
  }
}

Node.js v23.11.0
