file:///home/runner/work/playground-tester/playground-tester/node_modules/@wp-playground/cli/index.js:237
        throw new Error(y, { cause: u });
              ^

Error: [26-May-2025 05:50:44 UTC] PHP Fatal error:  Declaration of DropDown_Nav_Menu::start_lvl(&$output, $depth) must be compatible with Walker_Nav_Menu::start_lvl(&$output, $depth = 0, $args = null) in /wordpress/wp-content/plugins/dropdown-menus/dropdown-menus.php on line 127
[26-May-2025 05:50:52 UTC] PHP Fatal error:  Declaration of DropDown_Nav_Menu::start_lvl(&$output, $depth) must be compatible with Walker_Nav_Menu::start_lvl(&$output, $depth = 0, $args = null) in /wordpress/wp-content/plugins/dropdown-menus/dropdown-menus.php on line 127
[26-May-2025 05:51:01 UTC] PHP Fatal error:  Declaration of DropDown_Nav_Menu::start_lvl(&$output, $depth) must be compatible with Walker_Nav_Menu::start_lvl(&$output, $depth = 0, $args = null) in /wordpress/wp-content/plugins/dropdown-menus/dropdown-menus.php on line 127
[26-May-2025 05:51:37 UTC] PHP Notice:  Function _load_textdomain_just_in_time was called <strong>incorrectly</strong>. Translation loading for the <code>camoo-sso</code> domain was triggered too early. This is usually an indicator for some code in the plugin or theme running too early. Translations should be loaded at the <code>init</code> action or later. Please see <a href="https://developer.wordpress.org/advanced-administration/debug/debug-wordpress/">Debugging in WordPress</a> for more information. (This message was added in version 6.7.0.) in /wordpress/wp-includes/functions.php on line 6121
[26-May-2025 05:51:46 UTC] PHP Notice:  Function _load_textdomain_just_in_time was called <strong>incorrectly</strong>. Translation loading for the <code>camoo-sso</code> domain was triggered too early. This is usually an indicator for some code in the plugin or theme running too early. Translations should be loaded at the <code>init</code> action or later. Please see <a href="https://developer.wordpress.org/advanced-administration/debug/debug-wordpress/">Debugging in WordPress</a> for more information. (This message was added in version 6.7.0.) in /wordpress/wp-includes/functions.php on line 6121
[26-May-2025 05:51:56 UTC] PHP Notice:  Function _load_textdomain_just_in_time was called <strong>incorrectly</strong>. Translation loading for the <code>camoo-sso</code> domain was triggered too early. This is usually an indicator for some code in the plugin or theme running too early. Translations should be loaded at the <code>init</code> action or later. Please see <a href="https://developer.wordpress.org/advanced-administration/debug/debug-wordpress/">Debugging in WordPress</a> for more information. (This message was added in version 6.7.0.) in /wordpress/wp-includes/functions.php on line 6121
[26-May-2025 05:57:02 UTC] PHP Deprecated:  File upgrade-functions.php is <strong>deprecated</strong> since version 2.5.0! Use wp-admin/includes/upgrade.php instead. in /wordpress/wp-includes/functions.php on line 6121
[26-May-2025 05:57:11 UTC] PHP Deprecated:  File upgrade-functions.php is <strong>deprecated</strong> since version 2.5.0! Use wp-admin/includes/upgrade.php instead. in /wordpress/wp-includes/functions.php on line 6121
[26-May-2025 05:57:11 UTC] WordPress database error <div style="clear:both">&nbsp;</div>
<div class="queries" style="clear:both;margin-bottom:2px;border:red dotted thin;">
<p>MySQL query:</p>
<p>DESC wp_comments</p>
<p>Queries made or created this session were:</p>
<ol>
<li>Executing: BEGIN | (no parameters)</li>
<li>Executing: ROLLBACK | (no parameters)</li>
</ol>
</div>
<div style="clear:both;margin-bottom:2px;border:red dotted thin;" class="error_message" style="border-bottom:dotted blue thin;">
Error occurred at line 4117 in Function <code>handle_error</code>. Error message was: Unknown query type: DESC.
</div>
<p>Backtrace:</p>
<pre>#0 /internal/shared/sqlite-database-integration/wp-includes/sqlite/class-wp-sqlite-db.php(287): WP_SQLite_Translator->get_error_message()
#1 /wordpress/wp-includes/class-wpdb.php(3107): WP_SQLite_DB->query('DESC wp_comment...')
#2 /wordpress/wp-admin/includes/upgrade.php(2696): wpdb->get_col('DESC wp_comment...', 0)
#3 /wordpress/wp-content/plugins/comment-change-status/comment-change-status.php(60): maybe_add_column('wp_comments', 'comment_hash', 'ALTER TABLE wp_...')
#4 /wordpress/wp-includes/class-wp-hook.php(324): comment_change_status__activate(false)
#5 /wordpress/wp-includes/class-wp-hook.php(348): WP_Hook->apply_filters('', Array)
#6 /wordpress/wp-includes/plugin.php(517): WP_Hook->do_action(Array)
#7 /wordpress/wp-admin/includes/plugin.php(703): do_action('activate_commen...', false)
#8 /internal/eval.php(20): activate_plugin('comment-change-...')
#9 {main}</pre>
 for query DESC wp_comments made by activate_plugin, do_action('activate_comment-change-status/comment-change-status.php'), WP_Hook->do_action, WP_Hook->apply_filters, comment_change_status__activate, maybe_add_column, WP_SQLite_DB->query, WP_SQLite_DB->print_error
[26-May-2025 05:57:11 UTC] WordPress database error <div style="clear:both">&nbsp;</div>
<div class="queries" style="clear:both;margin-bottom:2px;border:red dotted thin;">
<p>MySQL query:</p>
<p>DESC wp_comments</p>
<p>Queries made or created this session were:</p>
<ol>
<li>Executing: BEGIN | (no parameters)</li>
<li>Executing: ROLLBACK | (no parameters)</li>
</ol>
</div>
<div style="clear:both;margin-bottom:2px;border:red dotted thin;" class="error_message" style="border-bottom:dotted blue thin;">
Error occurred at line 4117 in Function <code>handle_error</code>. Error message was: Unknown query type: DESC.
</div>
<p>Backtrace:</p>
<pre>#0 /internal/shared/sqlite-database-integration/wp-includes/sqlite/class-wp-sqlite-db.php(287): WP_SQLite_Translator->get_error_message()
#1 /wordpress/wp-includes/class-wpdb.php(3107): WP_SQLite_DB->query('DESC wp_comment...')
#2 /wordpress/wp-admin/includes/upgrade.php(2706): wpdb->get_col('DESC wp_comment...', 0)
#3 /wordpress/wp-content/plugins/comment-change-status/comment-change-status.php(60): maybe_add_column('wp_comments', 'comment_hash', 'ALTER TABLE wp_...')
#4 /wordpress/wp-includes/class-wp-hook.php(324): comment_change_status__activate(false)
#5 /wordpress/wp-includes/class-wp-hook.php(348): WP_Hook->apply_filters('', Array)
#6 /wordpress/wp-includes/plugin.php(517): WP_Hook->do_action(Array)
#7 /wordpress/wp-admin/includes/plugin.php(703): do_action('activate_commen...', false)
#8 /internal/eval.php(20): activate_plugin('comment-change-...')
#9 {main}</pre>
 for query DESC wp_comments made by activate_plugin, do_action('activate_comment-change-status/comment-change-status.php'), WP_Hook->do_action, WP_Hook->apply_filters, comment_change_status__activate, maybe_add_column, WP_SQLite_DB->query, WP_SQLite_DB->print_error
[26-May-2025 05:57:20 UTC] PHP Deprecated:  File upgrade-functions.php is <strong>deprecated</strong> since version 2.5.0! Use wp-admin/includes/upgrade.php instead. in /wordpress/wp-includes/functions.php on line 6121
[26-May-2025 05:57:20 UTC] WordPress database error <div style="clear:both">&nbsp;</div>
<div class="queries" style="clear:both;margin-bottom:2px;border:red dotted thin;">
<p>MySQL query:</p>
<p>DESC wp_comments</p>
<p>Queries made or created this session were:</p>
<ol>
<li>Executing: BEGIN | (no parameters)</li>
<li>Executing: ROLLBACK | (no parameters)</li>
</ol>
</div>
<div style="clear:both;margin-bottom:2px;border:red dotted thin;" class="error_message" style="border-bottom:dotted blue thin;">
Error occurred at line 4117 in Function <code>handle_error</code>. Error message was: Unknown query type: DESC.
</div>
<p>Backtrace:</p>
<pre>#0 /internal/shared/sqlite-database-integration/wp-includes/sqlite/class-wp-sqlite-db.php(287): WP_SQLite_Translator->get_error_message()
#1 /wordpress/wp-includes/class-wpdb.php(3107): WP_SQLite_DB->query('DESC wp_comment...')
#2 /wordpress/wp-admin/includes/upgrade.php(2696): wpdb->get_col('DESC wp_comment...', 0)
#3 /wordpress/wp-content/plugins/comment-change-status/comment-change-status.php(60): maybe_add_column('wp_comments', 'comment_hash', 'ALTER TABLE wp_...')
#4 /wordpress/wp-includes/class-wp-hook.php(324): comment_change_status__activate(false)
#5 /wordpress/wp-includes/class-wp-hook.php(348): WP_Hook->apply_filters('', Array)
#6 /wordpress/wp-includes/plugin.php(517): WP_Hook->do_action(Array)
#7 /wordpress/wp-admin/includes/plugin.php(703): do_action('activate_commen...', false)
#8 /internal/eval.php(20): activate_plugin('comment-change-...')
#9 {main}</pre>
 for query DESC wp_comments made by activate_plugin, do_action('activate_comment-change-status/comment-change-status.php'), WP_Hook->do_action, WP_Hook->apply_filters, comment_change_status__activate, maybe_add_column, WP_SQLite_DB->query, WP_SQLite_DB->print_error
[26-May-2025 05:57:20 UTC] WordPress database error <div style="clear:both">&nbsp;</div>
<div class="queries" style="clear:both;margin-bottom:2px;border:red dotted thin;">
<p>MySQL query:</p>
<p>DESC wp_comments</p>
<p>Queries made or created this session were:</p>
<ol>
<li>Executing: BEGIN | (no parameters)</li>
<li>Executing: ROLLBACK | (no parameters)</li>
</ol>
</div>
<div style="clear:both;margin-bottom:2px;border:red dotted thin;" class="error_message" style="border-bottom:dotted blue thin;">
Error occurred at line 4117 in Function <code>handle_error</code>. Error message was: Unknown query type: DESC.
</div>
<p>Backtrace:</p>
<pre>#0 /internal/shared/sqlite-database-integration/wp-includes/sqlite/class-wp-sqlite-db.php(287): WP_SQLite_Translator->get_error_message()
#1 /wordpress/wp-includes/class-wpdb.php(3107): WP_SQLite_DB->query('DESC wp_comment...')
#2 /wordpress/wp-admin/includes/upgrade.php(2706): wpdb->get_col('DESC wp_comment...', 0)
#3 /wordpress/wp-content/plugins/comment-change-status/comment-change-status.php(60): maybe_add_column('wp_comments', 'comment_hash', 'ALTER TABLE wp_...')
#4 /wordpress/wp-includes/class-wp-hook.php(324): comment_change_status__activate(false)
#5 /wordpress/wp-includes/class-wp-hook.php(348): WP_Hook->apply_filters('', Array)
#6 /wordpress/wp-includes/plugin.php(517): WP_Hook->do_action(Array)
#7 /wordpress/wp-admin/includes/plugin.php(703): do_action('activate_commen...', false)
#8 /internal/eval.php(20): activate_plugin('comment-change-...')
#9 {main}</pre>
 for query DESC wp_comments made by activate_plugin, do_action('activate_comment-change-status/comment-change-status.php'), WP_Hook->do_action, WP_Hook->apply_filters, comment_change_status__activate, maybe_add_column, WP_SQLite_DB->query, WP_SQLite_DB->print_error
[26-May-2025 05:57:29 UTC] PHP Deprecated:  Required parameter $comments follows optional parameter $max_comm in /wordpress/wp-content/plugins/comments-maximum-number/maximumnumbercomments.php on line 57
[26-May-2025 05:57:29 UTC] PHP Deprecated:  Function load_plugin_textdomain was called with an argument that is <strong>deprecated</strong> since version 2.7.0 with no alternative available. in /wordpress/wp-includes/functions.php on line 6121
[26-May-2025 05:57:31 UTC] PHP Deprecated:  Required parameter $comments follows optional parameter $max_comm in /wordpress/wp-content/plugins/comments-maximum-number/maximumnumbercomments.php on line 57
[26-May-2025 05:57:31 UTC] PHP Deprecated:  Function load_plugin_textdomain was called with an argument that is <strong>deprecated</strong> since version 2.7.0 with no alternative available. in /wordpress/wp-includes/functions.php on line 6121
[26-May-2025 05:57:39 UTC] PHP Deprecated:  Required parameter $comments follows optional parameter $max_comm in /wordpress/wp-content/plugins/comments-maximum-number/maximumnumbercomments.php on line 57
[26-May-2025 05:57:39 UTC] PHP Deprecated:  Function load_plugin_textdomain was called with an argument that is <strong>deprecated</strong> since version 2.7.0 with no alternative available. in /wordpress/wp-includes/functions.php on line 6121
[26-May-2025 05:57:40 UTC] PHP Deprecated:  Required parameter $comments follows optional parameter $max_comm in /wordpress/wp-content/plugins/comments-maximum-number/maximumnumbercomments.php on line 57
[26-May-2025 05:57:40 UTC] PHP Deprecated:  Function load_plugin_textdomain was called with an argument that is <strong>deprecated</strong> since version 2.7.0 with no alternative available. in /wordpress/wp-includes/functions.php on line 6121
[26-May-2025 05:57:48 UTC] PHP Deprecated:  Required parameter $comments follows optional parameter $max_comm in /wordpress/wp-content/plugins/comments-maximum-number/maximumnumbercomments.php on line 57
[26-May-2025 05:57:48 UTC] PHP Deprecated:  Function load_plugin_textdomain was called with an argument that is <strong>deprecated</strong> since version 2.7.0 with no alternative available. in /wordpress/wp-includes/functions.php on line 6121
[26-May-2025 05:57:49 UTC] PHP Deprecated:  Required parameter $comments follows optional parameter $max_comm in /wordpress/wp-content/plugins/comments-maximum-number/maximumnumbercomments.php on line 57
[26-May-2025 05:57:49 UTC] PHP Deprecated:  Function load_plugin_textdomain was called with an argument that is <strong>deprecated</strong> since version 2.7.0 with no alternative available. in /wordpress/wp-includes/functions.php on line 6121
[26-May-2025 05:58:50 UTC] PHP Warning:  Constant CTL_PLUGIN_DIR already defined in /wordpress/wp-content/plugins/content-tag-list/includes/plugin.php on line 16
[26-May-2025 05:58:52 UTC] PHP Warning:  Constant CTL_PLUGIN_DIR already defined in /wordpress/wp-content/plugins/content-tag-list/includes/plugin.php on line 16
[26-May-2025 05:58:58 UTC] PHP Warning:  Constant CTL_PLUGIN_DIR already defined in /wordpress/wp-content/plugins/content-tag-list/includes/plugin.php on line 16
[26-May-2025 05:58:59 UTC] PHP Warning:  Constant CTL_PLUGIN_DIR already defined in /wordpress/wp-content/plugins/content-tag-list/includes/plugin.php on line 16
[26-May-2025 05:59:07 UTC] PHP Warning:  Constant CTL_PLUGIN_DIR already defined in /wordpress/wp-content/plugins/content-tag-list/includes/plugin.php on line 16
[26-May-2025 05:59:08 UTC] PHP Warning:  Constant CTL_PLUGIN_DIR already defined in /wordpress/wp-content/plugins/content-tag-list/includes/plugin.php on line 16
[26-May-2025 06:00:13 UTC] PHP Warning:  Undefined array key 7 in /internal/shared/sqlite-database-integration/wp-includes/parser/class-wp-parser.php on line 55
[26-May-2025 06:00:13 UTC] PHP Warning:  Attempt to read property "id" on null in /internal/shared/sqlite-database-integration/wp-includes/parser/class-wp-parser.php on line 55
[26-May-2025 06:00:13 UTC] PHP Warning:  Undefined array key 7 in /internal/shared/sqlite-database-integration/wp-includes/parser/class-wp-parser.php on line 55
[26-May-2025 06:00:13 UTC] PHP Warning:  Attempt to read property "id" on null in /internal/shared/sqlite-database-integration/wp-includes/parser/class-wp-parser.php on line 55
[26-May-2025 06:00:13 UTC] WordPress database error <div style="clear:both">&nbsp;</div>
<div class="queries" style="clear:both;margin-bottom:2px;border:red dotted thin;">
<p>MySQL query:</p>
<p>SELECT COUNT(*) FROM wp_dropfiles`</p>
<p>Queries made or created this session were:</p>
<ol>
</ol>
</div>
<div style="clear:both;margin-bottom:2px;border:red dotted thin;" class="error_message" style="border-bottom:dotted blue thin;">
Failed to parse the MySQL query.
</div>
<p>Backtrace:</p>
<pre>#0 /internal/shared/sqlite-database-integration/wp-includes/sqlite-ast/class-wp-sqlite-driver.php(606): WP_SQLite_Driver->new_driver_exception('Failed to parse...')
#1 /internal/shared/sqlite-database-integration/wp-includes/sqlite/class-wp-sqlite-db.php(491): WP_SQLite_Driver->query('SELECT COUNT(*)...')
#2 /internal/shared/sqlite-database-integration/wp-includes/sqlite/class-wp-sqlite-db.php(432): WP_SQLite_DB->_do_query('SELECT COUNT(*)...')
#3 /wordpress/wp-includes/class-wpdb.php(3031): WP_SQLite_DB->query('SELECT COUNT(*)...')
#4 /wordpress/wp-content/plugins/dropfiles-free/dropfiles.php(76): wpdb->get_var('SELECT COUNT(*)...')
#5 /wordpress/wp-includes/class-wp-hook.php(324): dropfiles_install(false)
#6 /wordpress/wp-includes/class-wp-hook.php(348): WP_Hook->apply_filters('', Array)
#7 /wordpress/wp-includes/plugin.php(517): WP_Hook->do_action(Array)
#8 /wordpress/wp-admin/includes/plugin.php(703): do_action('activate_dropfi...', false)
#9 /internal/eval.php(20): activate_plugin('dropfiles-free/...')
#10 {main}</pre>
 for query SELECT COUNT(*) FROM wp_dropfiles` made by activate_plugin, do_action('activate_dropfiles-free/dropfiles.php'), WP_Hook->do_action, WP_Hook->apply_filters, dropfiles_install, WP_SQLite_DB->query, WP_SQLite_DB->print_error
[26-May-2025 06:00:13 UTC] PHP Warning:  Undefined array key 7 in /internal/shared/sqlite-database-integration/wp-includes/parser/class-wp-parser.php on line 55
[26-May-2025 06:00:13 UTC] PHP Warning:  Attempt to read property "id" on null in /internal/shared/sqlite-database-integration/wp-includes/parser/class-wp-parser.php on line 55
[26-May-2025 06:00:13 UTC] PHP Warning:  Undefined array key 7 in /internal/shared/sqlite-database-integration/wp-includes/parser/class-wp-parser.php on line 55
[26-May-2025 06:00:13 UTC] PHP Warning:  Attempt to read property "id" on null in /internal/shared/sqlite-database-integration/wp-includes/parser/class-wp-parser.php on line 55
[26-May-2025 06:00:13 UTC] WordPress database error <div style="clear:both">&nbsp;</div>
<div class="queries" style="clear:both;margin-bottom:2px;border:red dotted thin;">
<p>MySQL query:</p>
<p>SELECT COUNT(*) FROM wp_dropfiles_categories`</p>
<p>Queries made or created this session were:</p>
<ol>
</ol>
</div>
<div style="clear:both;margin-bottom:2px;border:red dotted thin;" class="error_message" style="border-bottom:dotted blue thin;">
Failed to parse the MySQL query.
</div>
<p>Backtrace:</p>
<pre>#0 /internal/shared/sqlite-database-integration/wp-includes/sqlite-ast/class-wp-sqlite-driver.php(606): WP_SQLite_Driver->new_driver_exception('Failed to parse...')
#1 /internal/shared/sqlite-database-integration/wp-includes/sqlite/class-wp-sqlite-db.php(491): WP_SQLite_Driver->query('SELECT COUNT(*)...')
#2 /internal/shared/sqlite-database-integration/wp-includes/sqlite/class-wp-sqlite-db.php(432): WP_SQLite_DB->_do_query('SELECT COUNT(*)...')
#3 /wordpress/wp-includes/class-wpdb.php(3031): WP_SQLite_DB->query('SELECT COUNT(*)...')
#4 /wordpress/wp-content/plugins/dropfiles-free/dropfiles.php(84): wpdb->get_var('SELECT COUNT(*)...')
#5 /wordpress/wp-includes/class-wp-hook.php(324): dropfiles_install(false)
#6 /wordpress/wp-includes/class-wp-hook.php(348): WP_Hook->apply_filters('', Array)
#7 /wordpress/wp-includes/plugin.php(517): WP_Hook->do_action(Array)
#8 /wordpress/wp-admin/includes/plugin.php(703): do_action('activate_dropfi...', false)
#9 /internal/eval.php(20): activate_plugin('dropfiles-free/...')
#10 {main}</pre>
 for query SELECT COUNT(*) FROM wp_dropfiles_categories` made by activate_plugin, do_action('activate_dropfiles-free/dropfiles.php'), WP_Hook->do_action, WP_Hook->apply_filters, dropfiles_install, WP_SQLite_DB->query, WP_SQLite_DB->print_error
[26-May-2025 06:00:22 UTC] WordPress database error <div style="clear:both">&nbsp;</div>
<div class="queries" style="clear:both;margin-bottom:2px;border:red dotted thin;">
<p>MySQL query:</p>
<p>ALTER TABLE wp_dropfiles_roles DROP PRIMARY KEY</p>
<p>Queries made or created this session were:</p>
<ol>
<li>Executing: BEGIN | (no parameters)</li>
<li>Executing: DROP INDEX  | (no parameters)</li>
<li>Executing: ROLLBACK | (no parameters)</li>
</ol>
</div>
<div style="clear:both;margin-bottom:2px;border:red dotted thin;" class="error_message" style="border-bottom:dotted blue thin;">
Error occurred at line 4117 in Function <code>handle_error</code>. Error message was: SQLSTATE[HY000]: General error: 1 incomplete input.
</div>
<p>Backtrace:</p>
<pre>#0 /internal/shared/sqlite-database-integration/wp-includes/sqlite/class-wp-sqlite-db.php(287): WP_SQLite_Translator->get_error_message()
#1 /wordpress/wp-content/plugins/dropfiles-free/dropfiles.php(74): WP_SQLite_DB->query('ALTER TABLE wp_...')
#2 /wordpress/wp-includes/class-wp-hook.php(324): dropfiles_install(false)
#3 /wordpress/wp-includes/class-wp-hook.php(348): WP_Hook->apply_filters('', Array)
#4 /wordpress/wp-includes/plugin.php(517): WP_Hook->do_action(Array)
#5 /wordpress/wp-admin/includes/plugin.php(703): do_action('activate_dropfi...', false)
#6 /internal/eval.php(20): activate_plugin('dropfiles-free/...')
#7 {main}</pre>
 for query ALTER TABLE wp_dropfiles_roles DROP PRIMARY KEY made by activate_plugin, do_action('activate_dropfiles-free/dropfiles.php'), WP_Hook->do_action, WP_Hook->apply_filters, dropfiles_install, WP_SQLite_DB->query, WP_SQLite_DB->print_error
[26-May-2025 06:00:22 UTC] WordPress database error <div style="clear:both">&nbsp;</div>
<div class="queries" style="clear:both;margin-bottom:2px;border:red dotted thin;">
<p>MySQL query:</p>
<p>SELECT COUNT(*) FROM wp_dropfiles`</p>
<p>Queries made or created this session were:</p>
<ol>
<li>Executing: BEGIN | (no parameters)</li>
<li>Executing: ROLLBACK | (no parameters)</li>
</ol>
</div>
<div style="clear:both;margin-bottom:2px;border:red dotted thin;" class="error_message" style="border-bottom:dotted blue thin;">
Error occurred at line 4117 in Function <code>handle_error</code>. Error message was: Array
(
    [query] => SELECT COUNT(*) FROM wp_dropfiles`
    [message] => Ending quote ` was expected.
    [str] => 
    [position] => 34
    [code] => 0
)
.
</div>
<p>Backtrace:</p>
<pre>#0 /internal/shared/sqlite-database-integration/wp-includes/sqlite/class-wp-sqlite-db.php(287): WP_SQLite_Translator->get_error_message()
#1 /wordpress/wp-includes/class-wpdb.php(3031): WP_SQLite_DB->query('SELECT COUNT(*)...')
#2 /wordpress/wp-content/plugins/dropfiles-free/dropfiles.php(76): wpdb->get_var('SELECT COUNT(*)...')
#3 /wordpress/wp-includes/class-wp-hook.php(324): dropfiles_install(false)
#4 /wordpress/wp-includes/class-wp-hook.php(348): WP_Hook->apply_filters('', Array)
#5 /wordpress/wp-includes/plugin.php(517): WP_Hook->do_action(Array)
#6 /wordpress/wp-admin/includes/plugin.php(703): do_action('activate_dropfi...', false)
#7 /internal/eval.php(20): activate_plugin('dropfiles-free/...')
#8 {main}</pre>
 for query SELECT COUNT(*) FROM wp_dropfiles` made by activate_plugin, do_action('activate_dropfiles-free/dropfiles.php'), WP_Hook->do_action, WP_Hook->apply_filters, dropfiles_install, WP_SQLite_DB->query, WP_SQLite_DB->print_error
[26-May-2025 06:00:22 UTC] WordPress database error <div style="clear:both">&nbsp;</div>
<div class="queries" style="clear:both;margin-bottom:2px;border:red dotted thin;">
<p>MySQL query:</p>
<p>SELECT COUNT(*) FROM wp_dropfiles_categories`</p>
<p>Queries made or created this session were:</p>
<ol>
<li>Executing: BEGIN | (no parameters)</li>
<li>Executing: ROLLBACK | (no parameters)</li>
</ol>
</div>
<div style="clear:both;margin-bottom:2px;border:red dotted thin;" class="error_message" style="border-bottom:dotted blue thin;">
Error occurred at line 4117 in Function <code>handle_error</code>. Error message was: Array
(
    [query] => SELECT COUNT(*) FROM wp_dropfiles_categories`
    [message] => Ending quote ` was expected.
    [str] => 
    [position] => 45
    [code] => 0
)
.
</div>
<p>Backtrace:</p>
<pre>#0 /internal/shared/sqlite-database-integration/wp-includes/sqlite/class-wp-sqlite-db.php(287): WP_SQLite_Translator->get_error_message()
#1 /wordpress/wp-includes/class-wpdb.php(3031): WP_SQLite_DB->query('SELECT COUNT(*)...')
#2 /wordpress/wp-content/plugins/dropfiles-free/dropfiles.php(84): wpdb->get_var('SELECT COUNT(*)...')
#3 /wordpress/wp-includes/class-wp-hook.php(324): dropfiles_install(false)
#4 /wordpress/wp-includes/class-wp-hook.php(348): WP_Hook->apply_filters('', Array)
#5 /wordpress/wp-includes/plugin.php(517): WP_Hook->do_action(Array)
#6 /wordpress/wp-admin/includes/plugin.php(703): do_action('activate_dropfi...', false)
#7 /internal/eval.php(20): activate_plugin('dropfiles-free/...')
#8 {main}</pre>
 for query SELECT COUNT(*) FROM wp_dropfiles_categories` made by activate_plugin, do_action('activate_dropfiles-free/dropfiles.php'), WP_Hook->do_action, WP_Hook->apply_filters, dropfiles_install, WP_SQLite_DB->query, WP_SQLite_DB->print_error
[26-May-2025 06:00:32 UTC] WordPress database error <div style="clear:both">&nbsp;</div>
<div class="queries" style="clear:both;margin-bottom:2px;border:red dotted thin;">
<p>MySQL query:</p>
<p>ALTER TABLE wp_dropfiles_roles DROP PRIMARY KEY</p>
<p>Queries made or created this session were:</p>
<ol>
<li>Executing: BEGIN | (no parameters)</li>
<li>Executing: DROP INDEX  | (no parameters)</li>
<li>Executing: ROLLBACK | (no parameters)</li>
</ol>
</div>
<div style="clear:both;margin-bottom:2px;border:red dotted thin;" class="error_message" style="border-bottom:dotted blue thin;">
Error occurred at line 4117 in Function <code>handle_error</code>. Error message was: SQLSTATE[HY000]: General error: 1 incomplete input.
</div>
<p>Backtrace:</p>
<pre>#0 /internal/shared/sqlite-database-integration/wp-includes/sqlite/class-wp-sqlite-db.php(287): WP_SQLite_Translator->get_error_message()
#1 /wordpress/wp-content/plugins/dropfiles-free/dropfiles.php(74): WP_SQLite_DB->query('ALTER TABLE wp_...')
#2 /wordpress/wp-includes/class-wp-hook.php(324): dropfiles_install(false)
#3 /wordpress/wp-includes/class-wp-hook.php(348): WP_Hook->apply_filters('', Array)
#4 /wordpress/wp-includes/plugin.php(517): WP_Hook->do_action(Array)
#5 /wordpress/wp-admin/includes/plugin.php(703): do_action('activate_dropfi...', false)
#6 /internal/eval.php(20): activate_plugin('dropfiles-free/...')
#7 {main}</pre>
 for query ALTER TABLE wp_dropfiles_roles DROP PRIMARY KEY made by activate_plugin, do_action('activate_dropfiles-free/dropfiles.php'), WP_Hook->do_action, WP_Hook->apply_filters, dropfiles_install, WP_SQLite_DB->query, WP_SQLite_DB->print_error
[26-May-2025 06:00:32 UTC] WordPress database error <div style="clear:both">&nbsp;</div>
<div class="queries" style="clear:both;margin-bottom:2px;border:red dotted thin;">
<p>MySQL query:</p>
<p>SELECT COUNT(*) FROM wp_dropfiles`</p>
<p>Queries made or created this session were:</p>
<ol>
<li>Executing: BEGIN | (no parameters)</li>
<li>Executing: ROLLBACK | (no parameters)</li>
</ol>
</div>
<div style="clear:both;margin-bottom:2px;border:red dotted thin;" class="error_message" style="border-bottom:dotted blue thin;">
Error occurred at line 4117 in Function <code>handle_error</code>. Error message was: Array
(
    [query] => SELECT COUNT(*) FROM wp_dropfiles`
    [message] => Ending quote ` was expected.
    [str] => 
    [position] => 34
    [code] => 0
)
.
</div>
<p>Backtrace:</p>
<pre>#0 /internal/shared/sqlite-database-integration/wp-includes/sqlite/class-wp-sqlite-db.php(287): WP_SQLite_Translator->get_error_message()
#1 /wordpress/wp-includes/class-wpdb.php(3031): WP_SQLite_DB->query('SELECT COUNT(*)...')
#2 /wordpress/wp-content/plugins/dropfiles-free/dropfiles.php(76): wpdb->get_var('SELECT COUNT(*)...')
#3 /wordpress/wp-includes/class-wp-hook.php(324): dropfiles_install(false)
#4 /wordpress/wp-includes/class-wp-hook.php(348): WP_Hook->apply_filters('', Array)
#5 /wordpress/wp-includes/plugin.php(517): WP_Hook->do_action(Array)
#6 /wordpress/wp-admin/includes/plugin.php(703): do_action('activate_dropfi...', false)
#7 /internal/eval.php(20): activate_plugin('dropfiles-free/...')
#8 {main}</pre>
 for query SELECT COUNT(*) FROM wp_dropfiles` made by activate_plugin, do_action('activate_dropfiles-free/dropfiles.php'), WP_Hook->do_action, WP_Hook->apply_filters, dropfiles_install, WP_SQLite_DB->query, WP_SQLite_DB->print_error
[26-May-2025 06:00:32 UTC] WordPress database error <div style="clear:both">&nbsp;</div>
<div class="queries" style="clear:both;margin-bottom:2px;border:red dotted thin;">
<p>MySQL query:</p>
<p>SELECT COUNT(*) FROM wp_dropfiles_categories`</p>
<p>Queries made or created this session were:</p>
<ol>
<li>Executing: BEGIN | (no parameters)</li>
<li>Executing: ROLLBACK | (no parameters)</li>
</ol>
</div>
<div style="clear:both;margin-bottom:2px;border:red dotted thin;" class="error_message" style="border-bottom:dotted blue thin;">
Error occurred at line 4117 in Function <code>handle_error</code>. Error message was: Array
(
    [query] => SELECT COUNT(*) FROM wp_dropfiles_categories`
    [message] => Ending quote ` was expected.
    [str] => 
    [position] => 45
    [code] => 0
)
.
</div>
<p>Backtrace:</p>
<pre>#0 /internal/shared/sqlite-database-integration/wp-includes/sqlite/class-wp-sqlite-db.php(287): WP_SQLite_Translator->get_error_message()
#1 /wordpress/wp-includes/class-wpdb.php(3031): WP_SQLite_DB->query('SELECT COUNT(*)...')
#2 /wordpress/wp-content/plugins/dropfiles-free/dropfiles.php(84): wpdb->get_var('SELECT COUNT(*)...')
#3 /wordpress/wp-includes/class-wp-hook.php(324): dropfiles_install(false)
#4 /wordpress/wp-includes/class-wp-hook.php(348): WP_Hook->apply_filters('', Array)
#5 /wordpress/wp-includes/plugin.php(517): WP_Hook->do_action(Array)
#6 /wordpress/wp-admin/includes/plugin.php(703): do_action('activate_dropfi...', false)
#7 /internal/eval.php(20): activate_plugin('dropfiles-free/...')
#8 {main}</pre>
 for query SELECT COUNT(*) FROM wp_dropfiles_categories` made by activate_plugin, do_action('activate_dropfiles-free/dropfiles.php'), WP_Hook->do_action, WP_Hook->apply_filters, dropfiles_install, WP_SQLite_DB->query, WP_SQLite_DB->print_error
[26-May-2025 06:01:11 UTC] PHP Fatal error:  Unparenthesized `a ? b : c ? d : e` is not supported. Use either `(a ? b : c) ? d : e` or `a ? b : (c ? d : e)` in /wordpress/wp-content/plugins/cross-linker/crosslink.php on line 682
[26-May-2025 06:01:19 UTC] PHP Fatal error:  Unparenthesized `a ? b : c ? d : e` is not supported. Use either `(a ? b : c) ? d : e` or `a ? b : (c ? d : e)` in /wordpress/wp-content/plugins/cross-linker/crosslink.php on line 682
[26-May-2025 06:01:26 UTC] PHP Fatal error:  Unparenthesized `a ? b : c ? d : e` is not supported. Use either `(a ? b : c) ? d : e` or `a ? b : (c ? d : e)` in /wordpress/wp-content/plugins/cross-linker/crosslink.php on line 682

    at Object.onBind (file:///home/runner/work/playground-tester/playground-tester/node_modules/@wp-playground/cli/index.js:237:15)
    at process.processTicksAndRejections (node:internal/process/task_queues:105:5)
    at async V (file:///home/runner/work/playground-tester/playground-tester/node_modules/@wp-playground/cli/index.js:64:10)
    at async ja (file:///home/runner/work/playground-tester/playground-tester/node_modules/@wp-playground/cli/cli.js:8161:12) {
  [cause]: Error: Error when executing the blueprint step #1 ({"step":"installPlugin","pluginData":{"resource":"wordpress.org/plugins","slug":"cross-linker"},"options":{"activate":true}}) : PHP.run() failed with exit code 255 and the following output: 
      at Object.run (file:///home/runner/work/playground-tester/playground-tester/node_modules/@wp-playground/blueprints/index.js:12449:19)
      at process.processTicksAndRejections (node:internal/process/task_queues:105:5)
      at async ms (file:///home/runner/work/playground-tester/playground-tester/node_modules/@wp-playground/blueprints/index.js:12552:3)
      ... 2 lines matching cause stack trace ...
      at async ja (file:///home/runner/work/playground-tester/playground-tester/node_modules/@wp-playground/cli/cli.js:8161:12) {
    [cause]: PHPExecutionFailureError: PHP.run() failed with exit code 255 and the following output: 
        at PHP.run (file:///home/runner/work/playground-tester/playground-tester/node_modules/@php-wasm/universal/index.js:987:19)
        at process.processTicksAndRejections (node:internal/process/task_queues:105:5)
        at async wr (file:///home/runner/work/playground-tester/playground-tester/node_modules/@wp-playground/blueprints/index.js:33:39)
        at async Object.gt [as installPlugin] (file:///home/runner/work/playground-tester/playground-tester/node_modules/@wp-playground/blueprints/index.js:974:42)
        at async g (file:///home/runner/work/playground-tester/playground-tester/node_modules/@wp-playground/blueprints/index.js:12517:30)
        at async Object.run (file:///home/runner/work/playground-tester/playground-tester/node_modules/@wp-playground/blueprints/index.js:12446:23)
        at async ms (file:///home/runner/work/playground-tester/playground-tester/node_modules/@wp-playground/blueprints/index.js:12552:3)
        at async Object.onBind (file:///home/runner/work/playground-tester/playground-tester/node_modules/@wp-playground/cli/index.js:227:48)
        at async V (file:///home/runner/work/playground-tester/playground-tester/node_modules/@wp-playground/cli/index.js:64:10)
        at async ja (file:///home/runner/work/playground-tester/playground-tester/node_modules/@wp-playground/cli/cli.js:8161:12) {
      response: PHPResponse {
        httpStatusCode: 500,
        headers: {
          'x-powered-by': [ 'PHP/8.0.30-dev' ],
          'content-type': [ 'text/html; charset=UTF-8' ]
        },
        bytes: Uint8Array(0) [],
        exitCode: 255,
        errors: ''
      },
      source: 'request'
    }
  }
}

Node.js v23.11.0
