file:///home/runner/work/playground-tester/playground-tester/node_modules/@wp-playground/cli/run-cli-j-geJYS3.js:325
        throw new Error($, { cause: h });
              ^

Error: [21-Jun-2025 13:51:09 UTC] PHP Warning:  Undefined array key "HTTP_USER_AGENT" in /wordpress/wp-content/plugins/wp-stop-cdb/wp-stop-cdb.php on line 44
[21-Jun-2025 13:51:18 UTC] PHP Warning:  Undefined array key "HTTP_USER_AGENT" in /wordpress/wp-content/plugins/wp-stop-cdb/wp-stop-cdb.php on line 44
[21-Jun-2025 13:51:28 UTC] PHP Warning:  Undefined array key "HTTP_USER_AGENT" in /wordpress/wp-content/plugins/wp-stop-cdb/wp-stop-cdb.php on line 44
[21-Jun-2025 13:51:36 UTC] PHP Notice:  Function register_uninstall_hook was called <strong>incorrectly</strong>. Only a static class method or function can be used in an uninstall hook. Please see <a href="https://developer.wordpress.org/advanced-administration/debug/debug-wordpress/">Debugging in WordPress</a> for more information. (This message was added in version 3.1.0.) in /wordpress/wp-includes/functions.php on line 6121
[21-Jun-2025 13:51:36 UTC] PHP Fatal error:  Uncaught Error: Class "CF_Textillate_Settings" not found in /wordpress/wp-content/plugins/wp-textillate/wp-textillate.php:217
Stack trace:
#0 /wordpress/wp-content/plugins/wp-textillate/wp-textillate.php(339): WpTextillate::update_main_options()
#1 /wordpress/wp-includes/class-wp-hook.php(324): WpTextillate->install(false)
#2 /wordpress/wp-includes/class-wp-hook.php(348): WP_Hook->apply_filters('', Array)
#3 /wordpress/wp-includes/plugin.php(517): WP_Hook->do_action(Array)
#4 /wordpress/wp-admin/includes/plugin.php(703): do_action('activate_wp-tex...', false)
#5 /internal/eval.php(20): activate_plugin('wp-textillate/w...')
#6 {main}
  thrown in /wordpress/wp-content/plugins/wp-textillate/wp-textillate.php on line 217
[21-Jun-2025 13:51:44 UTC] PHP Notice:  Function register_uninstall_hook was called <strong>incorrectly</strong>. Only a static class method or function can be used in an uninstall hook. Please see <a href="https://developer.wordpress.org/advanced-administration/debug/debug-wordpress/">Debugging in WordPress</a> for more information. (This message was added in version 3.1.0.) in /wordpress/wp-includes/functions.php on line 6121
[21-Jun-2025 13:51:44 UTC] PHP Fatal error:  Uncaught Error: Class "CF_Textillate_Settings" not found in /wordpress/wp-content/plugins/wp-textillate/wp-textillate.php:217
Stack trace:
#0 /wordpress/wp-content/plugins/wp-textillate/wp-textillate.php(339): WpTextillate::update_main_options()
#1 /wordpress/wp-includes/class-wp-hook.php(324): WpTextillate->install(false)
#2 /wordpress/wp-includes/class-wp-hook.php(348): WP_Hook->apply_filters('', Array)
#3 /wordpress/wp-includes/plugin.php(517): WP_Hook->do_action(Array)
#4 /wordpress/wp-admin/includes/plugin.php(703): do_action('activate_wp-tex...', false)
#5 /internal/eval.php(20): activate_plugin('wp-textillate/w...')
#6 {main}
  thrown in /wordpress/wp-content/plugins/wp-textillate/wp-textillate.php on line 217
[21-Jun-2025 13:51:52 UTC] PHP Notice:  Function register_uninstall_hook was called <strong>incorrectly</strong>. Only a static class method or function can be used in an uninstall hook. Please see <a href="https://developer.wordpress.org/advanced-administration/debug/debug-wordpress/">Debugging in WordPress</a> for more information. (This message was added in version 3.1.0.) in /wordpress/wp-includes/functions.php on line 6121
[21-Jun-2025 13:51:52 UTC] PHP Fatal error:  Uncaught Error: Class "CF_Textillate_Settings" not found in /wordpress/wp-content/plugins/wp-textillate/wp-textillate.php:217
Stack trace:
#0 /wordpress/wp-content/plugins/wp-textillate/wp-textillate.php(339): WpTextillate::update_main_options()
#1 /wordpress/wp-includes/class-wp-hook.php(324): WpTextillate->install(false)
#2 /wordpress/wp-includes/class-wp-hook.php(348): WP_Hook->apply_filters('', Array)
#3 /wordpress/wp-includes/plugin.php(517): WP_Hook->do_action(Array)
#4 /wordpress/wp-admin/includes/plugin.php(703): do_action('activate_wp-tex...', false)
#5 /internal/eval.php(20): activate_plugin('wp-textillate/w...')
#6 {main}
  thrown in /wordpress/wp-content/plugins/wp-textillate/wp-textillate.php on line 217
[21-Jun-2025 13:52:33 UTC] PHP Deprecated:  Function add_option was called with an argument that is <strong>deprecated</strong> since version 2.3.0 with no alternative available. in /wordpress/wp-includes/functions.php on line 6121
[21-Jun-2025 13:52:34 UTC] PHP Deprecated:  Function add_option was called with an argument that is <strong>deprecated</strong> since version 2.3.0 with no alternative available. in /wordpress/wp-includes/functions.php on line 6121
[21-Jun-2025 13:52:43 UTC] PHP Deprecated:  Function add_option was called with an argument that is <strong>deprecated</strong> since version 2.3.0 with no alternative available. in /wordpress/wp-includes/functions.php on line 6121
[21-Jun-2025 13:52:43 UTC] PHP Deprecated:  Function add_option was called with an argument that is <strong>deprecated</strong> since version 2.3.0 with no alternative available. in /wordpress/wp-includes/functions.php on line 6121
[21-Jun-2025 13:52:52 UTC] PHP Deprecated:  Function add_option was called with an argument that is <strong>deprecated</strong> since version 2.3.0 with no alternative available. in /wordpress/wp-includes/functions.php on line 6121
[21-Jun-2025 13:52:53 UTC] PHP Deprecated:  Function add_option was called with an argument that is <strong>deprecated</strong> since version 2.3.0 with no alternative available. in /wordpress/wp-includes/functions.php on line 6121
[21-Jun-2025 13:54:14 UTC] PHP Deprecated:  WP_SQLite_Information_Schema_Exception::__construct(): Implicitly marking parameter $previous as nullable is deprecated, the explicit nullable type must be used instead in /internal/shared/sqlite-database-integration/wp-includes/sqlite-ast/class-wp-sqlite-information-schema-exception.php on line 37
[21-Jun-2025 13:54:16 UTC] PHP Deprecated:  WP_SQLite_Information_Schema_Exception::__construct(): Implicitly marking parameter $previous as nullable is deprecated, the explicit nullable type must be used instead in /internal/shared/sqlite-database-integration/wp-includes/sqlite-ast/class-wp-sqlite-information-schema-exception.php on line 37
[21-Jun-2025 13:54:20 UTC] PHP Deprecated:  WP_SQLite_Information_Schema_Exception::__construct(): Implicitly marking parameter $previous as nullable is deprecated, the explicit nullable type must be used instead in /internal/shared/sqlite-database-integration/wp-includes/sqlite-ast/class-wp-sqlite-information-schema-exception.php on line 37
[21-Jun-2025 13:54:22 UTC] PHP Deprecated:  WP_SQLite_Information_Schema_Exception::__construct(): Implicitly marking parameter $previous as nullable is deprecated, the explicit nullable type must be used instead in /internal/shared/sqlite-database-integration/wp-includes/sqlite-ast/class-wp-sqlite-information-schema-exception.php on line 37
[21-Jun-2025 13:54:27 UTC] PHP Deprecated:  WP_SQLite_Information_Schema_Exception::__construct(): Implicitly marking parameter $previous as nullable is deprecated, the explicit nullable type must be used instead in /internal/shared/sqlite-database-integration/wp-includes/sqlite-ast/class-wp-sqlite-information-schema-exception.php on line 37
[21-Jun-2025 13:54:29 UTC] PHP Deprecated:  WP_SQLite_Information_Schema_Exception::__construct(): Implicitly marking parameter $previous as nullable is deprecated, the explicit nullable type must be used instead in /internal/shared/sqlite-database-integration/wp-includes/sqlite-ast/class-wp-sqlite-information-schema-exception.php on line 37
[21-Jun-2025 13:54:32 UTC] PHP Deprecated:  WP_SQLite_Information_Schema_Exception::__construct(): Implicitly marking parameter $previous as nullable is deprecated, the explicit nullable type must be used instead in /internal/shared/sqlite-database-integration/wp-includes/sqlite-ast/class-wp-sqlite-information-schema-exception.php on line 37
[21-Jun-2025 13:54:34 UTC] PHP Deprecated:  WP_SQLite_Information_Schema_Exception::__construct(): Implicitly marking parameter $previous as nullable is deprecated, the explicit nullable type must be used instead in /internal/shared/sqlite-database-integration/wp-includes/sqlite-ast/class-wp-sqlite-information-schema-exception.php on line 37
[21-Jun-2025 13:54:38 UTC] PHP Deprecated:  WP_SQLite_Information_Schema_Exception::__construct(): Implicitly marking parameter $previous as nullable is deprecated, the explicit nullable type must be used instead in /internal/shared/sqlite-database-integration/wp-includes/sqlite-ast/class-wp-sqlite-information-schema-exception.php on line 37
[21-Jun-2025 13:54:41 UTC] PHP Deprecated:  WP_SQLite_Information_Schema_Exception::__construct(): Implicitly marking parameter $previous as nullable is deprecated, the explicit nullable type must be used instead in /internal/shared/sqlite-database-integration/wp-includes/sqlite-ast/class-wp-sqlite-information-schema-exception.php on line 37
[21-Jun-2025 13:54:44 UTC] PHP Deprecated:  WP_SQLite_Information_Schema_Exception::__construct(): Implicitly marking parameter $previous as nullable is deprecated, the explicit nullable type must be used instead in /internal/shared/sqlite-database-integration/wp-includes/sqlite-ast/class-wp-sqlite-information-schema-exception.php on line 37
[21-Jun-2025 13:54:46 UTC] PHP Deprecated:  WP_SQLite_Information_Schema_Exception::__construct(): Implicitly marking parameter $previous as nullable is deprecated, the explicit nullable type must be used instead in /internal/shared/sqlite-database-integration/wp-includes/sqlite-ast/class-wp-sqlite-information-schema-exception.php on line 37
[21-Jun-2025 13:55:45 UTC] PHP Fatal error:  Uncaught Error: Call to undefined function create_function() in /wordpress/wp-content/plugins/woocommerce-twitterbootstrap/woocommerce-twitterbootstrap.php:117
Stack trace:
#0 /wordpress/wp-includes/class-wp-hook.php(324): WooCommerce_Twitter_Bootstrap->init('')
#1 /wordpress/wp-includes/class-wp-hook.php(348): WP_Hook->apply_filters(NULL, Array)
#2 /wordpress/wp-includes/plugin.php(517): WP_Hook->do_action(Array)
#3 /wordpress/wp-settings.php(727): do_action('init')
#4 /wordpress/wp-config.php(102): require_once('/wordpress/wp-s...')
#5 /wordpress/wp-load.php(50): require_once('/wordpress/wp-c...')
#6 /internal/eval.php(3): require_once('/wordpress/wp-l...')
#7 {main}
  thrown in /wordpress/wp-content/plugins/woocommerce-twitterbootstrap/woocommerce-twitterbootstrap.php on line 117
[21-Jun-2025 13:55:55 UTC] PHP Fatal error:  Uncaught Error: Call to undefined function create_function() in /wordpress/wp-content/plugins/woocommerce-twitterbootstrap/woocommerce-twitterbootstrap.php:117
Stack trace:
#0 /wordpress/wp-includes/class-wp-hook.php(324): WooCommerce_Twitter_Bootstrap->init('')
#1 /wordpress/wp-includes/class-wp-hook.php(348): WP_Hook->apply_filters(NULL, Array)
#2 /wordpress/wp-includes/plugin.php(517): WP_Hook->do_action(Array)
#3 /wordpress/wp-settings.php(727): do_action('init')
#4 /wordpress/wp-config.php(102): require_once('/wordpress/wp-s...')
#5 /wordpress/wp-load.php(50): require_once('/wordpress/wp-c...')
#6 /internal/eval.php(3): require_once('/wordpress/wp-l...')
#7 {main}
  thrown in /wordpress/wp-content/plugins/woocommerce-twitterbootstrap/woocommerce-twitterbootstrap.php on line 117
[21-Jun-2025 13:56:03 UTC] PHP Fatal error:  Uncaught Error: Call to undefined function create_function() in /wordpress/wp-content/plugins/woocommerce-twitterbootstrap/woocommerce-twitterbootstrap.php:117
Stack trace:
#0 /wordpress/wp-includes/class-wp-hook.php(324): WooCommerce_Twitter_Bootstrap->init('')
#1 /wordpress/wp-includes/class-wp-hook.php(348): WP_Hook->apply_filters(NULL, Array)
#2 /wordpress/wp-includes/plugin.php(517): WP_Hook->do_action(Array)
#3 /wordpress/wp-settings.php(727): do_action('init')
#4 /wordpress/wp-config.php(102): require_once('/wordpress/wp-s...')
#5 /wordpress/wp-load.php(50): require_once('/wordpress/wp-c...')
#6 /internal/eval.php(3): require_once('/wordpress/wp-l...')
#7 {main}
  thrown in /wordpress/wp-content/plugins/woocommerce-twitterbootstrap/woocommerce-twitterbootstrap.php on line 117
[21-Jun-2025 13:57:07 UTC] PHP Fatal error:  Uncaught Error: Call to undefined function create_function() in /wordpress/wp-content/plugins/word-letter-counter/at-postmeta-counter-sandhya.php:181
Stack trace:
#0 /wordpress/wp-admin/includes/plugin.php(2387): include_once()
#1 /wordpress/wp-admin/includes/plugin.php(673): plugin_sandbox_scrape('word-letter-cou...')
#2 /internal/eval.php(20): activate_plugin('word-letter-cou...')
#3 {main}
  thrown in /wordpress/wp-content/plugins/word-letter-counter/at-postmeta-counter-sandhya.php on line 181
[21-Jun-2025 13:57:15 UTC] PHP Fatal error:  Uncaught Error: Call to undefined function create_function() in /wordpress/wp-content/plugins/word-letter-counter/at-postmeta-counter-sandhya.php:181
Stack trace:
#0 /wordpress/wp-admin/includes/plugin.php(2387): include_once()
#1 /wordpress/wp-admin/includes/plugin.php(673): plugin_sandbox_scrape('word-letter-cou...')
#2 /internal/eval.php(20): activate_plugin('word-letter-cou...')
#3 {main}
  thrown in /wordpress/wp-content/plugins/word-letter-counter/at-postmeta-counter-sandhya.php on line 181
[21-Jun-2025 13:57:23 UTC] PHP Fatal error:  Uncaught Error: Call to undefined function create_function() in /wordpress/wp-content/plugins/word-letter-counter/at-postmeta-counter-sandhya.php:181
Stack trace:
#0 /wordpress/wp-admin/includes/plugin.php(2387): include_once()
#1 /wordpress/wp-admin/includes/plugin.php(673): plugin_sandbox_scrape('word-letter-cou...')
#2 /internal/eval.php(20): activate_plugin('word-letter-cou...')
#3 {main}
  thrown in /wordpress/wp-content/plugins/word-letter-counter/at-postmeta-counter-sandhya.php on line 181
[21-Jun-2025 13:57:33 UTC] PHP Fatal error:  Uncaught Error: Call to undefined function create_function() in /wordpress/wp-content/plugins/wordcamp-badge-widget/badge.class.php:301
Stack trace:
#0 /wordpress/wp-admin/includes/plugin.php(2387): include_once()
#1 /wordpress/wp-admin/includes/plugin.php(673): plugin_sandbox_scrape('wordcamp-badge-...')
#2 /internal/eval.php(20): activate_plugin('wordcamp-badge-...')
#3 {main}
  thrown in /wordpress/wp-content/plugins/wordcamp-badge-widget/badge.class.php on line 301
[21-Jun-2025 13:57:41 UTC] PHP Fatal error:  Uncaught Error: Call to undefined function create_function() in /wordpress/wp-content/plugins/wordcamp-badge-widget/badge.class.php:301
Stack trace:
#0 /wordpress/wp-admin/includes/plugin.php(2387): include_once()
#1 /wordpress/wp-admin/includes/plugin.php(673): plugin_sandbox_scrape('wordcamp-badge-...')
#2 /internal/eval.php(20): activate_plugin('wordcamp-badge-...')
#3 {main}
  thrown in /wordpress/wp-content/plugins/wordcamp-badge-widget/badge.class.php on line 301
[21-Jun-2025 13:57:49 UTC] PHP Fatal error:  Uncaught Error: Call to undefined function create_function() in /wordpress/wp-content/plugins/wordcamp-badge-widget/badge.class.php:301
Stack trace:
#0 /wordpress/wp-admin/includes/plugin.php(2387): include_once()
#1 /wordpress/wp-admin/includes/plugin.php(673): plugin_sandbox_scrape('wordcamp-badge-...')
#2 /internal/eval.php(20): activate_plugin('wordcamp-badge-...')
#3 {main}
  thrown in /wordpress/wp-content/plugins/wordcamp-badge-widget/badge.class.php on line 301

    at Object.onBind (file:///home/runner/work/playground-tester/playground-tester/node_modules/@wp-playground/cli/run-cli-j-geJYS3.js:325:15)
    at process.processTicksAndRejections (node:internal/process/task_queues:105:5)
    at async re (file:///home/runner/work/playground-tester/playground-tester/node_modules/@wp-playground/cli/run-cli-j-geJYS3.js:149:10) {
  [cause]: Error: Error when executing the blueprint step #5 ({"step":"installPlugin","pluginData":{"resource":"wordpress.org/plugins","slug":"widget-master"},"options":{"activate":true}}) : Could not download "https://downloads.wordpress.org/plugin/widget-master.latest-stable.zip".
  				Check if the URL is correct and the server is reachable.
  				If it is reachable, the server might be blocking the request.
  				Check the browser console and network tabs for more information.
  
  				## Does the console show the error "No 'Access-Control-Allow-Origin' header"?
  
  				This means the server that hosts your file does not allow requests from other sites
  				(cross-origin requests, or CORS).	You need to move the asset to a server that allows
  				cross-origin file downloads. Learn more about CORS at
  				https://developer.mozilla.org/en-US/docs/Web/HTTP/CORS.
  
  				If your file is on GitHub, load it from "raw.githubusercontent.com".
  				Here's how to do that:
  
  				1. Start with the original GitHub URL of the file. For example:
  				https://github.com/username/repository/blob/branch/filename.
  				2. Replace "github.com" with "raw.githubusercontent.com".
  				3. Remove the "/blob/" part of the URL.
  
  				The resulting URL should look like this:
  				https://raw.githubusercontent.com/username/repository/branch/filename
  
  				Error:
  				Error: Could not download "https://downloads.wordpress.org/plugin/widget-master.latest-stable.zip"
      at Object.run (file:///home/runner/work/playground-tester/playground-tester/node_modules/@wp-playground/blueprints/index.js:12093:19)
      at process.processTicksAndRejections (node:internal/process/task_queues:105:5)
      at async ys (file:///home/runner/work/playground-tester/playground-tester/node_modules/@wp-playground/blueprints/index.js:12196:3)
      at async Object.onBind (file:///home/runner/work/playground-tester/playground-tester/node_modules/@wp-playground/cli/run-cli-j-geJYS3.js:315:48)
      at async re (file:///home/runner/work/playground-tester/playground-tester/node_modules/@wp-playground/cli/run-cli-j-geJYS3.js:149:10) {
    [cause]: Error: Could not download "https://downloads.wordpress.org/plugin/widget-master.latest-stable.zip".
    				Check if the URL is correct and the server is reachable.
    				If it is reachable, the server might be blocking the request.
    				Check the browser console and network tabs for more information.
    
    				## Does the console show the error "No 'Access-Control-Allow-Origin' header"?
    
    				This means the server that hosts your file does not allow requests from other sites
    				(cross-origin requests, or CORS).	You need to move the asset to a server that allows
    				cross-origin file downloads. Learn more about CORS at
    				https://developer.mozilla.org/en-US/docs/Web/HTTP/CORS.
    
    				If your file is on GitHub, load it from "raw.githubusercontent.com".
    				Here's how to do that:
    
    				1. Start with the original GitHub URL of the file. For example:
    				https://github.com/username/repository/blob/branch/filename.
    				2. Replace "github.com" with "raw.githubusercontent.com".
    				3. Remove the "/blob/" part of the URL.
    
    				The resulting URL should look like this:
    				https://raw.githubusercontent.com/username/repository/branch/filename
    
    				Error:
    				Error: Could not download "https://downloads.wordpress.org/plugin/widget-master.latest-stable.zip"
        at Ct.resolve (file:///home/runner/work/playground-tester/playground-tester/node_modules/@wp-playground/blueprints/index.js:1129:13)
        at process.processTicksAndRejections (node:internal/process/task_queues:105:5)
        at async _.run (file:///home/runner/work/playground-tester/playground-tester/node_modules/@php-wasm/util/index.js:45:14)
  }
}

Node.js v23.11.0
