file:///home/runner/work/playground-tester/playground-tester/node_modules/@wp-playground/cli/run-cli-j-geJYS3.js:325
        throw new Error($, { cause: h });
              ^

Error: [29-Jun-2025 09:49:13 UTC] PHP Fatal error:  Uncaught Error: Call to undefined function create_function() in /wordpress/wp-content/plugins/dakno-idx/dakno_idx.php:134
Stack trace:
#0 /wordpress/wp-admin/includes/plugin.php(2387): include_once()
#1 /wordpress/wp-admin/includes/plugin.php(673): plugin_sandbox_scrape('dakno-idx/dakno...')
#2 /internal/eval.php(20): activate_plugin('dakno-idx/dakno...')
#3 {main}
  thrown in /wordpress/wp-content/plugins/dakno-idx/dakno_idx.php on line 134
[29-Jun-2025 09:49:22 UTC] PHP Fatal error:  Uncaught Error: Call to undefined function create_function() in /wordpress/wp-content/plugins/dakno-idx/dakno_idx.php:134
Stack trace:
#0 /wordpress/wp-admin/includes/plugin.php(2387): include_once()
#1 /wordpress/wp-admin/includes/plugin.php(673): plugin_sandbox_scrape('dakno-idx/dakno...')
#2 /internal/eval.php(20): activate_plugin('dakno-idx/dakno...')
#3 {main}
  thrown in /wordpress/wp-content/plugins/dakno-idx/dakno_idx.php on line 134
[29-Jun-2025 09:49:29 UTC] PHP Fatal error:  Uncaught Error: Call to undefined function create_function() in /wordpress/wp-content/plugins/dakno-idx/dakno_idx.php:134
Stack trace:
#0 /wordpress/wp-admin/includes/plugin.php(2387): include_once()
#1 /wordpress/wp-admin/includes/plugin.php(673): plugin_sandbox_scrape('dakno-idx/dakno...')
#2 /internal/eval.php(20): activate_plugin('dakno-idx/dakno...')
#3 {main}
  thrown in /wordpress/wp-content/plugins/dakno-idx/dakno_idx.php on line 134
[29-Jun-2025 09:49:40 UTC] PHP Deprecated:  Function register_sidebar_widget is <strong>deprecated</strong> since version 2.8.0! Use wp_register_sidebar_widget() instead. in /wordpress/wp-includes/functions.php on line 6121
[29-Jun-2025 09:49:50 UTC] PHP Deprecated:  Function register_sidebar_widget is <strong>deprecated</strong> since version 2.8.0! Use wp_register_sidebar_widget() instead. in /wordpress/wp-includes/functions.php on line 6121
[29-Jun-2025 09:49:59 UTC] PHP Deprecated:  Function register_sidebar_widget is <strong>deprecated</strong> since version 2.8.0! Use wp_register_sidebar_widget() instead. in /wordpress/wp-includes/functions.php on line 6121
[29-Jun-2025 09:51:07 UTC] PHP Fatal error:  Uncaught Error: Call to undefined function create_function() in /wordpress/wp-content/plugins/database-and-memory-usage-limits/database-memory-limit.php:162
Stack trace:
#0 /wordpress/wp-admin/includes/plugin.php(2387): include_once()
#1 /wordpress/wp-admin/includes/plugin.php(673): plugin_sandbox_scrape('database-and-me...')
#2 /internal/eval.php(20): activate_plugin('database-and-me...')
#3 {main}
  thrown in /wordpress/wp-content/plugins/database-and-memory-usage-limits/database-memory-limit.php on line 162
[29-Jun-2025 09:51:15 UTC] PHP Fatal error:  Uncaught Error: Call to undefined function create_function() in /wordpress/wp-content/plugins/database-and-memory-usage-limits/database-memory-limit.php:162
Stack trace:
#0 /wordpress/wp-admin/includes/plugin.php(2387): include_once()
#1 /wordpress/wp-admin/includes/plugin.php(673): plugin_sandbox_scrape('database-and-me...')
#2 /internal/eval.php(20): activate_plugin('database-and-me...')
#3 {main}
  thrown in /wordpress/wp-content/plugins/database-and-memory-usage-limits/database-memory-limit.php on line 162
[29-Jun-2025 09:51:24 UTC] PHP Fatal error:  Uncaught Error: Call to undefined function create_function() in /wordpress/wp-content/plugins/database-and-memory-usage-limits/database-memory-limit.php:162
Stack trace:
#0 /wordpress/wp-admin/includes/plugin.php(2387): include_once()
#1 /wordpress/wp-admin/includes/plugin.php(673): plugin_sandbox_scrape('database-and-me...')
#2 /internal/eval.php(20): activate_plugin('database-and-me...')
#3 {main}
  thrown in /wordpress/wp-content/plugins/database-and-memory-usage-limits/database-memory-limit.php on line 162
[29-Jun-2025 09:52:04 UTC] PHP Fatal error:  Uncaught ArgumentCountError: Too few arguments to function WP_Widget::__construct(), 0 passed in /wordpress/wp-includes/class-wp-widget-factory.php on line 62 and at least 2 expected in /wordpress/wp-includes/class-wp-widget.php:163
Stack trace:
#0 /wordpress/wp-includes/class-wp-widget-factory.php(62): WP_Widget->__construct()
#1 /wordpress/wp-includes/widgets.php(123): WP_Widget_Factory->register('JunarDataStream...')
#2 /wordpress/wp-content/plugins/datastream/datastream.php(129): register_widget('JunarDataStream...')
#3 /wordpress/wp-includes/class-wp-hook.php(324): loadJunarWidget('')
#4 /wordpress/wp-includes/class-wp-hook.php(348): WP_Hook->apply_filters(NULL, Array)
#5 /wordpress/wp-includes/plugin.php(517): WP_Hook->do_action(Array)
#6 /wordpress/wp-includes/widgets.php(1870): do_action('widgets_init')
#7 /wordpress/wp-includes/class-wp-hook.php(324): wp_widgets_init('')
#8 /wordpress/wp-includes/class-wp-hook.php(348): WP_Hook->apply_filters(NULL, Array)
#9 /wordpress/wp-includes/plugin.php(517): WP_Hook->do_action(Array)
#10 /wordpress/wp-settings.php(727): do_action('init')
#11 /wordpress/wp-config.php(102): require_once('/wordpress/wp-s...')
#12 /wordpress/wp-load.php(50): require_once('/wordpress/wp-c...')
#13 /internal/eval.php(3): require_once('/wordpress/wp-l...')
#14 {main}
  thrown in /wordpress/wp-includes/class-wp-widget.php on line 163
[29-Jun-2025 09:52:13 UTC] PHP Fatal error:  Uncaught ArgumentCountError: Too few arguments to function WP_Widget::__construct(), 0 passed in /wordpress/wp-includes/class-wp-widget-factory.php on line 62 and at least 2 expected in /wordpress/wp-includes/class-wp-widget.php:163
Stack trace:
#0 /wordpress/wp-includes/class-wp-widget-factory.php(62): WP_Widget->__construct()
#1 /wordpress/wp-includes/widgets.php(123): WP_Widget_Factory->register('JunarDataStream...')
#2 /wordpress/wp-content/plugins/datastream/datastream.php(129): register_widget('JunarDataStream...')
#3 /wordpress/wp-includes/class-wp-hook.php(324): loadJunarWidget('')
#4 /wordpress/wp-includes/class-wp-hook.php(348): WP_Hook->apply_filters(NULL, Array)
#5 /wordpress/wp-includes/plugin.php(517): WP_Hook->do_action(Array)
#6 /wordpress/wp-includes/widgets.php(1870): do_action('widgets_init')
#7 /wordpress/wp-includes/class-wp-hook.php(324): wp_widgets_init('')
#8 /wordpress/wp-includes/class-wp-hook.php(348): WP_Hook->apply_filters(NULL, Array)
#9 /wordpress/wp-includes/plugin.php(517): WP_Hook->do_action(Array)
#10 /wordpress/wp-settings.php(727): do_action('init')
#11 /wordpress/wp-config.php(102): require_once('/wordpress/wp-s...')
#12 /wordpress/wp-load.php(50): require_once('/wordpress/wp-c...')
#13 /internal/eval.php(3): require_once('/wordpress/wp-l...')
#14 {main}
  thrown in /wordpress/wp-includes/class-wp-widget.php on line 163
[29-Jun-2025 09:52:23 UTC] PHP Fatal error:  Uncaught ArgumentCountError: Too few arguments to function WP_Widget::__construct(), 0 passed in /wordpress/wp-includes/class-wp-widget-factory.php on line 62 and at least 2 expected in /wordpress/wp-includes/class-wp-widget.php:163
Stack trace:
#0 /wordpress/wp-includes/class-wp-widget-factory.php(62): WP_Widget->__construct()
#1 /wordpress/wp-includes/widgets.php(123): WP_Widget_Factory->register('JunarDataStream...')
#2 /wordpress/wp-content/plugins/datastream/datastream.php(129): register_widget('JunarDataStream...')
#3 /wordpress/wp-includes/class-wp-hook.php(324): loadJunarWidget('')
#4 /wordpress/wp-includes/class-wp-hook.php(348): WP_Hook->apply_filters(NULL, Array)
#5 /wordpress/wp-includes/plugin.php(517): WP_Hook->do_action(Array)
#6 /wordpress/wp-includes/widgets.php(1870): do_action('widgets_init')
#7 /wordpress/wp-includes/class-wp-hook.php(324): wp_widgets_init('')
#8 /wordpress/wp-includes/class-wp-hook.php(348): WP_Hook->apply_filters(NULL, Array)
#9 /wordpress/wp-includes/plugin.php(517): WP_Hook->do_action(Array)
#10 /wordpress/wp-settings.php(727): do_action('init')
#11 /wordpress/wp-config.php(102): require_once('/wordpress/wp-s...')
#12 /wordpress/wp-load.php(50): require_once('/wordpress/wp-c...')
#13 /internal/eval.php(3): require_once('/wordpress/wp-l...')
#14 {main}
  thrown in /wordpress/wp-includes/class-wp-widget.php on line 163
[29-Jun-2025 09:52:28 UTC] PHP Deprecated:  WP_SQLite_Information_Schema_Exception::__construct(): Implicitly marking parameter $previous as nullable is deprecated, the explicit nullable type must be used instead in /internal/shared/sqlite-database-integration/wp-includes/sqlite-ast/class-wp-sqlite-information-schema-exception.php on line 37
[29-Jun-2025 09:52:29 UTC] PHP Deprecated:  WP_SQLite_Information_Schema_Exception::__construct(): Implicitly marking parameter $previous as nullable is deprecated, the explicit nullable type must be used instead in /internal/shared/sqlite-database-integration/wp-includes/sqlite-ast/class-wp-sqlite-information-schema-exception.php on line 37
[29-Jun-2025 09:52:31 UTC] PHP Deprecated:  WP_SQLite_Information_Schema_Exception::__construct(): Implicitly marking parameter $previous as nullable is deprecated, the explicit nullable type must be used instead in /internal/shared/sqlite-database-integration/wp-includes/sqlite-ast/class-wp-sqlite-information-schema-exception.php on line 37
[29-Jun-2025 09:52:34 UTC] PHP Deprecated:  WP_SQLite_Information_Schema_Exception::__construct(): Implicitly marking parameter $previous as nullable is deprecated, the explicit nullable type must be used instead in /internal/shared/sqlite-database-integration/wp-includes/sqlite-ast/class-wp-sqlite-information-schema-exception.php on line 37
[29-Jun-2025 09:52:39 UTC] PHP Deprecated:  WP_SQLite_Information_Schema_Exception::__construct(): Implicitly marking parameter $previous as nullable is deprecated, the explicit nullable type must be used instead in /internal/shared/sqlite-database-integration/wp-includes/sqlite-ast/class-wp-sqlite-information-schema-exception.php on line 37
[29-Jun-2025 09:52:40 UTC] PHP Deprecated:  WP_SQLite_Information_Schema_Exception::__construct(): Implicitly marking parameter $previous as nullable is deprecated, the explicit nullable type must be used instead in /internal/shared/sqlite-database-integration/wp-includes/sqlite-ast/class-wp-sqlite-information-schema-exception.php on line 37
[29-Jun-2025 09:52:43 UTC] PHP Deprecated:  WP_SQLite_Information_Schema_Exception::__construct(): Implicitly marking parameter $previous as nullable is deprecated, the explicit nullable type must be used instead in /internal/shared/sqlite-database-integration/wp-includes/sqlite-ast/class-wp-sqlite-information-schema-exception.php on line 37
[29-Jun-2025 09:52:45 UTC] PHP Deprecated:  WP_SQLite_Information_Schema_Exception::__construct(): Implicitly marking parameter $previous as nullable is deprecated, the explicit nullable type must be used instead in /internal/shared/sqlite-database-integration/wp-includes/sqlite-ast/class-wp-sqlite-information-schema-exception.php on line 37
[29-Jun-2025 09:52:49 UTC] PHP Deprecated:  WP_SQLite_Information_Schema_Exception::__construct(): Implicitly marking parameter $previous as nullable is deprecated, the explicit nullable type must be used instead in /internal/shared/sqlite-database-integration/wp-includes/sqlite-ast/class-wp-sqlite-information-schema-exception.php on line 37
[29-Jun-2025 09:52:51 UTC] PHP Deprecated:  WP_SQLite_Information_Schema_Exception::__construct(): Implicitly marking parameter $previous as nullable is deprecated, the explicit nullable type must be used instead in /internal/shared/sqlite-database-integration/wp-includes/sqlite-ast/class-wp-sqlite-information-schema-exception.php on line 37
[29-Jun-2025 09:52:53 UTC] PHP Deprecated:  WP_SQLite_Information_Schema_Exception::__construct(): Implicitly marking parameter $previous as nullable is deprecated, the explicit nullable type must be used instead in /internal/shared/sqlite-database-integration/wp-includes/sqlite-ast/class-wp-sqlite-information-schema-exception.php on line 37
[29-Jun-2025 09:52:55 UTC] PHP Deprecated:  WP_SQLite_Information_Schema_Exception::__construct(): Implicitly marking parameter $previous as nullable is deprecated, the explicit nullable type must be used instead in /internal/shared/sqlite-database-integration/wp-includes/sqlite-ast/class-wp-sqlite-information-schema-exception.php on line 37
[29-Jun-2025 09:53:06 UTC] PHP Notice:  Function _load_textdomain_just_in_time was called <strong>incorrectly</strong>. Translation loading for the <code>dbmc</code> domain was triggered too early. This is usually an indicator for some code in the plugin or theme running too early. Translations should be loaded at the <code>init</code> action or later. Please see <a href="https://developer.wordpress.org/advanced-administration/debug/debug-wordpress/">Debugging in WordPress</a> for more information. (This message was added in version 6.7.0.) in /wordpress/wp-includes/functions.php on line 6121
[29-Jun-2025 09:53:16 UTC] PHP Notice:  Function _load_textdomain_just_in_time was called <strong>incorrectly</strong>. Translation loading for the <code>dbmc</code> domain was triggered too early. This is usually an indicator for some code in the plugin or theme running too early. Translations should be loaded at the <code>init</code> action or later. Please see <a href="https://developer.wordpress.org/advanced-administration/debug/debug-wordpress/">Debugging in WordPress</a> for more information. (This message was added in version 6.7.0.) in /wordpress/wp-includes/functions.php on line 6121
[29-Jun-2025 09:53:25 UTC] PHP Notice:  Function _load_textdomain_just_in_time was called <strong>incorrectly</strong>. Translation loading for the <code>dbmc</code> domain was triggered too early. This is usually an indicator for some code in the plugin or theme running too early. Translations should be loaded at the <code>init</code> action or later. Please see <a href="https://developer.wordpress.org/advanced-administration/debug/debug-wordpress/">Debugging in WordPress</a> for more information. (This message was added in version 6.7.0.) in /wordpress/wp-includes/functions.php on line 6121
[29-Jun-2025 09:56:19 UTC] PHP Warning:  Trying to access array offset on value of type bool in /wordpress/wp-content/plugins/deemly/inc/buddypress.php on line 9
[29-Jun-2025 09:56:19 UTC] PHP Warning:  Undefined array key "dmly_display_bp_activity_feed" in /wordpress/wp-content/plugins/deemly/inc/buddypress.php on line 19
[29-Jun-2025 09:56:20 UTC] PHP Warning:  Trying to access array offset on value of type bool in /wordpress/wp-content/plugins/deemly/inc/buddypress.php on line 9
[29-Jun-2025 09:56:20 UTC] PHP Warning:  Undefined array key "dmly_display_bp_activity_feed" in /wordpress/wp-content/plugins/deemly/inc/buddypress.php on line 19
[29-Jun-2025 09:56:28 UTC] PHP Warning:  Trying to access array offset on value of type bool in /wordpress/wp-content/plugins/deemly/inc/buddypress.php on line 9
[29-Jun-2025 09:56:28 UTC] PHP Warning:  Undefined array key "dmly_display_bp_activity_feed" in /wordpress/wp-content/plugins/deemly/inc/buddypress.php on line 19
[29-Jun-2025 09:56:30 UTC] PHP Warning:  Trying to access array offset on value of type bool in /wordpress/wp-content/plugins/deemly/inc/buddypress.php on line 9
[29-Jun-2025 09:56:30 UTC] PHP Warning:  Undefined array key "dmly_display_bp_activity_feed" in /wordpress/wp-content/plugins/deemly/inc/buddypress.php on line 19
[29-Jun-2025 09:56:38 UTC] PHP Warning:  Trying to access array offset on value of type bool in /wordpress/wp-content/plugins/deemly/inc/buddypress.php on line 9
[29-Jun-2025 09:56:38 UTC] PHP Warning:  Undefined array key "dmly_display_bp_activity_feed" in /wordpress/wp-content/plugins/deemly/inc/buddypress.php on line 19
[29-Jun-2025 09:56:39 UTC] PHP Warning:  Trying to access array offset on value of type bool in /wordpress/wp-content/plugins/deemly/inc/buddypress.php on line 9
[29-Jun-2025 09:56:39 UTC] PHP Warning:  Undefined array key "dmly_display_bp_activity_feed" in /wordpress/wp-content/plugins/deemly/inc/buddypress.php on line 19
[29-Jun-2025 09:56:49 UTC] PHP Notice:  ob_end_clean(): Failed to delete buffer. No buffer to delete in /wordpress/wp-content/plugins/defer-media/DeferMedia.php on line 25
[29-Jun-2025 09:56:50 UTC] PHP Warning:  Undefined variable $loading_image in /wordpress/wp-content/plugins/defer-media/lib/Optimize.php on line 45
[29-Jun-2025 09:56:59 UTC] PHP Notice:  ob_end_clean(): Failed to delete buffer. No buffer to delete in /wordpress/wp-content/plugins/defer-media/DeferMedia.php on line 25
[29-Jun-2025 09:57:00 UTC] PHP Warning:  Undefined variable $loading_image in /wordpress/wp-content/plugins/defer-media/lib/Optimize.php on line 45
[29-Jun-2025 09:57:10 UTC] PHP Notice:  ob_end_clean(): Failed to delete buffer. No buffer to delete in /wordpress/wp-content/plugins/defer-media/DeferMedia.php on line 25
[29-Jun-2025 09:57:11 UTC] PHP Warning:  Undefined variable $loading_image in /wordpress/wp-content/plugins/defer-media/lib/Optimize.php on line 45
[29-Jun-2025 09:58:20 UTC] PHP Deprecated:  Required parameter $wrapper follows optional parameter $type in /wordpress/wp-content/plugins/delivery-woo/freemius/includes/class-fs-logger.php on line 145

    at Object.onBind (file:///home/runner/work/playground-tester/playground-tester/node_modules/@wp-playground/cli/run-cli-j-geJYS3.js:325:15)
    at processTicksAndRejections (node:internal/process/task_queues:105:5)
    ... 2 lines matching cause stack trace ...
    at process.processTimers (node:internal/timers:543:7)
    at async re (file:///home/runner/work/playground-tester/playground-tester/node_modules/@wp-playground/cli/run-cli-j-geJYS3.js:149:10) {
  [cause]: Error: Error when executing the blueprint step #5 ({"step":"installPlugin","pluginData":{"resource":"wordpress.org/plugins","slug":"delivery-woo"},"options":{"activate":true}}) : Plugin /wordpress/wp-content/plugins/delivery-woo could not be activated – WordPress exited with no error. Sometimes, when $_SERVER or site options are not configured correctly, WordPress exits early with a 301 redirect. Inspect the "debug" logs in the console for more details.
      at Object.run (file:///home/runner/work/playground-tester/playground-tester/node_modules/@wp-playground/blueprints/index.js:12093:19)
      at processTicksAndRejections (node:internal/process/task_queues:105:5)
      ... 2 lines matching cause stack trace ...
      at process.processTimers (node:internal/timers:543:7)
      at async ys (file:///home/runner/work/playground-tester/playground-tester/node_modules/@wp-playground/blueprints/index.js:12196:3)
      at async Object.onBind (file:///home/runner/work/playground-tester/playground-tester/node_modules/@wp-playground/cli/run-cli-j-geJYS3.js:315:48)
      at async re (file:///home/runner/work/playground-tester/playground-tester/node_modules/@wp-playground/cli/run-cli-j-geJYS3.js:149:10) {
    [cause]: Error: Plugin /wordpress/wp-content/plugins/delivery-woo could not be activated – WordPress exited with no error. Sometimes, when $_SERVER or site options are not configured correctly, WordPress exits early with a 301 redirect. Inspect the "debug" logs in the console for more details.
        at wr (file:///home/runner/work/playground-tester/playground-tester/node_modules/@wp-playground/blueprints/index.js:120:51)
        at processTicksAndRejections (node:internal/process/task_queues:105:5)
        at runNextTicks (node:internal/process/task_queues:69:3)
        at listOnTimeout (node:internal/timers:569:9)
        at process.processTimers (node:internal/timers:543:7)
        at async Object.gt [as installPlugin] (file:///home/runner/work/playground-tester/playground-tester/node_modules/@wp-playground/blueprints/index.js:631:42)
        at async g (file:///home/runner/work/playground-tester/playground-tester/node_modules/@wp-playground/blueprints/index.js:12161:30)
        at async Object.run (file:///home/runner/work/playground-tester/playground-tester/node_modules/@wp-playground/blueprints/index.js:12090:23)
        at async ys (file:///home/runner/work/playground-tester/playground-tester/node_modules/@wp-playground/blueprints/index.js:12196:3)
        at async Object.onBind (file:///home/runner/work/playground-tester/playground-tester/node_modules/@wp-playground/cli/run-cli-j-geJYS3.js:315:48)
  }
}

Node.js v23.11.0
