file:///home/runner/work/playground-tester/playground-tester/node_modules/@wp-playground/cli/run-cli-j-geJYS3.js:325
        throw new Error($, { cause: h });
              ^

Error: [07-Jun-2025 10:28:58 UTC] PHP Warning:  Undefined array key "id" in /internal/shared/sqlite-database-integration/wp-includes/sqlite-ast/class-wp-sqlite-information-schema-builder.php on line 1046
[07-Jun-2025 10:28:58 UTC] PHP Warning:  Trying to access array offset on value of type null in /internal/shared/sqlite-database-integration/wp-includes/sqlite-ast/class-wp-sqlite-information-schema-builder.php on line 1046
[07-Jun-2025 10:28:58 UTC] PHP Warning:  Undefined array key "id" in /internal/shared/sqlite-database-integration/wp-includes/sqlite-ast/class-wp-sqlite-information-schema-builder.php on line 1055
[07-Jun-2025 10:28:58 UTC] PHP Warning:  Trying to access array offset on value of type null in /internal/shared/sqlite-database-integration/wp-includes/sqlite-ast/class-wp-sqlite-information-schema-builder.php on line 1055
[07-Jun-2025 10:28:58 UTC] PHP Notice:  session_start(): Ignoring session_start() because a session is already active in /wordpress/wp-content/plugins/cart-analytics-for-wp-e-commerce/json_data.php on line 2
[07-Jun-2025 10:28:59 UTC] PHP Notice:  session_start(): Ignoring session_start() because a session is already active in /wordpress/wp-content/plugins/cart-analytics-for-wp-e-commerce/json_data.php on line 2
[07-Jun-2025 10:29:08 UTC] PHP Warning:  Undefined array key "id" in /internal/shared/sqlite-database-integration/wp-includes/sqlite-ast/class-wp-sqlite-information-schema-builder.php on line 1046
[07-Jun-2025 10:29:08 UTC] PHP Warning:  Trying to access array offset on value of type null in /internal/shared/sqlite-database-integration/wp-includes/sqlite-ast/class-wp-sqlite-information-schema-builder.php on line 1046
[07-Jun-2025 10:29:08 UTC] PHP Warning:  Undefined array key "id" in /internal/shared/sqlite-database-integration/wp-includes/sqlite-ast/class-wp-sqlite-information-schema-builder.php on line 1055
[07-Jun-2025 10:29:08 UTC] PHP Warning:  Trying to access array offset on value of type null in /internal/shared/sqlite-database-integration/wp-includes/sqlite-ast/class-wp-sqlite-information-schema-builder.php on line 1055
[07-Jun-2025 10:29:08 UTC] PHP Notice:  session_start(): Ignoring session_start() because a session is already active in /wordpress/wp-content/plugins/cart-analytics-for-wp-e-commerce/json_data.php on line 2
[07-Jun-2025 10:29:09 UTC] PHP Notice:  session_start(): Ignoring session_start() because a session is already active in /wordpress/wp-content/plugins/cart-analytics-for-wp-e-commerce/json_data.php on line 2
[07-Jun-2025 10:29:18 UTC] PHP Warning:  Undefined array key "id" in /internal/shared/sqlite-database-integration/wp-includes/sqlite-ast/class-wp-sqlite-information-schema-builder.php on line 1046
[07-Jun-2025 10:29:18 UTC] PHP Warning:  Trying to access array offset on value of type null in /internal/shared/sqlite-database-integration/wp-includes/sqlite-ast/class-wp-sqlite-information-schema-builder.php on line 1046
[07-Jun-2025 10:29:18 UTC] PHP Warning:  Undefined array key "id" in /internal/shared/sqlite-database-integration/wp-includes/sqlite-ast/class-wp-sqlite-information-schema-builder.php on line 1055
[07-Jun-2025 10:29:18 UTC] PHP Warning:  Trying to access array offset on value of type null in /internal/shared/sqlite-database-integration/wp-includes/sqlite-ast/class-wp-sqlite-information-schema-builder.php on line 1055
[07-Jun-2025 10:29:18 UTC] PHP Notice:  session_start(): Ignoring session_start() because a session is already active in /wordpress/wp-content/plugins/cart-analytics-for-wp-e-commerce/json_data.php on line 2
[07-Jun-2025 10:29:19 UTC] PHP Notice:  session_start(): Ignoring session_start() because a session is already active in /wordpress/wp-content/plugins/cart-analytics-for-wp-e-commerce/json_data.php on line 2
[07-Jun-2025 10:29:28 UTC] PHP Deprecated:  Required parameter $page follows optional parameter $function in /wordpress/wp-content/plugins/category-images-ii/class-Plugin.php on line 426
[07-Jun-2025 10:29:29 UTC] PHP Deprecated:  Required parameter $page follows optional parameter $function in /wordpress/wp-content/plugins/category-images-ii/class-Plugin.php on line 426
[07-Jun-2025 10:29:37 UTC] PHP Deprecated:  Required parameter $page follows optional parameter $function in /wordpress/wp-content/plugins/category-images-ii/class-Plugin.php on line 426
[07-Jun-2025 10:29:38 UTC] PHP Deprecated:  Required parameter $page follows optional parameter $function in /wordpress/wp-content/plugins/category-images-ii/class-Plugin.php on line 426
[07-Jun-2025 10:29:46 UTC] PHP Deprecated:  Required parameter $page follows optional parameter $function in /wordpress/wp-content/plugins/category-images-ii/class-Plugin.php on line 426
[07-Jun-2025 10:29:47 UTC] PHP Deprecated:  Required parameter $page follows optional parameter $function in /wordpress/wp-content/plugins/category-images-ii/class-Plugin.php on line 426
[07-Jun-2025 10:31:58 UTC] PHP Deprecated:  Function load_plugin_textdomain was called with an argument that is <strong>deprecated</strong> since version 2.7.0 with no alternative available. in /wordpress/wp-includes/functions.php on line 6121
[07-Jun-2025 10:32:07 UTC] PHP Deprecated:  Function load_plugin_textdomain was called with an argument that is <strong>deprecated</strong> since version 2.7.0 with no alternative available. in /wordpress/wp-includes/functions.php on line 6121
[07-Jun-2025 10:32:16 UTC] PHP Deprecated:  Function load_plugin_textdomain was called with an argument that is <strong>deprecated</strong> since version 2.7.0 with no alternative available. in /wordpress/wp-includes/functions.php on line 6121
[07-Jun-2025 10:32:25 UTC] PHP Deprecated:  Function register_widget_control is <strong>deprecated</strong> since version 2.8.0! Use wp_register_widget_control() instead. in /wordpress/wp-includes/functions.php on line 6121
[07-Jun-2025 10:32:25 UTC] PHP Deprecated:  Function register_sidebar_widget is <strong>deprecated</strong> since version 2.8.0! Use wp_register_sidebar_widget() instead. in /wordpress/wp-includes/functions.php on line 6121
[07-Jun-2025 10:32:34 UTC] PHP Deprecated:  Function register_widget_control is <strong>deprecated</strong> since version 2.8.0! Use wp_register_widget_control() instead. in /wordpress/wp-includes/functions.php on line 6121
[07-Jun-2025 10:32:34 UTC] PHP Deprecated:  Function register_sidebar_widget is <strong>deprecated</strong> since version 2.8.0! Use wp_register_sidebar_widget() instead. in /wordpress/wp-includes/functions.php on line 6121
[07-Jun-2025 10:32:43 UTC] PHP Deprecated:  Function register_widget_control is <strong>deprecated</strong> since version 2.8.0! Use wp_register_widget_control() instead. in /wordpress/wp-includes/functions.php on line 6121
[07-Jun-2025 10:32:43 UTC] PHP Deprecated:  Function register_sidebar_widget is <strong>deprecated</strong> since version 2.8.0! Use wp_register_sidebar_widget() instead. in /wordpress/wp-includes/functions.php on line 6121
[07-Jun-2025 10:33:19 UTC] PHP Notice:  Only variables should be passed by reference in /wordpress/wp-content/plugins/cleeng/cleengWP.php on line 29
[07-Jun-2025 10:33:19 UTC] PHP Notice:  curl_setopt(): CURLOPT_SSL_VERIFYHOST no longer accepts the value 1, value 2 will be used instead in /wordpress/wp-content/plugins/cleeng/php/classes/Client.php on line 541
[07-Jun-2025 10:33:20 UTC] PHP Fatal error:  Uncaught CleengClientException: Authorization error (404). in /wordpress/wp-content/plugins/cleeng/php/classes/Client.php:557
Stack trace:
#0 /wordpress/wp-content/plugins/cleeng/php/classes/Client.php(891): Cleeng_Client->callApi('registerClientA...', Array)
#1 /wordpress/wp-content/plugins/cleeng/php/classes/Installer.php(115): Cleeng_Client->registerClientApp('My WordPress We...', 'Automatically c...', 'http://127.0.0....')
#2 /wordpress/wp-content/plugins/cleeng/php/classes/Core.php(132): Cleeng_Installer->register_client_app()
#3 /wordpress/wp-content/plugins/cleeng/cleengWP.php(34): Cleeng_Core->setup()
#4 /wordpress/wp-admin/includes/plugin.php(2387): include_once('/wordpress/wp-c...')
#5 /wordpress/wp-admin/includes/plugin.php(673): plugin_sandbox_scrape('cleeng/cleengWP...')
#6 /internal/eval.php(20): activate_plugin('cleeng/cleengWP...')
#7 {main}
  thrown in /wordpress/wp-content/plugins/cleeng/php/classes/Client.php on line 557
[07-Jun-2025 10:33:28 UTC] PHP Notice:  Only variables should be passed by reference in /wordpress/wp-content/plugins/cleeng/cleengWP.php on line 29
[07-Jun-2025 10:33:28 UTC] PHP Notice:  curl_setopt(): CURLOPT_SSL_VERIFYHOST no longer accepts the value 1, value 2 will be used instead in /wordpress/wp-content/plugins/cleeng/php/classes/Client.php on line 541
[07-Jun-2025 10:33:29 UTC] PHP Fatal error:  Uncaught CleengClientException: Authorization error (404). in /wordpress/wp-content/plugins/cleeng/php/classes/Client.php:557
Stack trace:
#0 /wordpress/wp-content/plugins/cleeng/php/classes/Client.php(891): Cleeng_Client->callApi('registerClientA...', Array)
#1 /wordpress/wp-content/plugins/cleeng/php/classes/Installer.php(115): Cleeng_Client->registerClientApp('My WordPress We...', 'Automatically c...', 'http://127.0.0....')
#2 /wordpress/wp-content/plugins/cleeng/php/classes/Core.php(132): Cleeng_Installer->register_client_app()
#3 /wordpress/wp-content/plugins/cleeng/cleengWP.php(34): Cleeng_Core->setup()
#4 /wordpress/wp-admin/includes/plugin.php(2387): include_once('/wordpress/wp-c...')
#5 /wordpress/wp-admin/includes/plugin.php(673): plugin_sandbox_scrape('cleeng/cleengWP...')
#6 /internal/eval.php(20): activate_plugin('cleeng/cleengWP...')
#7 {main}
  thrown in /wordpress/wp-content/plugins/cleeng/php/classes/Client.php on line 557
[07-Jun-2025 10:33:37 UTC] PHP Notice:  Only variables should be passed by reference in /wordpress/wp-content/plugins/cleeng/cleengWP.php on line 29
[07-Jun-2025 10:33:37 UTC] PHP Notice:  curl_setopt(): CURLOPT_SSL_VERIFYHOST no longer accepts the value 1, value 2 will be used instead in /wordpress/wp-content/plugins/cleeng/php/classes/Client.php on line 541
[07-Jun-2025 10:33:37 UTC] PHP Fatal error:  Uncaught CleengClientException: Authorization error (404). in /wordpress/wp-content/plugins/cleeng/php/classes/Client.php:557
Stack trace:
#0 /wordpress/wp-content/plugins/cleeng/php/classes/Client.php(891): Cleeng_Client->callApi('registerClientA...', Array)
#1 /wordpress/wp-content/plugins/cleeng/php/classes/Installer.php(115): Cleeng_Client->registerClientApp('My WordPress We...', 'Automatically c...', 'http://127.0.0....')
#2 /wordpress/wp-content/plugins/cleeng/php/classes/Core.php(132): Cleeng_Installer->register_client_app()
#3 /wordpress/wp-content/plugins/cleeng/cleengWP.php(34): Cleeng_Core->setup()
#4 /wordpress/wp-admin/includes/plugin.php(2387): include_once('/wordpress/wp-c...')
#5 /wordpress/wp-admin/includes/plugin.php(673): plugin_sandbox_scrape('cleeng/cleengWP...')
#6 /internal/eval.php(20): activate_plugin('cleeng/cleengWP...')
#7 {main}
  thrown in /wordpress/wp-content/plugins/cleeng/php/classes/Client.php on line 557
[07-Jun-2025 10:33:46 UTC] PHP Fatal error:  Uncaught TypeError: call_user_func_array(): Argument #1 ($callback) must be a valid callback, non-static method tm_clicktotweet::activation() cannot be called statically in /wordpress/wp-includes/class-wp-hook.php:324
Stack trace:
#0 /wordpress/wp-includes/class-wp-hook.php(348): WP_Hook->apply_filters('', Array)
#1 /wordpress/wp-includes/plugin.php(517): WP_Hook->do_action(Array)
#2 /wordpress/wp-admin/includes/plugin.php(703): do_action('activate_click-...', false)
#3 /internal/eval.php(20): activate_plugin('click-to-tweet-...')
#4 {main}
  thrown in /wordpress/wp-includes/class-wp-hook.php on line 324
[07-Jun-2025 10:33:54 UTC] PHP Fatal error:  Uncaught TypeError: call_user_func_array(): Argument #1 ($callback) must be a valid callback, non-static method tm_clicktotweet::activation() cannot be called statically in /wordpress/wp-includes/class-wp-hook.php:324
Stack trace:
#0 /wordpress/wp-includes/class-wp-hook.php(348): WP_Hook->apply_filters('', Array)
#1 /wordpress/wp-includes/plugin.php(517): WP_Hook->do_action(Array)
#2 /wordpress/wp-admin/includes/plugin.php(703): do_action('activate_click-...', false)
#3 /internal/eval.php(20): activate_plugin('click-to-tweet-...')
#4 {main}
  thrown in /wordpress/wp-includes/class-wp-hook.php on line 324
[07-Jun-2025 10:34:02 UTC] PHP Fatal error:  Uncaught TypeError: call_user_func_array(): Argument #1 ($callback) must be a valid callback, non-static method tm_clicktotweet::activation() cannot be called statically in /wordpress/wp-includes/class-wp-hook.php:324
Stack trace:
#0 /wordpress/wp-includes/class-wp-hook.php(348): WP_Hook->apply_filters('', Array)
#1 /wordpress/wp-includes/plugin.php(517): WP_Hook->do_action(Array)
#2 /wordpress/wp-admin/includes/plugin.php(703): do_action('activate_click-...', false)
#3 /internal/eval.php(20): activate_plugin('click-to-tweet-...')
#4 {main}
  thrown in /wordpress/wp-includes/class-wp-hook.php on line 324
[07-Jun-2025 10:34:39 UTC] PHP Fatal error:  Uncaught ArgumentCountError: Too few arguments to function WP_Widget::__construct(), 0 passed in /wordpress/wp-includes/class-wp-widget-factory.php on line 62 and at least 2 expected in /wordpress/wp-includes/class-wp-widget.php:163
Stack trace:
#0 /wordpress/wp-includes/class-wp-widget-factory.php(62): WP_Widget->__construct()
#1 /wordpress/wp-includes/widgets.php(123): WP_Widget_Factory->register('CFWidget')
#2 /wordpress/wp-content/plugins/coastal-factoid/coastalfactoid.php(39): register_widget('CFWidget')
#3 /wordpress/wp-includes/class-wp-hook.php(324): coastalfactoid_register_widgets('')
#4 /wordpress/wp-includes/class-wp-hook.php(348): WP_Hook->apply_filters(NULL, Array)
#5 /wordpress/wp-includes/plugin.php(517): WP_Hook->do_action(Array)
#6 /wordpress/wp-includes/widgets.php(1870): do_action('widgets_init')
#7 /wordpress/wp-includes/class-wp-hook.php(324): wp_widgets_init('')
#8 /wordpress/wp-includes/class-wp-hook.php(348): WP_Hook->apply_filters(NULL, Array)
#9 /wordpress/wp-includes/plugin.php(517): WP_Hook->do_action(Array)
#10 /wordpress/wp-settings.php(727): do_action('init')
#11 /wordpress/wp-config.php(102): require_once('/wordpress/wp-s...')
#12 /wordpress/wp-load.php(50): require_once('/wordpress/wp-c...')
#13 /internal/eval.php(3): require_once('/wordpress/wp-l...')
#14 {main}
  thrown in /wordpress/wp-includes/class-wp-widget.php on line 163
[07-Jun-2025 10:34:49 UTC] PHP Fatal error:  Uncaught ArgumentCountError: Too few arguments to function WP_Widget::__construct(), 0 passed in /wordpress/wp-includes/class-wp-widget-factory.php on line 62 and at least 2 expected in /wordpress/wp-includes/class-wp-widget.php:163
Stack trace:
#0 /wordpress/wp-includes/class-wp-widget-factory.php(62): WP_Widget->__construct()
#1 /wordpress/wp-includes/widgets.php(123): WP_Widget_Factory->register('CFWidget')
#2 /wordpress/wp-content/plugins/coastal-factoid/coastalfactoid.php(39): register_widget('CFWidget')
#3 /wordpress/wp-includes/class-wp-hook.php(324): coastalfactoid_register_widgets('')
#4 /wordpress/wp-includes/class-wp-hook.php(348): WP_Hook->apply_filters(NULL, Array)
#5 /wordpress/wp-includes/plugin.php(517): WP_Hook->do_action(Array)
#6 /wordpress/wp-includes/widgets.php(1870): do_action('widgets_init')
#7 /wordpress/wp-includes/class-wp-hook.php(324): wp_widgets_init('')
#8 /wordpress/wp-includes/class-wp-hook.php(348): WP_Hook->apply_filters(NULL, Array)
#9 /wordpress/wp-includes/plugin.php(517): WP_Hook->do_action(Array)
#10 /wordpress/wp-settings.php(727): do_action('init')
#11 /wordpress/wp-config.php(102): require_once('/wordpress/wp-s...')
#12 /wordpress/wp-load.php(50): require_once('/wordpress/wp-c...')
#13 /internal/eval.php(3): require_once('/wordpress/wp-l...')
#14 {main}
  thrown in /wordpress/wp-includes/class-wp-widget.php on line 163

    at Object.onBind (file:///home/runner/work/playground-tester/playground-tester/node_modules/@wp-playground/cli/run-cli-j-geJYS3.js:325:15)
    at process.processTicksAndRejections (node:internal/process/task_queues:105:5)
    at async re (file:///home/runner/work/playground-tester/playground-tester/node_modules/@wp-playground/cli/run-cli-j-geJYS3.js:149:10) {
  [cause]: Error: Error when executing the blueprint step #1 ({"step":"installPlugin","pluginData":{"resource":"wordpress.org/plugins","slug":"coastal-factoid"},"options":{"activate":true}}) : PHP.run() failed with exit code 255 and the following output: 
      at Object.run (file:///home/runner/work/playground-tester/playground-tester/node_modules/@wp-playground/blueprints/index.js:12093:19)
      at process.processTicksAndRejections (node:internal/process/task_queues:105:5)
      at async ys (file:///home/runner/work/playground-tester/playground-tester/node_modules/@wp-playground/blueprints/index.js:12196:3)
      at async Object.onBind (file:///home/runner/work/playground-tester/playground-tester/node_modules/@wp-playground/cli/run-cli-j-geJYS3.js:315:48)
      at async re (file:///home/runner/work/playground-tester/playground-tester/node_modules/@wp-playground/cli/run-cli-j-geJYS3.js:149:10) {
    [cause]: PHPExecutionFailureError: PHP.run() failed with exit code 255 and the following output: 
        at PHP.run (file:///home/runner/work/playground-tester/playground-tester/node_modules/@php-wasm/universal/index.js:1034:19)
        at process.processTicksAndRejections (node:internal/process/task_queues:105:5)
        at async wr (file:///home/runner/work/playground-tester/playground-tester/node_modules/@wp-playground/blueprints/index.js:74:13)
        at async Object.gt [as installPlugin] (file:///home/runner/work/playground-tester/playground-tester/node_modules/@wp-playground/blueprints/index.js:631:42)
        at async g (file:///home/runner/work/playground-tester/playground-tester/node_modules/@wp-playground/blueprints/index.js:12161:30)
        at async Object.run (file:///home/runner/work/playground-tester/playground-tester/node_modules/@wp-playground/blueprints/index.js:12090:23)
        at async ys (file:///home/runner/work/playground-tester/playground-tester/node_modules/@wp-playground/blueprints/index.js:12196:3)
        at async Object.onBind (file:///home/runner/work/playground-tester/playground-tester/node_modules/@wp-playground/cli/run-cli-j-geJYS3.js:315:48)
        at async re (file:///home/runner/work/playground-tester/playground-tester/node_modules/@wp-playground/cli/run-cli-j-geJYS3.js:149:10) {
      response: PHPResponse {
        httpStatusCode: 500,
        headers: {
          'x-powered-by': [ 'PHP/8.0.30-dev' ],
          'content-type': [ 'text/html; charset=UTF-8' ],
          expires: [ 'Wed, 11 Jan 1984 05:00:00 GMT' ],
          'cache-control': [ 'no-cache, must-revalidate, max-age=0, no-store, private' ]
        },
        bytes: Uint8Array(2653) [
           60,  33,  68,  79,  67,  84,  89,  80,  69,  32, 104, 116,
          109, 108,  62,  10,  60, 104, 116, 109, 108,  32, 108,  97,
          110, 103,  61,  34, 101, 110,  45,  85,  83,  34,  62,  10,
           60, 104, 101,  97, 100,  62,  10,   9,  60, 109, 101, 116,
           97,  32, 104, 116, 116, 112,  45, 101, 113, 117, 105, 118,
           61,  34,  67, 111, 110, 116, 101, 110, 116,  45,  84, 121,
          112, 101,  34,  32,  99, 111, 110, 116, 101, 110, 116,  61,
           34, 116, 101, 120, 116,  47, 104, 116, 109, 108,  59,  32,
           99, 104,  97, 114,
          ... 2553 more items
        ],
        exitCode: 255,
        errors: ''
      },
      source: 'request'
    }
  }
}

Node.js v23.11.0
