file:///home/runner/work/playground-tester/playground-tester/node_modules/@wp-playground/cli/index.js:237
        throw new Error(y, { cause: u });
              ^

Error: [23-Apr-2025 11:25:08 UTC] PHP Warning:  The magic method WC_Transact::__wakeup() must have public visibility in /wordpress/wp-content/plugins/woo-transact-io-gateway/woocommerce-gateway-transact.php on line 83
[23-Apr-2025 11:25:09 UTC] PHP Warning:  The magic method WC_Transact::__wakeup() must have public visibility in /wordpress/wp-content/plugins/woo-transact-io-gateway/woocommerce-gateway-transact.php on line 83
[23-Apr-2025 11:25:17 UTC] PHP Warning:  The magic method WC_Transact::__wakeup() must have public visibility in /wordpress/wp-content/plugins/woo-transact-io-gateway/woocommerce-gateway-transact.php on line 83
[23-Apr-2025 11:25:17 UTC] PHP Warning:  The magic method WC_Transact::__wakeup() must have public visibility in /wordpress/wp-content/plugins/woo-transact-io-gateway/woocommerce-gateway-transact.php on line 83
[23-Apr-2025 11:25:25 UTC] PHP Warning:  The magic method WC_Transact::__wakeup() must have public visibility in /wordpress/wp-content/plugins/woo-transact-io-gateway/woocommerce-gateway-transact.php on line 83
[23-Apr-2025 11:25:26 UTC] PHP Warning:  The magic method WC_Transact::__wakeup() must have public visibility in /wordpress/wp-content/plugins/woo-transact-io-gateway/woocommerce-gateway-transact.php on line 83
[23-Apr-2025 11:25:58 UTC] PHP Notice:  Function _load_textdomain_just_in_time was called <strong>incorrectly</strong>. Translation loading for the <code>woocommerce</code> domain was triggered too early. This is usually an indicator for some code in the plugin or theme running too early. Translations should be loaded at the <code>init</code> action or later. Please see <a href="https://developer.wordpress.org/advanced-administration/debug/debug-wordpress/">Debugging in WordPress</a> for more information. (This message was added in version 6.7.0.) in /wordpress/wp-includes/functions.php on line 6121
[23-Apr-2025 11:26:40 UTC] PHP Notice:  Function _load_textdomain_just_in_time was called <strong>incorrectly</strong>. Translation loading for the <code>woocommerce</code> domain was triggered too early. This is usually an indicator for some code in the plugin or theme running too early. Translations should be loaded at the <code>init</code> action or later. Please see <a href="https://developer.wordpress.org/advanced-administration/debug/debug-wordpress/">Debugging in WordPress</a> for more information. (This message was added in version 6.7.0.) in /wordpress/wp-includes/functions.php on line 6121
[23-Apr-2025 11:27:19 UTC] PHP Notice:  Function _load_textdomain_just_in_time was called <strong>incorrectly</strong>. Translation loading for the <code>woocommerce</code> domain was triggered too early. This is usually an indicator for some code in the plugin or theme running too early. Translations should be loaded at the <code>init</code> action or later. Please see <a href="https://developer.wordpress.org/advanced-administration/debug/debug-wordpress/">Debugging in WordPress</a> for more information. (This message was added in version 6.7.0.) in /wordpress/wp-includes/functions.php on line 6121
[23-Apr-2025 11:30:27 UTC] PHP Deprecated:  Function register_sidebar_widget is <strong>deprecated</strong> since version 2.8.0! Use wp_register_sidebar_widget() instead. in /wordpress/wp-includes/functions.php on line 6121
[23-Apr-2025 11:30:27 UTC] PHP Deprecated:  Function register_widget_control is <strong>deprecated</strong> since version 2.8.0! Use wp_register_widget_control() instead. in /wordpress/wp-includes/functions.php on line 6121
[23-Apr-2025 11:30:35 UTC] PHP Deprecated:  Function register_sidebar_widget is <strong>deprecated</strong> since version 2.8.0! Use wp_register_sidebar_widget() instead. in /wordpress/wp-includes/functions.php on line 6121
[23-Apr-2025 11:30:35 UTC] PHP Deprecated:  Function register_widget_control is <strong>deprecated</strong> since version 2.8.0! Use wp_register_widget_control() instead. in /wordpress/wp-includes/functions.php on line 6121
[23-Apr-2025 11:30:44 UTC] PHP Deprecated:  Function register_sidebar_widget is <strong>deprecated</strong> since version 2.8.0! Use wp_register_sidebar_widget() instead. in /wordpress/wp-includes/functions.php on line 6121
[23-Apr-2025 11:30:44 UTC] PHP Deprecated:  Function register_widget_control is <strong>deprecated</strong> since version 2.8.0! Use wp_register_widget_control() instead. in /wordpress/wp-includes/functions.php on line 6121
[23-Apr-2025 11:31:21 UTC] PHP Deprecated:  Function register_sidebar_widget is <strong>deprecated</strong> since version 2.8.0! Use wp_register_sidebar_widget() instead. in /wordpress/wp-includes/functions.php on line 6121
[23-Apr-2025 11:31:21 UTC] PHP Deprecated:  Function register_widget_control is <strong>deprecated</strong> since version 2.8.0! Use wp_register_widget_control() instead. in /wordpress/wp-includes/functions.php on line 6121
[23-Apr-2025 11:31:30 UTC] PHP Deprecated:  Function register_sidebar_widget is <strong>deprecated</strong> since version 2.8.0! Use wp_register_sidebar_widget() instead. in /wordpress/wp-includes/functions.php on line 6121
[23-Apr-2025 11:31:30 UTC] PHP Deprecated:  Function register_widget_control is <strong>deprecated</strong> since version 2.8.0! Use wp_register_widget_control() instead. in /wordpress/wp-includes/functions.php on line 6121
[23-Apr-2025 11:31:39 UTC] PHP Deprecated:  Function register_sidebar_widget is <strong>deprecated</strong> since version 2.8.0! Use wp_register_sidebar_widget() instead. in /wordpress/wp-includes/functions.php on line 6121
[23-Apr-2025 11:31:39 UTC] PHP Deprecated:  Function register_widget_control is <strong>deprecated</strong> since version 2.8.0! Use wp_register_widget_control() instead. in /wordpress/wp-includes/functions.php on line 6121
[23-Apr-2025 11:32:34 UTC] PHP Fatal error:  Uncaught Error: Call to undefined function mysql_query() in /wordpress/wp-content/plugins/w2pe-beaverslider/index.php:43
Stack trace:
#0 /wordpress/wp-includes/class-wp-hook.php(324): w2pe_bslider_table(false)
#1 /wordpress/wp-includes/class-wp-hook.php(348): WP_Hook->apply_filters('', Array)
#2 /wordpress/wp-includes/plugin.php(517): WP_Hook->do_action(Array)
#3 /wordpress/wp-admin/includes/plugin.php(703): do_action('activate_w2pe-b...', false)
#4 /internal/eval.php(20): activate_plugin('w2pe-beaverslid...')
#5 {main}
  thrown in /wordpress/wp-content/plugins/w2pe-beaverslider/index.php on line 43
[23-Apr-2025 11:32:42 UTC] PHP Fatal error:  Uncaught Error: Call to undefined function mysql_query() in /wordpress/wp-content/plugins/w2pe-beaverslider/index.php:43
Stack trace:
#0 /wordpress/wp-includes/class-wp-hook.php(324): w2pe_bslider_table(false)
#1 /wordpress/wp-includes/class-wp-hook.php(348): WP_Hook->apply_filters('', Array)
#2 /wordpress/wp-includes/plugin.php(517): WP_Hook->do_action(Array)
#3 /wordpress/wp-admin/includes/plugin.php(703): do_action('activate_w2pe-b...', false)
#4 /internal/eval.php(20): activate_plugin('w2pe-beaverslid...')
#5 {main}
  thrown in /wordpress/wp-content/plugins/w2pe-beaverslider/index.php on line 43
[23-Apr-2025 11:32:50 UTC] PHP Fatal error:  Uncaught Error: Call to undefined function mysql_query() in /wordpress/wp-content/plugins/w2pe-beaverslider/index.php:43
Stack trace:
#0 /wordpress/wp-includes/class-wp-hook.php(324): w2pe_bslider_table(false)
#1 /wordpress/wp-includes/class-wp-hook.php(348): WP_Hook->apply_filters('', Array)
#2 /wordpress/wp-includes/plugin.php(517): WP_Hook->do_action(Array)
#3 /wordpress/wp-admin/includes/plugin.php(703): do_action('activate_w2pe-b...', false)
#4 /internal/eval.php(20): activate_plugin('w2pe-beaverslid...')
#5 {main}
  thrown in /wordpress/wp-content/plugins/w2pe-beaverslider/index.php on line 43
[23-Apr-2025 11:33:37 UTC] PHP Fatal error:  Uncaught Error: Using $this when not in object context in /wordpress/wp-content/plugins/wprequal-rates/wprequal_rates.php:142
Stack trace:
#0 /wordpress/wp-includes/class-wp-hook.php(324): WPrequal_rates::wprequal_rates_get('activate', 'wprequal_activa...')
#1 /wordpress/wp-includes/plugin.php(205): WP_Hook->apply_filters('activate', Array)
#2 /wordpress/wp-content/plugins/wprequal-rates/wprequal_rates.php(238): apply_filters('wprequal_rates_...', 'activate', 'wprequal_activa...')
#3 /wordpress/wp-includes/class-wp-hook.php(324): WPrequal_rates->wprequal_rates_init('')
#4 /wordpress/wp-includes/class-wp-hook.php(348): WP_Hook->apply_filters(NULL, Array)
#5 /wordpress/wp-includes/plugin.php(517): WP_Hook->do_action(Array)
#6 /wordpress/wp-settings.php(727): do_action('init')
#7 /wordpress/wp-config.php(102): require_once('/wordpress/wp-s...')
#8 /wordpress/wp-load.php(50): require_once('/wordpress/wp-c...')
#9 /internal/eval.php(3): require_once('/wordpress/wp-l...')
#10 {main}
  thrown in /wordpress/wp-content/plugins/wprequal-rates/wprequal_rates.php on line 142
[23-Apr-2025 11:33:46 UTC] PHP Fatal error:  Uncaught Error: Using $this when not in object context in /wordpress/wp-content/plugins/wprequal-rates/wprequal_rates.php:142
Stack trace:
#0 /wordpress/wp-includes/class-wp-hook.php(324): WPrequal_rates::wprequal_rates_get('activate', 'wprequal_activa...')
#1 /wordpress/wp-includes/plugin.php(205): WP_Hook->apply_filters('activate', Array)
#2 /wordpress/wp-content/plugins/wprequal-rates/wprequal_rates.php(238): apply_filters('wprequal_rates_...', 'activate', 'wprequal_activa...')
#3 /wordpress/wp-includes/class-wp-hook.php(324): WPrequal_rates->wprequal_rates_init('')
#4 /wordpress/wp-includes/class-wp-hook.php(348): WP_Hook->apply_filters(NULL, Array)
#5 /wordpress/wp-includes/plugin.php(517): WP_Hook->do_action(Array)
#6 /wordpress/wp-settings.php(727): do_action('init')
#7 /wordpress/wp-config.php(102): require_once('/wordpress/wp-s...')
#8 /wordpress/wp-load.php(50): require_once('/wordpress/wp-c...')
#9 /internal/eval.php(3): require_once('/wordpress/wp-l...')
#10 {main}
  thrown in /wordpress/wp-content/plugins/wprequal-rates/wprequal_rates.php on line 142
[23-Apr-2025 11:33:55 UTC] PHP Fatal error:  Uncaught Error: Using $this when not in object context in /wordpress/wp-content/plugins/wprequal-rates/wprequal_rates.php:142
Stack trace:
#0 /wordpress/wp-includes/class-wp-hook.php(324): WPrequal_rates::wprequal_rates_get('activate', 'wprequal_activa...')
#1 /wordpress/wp-includes/plugin.php(205): WP_Hook->apply_filters('activate', Array)
#2 /wordpress/wp-content/plugins/wprequal-rates/wprequal_rates.php(238): apply_filters('wprequal_rates_...', 'activate', 'wprequal_activa...')
#3 /wordpress/wp-includes/class-wp-hook.php(324): WPrequal_rates->wprequal_rates_init('')
#4 /wordpress/wp-includes/class-wp-hook.php(348): WP_Hook->apply_filters(NULL, Array)
#5 /wordpress/wp-includes/plugin.php(517): WP_Hook->do_action(Array)
#6 /wordpress/wp-settings.php(727): do_action('init')
#7 /wordpress/wp-config.php(102): require_once('/wordpress/wp-s...')
#8 /wordpress/wp-load.php(50): require_once('/wordpress/wp-c...')
#9 /internal/eval.php(3): require_once('/wordpress/wp-l...')
#10 {main}
  thrown in /wordpress/wp-content/plugins/wprequal-rates/wprequal_rates.php on line 142
[23-Apr-2025 11:34:33 UTC] PHP Warning:  include(include/php/frontwdgt.php): Failed to open stream: No such file or directory in /wordpress/wp-content/plugins/weather-grabber/wxgrabber.php on line 101
[23-Apr-2025 11:34:33 UTC] PHP Warning:  include(): Failed opening 'include/php/frontwdgt.php' for inclusion (include_path='.:') in /wordpress/wp-content/plugins/weather-grabber/wxgrabber.php on line 101
[23-Apr-2025 11:34:33 UTC] PHP Fatal error:  Uncaught Error: Call to undefined function create_function() in /wordpress/wp-content/plugins/weather-grabber/wxgrabber.php:183
Stack trace:
#0 /wordpress/wp-admin/includes/plugin.php(2387): include_once()
#1 /wordpress/wp-admin/includes/plugin.php(673): plugin_sandbox_scrape('weather-grabber...')
#2 /internal/eval.php(20): activate_plugin('weather-grabber...')
#3 {main}
  thrown in /wordpress/wp-content/plugins/weather-grabber/wxgrabber.php on line 183
[23-Apr-2025 11:34:41 UTC] PHP Warning:  include(include/php/frontwdgt.php): Failed to open stream: No such file or directory in /wordpress/wp-content/plugins/weather-grabber/wxgrabber.php on line 101
[23-Apr-2025 11:34:41 UTC] PHP Warning:  include(): Failed opening 'include/php/frontwdgt.php' for inclusion (include_path='.:') in /wordpress/wp-content/plugins/weather-grabber/wxgrabber.php on line 101
[23-Apr-2025 11:34:41 UTC] PHP Fatal error:  Uncaught Error: Call to undefined function create_function() in /wordpress/wp-content/plugins/weather-grabber/wxgrabber.php:183
Stack trace:
#0 /wordpress/wp-admin/includes/plugin.php(2387): include_once()
#1 /wordpress/wp-admin/includes/plugin.php(673): plugin_sandbox_scrape('weather-grabber...')
#2 /internal/eval.php(20): activate_plugin('weather-grabber...')
#3 {main}
  thrown in /wordpress/wp-content/plugins/weather-grabber/wxgrabber.php on line 183
[23-Apr-2025 11:34:50 UTC] PHP Warning:  include(include/php/frontwdgt.php): Failed to open stream: No such file or directory in /wordpress/wp-content/plugins/weather-grabber/wxgrabber.php on line 101
[23-Apr-2025 11:34:50 UTC] PHP Warning:  include(): Failed opening 'include/php/frontwdgt.php' for inclusion (include_path='.:') in /wordpress/wp-content/plugins/weather-grabber/wxgrabber.php on line 101
[23-Apr-2025 11:34:50 UTC] PHP Fatal error:  Uncaught Error: Call to undefined function create_function() in /wordpress/wp-content/plugins/weather-grabber/wxgrabber.php:183
Stack trace:
#0 /wordpress/wp-admin/includes/plugin.php(2387): include_once()
#1 /wordpress/wp-admin/includes/plugin.php(673): plugin_sandbox_scrape('weather-grabber...')
#2 /internal/eval.php(20): activate_plugin('weather-grabber...')
#3 {main}
  thrown in /wordpress/wp-content/plugins/weather-grabber/wxgrabber.php on line 183

    at Object.onBind (file:///home/runner/work/playground-tester/playground-tester/node_modules/@wp-playground/cli/index.js:237:15)
    at process.processTicksAndRejections (node:internal/process/task_queues:105:5)
    at async V (file:///home/runner/work/playground-tester/playground-tester/node_modules/@wp-playground/cli/index.js:64:10)
    at async ja (file:///home/runner/work/playground-tester/playground-tester/node_modules/@wp-playground/cli/cli.js:8161:12) {
  [cause]: Error: Error when executing the blueprint step #1 ({"step":"installPlugin","pluginData":{"resource":"wordpress.org/plugins","slug":"weather-grabber"},"options":{"activate":true}}) : PHP.run() failed with exit code 255 and the following output: 
      at Object.run (file:///home/runner/work/playground-tester/playground-tester/node_modules/@wp-playground/blueprints/index.js:12449:19)
      at process.processTicksAndRejections (node:internal/process/task_queues:105:5)
      at async ms (file:///home/runner/work/playground-tester/playground-tester/node_modules/@wp-playground/blueprints/index.js:12552:3)
      ... 2 lines matching cause stack trace ...
      at async ja (file:///home/runner/work/playground-tester/playground-tester/node_modules/@wp-playground/cli/cli.js:8161:12) {
    [cause]: PHPExecutionFailureError: PHP.run() failed with exit code 255 and the following output: 
        at PHP.run (file:///home/runner/work/playground-tester/playground-tester/node_modules/@php-wasm/universal/index.js:987:19)
        at process.processTicksAndRejections (node:internal/process/task_queues:105:5)
        at async wr (file:///home/runner/work/playground-tester/playground-tester/node_modules/@wp-playground/blueprints/index.js:33:39)
        at async Object.gt [as installPlugin] (file:///home/runner/work/playground-tester/playground-tester/node_modules/@wp-playground/blueprints/index.js:974:42)
        at async g (file:///home/runner/work/playground-tester/playground-tester/node_modules/@wp-playground/blueprints/index.js:12517:30)
        at async Object.run (file:///home/runner/work/playground-tester/playground-tester/node_modules/@wp-playground/blueprints/index.js:12446:23)
        at async ms (file:///home/runner/work/playground-tester/playground-tester/node_modules/@wp-playground/blueprints/index.js:12552:3)
        at async Object.onBind (file:///home/runner/work/playground-tester/playground-tester/node_modules/@wp-playground/cli/index.js:227:48)
        at async V (file:///home/runner/work/playground-tester/playground-tester/node_modules/@wp-playground/cli/index.js:64:10)
        at async ja (file:///home/runner/work/playground-tester/playground-tester/node_modules/@wp-playground/cli/cli.js:8161:12) {
      response: PHPResponse {
        httpStatusCode: 500,
        headers: {
          'x-powered-by': [ 'PHP/8.0.30-dev' ],
          'content-type': [ 'text/html; charset=UTF-8' ]
        },
        bytes: Uint8Array(0) [],
        exitCode: 255,
        errors: ''
      },
      source: 'request'
    }
  }
}

Node.js v23.11.0
