file:///home/runner/work/playground-tester/playground-tester/node_modules/@wp-playground/cli/index.js:237
        throw new Error(y, { cause: u });
              ^

Error: [16-May-2025 19:48:15 UTC] PHP Deprecated:  Function register_sidebar_widget is <strong>deprecated</strong> since version 2.8.0! Use wp_register_sidebar_widget() instead. in /wordpress/wp-includes/functions.php on line 6121
[16-May-2025 19:48:15 UTC] PHP Deprecated:  Function register_widget_control is <strong>deprecated</strong> since version 2.8.0! Use wp_register_widget_control() instead. in /wordpress/wp-includes/functions.php on line 6121
[16-May-2025 19:48:24 UTC] PHP Deprecated:  Function register_sidebar_widget is <strong>deprecated</strong> since version 2.8.0! Use wp_register_sidebar_widget() instead. in /wordpress/wp-includes/functions.php on line 6121
[16-May-2025 19:48:24 UTC] PHP Deprecated:  Function register_widget_control is <strong>deprecated</strong> since version 2.8.0! Use wp_register_widget_control() instead. in /wordpress/wp-includes/functions.php on line 6121
[16-May-2025 19:48:32 UTC] PHP Deprecated:  Function register_sidebar_widget is <strong>deprecated</strong> since version 2.8.0! Use wp_register_sidebar_widget() instead. in /wordpress/wp-includes/functions.php on line 6121
[16-May-2025 19:48:32 UTC] PHP Deprecated:  Function register_widget_control is <strong>deprecated</strong> since version 2.8.0! Use wp_register_widget_control() instead. in /wordpress/wp-includes/functions.php on line 6121
[16-May-2025 19:48:41 UTC] PHP Warning:  Undefined array key "SERVER_ADDR" in /wordpress/wp-content/plugins/localhost-notify/localhost-notify.php on line 28
[16-May-2025 19:48:42 UTC] PHP Warning:  Undefined array key "SERVER_ADDR" in /wordpress/wp-content/plugins/localhost-notify/localhost-notify.php on line 28
[16-May-2025 19:48:49 UTC] PHP Warning:  Undefined array key "SERVER_ADDR" in /wordpress/wp-content/plugins/localhost-notify/localhost-notify.php on line 28
[16-May-2025 19:48:50 UTC] PHP Warning:  Undefined array key "SERVER_ADDR" in /wordpress/wp-content/plugins/localhost-notify/localhost-notify.php on line 28
[16-May-2025 19:48:58 UTC] PHP Warning:  Undefined array key "SERVER_ADDR" in /wordpress/wp-content/plugins/localhost-notify/localhost-notify.php on line 28
[16-May-2025 19:48:59 UTC] PHP Warning:  Undefined array key "SERVER_ADDR" in /wordpress/wp-content/plugins/localhost-notify/localhost-notify.php on line 28
[16-May-2025 19:49:37 UTC] PHP Notice:  Undefined index: HTTP_USER_AGENT in /wordpress/wp-content/plugins/logic-hop/includes/classes/OS_Detect/OS_Detect.php on line 44
[16-May-2025 19:49:47 UTC] PHP Notice:  Undefined index: HTTP_USER_AGENT in /wordpress/wp-content/plugins/logic-hop/includes/classes/OS_Detect/OS_Detect.php on line 44
[16-May-2025 19:49:58 UTC] PHP Notice:  Undefined index: HTTP_USER_AGENT in /wordpress/wp-content/plugins/logic-hop/includes/classes/OS_Detect/OS_Detect.php on line 44
[16-May-2025 19:51:56 UTC] PHP Fatal error:  Uncaught Error: Undefined constant "yes" in /wordpress/wp-content/plugins/ilovemachineproblem-responsive-google-map/ilmp-index.php:25
Stack trace:
#0 /wordpress/wp-content/plugins/ilovemachineproblem-responsive-google-map/ilmp-index.php(53): _ilmp_register_options()
#1 /wordpress/wp-includes/class-wp-hook.php(324): _ilmp_rgm_activate(false)
#2 /wordpress/wp-includes/class-wp-hook.php(348): WP_Hook->apply_filters('', Array)
#3 /wordpress/wp-includes/plugin.php(517): WP_Hook->do_action(Array)
#4 /wordpress/wp-admin/includes/plugin.php(703): do_action('activate_ilovem...', false)
#5 /internal/eval.php(20): activate_plugin('ilovemachinepro...')
#6 {main}
  thrown in /wordpress/wp-content/plugins/ilovemachineproblem-responsive-google-map/ilmp-index.php on line 25
[16-May-2025 19:52:03 UTC] PHP Fatal error:  Uncaught Error: Undefined constant "yes" in /wordpress/wp-content/plugins/ilovemachineproblem-responsive-google-map/ilmp-index.php:25
Stack trace:
#0 /wordpress/wp-content/plugins/ilovemachineproblem-responsive-google-map/ilmp-index.php(53): _ilmp_register_options()
#1 /wordpress/wp-includes/class-wp-hook.php(324): _ilmp_rgm_activate(false)
#2 /wordpress/wp-includes/class-wp-hook.php(348): WP_Hook->apply_filters('', Array)
#3 /wordpress/wp-includes/plugin.php(517): WP_Hook->do_action(Array)
#4 /wordpress/wp-admin/includes/plugin.php(703): do_action('activate_ilovem...', false)
#5 /internal/eval.php(20): activate_plugin('ilovemachinepro...')
#6 {main}
  thrown in /wordpress/wp-content/plugins/ilovemachineproblem-responsive-google-map/ilmp-index.php on line 25
[16-May-2025 19:52:10 UTC] PHP Fatal error:  Uncaught Error: Undefined constant "yes" in /wordpress/wp-content/plugins/ilovemachineproblem-responsive-google-map/ilmp-index.php:25
Stack trace:
#0 /wordpress/wp-content/plugins/ilovemachineproblem-responsive-google-map/ilmp-index.php(53): _ilmp_register_options()
#1 /wordpress/wp-includes/class-wp-hook.php(324): _ilmp_rgm_activate(false)
#2 /wordpress/wp-includes/class-wp-hook.php(348): WP_Hook->apply_filters('', Array)
#3 /wordpress/wp-includes/plugin.php(517): WP_Hook->do_action(Array)
#4 /wordpress/wp-admin/includes/plugin.php(703): do_action('activate_ilovem...', false)
#5 /internal/eval.php(20): activate_plugin('ilovemachinepro...')
#6 {main}
  thrown in /wordpress/wp-content/plugins/ilovemachineproblem-responsive-google-map/ilmp-index.php on line 25
[16-May-2025 19:54:09 UTC] PHP Fatal error:  Uncaught TypeError: call_user_func_array(): Argument #1 ($callback) must be a valid callback, non-static method lemiho_model::lemiho_create_order_table() cannot be called statically in /wordpress/wp-includes/class-wp-hook.php:324
Stack trace:
#0 /wordpress/wp-includes/class-wp-hook.php(348): WP_Hook->apply_filters(NULL, Array)
#1 /wordpress/wp-includes/plugin.php(517): WP_Hook->do_action(Array)
#2 /wordpress/wp-settings.php(705): do_action('after_setup_the...')
#3 /wordpress/wp-config.php(102): require_once('/wordpress/wp-s...')
#4 /wordpress/wp-load.php(50): require_once('/wordpress/wp-c...')
#5 /internal/eval.php(3): require_once('/wordpress/wp-l...')
#6 {main}
  thrown in /wordpress/wp-includes/class-wp-hook.php on line 324
[16-May-2025 19:54:17 UTC] PHP Fatal error:  Uncaught TypeError: call_user_func_array(): Argument #1 ($callback) must be a valid callback, non-static method lemiho_model::lemiho_create_order_table() cannot be called statically in /wordpress/wp-includes/class-wp-hook.php:324
Stack trace:
#0 /wordpress/wp-includes/class-wp-hook.php(348): WP_Hook->apply_filters(NULL, Array)
#1 /wordpress/wp-includes/plugin.php(517): WP_Hook->do_action(Array)
#2 /wordpress/wp-settings.php(705): do_action('after_setup_the...')
#3 /wordpress/wp-config.php(102): require_once('/wordpress/wp-s...')
#4 /wordpress/wp-load.php(50): require_once('/wordpress/wp-c...')
#5 /internal/eval.php(3): require_once('/wordpress/wp-l...')
#6 {main}
  thrown in /wordpress/wp-includes/class-wp-hook.php on line 324
[16-May-2025 19:54:25 UTC] PHP Fatal error:  Uncaught TypeError: call_user_func_array(): Argument #1 ($callback) must be a valid callback, non-static method lemiho_model::lemiho_create_order_table() cannot be called statically in /wordpress/wp-includes/class-wp-hook.php:324
Stack trace:
#0 /wordpress/wp-includes/class-wp-hook.php(348): WP_Hook->apply_filters(NULL, Array)
#1 /wordpress/wp-includes/plugin.php(517): WP_Hook->do_action(Array)
#2 /wordpress/wp-settings.php(705): do_action('after_setup_the...')
#3 /wordpress/wp-config.php(102): require_once('/wordpress/wp-s...')
#4 /wordpress/wp-load.php(50): require_once('/wordpress/wp-c...')
#5 /internal/eval.php(3): require_once('/wordpress/wp-l...')
#6 {main}
  thrown in /wordpress/wp-includes/class-wp-hook.php on line 324
[16-May-2025 19:55:13 UTC] PHP Fatal error:  Uncaught Error: Call to undefined function create_function() in /wordpress/wp-content/plugins/like-for-tags/ingboo-facebook-like.php:364
Stack trace:
#0 /wordpress/wp-admin/includes/plugin.php(2387): include_once()
#1 /wordpress/wp-admin/includes/plugin.php(673): plugin_sandbox_scrape('like-for-tags/i...')
#2 /internal/eval.php(20): activate_plugin('like-for-tags/i...')
#3 {main}
  thrown in /wordpress/wp-content/plugins/like-for-tags/ingboo-facebook-like.php on line 364

    at Object.onBind (file:///home/runner/work/playground-tester/playground-tester/node_modules/@wp-playground/cli/index.js:237:15)
    at process.processTicksAndRejections (node:internal/process/task_queues:105:5)
    at async V (file:///home/runner/work/playground-tester/playground-tester/node_modules/@wp-playground/cli/index.js:64:10)
    at async ja (file:///home/runner/work/playground-tester/playground-tester/node_modules/@wp-playground/cli/cli.js:8161:12) {
  [cause]: Error: Error when executing the blueprint step #5 ({"step":"installPlugin","pluginData":{"resource":"wordpress.org/plugins","slug":"like-for-tags"},"options":{"activate":true}}) : PHP.run() failed with exit code 255 and the following output: 
      at Object.run (file:///home/runner/work/playground-tester/playground-tester/node_modules/@wp-playground/blueprints/index.js:12449:19)
      at process.processTicksAndRejections (node:internal/process/task_queues:105:5)
      at async ms (file:///home/runner/work/playground-tester/playground-tester/node_modules/@wp-playground/blueprints/index.js:12552:3)
      ... 2 lines matching cause stack trace ...
      at async ja (file:///home/runner/work/playground-tester/playground-tester/node_modules/@wp-playground/cli/cli.js:8161:12) {
    [cause]: PHPExecutionFailureError: PHP.run() failed with exit code 255 and the following output: 
        at PHP.run (file:///home/runner/work/playground-tester/playground-tester/node_modules/@php-wasm/universal/index.js:987:19)
        at process.processTicksAndRejections (node:internal/process/task_queues:105:5)
        at async wr (file:///home/runner/work/playground-tester/playground-tester/node_modules/@wp-playground/blueprints/index.js:33:39)
        at async Object.gt [as installPlugin] (file:///home/runner/work/playground-tester/playground-tester/node_modules/@wp-playground/blueprints/index.js:974:42)
        at async g (file:///home/runner/work/playground-tester/playground-tester/node_modules/@wp-playground/blueprints/index.js:12517:30)
        at async Object.run (file:///home/runner/work/playground-tester/playground-tester/node_modules/@wp-playground/blueprints/index.js:12446:23)
        at async ms (file:///home/runner/work/playground-tester/playground-tester/node_modules/@wp-playground/blueprints/index.js:12552:3)
        at async Object.onBind (file:///home/runner/work/playground-tester/playground-tester/node_modules/@wp-playground/cli/index.js:227:48)
        at async V (file:///home/runner/work/playground-tester/playground-tester/node_modules/@wp-playground/cli/index.js:64:10)
        at async ja (file:///home/runner/work/playground-tester/playground-tester/node_modules/@wp-playground/cli/cli.js:8161:12) {
      response: PHPResponse {
        httpStatusCode: 500,
        headers: {
          'x-powered-by': [ 'PHP/8.0.30-dev' ],
          'content-type': [ 'text/html; charset=UTF-8' ]
        },
        bytes: Uint8Array(0) [],
        exitCode: 255,
        errors: ''
      },
      source: 'request'
    }
  }
}

Node.js v23.11.0
