file:///home/runner/work/playground-tester/playground-tester/node_modules/@wp-playground/cli/index.js:237
        throw new Error(y, { cause: u });
              ^

Error: [06-May-2025 04:53:31 UTC] PHP Deprecated:  Required parameter $name follows optional parameter $submit_btn_txt in /wordpress/wp-content/plugins/recent-search-terms/searchterms-tagging2.php on line 1235
[06-May-2025 04:53:31 UTC] PHP Deprecated:  Required parameter $email follows optional parameter $submit_btn_txt in /wordpress/wp-content/plugins/recent-search-terms/searchterms-tagging2.php on line 1235
[06-May-2025 04:53:31 UTC] PHP Deprecated:  Required parameter $name follows optional parameter $form_name in /wordpress/wp-content/plugins/recent-search-terms/searchterms-tagging2.php on line 1305
[06-May-2025 04:53:31 UTC] PHP Deprecated:  Required parameter $email follows optional parameter $form_name in /wordpress/wp-content/plugins/recent-search-terms/searchterms-tagging2.php on line 1305
[06-May-2025 04:53:32 UTC] PHP Deprecated:  Required parameter $name follows optional parameter $submit_btn_txt in /wordpress/wp-content/plugins/recent-search-terms/searchterms-tagging2.php on line 1235
[06-May-2025 04:53:32 UTC] PHP Deprecated:  Required parameter $email follows optional parameter $submit_btn_txt in /wordpress/wp-content/plugins/recent-search-terms/searchterms-tagging2.php on line 1235
[06-May-2025 04:53:32 UTC] PHP Deprecated:  Required parameter $name follows optional parameter $form_name in /wordpress/wp-content/plugins/recent-search-terms/searchterms-tagging2.php on line 1305
[06-May-2025 04:53:32 UTC] PHP Deprecated:  Required parameter $email follows optional parameter $form_name in /wordpress/wp-content/plugins/recent-search-terms/searchterms-tagging2.php on line 1305
[06-May-2025 04:53:32 UTC] PHP Deprecated:  Function register_sidebar_widget is <strong>deprecated</strong> since version 2.8.0! Use wp_register_sidebar_widget() instead. in /wordpress/wp-includes/functions.php on line 6121
[06-May-2025 04:53:32 UTC] PHP Deprecated:  Function register_widget_control is <strong>deprecated</strong> since version 2.8.0! Use wp_register_widget_control() instead. in /wordpress/wp-includes/functions.php on line 6121
[06-May-2025 04:53:32 UTC] PHP Deprecated:  Function register_sidebar_widget is <strong>deprecated</strong> since version 2.8.0! Use wp_register_sidebar_widget() instead. in /wordpress/wp-includes/functions.php on line 6121
[06-May-2025 04:53:32 UTC] PHP Deprecated:  Function register_widget_control is <strong>deprecated</strong> since version 2.8.0! Use wp_register_widget_control() instead. in /wordpress/wp-includes/functions.php on line 6121
[06-May-2025 04:53:32 UTC] PHP Deprecated:  Function register_sidebar_widget is <strong>deprecated</strong> since version 2.8.0! Use wp_register_sidebar_widget() instead. in /wordpress/wp-includes/functions.php on line 6121
[06-May-2025 04:53:32 UTC] PHP Deprecated:  Function register_widget_control is <strong>deprecated</strong> since version 2.8.0! Use wp_register_widget_control() instead. in /wordpress/wp-includes/functions.php on line 6121
[06-May-2025 04:53:32 UTC] PHP Deprecated:  Function register_sidebar_widget is <strong>deprecated</strong> since version 2.8.0! Use wp_register_sidebar_widget() instead. in /wordpress/wp-includes/functions.php on line 6121
[06-May-2025 04:53:32 UTC] PHP Deprecated:  Function register_widget_control is <strong>deprecated</strong> since version 2.8.0! Use wp_register_widget_control() instead. in /wordpress/wp-includes/functions.php on line 6121
[06-May-2025 04:53:41 UTC] PHP Deprecated:  Required parameter $name follows optional parameter $submit_btn_txt in /wordpress/wp-content/plugins/recent-search-terms/searchterms-tagging2.php on line 1235
[06-May-2025 04:53:41 UTC] PHP Deprecated:  Required parameter $email follows optional parameter $submit_btn_txt in /wordpress/wp-content/plugins/recent-search-terms/searchterms-tagging2.php on line 1235
[06-May-2025 04:53:41 UTC] PHP Deprecated:  Required parameter $name follows optional parameter $form_name in /wordpress/wp-content/plugins/recent-search-terms/searchterms-tagging2.php on line 1305
[06-May-2025 04:53:41 UTC] PHP Deprecated:  Required parameter $email follows optional parameter $form_name in /wordpress/wp-content/plugins/recent-search-terms/searchterms-tagging2.php on line 1305
[06-May-2025 04:53:42 UTC] PHP Deprecated:  Required parameter $name follows optional parameter $submit_btn_txt in /wordpress/wp-content/plugins/recent-search-terms/searchterms-tagging2.php on line 1235
[06-May-2025 04:53:42 UTC] PHP Deprecated:  Required parameter $email follows optional parameter $submit_btn_txt in /wordpress/wp-content/plugins/recent-search-terms/searchterms-tagging2.php on line 1235
[06-May-2025 04:53:42 UTC] PHP Deprecated:  Required parameter $name follows optional parameter $form_name in /wordpress/wp-content/plugins/recent-search-terms/searchterms-tagging2.php on line 1305
[06-May-2025 04:53:42 UTC] PHP Deprecated:  Required parameter $email follows optional parameter $form_name in /wordpress/wp-content/plugins/recent-search-terms/searchterms-tagging2.php on line 1305
[06-May-2025 04:53:42 UTC] PHP Deprecated:  Function register_sidebar_widget is <strong>deprecated</strong> since version 2.8.0! Use wp_register_sidebar_widget() instead. in /wordpress/wp-includes/functions.php on line 6121
[06-May-2025 04:53:42 UTC] PHP Deprecated:  Function register_widget_control is <strong>deprecated</strong> since version 2.8.0! Use wp_register_widget_control() instead. in /wordpress/wp-includes/functions.php on line 6121
[06-May-2025 04:53:42 UTC] PHP Deprecated:  Function register_sidebar_widget is <strong>deprecated</strong> since version 2.8.0! Use wp_register_sidebar_widget() instead. in /wordpress/wp-includes/functions.php on line 6121
[06-May-2025 04:53:42 UTC] PHP Deprecated:  Function register_widget_control is <strong>deprecated</strong> since version 2.8.0! Use wp_register_widget_control() instead. in /wordpress/wp-includes/functions.php on line 6121
[06-May-2025 04:53:42 UTC] PHP Deprecated:  Function register_sidebar_widget is <strong>deprecated</strong> since version 2.8.0! Use wp_register_sidebar_widget() instead. in /wordpress/wp-includes/functions.php on line 6121
[06-May-2025 04:53:42 UTC] PHP Deprecated:  Function register_widget_control is <strong>deprecated</strong> since version 2.8.0! Use wp_register_widget_control() instead. in /wordpress/wp-includes/functions.php on line 6121
[06-May-2025 04:53:42 UTC] PHP Deprecated:  Function register_sidebar_widget is <strong>deprecated</strong> since version 2.8.0! Use wp_register_sidebar_widget() instead. in /wordpress/wp-includes/functions.php on line 6121
[06-May-2025 04:53:42 UTC] PHP Deprecated:  Function register_widget_control is <strong>deprecated</strong> since version 2.8.0! Use wp_register_widget_control() instead. in /wordpress/wp-includes/functions.php on line 6121
[06-May-2025 04:53:50 UTC] PHP Deprecated:  Required parameter $name follows optional parameter $submit_btn_txt in /wordpress/wp-content/plugins/recent-search-terms/searchterms-tagging2.php on line 1235
[06-May-2025 04:53:50 UTC] PHP Deprecated:  Required parameter $email follows optional parameter $submit_btn_txt in /wordpress/wp-content/plugins/recent-search-terms/searchterms-tagging2.php on line 1235
[06-May-2025 04:53:50 UTC] PHP Deprecated:  Required parameter $name follows optional parameter $form_name in /wordpress/wp-content/plugins/recent-search-terms/searchterms-tagging2.php on line 1305
[06-May-2025 04:53:50 UTC] PHP Deprecated:  Required parameter $email follows optional parameter $form_name in /wordpress/wp-content/plugins/recent-search-terms/searchterms-tagging2.php on line 1305
[06-May-2025 04:53:51 UTC] PHP Deprecated:  Required parameter $name follows optional parameter $submit_btn_txt in /wordpress/wp-content/plugins/recent-search-terms/searchterms-tagging2.php on line 1235
[06-May-2025 04:53:51 UTC] PHP Deprecated:  Required parameter $email follows optional parameter $submit_btn_txt in /wordpress/wp-content/plugins/recent-search-terms/searchterms-tagging2.php on line 1235
[06-May-2025 04:53:51 UTC] PHP Deprecated:  Required parameter $name follows optional parameter $form_name in /wordpress/wp-content/plugins/recent-search-terms/searchterms-tagging2.php on line 1305
[06-May-2025 04:53:51 UTC] PHP Deprecated:  Required parameter $email follows optional parameter $form_name in /wordpress/wp-content/plugins/recent-search-terms/searchterms-tagging2.php on line 1305
[06-May-2025 04:53:51 UTC] PHP Deprecated:  Function register_sidebar_widget is <strong>deprecated</strong> since version 2.8.0! Use wp_register_sidebar_widget() instead. in /wordpress/wp-includes/functions.php on line 6121
[06-May-2025 04:53:52 UTC] PHP Deprecated:  Function register_widget_control is <strong>deprecated</strong> since version 2.8.0! Use wp_register_widget_control() instead. in /wordpress/wp-includes/functions.php on line 6121
[06-May-2025 04:53:52 UTC] PHP Deprecated:  Function register_sidebar_widget is <strong>deprecated</strong> since version 2.8.0! Use wp_register_sidebar_widget() instead. in /wordpress/wp-includes/functions.php on line 6121
[06-May-2025 04:53:52 UTC] PHP Deprecated:  Function register_widget_control is <strong>deprecated</strong> since version 2.8.0! Use wp_register_widget_control() instead. in /wordpress/wp-includes/functions.php on line 6121
[06-May-2025 04:53:52 UTC] PHP Deprecated:  Function register_sidebar_widget is <strong>deprecated</strong> since version 2.8.0! Use wp_register_sidebar_widget() instead. in /wordpress/wp-includes/functions.php on line 6121
[06-May-2025 04:53:52 UTC] PHP Deprecated:  Function register_widget_control is <strong>deprecated</strong> since version 2.8.0! Use wp_register_widget_control() instead. in /wordpress/wp-includes/functions.php on line 6121
[06-May-2025 04:53:52 UTC] PHP Deprecated:  Function register_sidebar_widget is <strong>deprecated</strong> since version 2.8.0! Use wp_register_sidebar_widget() instead. in /wordpress/wp-includes/functions.php on line 6121
[06-May-2025 04:53:52 UTC] PHP Deprecated:  Function register_widget_control is <strong>deprecated</strong> since version 2.8.0! Use wp_register_widget_control() instead. in /wordpress/wp-includes/functions.php on line 6121
[06-May-2025 04:56:50 UTC] PHP Fatal error:  Uncaught TypeError: count(): Argument #1 ($value) must be of type Countable|array, bool given in /wordpress/wp-content/plugins/pb-responsive-images/options.php:184
Stack trace:
#0 /wordpress/wp-content/plugins/pb-responsive-images/options.php(11): RIPOptions->__construct()
#1 /wordpress/wp-content/plugins/pb-responsive-images/responsive-image-polyfill.php(236): RIPOptions::options()
#2 /wordpress/wp-content/plugins/pb-responsive-images/responsive-image-polyfill.php(63): RIP->__construct()
#3 /wordpress/wp-content/plugins/pb-responsive-images/responsive-image-polyfill.php(55): RIP::get_manager()
#4 /wordpress/wp-admin/includes/plugin.php(2387): include_once('/wordpress/wp-c...')
#5 /wordpress/wp-admin/includes/plugin.php(673): plugin_sandbox_scrape('pb-responsive-i...')
#6 /internal/eval.php(20): activate_plugin('pb-responsive-i...')
#7 {main}
  thrown in /wordpress/wp-content/plugins/pb-responsive-images/options.php on line 184
[06-May-2025 04:56:57 UTC] PHP Fatal error:  Uncaught TypeError: count(): Argument #1 ($value) must be of type Countable|array, bool given in /wordpress/wp-content/plugins/pb-responsive-images/options.php:184
Stack trace:
#0 /wordpress/wp-content/plugins/pb-responsive-images/options.php(11): RIPOptions->__construct()
#1 /wordpress/wp-content/plugins/pb-responsive-images/responsive-image-polyfill.php(236): RIPOptions::options()
#2 /wordpress/wp-content/plugins/pb-responsive-images/responsive-image-polyfill.php(63): RIP->__construct()
#3 /wordpress/wp-content/plugins/pb-responsive-images/responsive-image-polyfill.php(55): RIP::get_manager()
#4 /wordpress/wp-admin/includes/plugin.php(2387): include_once('/wordpress/wp-c...')
#5 /wordpress/wp-admin/includes/plugin.php(673): plugin_sandbox_scrape('pb-responsive-i...')
#6 /internal/eval.php(20): activate_plugin('pb-responsive-i...')
#7 {main}
  thrown in /wordpress/wp-content/plugins/pb-responsive-images/options.php on line 184
[06-May-2025 04:57:04 UTC] PHP Fatal error:  Uncaught TypeError: count(): Argument #1 ($value) must be of type Countable|array, bool given in /wordpress/wp-content/plugins/pb-responsive-images/options.php:184
Stack trace:
#0 /wordpress/wp-content/plugins/pb-responsive-images/options.php(11): RIPOptions->__construct()
#1 /wordpress/wp-content/plugins/pb-responsive-images/responsive-image-polyfill.php(236): RIPOptions::options()
#2 /wordpress/wp-content/plugins/pb-responsive-images/responsive-image-polyfill.php(63): RIP->__construct()
#3 /wordpress/wp-content/plugins/pb-responsive-images/responsive-image-polyfill.php(55): RIP::get_manager()
#4 /wordpress/wp-admin/includes/plugin.php(2387): include_once('/wordpress/wp-c...')
#5 /wordpress/wp-admin/includes/plugin.php(673): plugin_sandbox_scrape('pb-responsive-i...')
#6 /internal/eval.php(20): activate_plugin('pb-responsive-i...')
#7 {main}
  thrown in /wordpress/wp-content/plugins/pb-responsive-images/options.php on line 184
[06-May-2025 04:57:49 UTC] PHP Fatal error:  Uncaught Error: Class 'WC_Admin_Settings' not found in /wordpress/wp-content/plugins/penny-black/src/Hook/OrderHook.php:31
Stack trace:
#0 /wordpress/wp-content/plugins/penny-black/src/PennyBlackPlugin.php(27): PennyBlackWoo\Hook\OrderHook->initialize()
#1 /wordpress/wp-includes/class-wp-hook.php(324): PennyBlackWoo\PennyBlackPlugin->initialize('')
#2 /wordpress/wp-includes/class-wp-hook.php(348): WP_Hook->apply_filters(NULL, Array)
#3 /wordpress/wp-includes/plugin.php(517): WP_Hook->do_action(Array)
#4 /wordpress/wp-settings.php(727): do_action('init')
#5 /wordpress/wp-config.php(102): require_once('/wordpress/wp-s...')
#6 /wordpress/wp-load.php(50): require_once('/wordpress/wp-c...')
#7 /internal/eval.php(3): require_once('/wordpress/wp-l...')
#8 {main}
  thrown in /wordpress/wp-content/plugins/penny-black/src/Hook/OrderHook.php on line 31
[06-May-2025 04:57:57 UTC] PHP Fatal error:  Uncaught Error: Class 'WC_Admin_Settings' not found in /wordpress/wp-content/plugins/penny-black/src/Hook/OrderHook.php:31
Stack trace:
#0 /wordpress/wp-content/plugins/penny-black/src/PennyBlackPlugin.php(27): PennyBlackWoo\Hook\OrderHook->initialize()
#1 /wordpress/wp-includes/class-wp-hook.php(324): PennyBlackWoo\PennyBlackPlugin->initialize('')
#2 /wordpress/wp-includes/class-wp-hook.php(348): WP_Hook->apply_filters(NULL, Array)
#3 /wordpress/wp-includes/plugin.php(517): WP_Hook->do_action(Array)
#4 /wordpress/wp-settings.php(727): do_action('init')
#5 /wordpress/wp-config.php(102): require_once('/wordpress/wp-s...')
#6 /wordpress/wp-load.php(50): require_once('/wordpress/wp-c...')
#7 /internal/eval.php(3): require_once('/wordpress/wp-l...')
#8 {main}
  thrown in /wordpress/wp-content/plugins/penny-black/src/Hook/OrderHook.php on line 31

    at Object.onBind (file:///home/runner/work/playground-tester/playground-tester/node_modules/@wp-playground/cli/index.js:237:15)
    at process.processTicksAndRejections (node:internal/process/task_queues:105:5)
    at async V (file:///home/runner/work/playground-tester/playground-tester/node_modules/@wp-playground/cli/index.js:64:10)
    at async ja (file:///home/runner/work/playground-tester/playground-tester/node_modules/@wp-playground/cli/cli.js:8161:12) {
  [cause]: Error: Error when executing the blueprint step #1 ({"step":"installPlugin","pluginData":{"resource":"wordpress.org/plugins","slug":"penny-black"},"options":{"activate":true}}) : PHP.run() failed with exit code 255 and the following output: 
      at Object.run (file:///home/runner/work/playground-tester/playground-tester/node_modules/@wp-playground/blueprints/index.js:12449:19)
      at process.processTicksAndRejections (node:internal/process/task_queues:105:5)
      at async ms (file:///home/runner/work/playground-tester/playground-tester/node_modules/@wp-playground/blueprints/index.js:12552:3)
      ... 2 lines matching cause stack trace ...
      at async ja (file:///home/runner/work/playground-tester/playground-tester/node_modules/@wp-playground/cli/cli.js:8161:12) {
    [cause]: PHPExecutionFailureError: PHP.run() failed with exit code 255 and the following output: 
        at PHP.run (file:///home/runner/work/playground-tester/playground-tester/node_modules/@php-wasm/universal/index.js:987:19)
        at process.processTicksAndRejections (node:internal/process/task_queues:105:5)
        at async wr (file:///home/runner/work/playground-tester/playground-tester/node_modules/@wp-playground/blueprints/index.js:73:13)
        at async Object.gt [as installPlugin] (file:///home/runner/work/playground-tester/playground-tester/node_modules/@wp-playground/blueprints/index.js:974:42)
        at async g (file:///home/runner/work/playground-tester/playground-tester/node_modules/@wp-playground/blueprints/index.js:12517:30)
        at async Object.run (file:///home/runner/work/playground-tester/playground-tester/node_modules/@wp-playground/blueprints/index.js:12446:23)
        at async ms (file:///home/runner/work/playground-tester/playground-tester/node_modules/@wp-playground/blueprints/index.js:12552:3)
        at async Object.onBind (file:///home/runner/work/playground-tester/playground-tester/node_modules/@wp-playground/cli/index.js:227:48)
        at async V (file:///home/runner/work/playground-tester/playground-tester/node_modules/@wp-playground/cli/index.js:64:10)
        at async ja (file:///home/runner/work/playground-tester/playground-tester/node_modules/@wp-playground/cli/cli.js:8161:12) {
      response: PHPResponse {
        httpStatusCode: 500,
        headers: {
          'x-powered-by': [ 'PHP/7.4.31-dev' ],
          'content-type': [ 'text/html; charset=UTF-8' ],
          expires: [ 'Wed, 11 Jan 1984 05:00:00 GMT' ],
          'cache-control': [ 'no-cache, must-revalidate, max-age=0, no-store, private' ]
        },
        bytes: Uint8Array(2653) [
           60,  33,  68,  79,  67,  84,  89,  80,  69,  32, 104, 116,
          109, 108,  62,  10,  60, 104, 116, 109, 108,  32, 108,  97,
          110, 103,  61,  34, 101, 110,  45,  85,  83,  34,  62,  10,
           60, 104, 101,  97, 100,  62,  10,   9,  60, 109, 101, 116,
           97,  32, 104, 116, 116, 112,  45, 101, 113, 117, 105, 118,
           61,  34,  67, 111, 110, 116, 101, 110, 116,  45,  84, 121,
          112, 101,  34,  32,  99, 111, 110, 116, 101, 110, 116,  61,
           34, 116, 101, 120, 116,  47, 104, 116, 109, 108,  59,  32,
           99, 104,  97, 114,
          ... 2553 more items
        ],
        exitCode: 255,
        errors: ''
      },
      source: 'request'
    }
  }
}

Node.js v23.11.0
