file:///home/runner/work/playground-tester/playground-tester/node_modules/@wp-playground/cli/run-cli-j-geJYS3.js:325
        throw new Error($, { cause: h });
              ^

Error: [18-Jun-2025 22:53:13 UTC] PHP Notice:  Function _load_textdomain_just_in_time was called <strong>incorrectly</strong>. Translation loading for the <code>htevent</code> domain was triggered too early. This is usually an indicator for some code in the plugin or theme running too early. Translations should be loaded at the <code>init</code> action or later. Please see <a href="https://developer.wordpress.org/advanced-administration/debug/debug-wordpress/">Debugging in WordPress</a> for more information. (This message was added in version 6.7.0.) in /wordpress/wp-includes/functions.php on line 6121
[18-Jun-2025 22:53:13 UTC] PHP Warning:  include_once(/wordpress/wp-content/plugins/ht-event/admin/cmb2/includes/CMB2_Hookup.php): Failed to open stream: No such file or directory in /wordpress/wp-content/plugins/ht-event/admin/cmb2/includes/helper-functions.php on line 44
[18-Jun-2025 22:53:13 UTC] PHP Warning:  include_once(): Failed opening '/wordpress/wp-content/plugins/ht-event/admin/cmb2/includes/CMB2_Hookup.php' for inclusion (include_path='.:') in /wordpress/wp-content/plugins/ht-event/admin/cmb2/includes/helper-functions.php on line 44
[18-Jun-2025 22:53:13 UTC] PHP Fatal error:  Uncaught TypeError: call_user_func_array(): Argument #1 ($callback) must be a valid callback, class "CMB2_Hookup" not found in /wordpress/wp-includes/class-wp-hook.php:324
Stack trace:
#0 /wordpress/wp-includes/class-wp-hook.php(348): WP_Hook->apply_filters('', Array)
#1 /wordpress/wp-includes/plugin.php(517): WP_Hook->do_action(Array)
#2 /wordpress/wp-content/plugins/ht-event/admin/cmb2/bootstrap.php(75): do_action('cmb2_init_hooku...', Object(CMB2))
#3 /wordpress/wp-content/plugins/ht-event/admin/cmb2/init.php(107): cmb2_bootstrap()
#4 /wordpress/wp-includes/class-wp-hook.php(324): CMB2_Bootstrap_231->include_cmb('')
#5 /wordpress/wp-includes/class-wp-hook.php(348): WP_Hook->apply_filters(NULL, Array)
#6 /wordpress/wp-includes/plugin.php(517): WP_Hook->do_action(Array)
#7 /wordpress/wp-settings.php(727): do_action('init')
#8 /wordpress/wp-config.php(102): require_once('/wordpress/wp-s...')
#9 /wordpress/wp-load.php(50): require_once('/wordpress/wp-c...')
#10 /internal/eval.php(3): require_once('/wordpress/wp-l...')
#11 {main}
  thrown in /wordpress/wp-includes/class-wp-hook.php on line 324
[18-Jun-2025 22:53:25 UTC] PHP Notice:  Function _load_textdomain_just_in_time was called <strong>incorrectly</strong>. Translation loading for the <code>htevent</code> domain was triggered too early. This is usually an indicator for some code in the plugin or theme running too early. Translations should be loaded at the <code>init</code> action or later. Please see <a href="https://developer.wordpress.org/advanced-administration/debug/debug-wordpress/">Debugging in WordPress</a> for more information. (This message was added in version 6.7.0.) in /wordpress/wp-includes/functions.php on line 6121
[18-Jun-2025 22:53:26 UTC] PHP Warning:  include_once(/wordpress/wp-content/plugins/ht-event/admin/cmb2/includes/CMB2_Hookup.php): Failed to open stream: No such file or directory in /wordpress/wp-content/plugins/ht-event/admin/cmb2/includes/helper-functions.php on line 44
[18-Jun-2025 22:53:26 UTC] PHP Warning:  include_once(): Failed opening '/wordpress/wp-content/plugins/ht-event/admin/cmb2/includes/CMB2_Hookup.php' for inclusion (include_path='.:') in /wordpress/wp-content/plugins/ht-event/admin/cmb2/includes/helper-functions.php on line 44
[18-Jun-2025 22:53:26 UTC] PHP Fatal error:  Uncaught TypeError: call_user_func_array(): Argument #1 ($callback) must be a valid callback, class "CMB2_Hookup" not found in /wordpress/wp-includes/class-wp-hook.php:324
Stack trace:
#0 /wordpress/wp-includes/class-wp-hook.php(348): WP_Hook->apply_filters('', Array)
#1 /wordpress/wp-includes/plugin.php(517): WP_Hook->do_action(Array)
#2 /wordpress/wp-content/plugins/ht-event/admin/cmb2/bootstrap.php(75): do_action('cmb2_init_hooku...', Object(CMB2))
#3 /wordpress/wp-content/plugins/ht-event/admin/cmb2/init.php(107): cmb2_bootstrap()
#4 /wordpress/wp-includes/class-wp-hook.php(324): CMB2_Bootstrap_231->include_cmb('')
#5 /wordpress/wp-includes/class-wp-hook.php(348): WP_Hook->apply_filters(NULL, Array)
#6 /wordpress/wp-includes/plugin.php(517): WP_Hook->do_action(Array)
#7 /wordpress/wp-settings.php(727): do_action('init')
#8 /wordpress/wp-config.php(102): require_once('/wordpress/wp-s...')
#9 /wordpress/wp-load.php(50): require_once('/wordpress/wp-c...')
#10 /internal/eval.php(3): require_once('/wordpress/wp-l...')
#11 {main}
  thrown in /wordpress/wp-includes/class-wp-hook.php on line 324
[18-Jun-2025 22:53:37 UTC] PHP Notice:  Function _load_textdomain_just_in_time was called <strong>incorrectly</strong>. Translation loading for the <code>htevent</code> domain was triggered too early. This is usually an indicator for some code in the plugin or theme running too early. Translations should be loaded at the <code>init</code> action or later. Please see <a href="https://developer.wordpress.org/advanced-administration/debug/debug-wordpress/">Debugging in WordPress</a> for more information. (This message was added in version 6.7.0.) in /wordpress/wp-includes/functions.php on line 6121
[18-Jun-2025 22:53:37 UTC] PHP Warning:  include_once(/wordpress/wp-content/plugins/ht-event/admin/cmb2/includes/CMB2_Hookup.php): Failed to open stream: No such file or directory in /wordpress/wp-content/plugins/ht-event/admin/cmb2/includes/helper-functions.php on line 44
[18-Jun-2025 22:53:37 UTC] PHP Warning:  include_once(): Failed opening '/wordpress/wp-content/plugins/ht-event/admin/cmb2/includes/CMB2_Hookup.php' for inclusion (include_path='.:') in /wordpress/wp-content/plugins/ht-event/admin/cmb2/includes/helper-functions.php on line 44
[18-Jun-2025 22:53:37 UTC] PHP Fatal error:  Uncaught TypeError: call_user_func_array(): Argument #1 ($callback) must be a valid callback, class "CMB2_Hookup" not found in /wordpress/wp-includes/class-wp-hook.php:324
Stack trace:
#0 /wordpress/wp-includes/class-wp-hook.php(348): WP_Hook->apply_filters('', Array)
#1 /wordpress/wp-includes/plugin.php(517): WP_Hook->do_action(Array)
#2 /wordpress/wp-content/plugins/ht-event/admin/cmb2/bootstrap.php(75): do_action('cmb2_init_hooku...', Object(CMB2))
#3 /wordpress/wp-content/plugins/ht-event/admin/cmb2/init.php(107): cmb2_bootstrap()
#4 /wordpress/wp-includes/class-wp-hook.php(324): CMB2_Bootstrap_231->include_cmb('')
#5 /wordpress/wp-includes/class-wp-hook.php(348): WP_Hook->apply_filters(NULL, Array)
#6 /wordpress/wp-includes/plugin.php(517): WP_Hook->do_action(Array)
#7 /wordpress/wp-settings.php(727): do_action('init')
#8 /wordpress/wp-config.php(102): require_once('/wordpress/wp-s...')
#9 /wordpress/wp-load.php(50): require_once('/wordpress/wp-c...')
#10 /internal/eval.php(3): require_once('/wordpress/wp-l...')
#11 {main}
  thrown in /wordpress/wp-includes/class-wp-hook.php on line 324
[18-Jun-2025 22:53:48 UTC] PHP Notice:  Function wp_enqueue_style was called <strong>incorrectly</strong>. Scripts and styles should not be registered or enqueued until the <code>wp_enqueue_scripts</code>, <code>admin_enqueue_scripts</code>, or <code>login_enqueue_scripts</code> hooks. This notice was triggered by the <code>ebou-tf-settings-style</code> handle. Please see <a href="https://developer.wordpress.org/advanced-administration/debug/debug-wordpress/">Debugging in WordPress</a> for more information. (This message was added in version 3.3.0.) in /wordpress/wp-includes/functions.php on line 6121
[18-Jun-2025 22:53:48 UTC] PHP Notice:  Function is_feed was called <strong>incorrectly</strong>. Conditional query tags do not work before the query is run. Before then, they always return false. Please see <a href="https://developer.wordpress.org/advanced-administration/debug/debug-wordpress/">Debugging in WordPress</a> for more information. (This message was added in version 3.1.0.) in /wordpress/wp-includes/functions.php on line 6121
[18-Jun-2025 22:53:58 UTC] PHP Notice:  Function wp_enqueue_style was called <strong>incorrectly</strong>. Scripts and styles should not be registered or enqueued until the <code>wp_enqueue_scripts</code>, <code>admin_enqueue_scripts</code>, or <code>login_enqueue_scripts</code> hooks. This notice was triggered by the <code>ebou-tf-settings-style</code> handle. Please see <a href="https://developer.wordpress.org/advanced-administration/debug/debug-wordpress/">Debugging in WordPress</a> for more information. (This message was added in version 3.3.0.) in /wordpress/wp-includes/functions.php on line 6121
[18-Jun-2025 22:53:58 UTC] PHP Notice:  Function is_feed was called <strong>incorrectly</strong>. Conditional query tags do not work before the query is run. Before then, they always return false. Please see <a href="https://developer.wordpress.org/advanced-administration/debug/debug-wordpress/">Debugging in WordPress</a> for more information. (This message was added in version 3.1.0.) in /wordpress/wp-includes/functions.php on line 6121
[18-Jun-2025 22:54:08 UTC] PHP Notice:  Function wp_enqueue_style was called <strong>incorrectly</strong>. Scripts and styles should not be registered or enqueued until the <code>wp_enqueue_scripts</code>, <code>admin_enqueue_scripts</code>, or <code>login_enqueue_scripts</code> hooks. This notice was triggered by the <code>ebou-tf-settings-style</code> handle. Please see <a href="https://developer.wordpress.org/advanced-administration/debug/debug-wordpress/">Debugging in WordPress</a> for more information. (This message was added in version 3.3.0.) in /wordpress/wp-includes/functions.php on line 6121
[18-Jun-2025 22:54:08 UTC] PHP Notice:  Function is_feed was called <strong>incorrectly</strong>. Conditional query tags do not work before the query is run. Before then, they always return false. Please see <a href="https://developer.wordpress.org/advanced-administration/debug/debug-wordpress/">Debugging in WordPress</a> for more information. (This message was added in version 3.1.0.) in /wordpress/wp-includes/functions.php on line 6121
[18-Jun-2025 22:55:42 UTC] WordPress database error <div style="clear:both">&nbsp;</div>
<div class="queries" style="clear:both;margin-bottom:2px;border:red dotted thin;">
<p>MySQL query:</p>
<p>CREATE TABLE IF NOT EXISTS wp_easy_poll_feedback (
        id INT(9) unsigned NOT NULL AUTO_INCREMENT,
		field_id INT(9) unsigned NOT NULL,
		option_id INT(9),
        FOREIGN KEY (field_id)
		    REFERENCES wp_easy_poll_fields(id)
            ON DELETE CASCADE,

		user_id INT(9) NOT NULL DEFAULT 0,
        feedback LONGTEXT,
		user_ip VARCHAR(255),
		created_at TIMESTAMP default CURRENT_TIMESTAMP,
        PRIMARY KEY  (id)
        )  ENGINE = INNODB
        DEFAULT CHARACTER SET utf8mb4</p>
<p>Queries made or created this session were:</p>
<ol>
<li>Executing: BEGIN IMMEDIATE | (no parameters)</li>
<li>Executing: SELECT 1 FROM `_wp_sqlite_mysql_information_schema_tables` WHERE table_schema = ? AND table_name = ? | parameters: database_name_here, wp_easy_poll_feedback</li>
<li>Executing: INSERT INTO `_wp_sqlite_mysql_information_schema_tables` (`table_schema`, `table_name`, `table_type`, `engine`, `row_format`, `table_collation`, `table_comment`) VALUES (?, ?, ?, ?, ?, ?, ?) | parameters: database_name_here, wp_easy_poll_feedback, BASE TABLE, InnoDB, Dynamic, utf8mb4_general_ci, </li>
<li>Executing: INSERT INTO `_wp_sqlite_mysql_information_schema_columns` (`table_schema`, `table_name`, `column_name`, `ordinal_position`, `column_default`, `is_nullable`, `data_type`, `character_maximum_length`, `character_octet_length`, `numeric_precision`, `numeric_scale`, `datetime_precision`, `character_set_name`, `collation_name`, `column_type`, `column_key`, `extra`, `privileges`, `column_comment`, `generation_expression`, `srs_id`) VALUES (?, ?, ?, ?, ?, ?, ?, ?, ?, ?, ?, ?, ?, ?, ?, ?, ?, ?, ?, ?, ?) | parameters: database_name_here, wp_easy_poll_feedback, id, 1, , NO, int, , , 10, 0, , , , int(9) unsigned, , auto_increment, select,insert,update,references, , , </li>
<li>Executing: INSERT INTO `_wp_sqlite_mysql_information_schema_columns` (`table_schema`, `table_name`, `column_name`, `ordinal_position`, `column_default`, `is_nullable`, `data_type`, `character_maximum_length`, `character_octet_length`, `numeric_precision`, `numeric_scale`, `datetime_precision`, `character_set_name`, `collation_name`, `column_type`, `column_key`, `extra`, `privileges`, `column_comment`, `generation_expression`, `srs_id`) VALUES (?, ?, ?, ?, ?, ?, ?, ?, ?, ?, ?, ?, ?, ?, ?, ?, ?, ?, ?, ?, ?) | parameters: database_name_here, wp_easy_poll_feedback, field_id, 2, , NO, int, , , 10, 0, , , , int(9) unsigned, , , select,insert,update,references, , , </li>
<li>Executing: INSERT INTO `_wp_sqlite_mysql_information_schema_columns` (`table_schema`, `table_name`, `column_name`, `ordinal_position`, `column_default`, `is_nullable`, `data_type`, `character_maximum_length`, `character_octet_length`, `numeric_precision`, `numeric_scale`, `datetime_precision`, `character_set_name`, `collation_name`, `column_type`, `column_key`, `extra`, `privileges`, `column_comment`, `generation_expression`, `srs_id`) VALUES (?, ?, ?, ?, ?, ?, ?, ?, ?, ?, ?, ?, ?, ?, ?, ?, ?, ?, ?, ?, ?) | parameters: database_name_here, wp_easy_poll_feedback, option_id, 3, , YES, int, , , 10, 0, , , , int(9), , , select,insert,update,references, , , </li>
<li>Executing: INSERT INTO `_wp_sqlite_mysql_information_schema_columns` (`table_schema`, `table_name`, `column_name`, `ordinal_position`, `column_default`, `is_nullable`, `data_type`, `character_maximum_length`, `character_octet_length`, `numeric_precision`, `numeric_scale`, `datetime_precision`, `character_set_name`, `collation_name`, `column_type`, `column_key`, `extra`, `privileges`, `column_comment`, `generation_expression`, `srs_id`) VALUES (?, ?, ?, ?, ?, ?, ?, ?, ?, ?, ?, ?, ?, ?, ?, ?, ?, ?, ?, ?, ?) | parameters: database_name_here, wp_easy_poll_feedback, user_id, 4, 0, NO, int, , , 10, 0, , , , int(9), , , select,insert,update,references, , , </li>
<li>Executing: INSERT INTO `_wp_sqlite_mysql_information_schema_columns` (`table_schema`, `table_name`, `column_name`, `ordinal_position`, `column_default`, `is_nullable`, `data_type`, `character_maximum_length`, `character_octet_length`, `numeric_precision`, `numeric_scale`, `datetime_precision`, `character_set_name`, `collation_name`, `column_type`, `column_key`, `extra`, `privileges`, `column_comment`, `generation_expression`, `srs_id`) VALUES (?, ?, ?, ?, ?, ?, ?, ?, ?, ?, ?, ?, ?, ?, ?, ?, ?, ?, ?, ?, ?) | parameters: database_name_here, wp_easy_poll_feedback, feedback, 5, , YES, longtext, 4294967295, 4294967295, , , , utf8mb4, utf8mb4_general_ci, longtext, , , select,insert,update,references, , , </li>
<li>Executing: INSERT INTO `_wp_sqlite_mysql_information_schema_columns` (`table_schema`, `table_name`, `column_name`, `ordinal_position`, `column_default`, `is_nullable`, `data_type`, `character_maximum_length`, `character_octet_length`, `numeric_precision`, `numeric_scale`, `datetime_precision`, `character_set_name`, `collation_name`, `column_type`, `column_key`, `extra`, `privileges`, `column_comment`, `generation_expression`, `srs_id`) VALUES (?, ?, ?, ?, ?, ?, ?, ?, ?, ?, ?, ?, ?, ?, ?, ?, ?, ?, ?, ?, ?) | parameters: database_name_here, wp_easy_poll_feedback, user_ip, 6, , YES, varchar, 255, 1020, , , , utf8mb4, utf8mb4_general_ci, varchar(255), , , select,insert,update,references, , , </li>
<li>Executing: INSERT INTO `_wp_sqlite_mysql_information_schema_columns` (`table_schema`, `table_name`, `column_name`, `ordinal_position`, `column_default`, `is_nullable`, `data_type`, `character_maximum_length`, `character_octet_length`, `numeric_precision`, `numeric_scale`, `datetime_precision`, `character_set_name`, `collation_name`, `column_type`, `column_key`, `extra`, `privileges`, `column_comment`, `generation_expression`, `srs_id`) VALUES (?, ?, ?, ?, ?, ?, ?, ?, ?, ?, ?, ?, ?, ?, ?, ?, ?, ?, ?, ?, ?) | parameters: database_name_here, wp_easy_poll_feedback, created_at, 7, CURRENT_TIMESTAMP, YES, timestamp, , , , , 0, , , timestamp, , DEFAULT_GENERATED, select,insert,update,references, , , </li>
<li>Executing: ROLLBACK | (no parameters)</li>
</ol>
</div>
<div style="clear:both;margin-bottom:2px;border:red dotted thin;" class="error_message" style="border-bottom:dotted blue thin;">
FOREIGN KEY and CHECK constraints are not supported yet.
</div>
<p>Backtrace:</p>
<pre>#0 /internal/shared/sqlite-database-integration/wp-includes/sqlite-ast/class-wp-sqlite-driver.php(683): WP_SQLite_Driver->new_driver_exception('FOREIGN KEY and...', 0, Object(Exception))
#1 /internal/shared/sqlite-database-integration/wp-includes/sqlite/class-wp-sqlite-db.php(491): WP_SQLite_Driver->query('CREATE TABLE IF...')
#2 /internal/shared/sqlite-database-integration/wp-includes/sqlite/class-wp-sqlite-db.php(432): WP_SQLite_DB->_do_query('CREATE TABLE IF...')
#3 /wordpress/wp-admin/includes/upgrade.php(3280): WP_SQLite_DB->query('CREATE TABLE IF...')
#4 /wordpress/wp-content/plugins/easy-poll/includes/Database/EasyPollFeedback.php(69): dbDelta(Array)
#5 /wordpress/wp-content/plugins/easy-poll/easy-poll.php(143): EasyPoll\Database\EasyPollFeedback::create_table()
#6 /wordpress/wp-includes/class-wp-hook.php(324): EasyPoll::register_activation(false)
#7 /wordpress/wp-includes/class-wp-hook.php(348): WP_Hook->apply_filters('', Array)
#8 /wordpress/wp-includes/plugin.php(517): WP_Hook->do_action(Array)
#9 /wordpress/wp-admin/includes/plugin.php(703): do_action('activate_easy-p...', false)
#10 /internal/eval.php(20): activate_plugin('easy-poll/easy-...')
#11 {main}</pre>
 for query CREATE TABLE IF NOT EXISTS wp_easy_poll_feedback (
        id INT(9) unsigned NOT NULL AUTO_INCREMENT,
		field_id INT(9) unsigned NOT NULL,
		option_id INT(9),
        FOREIGN KEY (field_id)
		    REFERENCES wp_easy_poll_fields(id)
            ON DELETE CASCADE,

		user_id INT(9) NOT NULL DEFAULT 0,
        feedback LONGTEXT,
		user_ip VARCHAR(255),
		created_at TIMESTAMP default CURRENT_TIMESTAMP,
        PRIMARY KEY  (id)
        )  ENGINE = INNODB
        DEFAULT CHARACTER SET utf8mb4 made by activate_plugin, do_action('activate_easy-poll/easy-poll.php'), WP_Hook->do_action, WP_Hook->apply_filters, EasyPoll::register_activation, EasyPoll\Database\EasyPollFeedback::create_table, dbDelta, WP_SQLite_DB->query, WP_SQLite_DB->print_error
[18-Jun-2025 22:55:42 UTC] WordPress database error <div style="clear:both">&nbsp;</div>
<div class="queries" style="clear:both;margin-bottom:2px;border:red dotted thin;">
<p>MySQL query:</p>
<p>CREATE TABLE IF NOT EXISTS wp_easy_poll_options (
        id INT(9) unsigned NOT NULL AUTO_INCREMENT,
		field_id INT(9) unsigned NOT NULL,

		FOREIGN KEY (field_id)
			REFERENCES wp_easy_poll_fields(id)
            ON DELETE CASCADE,
	
        option_label VARCHAR(255),
        PRIMARY KEY  (id)
        ) ENGINE = INNODB
		DEFAULT CHARACTER SET utf8mb4</p>
<p>Queries made or created this session were:</p>
<ol>
<li>Executing: BEGIN IMMEDIATE | (no parameters)</li>
<li>Executing: SELECT 1 FROM `_wp_sqlite_mysql_information_schema_tables` WHERE table_schema = ? AND table_name = ? | parameters: database_name_here, wp_easy_poll_options</li>
<li>Executing: INSERT INTO `_wp_sqlite_mysql_information_schema_tables` (`table_schema`, `table_name`, `table_type`, `engine`, `row_format`, `table_collation`, `table_comment`) VALUES (?, ?, ?, ?, ?, ?, ?) | parameters: database_name_here, wp_easy_poll_options, BASE TABLE, InnoDB, Dynamic, utf8mb4_general_ci, </li>
<li>Executing: INSERT INTO `_wp_sqlite_mysql_information_schema_columns` (`table_schema`, `table_name`, `column_name`, `ordinal_position`, `column_default`, `is_nullable`, `data_type`, `character_maximum_length`, `character_octet_length`, `numeric_precision`, `numeric_scale`, `datetime_precision`, `character_set_name`, `collation_name`, `column_type`, `column_key`, `extra`, `privileges`, `column_comment`, `generation_expression`, `srs_id`) VALUES (?, ?, ?, ?, ?, ?, ?, ?, ?, ?, ?, ?, ?, ?, ?, ?, ?, ?, ?, ?, ?) | parameters: database_name_here, wp_easy_poll_options, id, 1, , NO, int, , , 10, 0, , , , int(9) unsigned, , auto_increment, select,insert,update,references, , , </li>
<li>Executing: INSERT INTO `_wp_sqlite_mysql_information_schema_columns` (`table_schema`, `table_name`, `column_name`, `ordinal_position`, `column_default`, `is_nullable`, `data_type`, `character_maximum_length`, `character_octet_length`, `numeric_precision`, `numeric_scale`, `datetime_precision`, `character_set_name`, `collation_name`, `column_type`, `column_key`, `extra`, `privileges`, `column_comment`, `generation_expression`, `srs_id`) VALUES (?, ?, ?, ?, ?, ?, ?, ?, ?, ?, ?, ?, ?, ?, ?, ?, ?, ?, ?, ?, ?) | parameters: database_name_here, wp_easy_poll_options, field_id, 2, , NO, int, , , 10, 0, , , , int(9) unsigned, , , select,insert,update,references, , , </li>
<li>Executing: INSERT INTO `_wp_sqlite_mysql_information_schema_columns` (`table_schema`, `table_name`, `column_name`, `ordinal_position`, `column_default`, `is_nullable`, `data_type`, `character_maximum_length`, `character_octet_length`, `numeric_precision`, `numeric_scale`, `datetime_precision`, `character_set_name`, `collation_name`, `column_type`, `column_key`, `extra`, `privileges`, `column_comment`, `generation_expression`, `srs_id`) VALUES (?, ?, ?, ?, ?, ?, ?, ?, ?, ?, ?, ?, ?, ?, ?, ?, ?, ?, ?, ?, ?) | parameters: database_name_here, wp_easy_poll_options, option_label, 3, , YES, varchar, 255, 1020, , , , utf8mb4, utf8mb4_general_ci, varchar(255), , , select,insert,update,references, , , </li>
<li>Executing: ROLLBACK | (no parameters)</li>
</ol>
</div>
<div style="clear:both;margin-bottom:2px;border:red dotted thin;" class="error_message" style="border-bottom:dotted blue thin;">
FOREIGN KEY and CHECK constraints are not supported yet.
</div>
<p>Backtrace:</p>
<pre>#0 /internal/shared/sqlite-database-integration/wp-includes/sqlite-ast/class-wp-sqlite-driver.php(683): WP_SQLite_Driver->new_driver_exception('FOREIGN KEY and...', 0, Object(Exception))
#1 /internal/shared/sqlite-database-integration/wp-includes/sqlite/class-wp-sqlite-db.php(491): WP_SQLite_Driver->query('CREATE TABLE IF...')
#2 /internal/shared/sqlite-database-integration/wp-includes/sqlite/class-wp-sqlite-db.php(432): WP_SQLite_DB->_do_query('CREATE TABLE IF...')
#3 /wordpress/wp-admin/includes/upgrade.php(3280): WP_SQLite_DB->query('CREATE TABLE IF...')
#4 /wordpress/wp-content/plugins/easy-poll/includes/Database/EasyPollOptions.php(66): dbDelta(Array)
#5 /wordpress/wp-content/plugins/easy-poll/easy-poll.php(143): EasyPoll\Database\EasyPollOptions::create_table()
#6 /wordpress/wp-includes/class-wp-hook.php(324): EasyPoll::register_activation(false)
#7 /wordpress/wp-includes/class-wp-hook.php(348): WP_Hook->apply_filters('', Array)
#8 /wordpress/wp-includes/plugin.php(517): WP_Hook->do_action(Array)
#9 /wordpress/wp-admin/includes/plugin.php(703): do_action('activate_easy-p...', false)
#10 /internal/eval.php(20): activate_plugin('easy-poll/easy-...')
#11 {main}</pre>
 for query CREATE TABLE IF NOT EXISTS wp_easy_poll_options (
        id INT(9) unsigned NOT NULL AUTO_INCREMENT,
		field_id INT(9) unsigned NOT NULL,

		FOREIGN KEY (field_id)
			REFERENCES wp_easy_poll_fields(id)
            ON DELETE CASCADE,
	
        option_label VARCHAR(255),
        PRIMARY KEY  (id)
        ) ENGINE = INNODB
		DEFAULT CHARACTER SET utf8mb4 made by activate_plugin, do_action('activate_easy-poll/easy-poll.php'), WP_Hook->do_action, WP_Hook->apply_filters, EasyPoll::register_activation, EasyPoll\Database\EasyPollOptions::create_table, dbDelta, WP_SQLite_DB->query, WP_SQLite_DB->print_error
[18-Jun-2025 22:55:52 UTC] WordPress database error <div style="clear:both">&nbsp;</div>
<div class="queries" style="clear:both;margin-bottom:2px;border:red dotted thin;">
<p>MySQL query:</p>
<p>CREATE TABLE IF NOT EXISTS wp_easy_poll_feedback (
        id INT(9) unsigned NOT NULL AUTO_INCREMENT,
		field_id INT(9) unsigned NOT NULL,
		option_id INT(9),
        FOREIGN KEY (field_id)
		    REFERENCES wp_easy_poll_fields(id)
            ON DELETE CASCADE,

		user_id INT(9) NOT NULL DEFAULT 0,
        feedback LONGTEXT,
		user_ip VARCHAR(255),
		created_at TIMESTAMP default CURRENT_TIMESTAMP,
        PRIMARY KEY  (id)
        )  ENGINE = INNODB
        DEFAULT CHARACTER SET utf8mb4</p>
<p>Queries made or created this session were:</p>
<ol>
<li>Executing: BEGIN IMMEDIATE | (no parameters)</li>
<li>Executing: SELECT 1 FROM `_wp_sqlite_mysql_information_schema_tables` WHERE table_schema = ? AND table_name = ? | parameters: database_name_here, wp_easy_poll_feedback</li>
<li>Executing: INSERT INTO `_wp_sqlite_mysql_information_schema_tables` (`table_schema`, `table_name`, `table_type`, `engine`, `row_format`, `table_collation`, `table_comment`) VALUES (?, ?, ?, ?, ?, ?, ?) | parameters: database_name_here, wp_easy_poll_feedback, BASE TABLE, InnoDB, Dynamic, utf8mb4_general_ci, </li>
<li>Executing: INSERT INTO `_wp_sqlite_mysql_information_schema_columns` (`table_schema`, `table_name`, `column_name`, `ordinal_position`, `column_default`, `is_nullable`, `data_type`, `character_maximum_length`, `character_octet_length`, `numeric_precision`, `numeric_scale`, `datetime_precision`, `character_set_name`, `collation_name`, `column_type`, `column_key`, `extra`, `privileges`, `column_comment`, `generation_expression`, `srs_id`) VALUES (?, ?, ?, ?, ?, ?, ?, ?, ?, ?, ?, ?, ?, ?, ?, ?, ?, ?, ?, ?, ?) | parameters: database_name_here, wp_easy_poll_feedback, id, 1, , NO, int, , , 10, 0, , , , int(9) unsigned, , auto_increment, select,insert,update,references, , , </li>
<li>Executing: INSERT INTO `_wp_sqlite_mysql_information_schema_columns` (`table_schema`, `table_name`, `column_name`, `ordinal_position`, `column_default`, `is_nullable`, `data_type`, `character_maximum_length`, `character_octet_length`, `numeric_precision`, `numeric_scale`, `datetime_precision`, `character_set_name`, `collation_name`, `column_type`, `column_key`, `extra`, `privileges`, `column_comment`, `generation_expression`, `srs_id`) VALUES (?, ?, ?, ?, ?, ?, ?, ?, ?, ?, ?, ?, ?, ?, ?, ?, ?, ?, ?, ?, ?) | parameters: database_name_here, wp_easy_poll_feedback, field_id, 2, , NO, int, , , 10, 0, , , , int(9) unsigned, , , select,insert,update,references, , , </li>
<li>Executing: INSERT INTO `_wp_sqlite_mysql_information_schema_columns` (`table_schema`, `table_name`, `column_name`, `ordinal_position`, `column_default`, `is_nullable`, `data_type`, `character_maximum_length`, `character_octet_length`, `numeric_precision`, `numeric_scale`, `datetime_precision`, `character_set_name`, `collation_name`, `column_type`, `column_key`, `extra`, `privileges`, `column_comment`, `generation_expression`, `srs_id`) VALUES (?, ?, ?, ?, ?, ?, ?, ?, ?, ?, ?, ?, ?, ?, ?, ?, ?, ?, ?, ?, ?) | parameters: database_name_here, wp_easy_poll_feedback, option_id, 3, , YES, int, , , 10, 0, , , , int(9), , , select,insert,update,references, , , </li>
<li>Executing: INSERT INTO `_wp_sqlite_mysql_information_schema_columns` (`table_schema`, `table_name`, `column_name`, `ordinal_position`, `column_default`, `is_nullable`, `data_type`, `character_maximum_length`, `character_octet_length`, `numeric_precision`, `numeric_scale`, `datetime_precision`, `character_set_name`, `collation_name`, `column_type`, `column_key`, `extra`, `privileges`, `column_comment`, `generation_expression`, `srs_id`) VALUES (?, ?, ?, ?, ?, ?, ?, ?, ?, ?, ?, ?, ?, ?, ?, ?, ?, ?, ?, ?, ?) | parameters: database_name_here, wp_easy_poll_feedback, user_id, 4, 0, NO, int, , , 10, 0, , , , int(9), , , select,insert,update,references, , , </li>
<li>Executing: INSERT INTO `_wp_sqlite_mysql_information_schema_columns` (`table_schema`, `table_name`, `column_name`, `ordinal_position`, `column_default`, `is_nullable`, `data_type`, `character_maximum_length`, `character_octet_length`, `numeric_precision`, `numeric_scale`, `datetime_precision`, `character_set_name`, `collation_name`, `column_type`, `column_key`, `extra`, `privileges`, `column_comment`, `generation_expression`, `srs_id`) VALUES (?, ?, ?, ?, ?, ?, ?, ?, ?, ?, ?, ?, ?, ?, ?, ?, ?, ?, ?, ?, ?) | parameters: database_name_here, wp_easy_poll_feedback, feedback, 5, , YES, longtext, 4294967295, 4294967295, , , , utf8mb4, utf8mb4_general_ci, longtext, , , select,insert,update,references, , , </li>
<li>Executing: INSERT INTO `_wp_sqlite_mysql_information_schema_columns` (`table_schema`, `table_name`, `column_name`, `ordinal_position`, `column_default`, `is_nullable`, `data_type`, `character_maximum_length`, `character_octet_length`, `numeric_precision`, `numeric_scale`, `datetime_precision`, `character_set_name`, `collation_name`, `column_type`, `column_key`, `extra`, `privileges`, `column_comment`, `generation_expression`, `srs_id`) VALUES (?, ?, ?, ?, ?, ?, ?, ?, ?, ?, ?, ?, ?, ?, ?, ?, ?, ?, ?, ?, ?) | parameters: database_name_here, wp_easy_poll_feedback, user_ip, 6, , YES, varchar, 255, 1020, , , , utf8mb4, utf8mb4_general_ci, varchar(255), , , select,insert,update,references, , , </li>
<li>Executing: INSERT INTO `_wp_sqlite_mysql_information_schema_columns` (`table_schema`, `table_name`, `column_name`, `ordinal_position`, `column_default`, `is_nullable`, `data_type`, `character_maximum_length`, `character_octet_length`, `numeric_precision`, `numeric_scale`, `datetime_precision`, `character_set_name`, `collation_name`, `column_type`, `column_key`, `extra`, `privileges`, `column_comment`, `generation_expression`, `srs_id`) VALUES (?, ?, ?, ?, ?, ?, ?, ?, ?, ?, ?, ?, ?, ?, ?, ?, ?, ?, ?, ?, ?) | parameters: database_name_here, wp_easy_poll_feedback, created_at, 7, CURRENT_TIMESTAMP, YES, timestamp, , , , , 0, , , timestamp, , DEFAULT_GENERATED, select,insert,update,references, , , </li>
<li>Executing: ROLLBACK | (no parameters)</li>
</ol>
</div>
<div style="clear:both;margin-bottom:2px;border:red dotted thin;" class="error_message" style="border-bottom:dotted blue thin;">
FOREIGN KEY and CHECK constraints are not supported yet.
</div>
<p>Backtrace:</p>
<pre>#0 /internal/shared/sqlite-database-integration/wp-includes/sqlite-ast/class-wp-sqlite-driver.php(683): WP_SQLite_Driver->new_driver_exception('FOREIGN KEY and...', 0, Object(Exception))
#1 /internal/shared/sqlite-database-integration/wp-includes/sqlite/class-wp-sqlite-db.php(491): WP_SQLite_Driver->query('CREATE TABLE IF...')
#2 /internal/shared/sqlite-database-integration/wp-includes/sqlite/class-wp-sqlite-db.php(432): WP_SQLite_DB->_do_query('CREATE TABLE IF...')
#3 /wordpress/wp-admin/includes/upgrade.php(3280): WP_SQLite_DB->query('CREATE TABLE IF...')
#4 /wordpress/wp-content/plugins/easy-poll/includes/Database/EasyPollFeedback.php(69): dbDelta(Array)
#5 /wordpress/wp-content/plugins/easy-poll/easy-poll.php(143): EasyPoll\Database\EasyPollFeedback::create_table()
#6 /wordpress/wp-includes/class-wp-hook.php(324): EasyPoll::register_activation(false)
#7 /wordpress/wp-includes/class-wp-hook.php(348): WP_Hook->apply_filters('', Array)
#8 /wordpress/wp-includes/plugin.php(517): WP_Hook->do_action(Array)
#9 /wordpress/wp-admin/includes/plugin.php(703): do_action('activate_easy-p...', false)
#10 /internal/eval.php(20): activate_plugin('easy-poll/easy-...')
#11 {main}</pre>
 for query CREATE TABLE IF NOT EXISTS wp_easy_poll_feedback (
        id INT(9) unsigned NOT NULL AUTO_INCREMENT,
		field_id INT(9) unsigned NOT NULL,
		option_id INT(9),
        FOREIGN KEY (field_id)
		    REFERENCES wp_easy_poll_fields(id)
            ON DELETE CASCADE,

		user_id INT(9) NOT NULL DEFAULT 0,
        feedback LONGTEXT,
		user_ip VARCHAR(255),
		created_at TIMESTAMP default CURRENT_TIMESTAMP,
        PRIMARY KEY  (id)
        )  ENGINE = INNODB
        DEFAULT CHARACTER SET utf8mb4 made by activate_plugin, do_action('activate_easy-poll/easy-poll.php'), WP_Hook->do_action, WP_Hook->apply_filters, EasyPoll::register_activation, EasyPoll\Database\EasyPollFeedback::create_table, dbDelta, WP_SQLite_DB->query, WP_SQLite_DB->print_error
[18-Jun-2025 22:55:52 UTC] WordPress database error <div style="clear:both">&nbsp;</div>
<div class="queries" style="clear:both;margin-bottom:2px;border:red dotted thin;">
<p>MySQL query:</p>
<p>CREATE TABLE IF NOT EXISTS wp_easy_poll_options (
        id INT(9) unsigned NOT NULL AUTO_INCREMENT,
		field_id INT(9) unsigned NOT NULL,

		FOREIGN KEY (field_id)
			REFERENCES wp_easy_poll_fields(id)
            ON DELETE CASCADE,
	
        option_label VARCHAR(255),
        PRIMARY KEY  (id)
        ) ENGINE = INNODB
		DEFAULT CHARACTER SET utf8mb4</p>
<p>Queries made or created this session were:</p>
<ol>
<li>Executing: BEGIN IMMEDIATE | (no parameters)</li>
<li>Executing: SELECT 1 FROM `_wp_sqlite_mysql_information_schema_tables` WHERE table_schema = ? AND table_name = ? | parameters: database_name_here, wp_easy_poll_options</li>
<li>Executing: INSERT INTO `_wp_sqlite_mysql_information_schema_tables` (`table_schema`, `table_name`, `table_type`, `engine`, `row_format`, `table_collation`, `table_comment`) VALUES (?, ?, ?, ?, ?, ?, ?) | parameters: database_name_here, wp_easy_poll_options, BASE TABLE, InnoDB, Dynamic, utf8mb4_general_ci, </li>
<li>Executing: INSERT INTO `_wp_sqlite_mysql_information_schema_columns` (`table_schema`, `table_name`, `column_name`, `ordinal_position`, `column_default`, `is_nullable`, `data_type`, `character_maximum_length`, `character_octet_length`, `numeric_precision`, `numeric_scale`, `datetime_precision`, `character_set_name`, `collation_name`, `column_type`, `column_key`, `extra`, `privileges`, `column_comment`, `generation_expression`, `srs_id`) VALUES (?, ?, ?, ?, ?, ?, ?, ?, ?, ?, ?, ?, ?, ?, ?, ?, ?, ?, ?, ?, ?) | parameters: database_name_here, wp_easy_poll_options, id, 1, , NO, int, , , 10, 0, , , , int(9) unsigned, , auto_increment, select,insert,update,references, , , </li>
<li>Executing: INSERT INTO `_wp_sqlite_mysql_information_schema_columns` (`table_schema`, `table_name`, `column_name`, `ordinal_position`, `column_default`, `is_nullable`, `data_type`, `character_maximum_length`, `character_octet_length`, `numeric_precision`, `numeric_scale`, `datetime_precision`, `character_set_name`, `collation_name`, `column_type`, `column_key`, `extra`, `privileges`, `column_comment`, `generation_expression`, `srs_id`) VALUES (?, ?, ?, ?, ?, ?, ?, ?, ?, ?, ?, ?, ?, ?, ?, ?, ?, ?, ?, ?, ?) | parameters: database_name_here, wp_easy_poll_options, field_id, 2, , NO, int, , , 10, 0, , , , int(9) unsigned, , , select,insert,update,references, , , </li>
<li>Executing: INSERT INTO `_wp_sqlite_mysql_information_schema_columns` (`table_schema`, `table_name`, `column_name`, `ordinal_position`, `column_default`, `is_nullable`, `data_type`, `character_maximum_length`, `character_octet_length`, `numeric_precision`, `numeric_scale`, `datetime_precision`, `character_set_name`, `collation_name`, `column_type`, `column_key`, `extra`, `privileges`, `column_comment`, `generation_expression`, `srs_id`) VALUES (?, ?, ?, ?, ?, ?, ?, ?, ?, ?, ?, ?, ?, ?, ?, ?, ?, ?, ?, ?, ?) | parameters: database_name_here, wp_easy_poll_options, option_label, 3, , YES, varchar, 255, 1020, , , , utf8mb4, utf8mb4_general_ci, varchar(255), , , select,insert,update,references, , , </li>
<li>Executing: ROLLBACK | (no parameters)</li>
</ol>
</div>
<div style="clear:both;margin-bottom:2px;border:red dotted thin;" class="error_message" style="border-bottom:dotted blue thin;">
FOREIGN KEY and CHECK constraints are not supported yet.
</div>
<p>Backtrace:</p>
<pre>#0 /internal/shared/sqlite-database-integration/wp-includes/sqlite-ast/class-wp-sqlite-driver.php(683): WP_SQLite_Driver->new_driver_exception('FOREIGN KEY and...', 0, Object(Exception))
#1 /internal/shared/sqlite-database-integration/wp-includes/sqlite/class-wp-sqlite-db.php(491): WP_SQLite_Driver->query('CREATE TABLE IF...')
#2 /internal/shared/sqlite-database-integration/wp-includes/sqlite/class-wp-sqlite-db.php(432): WP_SQLite_DB->_do_query('CREATE TABLE IF...')
#3 /wordpress/wp-admin/includes/upgrade.php(3280): WP_SQLite_DB->query('CREATE TABLE IF...')
#4 /wordpress/wp-content/plugins/easy-poll/includes/Database/EasyPollOptions.php(66): dbDelta(Array)
#5 /wordpress/wp-content/plugins/easy-poll/easy-poll.php(143): EasyPoll\Database\EasyPollOptions::create_table()
#6 /wordpress/wp-includes/class-wp-hook.php(324): EasyPoll::register_activation(false)
#7 /wordpress/wp-includes/class-wp-hook.php(348): WP_Hook->apply_filters('', Array)
#8 /wordpress/wp-includes/plugin.php(517): WP_Hook->do_action(Array)
#9 /wordpress/wp-admin/includes/plugin.php(703): do_action('activate_easy-p...', false)
#10 /internal/eval.php(20): activate_plugin('easy-poll/easy-...')
#11 {main}</pre>
 for query CREATE TABLE IF NOT EXISTS wp_easy_poll_options (
        id INT(9) unsigned NOT NULL AUTO_INCREMENT,
		field_id INT(9) unsigned NOT NULL,

		FOREIGN KEY (field_id)
			REFERENCES wp_easy_poll_fields(id)
            ON DELETE CASCADE,
	
        option_label VARCHAR(255),
        PRIMARY KEY  (id)
        ) ENGINE = INNODB
		DEFAULT CHARACTER SET utf8mb4 made by activate_plugin, do_action('activate_easy-poll/easy-poll.php'), WP_Hook->do_action, WP_Hook->apply_filters, EasyPoll::register_activation, EasyPoll\Database\EasyPollOptions::create_table, dbDelta, WP_SQLite_DB->query, WP_SQLite_DB->print_error
[18-Jun-2025 22:56:02 UTC] WordPress database error <div style="clear:both">&nbsp;</div>
<div class="queries" style="clear:both;margin-bottom:2px;border:red dotted thin;">
<p>MySQL query:</p>
<p>CREATE TABLE IF NOT EXISTS wp_easy_poll_feedback (
        id INT(9) unsigned NOT NULL AUTO_INCREMENT,
		field_id INT(9) unsigned NOT NULL,
		option_id INT(9),
        FOREIGN KEY (field_id)
		    REFERENCES wp_easy_poll_fields(id)
            ON DELETE CASCADE,

		user_id INT(9) NOT NULL DEFAULT 0,
        feedback LONGTEXT,
		user_ip VARCHAR(255),
		created_at TIMESTAMP default CURRENT_TIMESTAMP,
        PRIMARY KEY  (id)
        )  ENGINE = INNODB
        DEFAULT CHARACTER SET utf8mb4</p>
<p>Queries made or created this session were:</p>
<ol>
<li>Executing: BEGIN IMMEDIATE | (no parameters)</li>
<li>Executing: SELECT 1 FROM `_wp_sqlite_mysql_information_schema_tables` WHERE table_schema = ? AND table_name = ? | parameters: database_name_here, wp_easy_poll_feedback</li>
<li>Executing: INSERT INTO `_wp_sqlite_mysql_information_schema_tables` (`table_schema`, `table_name`, `table_type`, `engine`, `row_format`, `table_collation`, `table_comment`) VALUES (?, ?, ?, ?, ?, ?, ?) | parameters: database_name_here, wp_easy_poll_feedback, BASE TABLE, InnoDB, Dynamic, utf8mb4_general_ci, </li>
<li>Executing: INSERT INTO `_wp_sqlite_mysql_information_schema_columns` (`table_schema`, `table_name`, `column_name`, `ordinal_position`, `column_default`, `is_nullable`, `data_type`, `character_maximum_length`, `character_octet_length`, `numeric_precision`, `numeric_scale`, `datetime_precision`, `character_set_name`, `collation_name`, `column_type`, `column_key`, `extra`, `privileges`, `column_comment`, `generation_expression`, `srs_id`) VALUES (?, ?, ?, ?, ?, ?, ?, ?, ?, ?, ?, ?, ?, ?, ?, ?, ?, ?, ?, ?, ?) | parameters: database_name_here, wp_easy_poll_feedback, id, 1, , NO, int, , , 10, 0, , , , int(9) unsigned, , auto_increment, select,insert,update,references, , , </li>
<li>Executing: INSERT INTO `_wp_sqlite_mysql_information_schema_columns` (`table_schema`, `table_name`, `column_name`, `ordinal_position`, `column_default`, `is_nullable`, `data_type`, `character_maximum_length`, `character_octet_length`, `numeric_precision`, `numeric_scale`, `datetime_precision`, `character_set_name`, `collation_name`, `column_type`, `column_key`, `extra`, `privileges`, `column_comment`, `generation_expression`, `srs_id`) VALUES (?, ?, ?, ?, ?, ?, ?, ?, ?, ?, ?, ?, ?, ?, ?, ?, ?, ?, ?, ?, ?) | parameters: database_name_here, wp_easy_poll_feedback, field_id, 2, , NO, int, , , 10, 0, , , , int(9) unsigned, , , select,insert,update,references, , , </li>
<li>Executing: INSERT INTO `_wp_sqlite_mysql_information_schema_columns` (`table_schema`, `table_name`, `column_name`, `ordinal_position`, `column_default`, `is_nullable`, `data_type`, `character_maximum_length`, `character_octet_length`, `numeric_precision`, `numeric_scale`, `datetime_precision`, `character_set_name`, `collation_name`, `column_type`, `column_key`, `extra`, `privileges`, `column_comment`, `generation_expression`, `srs_id`) VALUES (?, ?, ?, ?, ?, ?, ?, ?, ?, ?, ?, ?, ?, ?, ?, ?, ?, ?, ?, ?, ?) | parameters: database_name_here, wp_easy_poll_feedback, option_id, 3, , YES, int, , , 10, 0, , , , int(9), , , select,insert,update,references, , , </li>
<li>Executing: INSERT INTO `_wp_sqlite_mysql_information_schema_columns` (`table_schema`, `table_name`, `column_name`, `ordinal_position`, `column_default`, `is_nullable`, `data_type`, `character_maximum_length`, `character_octet_length`, `numeric_precision`, `numeric_scale`, `datetime_precision`, `character_set_name`, `collation_name`, `column_type`, `column_key`, `extra`, `privileges`, `column_comment`, `generation_expression`, `srs_id`) VALUES (?, ?, ?, ?, ?, ?, ?, ?, ?, ?, ?, ?, ?, ?, ?, ?, ?, ?, ?, ?, ?) | parameters: database_name_here, wp_easy_poll_feedback, user_id, 4, 0, NO, int, , , 10, 0, , , , int(9), , , select,insert,update,references, , , </li>
<li>Executing: INSERT INTO `_wp_sqlite_mysql_information_schema_columns` (`table_schema`, `table_name`, `column_name`, `ordinal_position`, `column_default`, `is_nullable`, `data_type`, `character_maximum_length`, `character_octet_length`, `numeric_precision`, `numeric_scale`, `datetime_precision`, `character_set_name`, `collation_name`, `column_type`, `column_key`, `extra`, `privileges`, `column_comment`, `generation_expression`, `srs_id`) VALUES (?, ?, ?, ?, ?, ?, ?, ?, ?, ?, ?, ?, ?, ?, ?, ?, ?, ?, ?, ?, ?) | parameters: database_name_here, wp_easy_poll_feedback, feedback, 5, , YES, longtext, 4294967295, 4294967295, , , , utf8mb4, utf8mb4_general_ci, longtext, , , select,insert,update,references, , , </li>
<li>Executing: INSERT INTO `_wp_sqlite_mysql_information_schema_columns` (`table_schema`, `table_name`, `column_name`, `ordinal_position`, `column_default`, `is_nullable`, `data_type`, `character_maximum_length`, `character_octet_length`, `numeric_precision`, `numeric_scale`, `datetime_precision`, `character_set_name`, `collation_name`, `column_type`, `column_key`, `extra`, `privileges`, `column_comment`, `generation_expression`, `srs_id`) VALUES (?, ?, ?, ?, ?, ?, ?, ?, ?, ?, ?, ?, ?, ?, ?, ?, ?, ?, ?, ?, ?) | parameters: database_name_here, wp_easy_poll_feedback, user_ip, 6, , YES, varchar, 255, 1020, , , , utf8mb4, utf8mb4_general_ci, varchar(255), , , select,insert,update,references, , , </li>
<li>Executing: INSERT INTO `_wp_sqlite_mysql_information_schema_columns` (`table_schema`, `table_name`, `column_name`, `ordinal_position`, `column_default`, `is_nullable`, `data_type`, `character_maximum_length`, `character_octet_length`, `numeric_precision`, `numeric_scale`, `datetime_precision`, `character_set_name`, `collation_name`, `column_type`, `column_key`, `extra`, `privileges`, `column_comment`, `generation_expression`, `srs_id`) VALUES (?, ?, ?, ?, ?, ?, ?, ?, ?, ?, ?, ?, ?, ?, ?, ?, ?, ?, ?, ?, ?) | parameters: database_name_here, wp_easy_poll_feedback, created_at, 7, CURRENT_TIMESTAMP, YES, timestamp, , , , , 0, , , timestamp, , DEFAULT_GENERATED, select,insert,update,references, , , </li>
<li>Executing: ROLLBACK | (no parameters)</li>
</ol>
</div>
<div style="clear:both;margin-bottom:2px;border:red dotted thin;" class="error_message" style="border-bottom:dotted blue thin;">
FOREIGN KEY and CHECK constraints are not supported yet.
</div>
<p>Backtrace:</p>
<pre>#0 /internal/shared/sqlite-database-integration/wp-includes/sqlite-ast/class-wp-sqlite-driver.php(683): WP_SQLite_Driver->new_driver_exception('FOREIGN KEY and...', 0, Object(Exception))
#1 /internal/shared/sqlite-database-integration/wp-includes/sqlite/class-wp-sqlite-db.php(491): WP_SQLite_Driver->query('CREATE TABLE IF...')
#2 /internal/shared/sqlite-database-integration/wp-includes/sqlite/class-wp-sqlite-db.php(432): WP_SQLite_DB->_do_query('CREATE TABLE IF...')
#3 /wordpress/wp-admin/includes/upgrade.php(3280): WP_SQLite_DB->query('CREATE TABLE IF...')
#4 /wordpress/wp-content/plugins/easy-poll/includes/Database/EasyPollFeedback.php(69): dbDelta(Array)
#5 /wordpress/wp-content/plugins/easy-poll/easy-poll.php(143): EasyPoll\Database\EasyPollFeedback::create_table()
#6 /wordpress/wp-includes/class-wp-hook.php(324): EasyPoll::register_activation(false)
#7 /wordpress/wp-includes/class-wp-hook.php(348): WP_Hook->apply_filters('', Array)
#8 /wordpress/wp-includes/plugin.php(517): WP_Hook->do_action(Array)
#9 /wordpress/wp-admin/includes/plugin.php(703): do_action('activate_easy-p...', false)
#10 /internal/eval.php(20): activate_plugin('easy-poll/easy-...')
#11 {main}</pre>
 for query CREATE TABLE IF NOT EXISTS wp_easy_poll_feedback (
        id INT(9) unsigned NOT NULL AUTO_INCREMENT,
		field_id INT(9) unsigned NOT NULL,
		option_id INT(9),
        FOREIGN KEY (field_id)
		    REFERENCES wp_easy_poll_fields(id)
            ON DELETE CASCADE,

		user_id INT(9) NOT NULL DEFAULT 0,
        feedback LONGTEXT,
		user_ip VARCHAR(255),
		created_at TIMESTAMP default CURRENT_TIMESTAMP,
        PRIMARY KEY  (id)
        )  ENGINE = INNODB
        DEFAULT CHARACTER SET utf8mb4 made by activate_plugin, do_action('activate_easy-poll/easy-poll.php'), WP_Hook->do_action, WP_Hook->apply_filters, EasyPoll::register_activation, EasyPoll\Database\EasyPollFeedback::create_table, dbDelta, WP_SQLite_DB->query, WP_SQLite_DB->print_error
[18-Jun-2025 22:56:02 UTC] WordPress database error <div style="clear:both">&nbsp;</div>
<div class="queries" style="clear:both;margin-bottom:2px;border:red dotted thin;">
<p>MySQL query:</p>
<p>CREATE TABLE IF NOT EXISTS wp_easy_poll_options (
        id INT(9) unsigned NOT NULL AUTO_INCREMENT,
		field_id INT(9) unsigned NOT NULL,

		FOREIGN KEY (field_id)
			REFERENCES wp_easy_poll_fields(id)
            ON DELETE CASCADE,
	
        option_label VARCHAR(255),
        PRIMARY KEY  (id)
        ) ENGINE = INNODB
		DEFAULT CHARACTER SET utf8mb4</p>
<p>Queries made or created this session were:</p>
<ol>
<li>Executing: BEGIN IMMEDIATE | (no parameters)</li>
<li>Executing: SELECT 1 FROM `_wp_sqlite_mysql_information_schema_tables` WHERE table_schema = ? AND table_name = ? | parameters: database_name_here, wp_easy_poll_options</li>
<li>Executing: INSERT INTO `_wp_sqlite_mysql_information_schema_tables` (`table_schema`, `table_name`, `table_type`, `engine`, `row_format`, `table_collation`, `table_comment`) VALUES (?, ?, ?, ?, ?, ?, ?) | parameters: database_name_here, wp_easy_poll_options, BASE TABLE, InnoDB, Dynamic, utf8mb4_general_ci, </li>
<li>Executing: INSERT INTO `_wp_sqlite_mysql_information_schema_columns` (`table_schema`, `table_name`, `column_name`, `ordinal_position`, `column_default`, `is_nullable`, `data_type`, `character_maximum_length`, `character_octet_length`, `numeric_precision`, `numeric_scale`, `datetime_precision`, `character_set_name`, `collation_name`, `column_type`, `column_key`, `extra`, `privileges`, `column_comment`, `generation_expression`, `srs_id`) VALUES (?, ?, ?, ?, ?, ?, ?, ?, ?, ?, ?, ?, ?, ?, ?, ?, ?, ?, ?, ?, ?) | parameters: database_name_here, wp_easy_poll_options, id, 1, , NO, int, , , 10, 0, , , , int(9) unsigned, , auto_increment, select,insert,update,references, , , </li>
<li>Executing: INSERT INTO `_wp_sqlite_mysql_information_schema_columns` (`table_schema`, `table_name`, `column_name`, `ordinal_position`, `column_default`, `is_nullable`, `data_type`, `character_maximum_length`, `character_octet_length`, `numeric_precision`, `numeric_scale`, `datetime_precision`, `character_set_name`, `collation_name`, `column_type`, `column_key`, `extra`, `privileges`, `column_comment`, `generation_expression`, `srs_id`) VALUES (?, ?, ?, ?, ?, ?, ?, ?, ?, ?, ?, ?, ?, ?, ?, ?, ?, ?, ?, ?, ?) | parameters: database_name_here, wp_easy_poll_options, field_id, 2, , NO, int, , , 10, 0, , , , int(9) unsigned, , , select,insert,update,references, , , </li>
<li>Executing: INSERT INTO `_wp_sqlite_mysql_information_schema_columns` (`table_schema`, `table_name`, `column_name`, `ordinal_position`, `column_default`, `is_nullable`, `data_type`, `character_maximum_length`, `character_octet_length`, `numeric_precision`, `numeric_scale`, `datetime_precision`, `character_set_name`, `collation_name`, `column_type`, `column_key`, `extra`, `privileges`, `column_comment`, `generation_expression`, `srs_id`) VALUES (?, ?, ?, ?, ?, ?, ?, ?, ?, ?, ?, ?, ?, ?, ?, ?, ?, ?, ?, ?, ?) | parameters: database_name_here, wp_easy_poll_options, option_label, 3, , YES, varchar, 255, 1020, , , , utf8mb4, utf8mb4_general_ci, varchar(255), , , select,insert,update,references, , , </li>
<li>Executing: ROLLBACK | (no parameters)</li>
</ol>
</div>
<div style="clear:both;margin-bottom:2px;border:red dotted thin;" class="error_message" style="border-bottom:dotted blue thin;">
FOREIGN KEY and CHECK constraints are not supported yet.
</div>
<p>Backtrace:</p>
<pre>#0 /internal/shared/sqlite-database-integration/wp-includes/sqlite-ast/class-wp-sqlite-driver.php(683): WP_SQLite_Driver->new_driver_exception('FOREIGN KEY and...', 0, Object(Exception))
#1 /internal/shared/sqlite-database-integration/wp-includes/sqlite/class-wp-sqlite-db.php(491): WP_SQLite_Driver->query('CREATE TABLE IF...')
#2 /internal/shared/sqlite-database-integration/wp-includes/sqlite/class-wp-sqlite-db.php(432): WP_SQLite_DB->_do_query('CREATE TABLE IF...')
#3 /wordpress/wp-admin/includes/upgrade.php(3280): WP_SQLite_DB->query('CREATE TABLE IF...')
#4 /wordpress/wp-content/plugins/easy-poll/includes/Database/EasyPollOptions.php(66): dbDelta(Array)
#5 /wordpress/wp-content/plugins/easy-poll/easy-poll.php(143): EasyPoll\Database\EasyPollOptions::create_table()
#6 /wordpress/wp-includes/class-wp-hook.php(324): EasyPoll::register_activation(false)
#7 /wordpress/wp-includes/class-wp-hook.php(348): WP_Hook->apply_filters('', Array)
#8 /wordpress/wp-includes/plugin.php(517): WP_Hook->do_action(Array)
#9 /wordpress/wp-admin/includes/plugin.php(703): do_action('activate_easy-p...', false)
#10 /internal/eval.php(20): activate_plugin('easy-poll/easy-...')
#11 {main}</pre>
 for query CREATE TABLE IF NOT EXISTS wp_easy_poll_options (
        id INT(9) unsigned NOT NULL AUTO_INCREMENT,
		field_id INT(9) unsigned NOT NULL,

		FOREIGN KEY (field_id)
			REFERENCES wp_easy_poll_fields(id)
            ON DELETE CASCADE,
	
        option_label VARCHAR(255),
        PRIMARY KEY  (id)
        ) ENGINE = INNODB
		DEFAULT CHARACTER SET utf8mb4 made by activate_plugin, do_action('activate_easy-poll/easy-poll.php'), WP_Hook->do_action, WP_Hook->apply_filters, EasyPoll::register_activation, EasyPoll\Database\EasyPollOptions::create_table, dbDelta, WP_SQLite_DB->query, WP_SQLite_DB->print_error
[18-Jun-2025 22:56:42 UTC] PHP Notice:  Function wp_enqueue_style was called <strong>incorrectly</strong>. Scripts and styles should not be registered or enqueued until the <code>wp_enqueue_scripts</code>, <code>admin_enqueue_scripts</code>, or <code>login_enqueue_scripts</code> hooks. This notice was triggered by the <code>wact-style</code> handle. Please see <a href="https://developer.wordpress.org/advanced-administration/debug/debug-wordpress/">Debugging in WordPress</a> for more information. (This message was added in version 3.3.0.) in /wordpress/wp-includes/functions.php on line 6121
[18-Jun-2025 22:56:42 UTC] PHP Notice:  Function is_feed was called <strong>incorrectly</strong>. Conditional query tags do not work before the query is run. Before then, they always return false. Please see <a href="https://developer.wordpress.org/advanced-administration/debug/debug-wordpress/">Debugging in WordPress</a> for more information. (This message was added in version 3.1.0.) in /wordpress/wp-includes/functions.php on line 6121
[18-Jun-2025 22:56:52 UTC] PHP Notice:  Function wp_enqueue_style was called <strong>incorrectly</strong>. Scripts and styles should not be registered or enqueued until the <code>wp_enqueue_scripts</code>, <code>admin_enqueue_scripts</code>, or <code>login_enqueue_scripts</code> hooks. This notice was triggered by the <code>wact-style</code> handle. Please see <a href="https://developer.wordpress.org/advanced-administration/debug/debug-wordpress/">Debugging in WordPress</a> for more information. (This message was added in version 3.3.0.) in /wordpress/wp-includes/functions.php on line 6121
[18-Jun-2025 22:56:52 UTC] PHP Notice:  Function is_feed was called <strong>incorrectly</strong>. Conditional query tags do not work before the query is run. Before then, they always return false. Please see <a href="https://developer.wordpress.org/advanced-administration/debug/debug-wordpress/">Debugging in WordPress</a> for more information. (This message was added in version 3.1.0.) in /wordpress/wp-includes/functions.php on line 6121
[18-Jun-2025 22:57:01 UTC] PHP Notice:  Function wp_enqueue_style was called <strong>incorrectly</strong>. Scripts and styles should not be registered or enqueued until the <code>wp_enqueue_scripts</code>, <code>admin_enqueue_scripts</code>, or <code>login_enqueue_scripts</code> hooks. This notice was triggered by the <code>wact-style</code> handle. Please see <a href="https://developer.wordpress.org/advanced-administration/debug/debug-wordpress/">Debugging in WordPress</a> for more information. (This message was added in version 3.3.0.) in /wordpress/wp-includes/functions.php on line 6121
[18-Jun-2025 22:57:01 UTC] PHP Notice:  Function is_feed was called <strong>incorrectly</strong>. Conditional query tags do not work before the query is run. Before then, they always return false. Please see <a href="https://developer.wordpress.org/advanced-administration/debug/debug-wordpress/">Debugging in WordPress</a> for more information. (This message was added in version 3.1.0.) in /wordpress/wp-includes/functions.php on line 6121
[18-Jun-2025 23:01:18 UTC] PHP Fatal error:  Uncaught ArgumentCountError: Too few arguments to function WP_Widget::__construct(), 0 passed in /wordpress/wp-includes/class-wp-widget-factory.php on line 62 and at least 2 expected in /wordpress/wp-includes/class-wp-widget.php:163
Stack trace:
#0 /wordpress/wp-includes/class-wp-widget-factory.php(62): WP_Widget->__construct()
#1 /wordpress/wp-includes/widgets.php(123): WP_Widget_Factory->register('html_javascript...')
#2 /wordpress/wp-content/plugins/html-javascript-adder/html-javascript-adder.php(368): register_widget('html_javascript...')
#3 /wordpress/wp-includes/class-wp-hook.php(324): html_javascript_adder_init('')
#4 /wordpress/wp-includes/class-wp-hook.php(348): WP_Hook->apply_filters(NULL, Array)
#5 /wordpress/wp-includes/plugin.php(517): WP_Hook->do_action(Array)
#6 /wordpress/wp-includes/widgets.php(1870): do_action('widgets_init')
#7 /wordpress/wp-includes/class-wp-hook.php(324): wp_widgets_init('')
#8 /wordpress/wp-includes/class-wp-hook.php(348): WP_Hook->apply_filters(NULL, Array)
#9 /wordpress/wp-includes/plugin.php(517): WP_Hook->do_action(Array)
#10 /wordpress/wp-settings.php(727): do_action('init')
#11 /wordpress/wp-config.php(102): require_once('/wordpress/wp-s...')
#12 /wordpress/wp-load.php(50): require_once('/wordpress/wp-c...')
#13 /internal/eval.php(3): require_once('/wordpress/wp-l...')
#14 {main}
  thrown in /wordpress/wp-includes/class-wp-widget.php on line 163
[18-Jun-2025 23:01:28 UTC] PHP Fatal error:  Uncaught ArgumentCountError: Too few arguments to function WP_Widget::__construct(), 0 passed in /wordpress/wp-includes/class-wp-widget-factory.php on line 62 and at least 2 expected in /wordpress/wp-includes/class-wp-widget.php:163
Stack trace:
#0 /wordpress/wp-includes/class-wp-widget-factory.php(62): WP_Widget->__construct()
#1 /wordpress/wp-includes/widgets.php(123): WP_Widget_Factory->register('html_javascript...')
#2 /wordpress/wp-content/plugins/html-javascript-adder/html-javascript-adder.php(368): register_widget('html_javascript...')
#3 /wordpress/wp-includes/class-wp-hook.php(324): html_javascript_adder_init('')
#4 /wordpress/wp-includes/class-wp-hook.php(348): WP_Hook->apply_filters(NULL, Array)
#5 /wordpress/wp-includes/plugin.php(517): WP_Hook->do_action(Array)
#6 /wordpress/wp-includes/widgets.php(1870): do_action('widgets_init')
#7 /wordpress/wp-includes/class-wp-hook.php(324): wp_widgets_init('')
#8 /wordpress/wp-includes/class-wp-hook.php(348): WP_Hook->apply_filters(NULL, Array)
#9 /wordpress/wp-includes/plugin.php(517): WP_Hook->do_action(Array)
#10 /wordpress/wp-settings.php(727): do_action('init')
#11 /wordpress/wp-config.php(102): require_once('/wordpress/wp-s...')
#12 /wordpress/wp-load.php(50): require_once('/wordpress/wp-c...')
#13 /internal/eval.php(3): require_once('/wordpress/wp-l...')
#14 {main}
  thrown in /wordpress/wp-includes/class-wp-widget.php on line 163
[18-Jun-2025 23:01:38 UTC] PHP Fatal error:  Uncaught ArgumentCountError: Too few arguments to function WP_Widget::__construct(), 0 passed in /wordpress/wp-includes/class-wp-widget-factory.php on line 62 and at least 2 expected in /wordpress/wp-includes/class-wp-widget.php:163
Stack trace:
#0 /wordpress/wp-includes/class-wp-widget-factory.php(62): WP_Widget->__construct()
#1 /wordpress/wp-includes/widgets.php(123): WP_Widget_Factory->register('html_javascript...')
#2 /wordpress/wp-content/plugins/html-javascript-adder/html-javascript-adder.php(368): register_widget('html_javascript...')
#3 /wordpress/wp-includes/class-wp-hook.php(324): html_javascript_adder_init('')
#4 /wordpress/wp-includes/class-wp-hook.php(348): WP_Hook->apply_filters(NULL, Array)
#5 /wordpress/wp-includes/plugin.php(517): WP_Hook->do_action(Array)
#6 /wordpress/wp-includes/widgets.php(1870): do_action('widgets_init')
#7 /wordpress/wp-includes/class-wp-hook.php(324): wp_widgets_init('')
#8 /wordpress/wp-includes/class-wp-hook.php(348): WP_Hook->apply_filters(NULL, Array)
#9 /wordpress/wp-includes/plugin.php(517): WP_Hook->do_action(Array)
#10 /wordpress/wp-settings.php(727): do_action('init')
#11 /wordpress/wp-config.php(102): require_once('/wordpress/wp-s...')
#12 /wordpress/wp-load.php(50): require_once('/wordpress/wp-c...')
#13 /internal/eval.php(3): require_once('/wordpress/wp-l...')
#14 {main}
  thrown in /wordpress/wp-includes/class-wp-widget.php on line 163

    at Object.onBind (file:///home/runner/work/playground-tester/playground-tester/node_modules/@wp-playground/cli/run-cli-j-geJYS3.js:325:15)
    at process.processTicksAndRejections (node:internal/process/task_queues:105:5)
    at async re (file:///home/runner/work/playground-tester/playground-tester/node_modules/@wp-playground/cli/run-cli-j-geJYS3.js:149:10) {
  [cause]: Error: Error when executing the blueprint step #1 ({"step":"installPlugin","pluginData":{"resource":"wordpress.org/plugins","slug":"html-javascript-adder"},"options":{"activate":true}}) : PHP.run() failed with exit code 255 and the following output: 
      at Object.run (file:///home/runner/work/playground-tester/playground-tester/node_modules/@wp-playground/blueprints/index.js:12093:19)
      at process.processTicksAndRejections (node:internal/process/task_queues:105:5)
      at async ys (file:///home/runner/work/playground-tester/playground-tester/node_modules/@wp-playground/blueprints/index.js:12196:3)
      at async Object.onBind (file:///home/runner/work/playground-tester/playground-tester/node_modules/@wp-playground/cli/run-cli-j-geJYS3.js:315:48)
      at async re (file:///home/runner/work/playground-tester/playground-tester/node_modules/@wp-playground/cli/run-cli-j-geJYS3.js:149:10) {
    [cause]: PHPExecutionFailureError: PHP.run() failed with exit code 255 and the following output: 
        at PHP.run (file:///home/runner/work/playground-tester/playground-tester/node_modules/@php-wasm/universal/index.js:1034:19)
        at process.processTicksAndRejections (node:internal/process/task_queues:105:5)
        at async wr (file:///home/runner/work/playground-tester/playground-tester/node_modules/@wp-playground/blueprints/index.js:74:13)
        at async Object.gt [as installPlugin] (file:///home/runner/work/playground-tester/playground-tester/node_modules/@wp-playground/blueprints/index.js:631:42)
        at async g (file:///home/runner/work/playground-tester/playground-tester/node_modules/@wp-playground/blueprints/index.js:12161:30)
        at async Object.run (file:///home/runner/work/playground-tester/playground-tester/node_modules/@wp-playground/blueprints/index.js:12090:23)
        at async ys (file:///home/runner/work/playground-tester/playground-tester/node_modules/@wp-playground/blueprints/index.js:12196:3)
        at async Object.onBind (file:///home/runner/work/playground-tester/playground-tester/node_modules/@wp-playground/cli/run-cli-j-geJYS3.js:315:48)
        at async re (file:///home/runner/work/playground-tester/playground-tester/node_modules/@wp-playground/cli/run-cli-j-geJYS3.js:149:10) {
      response: PHPResponse {
        httpStatusCode: 500,
        headers: {
          'x-powered-by': [ 'PHP/8.0.30-dev' ],
          'content-type': [ 'text/html; charset=UTF-8' ],
          expires: [ 'Wed, 11 Jan 1984 05:00:00 GMT' ],
          'cache-control': [ 'no-cache, must-revalidate, max-age=0, no-store, private' ]
        },
        bytes: Uint8Array(2653) [
           60,  33,  68,  79,  67,  84,  89,  80,  69,  32, 104, 116,
          109, 108,  62,  10,  60, 104, 116, 109, 108,  32, 108,  97,
          110, 103,  61,  34, 101, 110,  45,  85,  83,  34,  62,  10,
           60, 104, 101,  97, 100,  62,  10,   9,  60, 109, 101, 116,
           97,  32, 104, 116, 116, 112,  45, 101, 113, 117, 105, 118,
           61,  34,  67, 111, 110, 116, 101, 110, 116,  45,  84, 121,
          112, 101,  34,  32,  99, 111, 110, 116, 101, 110, 116,  61,
           34, 116, 101, 120, 116,  47, 104, 116, 109, 108,  59,  32,
           99, 104,  97, 114,
          ... 2553 more items
        ],
        exitCode: 255,
        errors: ''
      },
      source: 'request'
    }
  }
}

Node.js v23.11.0
