file:///home/runner/work/playground-tester/playground-tester/node_modules/@wp-playground/cli/index.js:237
        throw new Error(y, { cause: u });
              ^

Error: [29-Apr-2025 15:32:01 UTC] PHP Fatal error:  Uncaught Error: Call to undefined function create_function() in /wordpress/wp-content/plugins/bbpress2-shortcode-whitelist/bbpress2-shortcode-whitelist.php:47
Stack trace:
#0 /wordpress/wp-admin/includes/plugin.php(2387): include_once()
#1 /wordpress/wp-admin/includes/plugin.php(673): plugin_sandbox_scrape('bbpress2-shortc...')
#2 /internal/eval.php(20): activate_plugin('bbpress2-shortc...')
#3 {main}
  thrown in /wordpress/wp-content/plugins/bbpress2-shortcode-whitelist/bbpress2-shortcode-whitelist.php on line 47
[29-Apr-2025 15:32:09 UTC] PHP Fatal error:  Uncaught Error: Call to undefined function create_function() in /wordpress/wp-content/plugins/bbpress2-shortcode-whitelist/bbpress2-shortcode-whitelist.php:47
Stack trace:
#0 /wordpress/wp-admin/includes/plugin.php(2387): include_once()
#1 /wordpress/wp-admin/includes/plugin.php(673): plugin_sandbox_scrape('bbpress2-shortc...')
#2 /internal/eval.php(20): activate_plugin('bbpress2-shortc...')
#3 {main}
  thrown in /wordpress/wp-content/plugins/bbpress2-shortcode-whitelist/bbpress2-shortcode-whitelist.php on line 47
[29-Apr-2025 15:32:16 UTC] PHP Fatal error:  Uncaught Error: Call to undefined function create_function() in /wordpress/wp-content/plugins/bbpress2-shortcode-whitelist/bbpress2-shortcode-whitelist.php:47
Stack trace:
#0 /wordpress/wp-admin/includes/plugin.php(2387): include_once()
#1 /wordpress/wp-admin/includes/plugin.php(673): plugin_sandbox_scrape('bbpress2-shortc...')
#2 /internal/eval.php(20): activate_plugin('bbpress2-shortc...')
#3 {main}
  thrown in /wordpress/wp-content/plugins/bbpress2-shortcode-whitelist/bbpress2-shortcode-whitelist.php on line 47
[29-Apr-2025 15:33:43 UTC] PHP Fatal error:  Uncaught Error: Call to undefined function create_function() in /wordpress/wp-content/plugins/bootstrap-feature-widgets/bootstrap-feature-widgets.php:127
Stack trace:
#0 /wordpress/wp-admin/includes/plugin.php(2387): include_once()
#1 /wordpress/wp-admin/includes/plugin.php(673): plugin_sandbox_scrape('bootstrap-featu...')
#2 /internal/eval.php(20): activate_plugin('bootstrap-featu...')
#3 {main}
  thrown in /wordpress/wp-content/plugins/bootstrap-feature-widgets/bootstrap-feature-widgets.php on line 127
[29-Apr-2025 15:33:50 UTC] PHP Fatal error:  Uncaught Error: Call to undefined function create_function() in /wordpress/wp-content/plugins/bootstrap-feature-widgets/bootstrap-feature-widgets.php:127
Stack trace:
#0 /wordpress/wp-admin/includes/plugin.php(2387): include_once()
#1 /wordpress/wp-admin/includes/plugin.php(673): plugin_sandbox_scrape('bootstrap-featu...')
#2 /internal/eval.php(20): activate_plugin('bootstrap-featu...')
#3 {main}
  thrown in /wordpress/wp-content/plugins/bootstrap-feature-widgets/bootstrap-feature-widgets.php on line 127
[29-Apr-2025 15:33:58 UTC] PHP Fatal error:  Uncaught Error: Call to undefined function create_function() in /wordpress/wp-content/plugins/bootstrap-feature-widgets/bootstrap-feature-widgets.php:127
Stack trace:
#0 /wordpress/wp-admin/includes/plugin.php(2387): include_once()
#1 /wordpress/wp-admin/includes/plugin.php(673): plugin_sandbox_scrape('bootstrap-featu...')
#2 /internal/eval.php(20): activate_plugin('bootstrap-featu...')
#3 {main}
  thrown in /wordpress/wp-content/plugins/bootstrap-feature-widgets/bootstrap-feature-widgets.php on line 127
[29-Apr-2025 15:37:02 UTC] WordPress database error <div style="clear:both">&nbsp;</div>
<div class="queries" style="clear:both;margin-bottom:2px;border:red dotted thin;">
<p>MySQL query:</p>
<p>CREATE TABLE IF NOT EXISTS `wp_b2s_user_contact`(
          `id` int(5) NOT  NULL  AUTO_INCREMENT ,
          `blog_user_id` int(11)  NOT  NULL ,
          `name_mandant` varchar(100)  NOT  NULL ,
          `created` datetime NOT  NULL DEFAULT  '0000-00-00 00:00:00',
          `name_presse` varchar(100)  NOT  NULL ,
          `anrede_presse` enum('0','1','2')  NOT  NULL DEFAULT  '0' COMMENT  '0=Frau,1=Herr 2=keine Angabe',
          `vorname_presse` varchar(50)  NOT  NULL ,
          `nachname_presse` varchar(50)  NOT  NULL ,
          `strasse_presse` varchar(100)  NOT  NULL ,
          `nummer_presse` varchar(5)  NOT  NULL DEFAULT  '',
          `plz_presse` varchar(10)  NOT  NULL ,
          `ort_presse` varchar(75)  NOT  NULL ,
          `land_presse` varchar(3)  NOT  NULL DEFAULT  'DE',
          `email_presse` varchar(75)  NOT  NULL ,
          `telefon_presse` varchar(30)  NOT  NULL ,
          `fax_presse` varchar(30)  NOT  NULL ,
          `url_presse` varchar(150)  NOT  NULL ,
          PRIMARY  KEY (`id`) ,
          KEY `blog_user_id`(`blog_user_id`)) DEFAULT CHARACTER SET utf8 COLLATE utf8_general_ci AUTO_INCREMENT=1</p>
<p>Queries made or created this session were:</p>
<ol>
<li>Executing: BEGIN | (no parameters)</li>
<li>Executing: ROLLBACK | (no parameters)</li>
</ol>
</div>
<div style="clear:both;margin-bottom:2px;border:red dotted thin;" class="error_message" style="border-bottom:dotted blue thin;">
Error occurred at line 4117 in Function <code>handle_error</code>. Error message was: Cannot combine AUTOINCREMENT and multiple primary keys in SQLite.
</div>
<p>Backtrace:</p>
<pre>#0 /internal/shared/sqlite-database-integration/wp-includes/sqlite/class-wp-sqlite-db.php(287): WP_SQLite_Translator->get_error_message()
#1 /wordpress/wp-content/plugins/blog2social/includes/Loader.php(2288): WP_SQLite_DB->query('CREATE TABLE IF...')
#2 /wordpress/wp-includes/class-wp-hook.php(324): B2S_Loader->activatePlugin(false)
#3 /wordpress/wp-includes/class-wp-hook.php(348): WP_Hook->apply_filters('', Array)
#4 /wordpress/wp-includes/plugin.php(517): WP_Hook->do_action(Array)
#5 /wordpress/wp-admin/includes/plugin.php(703): do_action('activate_blog2s...', false)
#6 /internal/eval.php(20): activate_plugin('blog2social/blo...')
#7 {main}</pre>
 for query CREATE TABLE IF NOT EXISTS `wp_b2s_user_contact`(
          `id` int(5) NOT  NULL  AUTO_INCREMENT ,
          `blog_user_id` int(11)  NOT  NULL ,
          `name_mandant` varchar(100)  NOT  NULL ,
          `created` datetime NOT  NULL DEFAULT  '0000-00-00 00:00:00',
          `name_presse` varchar(100)  NOT  NULL ,
          `anrede_presse` enum('0','1','2')  NOT  NULL DEFAULT  '0' COMMENT  '0=Frau,1=Herr 2=keine Angabe',
          `vorname_presse` varchar(50)  NOT  NULL ,
          `nachname_presse` varchar(50)  NOT  NULL ,
          `strasse_presse` varchar(100)  NOT  NULL ,
          `nummer_presse` varchar(5)  NOT  NULL DEFAULT  '',
          `plz_presse` varchar(10)  NOT  NULL ,
          `ort_presse` varchar(75)  NOT  NULL ,
          `land_presse` varchar(3)  NOT  NULL DEFAULT  'DE',
          `email_presse` varchar(75)  NOT  NULL ,
          `telefon_presse` varchar(30)  NOT  NULL ,
          `fax_presse` varchar(30)  NOT  NULL ,
          `url_presse` varchar(150)  NOT  NULL ,
          PRIMARY  KEY (`id`) ,
          KEY `blog_user_id`(`blog_user_id`)) DEFAULT CHARACTER SET utf8 COLLATE utf8_general_ci AUTO_INCREMENT=1 made by activate_plugin, do_action('activate_blog2social/blog2social.php'), WP_Hook->do_action, WP_Hook->apply_filters, B2S_Loader->activatePlugin, WP_SQLite_DB->query, WP_SQLite_DB->print_error
[29-Apr-2025 15:37:03 UTC] WordPress database error <div style="clear:both">&nbsp;</div>
<div class="queries" style="clear:both;margin-bottom:2px;border:red dotted thin;">
<p>MySQL query:</p>
<p>ALTER TABLE wp_b2s_posts_insights MODIFY insight longtext CHARACTER SET utf8mb4 COLLATE utf8mb4_unicode_ci NOT NULL;</p>
<p>Queries made or created this session were:</p>
<ol>
<li>Executing: BEGIN | (no parameters)</li>
<li>Executing: ROLLBACK | (no parameters)</li>
</ol>
</div>
<div style="clear:both;margin-bottom:2px;border:red dotted thin;" class="error_message" style="border-bottom:dotted blue thin;">
Error occurred at line 4117 in Function <code>handle_error</code>. Error message was: Unknown operation: MODIFY.
</div>
<p>Backtrace:</p>
<pre>#0 /internal/shared/sqlite-database-integration/wp-includes/sqlite/class-wp-sqlite-db.php(287): WP_SQLite_Translator->get_error_message()
#1 /wordpress/wp-content/plugins/blog2social/includes/Loader.php(2354): WP_SQLite_DB->query('ALTER TABLE wp_...')
#2 /wordpress/wp-includes/class-wp-hook.php(324): B2S_Loader->activatePlugin(false)
#3 /wordpress/wp-includes/class-wp-hook.php(348): WP_Hook->apply_filters('', Array)
#4 /wordpress/wp-includes/plugin.php(517): WP_Hook->do_action(Array)
#5 /wordpress/wp-admin/includes/plugin.php(703): do_action('activate_blog2s...', false)
#6 /internal/eval.php(20): activate_plugin('blog2social/blo...')
#7 {main}</pre>
 for query ALTER TABLE wp_b2s_posts_insights MODIFY insight longtext CHARACTER SET utf8mb4 COLLATE utf8mb4_unicode_ci NOT NULL; made by activate_plugin, do_action('activate_blog2social/blog2social.php'), WP_Hook->do_action, WP_Hook->apply_filters, B2S_Loader->activatePlugin, WP_SQLite_DB->query, WP_SQLite_DB->print_error
[29-Apr-2025 15:37:03 UTC] WordPress database error <div style="clear:both">&nbsp;</div>
<div class="queries" style="clear:both;margin-bottom:2px;border:red dotted thin;">
<p>MySQL query:</p>
<p>ALTER TABLE wp_b2s_network_insights MODIFY insight longtext CHARACTER SET utf8mb4 COLLATE utf8mb4_unicode_ci NOT NULL;</p>
<p>Queries made or created this session were:</p>
<ol>
<li>Executing: BEGIN | (no parameters)</li>
<li>Executing: ROLLBACK | (no parameters)</li>
</ol>
</div>
<div style="clear:both;margin-bottom:2px;border:red dotted thin;" class="error_message" style="border-bottom:dotted blue thin;">
Error occurred at line 4117 in Function <code>handle_error</code>. Error message was: Unknown operation: MODIFY.
</div>
<p>Backtrace:</p>
<pre>#0 /internal/shared/sqlite-database-integration/wp-includes/sqlite/class-wp-sqlite-db.php(287): WP_SQLite_Translator->get_error_message()
#1 /wordpress/wp-content/plugins/blog2social/includes/Loader.php(2377): WP_SQLite_DB->query('ALTER TABLE wp_...')
#2 /wordpress/wp-includes/class-wp-hook.php(324): B2S_Loader->activatePlugin(false)
#3 /wordpress/wp-includes/class-wp-hook.php(348): WP_Hook->apply_filters('', Array)
#4 /wordpress/wp-includes/plugin.php(517): WP_Hook->do_action(Array)
#5 /wordpress/wp-admin/includes/plugin.php(703): do_action('activate_blog2s...', false)
#6 /internal/eval.php(20): activate_plugin('blog2social/blo...')
#7 {main}</pre>
 for query ALTER TABLE wp_b2s_network_insights MODIFY insight longtext CHARACTER SET utf8mb4 COLLATE utf8mb4_unicode_ci NOT NULL; made by activate_plugin, do_action('activate_blog2social/blog2social.php'), WP_Hook->do_action, WP_Hook->apply_filters, B2S_Loader->activatePlugin, WP_SQLite_DB->query, WP_SQLite_DB->print_error
[29-Apr-2025 15:37:03 UTC] WordPress database error <div style="clear:both">&nbsp;</div>
<div class="queries" style="clear:both;margin-bottom:2px;border:red dotted thin;">
<p>MySQL query:</p>
<p>ALTER TABLE `wp_b2s_user_contact` CHANGE `id` `id` INT(11) NOT NULL AUTO_INCREMENT;</p>
<p>Queries made or created this session were:</p>
<ol>
<li>Executing: BEGIN | (no parameters)</li>
<li>Executing: INSERT INTO _mysql_data_types_cache (`table`, `column_or_index`, `mysql_type`)
				VALUES (:table, :column, :datatype)
				ON CONFLICT(`table`, `column_or_index`) DO UPDATE SET `mysql_type` = :datatype
			 | parameters: wp_b2s_user_contact, id, int(11)</li>
<li>Executing: DROP TRIGGER IF EXISTS &quot;__wp_b2s_user_contact_id_on_update__&quot; | (no parameters)</li>
<li>Executing: SELECT sql FROM sqlite_master WHERE type=&quot;table&quot; AND name=:table | (no parameters)</li>
<li>Executing: SELECT * FROM pragma_index_list(&quot;wp_b2s_user_contact&quot;) as l; | (no parameters)</li>
<li>Executing: CREATE TABLE `_tmp__wp_b2s_user_contact_29390220` as SELECT * FROM `wp_b2s_user_contact` | (no parameters)</li>
<li>Executing: ROLLBACK | (no parameters)</li>
</ol>
</div>
<div style="clear:both;margin-bottom:2px;border:red dotted thin;" class="error_message" style="border-bottom:dotted blue thin;">
Error occurred at line 4117 in Function <code>handle_error</code>. Error message was: SQLSTATE[HY000]: General error: 1 no such table: wp_b2s_user_contact.
</div>
<p>Backtrace:</p>
<pre>#0 /internal/shared/sqlite-database-integration/wp-includes/sqlite/class-wp-sqlite-db.php(287): WP_SQLite_Translator->get_error_message()
#1 /wordpress/wp-content/plugins/blog2social/includes/Loader.php(2390): WP_SQLite_DB->query('ALTER TABLE `wp...')
#2 /wordpress/wp-includes/class-wp-hook.php(324): B2S_Loader->activatePlugin(false)
#3 /wordpress/wp-includes/class-wp-hook.php(348): WP_Hook->apply_filters('', Array)
#4 /wordpress/wp-includes/plugin.php(517): WP_Hook->do_action(Array)
#5 /wordpress/wp-admin/includes/plugin.php(703): do_action('activate_blog2s...', false)
#6 /internal/eval.php(20): activate_plugin('blog2social/blo...')
#7 {main}</pre>
 for query ALTER TABLE `wp_b2s_user_contact` CHANGE `id` `id` INT(11) NOT NULL AUTO_INCREMENT; made by activate_plugin, do_action('activate_blog2social/blog2social.php'), WP_Hook->do_action, WP_Hook->apply_filters, B2S_Loader->activatePlugin, WP_SQLite_DB->query, WP_SQLite_DB->print_error
[29-Apr-2025 15:37:14 UTC] WordPress database error <div style="clear:both">&nbsp;</div>
<div class="queries" style="clear:both;margin-bottom:2px;border:red dotted thin;">
<p>MySQL query:</p>
<p>CREATE TABLE IF NOT EXISTS `wp_b2s_user_contact`(
          `id` int(5) NOT  NULL  AUTO_INCREMENT ,
          `blog_user_id` int(11)  NOT  NULL ,
          `name_mandant` varchar(100)  NOT  NULL ,
          `created` datetime NOT  NULL DEFAULT  '0000-00-00 00:00:00',
          `name_presse` varchar(100)  NOT  NULL ,
          `anrede_presse` enum('0','1','2')  NOT  NULL DEFAULT  '0' COMMENT  '0=Frau,1=Herr 2=keine Angabe',
          `vorname_presse` varchar(50)  NOT  NULL ,
          `nachname_presse` varchar(50)  NOT  NULL ,
          `strasse_presse` varchar(100)  NOT  NULL ,
          `nummer_presse` varchar(5)  NOT  NULL DEFAULT  '',
          `plz_presse` varchar(10)  NOT  NULL ,
          `ort_presse` varchar(75)  NOT  NULL ,
          `land_presse` varchar(3)  NOT  NULL DEFAULT  'DE',
          `email_presse` varchar(75)  NOT  NULL ,
          `telefon_presse` varchar(30)  NOT  NULL ,
          `fax_presse` varchar(30)  NOT  NULL ,
          `url_presse` varchar(150)  NOT  NULL ,
          PRIMARY  KEY (`id`) ,
          KEY `blog_user_id`(`blog_user_id`)) DEFAULT CHARACTER SET utf8 COLLATE utf8_general_ci AUTO_INCREMENT=1</p>
<p>Queries made or created this session were:</p>
<ol>
<li>Executing: BEGIN | (no parameters)</li>
<li>Executing: ROLLBACK | (no parameters)</li>
</ol>
</div>
<div style="clear:both;margin-bottom:2px;border:red dotted thin;" class="error_message" style="border-bottom:dotted blue thin;">
Error occurred at line 4117 in Function <code>handle_error</code>. Error message was: Cannot combine AUTOINCREMENT and multiple primary keys in SQLite.
</div>
<p>Backtrace:</p>
<pre>#0 /internal/shared/sqlite-database-integration/wp-includes/sqlite/class-wp-sqlite-db.php(287): WP_SQLite_Translator->get_error_message()
#1 /wordpress/wp-content/plugins/blog2social/includes/Loader.php(2288): WP_SQLite_DB->query('CREATE TABLE IF...')
#2 /wordpress/wp-includes/class-wp-hook.php(324): B2S_Loader->activatePlugin(false)
#3 /wordpress/wp-includes/class-wp-hook.php(348): WP_Hook->apply_filters('', Array)
#4 /wordpress/wp-includes/plugin.php(517): WP_Hook->do_action(Array)
#5 /wordpress/wp-admin/includes/plugin.php(703): do_action('activate_blog2s...', false)
#6 /internal/eval.php(20): activate_plugin('blog2social/blo...')
#7 {main}</pre>
 for query CREATE TABLE IF NOT EXISTS `wp_b2s_user_contact`(
          `id` int(5) NOT  NULL  AUTO_INCREMENT ,
          `blog_user_id` int(11)  NOT  NULL ,
          `name_mandant` varchar(100)  NOT  NULL ,
          `created` datetime NOT  NULL DEFAULT  '0000-00-00 00:00:00',
          `name_presse` varchar(100)  NOT  NULL ,
          `anrede_presse` enum('0','1','2')  NOT  NULL DEFAULT  '0' COMMENT  '0=Frau,1=Herr 2=keine Angabe',
          `vorname_presse` varchar(50)  NOT  NULL ,
          `nachname_presse` varchar(50)  NOT  NULL ,
          `strasse_presse` varchar(100)  NOT  NULL ,
          `nummer_presse` varchar(5)  NOT  NULL DEFAULT  '',
          `plz_presse` varchar(10)  NOT  NULL ,
          `ort_presse` varchar(75)  NOT  NULL ,
          `land_presse` varchar(3)  NOT  NULL DEFAULT  'DE',
          `email_presse` varchar(75)  NOT  NULL ,
          `telefon_presse` varchar(30)  NOT  NULL ,
          `fax_presse` varchar(30)  NOT  NULL ,
          `url_presse` varchar(150)  NOT  NULL ,
          PRIMARY  KEY (`id`) ,
          KEY `blog_user_id`(`blog_user_id`)) DEFAULT CHARACTER SET utf8 COLLATE utf8_general_ci AUTO_INCREMENT=1 made by activate_plugin, do_action('activate_blog2social/blog2social.php'), WP_Hook->do_action, WP_Hook->apply_filters, B2S_Loader->activatePlugin, WP_SQLite_DB->query, WP_SQLite_DB->print_error
[29-Apr-2025 15:37:14 UTC] WordPress database error <div style="clear:both">&nbsp;</div>
<div class="queries" style="clear:both;margin-bottom:2px;border:red dotted thin;">
<p>MySQL query:</p>
<p>ALTER TABLE wp_b2s_posts_insights MODIFY insight longtext CHARACTER SET utf8mb4 COLLATE utf8mb4_unicode_ci NOT NULL;</p>
<p>Queries made or created this session were:</p>
<ol>
<li>Executing: BEGIN | (no parameters)</li>
<li>Executing: ROLLBACK | (no parameters)</li>
</ol>
</div>
<div style="clear:both;margin-bottom:2px;border:red dotted thin;" class="error_message" style="border-bottom:dotted blue thin;">
Error occurred at line 4117 in Function <code>handle_error</code>. Error message was: Unknown operation: MODIFY.
</div>
<p>Backtrace:</p>
<pre>#0 /internal/shared/sqlite-database-integration/wp-includes/sqlite/class-wp-sqlite-db.php(287): WP_SQLite_Translator->get_error_message()
#1 /wordpress/wp-content/plugins/blog2social/includes/Loader.php(2354): WP_SQLite_DB->query('ALTER TABLE wp_...')
#2 /wordpress/wp-includes/class-wp-hook.php(324): B2S_Loader->activatePlugin(false)
#3 /wordpress/wp-includes/class-wp-hook.php(348): WP_Hook->apply_filters('', Array)
#4 /wordpress/wp-includes/plugin.php(517): WP_Hook->do_action(Array)
#5 /wordpress/wp-admin/includes/plugin.php(703): do_action('activate_blog2s...', false)
#6 /internal/eval.php(20): activate_plugin('blog2social/blo...')
#7 {main}</pre>
 for query ALTER TABLE wp_b2s_posts_insights MODIFY insight longtext CHARACTER SET utf8mb4 COLLATE utf8mb4_unicode_ci NOT NULL; made by activate_plugin, do_action('activate_blog2social/blog2social.php'), WP_Hook->do_action, WP_Hook->apply_filters, B2S_Loader->activatePlugin, WP_SQLite_DB->query, WP_SQLite_DB->print_error
[29-Apr-2025 15:37:14 UTC] WordPress database error <div style="clear:both">&nbsp;</div>
<div class="queries" style="clear:both;margin-bottom:2px;border:red dotted thin;">
<p>MySQL query:</p>
<p>ALTER TABLE wp_b2s_network_insights MODIFY insight longtext CHARACTER SET utf8mb4 COLLATE utf8mb4_unicode_ci NOT NULL;</p>
<p>Queries made or created this session were:</p>
<ol>
<li>Executing: BEGIN | (no parameters)</li>
<li>Executing: ROLLBACK | (no parameters)</li>
</ol>
</div>
<div style="clear:both;margin-bottom:2px;border:red dotted thin;" class="error_message" style="border-bottom:dotted blue thin;">
Error occurred at line 4117 in Function <code>handle_error</code>. Error message was: Unknown operation: MODIFY.
</div>
<p>Backtrace:</p>
<pre>#0 /internal/shared/sqlite-database-integration/wp-includes/sqlite/class-wp-sqlite-db.php(287): WP_SQLite_Translator->get_error_message()
#1 /wordpress/wp-content/plugins/blog2social/includes/Loader.php(2377): WP_SQLite_DB->query('ALTER TABLE wp_...')
#2 /wordpress/wp-includes/class-wp-hook.php(324): B2S_Loader->activatePlugin(false)
#3 /wordpress/wp-includes/class-wp-hook.php(348): WP_Hook->apply_filters('', Array)
#4 /wordpress/wp-includes/plugin.php(517): WP_Hook->do_action(Array)
#5 /wordpress/wp-admin/includes/plugin.php(703): do_action('activate_blog2s...', false)
#6 /internal/eval.php(20): activate_plugin('blog2social/blo...')
#7 {main}</pre>
 for query ALTER TABLE wp_b2s_network_insights MODIFY insight longtext CHARACTER SET utf8mb4 COLLATE utf8mb4_unicode_ci NOT NULL; made by activate_plugin, do_action('activate_blog2social/blog2social.php'), WP_Hook->do_action, WP_Hook->apply_filters, B2S_Loader->activatePlugin, WP_SQLite_DB->query, WP_SQLite_DB->print_error
[29-Apr-2025 15:37:14 UTC] WordPress database error <div style="clear:both">&nbsp;</div>
<div class="queries" style="clear:both;margin-bottom:2px;border:red dotted thin;">
<p>MySQL query:</p>
<p>ALTER TABLE `wp_b2s_user_contact` CHANGE `id` `id` INT(11) NOT NULL AUTO_INCREMENT;</p>
<p>Queries made or created this session were:</p>
<ol>
<li>Executing: BEGIN | (no parameters)</li>
<li>Executing: INSERT INTO _mysql_data_types_cache (`table`, `column_or_index`, `mysql_type`)
				VALUES (:table, :column, :datatype)
				ON CONFLICT(`table`, `column_or_index`) DO UPDATE SET `mysql_type` = :datatype
			 | parameters: wp_b2s_user_contact, id, int(11)</li>
<li>Executing: DROP TRIGGER IF EXISTS &quot;__wp_b2s_user_contact_id_on_update__&quot; | (no parameters)</li>
<li>Executing: SELECT sql FROM sqlite_master WHERE type=&quot;table&quot; AND name=:table | (no parameters)</li>
<li>Executing: SELECT * FROM pragma_index_list(&quot;wp_b2s_user_contact&quot;) as l; | (no parameters)</li>
<li>Executing: CREATE TABLE `_tmp__wp_b2s_user_contact_42243573` as SELECT * FROM `wp_b2s_user_contact` | (no parameters)</li>
<li>Executing: ROLLBACK | (no parameters)</li>
</ol>
</div>
<div style="clear:both;margin-bottom:2px;border:red dotted thin;" class="error_message" style="border-bottom:dotted blue thin;">
Error occurred at line 4117 in Function <code>handle_error</code>. Error message was: SQLSTATE[HY000]: General error: 1 no such table: wp_b2s_user_contact.
</div>
<p>Backtrace:</p>
<pre>#0 /internal/shared/sqlite-database-integration/wp-includes/sqlite/class-wp-sqlite-db.php(287): WP_SQLite_Translator->get_error_message()
#1 /wordpress/wp-content/plugins/blog2social/includes/Loader.php(2390): WP_SQLite_DB->query('ALTER TABLE `wp...')
#2 /wordpress/wp-includes/class-wp-hook.php(324): B2S_Loader->activatePlugin(false)
#3 /wordpress/wp-includes/class-wp-hook.php(348): WP_Hook->apply_filters('', Array)
#4 /wordpress/wp-includes/plugin.php(517): WP_Hook->do_action(Array)
#5 /wordpress/wp-admin/includes/plugin.php(703): do_action('activate_blog2s...', false)
#6 /internal/eval.php(20): activate_plugin('blog2social/blo...')
#7 {main}</pre>
 for query ALTER TABLE `wp_b2s_user_contact` CHANGE `id` `id` INT(11) NOT NULL AUTO_INCREMENT; made by activate_plugin, do_action('activate_blog2social/blog2social.php'), WP_Hook->do_action, WP_Hook->apply_filters, B2S_Loader->activatePlugin, WP_SQLite_DB->query, WP_SQLite_DB->print_error
[29-Apr-2025 15:37:25 UTC] PHP Warning:  Undefined variable $HTTP_POST_VARS in /wordpress/wp-content/plugins/blogshotr/blog_shot_r.php on line 12
[29-Apr-2025 15:37:25 UTC] PHP Warning:  Trying to access array offset on value of type null in /wordpress/wp-content/plugins/blogshotr/blog_shot_r.php on line 12
[29-Apr-2025 15:37:25 UTC] PHP Warning:  Undefined variable $HTTP_POST_VARS in /wordpress/wp-content/plugins/blogshotr/blog_shot_r.php on line 35
[29-Apr-2025 15:37:25 UTC] PHP Warning:  Trying to access array offset on value of type null in /wordpress/wp-content/plugins/blogshotr/blog_shot_r.php on line 35
[29-Apr-2025 15:37:26 UTC] PHP Warning:  Undefined variable $HTTP_POST_VARS in /wordpress/wp-content/plugins/blogshotr/blog_shot_r.php on line 12
[29-Apr-2025 15:37:26 UTC] PHP Warning:  Trying to access array offset on value of type null in /wordpress/wp-content/plugins/blogshotr/blog_shot_r.php on line 12
[29-Apr-2025 15:37:26 UTC] PHP Warning:  Undefined variable $HTTP_POST_VARS in /wordpress/wp-content/plugins/blogshotr/blog_shot_r.php on line 35
[29-Apr-2025 15:37:26 UTC] PHP Warning:  Trying to access array offset on value of type null in /wordpress/wp-content/plugins/blogshotr/blog_shot_r.php on line 35
[29-Apr-2025 15:37:34 UTC] PHP Warning:  Undefined variable $HTTP_POST_VARS in /wordpress/wp-content/plugins/blogshotr/blog_shot_r.php on line 12
[29-Apr-2025 15:37:34 UTC] PHP Warning:  Trying to access array offset on value of type null in /wordpress/wp-content/plugins/blogshotr/blog_shot_r.php on line 12
[29-Apr-2025 15:37:34 UTC] PHP Warning:  Undefined variable $HTTP_POST_VARS in /wordpress/wp-content/plugins/blogshotr/blog_shot_r.php on line 35
[29-Apr-2025 15:37:34 UTC] PHP Warning:  Trying to access array offset on value of type null in /wordpress/wp-content/plugins/blogshotr/blog_shot_r.php on line 35
[29-Apr-2025 15:37:35 UTC] PHP Warning:  Undefined variable $HTTP_POST_VARS in /wordpress/wp-content/plugins/blogshotr/blog_shot_r.php on line 12
[29-Apr-2025 15:37:35 UTC] PHP Warning:  Trying to access array offset on value of type null in /wordpress/wp-content/plugins/blogshotr/blog_shot_r.php on line 12
[29-Apr-2025 15:37:35 UTC] PHP Warning:  Undefined variable $HTTP_POST_VARS in /wordpress/wp-content/plugins/blogshotr/blog_shot_r.php on line 35
[29-Apr-2025 15:37:35 UTC] PHP Warning:  Trying to access array offset on value of type null in /wordpress/wp-content/plugins/blogshotr/blog_shot_r.php on line 35
[29-Apr-2025 15:37:43 UTC] PHP Warning:  Undefined variable $HTTP_POST_VARS in /wordpress/wp-content/plugins/blogshotr/blog_shot_r.php on line 12
[29-Apr-2025 15:37:43 UTC] PHP Warning:  Trying to access array offset on value of type null in /wordpress/wp-content/plugins/blogshotr/blog_shot_r.php on line 12
[29-Apr-2025 15:37:43 UTC] PHP Warning:  Undefined variable $HTTP_POST_VARS in /wordpress/wp-content/plugins/blogshotr/blog_shot_r.php on line 35
[29-Apr-2025 15:37:43 UTC] PHP Warning:  Trying to access array offset on value of type null in /wordpress/wp-content/plugins/blogshotr/blog_shot_r.php on line 35
[29-Apr-2025 15:37:44 UTC] PHP Warning:  Undefined variable $HTTP_POST_VARS in /wordpress/wp-content/plugins/blogshotr/blog_shot_r.php on line 12
[29-Apr-2025 15:37:44 UTC] PHP Warning:  Trying to access array offset on value of type null in /wordpress/wp-content/plugins/blogshotr/blog_shot_r.php on line 12
[29-Apr-2025 15:37:44 UTC] PHP Warning:  Undefined variable $HTTP_POST_VARS in /wordpress/wp-content/plugins/blogshotr/blog_shot_r.php on line 35
[29-Apr-2025 15:37:44 UTC] PHP Warning:  Trying to access array offset on value of type null in /wordpress/wp-content/plugins/blogshotr/blog_shot_r.php on line 35
[29-Apr-2025 15:39:06 UTC] PHP Fatal error:  Uncaught Error: Undefined constant "PLUGIN_PATH" in /wordpress/wp-content/plugins/brainbits-flickr-gallery/brainbits-flickr-gallery.php:28
Stack trace:
#0 /wordpress/wp-admin/includes/plugin.php(2387): include_once()
#1 /wordpress/wp-admin/includes/plugin.php(673): plugin_sandbox_scrape('brainbits-flick...')
#2 /internal/eval.php(20): activate_plugin('brainbits-flick...')
#3 {main}
  thrown in /wordpress/wp-content/plugins/brainbits-flickr-gallery/brainbits-flickr-gallery.php on line 28
[29-Apr-2025 15:39:13 UTC] PHP Fatal error:  Uncaught Error: Undefined constant "PLUGIN_PATH" in /wordpress/wp-content/plugins/brainbits-flickr-gallery/brainbits-flickr-gallery.php:28
Stack trace:
#0 /wordpress/wp-admin/includes/plugin.php(2387): include_once()
#1 /wordpress/wp-admin/includes/plugin.php(673): plugin_sandbox_scrape('brainbits-flick...')
#2 /internal/eval.php(20): activate_plugin('brainbits-flick...')
#3 {main}
  thrown in /wordpress/wp-content/plugins/brainbits-flickr-gallery/brainbits-flickr-gallery.php on line 28
[29-Apr-2025 15:39:21 UTC] PHP Fatal error:  Uncaught Error: Undefined constant "PLUGIN_PATH" in /wordpress/wp-content/plugins/brainbits-flickr-gallery/brainbits-flickr-gallery.php:28
Stack trace:
#0 /wordpress/wp-admin/includes/plugin.php(2387): include_once()
#1 /wordpress/wp-admin/includes/plugin.php(673): plugin_sandbox_scrape('brainbits-flick...')
#2 /internal/eval.php(20): activate_plugin('brainbits-flick...')
#3 {main}
  thrown in /wordpress/wp-content/plugins/brainbits-flickr-gallery/brainbits-flickr-gallery.php on line 28

    at Object.onBind (file:///home/runner/work/playground-tester/playground-tester/node_modules/@wp-playground/cli/index.js:237:15)
    at process.processTicksAndRejections (node:internal/process/task_queues:105:5)
    at async V (file:///home/runner/work/playground-tester/playground-tester/node_modules/@wp-playground/cli/index.js:64:10)
    at async ja (file:///home/runner/work/playground-tester/playground-tester/node_modules/@wp-playground/cli/cli.js:8161:12) {
  [cause]: Error: Error when executing the blueprint step #1 ({"step":"installPlugin","pluginData":{"resource":"wordpress.org/plugins","slug":"brainbits-flickr-gallery"},"options":{"activate":true}}) : PHP.run() failed with exit code 255 and the following output: 
      at Object.run (file:///home/runner/work/playground-tester/playground-tester/node_modules/@wp-playground/blueprints/index.js:12449:19)
      at process.processTicksAndRejections (node:internal/process/task_queues:105:5)
      at async ms (file:///home/runner/work/playground-tester/playground-tester/node_modules/@wp-playground/blueprints/index.js:12552:3)
      ... 2 lines matching cause stack trace ...
      at async ja (file:///home/runner/work/playground-tester/playground-tester/node_modules/@wp-playground/cli/cli.js:8161:12) {
    [cause]: PHPExecutionFailureError: PHP.run() failed with exit code 255 and the following output: 
        at PHP.run (file:///home/runner/work/playground-tester/playground-tester/node_modules/@php-wasm/universal/index.js:987:19)
        at process.processTicksAndRejections (node:internal/process/task_queues:105:5)
        at async wr (file:///home/runner/work/playground-tester/playground-tester/node_modules/@wp-playground/blueprints/index.js:33:39)
        at async Object.gt [as installPlugin] (file:///home/runner/work/playground-tester/playground-tester/node_modules/@wp-playground/blueprints/index.js:974:42)
        at async g (file:///home/runner/work/playground-tester/playground-tester/node_modules/@wp-playground/blueprints/index.js:12517:30)
        at async Object.run (file:///home/runner/work/playground-tester/playground-tester/node_modules/@wp-playground/blueprints/index.js:12446:23)
        at async ms (file:///home/runner/work/playground-tester/playground-tester/node_modules/@wp-playground/blueprints/index.js:12552:3)
        at async Object.onBind (file:///home/runner/work/playground-tester/playground-tester/node_modules/@wp-playground/cli/index.js:227:48)
        at async V (file:///home/runner/work/playground-tester/playground-tester/node_modules/@wp-playground/cli/index.js:64:10)
        at async ja (file:///home/runner/work/playground-tester/playground-tester/node_modules/@wp-playground/cli/cli.js:8161:12) {
      response: PHPResponse {
        httpStatusCode: 500,
        headers: {
          'x-powered-by': [ 'PHP/8.0.30-dev' ],
          'content-type': [ 'text/html; charset=UTF-8' ]
        },
        bytes: Uint8Array(0) [],
        exitCode: 255,
        errors: ''
      },
      source: 'request'
    }
  }
}

Node.js v23.11.0
