file:///home/runner/work/playground-tester/playground-tester/node_modules/@wp-playground/cli/run-cli-j-geJYS3.js:325
        throw new Error($, { cause: h });
              ^

Error: [06-Jul-2025 20:29:15 UTC] PHP Fatal error:  Uncaught Error: Undefined constant "QQ_WEATHER_VERSION_PLUGIN" in /wordpress/wp-content/plugins/qq-weather/qq-weather.php:25
Stack trace:
#0 /wordpress/wp-admin/includes/plugin.php(2387): include_once()
#1 /wordpress/wp-admin/includes/plugin.php(673): plugin_sandbox_scrape('qq-weather/qq-w...')
#2 /internal/eval.php(20): activate_plugin('qq-weather/qq-w...')
#3 {main}
  thrown in /wordpress/wp-content/plugins/qq-weather/qq-weather.php on line 25
[06-Jul-2025 20:29:24 UTC] PHP Fatal error:  Uncaught Error: Undefined constant "QQ_WEATHER_VERSION_PLUGIN" in /wordpress/wp-content/plugins/qq-weather/qq-weather.php:25
Stack trace:
#0 /wordpress/wp-admin/includes/plugin.php(2387): include_once()
#1 /wordpress/wp-admin/includes/plugin.php(673): plugin_sandbox_scrape('qq-weather/qq-w...')
#2 /internal/eval.php(20): activate_plugin('qq-weather/qq-w...')
#3 {main}
  thrown in /wordpress/wp-content/plugins/qq-weather/qq-weather.php on line 25
[06-Jul-2025 20:29:32 UTC] PHP Fatal error:  Uncaught Error: Undefined constant "QQ_WEATHER_VERSION_PLUGIN" in /wordpress/wp-content/plugins/qq-weather/qq-weather.php:25
Stack trace:
#0 /wordpress/wp-admin/includes/plugin.php(2387): include_once()
#1 /wordpress/wp-admin/includes/plugin.php(673): plugin_sandbox_scrape('qq-weather/qq-w...')
#2 /internal/eval.php(20): activate_plugin('qq-weather/qq-w...')
#3 {main}
  thrown in /wordpress/wp-content/plugins/qq-weather/qq-weather.php on line 25
[06-Jul-2025 20:31:42 UTC] PHP Fatal error:  Uncaught Error: Undefined constant "QR_header" in /wordpress/wp-content/plugins/qr-code-on-page/QR.php:186
Stack trace:
#0 /wordpress/wp-admin/includes/plugin.php(2387): include_once()
#1 /wordpress/wp-admin/includes/plugin.php(673): plugin_sandbox_scrape('qr-code-on-page...')
#2 /internal/eval.php(20): activate_plugin('qr-code-on-page...')
#3 {main}
  thrown in /wordpress/wp-content/plugins/qr-code-on-page/QR.php on line 186
[06-Jul-2025 20:31:50 UTC] PHP Fatal error:  Uncaught Error: Undefined constant "QR_header" in /wordpress/wp-content/plugins/qr-code-on-page/QR.php:186
Stack trace:
#0 /wordpress/wp-admin/includes/plugin.php(2387): include_once()
#1 /wordpress/wp-admin/includes/plugin.php(673): plugin_sandbox_scrape('qr-code-on-page...')
#2 /internal/eval.php(20): activate_plugin('qr-code-on-page...')
#3 {main}
  thrown in /wordpress/wp-content/plugins/qr-code-on-page/QR.php on line 186
[06-Jul-2025 20:31:59 UTC] PHP Fatal error:  Uncaught Error: Undefined constant "QR_header" in /wordpress/wp-content/plugins/qr-code-on-page/QR.php:186
Stack trace:
#0 /wordpress/wp-admin/includes/plugin.php(2387): include_once()
#1 /wordpress/wp-admin/includes/plugin.php(673): plugin_sandbox_scrape('qr-code-on-page...')
#2 /internal/eval.php(20): activate_plugin('qr-code-on-page...')
#3 {main}
  thrown in /wordpress/wp-content/plugins/qr-code-on-page/QR.php on line 186
[06-Jul-2025 20:32:10 UTC] WordPress database error <div style="clear:both">&nbsp;</div>
<div class="queries" style="clear:both;margin-bottom:2px;border:red dotted thin;">
<p>MySQL query:</p>
<p>SHOW TABLES LIKE wp_qrcolorcodes</p>
<p>Queries made or created this session were:</p>
<ol>
</ol>
</div>
<div style="clear:both;margin-bottom:2px;border:red dotted thin;" class="error_message" style="border-bottom:dotted blue thin;">
Failed to parse the MySQL query.
</div>
<p>Backtrace:</p>
<pre>#0 /internal/shared/sqlite-database-integration/wp-includes/sqlite-ast/class-wp-sqlite-driver.php(606): WP_SQLite_Driver->new_driver_exception('Failed to parse...')
#1 /internal/shared/sqlite-database-integration/wp-includes/sqlite/class-wp-sqlite-db.php(491): WP_SQLite_Driver->query('SHOW TABLES LIK...')
#2 /internal/shared/sqlite-database-integration/wp-includes/sqlite/class-wp-sqlite-db.php(432): WP_SQLite_DB->_do_query('SHOW TABLES LIK...')
#3 /wordpress/wp-includes/class-wpdb.php(3031): WP_SQLite_DB->query('SHOW TABLES LIK...')
#4 /wordpress/wp-content/plugins/qr-color-code-generator-basic/QR-Color-Code-Plugin.php(345): wpdb->get_var('SHOW TABLES LIK...')
#5 /wordpress/wp-includes/class-wp-hook.php(324): QRColor_activate(false)
#6 /wordpress/wp-includes/class-wp-hook.php(348): WP_Hook->apply_filters('', Array)
#7 /wordpress/wp-includes/plugin.php(517): WP_Hook->do_action(Array)
#8 /wordpress/wp-admin/includes/plugin.php(703): do_action('activate_qr-col...', false)
#9 /internal/eval.php(20): activate_plugin('qr-color-code-g...')
#10 {main}</pre>
 for query SHOW TABLES LIKE wp_qrcolorcodes made by activate_plugin, do_action('activate_qr-color-code-generator-basic/QR-Color-Code-Plugin.php'), WP_Hook->do_action, WP_Hook->apply_filters, QRColor_activate, WP_SQLite_DB->query, WP_SQLite_DB->print_error
[06-Jul-2025 20:32:11 UTC] PHP Fatal error:  Uncaught ArgumentCountError: Too few arguments to function WP_Widget::__construct(), 0 passed in /wordpress/wp-includes/class-wp-widget-factory.php on line 62 and at least 2 expected in /wordpress/wp-includes/class-wp-widget.php:163
Stack trace:
#0 /wordpress/wp-includes/class-wp-widget-factory.php(62): WP_Widget->__construct()
#1 /wordpress/wp-includes/widgets.php(123): WP_Widget_Factory->register('QRWidget')
#2 /wordpress/wp-content/plugins/qr-color-code-generator-basic/QR-Color-Code-Plugin.php(334): register_widget('QRWidget')
#3 /wordpress/wp-includes/class-wp-hook.php(324): QRWidget_init('')
#4 /wordpress/wp-includes/class-wp-hook.php(348): WP_Hook->apply_filters(NULL, Array)
#5 /wordpress/wp-includes/plugin.php(517): WP_Hook->do_action(Array)
#6 /wordpress/wp-includes/widgets.php(1870): do_action('widgets_init')
#7 /wordpress/wp-includes/class-wp-hook.php(324): wp_widgets_init('')
#8 /wordpress/wp-includes/class-wp-hook.php(348): WP_Hook->apply_filters(NULL, Array)
#9 /wordpress/wp-includes/plugin.php(517): WP_Hook->do_action(Array)
#10 /wordpress/wp-settings.php(727): do_action('init')
#11 /wordpress/wp-config.php(102): require_once('/wordpress/wp-s...')
#12 /wordpress/wp-load.php(50): require_once('/wordpress/wp-c...')
#13 /internal/eval.php(3): require_once('/wordpress/wp-l...')
#14 {main}
  thrown in /wordpress/wp-includes/class-wp-widget.php on line 163
[06-Jul-2025 20:32:21 UTC] WordPress database error <div style="clear:both">&nbsp;</div>
<div class="queries" style="clear:both;margin-bottom:2px;border:red dotted thin;">
<p>MySQL query:</p>
<p>SHOW TABLES LIKE wp_qrcolorcodes</p>
<p>Queries made or created this session were:</p>
<ol>
</ol>
</div>
<div style="clear:both;margin-bottom:2px;border:red dotted thin;" class="error_message" style="border-bottom:dotted blue thin;">
Failed to parse the MySQL query.
</div>
<p>Backtrace:</p>
<pre>#0 /internal/shared/sqlite-database-integration/wp-includes/sqlite-ast/class-wp-sqlite-driver.php(606): WP_SQLite_Driver->new_driver_exception('Failed to parse...')
#1 /internal/shared/sqlite-database-integration/wp-includes/sqlite/class-wp-sqlite-db.php(491): WP_SQLite_Driver->query('SHOW TABLES LIK...')
#2 /internal/shared/sqlite-database-integration/wp-includes/sqlite/class-wp-sqlite-db.php(432): WP_SQLite_DB->_do_query('SHOW TABLES LIK...')
#3 /wordpress/wp-includes/class-wpdb.php(3031): WP_SQLite_DB->query('SHOW TABLES LIK...')
#4 /wordpress/wp-content/plugins/qr-color-code-generator-basic/QR-Color-Code-Plugin.php(345): wpdb->get_var('SHOW TABLES LIK...')
#5 /wordpress/wp-includes/class-wp-hook.php(324): QRColor_activate(false)
#6 /wordpress/wp-includes/class-wp-hook.php(348): WP_Hook->apply_filters('', Array)
#7 /wordpress/wp-includes/plugin.php(517): WP_Hook->do_action(Array)
#8 /wordpress/wp-admin/includes/plugin.php(703): do_action('activate_qr-col...', false)
#9 /internal/eval.php(20): activate_plugin('qr-color-code-g...')
#10 {main}</pre>
 for query SHOW TABLES LIKE wp_qrcolorcodes made by activate_plugin, do_action('activate_qr-color-code-generator-basic/QR-Color-Code-Plugin.php'), WP_Hook->do_action, WP_Hook->apply_filters, QRColor_activate, WP_SQLite_DB->query, WP_SQLite_DB->print_error
[06-Jul-2025 20:32:23 UTC] PHP Fatal error:  Uncaught ArgumentCountError: Too few arguments to function WP_Widget::__construct(), 0 passed in /wordpress/wp-includes/class-wp-widget-factory.php on line 62 and at least 2 expected in /wordpress/wp-includes/class-wp-widget.php:163
Stack trace:
#0 /wordpress/wp-includes/class-wp-widget-factory.php(62): WP_Widget->__construct()
#1 /wordpress/wp-includes/widgets.php(123): WP_Widget_Factory->register('QRWidget')
#2 /wordpress/wp-content/plugins/qr-color-code-generator-basic/QR-Color-Code-Plugin.php(334): register_widget('QRWidget')
#3 /wordpress/wp-includes/class-wp-hook.php(324): QRWidget_init('')
#4 /wordpress/wp-includes/class-wp-hook.php(348): WP_Hook->apply_filters(NULL, Array)
#5 /wordpress/wp-includes/plugin.php(517): WP_Hook->do_action(Array)
#6 /wordpress/wp-includes/widgets.php(1870): do_action('widgets_init')
#7 /wordpress/wp-includes/class-wp-hook.php(324): wp_widgets_init('')
#8 /wordpress/wp-includes/class-wp-hook.php(348): WP_Hook->apply_filters(NULL, Array)
#9 /wordpress/wp-includes/plugin.php(517): WP_Hook->do_action(Array)
#10 /wordpress/wp-settings.php(727): do_action('init')
#11 /wordpress/wp-config.php(102): require_once('/wordpress/wp-s...')
#12 /wordpress/wp-load.php(50): require_once('/wordpress/wp-c...')
#13 /internal/eval.php(3): require_once('/wordpress/wp-l...')
#14 {main}
  thrown in /wordpress/wp-includes/class-wp-widget.php on line 163
[06-Jul-2025 20:32:33 UTC] WordPress database error <div style="clear:both">&nbsp;</div>
<div class="queries" style="clear:both;margin-bottom:2px;border:red dotted thin;">
<p>MySQL query:</p>
<p>SHOW TABLES LIKE wp_qrcolorcodes</p>
<p>Queries made or created this session were:</p>
<ol>
</ol>
</div>
<div style="clear:both;margin-bottom:2px;border:red dotted thin;" class="error_message" style="border-bottom:dotted blue thin;">
Failed to parse the MySQL query.
</div>
<p>Backtrace:</p>
<pre>#0 /internal/shared/sqlite-database-integration/wp-includes/sqlite-ast/class-wp-sqlite-driver.php(606): WP_SQLite_Driver->new_driver_exception('Failed to parse...')
#1 /internal/shared/sqlite-database-integration/wp-includes/sqlite/class-wp-sqlite-db.php(491): WP_SQLite_Driver->query('SHOW TABLES LIK...')
#2 /internal/shared/sqlite-database-integration/wp-includes/sqlite/class-wp-sqlite-db.php(432): WP_SQLite_DB->_do_query('SHOW TABLES LIK...')
#3 /wordpress/wp-includes/class-wpdb.php(3031): WP_SQLite_DB->query('SHOW TABLES LIK...')
#4 /wordpress/wp-content/plugins/qr-color-code-generator-basic/QR-Color-Code-Plugin.php(345): wpdb->get_var('SHOW TABLES LIK...')
#5 /wordpress/wp-includes/class-wp-hook.php(324): QRColor_activate(false)
#6 /wordpress/wp-includes/class-wp-hook.php(348): WP_Hook->apply_filters('', Array)
#7 /wordpress/wp-includes/plugin.php(517): WP_Hook->do_action(Array)
#8 /wordpress/wp-admin/includes/plugin.php(703): do_action('activate_qr-col...', false)
#9 /internal/eval.php(20): activate_plugin('qr-color-code-g...')
#10 {main}</pre>
 for query SHOW TABLES LIKE wp_qrcolorcodes made by activate_plugin, do_action('activate_qr-color-code-generator-basic/QR-Color-Code-Plugin.php'), WP_Hook->do_action, WP_Hook->apply_filters, QRColor_activate, WP_SQLite_DB->query, WP_SQLite_DB->print_error
[06-Jul-2025 20:32:34 UTC] PHP Fatal error:  Uncaught ArgumentCountError: Too few arguments to function WP_Widget::__construct(), 0 passed in /wordpress/wp-includes/class-wp-widget-factory.php on line 62 and at least 2 expected in /wordpress/wp-includes/class-wp-widget.php:163
Stack trace:
#0 /wordpress/wp-includes/class-wp-widget-factory.php(62): WP_Widget->__construct()
#1 /wordpress/wp-includes/widgets.php(123): WP_Widget_Factory->register('QRWidget')
#2 /wordpress/wp-content/plugins/qr-color-code-generator-basic/QR-Color-Code-Plugin.php(334): register_widget('QRWidget')
#3 /wordpress/wp-includes/class-wp-hook.php(324): QRWidget_init('')
#4 /wordpress/wp-includes/class-wp-hook.php(348): WP_Hook->apply_filters(NULL, Array)
#5 /wordpress/wp-includes/plugin.php(517): WP_Hook->do_action(Array)
#6 /wordpress/wp-includes/widgets.php(1870): do_action('widgets_init')
#7 /wordpress/wp-includes/class-wp-hook.php(324): wp_widgets_init('')
#8 /wordpress/wp-includes/class-wp-hook.php(348): WP_Hook->apply_filters(NULL, Array)
#9 /wordpress/wp-includes/plugin.php(517): WP_Hook->do_action(Array)
#10 /wordpress/wp-settings.php(727): do_action('init')
#11 /wordpress/wp-config.php(102): require_once('/wordpress/wp-s...')
#12 /wordpress/wp-load.php(50): require_once('/wordpress/wp-c...')
#13 /internal/eval.php(3): require_once('/wordpress/wp-l...')
#14 {main}
  thrown in /wordpress/wp-includes/class-wp-widget.php on line 163
[06-Jul-2025 20:36:29 UTC] PHP Warning:  Undefined variable $settings in /wordpress/wp-content/plugins/redirect-on-first-login/lib/rofl-redirect.php on line 2
[06-Jul-2025 20:36:29 UTC] PHP Warning:  Undefined variable $rofl_field_1_2 in /wordpress/wp-content/plugins/redirect-on-first-login/lib/rofl-redirect.php on line 2
[06-Jul-2025 20:36:29 UTC] PHP Warning:  Trying to access array offset on value of type null in /wordpress/wp-content/plugins/redirect-on-first-login/lib/rofl-redirect.php on line 2
[06-Jul-2025 20:36:30 UTC] PHP Warning:  Undefined variable $settings in /wordpress/wp-content/plugins/redirect-on-first-login/lib/rofl-redirect.php on line 2
[06-Jul-2025 20:36:30 UTC] PHP Warning:  Undefined variable $rofl_field_1_2 in /wordpress/wp-content/plugins/redirect-on-first-login/lib/rofl-redirect.php on line 2
[06-Jul-2025 20:36:30 UTC] PHP Warning:  Trying to access array offset on value of type null in /wordpress/wp-content/plugins/redirect-on-first-login/lib/rofl-redirect.php on line 2
[06-Jul-2025 20:36:38 UTC] PHP Warning:  Undefined variable $settings in /wordpress/wp-content/plugins/redirect-on-first-login/lib/rofl-redirect.php on line 2
[06-Jul-2025 20:36:38 UTC] PHP Warning:  Undefined variable $rofl_field_1_2 in /wordpress/wp-content/plugins/redirect-on-first-login/lib/rofl-redirect.php on line 2
[06-Jul-2025 20:36:38 UTC] PHP Warning:  Trying to access array offset on value of type null in /wordpress/wp-content/plugins/redirect-on-first-login/lib/rofl-redirect.php on line 2
[06-Jul-2025 20:36:39 UTC] PHP Warning:  Undefined variable $settings in /wordpress/wp-content/plugins/redirect-on-first-login/lib/rofl-redirect.php on line 2
[06-Jul-2025 20:36:39 UTC] PHP Warning:  Undefined variable $rofl_field_1_2 in /wordpress/wp-content/plugins/redirect-on-first-login/lib/rofl-redirect.php on line 2
[06-Jul-2025 20:36:39 UTC] PHP Warning:  Trying to access array offset on value of type null in /wordpress/wp-content/plugins/redirect-on-first-login/lib/rofl-redirect.php on line 2
[06-Jul-2025 20:36:47 UTC] PHP Warning:  Undefined variable $settings in /wordpress/wp-content/plugins/redirect-on-first-login/lib/rofl-redirect.php on line 2
[06-Jul-2025 20:36:47 UTC] PHP Warning:  Undefined variable $rofl_field_1_2 in /wordpress/wp-content/plugins/redirect-on-first-login/lib/rofl-redirect.php on line 2
[06-Jul-2025 20:36:47 UTC] PHP Warning:  Trying to access array offset on value of type null in /wordpress/wp-content/plugins/redirect-on-first-login/lib/rofl-redirect.php on line 2
[06-Jul-2025 20:36:48 UTC] PHP Warning:  Undefined variable $settings in /wordpress/wp-content/plugins/redirect-on-first-login/lib/rofl-redirect.php on line 2
[06-Jul-2025 20:36:48 UTC] PHP Warning:  Undefined variable $rofl_field_1_2 in /wordpress/wp-content/plugins/redirect-on-first-login/lib/rofl-redirect.php on line 2
[06-Jul-2025 20:36:48 UTC] PHP Warning:  Trying to access array offset on value of type null in /wordpress/wp-content/plugins/redirect-on-first-login/lib/rofl-redirect.php on line 2
[06-Jul-2025 20:36:57 UTC] PHP Warning:  Use of undefined constant STDERR - assumed 'STDERR' (this will throw an Error in a future version of PHP) in /wordpress/wp-content/plugins/payment-gateway-accept-blue-for-woocommerce/vendor/composer/platform_check.php on line 17
[06-Jul-2025 20:36:57 UTC] PHP Warning:  fwrite() expects parameter 1 to be resource, string given in /wordpress/wp-content/plugins/payment-gateway-accept-blue-for-woocommerce/vendor/composer/platform_check.php on line 17
[06-Jul-2025 20:36:57 UTC] PHP Fatal error:  Composer detected issues in your platform: Your Composer dependencies require a PHP version ">= 8.0.0". You are running 7.4.31-dev. in /wordpress/wp-content/plugins/payment-gateway-accept-blue-for-woocommerce/vendor/composer/platform_check.php on line 24
[06-Jul-2025 20:37:06 UTC] PHP Warning:  Use of undefined constant STDERR - assumed 'STDERR' (this will throw an Error in a future version of PHP) in /wordpress/wp-content/plugins/payment-gateway-accept-blue-for-woocommerce/vendor/composer/platform_check.php on line 17
[06-Jul-2025 20:37:06 UTC] PHP Warning:  fwrite() expects parameter 1 to be resource, string given in /wordpress/wp-content/plugins/payment-gateway-accept-blue-for-woocommerce/vendor/composer/platform_check.php on line 17
[06-Jul-2025 20:37:06 UTC] PHP Fatal error:  Composer detected issues in your platform: Your Composer dependencies require a PHP version ">= 8.0.0". You are running 7.4.31-dev. in /wordpress/wp-content/plugins/payment-gateway-accept-blue-for-woocommerce/vendor/composer/platform_check.php on line 24
[06-Jul-2025 20:37:16 UTC] PHP Warning:  Use of undefined constant STDERR - assumed 'STDERR' (this will throw an Error in a future version of PHP) in /wordpress/wp-content/plugins/payment-gateway-accept-blue-for-woocommerce/vendor/composer/platform_check.php on line 17
[06-Jul-2025 20:37:16 UTC] PHP Warning:  fwrite() expects parameter 1 to be resource, string given in /wordpress/wp-content/plugins/payment-gateway-accept-blue-for-woocommerce/vendor/composer/platform_check.php on line 17
[06-Jul-2025 20:37:16 UTC] PHP Fatal error:  Composer detected issues in your platform: Your Composer dependencies require a PHP version ">= 8.0.0". You are running 7.4.31-dev. in /wordpress/wp-content/plugins/payment-gateway-accept-blue-for-woocommerce/vendor/composer/platform_check.php on line 24

    at Object.onBind (file:///home/runner/work/playground-tester/playground-tester/node_modules/@wp-playground/cli/run-cli-j-geJYS3.js:325:15)
    at process.processTicksAndRejections (node:internal/process/task_queues:105:5)
    at async re (file:///home/runner/work/playground-tester/playground-tester/node_modules/@wp-playground/cli/run-cli-j-geJYS3.js:149:10) {
  [cause]: Error: Error when executing the blueprint step #5 ({"step":"installPlugin","pluginData":{"resource":"wordpress.org/plugins","slug":"payment-module-for-article-publication"},"options":{"activate":true}}) : Could not download "https://downloads.wordpress.org/plugin/payment-module-for-article-publication.latest-stable.zip".
  				Check if the URL is correct and the server is reachable.
  				If it is reachable, the server might be blocking the request.
  				Check the browser console and network tabs for more information.
  
  				## Does the console show the error "No 'Access-Control-Allow-Origin' header"?
  
  				This means the server that hosts your file does not allow requests from other sites
  				(cross-origin requests, or CORS).	You need to move the asset to a server that allows
  				cross-origin file downloads. Learn more about CORS at
  				https://developer.mozilla.org/en-US/docs/Web/HTTP/CORS.
  
  				If your file is on GitHub, load it from "raw.githubusercontent.com".
  				Here's how to do that:
  
  				1. Start with the original GitHub URL of the file. For example:
  				https://github.com/username/repository/blob/branch/filename.
  				2. Replace "github.com" with "raw.githubusercontent.com".
  				3. Remove the "/blob/" part of the URL.
  
  				The resulting URL should look like this:
  				https://raw.githubusercontent.com/username/repository/branch/filename
  
  				Error:
  				Error: Could not download "https://downloads.wordpress.org/plugin/payment-module-for-article-publication.latest-stable.zip"
      at Object.run (file:///home/runner/work/playground-tester/playground-tester/node_modules/@wp-playground/blueprints/index.js:12093:19)
      at process.processTicksAndRejections (node:internal/process/task_queues:105:5)
      at async ys (file:///home/runner/work/playground-tester/playground-tester/node_modules/@wp-playground/blueprints/index.js:12196:3)
      at async Object.onBind (file:///home/runner/work/playground-tester/playground-tester/node_modules/@wp-playground/cli/run-cli-j-geJYS3.js:315:48)
      at async re (file:///home/runner/work/playground-tester/playground-tester/node_modules/@wp-playground/cli/run-cli-j-geJYS3.js:149:10) {
    [cause]: Error: Could not download "https://downloads.wordpress.org/plugin/payment-module-for-article-publication.latest-stable.zip".
    				Check if the URL is correct and the server is reachable.
    				If it is reachable, the server might be blocking the request.
    				Check the browser console and network tabs for more information.
    
    				## Does the console show the error "No 'Access-Control-Allow-Origin' header"?
    
    				This means the server that hosts your file does not allow requests from other sites
    				(cross-origin requests, or CORS).	You need to move the asset to a server that allows
    				cross-origin file downloads. Learn more about CORS at
    				https://developer.mozilla.org/en-US/docs/Web/HTTP/CORS.
    
    				If your file is on GitHub, load it from "raw.githubusercontent.com".
    				Here's how to do that:
    
    				1. Start with the original GitHub URL of the file. For example:
    				https://github.com/username/repository/blob/branch/filename.
    				2. Replace "github.com" with "raw.githubusercontent.com".
    				3. Remove the "/blob/" part of the URL.
    
    				The resulting URL should look like this:
    				https://raw.githubusercontent.com/username/repository/branch/filename
    
    				Error:
    				Error: Could not download "https://downloads.wordpress.org/plugin/payment-module-for-article-publication.latest-stable.zip"
        at Ct.resolve (file:///home/runner/work/playground-tester/playground-tester/node_modules/@wp-playground/blueprints/index.js:1129:13)
        at process.processTicksAndRejections (node:internal/process/task_queues:105:5)
        at async _.run (file:///home/runner/work/playground-tester/playground-tester/node_modules/@php-wasm/util/index.js:45:14)
  }
}

Node.js v23.11.0
