file:///home/runner/work/playground-tester/playground-tester/node_modules/@wp-playground/cli/index.js:237
        throw new Error(y, { cause: u });
              ^

Error: [19-May-2025 20:52:15 UTC] PHP Deprecated:  Function get_page_by_title is <strong>deprecated</strong> since version 6.2.0! Use WP_Query instead. in /wordpress/wp-includes/functions.php on line 6121
[19-May-2025 20:52:25 UTC] PHP Deprecated:  Function get_page_by_title is <strong>deprecated</strong> since version 6.2.0! Use WP_Query instead. in /wordpress/wp-includes/functions.php on line 6121
[19-May-2025 20:52:35 UTC] PHP Deprecated:  Function get_page_by_title is <strong>deprecated</strong> since version 6.2.0! Use WP_Query instead. in /wordpress/wp-includes/functions.php on line 6121
[19-May-2025 20:53:47 UTC] PHP Fatal error:  Uncaught Error: Call to undefined function create_function() in /wordpress/wp-content/plugins/tt-subscribe/framework/widget/settings.php:4
Stack trace:
#0 /wordpress/wp-content/plugins/tt-subscribe/framework/widget.php(2): require_once()
#1 /wordpress/wp-content/plugins/tt-subscribe/tt-subscribe.php(43): require_once('/wordpress/wp-c...')
#2 /wordpress/wp-admin/includes/plugin.php(2387): include_once('/wordpress/wp-c...')
#3 /wordpress/wp-admin/includes/plugin.php(673): plugin_sandbox_scrape('tt-subscribe/tt...')
#4 /internal/eval.php(20): activate_plugin('tt-subscribe/tt...')
#5 {main}
  thrown in /wordpress/wp-content/plugins/tt-subscribe/framework/widget/settings.php on line 4
[19-May-2025 20:53:55 UTC] PHP Fatal error:  Uncaught Error: Call to undefined function create_function() in /wordpress/wp-content/plugins/tt-subscribe/framework/widget/settings.php:4
Stack trace:
#0 /wordpress/wp-content/plugins/tt-subscribe/framework/widget.php(2): require_once()
#1 /wordpress/wp-content/plugins/tt-subscribe/tt-subscribe.php(43): require_once('/wordpress/wp-c...')
#2 /wordpress/wp-admin/includes/plugin.php(2387): include_once('/wordpress/wp-c...')
#3 /wordpress/wp-admin/includes/plugin.php(673): plugin_sandbox_scrape('tt-subscribe/tt...')
#4 /internal/eval.php(20): activate_plugin('tt-subscribe/tt...')
#5 {main}
  thrown in /wordpress/wp-content/plugins/tt-subscribe/framework/widget/settings.php on line 4
[19-May-2025 20:54:05 UTC] PHP Fatal error:  Uncaught Error: Call to undefined function create_function() in /wordpress/wp-content/plugins/tt-subscribe/framework/widget/settings.php:4
Stack trace:
#0 /wordpress/wp-content/plugins/tt-subscribe/framework/widget.php(2): require_once()
#1 /wordpress/wp-content/plugins/tt-subscribe/tt-subscribe.php(43): require_once('/wordpress/wp-c...')
#2 /wordpress/wp-admin/includes/plugin.php(2387): include_once('/wordpress/wp-c...')
#3 /wordpress/wp-admin/includes/plugin.php(673): plugin_sandbox_scrape('tt-subscribe/tt...')
#4 /internal/eval.php(20): activate_plugin('tt-subscribe/tt...')
#5 {main}
  thrown in /wordpress/wp-content/plugins/tt-subscribe/framework/widget/settings.php on line 4
[19-May-2025 20:54:14 UTC] PHP Fatal error:  Unparenthesized `a ? b : c ? d : e` is not supported. Use either `(a ? b : c) ? d : e` or `a ? b : (c ? d : e)` in /wordpress/wp-content/plugins/tweet-old-custom-post/tocp-core.php on line 45
[19-May-2025 20:54:23 UTC] PHP Fatal error:  Unparenthesized `a ? b : c ? d : e` is not supported. Use either `(a ? b : c) ? d : e` or `a ? b : (c ? d : e)` in /wordpress/wp-content/plugins/tweet-old-custom-post/tocp-core.php on line 45
[19-May-2025 20:54:33 UTC] PHP Fatal error:  Unparenthesized `a ? b : c ? d : e` is not supported. Use either `(a ? b : c) ? d : e` or `a ? b : (c ? d : e)` in /wordpress/wp-content/plugins/tweet-old-custom-post/tocp-core.php on line 45
[19-May-2025 20:55:11 UTC] PHP Deprecated:  File class-snoopy.php is <strong>deprecated</strong> since version 3.0.0! Use wp-includes/http.php instead. in /wordpress/wp-includes/functions.php on line 6121
[19-May-2025 20:55:12 UTC] PHP Deprecated:  File class-snoopy.php is <strong>deprecated</strong> since version 3.0.0! Use wp-includes/http.php instead. in /wordpress/wp-includes/functions.php on line 6121
[19-May-2025 20:55:20 UTC] PHP Deprecated:  File class-snoopy.php is <strong>deprecated</strong> since version 3.0.0! Use wp-includes/http.php instead. in /wordpress/wp-includes/functions.php on line 6121
[19-May-2025 20:55:21 UTC] PHP Deprecated:  File class-snoopy.php is <strong>deprecated</strong> since version 3.0.0! Use wp-includes/http.php instead. in /wordpress/wp-includes/functions.php on line 6121
[19-May-2025 20:55:29 UTC] PHP Deprecated:  File class-snoopy.php is <strong>deprecated</strong> since version 3.0.0! Use wp-includes/http.php instead. in /wordpress/wp-includes/functions.php on line 6121
[19-May-2025 20:55:29 UTC] PHP Deprecated:  File class-snoopy.php is <strong>deprecated</strong> since version 3.0.0! Use wp-includes/http.php instead. in /wordpress/wp-includes/functions.php on line 6121
[19-May-2025 20:55:39 UTC] 
[Zonify] sending request:
https://app.zonifyapp.com/dashboard/woocommerce/activate
[19-May-2025 20:55:40 UTC] 
[Zonify] got response:
https://app.zonifyapp.com/dashboard/woocommerce/activate
[19-May-2025 20:55:40 UTC] 
[Zonify] api key: oRBnS8Pq29EfDTdRD2W7cC5gt4PvSa4f:
http://127.0.0.1:9403
[19-May-2025 20:55:40 UTC] 
[Zonify] yes:
http://127.0.0.1:9403
[19-May-2025 20:55:40 UTC] 
[Zonify] Zonify 42949 read_write:
http://127.0.0.1:9403
[19-May-2025 20:55:40 UTC] 
[Zonify] after auth
[19-May-2025 20:55:49 UTC] 
[Zonify] sending request:
https://app.zonifyapp.com/dashboard/woocommerce/activate
[19-May-2025 20:55:50 UTC] 
[Zonify] got response:
https://app.zonifyapp.com/dashboard/woocommerce/activate
[19-May-2025 20:55:50 UTC] 
[Zonify] api key: oRBnS8Pq29EfDTdRD2W7cC5gt4PvSa4f:
http://127.0.0.1:9403
[19-May-2025 20:55:50 UTC] 
[Zonify] yes:
http://127.0.0.1:9403
[19-May-2025 20:55:50 UTC] 
[Zonify] Zonify 42949 read_write:
http://127.0.0.1:9403
[19-May-2025 20:55:50 UTC] 
[Zonify] after auth
[19-May-2025 20:56:00 UTC] 
[Zonify] sending request:
https://app.zonifyapp.com/dashboard/woocommerce/activate
[19-May-2025 20:56:01 UTC] 
[Zonify] got response:
https://app.zonifyapp.com/dashboard/woocommerce/activate
[19-May-2025 20:56:01 UTC] 
[Zonify] api key: oRBnS8Pq29EfDTdRD2W7cC5gt4PvSa4f:
http://127.0.0.1:9403
[19-May-2025 20:56:01 UTC] 
[Zonify] yes:
http://127.0.0.1:9403
[19-May-2025 20:56:01 UTC] 
[Zonify] Zonify 42949 read_write:
http://127.0.0.1:9403
[19-May-2025 20:56:01 UTC] 
[Zonify] after auth
[19-May-2025 20:56:12 UTC] PHP Notice:  Function _load_textdomain_just_in_time was called <strong>incorrectly</strong>. Translation loading for the <code>otw_tsw</code> domain was triggered too early. This is usually an indicator for some code in the plugin or theme running too early. Translations should be loaded at the <code>init</code> action or later. Please see <a href="https://developer.wordpress.org/advanced-administration/debug/debug-wordpress/">Debugging in WordPress</a> for more information. (This message was added in version 6.7.0.) in /wordpress/wp-includes/functions.php on line 6121
[19-May-2025 20:56:22 UTC] PHP Notice:  Function _load_textdomain_just_in_time was called <strong>incorrectly</strong>. Translation loading for the <code>otw_tsw</code> domain was triggered too early. This is usually an indicator for some code in the plugin or theme running too early. Translations should be loaded at the <code>init</code> action or later. Please see <a href="https://developer.wordpress.org/advanced-administration/debug/debug-wordpress/">Debugging in WordPress</a> for more information. (This message was added in version 6.7.0.) in /wordpress/wp-includes/functions.php on line 6121
[19-May-2025 20:56:33 UTC] PHP Notice:  Function _load_textdomain_just_in_time was called <strong>incorrectly</strong>. Translation loading for the <code>otw_tsw</code> domain was triggered too early. This is usually an indicator for some code in the plugin or theme running too early. Translations should be loaded at the <code>init</code> action or later. Please see <a href="https://developer.wordpress.org/advanced-administration/debug/debug-wordpress/">Debugging in WordPress</a> for more information. (This message was added in version 6.7.0.) in /wordpress/wp-includes/functions.php on line 6121
[19-May-2025 20:56:44 UTC] PHP Fatal error:  Uncaught ArgumentCountError: Too few arguments to function WP_Widget::__construct(), 0 passed in /wordpress/wp-includes/class-wp-widget-factory.php on line 62 and at least 2 expected in /wordpress/wp-includes/class-wp-widget.php:163
Stack trace:
#0 /wordpress/wp-includes/class-wp-widget-factory.php(62): WP_Widget->__construct()
#1 /wordpress/wp-includes/widgets.php(123): WP_Widget_Factory->register('tapzWidget')
#2 /wordpress/wp-content/plugins/tapz-in/tapz.php(61): register_widget('tapzWidget')
#3 /wordpress/wp-includes/class-wp-hook.php(324): tapz_widget_register_widgets('')
#4 /wordpress/wp-includes/class-wp-hook.php(348): WP_Hook->apply_filters(NULL, Array)
#5 /wordpress/wp-includes/plugin.php(517): WP_Hook->do_action(Array)
#6 /wordpress/wp-includes/widgets.php(1870): do_action('widgets_init')
#7 /wordpress/wp-includes/class-wp-hook.php(324): wp_widgets_init('')
#8 /wordpress/wp-includes/class-wp-hook.php(348): WP_Hook->apply_filters(NULL, Array)
#9 /wordpress/wp-includes/plugin.php(517): WP_Hook->do_action(Array)
#10 /wordpress/wp-settings.php(727): do_action('init')
#11 /wordpress/wp-config.php(102): require_once('/wordpress/wp-s...')
#12 /wordpress/wp-load.php(50): require_once('/wordpress/wp-c...')
#13 /internal/eval.php(3): require_once('/wordpress/wp-l...')
#14 {main}
  thrown in /wordpress/wp-includes/class-wp-widget.php on line 163
[19-May-2025 20:56:52 UTC] PHP Fatal error:  Uncaught ArgumentCountError: Too few arguments to function WP_Widget::__construct(), 0 passed in /wordpress/wp-includes/class-wp-widget-factory.php on line 62 and at least 2 expected in /wordpress/wp-includes/class-wp-widget.php:163
Stack trace:
#0 /wordpress/wp-includes/class-wp-widget-factory.php(62): WP_Widget->__construct()
#1 /wordpress/wp-includes/widgets.php(123): WP_Widget_Factory->register('tapzWidget')
#2 /wordpress/wp-content/plugins/tapz-in/tapz.php(61): register_widget('tapzWidget')
#3 /wordpress/wp-includes/class-wp-hook.php(324): tapz_widget_register_widgets('')
#4 /wordpress/wp-includes/class-wp-hook.php(348): WP_Hook->apply_filters(NULL, Array)
#5 /wordpress/wp-includes/plugin.php(517): WP_Hook->do_action(Array)
#6 /wordpress/wp-includes/widgets.php(1870): do_action('widgets_init')
#7 /wordpress/wp-includes/class-wp-hook.php(324): wp_widgets_init('')
#8 /wordpress/wp-includes/class-wp-hook.php(348): WP_Hook->apply_filters(NULL, Array)
#9 /wordpress/wp-includes/plugin.php(517): WP_Hook->do_action(Array)
#10 /wordpress/wp-settings.php(727): do_action('init')
#11 /wordpress/wp-config.php(102): require_once('/wordpress/wp-s...')
#12 /wordpress/wp-load.php(50): require_once('/wordpress/wp-c...')
#13 /internal/eval.php(3): require_once('/wordpress/wp-l...')
#14 {main}
  thrown in /wordpress/wp-includes/class-wp-widget.php on line 163
[19-May-2025 20:57:00 UTC] PHP Fatal error:  Uncaught ArgumentCountError: Too few arguments to function WP_Widget::__construct(), 0 passed in /wordpress/wp-includes/class-wp-widget-factory.php on line 62 and at least 2 expected in /wordpress/wp-includes/class-wp-widget.php:163
Stack trace:
#0 /wordpress/wp-includes/class-wp-widget-factory.php(62): WP_Widget->__construct()
#1 /wordpress/wp-includes/widgets.php(123): WP_Widget_Factory->register('tapzWidget')
#2 /wordpress/wp-content/plugins/tapz-in/tapz.php(61): register_widget('tapzWidget')
#3 /wordpress/wp-includes/class-wp-hook.php(324): tapz_widget_register_widgets('')
#4 /wordpress/wp-includes/class-wp-hook.php(348): WP_Hook->apply_filters(NULL, Array)
#5 /wordpress/wp-includes/plugin.php(517): WP_Hook->do_action(Array)
#6 /wordpress/wp-includes/widgets.php(1870): do_action('widgets_init')
#7 /wordpress/wp-includes/class-wp-hook.php(324): wp_widgets_init('')
#8 /wordpress/wp-includes/class-wp-hook.php(348): WP_Hook->apply_filters(NULL, Array)
#9 /wordpress/wp-includes/plugin.php(517): WP_Hook->do_action(Array)
#10 /wordpress/wp-settings.php(727): do_action('init')
#11 /wordpress/wp-config.php(102): require_once('/wordpress/wp-s...')
#12 /wordpress/wp-load.php(50): require_once('/wordpress/wp-c...')
#13 /internal/eval.php(3): require_once('/wordpress/wp-l...')
#14 {main}
  thrown in /wordpress/wp-includes/class-wp-widget.php on line 163
[19-May-2025 20:58:04 UTC] PHP Fatal error:  Uncaught Error: Undefined constant "TTS_TEXTDOMAIN" in /wordpress/wp-content/plugins/text-to-speech/text-to-speech.php:13
Stack trace:
#0 /wordpress/wp-admin/includes/plugin.php(2387): include_once()
#1 /wordpress/wp-admin/includes/plugin.php(673): plugin_sandbox_scrape('text-to-speech/...')
#2 /internal/eval.php(20): activate_plugin('text-to-speech/...')
#3 {main}
  thrown in /wordpress/wp-content/plugins/text-to-speech/text-to-speech.php on line 13
[19-May-2025 20:58:11 UTC] PHP Fatal error:  Uncaught Error: Undefined constant "TTS_TEXTDOMAIN" in /wordpress/wp-content/plugins/text-to-speech/text-to-speech.php:13
Stack trace:
#0 /wordpress/wp-admin/includes/plugin.php(2387): include_once()
#1 /wordpress/wp-admin/includes/plugin.php(673): plugin_sandbox_scrape('text-to-speech/...')
#2 /internal/eval.php(20): activate_plugin('text-to-speech/...')
#3 {main}
  thrown in /wordpress/wp-content/plugins/text-to-speech/text-to-speech.php on line 13
[19-May-2025 20:58:19 UTC] PHP Fatal error:  Uncaught Error: Undefined constant "TTS_TEXTDOMAIN" in /wordpress/wp-content/plugins/text-to-speech/text-to-speech.php:13
Stack trace:
#0 /wordpress/wp-admin/includes/plugin.php(2387): include_once()
#1 /wordpress/wp-admin/includes/plugin.php(673): plugin_sandbox_scrape('text-to-speech/...')
#2 /internal/eval.php(20): activate_plugin('text-to-speech/...')
#3 {main}
  thrown in /wordpress/wp-content/plugins/text-to-speech/text-to-speech.php on line 13
[19-May-2025 21:00:04 UTC] PHP Notice:  Function wp_register_style was called <strong>incorrectly</strong>. Scripts and styles should not be registered or enqueued until the <code>wp_enqueue_scripts</code>, <code>admin_enqueue_scripts</code>, or <code>login_enqueue_scripts</code> hooks. This notice was triggered by the <code>fontawesome_css</code> handle. Please see <a href="https://developer.wordpress.org/advanced-administration/debug/debug-wordpress/">Debugging in WordPress</a> for more information. (This message was added in version 3.3.0.) in /wordpress/wp-includes/functions.php on line 6121
[19-May-2025 21:00:04 UTC] PHP Notice:  Function is_feed was called <strong>incorrectly</strong>. Conditional query tags do not work before the query is run. Before then, they always return false. Please see <a href="https://developer.wordpress.org/advanced-administration/debug/debug-wordpress/">Debugging in WordPress</a> for more information. (This message was added in version 3.1.0.) in /wordpress/wp-includes/functions.php on line 6121
[19-May-2025 21:00:19 UTC] PHP Notice:  Function wp_register_style was called <strong>incorrectly</strong>. Scripts and styles should not be registered or enqueued until the <code>wp_enqueue_scripts</code>, <code>admin_enqueue_scripts</code>, or <code>login_enqueue_scripts</code> hooks. This notice was triggered by the <code>fontawesome_css</code> handle. Please see <a href="https://developer.wordpress.org/advanced-administration/debug/debug-wordpress/">Debugging in WordPress</a> for more information. (This message was added in version 3.3.0.) in /wordpress/wp-includes/functions.php on line 6121
[19-May-2025 21:00:19 UTC] PHP Notice:  Function is_feed was called <strong>incorrectly</strong>. Conditional query tags do not work before the query is run. Before then, they always return false. Please see <a href="https://developer.wordpress.org/advanced-administration/debug/debug-wordpress/">Debugging in WordPress</a> for more information. (This message was added in version 3.1.0.) in /wordpress/wp-includes/functions.php on line 6121
[19-May-2025 21:00:35 UTC] PHP Notice:  Function wp_register_style was called <strong>incorrectly</strong>. Scripts and styles should not be registered or enqueued until the <code>wp_enqueue_scripts</code>, <code>admin_enqueue_scripts</code>, or <code>login_enqueue_scripts</code> hooks. This notice was triggered by the <code>fontawesome_css</code> handle. Please see <a href="https://developer.wordpress.org/advanced-administration/debug/debug-wordpress/">Debugging in WordPress</a> for more information. (This message was added in version 3.3.0.) in /wordpress/wp-includes/functions.php on line 6121
[19-May-2025 21:00:35 UTC] PHP Notice:  Function is_feed was called <strong>incorrectly</strong>. Conditional query tags do not work before the query is run. Before then, they always return false. Please see <a href="https://developer.wordpress.org/advanced-administration/debug/debug-wordpress/">Debugging in WordPress</a> for more information. (This message was added in version 3.1.0.) in /wordpress/wp-includes/functions.php on line 6121

    at Object.onBind (file:///home/runner/work/playground-tester/playground-tester/node_modules/@wp-playground/cli/index.js:237:15)
    at process.processTicksAndRejections (node:internal/process/task_queues:105:5)
    at async V (file:///home/runner/work/playground-tester/playground-tester/node_modules/@wp-playground/cli/index.js:64:10)
    at async ja (file:///home/runner/work/playground-tester/playground-tester/node_modules/@wp-playground/cli/cli.js:8161:12) {
  [cause]: Error: Error when executing the blueprint step #1 ({"step":"installPlugin","pluginData":{"resource":"wordpress.org/plugins","slug":"tag-generator-extension-for-all-in-one-seo-pack"},"options":{"activate":true}}) : Could not download "https://downloads.wordpress.org/plugin/tag-generator-extension-for-all-in-one-seo-pack.latest-stable.zip".
  				Check if the URL is correct and the server is reachable.
  				If it is reachable, the server might be blocking the request.
  				Check the browser console and network tabs for more information.
  
  				## Does the console show the error "No 'Access-Control-Allow-Origin' header"?
  
  				This means the server that hosts your file does not allow requests from other sites
  				(cross-origin requests, or CORS).	You need to move the asset to a server that allows
  				cross-origin file downloads. Learn more about CORS at
  				https://developer.mozilla.org/en-US/docs/Web/HTTP/CORS.
  
  				If your file is on GitHub, load it from "raw.githubusercontent.com".
  				Here's how to do that:
  
  				1. Start with the original GitHub URL of the file. For example:
  				https://github.com/username/repository/blob/branch/filename.
  				2. Replace "github.com" with "raw.githubusercontent.com".
  				3. Remove the "/blob/" part of the URL.
  
  				The resulting URL should look like this:
  				https://raw.githubusercontent.com/username/repository/branch/filename
  
  				Error:
  				Error: Could not download "https://downloads.wordpress.org/plugin/tag-generator-extension-for-all-in-one-seo-pack.latest-stable.zip"
      at Object.run (file:///home/runner/work/playground-tester/playground-tester/node_modules/@wp-playground/blueprints/index.js:12449:19)
      at process.processTicksAndRejections (node:internal/process/task_queues:105:5)
      at async ms (file:///home/runner/work/playground-tester/playground-tester/node_modules/@wp-playground/blueprints/index.js:12552:3)
      at async Object.onBind (file:///home/runner/work/playground-tester/playground-tester/node_modules/@wp-playground/cli/index.js:227:48)
      at async V (file:///home/runner/work/playground-tester/playground-tester/node_modules/@wp-playground/cli/index.js:64:10)
      at async ja (file:///home/runner/work/playground-tester/playground-tester/node_modules/@wp-playground/cli/cli.js:8161:12) {
    [cause]: Error: Could not download "https://downloads.wordpress.org/plugin/tag-generator-extension-for-all-in-one-seo-pack.latest-stable.zip".
    				Check if the URL is correct and the server is reachable.
    				If it is reachable, the server might be blocking the request.
    				Check the browser console and network tabs for more information.
    
    				## Does the console show the error "No 'Access-Control-Allow-Origin' header"?
    
    				This means the server that hosts your file does not allow requests from other sites
    				(cross-origin requests, or CORS).	You need to move the asset to a server that allows
    				cross-origin file downloads. Learn more about CORS at
    				https://developer.mozilla.org/en-US/docs/Web/HTTP/CORS.
    
    				If your file is on GitHub, load it from "raw.githubusercontent.com".
    				Here's how to do that:
    
    				1. Start with the original GitHub URL of the file. For example:
    				https://github.com/username/repository/blob/branch/filename.
    				2. Replace "github.com" with "raw.githubusercontent.com".
    				3. Remove the "/blob/" part of the URL.
    
    				The resulting URL should look like this:
    				https://raw.githubusercontent.com/username/repository/branch/filename
    
    				Error:
    				Error: Could not download "https://downloads.wordpress.org/plugin/tag-generator-extension-for-all-in-one-seo-pack.latest-stable.zip"
        at Ct.resolve (file:///home/runner/work/playground-tester/playground-tester/node_modules/@wp-playground/blueprints/index.js:1472:13)
        at process.processTicksAndRejections (node:internal/process/task_queues:105:5)
        at async _.run (file:///home/runner/work/playground-tester/playground-tester/node_modules/@php-wasm/util/index.js:45:14)
  }
}

Node.js v23.11.0
