file:///home/runner/work/playground-tester/playground-tester/node_modules/@wp-playground/cli/run-cli-j-geJYS3.js:325
        throw new Error($, { cause: h });
              ^

Error: [27-Jun-2025 03:43:23 UTC] PHP Fatal error:  Uncaught Error: Undefined constant "customfield1" in /wordpress/wp-content/plugins/photo-gallery-xml-export/galleryxmlexport.php:71
Stack trace:
#0 /wordpress/wp-content/plugins/photo-gallery-xml-export/galleryxmlexport.php(94): get_gallery_xml_options()
#1 /wordpress/wp-admin/includes/plugin.php(2387): include_once('/wordpress/wp-c...')
#2 /wordpress/wp-admin/includes/plugin.php(673): plugin_sandbox_scrape('photo-gallery-x...')
#3 /internal/eval.php(20): activate_plugin('photo-gallery-x...')
#4 {main}
  thrown in /wordpress/wp-content/plugins/photo-gallery-xml-export/galleryxmlexport.php on line 71
[27-Jun-2025 03:43:33 UTC] PHP Fatal error:  Uncaught Error: Undefined constant "customfield1" in /wordpress/wp-content/plugins/photo-gallery-xml-export/galleryxmlexport.php:71
Stack trace:
#0 /wordpress/wp-content/plugins/photo-gallery-xml-export/galleryxmlexport.php(94): get_gallery_xml_options()
#1 /wordpress/wp-admin/includes/plugin.php(2387): include_once('/wordpress/wp-c...')
#2 /wordpress/wp-admin/includes/plugin.php(673): plugin_sandbox_scrape('photo-gallery-x...')
#3 /internal/eval.php(20): activate_plugin('photo-gallery-x...')
#4 {main}
  thrown in /wordpress/wp-content/plugins/photo-gallery-xml-export/galleryxmlexport.php on line 71
[27-Jun-2025 03:43:42 UTC] PHP Fatal error:  Uncaught Error: Undefined constant "customfield1" in /wordpress/wp-content/plugins/photo-gallery-xml-export/galleryxmlexport.php:71
Stack trace:
#0 /wordpress/wp-content/plugins/photo-gallery-xml-export/galleryxmlexport.php(94): get_gallery_xml_options()
#1 /wordpress/wp-admin/includes/plugin.php(2387): include_once('/wordpress/wp-c...')
#2 /wordpress/wp-admin/includes/plugin.php(673): plugin_sandbox_scrape('photo-gallery-x...')
#3 /internal/eval.php(20): activate_plugin('photo-gallery-x...')
#4 {main}
  thrown in /wordpress/wp-content/plugins/photo-gallery-xml-export/galleryxmlexport.php on line 71
[27-Jun-2025 03:45:47 UTC] PHP Fatal error:  Uncaught Error: Call to undefined function create_function() in /wordpress/wp-content/plugins/pinterest-rss-widget/pinterest-rss-widget.php:303
Stack trace:
#0 /wordpress/wp-admin/includes/plugin.php(2387): include_once()
#1 /wordpress/wp-admin/includes/plugin.php(673): plugin_sandbox_scrape('pinterest-rss-w...')
#2 /internal/eval.php(20): activate_plugin('pinterest-rss-w...')
#3 {main}
  thrown in /wordpress/wp-content/plugins/pinterest-rss-widget/pinterest-rss-widget.php on line 303
[27-Jun-2025 03:45:55 UTC] PHP Fatal error:  Uncaught Error: Call to undefined function create_function() in /wordpress/wp-content/plugins/pinterest-rss-widget/pinterest-rss-widget.php:303
Stack trace:
#0 /wordpress/wp-admin/includes/plugin.php(2387): include_once()
#1 /wordpress/wp-admin/includes/plugin.php(673): plugin_sandbox_scrape('pinterest-rss-w...')
#2 /internal/eval.php(20): activate_plugin('pinterest-rss-w...')
#3 {main}
  thrown in /wordpress/wp-content/plugins/pinterest-rss-widget/pinterest-rss-widget.php on line 303
[27-Jun-2025 03:46:03 UTC] PHP Fatal error:  Uncaught Error: Call to undefined function create_function() in /wordpress/wp-content/plugins/pinterest-rss-widget/pinterest-rss-widget.php:303
Stack trace:
#0 /wordpress/wp-admin/includes/plugin.php(2387): include_once()
#1 /wordpress/wp-admin/includes/plugin.php(673): plugin_sandbox_scrape('pinterest-rss-w...')
#2 /internal/eval.php(20): activate_plugin('pinterest-rss-w...')
#3 {main}
  thrown in /wordpress/wp-content/plugins/pinterest-rss-widget/pinterest-rss-widget.php on line 303
[27-Jun-2025 03:46:41 UTC] PHP Fatal error:  Declaration of bv46v_data_settings::data() must be compatible with & bv46v_base::data($data = null, $slug = null) in /wordpress/wp-content/plugins/quizme/library/base/data/settings.php on line 182
[27-Jun-2025 03:46:50 UTC] PHP Fatal error:  Declaration of bv46v_data_settings::data() must be compatible with & bv46v_base::data($data = null, $slug = null) in /wordpress/wp-content/plugins/quizme/library/base/data/settings.php on line 182
[27-Jun-2025 03:46:59 UTC] PHP Fatal error:  Declaration of bv46v_data_settings::data() must be compatible with & bv46v_base::data($data = null, $slug = null) in /wordpress/wp-content/plugins/quizme/library/base/data/settings.php on line 182
[27-Jun-2025 03:47:37 UTC] PHP Fatal error:  Uncaught Error: Undefined constant "QK_QUOTEME_VERSION" in /wordpress/wp-content/plugins/quote-me/include/qk_quoteme_install.php:5
Stack trace:
#0 /wordpress/wp-content/plugins/quote-me/quote-me.php(35): include()
#1 /wordpress/wp-admin/includes/plugin.php(2387): include_once('/wordpress/wp-c...')
#2 /wordpress/wp-admin/includes/plugin.php(673): plugin_sandbox_scrape('quote-me/quote-...')
#3 /internal/eval.php(20): activate_plugin('quote-me/quote-...')
#4 {main}
  thrown in /wordpress/wp-content/plugins/quote-me/include/qk_quoteme_install.php on line 5
[27-Jun-2025 03:47:44 UTC] PHP Fatal error:  Uncaught Error: Undefined constant "QK_QUOTEME_VERSION" in /wordpress/wp-content/plugins/quote-me/include/qk_quoteme_install.php:5
Stack trace:
#0 /wordpress/wp-content/plugins/quote-me/quote-me.php(35): include()
#1 /wordpress/wp-admin/includes/plugin.php(2387): include_once('/wordpress/wp-c...')
#2 /wordpress/wp-admin/includes/plugin.php(673): plugin_sandbox_scrape('quote-me/quote-...')
#3 /internal/eval.php(20): activate_plugin('quote-me/quote-...')
#4 {main}
  thrown in /wordpress/wp-content/plugins/quote-me/include/qk_quoteme_install.php on line 5
[27-Jun-2025 03:47:53 UTC] PHP Fatal error:  Uncaught Error: Undefined constant "QK_QUOTEME_VERSION" in /wordpress/wp-content/plugins/quote-me/include/qk_quoteme_install.php:5
Stack trace:
#0 /wordpress/wp-content/plugins/quote-me/quote-me.php(35): include()
#1 /wordpress/wp-admin/includes/plugin.php(2387): include_once('/wordpress/wp-c...')
#2 /wordpress/wp-admin/includes/plugin.php(673): plugin_sandbox_scrape('quote-me/quote-...')
#3 /internal/eval.php(20): activate_plugin('quote-me/quote-...')
#4 {main}
  thrown in /wordpress/wp-content/plugins/quote-me/include/qk_quoteme_install.php on line 5
[27-Jun-2025 03:48:02 UTC] PHP Warning:  require_once(/wordpress/wp-content/plugins/quote-pixel/widgets.php): Failed to open stream: No such file or directory in /wordpress/wp-content/plugins/quote-pixel-and-random-images/main.php on line 24
[27-Jun-2025 03:48:02 UTC] PHP Fatal error:  Uncaught Error: Failed opening required '/wordpress/wp-content/plugins/quote-pixel/widgets.php' (include_path='.:') in /wordpress/wp-content/plugins/quote-pixel-and-random-images/main.php:24
Stack trace:
#0 /wordpress/wp-admin/includes/plugin.php(2387): include_once()
#1 /wordpress/wp-admin/includes/plugin.php(673): plugin_sandbox_scrape('quote-pixel-and...')
#2 /internal/eval.php(20): activate_plugin('quote-pixel-and...')
#3 {main}
  thrown in /wordpress/wp-content/plugins/quote-pixel-and-random-images/main.php on line 24
[27-Jun-2025 03:48:10 UTC] PHP Warning:  require_once(/wordpress/wp-content/plugins/quote-pixel/widgets.php): Failed to open stream: No such file or directory in /wordpress/wp-content/plugins/quote-pixel-and-random-images/main.php on line 24
[27-Jun-2025 03:48:10 UTC] PHP Fatal error:  Uncaught Error: Failed opening required '/wordpress/wp-content/plugins/quote-pixel/widgets.php' (include_path='.:') in /wordpress/wp-content/plugins/quote-pixel-and-random-images/main.php:24
Stack trace:
#0 /wordpress/wp-admin/includes/plugin.php(2387): include_once()
#1 /wordpress/wp-admin/includes/plugin.php(673): plugin_sandbox_scrape('quote-pixel-and...')
#2 /internal/eval.php(20): activate_plugin('quote-pixel-and...')
#3 {main}
  thrown in /wordpress/wp-content/plugins/quote-pixel-and-random-images/main.php on line 24
[27-Jun-2025 03:48:18 UTC] PHP Warning:  require_once(/wordpress/wp-content/plugins/quote-pixel/widgets.php): Failed to open stream: No such file or directory in /wordpress/wp-content/plugins/quote-pixel-and-random-images/main.php on line 24
[27-Jun-2025 03:48:18 UTC] PHP Fatal error:  Uncaught Error: Failed opening required '/wordpress/wp-content/plugins/quote-pixel/widgets.php' (include_path='.:') in /wordpress/wp-content/plugins/quote-pixel-and-random-images/main.php:24
Stack trace:
#0 /wordpress/wp-admin/includes/plugin.php(2387): include_once()
#1 /wordpress/wp-admin/includes/plugin.php(673): plugin_sandbox_scrape('quote-pixel-and...')
#2 /internal/eval.php(20): activate_plugin('quote-pixel-and...')
#3 {main}
  thrown in /wordpress/wp-content/plugins/quote-pixel-and-random-images/main.php on line 24

    at Object.onBind (file:///home/runner/work/playground-tester/playground-tester/node_modules/@wp-playground/cli/run-cli-j-geJYS3.js:325:15)
    at process.processTicksAndRejections (node:internal/process/task_queues:105:5)
    at async re (file:///home/runner/work/playground-tester/playground-tester/node_modules/@wp-playground/cli/run-cli-j-geJYS3.js:149:10) {
  [cause]: Error: Error when executing the blueprint step #5 ({"step":"installPlugin","pluginData":{"resource":"wordpress.org/plugins","slug":"quotefm-latest"},"options":{"activate":true}}) : Could not download "https://downloads.wordpress.org/plugin/quotefm-latest.latest-stable.zip".
  				Check if the URL is correct and the server is reachable.
  				If it is reachable, the server might be blocking the request.
  				Check the browser console and network tabs for more information.
  
  				## Does the console show the error "No 'Access-Control-Allow-Origin' header"?
  
  				This means the server that hosts your file does not allow requests from other sites
  				(cross-origin requests, or CORS).	You need to move the asset to a server that allows
  				cross-origin file downloads. Learn more about CORS at
  				https://developer.mozilla.org/en-US/docs/Web/HTTP/CORS.
  
  				If your file is on GitHub, load it from "raw.githubusercontent.com".
  				Here's how to do that:
  
  				1. Start with the original GitHub URL of the file. For example:
  				https://github.com/username/repository/blob/branch/filename.
  				2. Replace "github.com" with "raw.githubusercontent.com".
  				3. Remove the "/blob/" part of the URL.
  
  				The resulting URL should look like this:
  				https://raw.githubusercontent.com/username/repository/branch/filename
  
  				Error:
  				Error: Could not download "https://downloads.wordpress.org/plugin/quotefm-latest.latest-stable.zip"
      at Object.run (file:///home/runner/work/playground-tester/playground-tester/node_modules/@wp-playground/blueprints/index.js:12093:19)
      at process.processTicksAndRejections (node:internal/process/task_queues:105:5)
      at async ys (file:///home/runner/work/playground-tester/playground-tester/node_modules/@wp-playground/blueprints/index.js:12196:3)
      at async Object.onBind (file:///home/runner/work/playground-tester/playground-tester/node_modules/@wp-playground/cli/run-cli-j-geJYS3.js:315:48)
      at async re (file:///home/runner/work/playground-tester/playground-tester/node_modules/@wp-playground/cli/run-cli-j-geJYS3.js:149:10) {
    [cause]: Error: Could not download "https://downloads.wordpress.org/plugin/quotefm-latest.latest-stable.zip".
    				Check if the URL is correct and the server is reachable.
    				If it is reachable, the server might be blocking the request.
    				Check the browser console and network tabs for more information.
    
    				## Does the console show the error "No 'Access-Control-Allow-Origin' header"?
    
    				This means the server that hosts your file does not allow requests from other sites
    				(cross-origin requests, or CORS).	You need to move the asset to a server that allows
    				cross-origin file downloads. Learn more about CORS at
    				https://developer.mozilla.org/en-US/docs/Web/HTTP/CORS.
    
    				If your file is on GitHub, load it from "raw.githubusercontent.com".
    				Here's how to do that:
    
    				1. Start with the original GitHub URL of the file. For example:
    				https://github.com/username/repository/blob/branch/filename.
    				2. Replace "github.com" with "raw.githubusercontent.com".
    				3. Remove the "/blob/" part of the URL.
    
    				The resulting URL should look like this:
    				https://raw.githubusercontent.com/username/repository/branch/filename
    
    				Error:
    				Error: Could not download "https://downloads.wordpress.org/plugin/quotefm-latest.latest-stable.zip"
        at Ct.resolve (file:///home/runner/work/playground-tester/playground-tester/node_modules/@wp-playground/blueprints/index.js:1129:13)
        at process.processTicksAndRejections (node:internal/process/task_queues:105:5)
        at async _.run (file:///home/runner/work/playground-tester/playground-tester/node_modules/@php-wasm/util/index.js:45:14)
  }
}

Node.js v23.11.0
