file:///home/runner/work/playground-tester/playground-tester/node_modules/@wp-playground/cli/index.js:237
        throw new Error(y, { cause: u });
              ^

Error: [31-May-2025 15:48:19 UTC] PHP Warning:  Undefined array key "rdp_permalink" in /wordpress/wp-content/plugins/wp-redirections/redirect-plugin-lite.php on line 114
[31-May-2025 15:48:20 UTC] PHP Warning:  Undefined array key "rdp_permalink" in /wordpress/wp-content/plugins/wp-redirections/redirect-plugin-lite.php on line 114
[31-May-2025 15:48:27 UTC] PHP Warning:  Undefined array key "rdp_permalink" in /wordpress/wp-content/plugins/wp-redirections/redirect-plugin-lite.php on line 114
[31-May-2025 15:48:28 UTC] PHP Warning:  Undefined array key "rdp_permalink" in /wordpress/wp-content/plugins/wp-redirections/redirect-plugin-lite.php on line 114
[31-May-2025 15:48:36 UTC] PHP Warning:  Undefined array key "rdp_permalink" in /wordpress/wp-content/plugins/wp-redirections/redirect-plugin-lite.php on line 114
[31-May-2025 15:48:37 UTC] PHP Warning:  Undefined array key "rdp_permalink" in /wordpress/wp-content/plugins/wp-redirections/redirect-plugin-lite.php on line 114
[31-May-2025 15:51:26 UTC] PHP Notice:  Function register_uninstall_hook was called <strong>incorrectly</strong>. Only a static class method or function can be used in an uninstall hook. Please see <a href="https://developer.wordpress.org/advanced-administration/debug/debug-wordpress/">Debugging in WordPress</a> for more information. (This message was added in version 3.1.0.) in /wordpress/wp-includes/functions.php on line 6121
[31-May-2025 15:51:26 UTC] PHP Notice:  Function register_uninstall_hook was called <strong>incorrectly</strong>. Only a static class method or function can be used in an uninstall hook. Please see <a href="https://developer.wordpress.org/advanced-administration/debug/debug-wordpress/">Debugging in WordPress</a> for more information. (This message was added in version 3.1.0.) in /wordpress/wp-includes/functions.php on line 6121
[31-May-2025 15:51:35 UTC] PHP Notice:  Function register_uninstall_hook was called <strong>incorrectly</strong>. Only a static class method or function can be used in an uninstall hook. Please see <a href="https://developer.wordpress.org/advanced-administration/debug/debug-wordpress/">Debugging in WordPress</a> for more information. (This message was added in version 3.1.0.) in /wordpress/wp-includes/functions.php on line 6121
[31-May-2025 15:51:36 UTC] PHP Notice:  Function register_uninstall_hook was called <strong>incorrectly</strong>. Only a static class method or function can be used in an uninstall hook. Please see <a href="https://developer.wordpress.org/advanced-administration/debug/debug-wordpress/">Debugging in WordPress</a> for more information. (This message was added in version 3.1.0.) in /wordpress/wp-includes/functions.php on line 6121
[31-May-2025 15:51:45 UTC] PHP Notice:  Function register_uninstall_hook was called <strong>incorrectly</strong>. Only a static class method or function can be used in an uninstall hook. Please see <a href="https://developer.wordpress.org/advanced-administration/debug/debug-wordpress/">Debugging in WordPress</a> for more information. (This message was added in version 3.1.0.) in /wordpress/wp-includes/functions.php on line 6121
[31-May-2025 15:51:46 UTC] PHP Notice:  Function register_uninstall_hook was called <strong>incorrectly</strong>. Only a static class method or function can be used in an uninstall hook. Please see <a href="https://developer.wordpress.org/advanced-administration/debug/debug-wordpress/">Debugging in WordPress</a> for more information. (This message was added in version 3.1.0.) in /wordpress/wp-includes/functions.php on line 6121
[31-May-2025 15:52:24 UTC] PHP Warning:  Undefined array key "hex_smap_button" in /wordpress/wp-content/plugins/wp-visited-countries-reloaded/inc/class-wpvc-settings.php on line 547
[31-May-2025 15:52:24 UTC] PHP Warning:  Undefined array key "pos_smap_button" in /wordpress/wp-content/plugins/wp-visited-countries-reloaded/inc/class-wpvc-settings.php on line 548
[31-May-2025 15:52:34 UTC] PHP Warning:  Undefined array key "hex_smap_button" in /wordpress/wp-content/plugins/wp-visited-countries-reloaded/inc/class-wpvc-settings.php on line 547
[31-May-2025 15:52:34 UTC] PHP Warning:  Undefined array key "pos_smap_button" in /wordpress/wp-content/plugins/wp-visited-countries-reloaded/inc/class-wpvc-settings.php on line 548
[31-May-2025 15:52:43 UTC] PHP Warning:  Undefined array key "hex_smap_button" in /wordpress/wp-content/plugins/wp-visited-countries-reloaded/inc/class-wpvc-settings.php on line 547
[31-May-2025 15:52:43 UTC] PHP Warning:  Undefined array key "pos_smap_button" in /wordpress/wp-content/plugins/wp-visited-countries-reloaded/inc/class-wpvc-settings.php on line 548
[31-May-2025 15:52:53 UTC] PHP Fatal error:  Uncaught Error: Call to undefined function create_function() in /wordpress/wp-content/plugins/wp-wizard-cloak/plugin.php:371
Stack trace:
#0 /wordpress/wp-includes/class-wp-hook.php(324): PMLC_Plugin->__activation(false)
#1 /wordpress/wp-includes/class-wp-hook.php(348): WP_Hook->apply_filters('', Array)
#2 /wordpress/wp-includes/plugin.php(517): WP_Hook->do_action(Array)
#3 /wordpress/wp-admin/includes/plugin.php(703): do_action('activate_wp-wiz...', false)
#4 /internal/eval.php(20): activate_plugin('wp-wizard-cloak...')
#5 {main}
  thrown in /wordpress/wp-content/plugins/wp-wizard-cloak/plugin.php on line 371
[31-May-2025 15:53:01 UTC] PHP Fatal error:  Uncaught Error: Call to undefined function create_function() in /wordpress/wp-content/plugins/wp-wizard-cloak/plugin.php:371
Stack trace:
#0 /wordpress/wp-includes/class-wp-hook.php(324): PMLC_Plugin->__activation(false)
#1 /wordpress/wp-includes/class-wp-hook.php(348): WP_Hook->apply_filters('', Array)
#2 /wordpress/wp-includes/plugin.php(517): WP_Hook->do_action(Array)
#3 /wordpress/wp-admin/includes/plugin.php(703): do_action('activate_wp-wiz...', false)
#4 /internal/eval.php(20): activate_plugin('wp-wizard-cloak...')
#5 {main}
  thrown in /wordpress/wp-content/plugins/wp-wizard-cloak/plugin.php on line 371
[31-May-2025 15:53:10 UTC] PHP Fatal error:  Uncaught Error: Call to undefined function create_function() in /wordpress/wp-content/plugins/wp-wizard-cloak/plugin.php:371
Stack trace:
#0 /wordpress/wp-includes/class-wp-hook.php(324): PMLC_Plugin->__activation(false)
#1 /wordpress/wp-includes/class-wp-hook.php(348): WP_Hook->apply_filters('', Array)
#2 /wordpress/wp-includes/plugin.php(517): WP_Hook->do_action(Array)
#3 /wordpress/wp-admin/includes/plugin.php(703): do_action('activate_wp-wiz...', false)
#4 /internal/eval.php(20): activate_plugin('wp-wizard-cloak...')
#5 {main}
  thrown in /wordpress/wp-content/plugins/wp-wizard-cloak/plugin.php on line 371

    at Object.onBind (file:///home/runner/work/playground-tester/playground-tester/node_modules/@wp-playground/cli/index.js:237:15)
    at process.processTicksAndRejections (node:internal/process/task_queues:105:5)
    at async V (file:///home/runner/work/playground-tester/playground-tester/node_modules/@wp-playground/cli/index.js:64:10)
    at async ja (file:///home/runner/work/playground-tester/playground-tester/node_modules/@wp-playground/cli/cli.js:8161:12) {
  [cause]: Error: Error when executing the blueprint step #1 ({"step":"installPlugin","pluginData":{"resource":"wordpress.org/plugins","slug":"wp-zootool"},"options":{"activate":true}}) : Could not download "https://downloads.wordpress.org/plugin/wp-zootool.latest-stable.zip".
  				Check if the URL is correct and the server is reachable.
  				If it is reachable, the server might be blocking the request.
  				Check the browser console and network tabs for more information.
  
  				## Does the console show the error "No 'Access-Control-Allow-Origin' header"?
  
  				This means the server that hosts your file does not allow requests from other sites
  				(cross-origin requests, or CORS).	You need to move the asset to a server that allows
  				cross-origin file downloads. Learn more about CORS at
  				https://developer.mozilla.org/en-US/docs/Web/HTTP/CORS.
  
  				If your file is on GitHub, load it from "raw.githubusercontent.com".
  				Here's how to do that:
  
  				1. Start with the original GitHub URL of the file. For example:
  				https://github.com/username/repository/blob/branch/filename.
  				2. Replace "github.com" with "raw.githubusercontent.com".
  				3. Remove the "/blob/" part of the URL.
  
  				The resulting URL should look like this:
  				https://raw.githubusercontent.com/username/repository/branch/filename
  
  				Error:
  				Error: Could not download "https://downloads.wordpress.org/plugin/wp-zootool.latest-stable.zip"
      at Object.run (file:///home/runner/work/playground-tester/playground-tester/node_modules/@wp-playground/blueprints/index.js:12449:19)
      at process.processTicksAndRejections (node:internal/process/task_queues:105:5)
      at async ms (file:///home/runner/work/playground-tester/playground-tester/node_modules/@wp-playground/blueprints/index.js:12552:3)
      at async Object.onBind (file:///home/runner/work/playground-tester/playground-tester/node_modules/@wp-playground/cli/index.js:227:48)
      at async V (file:///home/runner/work/playground-tester/playground-tester/node_modules/@wp-playground/cli/index.js:64:10)
      at async ja (file:///home/runner/work/playground-tester/playground-tester/node_modules/@wp-playground/cli/cli.js:8161:12) {
    [cause]: Error: Could not download "https://downloads.wordpress.org/plugin/wp-zootool.latest-stable.zip".
    				Check if the URL is correct and the server is reachable.
    				If it is reachable, the server might be blocking the request.
    				Check the browser console and network tabs for more information.
    
    				## Does the console show the error "No 'Access-Control-Allow-Origin' header"?
    
    				This means the server that hosts your file does not allow requests from other sites
    				(cross-origin requests, or CORS).	You need to move the asset to a server that allows
    				cross-origin file downloads. Learn more about CORS at
    				https://developer.mozilla.org/en-US/docs/Web/HTTP/CORS.
    
    				If your file is on GitHub, load it from "raw.githubusercontent.com".
    				Here's how to do that:
    
    				1. Start with the original GitHub URL of the file. For example:
    				https://github.com/username/repository/blob/branch/filename.
    				2. Replace "github.com" with "raw.githubusercontent.com".
    				3. Remove the "/blob/" part of the URL.
    
    				The resulting URL should look like this:
    				https://raw.githubusercontent.com/username/repository/branch/filename
    
    				Error:
    				Error: Could not download "https://downloads.wordpress.org/plugin/wp-zootool.latest-stable.zip"
        at Ct.resolve (file:///home/runner/work/playground-tester/playground-tester/node_modules/@wp-playground/blueprints/index.js:1472:13)
        at process.processTicksAndRejections (node:internal/process/task_queues:105:5)
        at async _.run (file:///home/runner/work/playground-tester/playground-tester/node_modules/@php-wasm/util/index.js:45:14)
  }
}

Node.js v23.11.0
