file:///home/runner/work/playground-tester/playground-tester/node_modules/@wp-playground/cli/index.js:237
        throw new Error(y, { cause: u });
              ^

Error: [14-May-2025 21:46:07 UTC] PHP Warning:  Undefined array key "REMOTE_ADDR" in /wordpress/wp-content/plugins/rush-seo/rush-seo.php on line 34
[14-May-2025 21:46:07 UTC] PHP Fatal error:  Uncaught Error: Call to undefined function eregi() in /wordpress/wp-content/plugins/rush-seo/rush-seo.php:35
Stack trace:
#0 /wordpress/wp-admin/includes/plugin.php(2387): include_once()
#1 /wordpress/wp-admin/includes/plugin.php(673): plugin_sandbox_scrape('rush-seo/rush-s...')
#2 /internal/eval.php(20): activate_plugin('rush-seo/rush-s...')
#3 {main}
  thrown in /wordpress/wp-content/plugins/rush-seo/rush-seo.php on line 35
[14-May-2025 21:46:14 UTC] PHP Warning:  Undefined array key "REMOTE_ADDR" in /wordpress/wp-content/plugins/rush-seo/rush-seo.php on line 34
[14-May-2025 21:46:14 UTC] PHP Fatal error:  Uncaught Error: Call to undefined function eregi() in /wordpress/wp-content/plugins/rush-seo/rush-seo.php:35
Stack trace:
#0 /wordpress/wp-admin/includes/plugin.php(2387): include_once()
#1 /wordpress/wp-admin/includes/plugin.php(673): plugin_sandbox_scrape('rush-seo/rush-s...')
#2 /internal/eval.php(20): activate_plugin('rush-seo/rush-s...')
#3 {main}
  thrown in /wordpress/wp-content/plugins/rush-seo/rush-seo.php on line 35
[14-May-2025 21:46:23 UTC] PHP Warning:  Undefined array key "REMOTE_ADDR" in /wordpress/wp-content/plugins/rush-seo/rush-seo.php on line 34
[14-May-2025 21:46:23 UTC] PHP Fatal error:  Uncaught Error: Call to undefined function eregi() in /wordpress/wp-content/plugins/rush-seo/rush-seo.php:35
Stack trace:
#0 /wordpress/wp-admin/includes/plugin.php(2387): include_once()
#1 /wordpress/wp-admin/includes/plugin.php(673): plugin_sandbox_scrape('rush-seo/rush-s...')
#2 /internal/eval.php(20): activate_plugin('rush-seo/rush-s...')
#3 {main}
  thrown in /wordpress/wp-content/plugins/rush-seo/rush-seo.php on line 35
[14-May-2025 21:50:54 UTC] PHP Deprecated:  Required parameter $no_iframe_form_name follows optional parameter $iframe_atts in /wordpress/wp-content/plugins/restaurant-bookings/shortcodes.php on line 96
[14-May-2025 21:50:54 UTC] PHP Deprecated:  Required parameter $name follows optional parameter $id_base in /wordpress/wp-content/plugins/restaurant-bookings/rbk-widgets.php on line 9
[14-May-2025 21:50:54 UTC] PHP Deprecated:  Required parameter $name follows optional parameter $id_base in /wordpress/wp-content/plugins/restaurant-bookings/rbk-widgets.php on line 142
[14-May-2025 21:50:54 UTC] PHP Deprecated:  Required parameter $name follows optional parameter $id_base in /wordpress/wp-content/plugins/restaurant-bookings/rbk-widgets.php on line 252
[14-May-2025 21:50:55 UTC] PHP Deprecated:  Required parameter $no_iframe_form_name follows optional parameter $iframe_atts in /wordpress/wp-content/plugins/restaurant-bookings/shortcodes.php on line 96
[14-May-2025 21:50:55 UTC] PHP Deprecated:  Required parameter $name follows optional parameter $id_base in /wordpress/wp-content/plugins/restaurant-bookings/rbk-widgets.php on line 9
[14-May-2025 21:50:55 UTC] PHP Deprecated:  Required parameter $name follows optional parameter $id_base in /wordpress/wp-content/plugins/restaurant-bookings/rbk-widgets.php on line 142
[14-May-2025 21:50:55 UTC] PHP Deprecated:  Required parameter $name follows optional parameter $id_base in /wordpress/wp-content/plugins/restaurant-bookings/rbk-widgets.php on line 252
[14-May-2025 21:51:05 UTC] PHP Deprecated:  Required parameter $no_iframe_form_name follows optional parameter $iframe_atts in /wordpress/wp-content/plugins/restaurant-bookings/shortcodes.php on line 96
[14-May-2025 21:51:05 UTC] PHP Deprecated:  Required parameter $name follows optional parameter $id_base in /wordpress/wp-content/plugins/restaurant-bookings/rbk-widgets.php on line 9
[14-May-2025 21:51:05 UTC] PHP Deprecated:  Required parameter $name follows optional parameter $id_base in /wordpress/wp-content/plugins/restaurant-bookings/rbk-widgets.php on line 142
[14-May-2025 21:51:05 UTC] PHP Deprecated:  Required parameter $name follows optional parameter $id_base in /wordpress/wp-content/plugins/restaurant-bookings/rbk-widgets.php on line 252
[14-May-2025 21:51:06 UTC] PHP Deprecated:  Required parameter $no_iframe_form_name follows optional parameter $iframe_atts in /wordpress/wp-content/plugins/restaurant-bookings/shortcodes.php on line 96
[14-May-2025 21:51:06 UTC] PHP Deprecated:  Required parameter $name follows optional parameter $id_base in /wordpress/wp-content/plugins/restaurant-bookings/rbk-widgets.php on line 9
[14-May-2025 21:51:06 UTC] PHP Deprecated:  Required parameter $name follows optional parameter $id_base in /wordpress/wp-content/plugins/restaurant-bookings/rbk-widgets.php on line 142
[14-May-2025 21:51:06 UTC] PHP Deprecated:  Required parameter $name follows optional parameter $id_base in /wordpress/wp-content/plugins/restaurant-bookings/rbk-widgets.php on line 252
[14-May-2025 21:51:15 UTC] PHP Deprecated:  Required parameter $no_iframe_form_name follows optional parameter $iframe_atts in /wordpress/wp-content/plugins/restaurant-bookings/shortcodes.php on line 96
[14-May-2025 21:51:15 UTC] PHP Deprecated:  Required parameter $name follows optional parameter $id_base in /wordpress/wp-content/plugins/restaurant-bookings/rbk-widgets.php on line 9
[14-May-2025 21:51:15 UTC] PHP Deprecated:  Required parameter $name follows optional parameter $id_base in /wordpress/wp-content/plugins/restaurant-bookings/rbk-widgets.php on line 142
[14-May-2025 21:51:15 UTC] PHP Deprecated:  Required parameter $name follows optional parameter $id_base in /wordpress/wp-content/plugins/restaurant-bookings/rbk-widgets.php on line 252
[14-May-2025 21:51:16 UTC] PHP Deprecated:  Required parameter $no_iframe_form_name follows optional parameter $iframe_atts in /wordpress/wp-content/plugins/restaurant-bookings/shortcodes.php on line 96
[14-May-2025 21:51:16 UTC] PHP Deprecated:  Required parameter $name follows optional parameter $id_base in /wordpress/wp-content/plugins/restaurant-bookings/rbk-widgets.php on line 9
[14-May-2025 21:51:16 UTC] PHP Deprecated:  Required parameter $name follows optional parameter $id_base in /wordpress/wp-content/plugins/restaurant-bookings/rbk-widgets.php on line 142
[14-May-2025 21:51:16 UTC] PHP Deprecated:  Required parameter $name follows optional parameter $id_base in /wordpress/wp-content/plugins/restaurant-bookings/rbk-widgets.php on line 252
[14-May-2025 21:52:23 UTC] PHP Warning:  require_once(/wordpress/wp-content/plugins/riothere-all-in-one/includes/social-auth/index.php): Failed to open stream: No such file or directory in /wordpress/wp-content/plugins/riothere-all-in-one/includes/class-riothere-all-in-one.php on line 160
[14-May-2025 21:52:23 UTC] PHP Fatal error:  Uncaught Error: Failed opening required '/wordpress/wp-content/plugins/riothere-all-in-one/includes/social-auth/index.php' (include_path='.:') in /wordpress/wp-content/plugins/riothere-all-in-one/includes/class-riothere-all-in-one.php:160
Stack trace:
#0 /wordpress/wp-content/plugins/riothere-all-in-one/includes/class-riothere-all-in-one.php(77): Riothere_All_In_One->load_dependencies()
#1 /wordpress/wp-content/plugins/riothere-all-in-one/riothere-all-in-one.php(79): Riothere_All_In_One->__construct()
#2 /wordpress/wp-content/plugins/riothere-all-in-one/riothere-all-in-one.php(83): run_riothere_all_in_one()
#3 /wordpress/wp-admin/includes/plugin.php(2387): include_once('/wordpress/wp-c...')
#4 /wordpress/wp-admin/includes/plugin.php(673): plugin_sandbox_scrape('riothere-all-in...')
#5 /internal/eval.php(20): activate_plugin('riothere-all-in...')
#6 {main}
  thrown in /wordpress/wp-content/plugins/riothere-all-in-one/includes/class-riothere-all-in-one.php on line 160
[14-May-2025 21:52:32 UTC] PHP Warning:  require_once(/wordpress/wp-content/plugins/riothere-all-in-one/includes/social-auth/index.php): Failed to open stream: No such file or directory in /wordpress/wp-content/plugins/riothere-all-in-one/includes/class-riothere-all-in-one.php on line 160
[14-May-2025 21:52:32 UTC] PHP Fatal error:  Uncaught Error: Failed opening required '/wordpress/wp-content/plugins/riothere-all-in-one/includes/social-auth/index.php' (include_path='.:') in /wordpress/wp-content/plugins/riothere-all-in-one/includes/class-riothere-all-in-one.php:160
Stack trace:
#0 /wordpress/wp-content/plugins/riothere-all-in-one/includes/class-riothere-all-in-one.php(77): Riothere_All_In_One->load_dependencies()
#1 /wordpress/wp-content/plugins/riothere-all-in-one/riothere-all-in-one.php(79): Riothere_All_In_One->__construct()
#2 /wordpress/wp-content/plugins/riothere-all-in-one/riothere-all-in-one.php(83): run_riothere_all_in_one()
#3 /wordpress/wp-admin/includes/plugin.php(2387): include_once('/wordpress/wp-c...')
#4 /wordpress/wp-admin/includes/plugin.php(673): plugin_sandbox_scrape('riothere-all-in...')
#5 /internal/eval.php(20): activate_plugin('riothere-all-in...')
#6 {main}
  thrown in /wordpress/wp-content/plugins/riothere-all-in-one/includes/class-riothere-all-in-one.php on line 160
[14-May-2025 21:52:40 UTC] PHP Warning:  require_once(/wordpress/wp-content/plugins/riothere-all-in-one/includes/social-auth/index.php): Failed to open stream: No such file or directory in /wordpress/wp-content/plugins/riothere-all-in-one/includes/class-riothere-all-in-one.php on line 160
[14-May-2025 21:52:40 UTC] PHP Fatal error:  Uncaught Error: Failed opening required '/wordpress/wp-content/plugins/riothere-all-in-one/includes/social-auth/index.php' (include_path='.:') in /wordpress/wp-content/plugins/riothere-all-in-one/includes/class-riothere-all-in-one.php:160
Stack trace:
#0 /wordpress/wp-content/plugins/riothere-all-in-one/includes/class-riothere-all-in-one.php(77): Riothere_All_In_One->load_dependencies()
#1 /wordpress/wp-content/plugins/riothere-all-in-one/riothere-all-in-one.php(79): Riothere_All_In_One->__construct()
#2 /wordpress/wp-content/plugins/riothere-all-in-one/riothere-all-in-one.php(83): run_riothere_all_in_one()
#3 /wordpress/wp-admin/includes/plugin.php(2387): include_once('/wordpress/wp-c...')
#4 /wordpress/wp-admin/includes/plugin.php(673): plugin_sandbox_scrape('riothere-all-in...')
#5 /internal/eval.php(20): activate_plugin('riothere-all-in...')
#6 {main}
  thrown in /wordpress/wp-content/plugins/riothere-all-in-one/includes/class-riothere-all-in-one.php on line 160

    at Object.onBind (file:///home/runner/work/playground-tester/playground-tester/node_modules/@wp-playground/cli/index.js:237:15)
    at process.processTicksAndRejections (node:internal/process/task_queues:105:5)
    at async V (file:///home/runner/work/playground-tester/playground-tester/node_modules/@wp-playground/cli/index.js:64:10)
    at async ja (file:///home/runner/work/playground-tester/playground-tester/node_modules/@wp-playground/cli/cli.js:8161:12) {
  [cause]: Error: Error when executing the blueprint step #1 ({"step":"installPlugin","pluginData":{"resource":"wordpress.org/plugins","slug":"pdf-viewer"},"options":{"activate":true}}) : Plugin /wordpress/wp-content/plugins/pdf-viewer could not be activated – WordPress exited with no error. Sometimes, when $_SERVER or site options are not configured correctly, WordPress exits early with a 301 redirect. Inspect the "debug" logs in the console for more details.
      at Object.run (file:///home/runner/work/playground-tester/playground-tester/node_modules/@wp-playground/blueprints/index.js:12449:19)
      at process.processTicksAndRejections (node:internal/process/task_queues:105:5)
      at async ms (file:///home/runner/work/playground-tester/playground-tester/node_modules/@wp-playground/blueprints/index.js:12552:3)
      ... 2 lines matching cause stack trace ...
      at async ja (file:///home/runner/work/playground-tester/playground-tester/node_modules/@wp-playground/cli/cli.js:8161:12) {
    [cause]: Error: Plugin /wordpress/wp-content/plugins/pdf-viewer could not be activated – WordPress exited with no error. Sometimes, when $_SERVER or site options are not configured correctly, WordPress exits early with a 301 redirect. Inspect the "debug" logs in the console for more details.
        at wr (file:///home/runner/work/playground-tester/playground-tester/node_modules/@wp-playground/blueprints/index.js:119:51)
        at process.processTicksAndRejections (node:internal/process/task_queues:105:5)
        at async Object.gt [as installPlugin] (file:///home/runner/work/playground-tester/playground-tester/node_modules/@wp-playground/blueprints/index.js:974:42)
        at async g (file:///home/runner/work/playground-tester/playground-tester/node_modules/@wp-playground/blueprints/index.js:12517:30)
        at async Object.run (file:///home/runner/work/playground-tester/playground-tester/node_modules/@wp-playground/blueprints/index.js:12446:23)
        at async ms (file:///home/runner/work/playground-tester/playground-tester/node_modules/@wp-playground/blueprints/index.js:12552:3)
        at async Object.onBind (file:///home/runner/work/playground-tester/playground-tester/node_modules/@wp-playground/cli/index.js:227:48)
        at async V (file:///home/runner/work/playground-tester/playground-tester/node_modules/@wp-playground/cli/index.js:64:10)
        at async ja (file:///home/runner/work/playground-tester/playground-tester/node_modules/@wp-playground/cli/cli.js:8161:12)
  }
}

Node.js v23.11.0
