file:///home/runner/work/playground-tester/playground-tester/node_modules/@wp-playground/cli/run-cli-j-geJYS3.js:325
        throw new Error($, { cause: h });
              ^

Error: [07-Jun-2025 19:45:35 UTC] PHP Warning:  Undefined array key "REMOTE_ADDR" in /wordpress/wp-content/plugins/wb-ads-rotator-with-split-test/wb-ad-sense.php on line 95
[07-Jun-2025 19:45:36 UTC] PHP Warning:  Undefined array key "REMOTE_ADDR" in /wordpress/wp-content/plugins/wb-ads-rotator-with-split-test/wb-ad-sense.php on line 95
[07-Jun-2025 19:45:45 UTC] PHP Warning:  Undefined array key "REMOTE_ADDR" in /wordpress/wp-content/plugins/wb-ads-rotator-with-split-test/wb-ad-sense.php on line 95
[07-Jun-2025 19:45:46 UTC] PHP Warning:  Undefined array key "REMOTE_ADDR" in /wordpress/wp-content/plugins/wb-ads-rotator-with-split-test/wb-ad-sense.php on line 95
[07-Jun-2025 19:45:55 UTC] PHP Warning:  Undefined array key "REMOTE_ADDR" in /wordpress/wp-content/plugins/wb-ads-rotator-with-split-test/wb-ad-sense.php on line 95
[07-Jun-2025 19:45:56 UTC] PHP Warning:  Undefined array key "REMOTE_ADDR" in /wordpress/wp-content/plugins/wb-ads-rotator-with-split-test/wb-ad-sense.php on line 95
[07-Jun-2025 19:47:01 UTC] PHP Fatal error:  Uncaught Error: Non-static method WC_Dependencies::woocommerce_active_check() cannot be called statically in /wordpress/wp-content/plugins/woocommerce-table-rate-currency-converter/woo-includes/woo-functions-custom.php:13
Stack trace:
#0 /wordpress/wp-content/plugins/woocommerce-table-rate-currency-converter/woocommerce-table-rate-currency-converter.php(45): is_woocommerce_active()
#1 /wordpress/wp-admin/includes/plugin.php(2387): include_once('/wordpress/wp-c...')
#2 /wordpress/wp-admin/includes/plugin.php(673): plugin_sandbox_scrape('woocommerce-tab...')
#3 /internal/eval.php(20): activate_plugin('woocommerce-tab...')
#4 {main}
  thrown in /wordpress/wp-content/plugins/woocommerce-table-rate-currency-converter/woo-includes/woo-functions-custom.php on line 13
[07-Jun-2025 19:47:09 UTC] PHP Fatal error:  Uncaught Error: Non-static method WC_Dependencies::woocommerce_active_check() cannot be called statically in /wordpress/wp-content/plugins/woocommerce-table-rate-currency-converter/woo-includes/woo-functions-custom.php:13
Stack trace:
#0 /wordpress/wp-content/plugins/woocommerce-table-rate-currency-converter/woocommerce-table-rate-currency-converter.php(45): is_woocommerce_active()
#1 /wordpress/wp-admin/includes/plugin.php(2387): include_once('/wordpress/wp-c...')
#2 /wordpress/wp-admin/includes/plugin.php(673): plugin_sandbox_scrape('woocommerce-tab...')
#3 /internal/eval.php(20): activate_plugin('woocommerce-tab...')
#4 {main}
  thrown in /wordpress/wp-content/plugins/woocommerce-table-rate-currency-converter/woo-includes/woo-functions-custom.php on line 13
[07-Jun-2025 19:47:16 UTC] PHP Fatal error:  Uncaught Error: Non-static method WC_Dependencies::woocommerce_active_check() cannot be called statically in /wordpress/wp-content/plugins/woocommerce-table-rate-currency-converter/woo-includes/woo-functions-custom.php:13
Stack trace:
#0 /wordpress/wp-content/plugins/woocommerce-table-rate-currency-converter/woocommerce-table-rate-currency-converter.php(45): is_woocommerce_active()
#1 /wordpress/wp-admin/includes/plugin.php(2387): include_once('/wordpress/wp-c...')
#2 /wordpress/wp-admin/includes/plugin.php(673): plugin_sandbox_scrape('woocommerce-tab...')
#3 /internal/eval.php(20): activate_plugin('woocommerce-tab...')
#4 {main}
  thrown in /wordpress/wp-content/plugins/woocommerce-table-rate-currency-converter/woo-includes/woo-functions-custom.php on line 13
[07-Jun-2025 19:47:25 UTC] PHP Parse error:  The (real) cast has been removed, use (float) instead in /wordpress/wp-content/plugins/wp-memcached-manager/wp-memcached-manager.php on line 141
[07-Jun-2025 19:47:33 UTC] PHP Parse error:  The (real) cast has been removed, use (float) instead in /wordpress/wp-content/plugins/wp-memcached-manager/wp-memcached-manager.php on line 141
[07-Jun-2025 19:47:41 UTC] PHP Parse error:  The (real) cast has been removed, use (float) instead in /wordpress/wp-content/plugins/wp-memcached-manager/wp-memcached-manager.php on line 141
[07-Jun-2025 19:48:19 UTC] PHP Deprecated:  Function supports_collation is <strong>deprecated</strong> since version 3.5.0! Use wpdb::has_cap( 'collation' ) instead. in /wordpress/wp-includes/functions.php on line 6121
[07-Jun-2025 19:48:29 UTC] PHP Deprecated:  Function supports_collation is <strong>deprecated</strong> since version 3.5.0! Use wpdb::has_cap( 'collation' ) instead. in /wordpress/wp-includes/functions.php on line 6121
[07-Jun-2025 19:48:39 UTC] PHP Deprecated:  Function supports_collation is <strong>deprecated</strong> since version 3.5.0! Use wpdb::has_cap( 'collation' ) instead. in /wordpress/wp-includes/functions.php on line 6121
[07-Jun-2025 19:48:50 UTC] PHP Parse error:  syntax error, unexpected token "new" in /wordpress/wp-content/plugins/wp-pad/include/xmlfile.php on line 72

    at Object.onBind (file:///home/runner/work/playground-tester/playground-tester/node_modules/@wp-playground/cli/run-cli-j-geJYS3.js:325:15)
    at process.processTicksAndRejections (node:internal/process/task_queues:105:5)
    at async re (file:///home/runner/work/playground-tester/playground-tester/node_modules/@wp-playground/cli/run-cli-j-geJYS3.js:149:10) {
  [cause]: Error: Error when executing the blueprint step #5 ({"step":"installPlugin","pluginData":{"resource":"wordpress.org/plugins","slug":"wp-pad"},"options":{"activate":true}}) : PHP.run() failed with exit code 255 and the following output: 
      at Object.run (file:///home/runner/work/playground-tester/playground-tester/node_modules/@wp-playground/blueprints/index.js:12093:19)
      at process.processTicksAndRejections (node:internal/process/task_queues:105:5)
      at async ys (file:///home/runner/work/playground-tester/playground-tester/node_modules/@wp-playground/blueprints/index.js:12196:3)
      at async Object.onBind (file:///home/runner/work/playground-tester/playground-tester/node_modules/@wp-playground/cli/run-cli-j-geJYS3.js:315:48)
      at async re (file:///home/runner/work/playground-tester/playground-tester/node_modules/@wp-playground/cli/run-cli-j-geJYS3.js:149:10) {
    [cause]: PHPExecutionFailureError: PHP.run() failed with exit code 255 and the following output: 
        at PHP.run (file:///home/runner/work/playground-tester/playground-tester/node_modules/@php-wasm/universal/index.js:1034:19)
        at process.processTicksAndRejections (node:internal/process/task_queues:105:5)
        at async wr (file:///home/runner/work/playground-tester/playground-tester/node_modules/@wp-playground/blueprints/index.js:34:39)
        at async Object.gt [as installPlugin] (file:///home/runner/work/playground-tester/playground-tester/node_modules/@wp-playground/blueprints/index.js:631:42)
        at async g (file:///home/runner/work/playground-tester/playground-tester/node_modules/@wp-playground/blueprints/index.js:12161:30)
        at async Object.run (file:///home/runner/work/playground-tester/playground-tester/node_modules/@wp-playground/blueprints/index.js:12090:23)
        at async ys (file:///home/runner/work/playground-tester/playground-tester/node_modules/@wp-playground/blueprints/index.js:12196:3)
        at async Object.onBind (file:///home/runner/work/playground-tester/playground-tester/node_modules/@wp-playground/cli/run-cli-j-geJYS3.js:315:48)
        at async re (file:///home/runner/work/playground-tester/playground-tester/node_modules/@wp-playground/cli/run-cli-j-geJYS3.js:149:10) {
      response: PHPResponse {
        httpStatusCode: 500,
        headers: {
          'x-powered-by': [ 'PHP/8.0.30-dev' ],
          'content-type': [ 'text/html; charset=UTF-8' ]
        },
        bytes: Uint8Array(0) [],
        exitCode: 255,
        errors: ''
      },
      source: 'request'
    }
  }
}

Node.js v23.11.0
