file:///home/runner/work/playground-tester/playground-tester/node_modules/@wp-playground/cli/run-cli-j-geJYS3.js:325
        throw new Error($, { cause: h });
              ^

Error: [22-Jun-2025 17:27:19 UTC] PHP Deprecated:  The called constructor method for WP_Widget class in Whistles_Widget is <strong>deprecated</strong> since version 4.3.0! Use <code>__construct()</code> instead. in /wordpress/wp-includes/functions.php on line 6121
[22-Jun-2025 17:27:28 UTC] PHP Deprecated:  The called constructor method for WP_Widget class in Whistles_Widget is <strong>deprecated</strong> since version 4.3.0! Use <code>__construct()</code> instead. in /wordpress/wp-includes/functions.php on line 6121
[22-Jun-2025 17:27:37 UTC] PHP Deprecated:  The called constructor method for WP_Widget class in Whistles_Widget is <strong>deprecated</strong> since version 4.3.0! Use <code>__construct()</code> instead. in /wordpress/wp-includes/functions.php on line 6121
[22-Jun-2025 17:29:30 UTC] PHP Fatal error:  Uncaught Error: Call to undefined function create_function() in /wordpress/wp-content/plugins/wp-loop/wp-loop.php:422
Stack trace:
#0 /wordpress/wp-admin/includes/plugin.php(2387): include_once()
#1 /wordpress/wp-admin/includes/plugin.php(673): plugin_sandbox_scrape('wp-loop/wp-loop...')
#2 /internal/eval.php(20): activate_plugin('wp-loop/wp-loop...')
#3 {main}
  thrown in /wordpress/wp-content/plugins/wp-loop/wp-loop.php on line 422
[22-Jun-2025 17:29:38 UTC] PHP Fatal error:  Uncaught Error: Call to undefined function create_function() in /wordpress/wp-content/plugins/wp-loop/wp-loop.php:422
Stack trace:
#0 /wordpress/wp-admin/includes/plugin.php(2387): include_once()
#1 /wordpress/wp-admin/includes/plugin.php(673): plugin_sandbox_scrape('wp-loop/wp-loop...')
#2 /internal/eval.php(20): activate_plugin('wp-loop/wp-loop...')
#3 {main}
  thrown in /wordpress/wp-content/plugins/wp-loop/wp-loop.php on line 422
[22-Jun-2025 17:29:46 UTC] PHP Fatal error:  Uncaught Error: Call to undefined function create_function() in /wordpress/wp-content/plugins/wp-loop/wp-loop.php:422
Stack trace:
#0 /wordpress/wp-admin/includes/plugin.php(2387): include_once()
#1 /wordpress/wp-admin/includes/plugin.php(673): plugin_sandbox_scrape('wp-loop/wp-loop...')
#2 /internal/eval.php(20): activate_plugin('wp-loop/wp-loop...')
#3 {main}
  thrown in /wordpress/wp-content/plugins/wp-loop/wp-loop.php on line 422
[22-Jun-2025 17:29:56 UTC] PHP Fatal error:  Uncaught Error: Undefined constant "E_NONE" in /wordpress/wp-content/plugins/wp-meerkat/wp-meerkat.php:2
Stack trace:
#0 /wordpress/wp-admin/includes/plugin.php(2387): include_once()
#1 /wordpress/wp-admin/includes/plugin.php(673): plugin_sandbox_scrape('wp-meerkat/wp-m...')
#2 /internal/eval.php(20): activate_plugin('wp-meerkat/wp-m...')
#3 {main}
  thrown in /wordpress/wp-content/plugins/wp-meerkat/wp-meerkat.php on line 2
[22-Jun-2025 17:30:03 UTC] PHP Fatal error:  Uncaught Error: Undefined constant "E_NONE" in /wordpress/wp-content/plugins/wp-meerkat/wp-meerkat.php:2
Stack trace:
#0 /wordpress/wp-admin/includes/plugin.php(2387): include_once()
#1 /wordpress/wp-admin/includes/plugin.php(673): plugin_sandbox_scrape('wp-meerkat/wp-m...')
#2 /internal/eval.php(20): activate_plugin('wp-meerkat/wp-m...')
#3 {main}
  thrown in /wordpress/wp-content/plugins/wp-meerkat/wp-meerkat.php on line 2
[22-Jun-2025 17:30:12 UTC] PHP Fatal error:  Uncaught Error: Undefined constant "E_NONE" in /wordpress/wp-content/plugins/wp-meerkat/wp-meerkat.php:2
Stack trace:
#0 /wordpress/wp-admin/includes/plugin.php(2387): include_once()
#1 /wordpress/wp-admin/includes/plugin.php(673): plugin_sandbox_scrape('wp-meerkat/wp-m...')
#2 /internal/eval.php(20): activate_plugin('wp-meerkat/wp-m...')
#3 {main}
  thrown in /wordpress/wp-content/plugins/wp-meerkat/wp-meerkat.php on line 2
[22-Jun-2025 17:34:05 UTC] PHP Fatal error:  Uncaught TypeError: Cannot access offset of type string on string in /wordpress/wp-content/plugins/wocrl-leagues-and-personal-race-history/classes/wocrl-api.class.php:43
Stack trace:
#0 /wordpress/wp-content/plugins/wocrl-leagues-and-personal-race-history/classes/wocrl-api.class.php(4688): WOCRL_PLUGIN_API->__construct()
#1 /wordpress/wp-content/plugins/wocrl-leagues-and-personal-race-history/index.php(13): include('/wordpress/wp-c...')
#2 /wordpress/wp-admin/includes/plugin.php(2387): include_once('/wordpress/wp-c...')
#3 /wordpress/wp-admin/includes/plugin.php(673): plugin_sandbox_scrape('wocrl-leagues-a...')
#4 /internal/eval.php(20): activate_plugin('wocrl-leagues-a...')
#5 {main}
  thrown in /wordpress/wp-content/plugins/wocrl-leagues-and-personal-race-history/classes/wocrl-api.class.php on line 43
[22-Jun-2025 17:34:14 UTC] PHP Fatal error:  Uncaught TypeError: Cannot access offset of type string on string in /wordpress/wp-content/plugins/wocrl-leagues-and-personal-race-history/classes/wocrl-api.class.php:43
Stack trace:
#0 /wordpress/wp-content/plugins/wocrl-leagues-and-personal-race-history/classes/wocrl-api.class.php(4688): WOCRL_PLUGIN_API->__construct()
#1 /wordpress/wp-content/plugins/wocrl-leagues-and-personal-race-history/index.php(13): include('/wordpress/wp-c...')
#2 /wordpress/wp-admin/includes/plugin.php(2387): include_once('/wordpress/wp-c...')
#3 /wordpress/wp-admin/includes/plugin.php(673): plugin_sandbox_scrape('wocrl-leagues-a...')
#4 /internal/eval.php(20): activate_plugin('wocrl-leagues-a...')
#5 {main}
  thrown in /wordpress/wp-content/plugins/wocrl-leagues-and-personal-race-history/classes/wocrl-api.class.php on line 43
[22-Jun-2025 17:34:23 UTC] PHP Fatal error:  Uncaught TypeError: Cannot access offset of type string on string in /wordpress/wp-content/plugins/wocrl-leagues-and-personal-race-history/classes/wocrl-api.class.php:43
Stack trace:
#0 /wordpress/wp-content/plugins/wocrl-leagues-and-personal-race-history/classes/wocrl-api.class.php(4688): WOCRL_PLUGIN_API->__construct()
#1 /wordpress/wp-content/plugins/wocrl-leagues-and-personal-race-history/index.php(13): include('/wordpress/wp-c...')
#2 /wordpress/wp-admin/includes/plugin.php(2387): include_once('/wordpress/wp-c...')
#3 /wordpress/wp-admin/includes/plugin.php(673): plugin_sandbox_scrape('wocrl-leagues-a...')
#4 /internal/eval.php(20): activate_plugin('wocrl-leagues-a...')
#5 {main}
  thrown in /wordpress/wp-content/plugins/wocrl-leagues-and-personal-race-history/classes/wocrl-api.class.php on line 43

    at Object.onBind (file:///home/runner/work/playground-tester/playground-tester/node_modules/@wp-playground/cli/run-cli-j-geJYS3.js:325:15)
    at process.processTicksAndRejections (node:internal/process/task_queues:105:5)
    at async re (file:///home/runner/work/playground-tester/playground-tester/node_modules/@wp-playground/cli/run-cli-j-geJYS3.js:149:10) {
  [cause]: Error: Error when executing the blueprint step #1 ({"step":"installPlugin","pluginData":{"resource":"wordpress.org/plugins","slug":"woo-admin-filter-by-stock"},"options":{"activate":true}}) : Plugin /wordpress/wp-content/plugins/woo-admin-filter-by-stock could not be activated – WordPress exited with no error. Sometimes, when $_SERVER or site options are not configured correctly, WordPress exits early with a 301 redirect. Inspect the "debug" logs in the console for more details.
      at Object.run (file:///home/runner/work/playground-tester/playground-tester/node_modules/@wp-playground/blueprints/index.js:12093:19)
      at process.processTicksAndRejections (node:internal/process/task_queues:105:5)
      at async ys (file:///home/runner/work/playground-tester/playground-tester/node_modules/@wp-playground/blueprints/index.js:12196:3)
      at async Object.onBind (file:///home/runner/work/playground-tester/playground-tester/node_modules/@wp-playground/cli/run-cli-j-geJYS3.js:315:48)
      at async re (file:///home/runner/work/playground-tester/playground-tester/node_modules/@wp-playground/cli/run-cli-j-geJYS3.js:149:10) {
    [cause]: Error: Plugin /wordpress/wp-content/plugins/woo-admin-filter-by-stock could not be activated – WordPress exited with no error. Sometimes, when $_SERVER or site options are not configured correctly, WordPress exits early with a 301 redirect. Inspect the "debug" logs in the console for more details.
        at wr (file:///home/runner/work/playground-tester/playground-tester/node_modules/@wp-playground/blueprints/index.js:120:51)
        at process.processTicksAndRejections (node:internal/process/task_queues:105:5)
        at async Object.gt [as installPlugin] (file:///home/runner/work/playground-tester/playground-tester/node_modules/@wp-playground/blueprints/index.js:631:42)
        at async g (file:///home/runner/work/playground-tester/playground-tester/node_modules/@wp-playground/blueprints/index.js:12161:30)
        at async Object.run (file:///home/runner/work/playground-tester/playground-tester/node_modules/@wp-playground/blueprints/index.js:12090:23)
        at async ys (file:///home/runner/work/playground-tester/playground-tester/node_modules/@wp-playground/blueprints/index.js:12196:3)
        at async Object.onBind (file:///home/runner/work/playground-tester/playground-tester/node_modules/@wp-playground/cli/run-cli-j-geJYS3.js:315:48)
        at async re (file:///home/runner/work/playground-tester/playground-tester/node_modules/@wp-playground/cli/run-cli-j-geJYS3.js:149:10)
  }
}

Node.js v23.11.0
