file:///home/runner/work/playground-tester/playground-tester/node_modules/@wp-playground/cli/index.js:237
        throw new Error(y, { cause: u });
              ^

Error: [22-May-2025 10:53:57 UTC] WordPress database error <div style="clear:both">&nbsp;</div>
<div class="queries" style="clear:both;margin-bottom:2px;border:red dotted thin;">
<p>MySQL query:</p>
<p>SELECT * FROM wp_orb_cyber_store_products  WHERE hash = '' AND file <> '' </p>
<p>Queries made or created this session were:</p>
<ol>
<li>Executing: BEGIN | (no parameters)</li>
<li>Executing: SELECT * FROM `wp_orb_cyber_store_products` WHERE `hash` = '' AND `file` &lt;&gt; '' | (no parameters)</li>
<li>Executing: ROLLBACK | (no parameters)</li>
</ol>
</div>
<div style="clear:both;margin-bottom:2px;border:red dotted thin;" class="error_message" style="border-bottom:dotted blue thin;">
SQLSTATE[HY000]: General error: 1 no such table: wp_orb_cyber_store_products
</div>
<p>Backtrace:</p>
<pre>#0 /internal/shared/sqlite-database-integration/wp-includes/sqlite-ast/class-wp-sqlite-driver.php(683): WP_SQLite_Driver->new_driver_exception('SQLSTATE[HY000]...', 'HY000', Object(PDOException))
#1 /internal/shared/sqlite-database-integration/wp-includes/sqlite/class-wp-sqlite-db.php(491): WP_SQLite_Driver->query('SELECT * FROM w...')
#2 /internal/shared/sqlite-database-integration/wp-includes/sqlite/class-wp-sqlite-db.php(432): WP_SQLite_DB->_do_query('SELECT * FROM w...')
#3 /wordpress/wp-includes/class-wpdb.php(3146): WP_SQLite_DB->query('SELECT * FROM w...')
#4 /wordpress/wp-content/plugins/orbisius-cyberstore/orbisius-cyberstore.php(2243): wpdb->get_results('SELECT * FROM w...', 'ARRAY_A')
#5 /wordpress/wp-content/plugins/orbisius-cyberstore/orbisius-cyberstore.php(2098): Orbisius_CyberStore->get_products(' WHERE hash = '...')
#6 /wordpress/wp-content/plugins/orbisius-cyberstore/orbisius-cyberstore.php(849): Orbisius_CyberStore->fix_missing_product_hash()
#7 /wordpress/wp-content/plugins/orbisius-cyberstore/orbisius-cyberstore.php(888): Orbisius_CyberStore->install_db_tables()
#8 /wordpress/wp-includes/class-wp-hook.php(324): Orbisius_CyberStore->on_activate(false)
#9 /wordpress/wp-includes/class-wp-hook.php(348): WP_Hook->apply_filters('', Array)
#10 /wordpress/wp-includes/plugin.php(517): WP_Hook->do_action(Array)
#11 /wordpress/wp-admin/includes/plugin.php(703): do_action('activate_orbisi...', false)
#12 /internal/eval.php(20): activate_plugin('orbisius-cybers...')
#13 {main}</pre>
 for query SELECT * FROM wp_orb_cyber_store_products  WHERE hash = '' AND file <> ''  made by activate_plugin, do_action('activate_orbisius-cyberstore/orbisius-cyberstore.php'), WP_Hook->do_action, WP_Hook->apply_filters, Orbisius_CyberStore->on_activate, Orbisius_CyberStore->install_db_tables, Orbisius_CyberStore->fix_missing_product_hash, Orbisius_CyberStore->get_products, WP_SQLite_DB->query, WP_SQLite_DB->print_error
[22-May-2025 10:54:06 UTC] WordPress database error <div style="clear:both">&nbsp;</div>
<div class="queries" style="clear:both;margin-bottom:2px;border:red dotted thin;">
<p>MySQL query:</p>
<p>SELECT * FROM wp_orb_cyber_store_products  WHERE hash = '' AND file <> '' </p>
<p>Queries made or created this session were:</p>
<ol>
<li>Executing: BEGIN | (no parameters)</li>
<li>Executing: SELECT * FROM wp_orb_cyber_store_products  WHERE hash = :param0  AND file &lt;&gt; :param1   | parameters: , </li>
<li>Executing: ROLLBACK | (no parameters)</li>
</ol>
</div>
<div style="clear:both;margin-bottom:2px;border:red dotted thin;" class="error_message" style="border-bottom:dotted blue thin;">
Error occurred at line 4117 in Function <code>handle_error</code>. Error message was: SQLSTATE[HY000]: General error: 1 no such table: wp_orb_cyber_store_products.
</div>
<p>Backtrace:</p>
<pre>#0 /internal/shared/sqlite-database-integration/wp-includes/sqlite/class-wp-sqlite-db.php(287): WP_SQLite_Translator->get_error_message()
#1 /wordpress/wp-includes/class-wpdb.php(3146): WP_SQLite_DB->query('SELECT * FROM w...')
#2 /wordpress/wp-content/plugins/orbisius-cyberstore/orbisius-cyberstore.php(2243): wpdb->get_results('SELECT * FROM w...', 'ARRAY_A')
#3 /wordpress/wp-content/plugins/orbisius-cyberstore/orbisius-cyberstore.php(2098): Orbisius_CyberStore->get_products(' WHERE hash = '...')
#4 /wordpress/wp-content/plugins/orbisius-cyberstore/orbisius-cyberstore.php(849): Orbisius_CyberStore->fix_missing_product_hash()
#5 /wordpress/wp-content/plugins/orbisius-cyberstore/orbisius-cyberstore.php(888): Orbisius_CyberStore->install_db_tables()
#6 /wordpress/wp-includes/class-wp-hook.php(324): Orbisius_CyberStore->on_activate(false)
#7 /wordpress/wp-includes/class-wp-hook.php(348): WP_Hook->apply_filters('', Array)
#8 /wordpress/wp-includes/plugin.php(517): WP_Hook->do_action(Array)
#9 /wordpress/wp-admin/includes/plugin.php(703): do_action('activate_orbisi...', false)
#10 /internal/eval.php(20): activate_plugin('orbisius-cybers...')
#11 {main}</pre>
 for query SELECT * FROM wp_orb_cyber_store_products  WHERE hash = '' AND file <> ''  made by activate_plugin, do_action('activate_orbisius-cyberstore/orbisius-cyberstore.php'), WP_Hook->do_action, WP_Hook->apply_filters, Orbisius_CyberStore->on_activate, Orbisius_CyberStore->install_db_tables, Orbisius_CyberStore->fix_missing_product_hash, Orbisius_CyberStore->get_products, WP_SQLite_DB->query, WP_SQLite_DB->print_error
[22-May-2025 10:54:16 UTC] WordPress database error <div style="clear:both">&nbsp;</div>
<div class="queries" style="clear:both;margin-bottom:2px;border:red dotted thin;">
<p>MySQL query:</p>
<p>SELECT * FROM wp_orb_cyber_store_products  WHERE hash = '' AND file <> '' </p>
<p>Queries made or created this session were:</p>
<ol>
<li>Executing: BEGIN | (no parameters)</li>
<li>Executing: SELECT * FROM wp_orb_cyber_store_products  WHERE hash = :param0  AND file &lt;&gt; :param1   | parameters: , </li>
<li>Executing: ROLLBACK | (no parameters)</li>
</ol>
</div>
<div style="clear:both;margin-bottom:2px;border:red dotted thin;" class="error_message" style="border-bottom:dotted blue thin;">
Error occurred at line 4117 in Function <code>handle_error</code>. Error message was: SQLSTATE[HY000]: General error: 1 no such table: wp_orb_cyber_store_products.
</div>
<p>Backtrace:</p>
<pre>#0 /internal/shared/sqlite-database-integration/wp-includes/sqlite/class-wp-sqlite-db.php(287): WP_SQLite_Translator->get_error_message()
#1 /wordpress/wp-includes/class-wpdb.php(3146): WP_SQLite_DB->query('SELECT * FROM w...')
#2 /wordpress/wp-content/plugins/orbisius-cyberstore/orbisius-cyberstore.php(2243): wpdb->get_results('SELECT * FROM w...', 'ARRAY_A')
#3 /wordpress/wp-content/plugins/orbisius-cyberstore/orbisius-cyberstore.php(2098): Orbisius_CyberStore->get_products(' WHERE hash = '...')
#4 /wordpress/wp-content/plugins/orbisius-cyberstore/orbisius-cyberstore.php(849): Orbisius_CyberStore->fix_missing_product_hash()
#5 /wordpress/wp-content/plugins/orbisius-cyberstore/orbisius-cyberstore.php(888): Orbisius_CyberStore->install_db_tables()
#6 /wordpress/wp-includes/class-wp-hook.php(324): Orbisius_CyberStore->on_activate(false)
#7 /wordpress/wp-includes/class-wp-hook.php(348): WP_Hook->apply_filters('', Array)
#8 /wordpress/wp-includes/plugin.php(517): WP_Hook->do_action(Array)
#9 /wordpress/wp-admin/includes/plugin.php(703): do_action('activate_orbisi...', false)
#10 /internal/eval.php(20): activate_plugin('orbisius-cybers...')
#11 {main}</pre>
 for query SELECT * FROM wp_orb_cyber_store_products  WHERE hash = '' AND file <> ''  made by activate_plugin, do_action('activate_orbisius-cyberstore/orbisius-cyberstore.php'), WP_Hook->do_action, WP_Hook->apply_filters, Orbisius_CyberStore->on_activate, Orbisius_CyberStore->install_db_tables, Orbisius_CyberStore->fix_missing_product_hash, Orbisius_CyberStore->get_products, WP_SQLite_DB->query, WP_SQLite_DB->print_error
[22-May-2025 10:57:51 UTC] PHP Notice:  Function _load_textdomain_just_in_time was called <strong>incorrectly</strong>. Translation loading for the <code>woocommerce</code> domain was triggered too early. This is usually an indicator for some code in the plugin or theme running too early. Translations should be loaded at the <code>init</code> action or later. Please see <a href="https://developer.wordpress.org/advanced-administration/debug/debug-wordpress/">Debugging in WordPress</a> for more information. (This message was added in version 6.7.0.) in /wordpress/wp-includes/functions.php on line 6121
[22-May-2025 10:58:04 UTC] PHP Warning:  exif_read_data(vnech-tee-green-1.jpg): Incorrect APP1 Exif Identifier Code in /wordpress/wp-admin/includes/image.php on line 940
[22-May-2025 10:58:05 UTC] PHP Warning:  exif_read_data(vnech-tee-blue-1.jpg): Incorrect APP1 Exif Identifier Code in /wordpress/wp-admin/includes/image.php on line 940
[22-May-2025 10:58:07 UTC] PHP Warning:  exif_read_data(hoodie-blue-1.jpg): Incorrect APP1 Exif Identifier Code in /wordpress/wp-admin/includes/image.php on line 940
[22-May-2025 10:58:08 UTC] PHP Warning:  exif_read_data(hoodie-green-1.jpg): Incorrect APP1 Exif Identifier Code in /wordpress/wp-admin/includes/image.php on line 940
[22-May-2025 10:58:18 UTC] PHP Warning:  exif_read_data(single-1.jpg): Incorrect APP1 Exif Identifier Code in /wordpress/wp-admin/includes/image.php on line 940
[22-May-2025 10:58:25 UTC] PHP Fatal error:  Uncaught Error: Class "WC_Shipping_Zone" not found in /wordpress/wp-content/plugins/woo-shipping-method/woo-shipping-method.php:18
Stack trace:
#0 /wordpress/wp-includes/class-wp-hook.php(324): add_flat_rate_shipping_method('')
#1 /wordpress/wp-includes/class-wp-hook.php(348): WP_Hook->apply_filters(NULL, Array)
#2 /wordpress/wp-includes/plugin.php(517): WP_Hook->do_action(Array)
#3 /wordpress/wp-settings.php(727): do_action('init')
#4 /wordpress/wp-config.php(102): require_once('/wordpress/wp-s...')
#5 /wordpress/wp-load.php(50): require_once('/wordpress/wp-c...')
#6 /internal/eval.php(3): require_once('/wordpress/wp-l...')
#7 {main}
  thrown in /wordpress/wp-content/plugins/woo-shipping-method/woo-shipping-method.php on line 18
[22-May-2025 10:59:01 UTC] PHP Notice:  Function _load_textdomain_just_in_time was called <strong>incorrectly</strong>. Translation loading for the <code>woocommerce</code> domain was triggered too early. This is usually an indicator for some code in the plugin or theme running too early. Translations should be loaded at the <code>init</code> action or later. Please see <a href="https://developer.wordpress.org/advanced-administration/debug/debug-wordpress/">Debugging in WordPress</a> for more information. (This message was added in version 6.7.0.) in /wordpress/wp-includes/functions.php on line 6121
[22-May-2025 10:59:18 UTC] PHP Warning:  Undefined variable $term in /internal/eval.php on line 22
[22-May-2025 10:59:18 UTC] PHP Warning:  Trying to access array offset on value of type null in /internal/eval.php on line 22
[22-May-2025 10:59:18 UTC] PHP Warning:  Undefined variable $term in /internal/eval.php on line 22
[22-May-2025 10:59:18 UTC] PHP Warning:  Trying to access array offset on value of type null in /internal/eval.php on line 22
[22-May-2025 10:59:18 UTC] PHP Warning:  Undefined variable $term in /internal/eval.php on line 22
[22-May-2025 10:59:18 UTC] PHP Warning:  Trying to access array offset on value of type null in /internal/eval.php on line 22
[22-May-2025 10:59:18 UTC] PHP Warning:  Undefined variable $term in /internal/eval.php on line 22
[22-May-2025 10:59:18 UTC] PHP Warning:  Trying to access array offset on value of type null in /internal/eval.php on line 22
[22-May-2025 10:59:18 UTC] PHP Warning:  Undefined variable $term in /internal/eval.php on line 22
[22-May-2025 10:59:18 UTC] PHP Warning:  Trying to access array offset on value of type null in /internal/eval.php on line 22
[22-May-2025 10:59:18 UTC] PHP Warning:  Undefined variable $term in /internal/eval.php on line 22
[22-May-2025 10:59:18 UTC] PHP Warning:  Trying to access array offset on value of type null in /internal/eval.php on line 22
[22-May-2025 10:59:18 UTC] PHP Warning:  Undefined variable $term in /internal/eval.php on line 22
[22-May-2025 10:59:18 UTC] PHP Warning:  Trying to access array offset on value of type null in /internal/eval.php on line 22
[22-May-2025 10:59:18 UTC] PHP Warning:  Undefined variable $term in /internal/eval.php on line 22
[22-May-2025 10:59:18 UTC] PHP Warning:  Trying to access array offset on value of type null in /internal/eval.php on line 22
[22-May-2025 10:59:18 UTC] PHP Warning:  Undefined variable $term in /internal/eval.php on line 22
[22-May-2025 10:59:18 UTC] PHP Warning:  Trying to access array offset on value of type null in /internal/eval.php on line 22
[22-May-2025 10:59:18 UTC] PHP Warning:  Undefined variable $term in /internal/eval.php on line 22
[22-May-2025 10:59:18 UTC] PHP Warning:  Trying to access array offset on value of type null in /internal/eval.php on line 22
[22-May-2025 10:59:18 UTC] PHP Warning:  Undefined variable $term in /internal/eval.php on line 22
[22-May-2025 10:59:18 UTC] PHP Warning:  Trying to access array offset on value of type null in /internal/eval.php on line 22
[22-May-2025 10:59:18 UTC] PHP Warning:  Undefined variable $term in /internal/eval.php on line 22
[22-May-2025 10:59:18 UTC] PHP Warning:  Trying to access array offset on value of type null in /internal/eval.php on line 22
[22-May-2025 10:59:18 UTC] PHP Warning:  Undefined variable $term in /internal/eval.php on line 22
[22-May-2025 10:59:18 UTC] PHP Warning:  Trying to access array offset on value of type null in /internal/eval.php on line 22
[22-May-2025 10:59:18 UTC] PHP Warning:  Undefined variable $term in /internal/eval.php on line 22
[22-May-2025 10:59:18 UTC] PHP Warning:  Trying to access array offset on value of type null in /internal/eval.php on line 22
[22-May-2025 10:59:19 UTC] PHP Warning:  Undefined variable $term in /internal/eval.php on line 22
[22-May-2025 10:59:19 UTC] PHP Warning:  Trying to access array offset on value of type null in /internal/eval.php on line 22
[22-May-2025 10:59:19 UTC] PHP Warning:  Undefined variable $term in /internal/eval.php on line 22
[22-May-2025 10:59:19 UTC] PHP Warning:  Trying to access array offset on value of type null in /internal/eval.php on line 22
[22-May-2025 10:59:19 UTC] PHP Warning:  Undefined variable $term in /internal/eval.php on line 22
[22-May-2025 10:59:19 UTC] PHP Warning:  Trying to access array offset on value of type null in /internal/eval.php on line 22
[22-May-2025 10:59:19 UTC] PHP Warning:  Undefined variable $term in /internal/eval.php on line 22
[22-May-2025 10:59:19 UTC] PHP Warning:  Trying to access array offset on value of type null in /internal/eval.php on line 22
[22-May-2025 10:59:19 UTC] PHP Warning:  Undefined variable $term in /internal/eval.php on line 22
[22-May-2025 10:59:19 UTC] PHP Warning:  Trying to access array offset on value of type null in /internal/eval.php on line 22
[22-May-2025 10:59:19 UTC] PHP Warning:  Undefined variable $term in /internal/eval.php on line 22
[22-May-2025 10:59:19 UTC] PHP Warning:  Trying to access array offset on value of type null in /internal/eval.php on line 22
[22-May-2025 10:59:20 UTC] PHP Warning:  Undefined variable $term in /internal/eval.php on line 22
[22-May-2025 10:59:20 UTC] PHP Warning:  Trying to access array offset on value of type null in /internal/eval.php on line 22
[22-May-2025 10:59:20 UTC] PHP Warning:  Undefined variable $term in /internal/eval.php on line 22
[22-May-2025 10:59:20 UTC] PHP Warning:  Trying to access array offset on value of type null in /internal/eval.php on line 22
[22-May-2025 10:59:20 UTC] PHP Warning:  Undefined variable $term in /internal/eval.php on line 22
[22-May-2025 10:59:20 UTC] PHP Warning:  Trying to access array offset on value of type null in /internal/eval.php on line 22
[22-May-2025 10:59:20 UTC] PHP Warning:  Undefined variable $term in /internal/eval.php on line 22
[22-May-2025 10:59:20 UTC] PHP Warning:  Trying to access array offset on value of type null in /internal/eval.php on line 22
[22-May-2025 10:59:20 UTC] PHP Warning:  Undefined variable $term in /internal/eval.php on line 22
[22-May-2025 10:59:20 UTC] PHP Warning:  Trying to access array offset on value of type null in /internal/eval.php on line 22
[22-May-2025 10:59:20 UTC] PHP Warning:  Undefined variable $term in /internal/eval.php on line 22
[22-May-2025 10:59:20 UTC] PHP Warning:  Trying to access array offset on value of type null in /internal/eval.php on line 22
[22-May-2025 10:59:20 UTC] PHP Warning:  Undefined variable $term in /internal/eval.php on line 22
[22-May-2025 10:59:20 UTC] PHP Warning:  Trying to access array offset on value of type null in /internal/eval.php on line 22
[22-May-2025 10:59:20 UTC] PHP Warning:  Undefined variable $term in /internal/eval.php on line 22
[22-May-2025 10:59:20 UTC] PHP Warning:  Trying to access array offset on value of type null in /internal/eval.php on line 22
[22-May-2025 10:59:20 UTC] PHP Warning:  Undefined variable $term in /internal/eval.php on line 22
[22-May-2025 10:59:20 UTC] PHP Warning:  Trying to access array offset on value of type null in /internal/eval.php on line 22
[22-May-2025 10:59:21 UTC] PHP Warning:  Undefined variable $term in /internal/eval.php on line 22
[22-May-2025 10:59:21 UTC] PHP Warning:  Trying to access array offset on value of type null in /internal/eval.php on line 22
[22-May-2025 10:59:21 UTC] PHP Warning:  Undefined variable $term in /internal/eval.php on line 22
[22-May-2025 10:59:21 UTC] PHP Warning:  Trying to access array offset on value of type null in /internal/eval.php on line 22
[22-May-2025 10:59:21 UTC] PHP Warning:  Undefined variable $term in /internal/eval.php on line 22
[22-May-2025 10:59:21 UTC] PHP Warning:  Trying to access array offset on value of type null in /internal/eval.php on line 22
[22-May-2025 10:59:21 UTC] PHP Warning:  Undefined variable $term in /internal/eval.php on line 22
[22-May-2025 10:59:21 UTC] PHP Warning:  Trying to access array offset on value of type null in /internal/eval.php on line 22
[22-May-2025 10:59:21 UTC] PHP Warning:  Undefined variable $term in /internal/eval.php on line 22
[22-May-2025 10:59:21 UTC] PHP Warning:  Trying to access array offset on value of type null in /internal/eval.php on line 22
[22-May-2025 10:59:21 UTC] PHP Warning:  Undefined variable $term in /internal/eval.php on line 22
[22-May-2025 10:59:21 UTC] PHP Warning:  Trying to access array offset on value of type null in /internal/eval.php on line 22
[22-May-2025 10:59:21 UTC] PHP Warning:  Undefined variable $term in /internal/eval.php on line 22
[22-May-2025 10:59:21 UTC] PHP Warning:  Trying to access array offset on value of type null in /internal/eval.php on line 22
[22-May-2025 10:59:21 UTC] PHP Warning:  Undefined variable $term in /internal/eval.php on line 22
[22-May-2025 10:59:21 UTC] PHP Warning:  Trying to access array offset on value of type null in /internal/eval.php on line 22
[22-May-2025 10:59:21 UTC] PHP Warning:  Undefined variable $term in /internal/eval.php on line 22
[22-May-2025 10:59:21 UTC] PHP Warning:  Trying to access array offset on value of type null in /internal/eval.php on line 22
[22-May-2025 10:59:21 UTC] PHP Warning:  Undefined variable $term in /internal/eval.php on line 22
[22-May-2025 10:59:21 UTC] PHP Warning:  Trying to access array offset on value of type null in /internal/eval.php on line 22
[22-May-2025 10:59:21 UTC] PHP Warning:  Undefined variable $term in /internal/eval.php on line 22
[22-May-2025 10:59:21 UTC] PHP Warning:  Trying to access array offset on value of type null in /internal/eval.php on line 22
[22-May-2025 10:59:21 UTC] PHP Warning:  Undefined variable $term in /internal/eval.php on line 22
[22-May-2025 10:59:21 UTC] PHP Warning:  Trying to access array offset on value of type null in /internal/eval.php on line 22
[22-May-2025 10:59:22 UTC] PHP Warning:  Undefined variable $term in /internal/eval.php on line 22
[22-May-2025 10:59:22 UTC] PHP Warning:  Trying to access array offset on value of type null in /internal/eval.php on line 22
[22-May-2025 10:59:22 UTC] PHP Warning:  Undefined variable $term in /internal/eval.php on line 22
[22-May-2025 10:59:22 UTC] PHP Warning:  Trying to access array offset on value of type null in /internal/eval.php on line 22
[22-May-2025 10:59:22 UTC] PHP Warning:  Undefined variable $term in /internal/eval.php on line 22
[22-May-2025 10:59:22 UTC] PHP Warning:  Trying to access array offset on value of type null in /internal/eval.php on line 22
[22-May-2025 10:59:22 UTC] PHP Warning:  Undefined variable $term in /internal/eval.php on line 22
[22-May-2025 10:59:22 UTC] PHP Warning:  Trying to access array offset on value of type null in /internal/eval.php on line 22
[22-May-2025 10:59:22 UTC] PHP Warning:  Undefined variable $term in /internal/eval.php on line 22
[22-May-2025 10:59:22 UTC] PHP Warning:  Trying to access array offset on value of type null in /internal/eval.php on line 22
[22-May-2025 10:59:22 UTC] PHP Warning:  Undefined variable $term in /internal/eval.php on line 22
[22-May-2025 10:59:22 UTC] PHP Warning:  Trying to access array offset on value of type null in /internal/eval.php on line 22
[22-May-2025 10:59:22 UTC] PHP Warning:  Undefined variable $term in /internal/eval.php on line 22
[22-May-2025 10:59:22 UTC] PHP Warning:  Trying to access array offset on value of type null in /internal/eval.php on line 22
[22-May-2025 10:59:22 UTC] PHP Warning:  Undefined variable $term in /internal/eval.php on line 22
[22-May-2025 10:59:22 UTC] PHP Warning:  Trying to access array offset on value of type null in /internal/eval.php on line 22
[22-May-2025 10:59:23 UTC] PHP Warning:  Undefined variable $term in /internal/eval.php on line 22
[22-May-2025 10:59:23 UTC] PHP Warning:  Trying to access array offset on value of type null in /internal/eval.php on line 22
[22-May-2025 10:59:23 UTC] PHP Warning:  Undefined variable $term in /internal/eval.php on line 22
[22-May-2025 10:59:23 UTC] PHP Warning:  Trying to access array offset on value of type null in /internal/eval.php on line 22
[22-May-2025 10:59:24 UTC] PHP Warning:  Undefined variable $term in /internal/eval.php on line 22
[22-May-2025 10:59:24 UTC] PHP Warning:  Trying to access array offset on value of type null in /internal/eval.php on line 22
[22-May-2025 10:59:24 UTC] PHP Warning:  Undefined variable $term in /internal/eval.php on line 22
[22-May-2025 10:59:24 UTC] PHP Warning:  Trying to access array offset on value of type null in /internal/eval.php on line 22
[22-May-2025 10:59:24 UTC] PHP Warning:  Undefined variable $term in /internal/eval.php on line 22
[22-May-2025 10:59:24 UTC] PHP Warning:  Trying to access array offset on value of type null in /internal/eval.php on line 22
[22-May-2025 10:59:24 UTC] PHP Warning:  Undefined variable $term in /internal/eval.php on line 22
[22-May-2025 10:59:24 UTC] PHP Warning:  Trying to access array offset on value of type null in /internal/eval.php on line 22
[22-May-2025 10:59:24 UTC] PHP Warning:  Undefined variable $term in /internal/eval.php on line 22
[22-May-2025 10:59:24 UTC] PHP Warning:  Trying to access array offset on value of type null in /internal/eval.php on line 22
[22-May-2025 10:59:24 UTC] PHP Warning:  Undefined variable $term in /internal/eval.php on line 22
[22-May-2025 10:59:24 UTC] PHP Warning:  Trying to access array offset on value of type null in /internal/eval.php on line 22
[22-May-2025 10:59:25 UTC] PHP Warning:  Undefined variable $term in /internal/eval.php on line 22
[22-May-2025 10:59:25 UTC] PHP Warning:  Trying to access array offset on value of type null in /internal/eval.php on line 22
[22-May-2025 10:59:25 UTC] PHP Warning:  Undefined variable $term in /internal/eval.php on line 22
[22-May-2025 10:59:25 UTC] PHP Warning:  Trying to access array offset on value of type null in /internal/eval.php on line 22
[22-May-2025 10:59:25 UTC] PHP Warning:  Undefined variable $term in /internal/eval.php on line 22
[22-May-2025 10:59:25 UTC] PHP Warning:  Trying to access array offset on value of type null in /internal/eval.php on line 22
[22-May-2025 10:59:25 UTC] PHP Warning:  Undefined variable $term in /internal/eval.php on line 22
[22-May-2025 10:59:25 UTC] PHP Warning:  Trying to access array offset on value of type null in /internal/eval.php on line 22
[22-May-2025 10:59:27 UTC] PHP Warning:  exif_read_data(vnech-tee-green-1-1.jpg): Incorrect APP1 Exif Identifier Code in /wordpress/wp-admin/includes/image.php on line 940
[22-May-2025 10:59:28 UTC] PHP Warning:  exif_read_data(vnech-tee-blue-1-1.jpg): Incorrect APP1 Exif Identifier Code in /wordpress/wp-admin/includes/image.php on line 940
[22-May-2025 10:59:31 UTC] PHP Warning:  exif_read_data(hoodie-blue-1-1.jpg): Incorrect APP1 Exif Identifier Code in /wordpress/wp-admin/includes/image.php on line 940
[22-May-2025 10:59:32 UTC] PHP Warning:  exif_read_data(hoodie-green-1-1.jpg): Incorrect APP1 Exif Identifier Code in /wordpress/wp-admin/includes/image.php on line 940
[22-May-2025 10:59:44 UTC] PHP Warning:  exif_read_data(single-1-1.jpg): Incorrect APP1 Exif Identifier Code in /wordpress/wp-admin/includes/image.php on line 940
[22-May-2025 11:00:39 UTC] PHP Notice:  Function _load_textdomain_just_in_time was called <strong>incorrectly</strong>. Translation loading for the <code>woocommerce</code> domain was triggered too early. This is usually an indicator for some code in the plugin or theme running too early. Translations should be loaded at the <code>init</code> action or later. Please see <a href="https://developer.wordpress.org/advanced-administration/debug/debug-wordpress/">Debugging in WordPress</a> for more information. (This message was added in version 6.7.0.) in /wordpress/wp-includes/functions.php on line 6121
[22-May-2025 11:00:55 UTC] PHP Warning:  Undefined variable $term in /internal/eval.php on line 22
[22-May-2025 11:00:55 UTC] PHP Warning:  Trying to access array offset on value of type null in /internal/eval.php on line 22
[22-May-2025 11:00:55 UTC] PHP Warning:  Undefined variable $term in /internal/eval.php on line 22
[22-May-2025 11:00:55 UTC] PHP Warning:  Trying to access array offset on value of type null in /internal/eval.php on line 22
[22-May-2025 11:00:55 UTC] PHP Warning:  Undefined variable $term in /internal/eval.php on line 22
[22-May-2025 11:00:55 UTC] PHP Warning:  Trying to access array offset on value of type null in /internal/eval.php on line 22
[22-May-2025 11:00:55 UTC] PHP Warning:  Undefined variable $term in /internal/eval.php on line 22
[22-May-2025 11:00:55 UTC] PHP Warning:  Trying to access array offset on value of type null in /internal/eval.php on line 22
[22-May-2025 11:00:55 UTC] PHP Warning:  Undefined variable $term in /internal/eval.php on line 22
[22-May-2025 11:00:55 UTC] PHP Warning:  Trying to access array offset on value of type null in /internal/eval.php on line 22
[22-May-2025 11:00:55 UTC] PHP Warning:  Undefined variable $term in /internal/eval.php on line 22
[22-May-2025 11:00:55 UTC] PHP Warning:  Trying to access array offset on value of type null in /internal/eval.php on line 22
[22-May-2025 11:00:55 UTC] PHP Warning:  Undefined variable $term in /internal/eval.php on line 22
[22-May-2025 11:00:55 UTC] PHP Warning:  Trying to access array offset on value of type null in /internal/eval.php on line 22
[22-May-2025 11:00:55 UTC] PHP Warning:  Undefined variable $term in /internal/eval.php on line 22
[22-May-2025 11:00:55 UTC] PHP Warning:  Trying to access array offset on value of type null in /internal/eval.php on line 22
[22-May-2025 11:00:55 UTC] PHP Warning:  Undefined variable $term in /internal/eval.php on line 22
[22-May-2025 11:00:55 UTC] PHP Warning:  Trying to access array offset on value of type null in /internal/eval.php on line 22
[22-May-2025 11:00:55 UTC] PHP Warning:  Undefined variable $term in /internal/eval.php on line 22
[22-May-2025 11:00:55 UTC] PHP Warning:  Trying to access array offset on value of type null in /internal/eval.php on line 22
[22-May-2025 11:00:55 UTC] PHP Warning:  Undefined variable $term in /internal/eval.php on line 22
[22-May-2025 11:00:55 UTC] PHP Warning:  Trying to access array offset on value of type null in /internal/eval.php on line 22
[22-May-2025 11:00:55 UTC] PHP Warning:  Undefined variable $term in /internal/eval.php on line 22
[22-May-2025 11:00:55 UTC] PHP Warning:  Trying to access array offset on value of type null in /internal/eval.php on line 22
[22-May-2025 11:00:55 UTC] PHP Warning:  Undefined variable $term in /internal/eval.php on line 22
[22-May-2025 11:00:55 UTC] PHP Warning:  Trying to access array offset on value of type null in /internal/eval.php on line 22
[22-May-2025 11:00:55 UTC] PHP Warning:  Undefined variable $term in /internal/eval.php on line 22
[22-May-2025 11:00:55 UTC] PHP Warning:  Trying to access array offset on value of type null in /internal/eval.php on line 22
[22-May-2025 11:00:56 UTC] PHP Warning:  Undefined variable $term in /internal/eval.php on line 22
[22-May-2025 11:00:56 UTC] PHP Warning:  Trying to access array offset on value of type null in /internal/eval.php on line 22
[22-May-2025 11:00:56 UTC] PHP Warning:  Undefined variable $term in /internal/eval.php on line 22
[22-May-2025 11:00:56 UTC] PHP Warning:  Trying to access array offset on value of type null in /internal/eval.php on line 22
[22-May-2025 11:00:56 UTC] PHP Warning:  Undefined variable $term in /internal/eval.php on line 22
[22-May-2025 11:00:56 UTC] PHP Warning:  Trying to access array offset on value of type null in /internal/eval.php on line 22
[22-May-2025 11:00:56 UTC] PHP Warning:  Undefined variable $term in /internal/eval.php on line 22
[22-May-2025 11:00:56 UTC] PHP Warning:  Trying to access array offset on value of type null in /internal/eval.php on line 22
[22-May-2025 11:00:56 UTC] PHP Warning:  Undefined variable $term in /internal/eval.php on line 22
[22-May-2025 11:00:56 UTC] PHP Warning:  Trying to access array offset on value of type null in /internal/eval.php on line 22
[22-May-2025 11:00:56 UTC] PHP Warning:  Undefined variable $term in /internal/eval.php on line 22
[22-May-2025 11:00:56 UTC] PHP Warning:  Trying to access array offset on value of type null in /internal/eval.php on line 22
[22-May-2025 11:00:56 UTC] PHP Warning:  Undefined variable $term in /internal/eval.php on line 22
[22-May-2025 11:00:56 UTC] PHP Warning:  Trying to access array offset on value of type null in /internal/eval.php on line 22
[22-May-2025 11:00:56 UTC] PHP Warning:  Undefined variable $term in /internal/eval.php on line 22
[22-May-2025 11:00:56 UTC] PHP Warning:  Trying to access array offset on value of type null in /internal/eval.php on line 22
[22-May-2025 11:00:56 UTC] PHP Warning:  Undefined variable $term in /internal/eval.php on line 22
[22-May-2025 11:00:56 UTC] PHP Warning:  Trying to access array offset on value of type null in /internal/eval.php on line 22
[22-May-2025 11:00:56 UTC] PHP Warning:  Undefined variable $term in /internal/eval.php on line 22
[22-May-2025 11:00:56 UTC] PHP Warning:  Trying to access array offset on value of type null in /internal/eval.php on line 22
[22-May-2025 11:00:56 UTC] PHP Warning:  Undefined variable $term in /internal/eval.php on line 22
[22-May-2025 11:00:56 UTC] PHP Warning:  Trying to access array offset on value of type null in /internal/eval.php on line 22
[22-May-2025 11:00:56 UTC] PHP Warning:  Undefined variable $term in /internal/eval.php on line 22
[22-May-2025 11:00:56 UTC] PHP Warning:  Trying to access array offset on value of type null in /internal/eval.php on line 22
[22-May-2025 11:00:56 UTC] PHP Warning:  Undefined variable $term in /internal/eval.php on line 22
[22-May-2025 11:00:56 UTC] PHP Warning:  Trying to access array offset on value of type null in /internal/eval.php on line 22
[22-May-2025 11:00:56 UTC] PHP Warning:  Undefined variable $term in /internal/eval.php on line 22
[22-May-2025 11:00:56 UTC] PHP Warning:  Trying to access array offset on value of type null in /internal/eval.php on line 22
[22-May-2025 11:00:56 UTC] PHP Warning:  Undefined variable $term in /internal/eval.php on line 22
[22-May-2025 11:00:56 UTC] PHP Warning:  Trying to access array offset on value of type null in /internal/eval.php on line 22
[22-May-2025 11:00:57 UTC] PHP Warning:  Undefined variable $term in /internal/eval.php on line 22
[22-May-2025 11:00:57 UTC] PHP Warning:  Trying to access array offset on value of type null in /internal/eval.php on line 22
[22-May-2025 11:00:57 UTC] PHP Warning:  Undefined variable $term in /internal/eval.php on line 22
[22-May-2025 11:00:57 UTC] PHP Warning:  Trying to access array offset on value of type null in /internal/eval.php on line 22
[22-May-2025 11:00:57 UTC] PHP Warning:  Undefined variable $term in /internal/eval.php on line 22
[22-May-2025 11:00:57 UTC] PHP Warning:  Trying to access array offset on value of type null in /internal/eval.php on line 22
[22-May-2025 11:00:57 UTC] PHP Warning:  Undefined variable $term in /internal/eval.php on line 22
[22-May-2025 11:00:57 UTC] PHP Warning:  Trying to access array offset on value of type null in /internal/eval.php on line 22
[22-May-2025 11:00:57 UTC] PHP Warning:  Undefined variable $term in /internal/eval.php on line 22
[22-May-2025 11:00:57 UTC] PHP Warning:  Trying to access array offset on value of type null in /internal/eval.php on line 22
[22-May-2025 11:00:57 UTC] PHP Warning:  Undefined variable $term in /internal/eval.php on line 22
[22-May-2025 11:00:57 UTC] PHP Warning:  Trying to access array offset on value of type null in /internal/eval.php on line 22
[22-May-2025 11:00:57 UTC] PHP Warning:  Undefined variable $term in /internal/eval.php on line 22
[22-May-2025 11:00:57 UTC] PHP Warning:  Trying to access array offset on value of type null in /internal/eval.php on line 22
[22-May-2025 11:00:57 UTC] PHP Warning:  Undefined variable $term in /internal/eval.php on line 22
[22-May-2025 11:00:57 UTC] PHP Warning:  Trying to access array offset on value of type null in /internal/eval.php on line 22
[22-May-2025 11:00:57 UTC] PHP Warning:  Undefined variable $term in /internal/eval.php on line 22
[22-May-2025 11:00:57 UTC] PHP Warning:  Trying to access array offset on value of type null in /internal/eval.php on line 22
[22-May-2025 11:00:57 UTC] PHP Warning:  Undefined variable $term in /internal/eval.php on line 22
[22-May-2025 11:00:57 UTC] PHP Warning:  Trying to access array offset on value of type null in /internal/eval.php on line 22
[22-May-2025 11:00:57 UTC] PHP Warning:  Undefined variable $term in /internal/eval.php on line 22
[22-May-2025 11:00:57 UTC] PHP Warning:  Trying to access array offset on value of type null in /internal/eval.php on line 22
[22-May-2025 11:00:57 UTC] PHP Warning:  Undefined variable $term in /internal/eval.php on line 22
[22-May-2025 11:00:57 UTC] PHP Warning:  Trying to access array offset on value of type null in /internal/eval.php on line 22
[22-May-2025 11:00:58 UTC] PHP Warning:  Undefined variable $term in /internal/eval.php on line 22
[22-May-2025 11:00:58 UTC] PHP Warning:  Trying to access array offset on value of type null in /internal/eval.php on line 22
[22-May-2025 11:00:58 UTC] PHP Warning:  Undefined variable $term in /internal/eval.php on line 22
[22-May-2025 11:00:58 UTC] PHP Warning:  Trying to access array offset on value of type null in /internal/eval.php on line 22
[22-May-2025 11:00:58 UTC] PHP Warning:  Undefined variable $term in /internal/eval.php on line 22
[22-May-2025 11:00:58 UTC] PHP Warning:  Trying to access array offset on value of type null in /internal/eval.php on line 22
[22-May-2025 11:00:58 UTC] PHP Warning:  Undefined variable $term in /internal/eval.php on line 22
[22-May-2025 11:00:58 UTC] PHP Warning:  Trying to access array offset on value of type null in /internal/eval.php on line 22
[22-May-2025 11:00:58 UTC] PHP Warning:  Undefined variable $term in /internal/eval.php on line 22
[22-May-2025 11:00:58 UTC] PHP Warning:  Trying to access array offset on value of type null in /internal/eval.php on line 22
[22-May-2025 11:00:58 UTC] PHP Warning:  Undefined variable $term in /internal/eval.php on line 22
[22-May-2025 11:00:58 UTC] PHP Warning:  Trying to access array offset on value of type null in /internal/eval.php on line 22
[22-May-2025 11:00:58 UTC] PHP Warning:  Undefined variable $term in /internal/eval.php on line 22
[22-May-2025 11:00:58 UTC] PHP Warning:  Trying to access array offset on value of type null in /internal/eval.php on line 22
[22-May-2025 11:00:58 UTC] PHP Warning:  Undefined variable $term in /internal/eval.php on line 22
[22-May-2025 11:00:58 UTC] PHP Warning:  Trying to access array offset on value of type null in /internal/eval.php on line 22
[22-May-2025 11:00:59 UTC] PHP Warning:  Undefined variable $term in /internal/eval.php on line 22
[22-May-2025 11:00:59 UTC] PHP Warning:  Trying to access array offset on value of type null in /internal/eval.php on line 22
[22-May-2025 11:00:59 UTC] PHP Warning:  Undefined variable $term in /internal/eval.php on line 22
[22-May-2025 11:00:59 UTC] PHP Warning:  Trying to access array offset on value of type null in /internal/eval.php on line 22
[22-May-2025 11:01:00 UTC] PHP Warning:  Undefined variable $term in /internal/eval.php on line 22
[22-May-2025 11:01:00 UTC] PHP Warning:  Trying to access array offset on value of type null in /internal/eval.php on line 22
[22-May-2025 11:01:00 UTC] PHP Warning:  Undefined variable $term in /internal/eval.php on line 22
[22-May-2025 11:01:00 UTC] PHP Warning:  Trying to access array offset on value of type null in /internal/eval.php on line 22
[22-May-2025 11:01:00 UTC] PHP Warning:  Undefined variable $term in /internal/eval.php on line 22
[22-May-2025 11:01:00 UTC] PHP Warning:  Trying to access array offset on value of type null in /internal/eval.php on line 22
[22-May-2025 11:01:00 UTC] PHP Warning:  Undefined variable $term in /internal/eval.php on line 22
[22-May-2025 11:01:00 UTC] PHP Warning:  Trying to access array offset on value of type null in /internal/eval.php on line 22
[22-May-2025 11:01:00 UTC] PHP Warning:  Undefined variable $term in /internal/eval.php on line 22
[22-May-2025 11:01:00 UTC] PHP Warning:  Trying to access array offset on value of type null in /internal/eval.php on line 22
[22-May-2025 11:01:00 UTC] PHP Warning:  Undefined variable $term in /internal/eval.php on line 22
[22-May-2025 11:01:00 UTC] PHP Warning:  Trying to access array offset on value of type null in /internal/eval.php on line 22
[22-May-2025 11:01:00 UTC] PHP Warning:  Undefined variable $term in /internal/eval.php on line 22
[22-May-2025 11:01:00 UTC] PHP Warning:  Trying to access array offset on value of type null in /internal/eval.php on line 22
[22-May-2025 11:01:00 UTC] PHP Warning:  Undefined variable $term in /internal/eval.php on line 22
[22-May-2025 11:01:00 UTC] PHP Warning:  Trying to access array offset on value of type null in /internal/eval.php on line 22
[22-May-2025 11:01:01 UTC] PHP Warning:  Undefined variable $term in /internal/eval.php on line 22
[22-May-2025 11:01:01 UTC] PHP Warning:  Trying to access array offset on value of type null in /internal/eval.php on line 22
[22-May-2025 11:01:01 UTC] PHP Warning:  Undefined variable $term in /internal/eval.php on line 22
[22-May-2025 11:01:01 UTC] PHP Warning:  Trying to access array offset on value of type null in /internal/eval.php on line 22
[22-May-2025 11:01:03 UTC] PHP Warning:  exif_read_data(vnech-tee-green-1-2.jpg): Incorrect APP1 Exif Identifier Code in /wordpress/wp-admin/includes/image.php on line 940
[22-May-2025 11:01:04 UTC] PHP Warning:  exif_read_data(vnech-tee-blue-1-2.jpg): Incorrect APP1 Exif Identifier Code in /wordpress/wp-admin/includes/image.php on line 940
[22-May-2025 11:01:06 UTC] PHP Warning:  exif_read_data(hoodie-blue-1-2.jpg): Incorrect APP1 Exif Identifier Code in /wordpress/wp-admin/includes/image.php on line 940
[22-May-2025 11:01:07 UTC] PHP Warning:  exif_read_data(hoodie-green-1-2.jpg): Incorrect APP1 Exif Identifier Code in /wordpress/wp-admin/includes/image.php on line 940
[22-May-2025 11:01:20 UTC] PHP Warning:  exif_read_data(single-1-2.jpg): Incorrect APP1 Exif Identifier Code in /wordpress/wp-admin/includes/image.php on line 940
[22-May-2025 11:02:42 UTC] PHP Notice:  Function _load_textdomain_just_in_time was called <strong>incorrectly</strong>. Translation loading for the <code>woocommerce</code> domain was triggered too early. This is usually an indicator for some code in the plugin or theme running too early. Translations should be loaded at the <code>init</code> action or later. Please see <a href="https://developer.wordpress.org/advanced-administration/debug/debug-wordpress/">Debugging in WordPress</a> for more information. (This message was added in version 6.7.0.) in /wordpress/wp-includes/functions.php on line 6121
[22-May-2025 11:03:22 UTC] PHP Notice:  Function _load_textdomain_just_in_time was called <strong>incorrectly</strong>. Translation loading for the <code>woocommerce</code> domain was triggered too early. This is usually an indicator for some code in the plugin or theme running too early. Translations should be loaded at the <code>init</code> action or later. Please see <a href="https://developer.wordpress.org/advanced-administration/debug/debug-wordpress/">Debugging in WordPress</a> for more information. (This message was added in version 6.7.0.) in /wordpress/wp-includes/functions.php on line 6121
[22-May-2025 11:04:02 UTC] PHP Notice:  Function _load_textdomain_just_in_time was called <strong>incorrectly</strong>. Translation loading for the <code>woocommerce</code> domain was triggered too early. This is usually an indicator for some code in the plugin or theme running too early. Translations should be loaded at the <code>init</code> action or later. Please see <a href="https://developer.wordpress.org/advanced-administration/debug/debug-wordpress/">Debugging in WordPress</a> for more information. (This message was added in version 6.7.0.) in /wordpress/wp-includes/functions.php on line 6121
[22-May-2025 11:04:19 UTC] PHP Warning:  Trying to access array offset on value of type bool in /wordpress/wp-content/plugins/oreka-search/search/forms.php on line 8
[22-May-2025 11:04:19 UTC] PHP Warning:  Trying to access array offset on value of type bool in /wordpress/wp-content/plugins/oreka-search/search/ingestion.php on line 10
[22-May-2025 11:04:19 UTC] PHP Warning:  Trying to access array offset on value of type bool in /wordpress/wp-content/plugins/oreka-search/search/ingestion.php on line 11
[22-May-2025 11:04:19 UTC] PHP Warning:  Trying to access array offset on value of type bool in /wordpress/wp-content/plugins/oreka-search/search/shortcode.php on line 7
[22-May-2025 11:04:20 UTC] PHP Fatal error:  Uncaught TypeError: Cannot access offset of type string on string in /wordpress/wp-content/plugins/oreka-search/search/forms.php:8
Stack trace:
#0 /wordpress/wp-content/plugins/oreka-search/OrekaSearch.php(29): OrekaSearchForm->__construct()
#1 /wordpress/wp-settings.php(545): include_once('/wordpress/wp-c...')
#2 /wordpress/wp-config.php(102): require_once('/wordpress/wp-s...')
#3 /wordpress/wp-load.php(50): require_once('/wordpress/wp-c...')
#4 /internal/eval.php(3): require_once('/wordpress/wp-l...')
#5 {main}
  thrown in /wordpress/wp-content/plugins/oreka-search/search/forms.php on line 8
[22-May-2025 11:04:29 UTC] PHP Warning:  Trying to access array offset on value of type bool in /wordpress/wp-content/plugins/oreka-search/search/forms.php on line 8
[22-May-2025 11:04:29 UTC] PHP Warning:  Trying to access array offset on value of type bool in /wordpress/wp-content/plugins/oreka-search/search/ingestion.php on line 10
[22-May-2025 11:04:29 UTC] PHP Warning:  Trying to access array offset on value of type bool in /wordpress/wp-content/plugins/oreka-search/search/ingestion.php on line 11
[22-May-2025 11:04:29 UTC] PHP Warning:  Trying to access array offset on value of type bool in /wordpress/wp-content/plugins/oreka-search/search/shortcode.php on line 7
[22-May-2025 11:04:30 UTC] PHP Fatal error:  Uncaught TypeError: Cannot access offset of type string on string in /wordpress/wp-content/plugins/oreka-search/search/forms.php:8
Stack trace:
#0 /wordpress/wp-content/plugins/oreka-search/OrekaSearch.php(29): OrekaSearchForm->__construct()
#1 /wordpress/wp-settings.php(545): include_once('/wordpress/wp-c...')
#2 /wordpress/wp-config.php(102): require_once('/wordpress/wp-s...')
#3 /wordpress/wp-load.php(50): require_once('/wordpress/wp-c...')
#4 /internal/eval.php(3): require_once('/wordpress/wp-l...')
#5 {main}
  thrown in /wordpress/wp-content/plugins/oreka-search/search/forms.php on line 8
[22-May-2025 11:04:38 UTC] PHP Warning:  Trying to access array offset on value of type bool in /wordpress/wp-content/plugins/oreka-search/search/forms.php on line 8
[22-May-2025 11:04:38 UTC] PHP Warning:  Trying to access array offset on value of type bool in /wordpress/wp-content/plugins/oreka-search/search/ingestion.php on line 10
[22-May-2025 11:04:38 UTC] PHP Warning:  Trying to access array offset on value of type bool in /wordpress/wp-content/plugins/oreka-search/search/ingestion.php on line 11
[22-May-2025 11:04:38 UTC] PHP Warning:  Trying to access array offset on value of type bool in /wordpress/wp-content/plugins/oreka-search/search/shortcode.php on line 7
[22-May-2025 11:04:39 UTC] PHP Fatal error:  Uncaught TypeError: Cannot access offset of type string on string in /wordpress/wp-content/plugins/oreka-search/search/forms.php:8
Stack trace:
#0 /wordpress/wp-content/plugins/oreka-search/OrekaSearch.php(29): OrekaSearchForm->__construct()
#1 /wordpress/wp-settings.php(545): include_once('/wordpress/wp-c...')
#2 /wordpress/wp-config.php(102): require_once('/wordpress/wp-s...')
#3 /wordpress/wp-load.php(50): require_once('/wordpress/wp-c...')
#4 /internal/eval.php(3): require_once('/wordpress/wp-l...')
#5 {main}
  thrown in /wordpress/wp-content/plugins/oreka-search/search/forms.php on line 8

    at Object.onBind (file:///home/runner/work/playground-tester/playground-tester/node_modules/@wp-playground/cli/index.js:237:15)
    at process.processTicksAndRejections (node:internal/process/task_queues:105:5)
    at async V (file:///home/runner/work/playground-tester/playground-tester/node_modules/@wp-playground/cli/index.js:64:10)
    at async ja (file:///home/runner/work/playground-tester/playground-tester/node_modules/@wp-playground/cli/cli.js:8161:12) {
  [cause]: Error: Error when executing the blueprint step #5 ({"step":"installPlugin","pluginData":{"resource":"wordpress.org/plugins","slug":"organ-donor-register"},"options":{"activate":true}}) : Could not download "https://downloads.wordpress.org/plugin/organ-donor-register.latest-stable.zip".
  				Check if the URL is correct and the server is reachable.
  				If it is reachable, the server might be blocking the request.
  				Check the browser console and network tabs for more information.
  
  				## Does the console show the error "No 'Access-Control-Allow-Origin' header"?
  
  				This means the server that hosts your file does not allow requests from other sites
  				(cross-origin requests, or CORS).	You need to move the asset to a server that allows
  				cross-origin file downloads. Learn more about CORS at
  				https://developer.mozilla.org/en-US/docs/Web/HTTP/CORS.
  
  				If your file is on GitHub, load it from "raw.githubusercontent.com".
  				Here's how to do that:
  
  				1. Start with the original GitHub URL of the file. For example:
  				https://github.com/username/repository/blob/branch/filename.
  				2. Replace "github.com" with "raw.githubusercontent.com".
  				3. Remove the "/blob/" part of the URL.
  
  				The resulting URL should look like this:
  				https://raw.githubusercontent.com/username/repository/branch/filename
  
  				Error:
  				Error: Could not download "https://downloads.wordpress.org/plugin/organ-donor-register.latest-stable.zip"
      at Object.run (file:///home/runner/work/playground-tester/playground-tester/node_modules/@wp-playground/blueprints/index.js:12449:19)
      at process.processTicksAndRejections (node:internal/process/task_queues:105:5)
      at async ms (file:///home/runner/work/playground-tester/playground-tester/node_modules/@wp-playground/blueprints/index.js:12552:3)
      at async Object.onBind (file:///home/runner/work/playground-tester/playground-tester/node_modules/@wp-playground/cli/index.js:227:48)
      at async V (file:///home/runner/work/playground-tester/playground-tester/node_modules/@wp-playground/cli/index.js:64:10)
      at async ja (file:///home/runner/work/playground-tester/playground-tester/node_modules/@wp-playground/cli/cli.js:8161:12) {
    [cause]: Error: Could not download "https://downloads.wordpress.org/plugin/organ-donor-register.latest-stable.zip".
    				Check if the URL is correct and the server is reachable.
    				If it is reachable, the server might be blocking the request.
    				Check the browser console and network tabs for more information.
    
    				## Does the console show the error "No 'Access-Control-Allow-Origin' header"?
    
    				This means the server that hosts your file does not allow requests from other sites
    				(cross-origin requests, or CORS).	You need to move the asset to a server that allows
    				cross-origin file downloads. Learn more about CORS at
    				https://developer.mozilla.org/en-US/docs/Web/HTTP/CORS.
    
    				If your file is on GitHub, load it from "raw.githubusercontent.com".
    				Here's how to do that:
    
    				1. Start with the original GitHub URL of the file. For example:
    				https://github.com/username/repository/blob/branch/filename.
    				2. Replace "github.com" with "raw.githubusercontent.com".
    				3. Remove the "/blob/" part of the URL.
    
    				The resulting URL should look like this:
    				https://raw.githubusercontent.com/username/repository/branch/filename
    
    				Error:
    				Error: Could not download "https://downloads.wordpress.org/plugin/organ-donor-register.latest-stable.zip"
        at Ct.resolve (file:///home/runner/work/playground-tester/playground-tester/node_modules/@wp-playground/blueprints/index.js:1472:13)
        at process.processTicksAndRejections (node:internal/process/task_queues:105:5)
        at async _.run (file:///home/runner/work/playground-tester/playground-tester/node_modules/@php-wasm/util/index.js:45:14)
  }
}

Node.js v23.11.0
