file:///home/runner/work/playground-tester/playground-tester/node_modules/@wp-playground/cli/index.js:237
        throw new Error(y, { cause: u });
              ^

Error: [13-Apr-2025 07:45:42 UTC] PHP Warning:  include_once(/wordpress/wp-content/plugins/exsile-sms-gateway/includes/ignore-fields.php): Failed to open stream: No such file or directory in /wordpress/wp-content/plugins/exsile-sms-gateway/exsile-sms-gateway.php on line 82
[13-Apr-2025 07:45:42 UTC] PHP Warning:  include_once(): Failed opening '/wordpress/wp-content/plugins/exsile-sms-gateway/includes/ignore-fields.php' for inclusion (include_path='.:') in /wordpress/wp-content/plugins/exsile-sms-gateway/exsile-sms-gateway.php on line 82
[13-Apr-2025 07:45:43 UTC] PHP Warning:  include_once(/wordpress/wp-content/plugins/exsile-sms-gateway/includes/ignore-fields.php): Failed to open stream: No such file or directory in /wordpress/wp-content/plugins/exsile-sms-gateway/exsile-sms-gateway.php on line 82
[13-Apr-2025 07:45:43 UTC] PHP Warning:  include_once(): Failed opening '/wordpress/wp-content/plugins/exsile-sms-gateway/includes/ignore-fields.php' for inclusion (include_path='.:') in /wordpress/wp-content/plugins/exsile-sms-gateway/exsile-sms-gateway.php on line 82
[13-Apr-2025 07:45:51 UTC] PHP Warning:  include_once(/wordpress/wp-content/plugins/exsile-sms-gateway/includes/ignore-fields.php): Failed to open stream: No such file or directory in /wordpress/wp-content/plugins/exsile-sms-gateway/exsile-sms-gateway.php on line 82
[13-Apr-2025 07:45:51 UTC] PHP Warning:  include_once(): Failed opening '/wordpress/wp-content/plugins/exsile-sms-gateway/includes/ignore-fields.php' for inclusion (include_path='.:') in /wordpress/wp-content/plugins/exsile-sms-gateway/exsile-sms-gateway.php on line 82
[13-Apr-2025 07:45:52 UTC] PHP Warning:  include_once(/wordpress/wp-content/plugins/exsile-sms-gateway/includes/ignore-fields.php): Failed to open stream: No such file or directory in /wordpress/wp-content/plugins/exsile-sms-gateway/exsile-sms-gateway.php on line 82
[13-Apr-2025 07:45:52 UTC] PHP Warning:  include_once(): Failed opening '/wordpress/wp-content/plugins/exsile-sms-gateway/includes/ignore-fields.php' for inclusion (include_path='.:') in /wordpress/wp-content/plugins/exsile-sms-gateway/exsile-sms-gateway.php on line 82
[13-Apr-2025 07:45:59 UTC] PHP Warning:  include_once(/wordpress/wp-content/plugins/exsile-sms-gateway/includes/ignore-fields.php): Failed to open stream: No such file or directory in /wordpress/wp-content/plugins/exsile-sms-gateway/exsile-sms-gateway.php on line 82
[13-Apr-2025 07:45:59 UTC] PHP Warning:  include_once(): Failed opening '/wordpress/wp-content/plugins/exsile-sms-gateway/includes/ignore-fields.php' for inclusion (include_path='.:') in /wordpress/wp-content/plugins/exsile-sms-gateway/exsile-sms-gateway.php on line 82
[13-Apr-2025 07:46:00 UTC] PHP Warning:  include_once(/wordpress/wp-content/plugins/exsile-sms-gateway/includes/ignore-fields.php): Failed to open stream: No such file or directory in /wordpress/wp-content/plugins/exsile-sms-gateway/exsile-sms-gateway.php on line 82
[13-Apr-2025 07:46:00 UTC] PHP Warning:  include_once(): Failed opening '/wordpress/wp-content/plugins/exsile-sms-gateway/includes/ignore-fields.php' for inclusion (include_path='.:') in /wordpress/wp-content/plugins/exsile-sms-gateway/exsile-sms-gateway.php on line 82
[13-Apr-2025 07:46:44 UTC] WordPress database error <div style="clear:both">&nbsp;</div>
<div class="queries" style="clear:both;margin-bottom:2px;border:red dotted thin;">
<p>MySQL query:</p>
<p>CREATE TABLE wp_ezwp_videocount (
				  id mediumint(9) NOT NULL AUTO_INCREMENT,
                  postID MEDIUMINT(8) UNSIGNED NOT NULL,
				  videoid char(255) DEFAULT '0',
				  viewcount bigint(10) NOT NULL,
				  PRIMARY KEY id (id)
				)</p>
<p>Queries made or created this session were:</p>
<ol>
<li>Executing: BEGIN | (no parameters)</li>
<li>Executing: ROLLBACK | (no parameters)</li>
</ol>
</div>
<div style="clear:both;margin-bottom:2px;border:red dotted thin;" class="error_message" style="border-bottom:dotted blue thin;">
Error occurred at line 4117 in Function <code>handle_error</code>. Error message was: Cannot combine AUTOINCREMENT and multiple primary keys in SQLite.
</div>
<p>Backtrace:</p>
<pre>#0 /internal/shared/sqlite-database-integration/wp-includes/sqlite/class-wp-sqlite-db.php(287): WP_SQLite_Translator->get_error_message()
#1 /wordpress/wp-admin/includes/upgrade.php(3271): WP_SQLite_DB->query('CREATE TABLE wp...')
#2 /wordpress/wp-content/plugins/ezwebplayer-wordpress-lite-video-plugin/ezwebplayerlite.php(533): dbDelta(Array)
#3 /wordpress/wp-includes/class-wp-hook.php(324): ezwebplayerlite_activate(false)
#4 /wordpress/wp-includes/class-wp-hook.php(348): WP_Hook->apply_filters('', Array)
#5 /wordpress/wp-includes/plugin.php(517): WP_Hook->do_action(Array)
#6 /wordpress/wp-admin/includes/plugin.php(703): do_action('activate_ezwebp...', false)
#7 /internal/eval.php(20): activate_plugin('ezwebplayer-wor...')
#8 {main}</pre>
 for query CREATE TABLE wp_ezwp_videocount (
				  id mediumint(9) NOT NULL AUTO_INCREMENT,
                  postID MEDIUMINT(8) UNSIGNED NOT NULL,
				  videoid char(255) DEFAULT '0',
				  viewcount bigint(10) NOT NULL,
				  PRIMARY KEY id (id)
				) made by activate_plugin, do_action('activate_ezwebplayer-wordpress-lite-video-plugin/ezwebplayerlite.php'), WP_Hook->do_action, WP_Hook->apply_filters, ezwebplayerlite_activate, dbDelta, WP_SQLite_DB->query, WP_SQLite_DB->print_error
[13-Apr-2025 07:46:52 UTC] WordPress database error <div style="clear:both">&nbsp;</div>
<div class="queries" style="clear:both;margin-bottom:2px;border:red dotted thin;">
<p>MySQL query:</p>
<p>CREATE TABLE wp_ezwp_videocount (
				  id mediumint(9) NOT NULL AUTO_INCREMENT,
                  postID MEDIUMINT(8) UNSIGNED NOT NULL,
				  videoid char(255) DEFAULT '0',
				  viewcount bigint(10) NOT NULL,
				  PRIMARY KEY id (id)
				)</p>
<p>Queries made or created this session were:</p>
<ol>
<li>Executing: BEGIN | (no parameters)</li>
<li>Executing: ROLLBACK | (no parameters)</li>
</ol>
</div>
<div style="clear:both;margin-bottom:2px;border:red dotted thin;" class="error_message" style="border-bottom:dotted blue thin;">
Error occurred at line 4117 in Function <code>handle_error</code>. Error message was: Cannot combine AUTOINCREMENT and multiple primary keys in SQLite.
</div>
<p>Backtrace:</p>
<pre>#0 /internal/shared/sqlite-database-integration/wp-includes/sqlite/class-wp-sqlite-db.php(287): WP_SQLite_Translator->get_error_message()
#1 /wordpress/wp-admin/includes/upgrade.php(3271): WP_SQLite_DB->query('CREATE TABLE wp...')
#2 /wordpress/wp-content/plugins/ezwebplayer-wordpress-lite-video-plugin/ezwebplayerlite.php(533): dbDelta(Array)
#3 /wordpress/wp-includes/class-wp-hook.php(324): ezwebplayerlite_activate(false)
#4 /wordpress/wp-includes/class-wp-hook.php(348): WP_Hook->apply_filters('', Array)
#5 /wordpress/wp-includes/plugin.php(517): WP_Hook->do_action(Array)
#6 /wordpress/wp-admin/includes/plugin.php(703): do_action('activate_ezwebp...', false)
#7 /internal/eval.php(20): activate_plugin('ezwebplayer-wor...')
#8 {main}</pre>
 for query CREATE TABLE wp_ezwp_videocount (
				  id mediumint(9) NOT NULL AUTO_INCREMENT,
                  postID MEDIUMINT(8) UNSIGNED NOT NULL,
				  videoid char(255) DEFAULT '0',
				  viewcount bigint(10) NOT NULL,
				  PRIMARY KEY id (id)
				) made by activate_plugin, do_action('activate_ezwebplayer-wordpress-lite-video-plugin/ezwebplayerlite.php'), WP_Hook->do_action, WP_Hook->apply_filters, ezwebplayerlite_activate, dbDelta, WP_SQLite_DB->query, WP_SQLite_DB->print_error
[13-Apr-2025 07:49:22 UTC] PHP Fatal error:  Unparenthesized `a ? b : c ? d : e` is not supported. Use either `(a ? b : c) ? d : e` or `a ? b : (c ? d : e)` in /wordpress/wp-content/plugins/editor-lock-by-wisdmlabs/editor-lock.php on line 124
[13-Apr-2025 07:49:29 UTC] PHP Fatal error:  Unparenthesized `a ? b : c ? d : e` is not supported. Use either `(a ? b : c) ? d : e` or `a ? b : (c ? d : e)` in /wordpress/wp-content/plugins/editor-lock-by-wisdmlabs/editor-lock.php on line 124
[13-Apr-2025 07:49:37 UTC] PHP Fatal error:  Unparenthesized `a ? b : c ? d : e` is not supported. Use either `(a ? b : c) ? d : e` or `a ? b : (c ? d : e)` in /wordpress/wp-content/plugins/editor-lock-by-wisdmlabs/editor-lock.php on line 124
[13-Apr-2025 07:52:51 UTC] PHP Deprecated:  Function create_function() is deprecated in /wordpress/wp-content/plugins/elearnify-widget/plugin.php on line 269
[13-Apr-2025 07:52:52 UTC] PHP Deprecated:  Function create_function() is deprecated in /wordpress/wp-content/plugins/elearnify-widget/plugin.php on line 269
[13-Apr-2025 07:53:00 UTC] PHP Deprecated:  Function create_function() is deprecated in /wordpress/wp-content/plugins/elearnify-widget/plugin.php on line 269
[13-Apr-2025 07:53:01 UTC] PHP Deprecated:  Function create_function() is deprecated in /wordpress/wp-content/plugins/elearnify-widget/plugin.php on line 269
[13-Apr-2025 07:53:09 UTC] PHP Deprecated:  Function create_function() is deprecated in /wordpress/wp-content/plugins/elearnify-widget/plugin.php on line 269
[13-Apr-2025 07:53:10 UTC] PHP Deprecated:  Function create_function() is deprecated in /wordpress/wp-content/plugins/elearnify-widget/plugin.php on line 269
[13-Apr-2025 07:55:08 UTC] PHP Warning:  mkdir(): No such file or directory in /wordpress/wp-content/plugins/embedpress/EmbedPress/Core.php on line 495
[13-Apr-2025 07:55:19 UTC] PHP Warning:  mkdir(): No such file or directory in /wordpress/wp-content/plugins/embedpress/EmbedPress/Core.php on line 495
[13-Apr-2025 07:55:31 UTC] PHP Warning:  mkdir(): No such file or directory in /wordpress/wp-content/plugins/embedpress/EmbedPress/Core.php on line 495

    at Object.onBind (file:///home/runner/work/playground-tester/playground-tester/node_modules/@wp-playground/cli/index.js:237:15)
    at process.processTicksAndRejections (node:internal/process/task_queues:105:5)
    at async V (file:///home/runner/work/playground-tester/playground-tester/node_modules/@wp-playground/cli/index.js:64:10)
    at async ja (file:///home/runner/work/playground-tester/playground-tester/node_modules/@wp-playground/cli/cli.js:8161:12) {
  [cause]: Error: Error when executing the blueprint step #1 ({"step":"installPlugin","pluginData":{"resource":"wordpress.org/plugins","slug":"ep-comments-export"},"options":{"activate":true}}) : Plugin /wordpress/wp-content/plugins/ep-comments-export could not be activated – WordPress exited with no error. Sometimes, when $_SERVER or site options are not configured correctly, WordPress exits early with a 301 redirect. Inspect the "debug" logs in the console for more details.
      at Object.run (file:///home/runner/work/playground-tester/playground-tester/node_modules/@wp-playground/blueprints/index.js:12449:19)
      at process.processTicksAndRejections (node:internal/process/task_queues:105:5)
      at async ms (file:///home/runner/work/playground-tester/playground-tester/node_modules/@wp-playground/blueprints/index.js:12552:3)
      ... 2 lines matching cause stack trace ...
      at async ja (file:///home/runner/work/playground-tester/playground-tester/node_modules/@wp-playground/cli/cli.js:8161:12) {
    [cause]: Error: Plugin /wordpress/wp-content/plugins/ep-comments-export could not be activated – WordPress exited with no error. Sometimes, when $_SERVER or site options are not configured correctly, WordPress exits early with a 301 redirect. Inspect the "debug" logs in the console for more details.
        at wr (file:///home/runner/work/playground-tester/playground-tester/node_modules/@wp-playground/blueprints/index.js:119:51)
        at process.processTicksAndRejections (node:internal/process/task_queues:105:5)
        at async Object.gt [as installPlugin] (file:///home/runner/work/playground-tester/playground-tester/node_modules/@wp-playground/blueprints/index.js:974:42)
        at async g (file:///home/runner/work/playground-tester/playground-tester/node_modules/@wp-playground/blueprints/index.js:12517:30)
        at async Object.run (file:///home/runner/work/playground-tester/playground-tester/node_modules/@wp-playground/blueprints/index.js:12446:23)
        at async ms (file:///home/runner/work/playground-tester/playground-tester/node_modules/@wp-playground/blueprints/index.js:12552:3)
        at async Object.onBind (file:///home/runner/work/playground-tester/playground-tester/node_modules/@wp-playground/cli/index.js:227:48)
        at async V (file:///home/runner/work/playground-tester/playground-tester/node_modules/@wp-playground/cli/index.js:64:10)
        at async ja (file:///home/runner/work/playground-tester/playground-tester/node_modules/@wp-playground/cli/cli.js:8161:12)
  }
}

Node.js v23.11.0
