file:///home/runner/work/playground-tester/playground-tester/node_modules/@wp-playground/cli/run-cli-j-geJYS3.js:325
        throw new Error($, { cause: h });
              ^

Error: [28-Jun-2025 08:57:39 UTC] PHP Warning:  Undefined array key "DOCUMENT_ROOT" in /wordpress/wp-content/plugins/brozzme-switch-duplicate/includes/brozzme_plugins_page.php on line 54
[28-Jun-2025 08:57:39 UTC] PHP Warning:  Trying to access array offset on value of type bool in /wordpress/wp-content/plugins/brozzme-switch-duplicate/brozzme_switch_duplicate.php on line 96
[28-Jun-2025 08:57:44 UTC] PHP Warning:  Undefined array key "DOCUMENT_ROOT" in /wordpress/wp-content/plugins/brozzme-switch-duplicate/includes/brozzme_plugins_page.php on line 54
[28-Jun-2025 08:57:44 UTC] PHP Warning:  Trying to access array offset on value of type bool in /wordpress/wp-content/plugins/brozzme-switch-duplicate/brozzme_switch_duplicate.php on line 96
[28-Jun-2025 08:57:46 UTC] PHP Warning:  Undefined array key "DOCUMENT_ROOT" in /wordpress/wp-content/plugins/brozzme-switch-duplicate/includes/brozzme_plugins_page.php on line 54
[28-Jun-2025 08:57:46 UTC] PHP Warning:  Trying to access array offset on value of type bool in /wordpress/wp-content/plugins/brozzme-switch-duplicate/brozzme_switch_duplicate.php on line 96
[28-Jun-2025 09:02:35 UTC] PHP Fatal error:  Uncaught Error: Undefined constant "ACT_STOP_SPAM_KEY" in /wordpress/wp-content/plugins/act-stop-spam/act-stop-spam.php:291
Stack trace:
#0 /wordpress/wp-content/plugins/act-stop-spam/includes/class-act-install.php(56): Act_Stop_Spam::update_settings(Array)
#1 /wordpress/wp-includes/class-wp-hook.php(324): ACT_STOP_SPAM_Install::activate(false)
#2 /wordpress/wp-includes/class-wp-hook.php(348): WP_Hook->apply_filters('', Array)
#3 /wordpress/wp-includes/plugin.php(517): WP_Hook->do_action(Array)
#4 /wordpress/wp-admin/includes/plugin.php(703): do_action('activate_act-st...', false)
#5 /internal/eval.php(20): activate_plugin('act-stop-spam/a...')
#6 {main}
  thrown in /wordpress/wp-content/plugins/act-stop-spam/act-stop-spam.php on line 291
[28-Jun-2025 09:02:37 UTC] PHP Fatal error:  Uncaught Error: Undefined constant "ACT_STOP_SPAM_KEY" in /wordpress/wp-content/plugins/act-stop-spam/act-stop-spam.php:291
Stack trace:
#0 /wordpress/wp-content/plugins/act-stop-spam/includes/class-act-install.php(56): Act_Stop_Spam::update_settings(Array)
#1 /wordpress/wp-includes/class-wp-hook.php(324): ACT_STOP_SPAM_Install::activate(false)
#2 /wordpress/wp-includes/class-wp-hook.php(348): WP_Hook->apply_filters('', Array)
#3 /wordpress/wp-includes/plugin.php(517): WP_Hook->do_action(Array)
#4 /wordpress/wp-admin/includes/plugin.php(703): do_action('activate_act-st...', false)
#5 /internal/eval.php(20): activate_plugin('act-stop-spam/a...')
#6 {main}
  thrown in /wordpress/wp-content/plugins/act-stop-spam/act-stop-spam.php on line 291
[28-Jun-2025 09:02:54 UTC] PHP Fatal error:  Uncaught Error: Call to undefined function create_function() in /wordpress/wp-content/plugins/advanced-category-column/class-lib/ACC_WidgetClass.php:404
Stack trace:
#0 /wordpress/wp-content/plugins/advanced-category-column/advanced-cc.php(50): require_once()
#1 /wordpress/wp-admin/includes/plugin.php(2387): include_once('/wordpress/wp-c...')
#2 /wordpress/wp-admin/includes/plugin.php(673): plugin_sandbox_scrape('advanced-catego...')
#3 /internal/eval.php(20): activate_plugin('advanced-catego...')
#4 {main}
  thrown in /wordpress/wp-content/plugins/advanced-category-column/class-lib/ACC_WidgetClass.php on line 404
[28-Jun-2025 09:02:59 UTC] PHP Fatal error:  Uncaught Error: Call to undefined function create_function() in /wordpress/wp-content/plugins/advanced-category-column/class-lib/ACC_WidgetClass.php:404
Stack trace:
#0 /wordpress/wp-content/plugins/advanced-category-column/advanced-cc.php(50): require_once()
#1 /wordpress/wp-admin/includes/plugin.php(2387): include_once('/wordpress/wp-c...')
#2 /wordpress/wp-admin/includes/plugin.php(673): plugin_sandbox_scrape('advanced-catego...')
#3 /internal/eval.php(20): activate_plugin('advanced-catego...')
#4 {main}
  thrown in /wordpress/wp-content/plugins/advanced-category-column/class-lib/ACC_WidgetClass.php on line 404
[28-Jun-2025 09:03:15 UTC] PHP Warning:  Trying to access array offset on value of type bool in /wordpress/wp-content/plugins/adz-world/vendor/eof/adz-config.php on line 208
[28-Jun-2025 09:03:15 UTC] PHP Warning:  Trying to access array offset on value of type null in /wordpress/wp-content/plugins/adz-world/vendor/eof/adz-config.php on line 208
[28-Jun-2025 09:03:19 UTC] PHP Warning:  Trying to access array offset on value of type bool in /wordpress/wp-content/plugins/adz-world/vendor/eof/adz-config.php on line 208
[28-Jun-2025 09:03:19 UTC] PHP Warning:  Trying to access array offset on value of type null in /wordpress/wp-content/plugins/adz-world/vendor/eof/adz-config.php on line 208
[28-Jun-2025 09:05:24 UTC] PHP Deprecated:  Required parameter $column_name follows optional parameter $empty in /wordpress/wp-content/plugins/ajax-event-calendar/ajax-event-calendar.php on line 1758
[28-Jun-2025 09:05:24 UTC] PHP Deprecated:  Required parameter $user_id follows optional parameter $empty in /wordpress/wp-content/plugins/ajax-event-calendar/ajax-event-calendar.php on line 1758
[28-Jun-2025 09:05:24 UTC] PHP Fatal error:  Declaration of aec_contributor_list::form() must be compatible with WP_Widget::form($instance) in /wordpress/wp-content/plugins/ajax-event-calendar/inc/widget-contributors.php on line 61
[28-Jun-2025 09:05:28 UTC] PHP Deprecated:  Required parameter $column_name follows optional parameter $empty in /wordpress/wp-content/plugins/ajax-event-calendar/ajax-event-calendar.php on line 1758
[28-Jun-2025 09:05:28 UTC] PHP Deprecated:  Required parameter $user_id follows optional parameter $empty in /wordpress/wp-content/plugins/ajax-event-calendar/ajax-event-calendar.php on line 1758
[28-Jun-2025 09:05:28 UTC] PHP Fatal error:  Declaration of aec_contributor_list::form() must be compatible with WP_Widget::form($instance) in /wordpress/wp-content/plugins/ajax-event-calendar/inc/widget-contributors.php on line 61

    at Object.onBind (file:///home/runner/work/playground-tester/playground-tester/node_modules/@wp-playground/cli/run-cli-j-geJYS3.js:325:15)
    at process.processTicksAndRejections (node:internal/process/task_queues:105:5)
    at async re (file:///home/runner/work/playground-tester/playground-tester/node_modules/@wp-playground/cli/run-cli-j-geJYS3.js:149:10) {
  [cause]: Error: Error when executing the blueprint step #1 ({"step":"installPlugin","pluginData":{"resource":"url","url":"https://github-proxy.com/proxy/?repo=Automattic/sqlite-database-integration&branch=develop"},"options":{"activate":false}}) : Invalid typed array length: 4
      at Object.run (file:///home/runner/work/playground-tester/playground-tester/node_modules/@wp-playground/blueprints/index.js:12093:19)
      at process.processTicksAndRejections (node:internal/process/task_queues:105:5)
      at async ys (file:///home/runner/work/playground-tester/playground-tester/node_modules/@wp-playground/blueprints/index.js:12196:3)
      at async Object.onBind (file:///home/runner/work/playground-tester/playground-tester/node_modules/@wp-playground/cli/run-cli-j-geJYS3.js:315:48)
      at async re (file:///home/runner/work/playground-tester/playground-tester/node_modules/@wp-playground/cli/run-cli-j-geJYS3.js:149:10) {
    [cause]: RangeError: Invalid typed array length: 4
        at new Uint8Array (<anonymous>)
        at L (file:///home/runner/work/playground-tester/playground-tester/node_modules/@wp-playground/blueprints/index.js:592:15)
        at process.processTicksAndRejections (node:internal/process/task_queues:105:5)
        at async Object.gt [as installPlugin] (file:///home/runner/work/playground-tester/playground-tester/node_modules/@wp-playground/blueprints/index.js:596:9)
        at async g (file:///home/runner/work/playground-tester/playground-tester/node_modules/@wp-playground/blueprints/index.js:12161:30)
        at async Object.run (file:///home/runner/work/playground-tester/playground-tester/node_modules/@wp-playground/blueprints/index.js:12090:23)
        at async ys (file:///home/runner/work/playground-tester/playground-tester/node_modules/@wp-playground/blueprints/index.js:12196:3)
        at async Object.onBind (file:///home/runner/work/playground-tester/playground-tester/node_modules/@wp-playground/cli/run-cli-j-geJYS3.js:315:48)
        at async re (file:///home/runner/work/playground-tester/playground-tester/node_modules/@wp-playground/cli/run-cli-j-geJYS3.js:149:10)
  }
}

Node.js v23.11.0
