file:///home/runner/work/playground-tester/playground-tester/node_modules/@wp-playground/cli/run-cli-j-geJYS3.js:325
        throw new Error($, { cause: h });
              ^

Error: [07-Jun-2025 13:52:34 UTC] PHP Warning:  Undefined array key "HTTP_USER_AGENT" in /wordpress/wp-content/plugins/internet-explorer-6-upgrade/i6upgrade.php on line 78
[07-Jun-2025 13:52:34 UTC] PHP Fatal error:  Uncaught Error: Call to undefined function ereg() in /wordpress/wp-content/plugins/internet-explorer-6-upgrade/i6upgrade.php:84
Stack trace:
#0 /wordpress/wp-admin/includes/plugin.php(2387): include_once()
#1 /wordpress/wp-admin/includes/plugin.php(673): plugin_sandbox_scrape('internet-explor...')
#2 /internal/eval.php(20): activate_plugin('internet-explor...')
#3 {main}
  thrown in /wordpress/wp-content/plugins/internet-explorer-6-upgrade/i6upgrade.php on line 84
[07-Jun-2025 13:52:42 UTC] PHP Warning:  Undefined array key "HTTP_USER_AGENT" in /wordpress/wp-content/plugins/internet-explorer-6-upgrade/i6upgrade.php on line 78
[07-Jun-2025 13:52:42 UTC] PHP Fatal error:  Uncaught Error: Call to undefined function ereg() in /wordpress/wp-content/plugins/internet-explorer-6-upgrade/i6upgrade.php:84
Stack trace:
#0 /wordpress/wp-admin/includes/plugin.php(2387): include_once()
#1 /wordpress/wp-admin/includes/plugin.php(673): plugin_sandbox_scrape('internet-explor...')
#2 /internal/eval.php(20): activate_plugin('internet-explor...')
#3 {main}
  thrown in /wordpress/wp-content/plugins/internet-explorer-6-upgrade/i6upgrade.php on line 84
[07-Jun-2025 13:52:50 UTC] PHP Warning:  Undefined array key "HTTP_USER_AGENT" in /wordpress/wp-content/plugins/internet-explorer-6-upgrade/i6upgrade.php on line 78
[07-Jun-2025 13:52:50 UTC] PHP Fatal error:  Uncaught Error: Call to undefined function ereg() in /wordpress/wp-content/plugins/internet-explorer-6-upgrade/i6upgrade.php:84
Stack trace:
#0 /wordpress/wp-admin/includes/plugin.php(2387): include_once()
#1 /wordpress/wp-admin/includes/plugin.php(673): plugin_sandbox_scrape('internet-explor...')
#2 /internal/eval.php(20): activate_plugin('internet-explor...')
#3 {main}
  thrown in /wordpress/wp-content/plugins/internet-explorer-6-upgrade/i6upgrade.php on line 84
[07-Jun-2025 13:54:57 UTC] PHP Warning:  Trying to access array offset on value of type bool in /wordpress/wp-content/plugins/isms-2-factor-authentication/includes/iSMSAuth.php on line 20
[07-Jun-2025 13:54:57 UTC] PHP Warning:  Trying to access array offset on value of type bool in /wordpress/wp-content/plugins/isms-2-factor-authentication/includes/iSMSAuthProcess.php on line 17
[07-Jun-2025 13:54:57 UTC] PHP Warning:  Trying to access array offset on value of type bool in /wordpress/wp-content/plugins/isms-2-factor-authentication/includes/iSMSAuthProcess.php on line 18
[07-Jun-2025 13:54:57 UTC] PHP Warning:  Trying to access array offset on value of type bool in /wordpress/wp-content/plugins/isms-2-factor-authentication/includes/iSMSAuthProcess.php on line 83
[07-Jun-2025 13:54:57 UTC] WordPress database error <div style="clear:both">&nbsp;</div>
<div class="queries" style="clear:both;margin-bottom:2px;border:red dotted thin;">
<p>MySQL query:</p>
<p>SELECT * FROM `wp_isms-authenticator` WHERE is_expired = 0 AND timestamp < date_sub(now(), interval  minute) </p>
<p>Queries made or created this session were:</p>
<ol>
</ol>
</div>
<div style="clear:both;margin-bottom:2px;border:red dotted thin;" class="error_message" style="border-bottom:dotted blue thin;">
Failed to parse the MySQL query.
</div>
<p>Backtrace:</p>
<pre>#0 /internal/shared/sqlite-database-integration/wp-includes/sqlite-ast/class-wp-sqlite-driver.php(606): WP_SQLite_Driver->new_driver_exception('Failed to parse...')
#1 /internal/shared/sqlite-database-integration/wp-includes/sqlite/class-wp-sqlite-db.php(491): WP_SQLite_Driver->query('SELECT * FROM `...')
#2 /internal/shared/sqlite-database-integration/wp-includes/sqlite/class-wp-sqlite-db.php(432): WP_SQLite_DB->_do_query('SELECT * FROM `...')
#3 /wordpress/wp-includes/class-wpdb.php(3146): WP_SQLite_DB->query('SELECT * FROM `...')
#4 /wordpress/wp-content/plugins/isms-2-factor-authentication/includes/iSMSAuthProcess.php(85): wpdb->get_results('SELECT * FROM `...')
#5 /wordpress/wp-content/plugins/isms-2-factor-authentication/includes/iSMSAuth.php(29): wp_isms_authenticator\includes\iSMSAuthProcess->check_expired_otp()
#6 /wordpress/wp-content/plugins/isms-2-factor-authentication/isms-authenticator.php(42): wp_isms_authenticator\includes\iSMSAuth->__construct()
#7 /wordpress/wp-includes/class-wp-hook.php(324): wp_isms_authenticator->plugins_loaded('')
#8 /wordpress/wp-includes/class-wp-hook.php(348): WP_Hook->apply_filters(NULL, Array)
#9 /wordpress/wp-includes/plugin.php(517): WP_Hook->do_action(Array)
#10 /wordpress/wp-settings.php(578): do_action('plugins_loaded')
#11 /wordpress/wp-config.php(102): require_once('/wordpress/wp-s...')
#12 /wordpress/wp-load.php(50): require_once('/wordpress/wp-c...')
#13 /internal/eval.php(3): require_once('/wordpress/wp-l...')
#14 {main}</pre>
 for query SELECT * FROM `wp_isms-authenticator` WHERE is_expired = 0 AND timestamp < date_sub(now(), interval  minute)  made by require_once('wp-load.php'), require_once('wp-config.php'), require_once('wp-settings.php'), do_action('plugins_loaded'), WP_Hook->do_action, WP_Hook->apply_filters, wp_isms_authenticator->plugins_loaded, wp_isms_authenticator\includes\iSMSAuth->__construct, wp_isms_authenticator\includes\iSMSAuthProcess->check_expired_otp, WP_SQLite_DB->query, WP_SQLite_DB->print_error
[07-Jun-2025 13:55:06 UTC] PHP Warning:  Trying to access array offset on value of type bool in /wordpress/wp-content/plugins/isms-2-factor-authentication/includes/iSMSAuth.php on line 20
[07-Jun-2025 13:55:06 UTC] PHP Warning:  Trying to access array offset on value of type bool in /wordpress/wp-content/plugins/isms-2-factor-authentication/includes/iSMSAuthProcess.php on line 17
[07-Jun-2025 13:55:06 UTC] PHP Warning:  Trying to access array offset on value of type bool in /wordpress/wp-content/plugins/isms-2-factor-authentication/includes/iSMSAuthProcess.php on line 18
[07-Jun-2025 13:55:06 UTC] PHP Warning:  Trying to access array offset on value of type bool in /wordpress/wp-content/plugins/isms-2-factor-authentication/includes/iSMSAuthProcess.php on line 83
[07-Jun-2025 13:55:06 UTC] WordPress database error <div style="clear:both">&nbsp;</div>
<div class="queries" style="clear:both;margin-bottom:2px;border:red dotted thin;">
<p>MySQL query:</p>
<p>SELECT * FROM `wp_isms-authenticator` WHERE is_expired = 0 AND timestamp < date_sub(now(), interval  minute) </p>
<p>Queries made or created this session were:</p>
<ol>
</ol>
</div>
<div style="clear:both;margin-bottom:2px;border:red dotted thin;" class="error_message" style="border-bottom:dotted blue thin;">
Failed to parse the MySQL query.
</div>
<p>Backtrace:</p>
<pre>#0 /internal/shared/sqlite-database-integration/wp-includes/sqlite-ast/class-wp-sqlite-driver.php(606): WP_SQLite_Driver->new_driver_exception('Failed to parse...')
#1 /internal/shared/sqlite-database-integration/wp-includes/sqlite/class-wp-sqlite-db.php(491): WP_SQLite_Driver->query('SELECT * FROM `...')
#2 /internal/shared/sqlite-database-integration/wp-includes/sqlite/class-wp-sqlite-db.php(432): WP_SQLite_DB->_do_query('SELECT * FROM `...')
#3 /wordpress/wp-includes/class-wpdb.php(3146): WP_SQLite_DB->query('SELECT * FROM `...')
#4 /wordpress/wp-content/plugins/isms-2-factor-authentication/includes/iSMSAuthProcess.php(85): wpdb->get_results('SELECT * FROM `...')
#5 /wordpress/wp-content/plugins/isms-2-factor-authentication/includes/iSMSAuth.php(29): wp_isms_authenticator\includes\iSMSAuthProcess->check_expired_otp()
#6 /wordpress/wp-content/plugins/isms-2-factor-authentication/isms-authenticator.php(42): wp_isms_authenticator\includes\iSMSAuth->__construct()
#7 /wordpress/wp-includes/class-wp-hook.php(324): wp_isms_authenticator->plugins_loaded('')
#8 /wordpress/wp-includes/class-wp-hook.php(348): WP_Hook->apply_filters(NULL, Array)
#9 /wordpress/wp-includes/plugin.php(517): WP_Hook->do_action(Array)
#10 /wordpress/wp-settings.php(578): do_action('plugins_loaded')
#11 /wordpress/wp-config.php(102): require_once('/wordpress/wp-s...')
#12 /wordpress/wp-load.php(50): require_once('/wordpress/wp-c...')
#13 /internal/eval.php(3): require_once('/wordpress/wp-l...')
#14 {main}</pre>
 for query SELECT * FROM `wp_isms-authenticator` WHERE is_expired = 0 AND timestamp < date_sub(now(), interval  minute)  made by require_once('wp-load.php'), require_once('wp-config.php'), require_once('wp-settings.php'), do_action('plugins_loaded'), WP_Hook->do_action, WP_Hook->apply_filters, wp_isms_authenticator->plugins_loaded, wp_isms_authenticator\includes\iSMSAuth->__construct, wp_isms_authenticator\includes\iSMSAuthProcess->check_expired_otp, WP_SQLite_DB->query, WP_SQLite_DB->print_error
[07-Jun-2025 13:55:15 UTC] PHP Warning:  Trying to access array offset on value of type bool in /wordpress/wp-content/plugins/isms-2-factor-authentication/includes/iSMSAuth.php on line 20
[07-Jun-2025 13:55:15 UTC] PHP Warning:  Trying to access array offset on value of type bool in /wordpress/wp-content/plugins/isms-2-factor-authentication/includes/iSMSAuthProcess.php on line 17
[07-Jun-2025 13:55:15 UTC] PHP Warning:  Trying to access array offset on value of type bool in /wordpress/wp-content/plugins/isms-2-factor-authentication/includes/iSMSAuthProcess.php on line 18
[07-Jun-2025 13:55:15 UTC] PHP Warning:  Trying to access array offset on value of type bool in /wordpress/wp-content/plugins/isms-2-factor-authentication/includes/iSMSAuthProcess.php on line 83
[07-Jun-2025 13:55:15 UTC] WordPress database error <div style="clear:both">&nbsp;</div>
<div class="queries" style="clear:both;margin-bottom:2px;border:red dotted thin;">
<p>MySQL query:</p>
<p>SELECT * FROM `wp_isms-authenticator` WHERE is_expired = 0 AND timestamp < date_sub(now(), interval  minute) </p>
<p>Queries made or created this session were:</p>
<ol>
</ol>
</div>
<div style="clear:both;margin-bottom:2px;border:red dotted thin;" class="error_message" style="border-bottom:dotted blue thin;">
Failed to parse the MySQL query.
</div>
<p>Backtrace:</p>
<pre>#0 /internal/shared/sqlite-database-integration/wp-includes/sqlite-ast/class-wp-sqlite-driver.php(606): WP_SQLite_Driver->new_driver_exception('Failed to parse...')
#1 /internal/shared/sqlite-database-integration/wp-includes/sqlite/class-wp-sqlite-db.php(491): WP_SQLite_Driver->query('SELECT * FROM `...')
#2 /internal/shared/sqlite-database-integration/wp-includes/sqlite/class-wp-sqlite-db.php(432): WP_SQLite_DB->_do_query('SELECT * FROM `...')
#3 /wordpress/wp-includes/class-wpdb.php(3146): WP_SQLite_DB->query('SELECT * FROM `...')
#4 /wordpress/wp-content/plugins/isms-2-factor-authentication/includes/iSMSAuthProcess.php(85): wpdb->get_results('SELECT * FROM `...')
#5 /wordpress/wp-content/plugins/isms-2-factor-authentication/includes/iSMSAuth.php(29): wp_isms_authenticator\includes\iSMSAuthProcess->check_expired_otp()
#6 /wordpress/wp-content/plugins/isms-2-factor-authentication/isms-authenticator.php(42): wp_isms_authenticator\includes\iSMSAuth->__construct()
#7 /wordpress/wp-includes/class-wp-hook.php(324): wp_isms_authenticator->plugins_loaded('')
#8 /wordpress/wp-includes/class-wp-hook.php(348): WP_Hook->apply_filters(NULL, Array)
#9 /wordpress/wp-includes/plugin.php(517): WP_Hook->do_action(Array)
#10 /wordpress/wp-settings.php(578): do_action('plugins_loaded')
#11 /wordpress/wp-config.php(102): require_once('/wordpress/wp-s...')
#12 /wordpress/wp-load.php(50): require_once('/wordpress/wp-c...')
#13 /internal/eval.php(3): require_once('/wordpress/wp-l...')
#14 {main}</pre>
 for query SELECT * FROM `wp_isms-authenticator` WHERE is_expired = 0 AND timestamp < date_sub(now(), interval  minute)  made by require_once('wp-load.php'), require_once('wp-config.php'), require_once('wp-settings.php'), do_action('plugins_loaded'), WP_Hook->do_action, WP_Hook->apply_filters, wp_isms_authenticator->plugins_loaded, wp_isms_authenticator\includes\iSMSAuth->__construct, wp_isms_authenticator\includes\iSMSAuthProcess->check_expired_otp, WP_SQLite_DB->query, WP_SQLite_DB->print_error
[07-Jun-2025 13:55:24 UTC] PHP Warning:  Undefined variable $wp_version in /wordpress/wp-content/plugins/intelliads/intelliads.php on line 223
[07-Jun-2025 13:55:24 UTC] PHP Fatal error:  Uncaught TypeError: call_user_func_array(): Argument #1 ($callback) must be a valid callback, non-static method IntelliChristian_Links::activate() cannot be called statically in /wordpress/wp-includes/class-wp-hook.php:324
Stack trace:
#0 /wordpress/wp-includes/class-wp-hook.php(348): WP_Hook->apply_filters('', Array)
#1 /wordpress/wp-includes/plugin.php(517): WP_Hook->do_action(Array)
#2 /wordpress/wp-admin/includes/plugin.php(703): do_action('activate_intell...', false)
#3 /internal/eval.php(20): activate_plugin('intelliads/inte...')
#4 {main}
  thrown in /wordpress/wp-includes/class-wp-hook.php on line 324
[07-Jun-2025 13:55:33 UTC] PHP Warning:  Undefined variable $wp_version in /wordpress/wp-content/plugins/intelliads/intelliads.php on line 223
[07-Jun-2025 13:55:33 UTC] PHP Fatal error:  Uncaught TypeError: call_user_func_array(): Argument #1 ($callback) must be a valid callback, non-static method IntelliChristian_Links::activate() cannot be called statically in /wordpress/wp-includes/class-wp-hook.php:324
Stack trace:
#0 /wordpress/wp-includes/class-wp-hook.php(348): WP_Hook->apply_filters('', Array)
#1 /wordpress/wp-includes/plugin.php(517): WP_Hook->do_action(Array)
#2 /wordpress/wp-admin/includes/plugin.php(703): do_action('activate_intell...', false)
#3 /internal/eval.php(20): activate_plugin('intelliads/inte...')
#4 {main}
  thrown in /wordpress/wp-includes/class-wp-hook.php on line 324

    at Object.onBind (file:///home/runner/work/playground-tester/playground-tester/node_modules/@wp-playground/cli/run-cli-j-geJYS3.js:325:15)
    at process.processTicksAndRejections (node:internal/process/task_queues:105:5)
    at async re (file:///home/runner/work/playground-tester/playground-tester/node_modules/@wp-playground/cli/run-cli-j-geJYS3.js:149:10) {
  [cause]: Error: Error when executing the blueprint step #1 ({"step":"installPlugin","pluginData":{"resource":"wordpress.org/plugins","slug":"intelliads"},"options":{"activate":true}}) : PHP.run() failed with exit code 255 and the following output: 
      at Object.run (file:///home/runner/work/playground-tester/playground-tester/node_modules/@wp-playground/blueprints/index.js:12093:19)
      at process.processTicksAndRejections (node:internal/process/task_queues:105:5)
      at async ys (file:///home/runner/work/playground-tester/playground-tester/node_modules/@wp-playground/blueprints/index.js:12196:3)
      at async Object.onBind (file:///home/runner/work/playground-tester/playground-tester/node_modules/@wp-playground/cli/run-cli-j-geJYS3.js:315:48)
      at async re (file:///home/runner/work/playground-tester/playground-tester/node_modules/@wp-playground/cli/run-cli-j-geJYS3.js:149:10) {
    [cause]: PHPExecutionFailureError: PHP.run() failed with exit code 255 and the following output: 
        at PHP.run (file:///home/runner/work/playground-tester/playground-tester/node_modules/@php-wasm/universal/index.js:1034:19)
        at process.processTicksAndRejections (node:internal/process/task_queues:105:5)
        at async wr (file:///home/runner/work/playground-tester/playground-tester/node_modules/@wp-playground/blueprints/index.js:34:39)
        at async Object.gt [as installPlugin] (file:///home/runner/work/playground-tester/playground-tester/node_modules/@wp-playground/blueprints/index.js:631:42)
        at async g (file:///home/runner/work/playground-tester/playground-tester/node_modules/@wp-playground/blueprints/index.js:12161:30)
        at async Object.run (file:///home/runner/work/playground-tester/playground-tester/node_modules/@wp-playground/blueprints/index.js:12090:23)
        at async ys (file:///home/runner/work/playground-tester/playground-tester/node_modules/@wp-playground/blueprints/index.js:12196:3)
        at async Object.onBind (file:///home/runner/work/playground-tester/playground-tester/node_modules/@wp-playground/cli/run-cli-j-geJYS3.js:315:48)
        at async re (file:///home/runner/work/playground-tester/playground-tester/node_modules/@wp-playground/cli/run-cli-j-geJYS3.js:149:10) {
      response: PHPResponse {
        httpStatusCode: 500,
        headers: {
          'x-powered-by': [ 'PHP/8.0.30-dev' ],
          'content-type': [ 'text/html; charset=UTF-8' ]
        },
        bytes: Uint8Array(0) [],
        exitCode: 255,
        errors: ''
      },
      source: 'request'
    }
  }
}

Node.js v23.11.0
