file:///home/runner/work/playground-tester/playground-tester/node_modules/@wp-playground/cli/index.js:237
        throw new Error(y, { cause: u });
              ^

Error: [26-May-2025 16:56:54 UTC] PHP Notice:  Function _load_textdomain_just_in_time was called <strong>incorrectly</strong>. Translation loading for the <code>cupri</code> domain was triggered too early. This is usually an indicator for some code in the plugin or theme running too early. Translations should be loaded at the <code>init</code> action or later. Please see <a href="https://developer.wordpress.org/advanced-administration/debug/debug-wordpress/">Debugging in WordPress</a> for more information. (This message was added in version 6.7.0.) in /wordpress/wp-includes/functions.php on line 6121
[26-May-2025 16:57:03 UTC] PHP Notice:  Function _load_textdomain_just_in_time was called <strong>incorrectly</strong>. Translation loading for the <code>cupri</code> domain was triggered too early. This is usually an indicator for some code in the plugin or theme running too early. Translations should be loaded at the <code>init</code> action or later. Please see <a href="https://developer.wordpress.org/advanced-administration/debug/debug-wordpress/">Debugging in WordPress</a> for more information. (This message was added in version 6.7.0.) in /wordpress/wp-includes/functions.php on line 6121
[26-May-2025 16:57:13 UTC] PHP Notice:  Function _load_textdomain_just_in_time was called <strong>incorrectly</strong>. Translation loading for the <code>cupri</code> domain was triggered too early. This is usually an indicator for some code in the plugin or theme running too early. Translations should be loaded at the <code>init</code> action or later. Please see <a href="https://developer.wordpress.org/advanced-administration/debug/debug-wordpress/">Debugging in WordPress</a> for more information. (This message was added in version 6.7.0.) in /wordpress/wp-includes/functions.php on line 6121
[26-May-2025 16:57:23 UTC] PHP Fatal error:  Uncaught Error: Undefined constant "PassByME\Plugin\Admin\MCRYPT_RIJNDAEL_128" in /wordpress/wp-content/plugins/passbyme-two-factor-authentication/src/Microsec/PassByME/Plugin/Admin/Functions.php:23
Stack trace:
#0 /wordpress/wp-content/plugins/passbyme-two-factor-authentication/src/Microsec/PassByME/Plugin/Loader.php(25): PassByME\Plugin\Admin\Functions->__construct()
#1 /wordpress/wp-content/plugins/passbyme-two-factor-authentication/src/Microsec/PassByME/Plugin/Loader.php(21): PassByME\Plugin\Loader->loadPBMConfig()
#2 /wordpress/wp-content/plugins/passbyme-two-factor-authentication/src/Microsec/PassByME/Plugin/Core.php(21): PassByME\Plugin\Loader->__construct()
#3 /wordpress/wp-content/plugins/passbyme-two-factor-authentication/passbyme-2factor-authentication.php(24): PassByME\Plugin\Core->__construct('1.0.1')
#4 /wordpress/wp-admin/includes/plugin.php(2387): include_once('/wordpress/wp-c...')
#5 /wordpress/wp-admin/includes/plugin.php(673): plugin_sandbox_scrape('passbyme-two-fa...')
#6 /internal/eval.php(20): activate_plugin('passbyme-two-fa...')
#7 {main}
  thrown in /wordpress/wp-content/plugins/passbyme-two-factor-authentication/src/Microsec/PassByME/Plugin/Admin/Functions.php on line 23
[26-May-2025 16:57:32 UTC] PHP Fatal error:  Uncaught Error: Undefined constant "PassByME\Plugin\Admin\MCRYPT_RIJNDAEL_128" in /wordpress/wp-content/plugins/passbyme-two-factor-authentication/src/Microsec/PassByME/Plugin/Admin/Functions.php:23
Stack trace:
#0 /wordpress/wp-content/plugins/passbyme-two-factor-authentication/src/Microsec/PassByME/Plugin/Loader.php(25): PassByME\Plugin\Admin\Functions->__construct()
#1 /wordpress/wp-content/plugins/passbyme-two-factor-authentication/src/Microsec/PassByME/Plugin/Loader.php(21): PassByME\Plugin\Loader->loadPBMConfig()
#2 /wordpress/wp-content/plugins/passbyme-two-factor-authentication/src/Microsec/PassByME/Plugin/Core.php(21): PassByME\Plugin\Loader->__construct()
#3 /wordpress/wp-content/plugins/passbyme-two-factor-authentication/passbyme-2factor-authentication.php(24): PassByME\Plugin\Core->__construct('1.0.1')
#4 /wordpress/wp-admin/includes/plugin.php(2387): include_once('/wordpress/wp-c...')
#5 /wordpress/wp-admin/includes/plugin.php(673): plugin_sandbox_scrape('passbyme-two-fa...')
#6 /internal/eval.php(20): activate_plugin('passbyme-two-fa...')
#7 {main}
  thrown in /wordpress/wp-content/plugins/passbyme-two-factor-authentication/src/Microsec/PassByME/Plugin/Admin/Functions.php on line 23
[26-May-2025 16:57:42 UTC] PHP Fatal error:  Uncaught Error: Undefined constant "PassByME\Plugin\Admin\MCRYPT_RIJNDAEL_128" in /wordpress/wp-content/plugins/passbyme-two-factor-authentication/src/Microsec/PassByME/Plugin/Admin/Functions.php:23
Stack trace:
#0 /wordpress/wp-content/plugins/passbyme-two-factor-authentication/src/Microsec/PassByME/Plugin/Loader.php(25): PassByME\Plugin\Admin\Functions->__construct()
#1 /wordpress/wp-content/plugins/passbyme-two-factor-authentication/src/Microsec/PassByME/Plugin/Loader.php(21): PassByME\Plugin\Loader->loadPBMConfig()
#2 /wordpress/wp-content/plugins/passbyme-two-factor-authentication/src/Microsec/PassByME/Plugin/Core.php(21): PassByME\Plugin\Loader->__construct()
#3 /wordpress/wp-content/plugins/passbyme-two-factor-authentication/passbyme-2factor-authentication.php(24): PassByME\Plugin\Core->__construct('1.0.1')
#4 /wordpress/wp-admin/includes/plugin.php(2387): include_once('/wordpress/wp-c...')
#5 /wordpress/wp-admin/includes/plugin.php(673): plugin_sandbox_scrape('passbyme-two-fa...')
#6 /internal/eval.php(20): activate_plugin('passbyme-two-fa...')
#7 {main}
  thrown in /wordpress/wp-content/plugins/passbyme-two-factor-authentication/src/Microsec/PassByME/Plugin/Admin/Functions.php on line 23
[26-May-2025 16:57:51 UTC] PHP Fatal error:  Uncaught Error: Class "WC_Payment_Gateway" not found in /wordpress/wp-content/plugins/pausepay-gateway-for-woocommerce/pausepay_for_woocommerce.php:39
Stack trace:
#0 /wordpress/wp-includes/class-wp-hook.php(324): pausepay_init_gateway_class('')
#1 /wordpress/wp-includes/class-wp-hook.php(348): WP_Hook->apply_filters(NULL, Array)
#2 /wordpress/wp-includes/plugin.php(517): WP_Hook->do_action(Array)
#3 /wordpress/wp-settings.php(578): do_action('plugins_loaded')
#4 /wordpress/wp-config.php(102): require_once('/wordpress/wp-s...')
#5 /wordpress/wp-load.php(50): require_once('/wordpress/wp-c...')
#6 /internal/eval.php(3): require_once('/wordpress/wp-l...')
#7 {main}
  thrown in /wordpress/wp-content/plugins/pausepay-gateway-for-woocommerce/pausepay_for_woocommerce.php on line 39
[26-May-2025 16:58:00 UTC] PHP Fatal error:  Uncaught Error: Class "WC_Payment_Gateway" not found in /wordpress/wp-content/plugins/pausepay-gateway-for-woocommerce/pausepay_for_woocommerce.php:39
Stack trace:
#0 /wordpress/wp-includes/class-wp-hook.php(324): pausepay_init_gateway_class('')
#1 /wordpress/wp-includes/class-wp-hook.php(348): WP_Hook->apply_filters(NULL, Array)
#2 /wordpress/wp-includes/plugin.php(517): WP_Hook->do_action(Array)
#3 /wordpress/wp-settings.php(578): do_action('plugins_loaded')
#4 /wordpress/wp-config.php(102): require_once('/wordpress/wp-s...')
#5 /wordpress/wp-load.php(50): require_once('/wordpress/wp-c...')
#6 /internal/eval.php(3): require_once('/wordpress/wp-l...')
#7 {main}
  thrown in /wordpress/wp-content/plugins/pausepay-gateway-for-woocommerce/pausepay_for_woocommerce.php on line 39
[26-May-2025 16:58:08 UTC] PHP Fatal error:  Uncaught Error: Class "WC_Payment_Gateway" not found in /wordpress/wp-content/plugins/pausepay-gateway-for-woocommerce/pausepay_for_woocommerce.php:39
Stack trace:
#0 /wordpress/wp-includes/class-wp-hook.php(324): pausepay_init_gateway_class('')
#1 /wordpress/wp-includes/class-wp-hook.php(348): WP_Hook->apply_filters(NULL, Array)
#2 /wordpress/wp-includes/plugin.php(517): WP_Hook->do_action(Array)
#3 /wordpress/wp-settings.php(578): do_action('plugins_loaded')
#4 /wordpress/wp-config.php(102): require_once('/wordpress/wp-s...')
#5 /wordpress/wp-load.php(50): require_once('/wordpress/wp-c...')
#6 /internal/eval.php(3): require_once('/wordpress/wp-l...')
#7 {main}
  thrown in /wordpress/wp-content/plugins/pausepay-gateway-for-woocommerce/pausepay_for_woocommerce.php on line 39
[26-May-2025 16:58:17 UTC] PHP Fatal error:  Uncaught Error: Call to undefined function create_function() in /wordpress/wp-content/plugins/roses-like-this/widget.php:118
Stack trace:
#0 /wordpress/wp-content/plugins/roses-like-this/likethis.php(27): include()
#1 /wordpress/wp-admin/includes/plugin.php(2387): include_once('/wordpress/wp-c...')
#2 /wordpress/wp-admin/includes/plugin.php(673): plugin_sandbox_scrape('roses-like-this...')
#3 /internal/eval.php(20): activate_plugin('roses-like-this...')
#4 {main}
  thrown in /wordpress/wp-content/plugins/roses-like-this/widget.php on line 118
[26-May-2025 16:58:24 UTC] PHP Fatal error:  Uncaught Error: Call to undefined function create_function() in /wordpress/wp-content/plugins/roses-like-this/widget.php:118
Stack trace:
#0 /wordpress/wp-content/plugins/roses-like-this/likethis.php(27): include()
#1 /wordpress/wp-admin/includes/plugin.php(2387): include_once('/wordpress/wp-c...')
#2 /wordpress/wp-admin/includes/plugin.php(673): plugin_sandbox_scrape('roses-like-this...')
#3 /internal/eval.php(20): activate_plugin('roses-like-this...')
#4 {main}
  thrown in /wordpress/wp-content/plugins/roses-like-this/widget.php on line 118
[26-May-2025 16:58:33 UTC] PHP Fatal error:  Uncaught Error: Call to undefined function create_function() in /wordpress/wp-content/plugins/roses-like-this/widget.php:118
Stack trace:
#0 /wordpress/wp-content/plugins/roses-like-this/likethis.php(27): include()
#1 /wordpress/wp-admin/includes/plugin.php(2387): include_once('/wordpress/wp-c...')
#2 /wordpress/wp-admin/includes/plugin.php(673): plugin_sandbox_scrape('roses-like-this...')
#3 /internal/eval.php(20): activate_plugin('roses-like-this...')
#4 {main}
  thrown in /wordpress/wp-content/plugins/roses-like-this/widget.php on line 118
[26-May-2025 16:59:33 UTC] PHP Notice:  Function _load_textdomain_just_in_time was called <strong>incorrectly</strong>. Translation loading for the <code>royalfolio</code> domain was triggered too early. This is usually an indicator for some code in the plugin or theme running too early. Translations should be loaded at the <code>init</code> action or later. Please see <a href="https://developer.wordpress.org/advanced-administration/debug/debug-wordpress/">Debugging in WordPress</a> for more information. (This message was added in version 6.7.0.) in /wordpress/wp-includes/functions.php on line 6121
[26-May-2025 16:59:42 UTC] PHP Notice:  Function _load_textdomain_just_in_time was called <strong>incorrectly</strong>. Translation loading for the <code>royalfolio</code> domain was triggered too early. This is usually an indicator for some code in the plugin or theme running too early. Translations should be loaded at the <code>init</code> action or later. Please see <a href="https://developer.wordpress.org/advanced-administration/debug/debug-wordpress/">Debugging in WordPress</a> for more information. (This message was added in version 6.7.0.) in /wordpress/wp-includes/functions.php on line 6121
[26-May-2025 16:59:50 UTC] PHP Notice:  Function _load_textdomain_just_in_time was called <strong>incorrectly</strong>. Translation loading for the <code>royalfolio</code> domain was triggered too early. This is usually an indicator for some code in the plugin or theme running too early. Translations should be loaded at the <code>init</code> action or later. Please see <a href="https://developer.wordpress.org/advanced-administration/debug/debug-wordpress/">Debugging in WordPress</a> for more information. (This message was added in version 6.7.0.) in /wordpress/wp-includes/functions.php on line 6121
[26-May-2025 17:02:29 UTC] PHP Fatal error:  Unparenthesized `a ? b : c ? d : e` is not supported. Use either `(a ? b : c) ? d : e` or `a ? b : (c ? d : e)` in /wordpress/wp-content/plugins/royal-popup-notice/royal-popup-notice.php on line 101
[26-May-2025 17:02:37 UTC] PHP Fatal error:  Unparenthesized `a ? b : c ? d : e` is not supported. Use either `(a ? b : c) ? d : e` or `a ? b : (c ? d : e)` in /wordpress/wp-content/plugins/royal-popup-notice/royal-popup-notice.php on line 101
[26-May-2025 17:02:45 UTC] PHP Fatal error:  Unparenthesized `a ? b : c ? d : e` is not supported. Use either `(a ? b : c) ? d : e` or `a ? b : (c ? d : e)` in /wordpress/wp-content/plugins/royal-popup-notice/royal-popup-notice.php on line 101
[26-May-2025 17:02:54 UTC] PHP Fatal error:  Uncaught Error: Undefined constant "WP_ALLOW_MULTISITE" in /wordpress/wp-content/plugins/rpx/rpx_m.php:98
Stack trace:
#0 /wordpress/wp-content/plugins/rpx/rpx.php(42): require_once()
#1 /wordpress/wp-admin/includes/plugin.php(2387): include_once('/wordpress/wp-c...')
#2 /wordpress/wp-admin/includes/plugin.php(673): plugin_sandbox_scrape('rpx/rpx.php')
#3 /internal/eval.php(20): activate_plugin('rpx/rpx.php')
#4 {main}
  thrown in /wordpress/wp-content/plugins/rpx/rpx_m.php on line 98
[26-May-2025 17:03:01 UTC] PHP Fatal error:  Uncaught Error: Undefined constant "WP_ALLOW_MULTISITE" in /wordpress/wp-content/plugins/rpx/rpx_m.php:98
Stack trace:
#0 /wordpress/wp-content/plugins/rpx/rpx.php(42): require_once()
#1 /wordpress/wp-admin/includes/plugin.php(2387): include_once('/wordpress/wp-c...')
#2 /wordpress/wp-admin/includes/plugin.php(673): plugin_sandbox_scrape('rpx/rpx.php')
#3 /internal/eval.php(20): activate_plugin('rpx/rpx.php')
#4 {main}
  thrown in /wordpress/wp-content/plugins/rpx/rpx_m.php on line 98
[26-May-2025 17:03:10 UTC] PHP Fatal error:  Uncaught Error: Undefined constant "WP_ALLOW_MULTISITE" in /wordpress/wp-content/plugins/rpx/rpx_m.php:98
Stack trace:
#0 /wordpress/wp-content/plugins/rpx/rpx.php(42): require_once()
#1 /wordpress/wp-admin/includes/plugin.php(2387): include_once('/wordpress/wp-c...')
#2 /wordpress/wp-admin/includes/plugin.php(673): plugin_sandbox_scrape('rpx/rpx.php')
#3 /internal/eval.php(20): activate_plugin('rpx/rpx.php')
#4 {main}
  thrown in /wordpress/wp-content/plugins/rpx/rpx_m.php on line 98

    at Object.onBind (file:///home/runner/work/playground-tester/playground-tester/node_modules/@wp-playground/cli/index.js:237:15)
    at process.processTicksAndRejections (node:internal/process/task_queues:105:5)
    at async V (file:///home/runner/work/playground-tester/playground-tester/node_modules/@wp-playground/cli/index.js:64:10)
    at async ja (file:///home/runner/work/playground-tester/playground-tester/node_modules/@wp-playground/cli/cli.js:8161:12) {
  [cause]: Error: Error when executing the blueprint step #5 ({"step":"installPlugin","pluginData":{"resource":"wordpress.org/plugins","slug":"rsevents-events-calendar"},"options":{"activate":true}}) : Could not download "https://downloads.wordpress.org/plugin/rsevents-events-calendar.latest-stable.zip".
  				Check if the URL is correct and the server is reachable.
  				If it is reachable, the server might be blocking the request.
  				Check the browser console and network tabs for more information.
  
  				## Does the console show the error "No 'Access-Control-Allow-Origin' header"?
  
  				This means the server that hosts your file does not allow requests from other sites
  				(cross-origin requests, or CORS).	You need to move the asset to a server that allows
  				cross-origin file downloads. Learn more about CORS at
  				https://developer.mozilla.org/en-US/docs/Web/HTTP/CORS.
  
  				If your file is on GitHub, load it from "raw.githubusercontent.com".
  				Here's how to do that:
  
  				1. Start with the original GitHub URL of the file. For example:
  				https://github.com/username/repository/blob/branch/filename.
  				2. Replace "github.com" with "raw.githubusercontent.com".
  				3. Remove the "/blob/" part of the URL.
  
  				The resulting URL should look like this:
  				https://raw.githubusercontent.com/username/repository/branch/filename
  
  				Error:
  				Error: Could not download "https://downloads.wordpress.org/plugin/rsevents-events-calendar.latest-stable.zip"
      at Object.run (file:///home/runner/work/playground-tester/playground-tester/node_modules/@wp-playground/blueprints/index.js:12449:19)
      at process.processTicksAndRejections (node:internal/process/task_queues:105:5)
      at async ms (file:///home/runner/work/playground-tester/playground-tester/node_modules/@wp-playground/blueprints/index.js:12552:3)
      at async Object.onBind (file:///home/runner/work/playground-tester/playground-tester/node_modules/@wp-playground/cli/index.js:227:48)
      at async V (file:///home/runner/work/playground-tester/playground-tester/node_modules/@wp-playground/cli/index.js:64:10)
      at async ja (file:///home/runner/work/playground-tester/playground-tester/node_modules/@wp-playground/cli/cli.js:8161:12) {
    [cause]: Error: Could not download "https://downloads.wordpress.org/plugin/rsevents-events-calendar.latest-stable.zip".
    				Check if the URL is correct and the server is reachable.
    				If it is reachable, the server might be blocking the request.
    				Check the browser console and network tabs for more information.
    
    				## Does the console show the error "No 'Access-Control-Allow-Origin' header"?
    
    				This means the server that hosts your file does not allow requests from other sites
    				(cross-origin requests, or CORS).	You need to move the asset to a server that allows
    				cross-origin file downloads. Learn more about CORS at
    				https://developer.mozilla.org/en-US/docs/Web/HTTP/CORS.
    
    				If your file is on GitHub, load it from "raw.githubusercontent.com".
    				Here's how to do that:
    
    				1. Start with the original GitHub URL of the file. For example:
    				https://github.com/username/repository/blob/branch/filename.
    				2. Replace "github.com" with "raw.githubusercontent.com".
    				3. Remove the "/blob/" part of the URL.
    
    				The resulting URL should look like this:
    				https://raw.githubusercontent.com/username/repository/branch/filename
    
    				Error:
    				Error: Could not download "https://downloads.wordpress.org/plugin/rsevents-events-calendar.latest-stable.zip"
        at Ct.resolve (file:///home/runner/work/playground-tester/playground-tester/node_modules/@wp-playground/blueprints/index.js:1472:13)
        at process.processTicksAndRejections (node:internal/process/task_queues:105:5)
        at async _.run (file:///home/runner/work/playground-tester/playground-tester/node_modules/@php-wasm/util/index.js:45:14)
  }
}

Node.js v23.11.0
