file:///home/runner/work/playground-tester/playground-tester/node_modules/@wp-playground/cli/index.js:237
        throw new Error(y, { cause: u });
              ^

Error: [23-Apr-2025 16:33:42 UTC] PHP Warning:  Trying to access array offset on value of type bool in /wordpress/wp-content/plugins/komentbox/komentbox.php on line 34
[23-Apr-2025 16:33:42 UTC] PHP Warning:  Trying to access array offset on value of type bool in /wordpress/wp-content/plugins/komentbox/komentbox.php on line 27
[23-Apr-2025 16:33:50 UTC] PHP Warning:  Trying to access array offset on value of type bool in /wordpress/wp-content/plugins/komentbox/komentbox.php on line 34
[23-Apr-2025 16:33:50 UTC] PHP Warning:  Trying to access array offset on value of type bool in /wordpress/wp-content/plugins/komentbox/komentbox.php on line 27
[23-Apr-2025 16:34:00 UTC] PHP Warning:  Trying to access array offset on value of type bool in /wordpress/wp-content/plugins/komentbox/komentbox.php on line 34
[23-Apr-2025 16:34:00 UTC] PHP Warning:  Trying to access array offset on value of type bool in /wordpress/wp-content/plugins/komentbox/komentbox.php on line 27
[23-Apr-2025 16:36:03 UTC] PHP Deprecated:  Function register_sidebar_widget is <strong>deprecated</strong> since version 2.8.0! Use wp_register_sidebar_widget() instead. in /wordpress/wp-includes/functions.php on line 6121
[23-Apr-2025 16:36:03 UTC] PHP Deprecated:  Function register_widget_control is <strong>deprecated</strong> since version 2.8.0! Use wp_register_widget_control() instead. in /wordpress/wp-includes/functions.php on line 6121
[23-Apr-2025 16:36:11 UTC] PHP Deprecated:  Function register_sidebar_widget is <strong>deprecated</strong> since version 2.8.0! Use wp_register_sidebar_widget() instead. in /wordpress/wp-includes/functions.php on line 6121
[23-Apr-2025 16:36:11 UTC] PHP Deprecated:  Function register_widget_control is <strong>deprecated</strong> since version 2.8.0! Use wp_register_widget_control() instead. in /wordpress/wp-includes/functions.php on line 6121
[23-Apr-2025 16:36:19 UTC] PHP Deprecated:  Function register_sidebar_widget is <strong>deprecated</strong> since version 2.8.0! Use wp_register_sidebar_widget() instead. in /wordpress/wp-includes/functions.php on line 6121
[23-Apr-2025 16:36:19 UTC] PHP Deprecated:  Function register_widget_control is <strong>deprecated</strong> since version 2.8.0! Use wp_register_widget_control() instead. in /wordpress/wp-includes/functions.php on line 6121
[23-Apr-2025 16:36:28 UTC] PHP Fatal error:  Uncaught Error: Class "WC_Payment_Gateway" not found in /wordpress/wp-content/plugins/kpoint/includes/kpoint-getway.php:34
Stack trace:
#0 /wordpress/wp-includes/class-wp-hook.php(324): kpoint_init_getway('')
#1 /wordpress/wp-includes/class-wp-hook.php(348): WP_Hook->apply_filters(NULL, Array)
#2 /wordpress/wp-includes/plugin.php(517): WP_Hook->do_action(Array)
#3 /wordpress/wp-settings.php(578): do_action('plugins_loaded')
#4 /wordpress/wp-config.php(102): require_once('/wordpress/wp-s...')
#5 /wordpress/wp-load.php(50): require_once('/wordpress/wp-c...')
#6 /internal/eval.php(3): require_once('/wordpress/wp-l...')
#7 {main}
  thrown in /wordpress/wp-content/plugins/kpoint/includes/kpoint-getway.php on line 34
[23-Apr-2025 16:36:36 UTC] PHP Fatal error:  Uncaught Error: Class "WC_Payment_Gateway" not found in /wordpress/wp-content/plugins/kpoint/includes/kpoint-getway.php:34
Stack trace:
#0 /wordpress/wp-includes/class-wp-hook.php(324): kpoint_init_getway('')
#1 /wordpress/wp-includes/class-wp-hook.php(348): WP_Hook->apply_filters(NULL, Array)
#2 /wordpress/wp-includes/plugin.php(517): WP_Hook->do_action(Array)
#3 /wordpress/wp-settings.php(578): do_action('plugins_loaded')
#4 /wordpress/wp-config.php(102): require_once('/wordpress/wp-s...')
#5 /wordpress/wp-load.php(50): require_once('/wordpress/wp-c...')
#6 /internal/eval.php(3): require_once('/wordpress/wp-l...')
#7 {main}
  thrown in /wordpress/wp-content/plugins/kpoint/includes/kpoint-getway.php on line 34
[23-Apr-2025 16:36:44 UTC] PHP Fatal error:  Uncaught Error: Class "WC_Payment_Gateway" not found in /wordpress/wp-content/plugins/kpoint/includes/kpoint-getway.php:34
Stack trace:
#0 /wordpress/wp-includes/class-wp-hook.php(324): kpoint_init_getway('')
#1 /wordpress/wp-includes/class-wp-hook.php(348): WP_Hook->apply_filters(NULL, Array)
#2 /wordpress/wp-includes/plugin.php(517): WP_Hook->do_action(Array)
#3 /wordpress/wp-settings.php(578): do_action('plugins_loaded')
#4 /wordpress/wp-config.php(102): require_once('/wordpress/wp-s...')
#5 /wordpress/wp-load.php(50): require_once('/wordpress/wp-c...')
#6 /internal/eval.php(3): require_once('/wordpress/wp-l...')
#7 {main}
  thrown in /wordpress/wp-content/plugins/kpoint/includes/kpoint-getway.php on line 34
[23-Apr-2025 16:38:48 UTC] PHP Notice:  Function wp_enqueue_style was called <strong>incorrectly</strong>. Scripts and styles should not be registered or enqueued until the <code>wp_enqueue_scripts</code>, <code>admin_enqueue_scripts</code>, or <code>login_enqueue_scripts</code> hooks. This notice was triggered by the <code>kune-wp-general</code> handle. Please see <a href="https://developer.wordpress.org/advanced-administration/debug/debug-wordpress/">Debugging in WordPress</a> for more information. (This message was added in version 3.3.0.) in /wordpress/wp-includes/functions.php on line 6121
[23-Apr-2025 16:38:48 UTC] PHP Notice:  Function is_feed was called <strong>incorrectly</strong>. Conditional query tags do not work before the query is run. Before then, they always return false. Please see <a href="https://developer.wordpress.org/advanced-administration/debug/debug-wordpress/">Debugging in WordPress</a> for more information. (This message was added in version 3.1.0.) in /wordpress/wp-includes/functions.php on line 6121
[23-Apr-2025 16:38:48 UTC] PHP Notice:  Function wp_enqueue_script was called <strong>incorrectly</strong>. Scripts and styles should not be registered or enqueued until the <code>wp_enqueue_scripts</code>, <code>admin_enqueue_scripts</code>, or <code>login_enqueue_scripts</code> hooks. This notice was triggered by the <code>polymer-webcomponentsjs</code> handle. Please see <a href="https://developer.wordpress.org/advanced-administration/debug/debug-wordpress/">Debugging in WordPress</a> for more information. (This message was added in version 3.3.0.) in /wordpress/wp-includes/functions.php on line 6121
[23-Apr-2025 16:38:57 UTC] PHP Notice:  Function wp_enqueue_style was called <strong>incorrectly</strong>. Scripts and styles should not be registered or enqueued until the <code>wp_enqueue_scripts</code>, <code>admin_enqueue_scripts</code>, or <code>login_enqueue_scripts</code> hooks. This notice was triggered by the <code>kune-wp-general</code> handle. Please see <a href="https://developer.wordpress.org/advanced-administration/debug/debug-wordpress/">Debugging in WordPress</a> for more information. (This message was added in version 3.3.0.) in /wordpress/wp-includes/functions.php on line 6121
[23-Apr-2025 16:38:57 UTC] PHP Notice:  Function is_feed was called <strong>incorrectly</strong>. Conditional query tags do not work before the query is run. Before then, they always return false. Please see <a href="https://developer.wordpress.org/advanced-administration/debug/debug-wordpress/">Debugging in WordPress</a> for more information. (This message was added in version 3.1.0.) in /wordpress/wp-includes/functions.php on line 6121
[23-Apr-2025 16:38:57 UTC] PHP Notice:  Function wp_enqueue_script was called <strong>incorrectly</strong>. Scripts and styles should not be registered or enqueued until the <code>wp_enqueue_scripts</code>, <code>admin_enqueue_scripts</code>, or <code>login_enqueue_scripts</code> hooks. This notice was triggered by the <code>polymer-webcomponentsjs</code> handle. Please see <a href="https://developer.wordpress.org/advanced-administration/debug/debug-wordpress/">Debugging in WordPress</a> for more information. (This message was added in version 3.3.0.) in /wordpress/wp-includes/functions.php on line 6121
[23-Apr-2025 16:39:07 UTC] PHP Notice:  Function wp_enqueue_style was called <strong>incorrectly</strong>. Scripts and styles should not be registered or enqueued until the <code>wp_enqueue_scripts</code>, <code>admin_enqueue_scripts</code>, or <code>login_enqueue_scripts</code> hooks. This notice was triggered by the <code>kune-wp-general</code> handle. Please see <a href="https://developer.wordpress.org/advanced-administration/debug/debug-wordpress/">Debugging in WordPress</a> for more information. (This message was added in version 3.3.0.) in /wordpress/wp-includes/functions.php on line 6121
[23-Apr-2025 16:39:07 UTC] PHP Notice:  Function is_feed was called <strong>incorrectly</strong>. Conditional query tags do not work before the query is run. Before then, they always return false. Please see <a href="https://developer.wordpress.org/advanced-administration/debug/debug-wordpress/">Debugging in WordPress</a> for more information. (This message was added in version 3.1.0.) in /wordpress/wp-includes/functions.php on line 6121
[23-Apr-2025 16:39:07 UTC] PHP Notice:  Function wp_enqueue_script was called <strong>incorrectly</strong>. Scripts and styles should not be registered or enqueued until the <code>wp_enqueue_scripts</code>, <code>admin_enqueue_scripts</code>, or <code>login_enqueue_scripts</code> hooks. This notice was triggered by the <code>polymer-webcomponentsjs</code> handle. Please see <a href="https://developer.wordpress.org/advanced-administration/debug/debug-wordpress/">Debugging in WordPress</a> for more information. (This message was added in version 3.3.0.) in /wordpress/wp-includes/functions.php on line 6121
[23-Apr-2025 16:39:16 UTC] PHP Fatal error:  Uncaught ArgumentCountError: Too few arguments to function WP_Widget::__construct(), 0 passed in /wordpress/wp-includes/class-wp-widget-factory.php on line 62 and at least 2 expected in /wordpress/wp-includes/class-wp-widget.php:163
Stack trace:
#0 /wordpress/wp-includes/class-wp-widget-factory.php(62): WP_Widget->__construct()
#1 /wordpress/wp-includes/widgets.php(123): WP_Widget_Factory->register('KushMNWidget')
#2 /wordpress/wp-content/plugins/kush-micro-news/index.php(165): register_widget('KushMNWidget')
#3 /wordpress/wp-includes/class-wp-hook.php(324): kush_mn_reg_widg('')
#4 /wordpress/wp-includes/class-wp-hook.php(348): WP_Hook->apply_filters(NULL, Array)
#5 /wordpress/wp-includes/plugin.php(517): WP_Hook->do_action(Array)
#6 /wordpress/wp-includes/widgets.php(1870): do_action('widgets_init')
#7 /wordpress/wp-includes/class-wp-hook.php(324): wp_widgets_init('')
#8 /wordpress/wp-includes/class-wp-hook.php(348): WP_Hook->apply_filters(NULL, Array)
#9 /wordpress/wp-includes/plugin.php(517): WP_Hook->do_action(Array)
#10 /wordpress/wp-settings.php(727): do_action('init')
#11 /wordpress/wp-config.php(102): require_once('/wordpress/wp-s...')
#12 /wordpress/wp-load.php(50): require_once('/wordpress/wp-c...')
#13 /internal/eval.php(3): require_once('/wordpress/wp-l...')
#14 {main}
  thrown in /wordpress/wp-includes/class-wp-widget.php on line 163
[23-Apr-2025 16:39:23 UTC] WordPress database error <div style="clear:both">&nbsp;</div>
<div class="queries" style="clear:both;margin-bottom:2px;border:red dotted thin;">
<p>MySQL query:</p>
<p>ALTER TABLE `wp_kushmicronews` CONVERT TO CHARACTER SET utf8</p>
<p>Queries made or created this session were:</p>
<ol>
<li>Executing: BEGIN | (no parameters)</li>
<li>Executing: ROLLBACK | (no parameters)</li>
</ol>
</div>
<div style="clear:both;margin-bottom:2px;border:red dotted thin;" class="error_message" style="border-bottom:dotted blue thin;">
Error occurred at line 4117 in Function <code>handle_error</code>. Error message was: Unknown operation: CONVERT.
</div>
<p>Backtrace:</p>
<pre>#0 /internal/shared/sqlite-database-integration/wp-includes/sqlite/class-wp-sqlite-db.php(287): WP_SQLite_Translator->get_error_message()
#1 /wordpress/wp-content/plugins/kush-micro-news/index.php(201): WP_SQLite_DB->query('ALTER TABLE `wp...')
#2 /wordpress/wp-content/plugins/kush-micro-news/index.php(228): kush_mn_install()
#3 /wordpress/wp-includes/class-wp-hook.php(324): kush_micronews_activation(false)
#4 /wordpress/wp-includes/class-wp-hook.php(348): WP_Hook->apply_filters('', Array)
#5 /wordpress/wp-includes/plugin.php(517): WP_Hook->do_action(Array)
#6 /wordpress/wp-admin/includes/plugin.php(703): do_action('activate_kush-m...', false)
#7 /internal/eval.php(20): activate_plugin('kush-micro-news...')
#8 {main}</pre>
 for query ALTER TABLE `wp_kushmicronews` CONVERT TO CHARACTER SET utf8 made by activate_plugin, do_action('activate_kush-micro-news/index.php'), WP_Hook->do_action, WP_Hook->apply_filters, kush_micronews_activation, kush_mn_install, WP_SQLite_DB->query, WP_SQLite_DB->print_error
[23-Apr-2025 16:39:24 UTC] PHP Fatal error:  Uncaught ArgumentCountError: Too few arguments to function WP_Widget::__construct(), 0 passed in /wordpress/wp-includes/class-wp-widget-factory.php on line 62 and at least 2 expected in /wordpress/wp-includes/class-wp-widget.php:163
Stack trace:
#0 /wordpress/wp-includes/class-wp-widget-factory.php(62): WP_Widget->__construct()
#1 /wordpress/wp-includes/widgets.php(123): WP_Widget_Factory->register('KushMNWidget')
#2 /wordpress/wp-content/plugins/kush-micro-news/index.php(165): register_widget('KushMNWidget')
#3 /wordpress/wp-includes/class-wp-hook.php(324): kush_mn_reg_widg('')
#4 /wordpress/wp-includes/class-wp-hook.php(348): WP_Hook->apply_filters(NULL, Array)
#5 /wordpress/wp-includes/plugin.php(517): WP_Hook->do_action(Array)
#6 /wordpress/wp-includes/widgets.php(1870): do_action('widgets_init')
#7 /wordpress/wp-includes/class-wp-hook.php(324): wp_widgets_init('')
#8 /wordpress/wp-includes/class-wp-hook.php(348): WP_Hook->apply_filters(NULL, Array)
#9 /wordpress/wp-includes/plugin.php(517): WP_Hook->do_action(Array)
#10 /wordpress/wp-settings.php(727): do_action('init')
#11 /wordpress/wp-config.php(102): require_once('/wordpress/wp-s...')
#12 /wordpress/wp-load.php(50): require_once('/wordpress/wp-c...')
#13 /internal/eval.php(3): require_once('/wordpress/wp-l...')
#14 {main}
  thrown in /wordpress/wp-includes/class-wp-widget.php on line 163
[23-Apr-2025 16:39:31 UTC] WordPress database error <div style="clear:both">&nbsp;</div>
<div class="queries" style="clear:both;margin-bottom:2px;border:red dotted thin;">
<p>MySQL query:</p>
<p>ALTER TABLE `wp_kushmicronews` CONVERT TO CHARACTER SET utf8</p>
<p>Queries made or created this session were:</p>
<ol>
<li>Executing: BEGIN | (no parameters)</li>
<li>Executing: ROLLBACK | (no parameters)</li>
</ol>
</div>
<div style="clear:both;margin-bottom:2px;border:red dotted thin;" class="error_message" style="border-bottom:dotted blue thin;">
Error occurred at line 4117 in Function <code>handle_error</code>. Error message was: Unknown operation: CONVERT.
</div>
<p>Backtrace:</p>
<pre>#0 /internal/shared/sqlite-database-integration/wp-includes/sqlite/class-wp-sqlite-db.php(287): WP_SQLite_Translator->get_error_message()
#1 /wordpress/wp-content/plugins/kush-micro-news/index.php(201): WP_SQLite_DB->query('ALTER TABLE `wp...')
#2 /wordpress/wp-content/plugins/kush-micro-news/index.php(228): kush_mn_install()
#3 /wordpress/wp-includes/class-wp-hook.php(324): kush_micronews_activation(false)
#4 /wordpress/wp-includes/class-wp-hook.php(348): WP_Hook->apply_filters('', Array)
#5 /wordpress/wp-includes/plugin.php(517): WP_Hook->do_action(Array)
#6 /wordpress/wp-admin/includes/plugin.php(703): do_action('activate_kush-m...', false)
#7 /internal/eval.php(20): activate_plugin('kush-micro-news...')
#8 {main}</pre>
 for query ALTER TABLE `wp_kushmicronews` CONVERT TO CHARACTER SET utf8 made by activate_plugin, do_action('activate_kush-micro-news/index.php'), WP_Hook->do_action, WP_Hook->apply_filters, kush_micronews_activation, kush_mn_install, WP_SQLite_DB->query, WP_SQLite_DB->print_error
[23-Apr-2025 16:39:32 UTC] PHP Fatal error:  Uncaught ArgumentCountError: Too few arguments to function WP_Widget::__construct(), 0 passed in /wordpress/wp-includes/class-wp-widget-factory.php on line 62 and at least 2 expected in /wordpress/wp-includes/class-wp-widget.php:163
Stack trace:
#0 /wordpress/wp-includes/class-wp-widget-factory.php(62): WP_Widget->__construct()
#1 /wordpress/wp-includes/widgets.php(123): WP_Widget_Factory->register('KushMNWidget')
#2 /wordpress/wp-content/plugins/kush-micro-news/index.php(165): register_widget('KushMNWidget')
#3 /wordpress/wp-includes/class-wp-hook.php(324): kush_mn_reg_widg('')
#4 /wordpress/wp-includes/class-wp-hook.php(348): WP_Hook->apply_filters(NULL, Array)
#5 /wordpress/wp-includes/plugin.php(517): WP_Hook->do_action(Array)
#6 /wordpress/wp-includes/widgets.php(1870): do_action('widgets_init')
#7 /wordpress/wp-includes/class-wp-hook.php(324): wp_widgets_init('')
#8 /wordpress/wp-includes/class-wp-hook.php(348): WP_Hook->apply_filters(NULL, Array)
#9 /wordpress/wp-includes/plugin.php(517): WP_Hook->do_action(Array)
#10 /wordpress/wp-settings.php(727): do_action('init')
#11 /wordpress/wp-config.php(102): require_once('/wordpress/wp-s...')
#12 /wordpress/wp-load.php(50): require_once('/wordpress/wp-c...')
#13 /internal/eval.php(3): require_once('/wordpress/wp-l...')
#14 {main}
  thrown in /wordpress/wp-includes/class-wp-widget.php on line 163
[23-Apr-2025 16:40:28 UTC] PHP Notice:  Function WP_Scripts::localize was called <strong>incorrectly</strong>. The <code>$l10n</code> parameter must be an array. To pass arbitrary data to scripts, use the <code>wp_add_inline_script()</code> function instead. Please see <a href="https://developer.wordpress.org/advanced-administration/debug/debug-wordpress/">Debugging in WordPress</a> for more information. (This message was added in version 5.7.0.) in /wordpress/wp-includes/functions.php on line 6121
[23-Apr-2025 16:40:37 UTC] PHP Notice:  Function WP_Scripts::localize was called <strong>incorrectly</strong>. The <code>$l10n</code> parameter must be an array. To pass arbitrary data to scripts, use the <code>wp_add_inline_script()</code> function instead. Please see <a href="https://developer.wordpress.org/advanced-administration/debug/debug-wordpress/">Debugging in WordPress</a> for more information. (This message was added in version 5.7.0.) in /wordpress/wp-includes/functions.php on line 6121
[23-Apr-2025 16:40:45 UTC] PHP Notice:  Function WP_Scripts::localize was called <strong>incorrectly</strong>. The <code>$l10n</code> parameter must be an array. To pass arbitrary data to scripts, use the <code>wp_add_inline_script()</code> function instead. Please see <a href="https://developer.wordpress.org/advanced-administration/debug/debug-wordpress/">Debugging in WordPress</a> for more information. (This message was added in version 5.7.0.) in /wordpress/wp-includes/functions.php on line 6121
[23-Apr-2025 16:42:35 UTC] PHP Fatal error:  Uncaught Error: Undefined constant "Languageswitcher" in /wordpress/wp-content/plugins/languageswitcher/languageswitcher.php:31
Stack trace:
#0 /wordpress/wp-admin/includes/plugin.php(2387): include_once()
#1 /wordpress/wp-admin/includes/plugin.php(673): plugin_sandbox_scrape('languageswitche...')
#2 /internal/eval.php(20): activate_plugin('languageswitche...')
#3 {main}
  thrown in /wordpress/wp-content/plugins/languageswitcher/languageswitcher.php on line 31
[23-Apr-2025 16:42:42 UTC] PHP Fatal error:  Uncaught Error: Undefined constant "Languageswitcher" in /wordpress/wp-content/plugins/languageswitcher/languageswitcher.php:31
Stack trace:
#0 /wordpress/wp-admin/includes/plugin.php(2387): include_once()
#1 /wordpress/wp-admin/includes/plugin.php(673): plugin_sandbox_scrape('languageswitche...')
#2 /internal/eval.php(20): activate_plugin('languageswitche...')
#3 {main}
  thrown in /wordpress/wp-content/plugins/languageswitcher/languageswitcher.php on line 31
[23-Apr-2025 16:42:51 UTC] PHP Fatal error:  Uncaught Error: Undefined constant "Languageswitcher" in /wordpress/wp-content/plugins/languageswitcher/languageswitcher.php:31
Stack trace:
#0 /wordpress/wp-admin/includes/plugin.php(2387): include_once()
#1 /wordpress/wp-admin/includes/plugin.php(673): plugin_sandbox_scrape('languageswitche...')
#2 /internal/eval.php(20): activate_plugin('languageswitche...')
#3 {main}
  thrown in /wordpress/wp-content/plugins/languageswitcher/languageswitcher.php on line 31
[23-Apr-2025 16:43:57 UTC] PHP Deprecated:  Function load_plugin_textdomain was called with an argument that is <strong>deprecated</strong> since version 2.7.0 with no alternative available. in /wordpress/wp-includes/functions.php on line 6121
[23-Apr-2025 16:44:06 UTC] PHP Deprecated:  Function load_plugin_textdomain was called with an argument that is <strong>deprecated</strong> since version 2.7.0 with no alternative available. in /wordpress/wp-includes/functions.php on line 6121
[23-Apr-2025 16:44:14 UTC] PHP Deprecated:  Function load_plugin_textdomain was called with an argument that is <strong>deprecated</strong> since version 2.7.0 with no alternative available. in /wordpress/wp-includes/functions.php on line 6121

    at Object.onBind (file:///home/runner/work/playground-tester/playground-tester/node_modules/@wp-playground/cli/index.js:237:15)
    at process.processTicksAndRejections (node:internal/process/task_queues:105:5)
    at async V (file:///home/runner/work/playground-tester/playground-tester/node_modules/@wp-playground/cli/index.js:64:10)
    at async ja (file:///home/runner/work/playground-tester/playground-tester/node_modules/@wp-playground/cli/cli.js:8161:12) {
  [cause]: Error: Error when executing the blueprint step #5 ({"step":"installPlugin","pluginData":{"resource":"wordpress.org/plugins","slug":"lastfm-recently-played"},"options":{"activate":true}}) : Could not download "https://downloads.wordpress.org/plugin/lastfm-recently-played.latest-stable.zip".
  				Check if the URL is correct and the server is reachable.
  				If it is reachable, the server might be blocking the request.
  				Check the browser console and network tabs for more information.
  
  				## Does the console show the error "No 'Access-Control-Allow-Origin' header"?
  
  				This means the server that hosts your file does not allow requests from other sites
  				(cross-origin requests, or CORS).	You need to move the asset to a server that allows
  				cross-origin file downloads. Learn more about CORS at
  				https://developer.mozilla.org/en-US/docs/Web/HTTP/CORS.
  
  				If your file is on GitHub, load it from "raw.githubusercontent.com".
  				Here's how to do that:
  
  				1. Start with the original GitHub URL of the file. For example:
  				https://github.com/username/repository/blob/branch/filename.
  				2. Replace "github.com" with "raw.githubusercontent.com".
  				3. Remove the "/blob/" part of the URL.
  
  				The resulting URL should look like this:
  				https://raw.githubusercontent.com/username/repository/branch/filename
  
  				Error:
  				Error: Could not download "https://downloads.wordpress.org/plugin/lastfm-recently-played.latest-stable.zip"
      at Object.run (file:///home/runner/work/playground-tester/playground-tester/node_modules/@wp-playground/blueprints/index.js:12449:19)
      at process.processTicksAndRejections (node:internal/process/task_queues:105:5)
      at async ms (file:///home/runner/work/playground-tester/playground-tester/node_modules/@wp-playground/blueprints/index.js:12552:3)
      at async Object.onBind (file:///home/runner/work/playground-tester/playground-tester/node_modules/@wp-playground/cli/index.js:227:48)
      at async V (file:///home/runner/work/playground-tester/playground-tester/node_modules/@wp-playground/cli/index.js:64:10)
      at async ja (file:///home/runner/work/playground-tester/playground-tester/node_modules/@wp-playground/cli/cli.js:8161:12) {
    [cause]: Error: Could not download "https://downloads.wordpress.org/plugin/lastfm-recently-played.latest-stable.zip".
    				Check if the URL is correct and the server is reachable.
    				If it is reachable, the server might be blocking the request.
    				Check the browser console and network tabs for more information.
    
    				## Does the console show the error "No 'Access-Control-Allow-Origin' header"?
    
    				This means the server that hosts your file does not allow requests from other sites
    				(cross-origin requests, or CORS).	You need to move the asset to a server that allows
    				cross-origin file downloads. Learn more about CORS at
    				https://developer.mozilla.org/en-US/docs/Web/HTTP/CORS.
    
    				If your file is on GitHub, load it from "raw.githubusercontent.com".
    				Here's how to do that:
    
    				1. Start with the original GitHub URL of the file. For example:
    				https://github.com/username/repository/blob/branch/filename.
    				2. Replace "github.com" with "raw.githubusercontent.com".
    				3. Remove the "/blob/" part of the URL.
    
    				The resulting URL should look like this:
    				https://raw.githubusercontent.com/username/repository/branch/filename
    
    				Error:
    				Error: Could not download "https://downloads.wordpress.org/plugin/lastfm-recently-played.latest-stable.zip"
        at Ct.resolve (file:///home/runner/work/playground-tester/playground-tester/node_modules/@wp-playground/blueprints/index.js:1472:13)
        at process.processTicksAndRejections (node:internal/process/task_queues:105:5)
        at async _.run (file:///home/runner/work/playground-tester/playground-tester/node_modules/@php-wasm/util/index.js:45:14)
  }
}

Node.js v23.11.0
