file:///home/runner/work/playground-tester/playground-tester/node_modules/@wp-playground/cli/run-cli-j-geJYS3.js:325
        throw new Error($, { cause: h });
              ^

Error: [03-Jun-2025 17:51:13 UTC] PHP Fatal error:  Array and string offset access syntax with curly braces is no longer supported in /wordpress/wp-content/plugins/calpress-event-calendar/lib/iCalcreator.class.php on line 3041
[03-Jun-2025 17:51:24 UTC] PHP Fatal error:  Array and string offset access syntax with curly braces is no longer supported in /wordpress/wp-content/plugins/calpress-event-calendar/lib/iCalcreator.class.php on line 3041
[03-Jun-2025 17:51:34 UTC] PHP Fatal error:  Array and string offset access syntax with curly braces is no longer supported in /wordpress/wp-content/plugins/calpress-event-calendar/lib/iCalcreator.class.php on line 3041
[03-Jun-2025 17:56:46 UTC] PHP Deprecated:  Required parameter $lang follows optional parameter $content in /wordpress/wp-content/plugins/code-syntax-highlighter/inc/src/rendrer.php on line 177
[03-Jun-2025 17:56:47 UTC] PHP Deprecated:  Required parameter $lang follows optional parameter $content in /wordpress/wp-content/plugins/code-syntax-highlighter/inc/src/rendrer.php on line 177
[03-Jun-2025 17:56:57 UTC] PHP Deprecated:  Required parameter $lang follows optional parameter $content in /wordpress/wp-content/plugins/code-syntax-highlighter/inc/src/rendrer.php on line 177
[03-Jun-2025 17:56:58 UTC] PHP Deprecated:  Required parameter $lang follows optional parameter $content in /wordpress/wp-content/plugins/code-syntax-highlighter/inc/src/rendrer.php on line 177
[03-Jun-2025 17:57:08 UTC] PHP Deprecated:  Required parameter $lang follows optional parameter $content in /wordpress/wp-content/plugins/code-syntax-highlighter/inc/src/rendrer.php on line 177
[03-Jun-2025 17:57:09 UTC] PHP Deprecated:  Required parameter $lang follows optional parameter $content in /wordpress/wp-content/plugins/code-syntax-highlighter/inc/src/rendrer.php on line 177
[03-Jun-2025 17:57:48 UTC] PHP Parse error:  syntax error, unexpected ')' in /wordpress/wp-content/plugins/common-ninja-info-labels-for-woocommerce/commonninja/commonninja.init.php on line 145
[03-Jun-2025 17:57:57 UTC] PHP Parse error:  syntax error, unexpected ')' in /wordpress/wp-content/plugins/common-ninja-info-labels-for-woocommerce/commonninja/commonninja.init.php on line 145
[03-Jun-2025 17:58:06 UTC] PHP Parse error:  syntax error, unexpected ')' in /wordpress/wp-content/plugins/common-ninja-info-labels-for-woocommerce/commonninja/commonninja.init.php on line 145
[03-Jun-2025 17:58:45 UTC] PHP Fatal error:  Uncaught TypeError: call_user_func_array(): Argument #1 ($callback) must be a valid callback, class TB_Autocomplete does not have a method "activation_hook" in /wordpress/wp-includes/class-wp-hook.php:324
Stack trace:
#0 /wordpress/wp-includes/class-wp-hook.php(348): WP_Hook->apply_filters('', Array)
#1 /wordpress/wp-includes/plugin.php(517): WP_Hook->do_action(Array)
#2 /wordpress/wp-admin/includes/plugin.php(703): do_action('activate_contac...', false)
#3 /internal/eval.php(20): activate_plugin('contact-form7-a...')
#4 {main}
  thrown in /wordpress/wp-includes/class-wp-hook.php on line 324
[03-Jun-2025 17:58:53 UTC] PHP Fatal error:  Uncaught TypeError: call_user_func_array(): Argument #1 ($callback) must be a valid callback, class TB_Autocomplete does not have a method "activation_hook" in /wordpress/wp-includes/class-wp-hook.php:324
Stack trace:
#0 /wordpress/wp-includes/class-wp-hook.php(348): WP_Hook->apply_filters('', Array)
#1 /wordpress/wp-includes/plugin.php(517): WP_Hook->do_action(Array)
#2 /wordpress/wp-admin/includes/plugin.php(703): do_action('activate_contac...', false)
#3 /internal/eval.php(20): activate_plugin('contact-form7-a...')
#4 {main}
  thrown in /wordpress/wp-includes/class-wp-hook.php on line 324
[03-Jun-2025 17:59:01 UTC] PHP Fatal error:  Uncaught TypeError: call_user_func_array(): Argument #1 ($callback) must be a valid callback, class TB_Autocomplete does not have a method "activation_hook" in /wordpress/wp-includes/class-wp-hook.php:324
Stack trace:
#0 /wordpress/wp-includes/class-wp-hook.php(348): WP_Hook->apply_filters('', Array)
#1 /wordpress/wp-includes/plugin.php(517): WP_Hook->do_action(Array)
#2 /wordpress/wp-admin/includes/plugin.php(703): do_action('activate_contac...', false)
#3 /internal/eval.php(20): activate_plugin('contact-form7-a...')
#4 {main}
  thrown in /wordpress/wp-includes/class-wp-hook.php on line 324

    at Object.onBind (file:///home/runner/work/playground-tester/playground-tester/node_modules/@wp-playground/cli/run-cli-j-geJYS3.js:325:15)
    at process.processTicksAndRejections (node:internal/process/task_queues:105:5)
    at async re (file:///home/runner/work/playground-tester/playground-tester/node_modules/@wp-playground/cli/run-cli-j-geJYS3.js:149:10) {
  [cause]: Error: Error when executing the blueprint step #1 ({"step":"installPlugin","pluginData":{"resource":"wordpress.org/plugins","slug":"custom-post-menu-sort-order"},"options":{"activate":true}}) : Could not download "https://downloads.wordpress.org/plugin/custom-post-menu-sort-order.latest-stable.zip".
  				Check if the URL is correct and the server is reachable.
  				If it is reachable, the server might be blocking the request.
  				Check the browser console and network tabs for more information.
  
  				## Does the console show the error "No 'Access-Control-Allow-Origin' header"?
  
  				This means the server that hosts your file does not allow requests from other sites
  				(cross-origin requests, or CORS).	You need to move the asset to a server that allows
  				cross-origin file downloads. Learn more about CORS at
  				https://developer.mozilla.org/en-US/docs/Web/HTTP/CORS.
  
  				If your file is on GitHub, load it from "raw.githubusercontent.com".
  				Here's how to do that:
  
  				1. Start with the original GitHub URL of the file. For example:
  				https://github.com/username/repository/blob/branch/filename.
  				2. Replace "github.com" with "raw.githubusercontent.com".
  				3. Remove the "/blob/" part of the URL.
  
  				The resulting URL should look like this:
  				https://raw.githubusercontent.com/username/repository/branch/filename
  
  				Error:
  				Error: Could not download "https://downloads.wordpress.org/plugin/custom-post-menu-sort-order.latest-stable.zip"
      at Object.run (file:///home/runner/work/playground-tester/playground-tester/node_modules/@wp-playground/blueprints/index.js:12093:19)
      at process.processTicksAndRejections (node:internal/process/task_queues:105:5)
      at async ys (file:///home/runner/work/playground-tester/playground-tester/node_modules/@wp-playground/blueprints/index.js:12196:3)
      at async Object.onBind (file:///home/runner/work/playground-tester/playground-tester/node_modules/@wp-playground/cli/run-cli-j-geJYS3.js:315:48)
      at async re (file:///home/runner/work/playground-tester/playground-tester/node_modules/@wp-playground/cli/run-cli-j-geJYS3.js:149:10) {
    [cause]: Error: Could not download "https://downloads.wordpress.org/plugin/custom-post-menu-sort-order.latest-stable.zip".
    				Check if the URL is correct and the server is reachable.
    				If it is reachable, the server might be blocking the request.
    				Check the browser console and network tabs for more information.
    
    				## Does the console show the error "No 'Access-Control-Allow-Origin' header"?
    
    				This means the server that hosts your file does not allow requests from other sites
    				(cross-origin requests, or CORS).	You need to move the asset to a server that allows
    				cross-origin file downloads. Learn more about CORS at
    				https://developer.mozilla.org/en-US/docs/Web/HTTP/CORS.
    
    				If your file is on GitHub, load it from "raw.githubusercontent.com".
    				Here's how to do that:
    
    				1. Start with the original GitHub URL of the file. For example:
    				https://github.com/username/repository/blob/branch/filename.
    				2. Replace "github.com" with "raw.githubusercontent.com".
    				3. Remove the "/blob/" part of the URL.
    
    				The resulting URL should look like this:
    				https://raw.githubusercontent.com/username/repository/branch/filename
    
    				Error:
    				Error: Could not download "https://downloads.wordpress.org/plugin/custom-post-menu-sort-order.latest-stable.zip"
        at Ct.resolve (file:///home/runner/work/playground-tester/playground-tester/node_modules/@wp-playground/blueprints/index.js:1129:13)
        at process.processTicksAndRejections (node:internal/process/task_queues:105:5)
        at async _.run (file:///home/runner/work/playground-tester/playground-tester/node_modules/@php-wasm/util/index.js:45:14)
  }
}

Node.js v23.11.0
