file:///home/runner/work/playground-tester/playground-tester/node_modules/@wp-playground/cli/run-cli-j-geJYS3.js:325
        throw new Error($, { cause: h });
              ^

Error: [02-Jul-2025 09:33:51 UTC] PHP Fatal error:  Uncaught Error: Undefined constant "ASSERT_QUIET_EVAL" in /wordpress/wp-content/plugins/simplecontact/simpleContact.php:56
Stack trace:
#0 /wordpress/wp-admin/includes/plugin.php(2387): include_once()
#1 /wordpress/wp-admin/includes/plugin.php(673): plugin_sandbox_scrape('simplecontact/s...')
#2 /internal/eval.php(20): activate_plugin('simplecontact/s...')
#3 {main}
  thrown in /wordpress/wp-content/plugins/simplecontact/simpleContact.php on line 56
[02-Jul-2025 09:33:59 UTC] PHP Fatal error:  Uncaught Error: Undefined constant "ASSERT_QUIET_EVAL" in /wordpress/wp-content/plugins/simplecontact/simpleContact.php:56
Stack trace:
#0 /wordpress/wp-admin/includes/plugin.php(2387): include_once()
#1 /wordpress/wp-admin/includes/plugin.php(673): plugin_sandbox_scrape('simplecontact/s...')
#2 /internal/eval.php(20): activate_plugin('simplecontact/s...')
#3 {main}
  thrown in /wordpress/wp-content/plugins/simplecontact/simpleContact.php on line 56
[02-Jul-2025 09:34:07 UTC] PHP Fatal error:  Uncaught Error: Undefined constant "ASSERT_QUIET_EVAL" in /wordpress/wp-content/plugins/simplecontact/simpleContact.php:56
Stack trace:
#0 /wordpress/wp-admin/includes/plugin.php(2387): include_once()
#1 /wordpress/wp-admin/includes/plugin.php(673): plugin_sandbox_scrape('simplecontact/s...')
#2 /internal/eval.php(20): activate_plugin('simplecontact/s...')
#3 {main}
  thrown in /wordpress/wp-content/plugins/simplecontact/simpleContact.php on line 56
[02-Jul-2025 09:35:51 UTC] PHP Fatal error:  Uncaught Error: Undefined constant "WPLANG" in /wordpress/wp-content/plugins/site-button-by-extension-factory/extensionfactory-config.php:4
Stack trace:
#0 /wordpress/wp-content/plugins/site-button-by-extension-factory/extensionfactory.php(11): require_once()
#1 /wordpress/wp-admin/includes/plugin.php(2387): include_once('/wordpress/wp-c...')
#2 /wordpress/wp-admin/includes/plugin.php(673): plugin_sandbox_scrape('site-button-by-...')
#3 /internal/eval.php(20): activate_plugin('site-button-by-...')
#4 {main}
  thrown in /wordpress/wp-content/plugins/site-button-by-extension-factory/extensionfactory-config.php on line 4
[02-Jul-2025 09:35:59 UTC] PHP Fatal error:  Uncaught Error: Undefined constant "WPLANG" in /wordpress/wp-content/plugins/site-button-by-extension-factory/extensionfactory-config.php:4
Stack trace:
#0 /wordpress/wp-content/plugins/site-button-by-extension-factory/extensionfactory.php(11): require_once()
#1 /wordpress/wp-admin/includes/plugin.php(2387): include_once('/wordpress/wp-c...')
#2 /wordpress/wp-admin/includes/plugin.php(673): plugin_sandbox_scrape('site-button-by-...')
#3 /internal/eval.php(20): activate_plugin('site-button-by-...')
#4 {main}
  thrown in /wordpress/wp-content/plugins/site-button-by-extension-factory/extensionfactory-config.php on line 4
[02-Jul-2025 09:36:07 UTC] PHP Fatal error:  Uncaught Error: Undefined constant "WPLANG" in /wordpress/wp-content/plugins/site-button-by-extension-factory/extensionfactory-config.php:4
Stack trace:
#0 /wordpress/wp-content/plugins/site-button-by-extension-factory/extensionfactory.php(11): require_once()
#1 /wordpress/wp-admin/includes/plugin.php(2387): include_once('/wordpress/wp-c...')
#2 /wordpress/wp-admin/includes/plugin.php(673): plugin_sandbox_scrape('site-button-by-...')
#3 /internal/eval.php(20): activate_plugin('site-button-by-...')
#4 {main}
  thrown in /wordpress/wp-content/plugins/site-button-by-extension-factory/extensionfactory-config.php on line 4
[02-Jul-2025 09:36:16 UTC] PHP Warning:  Undefined variable $timestamp in /wordpress/wp-content/plugins/site2crm/admin/options.php on line 134
[02-Jul-2025 09:36:17 UTC] PHP Warning:  Undefined variable $timestamp in /wordpress/wp-content/plugins/site2crm/admin/options.php on line 134
[02-Jul-2025 09:36:26 UTC] PHP Warning:  Undefined variable $timestamp in /wordpress/wp-content/plugins/site2crm/admin/options.php on line 134
[02-Jul-2025 09:36:28 UTC] PHP Warning:  Undefined variable $timestamp in /wordpress/wp-content/plugins/site2crm/admin/options.php on line 134
[02-Jul-2025 09:36:36 UTC] PHP Warning:  Undefined variable $timestamp in /wordpress/wp-content/plugins/site2crm/admin/options.php on line 134
[02-Jul-2025 09:36:37 UTC] PHP Warning:  Undefined variable $timestamp in /wordpress/wp-content/plugins/site2crm/admin/options.php on line 134
[02-Jul-2025 09:36:46 UTC] PHP Notice:  Only variables should be passed by reference in /wordpress/wp-content/plugins/sk-multi-tag/wpAdminLib/SKFilesystem.php on line 23
[02-Jul-2025 09:36:47 UTC] PHP Notice:  Only variables should be passed by reference in /wordpress/wp-content/plugins/sk-multi-tag/wpAdminLib/SKFilesystem.php on line 23
[02-Jul-2025 09:36:47 UTC] PHP Fatal error:  Uncaught TypeError: call_user_func_array(): Argument #1 ($callback) must be a valid callback, non-static method SKMultiTag::load_widget() cannot be called statically in /wordpress/wp-includes/class-wp-hook.php:324
Stack trace:
#0 /wordpress/wp-includes/class-wp-hook.php(348): WP_Hook->apply_filters(NULL, Array)
#1 /wordpress/wp-includes/plugin.php(517): WP_Hook->do_action(Array)
#2 /wordpress/wp-includes/widgets.php(1870): do_action('widgets_init')
#3 /wordpress/wp-includes/class-wp-hook.php(324): wp_widgets_init('')
#4 /wordpress/wp-includes/class-wp-hook.php(348): WP_Hook->apply_filters(NULL, Array)
#5 /wordpress/wp-includes/plugin.php(517): WP_Hook->do_action(Array)
#6 /wordpress/wp-settings.php(727): do_action('init')
#7 /wordpress/wp-config.php(102): require_once('/wordpress/wp-s...')
#8 /wordpress/wp-load.php(50): require_once('/wordpress/wp-c...')
#9 /internal/eval.php(3): require_once('/wordpress/wp-l...')
#10 {main}
  thrown in /wordpress/wp-includes/class-wp-hook.php on line 324
[02-Jul-2025 09:36:55 UTC] PHP Notice:  Only variables should be passed by reference in /wordpress/wp-content/plugins/sk-multi-tag/wpAdminLib/SKFilesystem.php on line 23
[02-Jul-2025 09:36:57 UTC] PHP Notice:  Only variables should be passed by reference in /wordpress/wp-content/plugins/sk-multi-tag/wpAdminLib/SKFilesystem.php on line 23
[02-Jul-2025 09:36:57 UTC] PHP Fatal error:  Uncaught TypeError: call_user_func_array(): Argument #1 ($callback) must be a valid callback, non-static method SKMultiTag::load_widget() cannot be called statically in /wordpress/wp-includes/class-wp-hook.php:324
Stack trace:
#0 /wordpress/wp-includes/class-wp-hook.php(348): WP_Hook->apply_filters(NULL, Array)
#1 /wordpress/wp-includes/plugin.php(517): WP_Hook->do_action(Array)
#2 /wordpress/wp-includes/widgets.php(1870): do_action('widgets_init')
#3 /wordpress/wp-includes/class-wp-hook.php(324): wp_widgets_init('')
#4 /wordpress/wp-includes/class-wp-hook.php(348): WP_Hook->apply_filters(NULL, Array)
#5 /wordpress/wp-includes/plugin.php(517): WP_Hook->do_action(Array)
#6 /wordpress/wp-settings.php(727): do_action('init')
#7 /wordpress/wp-config.php(102): require_once('/wordpress/wp-s...')
#8 /wordpress/wp-load.php(50): require_once('/wordpress/wp-c...')
#9 /internal/eval.php(3): require_once('/wordpress/wp-l...')
#10 {main}
  thrown in /wordpress/wp-includes/class-wp-hook.php on line 324
[02-Jul-2025 09:37:05 UTC] PHP Notice:  Only variables should be passed by reference in /wordpress/wp-content/plugins/sk-multi-tag/wpAdminLib/SKFilesystem.php on line 23
[02-Jul-2025 09:37:06 UTC] PHP Notice:  Only variables should be passed by reference in /wordpress/wp-content/plugins/sk-multi-tag/wpAdminLib/SKFilesystem.php on line 23
[02-Jul-2025 09:37:06 UTC] PHP Fatal error:  Uncaught TypeError: call_user_func_array(): Argument #1 ($callback) must be a valid callback, non-static method SKMultiTag::load_widget() cannot be called statically in /wordpress/wp-includes/class-wp-hook.php:324
Stack trace:
#0 /wordpress/wp-includes/class-wp-hook.php(348): WP_Hook->apply_filters(NULL, Array)
#1 /wordpress/wp-includes/plugin.php(517): WP_Hook->do_action(Array)
#2 /wordpress/wp-includes/widgets.php(1870): do_action('widgets_init')
#3 /wordpress/wp-includes/class-wp-hook.php(324): wp_widgets_init('')
#4 /wordpress/wp-includes/class-wp-hook.php(348): WP_Hook->apply_filters(NULL, Array)
#5 /wordpress/wp-includes/plugin.php(517): WP_Hook->do_action(Array)
#6 /wordpress/wp-settings.php(727): do_action('init')
#7 /wordpress/wp-config.php(102): require_once('/wordpress/wp-s...')
#8 /wordpress/wp-load.php(50): require_once('/wordpress/wp-c...')
#9 /internal/eval.php(3): require_once('/wordpress/wp-l...')
#10 {main}
  thrown in /wordpress/wp-includes/class-wp-hook.php on line 324
[02-Jul-2025 09:40:41 UTC] PHP Fatal error:  Uncaught ArgumentCountError: Too few arguments to function WP_Widget::__construct(), 0 passed in /wordpress/wp-includes/class-wp-widget-factory.php on line 62 and at least 2 expected in /wordpress/wp-includes/class-wp-widget.php:163
Stack trace:
#0 /wordpress/wp-includes/class-wp-widget-factory.php(62): WP_Widget->__construct()
#1 /wordpress/wp-includes/widgets.php(123): WP_Widget_Factory->register('Reliable_Twitte...')
#2 /wordpress/wp-content/plugins/reliable-twitter/reliable-twitter.php(72): register_widget('Reliable_Twitte...')
#3 /wordpress/wp-includes/class-wp-hook.php(324): reliable_twitter_load_widgets('')
#4 /wordpress/wp-includes/class-wp-hook.php(348): WP_Hook->apply_filters(NULL, Array)
#5 /wordpress/wp-includes/plugin.php(517): WP_Hook->do_action(Array)
#6 /wordpress/wp-includes/widgets.php(1870): do_action('widgets_init')
#7 /wordpress/wp-includes/class-wp-hook.php(324): wp_widgets_init('')
#8 /wordpress/wp-includes/class-wp-hook.php(348): WP_Hook->apply_filters(NULL, Array)
#9 /wordpress/wp-includes/plugin.php(517): WP_Hook->do_action(Array)
#10 /wordpress/wp-settings.php(727): do_action('init')
#11 /wordpress/wp-config.php(102): require_once('/wordpress/wp-s...')
#12 /wordpress/wp-load.php(50): require_once('/wordpress/wp-c...')
#13 /internal/eval.php(3): require_once('/wordpress/wp-l...')
#14 {main}
  thrown in /wordpress/wp-includes/class-wp-widget.php on line 163
[02-Jul-2025 09:40:50 UTC] PHP Fatal error:  Uncaught ArgumentCountError: Too few arguments to function WP_Widget::__construct(), 0 passed in /wordpress/wp-includes/class-wp-widget-factory.php on line 62 and at least 2 expected in /wordpress/wp-includes/class-wp-widget.php:163
Stack trace:
#0 /wordpress/wp-includes/class-wp-widget-factory.php(62): WP_Widget->__construct()
#1 /wordpress/wp-includes/widgets.php(123): WP_Widget_Factory->register('Reliable_Twitte...')
#2 /wordpress/wp-content/plugins/reliable-twitter/reliable-twitter.php(72): register_widget('Reliable_Twitte...')
#3 /wordpress/wp-includes/class-wp-hook.php(324): reliable_twitter_load_widgets('')
#4 /wordpress/wp-includes/class-wp-hook.php(348): WP_Hook->apply_filters(NULL, Array)
#5 /wordpress/wp-includes/plugin.php(517): WP_Hook->do_action(Array)
#6 /wordpress/wp-includes/widgets.php(1870): do_action('widgets_init')
#7 /wordpress/wp-includes/class-wp-hook.php(324): wp_widgets_init('')
#8 /wordpress/wp-includes/class-wp-hook.php(348): WP_Hook->apply_filters(NULL, Array)
#9 /wordpress/wp-includes/plugin.php(517): WP_Hook->do_action(Array)
#10 /wordpress/wp-settings.php(727): do_action('init')
#11 /wordpress/wp-config.php(102): require_once('/wordpress/wp-s...')
#12 /wordpress/wp-load.php(50): require_once('/wordpress/wp-c...')
#13 /internal/eval.php(3): require_once('/wordpress/wp-l...')
#14 {main}
  thrown in /wordpress/wp-includes/class-wp-widget.php on line 163
[02-Jul-2025 09:40:59 UTC] PHP Fatal error:  Uncaught ArgumentCountError: Too few arguments to function WP_Widget::__construct(), 0 passed in /wordpress/wp-includes/class-wp-widget-factory.php on line 62 and at least 2 expected in /wordpress/wp-includes/class-wp-widget.php:163
Stack trace:
#0 /wordpress/wp-includes/class-wp-widget-factory.php(62): WP_Widget->__construct()
#1 /wordpress/wp-includes/widgets.php(123): WP_Widget_Factory->register('Reliable_Twitte...')
#2 /wordpress/wp-content/plugins/reliable-twitter/reliable-twitter.php(72): register_widget('Reliable_Twitte...')
#3 /wordpress/wp-includes/class-wp-hook.php(324): reliable_twitter_load_widgets('')
#4 /wordpress/wp-includes/class-wp-hook.php(348): WP_Hook->apply_filters(NULL, Array)
#5 /wordpress/wp-includes/plugin.php(517): WP_Hook->do_action(Array)
#6 /wordpress/wp-includes/widgets.php(1870): do_action('widgets_init')
#7 /wordpress/wp-includes/class-wp-hook.php(324): wp_widgets_init('')
#8 /wordpress/wp-includes/class-wp-hook.php(348): WP_Hook->apply_filters(NULL, Array)
#9 /wordpress/wp-includes/plugin.php(517): WP_Hook->do_action(Array)
#10 /wordpress/wp-settings.php(727): do_action('init')
#11 /wordpress/wp-config.php(102): require_once('/wordpress/wp-s...')
#12 /wordpress/wp-load.php(50): require_once('/wordpress/wp-c...')
#13 /internal/eval.php(3): require_once('/wordpress/wp-l...')
#14 {main}
  thrown in /wordpress/wp-includes/class-wp-widget.php on line 163
[02-Jul-2025 09:41:37 UTC] PHP Deprecated:  Function load_plugin_textdomain was called with an argument that is <strong>deprecated</strong> since version 2.7.0 with no alternative available. in /wordpress/wp-includes/functions.php on line 6121
[02-Jul-2025 09:41:38 UTC] PHP Deprecated:  Function load_plugin_textdomain was called with an argument that is <strong>deprecated</strong> since version 2.7.0 with no alternative available. in /wordpress/wp-includes/functions.php on line 6121
[02-Jul-2025 09:41:46 UTC] PHP Deprecated:  Function load_plugin_textdomain was called with an argument that is <strong>deprecated</strong> since version 2.7.0 with no alternative available. in /wordpress/wp-includes/functions.php on line 6121
[02-Jul-2025 09:41:47 UTC] PHP Deprecated:  Function load_plugin_textdomain was called with an argument that is <strong>deprecated</strong> since version 2.7.0 with no alternative available. in /wordpress/wp-includes/functions.php on line 6121
[02-Jul-2025 09:41:56 UTC] PHP Deprecated:  Function load_plugin_textdomain was called with an argument that is <strong>deprecated</strong> since version 2.7.0 with no alternative available. in /wordpress/wp-includes/functions.php on line 6121
[02-Jul-2025 09:41:56 UTC] PHP Deprecated:  Function load_plugin_textdomain was called with an argument that is <strong>deprecated</strong> since version 2.7.0 with no alternative available. in /wordpress/wp-includes/functions.php on line 6121
[02-Jul-2025 09:43:55 UTC] PHP Notice:  Function _load_textdomain_just_in_time was called <strong>incorrectly</strong>. Translation loading for the <code>rt-elementor-widgets</code> domain was triggered too early. This is usually an indicator for some code in the plugin or theme running too early. Translations should be loaded at the <code>init</code> action or later. Please see <a href="https://developer.wordpress.org/advanced-administration/debug/debug-wordpress/">Debugging in WordPress</a> for more information. (This message was added in version 6.7.0.) in /wordpress/wp-includes/functions.php on line 6121
[02-Jul-2025 09:44:04 UTC] PHP Notice:  Function _load_textdomain_just_in_time was called <strong>incorrectly</strong>. Translation loading for the <code>rt-elementor-widgets</code> domain was triggered too early. This is usually an indicator for some code in the plugin or theme running too early. Translations should be loaded at the <code>init</code> action or later. Please see <a href="https://developer.wordpress.org/advanced-administration/debug/debug-wordpress/">Debugging in WordPress</a> for more information. (This message was added in version 6.7.0.) in /wordpress/wp-includes/functions.php on line 6121
[02-Jul-2025 09:44:14 UTC] PHP Notice:  Function _load_textdomain_just_in_time was called <strong>incorrectly</strong>. Translation loading for the <code>rt-elementor-widgets</code> domain was triggered too early. This is usually an indicator for some code in the plugin or theme running too early. Translations should be loaded at the <code>init</code> action or later. Please see <a href="https://developer.wordpress.org/advanced-administration/debug/debug-wordpress/">Debugging in WordPress</a> for more information. (This message was added in version 6.7.0.) in /wordpress/wp-includes/functions.php on line 6121
[02-Jul-2025 09:44:23 UTC] PHP Fatal error:  Uncaught Error: Undefined constant "random_description_admin_menu" in /wordpress/wp-content/plugins/random-blog-description/rndesc.php:68
Stack trace:
#0 /wordpress/wp-admin/includes/plugin.php(2387): include_once()
#1 /wordpress/wp-admin/includes/plugin.php(673): plugin_sandbox_scrape('random-blog-des...')
#2 /internal/eval.php(20): activate_plugin('random-blog-des...')
#3 {main}
  thrown in /wordpress/wp-content/plugins/random-blog-description/rndesc.php on line 68
[02-Jul-2025 09:44:31 UTC] PHP Fatal error:  Uncaught Error: Undefined constant "random_description_admin_menu" in /wordpress/wp-content/plugins/random-blog-description/rndesc.php:68
Stack trace:
#0 /wordpress/wp-admin/includes/plugin.php(2387): include_once()
#1 /wordpress/wp-admin/includes/plugin.php(673): plugin_sandbox_scrape('random-blog-des...')
#2 /internal/eval.php(20): activate_plugin('random-blog-des...')
#3 {main}
  thrown in /wordpress/wp-content/plugins/random-blog-description/rndesc.php on line 68
[02-Jul-2025 09:44:39 UTC] PHP Fatal error:  Uncaught Error: Undefined constant "random_description_admin_menu" in /wordpress/wp-content/plugins/random-blog-description/rndesc.php:68
Stack trace:
#0 /wordpress/wp-admin/includes/plugin.php(2387): include_once()
#1 /wordpress/wp-admin/includes/plugin.php(673): plugin_sandbox_scrape('random-blog-des...')
#2 /internal/eval.php(20): activate_plugin('random-blog-des...')
#3 {main}
  thrown in /wordpress/wp-content/plugins/random-blog-description/rndesc.php on line 68

    at Object.onBind (file:///home/runner/work/playground-tester/playground-tester/node_modules/@wp-playground/cli/run-cli-j-geJYS3.js:325:15)
    at process.processTicksAndRejections (node:internal/process/task_queues:105:5)
    at async re (file:///home/runner/work/playground-tester/playground-tester/node_modules/@wp-playground/cli/run-cli-j-geJYS3.js:149:10) {
  [cause]: Error: Error when executing the blueprint step #1 ({"step":"installPlugin","pluginData":{"resource":"wordpress.org/plugins","slug":"random-blog-description"},"options":{"activate":true}}) : PHP.run() failed with exit code 255 and the following output: 
      at Object.run (file:///home/runner/work/playground-tester/playground-tester/node_modules/@wp-playground/blueprints/index.js:12093:19)
      at process.processTicksAndRejections (node:internal/process/task_queues:105:5)
      at async ys (file:///home/runner/work/playground-tester/playground-tester/node_modules/@wp-playground/blueprints/index.js:12196:3)
      at async Object.onBind (file:///home/runner/work/playground-tester/playground-tester/node_modules/@wp-playground/cli/run-cli-j-geJYS3.js:315:48)
      at async re (file:///home/runner/work/playground-tester/playground-tester/node_modules/@wp-playground/cli/run-cli-j-geJYS3.js:149:10) {
    [cause]: PHPExecutionFailureError: PHP.run() failed with exit code 255 and the following output: 
        at PHP.run (file:///home/runner/work/playground-tester/playground-tester/node_modules/@php-wasm/universal/index.js:1034:19)
        at process.processTicksAndRejections (node:internal/process/task_queues:105:5)
        at async wr (file:///home/runner/work/playground-tester/playground-tester/node_modules/@wp-playground/blueprints/index.js:34:39)
        at async Object.gt [as installPlugin] (file:///home/runner/work/playground-tester/playground-tester/node_modules/@wp-playground/blueprints/index.js:631:42)
        at async g (file:///home/runner/work/playground-tester/playground-tester/node_modules/@wp-playground/blueprints/index.js:12161:30)
        at async Object.run (file:///home/runner/work/playground-tester/playground-tester/node_modules/@wp-playground/blueprints/index.js:12090:23)
        at async ys (file:///home/runner/work/playground-tester/playground-tester/node_modules/@wp-playground/blueprints/index.js:12196:3)
        at async Object.onBind (file:///home/runner/work/playground-tester/playground-tester/node_modules/@wp-playground/cli/run-cli-j-geJYS3.js:315:48)
        at async re (file:///home/runner/work/playground-tester/playground-tester/node_modules/@wp-playground/cli/run-cli-j-geJYS3.js:149:10) {
      response: PHPResponse {
        httpStatusCode: 500,
        headers: {
          'x-powered-by': [ 'PHP/8.0.30-dev' ],
          'content-type': [ 'text/html; charset=UTF-8' ]
        },
        bytes: Uint8Array(0) [],
        exitCode: 255,
        errors: ''
      },
      source: 'request'
    }
  }
}

Node.js v23.11.0
