file:///home/runner/work/playground-tester/playground-tester/node_modules/@wp-playground/cli/index.js:237
        throw new Error(y, { cause: u });
              ^

Error: [24-Apr-2025 04:33:09 UTC] PHP Warning:  Undefined variable $wpdb in /wordpress/wp-content/plugins/daily-top-10-posts/dailytop10.php on line 105
[24-Apr-2025 04:33:09 UTC] PHP Warning:  Attempt to read property "prefix" on null in /wordpress/wp-content/plugins/daily-top-10-posts/dailytop10.php on line 105
[24-Apr-2025 04:33:09 UTC] PHP Warning:  Undefined variable $wpdb in /wordpress/wp-content/plugins/daily-top-10-posts/dailytop10.php on line 106
[24-Apr-2025 04:33:09 UTC] PHP Warning:  Attempt to read property "prefix" on null in /wordpress/wp-content/plugins/daily-top-10-posts/dailytop10.php on line 106
[24-Apr-2025 04:33:09 UTC] PHP Warning:  Undefined variable $wpdb in /wordpress/wp-content/plugins/daily-top-10-posts/dailytop10.php on line 107
[24-Apr-2025 04:33:09 UTC] PHP Warning:  Attempt to read property "prefix" on null in /wordpress/wp-content/plugins/daily-top-10-posts/dailytop10.php on line 107
[24-Apr-2025 04:33:10 UTC] PHP Deprecated:  Function register_sidebar_widget is <strong>deprecated</strong> since version 2.8.0! Use wp_register_sidebar_widget() instead. in /wordpress/wp-includes/functions.php on line 6121
[24-Apr-2025 04:33:11 UTC] PHP Deprecated:  File upgrade-functions.php is <strong>deprecated</strong> since version 2.5.0! Use wp-admin/includes/upgrade.php instead. in /wordpress/wp-includes/functions.php on line 6121
[24-Apr-2025 04:33:17 UTC] PHP Warning:  Undefined variable $wpdb in /wordpress/wp-content/plugins/daily-top-10-posts/dailytop10.php on line 105
[24-Apr-2025 04:33:17 UTC] PHP Warning:  Attempt to read property "prefix" on null in /wordpress/wp-content/plugins/daily-top-10-posts/dailytop10.php on line 105
[24-Apr-2025 04:33:17 UTC] PHP Warning:  Undefined variable $wpdb in /wordpress/wp-content/plugins/daily-top-10-posts/dailytop10.php on line 106
[24-Apr-2025 04:33:17 UTC] PHP Warning:  Attempt to read property "prefix" on null in /wordpress/wp-content/plugins/daily-top-10-posts/dailytop10.php on line 106
[24-Apr-2025 04:33:17 UTC] PHP Warning:  Undefined variable $wpdb in /wordpress/wp-content/plugins/daily-top-10-posts/dailytop10.php on line 107
[24-Apr-2025 04:33:17 UTC] PHP Warning:  Attempt to read property "prefix" on null in /wordpress/wp-content/plugins/daily-top-10-posts/dailytop10.php on line 107
[24-Apr-2025 04:33:19 UTC] PHP Deprecated:  Function register_sidebar_widget is <strong>deprecated</strong> since version 2.8.0! Use wp_register_sidebar_widget() instead. in /wordpress/wp-includes/functions.php on line 6121
[24-Apr-2025 04:33:19 UTC] PHP Deprecated:  File upgrade-functions.php is <strong>deprecated</strong> since version 2.5.0! Use wp-admin/includes/upgrade.php instead. in /wordpress/wp-includes/functions.php on line 6121
[24-Apr-2025 04:33:26 UTC] PHP Warning:  Undefined variable $wpdb in /wordpress/wp-content/plugins/daily-top-10-posts/dailytop10.php on line 105
[24-Apr-2025 04:33:26 UTC] PHP Warning:  Attempt to read property "prefix" on null in /wordpress/wp-content/plugins/daily-top-10-posts/dailytop10.php on line 105
[24-Apr-2025 04:33:26 UTC] PHP Warning:  Undefined variable $wpdb in /wordpress/wp-content/plugins/daily-top-10-posts/dailytop10.php on line 106
[24-Apr-2025 04:33:26 UTC] PHP Warning:  Attempt to read property "prefix" on null in /wordpress/wp-content/plugins/daily-top-10-posts/dailytop10.php on line 106
[24-Apr-2025 04:33:26 UTC] PHP Warning:  Undefined variable $wpdb in /wordpress/wp-content/plugins/daily-top-10-posts/dailytop10.php on line 107
[24-Apr-2025 04:33:26 UTC] PHP Warning:  Attempt to read property "prefix" on null in /wordpress/wp-content/plugins/daily-top-10-posts/dailytop10.php on line 107
[24-Apr-2025 04:33:27 UTC] PHP Deprecated:  Function register_sidebar_widget is <strong>deprecated</strong> since version 2.8.0! Use wp_register_sidebar_widget() instead. in /wordpress/wp-includes/functions.php on line 6121
[24-Apr-2025 04:33:28 UTC] PHP Deprecated:  File upgrade-functions.php is <strong>deprecated</strong> since version 2.5.0! Use wp-admin/includes/upgrade.php instead. in /wordpress/wp-includes/functions.php on line 6121
[24-Apr-2025 04:34:59 UTC] PHP Deprecated:  Required parameter $label follows optional parameter $required in /wordpress/wp-content/plugins/dc-facebook-like-box-popup-increase-facebook-fans/controls.php on line 2
[24-Apr-2025 04:34:59 UTC] PHP Deprecated:  Required parameter $id follows optional parameter $required in /wordpress/wp-content/plugins/dc-facebook-like-box-popup-increase-facebook-fans/controls.php on line 2
[24-Apr-2025 04:34:59 UTC] PHP Deprecated:  Required parameter $name follows optional parameter $required in /wordpress/wp-content/plugins/dc-facebook-like-box-popup-increase-facebook-fans/controls.php on line 2
[24-Apr-2025 04:35:00 UTC] PHP Deprecated:  Required parameter $label follows optional parameter $required in /wordpress/wp-content/plugins/dc-facebook-like-box-popup-increase-facebook-fans/controls.php on line 2
[24-Apr-2025 04:35:00 UTC] PHP Deprecated:  Required parameter $id follows optional parameter $required in /wordpress/wp-content/plugins/dc-facebook-like-box-popup-increase-facebook-fans/controls.php on line 2
[24-Apr-2025 04:35:00 UTC] PHP Deprecated:  Required parameter $name follows optional parameter $required in /wordpress/wp-content/plugins/dc-facebook-like-box-popup-increase-facebook-fans/controls.php on line 2
[24-Apr-2025 04:35:07 UTC] PHP Deprecated:  Required parameter $label follows optional parameter $required in /wordpress/wp-content/plugins/dc-facebook-like-box-popup-increase-facebook-fans/controls.php on line 2
[24-Apr-2025 04:35:07 UTC] PHP Deprecated:  Required parameter $id follows optional parameter $required in /wordpress/wp-content/plugins/dc-facebook-like-box-popup-increase-facebook-fans/controls.php on line 2
[24-Apr-2025 04:35:07 UTC] PHP Deprecated:  Required parameter $name follows optional parameter $required in /wordpress/wp-content/plugins/dc-facebook-like-box-popup-increase-facebook-fans/controls.php on line 2
[24-Apr-2025 04:35:08 UTC] PHP Deprecated:  Required parameter $label follows optional parameter $required in /wordpress/wp-content/plugins/dc-facebook-like-box-popup-increase-facebook-fans/controls.php on line 2
[24-Apr-2025 04:35:08 UTC] PHP Deprecated:  Required parameter $id follows optional parameter $required in /wordpress/wp-content/plugins/dc-facebook-like-box-popup-increase-facebook-fans/controls.php on line 2
[24-Apr-2025 04:35:08 UTC] PHP Deprecated:  Required parameter $name follows optional parameter $required in /wordpress/wp-content/plugins/dc-facebook-like-box-popup-increase-facebook-fans/controls.php on line 2
[24-Apr-2025 04:35:16 UTC] PHP Deprecated:  Required parameter $label follows optional parameter $required in /wordpress/wp-content/plugins/dc-facebook-like-box-popup-increase-facebook-fans/controls.php on line 2
[24-Apr-2025 04:35:16 UTC] PHP Deprecated:  Required parameter $id follows optional parameter $required in /wordpress/wp-content/plugins/dc-facebook-like-box-popup-increase-facebook-fans/controls.php on line 2
[24-Apr-2025 04:35:16 UTC] PHP Deprecated:  Required parameter $name follows optional parameter $required in /wordpress/wp-content/plugins/dc-facebook-like-box-popup-increase-facebook-fans/controls.php on line 2
[24-Apr-2025 04:35:17 UTC] PHP Deprecated:  Required parameter $label follows optional parameter $required in /wordpress/wp-content/plugins/dc-facebook-like-box-popup-increase-facebook-fans/controls.php on line 2
[24-Apr-2025 04:35:17 UTC] PHP Deprecated:  Required parameter $id follows optional parameter $required in /wordpress/wp-content/plugins/dc-facebook-like-box-popup-increase-facebook-fans/controls.php on line 2
[24-Apr-2025 04:35:17 UTC] PHP Deprecated:  Required parameter $name follows optional parameter $required in /wordpress/wp-content/plugins/dc-facebook-like-box-popup-increase-facebook-fans/controls.php on line 2
[24-Apr-2025 04:39:34 UTC] PHP Notice:  Function _load_textdomain_just_in_time was called <strong>incorrectly</strong>. Translation loading for the <code>dy_pwd</code> domain was triggered too early. This is usually an indicator for some code in the plugin or theme running too early. Translations should be loaded at the <code>init</code> action or later. Please see <a href="https://developer.wordpress.org/advanced-administration/debug/debug-wordpress/">Debugging in WordPress</a> for more information. (This message was added in version 6.7.0.) in /wordpress/wp-includes/functions.php on line 6121
[24-Apr-2025 04:39:43 UTC] PHP Notice:  Function _load_textdomain_just_in_time was called <strong>incorrectly</strong>. Translation loading for the <code>dy_pwd</code> domain was triggered too early. This is usually an indicator for some code in the plugin or theme running too early. Translations should be loaded at the <code>init</code> action or later. Please see <a href="https://developer.wordpress.org/advanced-administration/debug/debug-wordpress/">Debugging in WordPress</a> for more information. (This message was added in version 6.7.0.) in /wordpress/wp-includes/functions.php on line 6121
[24-Apr-2025 04:39:53 UTC] PHP Notice:  Function _load_textdomain_just_in_time was called <strong>incorrectly</strong>. Translation loading for the <code>dy_pwd</code> domain was triggered too early. This is usually an indicator for some code in the plugin or theme running too early. Translations should be loaded at the <code>init</code> action or later. Please see <a href="https://developer.wordpress.org/advanced-administration/debug/debug-wordpress/">Debugging in WordPress</a> for more information. (This message was added in version 6.7.0.) in /wordpress/wp-includes/functions.php on line 6121
[24-Apr-2025 04:40:53 UTC] PHP Fatal error:  Uncaught Error: Call to undefined function wp_get_active_network_plugins() in /wordpress/wp-content/plugins/display-current-product-category/display-current-product-category.php:87
Stack trace:
#0 /wordpress/wp-admin/includes/plugin.php(2387): include_once()
#1 /wordpress/wp-admin/includes/plugin.php(673): plugin_sandbox_scrape('display-current...')
#2 /internal/eval.php(20): activate_plugin('display-current...')
#3 {main}
  thrown in /wordpress/wp-content/plugins/display-current-product-category/display-current-product-category.php on line 87
[24-Apr-2025 04:41:01 UTC] PHP Fatal error:  Uncaught Error: Call to undefined function wp_get_active_network_plugins() in /wordpress/wp-content/plugins/display-current-product-category/display-current-product-category.php:87
Stack trace:
#0 /wordpress/wp-admin/includes/plugin.php(2387): include_once()
#1 /wordpress/wp-admin/includes/plugin.php(673): plugin_sandbox_scrape('display-current...')
#2 /internal/eval.php(20): activate_plugin('display-current...')
#3 {main}
  thrown in /wordpress/wp-content/plugins/display-current-product-category/display-current-product-category.php on line 87

    at Object.onBind (file:///home/runner/work/playground-tester/playground-tester/node_modules/@wp-playground/cli/index.js:237:15)
    at process.processTicksAndRejections (node:internal/process/task_queues:105:5)
    at async V (file:///home/runner/work/playground-tester/playground-tester/node_modules/@wp-playground/cli/index.js:64:10)
    at async ja (file:///home/runner/work/playground-tester/playground-tester/node_modules/@wp-playground/cli/cli.js:8161:12) {
  [cause]: Error: Error when executing the blueprint step #1 ({"step":"installPlugin","pluginData":{"resource":"wordpress.org/plugins","slug":"display-current-product-category"},"options":{"activate":true}}) : PHP.run() failed with exit code 255 and the following output: 
      at Object.run (file:///home/runner/work/playground-tester/playground-tester/node_modules/@wp-playground/blueprints/index.js:12449:19)
      at process.processTicksAndRejections (node:internal/process/task_queues:105:5)
      at async ms (file:///home/runner/work/playground-tester/playground-tester/node_modules/@wp-playground/blueprints/index.js:12552:3)
      ... 2 lines matching cause stack trace ...
      at async ja (file:///home/runner/work/playground-tester/playground-tester/node_modules/@wp-playground/cli/cli.js:8161:12) {
    [cause]: PHPExecutionFailureError: PHP.run() failed with exit code 255 and the following output: 
        at PHP.run (file:///home/runner/work/playground-tester/playground-tester/node_modules/@php-wasm/universal/index.js:987:19)
        at process.processTicksAndRejections (node:internal/process/task_queues:105:5)
        at async wr (file:///home/runner/work/playground-tester/playground-tester/node_modules/@wp-playground/blueprints/index.js:33:39)
        at async Object.gt [as installPlugin] (file:///home/runner/work/playground-tester/playground-tester/node_modules/@wp-playground/blueprints/index.js:974:42)
        at async g (file:///home/runner/work/playground-tester/playground-tester/node_modules/@wp-playground/blueprints/index.js:12517:30)
        at async Object.run (file:///home/runner/work/playground-tester/playground-tester/node_modules/@wp-playground/blueprints/index.js:12446:23)
        at async ms (file:///home/runner/work/playground-tester/playground-tester/node_modules/@wp-playground/blueprints/index.js:12552:3)
        at async Object.onBind (file:///home/runner/work/playground-tester/playground-tester/node_modules/@wp-playground/cli/index.js:227:48)
        at async V (file:///home/runner/work/playground-tester/playground-tester/node_modules/@wp-playground/cli/index.js:64:10)
        at async ja (file:///home/runner/work/playground-tester/playground-tester/node_modules/@wp-playground/cli/cli.js:8161:12) {
      response: PHPResponse {
        httpStatusCode: 500,
        headers: {
          'x-powered-by': [ 'PHP/8.0.30-dev' ],
          'content-type': [ 'text/html; charset=UTF-8' ]
        },
        bytes: Uint8Array(0) [],
        exitCode: 255,
        errors: ''
      },
      source: 'request'
    }
  }
}

Node.js v23.11.0
