file:///home/runner/work/playground-tester/playground-tester/node_modules/@wp-playground/cli/index.js:237
        throw new Error(y, { cause: u });
              ^

Error: [22-Apr-2025 19:24:14 UTC] PHP Warning:  Undefined variable $table_prefix in /wordpress/wp-content/plugins/ex-cross-reference/crossreferences.php on line 14
[22-Apr-2025 19:24:14 UTC] PHP Fatal error:  Uncaught Error: Attempt to assign property "crossreferences" on null in /wordpress/wp-content/plugins/ex-cross-reference/crossreferences.php:14
Stack trace:
#0 /wordpress/wp-admin/includes/plugin.php(2387): include_once()
#1 /wordpress/wp-admin/includes/plugin.php(673): plugin_sandbox_scrape('ex-cross-refere...')
#2 /internal/eval.php(20): activate_plugin('ex-cross-refere...')
#3 {main}
  thrown in /wordpress/wp-content/plugins/ex-cross-reference/crossreferences.php on line 14
[22-Apr-2025 19:24:22 UTC] PHP Warning:  Undefined variable $table_prefix in /wordpress/wp-content/plugins/ex-cross-reference/crossreferences.php on line 14
[22-Apr-2025 19:24:22 UTC] PHP Fatal error:  Uncaught Error: Attempt to assign property "crossreferences" on null in /wordpress/wp-content/plugins/ex-cross-reference/crossreferences.php:14
Stack trace:
#0 /wordpress/wp-admin/includes/plugin.php(2387): include_once()
#1 /wordpress/wp-admin/includes/plugin.php(673): plugin_sandbox_scrape('ex-cross-refere...')
#2 /internal/eval.php(20): activate_plugin('ex-cross-refere...')
#3 {main}
  thrown in /wordpress/wp-content/plugins/ex-cross-reference/crossreferences.php on line 14
[22-Apr-2025 19:24:29 UTC] PHP Warning:  Undefined variable $table_prefix in /wordpress/wp-content/plugins/ex-cross-reference/crossreferences.php on line 14
[22-Apr-2025 19:24:29 UTC] PHP Fatal error:  Uncaught Error: Attempt to assign property "crossreferences" on null in /wordpress/wp-content/plugins/ex-cross-reference/crossreferences.php:14
Stack trace:
#0 /wordpress/wp-admin/includes/plugin.php(2387): include_once()
#1 /wordpress/wp-admin/includes/plugin.php(673): plugin_sandbox_scrape('ex-cross-refere...')
#2 /internal/eval.php(20): activate_plugin('ex-cross-refere...')
#3 {main}
  thrown in /wordpress/wp-content/plugins/ex-cross-reference/crossreferences.php on line 14
[22-Apr-2025 19:25:58 UTC] PHP Fatal error:  Uncaught Error: Class "WC_Shipping_Zone" not found in /wordpress/wp-content/plugins/enviopack-argentina/utils.php:419
Stack trace:
#0 /wordpress/wp-includes/class-wp-hook.php(324): Ecomerciar\Enviopack\Utils\create_page(false)
#1 /wordpress/wp-includes/class-wp-hook.php(348): WP_Hook->apply_filters('', Array)
#2 /wordpress/wp-includes/plugin.php(517): WP_Hook->do_action(Array)
#3 /wordpress/wp-admin/includes/plugin.php(703): do_action('activate_enviop...', false)
#4 /internal/eval.php(20): activate_plugin('enviopack-argen...')
#5 {main}
  thrown in /wordpress/wp-content/plugins/enviopack-argentina/utils.php on line 419
[22-Apr-2025 19:26:04 UTC] PHP Fatal error:  Uncaught Error: Class "WC_Shipping_Zone" not found in /wordpress/wp-content/plugins/enviopack-argentina/utils.php:419
Stack trace:
#0 /wordpress/wp-includes/class-wp-hook.php(324): Ecomerciar\Enviopack\Utils\create_page(false)
#1 /wordpress/wp-includes/class-wp-hook.php(348): WP_Hook->apply_filters('', Array)
#2 /wordpress/wp-includes/plugin.php(517): WP_Hook->do_action(Array)
#3 /wordpress/wp-admin/includes/plugin.php(703): do_action('activate_enviop...', false)
#4 /internal/eval.php(20): activate_plugin('enviopack-argen...')
#5 {main}
  thrown in /wordpress/wp-content/plugins/enviopack-argentina/utils.php on line 419
[22-Apr-2025 19:26:11 UTC] PHP Fatal error:  Uncaught Error: Class "WC_Shipping_Zone" not found in /wordpress/wp-content/plugins/enviopack-argentina/utils.php:419
Stack trace:
#0 /wordpress/wp-includes/class-wp-hook.php(324): Ecomerciar\Enviopack\Utils\create_page(false)
#1 /wordpress/wp-includes/class-wp-hook.php(348): WP_Hook->apply_filters('', Array)
#2 /wordpress/wp-includes/plugin.php(517): WP_Hook->do_action(Array)
#3 /wordpress/wp-admin/includes/plugin.php(703): do_action('activate_enviop...', false)
#4 /internal/eval.php(20): activate_plugin('enviopack-argen...')
#5 {main}
  thrown in /wordpress/wp-content/plugins/enviopack-argentina/utils.php on line 419
[22-Apr-2025 19:28:13 UTC] PHP Notice:  Undefined variable: term in /internal/eval.php on line 22
[22-Apr-2025 19:28:13 UTC] PHP Notice:  Trying to access array offset on value of type null in /internal/eval.php on line 22
[22-Apr-2025 19:28:13 UTC] PHP Notice:  Undefined variable: term in /internal/eval.php on line 22
[22-Apr-2025 19:28:13 UTC] PHP Notice:  Trying to access array offset on value of type null in /internal/eval.php on line 22
[22-Apr-2025 19:28:13 UTC] PHP Notice:  Undefined variable: term in /internal/eval.php on line 22
[22-Apr-2025 19:28:13 UTC] PHP Notice:  Trying to access array offset on value of type null in /internal/eval.php on line 22
[22-Apr-2025 19:28:13 UTC] PHP Notice:  Undefined variable: term in /internal/eval.php on line 22
[22-Apr-2025 19:28:13 UTC] PHP Notice:  Trying to access array offset on value of type null in /internal/eval.php on line 22
[22-Apr-2025 19:28:14 UTC] PHP Notice:  Undefined variable: term in /internal/eval.php on line 22
[22-Apr-2025 19:28:14 UTC] PHP Notice:  Trying to access array offset on value of type null in /internal/eval.php on line 22
[22-Apr-2025 19:28:14 UTC] PHP Notice:  Undefined variable: term in /internal/eval.php on line 22
[22-Apr-2025 19:28:14 UTC] PHP Notice:  Trying to access array offset on value of type null in /internal/eval.php on line 22
[22-Apr-2025 19:28:14 UTC] PHP Notice:  Undefined variable: term in /internal/eval.php on line 22
[22-Apr-2025 19:28:14 UTC] PHP Notice:  Trying to access array offset on value of type null in /internal/eval.php on line 22
[22-Apr-2025 19:28:14 UTC] PHP Notice:  Undefined variable: term in /internal/eval.php on line 22
[22-Apr-2025 19:28:14 UTC] PHP Notice:  Trying to access array offset on value of type null in /internal/eval.php on line 22
[22-Apr-2025 19:28:14 UTC] PHP Notice:  Undefined variable: term in /internal/eval.php on line 22
[22-Apr-2025 19:28:14 UTC] PHP Notice:  Trying to access array offset on value of type null in /internal/eval.php on line 22
[22-Apr-2025 19:28:14 UTC] PHP Notice:  Undefined variable: term in /internal/eval.php on line 22
[22-Apr-2025 19:28:14 UTC] PHP Notice:  Trying to access array offset on value of type null in /internal/eval.php on line 22
[22-Apr-2025 19:28:14 UTC] PHP Notice:  Undefined variable: term in /internal/eval.php on line 22
[22-Apr-2025 19:28:14 UTC] PHP Notice:  Trying to access array offset on value of type null in /internal/eval.php on line 22
[22-Apr-2025 19:28:14 UTC] PHP Notice:  Undefined variable: term in /internal/eval.php on line 22
[22-Apr-2025 19:28:14 UTC] PHP Notice:  Trying to access array offset on value of type null in /internal/eval.php on line 22
[22-Apr-2025 19:28:15 UTC] PHP Notice:  Undefined variable: term in /internal/eval.php on line 22
[22-Apr-2025 19:28:15 UTC] PHP Notice:  Trying to access array offset on value of type null in /internal/eval.php on line 22
[22-Apr-2025 19:28:15 UTC] PHP Notice:  Undefined variable: term in /internal/eval.php on line 22
[22-Apr-2025 19:28:15 UTC] PHP Notice:  Trying to access array offset on value of type null in /internal/eval.php on line 22
[22-Apr-2025 19:28:15 UTC] PHP Notice:  Undefined variable: term in /internal/eval.php on line 22
[22-Apr-2025 19:28:15 UTC] PHP Notice:  Trying to access array offset on value of type null in /internal/eval.php on line 22
[22-Apr-2025 19:28:15 UTC] PHP Notice:  Undefined variable: term in /internal/eval.php on line 22
[22-Apr-2025 19:28:15 UTC] PHP Notice:  Trying to access array offset on value of type null in /internal/eval.php on line 22
[22-Apr-2025 19:28:16 UTC] PHP Notice:  Undefined variable: term in /internal/eval.php on line 22
[22-Apr-2025 19:28:16 UTC] PHP Notice:  Trying to access array offset on value of type null in /internal/eval.php on line 22
[22-Apr-2025 19:28:16 UTC] PHP Notice:  Undefined variable: term in /internal/eval.php on line 22
[22-Apr-2025 19:28:16 UTC] PHP Notice:  Trying to access array offset on value of type null in /internal/eval.php on line 22
[22-Apr-2025 19:28:16 UTC] PHP Notice:  Undefined variable: term in /internal/eval.php on line 22
[22-Apr-2025 19:28:16 UTC] PHP Notice:  Trying to access array offset on value of type null in /internal/eval.php on line 22
[22-Apr-2025 19:28:16 UTC] PHP Notice:  Undefined variable: term in /internal/eval.php on line 22
[22-Apr-2025 19:28:16 UTC] PHP Notice:  Trying to access array offset on value of type null in /internal/eval.php on line 22
[22-Apr-2025 19:28:16 UTC] PHP Notice:  Undefined variable: term in /internal/eval.php on line 22
[22-Apr-2025 19:28:16 UTC] PHP Notice:  Trying to access array offset on value of type null in /internal/eval.php on line 22
[22-Apr-2025 19:28:16 UTC] PHP Notice:  Undefined variable: term in /internal/eval.php on line 22
[22-Apr-2025 19:28:16 UTC] PHP Notice:  Trying to access array offset on value of type null in /internal/eval.php on line 22
[22-Apr-2025 19:28:16 UTC] PHP Notice:  Undefined variable: term in /internal/eval.php on line 22
[22-Apr-2025 19:28:16 UTC] PHP Notice:  Trying to access array offset on value of type null in /internal/eval.php on line 22
[22-Apr-2025 19:28:16 UTC] PHP Notice:  Undefined variable: term in /internal/eval.php on line 22
[22-Apr-2025 19:28:16 UTC] PHP Notice:  Trying to access array offset on value of type null in /internal/eval.php on line 22
[22-Apr-2025 19:28:17 UTC] PHP Notice:  Undefined variable: term in /internal/eval.php on line 22
[22-Apr-2025 19:28:17 UTC] PHP Notice:  Trying to access array offset on value of type null in /internal/eval.php on line 22
[22-Apr-2025 19:28:17 UTC] PHP Notice:  Undefined variable: term in /internal/eval.php on line 22
[22-Apr-2025 19:28:17 UTC] PHP Notice:  Trying to access array offset on value of type null in /internal/eval.php on line 22
[22-Apr-2025 19:28:17 UTC] PHP Notice:  Undefined variable: term in /internal/eval.php on line 22
[22-Apr-2025 19:28:17 UTC] PHP Notice:  Trying to access array offset on value of type null in /internal/eval.php on line 22
[22-Apr-2025 19:28:17 UTC] PHP Notice:  Undefined variable: term in /internal/eval.php on line 22
[22-Apr-2025 19:28:17 UTC] PHP Notice:  Trying to access array offset on value of type null in /internal/eval.php on line 22
[22-Apr-2025 19:28:17 UTC] PHP Notice:  Undefined variable: term in /internal/eval.php on line 22
[22-Apr-2025 19:28:17 UTC] PHP Notice:  Trying to access array offset on value of type null in /internal/eval.php on line 22
[22-Apr-2025 19:28:17 UTC] PHP Notice:  Undefined variable: term in /internal/eval.php on line 22
[22-Apr-2025 19:28:17 UTC] PHP Notice:  Trying to access array offset on value of type null in /internal/eval.php on line 22
[22-Apr-2025 19:28:17 UTC] PHP Notice:  Undefined variable: term in /internal/eval.php on line 22
[22-Apr-2025 19:28:17 UTC] PHP Notice:  Trying to access array offset on value of type null in /internal/eval.php on line 22
[22-Apr-2025 19:28:18 UTC] PHP Notice:  Undefined variable: term in /internal/eval.php on line 22
[22-Apr-2025 19:28:18 UTC] PHP Notice:  Trying to access array offset on value of type null in /internal/eval.php on line 22
[22-Apr-2025 19:28:18 UTC] PHP Notice:  Undefined variable: term in /internal/eval.php on line 22
[22-Apr-2025 19:28:18 UTC] PHP Notice:  Trying to access array offset on value of type null in /internal/eval.php on line 22
[22-Apr-2025 19:28:18 UTC] PHP Notice:  Undefined variable: term in /internal/eval.php on line 22
[22-Apr-2025 19:28:18 UTC] PHP Notice:  Trying to access array offset on value of type null in /internal/eval.php on line 22
[22-Apr-2025 19:28:18 UTC] PHP Notice:  Undefined variable: term in /internal/eval.php on line 22
[22-Apr-2025 19:28:18 UTC] PHP Notice:  Trying to access array offset on value of type null in /internal/eval.php on line 22
[22-Apr-2025 19:28:33 UTC] PHP Notice:  Undefined variable: term in /internal/eval.php on line 22
[22-Apr-2025 19:28:33 UTC] PHP Notice:  Trying to access array offset on value of type null in /internal/eval.php on line 22
[22-Apr-2025 19:28:33 UTC] PHP Notice:  Undefined variable: term in /internal/eval.php on line 22
[22-Apr-2025 19:28:33 UTC] PHP Notice:  Trying to access array offset on value of type null in /internal/eval.php on line 22
[22-Apr-2025 19:28:34 UTC] PHP Notice:  Undefined variable: term in /internal/eval.php on line 22
[22-Apr-2025 19:28:34 UTC] PHP Notice:  Trying to access array offset on value of type null in /internal/eval.php on line 22
[22-Apr-2025 19:28:34 UTC] PHP Notice:  Undefined variable: term in /internal/eval.php on line 22
[22-Apr-2025 19:28:34 UTC] PHP Notice:  Trying to access array offset on value of type null in /internal/eval.php on line 22
[22-Apr-2025 19:28:34 UTC] PHP Notice:  Undefined variable: term in /internal/eval.php on line 22
[22-Apr-2025 19:28:34 UTC] PHP Notice:  Trying to access array offset on value of type null in /internal/eval.php on line 22
[22-Apr-2025 19:28:34 UTC] PHP Notice:  Undefined variable: term in /internal/eval.php on line 22
[22-Apr-2025 19:28:34 UTC] PHP Notice:  Trying to access array offset on value of type null in /internal/eval.php on line 22
[22-Apr-2025 19:28:35 UTC] PHP Notice:  Undefined variable: term in /internal/eval.php on line 22
[22-Apr-2025 19:28:35 UTC] PHP Notice:  Trying to access array offset on value of type null in /internal/eval.php on line 22
[22-Apr-2025 19:28:35 UTC] PHP Notice:  Undefined variable: term in /internal/eval.php on line 22
[22-Apr-2025 19:28:35 UTC] PHP Notice:  Trying to access array offset on value of type null in /internal/eval.php on line 22
[22-Apr-2025 19:28:35 UTC] PHP Notice:  Undefined variable: term in /internal/eval.php on line 22
[22-Apr-2025 19:28:35 UTC] PHP Notice:  Trying to access array offset on value of type null in /internal/eval.php on line 22
[22-Apr-2025 19:28:35 UTC] PHP Notice:  Undefined variable: term in /internal/eval.php on line 22
[22-Apr-2025 19:28:35 UTC] PHP Notice:  Trying to access array offset on value of type null in /internal/eval.php on line 22
[22-Apr-2025 19:28:36 UTC] PHP Notice:  Undefined variable: term in /internal/eval.php on line 22
[22-Apr-2025 19:28:36 UTC] PHP Notice:  Trying to access array offset on value of type null in /internal/eval.php on line 22
[22-Apr-2025 19:28:36 UTC] PHP Notice:  Undefined variable: term in /internal/eval.php on line 22
[22-Apr-2025 19:28:36 UTC] PHP Notice:  Trying to access array offset on value of type null in /internal/eval.php on line 22
[22-Apr-2025 19:28:36 UTC] PHP Notice:  Undefined variable: term in /internal/eval.php on line 22
[22-Apr-2025 19:28:36 UTC] PHP Notice:  Trying to access array offset on value of type null in /internal/eval.php on line 22
[22-Apr-2025 19:28:36 UTC] PHP Notice:  Undefined variable: term in /internal/eval.php on line 22
[22-Apr-2025 19:28:36 UTC] PHP Notice:  Trying to access array offset on value of type null in /internal/eval.php on line 22
[22-Apr-2025 19:28:37 UTC] PHP Notice:  Undefined variable: term in /internal/eval.php on line 22
[22-Apr-2025 19:28:37 UTC] PHP Notice:  Trying to access array offset on value of type null in /internal/eval.php on line 22
[22-Apr-2025 19:28:37 UTC] PHP Notice:  Undefined variable: term in /internal/eval.php on line 22
[22-Apr-2025 19:28:37 UTC] PHP Notice:  Trying to access array offset on value of type null in /internal/eval.php on line 22
[22-Apr-2025 19:28:37 UTC] PHP Notice:  Undefined variable: term in /internal/eval.php on line 22
[22-Apr-2025 19:28:37 UTC] PHP Notice:  Trying to access array offset on value of type null in /internal/eval.php on line 22
[22-Apr-2025 19:28:37 UTC] PHP Notice:  Undefined variable: term in /internal/eval.php on line 22
[22-Apr-2025 19:28:37 UTC] PHP Notice:  Trying to access array offset on value of type null in /internal/eval.php on line 22
[22-Apr-2025 19:28:38 UTC] PHP Notice:  Undefined variable: term in /internal/eval.php on line 22
[22-Apr-2025 19:28:38 UTC] PHP Notice:  Trying to access array offset on value of type null in /internal/eval.php on line 22
[22-Apr-2025 19:28:38 UTC] PHP Notice:  Undefined variable: term in /internal/eval.php on line 22
[22-Apr-2025 19:28:38 UTC] PHP Notice:  Trying to access array offset on value of type null in /internal/eval.php on line 22
[22-Apr-2025 19:28:38 UTC] PHP Notice:  Undefined variable: term in /internal/eval.php on line 22
[22-Apr-2025 19:28:38 UTC] PHP Notice:  Trying to access array offset on value of type null in /internal/eval.php on line 22
[22-Apr-2025 19:28:38 UTC] PHP Notice:  Undefined variable: term in /internal/eval.php on line 22
[22-Apr-2025 19:28:38 UTC] PHP Notice:  Trying to access array offset on value of type null in /internal/eval.php on line 22
[22-Apr-2025 19:28:38 UTC] PHP Notice:  Undefined variable: term in /internal/eval.php on line 22
[22-Apr-2025 19:28:38 UTC] PHP Notice:  Trying to access array offset on value of type null in /internal/eval.php on line 22
[22-Apr-2025 19:28:38 UTC] PHP Notice:  Undefined variable: term in /internal/eval.php on line 22
[22-Apr-2025 19:28:38 UTC] PHP Notice:  Trying to access array offset on value of type null in /internal/eval.php on line 22
[22-Apr-2025 19:28:39 UTC] PHP Notice:  Undefined variable: term in /internal/eval.php on line 22
[22-Apr-2025 19:28:39 UTC] PHP Notice:  Trying to access array offset on value of type null in /internal/eval.php on line 22
[22-Apr-2025 19:28:39 UTC] PHP Notice:  Undefined variable: term in /internal/eval.php on line 22
[22-Apr-2025 19:28:39 UTC] PHP Notice:  Trying to access array offset on value of type null in /internal/eval.php on line 22
[22-Apr-2025 19:28:39 UTC] PHP Notice:  Undefined variable: term in /internal/eval.php on line 22
[22-Apr-2025 19:28:39 UTC] PHP Notice:  Trying to access array offset on value of type null in /internal/eval.php on line 22
[22-Apr-2025 19:28:39 UTC] PHP Notice:  Undefined variable: term in /internal/eval.php on line 22
[22-Apr-2025 19:28:39 UTC] PHP Notice:  Trying to access array offset on value of type null in /internal/eval.php on line 22
[22-Apr-2025 19:28:39 UTC] PHP Notice:  Undefined variable: term in /internal/eval.php on line 22
[22-Apr-2025 19:28:39 UTC] PHP Notice:  Trying to access array offset on value of type null in /internal/eval.php on line 22
[22-Apr-2025 19:28:39 UTC] PHP Notice:  Undefined variable: term in /internal/eval.php on line 22
[22-Apr-2025 19:28:39 UTC] PHP Notice:  Trying to access array offset on value of type null in /internal/eval.php on line 22
[22-Apr-2025 19:28:39 UTC] PHP Notice:  Undefined variable: term in /internal/eval.php on line 22
[22-Apr-2025 19:28:39 UTC] PHP Notice:  Trying to access array offset on value of type null in /internal/eval.php on line 22
[22-Apr-2025 19:28:39 UTC] PHP Notice:  Undefined variable: term in /internal/eval.php on line 22
[22-Apr-2025 19:28:39 UTC] PHP Notice:  Trying to access array offset on value of type null in /internal/eval.php on line 22
[22-Apr-2025 19:28:39 UTC] PHP Notice:  Undefined variable: term in /internal/eval.php on line 22
[22-Apr-2025 19:28:39 UTC] PHP Notice:  Trying to access array offset on value of type null in /internal/eval.php on line 22
[22-Apr-2025 19:28:39 UTC] PHP Notice:  Undefined variable: term in /internal/eval.php on line 22
[22-Apr-2025 19:28:39 UTC] PHP Notice:  Trying to access array offset on value of type null in /internal/eval.php on line 22
[22-Apr-2025 19:28:39 UTC] PHP Notice:  Undefined variable: term in /internal/eval.php on line 22
[22-Apr-2025 19:28:39 UTC] PHP Notice:  Trying to access array offset on value of type null in /internal/eval.php on line 22
[22-Apr-2025 19:28:54 UTC] PHP Notice:  Undefined variable: term in /internal/eval.php on line 22
[22-Apr-2025 19:28:54 UTC] PHP Notice:  Trying to access array offset on value of type null in /internal/eval.php on line 22
[22-Apr-2025 19:28:54 UTC] PHP Notice:  Undefined variable: term in /internal/eval.php on line 22
[22-Apr-2025 19:28:54 UTC] PHP Notice:  Trying to access array offset on value of type null in /internal/eval.php on line 22
[22-Apr-2025 19:28:55 UTC] PHP Notice:  Undefined variable: term in /internal/eval.php on line 22
[22-Apr-2025 19:28:55 UTC] PHP Notice:  Trying to access array offset on value of type null in /internal/eval.php on line 22
[22-Apr-2025 19:28:55 UTC] PHP Notice:  Undefined variable: term in /internal/eval.php on line 22
[22-Apr-2025 19:28:55 UTC] PHP Notice:  Trying to access array offset on value of type null in /internal/eval.php on line 22
[22-Apr-2025 19:28:55 UTC] PHP Notice:  Undefined variable: term in /internal/eval.php on line 22
[22-Apr-2025 19:28:55 UTC] PHP Notice:  Trying to access array offset on value of type null in /internal/eval.php on line 22
[22-Apr-2025 19:28:55 UTC] PHP Notice:  Undefined variable: term in /internal/eval.php on line 22
[22-Apr-2025 19:28:55 UTC] PHP Notice:  Trying to access array offset on value of type null in /internal/eval.php on line 22
[22-Apr-2025 19:28:56 UTC] PHP Notice:  Undefined variable: term in /internal/eval.php on line 22
[22-Apr-2025 19:28:56 UTC] PHP Notice:  Trying to access array offset on value of type null in /internal/eval.php on line 22
[22-Apr-2025 19:28:56 UTC] PHP Notice:  Undefined variable: term in /internal/eval.php on line 22
[22-Apr-2025 19:28:56 UTC] PHP Notice:  Trying to access array offset on value of type null in /internal/eval.php on line 22
[22-Apr-2025 19:28:56 UTC] PHP Notice:  Undefined variable: term in /internal/eval.php on line 22
[22-Apr-2025 19:28:56 UTC] PHP Notice:  Trying to access array offset on value of type null in /internal/eval.php on line 22
[22-Apr-2025 19:28:56 UTC] PHP Notice:  Undefined variable: term in /internal/eval.php on line 22
[22-Apr-2025 19:28:56 UTC] PHP Notice:  Trying to access array offset on value of type null in /internal/eval.php on line 22
[22-Apr-2025 19:28:57 UTC] PHP Notice:  Undefined variable: term in /internal/eval.php on line 22
[22-Apr-2025 19:28:57 UTC] PHP Notice:  Trying to access array offset on value of type null in /internal/eval.php on line 22
[22-Apr-2025 19:28:57 UTC] PHP Notice:  Undefined variable: term in /internal/eval.php on line 22
[22-Apr-2025 19:28:57 UTC] PHP Notice:  Trying to access array offset on value of type null in /internal/eval.php on line 22
[22-Apr-2025 19:28:57 UTC] PHP Notice:  Undefined variable: term in /internal/eval.php on line 22
[22-Apr-2025 19:28:57 UTC] PHP Notice:  Trying to access array offset on value of type null in /internal/eval.php on line 22
[22-Apr-2025 19:28:57 UTC] PHP Notice:  Undefined variable: term in /internal/eval.php on line 22
[22-Apr-2025 19:28:57 UTC] PHP Notice:  Trying to access array offset on value of type null in /internal/eval.php on line 22
[22-Apr-2025 19:28:57 UTC] PHP Notice:  Undefined variable: term in /internal/eval.php on line 22
[22-Apr-2025 19:28:57 UTC] PHP Notice:  Trying to access array offset on value of type null in /internal/eval.php on line 22
[22-Apr-2025 19:28:57 UTC] PHP Notice:  Undefined variable: term in /internal/eval.php on line 22
[22-Apr-2025 19:28:57 UTC] PHP Notice:  Trying to access array offset on value of type null in /internal/eval.php on line 22
[22-Apr-2025 19:28:58 UTC] PHP Notice:  Undefined variable: term in /internal/eval.php on line 22
[22-Apr-2025 19:28:58 UTC] PHP Notice:  Trying to access array offset on value of type null in /internal/eval.php on line 22
[22-Apr-2025 19:28:58 UTC] PHP Notice:  Undefined variable: term in /internal/eval.php on line 22
[22-Apr-2025 19:28:58 UTC] PHP Notice:  Trying to access array offset on value of type null in /internal/eval.php on line 22
[22-Apr-2025 19:28:58 UTC] PHP Notice:  Undefined variable: term in /internal/eval.php on line 22
[22-Apr-2025 19:28:58 UTC] PHP Notice:  Trying to access array offset on value of type null in /internal/eval.php on line 22
[22-Apr-2025 19:28:58 UTC] PHP Notice:  Undefined variable: term in /internal/eval.php on line 22
[22-Apr-2025 19:28:58 UTC] PHP Notice:  Trying to access array offset on value of type null in /internal/eval.php on line 22
[22-Apr-2025 19:28:58 UTC] PHP Notice:  Undefined variable: term in /internal/eval.php on line 22
[22-Apr-2025 19:28:58 UTC] PHP Notice:  Trying to access array offset on value of type null in /internal/eval.php on line 22
[22-Apr-2025 19:28:58 UTC] PHP Notice:  Undefined variable: term in /internal/eval.php on line 22
[22-Apr-2025 19:28:58 UTC] PHP Notice:  Trying to access array offset on value of type null in /internal/eval.php on line 22
[22-Apr-2025 19:28:58 UTC] PHP Notice:  Undefined variable: term in /internal/eval.php on line 22
[22-Apr-2025 19:28:58 UTC] PHP Notice:  Trying to access array offset on value of type null in /internal/eval.php on line 22
[22-Apr-2025 19:28:58 UTC] PHP Notice:  Undefined variable: term in /internal/eval.php on line 22
[22-Apr-2025 19:28:58 UTC] PHP Notice:  Trying to access array offset on value of type null in /internal/eval.php on line 22
[22-Apr-2025 19:28:58 UTC] PHP Notice:  Undefined variable: term in /internal/eval.php on line 22
[22-Apr-2025 19:28:58 UTC] PHP Notice:  Trying to access array offset on value of type null in /internal/eval.php on line 22
[22-Apr-2025 19:28:58 UTC] PHP Notice:  Undefined variable: term in /internal/eval.php on line 22
[22-Apr-2025 19:28:58 UTC] PHP Notice:  Trying to access array offset on value of type null in /internal/eval.php on line 22
[22-Apr-2025 19:28:59 UTC] PHP Notice:  Undefined variable: term in /internal/eval.php on line 22
[22-Apr-2025 19:28:59 UTC] PHP Notice:  Trying to access array offset on value of type null in /internal/eval.php on line 22
[22-Apr-2025 19:28:59 UTC] PHP Notice:  Undefined variable: term in /internal/eval.php on line 22
[22-Apr-2025 19:28:59 UTC] PHP Notice:  Trying to access array offset on value of type null in /internal/eval.php on line 22
[22-Apr-2025 19:28:59 UTC] PHP Notice:  Undefined variable: term in /internal/eval.php on line 22
[22-Apr-2025 19:28:59 UTC] PHP Notice:  Trying to access array offset on value of type null in /internal/eval.php on line 22
[22-Apr-2025 19:28:59 UTC] PHP Notice:  Undefined variable: term in /internal/eval.php on line 22
[22-Apr-2025 19:28:59 UTC] PHP Notice:  Trying to access array offset on value of type null in /internal/eval.php on line 22
[22-Apr-2025 19:28:59 UTC] PHP Notice:  Undefined variable: term in /internal/eval.php on line 22
[22-Apr-2025 19:28:59 UTC] PHP Notice:  Trying to access array offset on value of type null in /internal/eval.php on line 22
[22-Apr-2025 19:28:59 UTC] PHP Notice:  Undefined variable: term in /internal/eval.php on line 22
[22-Apr-2025 19:28:59 UTC] PHP Notice:  Trying to access array offset on value of type null in /internal/eval.php on line 22
[22-Apr-2025 19:28:59 UTC] PHP Notice:  Undefined variable: term in /internal/eval.php on line 22
[22-Apr-2025 19:28:59 UTC] PHP Notice:  Trying to access array offset on value of type null in /internal/eval.php on line 22
[22-Apr-2025 19:29:00 UTC] PHP Notice:  Undefined variable: term in /internal/eval.php on line 22
[22-Apr-2025 19:29:00 UTC] PHP Notice:  Trying to access array offset on value of type null in /internal/eval.php on line 22
[22-Apr-2025 19:29:00 UTC] PHP Notice:  Undefined variable: term in /internal/eval.php on line 22
[22-Apr-2025 19:29:00 UTC] PHP Notice:  Trying to access array offset on value of type null in /internal/eval.php on line 22

    at Object.onBind (file:///home/runner/work/playground-tester/playground-tester/node_modules/@wp-playground/cli/index.js:237:15)
    at process.processTicksAndRejections (node:internal/process/task_queues:105:5)
    at async V (file:///home/runner/work/playground-tester/playground-tester/node_modules/@wp-playground/cli/index.js:64:10)
    at async ja (file:///home/runner/work/playground-tester/playground-tester/node_modules/@wp-playground/cli/cli.js:8161:12) {
  [cause]: Error: Error when executing the blueprint step #1 ({"step":"installPlugin","pluginData":{"resource":"wordpress.org/plugins","slug":"emojipinions"},"options":{"activate":true}}) : Could not download "https://downloads.wordpress.org/plugin/emojipinions.latest-stable.zip".
  				Check if the URL is correct and the server is reachable.
  				If it is reachable, the server might be blocking the request.
  				Check the browser console and network tabs for more information.
  
  				## Does the console show the error "No 'Access-Control-Allow-Origin' header"?
  
  				This means the server that hosts your file does not allow requests from other sites
  				(cross-origin requests, or CORS).	You need to move the asset to a server that allows
  				cross-origin file downloads. Learn more about CORS at
  				https://developer.mozilla.org/en-US/docs/Web/HTTP/CORS.
  
  				If your file is on GitHub, load it from "raw.githubusercontent.com".
  				Here's how to do that:
  
  				1. Start with the original GitHub URL of the file. For example:
  				https://github.com/username/repository/blob/branch/filename.
  				2. Replace "github.com" with "raw.githubusercontent.com".
  				3. Remove the "/blob/" part of the URL.
  
  				The resulting URL should look like this:
  				https://raw.githubusercontent.com/username/repository/branch/filename
  
  				Error:
  				Error: Could not download "https://downloads.wordpress.org/plugin/emojipinions.latest-stable.zip"
      at Object.run (file:///home/runner/work/playground-tester/playground-tester/node_modules/@wp-playground/blueprints/index.js:12449:19)
      at process.processTicksAndRejections (node:internal/process/task_queues:105:5)
      at async ms (file:///home/runner/work/playground-tester/playground-tester/node_modules/@wp-playground/blueprints/index.js:12552:3)
      at async Object.onBind (file:///home/runner/work/playground-tester/playground-tester/node_modules/@wp-playground/cli/index.js:227:48)
      at async V (file:///home/runner/work/playground-tester/playground-tester/node_modules/@wp-playground/cli/index.js:64:10)
      at async ja (file:///home/runner/work/playground-tester/playground-tester/node_modules/@wp-playground/cli/cli.js:8161:12) {
    [cause]: Error: Could not download "https://downloads.wordpress.org/plugin/emojipinions.latest-stable.zip".
    				Check if the URL is correct and the server is reachable.
    				If it is reachable, the server might be blocking the request.
    				Check the browser console and network tabs for more information.
    
    				## Does the console show the error "No 'Access-Control-Allow-Origin' header"?
    
    				This means the server that hosts your file does not allow requests from other sites
    				(cross-origin requests, or CORS).	You need to move the asset to a server that allows
    				cross-origin file downloads. Learn more about CORS at
    				https://developer.mozilla.org/en-US/docs/Web/HTTP/CORS.
    
    				If your file is on GitHub, load it from "raw.githubusercontent.com".
    				Here's how to do that:
    
    				1. Start with the original GitHub URL of the file. For example:
    				https://github.com/username/repository/blob/branch/filename.
    				2. Replace "github.com" with "raw.githubusercontent.com".
    				3. Remove the "/blob/" part of the URL.
    
    				The resulting URL should look like this:
    				https://raw.githubusercontent.com/username/repository/branch/filename
    
    				Error:
    				Error: Could not download "https://downloads.wordpress.org/plugin/emojipinions.latest-stable.zip"
        at Ct.resolve (file:///home/runner/work/playground-tester/playground-tester/node_modules/@wp-playground/blueprints/index.js:1472:13)
        at process.processTicksAndRejections (node:internal/process/task_queues:105:5)
        at async _.run (file:///home/runner/work/playground-tester/playground-tester/node_modules/@php-wasm/util/index.js:45:14)
  }
}

Node.js v23.11.0
