file:///home/runner/work/playground-tester/playground-tester/node_modules/@wp-playground/cli/index.js:237
        throw new Error(y, { cause: u });
              ^

Error: [12-May-2025 07:48:23 UTC] PHP Warning:  Undefined array key "keepNumEntriesLiveTraffic" in /wordpress/wp-content/plugins/secure-wordpress/res/inc/SwpaLiveTraffic.php on line 14
[12-May-2025 07:48:23 UTC] PHP Warning:  Trying to access array offset on value of type int in /wordpress/wp-content/plugins/secure-wordpress/res/inc/SwpaPlugin.php on line 242
[12-May-2025 07:48:33 UTC] PHP Warning:  Undefined array key "keepNumEntriesLiveTraffic" in /wordpress/wp-content/plugins/secure-wordpress/res/inc/SwpaLiveTraffic.php on line 14
[12-May-2025 07:48:33 UTC] PHP Warning:  Trying to access array offset on value of type int in /wordpress/wp-content/plugins/secure-wordpress/res/inc/SwpaPlugin.php on line 242
[12-May-2025 07:48:43 UTC] PHP Warning:  Undefined array key "keepNumEntriesLiveTraffic" in /wordpress/wp-content/plugins/secure-wordpress/res/inc/SwpaLiveTraffic.php on line 14
[12-May-2025 07:48:43 UTC] PHP Warning:  Trying to access array offset on value of type int in /wordpress/wp-content/plugins/secure-wordpress/res/inc/SwpaPlugin.php on line 242
[12-May-2025 07:51:33 UTC] PHP Warning:  Undefined variable $wpdb in /wordpress/wp-content/plugins/sidebars/sidebars.php on line 14
[12-May-2025 07:51:33 UTC] PHP Warning:  Attempt to read property "prefix" on null in /wordpress/wp-content/plugins/sidebars/sidebars.php on line 14
[12-May-2025 07:51:41 UTC] PHP Warning:  Undefined variable $wpdb in /wordpress/wp-content/plugins/sidebars/sidebars.php on line 14
[12-May-2025 07:51:41 UTC] PHP Warning:  Attempt to read property "prefix" on null in /wordpress/wp-content/plugins/sidebars/sidebars.php on line 14
[12-May-2025 07:51:49 UTC] PHP Warning:  Undefined variable $wpdb in /wordpress/wp-content/plugins/sidebars/sidebars.php on line 14
[12-May-2025 07:51:49 UTC] PHP Warning:  Attempt to read property "prefix" on null in /wordpress/wp-content/plugins/sidebars/sidebars.php on line 14
[12-May-2025 07:53:20 UTC] PHP Warning:  Undefined array key "SkysaApps" in /wordpress/wp-content/plugins/skysa-youtube-videos-app/skysa-required/index.php on line 56
[12-May-2025 07:53:21 UTC] PHP Warning:  Undefined array key "SkysaApps" in /wordpress/wp-content/plugins/skysa-youtube-videos-app/skysa-required/index.php on line 56
[12-May-2025 07:53:28 UTC] PHP Warning:  Undefined array key "SkysaApps" in /wordpress/wp-content/plugins/skysa-youtube-videos-app/skysa-required/index.php on line 56
[12-May-2025 07:53:29 UTC] PHP Warning:  Undefined array key "SkysaApps" in /wordpress/wp-content/plugins/skysa-youtube-videos-app/skysa-required/index.php on line 56
[12-May-2025 07:53:37 UTC] PHP Warning:  Undefined array key "SkysaApps" in /wordpress/wp-content/plugins/skysa-youtube-videos-app/skysa-required/index.php on line 56
[12-May-2025 07:53:38 UTC] PHP Warning:  Undefined array key "SkysaApps" in /wordpress/wp-content/plugins/skysa-youtube-videos-app/skysa-required/index.php on line 56
[12-May-2025 07:53:47 UTC] PHP Fatal error:  Uncaught Error: Call to undefined function create_function() in /wordpress/wp-content/plugins/smart-app-banners/index.php:781
Stack trace:
#0 /wordpress/wp-admin/includes/plugin.php(2387): include_once()
#1 /wordpress/wp-admin/includes/plugin.php(673): plugin_sandbox_scrape('smart-app-banne...')
#2 /internal/eval.php(20): activate_plugin('smart-app-banne...')
#3 {main}
  thrown in /wordpress/wp-content/plugins/smart-app-banners/index.php on line 781
[12-May-2025 07:53:56 UTC] PHP Fatal error:  Uncaught Error: Call to undefined function create_function() in /wordpress/wp-content/plugins/smart-app-banners/index.php:781
Stack trace:
#0 /wordpress/wp-admin/includes/plugin.php(2387): include_once()
#1 /wordpress/wp-admin/includes/plugin.php(673): plugin_sandbox_scrape('smart-app-banne...')
#2 /internal/eval.php(20): activate_plugin('smart-app-banne...')
#3 {main}
  thrown in /wordpress/wp-content/plugins/smart-app-banners/index.php on line 781
[12-May-2025 07:54:03 UTC] PHP Fatal error:  Uncaught Error: Call to undefined function create_function() in /wordpress/wp-content/plugins/smart-app-banners/index.php:781
Stack trace:
#0 /wordpress/wp-admin/includes/plugin.php(2387): include_once()
#1 /wordpress/wp-admin/includes/plugin.php(673): plugin_sandbox_scrape('smart-app-banne...')
#2 /internal/eval.php(20): activate_plugin('smart-app-banne...')
#3 {main}
  thrown in /wordpress/wp-content/plugins/smart-app-banners/index.php on line 781
[12-May-2025 07:54:39 UTC] PHP Deprecated:  Function get_settings is <strong>deprecated</strong> since version 2.1.0! Use get_option() instead. in /wordpress/wp-includes/functions.php on line 6121
[12-May-2025 07:54:40 UTC] PHP Deprecated:  Function get_settings is <strong>deprecated</strong> since version 2.1.0! Use get_option() instead. in /wordpress/wp-includes/functions.php on line 6121
[12-May-2025 07:54:40 UTC] PHP Notice:  Function wp_enqueue_script was called <strong>incorrectly</strong>. Scripts and styles should not be registered or enqueued until the <code>wp_enqueue_scripts</code>, <code>admin_enqueue_scripts</code>, or <code>login_enqueue_scripts</code> hooks. This notice was triggered by the <code>social-links</code> handle. Please see <a href="https://developer.wordpress.org/advanced-administration/debug/debug-wordpress/">Debugging in WordPress</a> for more information. (This message was added in version 3.3.0.) in /wordpress/wp-includes/functions.php on line 6121
[12-May-2025 07:54:40 UTC] PHP Notice:  Function wp_enqueue_script was called <strong>incorrectly</strong>. Scripts and styles should not be registered or enqueued until the <code>wp_enqueue_scripts</code>, <code>admin_enqueue_scripts</code>, or <code>login_enqueue_scripts</code> hooks. This notice was triggered by the <code>scriptaculous</code> handle. Please see <a href="https://developer.wordpress.org/advanced-administration/debug/debug-wordpress/">Debugging in WordPress</a> for more information. (This message was added in version 3.3.0.) in /wordpress/wp-includes/functions.php on line 6121
[12-May-2025 07:54:40 UTC] PHP Deprecated:  Function register_sidebar_widget is <strong>deprecated</strong> since version 2.8.0! Use wp_register_sidebar_widget() instead. in /wordpress/wp-includes/functions.php on line 6121
[12-May-2025 07:54:40 UTC] PHP Deprecated:  Function register_widget_control is <strong>deprecated</strong> since version 2.8.0! Use wp_register_widget_control() instead. in /wordpress/wp-includes/functions.php on line 6121
[12-May-2025 07:54:48 UTC] PHP Deprecated:  Function get_settings is <strong>deprecated</strong> since version 2.1.0! Use get_option() instead. in /wordpress/wp-includes/functions.php on line 6121
[12-May-2025 07:54:49 UTC] PHP Deprecated:  Function get_settings is <strong>deprecated</strong> since version 2.1.0! Use get_option() instead. in /wordpress/wp-includes/functions.php on line 6121
[12-May-2025 07:54:49 UTC] PHP Notice:  Function wp_enqueue_script was called <strong>incorrectly</strong>. Scripts and styles should not be registered or enqueued until the <code>wp_enqueue_scripts</code>, <code>admin_enqueue_scripts</code>, or <code>login_enqueue_scripts</code> hooks. This notice was triggered by the <code>social-links</code> handle. Please see <a href="https://developer.wordpress.org/advanced-administration/debug/debug-wordpress/">Debugging in WordPress</a> for more information. (This message was added in version 3.3.0.) in /wordpress/wp-includes/functions.php on line 6121
[12-May-2025 07:54:49 UTC] PHP Notice:  Function wp_enqueue_script was called <strong>incorrectly</strong>. Scripts and styles should not be registered or enqueued until the <code>wp_enqueue_scripts</code>, <code>admin_enqueue_scripts</code>, or <code>login_enqueue_scripts</code> hooks. This notice was triggered by the <code>scriptaculous</code> handle. Please see <a href="https://developer.wordpress.org/advanced-administration/debug/debug-wordpress/">Debugging in WordPress</a> for more information. (This message was added in version 3.3.0.) in /wordpress/wp-includes/functions.php on line 6121
[12-May-2025 07:54:49 UTC] PHP Deprecated:  Function register_sidebar_widget is <strong>deprecated</strong> since version 2.8.0! Use wp_register_sidebar_widget() instead. in /wordpress/wp-includes/functions.php on line 6121
[12-May-2025 07:54:49 UTC] PHP Deprecated:  Function register_widget_control is <strong>deprecated</strong> since version 2.8.0! Use wp_register_widget_control() instead. in /wordpress/wp-includes/functions.php on line 6121
[12-May-2025 07:54:57 UTC] PHP Deprecated:  Function get_settings is <strong>deprecated</strong> since version 2.1.0! Use get_option() instead. in /wordpress/wp-includes/functions.php on line 6121
[12-May-2025 07:54:58 UTC] PHP Deprecated:  Function get_settings is <strong>deprecated</strong> since version 2.1.0! Use get_option() instead. in /wordpress/wp-includes/functions.php on line 6121
[12-May-2025 07:54:58 UTC] PHP Notice:  Function wp_enqueue_script was called <strong>incorrectly</strong>. Scripts and styles should not be registered or enqueued until the <code>wp_enqueue_scripts</code>, <code>admin_enqueue_scripts</code>, or <code>login_enqueue_scripts</code> hooks. This notice was triggered by the <code>social-links</code> handle. Please see <a href="https://developer.wordpress.org/advanced-administration/debug/debug-wordpress/">Debugging in WordPress</a> for more information. (This message was added in version 3.3.0.) in /wordpress/wp-includes/functions.php on line 6121
[12-May-2025 07:54:58 UTC] PHP Notice:  Function wp_enqueue_script was called <strong>incorrectly</strong>. Scripts and styles should not be registered or enqueued until the <code>wp_enqueue_scripts</code>, <code>admin_enqueue_scripts</code>, or <code>login_enqueue_scripts</code> hooks. This notice was triggered by the <code>scriptaculous</code> handle. Please see <a href="https://developer.wordpress.org/advanced-administration/debug/debug-wordpress/">Debugging in WordPress</a> for more information. (This message was added in version 3.3.0.) in /wordpress/wp-includes/functions.php on line 6121
[12-May-2025 07:54:58 UTC] PHP Deprecated:  Function register_sidebar_widget is <strong>deprecated</strong> since version 2.8.0! Use wp_register_sidebar_widget() instead. in /wordpress/wp-includes/functions.php on line 6121
[12-May-2025 07:54:58 UTC] PHP Deprecated:  Function register_widget_control is <strong>deprecated</strong> since version 2.8.0! Use wp_register_widget_control() instead. in /wordpress/wp-includes/functions.php on line 6121
[12-May-2025 07:55:07 UTC] PHP Warning:  Undefined variable $pramati in /wordpress/wp-content/plugins/socialtwist-tell-a-friend/taf_social_widget.php on line 68
[12-May-2025 07:55:07 UTC] PHP Fatal error:  Uncaught TypeError: Unsupported operand types: null & taf_social_widget in /wordpress/wp-content/plugins/socialtwist-tell-a-friend/taf_social_widget.php:68
Stack trace:
#0 /wordpress/wp-admin/includes/plugin.php(2387): include_once()
#1 /wordpress/wp-admin/includes/plugin.php(673): plugin_sandbox_scrape('socialtwist-tel...')
#2 /internal/eval.php(20): activate_plugin('socialtwist-tel...')
#3 {main}
  thrown in /wordpress/wp-content/plugins/socialtwist-tell-a-friend/taf_social_widget.php on line 68
[12-May-2025 07:55:14 UTC] PHP Warning:  Undefined variable $pramati in /wordpress/wp-content/plugins/socialtwist-tell-a-friend/taf_social_widget.php on line 68
[12-May-2025 07:55:14 UTC] PHP Fatal error:  Uncaught TypeError: Unsupported operand types: null & taf_social_widget in /wordpress/wp-content/plugins/socialtwist-tell-a-friend/taf_social_widget.php:68
Stack trace:
#0 /wordpress/wp-admin/includes/plugin.php(2387): include_once()
#1 /wordpress/wp-admin/includes/plugin.php(673): plugin_sandbox_scrape('socialtwist-tel...')
#2 /internal/eval.php(20): activate_plugin('socialtwist-tel...')
#3 {main}
  thrown in /wordpress/wp-content/plugins/socialtwist-tell-a-friend/taf_social_widget.php on line 68
[12-May-2025 07:55:22 UTC] PHP Warning:  Undefined variable $pramati in /wordpress/wp-content/plugins/socialtwist-tell-a-friend/taf_social_widget.php on line 68
[12-May-2025 07:55:22 UTC] PHP Fatal error:  Uncaught TypeError: Unsupported operand types: null & taf_social_widget in /wordpress/wp-content/plugins/socialtwist-tell-a-friend/taf_social_widget.php:68
Stack trace:
#0 /wordpress/wp-admin/includes/plugin.php(2387): include_once()
#1 /wordpress/wp-admin/includes/plugin.php(673): plugin_sandbox_scrape('socialtwist-tel...')
#2 /internal/eval.php(20): activate_plugin('socialtwist-tel...')
#3 {main}
  thrown in /wordpress/wp-content/plugins/socialtwist-tell-a-friend/taf_social_widget.php on line 68
[12-May-2025 07:56:55 UTC] PHP Fatal error:  Uncaught Error: Call to undefined function get_current_screen() in /wordpress/wp-content/plugins/simple-media-directory/qc-smd-directory-main.php:348
Stack trace:
#0 /wordpress/wp-includes/class-wp-hook.php(326): smd_activation_redirect('simple-media-di...')
#1 /wordpress/wp-includes/class-wp-hook.php(348): WP_Hook->apply_filters('', Array)
#2 /wordpress/wp-includes/plugin.php(517): WP_Hook->do_action(Array)
#3 /wordpress/wp-admin/includes/plugin.php(730): do_action('activated_plugi...', 'simple-media-di...', false)
#4 /internal/eval.php(20): activate_plugin('simple-media-di...')
#5 {main}
  thrown in /wordpress/wp-content/plugins/simple-media-directory/qc-smd-directory-main.php on line 348
[12-May-2025 07:57:03 UTC] PHP Fatal error:  Uncaught Error: Call to undefined function get_current_screen() in /wordpress/wp-content/plugins/simple-media-directory/qc-smd-directory-main.php:348
Stack trace:
#0 /wordpress/wp-includes/class-wp-hook.php(326): smd_activation_redirect('simple-media-di...')
#1 /wordpress/wp-includes/class-wp-hook.php(348): WP_Hook->apply_filters('', Array)
#2 /wordpress/wp-includes/plugin.php(517): WP_Hook->do_action(Array)
#3 /wordpress/wp-admin/includes/plugin.php(730): do_action('activated_plugi...', 'simple-media-di...', false)
#4 /internal/eval.php(20): activate_plugin('simple-media-di...')
#5 {main}
  thrown in /wordpress/wp-content/plugins/simple-media-directory/qc-smd-directory-main.php on line 348
[12-May-2025 07:57:13 UTC] PHP Fatal error:  Uncaught Error: Call to undefined function get_current_screen() in /wordpress/wp-content/plugins/simple-media-directory/qc-smd-directory-main.php:348
Stack trace:
#0 /wordpress/wp-includes/class-wp-hook.php(326): smd_activation_redirect('simple-media-di...')
#1 /wordpress/wp-includes/class-wp-hook.php(348): WP_Hook->apply_filters('', Array)
#2 /wordpress/wp-includes/plugin.php(517): WP_Hook->do_action(Array)
#3 /wordpress/wp-admin/includes/plugin.php(730): do_action('activated_plugi...', 'simple-media-di...', false)
#4 /internal/eval.php(20): activate_plugin('simple-media-di...')
#5 {main}
  thrown in /wordpress/wp-content/plugins/simple-media-directory/qc-smd-directory-main.php on line 348

    at Object.onBind (file:///home/runner/work/playground-tester/playground-tester/node_modules/@wp-playground/cli/index.js:237:15)
    at process.processTicksAndRejections (node:internal/process/task_queues:105:5)
    at async V (file:///home/runner/work/playground-tester/playground-tester/node_modules/@wp-playground/cli/index.js:64:10)
    at async ja (file:///home/runner/work/playground-tester/playground-tester/node_modules/@wp-playground/cli/cli.js:8161:12) {
  [cause]: Error: Error when executing the blueprint step #1 ({"step":"installPlugin","pluginData":{"resource":"wordpress.org/plugins","slug":"safeads-adsense-protection"},"options":{"activate":true}}) : Could not download "https://downloads.wordpress.org/plugin/safeads-adsense-protection.latest-stable.zip".
  				Check if the URL is correct and the server is reachable.
  				If it is reachable, the server might be blocking the request.
  				Check the browser console and network tabs for more information.
  
  				## Does the console show the error "No 'Access-Control-Allow-Origin' header"?
  
  				This means the server that hosts your file does not allow requests from other sites
  				(cross-origin requests, or CORS).	You need to move the asset to a server that allows
  				cross-origin file downloads. Learn more about CORS at
  				https://developer.mozilla.org/en-US/docs/Web/HTTP/CORS.
  
  				If your file is on GitHub, load it from "raw.githubusercontent.com".
  				Here's how to do that:
  
  				1. Start with the original GitHub URL of the file. For example:
  				https://github.com/username/repository/blob/branch/filename.
  				2. Replace "github.com" with "raw.githubusercontent.com".
  				3. Remove the "/blob/" part of the URL.
  
  				The resulting URL should look like this:
  				https://raw.githubusercontent.com/username/repository/branch/filename
  
  				Error:
  				Error: Could not download "https://downloads.wordpress.org/plugin/safeads-adsense-protection.latest-stable.zip"
      at Object.run (file:///home/runner/work/playground-tester/playground-tester/node_modules/@wp-playground/blueprints/index.js:12449:19)
      at process.processTicksAndRejections (node:internal/process/task_queues:105:5)
      at async ms (file:///home/runner/work/playground-tester/playground-tester/node_modules/@wp-playground/blueprints/index.js:12552:3)
      at async Object.onBind (file:///home/runner/work/playground-tester/playground-tester/node_modules/@wp-playground/cli/index.js:227:48)
      at async V (file:///home/runner/work/playground-tester/playground-tester/node_modules/@wp-playground/cli/index.js:64:10)
      at async ja (file:///home/runner/work/playground-tester/playground-tester/node_modules/@wp-playground/cli/cli.js:8161:12) {
    [cause]: Error: Could not download "https://downloads.wordpress.org/plugin/safeads-adsense-protection.latest-stable.zip".
    				Check if the URL is correct and the server is reachable.
    				If it is reachable, the server might be blocking the request.
    				Check the browser console and network tabs for more information.
    
    				## Does the console show the error "No 'Access-Control-Allow-Origin' header"?
    
    				This means the server that hosts your file does not allow requests from other sites
    				(cross-origin requests, or CORS).	You need to move the asset to a server that allows
    				cross-origin file downloads. Learn more about CORS at
    				https://developer.mozilla.org/en-US/docs/Web/HTTP/CORS.
    
    				If your file is on GitHub, load it from "raw.githubusercontent.com".
    				Here's how to do that:
    
    				1. Start with the original GitHub URL of the file. For example:
    				https://github.com/username/repository/blob/branch/filename.
    				2. Replace "github.com" with "raw.githubusercontent.com".
    				3. Remove the "/blob/" part of the URL.
    
    				The resulting URL should look like this:
    				https://raw.githubusercontent.com/username/repository/branch/filename
    
    				Error:
    				Error: Could not download "https://downloads.wordpress.org/plugin/safeads-adsense-protection.latest-stable.zip"
        at Ct.resolve (file:///home/runner/work/playground-tester/playground-tester/node_modules/@wp-playground/blueprints/index.js:1472:13)
        at process.processTicksAndRejections (node:internal/process/task_queues:105:5)
        at async _.run (file:///home/runner/work/playground-tester/playground-tester/node_modules/@php-wasm/util/index.js:45:14)
  }
}

Node.js v23.11.0
