file:///home/runner/work/playground-tester/playground-tester/node_modules/@wp-playground/cli/index.js:237
        throw new Error(y, { cause: u });
              ^

Error: [30-Apr-2025 02:25:34 UTC] PHP Warning:  Undefined variable $context in /wordpress/wp-content/plugins/woo-dynamic-pricing-and-discounts/azh_woo_discounts.php on line 479
[30-Apr-2025 02:25:34 UTC] PHP Warning:  Undefined variable $rule in /wordpress/wp-content/plugins/woo-dynamic-pricing-and-discounts/azh_woo_discounts.php on line 479
[30-Apr-2025 02:25:35 UTC] PHP Warning:  Undefined variable $context in /wordpress/wp-content/plugins/woo-dynamic-pricing-and-discounts/azh_woo_discounts.php on line 479
[30-Apr-2025 02:25:35 UTC] PHP Warning:  Undefined variable $rule in /wordpress/wp-content/plugins/woo-dynamic-pricing-and-discounts/azh_woo_discounts.php on line 479
[30-Apr-2025 02:25:42 UTC] PHP Warning:  Undefined variable $context in /wordpress/wp-content/plugins/woo-dynamic-pricing-and-discounts/azh_woo_discounts.php on line 479
[30-Apr-2025 02:25:42 UTC] PHP Warning:  Undefined variable $rule in /wordpress/wp-content/plugins/woo-dynamic-pricing-and-discounts/azh_woo_discounts.php on line 479
[30-Apr-2025 02:25:43 UTC] PHP Warning:  Undefined variable $context in /wordpress/wp-content/plugins/woo-dynamic-pricing-and-discounts/azh_woo_discounts.php on line 479
[30-Apr-2025 02:25:43 UTC] PHP Warning:  Undefined variable $rule in /wordpress/wp-content/plugins/woo-dynamic-pricing-and-discounts/azh_woo_discounts.php on line 479
[30-Apr-2025 02:25:51 UTC] PHP Warning:  Undefined variable $context in /wordpress/wp-content/plugins/woo-dynamic-pricing-and-discounts/azh_woo_discounts.php on line 479
[30-Apr-2025 02:25:51 UTC] PHP Warning:  Undefined variable $rule in /wordpress/wp-content/plugins/woo-dynamic-pricing-and-discounts/azh_woo_discounts.php on line 479
[30-Apr-2025 02:25:52 UTC] PHP Warning:  Undefined variable $context in /wordpress/wp-content/plugins/woo-dynamic-pricing-and-discounts/azh_woo_discounts.php on line 479
[30-Apr-2025 02:25:52 UTC] PHP Warning:  Undefined variable $rule in /wordpress/wp-content/plugins/woo-dynamic-pricing-and-discounts/azh_woo_discounts.php on line 479
[30-Apr-2025 02:27:49 UTC] PHP Deprecated:  Function register_sidebar_widget is <strong>deprecated</strong> since version 2.8.0! Use wp_register_sidebar_widget() instead. in /wordpress/wp-includes/functions.php on line 6121
[30-Apr-2025 02:27:49 UTC] PHP Deprecated:  Function register_widget_control is <strong>deprecated</strong> since version 2.8.0! Use wp_register_widget_control() instead. in /wordpress/wp-includes/functions.php on line 6121
[30-Apr-2025 02:27:58 UTC] PHP Deprecated:  Function register_sidebar_widget is <strong>deprecated</strong> since version 2.8.0! Use wp_register_sidebar_widget() instead. in /wordpress/wp-includes/functions.php on line 6121
[30-Apr-2025 02:27:58 UTC] PHP Deprecated:  Function register_widget_control is <strong>deprecated</strong> since version 2.8.0! Use wp_register_widget_control() instead. in /wordpress/wp-includes/functions.php on line 6121
[30-Apr-2025 02:28:07 UTC] PHP Deprecated:  Function register_sidebar_widget is <strong>deprecated</strong> since version 2.8.0! Use wp_register_sidebar_widget() instead. in /wordpress/wp-includes/functions.php on line 6121
[30-Apr-2025 02:28:07 UTC] PHP Deprecated:  Function register_widget_control is <strong>deprecated</strong> since version 2.8.0! Use wp_register_widget_control() instead. in /wordpress/wp-includes/functions.php on line 6121
[30-Apr-2025 02:29:03 UTC] PHP Fatal error:  Uncaught Error: Call to undefined function create_function() in /wordpress/wp-content/plugins/wp-tweetbutton/wp-tweetbutton.php:66
Stack trace:
#0 /wordpress/wp-admin/includes/plugin.php(2387): include_once()
#1 /wordpress/wp-admin/includes/plugin.php(673): plugin_sandbox_scrape('wp-tweetbutton/...')
#2 /internal/eval.php(20): activate_plugin('wp-tweetbutton/...')
#3 {main}
  thrown in /wordpress/wp-content/plugins/wp-tweetbutton/wp-tweetbutton.php on line 66
[30-Apr-2025 02:29:10 UTC] PHP Fatal error:  Uncaught Error: Call to undefined function create_function() in /wordpress/wp-content/plugins/wp-tweetbutton/wp-tweetbutton.php:66
Stack trace:
#0 /wordpress/wp-admin/includes/plugin.php(2387): include_once()
#1 /wordpress/wp-admin/includes/plugin.php(673): plugin_sandbox_scrape('wp-tweetbutton/...')
#2 /internal/eval.php(20): activate_plugin('wp-tweetbutton/...')
#3 {main}
  thrown in /wordpress/wp-content/plugins/wp-tweetbutton/wp-tweetbutton.php on line 66
[30-Apr-2025 02:29:17 UTC] PHP Fatal error:  Uncaught Error: Call to undefined function create_function() in /wordpress/wp-content/plugins/wp-tweetbutton/wp-tweetbutton.php:66
Stack trace:
#0 /wordpress/wp-admin/includes/plugin.php(2387): include_once()
#1 /wordpress/wp-admin/includes/plugin.php(673): plugin_sandbox_scrape('wp-tweetbutton/...')
#2 /internal/eval.php(20): activate_plugin('wp-tweetbutton/...')
#3 {main}
  thrown in /wordpress/wp-content/plugins/wp-tweetbutton/wp-tweetbutton.php on line 66
[30-Apr-2025 02:29:51 UTC] WordPress database error <div style="clear:both">&nbsp;</div>
<div class="queries" style="clear:both;margin-bottom:2px;border:red dotted thin;">
<p>MySQL query:</p>
<p>CREATE TABLE wp_achievements (
      id bigint(20) NOT NULL AUTO_INCREMENT,
      uid bigint(20) NOT NULL,
      type VARCHAR(256) NOT NULL,
      rank TEXT NOT NULL,
      data TEXT NOT NULL,
      points bigint(20) NOT NULL,
      postid bigint(20) NOT NULL,
      timestamp varchar(200) NULL,
      UNIQUE KEY id (id)
      )</p>
<p>Queries made or created this session were:</p>
<ol>
</ol>
</div>
<div style="clear:both;margin-bottom:2px;border:red dotted thin;" class="error_message" style="border-bottom:dotted blue thin;">
Failed to parse the MySQL query.
</div>
<p>Backtrace:</p>
<pre>#0 /internal/shared/sqlite-database-integration/wp-includes/sqlite-ast/class-wp-sqlite-driver.php(690): WP_SQLite_Driver->new_driver_exception('Failed to parse...', 0, Object(WP_SQLite_Driver_Exception))
#1 /internal/shared/sqlite-database-integration/wp-includes/sqlite/class-wp-sqlite-db.php(472): WP_SQLite_Driver->query('CREATE TABLE wp...')
#2 /internal/shared/sqlite-database-integration/wp-includes/sqlite/class-wp-sqlite-db.php(413): WP_SQLite_DB->_do_query('CREATE TABLE wp...')
#3 /wordpress/wp-admin/includes/upgrade.php(3280): WP_SQLite_DB->query('CREATE TABLE wp...')
#4 /wordpress/wp-content/plugins/wpachievements-free/wpachievements.php(289): dbDelta(Array)
#5 /wordpress/wp-includes/class-wp-hook.php(324): WPAchievements->install(false)
#6 /wordpress/wp-includes/class-wp-hook.php(348): WP_Hook->apply_filters('', Array)
#7 /wordpress/wp-includes/plugin.php(517): WP_Hook->do_action(Array)
#8 /wordpress/wp-admin/includes/plugin.php(703): do_action('activate_wpachi...', false)
#9 /internal/eval.php(20): activate_plugin('wpachievements-...')
#10 {main}</pre>
 for query CREATE TABLE wp_achievements (
      id bigint(20) NOT NULL AUTO_INCREMENT,
      uid bigint(20) NOT NULL,
      type VARCHAR(256) NOT NULL,
      rank TEXT NOT NULL,
      data TEXT NOT NULL,
      points bigint(20) NOT NULL,
      postid bigint(20) NOT NULL,
      timestamp varchar(200) NULL,
      UNIQUE KEY id (id)
      ) made by activate_plugin, do_action('activate_wpachievements-free/wpachievements.php'), WP_Hook->do_action, WP_Hook->apply_filters, WPAchievements->install, dbDelta, WP_SQLite_DB->query, WP_SQLite_DB->print_error
[30-Apr-2025 02:29:52 UTC] PHP Notice:  Function _load_textdomain_just_in_time was called <strong>incorrectly</strong>. Translation loading for the <code>wpachievements</code> domain was triggered too early. This is usually an indicator for some code in the plugin or theme running too early. Translations should be loaded at the <code>init</code> action or later. Please see <a href="https://developer.wordpress.org/advanced-administration/debug/debug-wordpress/">Debugging in WordPress</a> for more information. (This message was added in version 6.7.0.) in /wordpress/wp-includes/functions.php on line 6121
[30-Apr-2025 02:30:03 UTC] PHP Notice:  Function _load_textdomain_just_in_time was called <strong>incorrectly</strong>. Translation loading for the <code>wpachievements</code> domain was triggered too early. This is usually an indicator for some code in the plugin or theme running too early. Translations should be loaded at the <code>init</code> action or later. Please see <a href="https://developer.wordpress.org/advanced-administration/debug/debug-wordpress/">Debugging in WordPress</a> for more information. (This message was added in version 6.7.0.) in /wordpress/wp-includes/functions.php on line 6121
[30-Apr-2025 02:30:13 UTC] PHP Notice:  Function _load_textdomain_just_in_time was called <strong>incorrectly</strong>. Translation loading for the <code>wpachievements</code> domain was triggered too early. This is usually an indicator for some code in the plugin or theme running too early. Translations should be loaded at the <code>init</code> action or later. Please see <a href="https://developer.wordpress.org/advanced-administration/debug/debug-wordpress/">Debugging in WordPress</a> for more information. (This message was added in version 6.7.0.) in /wordpress/wp-includes/functions.php on line 6121

    at Object.onBind (file:///home/runner/work/playground-tester/playground-tester/node_modules/@wp-playground/cli/index.js:237:15)
    at process.processTicksAndRejections (node:internal/process/task_queues:105:5)
    at async V (file:///home/runner/work/playground-tester/playground-tester/node_modules/@wp-playground/cli/index.js:64:10)
    at async ja (file:///home/runner/work/playground-tester/playground-tester/node_modules/@wp-playground/cli/cli.js:8161:12) {
  [cause]: Error: Error when executing the blueprint step #5 ({"step":"installPlugin","pluginData":{"resource":"wordpress.org/plugins","slug":"w3images"},"options":{"activate":true}}) : Plugin /wordpress/wp-content/plugins/w3images could not be activated – WordPress exited with no error. Sometimes, when $_SERVER or site options are not configured correctly, WordPress exits early with a 301 redirect. Inspect the "debug" logs in the console for more details.
      at Object.run (file:///home/runner/work/playground-tester/playground-tester/node_modules/@wp-playground/blueprints/index.js:12449:19)
      at process.processTicksAndRejections (node:internal/process/task_queues:105:5)
      at async ms (file:///home/runner/work/playground-tester/playground-tester/node_modules/@wp-playground/blueprints/index.js:12552:3)
      ... 2 lines matching cause stack trace ...
      at async ja (file:///home/runner/work/playground-tester/playground-tester/node_modules/@wp-playground/cli/cli.js:8161:12) {
    [cause]: Error: Plugin /wordpress/wp-content/plugins/w3images could not be activated – WordPress exited with no error. Sometimes, when $_SERVER or site options are not configured correctly, WordPress exits early with a 301 redirect. Inspect the "debug" logs in the console for more details.
        at wr (file:///home/runner/work/playground-tester/playground-tester/node_modules/@wp-playground/blueprints/index.js:119:51)
        at process.processTicksAndRejections (node:internal/process/task_queues:105:5)
        at async Object.gt [as installPlugin] (file:///home/runner/work/playground-tester/playground-tester/node_modules/@wp-playground/blueprints/index.js:974:42)
        at async g (file:///home/runner/work/playground-tester/playground-tester/node_modules/@wp-playground/blueprints/index.js:12517:30)
        at async Object.run (file:///home/runner/work/playground-tester/playground-tester/node_modules/@wp-playground/blueprints/index.js:12446:23)
        at async ms (file:///home/runner/work/playground-tester/playground-tester/node_modules/@wp-playground/blueprints/index.js:12552:3)
        at async Object.onBind (file:///home/runner/work/playground-tester/playground-tester/node_modules/@wp-playground/cli/index.js:227:48)
        at async V (file:///home/runner/work/playground-tester/playground-tester/node_modules/@wp-playground/cli/index.js:64:10)
        at async ja (file:///home/runner/work/playground-tester/playground-tester/node_modules/@wp-playground/cli/cli.js:8161:12)
  }
}

Node.js v23.11.0
