file:///home/runner/work/playground-tester/playground-tester/node_modules/@wp-playground/cli/index.js:237
        throw new Error(y, { cause: u });
              ^

Error: [21-May-2025 18:56:21 UTC] PHP Parse error:  syntax error, unexpected token "&" in /wordpress/wp-content/plugins/glam-expert-post-plugin/glam-expert-post.php on line 230
[21-May-2025 18:56:28 UTC] PHP Parse error:  syntax error, unexpected token "&" in /wordpress/wp-content/plugins/glam-expert-post-plugin/glam-expert-post.php on line 230
[21-May-2025 18:56:37 UTC] PHP Parse error:  syntax error, unexpected token "&" in /wordpress/wp-content/plugins/glam-expert-post-plugin/glam-expert-post.php on line 230
[21-May-2025 18:57:34 UTC] PHP Notice:  Function _load_textdomain_just_in_time was called <strong>incorrectly</strong>. Translation loading for the <code>gutenslider</code> domain was triggered too early. This is usually an indicator for some code in the plugin or theme running too early. Translations should be loaded at the <code>init</code> action or later. Please see <a href="https://developer.wordpress.org/advanced-administration/debug/debug-wordpress/">Debugging in WordPress</a> for more information. (This message was added in version 6.7.0.) in /wordpress/wp-includes/functions.php on line 6121
[21-May-2025 18:57:44 UTC] PHP Notice:  Function _load_textdomain_just_in_time was called <strong>incorrectly</strong>. Translation loading for the <code>gutenslider</code> domain was triggered too early. This is usually an indicator for some code in the plugin or theme running too early. Translations should be loaded at the <code>init</code> action or later. Please see <a href="https://developer.wordpress.org/advanced-administration/debug/debug-wordpress/">Debugging in WordPress</a> for more information. (This message was added in version 6.7.0.) in /wordpress/wp-includes/functions.php on line 6121
[21-May-2025 18:57:55 UTC] PHP Notice:  Function _load_textdomain_just_in_time was called <strong>incorrectly</strong>. Translation loading for the <code>gutenslider</code> domain was triggered too early. This is usually an indicator for some code in the plugin or theme running too early. Translations should be loaded at the <code>init</code> action or later. Please see <a href="https://developer.wordpress.org/advanced-administration/debug/debug-wordpress/">Debugging in WordPress</a> for more information. (This message was added in version 6.7.0.) in /wordpress/wp-includes/functions.php on line 6121
[21-May-2025 18:58:03 UTC] PHP Warning:  The magic method GAINWP_Manager::__wakeup() must have public visibility in /wordpress/wp-content/plugins/ga-in/gainwp.php on line 78
[21-May-2025 18:58:03 UTC] PHP Deprecated:  Required parameter $metric follows optional parameter $filter in /wordpress/wp-content/plugins/ga-in/tools/gapi.php on line 555
[21-May-2025 18:58:03 UTC] PHP Deprecated:  Required parameter $metric follows optional parameter $filter in /wordpress/wp-content/plugins/ga-in/tools/gapi.php on line 585
[21-May-2025 18:58:03 UTC] PHP Deprecated:  Required parameter $metric follows optional parameter $filter in /wordpress/wp-content/plugins/ga-in/tools/gapi.php on line 617
[21-May-2025 18:58:03 UTC] PHP Deprecated:  Required parameter $metric follows optional parameter $filter in /wordpress/wp-content/plugins/ga-in/tools/gapi.php on line 651
[21-May-2025 18:58:03 UTC] PHP Deprecated:  Required parameter $metric follows optional parameter $filter in /wordpress/wp-content/plugins/ga-in/tools/gapi.php on line 686
[21-May-2025 18:58:03 UTC] PHP Deprecated:  Required parameter $metric follows optional parameter $filter in /wordpress/wp-content/plugins/ga-in/tools/gapi.php on line 745
[21-May-2025 18:58:03 UTC] PHP Deprecated:  Required parameter $metric follows optional parameter $filter in /wordpress/wp-content/plugins/ga-in/tools/gapi.php on line 785
[21-May-2025 18:58:04 UTC] PHP Warning:  The magic method GAINWP_Manager::__wakeup() must have public visibility in /wordpress/wp-content/plugins/ga-in/gainwp.php on line 78
[21-May-2025 18:58:04 UTC] PHP Deprecated:  Required parameter $metric follows optional parameter $filter in /wordpress/wp-content/plugins/ga-in/tools/gapi.php on line 555
[21-May-2025 18:58:04 UTC] PHP Deprecated:  Required parameter $metric follows optional parameter $filter in /wordpress/wp-content/plugins/ga-in/tools/gapi.php on line 585
[21-May-2025 18:58:04 UTC] PHP Deprecated:  Required parameter $metric follows optional parameter $filter in /wordpress/wp-content/plugins/ga-in/tools/gapi.php on line 617
[21-May-2025 18:58:04 UTC] PHP Deprecated:  Required parameter $metric follows optional parameter $filter in /wordpress/wp-content/plugins/ga-in/tools/gapi.php on line 651
[21-May-2025 18:58:04 UTC] PHP Deprecated:  Required parameter $metric follows optional parameter $filter in /wordpress/wp-content/plugins/ga-in/tools/gapi.php on line 686
[21-May-2025 18:58:04 UTC] PHP Deprecated:  Required parameter $metric follows optional parameter $filter in /wordpress/wp-content/plugins/ga-in/tools/gapi.php on line 745
[21-May-2025 18:58:04 UTC] PHP Deprecated:  Required parameter $metric follows optional parameter $filter in /wordpress/wp-content/plugins/ga-in/tools/gapi.php on line 785
[21-May-2025 18:58:12 UTC] PHP Warning:  The magic method GAINWP_Manager::__wakeup() must have public visibility in /wordpress/wp-content/plugins/ga-in/gainwp.php on line 78
[21-May-2025 18:58:12 UTC] PHP Deprecated:  Required parameter $metric follows optional parameter $filter in /wordpress/wp-content/plugins/ga-in/tools/gapi.php on line 555
[21-May-2025 18:58:12 UTC] PHP Deprecated:  Required parameter $metric follows optional parameter $filter in /wordpress/wp-content/plugins/ga-in/tools/gapi.php on line 585
[21-May-2025 18:58:12 UTC] PHP Deprecated:  Required parameter $metric follows optional parameter $filter in /wordpress/wp-content/plugins/ga-in/tools/gapi.php on line 617
[21-May-2025 18:58:12 UTC] PHP Deprecated:  Required parameter $metric follows optional parameter $filter in /wordpress/wp-content/plugins/ga-in/tools/gapi.php on line 651
[21-May-2025 18:58:12 UTC] PHP Deprecated:  Required parameter $metric follows optional parameter $filter in /wordpress/wp-content/plugins/ga-in/tools/gapi.php on line 686
[21-May-2025 18:58:12 UTC] PHP Deprecated:  Required parameter $metric follows optional parameter $filter in /wordpress/wp-content/plugins/ga-in/tools/gapi.php on line 745
[21-May-2025 18:58:12 UTC] PHP Deprecated:  Required parameter $metric follows optional parameter $filter in /wordpress/wp-content/plugins/ga-in/tools/gapi.php on line 785
[21-May-2025 18:58:13 UTC] PHP Warning:  The magic method GAINWP_Manager::__wakeup() must have public visibility in /wordpress/wp-content/plugins/ga-in/gainwp.php on line 78
[21-May-2025 18:58:13 UTC] PHP Deprecated:  Required parameter $metric follows optional parameter $filter in /wordpress/wp-content/plugins/ga-in/tools/gapi.php on line 555
[21-May-2025 18:58:13 UTC] PHP Deprecated:  Required parameter $metric follows optional parameter $filter in /wordpress/wp-content/plugins/ga-in/tools/gapi.php on line 585
[21-May-2025 18:58:13 UTC] PHP Deprecated:  Required parameter $metric follows optional parameter $filter in /wordpress/wp-content/plugins/ga-in/tools/gapi.php on line 617
[21-May-2025 18:58:13 UTC] PHP Deprecated:  Required parameter $metric follows optional parameter $filter in /wordpress/wp-content/plugins/ga-in/tools/gapi.php on line 651
[21-May-2025 18:58:13 UTC] PHP Deprecated:  Required parameter $metric follows optional parameter $filter in /wordpress/wp-content/plugins/ga-in/tools/gapi.php on line 686
[21-May-2025 18:58:13 UTC] PHP Deprecated:  Required parameter $metric follows optional parameter $filter in /wordpress/wp-content/plugins/ga-in/tools/gapi.php on line 745
[21-May-2025 18:58:13 UTC] PHP Deprecated:  Required parameter $metric follows optional parameter $filter in /wordpress/wp-content/plugins/ga-in/tools/gapi.php on line 785
[21-May-2025 18:58:20 UTC] PHP Warning:  The magic method GAINWP_Manager::__wakeup() must have public visibility in /wordpress/wp-content/plugins/ga-in/gainwp.php on line 78
[21-May-2025 18:58:20 UTC] PHP Deprecated:  Required parameter $metric follows optional parameter $filter in /wordpress/wp-content/plugins/ga-in/tools/gapi.php on line 555
[21-May-2025 18:58:20 UTC] PHP Deprecated:  Required parameter $metric follows optional parameter $filter in /wordpress/wp-content/plugins/ga-in/tools/gapi.php on line 585
[21-May-2025 18:58:20 UTC] PHP Deprecated:  Required parameter $metric follows optional parameter $filter in /wordpress/wp-content/plugins/ga-in/tools/gapi.php on line 617
[21-May-2025 18:58:20 UTC] PHP Deprecated:  Required parameter $metric follows optional parameter $filter in /wordpress/wp-content/plugins/ga-in/tools/gapi.php on line 651
[21-May-2025 18:58:20 UTC] PHP Deprecated:  Required parameter $metric follows optional parameter $filter in /wordpress/wp-content/plugins/ga-in/tools/gapi.php on line 686
[21-May-2025 18:58:20 UTC] PHP Deprecated:  Required parameter $metric follows optional parameter $filter in /wordpress/wp-content/plugins/ga-in/tools/gapi.php on line 745
[21-May-2025 18:58:20 UTC] PHP Deprecated:  Required parameter $metric follows optional parameter $filter in /wordpress/wp-content/plugins/ga-in/tools/gapi.php on line 785
[21-May-2025 18:58:21 UTC] PHP Warning:  The magic method GAINWP_Manager::__wakeup() must have public visibility in /wordpress/wp-content/plugins/ga-in/gainwp.php on line 78
[21-May-2025 18:58:21 UTC] PHP Deprecated:  Required parameter $metric follows optional parameter $filter in /wordpress/wp-content/plugins/ga-in/tools/gapi.php on line 555
[21-May-2025 18:58:21 UTC] PHP Deprecated:  Required parameter $metric follows optional parameter $filter in /wordpress/wp-content/plugins/ga-in/tools/gapi.php on line 585
[21-May-2025 18:58:21 UTC] PHP Deprecated:  Required parameter $metric follows optional parameter $filter in /wordpress/wp-content/plugins/ga-in/tools/gapi.php on line 617
[21-May-2025 18:58:21 UTC] PHP Deprecated:  Required parameter $metric follows optional parameter $filter in /wordpress/wp-content/plugins/ga-in/tools/gapi.php on line 651
[21-May-2025 18:58:21 UTC] PHP Deprecated:  Required parameter $metric follows optional parameter $filter in /wordpress/wp-content/plugins/ga-in/tools/gapi.php on line 686
[21-May-2025 18:58:21 UTC] PHP Deprecated:  Required parameter $metric follows optional parameter $filter in /wordpress/wp-content/plugins/ga-in/tools/gapi.php on line 745
[21-May-2025 18:58:21 UTC] PHP Deprecated:  Required parameter $metric follows optional parameter $filter in /wordpress/wp-content/plugins/ga-in/tools/gapi.php on line 785
[21-May-2025 18:59:25 UTC] PHP Fatal error:  Uncaught ArgumentCountError: Too few arguments to function WP_Widget::__construct(), 0 passed in /wordpress/wp-includes/class-wp-widget-factory.php on line 62 and at least 2 expected in /wordpress/wp-includes/class-wp-widget.php:163
Stack trace:
#0 /wordpress/wp-includes/class-wp-widget-factory.php(62): WP_Widget->__construct()
#1 /wordpress/wp-includes/widgets.php(123): WP_Widget_Factory->register('Geeklist_Widget')
#2 /wordpress/wp-content/plugins/geeklist-widget/geeklist.php(13): register_widget('Geeklist_Widget')
#3 /wordpress/wp-includes/class-wp-hook.php(324): load_geeklist('')
#4 /wordpress/wp-includes/class-wp-hook.php(348): WP_Hook->apply_filters(NULL, Array)
#5 /wordpress/wp-includes/plugin.php(517): WP_Hook->do_action(Array)
#6 /wordpress/wp-includes/widgets.php(1870): do_action('widgets_init')
#7 /wordpress/wp-includes/class-wp-hook.php(324): wp_widgets_init('')
#8 /wordpress/wp-includes/class-wp-hook.php(348): WP_Hook->apply_filters(NULL, Array)
#9 /wordpress/wp-includes/plugin.php(517): WP_Hook->do_action(Array)
#10 /wordpress/wp-settings.php(727): do_action('init')
#11 /wordpress/wp-config.php(102): require_once('/wordpress/wp-s...')
#12 /wordpress/wp-load.php(50): require_once('/wordpress/wp-c...')
#13 /internal/eval.php(3): require_once('/wordpress/wp-l...')
#14 {main}
  thrown in /wordpress/wp-includes/class-wp-widget.php on line 163
[21-May-2025 18:59:34 UTC] PHP Fatal error:  Uncaught ArgumentCountError: Too few arguments to function WP_Widget::__construct(), 0 passed in /wordpress/wp-includes/class-wp-widget-factory.php on line 62 and at least 2 expected in /wordpress/wp-includes/class-wp-widget.php:163
Stack trace:
#0 /wordpress/wp-includes/class-wp-widget-factory.php(62): WP_Widget->__construct()
#1 /wordpress/wp-includes/widgets.php(123): WP_Widget_Factory->register('Geeklist_Widget')
#2 /wordpress/wp-content/plugins/geeklist-widget/geeklist.php(13): register_widget('Geeklist_Widget')
#3 /wordpress/wp-includes/class-wp-hook.php(324): load_geeklist('')
#4 /wordpress/wp-includes/class-wp-hook.php(348): WP_Hook->apply_filters(NULL, Array)
#5 /wordpress/wp-includes/plugin.php(517): WP_Hook->do_action(Array)
#6 /wordpress/wp-includes/widgets.php(1870): do_action('widgets_init')
#7 /wordpress/wp-includes/class-wp-hook.php(324): wp_widgets_init('')
#8 /wordpress/wp-includes/class-wp-hook.php(348): WP_Hook->apply_filters(NULL, Array)
#9 /wordpress/wp-includes/plugin.php(517): WP_Hook->do_action(Array)
#10 /wordpress/wp-settings.php(727): do_action('init')
#11 /wordpress/wp-config.php(102): require_once('/wordpress/wp-s...')
#12 /wordpress/wp-load.php(50): require_once('/wordpress/wp-c...')
#13 /internal/eval.php(3): require_once('/wordpress/wp-l...')
#14 {main}
  thrown in /wordpress/wp-includes/class-wp-widget.php on line 163
[21-May-2025 18:59:43 UTC] PHP Fatal error:  Uncaught ArgumentCountError: Too few arguments to function WP_Widget::__construct(), 0 passed in /wordpress/wp-includes/class-wp-widget-factory.php on line 62 and at least 2 expected in /wordpress/wp-includes/class-wp-widget.php:163
Stack trace:
#0 /wordpress/wp-includes/class-wp-widget-factory.php(62): WP_Widget->__construct()
#1 /wordpress/wp-includes/widgets.php(123): WP_Widget_Factory->register('Geeklist_Widget')
#2 /wordpress/wp-content/plugins/geeklist-widget/geeklist.php(13): register_widget('Geeklist_Widget')
#3 /wordpress/wp-includes/class-wp-hook.php(324): load_geeklist('')
#4 /wordpress/wp-includes/class-wp-hook.php(348): WP_Hook->apply_filters(NULL, Array)
#5 /wordpress/wp-includes/plugin.php(517): WP_Hook->do_action(Array)
#6 /wordpress/wp-includes/widgets.php(1870): do_action('widgets_init')
#7 /wordpress/wp-includes/class-wp-hook.php(324): wp_widgets_init('')
#8 /wordpress/wp-includes/class-wp-hook.php(348): WP_Hook->apply_filters(NULL, Array)
#9 /wordpress/wp-includes/plugin.php(517): WP_Hook->do_action(Array)
#10 /wordpress/wp-settings.php(727): do_action('init')
#11 /wordpress/wp-config.php(102): require_once('/wordpress/wp-s...')
#12 /wordpress/wp-load.php(50): require_once('/wordpress/wp-c...')
#13 /internal/eval.php(3): require_once('/wordpress/wp-l...')
#14 {main}
  thrown in /wordpress/wp-includes/class-wp-widget.php on line 163
[21-May-2025 19:00:51 UTC] PHP Fatal error:  Uncaught Error: Undefined constant "glitchauth_display_login" in /wordpress/wp-content/plugins/glitch-authenticator/glitch-authenticator.php:126
Stack trace:
#0 /wordpress/wp-admin/includes/plugin.php(2387): include_once()
#1 /wordpress/wp-admin/includes/plugin.php(673): plugin_sandbox_scrape('glitch-authenti...')
#2 /internal/eval.php(20): activate_plugin('glitch-authenti...')
#3 {main}
  thrown in /wordpress/wp-content/plugins/glitch-authenticator/glitch-authenticator.php on line 126
[21-May-2025 19:00:59 UTC] PHP Fatal error:  Uncaught Error: Undefined constant "glitchauth_display_login" in /wordpress/wp-content/plugins/glitch-authenticator/glitch-authenticator.php:126
Stack trace:
#0 /wordpress/wp-admin/includes/plugin.php(2387): include_once()
#1 /wordpress/wp-admin/includes/plugin.php(673): plugin_sandbox_scrape('glitch-authenti...')
#2 /internal/eval.php(20): activate_plugin('glitch-authenti...')
#3 {main}
  thrown in /wordpress/wp-content/plugins/glitch-authenticator/glitch-authenticator.php on line 126
[21-May-2025 19:01:07 UTC] PHP Fatal error:  Uncaught Error: Undefined constant "glitchauth_display_login" in /wordpress/wp-content/plugins/glitch-authenticator/glitch-authenticator.php:126
Stack trace:
#0 /wordpress/wp-admin/includes/plugin.php(2387): include_once()
#1 /wordpress/wp-admin/includes/plugin.php(673): plugin_sandbox_scrape('glitch-authenti...')
#2 /internal/eval.php(20): activate_plugin('glitch-authenti...')
#3 {main}
  thrown in /wordpress/wp-content/plugins/glitch-authenticator/glitch-authenticator.php on line 126
[21-May-2025 19:01:44 UTC] PHP Fatal error:  Uncaught Error: Call to undefined function create_function() in /wordpress/wp-content/plugins/gloder-rss/gloder-rss.php:72
Stack trace:
#0 /wordpress/wp-admin/includes/plugin.php(2387): include_once()
#1 /wordpress/wp-admin/includes/plugin.php(673): plugin_sandbox_scrape('gloder-rss/glod...')
#2 /internal/eval.php(20): activate_plugin('gloder-rss/glod...')
#3 {main}
  thrown in /wordpress/wp-content/plugins/gloder-rss/gloder-rss.php on line 72
[21-May-2025 19:01:51 UTC] PHP Fatal error:  Uncaught Error: Call to undefined function create_function() in /wordpress/wp-content/plugins/gloder-rss/gloder-rss.php:72
Stack trace:
#0 /wordpress/wp-admin/includes/plugin.php(2387): include_once()
#1 /wordpress/wp-admin/includes/plugin.php(673): plugin_sandbox_scrape('gloder-rss/glod...')
#2 /internal/eval.php(20): activate_plugin('gloder-rss/glod...')
#3 {main}
  thrown in /wordpress/wp-content/plugins/gloder-rss/gloder-rss.php on line 72
[21-May-2025 19:01:59 UTC] PHP Fatal error:  Uncaught Error: Call to undefined function create_function() in /wordpress/wp-content/plugins/gloder-rss/gloder-rss.php:72
Stack trace:
#0 /wordpress/wp-admin/includes/plugin.php(2387): include_once()
#1 /wordpress/wp-admin/includes/plugin.php(673): plugin_sandbox_scrape('gloder-rss/glod...')
#2 /internal/eval.php(20): activate_plugin('gloder-rss/glod...')
#3 {main}
  thrown in /wordpress/wp-content/plugins/gloder-rss/gloder-rss.php on line 72
[21-May-2025 19:03:31 UTC] PHP Fatal error:  Uncaught TypeError: call_user_func_array(): Argument #1 ($callback) must be a valid callback, non-static method GNA_KoreanSNS::activate_handler() cannot be called statically in /wordpress/wp-includes/class-wp-hook.php:324
Stack trace:
#0 /wordpress/wp-includes/class-wp-hook.php(348): WP_Hook->apply_filters('', Array)
#1 /wordpress/wp-includes/plugin.php(517): WP_Hook->do_action(Array)
#2 /wordpress/wp-admin/includes/plugin.php(703): do_action('activate_gna-ko...', false)
#3 /internal/eval.php(20): activate_plugin('gna-korean-sns/...')
#4 {main}
  thrown in /wordpress/wp-includes/class-wp-hook.php on line 324
[21-May-2025 19:03:39 UTC] PHP Fatal error:  Uncaught TypeError: call_user_func_array(): Argument #1 ($callback) must be a valid callback, non-static method GNA_KoreanSNS::activate_handler() cannot be called statically in /wordpress/wp-includes/class-wp-hook.php:324
Stack trace:
#0 /wordpress/wp-includes/class-wp-hook.php(348): WP_Hook->apply_filters('', Array)
#1 /wordpress/wp-includes/plugin.php(517): WP_Hook->do_action(Array)
#2 /wordpress/wp-admin/includes/plugin.php(703): do_action('activate_gna-ko...', false)
#3 /internal/eval.php(20): activate_plugin('gna-korean-sns/...')
#4 {main}
  thrown in /wordpress/wp-includes/class-wp-hook.php on line 324
[21-May-2025 19:03:48 UTC] PHP Fatal error:  Uncaught TypeError: call_user_func_array(): Argument #1 ($callback) must be a valid callback, non-static method GNA_KoreanSNS::activate_handler() cannot be called statically in /wordpress/wp-includes/class-wp-hook.php:324
Stack trace:
#0 /wordpress/wp-includes/class-wp-hook.php(348): WP_Hook->apply_filters('', Array)
#1 /wordpress/wp-includes/plugin.php(517): WP_Hook->do_action(Array)
#2 /wordpress/wp-admin/includes/plugin.php(703): do_action('activate_gna-ko...', false)
#3 /internal/eval.php(20): activate_plugin('gna-korean-sns/...')
#4 {main}
  thrown in /wordpress/wp-includes/class-wp-hook.php on line 324
[21-May-2025 19:04:25 UTC] PHP Fatal error:  Uncaught TypeError: count(): Argument #1 ($value) must be of type Countable|array, null given in /wordpress/wp-content/plugins/grid-gallery-ready/vendor/Rsc/Menu/Page.php:228
Stack trace:
#0 /wordpress/wp-content/plugins/grid-gallery-ready/vendor/Rsc/Environment.php(197): Rsc_Menu_Page->register()
#1 /wordpress/wp-content/plugins/grid-gallery-ready/app/ReadyGirdGallery.php(76): Rsc_Environment->run()
#2 /wordpress/wp-content/plugins/grid-gallery-ready/index.php(15): ReadyGirdGallery->run()
#3 /wordpress/wp-admin/includes/plugin.php(2387): include_once('/wordpress/wp-c...')
#4 /wordpress/wp-admin/includes/plugin.php(673): plugin_sandbox_scrape('grid-gallery-re...')
#5 /internal/eval.php(20): activate_plugin('grid-gallery-re...')
#6 {main}
  thrown in /wordpress/wp-content/plugins/grid-gallery-ready/vendor/Rsc/Menu/Page.php on line 228
[21-May-2025 19:04:34 UTC] PHP Fatal error:  Uncaught TypeError: count(): Argument #1 ($value) must be of type Countable|array, null given in /wordpress/wp-content/plugins/grid-gallery-ready/vendor/Rsc/Menu/Page.php:228
Stack trace:
#0 /wordpress/wp-content/plugins/grid-gallery-ready/vendor/Rsc/Environment.php(197): Rsc_Menu_Page->register()
#1 /wordpress/wp-content/plugins/grid-gallery-ready/app/ReadyGirdGallery.php(76): Rsc_Environment->run()
#2 /wordpress/wp-content/plugins/grid-gallery-ready/index.php(15): ReadyGirdGallery->run()
#3 /wordpress/wp-admin/includes/plugin.php(2387): include_once('/wordpress/wp-c...')
#4 /wordpress/wp-admin/includes/plugin.php(673): plugin_sandbox_scrape('grid-gallery-re...')
#5 /internal/eval.php(20): activate_plugin('grid-gallery-re...')
#6 {main}
  thrown in /wordpress/wp-content/plugins/grid-gallery-ready/vendor/Rsc/Menu/Page.php on line 228
[21-May-2025 19:04:44 UTC] PHP Fatal error:  Uncaught TypeError: count(): Argument #1 ($value) must be of type Countable|array, null given in /wordpress/wp-content/plugins/grid-gallery-ready/vendor/Rsc/Menu/Page.php:228
Stack trace:
#0 /wordpress/wp-content/plugins/grid-gallery-ready/vendor/Rsc/Environment.php(197): Rsc_Menu_Page->register()
#1 /wordpress/wp-content/plugins/grid-gallery-ready/app/ReadyGirdGallery.php(76): Rsc_Environment->run()
#2 /wordpress/wp-content/plugins/grid-gallery-ready/index.php(15): ReadyGirdGallery->run()
#3 /wordpress/wp-admin/includes/plugin.php(2387): include_once('/wordpress/wp-c...')
#4 /wordpress/wp-admin/includes/plugin.php(673): plugin_sandbox_scrape('grid-gallery-re...')
#5 /internal/eval.php(20): activate_plugin('grid-gallery-re...')
#6 {main}
  thrown in /wordpress/wp-content/plugins/grid-gallery-ready/vendor/Rsc/Menu/Page.php on line 228
[21-May-2025 19:05:48 UTC] PHP Notice:  Function _load_textdomain_just_in_time was called <strong>incorrectly</strong>. Translation loading for the <code>gswcbr</code> domain was triggered too early. This is usually an indicator for some code in the plugin or theme running too early. Translations should be loaded at the <code>init</code> action or later. Please see <a href="https://developer.wordpress.org/advanced-administration/debug/debug-wordpress/">Debugging in WordPress</a> for more information. (This message was added in version 6.7.0.) in /wordpress/wp-includes/functions.php on line 6121
[21-May-2025 19:05:56 UTC] PHP Notice:  Function _load_textdomain_just_in_time was called <strong>incorrectly</strong>. Translation loading for the <code>gswcbr</code> domain was triggered too early. This is usually an indicator for some code in the plugin or theme running too early. Translations should be loaded at the <code>init</code> action or later. Please see <a href="https://developer.wordpress.org/advanced-administration/debug/debug-wordpress/">Debugging in WordPress</a> for more information. (This message was added in version 6.7.0.) in /wordpress/wp-includes/functions.php on line 6121
[21-May-2025 19:06:06 UTC] PHP Notice:  Function _load_textdomain_just_in_time was called <strong>incorrectly</strong>. Translation loading for the <code>gswcbr</code> domain was triggered too early. This is usually an indicator for some code in the plugin or theme running too early. Translations should be loaded at the <code>init</code> action or later. Please see <a href="https://developer.wordpress.org/advanced-administration/debug/debug-wordpress/">Debugging in WordPress</a> for more information. (This message was added in version 6.7.0.) in /wordpress/wp-includes/functions.php on line 6121
[21-May-2025 19:08:15 UTC] PHP Warning:  Undefined array key "taxonomies_to_hide" in /wordpress/wp-content/plugins/go-taxonomy/components/class-go-taxonomy.php on line 46
[21-May-2025 19:08:15 UTC] PHP Fatal error:  Uncaught TypeError: in_array(): Argument #2 ($haystack) must be of type array, null given in /wordpress/wp-content/plugins/go-taxonomy/components/class-go-taxonomy.php:46
Stack trace:
#0 /wordpress/wp-content/plugins/go-taxonomy/components/class-go-taxonomy.php(46): in_array('category', NULL)
#1 /wordpress/wp-includes/class-wp-hook.php(326): GO_Taxonomy->registered_taxonomy('category')
#2 /wordpress/wp-includes/class-wp-hook.php(348): WP_Hook->apply_filters('', Array)
#3 /wordpress/wp-includes/plugin.php(517): WP_Hook->do_action(Array)
#4 /wordpress/wp-includes/taxonomy.php(570): do_action('registered_taxo...', 'category', 'post', Array)
#5 /wordpress/wp-includes/taxonomy.php(82): register_taxonomy('category', 'post', Array)
#6 /wordpress/wp-includes/class-wp-hook.php(324): create_initial_taxonomies('')
#7 /wordpress/wp-includes/class-wp-hook.php(348): WP_Hook->apply_filters(NULL, Array)
#8 /wordpress/wp-includes/plugin.php(517): WP_Hook->do_action(Array)
#9 /wordpress/wp-settings.php(727): do_action('init')
#10 /wordpress/wp-config.php(102): require_once('/wordpress/wp-s...')
#11 /wordpress/wp-load.php(50): require_once('/wordpress/wp-c...')
#12 /internal/eval.php(3): require_once('/wordpress/wp-l...')
#13 {main}
  thrown in /wordpress/wp-content/plugins/go-taxonomy/components/class-go-taxonomy.php on line 46
[21-May-2025 19:08:19 UTC] PHP Warning:  Undefined array key "taxonomies_to_hide" in /wordpress/wp-content/plugins/go-taxonomy/components/class-go-taxonomy.php on line 46
[21-May-2025 19:08:19 UTC] PHP Fatal error:  Uncaught TypeError: in_array(): Argument #2 ($haystack) must be of type array, null given in /wordpress/wp-content/plugins/go-taxonomy/components/class-go-taxonomy.php:46
Stack trace:
#0 /wordpress/wp-content/plugins/go-taxonomy/components/class-go-taxonomy.php(46): in_array('category', NULL)
#1 /wordpress/wp-includes/class-wp-hook.php(326): GO_Taxonomy->registered_taxonomy('category')
#2 /wordpress/wp-includes/class-wp-hook.php(348): WP_Hook->apply_filters('', Array)
#3 /wordpress/wp-includes/plugin.php(517): WP_Hook->do_action(Array)
#4 /wordpress/wp-includes/taxonomy.php(570): do_action('registered_taxo...', 'category', 'post', Array)
#5 /wordpress/wp-includes/taxonomy.php(82): register_taxonomy('category', 'post', Array)
#6 /wordpress/wp-includes/class-wp-hook.php(324): create_initial_taxonomies('')
#7 /wordpress/wp-includes/class-wp-hook.php(348): WP_Hook->apply_filters(NULL, Array)
#8 /wordpress/wp-includes/plugin.php(517): WP_Hook->do_action(Array)
#9 /wordpress/wp-settings.php(727): do_action('init')
#10 /wordpress/wp-config.php(102): require_once('/wordpress/wp-s...')
#11 /wordpress/wp-load.php(50): require_once('/wordpress/wp-c...')
#12 /internal/eval.php(3): require_once('/wordpress/wp-l...')
#13 {main}
  thrown in /wordpress/wp-content/plugins/go-taxonomy/components/class-go-taxonomy.php on line 46

    at Object.onBind (file:///home/runner/work/playground-tester/playground-tester/node_modules/@wp-playground/cli/index.js:237:15)
    at process.processTicksAndRejections (node:internal/process/task_queues:105:5)
    at async V (file:///home/runner/work/playground-tester/playground-tester/node_modules/@wp-playground/cli/index.js:64:10)
    at async ja (file:///home/runner/work/playground-tester/playground-tester/node_modules/@wp-playground/cli/cli.js:8161:12) {
  [cause]: Error: Error when executing the blueprint step #1 ({"step":"installPlugin","pluginData":{"resource":"wordpress.org/plugins","slug":"go-taxonomy"},"options":{"activate":true}}) : PHP.run() failed with exit code 255 and the following output: 
      at Object.run (file:///home/runner/work/playground-tester/playground-tester/node_modules/@wp-playground/blueprints/index.js:12449:19)
      at process.processTicksAndRejections (node:internal/process/task_queues:105:5)
      at async ms (file:///home/runner/work/playground-tester/playground-tester/node_modules/@wp-playground/blueprints/index.js:12552:3)
      ... 2 lines matching cause stack trace ...
      at async ja (file:///home/runner/work/playground-tester/playground-tester/node_modules/@wp-playground/cli/cli.js:8161:12) {
    [cause]: PHPExecutionFailureError: PHP.run() failed with exit code 255 and the following output: 
        at PHP.run (file:///home/runner/work/playground-tester/playground-tester/node_modules/@php-wasm/universal/index.js:987:19)
        at process.processTicksAndRejections (node:internal/process/task_queues:105:5)
        at async wr (file:///home/runner/work/playground-tester/playground-tester/node_modules/@wp-playground/blueprints/index.js:73:13)
        at async Object.gt [as installPlugin] (file:///home/runner/work/playground-tester/playground-tester/node_modules/@wp-playground/blueprints/index.js:974:42)
        at async g (file:///home/runner/work/playground-tester/playground-tester/node_modules/@wp-playground/blueprints/index.js:12517:30)
        at async Object.run (file:///home/runner/work/playground-tester/playground-tester/node_modules/@wp-playground/blueprints/index.js:12446:23)
        at async ms (file:///home/runner/work/playground-tester/playground-tester/node_modules/@wp-playground/blueprints/index.js:12552:3)
        at async Object.onBind (file:///home/runner/work/playground-tester/playground-tester/node_modules/@wp-playground/cli/index.js:227:48)
        at async V (file:///home/runner/work/playground-tester/playground-tester/node_modules/@wp-playground/cli/index.js:64:10)
        at async ja (file:///home/runner/work/playground-tester/playground-tester/node_modules/@wp-playground/cli/cli.js:8161:12) {
      response: PHPResponse {
        httpStatusCode: 500,
        headers: {
          'x-powered-by': [ 'PHP/8.0.30-dev' ],
          'content-type': [ 'text/html; charset=UTF-8' ],
          expires: [ 'Wed, 11 Jan 1984 05:00:00 GMT' ],
          'cache-control': [ 'no-cache, must-revalidate, max-age=0, no-store, private' ]
        },
        bytes: Uint8Array(2653) [
           60,  33,  68,  79,  67,  84,  89,  80,  69,  32, 104, 116,
          109, 108,  62,  10,  60, 104, 116, 109, 108,  32, 108,  97,
          110, 103,  61,  34, 101, 110,  45,  85,  83,  34,  62,  10,
           60, 104, 101,  97, 100,  62,  10,   9,  60, 109, 101, 116,
           97,  32, 104, 116, 116, 112,  45, 101, 113, 117, 105, 118,
           61,  34,  67, 111, 110, 116, 101, 110, 116,  45,  84, 121,
          112, 101,  34,  32,  99, 111, 110, 116, 101, 110, 116,  61,
           34, 116, 101, 120, 116,  47, 104, 116, 109, 108,  59,  32,
           99, 104,  97, 114,
          ... 2553 more items
        ],
        exitCode: 255,
        errors: ''
      },
      source: 'request'
    }
  }
}

Node.js v23.11.0
