file:///home/runner/work/playground-tester/playground-tester/node_modules/@wp-playground/cli/run-cli-j-geJYS3.js:325
        throw new Error($, { cause: h });
              ^

Error: [03-Jul-2025 10:54:10 UTC] PHP Notice:  Function _load_textdomain_just_in_time was called <strong>incorrectly</strong>. Translation loading for the <code>azan</code> domain was triggered too early. This is usually an indicator for some code in the plugin or theme running too early. Translations should be loaded at the <code>init</code> action or later. Please see <a href="https://developer.wordpress.org/advanced-administration/debug/debug-wordpress/">Debugging in WordPress</a> for more information. (This message was added in version 6.7.0.) in /wordpress/wp-includes/functions.php on line 6121
[03-Jul-2025 10:54:20 UTC] PHP Notice:  Function _load_textdomain_just_in_time was called <strong>incorrectly</strong>. Translation loading for the <code>azan</code> domain was triggered too early. This is usually an indicator for some code in the plugin or theme running too early. Translations should be loaded at the <code>init</code> action or later. Please see <a href="https://developer.wordpress.org/advanced-administration/debug/debug-wordpress/">Debugging in WordPress</a> for more information. (This message was added in version 6.7.0.) in /wordpress/wp-includes/functions.php on line 6121
[03-Jul-2025 10:54:29 UTC] PHP Notice:  Function _load_textdomain_just_in_time was called <strong>incorrectly</strong>. Translation loading for the <code>azan</code> domain was triggered too early. This is usually an indicator for some code in the plugin or theme running too early. Translations should be loaded at the <code>init</code> action or later. Please see <a href="https://developer.wordpress.org/advanced-administration/debug/debug-wordpress/">Debugging in WordPress</a> for more information. (This message was added in version 6.7.0.) in /wordpress/wp-includes/functions.php on line 6121
[03-Jul-2025 10:54:40 UTC] PHP Fatal error:  Uncaught Error: Call to undefined function create_function() in /wordpress/wp-content/plugins/azure-cognitive-service-personalizer/widget_rank.php:292
Stack trace:
#0 /wordpress/wp-content/plugins/azure-cognitive-service-personalizer/personalizer.php(17): require_once()
#1 /wordpress/wp-admin/includes/plugin.php(2387): include_once('/wordpress/wp-c...')
#2 /wordpress/wp-admin/includes/plugin.php(673): plugin_sandbox_scrape('azure-cognitive...')
#3 /internal/eval.php(20): activate_plugin('azure-cognitive...')
#4 {main}
  thrown in /wordpress/wp-content/plugins/azure-cognitive-service-personalizer/widget_rank.php on line 292
[03-Jul-2025 10:54:49 UTC] PHP Fatal error:  Uncaught Error: Call to undefined function create_function() in /wordpress/wp-content/plugins/azure-cognitive-service-personalizer/widget_rank.php:292
Stack trace:
#0 /wordpress/wp-content/plugins/azure-cognitive-service-personalizer/personalizer.php(17): require_once()
#1 /wordpress/wp-admin/includes/plugin.php(2387): include_once('/wordpress/wp-c...')
#2 /wordpress/wp-admin/includes/plugin.php(673): plugin_sandbox_scrape('azure-cognitive...')
#3 /internal/eval.php(20): activate_plugin('azure-cognitive...')
#4 {main}
  thrown in /wordpress/wp-content/plugins/azure-cognitive-service-personalizer/widget_rank.php on line 292
[03-Jul-2025 10:54:58 UTC] PHP Fatal error:  Uncaught Error: Call to undefined function create_function() in /wordpress/wp-content/plugins/azure-cognitive-service-personalizer/widget_rank.php:292
Stack trace:
#0 /wordpress/wp-content/plugins/azure-cognitive-service-personalizer/personalizer.php(17): require_once()
#1 /wordpress/wp-admin/includes/plugin.php(2387): include_once('/wordpress/wp-c...')
#2 /wordpress/wp-admin/includes/plugin.php(673): plugin_sandbox_scrape('azure-cognitive...')
#3 /internal/eval.php(20): activate_plugin('azure-cognitive...')
#4 {main}
  thrown in /wordpress/wp-content/plugins/azure-cognitive-service-personalizer/widget_rank.php on line 292
[03-Jul-2025 10:58:37 UTC] PHP Fatal error:  Uncaught Error: Undefined constant "register_backroom_widget" in /wordpress/wp-content/plugins/backroomapp/backroom-widget.php:179
Stack trace:
#0 /wordpress/wp-admin/includes/plugin.php(2387): include_once()
#1 /wordpress/wp-admin/includes/plugin.php(673): plugin_sandbox_scrape('backroomapp/bac...')
#2 /internal/eval.php(20): activate_plugin('backroomapp/bac...')
#3 {main}
  thrown in /wordpress/wp-content/plugins/backroomapp/backroom-widget.php on line 179
[03-Jul-2025 10:58:46 UTC] PHP Fatal error:  Uncaught Error: Undefined constant "register_backroom_widget" in /wordpress/wp-content/plugins/backroomapp/backroom-widget.php:179
Stack trace:
#0 /wordpress/wp-admin/includes/plugin.php(2387): include_once()
#1 /wordpress/wp-admin/includes/plugin.php(673): plugin_sandbox_scrape('backroomapp/bac...')
#2 /internal/eval.php(20): activate_plugin('backroomapp/bac...')
#3 {main}
  thrown in /wordpress/wp-content/plugins/backroomapp/backroom-widget.php on line 179
[03-Jul-2025 10:58:54 UTC] PHP Fatal error:  Uncaught Error: Undefined constant "register_backroom_widget" in /wordpress/wp-content/plugins/backroomapp/backroom-widget.php:179
Stack trace:
#0 /wordpress/wp-admin/includes/plugin.php(2387): include_once()
#1 /wordpress/wp-admin/includes/plugin.php(673): plugin_sandbox_scrape('backroomapp/bac...')
#2 /internal/eval.php(20): activate_plugin('backroomapp/bac...')
#3 {main}
  thrown in /wordpress/wp-content/plugins/backroomapp/backroom-widget.php on line 179
[03-Jul-2025 10:59:04 UTC] PHP Warning:  include(/wordpress/wp-content/plugins/backup-to-arweave//vendor/autoload.php): Failed to open stream: No such file or directory in /wordpress/wp-content/plugins/backup-to-arweave/inc/base/publish.php on line 3
[03-Jul-2025 10:59:04 UTC] PHP Warning:  include(): Failed opening '/wordpress/wp-content/plugins/backup-to-arweave//vendor/autoload.php' for inclusion (include_path='.:') in /wordpress/wp-content/plugins/backup-to-arweave/inc/base/publish.php on line 3
[03-Jul-2025 10:59:05 UTC] PHP Warning:  include(/wordpress/wp-content/plugins/backup-to-arweave//vendor/autoload.php): Failed to open stream: No such file or directory in /wordpress/wp-content/plugins/backup-to-arweave/inc/base/publish.php on line 3
[03-Jul-2025 10:59:05 UTC] PHP Warning:  include(): Failed opening '/wordpress/wp-content/plugins/backup-to-arweave//vendor/autoload.php' for inclusion (include_path='.:') in /wordpress/wp-content/plugins/backup-to-arweave/inc/base/publish.php on line 3
[03-Jul-2025 10:59:13 UTC] PHP Warning:  include(/wordpress/wp-content/plugins/backup-to-arweave//vendor/autoload.php): Failed to open stream: No such file or directory in /wordpress/wp-content/plugins/backup-to-arweave/inc/base/publish.php on line 3
[03-Jul-2025 10:59:13 UTC] PHP Warning:  include(): Failed opening '/wordpress/wp-content/plugins/backup-to-arweave//vendor/autoload.php' for inclusion (include_path='.:') in /wordpress/wp-content/plugins/backup-to-arweave/inc/base/publish.php on line 3
[03-Jul-2025 10:59:14 UTC] PHP Warning:  include(/wordpress/wp-content/plugins/backup-to-arweave//vendor/autoload.php): Failed to open stream: No such file or directory in /wordpress/wp-content/plugins/backup-to-arweave/inc/base/publish.php on line 3
[03-Jul-2025 10:59:14 UTC] PHP Warning:  include(): Failed opening '/wordpress/wp-content/plugins/backup-to-arweave//vendor/autoload.php' for inclusion (include_path='.:') in /wordpress/wp-content/plugins/backup-to-arweave/inc/base/publish.php on line 3
[03-Jul-2025 10:59:25 UTC] PHP Warning:  include(/wordpress/wp-content/plugins/backup-to-arweave//vendor/autoload.php): Failed to open stream: No such file or directory in /wordpress/wp-content/plugins/backup-to-arweave/inc/base/publish.php on line 3
[03-Jul-2025 10:59:25 UTC] PHP Warning:  include(): Failed opening '/wordpress/wp-content/plugins/backup-to-arweave//vendor/autoload.php' for inclusion (include_path='.:') in /wordpress/wp-content/plugins/backup-to-arweave/inc/base/publish.php on line 3
[03-Jul-2025 10:59:25 UTC] PHP Warning:  include(/wordpress/wp-content/plugins/backup-to-arweave//vendor/autoload.php): Failed to open stream: No such file or directory in /wordpress/wp-content/plugins/backup-to-arweave/inc/base/publish.php on line 3
[03-Jul-2025 10:59:25 UTC] PHP Warning:  include(): Failed opening '/wordpress/wp-content/plugins/backup-to-arweave//vendor/autoload.php' for inclusion (include_path='.:') in /wordpress/wp-content/plugins/backup-to-arweave/inc/base/publish.php on line 3

    at Object.onBind (file:///home/runner/work/playground-tester/playground-tester/node_modules/@wp-playground/cli/run-cli-j-geJYS3.js:325:15)
    at process.processTicksAndRejections (node:internal/process/task_queues:105:5)
    at async re (file:///home/runner/work/playground-tester/playground-tester/node_modules/@wp-playground/cli/run-cli-j-geJYS3.js:149:10) {
  [cause]: Error: Error when executing the blueprint step #5 ({"step":"installPlugin","pluginData":{"resource":"wordpress.org/plugins","slug":"backuptoazure"},"options":{"activate":true}}) : Plugin /wordpress/wp-content/plugins/backuptoazure could not be activated – WordPress exited with no error. Sometimes, when $_SERVER or site options are not configured correctly, WordPress exits early with a 301 redirect. Inspect the "debug" logs in the console for more details.
      at Object.run (file:///home/runner/work/playground-tester/playground-tester/node_modules/@wp-playground/blueprints/index.js:12093:19)
      at process.processTicksAndRejections (node:internal/process/task_queues:105:5)
      at async ys (file:///home/runner/work/playground-tester/playground-tester/node_modules/@wp-playground/blueprints/index.js:12196:3)
      at async Object.onBind (file:///home/runner/work/playground-tester/playground-tester/node_modules/@wp-playground/cli/run-cli-j-geJYS3.js:315:48)
      at async re (file:///home/runner/work/playground-tester/playground-tester/node_modules/@wp-playground/cli/run-cli-j-geJYS3.js:149:10) {
    [cause]: Error: Plugin /wordpress/wp-content/plugins/backuptoazure could not be activated – WordPress exited with no error. Sometimes, when $_SERVER or site options are not configured correctly, WordPress exits early with a 301 redirect. Inspect the "debug" logs in the console for more details.
        at wr (file:///home/runner/work/playground-tester/playground-tester/node_modules/@wp-playground/blueprints/index.js:120:51)
        at process.processTicksAndRejections (node:internal/process/task_queues:105:5)
        at async Object.gt [as installPlugin] (file:///home/runner/work/playground-tester/playground-tester/node_modules/@wp-playground/blueprints/index.js:631:42)
        at async g (file:///home/runner/work/playground-tester/playground-tester/node_modules/@wp-playground/blueprints/index.js:12161:30)
        at async Object.run (file:///home/runner/work/playground-tester/playground-tester/node_modules/@wp-playground/blueprints/index.js:12090:23)
        at async ys (file:///home/runner/work/playground-tester/playground-tester/node_modules/@wp-playground/blueprints/index.js:12196:3)
        at async Object.onBind (file:///home/runner/work/playground-tester/playground-tester/node_modules/@wp-playground/cli/run-cli-j-geJYS3.js:315:48)
        at async re (file:///home/runner/work/playground-tester/playground-tester/node_modules/@wp-playground/cli/run-cli-j-geJYS3.js:149:10)
  }
}

Node.js v23.11.0
