file:///home/runner/work/playground-tester/playground-tester/node_modules/@wp-playground/cli/run-cli-j-geJYS3.js:325
        throw new Error($, { cause: h });
              ^

Error: [07-Jul-2025 10:32:30 UTC] PHP Deprecated:  Function load_plugin_textdomain was called with an argument that is <strong>deprecated</strong> since version 2.7.0 with no alternative available. in /wordpress/wp-includes/functions.php on line 6121
[07-Jul-2025 10:32:31 UTC] PHP Deprecated:  Function load_plugin_textdomain was called with an argument that is <strong>deprecated</strong> since version 2.7.0 with no alternative available. in /wordpress/wp-includes/functions.php on line 6121
[07-Jul-2025 10:32:39 UTC] PHP Deprecated:  Function load_plugin_textdomain was called with an argument that is <strong>deprecated</strong> since version 2.7.0 with no alternative available. in /wordpress/wp-includes/functions.php on line 6121
[07-Jul-2025 10:32:40 UTC] PHP Deprecated:  Function load_plugin_textdomain was called with an argument that is <strong>deprecated</strong> since version 2.7.0 with no alternative available. in /wordpress/wp-includes/functions.php on line 6121
[07-Jul-2025 10:32:48 UTC] PHP Deprecated:  Function load_plugin_textdomain was called with an argument that is <strong>deprecated</strong> since version 2.7.0 with no alternative available. in /wordpress/wp-includes/functions.php on line 6121
[07-Jul-2025 10:32:49 UTC] PHP Deprecated:  Function load_plugin_textdomain was called with an argument that is <strong>deprecated</strong> since version 2.7.0 with no alternative available. in /wordpress/wp-includes/functions.php on line 6121
[07-Jul-2025 10:33:54 UTC] plugin_activation
[07-Jul-2025 10:34:04 UTC] plugin_activation
[07-Jul-2025 10:34:13 UTC] plugin_activation
[07-Jul-2025 10:34:50 UTC] PHP Deprecated:  Required parameter $amount follows optional parameter $payment_id in /wordpress/wp-content/plugins/restrict-content-pro-wp-job-manager/rcp-wp-job-manager.php on line 405
[07-Jul-2025 10:34:51 UTC] PHP Deprecated:  Required parameter $amount follows optional parameter $payment_id in /wordpress/wp-content/plugins/restrict-content-pro-wp-job-manager/rcp-wp-job-manager.php on line 405
[07-Jul-2025 10:34:59 UTC] PHP Deprecated:  Required parameter $amount follows optional parameter $payment_id in /wordpress/wp-content/plugins/restrict-content-pro-wp-job-manager/rcp-wp-job-manager.php on line 405
[07-Jul-2025 10:35:00 UTC] PHP Deprecated:  Required parameter $amount follows optional parameter $payment_id in /wordpress/wp-content/plugins/restrict-content-pro-wp-job-manager/rcp-wp-job-manager.php on line 405
[07-Jul-2025 10:35:08 UTC] PHP Deprecated:  Required parameter $amount follows optional parameter $payment_id in /wordpress/wp-content/plugins/restrict-content-pro-wp-job-manager/rcp-wp-job-manager.php on line 405
[07-Jul-2025 10:35:09 UTC] PHP Deprecated:  Required parameter $amount follows optional parameter $payment_id in /wordpress/wp-content/plugins/restrict-content-pro-wp-job-manager/rcp-wp-job-manager.php on line 405
[07-Jul-2025 10:35:13 UTC] PHP Deprecated:  WP_SQLite_Information_Schema_Exception::__construct(): Implicitly marking parameter $previous as nullable is deprecated, the explicit nullable type must be used instead in /internal/shared/sqlite-database-integration/wp-includes/sqlite-ast/class-wp-sqlite-information-schema-exception.php on line 37
[07-Jul-2025 10:35:15 UTC] PHP Deprecated:  WP_SQLite_Information_Schema_Exception::__construct(): Implicitly marking parameter $previous as nullable is deprecated, the explicit nullable type must be used instead in /internal/shared/sqlite-database-integration/wp-includes/sqlite-ast/class-wp-sqlite-information-schema-exception.php on line 37
[07-Jul-2025 10:35:17 UTC] PHP Deprecated:  WP_SQLite_Information_Schema_Exception::__construct(): Implicitly marking parameter $previous as nullable is deprecated, the explicit nullable type must be used instead in /internal/shared/sqlite-database-integration/wp-includes/sqlite-ast/class-wp-sqlite-information-schema-exception.php on line 37
[07-Jul-2025 10:35:20 UTC] PHP Deprecated:  WP_SQLite_Information_Schema_Exception::__construct(): Implicitly marking parameter $previous as nullable is deprecated, the explicit nullable type must be used instead in /internal/shared/sqlite-database-integration/wp-includes/sqlite-ast/class-wp-sqlite-information-schema-exception.php on line 37
[07-Jul-2025 10:35:21 UTC] PHP Deprecated:  WP_SQLite_Information_Schema_Exception::__construct(): Implicitly marking parameter $previous as nullable is deprecated, the explicit nullable type must be used instead in /internal/shared/sqlite-database-integration/wp-includes/sqlite-ast/class-wp-sqlite-information-schema-exception.php on line 37
[07-Jul-2025 10:35:26 UTC] PHP Deprecated:  WP_SQLite_Information_Schema_Exception::__construct(): Implicitly marking parameter $previous as nullable is deprecated, the explicit nullable type must be used instead in /internal/shared/sqlite-database-integration/wp-includes/sqlite-ast/class-wp-sqlite-information-schema-exception.php on line 37
[07-Jul-2025 10:35:28 UTC] PHP Deprecated:  WP_SQLite_Information_Schema_Exception::__construct(): Implicitly marking parameter $previous as nullable is deprecated, the explicit nullable type must be used instead in /internal/shared/sqlite-database-integration/wp-includes/sqlite-ast/class-wp-sqlite-information-schema-exception.php on line 37
[07-Jul-2025 10:35:29 UTC] PHP Deprecated:  WP_SQLite_Information_Schema_Exception::__construct(): Implicitly marking parameter $previous as nullable is deprecated, the explicit nullable type must be used instead in /internal/shared/sqlite-database-integration/wp-includes/sqlite-ast/class-wp-sqlite-information-schema-exception.php on line 37
[07-Jul-2025 10:35:32 UTC] PHP Deprecated:  WP_SQLite_Information_Schema_Exception::__construct(): Implicitly marking parameter $previous as nullable is deprecated, the explicit nullable type must be used instead in /internal/shared/sqlite-database-integration/wp-includes/sqlite-ast/class-wp-sqlite-information-schema-exception.php on line 37
[07-Jul-2025 10:35:33 UTC] PHP Deprecated:  WP_SQLite_Information_Schema_Exception::__construct(): Implicitly marking parameter $previous as nullable is deprecated, the explicit nullable type must be used instead in /internal/shared/sqlite-database-integration/wp-includes/sqlite-ast/class-wp-sqlite-information-schema-exception.php on line 37
[07-Jul-2025 10:35:38 UTC] PHP Deprecated:  WP_SQLite_Information_Schema_Exception::__construct(): Implicitly marking parameter $previous as nullable is deprecated, the explicit nullable type must be used instead in /internal/shared/sqlite-database-integration/wp-includes/sqlite-ast/class-wp-sqlite-information-schema-exception.php on line 37
[07-Jul-2025 10:35:40 UTC] PHP Deprecated:  WP_SQLite_Information_Schema_Exception::__construct(): Implicitly marking parameter $previous as nullable is deprecated, the explicit nullable type must be used instead in /internal/shared/sqlite-database-integration/wp-includes/sqlite-ast/class-wp-sqlite-information-schema-exception.php on line 37
[07-Jul-2025 10:35:41 UTC] PHP Deprecated:  WP_SQLite_Information_Schema_Exception::__construct(): Implicitly marking parameter $previous as nullable is deprecated, the explicit nullable type must be used instead in /internal/shared/sqlite-database-integration/wp-includes/sqlite-ast/class-wp-sqlite-information-schema-exception.php on line 37
[07-Jul-2025 10:35:43 UTC] PHP Deprecated:  WP_SQLite_Information_Schema_Exception::__construct(): Implicitly marking parameter $previous as nullable is deprecated, the explicit nullable type must be used instead in /internal/shared/sqlite-database-integration/wp-includes/sqlite-ast/class-wp-sqlite-information-schema-exception.php on line 37
[07-Jul-2025 10:35:45 UTC] PHP Deprecated:  WP_SQLite_Information_Schema_Exception::__construct(): Implicitly marking parameter $previous as nullable is deprecated, the explicit nullable type must be used instead in /internal/shared/sqlite-database-integration/wp-includes/sqlite-ast/class-wp-sqlite-information-schema-exception.php on line 37
[07-Jul-2025 10:35:55 UTC] PHP Fatal error:  Uncaught Error: Call to undefined function create_function() in /wordpress/wp-content/plugins/revolver-maps/revolver-maps.php:59
Stack trace:
#0 /wordpress/wp-admin/includes/plugin.php(2387): include_once()
#1 /wordpress/wp-admin/includes/plugin.php(673): plugin_sandbox_scrape('revolver-maps/r...')
#2 /internal/eval.php(20): activate_plugin('revolver-maps/r...')
#3 {main}
  thrown in /wordpress/wp-content/plugins/revolver-maps/revolver-maps.php on line 59
[07-Jul-2025 10:36:03 UTC] PHP Fatal error:  Uncaught Error: Call to undefined function create_function() in /wordpress/wp-content/plugins/revolver-maps/revolver-maps.php:59
Stack trace:
#0 /wordpress/wp-admin/includes/plugin.php(2387): include_once()
#1 /wordpress/wp-admin/includes/plugin.php(673): plugin_sandbox_scrape('revolver-maps/r...')
#2 /internal/eval.php(20): activate_plugin('revolver-maps/r...')
#3 {main}
  thrown in /wordpress/wp-content/plugins/revolver-maps/revolver-maps.php on line 59
[07-Jul-2025 10:36:12 UTC] PHP Fatal error:  Uncaught Error: Call to undefined function create_function() in /wordpress/wp-content/plugins/revolver-maps/revolver-maps.php:59
Stack trace:
#0 /wordpress/wp-admin/includes/plugin.php(2387): include_once()
#1 /wordpress/wp-admin/includes/plugin.php(673): plugin_sandbox_scrape('revolver-maps/r...')
#2 /internal/eval.php(20): activate_plugin('revolver-maps/r...')
#3 {main}
  thrown in /wordpress/wp-content/plugins/revolver-maps/revolver-maps.php on line 59
[07-Jul-2025 10:36:49 UTC] PHP Deprecated:  Method ReflectionParameter::getClass() is deprecated in /wordpress/wp-content/plugins/rocket-async-css/vendor/level-2/dice/Dice.php on line 73
[07-Jul-2025 10:36:49 UTC] PHP Fatal error:  Declaration of Rocket\Async\CSS\DOMElementTrait::remove() must be compatible with DOMElement::remove(): void in /wordpress/wp-content/plugins/rocket-async-css/lib/Rocket/Async/CSS/DOMElement.php on line 29
[07-Jul-2025 10:36:57 UTC] PHP Deprecated:  Method ReflectionParameter::getClass() is deprecated in /wordpress/wp-content/plugins/rocket-async-css/vendor/level-2/dice/Dice.php on line 73
[07-Jul-2025 10:36:57 UTC] PHP Fatal error:  Declaration of Rocket\Async\CSS\DOMElementTrait::remove() must be compatible with DOMElement::remove(): void in /wordpress/wp-content/plugins/rocket-async-css/lib/Rocket/Async/CSS/DOMElement.php on line 29
[07-Jul-2025 10:37:05 UTC] PHP Deprecated:  Method ReflectionParameter::getClass() is deprecated in /wordpress/wp-content/plugins/rocket-async-css/vendor/level-2/dice/Dice.php on line 73
[07-Jul-2025 10:37:05 UTC] PHP Fatal error:  Declaration of Rocket\Async\CSS\DOMElementTrait::remove() must be compatible with DOMElement::remove(): void in /wordpress/wp-content/plugins/rocket-async-css/lib/Rocket/Async/CSS/DOMElement.php on line 29
[07-Jul-2025 10:37:14 UTC] PHP Deprecated:  Required parameter $options follows optional parameter $msg in /wordpress/wp-content/plugins/rootspersona/php/pages/class-RP-Add-Page-Builder.php on line 14
[07-Jul-2025 10:37:14 UTC] PHP Deprecated:  Required parameter $options follows optional parameter $msg in /wordpress/wp-content/plugins/rootspersona/php/pages/class-RP-Upload-Page-Builder.php on line 13
[07-Jul-2025 10:37:14 UTC] PHP Deprecated:  Required parameter $batch_ids follows optional parameter $msg in /wordpress/wp-content/plugins/rootspersona/php/pages/class-RP-Upload-Page-Builder.php on line 13
[07-Jul-2025 10:37:14 UTC] PHP Warning:  mysqli::__construct(): (HY000/2002): Address family not supported by protocol in /wordpress/wp-content/plugins/rootspersona/php/dao/sql/class-RP-Connection-Factory.php on line 16
[07-Jul-2025 10:37:24 UTC] PHP Deprecated:  Required parameter $options follows optional parameter $msg in /wordpress/wp-content/plugins/rootspersona/php/pages/class-RP-Add-Page-Builder.php on line 14
[07-Jul-2025 10:37:24 UTC] PHP Deprecated:  Required parameter $options follows optional parameter $msg in /wordpress/wp-content/plugins/rootspersona/php/pages/class-RP-Upload-Page-Builder.php on line 13
[07-Jul-2025 10:37:24 UTC] PHP Deprecated:  Required parameter $batch_ids follows optional parameter $msg in /wordpress/wp-content/plugins/rootspersona/php/pages/class-RP-Upload-Page-Builder.php on line 13
[07-Jul-2025 10:37:24 UTC] PHP Warning:  mysqli::__construct(): (HY000/2002): Address family not supported by protocol in /wordpress/wp-content/plugins/rootspersona/php/dao/sql/class-RP-Connection-Factory.php on line 16
[07-Jul-2025 10:37:34 UTC] PHP Deprecated:  Required parameter $options follows optional parameter $msg in /wordpress/wp-content/plugins/rootspersona/php/pages/class-RP-Add-Page-Builder.php on line 14
[07-Jul-2025 10:37:34 UTC] PHP Deprecated:  Required parameter $options follows optional parameter $msg in /wordpress/wp-content/plugins/rootspersona/php/pages/class-RP-Upload-Page-Builder.php on line 13
[07-Jul-2025 10:37:34 UTC] PHP Deprecated:  Required parameter $batch_ids follows optional parameter $msg in /wordpress/wp-content/plugins/rootspersona/php/pages/class-RP-Upload-Page-Builder.php on line 13
[07-Jul-2025 10:37:34 UTC] PHP Warning:  mysqli::__construct(): (HY000/2002): Address family not supported by protocol in /wordpress/wp-content/plugins/rootspersona/php/dao/sql/class-RP-Connection-Factory.php on line 16
[07-Jul-2025 10:39:10 UTC] PHP Warning:  gethostbyaddr(): Address is not a valid IPv4 or IPv6 address in /wordpress/wp-content/plugins/robots-sitemap/core/class-protection.php on line 146
[07-Jul-2025 10:39:10 UTC] PHP Warning:  Undefined property: WP_SQLite_DB::$dmtable in /wordpress/wp-includes/class-wpdb.php on line 789
[07-Jul-2025 10:39:11 UTC] PHP Warning:  gethostbyaddr(): Address is not a valid IPv4 or IPv6 address in /wordpress/wp-content/plugins/robots-sitemap/core/class-protection.php on line 146
[07-Jul-2025 10:39:11 UTC] PHP Warning:  Undefined property: WP_SQLite_DB::$dmtable in /wordpress/wp-includes/class-wpdb.php on line 789
[07-Jul-2025 10:39:20 UTC] PHP Warning:  gethostbyaddr(): Address is not a valid IPv4 or IPv6 address in /wordpress/wp-content/plugins/robots-sitemap/core/class-protection.php on line 146
[07-Jul-2025 10:39:20 UTC] PHP Warning:  Undefined property: WP_SQLite_DB::$dmtable in /wordpress/wp-includes/class-wpdb.php on line 789
[07-Jul-2025 10:39:21 UTC] PHP Warning:  gethostbyaddr(): Address is not a valid IPv4 or IPv6 address in /wordpress/wp-content/plugins/robots-sitemap/core/class-protection.php on line 146
[07-Jul-2025 10:39:21 UTC] PHP Warning:  Undefined property: WP_SQLite_DB::$dmtable in /wordpress/wp-includes/class-wpdb.php on line 789
[07-Jul-2025 10:39:29 UTC] PHP Warning:  gethostbyaddr(): Address is not a valid IPv4 or IPv6 address in /wordpress/wp-content/plugins/robots-sitemap/core/class-protection.php on line 146
[07-Jul-2025 10:39:29 UTC] PHP Warning:  Undefined property: WP_SQLite_DB::$dmtable in /wordpress/wp-includes/class-wpdb.php on line 789
[07-Jul-2025 10:39:30 UTC] PHP Warning:  gethostbyaddr(): Address is not a valid IPv4 or IPv6 address in /wordpress/wp-content/plugins/robots-sitemap/core/class-protection.php on line 146
[07-Jul-2025 10:39:30 UTC] PHP Warning:  Undefined property: WP_SQLite_DB::$dmtable in /wordpress/wp-includes/class-wpdb.php on line 789
[07-Jul-2025 10:41:32 UTC] PHP Warning:  Undefined variable $wp_version in /wordpress/wp-content/plugins/simple-responsive-slider/simple-responsive-slider-admin.php on line 58
[07-Jul-2025 10:41:33 UTC] PHP Notice:  Function _load_textdomain_just_in_time was called <strong>incorrectly</strong>. Translation loading for the <code>simple-responsive-slider</code> domain was triggered too early. This is usually an indicator for some code in the plugin or theme running too early. Translations should be loaded at the <code>init</code> action or later. Please see <a href="https://developer.wordpress.org/advanced-administration/debug/debug-wordpress/">Debugging in WordPress</a> for more information. (This message was added in version 6.7.0.) in /wordpress/wp-includes/functions.php on line 6121
[07-Jul-2025 10:41:41 UTC] PHP Warning:  Undefined variable $wp_version in /wordpress/wp-content/plugins/simple-responsive-slider/simple-responsive-slider-admin.php on line 58
[07-Jul-2025 10:41:42 UTC] PHP Notice:  Function _load_textdomain_just_in_time was called <strong>incorrectly</strong>. Translation loading for the <code>simple-responsive-slider</code> domain was triggered too early. This is usually an indicator for some code in the plugin or theme running too early. Translations should be loaded at the <code>init</code> action or later. Please see <a href="https://developer.wordpress.org/advanced-administration/debug/debug-wordpress/">Debugging in WordPress</a> for more information. (This message was added in version 6.7.0.) in /wordpress/wp-includes/functions.php on line 6121
[07-Jul-2025 10:41:50 UTC] PHP Warning:  Undefined variable $wp_version in /wordpress/wp-content/plugins/simple-responsive-slider/simple-responsive-slider-admin.php on line 58
[07-Jul-2025 10:41:52 UTC] PHP Notice:  Function _load_textdomain_just_in_time was called <strong>incorrectly</strong>. Translation loading for the <code>simple-responsive-slider</code> domain was triggered too early. This is usually an indicator for some code in the plugin or theme running too early. Translations should be loaded at the <code>init</code> action or later. Please see <a href="https://developer.wordpress.org/advanced-administration/debug/debug-wordpress/">Debugging in WordPress</a> for more information. (This message was added in version 6.7.0.) in /wordpress/wp-includes/functions.php on line 6121
[07-Jul-2025 10:42:01 UTC] PHP Fatal error:  Uncaught TypeError: call_user_func_array(): Argument #1 ($callback) must be a valid callback, non-static method HP_Simple_SKU::activate_hp_sku_var_generator() cannot be called statically in /wordpress/wp-includes/class-wp-hook.php:324
Stack trace:
#0 /wordpress/wp-includes/class-wp-hook.php(348): WP_Hook->apply_filters('', Array)
#1 /wordpress/wp-includes/plugin.php(517): WP_Hook->do_action(Array)
#2 /wordpress/wp-admin/includes/plugin.php(703): do_action('activate_simple...', false)
#3 /internal/eval.php(20): activate_plugin('simple-sku-gene...')
#4 {main}
  thrown in /wordpress/wp-includes/class-wp-hook.php on line 324
[07-Jul-2025 10:42:09 UTC] PHP Fatal error:  Uncaught TypeError: call_user_func_array(): Argument #1 ($callback) must be a valid callback, non-static method HP_Simple_SKU::activate_hp_sku_var_generator() cannot be called statically in /wordpress/wp-includes/class-wp-hook.php:324
Stack trace:
#0 /wordpress/wp-includes/class-wp-hook.php(348): WP_Hook->apply_filters('', Array)
#1 /wordpress/wp-includes/plugin.php(517): WP_Hook->do_action(Array)
#2 /wordpress/wp-admin/includes/plugin.php(703): do_action('activate_simple...', false)
#3 /internal/eval.php(20): activate_plugin('simple-sku-gene...')
#4 {main}
  thrown in /wordpress/wp-includes/class-wp-hook.php on line 324
[07-Jul-2025 10:42:18 UTC] PHP Fatal error:  Uncaught TypeError: call_user_func_array(): Argument #1 ($callback) must be a valid callback, non-static method HP_Simple_SKU::activate_hp_sku_var_generator() cannot be called statically in /wordpress/wp-includes/class-wp-hook.php:324
Stack trace:
#0 /wordpress/wp-includes/class-wp-hook.php(348): WP_Hook->apply_filters('', Array)
#1 /wordpress/wp-includes/plugin.php(517): WP_Hook->do_action(Array)
#2 /wordpress/wp-admin/includes/plugin.php(703): do_action('activate_simple...', false)
#3 /internal/eval.php(20): activate_plugin('simple-sku-gene...')
#4 {main}
  thrown in /wordpress/wp-includes/class-wp-hook.php on line 324

    at Object.onBind (file:///home/runner/work/playground-tester/playground-tester/node_modules/@wp-playground/cli/run-cli-j-geJYS3.js:325:15)
    at process.processTicksAndRejections (node:internal/process/task_queues:105:5)
    at async re (file:///home/runner/work/playground-tester/playground-tester/node_modules/@wp-playground/cli/run-cli-j-geJYS3.js:149:10) {
  [cause]: Error: Error when executing the blueprint step #5 ({"step":"installPlugin","pluginData":{"resource":"wordpress.org/plugins","slug":"smtp-env"},"options":{"activate":true}}) : Could not download "https://downloads.wordpress.org/plugin/smtp-env.latest-stable.zip".
  				Check if the URL is correct and the server is reachable.
  				If it is reachable, the server might be blocking the request.
  				Check the browser console and network tabs for more information.
  
  				## Does the console show the error "No 'Access-Control-Allow-Origin' header"?
  
  				This means the server that hosts your file does not allow requests from other sites
  				(cross-origin requests, or CORS).	You need to move the asset to a server that allows
  				cross-origin file downloads. Learn more about CORS at
  				https://developer.mozilla.org/en-US/docs/Web/HTTP/CORS.
  
  				If your file is on GitHub, load it from "raw.githubusercontent.com".
  				Here's how to do that:
  
  				1. Start with the original GitHub URL of the file. For example:
  				https://github.com/username/repository/blob/branch/filename.
  				2. Replace "github.com" with "raw.githubusercontent.com".
  				3. Remove the "/blob/" part of the URL.
  
  				The resulting URL should look like this:
  				https://raw.githubusercontent.com/username/repository/branch/filename
  
  				Error:
  				Error: Could not download "https://downloads.wordpress.org/plugin/smtp-env.latest-stable.zip"
      at Object.run (file:///home/runner/work/playground-tester/playground-tester/node_modules/@wp-playground/blueprints/index.js:12093:19)
      at process.processTicksAndRejections (node:internal/process/task_queues:105:5)
      at async ys (file:///home/runner/work/playground-tester/playground-tester/node_modules/@wp-playground/blueprints/index.js:12196:3)
      at async Object.onBind (file:///home/runner/work/playground-tester/playground-tester/node_modules/@wp-playground/cli/run-cli-j-geJYS3.js:315:48)
      at async re (file:///home/runner/work/playground-tester/playground-tester/node_modules/@wp-playground/cli/run-cli-j-geJYS3.js:149:10) {
    [cause]: Error: Could not download "https://downloads.wordpress.org/plugin/smtp-env.latest-stable.zip".
    				Check if the URL is correct and the server is reachable.
    				If it is reachable, the server might be blocking the request.
    				Check the browser console and network tabs for more information.
    
    				## Does the console show the error "No 'Access-Control-Allow-Origin' header"?
    
    				This means the server that hosts your file does not allow requests from other sites
    				(cross-origin requests, or CORS).	You need to move the asset to a server that allows
    				cross-origin file downloads. Learn more about CORS at
    				https://developer.mozilla.org/en-US/docs/Web/HTTP/CORS.
    
    				If your file is on GitHub, load it from "raw.githubusercontent.com".
    				Here's how to do that:
    
    				1. Start with the original GitHub URL of the file. For example:
    				https://github.com/username/repository/blob/branch/filename.
    				2. Replace "github.com" with "raw.githubusercontent.com".
    				3. Remove the "/blob/" part of the URL.
    
    				The resulting URL should look like this:
    				https://raw.githubusercontent.com/username/repository/branch/filename
    
    				Error:
    				Error: Could not download "https://downloads.wordpress.org/plugin/smtp-env.latest-stable.zip"
        at Ct.resolve (file:///home/runner/work/playground-tester/playground-tester/node_modules/@wp-playground/blueprints/index.js:1129:13)
        at process.processTicksAndRejections (node:internal/process/task_queues:105:5)
        at async _.run (file:///home/runner/work/playground-tester/playground-tester/node_modules/@php-wasm/util/index.js:45:14)
  }
}

Node.js v23.11.0
