file:///home/runner/work/playground-tester/playground-tester/node_modules/@wp-playground/cli/index.js:237
        throw new Error(y, { cause: u });
              ^

Error: [31-May-2025 16:32:53 UTC] PHP Deprecated:  Function register_sidebar_widget is <strong>deprecated</strong> since version 2.8.0! Use wp_register_sidebar_widget() instead. in /wordpress/wp-includes/functions.php on line 6121
[31-May-2025 16:32:53 UTC] PHP Deprecated:  Function register_widget_control is <strong>deprecated</strong> since version 2.8.0! Use wp_register_widget_control() instead. in /wordpress/wp-includes/functions.php on line 6121
[31-May-2025 16:33:01 UTC] PHP Deprecated:  Function register_sidebar_widget is <strong>deprecated</strong> since version 2.8.0! Use wp_register_sidebar_widget() instead. in /wordpress/wp-includes/functions.php on line 6121
[31-May-2025 16:33:01 UTC] PHP Deprecated:  Function register_widget_control is <strong>deprecated</strong> since version 2.8.0! Use wp_register_widget_control() instead. in /wordpress/wp-includes/functions.php on line 6121
[31-May-2025 16:33:10 UTC] PHP Deprecated:  Function register_sidebar_widget is <strong>deprecated</strong> since version 2.8.0! Use wp_register_sidebar_widget() instead. in /wordpress/wp-includes/functions.php on line 6121
[31-May-2025 16:33:10 UTC] PHP Deprecated:  Function register_widget_control is <strong>deprecated</strong> since version 2.8.0! Use wp_register_widget_control() instead. in /wordpress/wp-includes/functions.php on line 6121
[31-May-2025 16:33:19 UTC] PHP Fatal error:  Uncaught Error: Call to undefined function create_function() in /wordpress/wp-content/plugins/facebook-like-plugin/fbl.php:119
Stack trace:
#0 /wordpress/wp-admin/includes/plugin.php(2387): include_once()
#1 /wordpress/wp-admin/includes/plugin.php(673): plugin_sandbox_scrape('facebook-like-p...')
#2 /internal/eval.php(20): activate_plugin('facebook-like-p...')
#3 {main}
  thrown in /wordpress/wp-content/plugins/facebook-like-plugin/fbl.php on line 119
[31-May-2025 16:33:26 UTC] PHP Fatal error:  Uncaught Error: Call to undefined function create_function() in /wordpress/wp-content/plugins/facebook-like-plugin/fbl.php:119
Stack trace:
#0 /wordpress/wp-admin/includes/plugin.php(2387): include_once()
#1 /wordpress/wp-admin/includes/plugin.php(673): plugin_sandbox_scrape('facebook-like-p...')
#2 /internal/eval.php(20): activate_plugin('facebook-like-p...')
#3 {main}
  thrown in /wordpress/wp-content/plugins/facebook-like-plugin/fbl.php on line 119
[31-May-2025 16:33:35 UTC] PHP Fatal error:  Uncaught Error: Call to undefined function create_function() in /wordpress/wp-content/plugins/facebook-like-plugin/fbl.php:119
Stack trace:
#0 /wordpress/wp-admin/includes/plugin.php(2387): include_once()
#1 /wordpress/wp-admin/includes/plugin.php(673): plugin_sandbox_scrape('facebook-like-p...')
#2 /internal/eval.php(20): activate_plugin('facebook-like-p...')
#3 {main}
  thrown in /wordpress/wp-content/plugins/facebook-like-plugin/fbl.php on line 119
[31-May-2025 16:34:35 UTC] PHP Fatal error:  Uncaught Error: Call to undefined function create_function() in /wordpress/wp-content/plugins/family-law-express-news-widget/family-law-express-headlines.php:328
Stack trace:
#0 /wordpress/wp-admin/includes/plugin.php(2387): include_once()
#1 /wordpress/wp-admin/includes/plugin.php(673): plugin_sandbox_scrape('family-law-expr...')
#2 /internal/eval.php(20): activate_plugin('family-law-expr...')
#3 {main}
  thrown in /wordpress/wp-content/plugins/family-law-express-news-widget/family-law-express-headlines.php on line 328
[31-May-2025 16:34:43 UTC] PHP Fatal error:  Uncaught Error: Call to undefined function create_function() in /wordpress/wp-content/plugins/family-law-express-news-widget/family-law-express-headlines.php:328
Stack trace:
#0 /wordpress/wp-admin/includes/plugin.php(2387): include_once()
#1 /wordpress/wp-admin/includes/plugin.php(673): plugin_sandbox_scrape('family-law-expr...')
#2 /internal/eval.php(20): activate_plugin('family-law-expr...')
#3 {main}
  thrown in /wordpress/wp-content/plugins/family-law-express-news-widget/family-law-express-headlines.php on line 328
[31-May-2025 16:34:50 UTC] PHP Fatal error:  Uncaught Error: Call to undefined function create_function() in /wordpress/wp-content/plugins/family-law-express-news-widget/family-law-express-headlines.php:328
Stack trace:
#0 /wordpress/wp-admin/includes/plugin.php(2387): include_once()
#1 /wordpress/wp-admin/includes/plugin.php(673): plugin_sandbox_scrape('family-law-expr...')
#2 /internal/eval.php(20): activate_plugin('family-law-expr...')
#3 {main}
  thrown in /wordpress/wp-content/plugins/family-law-express-news-widget/family-law-express-headlines.php on line 328
[31-May-2025 16:36:14 UTC] PHP Fatal error:  Uncaught ArgumentCountError: Too few arguments to function WP_Widget::__construct(), 0 passed in /wordpress/wp-includes/class-wp-widget-factory.php on line 62 and at least 2 expected in /wordpress/wp-includes/class-wp-widget.php:163
Stack trace:
#0 /wordpress/wp-includes/class-wp-widget-factory.php(62): WP_Widget->__construct()
#1 /wordpress/wp-includes/widgets.php(123): WP_Widget_Factory->register('featured_commen...')
#2 /wordpress/wp-content/plugins/featured-comments-widget/featured-comments-widget.php(137): register_widget('featured_commen...')
#3 /wordpress/wp-includes/class-wp-hook.php(324): featured_comments_widget_init('')
#4 /wordpress/wp-includes/class-wp-hook.php(348): WP_Hook->apply_filters(NULL, Array)
#5 /wordpress/wp-includes/plugin.php(517): WP_Hook->do_action(Array)
#6 /wordpress/wp-includes/widgets.php(1870): do_action('widgets_init')
#7 /wordpress/wp-includes/class-wp-hook.php(324): wp_widgets_init('')
#8 /wordpress/wp-includes/class-wp-hook.php(348): WP_Hook->apply_filters(NULL, Array)
#9 /wordpress/wp-includes/plugin.php(517): WP_Hook->do_action(Array)
#10 /wordpress/wp-settings.php(727): do_action('init')
#11 /wordpress/wp-config.php(102): require_once('/wordpress/wp-s...')
#12 /wordpress/wp-load.php(50): require_once('/wordpress/wp-c...')
#13 /internal/eval.php(3): require_once('/wordpress/wp-l...')
#14 {main}
  thrown in /wordpress/wp-includes/class-wp-widget.php on line 163
[31-May-2025 16:36:22 UTC] PHP Fatal error:  Uncaught ArgumentCountError: Too few arguments to function WP_Widget::__construct(), 0 passed in /wordpress/wp-includes/class-wp-widget-factory.php on line 62 and at least 2 expected in /wordpress/wp-includes/class-wp-widget.php:163
Stack trace:
#0 /wordpress/wp-includes/class-wp-widget-factory.php(62): WP_Widget->__construct()
#1 /wordpress/wp-includes/widgets.php(123): WP_Widget_Factory->register('featured_commen...')
#2 /wordpress/wp-content/plugins/featured-comments-widget/featured-comments-widget.php(137): register_widget('featured_commen...')
#3 /wordpress/wp-includes/class-wp-hook.php(324): featured_comments_widget_init('')
#4 /wordpress/wp-includes/class-wp-hook.php(348): WP_Hook->apply_filters(NULL, Array)
#5 /wordpress/wp-includes/plugin.php(517): WP_Hook->do_action(Array)
#6 /wordpress/wp-includes/widgets.php(1870): do_action('widgets_init')
#7 /wordpress/wp-includes/class-wp-hook.php(324): wp_widgets_init('')
#8 /wordpress/wp-includes/class-wp-hook.php(348): WP_Hook->apply_filters(NULL, Array)
#9 /wordpress/wp-includes/plugin.php(517): WP_Hook->do_action(Array)
#10 /wordpress/wp-settings.php(727): do_action('init')
#11 /wordpress/wp-config.php(102): require_once('/wordpress/wp-s...')
#12 /wordpress/wp-load.php(50): require_once('/wordpress/wp-c...')
#13 /internal/eval.php(3): require_once('/wordpress/wp-l...')
#14 {main}
  thrown in /wordpress/wp-includes/class-wp-widget.php on line 163
[31-May-2025 16:36:31 UTC] PHP Fatal error:  Uncaught ArgumentCountError: Too few arguments to function WP_Widget::__construct(), 0 passed in /wordpress/wp-includes/class-wp-widget-factory.php on line 62 and at least 2 expected in /wordpress/wp-includes/class-wp-widget.php:163
Stack trace:
#0 /wordpress/wp-includes/class-wp-widget-factory.php(62): WP_Widget->__construct()
#1 /wordpress/wp-includes/widgets.php(123): WP_Widget_Factory->register('featured_commen...')
#2 /wordpress/wp-content/plugins/featured-comments-widget/featured-comments-widget.php(137): register_widget('featured_commen...')
#3 /wordpress/wp-includes/class-wp-hook.php(324): featured_comments_widget_init('')
#4 /wordpress/wp-includes/class-wp-hook.php(348): WP_Hook->apply_filters(NULL, Array)
#5 /wordpress/wp-includes/plugin.php(517): WP_Hook->do_action(Array)
#6 /wordpress/wp-includes/widgets.php(1870): do_action('widgets_init')
#7 /wordpress/wp-includes/class-wp-hook.php(324): wp_widgets_init('')
#8 /wordpress/wp-includes/class-wp-hook.php(348): WP_Hook->apply_filters(NULL, Array)
#9 /wordpress/wp-includes/plugin.php(517): WP_Hook->do_action(Array)
#10 /wordpress/wp-settings.php(727): do_action('init')
#11 /wordpress/wp-config.php(102): require_once('/wordpress/wp-s...')
#12 /wordpress/wp-load.php(50): require_once('/wordpress/wp-c...')
#13 /internal/eval.php(3): require_once('/wordpress/wp-l...')
#14 {main}
  thrown in /wordpress/wp-includes/class-wp-widget.php on line 163
[31-May-2025 16:36:40 UTC] PHP Deprecated:  Required parameter $photo_id follows optional parameter $blog_id in /wordpress/wp-content/plugins/flickr-viewer/includes/api-libs/tbPhpFlickr/tbPhpFlickr.php on line 308
[31-May-2025 16:36:40 UTC] PHP Deprecated:  Required parameter $title follows optional parameter $blog_id in /wordpress/wp-content/plugins/flickr-viewer/includes/api-libs/tbPhpFlickr/tbPhpFlickr.php on line 308
[31-May-2025 16:36:40 UTC] PHP Deprecated:  Required parameter $description follows optional parameter $blog_id in /wordpress/wp-content/plugins/flickr-viewer/includes/api-libs/tbPhpFlickr/tbPhpFlickr.php on line 308
[31-May-2025 16:36:40 UTC] PHP Fatal error:  Uncaught Error: Call to undefined function create_function() in /wordpress/wp-content/plugins/flickr-viewer/widgets/widget-init.php:27
Stack trace:
#0 /wordpress/wp-content/plugins/flickr-viewer/admin/class-cws-flickr-gallery-pro-admin.php(116): include_once()
#1 /wordpress/wp-content/plugins/flickr-viewer/admin/class-cws-flickr-gallery-pro-admin.php(97): CWS_Flickr_Gallery_Pro_Admin->includes()
#2 /wordpress/wp-content/plugins/flickr-viewer/includes/class-cws-flickr-gallery-pro.php(166): CWS_Flickr_Gallery_Pro_Admin->__construct('cws-flickr-gall...', '1.1.8', 0)
#3 /wordpress/wp-content/plugins/flickr-viewer/includes/class-cws-flickr-gallery-pro.php(76): CWS_Flickr_Gallery_Pro->define_admin_hooks()
#4 /wordpress/wp-content/plugins/flickr-viewer/cws_flickr_gallery_pro.php(71): CWS_Flickr_Gallery_Pro->__construct()
#5 /wordpress/wp-content/plugins/flickr-viewer/cws_flickr_gallery_pro.php(75): run_cws_flickr_gallery_pro()
#6 /wordpress/wp-admin/includes/plugin.php(2387): include_once('/wordpress/wp-c...')
#7 /wordpress/wp-admin/includes/plugin.php(673): plugin_sandbox_scrape('flickr-viewer/c...')
#8 /internal/eval.php(20): activate_plugin('flickr-viewer/c...')
#9 {main}
  thrown in /wordpress/wp-content/plugins/flickr-viewer/widgets/widget-init.php on line 27
[31-May-2025 16:36:48 UTC] PHP Deprecated:  Required parameter $photo_id follows optional parameter $blog_id in /wordpress/wp-content/plugins/flickr-viewer/includes/api-libs/tbPhpFlickr/tbPhpFlickr.php on line 308
[31-May-2025 16:36:48 UTC] PHP Deprecated:  Required parameter $title follows optional parameter $blog_id in /wordpress/wp-content/plugins/flickr-viewer/includes/api-libs/tbPhpFlickr/tbPhpFlickr.php on line 308
[31-May-2025 16:36:48 UTC] PHP Deprecated:  Required parameter $description follows optional parameter $blog_id in /wordpress/wp-content/plugins/flickr-viewer/includes/api-libs/tbPhpFlickr/tbPhpFlickr.php on line 308
[31-May-2025 16:36:48 UTC] PHP Fatal error:  Uncaught Error: Call to undefined function create_function() in /wordpress/wp-content/plugins/flickr-viewer/widgets/widget-init.php:27
Stack trace:
#0 /wordpress/wp-content/plugins/flickr-viewer/admin/class-cws-flickr-gallery-pro-admin.php(116): include_once()
#1 /wordpress/wp-content/plugins/flickr-viewer/admin/class-cws-flickr-gallery-pro-admin.php(97): CWS_Flickr_Gallery_Pro_Admin->includes()
#2 /wordpress/wp-content/plugins/flickr-viewer/includes/class-cws-flickr-gallery-pro.php(166): CWS_Flickr_Gallery_Pro_Admin->__construct('cws-flickr-gall...', '1.1.8', 0)
#3 /wordpress/wp-content/plugins/flickr-viewer/includes/class-cws-flickr-gallery-pro.php(76): CWS_Flickr_Gallery_Pro->define_admin_hooks()
#4 /wordpress/wp-content/plugins/flickr-viewer/cws_flickr_gallery_pro.php(71): CWS_Flickr_Gallery_Pro->__construct()
#5 /wordpress/wp-content/plugins/flickr-viewer/cws_flickr_gallery_pro.php(75): run_cws_flickr_gallery_pro()
#6 /wordpress/wp-admin/includes/plugin.php(2387): include_once('/wordpress/wp-c...')
#7 /wordpress/wp-admin/includes/plugin.php(673): plugin_sandbox_scrape('flickr-viewer/c...')
#8 /internal/eval.php(20): activate_plugin('flickr-viewer/c...')
#9 {main}
  thrown in /wordpress/wp-content/plugins/flickr-viewer/widgets/widget-init.php on line 27
[31-May-2025 16:36:56 UTC] PHP Deprecated:  Required parameter $photo_id follows optional parameter $blog_id in /wordpress/wp-content/plugins/flickr-viewer/includes/api-libs/tbPhpFlickr/tbPhpFlickr.php on line 308
[31-May-2025 16:36:56 UTC] PHP Deprecated:  Required parameter $title follows optional parameter $blog_id in /wordpress/wp-content/plugins/flickr-viewer/includes/api-libs/tbPhpFlickr/tbPhpFlickr.php on line 308
[31-May-2025 16:36:56 UTC] PHP Deprecated:  Required parameter $description follows optional parameter $blog_id in /wordpress/wp-content/plugins/flickr-viewer/includes/api-libs/tbPhpFlickr/tbPhpFlickr.php on line 308
[31-May-2025 16:36:56 UTC] PHP Fatal error:  Uncaught Error: Call to undefined function create_function() in /wordpress/wp-content/plugins/flickr-viewer/widgets/widget-init.php:27
Stack trace:
#0 /wordpress/wp-content/plugins/flickr-viewer/admin/class-cws-flickr-gallery-pro-admin.php(116): include_once()
#1 /wordpress/wp-content/plugins/flickr-viewer/admin/class-cws-flickr-gallery-pro-admin.php(97): CWS_Flickr_Gallery_Pro_Admin->includes()
#2 /wordpress/wp-content/plugins/flickr-viewer/includes/class-cws-flickr-gallery-pro.php(166): CWS_Flickr_Gallery_Pro_Admin->__construct('cws-flickr-gall...', '1.1.8', 0)
#3 /wordpress/wp-content/plugins/flickr-viewer/includes/class-cws-flickr-gallery-pro.php(76): CWS_Flickr_Gallery_Pro->define_admin_hooks()
#4 /wordpress/wp-content/plugins/flickr-viewer/cws_flickr_gallery_pro.php(71): CWS_Flickr_Gallery_Pro->__construct()
#5 /wordpress/wp-content/plugins/flickr-viewer/cws_flickr_gallery_pro.php(75): run_cws_flickr_gallery_pro()
#6 /wordpress/wp-admin/includes/plugin.php(2387): include_once('/wordpress/wp-c...')
#7 /wordpress/wp-admin/includes/plugin.php(673): plugin_sandbox_scrape('flickr-viewer/c...')
#8 /internal/eval.php(20): activate_plugin('flickr-viewer/c...')
#9 {main}
  thrown in /wordpress/wp-content/plugins/flickr-viewer/widgets/widget-init.php on line 27
[31-May-2025 16:37:07 UTC] PHP Fatal error:  Uncaught TypeError: call_user_func_array(): Argument #1 ($callback) must be a valid callback, non-static method flippong::check_version() cannot be called statically in /wordpress/wp-includes/class-wp-hook.php:324
Stack trace:
#0 /wordpress/wp-includes/class-wp-hook.php(348): WP_Hook->apply_filters(NULL, Array)
#1 /wordpress/wp-includes/plugin.php(517): WP_Hook->do_action(Array)
#2 /wordpress/wp-settings.php(727): do_action('init')
#3 /wordpress/wp-config.php(102): require_once('/wordpress/wp-s...')
#4 /wordpress/wp-load.php(50): require_once('/wordpress/wp-c...')
#5 /internal/eval.php(3): require_once('/wordpress/wp-l...')
#6 {main}
  thrown in /wordpress/wp-includes/class-wp-hook.php on line 324
[31-May-2025 16:37:16 UTC] PHP Fatal error:  Uncaught TypeError: call_user_func_array(): Argument #1 ($callback) must be a valid callback, non-static method flippong::check_version() cannot be called statically in /wordpress/wp-includes/class-wp-hook.php:324
Stack trace:
#0 /wordpress/wp-includes/class-wp-hook.php(348): WP_Hook->apply_filters(NULL, Array)
#1 /wordpress/wp-includes/plugin.php(517): WP_Hook->do_action(Array)
#2 /wordpress/wp-settings.php(727): do_action('init')
#3 /wordpress/wp-config.php(102): require_once('/wordpress/wp-s...')
#4 /wordpress/wp-load.php(50): require_once('/wordpress/wp-c...')
#5 /internal/eval.php(3): require_once('/wordpress/wp-l...')
#6 {main}
  thrown in /wordpress/wp-includes/class-wp-hook.php on line 324
[31-May-2025 16:37:25 UTC] PHP Fatal error:  Uncaught TypeError: call_user_func_array(): Argument #1 ($callback) must be a valid callback, non-static method flippong::check_version() cannot be called statically in /wordpress/wp-includes/class-wp-hook.php:324
Stack trace:
#0 /wordpress/wp-includes/class-wp-hook.php(348): WP_Hook->apply_filters(NULL, Array)
#1 /wordpress/wp-includes/plugin.php(517): WP_Hook->do_action(Array)
#2 /wordpress/wp-settings.php(727): do_action('init')
#3 /wordpress/wp-config.php(102): require_once('/wordpress/wp-s...')
#4 /wordpress/wp-load.php(50): require_once('/wordpress/wp-c...')
#5 /internal/eval.php(3): require_once('/wordpress/wp-l...')
#6 {main}
  thrown in /wordpress/wp-includes/class-wp-hook.php on line 324
[31-May-2025 16:38:01 UTC] WordPress database error <div style="clear:both">&nbsp;</div>
<div class="queries" style="clear:both;margin-bottom:2px;border:red dotted thin;">
<p>MySQL query:</p>
<p>SHOW TABLES LIKE wp_wp_formit_forms</p>
<p>Queries made or created this session were:</p>
<ol>
</ol>
</div>
<div style="clear:both;margin-bottom:2px;border:red dotted thin;" class="error_message" style="border-bottom:dotted blue thin;">
Failed to parse the MySQL query.
</div>
<p>Backtrace:</p>
<pre>#0 /internal/shared/sqlite-database-integration/wp-includes/sqlite-ast/class-wp-sqlite-driver.php(606): WP_SQLite_Driver->new_driver_exception('Failed to parse...')
#1 /internal/shared/sqlite-database-integration/wp-includes/sqlite/class-wp-sqlite-db.php(491): WP_SQLite_Driver->query('SHOW TABLES LIK...')
#2 /internal/shared/sqlite-database-integration/wp-includes/sqlite/class-wp-sqlite-db.php(432): WP_SQLite_DB->_do_query('SHOW TABLES LIK...')
#3 /wordpress/wp-includes/class-wpdb.php(3031): WP_SQLite_DB->query('SHOW TABLES LIK...')
#4 /wordpress/wp-content/plugins/formit/inc/Formit_Installer.php(176): wpdb->get_var('SHOW TABLES LIK...')
#5 /wordpress/wp-content/plugins/formit/inc/Formit_Installer.php(40): Formit\Formit_Installer->formit_is_table_exists('wp_formit_forms')
#6 /wordpress/wp-content/plugins/formit/inc/Formit_Installer.php(14): Formit\Formit_Installer->formit_create_table()
#7 /wordpress/wp-content/plugins/formit/formit.php(144): Formit\Formit_Installer->run()
#8 /wordpress/wp-includes/class-wp-hook.php(324): Formit_Plugin->activate(false)
#9 /wordpress/wp-includes/class-wp-hook.php(348): WP_Hook->apply_filters('', Array)
#10 /wordpress/wp-includes/plugin.php(517): WP_Hook->do_action(Array)
#11 /wordpress/wp-admin/includes/plugin.php(703): do_action('activate_formit...', false)
#12 /internal/eval.php(20): activate_plugin('formit/formit.p...')
#13 {main}</pre>
 for query SHOW TABLES LIKE wp_wp_formit_forms made by activate_plugin, do_action('activate_formit/formit.php'), WP_Hook->do_action, WP_Hook->apply_filters, Formit_Plugin->activate, Formit\Formit_Installer->run, Formit\Formit_Installer->formit_create_table, Formit\Formit_Installer->formit_is_table_exists, WP_SQLite_DB->query, WP_SQLite_DB->print_error
[31-May-2025 16:38:01 UTC] WordPress database error <div style="clear:both">&nbsp;</div>
<div class="queries" style="clear:both;margin-bottom:2px;border:red dotted thin;">
<p>MySQL query:</p>
<p>SHOW TABLES LIKE wp_wp_formit_submissions</p>
<p>Queries made or created this session were:</p>
<ol>
</ol>
</div>
<div style="clear:both;margin-bottom:2px;border:red dotted thin;" class="error_message" style="border-bottom:dotted blue thin;">
Failed to parse the MySQL query.
</div>
<p>Backtrace:</p>
<pre>#0 /internal/shared/sqlite-database-integration/wp-includes/sqlite-ast/class-wp-sqlite-driver.php(606): WP_SQLite_Driver->new_driver_exception('Failed to parse...')
#1 /internal/shared/sqlite-database-integration/wp-includes/sqlite/class-wp-sqlite-db.php(491): WP_SQLite_Driver->query('SHOW TABLES LIK...')
#2 /internal/shared/sqlite-database-integration/wp-includes/sqlite/class-wp-sqlite-db.php(432): WP_SQLite_DB->_do_query('SHOW TABLES LIK...')
#3 /wordpress/wp-includes/class-wpdb.php(3031): WP_SQLite_DB->query('SHOW TABLES LIK...')
#4 /wordpress/wp-content/plugins/formit/inc/Formit_Installer.php(176): wpdb->get_var('SHOW TABLES LIK...')
#5 /wordpress/wp-content/plugins/formit/inc/Formit_Installer.php(76): Formit\Formit_Installer->formit_is_table_exists('wp_formit_submi...')
#6 /wordpress/wp-content/plugins/formit/inc/Formit_Installer.php(15): Formit\Formit_Installer->formit_user_db_create_table()
#7 /wordpress/wp-content/plugins/formit/formit.php(144): Formit\Formit_Installer->run()
#8 /wordpress/wp-includes/class-wp-hook.php(324): Formit_Plugin->activate(false)
#9 /wordpress/wp-includes/class-wp-hook.php(348): WP_Hook->apply_filters('', Array)
#10 /wordpress/wp-includes/plugin.php(517): WP_Hook->do_action(Array)
#11 /wordpress/wp-admin/includes/plugin.php(703): do_action('activate_formit...', false)
#12 /internal/eval.php(20): activate_plugin('formit/formit.p...')
#13 {main}</pre>
 for query SHOW TABLES LIKE wp_wp_formit_submissions made by activate_plugin, do_action('activate_formit/formit.php'), WP_Hook->do_action, WP_Hook->apply_filters, Formit_Plugin->activate, Formit\Formit_Installer->run, Formit\Formit_Installer->formit_user_db_create_table, Formit\Formit_Installer->formit_is_table_exists, WP_SQLite_DB->query, WP_SQLite_DB->print_error
[31-May-2025 16:38:01 UTC] WordPress database error <div style="clear:both">&nbsp;</div>
<div class="queries" style="clear:both;margin-bottom:2px;border:red dotted thin;">
<p>MySQL query:</p>
<p>SHOW TABLES LIKE wp_wp_formit_settings</p>
<p>Queries made or created this session were:</p>
<ol>
</ol>
</div>
<div style="clear:both;margin-bottom:2px;border:red dotted thin;" class="error_message" style="border-bottom:dotted blue thin;">
Failed to parse the MySQL query.
</div>
<p>Backtrace:</p>
<pre>#0 /internal/shared/sqlite-database-integration/wp-includes/sqlite-ast/class-wp-sqlite-driver.php(606): WP_SQLite_Driver->new_driver_exception('Failed to parse...')
#1 /internal/shared/sqlite-database-integration/wp-includes/sqlite/class-wp-sqlite-db.php(491): WP_SQLite_Driver->query('SHOW TABLES LIK...')
#2 /internal/shared/sqlite-database-integration/wp-includes/sqlite/class-wp-sqlite-db.php(432): WP_SQLite_DB->_do_query('SHOW TABLES LIK...')
#3 /wordpress/wp-includes/class-wpdb.php(3031): WP_SQLite_DB->query('SHOW TABLES LIK...')
#4 /wordpress/wp-content/plugins/formit/inc/Formit_Installer.php(176): wpdb->get_var('SHOW TABLES LIK...')
#5 /wordpress/wp-content/plugins/formit/inc/Formit_Installer.php(114): Formit\Formit_Installer->formit_is_table_exists('wp_formit_setti...')
#6 /wordpress/wp-content/plugins/formit/inc/Formit_Installer.php(16): Formit\Formit_Installer->formit_config_table()
#7 /wordpress/wp-content/plugins/formit/formit.php(144): Formit\Formit_Installer->run()
#8 /wordpress/wp-includes/class-wp-hook.php(324): Formit_Plugin->activate(false)
#9 /wordpress/wp-includes/class-wp-hook.php(348): WP_Hook->apply_filters('', Array)
#10 /wordpress/wp-includes/plugin.php(517): WP_Hook->do_action(Array)
#11 /wordpress/wp-admin/includes/plugin.php(703): do_action('activate_formit...', false)
#12 /internal/eval.php(20): activate_plugin('formit/formit.p...')
#13 {main}</pre>
 for query SHOW TABLES LIKE wp_wp_formit_settings made by activate_plugin, do_action('activate_formit/formit.php'), WP_Hook->do_action, WP_Hook->apply_filters, Formit_Plugin->activate, Formit\Formit_Installer->run, Formit\Formit_Installer->formit_config_table, Formit\Formit_Installer->formit_is_table_exists, WP_SQLite_DB->query, WP_SQLite_DB->print_error
[31-May-2025 16:38:30 UTC] PHP Warning:  Trying to access array offset on value of type null in /wordpress/wp-content/plugins/forms-to-google-task/includes/class-ftogt-gtask.php on line 27
[31-May-2025 16:38:30 UTC] PHP Warning:  Trying to access array offset on value of type null in /wordpress/wp-content/plugins/forms-to-google-task/includes/class-ftogt-gtask.php on line 30
[31-May-2025 16:38:31 UTC] PHP Warning:  Trying to access array offset on value of type null in /wordpress/wp-content/plugins/forms-to-google-task/includes/class-ftogt-gtask.php on line 27
[31-May-2025 16:38:31 UTC] PHP Warning:  Trying to access array offset on value of type null in /wordpress/wp-content/plugins/forms-to-google-task/includes/class-ftogt-gtask.php on line 30
[31-May-2025 16:38:39 UTC] PHP Warning:  Trying to access array offset on value of type null in /wordpress/wp-content/plugins/forms-to-google-task/includes/class-ftogt-gtask.php on line 27
[31-May-2025 16:38:39 UTC] PHP Warning:  Trying to access array offset on value of type null in /wordpress/wp-content/plugins/forms-to-google-task/includes/class-ftogt-gtask.php on line 30
[31-May-2025 16:38:40 UTC] PHP Warning:  Trying to access array offset on value of type null in /wordpress/wp-content/plugins/forms-to-google-task/includes/class-ftogt-gtask.php on line 27
[31-May-2025 16:38:40 UTC] PHP Warning:  Trying to access array offset on value of type null in /wordpress/wp-content/plugins/forms-to-google-task/includes/class-ftogt-gtask.php on line 30
[31-May-2025 16:38:47 UTC] PHP Warning:  Trying to access array offset on value of type null in /wordpress/wp-content/plugins/forms-to-google-task/includes/class-ftogt-gtask.php on line 27
[31-May-2025 16:38:47 UTC] PHP Warning:  Trying to access array offset on value of type null in /wordpress/wp-content/plugins/forms-to-google-task/includes/class-ftogt-gtask.php on line 30
[31-May-2025 16:38:49 UTC] PHP Warning:  Trying to access array offset on value of type null in /wordpress/wp-content/plugins/forms-to-google-task/includes/class-ftogt-gtask.php on line 27
[31-May-2025 16:38:49 UTC] PHP Warning:  Trying to access array offset on value of type null in /wordpress/wp-content/plugins/forms-to-google-task/includes/class-ftogt-gtask.php on line 30
[31-May-2025 16:39:24 UTC] PHP Parse error:  syntax error, unexpected character 0x18 in /wordpress/wp-content/plugins/funny-demotivators/demotivational_post.php on line 396
[31-May-2025 16:39:32 UTC] PHP Parse error:  syntax error, unexpected character 0x18 in /wordpress/wp-content/plugins/funny-demotivators/demotivational_post.php on line 396
[31-May-2025 16:39:40 UTC] PHP Parse error:  syntax error, unexpected character 0x18 in /wordpress/wp-content/plugins/funny-demotivators/demotivational_post.php on line 396
[31-May-2025 16:39:49 UTC] PHP Fatal error:  Uncaught Error: Undefined constant "futurewidget_init" in /wordpress/wp-content/plugins/future-dashboard-widget/futurewidget.php:26
Stack trace:
#0 /wordpress/wp-admin/includes/plugin.php(2387): include_once()
#1 /wordpress/wp-admin/includes/plugin.php(673): plugin_sandbox_scrape('future-dashboar...')
#2 /internal/eval.php(20): activate_plugin('future-dashboar...')
#3 {main}
  thrown in /wordpress/wp-content/plugins/future-dashboard-widget/futurewidget.php on line 26
[31-May-2025 16:39:56 UTC] PHP Fatal error:  Uncaught Error: Undefined constant "futurewidget_init" in /wordpress/wp-content/plugins/future-dashboard-widget/futurewidget.php:26
Stack trace:
#0 /wordpress/wp-admin/includes/plugin.php(2387): include_once()
#1 /wordpress/wp-admin/includes/plugin.php(673): plugin_sandbox_scrape('future-dashboar...')
#2 /internal/eval.php(20): activate_plugin('future-dashboar...')
#3 {main}
  thrown in /wordpress/wp-content/plugins/future-dashboard-widget/futurewidget.php on line 26
[31-May-2025 16:40:04 UTC] PHP Fatal error:  Uncaught Error: Undefined constant "futurewidget_init" in /wordpress/wp-content/plugins/future-dashboard-widget/futurewidget.php:26
Stack trace:
#0 /wordpress/wp-admin/includes/plugin.php(2387): include_once()
#1 /wordpress/wp-admin/includes/plugin.php(673): plugin_sandbox_scrape('future-dashboar...')
#2 /internal/eval.php(20): activate_plugin('future-dashboar...')
#3 {main}
  thrown in /wordpress/wp-content/plugins/future-dashboard-widget/futurewidget.php on line 26
[31-May-2025 16:42:03 UTC] PHP Fatal error:  Uncaught ArgumentCountError: Too few arguments to function WP_Widget::__construct(), 0 passed in /wordpress/wp-includes/class-wp-widget-factory.php on line 62 and at least 2 expected in /wordpress/wp-includes/class-wp-widget.php:163
Stack trace:
#0 /wordpress/wp-includes/class-wp-widget-factory.php(62): WP_Widget->__construct()
#1 /wordpress/wp-includes/widgets.php(123): WP_Widget_Factory->register('Foursquare_Map_...')
#2 /wordpress/wp-content/plugins/foursquare-map/four2map.php(38): register_widget('Foursquare_Map_...')
#3 /wordpress/wp-includes/class-wp-hook.php(324): four2map_load_widgets('')
#4 /wordpress/wp-includes/class-wp-hook.php(348): WP_Hook->apply_filters(NULL, Array)
#5 /wordpress/wp-includes/plugin.php(517): WP_Hook->do_action(Array)
#6 /wordpress/wp-includes/widgets.php(1870): do_action('widgets_init')
#7 /wordpress/wp-includes/class-wp-hook.php(324): wp_widgets_init('')
#8 /wordpress/wp-includes/class-wp-hook.php(348): WP_Hook->apply_filters(NULL, Array)
#9 /wordpress/wp-includes/plugin.php(517): WP_Hook->do_action(Array)
#10 /wordpress/wp-settings.php(727): do_action('init')
#11 /wordpress/wp-config.php(102): require_once('/wordpress/wp-s...')
#12 /wordpress/wp-load.php(50): require_once('/wordpress/wp-c...')
#13 /internal/eval.php(3): require_once('/wordpress/wp-l...')
#14 {main}
  thrown in /wordpress/wp-includes/class-wp-widget.php on line 163
[31-May-2025 16:42:12 UTC] PHP Fatal error:  Uncaught ArgumentCountError: Too few arguments to function WP_Widget::__construct(), 0 passed in /wordpress/wp-includes/class-wp-widget-factory.php on line 62 and at least 2 expected in /wordpress/wp-includes/class-wp-widget.php:163
Stack trace:
#0 /wordpress/wp-includes/class-wp-widget-factory.php(62): WP_Widget->__construct()
#1 /wordpress/wp-includes/widgets.php(123): WP_Widget_Factory->register('Foursquare_Map_...')
#2 /wordpress/wp-content/plugins/foursquare-map/four2map.php(38): register_widget('Foursquare_Map_...')
#3 /wordpress/wp-includes/class-wp-hook.php(324): four2map_load_widgets('')
#4 /wordpress/wp-includes/class-wp-hook.php(348): WP_Hook->apply_filters(NULL, Array)
#5 /wordpress/wp-includes/plugin.php(517): WP_Hook->do_action(Array)
#6 /wordpress/wp-includes/widgets.php(1870): do_action('widgets_init')
#7 /wordpress/wp-includes/class-wp-hook.php(324): wp_widgets_init('')
#8 /wordpress/wp-includes/class-wp-hook.php(348): WP_Hook->apply_filters(NULL, Array)
#9 /wordpress/wp-includes/plugin.php(517): WP_Hook->do_action(Array)
#10 /wordpress/wp-settings.php(727): do_action('init')
#11 /wordpress/wp-config.php(102): require_once('/wordpress/wp-s...')
#12 /wordpress/wp-load.php(50): require_once('/wordpress/wp-c...')
#13 /internal/eval.php(3): require_once('/wordpress/wp-l...')
#14 {main}
  thrown in /wordpress/wp-includes/class-wp-widget.php on line 163

    at Object.onBind (file:///home/runner/work/playground-tester/playground-tester/node_modules/@wp-playground/cli/index.js:237:15)
    at process.processTicksAndRejections (node:internal/process/task_queues:105:5)
    at async V (file:///home/runner/work/playground-tester/playground-tester/node_modules/@wp-playground/cli/index.js:64:10)
    at async ja (file:///home/runner/work/playground-tester/playground-tester/node_modules/@wp-playground/cli/cli.js:8161:12) {
  [cause]: Error: Error when executing the blueprint step #1 ({"step":"installPlugin","pluginData":{"resource":"wordpress.org/plugins","slug":"foursquare-map"},"options":{"activate":true}}) : PHP.run() failed with exit code 255 and the following output: 
      at Object.run (file:///home/runner/work/playground-tester/playground-tester/node_modules/@wp-playground/blueprints/index.js:12449:19)
      at process.processTicksAndRejections (node:internal/process/task_queues:105:5)
      at async ms (file:///home/runner/work/playground-tester/playground-tester/node_modules/@wp-playground/blueprints/index.js:12552:3)
      ... 2 lines matching cause stack trace ...
      at async ja (file:///home/runner/work/playground-tester/playground-tester/node_modules/@wp-playground/cli/cli.js:8161:12) {
    [cause]: PHPExecutionFailureError: PHP.run() failed with exit code 255 and the following output: 
        at PHP.run (file:///home/runner/work/playground-tester/playground-tester/node_modules/@php-wasm/universal/index.js:987:19)
        at process.processTicksAndRejections (node:internal/process/task_queues:105:5)
        at async wr (file:///home/runner/work/playground-tester/playground-tester/node_modules/@wp-playground/blueprints/index.js:73:13)
        at async Object.gt [as installPlugin] (file:///home/runner/work/playground-tester/playground-tester/node_modules/@wp-playground/blueprints/index.js:974:42)
        at async g (file:///home/runner/work/playground-tester/playground-tester/node_modules/@wp-playground/blueprints/index.js:12517:30)
        at async Object.run (file:///home/runner/work/playground-tester/playground-tester/node_modules/@wp-playground/blueprints/index.js:12446:23)
        at async ms (file:///home/runner/work/playground-tester/playground-tester/node_modules/@wp-playground/blueprints/index.js:12552:3)
        at async Object.onBind (file:///home/runner/work/playground-tester/playground-tester/node_modules/@wp-playground/cli/index.js:227:48)
        at async V (file:///home/runner/work/playground-tester/playground-tester/node_modules/@wp-playground/cli/index.js:64:10)
        at async ja (file:///home/runner/work/playground-tester/playground-tester/node_modules/@wp-playground/cli/cli.js:8161:12) {
      response: PHPResponse {
        httpStatusCode: 500,
        headers: {
          'x-powered-by': [ 'PHP/8.0.30-dev' ],
          'content-type': [ 'text/html; charset=UTF-8' ],
          expires: [ 'Wed, 11 Jan 1984 05:00:00 GMT' ],
          'cache-control': [ 'no-cache, must-revalidate, max-age=0, no-store, private' ]
        },
        bytes: Uint8Array(2653) [
           60,  33,  68,  79,  67,  84,  89,  80,  69,  32, 104, 116,
          109, 108,  62,  10,  60, 104, 116, 109, 108,  32, 108,  97,
          110, 103,  61,  34, 101, 110,  45,  85,  83,  34,  62,  10,
           60, 104, 101,  97, 100,  62,  10,   9,  60, 109, 101, 116,
           97,  32, 104, 116, 116, 112,  45, 101, 113, 117, 105, 118,
           61,  34,  67, 111, 110, 116, 101, 110, 116,  45,  84, 121,
          112, 101,  34,  32,  99, 111, 110, 116, 101, 110, 116,  61,
           34, 116, 101, 120, 116,  47, 104, 116, 109, 108,  59,  32,
           99, 104,  97, 114,
          ... 2553 more items
        ],
        exitCode: 255,
        errors: ''
      },
      source: 'request'
    }
  }
}

Node.js v23.11.0
