file:///home/runner/work/playground-tester/playground-tester/node_modules/@wp-playground/cli/index.js:237
        throw new Error(y, { cause: u });
              ^

Error: [20-May-2025 03:38:30 UTC] PHP Notice:  Function wp_enqueue_script was called <strong>incorrectly</strong>. Scripts and styles should not be registered or enqueued until the <code>wp_enqueue_scripts</code>, <code>admin_enqueue_scripts</code>, or <code>login_enqueue_scripts</code> hooks. This notice was triggered by the <code>tp-news-ticker-plugin-js</code> handle. Please see <a href="https://developer.wordpress.org/advanced-administration/debug/debug-wordpress/">Debugging in WordPress</a> for more information. (This message was added in version 3.3.0.) in /wordpress/wp-includes/functions.php on line 6121
[20-May-2025 03:38:30 UTC] PHP Notice:  Function wp_enqueue_style was called <strong>incorrectly</strong>. Scripts and styles should not be registered or enqueued until the <code>wp_enqueue_scripts</code>, <code>admin_enqueue_scripts</code>, or <code>login_enqueue_scripts</code> hooks. This notice was triggered by the <code>tp-news-ticker-plugin-js</code> handle. Please see <a href="https://developer.wordpress.org/advanced-administration/debug/debug-wordpress/">Debugging in WordPress</a> for more information. (This message was added in version 3.3.0.) in /wordpress/wp-includes/functions.php on line 6121
[20-May-2025 03:38:30 UTC] PHP Notice:  Function is_feed was called <strong>incorrectly</strong>. Conditional query tags do not work before the query is run. Before then, they always return false. Please see <a href="https://developer.wordpress.org/advanced-administration/debug/debug-wordpress/">Debugging in WordPress</a> for more information. (This message was added in version 3.1.0.) in /wordpress/wp-includes/functions.php on line 6121
[20-May-2025 03:38:30 UTC] PHP Notice:  Function wp_enqueue_style was called <strong>incorrectly</strong>. Scripts and styles should not be registered or enqueued until the <code>wp_enqueue_scripts</code>, <code>admin_enqueue_scripts</code>, or <code>login_enqueue_scripts</code> hooks. This notice was triggered by the <code>tp-news-scroll-ticker-plugin-js</code> handle. Please see <a href="https://developer.wordpress.org/advanced-administration/debug/debug-wordpress/">Debugging in WordPress</a> for more information. (This message was added in version 3.3.0.) in /wordpress/wp-includes/functions.php on line 6121
[20-May-2025 03:38:38 UTC] PHP Notice:  Function wp_enqueue_script was called <strong>incorrectly</strong>. Scripts and styles should not be registered or enqueued until the <code>wp_enqueue_scripts</code>, <code>admin_enqueue_scripts</code>, or <code>login_enqueue_scripts</code> hooks. This notice was triggered by the <code>tp-news-ticker-plugin-js</code> handle. Please see <a href="https://developer.wordpress.org/advanced-administration/debug/debug-wordpress/">Debugging in WordPress</a> for more information. (This message was added in version 3.3.0.) in /wordpress/wp-includes/functions.php on line 6121
[20-May-2025 03:38:38 UTC] PHP Notice:  Function wp_enqueue_style was called <strong>incorrectly</strong>. Scripts and styles should not be registered or enqueued until the <code>wp_enqueue_scripts</code>, <code>admin_enqueue_scripts</code>, or <code>login_enqueue_scripts</code> hooks. This notice was triggered by the <code>tp-news-ticker-plugin-js</code> handle. Please see <a href="https://developer.wordpress.org/advanced-administration/debug/debug-wordpress/">Debugging in WordPress</a> for more information. (This message was added in version 3.3.0.) in /wordpress/wp-includes/functions.php on line 6121
[20-May-2025 03:38:38 UTC] PHP Notice:  Function is_feed was called <strong>incorrectly</strong>. Conditional query tags do not work before the query is run. Before then, they always return false. Please see <a href="https://developer.wordpress.org/advanced-administration/debug/debug-wordpress/">Debugging in WordPress</a> for more information. (This message was added in version 3.1.0.) in /wordpress/wp-includes/functions.php on line 6121
[20-May-2025 03:38:38 UTC] PHP Notice:  Function wp_enqueue_style was called <strong>incorrectly</strong>. Scripts and styles should not be registered or enqueued until the <code>wp_enqueue_scripts</code>, <code>admin_enqueue_scripts</code>, or <code>login_enqueue_scripts</code> hooks. This notice was triggered by the <code>tp-news-scroll-ticker-plugin-js</code> handle. Please see <a href="https://developer.wordpress.org/advanced-administration/debug/debug-wordpress/">Debugging in WordPress</a> for more information. (This message was added in version 3.3.0.) in /wordpress/wp-includes/functions.php on line 6121
[20-May-2025 03:38:45 UTC] PHP Notice:  Function wp_enqueue_script was called <strong>incorrectly</strong>. Scripts and styles should not be registered or enqueued until the <code>wp_enqueue_scripts</code>, <code>admin_enqueue_scripts</code>, or <code>login_enqueue_scripts</code> hooks. This notice was triggered by the <code>tp-news-ticker-plugin-js</code> handle. Please see <a href="https://developer.wordpress.org/advanced-administration/debug/debug-wordpress/">Debugging in WordPress</a> for more information. (This message was added in version 3.3.0.) in /wordpress/wp-includes/functions.php on line 6121
[20-May-2025 03:38:45 UTC] PHP Notice:  Function wp_enqueue_style was called <strong>incorrectly</strong>. Scripts and styles should not be registered or enqueued until the <code>wp_enqueue_scripts</code>, <code>admin_enqueue_scripts</code>, or <code>login_enqueue_scripts</code> hooks. This notice was triggered by the <code>tp-news-ticker-plugin-js</code> handle. Please see <a href="https://developer.wordpress.org/advanced-administration/debug/debug-wordpress/">Debugging in WordPress</a> for more information. (This message was added in version 3.3.0.) in /wordpress/wp-includes/functions.php on line 6121
[20-May-2025 03:38:45 UTC] PHP Notice:  Function is_feed was called <strong>incorrectly</strong>. Conditional query tags do not work before the query is run. Before then, they always return false. Please see <a href="https://developer.wordpress.org/advanced-administration/debug/debug-wordpress/">Debugging in WordPress</a> for more information. (This message was added in version 3.1.0.) in /wordpress/wp-includes/functions.php on line 6121
[20-May-2025 03:38:45 UTC] PHP Notice:  Function wp_enqueue_style was called <strong>incorrectly</strong>. Scripts and styles should not be registered or enqueued until the <code>wp_enqueue_scripts</code>, <code>admin_enqueue_scripts</code>, or <code>login_enqueue_scripts</code> hooks. This notice was triggered by the <code>tp-news-scroll-ticker-plugin-js</code> handle. Please see <a href="https://developer.wordpress.org/advanced-administration/debug/debug-wordpress/">Debugging in WordPress</a> for more information. (This message was added in version 3.3.0.) in /wordpress/wp-includes/functions.php on line 6121
[20-May-2025 03:38:54 UTC] PHP Fatal error:  Uncaught Error: Call to undefined function create_function() in /wordpress/wp-content/plugins/smoothgallery/smoothgallery.php:541
Stack trace:
#0 /wordpress/wp-settings.php(545): include_once()
#1 /wordpress/wp-config.php(102): require_once('/wordpress/wp-s...')
#2 /wordpress/wp-load.php(50): require_once('/wordpress/wp-c...')
#3 /internal/eval.php(3): require_once('/wordpress/wp-l...')
#4 {main}
  thrown in /wordpress/wp-content/plugins/smoothgallery/smoothgallery.php on line 541
[20-May-2025 03:39:03 UTC] PHP Fatal error:  Uncaught Error: Call to undefined function create_function() in /wordpress/wp-content/plugins/smoothgallery/smoothgallery.php:541
Stack trace:
#0 /wordpress/wp-settings.php(545): include_once()
#1 /wordpress/wp-config.php(102): require_once('/wordpress/wp-s...')
#2 /wordpress/wp-load.php(50): require_once('/wordpress/wp-c...')
#3 /internal/eval.php(3): require_once('/wordpress/wp-l...')
#4 {main}
  thrown in /wordpress/wp-content/plugins/smoothgallery/smoothgallery.php on line 541
[20-May-2025 03:39:12 UTC] PHP Fatal error:  Uncaught Error: Call to undefined function create_function() in /wordpress/wp-content/plugins/smoothgallery/smoothgallery.php:541
Stack trace:
#0 /wordpress/wp-settings.php(545): include_once()
#1 /wordpress/wp-config.php(102): require_once('/wordpress/wp-s...')
#2 /wordpress/wp-load.php(50): require_once('/wordpress/wp-c...')
#3 /internal/eval.php(3): require_once('/wordpress/wp-l...')
#4 {main}
  thrown in /wordpress/wp-content/plugins/smoothgallery/smoothgallery.php on line 541
[20-May-2025 03:41:32 UTC] PHP Warning:  Undefined array key "DOCUMENT_ROOT" in /wordpress/wp-content/plugins/save-the-developers/savethedevelopers.php on line 57
[20-May-2025 03:41:33 UTC] PHP Warning:  Undefined array key "DOCUMENT_ROOT" in /wordpress/wp-content/plugins/save-the-developers/savethedevelopers.php on line 57
[20-May-2025 03:41:40 UTC] PHP Warning:  Undefined array key "DOCUMENT_ROOT" in /wordpress/wp-content/plugins/save-the-developers/savethedevelopers.php on line 57
[20-May-2025 03:41:42 UTC] PHP Warning:  Undefined array key "DOCUMENT_ROOT" in /wordpress/wp-content/plugins/save-the-developers/savethedevelopers.php on line 57
[20-May-2025 03:41:49 UTC] PHP Warning:  Undefined array key "DOCUMENT_ROOT" in /wordpress/wp-content/plugins/save-the-developers/savethedevelopers.php on line 57
[20-May-2025 03:41:50 UTC] PHP Warning:  Undefined array key "DOCUMENT_ROOT" in /wordpress/wp-content/plugins/save-the-developers/savethedevelopers.php on line 57
[20-May-2025 03:41:59 UTC] PHP Fatal error:  Declaration of Walker_PostDropdown::start_el(&$output, $page, $depth, $args) must be compatible with Walker::start_el(&$output, $data_object, $depth = 0, $args = [], $current_object_id = 0) in /wordpress/wp-content/plugins/site-tasks/include/wp-dropdown-posts.php on line 37
[20-May-2025 03:42:07 UTC] PHP Fatal error:  Declaration of Walker_PostDropdown::start_el(&$output, $page, $depth, $args) must be compatible with Walker::start_el(&$output, $data_object, $depth = 0, $args = [], $current_object_id = 0) in /wordpress/wp-content/plugins/site-tasks/include/wp-dropdown-posts.php on line 37
[20-May-2025 03:42:16 UTC] PHP Fatal error:  Declaration of Walker_PostDropdown::start_el(&$output, $page, $depth, $args) must be compatible with Walker::start_el(&$output, $data_object, $depth = 0, $args = [], $current_object_id = 0) in /wordpress/wp-content/plugins/site-tasks/include/wp-dropdown-posts.php on line 37
[20-May-2025 03:45:00 UTC] WordPress database error <div style="clear:both">&nbsp;</div>
<div class="queries" style="clear:both;margin-bottom:2px;border:red dotted thin;">
<p>MySQL query:</p>
<p>CREATE TABLE `database_name_here`.`wp_stc_joblist` ( `ID` bigint(20) NOT NULL auto_increment, `day` text COLLATE utf8mb4_unicode_ci NOT NULL, `subscriber_id` text COLLATE utf8mb4_unicode_ci NOT NULL, `mobile_phone` text COLLATE utf8mb4_unicode_ci NOT NULL, `mobile_phone_status` text COLLATE utf8mb4_unicode_ci NOT NULL, `hash` text COLLATE utf8mb4_unicode_ci NOT NULL, `email` text COLLATE utf8mb4_unicode_ci NOT NULL, `post_id` bigint(20) NOT NULL, `reason` text COLLATE utf8mb4_unicode_ci NOT NULL, `merged` TINYINT(1) NOT NULL, PRIMARY KEY `order_id` (`ID`), KEY `Days` (`day`(10)) ) ENGINE=InnoDB DEFAULT CHARSET=utf8mb4 COLLATE=utf8mb4_unicode_ci</p>
<p>Queries made or created this session were:</p>
<ol>
<li>Executing: BEGIN | (no parameters)</li>
<li>Executing: INSERT INTO `_wp_sqlite_mysql_information_schema_tables` (`table_schema`, `table_name`, `table_type`, `engine`, `row_format`, `table_collation`, `table_comment`) VALUES (?, ?, ?, ?, ?, ?, ?) | parameters: database_name_here, database_name_here.wp_stc_joblist, BASE TABLE, InnoDB, Dynamic, utf8mb4_unicode_ci, </li>
<li>Executing: INSERT INTO `_wp_sqlite_mysql_information_schema_columns` (`table_schema`, `table_name`, `column_name`, `ordinal_position`, `column_default`, `is_nullable`, `data_type`, `character_maximum_length`, `character_octet_length`, `numeric_precision`, `numeric_scale`, `datetime_precision`, `character_set_name`, `collation_name`, `column_type`, `column_key`, `extra`, `privileges`, `column_comment`, `generation_expression`, `srs_id`) VALUES (?, ?, ?, ?, ?, ?, ?, ?, ?, ?, ?, ?, ?, ?, ?, ?, ?, ?, ?, ?, ?) | parameters: database_name_here, database_name_here.wp_stc_joblist, ID, 1, , NO, bigint, , , 19, 0, , , , bigint(20), , auto_increment, select,insert,update,references, , , </li>
<li>Executing: INSERT INTO `_wp_sqlite_mysql_information_schema_columns` (`table_schema`, `table_name`, `column_name`, `ordinal_position`, `column_default`, `is_nullable`, `data_type`, `character_maximum_length`, `character_octet_length`, `numeric_precision`, `numeric_scale`, `datetime_precision`, `character_set_name`, `collation_name`, `column_type`, `column_key`, `extra`, `privileges`, `column_comment`, `generation_expression`, `srs_id`) VALUES (?, ?, ?, ?, ?, ?, ?, ?, ?, ?, ?, ?, ?, ?, ?, ?, ?, ?, ?, ?, ?) | parameters: database_name_here, database_name_here.wp_stc_joblist, day, 2, , NO, text, 65535, 65535, , , , utf8mb4, utf8mb4_unicode_ci, text, , , select,insert,update,references, , , </li>
<li>Executing: INSERT INTO `_wp_sqlite_mysql_information_schema_columns` (`table_schema`, `table_name`, `column_name`, `ordinal_position`, `column_default`, `is_nullable`, `data_type`, `character_maximum_length`, `character_octet_length`, `numeric_precision`, `numeric_scale`, `datetime_precision`, `character_set_name`, `collation_name`, `column_type`, `column_key`, `extra`, `privileges`, `column_comment`, `generation_expression`, `srs_id`) VALUES (?, ?, ?, ?, ?, ?, ?, ?, ?, ?, ?, ?, ?, ?, ?, ?, ?, ?, ?, ?, ?) | parameters: database_name_here, database_name_here.wp_stc_joblist, subscriber_id, 3, , NO, text, 65535, 65535, , , , utf8mb4, utf8mb4_unicode_ci, text, , , select,insert,update,references, , , </li>
<li>Executing: INSERT INTO `_wp_sqlite_mysql_information_schema_columns` (`table_schema`, `table_name`, `column_name`, `ordinal_position`, `column_default`, `is_nullable`, `data_type`, `character_maximum_length`, `character_octet_length`, `numeric_precision`, `numeric_scale`, `datetime_precision`, `character_set_name`, `collation_name`, `column_type`, `column_key`, `extra`, `privileges`, `column_comment`, `generation_expression`, `srs_id`) VALUES (?, ?, ?, ?, ?, ?, ?, ?, ?, ?, ?, ?, ?, ?, ?, ?, ?, ?, ?, ?, ?) | parameters: database_name_here, database_name_here.wp_stc_joblist, mobile_phone, 4, , NO, text, 65535, 65535, , , , utf8mb4, utf8mb4_unicode_ci, text, , , select,insert,update,references, , , </li>
<li>Executing: INSERT INTO `_wp_sqlite_mysql_information_schema_columns` (`table_schema`, `table_name`, `column_name`, `ordinal_position`, `column_default`, `is_nullable`, `data_type`, `character_maximum_length`, `character_octet_length`, `numeric_precision`, `numeric_scale`, `datetime_precision`, `character_set_name`, `collation_name`, `column_type`, `column_key`, `extra`, `privileges`, `column_comment`, `generation_expression`, `srs_id`) VALUES (?, ?, ?, ?, ?, ?, ?, ?, ?, ?, ?, ?, ?, ?, ?, ?, ?, ?, ?, ?, ?) | parameters: database_name_here, database_name_here.wp_stc_joblist, mobile_phone_status, 5, , NO, text, 65535, 65535, , , , utf8mb4, utf8mb4_unicode_ci, text, , , select,insert,update,references, , , </li>
<li>Executing: INSERT INTO `_wp_sqlite_mysql_information_schema_columns` (`table_schema`, `table_name`, `column_name`, `ordinal_position`, `column_default`, `is_nullable`, `data_type`, `character_maximum_length`, `character_octet_length`, `numeric_precision`, `numeric_scale`, `datetime_precision`, `character_set_name`, `collation_name`, `column_type`, `column_key`, `extra`, `privileges`, `column_comment`, `generation_expression`, `srs_id`) VALUES (?, ?, ?, ?, ?, ?, ?, ?, ?, ?, ?, ?, ?, ?, ?, ?, ?, ?, ?, ?, ?) | parameters: database_name_here, database_name_here.wp_stc_joblist, hash, 6, , NO, text, 65535, 65535, , , , utf8mb4, utf8mb4_unicode_ci, text, , , select,insert,update,references, , , </li>
<li>Executing: INSERT INTO `_wp_sqlite_mysql_information_schema_columns` (`table_schema`, `table_name`, `column_name`, `ordinal_position`, `column_default`, `is_nullable`, `data_type`, `character_maximum_length`, `character_octet_length`, `numeric_precision`, `numeric_scale`, `datetime_precision`, `character_set_name`, `collation_name`, `column_type`, `column_key`, `extra`, `privileges`, `column_comment`, `generation_expression`, `srs_id`) VALUES (?, ?, ?, ?, ?, ?, ?, ?, ?, ?, ?, ?, ?, ?, ?, ?, ?, ?, ?, ?, ?) | parameters: database_name_here, database_name_here.wp_stc_joblist, email, 7, , NO, text, 65535, 65535, , , , utf8mb4, utf8mb4_unicode_ci, text, , , select,insert,update,references, , , </li>
<li>Executing: INSERT INTO `_wp_sqlite_mysql_information_schema_columns` (`table_schema`, `table_name`, `column_name`, `ordinal_position`, `column_default`, `is_nullable`, `data_type`, `character_maximum_length`, `character_octet_length`, `numeric_precision`, `numeric_scale`, `datetime_precision`, `character_set_name`, `collation_name`, `column_type`, `column_key`, `extra`, `privileges`, `column_comment`, `generation_expression`, `srs_id`) VALUES (?, ?, ?, ?, ?, ?, ?, ?, ?, ?, ?, ?, ?, ?, ?, ?, ?, ?, ?, ?, ?) | parameters: database_name_here, database_name_here.wp_stc_joblist, post_id, 8, , NO, bigint, , , 19, 0, , , , bigint(20), , , select,insert,update,references, , , </li>
<li>Executing: INSERT INTO `_wp_sqlite_mysql_information_schema_columns` (`table_schema`, `table_name`, `column_name`, `ordinal_position`, `column_default`, `is_nullable`, `data_type`, `character_maximum_length`, `character_octet_length`, `numeric_precision`, `numeric_scale`, `datetime_precision`, `character_set_name`, `collation_name`, `column_type`, `column_key`, `extra`, `privileges`, `column_comment`, `generation_expression`, `srs_id`) VALUES (?, ?, ?, ?, ?, ?, ?, ?, ?, ?, ?, ?, ?, ?, ?, ?, ?, ?, ?, ?, ?) | parameters: database_name_here, database_name_here.wp_stc_joblist, reason, 9, , NO, text, 65535, 65535, , , , utf8mb4, utf8mb4_unicode_ci, text, , , select,insert,update,references, , , </li>
<li>Executing: INSERT INTO `_wp_sqlite_mysql_information_schema_columns` (`table_schema`, `table_name`, `column_name`, `ordinal_position`, `column_default`, `is_nullable`, `data_type`, `character_maximum_length`, `character_octet_length`, `numeric_precision`, `numeric_scale`, `datetime_precision`, `character_set_name`, `collation_name`, `column_type`, `column_key`, `extra`, `privileges`, `column_comment`, `generation_expression`, `srs_id`) VALUES (?, ?, ?, ?, ?, ?, ?, ?, ?, ?, ?, ?, ?, ?, ?, ?, ?, ?, ?, ?, ?) | parameters: database_name_here, database_name_here.wp_stc_joblist, merged, 10, , NO, tinyint, , , 3, 0, , , , tinyint(1), , , select,insert,update,references, , , </li>
<li>Executing: 
					SELECT column_name, data_type, is_nullable, character_maximum_length
					FROM `_wp_sqlite_mysql_information_schema_columns`
					WHERE table_schema = ?
					AND table_name = ?
					AND column_name IN (?)
				 | parameters: database_name_here, database_name_here.wp_stc_joblist, ID</li>
<li>Executing: INSERT INTO `_wp_sqlite_mysql_information_schema_statistics` (`table_schema`, `table_name`, `non_unique`, `index_schema`, `index_name`, `seq_in_index`, `column_name`, `collation`, `cardinality`, `sub_part`, `packed`, `nullable`, `index_type`, `comment`, `index_comment`, `is_visible`, `expression`) VALUES (?, ?, ?, ?, ?, ?, ?, ?, ?, ?, ?, ?, ?, ?, ?, ?, ?) | parameters: database_name_here, database_name_here.wp_stc_joblist, 0, database_name_here, PRIMARY, 1, ID, A, 0, , , , BTREE, , , YES, </li>
<li>Executing: 
				WITH s AS (
					SELECT
						column_name,
						CASE
							WHEN MAX(index_name = 'PRIMARY') THEN 'PRI'
							WHEN MAX(non_unique = 0 AND seq_in_index = 1) THEN 'UNI'
							WHEN MAX(seq_in_index = 1) THEN 'MUL'
							ELSE ''
						END AS column_key
					FROM `_wp_sqlite_mysql_information_schema_statistics`
					WHERE table_schema = ?
					AND table_name = ?
					GROUP BY column_name
				)
				UPDATE `_wp_sqlite_mysql_information_schema_columns` AS c
				SET
					column_key = s.column_key,
					is_nullable = IIF(s.column_key = 'PRI', 'NO', c.is_nullable)
			    FROM s
			    WHERE c.table_schema = ?
			    AND c.table_name = ?
				AND s.column_name = c.column_name
			 | parameters: database_name_here, database_name_here.wp_stc_joblist, database_name_here, database_name_here.wp_stc_joblist</li>
<li>Executing: 
					SELECT column_name, data_type, is_nullable, character_maximum_length
					FROM `_wp_sqlite_mysql_information_schema_columns`
					WHERE table_schema = ?
					AND table_name = ?
					AND column_name IN (?)
				 | parameters: database_name_here, database_name_here.wp_stc_joblist, day</li>
<li>Executing: INSERT INTO `_wp_sqlite_mysql_information_schema_statistics` (`table_schema`, `table_name`, `non_unique`, `index_schema`, `index_name`, `seq_in_index`, `column_name`, `collation`, `cardinality`, `sub_part`, `packed`, `nullable`, `index_type`, `comment`, `index_comment`, `is_visible`, `expression`) VALUES (?, ?, ?, ?, ?, ?, ?, ?, ?, ?, ?, ?, ?, ?, ?, ?, ?) | parameters: database_name_here, database_name_here.wp_stc_joblist, 1, database_name_here, Days, 1, day, A, 0, 10, , , BTREE, , , YES, </li>
<li>Executing: 
				WITH s AS (
					SELECT
						column_name,
						CASE
							WHEN MAX(index_name = 'PRIMARY') THEN 'PRI'
							WHEN MAX(non_unique = 0 AND seq_in_index = 1) THEN 'UNI'
							WHEN MAX(seq_in_index = 1) THEN 'MUL'
							ELSE ''
						END AS column_key
					FROM `_wp_sqlite_mysql_information_schema_statistics`
					WHERE table_schema = ?
					AND table_name = ?
					GROUP BY column_name
				)
				UPDATE `_wp_sqlite_mysql_information_schema_columns` AS c
				SET
					column_key = s.column_key,
					is_nullable = IIF(s.column_key = 'PRI', 'NO', c.is_nullable)
			    FROM s
			    WHERE c.table_schema = ?
			    AND c.table_name = ?
				AND s.column_name = c.column_name
			 | parameters: database_name_here, database_name_here.wp_stc_joblist, database_name_here, database_name_here.wp_stc_joblist</li>
<li>Executing: 
				SELECT *
				FROM `_wp_sqlite_mysql_information_schema_tables`
				WHERE table_type = 'BASE TABLE'
				AND table_schema = ?
				AND table_name = ?
			 | parameters: database_name_here, wp_stc_joblist</li>
<li>Executing: ROLLBACK | (no parameters)</li>
</ol>
</div>
<div style="clear:both;margin-bottom:2px;border:red dotted thin;" class="error_message" style="border-bottom:dotted blue thin;">
Table 'wp_stc_joblist' doesn't exist
</div>
<p>Backtrace:</p>
<pre>#0 /internal/shared/sqlite-database-integration/wp-includes/sqlite-ast/class-wp-sqlite-driver.php(3123): WP_SQLite_Driver->new_driver_exception('Table 'wp_stc_j...', '42S02')
#1 /internal/shared/sqlite-database-integration/wp-includes/sqlite-ast/class-wp-sqlite-driver.php(1261): WP_SQLite_Driver->get_sqlite_create_table_statement(false, 'wp_stc_joblist')
#2 /internal/shared/sqlite-database-integration/wp-includes/sqlite-ast/class-wp-sqlite-driver.php(839): WP_SQLite_Driver->execute_create_table_statement(Object(WP_Parser_Node))
#3 /internal/shared/sqlite-database-integration/wp-includes/sqlite-ast/class-wp-sqlite-driver.php(669): WP_SQLite_Driver->execute_mysql_query(Object(WP_Parser_Node))
#4 /internal/shared/sqlite-database-integration/wp-includes/sqlite/class-wp-sqlite-db.php(491): WP_SQLite_Driver->query('CREATE TABLE `d...')
#5 /internal/shared/sqlite-database-integration/wp-includes/sqlite/class-wp-sqlite-db.php(432): WP_SQLite_DB->_do_query('CREATE TABLE `d...')
#6 /wordpress/wp-admin/includes/upgrade.php(3280): WP_SQLite_DB->query('CREATE TABLE `d...')
#7 /wordpress/wp-content/plugins/subscribe-to-category/classes/class-stc-subscribe.php(108): dbDelta(Array)
#8 /wordpress/wp-content/plugins/subscribe-to-category/classes/class-stc-subscribe.php(63): STC_Subscribe->init()
#9 /wordpress/wp-content/plugins/subscribe-to-category/classes/class-stc-subscribe.php(16): STC_Subscribe->__construct()
#10 /wordpress/wp-content/plugins/subscribe-to-category/subscribe-to-category.php(35): require_once('/wordpress/wp-c...')
#11 /wordpress/wp-admin/includes/plugin.php(2387): include_once('/wordpress/wp-c...')
#12 /wordpress/wp-admin/includes/plugin.php(673): plugin_sandbox_scrape('subscribe-to-ca...')
#13 /internal/eval.php(20): activate_plugin('subscribe-to-ca...')
#14 {main}</pre>
 for query CREATE TABLE `database_name_here`.`wp_stc_joblist` ( `ID` bigint(20) NOT NULL auto_increment, `day` text COLLATE utf8mb4_unicode_ci NOT NULL, `subscriber_id` text COLLATE utf8mb4_unicode_ci NOT NULL, `mobile_phone` text COLLATE utf8mb4_unicode_ci NOT NULL, `mobile_phone_status` text COLLATE utf8mb4_unicode_ci NOT NULL, `hash` text COLLATE utf8mb4_unicode_ci NOT NULL, `email` text COLLATE utf8mb4_unicode_ci NOT NULL, `post_id` bigint(20) NOT NULL, `reason` text COLLATE utf8mb4_unicode_ci NOT NULL, `merged` TINYINT(1) NOT NULL, PRIMARY KEY `order_id` (`ID`), KEY `Days` (`day`(10)) ) ENGINE=InnoDB DEFAULT CHARSET=utf8mb4 COLLATE=utf8mb4_unicode_ci made by activate_plugin, plugin_sandbox_scrape, include_once('/plugins/subscribe-to-category/subscribe-to-category.php'), require_once('/plugins/subscribe-to-category/classes/class-stc-subscribe.php'), STC_Subscribe->__construct, STC_Subscribe->init, dbDelta, WP_SQLite_DB->query, WP_SQLite_DB->print_error
[20-May-2025 03:45:01 UTC] WordPress database error <div style="clear:both">&nbsp;</div>
<div class="queries" style="clear:both;margin-bottom:2px;border:red dotted thin;">
<p>MySQL query:</p>
<p>CREATE TABLE `database_name_here`.`wp_stc_joblist` ( `ID` bigint(20) NOT NULL auto_increment, `day` text COLLATE utf8mb4_unicode_ci NOT NULL, `subscriber_id` text COLLATE utf8mb4_unicode_ci NOT NULL, `mobile_phone` text COLLATE utf8mb4_unicode_ci NOT NULL, `mobile_phone_status` text COLLATE utf8mb4_unicode_ci NOT NULL, `hash` text COLLATE utf8mb4_unicode_ci NOT NULL, `email` text COLLATE utf8mb4_unicode_ci NOT NULL, `post_id` bigint(20) NOT NULL, `reason` text COLLATE utf8mb4_unicode_ci NOT NULL, `merged` TINYINT(1) NOT NULL, PRIMARY KEY `order_id` (`ID`), KEY `Days` (`day`(10)) ) ENGINE=InnoDB DEFAULT CHARSET=utf8mb4 COLLATE=utf8mb4_unicode_ci</p>
<p>Queries made or created this session were:</p>
<ol>
<li>Executing: BEGIN | (no parameters)</li>
<li>Executing: INSERT INTO `_wp_sqlite_mysql_information_schema_tables` (`table_schema`, `table_name`, `table_type`, `engine`, `row_format`, `table_collation`, `table_comment`) VALUES (?, ?, ?, ?, ?, ?, ?) | parameters: database_name_here, database_name_here.wp_stc_joblist, BASE TABLE, InnoDB, Dynamic, utf8mb4_unicode_ci, </li>
<li>Executing: INSERT INTO `_wp_sqlite_mysql_information_schema_columns` (`table_schema`, `table_name`, `column_name`, `ordinal_position`, `column_default`, `is_nullable`, `data_type`, `character_maximum_length`, `character_octet_length`, `numeric_precision`, `numeric_scale`, `datetime_precision`, `character_set_name`, `collation_name`, `column_type`, `column_key`, `extra`, `privileges`, `column_comment`, `generation_expression`, `srs_id`) VALUES (?, ?, ?, ?, ?, ?, ?, ?, ?, ?, ?, ?, ?, ?, ?, ?, ?, ?, ?, ?, ?) | parameters: database_name_here, database_name_here.wp_stc_joblist, ID, 1, , NO, bigint, , , 19, 0, , , , bigint(20), , auto_increment, select,insert,update,references, , , </li>
<li>Executing: INSERT INTO `_wp_sqlite_mysql_information_schema_columns` (`table_schema`, `table_name`, `column_name`, `ordinal_position`, `column_default`, `is_nullable`, `data_type`, `character_maximum_length`, `character_octet_length`, `numeric_precision`, `numeric_scale`, `datetime_precision`, `character_set_name`, `collation_name`, `column_type`, `column_key`, `extra`, `privileges`, `column_comment`, `generation_expression`, `srs_id`) VALUES (?, ?, ?, ?, ?, ?, ?, ?, ?, ?, ?, ?, ?, ?, ?, ?, ?, ?, ?, ?, ?) | parameters: database_name_here, database_name_here.wp_stc_joblist, day, 2, , NO, text, 65535, 65535, , , , utf8mb4, utf8mb4_unicode_ci, text, , , select,insert,update,references, , , </li>
<li>Executing: INSERT INTO `_wp_sqlite_mysql_information_schema_columns` (`table_schema`, `table_name`, `column_name`, `ordinal_position`, `column_default`, `is_nullable`, `data_type`, `character_maximum_length`, `character_octet_length`, `numeric_precision`, `numeric_scale`, `datetime_precision`, `character_set_name`, `collation_name`, `column_type`, `column_key`, `extra`, `privileges`, `column_comment`, `generation_expression`, `srs_id`) VALUES (?, ?, ?, ?, ?, ?, ?, ?, ?, ?, ?, ?, ?, ?, ?, ?, ?, ?, ?, ?, ?) | parameters: database_name_here, database_name_here.wp_stc_joblist, subscriber_id, 3, , NO, text, 65535, 65535, , , , utf8mb4, utf8mb4_unicode_ci, text, , , select,insert,update,references, , , </li>
<li>Executing: INSERT INTO `_wp_sqlite_mysql_information_schema_columns` (`table_schema`, `table_name`, `column_name`, `ordinal_position`, `column_default`, `is_nullable`, `data_type`, `character_maximum_length`, `character_octet_length`, `numeric_precision`, `numeric_scale`, `datetime_precision`, `character_set_name`, `collation_name`, `column_type`, `column_key`, `extra`, `privileges`, `column_comment`, `generation_expression`, `srs_id`) VALUES (?, ?, ?, ?, ?, ?, ?, ?, ?, ?, ?, ?, ?, ?, ?, ?, ?, ?, ?, ?, ?) | parameters: database_name_here, database_name_here.wp_stc_joblist, mobile_phone, 4, , NO, text, 65535, 65535, , , , utf8mb4, utf8mb4_unicode_ci, text, , , select,insert,update,references, , , </li>
<li>Executing: INSERT INTO `_wp_sqlite_mysql_information_schema_columns` (`table_schema`, `table_name`, `column_name`, `ordinal_position`, `column_default`, `is_nullable`, `data_type`, `character_maximum_length`, `character_octet_length`, `numeric_precision`, `numeric_scale`, `datetime_precision`, `character_set_name`, `collation_name`, `column_type`, `column_key`, `extra`, `privileges`, `column_comment`, `generation_expression`, `srs_id`) VALUES (?, ?, ?, ?, ?, ?, ?, ?, ?, ?, ?, ?, ?, ?, ?, ?, ?, ?, ?, ?, ?) | parameters: database_name_here, database_name_here.wp_stc_joblist, mobile_phone_status, 5, , NO, text, 65535, 65535, , , , utf8mb4, utf8mb4_unicode_ci, text, , , select,insert,update,references, , , </li>
<li>Executing: INSERT INTO `_wp_sqlite_mysql_information_schema_columns` (`table_schema`, `table_name`, `column_name`, `ordinal_position`, `column_default`, `is_nullable`, `data_type`, `character_maximum_length`, `character_octet_length`, `numeric_precision`, `numeric_scale`, `datetime_precision`, `character_set_name`, `collation_name`, `column_type`, `column_key`, `extra`, `privileges`, `column_comment`, `generation_expression`, `srs_id`) VALUES (?, ?, ?, ?, ?, ?, ?, ?, ?, ?, ?, ?, ?, ?, ?, ?, ?, ?, ?, ?, ?) | parameters: database_name_here, database_name_here.wp_stc_joblist, hash, 6, , NO, text, 65535, 65535, , , , utf8mb4, utf8mb4_unicode_ci, text, , , select,insert,update,references, , , </li>
<li>Executing: INSERT INTO `_wp_sqlite_mysql_information_schema_columns` (`table_schema`, `table_name`, `column_name`, `ordinal_position`, `column_default`, `is_nullable`, `data_type`, `character_maximum_length`, `character_octet_length`, `numeric_precision`, `numeric_scale`, `datetime_precision`, `character_set_name`, `collation_name`, `column_type`, `column_key`, `extra`, `privileges`, `column_comment`, `generation_expression`, `srs_id`) VALUES (?, ?, ?, ?, ?, ?, ?, ?, ?, ?, ?, ?, ?, ?, ?, ?, ?, ?, ?, ?, ?) | parameters: database_name_here, database_name_here.wp_stc_joblist, email, 7, , NO, text, 65535, 65535, , , , utf8mb4, utf8mb4_unicode_ci, text, , , select,insert,update,references, , , </li>
<li>Executing: INSERT INTO `_wp_sqlite_mysql_information_schema_columns` (`table_schema`, `table_name`, `column_name`, `ordinal_position`, `column_default`, `is_nullable`, `data_type`, `character_maximum_length`, `character_octet_length`, `numeric_precision`, `numeric_scale`, `datetime_precision`, `character_set_name`, `collation_name`, `column_type`, `column_key`, `extra`, `privileges`, `column_comment`, `generation_expression`, `srs_id`) VALUES (?, ?, ?, ?, ?, ?, ?, ?, ?, ?, ?, ?, ?, ?, ?, ?, ?, ?, ?, ?, ?) | parameters: database_name_here, database_name_here.wp_stc_joblist, post_id, 8, , NO, bigint, , , 19, 0, , , , bigint(20), , , select,insert,update,references, , , </li>
<li>Executing: INSERT INTO `_wp_sqlite_mysql_information_schema_columns` (`table_schema`, `table_name`, `column_name`, `ordinal_position`, `column_default`, `is_nullable`, `data_type`, `character_maximum_length`, `character_octet_length`, `numeric_precision`, `numeric_scale`, `datetime_precision`, `character_set_name`, `collation_name`, `column_type`, `column_key`, `extra`, `privileges`, `column_comment`, `generation_expression`, `srs_id`) VALUES (?, ?, ?, ?, ?, ?, ?, ?, ?, ?, ?, ?, ?, ?, ?, ?, ?, ?, ?, ?, ?) | parameters: database_name_here, database_name_here.wp_stc_joblist, reason, 9, , NO, text, 65535, 65535, , , , utf8mb4, utf8mb4_unicode_ci, text, , , select,insert,update,references, , , </li>
<li>Executing: INSERT INTO `_wp_sqlite_mysql_information_schema_columns` (`table_schema`, `table_name`, `column_name`, `ordinal_position`, `column_default`, `is_nullable`, `data_type`, `character_maximum_length`, `character_octet_length`, `numeric_precision`, `numeric_scale`, `datetime_precision`, `character_set_name`, `collation_name`, `column_type`, `column_key`, `extra`, `privileges`, `column_comment`, `generation_expression`, `srs_id`) VALUES (?, ?, ?, ?, ?, ?, ?, ?, ?, ?, ?, ?, ?, ?, ?, ?, ?, ?, ?, ?, ?) | parameters: database_name_here, database_name_here.wp_stc_joblist, merged, 10, , NO, tinyint, , , 3, 0, , , , tinyint(1), , , select,insert,update,references, , , </li>
<li>Executing: 
					SELECT column_name, data_type, is_nullable, character_maximum_length
					FROM `_wp_sqlite_mysql_information_schema_columns`
					WHERE table_schema = ?
					AND table_name = ?
					AND column_name IN (?)
				 | parameters: database_name_here, database_name_here.wp_stc_joblist, ID</li>
<li>Executing: INSERT INTO `_wp_sqlite_mysql_information_schema_statistics` (`table_schema`, `table_name`, `non_unique`, `index_schema`, `index_name`, `seq_in_index`, `column_name`, `collation`, `cardinality`, `sub_part`, `packed`, `nullable`, `index_type`, `comment`, `index_comment`, `is_visible`, `expression`) VALUES (?, ?, ?, ?, ?, ?, ?, ?, ?, ?, ?, ?, ?, ?, ?, ?, ?) | parameters: database_name_here, database_name_here.wp_stc_joblist, 0, database_name_here, PRIMARY, 1, ID, A, 0, , , , BTREE, , , YES, </li>
<li>Executing: 
				WITH s AS (
					SELECT
						column_name,
						CASE
							WHEN MAX(index_name = 'PRIMARY') THEN 'PRI'
							WHEN MAX(non_unique = 0 AND seq_in_index = 1) THEN 'UNI'
							WHEN MAX(seq_in_index = 1) THEN 'MUL'
							ELSE ''
						END AS column_key
					FROM `_wp_sqlite_mysql_information_schema_statistics`
					WHERE table_schema = ?
					AND table_name = ?
					GROUP BY column_name
				)
				UPDATE `_wp_sqlite_mysql_information_schema_columns` AS c
				SET
					column_key = s.column_key,
					is_nullable = IIF(s.column_key = 'PRI', 'NO', c.is_nullable)
			    FROM s
			    WHERE c.table_schema = ?
			    AND c.table_name = ?
				AND s.column_name = c.column_name
			 | parameters: database_name_here, database_name_here.wp_stc_joblist, database_name_here, database_name_here.wp_stc_joblist</li>
<li>Executing: 
					SELECT column_name, data_type, is_nullable, character_maximum_length
					FROM `_wp_sqlite_mysql_information_schema_columns`
					WHERE table_schema = ?
					AND table_name = ?
					AND column_name IN (?)
				 | parameters: database_name_here, database_name_here.wp_stc_joblist, day</li>
<li>Executing: INSERT INTO `_wp_sqlite_mysql_information_schema_statistics` (`table_schema`, `table_name`, `non_unique`, `index_schema`, `index_name`, `seq_in_index`, `column_name`, `collation`, `cardinality`, `sub_part`, `packed`, `nullable`, `index_type`, `comment`, `index_comment`, `is_visible`, `expression`) VALUES (?, ?, ?, ?, ?, ?, ?, ?, ?, ?, ?, ?, ?, ?, ?, ?, ?) | parameters: database_name_here, database_name_here.wp_stc_joblist, 1, database_name_here, Days, 1, day, A, 0, 10, , , BTREE, , , YES, </li>
<li>Executing: 
				WITH s AS (
					SELECT
						column_name,
						CASE
							WHEN MAX(index_name = 'PRIMARY') THEN 'PRI'
							WHEN MAX(non_unique = 0 AND seq_in_index = 1) THEN 'UNI'
							WHEN MAX(seq_in_index = 1) THEN 'MUL'
							ELSE ''
						END AS column_key
					FROM `_wp_sqlite_mysql_information_schema_statistics`
					WHERE table_schema = ?
					AND table_name = ?
					GROUP BY column_name
				)
				UPDATE `_wp_sqlite_mysql_information_schema_columns` AS c
				SET
					column_key = s.column_key,
					is_nullable = IIF(s.column_key = 'PRI', 'NO', c.is_nullable)
			    FROM s
			    WHERE c.table_schema = ?
			    AND c.table_name = ?
				AND s.column_name = c.column_name
			 | parameters: database_name_here, database_name_here.wp_stc_joblist, database_name_here, database_name_here.wp_stc_joblist</li>
<li>Executing: 
				SELECT *
				FROM `_wp_sqlite_mysql_information_schema_tables`
				WHERE table_type = 'BASE TABLE'
				AND table_schema = ?
				AND table_name = ?
			 | parameters: database_name_here, wp_stc_joblist</li>
<li>Executing: ROLLBACK | (no parameters)</li>
</ol>
</div>
<div style="clear:both;margin-bottom:2px;border:red dotted thin;" class="error_message" style="border-bottom:dotted blue thin;">
Table 'wp_stc_joblist' doesn't exist
</div>
<p>Backtrace:</p>
<pre>#0 /internal/shared/sqlite-database-integration/wp-includes/sqlite-ast/class-wp-sqlite-driver.php(3123): WP_SQLite_Driver->new_driver_exception('Table 'wp_stc_j...', '42S02')
#1 /internal/shared/sqlite-database-integration/wp-includes/sqlite-ast/class-wp-sqlite-driver.php(1261): WP_SQLite_Driver->get_sqlite_create_table_statement(false, 'wp_stc_joblist')
#2 /internal/shared/sqlite-database-integration/wp-includes/sqlite-ast/class-wp-sqlite-driver.php(839): WP_SQLite_Driver->execute_create_table_statement(Object(WP_Parser_Node))
#3 /internal/shared/sqlite-database-integration/wp-includes/sqlite-ast/class-wp-sqlite-driver.php(669): WP_SQLite_Driver->execute_mysql_query(Object(WP_Parser_Node))
#4 /internal/shared/sqlite-database-integration/wp-includes/sqlite/class-wp-sqlite-db.php(491): WP_SQLite_Driver->query('CREATE TABLE `d...')
#5 /internal/shared/sqlite-database-integration/wp-includes/sqlite/class-wp-sqlite-db.php(432): WP_SQLite_DB->_do_query('CREATE TABLE `d...')
#6 /wordpress/wp-admin/includes/upgrade.php(3280): WP_SQLite_DB->query('CREATE TABLE `d...')
#7 /wordpress/wp-content/plugins/subscribe-to-category/classes/class-stc-subscribe.php(108): dbDelta(Array)
#8 /wordpress/wp-content/plugins/subscribe-to-category/classes/class-stc-subscribe.php(63): STC_Subscribe->init()
#9 /wordpress/wp-content/plugins/subscribe-to-category/classes/class-stc-subscribe.php(16): STC_Subscribe->__construct()
#10 /wordpress/wp-content/plugins/subscribe-to-category/subscribe-to-category.php(35): require_once('/wordpress/wp-c...')
#11 /wordpress/wp-settings.php(545): include_once('/wordpress/wp-c...')
#12 /wordpress/wp-config.php(102): require_once('/wordpress/wp-s...')
#13 /wordpress/wp-load.php(50): require_once('/wordpress/wp-c...')
#14 /internal/eval.php(3): require_once('/wordpress/wp-l...')
#15 {main}</pre>
 for query CREATE TABLE `database_name_here`.`wp_stc_joblist` ( `ID` bigint(20) NOT NULL auto_increment, `day` text COLLATE utf8mb4_unicode_ci NOT NULL, `subscriber_id` text COLLATE utf8mb4_unicode_ci NOT NULL, `mobile_phone` text COLLATE utf8mb4_unicode_ci NOT NULL, `mobile_phone_status` text COLLATE utf8mb4_unicode_ci NOT NULL, `hash` text COLLATE utf8mb4_unicode_ci NOT NULL, `email` text COLLATE utf8mb4_unicode_ci NOT NULL, `post_id` bigint(20) NOT NULL, `reason` text COLLATE utf8mb4_unicode_ci NOT NULL, `merged` TINYINT(1) NOT NULL, PRIMARY KEY `order_id` (`ID`), KEY `Days` (`day`(10)) ) ENGINE=InnoDB DEFAULT CHARSET=utf8mb4 COLLATE=utf8mb4_unicode_ci made by require_once('wp-load.php'), require_once('wp-config.php'), require_once('wp-settings.php'), include_once('/plugins/subscribe-to-category/subscribe-to-category.php'), require_once('/plugins/subscribe-to-category/classes/class-stc-subscribe.php'), STC_Subscribe->__construct, STC_Subscribe->init, dbDelta, WP_SQLite_DB->query, WP_SQLite_DB->print_error
[20-May-2025 03:45:01 UTC] PHP Notice:  Function _load_textdomain_just_in_time was called <strong>incorrectly</strong>. Translation loading for the <code>subscribe-to-category</code> domain was triggered too early. This is usually an indicator for some code in the plugin or theme running too early. Translations should be loaded at the <code>init</code> action or later. Please see <a href="https://developer.wordpress.org/advanced-administration/debug/debug-wordpress/">Debugging in WordPress</a> for more information. (This message was added in version 6.7.0.) in /wordpress/wp-includes/functions.php on line 6121
[20-May-2025 03:45:13 UTC] WordPress database error <div style="clear:both">&nbsp;</div>
<div class="queries" style="clear:both;margin-bottom:2px;border:red dotted thin;">
<p>MySQL query:</p>
<p>CREATE TABLE ``.`wp_stc_joblist` ( `ID` bigint(20) NOT NULL auto_increment, `day` text COLLATE utf8mb4_unicode_ci NOT NULL, `subscriber_id` text COLLATE utf8mb4_unicode_ci NOT NULL, `mobile_phone` text COLLATE utf8mb4_unicode_ci NOT NULL, `mobile_phone_status` text COLLATE utf8mb4_unicode_ci NOT NULL, `hash` text COLLATE utf8mb4_unicode_ci NOT NULL, `email` text COLLATE utf8mb4_unicode_ci NOT NULL, `post_id` bigint(20) NOT NULL, `reason` text COLLATE utf8mb4_unicode_ci NOT NULL, `merged` TINYINT(1) NOT NULL, PRIMARY KEY `order_id` (`ID`), KEY `Days` (`day`(10)) ) ENGINE=InnoDB DEFAULT CHARSET=utf8mb4 COLLATE=utf8mb4_unicode_ci</p>
<p>Queries made or created this session were:</p>
<ol>
<li>Executing: BEGIN | (no parameters)</li>
<li>Executing: ROLLBACK | (no parameters)</li>
</ol>
</div>
<div style="clear:both;margin-bottom:2px;border:red dotted thin;" class="error_message" style="border-bottom:dotted blue thin;">
Error occurred at line 4117 in Function <code>handle_error</code>. Error message was: Cannot combine AUTOINCREMENT and multiple primary keys in SQLite.
</div>
<p>Backtrace:</p>
<pre>#0 /internal/shared/sqlite-database-integration/wp-includes/sqlite/class-wp-sqlite-db.php(287): WP_SQLite_Translator->get_error_message()
#1 /wordpress/wp-admin/includes/upgrade.php(3280): WP_SQLite_DB->query('CREATE TABLE ``...')
#2 /wordpress/wp-content/plugins/subscribe-to-category/classes/class-stc-subscribe.php(108): dbDelta(Array)
#3 /wordpress/wp-content/plugins/subscribe-to-category/classes/class-stc-subscribe.php(63): STC_Subscribe->init()
#4 /wordpress/wp-content/plugins/subscribe-to-category/classes/class-stc-subscribe.php(16): STC_Subscribe->__construct()
#5 /wordpress/wp-content/plugins/subscribe-to-category/subscribe-to-category.php(35): require_once('/wordpress/wp-c...')
#6 /wordpress/wp-admin/includes/plugin.php(2387): include_once('/wordpress/wp-c...')
#7 /wordpress/wp-admin/includes/plugin.php(673): plugin_sandbox_scrape('subscribe-to-ca...')
#8 /internal/eval.php(20): activate_plugin('subscribe-to-ca...')
#9 {main}</pre>
 for query CREATE TABLE ``.`wp_stc_joblist` ( `ID` bigint(20) NOT NULL auto_increment, `day` text COLLATE utf8mb4_unicode_ci NOT NULL, `subscriber_id` text COLLATE utf8mb4_unicode_ci NOT NULL, `mobile_phone` text COLLATE utf8mb4_unicode_ci NOT NULL, `mobile_phone_status` text COLLATE utf8mb4_unicode_ci NOT NULL, `hash` text COLLATE utf8mb4_unicode_ci NOT NULL, `email` text COLLATE utf8mb4_unicode_ci NOT NULL, `post_id` bigint(20) NOT NULL, `reason` text COLLATE utf8mb4_unicode_ci NOT NULL, `merged` TINYINT(1) NOT NULL, PRIMARY KEY `order_id` (`ID`), KEY `Days` (`day`(10)) ) ENGINE=InnoDB DEFAULT CHARSET=utf8mb4 COLLATE=utf8mb4_unicode_ci made by activate_plugin, plugin_sandbox_scrape, include_once('/plugins/subscribe-to-category/subscribe-to-category.php'), require_once('/plugins/subscribe-to-category/classes/class-stc-subscribe.php'), STC_Subscribe->__construct, STC_Subscribe->init, dbDelta, WP_SQLite_DB->query, WP_SQLite_DB->print_error
[20-May-2025 03:45:14 UTC] WordPress database error <div style="clear:both">&nbsp;</div>
<div class="queries" style="clear:both;margin-bottom:2px;border:red dotted thin;">
<p>MySQL query:</p>
<p>CREATE TABLE ``.`wp_stc_joblist` ( `ID` bigint(20) NOT NULL auto_increment, `day` text COLLATE utf8mb4_unicode_ci NOT NULL, `subscriber_id` text COLLATE utf8mb4_unicode_ci NOT NULL, `mobile_phone` text COLLATE utf8mb4_unicode_ci NOT NULL, `mobile_phone_status` text COLLATE utf8mb4_unicode_ci NOT NULL, `hash` text COLLATE utf8mb4_unicode_ci NOT NULL, `email` text COLLATE utf8mb4_unicode_ci NOT NULL, `post_id` bigint(20) NOT NULL, `reason` text COLLATE utf8mb4_unicode_ci NOT NULL, `merged` TINYINT(1) NOT NULL, PRIMARY KEY `order_id` (`ID`), KEY `Days` (`day`(10)) ) ENGINE=InnoDB DEFAULT CHARSET=utf8mb4 COLLATE=utf8mb4_unicode_ci</p>
<p>Queries made or created this session were:</p>
<ol>
<li>Executing: BEGIN | (no parameters)</li>
<li>Executing: ROLLBACK | (no parameters)</li>
</ol>
</div>
<div style="clear:both;margin-bottom:2px;border:red dotted thin;" class="error_message" style="border-bottom:dotted blue thin;">
Error occurred at line 4117 in Function <code>handle_error</code>. Error message was: Cannot combine AUTOINCREMENT and multiple primary keys in SQLite.
</div>
<p>Backtrace:</p>
<pre>#0 /internal/shared/sqlite-database-integration/wp-includes/sqlite/class-wp-sqlite-db.php(287): WP_SQLite_Translator->get_error_message()
#1 /wordpress/wp-admin/includes/upgrade.php(3280): WP_SQLite_DB->query('CREATE TABLE ``...')
#2 /wordpress/wp-content/plugins/subscribe-to-category/classes/class-stc-subscribe.php(108): dbDelta(Array)
#3 /wordpress/wp-content/plugins/subscribe-to-category/classes/class-stc-subscribe.php(63): STC_Subscribe->init()
#4 /wordpress/wp-content/plugins/subscribe-to-category/classes/class-stc-subscribe.php(16): STC_Subscribe->__construct()
#5 /wordpress/wp-content/plugins/subscribe-to-category/subscribe-to-category.php(35): require_once('/wordpress/wp-c...')
#6 /wordpress/wp-settings.php(545): include_once('/wordpress/wp-c...')
#7 /wordpress/wp-config.php(102): require_once('/wordpress/wp-s...')
#8 /wordpress/wp-load.php(50): require_once('/wordpress/wp-c...')
#9 /internal/eval.php(3): require_once('/wordpress/wp-l...')
#10 {main}</pre>
 for query CREATE TABLE ``.`wp_stc_joblist` ( `ID` bigint(20) NOT NULL auto_increment, `day` text COLLATE utf8mb4_unicode_ci NOT NULL, `subscriber_id` text COLLATE utf8mb4_unicode_ci NOT NULL, `mobile_phone` text COLLATE utf8mb4_unicode_ci NOT NULL, `mobile_phone_status` text COLLATE utf8mb4_unicode_ci NOT NULL, `hash` text COLLATE utf8mb4_unicode_ci NOT NULL, `email` text COLLATE utf8mb4_unicode_ci NOT NULL, `post_id` bigint(20) NOT NULL, `reason` text COLLATE utf8mb4_unicode_ci NOT NULL, `merged` TINYINT(1) NOT NULL, PRIMARY KEY `order_id` (`ID`), KEY `Days` (`day`(10)) ) ENGINE=InnoDB DEFAULT CHARSET=utf8mb4 COLLATE=utf8mb4_unicode_ci made by require_once('wp-load.php'), require_once('wp-config.php'), require_once('wp-settings.php'), include_once('/plugins/subscribe-to-category/subscribe-to-category.php'), require_once('/plugins/subscribe-to-category/classes/class-stc-subscribe.php'), STC_Subscribe->__construct, STC_Subscribe->init, dbDelta, WP_SQLite_DB->query, WP_SQLite_DB->print_error
[20-May-2025 03:45:14 UTC] PHP Notice:  Function _load_textdomain_just_in_time was called <strong>incorrectly</strong>. Translation loading for the <code>subscribe-to-category</code> domain was triggered too early. This is usually an indicator for some code in the plugin or theme running too early. Translations should be loaded at the <code>init</code> action or later. Please see <a href="https://developer.wordpress.org/advanced-administration/debug/debug-wordpress/">Debugging in WordPress</a> for more information. (This message was added in version 6.7.0.) in /wordpress/wp-includes/functions.php on line 6121
[20-May-2025 03:45:27 UTC] WordPress database error <div style="clear:both">&nbsp;</div>
<div class="queries" style="clear:both;margin-bottom:2px;border:red dotted thin;">
<p>MySQL query:</p>
<p>CREATE TABLE ``.`wp_stc_joblist` ( `ID` bigint(20) NOT NULL auto_increment, `day` text COLLATE utf8mb4_unicode_ci NOT NULL, `subscriber_id` text COLLATE utf8mb4_unicode_ci NOT NULL, `mobile_phone` text COLLATE utf8mb4_unicode_ci NOT NULL, `mobile_phone_status` text COLLATE utf8mb4_unicode_ci NOT NULL, `hash` text COLLATE utf8mb4_unicode_ci NOT NULL, `email` text COLLATE utf8mb4_unicode_ci NOT NULL, `post_id` bigint(20) NOT NULL, `reason` text COLLATE utf8mb4_unicode_ci NOT NULL, `merged` TINYINT(1) NOT NULL, PRIMARY KEY `order_id` (`ID`), KEY `Days` (`day`(10)) ) ENGINE=InnoDB DEFAULT CHARSET=utf8mb4 COLLATE=utf8mb4_unicode_ci</p>
<p>Queries made or created this session were:</p>
<ol>
<li>Executing: BEGIN | (no parameters)</li>
<li>Executing: ROLLBACK | (no parameters)</li>
</ol>
</div>
<div style="clear:both;margin-bottom:2px;border:red dotted thin;" class="error_message" style="border-bottom:dotted blue thin;">
Error occurred at line 4117 in Function <code>handle_error</code>. Error message was: Cannot combine AUTOINCREMENT and multiple primary keys in SQLite.
</div>
<p>Backtrace:</p>
<pre>#0 /internal/shared/sqlite-database-integration/wp-includes/sqlite/class-wp-sqlite-db.php(287): WP_SQLite_Translator->get_error_message()
#1 /wordpress/wp-admin/includes/upgrade.php(3280): WP_SQLite_DB->query('CREATE TABLE ``...')
#2 /wordpress/wp-content/plugins/subscribe-to-category/classes/class-stc-subscribe.php(108): dbDelta(Array)
#3 /wordpress/wp-content/plugins/subscribe-to-category/classes/class-stc-subscribe.php(63): STC_Subscribe->init()
#4 /wordpress/wp-content/plugins/subscribe-to-category/classes/class-stc-subscribe.php(16): STC_Subscribe->__construct()
#5 /wordpress/wp-content/plugins/subscribe-to-category/subscribe-to-category.php(35): require_once('/wordpress/wp-c...')
#6 /wordpress/wp-admin/includes/plugin.php(2387): include_once('/wordpress/wp-c...')
#7 /wordpress/wp-admin/includes/plugin.php(673): plugin_sandbox_scrape('subscribe-to-ca...')
#8 /internal/eval.php(20): activate_plugin('subscribe-to-ca...')
#9 {main}</pre>
 for query CREATE TABLE ``.`wp_stc_joblist` ( `ID` bigint(20) NOT NULL auto_increment, `day` text COLLATE utf8mb4_unicode_ci NOT NULL, `subscriber_id` text COLLATE utf8mb4_unicode_ci NOT NULL, `mobile_phone` text COLLATE utf8mb4_unicode_ci NOT NULL, `mobile_phone_status` text COLLATE utf8mb4_unicode_ci NOT NULL, `hash` text COLLATE utf8mb4_unicode_ci NOT NULL, `email` text COLLATE utf8mb4_unicode_ci NOT NULL, `post_id` bigint(20) NOT NULL, `reason` text COLLATE utf8mb4_unicode_ci NOT NULL, `merged` TINYINT(1) NOT NULL, PRIMARY KEY `order_id` (`ID`), KEY `Days` (`day`(10)) ) ENGINE=InnoDB DEFAULT CHARSET=utf8mb4 COLLATE=utf8mb4_unicode_ci made by activate_plugin, plugin_sandbox_scrape, include_once('/plugins/subscribe-to-category/subscribe-to-category.php'), require_once('/plugins/subscribe-to-category/classes/class-stc-subscribe.php'), STC_Subscribe->__construct, STC_Subscribe->init, dbDelta, WP_SQLite_DB->query, WP_SQLite_DB->print_error
[20-May-2025 03:45:28 UTC] WordPress database error <div style="clear:both">&nbsp;</div>
<div class="queries" style="clear:both;margin-bottom:2px;border:red dotted thin;">
<p>MySQL query:</p>
<p>CREATE TABLE ``.`wp_stc_joblist` ( `ID` bigint(20) NOT NULL auto_increment, `day` text COLLATE utf8mb4_unicode_ci NOT NULL, `subscriber_id` text COLLATE utf8mb4_unicode_ci NOT NULL, `mobile_phone` text COLLATE utf8mb4_unicode_ci NOT NULL, `mobile_phone_status` text COLLATE utf8mb4_unicode_ci NOT NULL, `hash` text COLLATE utf8mb4_unicode_ci NOT NULL, `email` text COLLATE utf8mb4_unicode_ci NOT NULL, `post_id` bigint(20) NOT NULL, `reason` text COLLATE utf8mb4_unicode_ci NOT NULL, `merged` TINYINT(1) NOT NULL, PRIMARY KEY `order_id` (`ID`), KEY `Days` (`day`(10)) ) ENGINE=InnoDB DEFAULT CHARSET=utf8mb4 COLLATE=utf8mb4_unicode_ci</p>
<p>Queries made or created this session were:</p>
<ol>
<li>Executing: BEGIN | (no parameters)</li>
<li>Executing: ROLLBACK | (no parameters)</li>
</ol>
</div>
<div style="clear:both;margin-bottom:2px;border:red dotted thin;" class="error_message" style="border-bottom:dotted blue thin;">
Error occurred at line 4117 in Function <code>handle_error</code>. Error message was: Cannot combine AUTOINCREMENT and multiple primary keys in SQLite.
</div>
<p>Backtrace:</p>
<pre>#0 /internal/shared/sqlite-database-integration/wp-includes/sqlite/class-wp-sqlite-db.php(287): WP_SQLite_Translator->get_error_message()
#1 /wordpress/wp-admin/includes/upgrade.php(3280): WP_SQLite_DB->query('CREATE TABLE ``...')
#2 /wordpress/wp-content/plugins/subscribe-to-category/classes/class-stc-subscribe.php(108): dbDelta(Array)
#3 /wordpress/wp-content/plugins/subscribe-to-category/classes/class-stc-subscribe.php(63): STC_Subscribe->init()
#4 /wordpress/wp-content/plugins/subscribe-to-category/classes/class-stc-subscribe.php(16): STC_Subscribe->__construct()
#5 /wordpress/wp-content/plugins/subscribe-to-category/subscribe-to-category.php(35): require_once('/wordpress/wp-c...')
#6 /wordpress/wp-settings.php(545): include_once('/wordpress/wp-c...')
#7 /wordpress/wp-config.php(102): require_once('/wordpress/wp-s...')
#8 /wordpress/wp-load.php(50): require_once('/wordpress/wp-c...')
#9 /internal/eval.php(3): require_once('/wordpress/wp-l...')
#10 {main}</pre>
 for query CREATE TABLE ``.`wp_stc_joblist` ( `ID` bigint(20) NOT NULL auto_increment, `day` text COLLATE utf8mb4_unicode_ci NOT NULL, `subscriber_id` text COLLATE utf8mb4_unicode_ci NOT NULL, `mobile_phone` text COLLATE utf8mb4_unicode_ci NOT NULL, `mobile_phone_status` text COLLATE utf8mb4_unicode_ci NOT NULL, `hash` text COLLATE utf8mb4_unicode_ci NOT NULL, `email` text COLLATE utf8mb4_unicode_ci NOT NULL, `post_id` bigint(20) NOT NULL, `reason` text COLLATE utf8mb4_unicode_ci NOT NULL, `merged` TINYINT(1) NOT NULL, PRIMARY KEY `order_id` (`ID`), KEY `Days` (`day`(10)) ) ENGINE=InnoDB DEFAULT CHARSET=utf8mb4 COLLATE=utf8mb4_unicode_ci made by require_once('wp-load.php'), require_once('wp-config.php'), require_once('wp-settings.php'), include_once('/plugins/subscribe-to-category/subscribe-to-category.php'), require_once('/plugins/subscribe-to-category/classes/class-stc-subscribe.php'), STC_Subscribe->__construct, STC_Subscribe->init, dbDelta, WP_SQLite_DB->query, WP_SQLite_DB->print_error
[20-May-2025 03:45:28 UTC] PHP Notice:  Function _load_textdomain_just_in_time was called <strong>incorrectly</strong>. Translation loading for the <code>subscribe-to-category</code> domain was triggered too early. This is usually an indicator for some code in the plugin or theme running too early. Translations should be loaded at the <code>init</code> action or later. Please see <a href="https://developer.wordpress.org/advanced-administration/debug/debug-wordpress/">Debugging in WordPress</a> for more information. (This message was added in version 6.7.0.) in /wordpress/wp-includes/functions.php on line 6121
[20-May-2025 03:47:05 UTC] PHP Notice:  Function wp_enqueue_style was called <strong>incorrectly</strong>. Scripts and styles should not be registered or enqueued until the <code>wp_enqueue_scripts</code>, <code>admin_enqueue_scripts</code>, or <code>login_enqueue_scripts</code> hooks. This notice was triggered by the <code>scn_style</code> handle. Please see <a href="https://developer.wordpress.org/advanced-administration/debug/debug-wordpress/">Debugging in WordPress</a> for more information. (This message was added in version 3.3.0.) in /wordpress/wp-includes/functions.php on line 6121
[20-May-2025 03:47:05 UTC] PHP Notice:  Function is_feed was called <strong>incorrectly</strong>. Conditional query tags do not work before the query is run. Before then, they always return false. Please see <a href="https://developer.wordpress.org/advanced-administration/debug/debug-wordpress/">Debugging in WordPress</a> for more information. (This message was added in version 3.1.0.) in /wordpress/wp-includes/functions.php on line 6121
[20-May-2025 03:47:05 UTC] PHP Notice:  Function wp_enqueue_script was called <strong>incorrectly</strong>. Scripts and styles should not be registered or enqueued until the <code>wp_enqueue_scripts</code>, <code>admin_enqueue_scripts</code>, or <code>login_enqueue_scripts</code> hooks. This notice was triggered by the <code>scn_scripts</code> handle. Please see <a href="https://developer.wordpress.org/advanced-administration/debug/debug-wordpress/">Debugging in WordPress</a> for more information. (This message was added in version 3.3.0.) in /wordpress/wp-includes/functions.php on line 6121
[20-May-2025 03:47:15 UTC] PHP Notice:  Function wp_enqueue_style was called <strong>incorrectly</strong>. Scripts and styles should not be registered or enqueued until the <code>wp_enqueue_scripts</code>, <code>admin_enqueue_scripts</code>, or <code>login_enqueue_scripts</code> hooks. This notice was triggered by the <code>scn_style</code> handle. Please see <a href="https://developer.wordpress.org/advanced-administration/debug/debug-wordpress/">Debugging in WordPress</a> for more information. (This message was added in version 3.3.0.) in /wordpress/wp-includes/functions.php on line 6121
[20-May-2025 03:47:15 UTC] PHP Notice:  Function is_feed was called <strong>incorrectly</strong>. Conditional query tags do not work before the query is run. Before then, they always return false. Please see <a href="https://developer.wordpress.org/advanced-administration/debug/debug-wordpress/">Debugging in WordPress</a> for more information. (This message was added in version 3.1.0.) in /wordpress/wp-includes/functions.php on line 6121
[20-May-2025 03:47:15 UTC] PHP Notice:  Function wp_enqueue_script was called <strong>incorrectly</strong>. Scripts and styles should not be registered or enqueued until the <code>wp_enqueue_scripts</code>, <code>admin_enqueue_scripts</code>, or <code>login_enqueue_scripts</code> hooks. This notice was triggered by the <code>scn_scripts</code> handle. Please see <a href="https://developer.wordpress.org/advanced-administration/debug/debug-wordpress/">Debugging in WordPress</a> for more information. (This message was added in version 3.3.0.) in /wordpress/wp-includes/functions.php on line 6121
[20-May-2025 03:47:25 UTC] PHP Notice:  Function wp_enqueue_style was called <strong>incorrectly</strong>. Scripts and styles should not be registered or enqueued until the <code>wp_enqueue_scripts</code>, <code>admin_enqueue_scripts</code>, or <code>login_enqueue_scripts</code> hooks. This notice was triggered by the <code>scn_style</code> handle. Please see <a href="https://developer.wordpress.org/advanced-administration/debug/debug-wordpress/">Debugging in WordPress</a> for more information. (This message was added in version 3.3.0.) in /wordpress/wp-includes/functions.php on line 6121
[20-May-2025 03:47:25 UTC] PHP Notice:  Function is_feed was called <strong>incorrectly</strong>. Conditional query tags do not work before the query is run. Before then, they always return false. Please see <a href="https://developer.wordpress.org/advanced-administration/debug/debug-wordpress/">Debugging in WordPress</a> for more information. (This message was added in version 3.1.0.) in /wordpress/wp-includes/functions.php on line 6121
[20-May-2025 03:47:25 UTC] PHP Notice:  Function wp_enqueue_script was called <strong>incorrectly</strong>. Scripts and styles should not be registered or enqueued until the <code>wp_enqueue_scripts</code>, <code>admin_enqueue_scripts</code>, or <code>login_enqueue_scripts</code> hooks. This notice was triggered by the <code>scn_scripts</code> handle. Please see <a href="https://developer.wordpress.org/advanced-administration/debug/debug-wordpress/">Debugging in WordPress</a> for more information. (This message was added in version 3.3.0.) in /wordpress/wp-includes/functions.php on line 6121
[20-May-2025 03:47:35 UTC] PHP Notice:  Function _load_textdomain_just_in_time was called <strong>incorrectly</strong>. Translation loading for the <code>wpsp</code> domain was triggered too early. This is usually an indicator for some code in the plugin or theme running too early. Translations should be loaded at the <code>init</code> action or later. Please see <a href="https://developer.wordpress.org/advanced-administration/debug/debug-wordpress/">Debugging in WordPress</a> for more information. (This message was added in version 6.7.0.) in /wordpress/wp-includes/functions.php on line 6121
[20-May-2025 03:47:44 UTC] PHP Notice:  Function _load_textdomain_just_in_time was called <strong>incorrectly</strong>. Translation loading for the <code>wpsp</code> domain was triggered too early. This is usually an indicator for some code in the plugin or theme running too early. Translations should be loaded at the <code>init</code> action or later. Please see <a href="https://developer.wordpress.org/advanced-administration/debug/debug-wordpress/">Debugging in WordPress</a> for more information. (This message was added in version 6.7.0.) in /wordpress/wp-includes/functions.php on line 6121
[20-May-2025 03:47:53 UTC] PHP Notice:  Function _load_textdomain_just_in_time was called <strong>incorrectly</strong>. Translation loading for the <code>wpsp</code> domain was triggered too early. This is usually an indicator for some code in the plugin or theme running too early. Translations should be loaded at the <code>init</code> action or later. Please see <a href="https://developer.wordpress.org/advanced-administration/debug/debug-wordpress/">Debugging in WordPress</a> for more information. (This message was added in version 6.7.0.) in /wordpress/wp-includes/functions.php on line 6121
[20-May-2025 03:48:01 UTC] PHP Deprecated:  Required parameter $code follows optional parameter $content in /wordpress/wp-content/plugins/smart-video/smart-video.php on line 14
[20-May-2025 03:48:02 UTC] PHP Deprecated:  Required parameter $code follows optional parameter $content in /wordpress/wp-content/plugins/smart-video/smart-video.php on line 14
[20-May-2025 03:48:09 UTC] PHP Deprecated:  Required parameter $code follows optional parameter $content in /wordpress/wp-content/plugins/smart-video/smart-video.php on line 14
[20-May-2025 03:48:09 UTC] PHP Deprecated:  Required parameter $code follows optional parameter $content in /wordpress/wp-content/plugins/smart-video/smart-video.php on line 14
[20-May-2025 03:48:18 UTC] PHP Deprecated:  Required parameter $code follows optional parameter $content in /wordpress/wp-content/plugins/smart-video/smart-video.php on line 14
[20-May-2025 03:48:18 UTC] PHP Deprecated:  Required parameter $code follows optional parameter $content in /wordpress/wp-content/plugins/smart-video/smart-video.php on line 14
[20-May-2025 03:49:08 UTC] PHP Fatal error:  Uncaught Error: Undefined constant "WOOCOMMERCE_VERSION" in /wordpress/wp-content/plugins/sobu/woocommerce-sobu.php:134
Stack trace:
#0 /wordpress/wp-includes/class-wp-hook.php(324): WC_Sobu::plugin_activation(false)
#1 /wordpress/wp-includes/class-wp-hook.php(348): WP_Hook->apply_filters('', Array)
#2 /wordpress/wp-includes/plugin.php(517): WP_Hook->do_action(Array)
#3 /wordpress/wp-admin/includes/plugin.php(703): do_action('activate_sobu/w...', false)
#4 /internal/eval.php(20): activate_plugin('sobu/woocommerc...')
#5 {main}
  thrown in /wordpress/wp-content/plugins/sobu/woocommerce-sobu.php on line 134
[20-May-2025 03:49:14 UTC] PHP Fatal error:  Uncaught Error: Undefined constant "WOOCOMMERCE_VERSION" in /wordpress/wp-content/plugins/sobu/woocommerce-sobu.php:134
Stack trace:
#0 /wordpress/wp-includes/class-wp-hook.php(324): WC_Sobu::plugin_activation(false)
#1 /wordpress/wp-includes/class-wp-hook.php(348): WP_Hook->apply_filters('', Array)
#2 /wordpress/wp-includes/plugin.php(517): WP_Hook->do_action(Array)
#3 /wordpress/wp-admin/includes/plugin.php(703): do_action('activate_sobu/w...', false)
#4 /internal/eval.php(20): activate_plugin('sobu/woocommerc...')
#5 {main}
  thrown in /wordpress/wp-content/plugins/sobu/woocommerce-sobu.php on line 134
[20-May-2025 03:49:18 UTC] PHP Fatal error:  Uncaught Error: Undefined constant "WOOCOMMERCE_VERSION" in /wordpress/wp-content/plugins/sobu/woocommerce-sobu.php:134
Stack trace:
#0 /wordpress/wp-includes/class-wp-hook.php(324): WC_Sobu::plugin_activation(false)
#1 /wordpress/wp-includes/class-wp-hook.php(348): WP_Hook->apply_filters('', Array)
#2 /wordpress/wp-includes/plugin.php(517): WP_Hook->do_action(Array)
#3 /wordpress/wp-admin/includes/plugin.php(703): do_action('activate_sobu/w...', false)
#4 /internal/eval.php(20): activate_plugin('sobu/woocommerc...')
#5 {main}
  thrown in /wordpress/wp-content/plugins/sobu/woocommerce-sobu.php on line 134

    at Object.onBind (file:///home/runner/work/playground-tester/playground-tester/node_modules/@wp-playground/cli/index.js:237:15)
    at process.processTicksAndRejections (node:internal/process/task_queues:105:5)
    at async V (file:///home/runner/work/playground-tester/playground-tester/node_modules/@wp-playground/cli/index.js:64:10)
    at async ja (file:///home/runner/work/playground-tester/playground-tester/node_modules/@wp-playground/cli/cli.js:8161:12) {
  [cause]: Error: Error when executing the blueprint step
