file:///home/runner/work/playground-tester/playground-tester/node_modules/@wp-playground/cli/index.js:237
        throw new Error(y, { cause: u });
              ^

Error: [22-May-2025 16:33:51 UTC] PHP Fatal error:  Uncaught Error: Call to undefined function get_magic_quotes_gpc() in /wordpress/wp-content/plugins/kontrolwp/index.php:16
Stack trace:
#0 /wordpress/wp-admin/includes/plugin.php(2387): include_once()
#1 /wordpress/wp-admin/includes/plugin.php(673): plugin_sandbox_scrape('kontrolwp/index...')
#2 /internal/eval.php(20): activate_plugin('kontrolwp/index...')
#3 {main}
  thrown in /wordpress/wp-content/plugins/kontrolwp/index.php on line 16
[22-May-2025 16:34:00 UTC] PHP Fatal error:  Uncaught Error: Call to undefined function get_magic_quotes_gpc() in /wordpress/wp-content/plugins/kontrolwp/index.php:16
Stack trace:
#0 /wordpress/wp-admin/includes/plugin.php(2387): include_once()
#1 /wordpress/wp-admin/includes/plugin.php(673): plugin_sandbox_scrape('kontrolwp/index...')
#2 /internal/eval.php(20): activate_plugin('kontrolwp/index...')
#3 {main}
  thrown in /wordpress/wp-content/plugins/kontrolwp/index.php on line 16
[22-May-2025 16:34:08 UTC] PHP Fatal error:  Uncaught Error: Call to undefined function get_magic_quotes_gpc() in /wordpress/wp-content/plugins/kontrolwp/index.php:16
Stack trace:
#0 /wordpress/wp-admin/includes/plugin.php(2387): include_once()
#1 /wordpress/wp-admin/includes/plugin.php(673): plugin_sandbox_scrape('kontrolwp/index...')
#2 /internal/eval.php(20): activate_plugin('kontrolwp/index...')
#3 {main}
  thrown in /wordpress/wp-content/plugins/kontrolwp/index.php on line 16
[22-May-2025 16:34:15 UTC] PHP Fatal error:  Declaration of Konvent_EventList::update($params) must be compatible with Konvent_Widget::update($targetUri, $optionName, array $params = [], $ttl = 7200) in /wordpress/wp-content/plugins/konvent/eventlist/eventlist.php on line 41
[22-May-2025 16:34:22 UTC] PHP Fatal error:  Declaration of Konvent_EventList::update($params) must be compatible with Konvent_Widget::update($targetUri, $optionName, array $params = [], $ttl = 7200) in /wordpress/wp-content/plugins/konvent/eventlist/eventlist.php on line 41
[22-May-2025 16:34:29 UTC] PHP Fatal error:  Declaration of Konvent_EventList::update($params) must be compatible with Konvent_Widget::update($targetUri, $optionName, array $params = [], $ttl = 7200) in /wordpress/wp-content/plugins/konvent/eventlist/eventlist.php on line 41
[22-May-2025 16:34:39 UTC] PHP Notice:  Function wp_register_style was called <strong>incorrectly</strong>. Scripts and styles should not be registered or enqueued until the <code>wp_enqueue_scripts</code>, <code>admin_enqueue_scripts</code>, or <code>login_enqueue_scripts</code> hooks. This notice was triggered by the <code>myStyleSheets</code> handle. Please see <a href="https://developer.wordpress.org/advanced-administration/debug/debug-wordpress/">Debugging in WordPress</a> for more information. (This message was added in version 3.3.0.) in /wordpress/wp-includes/functions.php on line 6121
[22-May-2025 16:34:39 UTC] PHP Notice:  Function is_feed was called <strong>incorrectly</strong>. Conditional query tags do not work before the query is run. Before then, they always return false. Please see <a href="https://developer.wordpress.org/advanced-administration/debug/debug-wordpress/">Debugging in WordPress</a> for more information. (This message was added in version 3.1.0.) in /wordpress/wp-includes/functions.php on line 6121
[22-May-2025 16:34:39 UTC] PHP Notice:  Function wp_enqueue_style was called <strong>incorrectly</strong>. Scripts and styles should not be registered or enqueued until the <code>wp_enqueue_scripts</code>, <code>admin_enqueue_scripts</code>, or <code>login_enqueue_scripts</code> hooks. This notice was triggered by the <code>myStyleSheets</code> handle. Please see <a href="https://developer.wordpress.org/advanced-administration/debug/debug-wordpress/">Debugging in WordPress</a> for more information. (This message was added in version 3.3.0.) in /wordpress/wp-includes/functions.php on line 6121
[22-May-2025 16:34:46 UTC] PHP Notice:  Function wp_register_style was called <strong>incorrectly</strong>. Scripts and styles should not be registered or enqueued until the <code>wp_enqueue_scripts</code>, <code>admin_enqueue_scripts</code>, or <code>login_enqueue_scripts</code> hooks. This notice was triggered by the <code>myStyleSheets</code> handle. Please see <a href="https://developer.wordpress.org/advanced-administration/debug/debug-wordpress/">Debugging in WordPress</a> for more information. (This message was added in version 3.3.0.) in /wordpress/wp-includes/functions.php on line 6121
[22-May-2025 16:34:46 UTC] PHP Notice:  Function is_feed was called <strong>incorrectly</strong>. Conditional query tags do not work before the query is run. Before then, they always return false. Please see <a href="https://developer.wordpress.org/advanced-administration/debug/debug-wordpress/">Debugging in WordPress</a> for more information. (This message was added in version 3.1.0.) in /wordpress/wp-includes/functions.php on line 6121
[22-May-2025 16:34:46 UTC] PHP Notice:  Function wp_enqueue_style was called <strong>incorrectly</strong>. Scripts and styles should not be registered or enqueued until the <code>wp_enqueue_scripts</code>, <code>admin_enqueue_scripts</code>, or <code>login_enqueue_scripts</code> hooks. This notice was triggered by the <code>myStyleSheets</code> handle. Please see <a href="https://developer.wordpress.org/advanced-administration/debug/debug-wordpress/">Debugging in WordPress</a> for more information. (This message was added in version 3.3.0.) in /wordpress/wp-includes/functions.php on line 6121
[22-May-2025 16:34:55 UTC] PHP Notice:  Function wp_register_style was called <strong>incorrectly</strong>. Scripts and styles should not be registered or enqueued until the <code>wp_enqueue_scripts</code>, <code>admin_enqueue_scripts</code>, or <code>login_enqueue_scripts</code> hooks. This notice was triggered by the <code>myStyleSheets</code> handle. Please see <a href="https://developer.wordpress.org/advanced-administration/debug/debug-wordpress/">Debugging in WordPress</a> for more information. (This message was added in version 3.3.0.) in /wordpress/wp-includes/functions.php on line 6121
[22-May-2025 16:34:55 UTC] PHP Notice:  Function is_feed was called <strong>incorrectly</strong>. Conditional query tags do not work before the query is run. Before then, they always return false. Please see <a href="https://developer.wordpress.org/advanced-administration/debug/debug-wordpress/">Debugging in WordPress</a> for more information. (This message was added in version 3.1.0.) in /wordpress/wp-includes/functions.php on line 6121
[22-May-2025 16:34:55 UTC] PHP Notice:  Function wp_enqueue_style was called <strong>incorrectly</strong>. Scripts and styles should not be registered or enqueued until the <code>wp_enqueue_scripts</code>, <code>admin_enqueue_scripts</code>, or <code>login_enqueue_scripts</code> hooks. This notice was triggered by the <code>myStyleSheets</code> handle. Please see <a href="https://developer.wordpress.org/advanced-administration/debug/debug-wordpress/">Debugging in WordPress</a> for more information. (This message was added in version 3.3.0.) in /wordpress/wp-includes/functions.php on line 6121
[22-May-2025 16:36:33 UTC] PHP Fatal error:  Please install WooCommerce before using this plugin in /wordpress/wp-content/plugins/kount-fraud-prevention/includes/class-kount-activator.php on line 57
[22-May-2025 16:36:40 UTC] PHP Fatal error:  Please install WooCommerce before using this plugin in /wordpress/wp-content/plugins/kount-fraud-prevention/includes/class-kount-activator.php on line 57
[22-May-2025 16:36:48 UTC] PHP Fatal error:  Please install WooCommerce before using this plugin in /wordpress/wp-content/plugins/kount-fraud-prevention/includes/class-kount-activator.php on line 57
[22-May-2025 16:37:23 UTC] PHP Fatal error:  Uncaught Error: Class "WC_Payment_Gateway" not found in /wordpress/wp-content/plugins/kpoint/includes/kpoint-getway.php:34
Stack trace:
#0 /wordpress/wp-includes/class-wp-hook.php(324): kpoint_init_getway('')
#1 /wordpress/wp-includes/class-wp-hook.php(348): WP_Hook->apply_filters(NULL, Array)
#2 /wordpress/wp-includes/plugin.php(517): WP_Hook->do_action(Array)
#3 /wordpress/wp-settings.php(578): do_action('plugins_loaded')
#4 /wordpress/wp-config.php(102): require_once('/wordpress/wp-s...')
#5 /wordpress/wp-load.php(50): require_once('/wordpress/wp-c...')
#6 /internal/eval.php(3): require_once('/wordpress/wp-l...')
#7 {main}
  thrown in /wordpress/wp-content/plugins/kpoint/includes/kpoint-getway.php on line 34
[22-May-2025 16:37:32 UTC] PHP Fatal error:  Uncaught Error: Class "WC_Payment_Gateway" not found in /wordpress/wp-content/plugins/kpoint/includes/kpoint-getway.php:34
Stack trace:
#0 /wordpress/wp-includes/class-wp-hook.php(324): kpoint_init_getway('')
#1 /wordpress/wp-includes/class-wp-hook.php(348): WP_Hook->apply_filters(NULL, Array)
#2 /wordpress/wp-includes/plugin.php(517): WP_Hook->do_action(Array)
#3 /wordpress/wp-settings.php(578): do_action('plugins_loaded')
#4 /wordpress/wp-config.php(102): require_once('/wordpress/wp-s...')
#5 /wordpress/wp-load.php(50): require_once('/wordpress/wp-c...')
#6 /internal/eval.php(3): require_once('/wordpress/wp-l...')
#7 {main}
  thrown in /wordpress/wp-content/plugins/kpoint/includes/kpoint-getway.php on line 34
[22-May-2025 16:37:40 UTC] PHP Fatal error:  Uncaught Error: Class "WC_Payment_Gateway" not found in /wordpress/wp-content/plugins/kpoint/includes/kpoint-getway.php:34
Stack trace:
#0 /wordpress/wp-includes/class-wp-hook.php(324): kpoint_init_getway('')
#1 /wordpress/wp-includes/class-wp-hook.php(348): WP_Hook->apply_filters(NULL, Array)
#2 /wordpress/wp-includes/plugin.php(517): WP_Hook->do_action(Array)
#3 /wordpress/wp-settings.php(578): do_action('plugins_loaded')
#4 /wordpress/wp-config.php(102): require_once('/wordpress/wp-s...')
#5 /wordpress/wp-load.php(50): require_once('/wordpress/wp-c...')
#6 /internal/eval.php(3): require_once('/wordpress/wp-l...')
#7 {main}
  thrown in /wordpress/wp-content/plugins/kpoint/includes/kpoint-getway.php on line 34
[22-May-2025 16:37:49 UTC] PHP Deprecated:  Required parameter $timestamp follows optional parameter $path in /wordpress/wp-content/plugins/kratos-anti-spam/includes/kas_frontend.php on line 1224
[22-May-2025 16:37:49 UTC] PHP Deprecated:  Required parameter $output follows optional parameter $path in /wordpress/wp-content/plugins/kratos-anti-spam/includes/kas_frontend.php on line 1224
[22-May-2025 16:37:58 UTC] PHP Deprecated:  Required parameter $timestamp follows optional parameter $path in /wordpress/wp-content/plugins/kratos-anti-spam/includes/kas_frontend.php on line 1224
[22-May-2025 16:37:58 UTC] PHP Deprecated:  Required parameter $output follows optional parameter $path in /wordpress/wp-content/plugins/kratos-anti-spam/includes/kas_frontend.php on line 1224
[22-May-2025 16:38:06 UTC] PHP Deprecated:  Required parameter $timestamp follows optional parameter $path in /wordpress/wp-content/plugins/kratos-anti-spam/includes/kas_frontend.php on line 1224
[22-May-2025 16:38:06 UTC] PHP Deprecated:  Required parameter $output follows optional parameter $path in /wordpress/wp-content/plugins/kratos-anti-spam/includes/kas_frontend.php on line 1224
[22-May-2025 16:38:59 UTC] WordPress database error <div style="clear:both">&nbsp;</div>
<div class="queries" style="clear:both;margin-bottom:2px;border:red dotted thin;">
<p>MySQL query:</p>
<p>INSERT INTO `wp_kx_widget_prototype` (`status`, `format`, `placement`) VALUES ('', 'big_button', 'top')</p>
<p>Queries made or created this session were:</p>
<ol>
<li>Executing: BEGIN | (no parameters)</li>
<li>Executing: SELECT 1 FROM sqlite_temp_schema WHERE type = 'table' AND name = ? | parameters: wp_kx_widget_prototype</li>
<li>Executing: 
				SELECT column_name, is_nullable, column_default, data_type, extra
				FROM `_wp_sqlite_mysql_information_schema_columns`
				WHERE table_schema = ?
				AND table_name = ?
				ORDER BY ordinal_position
			 | parameters: database_name_here, wp_kx_widget_prototype</li>
<li>Executing: INSERT INTO `wp_kx_widget_prototype` (`id`, `status`, `format`, `placement`) SELECT NULL, `column1`, `column2`, `column3` FROM (VALUES ( '' , 'big_button' , 'top' )) WHERE true | (no parameters)</li>
<li>Executing: ROLLBACK | (no parameters)</li>
</ol>
</div>
<div style="clear:both;margin-bottom:2px;border:red dotted thin;" class="error_message" style="border-bottom:dotted blue thin;">
SQLSTATE[23000]: Integrity constraint violation: 19 cannot store TEXT value in INTEGER column wp_kx_widget_prototype.status
</div>
<p>Backtrace:</p>
<pre>#0 /internal/shared/sqlite-database-integration/wp-includes/sqlite-ast/class-wp-sqlite-driver.php(683): WP_SQLite_Driver->new_driver_exception('SQLSTATE[23000]...', '23000', Object(PDOException))
#1 /internal/shared/sqlite-database-integration/wp-includes/sqlite/class-wp-sqlite-db.php(491): WP_SQLite_Driver->query('INSERT INTO `wp...')
#2 /internal/shared/sqlite-database-integration/wp-includes/sqlite/class-wp-sqlite-db.php(432): WP_SQLite_DB->_do_query('INSERT INTO `wp...')
#3 /wordpress/wp-includes/class-wpdb.php(2614): WP_SQLite_DB->query('INSERT INTO `wp...')
#4 /wordpress/wp-includes/class-wpdb.php(2503): wpdb->_insert_replace_helper('wp_kx_widget_pr...', Array, NULL, 'INSERT')
#5 /wordpress/wp-content/plugins/krux-apps/init_db_service.php(56): wpdb->insert('wp_kx_widget_pr...', Array)
#6 /wordpress/wp-content/plugins/krux-apps/init_db_service.php(106): WPKruxInitDbService->initWidgetPrototypes()
#7 /wordpress/wp-content/plugins/krux-apps/kruxapps.php(76): WPKruxInitDbService->__construct()
#8 /wordpress/wp-content/plugins/krux-apps/kruxapps.php(85): WPKruxApps->__construct()
#9 /wordpress/wp-admin/includes/plugin.php(2387): include_once('/wordpress/wp-c...')
#10 /wordpress/wp-admin/includes/plugin.php(673): plugin_sandbox_scrape('krux-apps/kruxa...')
#11 /internal/eval.php(20): activate_plugin('krux-apps/kruxa...')
#12 {main}</pre>
 for query INSERT INTO `wp_kx_widget_prototype` (`status`, `format`, `placement`) VALUES ('', 'big_button', 'top') made by activate_plugin, plugin_sandbox_scrape, include_once('/plugins/krux-apps/kruxapps.php'), WPKruxApps->__construct, WPKruxInitDbService->__construct, WPKruxInitDbService->initWidgetPrototypes, WP_SQLite_DB->query, WP_SQLite_DB->print_error
[22-May-2025 16:38:59 UTC] WordPress database error <div style="clear:both">&nbsp;</div>
<div class="queries" style="clear:both;margin-bottom:2px;border:red dotted thin;">
<p>MySQL query:</p>
<p>INSERT INTO `wp_kx_widget_prototype` (`status`, `format`, `placement`) VALUES ('', 'big_button', 'top')</p>
<p>Queries made or created this session were:</p>
<ol>
<li>Executing: BEGIN | (no parameters)</li>
<li>Executing: SELECT 1 FROM sqlite_temp_schema WHERE type = 'table' AND name = ? | parameters: wp_kx_widget_prototype</li>
<li>Executing: 
				SELECT column_name, is_nullable, column_default, data_type, extra
				FROM `_wp_sqlite_mysql_information_schema_columns`
				WHERE table_schema = ?
				AND table_name = ?
				ORDER BY ordinal_position
			 | parameters: database_name_here, wp_kx_widget_prototype</li>
<li>Executing: INSERT INTO `wp_kx_widget_prototype` (`id`, `status`, `format`, `placement`) SELECT NULL, `column1`, `column2`, `column3` FROM (VALUES ( '' , 'big_button' , 'top' )) WHERE true | (no parameters)</li>
<li>Executing: ROLLBACK | (no parameters)</li>
</ol>
</div>
<div style="clear:both;margin-bottom:2px;border:red dotted thin;" class="error_message" style="border-bottom:dotted blue thin;">
SQLSTATE[23000]: Integrity constraint violation: 19 cannot store TEXT value in INTEGER column wp_kx_widget_prototype.status
</div>
<p>Backtrace:</p>
<pre>#0 /internal/shared/sqlite-database-integration/wp-includes/sqlite-ast/class-wp-sqlite-driver.php(683): WP_SQLite_Driver->new_driver_exception('SQLSTATE[23000]...', '23000', Object(PDOException))
#1 /internal/shared/sqlite-database-integration/wp-includes/sqlite/class-wp-sqlite-db.php(491): WP_SQLite_Driver->query('INSERT INTO `wp...')
#2 /internal/shared/sqlite-database-integration/wp-includes/sqlite/class-wp-sqlite-db.php(432): WP_SQLite_DB->_do_query('INSERT INTO `wp...')
#3 /wordpress/wp-includes/class-wpdb.php(2614): WP_SQLite_DB->query('INSERT INTO `wp...')
#4 /wordpress/wp-includes/class-wpdb.php(2503): wpdb->_insert_replace_helper('wp_kx_widget_pr...', Array, NULL, 'INSERT')
#5 /wordpress/wp-content/plugins/krux-apps/init_db_service.php(60): wpdb->insert('wp_kx_widget_pr...', Array)
#6 /wordpress/wp-content/plugins/krux-apps/init_db_service.php(106): WPKruxInitDbService->initWidgetPrototypes()
#7 /wordpress/wp-content/plugins/krux-apps/kruxapps.php(76): WPKruxInitDbService->__construct()
#8 /wordpress/wp-content/plugins/krux-apps/kruxapps.php(85): WPKruxApps->__construct()
#9 /wordpress/wp-admin/includes/plugin.php(2387): include_once('/wordpress/wp-c...')
#10 /wordpress/wp-admin/includes/plugin.php(673): plugin_sandbox_scrape('krux-apps/kruxa...')
#11 /internal/eval.php(20): activate_plugin('krux-apps/kruxa...')
#12 {main}</pre>
 for query INSERT INTO `wp_kx_widget_prototype` (`status`, `format`, `placement`) VALUES ('', 'big_button', 'top') made by activate_plugin, plugin_sandbox_scrape, include_once('/plugins/krux-apps/kruxapps.php'), WPKruxApps->__construct, WPKruxInitDbService->__construct, WPKruxInitDbService->initWidgetPrototypes, WP_SQLite_DB->query, WP_SQLite_DB->print_error
[22-May-2025 16:38:59 UTC] PHP Warning:  Undefined array key 0 in /wordpress/wp-content/plugins/krux-apps/init_db_service.php on line 81
[22-May-2025 16:38:59 UTC] PHP Warning:  Attempt to read property "id" on null in /wordpress/wp-content/plugins/krux-apps/init_db_service.php on line 81
[22-May-2025 16:38:59 UTC] PHP Warning:  Undefined array key 1 in /wordpress/wp-content/plugins/krux-apps/init_db_service.php on line 82
[22-May-2025 16:38:59 UTC] PHP Warning:  Attempt to read property "id" on null in /wordpress/wp-content/plugins/krux-apps/init_db_service.php on line 82
[22-May-2025 16:38:59 UTC] WordPress database error <div style="clear:both">&nbsp;</div>
<div class="queries" style="clear:both;margin-bottom:2px;border:red dotted thin;">
<p>MySQL query:</p>
<p>INSERT INTO `wp_kx_widget_config` (`status`, `pages_prototype_id`, `posts_prototype_id`) VALUES ('', NULL, NULL)</p>
<p>Queries made or created this session were:</p>
<ol>
<li>Executing: BEGIN | (no parameters)</li>
<li>Executing: SELECT 1 FROM sqlite_temp_schema WHERE type = 'table' AND name = ? | parameters: wp_kx_widget_config</li>
<li>Executing: 
				SELECT column_name, is_nullable, column_default, data_type, extra
				FROM `_wp_sqlite_mysql_information_schema_columns`
				WHERE table_schema = ?
				AND table_name = ?
				ORDER BY ordinal_position
			 | parameters: database_name_here, wp_kx_widget_config</li>
<li>Executing: INSERT INTO `wp_kx_widget_config` (`id`, `status`, `pages_prototype_id`, `posts_prototype_id`) SELECT NULL, `column1`, `column2`, `column3` FROM (VALUES ( '' , NULL , NULL )) WHERE true | (no parameters)</li>
<li>Executing: ROLLBACK | (no parameters)</li>
</ol>
</div>
<div style="clear:both;margin-bottom:2px;border:red dotted thin;" class="error_message" style="border-bottom:dotted blue thin;">
SQLSTATE[23000]: Integrity constraint violation: 19 NOT NULL constraint failed: wp_kx_widget_config.pages_prototype_id
</div>
<p>Backtrace:</p>
<pre>#0 /internal/shared/sqlite-database-integration/wp-includes/sqlite-ast/class-wp-sqlite-driver.php(683): WP_SQLite_Driver->new_driver_exception('SQLSTATE[23000]...', '23000', Object(PDOException))
#1 /internal/shared/sqlite-database-integration/wp-includes/sqlite/class-wp-sqlite-db.php(491): WP_SQLite_Driver->query('INSERT INTO `wp...')
#2 /internal/shared/sqlite-database-integration/wp-includes/sqlite/class-wp-sqlite-db.php(432): WP_SQLite_DB->_do_query('INSERT INTO `wp...')
#3 /wordpress/wp-includes/class-wpdb.php(2614): WP_SQLite_DB->query('INSERT INTO `wp...')
#4 /wordpress/wp-includes/class-wpdb.php(2503): wpdb->_insert_replace_helper('wp_kx_widget_co...', Array, NULL, 'INSERT')
#5 /wordpress/wp-content/plugins/krux-apps/init_db_service.php(85): wpdb->insert('wp_kx_widget_co...', Array)
#6 /wordpress/wp-content/plugins/krux-apps/init_db_service.php(107): WPKruxInitDbService->initWidgetConfig()
#7 /wordpress/wp-content/plugins/krux-apps/kruxapps.php(76): WPKruxInitDbService->__construct()
#8 /wordpress/wp-content/plugins/krux-apps/kruxapps.php(85): WPKruxApps->__construct()
#9 /wordpress/wp-admin/includes/plugin.php(2387): include_once('/wordpress/wp-c...')
#10 /wordpress/wp-admin/includes/plugin.php(673): plugin_sandbox_scrape('krux-apps/kruxa...')
#11 /internal/eval.php(20): activate_plugin('krux-apps/kruxa...')
#12 {main}</pre>
 for query INSERT INTO `wp_kx_widget_config` (`status`, `pages_prototype_id`, `posts_prototype_id`) VALUES ('', NULL, NULL) made by activate_plugin, plugin_sandbox_scrape, include_once('/plugins/krux-apps/kruxapps.php'), WPKruxApps->__construct, WPKruxInitDbService->__construct, WPKruxInitDbService->initWidgetConfig, WP_SQLite_DB->query, WP_SQLite_DB->print_error
[22-May-2025 16:38:59 UTC] PHP Warning:  Undefined array key 0 in /wordpress/wp-content/plugins/krux-apps/api.php on line 86
[22-May-2025 16:38:59 UTC] PHP Warning:  Attempt to read property "status" on null in /wordpress/wp-content/plugins/krux-apps/api.php on line 86
[22-May-2025 16:38:59 UTC] PHP Warning:  Undefined array key 0 in /wordpress/wp-content/plugins/krux-apps/api.php on line 86
[22-May-2025 16:38:59 UTC] PHP Warning:  Attempt to read property "status" on null in /wordpress/wp-content/plugins/krux-apps/api.php on line 86
[22-May-2025 16:39:00 UTC] WordPress database error <div style="clear:both">&nbsp;</div>
<div class="queries" style="clear:both;margin-bottom:2px;border:red dotted thin;">
<p>MySQL query:</p>
<p>INSERT INTO `wp_kx_widget_prototype` (`status`, `format`, `placement`) VALUES ('', 'big_button', 'top')</p>
<p>Queries made or created this session were:</p>
<ol>
<li>Executing: BEGIN | (no parameters)</li>
<li>Executing: SELECT 1 FROM sqlite_temp_schema WHERE type = 'table' AND name = ? | parameters: wp_kx_widget_prototype</li>
<li>Executing: 
				SELECT column_name, is_nullable, column_default, data_type, extra
				FROM `_wp_sqlite_mysql_information_schema_columns`
				WHERE table_schema = ?
				AND table_name = ?
				ORDER BY ordinal_position
			 | parameters: database_name_here, wp_kx_widget_prototype</li>
<li>Executing: INSERT INTO `wp_kx_widget_prototype` (`id`, `status`, `format`, `placement`) SELECT NULL, `column1`, `column2`, `column3` FROM (VALUES ( '' , 'big_button' , 'top' )) WHERE true | (no parameters)</li>
<li>Executing: ROLLBACK | (no parameters)</li>
</ol>
</div>
<div style="clear:both;margin-bottom:2px;border:red dotted thin;" class="error_message" style="border-bottom:dotted blue thin;">
SQLSTATE[23000]: Integrity constraint violation: 19 cannot store TEXT value in INTEGER column wp_kx_widget_prototype.status
</div>
<p>Backtrace:</p>
<pre>#0 /internal/shared/sqlite-database-integration/wp-includes/sqlite-ast/class-wp-sqlite-driver.php(683): WP_SQLite_Driver->new_driver_exception('SQLSTATE[23000]...', '23000', Object(PDOException))
#1 /internal/shared/sqlite-database-integration/wp-includes/sqlite/class-wp-sqlite-db.php(491): WP_SQLite_Driver->query('INSERT INTO `wp...')
#2 /internal/shared/sqlite-database-integration/wp-includes/sqlite/class-wp-sqlite-db.php(432): WP_SQLite_DB->_do_query('INSERT INTO `wp...')
#3 /wordpress/wp-includes/class-wpdb.php(2614): WP_SQLite_DB->query('INSERT INTO `wp...')
#4 /wordpress/wp-includes/class-wpdb.php(2503): wpdb->_insert_replace_helper('wp_kx_widget_pr...', Array, NULL, 'INSERT')
#5 /wordpress/wp-content/plugins/krux-apps/init_db_service.php(56): wpdb->insert('wp_kx_widget_pr...', Array)
#6 /wordpress/wp-content/plugins/krux-apps/init_db_service.php(106): WPKruxInitDbService->initWidgetPrototypes()
#7 /wordpress/wp-content/plugins/krux-apps/kruxapps.php(76): WPKruxInitDbService->__construct()
#8 /wordpress/wp-content/plugins/krux-apps/kruxapps.php(85): WPKruxApps->__construct()
#9 /wordpress/wp-settings.php(545): include_once('/wordpress/wp-c...')
#10 /wordpress/wp-config.php(102): require_once('/wordpress/wp-s...')
#11 /wordpress/wp-load.php(50): require_once('/wordpress/wp-c...')
#12 /internal/eval.php(3): require_once('/wordpress/wp-l...')
#13 {main}</pre>
 for query INSERT INTO `wp_kx_widget_prototype` (`status`, `format`, `placement`) VALUES ('', 'big_button', 'top') made by require_once('wp-load.php'), require_once('wp-config.php'), require_once('wp-settings.php'), include_once('/plugins/krux-apps/kruxapps.php'), WPKruxApps->__construct, WPKruxInitDbService->__construct, WPKruxInitDbService->initWidgetPrototypes, WP_SQLite_DB->query, WP_SQLite_DB->print_error
[22-May-2025 16:39:00 UTC] WordPress database error <div style="clear:both">&nbsp;</div>
<div class="queries" style="clear:both;margin-bottom:2px;border:red dotted thin;">
<p>MySQL query:</p>
<p>INSERT INTO `wp_kx_widget_prototype` (`status`, `format`, `placement`) VALUES ('', 'big_button', 'top')</p>
<p>Queries made or created this session were:</p>
<ol>
<li>Executing: BEGIN | (no parameters)</li>
<li>Executing: SELECT 1 FROM sqlite_temp_schema WHERE type = 'table' AND name = ? | parameters: wp_kx_widget_prototype</li>
<li>Executing: 
				SELECT column_name, is_nullable, column_default, data_type, extra
				FROM `_wp_sqlite_mysql_information_schema_columns`
				WHERE table_schema = ?
				AND table_name = ?
				ORDER BY ordinal_position
			 | parameters: database_name_here, wp_kx_widget_prototype</li>
<li>Executing: INSERT INTO `wp_kx_widget_prototype` (`id`, `status`, `format`, `placement`) SELECT NULL, `column1`, `column2`, `column3` FROM (VALUES ( '' , 'big_button' , 'top' )) WHERE true | (no parameters)</li>
<li>Executing: ROLLBACK | (no parameters)</li>
</ol>
</div>
<div style="clear:both;margin-bottom:2px;border:red dotted thin;" class="error_message" style="border-bottom:dotted blue thin;">
SQLSTATE[23000]: Integrity constraint violation: 19 cannot store TEXT value in INTEGER column wp_kx_widget_prototype.status
</div>
<p>Backtrace:</p>
<pre>#0 /internal/shared/sqlite-database-integration/wp-includes/sqlite-ast/class-wp-sqlite-driver.php(683): WP_SQLite_Driver->new_driver_exception('SQLSTATE[23000]...', '23000', Object(PDOException))
#1 /internal/shared/sqlite-database-integration/wp-includes/sqlite/class-wp-sqlite-db.php(491): WP_SQLite_Driver->query('INSERT INTO `wp...')
#2 /internal/shared/sqlite-database-integration/wp-includes/sqlite/class-wp-sqlite-db.php(432): WP_SQLite_DB->_do_query('INSERT INTO `wp...')
#3 /wordpress/wp-includes/class-wpdb.php(2614): WP_SQLite_DB->query('INSERT INTO `wp...')
#4 /wordpress/wp-includes/class-wpdb.php(2503): wpdb->_insert_replace_helper('wp_kx_widget_pr...', Array, NULL, 'INSERT')
#5 /wordpress/wp-content/plugins/krux-apps/init_db_service.php(60): wpdb->insert('wp_kx_widget_pr...', Array)
#6 /wordpress/wp-content/plugins/krux-apps/init_db_service.php(106): WPKruxInitDbService->initWidgetPrototypes()
#7 /wordpress/wp-content/plugins/krux-apps/kruxapps.php(76): WPKruxInitDbService->__construct()
#8 /wordpress/wp-content/plugins/krux-apps/kruxapps.php(85): WPKruxApps->__construct()
#9 /wordpress/wp-settings.php(545): include_once('/wordpress/wp-c...')
#10 /wordpress/wp-config.php(102): require_once('/wordpress/wp-s...')
#11 /wordpress/wp-load.php(50): require_once('/wordpress/wp-c...')
#12 /internal/eval.php(3): require_once('/wordpress/wp-l...')
#13 {main}</pre>
 for query INSERT INTO `wp_kx_widget_prototype` (`status`, `format`, `placement`) VALUES ('', 'big_button', 'top') made by require_once('wp-load.php'), require_once('wp-config.php'), require_once('wp-settings.php'), include_once('/plugins/krux-apps/kruxapps.php'), WPKruxApps->__construct, WPKruxInitDbService->__construct, WPKruxInitDbService->initWidgetPrototypes, WP_SQLite_DB->query, WP_SQLite_DB->print_error
[22-May-2025 16:39:00 UTC] PHP Warning:  Undefined array key 0 in /wordpress/wp-content/plugins/krux-apps/init_db_service.php on line 81
[22-May-2025 16:39:00 UTC] PHP Warning:  Attempt to read property "id" on null in /wordpress/wp-content/plugins/krux-apps/init_db_service.php on line 81
[22-May-2025 16:39:00 UTC] PHP Warning:  Undefined array key 1 in /wordpress/wp-content/plugins/krux-apps/init_db_service.php on line 82
[22-May-2025 16:39:00 UTC] PHP Warning:  Attempt to read property "id" on null in /wordpress/wp-content/plugins/krux-apps/init_db_service.php on line 82
[22-May-2025 16:39:00 UTC] WordPress database error <div style="clear:both">&nbsp;</div>
<div class="queries" style="clear:both;margin-bottom:2px;border:red dotted thin;">
<p>MySQL query:</p>
<p>INSERT INTO `wp_kx_widget_config` (`status`, `pages_prototype_id`, `posts_prototype_id`) VALUES ('', NULL, NULL)</p>
<p>Queries made or created this session were:</p>
<ol>
<li>Executing: BEGIN | (no parameters)</li>
<li>Executing: SELECT 1 FROM sqlite_temp_schema WHERE type = 'table' AND name = ? | parameters: wp_kx_widget_config</li>
<li>Executing: 
				SELECT column_name, is_nullable, column_default, data_type, extra
				FROM `_wp_sqlite_mysql_information_schema_columns`
				WHERE table_schema = ?
				AND table_name = ?
				ORDER BY ordinal_position
			 | parameters: database_name_here, wp_kx_widget_config</li>
<li>Executing: INSERT INTO `wp_kx_widget_config` (`id`, `status`, `pages_prototype_id`, `posts_prototype_id`) SELECT NULL, `column1`, `column2`, `column3` FROM (VALUES ( '' , NULL , NULL )) WHERE true | (no parameters)</li>
<li>Executing: ROLLBACK | (no parameters)</li>
</ol>
</div>
<div style="clear:both;margin-bottom:2px;border:red dotted thin;" class="error_message" style="border-bottom:dotted blue thin;">
SQLSTATE[23000]: Integrity constraint violation: 19 NOT NULL constraint failed: wp_kx_widget_config.pages_prototype_id
</div>
<p>Backtrace:</p>
<pre>#0 /internal/shared/sqlite-database-integration/wp-includes/sqlite-ast/class-wp-sqlite-driver.php(683): WP_SQLite_Driver->new_driver_exception('SQLSTATE[23000]...', '23000', Object(PDOException))
#1 /internal/shared/sqlite-database-integration/wp-includes/sqlite/class-wp-sqlite-db.php(491): WP_SQLite_Driver->query('INSERT INTO `wp...')
#2 /internal/shared/sqlite-database-integration/wp-includes/sqlite/class-wp-sqlite-db.php(432): WP_SQLite_DB->_do_query('INSERT INTO `wp...')
#3 /wordpress/wp-includes/class-wpdb.php(2614): WP_SQLite_DB->query('INSERT INTO `wp...')
#4 /wordpress/wp-includes/class-wpdb.php(2503): wpdb->_insert_replace_helper('wp_kx_widget_co...', Array, NULL, 'INSERT')
#5 /wordpress/wp-content/plugins/krux-apps/init_db_service.php(85): wpdb->insert('wp_kx_widget_co...', Array)
#6 /wordpress/wp-content/plugins/krux-apps/init_db_service.php(107): WPKruxInitDbService->initWidgetConfig()
#7 /wordpress/wp-content/plugins/krux-apps/kruxapps.php(76): WPKruxInitDbService->__construct()
#8 /wordpress/wp-content/plugins/krux-apps/kruxapps.php(85): WPKruxApps->__construct()
#9 /wordpress/wp-settings.php(545): include_once('/wordpress/wp-c...')
#10 /wordpress/wp-config.php(102): require_once('/wordpress/wp-s...')
#11 /wordpress/wp-load.php(50): require_once('/wordpress/wp-c...')
#12 /internal/eval.php(3): require_once('/wordpress/wp-l...')
#13 {main}</pre>
 for query INSERT INTO `wp_kx_widget_config` (`status`, `pages_prototype_id`, `posts_prototype_id`) VALUES ('', NULL, NULL) made by require_once('wp-load.php'), require_once('wp-config.php'), require_once('wp-settings.php'), include_once('/plugins/krux-apps/kruxapps.php'), WPKruxApps->__construct, WPKruxInitDbService->__construct, WPKruxInitDbService->initWidgetConfig, WP_SQLite_DB->query, WP_SQLite_DB->print_error
[22-May-2025 16:39:00 UTC] PHP Warning:  Undefined array key 0 in /wordpress/wp-content/plugins/krux-apps/api.php on line 86
[22-May-2025 16:39:00 UTC] PHP Warning:  Attempt to read property "status" on null in /wordpress/wp-content/plugins/krux-apps/api.php on line 86
[22-May-2025 16:39:00 UTC] PHP Warning:  Undefined array key 0 in /wordpress/wp-content/plugins/krux-apps/api.php on line 86
[22-May-2025 16:39:00 UTC] PHP Warning:  Attempt to read property "status" on null in /wordpress/wp-content/plugins/krux-apps/api.php on line 86
[22-May-2025 16:39:34 UTC] PHP Deprecated:  Required parameter $daily follows optional parameter $days in /wordpress/wp-content/plugins/kstats-reloaded/lib/functions.php on line 513
[22-May-2025 16:39:34 UTC] PHP Warning:  Undefined array key "page" in /wordpress/wp-content/plugins/kstats-reloaded/lib/class.kstats.php on line 110
[22-May-2025 16:39:34 UTC] PHP Warning:  Attempt to read property "datetime" on null in /wordpress/wp-content/plugins/kstats-reloaded/kstats-reloaded.php on line 141
[22-May-2025 16:39:34 UTC] PHP Warning:  Attempt to read property "timestamp" on null in /wordpress/wp-content/plugins/kstats-reloaded/kstats-reloaded.php on line 141
[22-May-2025 16:39:34 UTC] PHP Fatal error:  Uncaught Error: Call to undefined function mysql_get_server_info() in /wordpress/wp-content/plugins/kstats-reloaded/kstats-reloaded.php:190
Stack trace:
#0 /wordpress/wp-content/plugins/kstats-reloaded/kstats-reloaded.php(164): kstats_create_tables()
#1 /wordpress/wp-includes/class-wp-hook.php(324): kstats_activate(false)
#2 /wordpress/wp-includes/class-wp-hook.php(348): WP_Hook->apply_filters('', Array)
#3 /wordpress/wp-includes/plugin.php(517): WP_Hook->do_action(Array)
#4 /wordpress/wp-admin/includes/plugin.php(703): do_action('activate_kstats...', false)
#5 /internal/eval.php(20): activate_plugin('kstats-reloaded...')
#6 {main}
  thrown in /wordpress/wp-content/plugins/kstats-reloaded/kstats-reloaded.php on line 190
[22-May-2025 16:39:42 UTC] PHP Deprecated:  Required parameter $daily follows optional parameter $days in /wordpress/wp-content/plugins/kstats-reloaded/lib/functions.php on line 513
[22-May-2025 16:39:42 UTC] PHP Warning:  Undefined array key "page" in /wordpress/wp-content/plugins/kstats-reloaded/lib/class.kstats.php on line 110
[22-May-2025 16:39:42 UTC] PHP Warning:  Attempt to read property "datetime" on null in /wordpress/wp-content/plugins/kstats-reloaded/kstats-reloaded.php on line 141
[22-May-2025 16:39:42 UTC] PHP Warning:  Attempt to read property "timestamp" on null in /wordpress/wp-content/plugins/kstats-reloaded/kstats-reloaded.php on line 141
[22-May-2025 16:39:42 UTC] PHP Fatal error:  Uncaught Error: Call to undefined function mysql_get_server_info() in /wordpress/wp-content/plugins/kstats-reloaded/kstats-reloaded.php:190
Stack trace:
#0 /wordpress/wp-content/plugins/kstats-reloaded/kstats-reloaded.php(164): kstats_create_tables()
#1 /wordpress/wp-includes/class-wp-hook.php(324): kstats_activate(false)
#2 /wordpress/wp-includes/class-wp-hook.php(348): WP_Hook->apply_filters('', Array)
#3 /wordpress/wp-includes/plugin.php(517): WP_Hook->do_action(Array)
#4 /wordpress/wp-admin/includes/plugin.php(703): do_action('activate_kstats...', false)
#5 /internal/eval.php(20): activate_plugin('kstats-reloaded...')
#6 {main}
  thrown in /wordpress/wp-content/plugins/kstats-reloaded/kstats-reloaded.php on line 190
[22-May-2025 16:39:50 UTC] PHP Deprecated:  Required parameter $daily follows optional parameter $days in /wordpress/wp-content/plugins/kstats-reloaded/lib/functions.php on line 513
[22-May-2025 16:39:50 UTC] PHP Warning:  Undefined array key "page" in /wordpress/wp-content/plugins/kstats-reloaded/lib/class.kstats.php on line 110
[22-May-2025 16:39:51 UTC] PHP Warning:  Attempt to read property "datetime" on null in /wordpress/wp-content/plugins/kstats-reloaded/kstats-reloaded.php on line 141
[22-May-2025 16:39:51 UTC] PHP Warning:  Attempt to read property "timestamp" on null in /wordpress/wp-content/plugins/kstats-reloaded/kstats-reloaded.php on line 141
[22-May-2025 16:39:51 UTC] PHP Fatal error:  Uncaught Error: Call to undefined function mysql_get_server_info() in /wordpress/wp-content/plugins/kstats-reloaded/kstats-reloaded.php:190
Stack trace:
#0 /wordpress/wp-content/plugins/kstats-reloaded/kstats-reloaded.php(164): kstats_create_tables()
#1 /wordpress/wp-includes/class-wp-hook.php(324): kstats_activate(false)
#2 /wordpress/wp-includes/class-wp-hook.php(348): WP_Hook->apply_filters('', Array)
#3 /wordpress/wp-includes/plugin.php(517): WP_Hook->do_action(Array)
#4 /wordpress/wp-admin/includes/plugin.php(703): do_action('activate_kstats...', false)
#5 /internal/eval.php(20): activate_plugin('kstats-reloaded...')
#6 {main}
  thrown in /wordpress/wp-content/plugins/kstats-reloaded/kstats-reloaded.php on line 190
[22-May-2025 16:41:46 UTC] PHP Notice:  Function wp_enqueue_style was called <strong>incorrectly</strong>. Scripts and styles should not be registered or enqueued until the <code>wp_enqueue_scripts</code>, <code>admin_enqueue_scripts</code>, or <code>login_enqueue_scripts</code> hooks. This notice was triggered by the <code>kune-wp-general</code> handle. Please see <a href="https://developer.wordpress.org/advanced-administration/debug/debug-wordpress/">Debugging in WordPress</a> for more information. (This message was added in version 3.3.0.) in /wordpress/wp-includes/functions.php on line 6121
[22-May-2025 16:41:46 UTC] PHP Notice:  Function is_feed was called <strong>incorrectly</strong>. Conditional query tags do not work before the query is run. Before then, they always return false. Please see <a href="https://developer.wordpress.org/advanced-administration/debug/debug-wordpress/">Debugging in WordPress</a> for more information. (This message was added in version 3.1.0.) in /wordpress/wp-includes/functions.php on line 6121
[22-May-2025 16:41:46 UTC] PHP Notice:  Function wp_enqueue_script was called <strong>incorrectly</strong>. Scripts and styles should not be registered or enqueued until the <code>wp_enqueue_scripts</code>, <code>admin_enqueue_scripts</code>, or <code>login_enqueue_scripts</code> hooks. This notice was triggered by the <code>polymer-webcomponentsjs</code> handle. Please see <a href="https://developer.wordpress.org/advanced-administration/debug/debug-wordpress/">Debugging in WordPress</a> for more information. (This message was added in version 3.3.0.) in /wordpress/wp-includes/functions.php on line 6121
[22-May-2025 16:41:57 UTC] PHP Notice:  Function wp_enqueue_style was called <strong>incorrectly</strong>. Scripts and styles should not be registered or enqueued until the <code>wp_enqueue_scripts</code>, <code>admin_enqueue_scripts</code>, or <code>login_enqueue_scripts</code> hooks. This notice was triggered by the <code>kune-wp-general</code> handle. Please see <a href="https://developer.wordpress.org/advanced-administration/debug/debug-wordpress/">Debugging in WordPress</a> for more information. (This message was added in version 3.3.0.) in /wordpress/wp-includes/functions.php on line 6121
[22-May-2025 16:41:57 UTC] PHP Notice:  Function is_feed was called <strong>incorrectly</strong>. Conditional query tags do not work before the query is run. Before then, they always return false. Please see <a href="https://developer.wordpress.org/advanced-administration/debug/debug-wordpress/">Debugging in WordPress</a> for more information. (This message was added in version 3.1.0.) in /wordpress/wp-includes/functions.php on line 6121
[22-May-2025 16:41:57 UTC] PHP Notice:  Function wp_enqueue_script was called <strong>incorrectly</strong>. Scripts and styles should not be registered or enqueued until the <code>wp_enqueue_scripts</code>, <code>admin_enqueue_scripts</code>, or <code>login_enqueue_scripts</code> hooks. This notice was triggered by the <code>polymer-webcomponentsjs</code> handle. Please see <a href="https://developer.wordpress.org/advanced-administration/debug/debug-wordpress/">Debugging in WordPress</a> for more information. (This message was added in version 3.3.0.) in /wordpress/wp-includes/functions.php on line 6121
[22-May-2025 16:42:07 UTC] PHP Notice:  Function wp_enqueue_style was called <strong>incorrectly</strong>. Scripts and styles should not be registered or enqueued until the <code>wp_enqueue_scripts</code>, <code>admin_enqueue_scripts</code>, or <code>login_enqueue_scripts</code> hooks. This notice was triggered by the <code>kune-wp-general</code> handle. Please see <a href="https://developer.wordpress.org/advanced-administration/debug/debug-wordpress/">Debugging in WordPress</a> for more information. (This message was added in version 3.3.0.) in /wordpress/wp-includes/functions.php on line 6121
[22-May-2025 16:42:07 UTC] PHP Notice:  Function is_feed was called <strong>incorrectly</strong>. Conditional query tags do not work before the query is run. Before then, they always return false. Please see <a href="https://developer.wordpress.org/advanced-administration/debug/debug-wordpress/">Debugging in WordPress</a> for more information. (This message was added in version 3.1.0.) in /wordpress/wp-includes/functions.php on line 6121
[22-May-2025 16:42:07 UTC] PHP Notice:  Function wp_enqueue_script was called <strong>incorrectly</strong>. Scripts and styles should not be registered or enqueued until the <code>wp_enqueue_scripts</code>, <code>admin_enqueue_scripts</code>, or <code>login_enqueue_scripts</code> hooks. This notice was triggered by the <code>polymer-webcomponentsjs</code> handle. Please see <a href="https://developer.wordpress.org/advanced-administration/debug/debug-wordpress/">Debugging in WordPress</a> for more information. (This message was added in version 3.3.0.) in /wordpress/wp-includes/functions.php on line 6121

    at Object.onBind (file:///home/runner/work/playground-tester/playground-tester/node_modules/@wp-playground/cli/index.js:237:15)
    at process.processTicksAndRejections (node:internal/process/task_queues:105:5)
    at async V (file:///home/runner/work/playground-tester/playground-tester/node_modules/@wp-playground/cli/index.js:64:10)
    at async ja (file:///home/runner/work/playground-tester/playground-tester/node_modules/@wp-playground/cli/cli.js:8161:12) {
  [cause]: Error: Error when executing the blueprint step #1 ({"step":"installPlugin","pluginData":{"resource":"wordpress.org/plugins","slug":"kursy-walut-osobiste-finanse"},"options":{"activate":true}}) : Could not download "https://downloads.wordpress.org/plugin/kursy-walut-osobiste-finanse.latest-stable.zip".
  				Check if the URL is correct and the server is reachable.
  				If it is reachable, the server might be blocking the request.
  				Check the browser console and network tabs for more information.
  
  				## Does the console show the error "No 'Access-Control-Allow-Origin' header"?
  
  				This means the server that hosts your file does not allow requests from other sites
  				(cross-origin requests, or CORS).	You need to move the asset to a server that allows
  				cross-origin file downloads. Learn more about CORS at
  				https://developer.mozilla.org/en-US/docs/Web/HTTP/CORS.
  
  				If your file is on GitHub, load it from "raw.githubusercontent.com".
  				Here's how to do that:
  
  				1. Start with the original GitHub URL of the file. For example:
  				https://github.com/username/repository/blob/branch/filename.
  				2. Replace "github.com" with "raw.githubusercontent.com".
  				3. Remove the "/blob/" part of the URL.
  
  				The resulting URL should look like this:
  				https://raw.githubusercontent.com/username/repository/branch/filename
  
  				Error:
  				Error: Could not download "https://downloads.wordpress.org/plugin/kursy-walut-osobiste-finanse.latest-stable.zip"
      at Object.run (file:///home/runner/work/playground-tester/playground-tester/node_modules/@wp-playground/blueprints/index.js:12449:19)
      at process.processTicksAndRejections (node:internal/process/task_queues:105:5)
      at async ms (file:///home/runner/work/playground-tester/playground-tester/node_modules/@wp-playground/blueprints/index.js:12552:3)
      at async Object.onBind (file:///home/runner/work/playground-tester/playground-tester/node_modules/@wp-playground/cli/index.js:227:48)
      at async V (file:///home/runner/work/playground-tester/playground-tester/node_modules/@wp-playground/cli/index.js:64:10)
      at async ja (file:///home/runner/work/playground-tester/playground-tester/node_modules/@wp-playground/cli/cli.js:8161:12) {
    [cause]: Error: Could not download "https://downloads.wordpress.org/plugin/kursy-walut-osobiste-finanse.latest-stable.zip".
    				Check if the URL is correct and the server is reachable.
    				If it is reachable, the server might be blocking the request.
    				Check the browser console and network tabs for more information.
    
    				## Does the console show the error "No 'Access-Control-Allow-Origin' header"?
    
    				This means the server that hosts your file does not allow requests from other sites
    				(cross-origin requests, or CORS).	You need to move the asset to a server that allows
    				cross-origin file downloads. Learn more about CORS at
    				https://developer.mozilla.org/en-US/docs/Web/HTTP/CORS.
    
    				If your file is on GitHub, load it from "raw.githubusercontent.com".
    				Here's how to do that:
    
    				1. Start with the original GitHub URL of the file. For example:
    				https://github.com/username/repository/blob/branch/filename.
    				2. Replace "github.com" with "raw.githubusercontent.com".
    				3. Remove the "/blob/" part of the URL.
    
    				The resulting URL should look like this:
    				https://raw.githubusercontent.com/username/repository/branch/filename
    
    				Error:
    				Error: Could not download "https://downloads.wordpress.org/plugin/kursy-walut-osobiste-finanse.latest-stable.zip"
        at Ct.resolve (file:///home/runner/work/playground-tester/playground-tester/node_modules/@wp-playground/blueprints/index.js:1472:13)
        at process.processTicksAndRejections (node:internal/process/task_queues:105:5)
        at async _.run (file:///home/runner/work/playground-tester/playground-tester/node_modules/@php-wasm/util/index.js:45:14)
  }
}

Node.js v23.11.0
