file:///home/runner/work/playground-tester/playground-tester/node_modules/@wp-playground/cli/index.js:237
        throw new Error(y, { cause: u });
              ^

Error: [11-Apr-2025 23:25:47 UTC] PHP Warning:  Undefined variable $activation_email_address in /wordpress/wp-content/plugins/candidate-application-form/apply_form.php on line 2605
[11-Apr-2025 23:25:47 UTC] PHP Warning:  Undefined variable $activation_key in /wordpress/wp-content/plugins/candidate-application-form/apply_form.php on line 2610
[11-Apr-2025 23:25:48 UTC] PHP Warning:  Undefined variable $activation_email_address in /wordpress/wp-content/plugins/candidate-application-form/apply_form.php on line 2605
[11-Apr-2025 23:25:48 UTC] PHP Warning:  Undefined variable $activation_key in /wordpress/wp-content/plugins/candidate-application-form/apply_form.php on line 2610
[11-Apr-2025 23:25:56 UTC] PHP Warning:  Undefined variable $activation_email_address in /wordpress/wp-content/plugins/candidate-application-form/apply_form.php on line 2605
[11-Apr-2025 23:25:56 UTC] PHP Warning:  Undefined variable $activation_key in /wordpress/wp-content/plugins/candidate-application-form/apply_form.php on line 2610
[11-Apr-2025 23:25:57 UTC] PHP Warning:  Undefined variable $activation_email_address in /wordpress/wp-content/plugins/candidate-application-form/apply_form.php on line 2605
[11-Apr-2025 23:25:57 UTC] PHP Warning:  Undefined variable $activation_key in /wordpress/wp-content/plugins/candidate-application-form/apply_form.php on line 2610
[11-Apr-2025 23:26:04 UTC] PHP Warning:  Undefined variable $activation_email_address in /wordpress/wp-content/plugins/candidate-application-form/apply_form.php on line 2605
[11-Apr-2025 23:26:04 UTC] PHP Warning:  Undefined variable $activation_key in /wordpress/wp-content/plugins/candidate-application-form/apply_form.php on line 2610
[11-Apr-2025 23:26:05 UTC] PHP Warning:  Undefined variable $activation_email_address in /wordpress/wp-content/plugins/candidate-application-form/apply_form.php on line 2605
[11-Apr-2025 23:26:05 UTC] PHP Warning:  Undefined variable $activation_key in /wordpress/wp-content/plugins/candidate-application-form/apply_form.php on line 2610
[11-Apr-2025 23:26:13 UTC] PHP Parse error:  syntax error, unexpected token "*", expecting end of file in /wordpress/wp-content/plugins/categories-for-media/categories-for-media.php on line 23
[11-Apr-2025 23:26:21 UTC] PHP Parse error:  syntax error, unexpected token "*", expecting end of file in /wordpress/wp-content/plugins/categories-for-media/categories-for-media.php on line 23
[11-Apr-2025 23:26:28 UTC] PHP Parse error:  syntax error, unexpected token "*", expecting end of file in /wordpress/wp-content/plugins/categories-for-media/categories-for-media.php on line 23
[11-Apr-2025 23:28:17 UTC] PHP Deprecated:  Required parameter $year follows optional parameter $post_types in /wordpress/wp-content/plugins/custom-post-archives/custom-post-archives.php on line 322
[11-Apr-2025 23:28:17 UTC] PHP Deprecated:  Required parameter $year follows optional parameter $post_types in /wordpress/wp-content/plugins/custom-post-archives/custom-post-archives.php on line 331
[11-Apr-2025 23:28:17 UTC] PHP Deprecated:  Required parameter $month follows optional parameter $post_types in /wordpress/wp-content/plugins/custom-post-archives/custom-post-archives.php on line 331
[11-Apr-2025 23:28:17 UTC] PHP Deprecated:  Required parameter $year follows optional parameter $post_types in /wordpress/wp-content/plugins/custom-post-archives/custom-post-archives.php on line 340
[11-Apr-2025 23:28:17 UTC] PHP Deprecated:  Required parameter $month follows optional parameter $post_types in /wordpress/wp-content/plugins/custom-post-archives/custom-post-archives.php on line 340
[11-Apr-2025 23:28:17 UTC] PHP Deprecated:  Required parameter $day follows optional parameter $post_types in /wordpress/wp-content/plugins/custom-post-archives/custom-post-archives.php on line 340
[11-Apr-2025 23:28:17 UTC] PHP Deprecated:  Required parameter $anchor follows optional parameter $post_types in /wordpress/wp-content/plugins/custom-post-archives/custom-post-archives.php on line 349
[11-Apr-2025 23:28:18 UTC] PHP Deprecated:  Required parameter $year follows optional parameter $post_types in /wordpress/wp-content/plugins/custom-post-archives/custom-post-archives.php on line 322
[11-Apr-2025 23:28:18 UTC] PHP Deprecated:  Required parameter $year follows optional parameter $post_types in /wordpress/wp-content/plugins/custom-post-archives/custom-post-archives.php on line 331
[11-Apr-2025 23:28:18 UTC] PHP Deprecated:  Required parameter $month follows optional parameter $post_types in /wordpress/wp-content/plugins/custom-post-archives/custom-post-archives.php on line 331
[11-Apr-2025 23:28:18 UTC] PHP Deprecated:  Required parameter $year follows optional parameter $post_types in /wordpress/wp-content/plugins/custom-post-archives/custom-post-archives.php on line 340
[11-Apr-2025 23:28:18 UTC] PHP Deprecated:  Required parameter $month follows optional parameter $post_types in /wordpress/wp-content/plugins/custom-post-archives/custom-post-archives.php on line 340
[11-Apr-2025 23:28:18 UTC] PHP Deprecated:  Required parameter $day follows optional parameter $post_types in /wordpress/wp-content/plugins/custom-post-archives/custom-post-archives.php on line 340
[11-Apr-2025 23:28:18 UTC] PHP Deprecated:  Required parameter $anchor follows optional parameter $post_types in /wordpress/wp-content/plugins/custom-post-archives/custom-post-archives.php on line 349
[11-Apr-2025 23:28:18 UTC] PHP Warning:  Trying to access array offset on value of type bool in /wordpress/wp-content/plugins/custom-post-archives/custom-post-archives.php on line 438
[11-Apr-2025 23:28:18 UTC] PHP Warning:  Undefined array key "post" in /wordpress/wp-content/plugins/custom-post-archives/custom-post-archives.php on line 440
[11-Apr-2025 23:28:18 UTC] PHP Warning:  Trying to access array offset on value of type bool in /wordpress/wp-content/plugins/custom-post-archives/custom-post-archives.php on line 438
[11-Apr-2025 23:28:18 UTC] PHP Warning:  Undefined array key "attachment" in /wordpress/wp-content/plugins/custom-post-archives/custom-post-archives.php on line 440
[11-Apr-2025 23:28:18 UTC] PHP Warning:  Trying to access array offset on value of type bool in /wordpress/wp-content/plugins/custom-post-archives/custom-post-archives.php on line 438
[11-Apr-2025 23:28:18 UTC] PHP Notice:  Only variables should be assigned by reference in /wordpress/wp-content/plugins/custom-post-archives/custom-post-archives.php on line 606
[11-Apr-2025 23:28:25 UTC] PHP Deprecated:  Required parameter $year follows optional parameter $post_types in /wordpress/wp-content/plugins/custom-post-archives/custom-post-archives.php on line 322
[11-Apr-2025 23:28:25 UTC] PHP Deprecated:  Required parameter $year follows optional parameter $post_types in /wordpress/wp-content/plugins/custom-post-archives/custom-post-archives.php on line 331
[11-Apr-2025 23:28:25 UTC] PHP Deprecated:  Required parameter $month follows optional parameter $post_types in /wordpress/wp-content/plugins/custom-post-archives/custom-post-archives.php on line 331
[11-Apr-2025 23:28:25 UTC] PHP Deprecated:  Required parameter $year follows optional parameter $post_types in /wordpress/wp-content/plugins/custom-post-archives/custom-post-archives.php on line 340
[11-Apr-2025 23:28:25 UTC] PHP Deprecated:  Required parameter $month follows optional parameter $post_types in /wordpress/wp-content/plugins/custom-post-archives/custom-post-archives.php on line 340
[11-Apr-2025 23:28:25 UTC] PHP Deprecated:  Required parameter $day follows optional parameter $post_types in /wordpress/wp-content/plugins/custom-post-archives/custom-post-archives.php on line 340
[11-Apr-2025 23:28:25 UTC] PHP Deprecated:  Required parameter $anchor follows optional parameter $post_types in /wordpress/wp-content/plugins/custom-post-archives/custom-post-archives.php on line 349
[11-Apr-2025 23:28:26 UTC] PHP Deprecated:  Required parameter $year follows optional parameter $post_types in /wordpress/wp-content/plugins/custom-post-archives/custom-post-archives.php on line 322
[11-Apr-2025 23:28:26 UTC] PHP Deprecated:  Required parameter $year follows optional parameter $post_types in /wordpress/wp-content/plugins/custom-post-archives/custom-post-archives.php on line 331
[11-Apr-2025 23:28:26 UTC] PHP Deprecated:  Required parameter $month follows optional parameter $post_types in /wordpress/wp-content/plugins/custom-post-archives/custom-post-archives.php on line 331
[11-Apr-2025 23:28:26 UTC] PHP Deprecated:  Required parameter $year follows optional parameter $post_types in /wordpress/wp-content/plugins/custom-post-archives/custom-post-archives.php on line 340
[11-Apr-2025 23:28:26 UTC] PHP Deprecated:  Required parameter $month follows optional parameter $post_types in /wordpress/wp-content/plugins/custom-post-archives/custom-post-archives.php on line 340
[11-Apr-2025 23:28:26 UTC] PHP Deprecated:  Required parameter $day follows optional parameter $post_types in /wordpress/wp-content/plugins/custom-post-archives/custom-post-archives.php on line 340
[11-Apr-2025 23:28:26 UTC] PHP Deprecated:  Required parameter $anchor follows optional parameter $post_types in /wordpress/wp-content/plugins/custom-post-archives/custom-post-archives.php on line 349
[11-Apr-2025 23:28:27 UTC] PHP Warning:  Trying to access array offset on value of type bool in /wordpress/wp-content/plugins/custom-post-archives/custom-post-archives.php on line 438
[11-Apr-2025 23:28:27 UTC] PHP Warning:  Undefined array key "post" in /wordpress/wp-content/plugins/custom-post-archives/custom-post-archives.php on line 440
[11-Apr-2025 23:28:27 UTC] PHP Warning:  Trying to access array offset on value of type bool in /wordpress/wp-content/plugins/custom-post-archives/custom-post-archives.php on line 438
[11-Apr-2025 23:28:27 UTC] PHP Warning:  Undefined array key "attachment" in /wordpress/wp-content/plugins/custom-post-archives/custom-post-archives.php on line 440
[11-Apr-2025 23:28:27 UTC] PHP Warning:  Trying to access array offset on value of type bool in /wordpress/wp-content/plugins/custom-post-archives/custom-post-archives.php on line 438
[11-Apr-2025 23:28:27 UTC] PHP Notice:  Only variables should be assigned by reference in /wordpress/wp-content/plugins/custom-post-archives/custom-post-archives.php on line 606
[11-Apr-2025 23:28:35 UTC] PHP Deprecated:  Required parameter $year follows optional parameter $post_types in /wordpress/wp-content/plugins/custom-post-archives/custom-post-archives.php on line 322
[11-Apr-2025 23:28:35 UTC] PHP Deprecated:  Required parameter $year follows optional parameter $post_types in /wordpress/wp-content/plugins/custom-post-archives/custom-post-archives.php on line 331
[11-Apr-2025 23:28:35 UTC] PHP Deprecated:  Required parameter $month follows optional parameter $post_types in /wordpress/wp-content/plugins/custom-post-archives/custom-post-archives.php on line 331
[11-Apr-2025 23:28:35 UTC] PHP Deprecated:  Required parameter $year follows optional parameter $post_types in /wordpress/wp-content/plugins/custom-post-archives/custom-post-archives.php on line 340
[11-Apr-2025 23:28:35 UTC] PHP Deprecated:  Required parameter $month follows optional parameter $post_types in /wordpress/wp-content/plugins/custom-post-archives/custom-post-archives.php on line 340
[11-Apr-2025 23:28:35 UTC] PHP Deprecated:  Required parameter $day follows optional parameter $post_types in /wordpress/wp-content/plugins/custom-post-archives/custom-post-archives.php on line 340
[11-Apr-2025 23:28:35 UTC] PHP Deprecated:  Required parameter $anchor follows optional parameter $post_types in /wordpress/wp-content/plugins/custom-post-archives/custom-post-archives.php on line 349
[11-Apr-2025 23:28:36 UTC] PHP Deprecated:  Required parameter $year follows optional parameter $post_types in /wordpress/wp-content/plugins/custom-post-archives/custom-post-archives.php on line 322
[11-Apr-2025 23:28:36 UTC] PHP Deprecated:  Required parameter $year follows optional parameter $post_types in /wordpress/wp-content/plugins/custom-post-archives/custom-post-archives.php on line 331
[11-Apr-2025 23:28:36 UTC] PHP Deprecated:  Required parameter $month follows optional parameter $post_types in /wordpress/wp-content/plugins/custom-post-archives/custom-post-archives.php on line 331
[11-Apr-2025 23:28:36 UTC] PHP Deprecated:  Required parameter $year follows optional parameter $post_types in /wordpress/wp-content/plugins/custom-post-archives/custom-post-archives.php on line 340
[11-Apr-2025 23:28:36 UTC] PHP Deprecated:  Required parameter $month follows optional parameter $post_types in /wordpress/wp-content/plugins/custom-post-archives/custom-post-archives.php on line 340
[11-Apr-2025 23:28:36 UTC] PHP Deprecated:  Required parameter $day follows optional parameter $post_types in /wordpress/wp-content/plugins/custom-post-archives/custom-post-archives.php on line 340
[11-Apr-2025 23:28:36 UTC] PHP Deprecated:  Required parameter $anchor follows optional parameter $post_types in /wordpress/wp-content/plugins/custom-post-archives/custom-post-archives.php on line 349
[11-Apr-2025 23:28:36 UTC] PHP Warning:  Trying to access array offset on value of type bool in /wordpress/wp-content/plugins/custom-post-archives/custom-post-archives.php on line 438
[11-Apr-2025 23:28:36 UTC] PHP Warning:  Undefined array key "post" in /wordpress/wp-content/plugins/custom-post-archives/custom-post-archives.php on line 440
[11-Apr-2025 23:28:36 UTC] PHP Warning:  Trying to access array offset on value of type bool in /wordpress/wp-content/plugins/custom-post-archives/custom-post-archives.php on line 438
[11-Apr-2025 23:28:36 UTC] PHP Warning:  Undefined array key "attachment" in /wordpress/wp-content/plugins/custom-post-archives/custom-post-archives.php on line 440
[11-Apr-2025 23:28:36 UTC] PHP Warning:  Trying to access array offset on value of type bool in /wordpress/wp-content/plugins/custom-post-archives/custom-post-archives.php on line 438
[11-Apr-2025 23:28:36 UTC] PHP Notice:  Only variables should be assigned by reference in /wordpress/wp-content/plugins/custom-post-archives/custom-post-archives.php on line 606
[11-Apr-2025 23:28:46 UTC] PHP Deprecated:  Function load_plugin_textdomain was called with an argument that is <strong>deprecated</strong> since version 2.7.0 with no alternative available. in /wordpress/wp-includes/functions.php on line 6114
[11-Apr-2025 23:28:46 UTC] PHP Warning:  Trying to access array offset on value of type bool in /wordpress/wp-content/plugins/calicotek-ebay-dashboard-tools/index.php on line 54
[11-Apr-2025 23:28:47 UTC] PHP Deprecated:  Function load_plugin_textdomain was called with an argument that is <strong>deprecated</strong> since version 2.7.0 with no alternative available. in /wordpress/wp-includes/functions.php on line 6114
[11-Apr-2025 23:28:57 UTC] PHP Deprecated:  Function load_plugin_textdomain was called with an argument that is <strong>deprecated</strong> since version 2.7.0 with no alternative available. in /wordpress/wp-includes/functions.php on line 6114
[11-Apr-2025 23:28:57 UTC] PHP Warning:  Trying to access array offset on value of type bool in /wordpress/wp-content/plugins/calicotek-ebay-dashboard-tools/index.php on line 54
[11-Apr-2025 23:28:58 UTC] PHP Deprecated:  Function load_plugin_textdomain was called with an argument that is <strong>deprecated</strong> since version 2.7.0 with no alternative available. in /wordpress/wp-includes/functions.php on line 6114
[11-Apr-2025 23:29:09 UTC] PHP Deprecated:  Function load_plugin_textdomain was called with an argument that is <strong>deprecated</strong> since version 2.7.0 with no alternative available. in /wordpress/wp-includes/functions.php on line 6114
[11-Apr-2025 23:29:09 UTC] PHP Warning:  Trying to access array offset on value of type bool in /wordpress/wp-content/plugins/calicotek-ebay-dashboard-tools/index.php on line 54
[11-Apr-2025 23:29:10 UTC] PHP Deprecated:  Function load_plugin_textdomain was called with an argument that is <strong>deprecated</strong> since version 2.7.0 with no alternative available. in /wordpress/wp-includes/functions.php on line 6114

    at Object.onBind (file:///home/runner/work/playground-tester/playground-tester/node_modules/@wp-playground/cli/index.js:237:15)
    at process.processTicksAndRejections (node:internal/process/task_queues:105:5)
    at async V (file:///home/runner/work/playground-tester/playground-tester/node_modules/@wp-playground/cli/index.js:64:10)
    at async ja (file:///home/runner/work/playground-tester/playground-tester/node_modules/@wp-playground/cli/cli.js:8161:12) {
  [cause]: Error: Error when executing the blueprint step #1 ({"step":"installPlugin","pluginData":{"resource":"wordpress.org/plugins","slug":"cbhopad-controlincphp"},"options":{"activate":true}}) : Could not download "https://downloads.wordpress.org/plugin/cbhopad-controlincphp.latest-stable.zip".
  				Check if the URL is correct and the server is reachable.
  				If it is reachable, the server might be blocking the request.
  				Check the browser console and network tabs for more information.
  
  				## Does the console show the error "No 'Access-Control-Allow-Origin' header"?
  
  				This means the server that hosts your file does not allow requests from other sites
  				(cross-origin requests, or CORS).	You need to move the asset to a server that allows
  				cross-origin file downloads. Learn more about CORS at
  				https://developer.mozilla.org/en-US/docs/Web/HTTP/CORS.
  
  				If your file is on GitHub, load it from "raw.githubusercontent.com".
  				Here's how to do that:
  
  				1. Start with the original GitHub URL of the file. For example:
  				https://github.com/username/repository/blob/branch/filename.
  				2. Replace "github.com" with "raw.githubusercontent.com".
  				3. Remove the "/blob/" part of the URL.
  
  				The resulting URL should look like this:
  				https://raw.githubusercontent.com/username/repository/branch/filename
  
  				Error:
  				Error: Could not download "https://downloads.wordpress.org/plugin/cbhopad-controlincphp.latest-stable.zip"
      at Object.run (file:///home/runner/work/playground-tester/playground-tester/node_modules/@wp-playground/blueprints/index.js:12449:19)
      at process.processTicksAndRejections (node:internal/process/task_queues:105:5)
      at async ms (file:///home/runner/work/playground-tester/playground-tester/node_modules/@wp-playground/blueprints/index.js:12552:3)
      at async Object.onBind (file:///home/runner/work/playground-tester/playground-tester/node_modules/@wp-playground/cli/index.js:227:48)
      at async V (file:///home/runner/work/playground-tester/playground-tester/node_modules/@wp-playground/cli/index.js:64:10)
      at async ja (file:///home/runner/work/playground-tester/playground-tester/node_modules/@wp-playground/cli/cli.js:8161:12) {
    [cause]: Error: Could not download "https://downloads.wordpress.org/plugin/cbhopad-controlincphp.latest-stable.zip".
    				Check if the URL is correct and the server is reachable.
    				If it is reachable, the server might be blocking the request.
    				Check the browser console and network tabs for more information.
    
    				## Does the console show the error "No 'Access-Control-Allow-Origin' header"?
    
    				This means the server that hosts your file does not allow requests from other sites
    				(cross-origin requests, or CORS).	You need to move the asset to a server that allows
    				cross-origin file downloads. Learn more about CORS at
    				https://developer.mozilla.org/en-US/docs/Web/HTTP/CORS.
    
    				If your file is on GitHub, load it from "raw.githubusercontent.com".
    				Here's how to do that:
    
    				1. Start with the original GitHub URL of the file. For example:
    				https://github.com/username/repository/blob/branch/filename.
    				2. Replace "github.com" with "raw.githubusercontent.com".
    				3. Remove the "/blob/" part of the URL.
    
    				The resulting URL should look like this:
    				https://raw.githubusercontent.com/username/repository/branch/filename
    
    				Error:
    				Error: Could not download "https://downloads.wordpress.org/plugin/cbhopad-controlincphp.latest-stable.zip"
        at Ct.resolve (file:///home/runner/work/playground-tester/playground-tester/node_modules/@wp-playground/blueprints/index.js:1472:13)
        at process.processTicksAndRejections (node:internal/process/task_queues:105:5)
        at async _.run (file:///home/runner/work/playground-tester/playground-tester/node_modules/@php-wasm/util/index.js:45:14)
  }
}

Node.js v23.11.0
