file:///home/runner/work/playground-tester/playground-tester/node_modules/@wp-playground/cli/index.js:237
        throw new Error(y, { cause: u });
              ^

Error: [28-May-2025 05:31:32 UTC] ADDEFEND -- ERROR : Script download error :A valid URL was not provided.
[28-May-2025 05:31:32 UTC] ADDEFEND -- ERROR : Sticking with the old script
[28-May-2025 05:31:42 UTC] ADDEFEND -- ERROR : Script download error :A valid URL was not provided.
[28-May-2025 05:31:42 UTC] ADDEFEND -- ERROR : Sticking with the old script
[28-May-2025 05:31:51 UTC] ADDEFEND -- ERROR : Script download error :A valid URL was not provided.
[28-May-2025 05:31:51 UTC] ADDEFEND -- ERROR : Sticking with the old script
[28-May-2025 05:33:50 UTC] PHP Fatal error:  Array and string offset access syntax with curly braces is no longer supported in /wordpress/wp-content/plugins/automatic-ban-ip/core/utils.class.php on line 102
[28-May-2025 05:33:59 UTC] PHP Fatal error:  Array and string offset access syntax with curly braces is no longer supported in /wordpress/wp-content/plugins/automatic-ban-ip/core/utils.class.php on line 102
[28-May-2025 05:34:05 UTC] PHP Fatal error:  Array and string offset access syntax with curly braces is no longer supported in /wordpress/wp-content/plugins/automatic-ban-ip/core/utils.class.php on line 102
[28-May-2025 05:34:15 UTC] PHP Warning:  mkdir(): No such file or directory in /wordpress/wp-content/plugins/automatic-tooltips/admin/class-daextauttol-admin.php on line 891
[28-May-2025 05:34:26 UTC] PHP Warning:  mkdir(): No such file or directory in /wordpress/wp-content/plugins/automatic-tooltips/admin/class-daextauttol-admin.php on line 891
[28-May-2025 05:34:37 UTC] PHP Warning:  mkdir(): No such file or directory in /wordpress/wp-content/plugins/automatic-tooltips/admin/class-daextauttol-admin.php on line 891
[28-May-2025 05:34:47 UTC] PHP Warning:  Undefined variable $data in /wordpress/wp-content/plugins/avatars-for-comment-feeds/avatars4commentfeeds.php on line 47
[28-May-2025 05:34:47 UTC] PHP Deprecated:  Function add_option was called with an argument that is <strong>deprecated</strong> since version 2.3.0 with no alternative available. in /wordpress/wp-includes/functions.php on line 6121
[28-May-2025 05:34:47 UTC] PHP Warning:  Undefined variable $data in /wordpress/wp-content/plugins/avatars-for-comment-feeds/avatars4commentfeeds.php on line 47
[28-May-2025 05:34:47 UTC] PHP Deprecated:  Function add_option was called with an argument that is <strong>deprecated</strong> since version 2.3.0 with no alternative available. in /wordpress/wp-includes/functions.php on line 6121
[28-May-2025 05:34:55 UTC] PHP Warning:  Undefined variable $data in /wordpress/wp-content/plugins/avatars-for-comment-feeds/avatars4commentfeeds.php on line 47
[28-May-2025 05:34:55 UTC] PHP Deprecated:  Function add_option was called with an argument that is <strong>deprecated</strong> since version 2.3.0 with no alternative available. in /wordpress/wp-includes/functions.php on line 6121
[28-May-2025 05:34:56 UTC] PHP Warning:  Undefined variable $data in /wordpress/wp-content/plugins/avatars-for-comment-feeds/avatars4commentfeeds.php on line 47
[28-May-2025 05:34:56 UTC] PHP Deprecated:  Function add_option was called with an argument that is <strong>deprecated</strong> since version 2.3.0 with no alternative available. in /wordpress/wp-includes/functions.php on line 6121
[28-May-2025 05:35:05 UTC] PHP Warning:  Undefined variable $data in /wordpress/wp-content/plugins/avatars-for-comment-feeds/avatars4commentfeeds.php on line 47
[28-May-2025 05:35:05 UTC] PHP Deprecated:  Function add_option was called with an argument that is <strong>deprecated</strong> since version 2.3.0 with no alternative available. in /wordpress/wp-includes/functions.php on line 6121
[28-May-2025 05:35:06 UTC] PHP Warning:  Undefined variable $data in /wordpress/wp-content/plugins/avatars-for-comment-feeds/avatars4commentfeeds.php on line 47
[28-May-2025 05:35:06 UTC] PHP Deprecated:  Function add_option was called with an argument that is <strong>deprecated</strong> since version 2.3.0 with no alternative available. in /wordpress/wp-includes/functions.php on line 6121
[28-May-2025 05:37:21 UTC] PHP Fatal error:  Uncaught TypeError: call_user_func_array(): Argument #1 ($callback) must be a valid callback, function "add_main_menu_page" not found or invalid function name in /wordpress/wp-includes/class-wp-hook.php:324
Stack trace:
#0 /wordpress/wp-includes/class-wp-hook.php(348): WP_Hook->apply_filters('', Array)
#1 /wordpress/wp-includes/plugin.php(517): WP_Hook->do_action(Array)
#2 /wordpress/wp-admin/includes/plugin.php(703): do_action('activate_all-in...', false)
#3 /internal/eval.php(20): activate_plugin('all-in-one-smar...')
#4 {main}
  thrown in /wordpress/wp-includes/class-wp-hook.php on line 324
[28-May-2025 05:37:28 UTC] PHP Fatal error:  Uncaught TypeError: call_user_func_array(): Argument #1 ($callback) must be a valid callback, function "add_main_menu_page" not found or invalid function name in /wordpress/wp-includes/class-wp-hook.php:324
Stack trace:
#0 /wordpress/wp-includes/class-wp-hook.php(348): WP_Hook->apply_filters('', Array)
#1 /wordpress/wp-includes/plugin.php(517): WP_Hook->do_action(Array)
#2 /wordpress/wp-admin/includes/plugin.php(703): do_action('activate_all-in...', false)
#3 /internal/eval.php(20): activate_plugin('all-in-one-smar...')
#4 {main}
  thrown in /wordpress/wp-includes/class-wp-hook.php on line 324
[28-May-2025 05:37:35 UTC] PHP Fatal error:  Uncaught TypeError: call_user_func_array(): Argument #1 ($callback) must be a valid callback, function "add_main_menu_page" not found or invalid function name in /wordpress/wp-includes/class-wp-hook.php:324
Stack trace:
#0 /wordpress/wp-includes/class-wp-hook.php(348): WP_Hook->apply_filters('', Array)
#1 /wordpress/wp-includes/plugin.php(517): WP_Hook->do_action(Array)
#2 /wordpress/wp-admin/includes/plugin.php(703): do_action('activate_all-in...', false)
#3 /internal/eval.php(20): activate_plugin('all-in-one-smar...')
#4 {main}
  thrown in /wordpress/wp-includes/class-wp-hook.php on line 324

    at Object.onBind (file:///home/runner/work/playground-tester/playground-tester/node_modules/@wp-playground/cli/index.js:237:15)
    at process.processTicksAndRejections (node:internal/process/task_queues:105:5)
    at async V (file:///home/runner/work/playground-tester/playground-tester/node_modules/@wp-playground/cli/index.js:64:10)
    at async ja (file:///home/runner/work/playground-tester/playground-tester/node_modules/@wp-playground/cli/cli.js:8161:12) {
  [cause]: Error: Error when executing the blueprint step #1 ({"step":"installPlugin","pluginData":{"resource":"wordpress.org/plugins","slug":"all-in-one-smart-features-woocommerce"},"options":{"activate":true}}) : PHP.run() failed with exit code 255 and the following output: 
      at Object.run (file:///home/runner/work/playground-tester/playground-tester/node_modules/@wp-playground/blueprints/index.js:12449:19)
      at process.processTicksAndRejections (node:internal/process/task_queues:105:5)
      at async ms (file:///home/runner/work/playground-tester/playground-tester/node_modules/@wp-playground/blueprints/index.js:12552:3)
      ... 2 lines matching cause stack trace ...
      at async ja (file:///home/runner/work/playground-tester/playground-tester/node_modules/@wp-playground/cli/cli.js:8161:12) {
    [cause]: PHPExecutionFailureError: PHP.run() failed with exit code 255 and the following output: 
        at PHP.run (file:///home/runner/work/playground-tester/playground-tester/node_modules/@php-wasm/universal/index.js:987:19)
        at process.processTicksAndRejections (node:internal/process/task_queues:105:5)
        at async wr (file:///home/runner/work/playground-tester/playground-tester/node_modules/@wp-playground/blueprints/index.js:33:39)
        at async Object.gt [as installPlugin] (file:///home/runner/work/playground-tester/playground-tester/node_modules/@wp-playground/blueprints/index.js:974:42)
        at async g (file:///home/runner/work/playground-tester/playground-tester/node_modules/@wp-playground/blueprints/index.js:12517:30)
        at async Object.run (file:///home/runner/work/playground-tester/playground-tester/node_modules/@wp-playground/blueprints/index.js:12446:23)
        at async ms (file:///home/runner/work/playground-tester/playground-tester/node_modules/@wp-playground/blueprints/index.js:12552:3)
        at async Object.onBind (file:///home/runner/work/playground-tester/playground-tester/node_modules/@wp-playground/cli/index.js:227:48)
        at async V (file:///home/runner/work/playground-tester/playground-tester/node_modules/@wp-playground/cli/index.js:64:10)
        at async ja (file:///home/runner/work/playground-tester/playground-tester/node_modules/@wp-playground/cli/cli.js:8161:12) {
      response: PHPResponse {
        httpStatusCode: 500,
        headers: {
          'x-powered-by': [ 'PHP/8.0.30-dev' ],
          'content-type': [ 'text/html; charset=UTF-8' ]
        },
        bytes: Uint8Array(0) [],
        exitCode: 255,
        errors: ''
      },
      source: 'request'
    }
  }
}

Node.js v23.11.0
