file:///home/runner/work/playground-tester/playground-tester/node_modules/@wp-playground/cli/index.js:237
        throw new Error(y, { cause: u });
              ^

Error: [19-Apr-2025 06:53:42 UTC] PHP Deprecated:  Required parameter $is_script follows optional parameter $list in /wordpress/wp-content/plugins/awesome-arrow-navigation/admin/ReduxCore/inc/class.redux_cdn.php on line 20
[19-Apr-2025 06:53:42 UTC] PHP Deprecated:  Required parameter $handle follows optional parameter $register in /wordpress/wp-content/plugins/awesome-arrow-navigation/admin/ReduxCore/inc/class.redux_cdn.php on line 44
[19-Apr-2025 06:53:42 UTC] PHP Deprecated:  Required parameter $src_cdn follows optional parameter $register in /wordpress/wp-content/plugins/awesome-arrow-navigation/admin/ReduxCore/inc/class.redux_cdn.php on line 44
[19-Apr-2025 06:53:42 UTC] PHP Deprecated:  Required parameter $deps follows optional parameter $register in /wordpress/wp-content/plugins/awesome-arrow-navigation/admin/ReduxCore/inc/class.redux_cdn.php on line 44
[19-Apr-2025 06:53:42 UTC] PHP Deprecated:  Required parameter $ver follows optional parameter $register in /wordpress/wp-content/plugins/awesome-arrow-navigation/admin/ReduxCore/inc/class.redux_cdn.php on line 44
[19-Apr-2025 06:53:42 UTC] PHP Deprecated:  Required parameter $footer_or_media follows optional parameter $register in /wordpress/wp-content/plugins/awesome-arrow-navigation/admin/ReduxCore/inc/class.redux_cdn.php on line 44
[19-Apr-2025 06:53:42 UTC] PHP Deprecated:  Required parameter $path follows optional parameter $expire in /wordpress/wp-content/plugins/awesome-arrow-navigation/admin/ReduxCore/inc/class.redux_functions.php on line 53
[19-Apr-2025 06:53:44 UTC] PHP Deprecated:  Required parameter $is_script follows optional parameter $list in /wordpress/wp-content/plugins/awesome-arrow-navigation/admin/ReduxCore/inc/class.redux_cdn.php on line 20
[19-Apr-2025 06:53:44 UTC] PHP Deprecated:  Required parameter $handle follows optional parameter $register in /wordpress/wp-content/plugins/awesome-arrow-navigation/admin/ReduxCore/inc/class.redux_cdn.php on line 44
[19-Apr-2025 06:53:44 UTC] PHP Deprecated:  Required parameter $src_cdn follows optional parameter $register in /wordpress/wp-content/plugins/awesome-arrow-navigation/admin/ReduxCore/inc/class.redux_cdn.php on line 44
[19-Apr-2025 06:53:44 UTC] PHP Deprecated:  Required parameter $deps follows optional parameter $register in /wordpress/wp-content/plugins/awesome-arrow-navigation/admin/ReduxCore/inc/class.redux_cdn.php on line 44
[19-Apr-2025 06:53:44 UTC] PHP Deprecated:  Required parameter $ver follows optional parameter $register in /wordpress/wp-content/plugins/awesome-arrow-navigation/admin/ReduxCore/inc/class.redux_cdn.php on line 44
[19-Apr-2025 06:53:44 UTC] PHP Deprecated:  Required parameter $footer_or_media follows optional parameter $register in /wordpress/wp-content/plugins/awesome-arrow-navigation/admin/ReduxCore/inc/class.redux_cdn.php on line 44
[19-Apr-2025 06:53:44 UTC] PHP Deprecated:  Required parameter $path follows optional parameter $expire in /wordpress/wp-content/plugins/awesome-arrow-navigation/admin/ReduxCore/inc/class.redux_functions.php on line 53
[19-Apr-2025 06:53:44 UTC] PHP Warning:  Undefined array key "REMOTE_ADDR" in /wordpress/wp-content/plugins/awesome-arrow-navigation/admin/ReduxCore/inc/class.redux_helpers.php on line 69
[19-Apr-2025 06:53:44 UTC] PHP Warning:  "continue" targeting switch is equivalent to "break". Did you mean to use "continue 2"? in /wordpress/wp-content/plugins/awesome-arrow-navigation/admin/ReduxCore/inc/extensions/customizer/extension_customizer.php on line 376
[19-Apr-2025 06:53:44 UTC] PHP Warning:  "continue" targeting switch is equivalent to "break". Did you mean to use "continue 2"? in /wordpress/wp-content/plugins/awesome-arrow-navigation/admin/ReduxCore/inc/extensions/customizer/extension_customizer.php on line 398
[19-Apr-2025 06:53:44 UTC] PHP Warning:  "continue" targeting switch is equivalent to "break". Did you mean to use "continue 2"? in /wordpress/wp-content/plugins/awesome-arrow-navigation/admin/ReduxCore/inc/extensions/customizer/extension_customizer.php on line 416
[19-Apr-2025 06:53:44 UTC] PHP Warning:  "continue" targeting switch is equivalent to "break". Did you mean to use "continue 2"? in /wordpress/wp-content/plugins/awesome-arrow-navigation/admin/ReduxCore/inc/extensions/customizer/extension_customizer.php on line 420
[19-Apr-2025 06:53:44 UTC] PHP Warning:  "continue" targeting switch is equivalent to "break". Did you mean to use "continue 2"? in /wordpress/wp-content/plugins/awesome-arrow-navigation/admin/ReduxCore/inc/extensions/customizer/extension_customizer.php on line 447
[19-Apr-2025 06:53:44 UTC] PHP Warning:  "continue" targeting switch is equivalent to "break". Did you mean to use "continue 2"? in /wordpress/wp-content/plugins/awesome-arrow-navigation/admin/ReduxCore/inc/extensions/customizer/extension_customizer.php on line 459
[19-Apr-2025 06:53:44 UTC] PHP Warning:  "continue" targeting switch is equivalent to "break". Did you mean to use "continue 2"? in /wordpress/wp-content/plugins/awesome-arrow-navigation/admin/ReduxCore/inc/extensions/customizer/extension_customizer.php on line 478
[19-Apr-2025 06:53:44 UTC] PHP Warning:  Undefined array key "REMOTE_ADDR" in /wordpress/wp-content/plugins/awesome-arrow-navigation/admin/ReduxCore/inc/tracking.php on line 65
[19-Apr-2025 06:53:44 UTC] PHP Warning:  Undefined array key "REMOTE_ADDR" in /wordpress/wp-content/plugins/awesome-arrow-navigation/admin/ReduxCore/inc/class.redux_helpers.php on line 69
[19-Apr-2025 06:53:56 UTC] PHP Deprecated:  Required parameter $is_script follows optional parameter $list in /wordpress/wp-content/plugins/awesome-arrow-navigation/admin/ReduxCore/inc/class.redux_cdn.php on line 20
[19-Apr-2025 06:53:56 UTC] PHP Deprecated:  Required parameter $handle follows optional parameter $register in /wordpress/wp-content/plugins/awesome-arrow-navigation/admin/ReduxCore/inc/class.redux_cdn.php on line 44
[19-Apr-2025 06:53:56 UTC] PHP Deprecated:  Required parameter $src_cdn follows optional parameter $register in /wordpress/wp-content/plugins/awesome-arrow-navigation/admin/ReduxCore/inc/class.redux_cdn.php on line 44
[19-Apr-2025 06:53:56 UTC] PHP Deprecated:  Required parameter $deps follows optional parameter $register in /wordpress/wp-content/plugins/awesome-arrow-navigation/admin/ReduxCore/inc/class.redux_cdn.php on line 44
[19-Apr-2025 06:53:56 UTC] PHP Deprecated:  Required parameter $ver follows optional parameter $register in /wordpress/wp-content/plugins/awesome-arrow-navigation/admin/ReduxCore/inc/class.redux_cdn.php on line 44
[19-Apr-2025 06:53:56 UTC] PHP Deprecated:  Required parameter $footer_or_media follows optional parameter $register in /wordpress/wp-content/plugins/awesome-arrow-navigation/admin/ReduxCore/inc/class.redux_cdn.php on line 44
[19-Apr-2025 06:53:56 UTC] PHP Deprecated:  Required parameter $path follows optional parameter $expire in /wordpress/wp-content/plugins/awesome-arrow-navigation/admin/ReduxCore/inc/class.redux_functions.php on line 53
[19-Apr-2025 06:53:56 UTC] PHP Deprecated:  Required parameter $is_script follows optional parameter $list in /wordpress/wp-content/plugins/awesome-arrow-navigation/admin/ReduxCore/inc/class.redux_cdn.php on line 20
[19-Apr-2025 06:53:56 UTC] PHP Deprecated:  Required parameter $handle follows optional parameter $register in /wordpress/wp-content/plugins/awesome-arrow-navigation/admin/ReduxCore/inc/class.redux_cdn.php on line 44
[19-Apr-2025 06:53:56 UTC] PHP Deprecated:  Required parameter $src_cdn follows optional parameter $register in /wordpress/wp-content/plugins/awesome-arrow-navigation/admin/ReduxCore/inc/class.redux_cdn.php on line 44
[19-Apr-2025 06:53:56 UTC] PHP Deprecated:  Required parameter $deps follows optional parameter $register in /wordpress/wp-content/plugins/awesome-arrow-navigation/admin/ReduxCore/inc/class.redux_cdn.php on line 44
[19-Apr-2025 06:53:56 UTC] PHP Deprecated:  Required parameter $ver follows optional parameter $register in /wordpress/wp-content/plugins/awesome-arrow-navigation/admin/ReduxCore/inc/class.redux_cdn.php on line 44
[19-Apr-2025 06:53:56 UTC] PHP Deprecated:  Required parameter $footer_or_media follows optional parameter $register in /wordpress/wp-content/plugins/awesome-arrow-navigation/admin/ReduxCore/inc/class.redux_cdn.php on line 44
[19-Apr-2025 06:53:56 UTC] PHP Deprecated:  Required parameter $path follows optional parameter $expire in /wordpress/wp-content/plugins/awesome-arrow-navigation/admin/ReduxCore/inc/class.redux_functions.php on line 53
[19-Apr-2025 06:53:56 UTC] PHP Warning:  Undefined array key "REMOTE_ADDR" in /wordpress/wp-content/plugins/awesome-arrow-navigation/admin/ReduxCore/inc/class.redux_helpers.php on line 69
[19-Apr-2025 06:53:56 UTC] PHP Warning:  "continue" targeting switch is equivalent to "break". Did you mean to use "continue 2"? in /wordpress/wp-content/plugins/awesome-arrow-navigation/admin/ReduxCore/inc/extensions/customizer/extension_customizer.php on line 376
[19-Apr-2025 06:53:56 UTC] PHP Warning:  "continue" targeting switch is equivalent to "break". Did you mean to use "continue 2"? in /wordpress/wp-content/plugins/awesome-arrow-navigation/admin/ReduxCore/inc/extensions/customizer/extension_customizer.php on line 398
[19-Apr-2025 06:53:56 UTC] PHP Warning:  "continue" targeting switch is equivalent to "break". Did you mean to use "continue 2"? in /wordpress/wp-content/plugins/awesome-arrow-navigation/admin/ReduxCore/inc/extensions/customizer/extension_customizer.php on line 416
[19-Apr-2025 06:53:56 UTC] PHP Warning:  "continue" targeting switch is equivalent to "break". Did you mean to use "continue 2"? in /wordpress/wp-content/plugins/awesome-arrow-navigation/admin/ReduxCore/inc/extensions/customizer/extension_customizer.php on line 420
[19-Apr-2025 06:53:56 UTC] PHP Warning:  "continue" targeting switch is equivalent to "break". Did you mean to use "continue 2"? in /wordpress/wp-content/plugins/awesome-arrow-navigation/admin/ReduxCore/inc/extensions/customizer/extension_customizer.php on line 447
[19-Apr-2025 06:53:56 UTC] PHP Warning:  "continue" targeting switch is equivalent to "break". Did you mean to use "continue 2"? in /wordpress/wp-content/plugins/awesome-arrow-navigation/admin/ReduxCore/inc/extensions/customizer/extension_customizer.php on line 459
[19-Apr-2025 06:53:56 UTC] PHP Warning:  "continue" targeting switch is equivalent to "break". Did you mean to use "continue 2"? in /wordpress/wp-content/plugins/awesome-arrow-navigation/admin/ReduxCore/inc/extensions/customizer/extension_customizer.php on line 478
[19-Apr-2025 06:53:56 UTC] PHP Warning:  Undefined array key "REMOTE_ADDR" in /wordpress/wp-content/plugins/awesome-arrow-navigation/admin/ReduxCore/inc/tracking.php on line 65
[19-Apr-2025 06:53:56 UTC] PHP Warning:  Undefined array key "REMOTE_ADDR" in /wordpress/wp-content/plugins/awesome-arrow-navigation/admin/ReduxCore/inc/class.redux_helpers.php on line 69
[19-Apr-2025 06:54:07 UTC] PHP Deprecated:  Required parameter $is_script follows optional parameter $list in /wordpress/wp-content/plugins/awesome-arrow-navigation/admin/ReduxCore/inc/class.redux_cdn.php on line 20
[19-Apr-2025 06:54:07 UTC] PHP Deprecated:  Required parameter $handle follows optional parameter $register in /wordpress/wp-content/plugins/awesome-arrow-navigation/admin/ReduxCore/inc/class.redux_cdn.php on line 44
[19-Apr-2025 06:54:07 UTC] PHP Deprecated:  Required parameter $src_cdn follows optional parameter $register in /wordpress/wp-content/plugins/awesome-arrow-navigation/admin/ReduxCore/inc/class.redux_cdn.php on line 44
[19-Apr-2025 06:54:07 UTC] PHP Deprecated:  Required parameter $deps follows optional parameter $register in /wordpress/wp-content/plugins/awesome-arrow-navigation/admin/ReduxCore/inc/class.redux_cdn.php on line 44
[19-Apr-2025 06:54:07 UTC] PHP Deprecated:  Required parameter $ver follows optional parameter $register in /wordpress/wp-content/plugins/awesome-arrow-navigation/admin/ReduxCore/inc/class.redux_cdn.php on line 44
[19-Apr-2025 06:54:07 UTC] PHP Deprecated:  Required parameter $footer_or_media follows optional parameter $register in /wordpress/wp-content/plugins/awesome-arrow-navigation/admin/ReduxCore/inc/class.redux_cdn.php on line 44
[19-Apr-2025 06:54:07 UTC] PHP Deprecated:  Required parameter $path follows optional parameter $expire in /wordpress/wp-content/plugins/awesome-arrow-navigation/admin/ReduxCore/inc/class.redux_functions.php on line 53
[19-Apr-2025 06:54:07 UTC] PHP Deprecated:  Required parameter $is_script follows optional parameter $list in /wordpress/wp-content/plugins/awesome-arrow-navigation/admin/ReduxCore/inc/class.redux_cdn.php on line 20
[19-Apr-2025 06:54:07 UTC] PHP Deprecated:  Required parameter $handle follows optional parameter $register in /wordpress/wp-content/plugins/awesome-arrow-navigation/admin/ReduxCore/inc/class.redux_cdn.php on line 44
[19-Apr-2025 06:54:07 UTC] PHP Deprecated:  Required parameter $src_cdn follows optional parameter $register in /wordpress/wp-content/plugins/awesome-arrow-navigation/admin/ReduxCore/inc/class.redux_cdn.php on line 44
[19-Apr-2025 06:54:07 UTC] PHP Deprecated:  Required parameter $deps follows optional parameter $register in /wordpress/wp-content/plugins/awesome-arrow-navigation/admin/ReduxCore/inc/class.redux_cdn.php on line 44
[19-Apr-2025 06:54:07 UTC] PHP Deprecated:  Required parameter $ver follows optional parameter $register in /wordpress/wp-content/plugins/awesome-arrow-navigation/admin/ReduxCore/inc/class.redux_cdn.php on line 44
[19-Apr-2025 06:54:07 UTC] PHP Deprecated:  Required parameter $footer_or_media follows optional parameter $register in /wordpress/wp-content/plugins/awesome-arrow-navigation/admin/ReduxCore/inc/class.redux_cdn.php on line 44
[19-Apr-2025 06:54:07 UTC] PHP Deprecated:  Required parameter $path follows optional parameter $expire in /wordpress/wp-content/plugins/awesome-arrow-navigation/admin/ReduxCore/inc/class.redux_functions.php on line 53
[19-Apr-2025 06:54:07 UTC] PHP Warning:  Undefined array key "REMOTE_ADDR" in /wordpress/wp-content/plugins/awesome-arrow-navigation/admin/ReduxCore/inc/class.redux_helpers.php on line 69
[19-Apr-2025 06:54:08 UTC] PHP Warning:  "continue" targeting switch is equivalent to "break". Did you mean to use "continue 2"? in /wordpress/wp-content/plugins/awesome-arrow-navigation/admin/ReduxCore/inc/extensions/customizer/extension_customizer.php on line 376
[19-Apr-2025 06:54:08 UTC] PHP Warning:  "continue" targeting switch is equivalent to "break". Did you mean to use "continue 2"? in /wordpress/wp-content/plugins/awesome-arrow-navigation/admin/ReduxCore/inc/extensions/customizer/extension_customizer.php on line 398
[19-Apr-2025 06:54:08 UTC] PHP Warning:  "continue" targeting switch is equivalent to "break". Did you mean to use "continue 2"? in /wordpress/wp-content/plugins/awesome-arrow-navigation/admin/ReduxCore/inc/extensions/customizer/extension_customizer.php on line 416
[19-Apr-2025 06:54:08 UTC] PHP Warning:  "continue" targeting switch is equivalent to "break". Did you mean to use "continue 2"? in /wordpress/wp-content/plugins/awesome-arrow-navigation/admin/ReduxCore/inc/extensions/customizer/extension_customizer.php on line 420
[19-Apr-2025 06:54:08 UTC] PHP Warning:  "continue" targeting switch is equivalent to "break". Did you mean to use "continue 2"? in /wordpress/wp-content/plugins/awesome-arrow-navigation/admin/ReduxCore/inc/extensions/customizer/extension_customizer.php on line 447
[19-Apr-2025 06:54:08 UTC] PHP Warning:  "continue" targeting switch is equivalent to "break". Did you mean to use "continue 2"? in /wordpress/wp-content/plugins/awesome-arrow-navigation/admin/ReduxCore/inc/extensions/customizer/extension_customizer.php on line 459
[19-Apr-2025 06:54:08 UTC] PHP Warning:  "continue" targeting switch is equivalent to "break". Did you mean to use "continue 2"? in /wordpress/wp-content/plugins/awesome-arrow-navigation/admin/ReduxCore/inc/extensions/customizer/extension_customizer.php on line 478
[19-Apr-2025 06:54:08 UTC] PHP Warning:  Undefined array key "REMOTE_ADDR" in /wordpress/wp-content/plugins/awesome-arrow-navigation/admin/ReduxCore/inc/tracking.php on line 65
[19-Apr-2025 06:54:08 UTC] PHP Warning:  Undefined array key "REMOTE_ADDR" in /wordpress/wp-content/plugins/awesome-arrow-navigation/admin/ReduxCore/inc/class.redux_helpers.php on line 69
[19-Apr-2025 06:57:56 UTC] PHP Fatal error:  Uncaught Error: Call to undefined function wp_generate_attachment_metadata() in /wordpress/wp-content/plugins/4-author-cheer-up-donate/4-author-cheer-up-donate.php:137
Stack trace:
#0 /wordpress/wp-includes/class-wp-hook.php(324): AcuD_Plugin_activ(false)
#1 /wordpress/wp-includes/class-wp-hook.php(348): WP_Hook->apply_filters('', Array)
#2 /wordpress/wp-includes/plugin.php(517): WP_Hook->do_action(Array)
#3 /wordpress/wp-admin/includes/plugin.php(703): do_action('activate_4-auth...', false)
#4 /internal/eval.php(20): activate_plugin('4-author-cheer-...')
#5 {main}
  thrown in /wordpress/wp-content/plugins/4-author-cheer-up-donate/4-author-cheer-up-donate.php on line 137
[19-Apr-2025 06:58:05 UTC] PHP Warning:  mkdir(): File exists in /wordpress/wp-content/plugins/4-author-cheer-up-donate/4-author-cheer-up-donate.php on line 127
[19-Apr-2025 06:58:05 UTC] PHP Fatal error:  Uncaught Error: Call to undefined function wp_generate_attachment_metadata() in /wordpress/wp-content/plugins/4-author-cheer-up-donate/4-author-cheer-up-donate.php:137
Stack trace:
#0 /wordpress/wp-includes/class-wp-hook.php(324): AcuD_Plugin_activ(false)
#1 /wordpress/wp-includes/class-wp-hook.php(348): WP_Hook->apply_filters('', Array)
#2 /wordpress/wp-includes/plugin.php(517): WP_Hook->do_action(Array)
#3 /wordpress/wp-admin/includes/plugin.php(703): do_action('activate_4-auth...', false)
#4 /internal/eval.php(20): activate_plugin('4-author-cheer-...')
#5 {main}
  thrown in /wordpress/wp-content/plugins/4-author-cheer-up-donate/4-author-cheer-up-donate.php on line 137
[19-Apr-2025 06:58:13 UTC] PHP Warning:  mkdir(): File exists in /wordpress/wp-content/plugins/4-author-cheer-up-donate/4-author-cheer-up-donate.php on line 127
[19-Apr-2025 06:58:14 UTC] PHP Fatal error:  Uncaught Error: Call to undefined function wp_generate_attachment_metadata() in /wordpress/wp-content/plugins/4-author-cheer-up-donate/4-author-cheer-up-donate.php:137
Stack trace:
#0 /wordpress/wp-includes/class-wp-hook.php(324): AcuD_Plugin_activ(false)
#1 /wordpress/wp-includes/class-wp-hook.php(348): WP_Hook->apply_filters('', Array)
#2 /wordpress/wp-includes/plugin.php(517): WP_Hook->do_action(Array)
#3 /wordpress/wp-admin/includes/plugin.php(703): do_action('activate_4-auth...', false)
#4 /internal/eval.php(20): activate_plugin('4-author-cheer-...')
#5 {main}
  thrown in /wordpress/wp-content/plugins/4-author-cheer-up-donate/4-author-cheer-up-donate.php on line 137
[19-Apr-2025 07:00:14 UTC] PHP Deprecated:  File upgrade-functions.php is <strong>deprecated</strong> since version 2.5.0! Use wp-admin/includes/upgrade.php instead. in /wordpress/wp-includes/functions.php on line 6121
[19-Apr-2025 07:00:15 UTC] PHP Deprecated:  Function supports_collation is <strong>deprecated</strong> since version 3.5.0! Use wpdb::has_cap( 'collation' ) instead. in /wordpress/wp-includes/functions.php on line 6121
[19-Apr-2025 07:00:15 UTC] WordPress database error <div style="clear:both">&nbsp;</div>
<div class="queries" style="clear:both;margin-bottom:2px;border:red dotted thin;">
<p>MySQL query:</p>
<p>DROP TABLE `wp_404s`</p>
<p>Queries made or created this session were:</p>
<ol>
<li>Executing: BEGIN | (no parameters)</li>
<li>Executing: SELECT 1 FROM sqlite_temp_schema WHERE type = 'table' AND name = ? | parameters: wp_404s</li>
<li>Executing: 
				DELETE FROM _wp_sqlite_mysql_information_schema_tables
				WHERE table_schema = ? AND table_name = ?
			 | parameters: database_name_here, wp_404s</li>
<li>Executing: 
				DELETE FROM _wp_sqlite_mysql_information_schema_columns
				WHERE table_schema = ? AND table_name = ?
			 | parameters: database_name_here, wp_404s</li>
<li>Executing: 
				DELETE FROM _wp_sqlite_mysql_information_schema_statistics
				WHERE table_schema = ? AND table_name = ?
			 | parameters: database_name_here, wp_404s</li>
<li>Executing: DROP TABLE `wp_404s` | (no parameters)</li>
<li>Executing: ROLLBACK | (no parameters)</li>
</ol>
</div>
<div style="clear:both;margin-bottom:2px;border:red dotted thin;" class="error_message" style="border-bottom:dotted blue thin;">
SQLSTATE[HY000]: General error: 1 no such table: wp_404s
</div>
<p>Backtrace:</p>
<pre>#0 /internal/shared/sqlite-database-integration/wp-includes/sqlite-ast/class-wp-sqlite-driver.php(690): WP_SQLite_Driver->new_driver_exception('SQLSTATE[HY000]...', 0, Object(PDOException))
#1 /internal/shared/sqlite-database-integration/wp-includes/sqlite/class-wp-sqlite-db.php(472): WP_SQLite_Driver->query('DROP TABLE `wp_...')
#2 /internal/shared/sqlite-database-integration/wp-includes/sqlite/class-wp-sqlite-db.php(413): WP_SQLite_DB->_do_query('DROP TABLE `wp_...')
#3 /wordpress/wp-content/plugins/404s/404sinstall.php(26): WP_SQLite_DB->query('DROP TABLE `wp_...')
#4 /wordpress/wp-content/plugins/404s/404sinstall.php(45): toams_404s_Install()
#5 /wordpress/wp-content/plugins/404s/404s.php(25): require_once('/wordpress/wp-c...')
#6 /wordpress/wp-admin/includes/plugin.php(2387): include_once('/wordpress/wp-c...')
#7 /wordpress/wp-admin/includes/plugin.php(673): plugin_sandbox_scrape('404s/404s.php')
#8 /internal/eval.php(20): activate_plugin('404s/404s.php')
#9 {main}</pre>
 for query DROP TABLE `wp_404s` made by activate_plugin, plugin_sandbox_scrape, include_once('/plugins/404s/404s.php'), require_once('/plugins/404s/404sinstall.php'), toams_404s_Install, WP_SQLite_DB->query, WP_SQLite_DB->print_error
[19-Apr-2025 07:00:24 UTC] PHP Deprecated:  File upgrade-functions.php is <strong>deprecated</strong> since version 2.5.0! Use wp-admin/includes/upgrade.php instead. in /wordpress/wp-includes/functions.php on line 6121
[19-Apr-2025 07:00:24 UTC] PHP Deprecated:  Function supports_collation is <strong>deprecated</strong> since version 3.5.0! Use wpdb::has_cap( 'collation' ) instead. in /wordpress/wp-includes/functions.php on line 6121
[19-Apr-2025 07:00:24 UTC] WordPress database error <div style="clear:both">&nbsp;</div>
<div class="queries" style="clear:both;margin-bottom:2px;border:red dotted thin;">
<p>MySQL query:</p>
<p>DROP TABLE `wp_404s`</p>
<p>Queries made or created this session were:</p>
<ol>
<li>Executing: BEGIN | (no parameters)</li>
<li>Executing: DROP TABLE `wp_404s` | (no parameters)</li>
<li>Executing: ROLLBACK | (no parameters)</li>
</ol>
</div>
<div style="clear:both;margin-bottom:2px;border:red dotted thin;" class="error_message" style="border-bottom:dotted blue thin;">
Error occurred at line 4117 in Function <code>handle_error</code>. Error message was: SQLSTATE[HY000]: General error: 1 no such table: wp_404s.
</div>
<p>Backtrace:</p>
<pre>#0 /internal/shared/sqlite-database-integration/wp-includes/sqlite/class-wp-sqlite-db.php(287): WP_SQLite_Translator->get_error_message()
#1 /wordpress/wp-content/plugins/404s/404sinstall.php(26): WP_SQLite_DB->query('DROP TABLE `wp_...')
#2 /wordpress/wp-content/plugins/404s/404sinstall.php(45): toams_404s_Install()
#3 /wordpress/wp-content/plugins/404s/404s.php(25): require_once('/wordpress/wp-c...')
#4 /wordpress/wp-admin/includes/plugin.php(2387): include_once('/wordpress/wp-c...')
#5 /wordpress/wp-admin/includes/plugin.php(673): plugin_sandbox_scrape('404s/404s.php')
#6 /internal/eval.php(20): activate_plugin('404s/404s.php')
#7 {main}</pre>
 for query DROP TABLE `wp_404s` made by activate_plugin, plugin_sandbox_scrape, include_once('/plugins/404s/404s.php'), require_once('/plugins/404s/404sinstall.php'), toams_404s_Install, WP_SQLite_DB->query, WP_SQLite_DB->print_error
[19-Apr-2025 07:00:32 UTC] PHP Deprecated:  File upgrade-functions.php is <strong>deprecated</strong> since version 2.5.0! Use wp-admin/includes/upgrade.php instead. in /wordpress/wp-includes/functions.php on line 6121
[19-Apr-2025 07:00:32 UTC] PHP Deprecated:  Function supports_collation is <strong>deprecated</strong> since version 3.5.0! Use wpdb::has_cap( 'collation' ) instead. in /wordpress/wp-includes/functions.php on line 6121
[19-Apr-2025 07:00:32 UTC] WordPress database error <div style="clear:both">&nbsp;</div>
<div class="queries" style="clear:both;margin-bottom:2px;border:red dotted thin;">
<p>MySQL query:</p>
<p>DROP TABLE `wp_404s`</p>
<p>Queries made or created this session were:</p>
<ol>
<li>Executing: BEGIN | (no parameters)</li>
<li>Executing: DROP TABLE `wp_404s` | (no parameters)</li>
<li>Executing: ROLLBACK | (no parameters)</li>
</ol>
</div>
<div style="clear:both;margin-bottom:2px;border:red dotted thin;" class="error_message" style="border-bottom:dotted blue thin;">
Error occurred at line 4117 in Function <code>handle_error</code>. Error message was: SQLSTATE[HY000]: General error: 1 no such table: wp_404s.
</div>
<p>Backtrace:</p>
<pre>#0 /internal/shared/sqlite-database-integration/wp-includes/sqlite/class-wp-sqlite-db.php(287): WP_SQLite_Translator->get_error_message()
#1 /wordpress/wp-content/plugins/404s/404sinstall.php(26): WP_SQLite_DB->query('DROP TABLE `wp_...')
#2 /wordpress/wp-content/plugins/404s/404sinstall.php(45): toams_404s_Install()
#3 /wordpress/wp-content/plugins/404s/404s.php(25): require_once('/wordpress/wp-c...')
#4 /wordpress/wp-admin/includes/plugin.php(2387): include_once('/wordpress/wp-c...')
#5 /wordpress/wp-admin/includes/plugin.php(673): plugin_sandbox_scrape('404s/404s.php')
#6 /internal/eval.php(20): activate_plugin('404s/404s.php')
#7 {main}</pre>
 for query DROP TABLE `wp_404s` made by activate_plugin, plugin_sandbox_scrape, include_once('/plugins/404s/404s.php'), require_once('/plugins/404s/404sinstall.php'), toams_404s_Install, WP_SQLite_DB->query, WP_SQLite_DB->print_error
[19-Apr-2025 07:02:33 UTC] PHP Deprecated:  File upgrade-functions.php is <strong>deprecated</strong> since version 2.5.0! Use wp-admin/includes/upgrade.php instead. in /wordpress/wp-includes/functions.php on line 6121
[19-Apr-2025 07:02:42 UTC] PHP Deprecated:  File upgrade-functions.php is <strong>deprecated</strong> since version 2.5.0! Use wp-admin/includes/upgrade.php instead. in /wordpress/wp-includes/functions.php on line 6121
[19-Apr-2025 07:02:51 UTC] PHP Deprecated:  File upgrade-functions.php is <strong>deprecated</strong> since version 2.5.0! Use wp-admin/includes/upgrade.php instead. in /wordpress/wp-includes/functions.php on line 6121
[19-Apr-2025 07:03:21 UTC] PHP Fatal error:  Declaration of autoptimize_admin_bar_fix::addPluginSubMenu() must be compatible with mijnpress_plugin_framework::addPluginSubMenu($title, $function, $file, $capability = 10, $where = 'plugins.ph...') in /wordpress/wp-content/plugins/autoptimize-admin-bar-fix/autoptimize_admin_bar_fix.php on line 52

    at Object.onBind (file:///home/runner/work/playground-tester/playground-tester/node_modules/@wp-playground/cli/index.js:237:15)
    at process.processTicksAndRejections (node:internal/process/task_queues:105:5)
    at async V (file:///home/runner/work/playground-tester/playground-tester/node_modules/@wp-playground/cli/index.js:64:10)
    at async ja (file:///home/runner/work/playground-tester/playground-tester/node_modules/@wp-playground/cli/cli.js:8161:12) {
  [cause]: Error: Error when executing the blueprint step #5 ({"step":"installPlugin","pluginData":{"resource":"wordpress.org/plugins","slug":"autoptimize-admin-bar-fix"},"options":{"activate":true}}) : PHP.run() failed with exit code 255 and the following output: 
      at Object.run (file:///home/runner/work/playground-tester/playground-tester/node_modules/@wp-playground/blueprints/index.js:12449:19)
      at process.processTicksAndRejections (node:internal/process/task_queues:105:5)
      at async ms (file:///home/runner/work/playground-tester/playground-tester/node_modules/@wp-playground/blueprints/index.js:12552:3)
      ... 2 lines matching cause stack trace ...
      at async ja (file:///home/runner/work/playground-tester/playground-tester/node_modules/@wp-playground/cli/cli.js:8161:12) {
    [cause]: PHPExecutionFailureError: PHP.run() failed with exit code 255 and the following output: 
        at PHP.run (file:///home/runner/work/playground-tester/playground-tester/node_modules/@php-wasm/universal/index.js:987:19)
        at process.processTicksAndRejections (node:internal/process/task_queues:105:5)
        at async wr (file:///home/runner/work/playground-tester/playground-tester/node_modules/@wp-playground/blueprints/index.js:33:39)
        at async Object.gt [as installPlugin] (file:///home/runner/work/playground-tester/playground-tester/node_modules/@wp-playground/blueprints/index.js:974:42)
        at async g (file:///home/runner/work/playground-tester/playground-tester/node_modules/@wp-playground/blueprints/index.js:12517:30)
        at async Object.run (file:///home/runner/work/playground-tester/playground-tester/node_modules/@wp-playground/blueprints/index.js:12446:23)
        at async ms (file:///home/runner/work/playground-tester/playground-tester/node_modules/@wp-playground/blueprints/index.js:12552:3)
        at async Object.onBind (file:///home/runner/work/playground-tester/playground-tester/node_modules/@wp-playground/cli/index.js:227:48)
        at async V (file:///home/runner/work/playground-tester/playground-tester/node_modules/@wp-playground/cli/index.js:64:10)
        at async ja (file:///home/runner/work/playground-tester/playground-tester/node_modules/@wp-playground/cli/cli.js:8161:12) {
      response: PHPResponse {
        httpStatusCode: 500,
        headers: {
          'x-powered-by': [ 'PHP/8.0.30-dev' ],
          'content-type': [ 'text/html; charset=UTF-8' ]
        },
        bytes: Uint8Array(0) [],
        exitCode: 255,
        errors: ''
      },
      source: 'request'
    }
  }
}

Node.js v23.11.0
