file:///home/runner/work/playground-tester/playground-tester/node_modules/@wp-playground/cli/run-cli-j-geJYS3.js:325
        throw new Error($, { cause: h });
              ^

Error: [08-Jul-2025 14:04:39 UTC] PHP Warning:  mkdir(): No such file or directory in /wordpress/wp-content/plugins/lwscache/includes/class-lws-cache-activator.php on line 35
[08-Jul-2025 14:04:48 UTC] PHP Warning:  mkdir(): No such file or directory in /wordpress/wp-content/plugins/lwscache/includes/class-lws-cache-activator.php on line 35
[08-Jul-2025 14:04:58 UTC] PHP Warning:  mkdir(): No such file or directory in /wordpress/wp-content/plugins/lwscache/includes/class-lws-cache-activator.php on line 35
[08-Jul-2025 14:06:26 UTC] PHP Warning:  Undefined array key "REMOTE_ADDR" in /wordpress/wp-content/plugins/ip-filter/ipfilter.php on line 418
[08-Jul-2025 14:06:35 UTC] PHP Warning:  Undefined array key "REMOTE_ADDR" in /wordpress/wp-content/plugins/ip-filter/ipfilter.php on line 418
[08-Jul-2025 14:06:44 UTC] PHP Warning:  Undefined array key "REMOTE_ADDR" in /wordpress/wp-content/plugins/ip-filter/ipfilter.php on line 418
[08-Jul-2025 14:06:55 UTC] PHP Warning:  Trying to access array offset on value of type bool in /wordpress/wp-content/plugins/ip-limit/ip-limit.php on line 193
[08-Jul-2025 14:06:55 UTC] PHP Warning:  Undefined array key "REMOTE_ADDR" in /wordpress/wp-content/plugins/ip-limit/ip-limit.php on line 155
[08-Jul-2025 14:07:04 UTC] PHP Warning:  Trying to access array offset on value of type bool in /wordpress/wp-content/plugins/ip-limit/ip-limit.php on line 193
[08-Jul-2025 14:07:04 UTC] PHP Warning:  Undefined array key "REMOTE_ADDR" in /wordpress/wp-content/plugins/ip-limit/ip-limit.php on line 155
[08-Jul-2025 14:07:15 UTC] PHP Warning:  Trying to access array offset on value of type bool in /wordpress/wp-content/plugins/ip-limit/ip-limit.php on line 193
[08-Jul-2025 14:07:15 UTC] PHP Warning:  Undefined array key "REMOTE_ADDR" in /wordpress/wp-content/plugins/ip-limit/ip-limit.php on line 155
[08-Jul-2025 14:09:15 UTC] PHP Fatal error:  Uncaught Error: Class 'WC_Payment_Gateway' not found in /wordpress/wp-content/plugins/ipay-manual-payment/ipay.php:40
Stack trace:
#0 /wordpress/wp-includes/class-wp-hook.php(324): zit_ipay_plugin_activation('')
#1 /wordpress/wp-includes/class-wp-hook.php(348): WP_Hook->apply_filters(NULL, Array)
#2 /wordpress/wp-includes/plugin.php(517): WP_Hook->do_action(Array)
#3 /wordpress/wp-settings.php(578): do_action('plugins_loaded')
#4 /wordpress/wp-config.php(102): require_once('/wordpress/wp-s...')
#5 /wordpress/wp-load.php(50): require_once('/wordpress/wp-c...')
#6 /internal/eval.php(3): require_once('/wordpress/wp-l...')
#7 {main}
  thrown in /wordpress/wp-content/plugins/ipay-manual-payment/ipay.php on line 40
[08-Jul-2025 14:09:24 UTC] PHP Fatal error:  Uncaught Error: Class 'WC_Payment_Gateway' not found in /wordpress/wp-content/plugins/ipay-manual-payment/ipay.php:40
Stack trace:
#0 /wordpress/wp-includes/class-wp-hook.php(324): zit_ipay_plugin_activation('')
#1 /wordpress/wp-includes/class-wp-hook.php(348): WP_Hook->apply_filters(NULL, Array)
#2 /wordpress/wp-includes/plugin.php(517): WP_Hook->do_action(Array)
#3 /wordpress/wp-settings.php(578): do_action('plugins_loaded')
#4 /wordpress/wp-config.php(102): require_once('/wordpress/wp-s...')
#5 /wordpress/wp-load.php(50): require_once('/wordpress/wp-c...')
#6 /internal/eval.php(3): require_once('/wordpress/wp-l...')
#7 {main}
  thrown in /wordpress/wp-content/plugins/ipay-manual-payment/ipay.php on line 40
[08-Jul-2025 14:09:34 UTC] PHP Fatal error:  Uncaught Error: Class 'WC_Payment_Gateway' not found in /wordpress/wp-content/plugins/ipay-manual-payment/ipay.php:40
Stack trace:
#0 /wordpress/wp-includes/class-wp-hook.php(324): zit_ipay_plugin_activation('')
#1 /wordpress/wp-includes/class-wp-hook.php(348): WP_Hook->apply_filters(NULL, Array)
#2 /wordpress/wp-includes/plugin.php(517): WP_Hook->do_action(Array)
#3 /wordpress/wp-settings.php(578): do_action('plugins_loaded')
#4 /wordpress/wp-config.php(102): require_once('/wordpress/wp-s...')
#5 /wordpress/wp-load.php(50): require_once('/wordpress/wp-c...')
#6 /internal/eval.php(3): require_once('/wordpress/wp-l...')
#7 {main}
  thrown in /wordpress/wp-content/plugins/ipay-manual-payment/ipay.php on line 40
[08-Jul-2025 14:10:11 UTC] PHP Deprecated:  Function load_plugin_textdomain was called with an argument that is <strong>deprecated</strong> since version 2.7.0 with no alternative available. in /wordpress/wp-includes/functions.php on line 6121
[08-Jul-2025 14:10:12 UTC] PHP Deprecated:  Function load_plugin_textdomain was called with an argument that is <strong>deprecated</strong> since version 2.7.0 with no alternative available. in /wordpress/wp-includes/functions.php on line 6121
[08-Jul-2025 14:10:13 UTC] PHP Deprecated:  Function get_settings is <strong>deprecated</strong> since version 2.1.0! Use get_option() instead. in /wordpress/wp-includes/functions.php on line 6121
[08-Jul-2025 14:10:21 UTC] PHP Deprecated:  Function load_plugin_textdomain was called with an argument that is <strong>deprecated</strong> since version 2.7.0 with no alternative available. in /wordpress/wp-includes/functions.php on line 6121
[08-Jul-2025 14:10:22 UTC] PHP Deprecated:  Function load_plugin_textdomain was called with an argument that is <strong>deprecated</strong> since version 2.7.0 with no alternative available. in /wordpress/wp-includes/functions.php on line 6121
[08-Jul-2025 14:10:22 UTC] PHP Deprecated:  Function get_settings is <strong>deprecated</strong> since version 2.1.0! Use get_option() instead. in /wordpress/wp-includes/functions.php on line 6121
[08-Jul-2025 14:10:30 UTC] PHP Deprecated:  Function load_plugin_textdomain was called with an argument that is <strong>deprecated</strong> since version 2.7.0 with no alternative available. in /wordpress/wp-includes/functions.php on line 6121
[08-Jul-2025 14:10:31 UTC] PHP Deprecated:  Function load_plugin_textdomain was called with an argument that is <strong>deprecated</strong> since version 2.7.0 with no alternative available. in /wordpress/wp-includes/functions.php on line 6121
[08-Jul-2025 14:10:31 UTC] PHP Deprecated:  Function get_settings is <strong>deprecated</strong> since version 2.1.0! Use get_option() instead. in /wordpress/wp-includes/functions.php on line 6121
[08-Jul-2025 14:12:20 UTC] PHP Deprecated:  Function register_sidebar_widget is <strong>deprecated</strong> since version 2.8.0! Use wp_register_sidebar_widget() instead. in /wordpress/wp-includes/functions.php on line 6121
[08-Jul-2025 14:12:20 UTC] PHP Deprecated:  Function register_widget_control is <strong>deprecated</strong> since version 2.8.0! Use wp_register_widget_control() instead. in /wordpress/wp-includes/functions.php on line 6121
[08-Jul-2025 14:12:29 UTC] PHP Deprecated:  Function register_sidebar_widget is <strong>deprecated</strong> since version 2.8.0! Use wp_register_sidebar_widget() instead. in /wordpress/wp-includes/functions.php on line 6121
[08-Jul-2025 14:12:29 UTC] PHP Deprecated:  Function register_widget_control is <strong>deprecated</strong> since version 2.8.0! Use wp_register_widget_control() instead. in /wordpress/wp-includes/functions.php on line 6121
[08-Jul-2025 14:12:37 UTC] PHP Deprecated:  Function register_sidebar_widget is <strong>deprecated</strong> since version 2.8.0! Use wp_register_sidebar_widget() instead. in /wordpress/wp-includes/functions.php on line 6121
[08-Jul-2025 14:12:37 UTC] PHP Deprecated:  Function register_widget_control is <strong>deprecated</strong> since version 2.8.0! Use wp_register_widget_control() instead. in /wordpress/wp-includes/functions.php on line 6121

    at Object.onBind (file:///home/runner/work/playground-tester/playground-tester/node_modules/@wp-playground/cli/run-cli-j-geJYS3.js:325:15)
    at process.processTicksAndRejections (node:internal/process/task_queues:105:5)
    at async re (file:///home/runner/work/playground-tester/playground-tester/node_modules/@wp-playground/cli/run-cli-j-geJYS3.js:149:10) {
  [cause]: Error: Error when executing the blueprint step #5 ({"step":"installPlugin","pluginData":{"resource":"wordpress.org/plugins","slug":"iq-referral-program-for-woocommerce"},"options":{"activate":true}}) : Plugin /wordpress/wp-content/plugins/iq-referral-program-for-woocommerce could not be activated – WordPress exited with no error. Sometimes, when $_SERVER or site options are not configured correctly, WordPress exits early with a 301 redirect. Inspect the "debug" logs in the console for more details.
      at Object.run (file:///home/runner/work/playground-tester/playground-tester/node_modules/@wp-playground/blueprints/index.js:12093:19)
      at process.processTicksAndRejections (node:internal/process/task_queues:105:5)
      at async ys (file:///home/runner/work/playground-tester/playground-tester/node_modules/@wp-playground/blueprints/index.js:12196:3)
      at async Object.onBind (file:///home/runner/work/playground-tester/playground-tester/node_modules/@wp-playground/cli/run-cli-j-geJYS3.js:315:48)
      at async re (file:///home/runner/work/playground-tester/playground-tester/node_modules/@wp-playground/cli/run-cli-j-geJYS3.js:149:10) {
    [cause]: Error: Plugin /wordpress/wp-content/plugins/iq-referral-program-for-woocommerce could not be activated – WordPress exited with no error. Sometimes, when $_SERVER or site options are not configured correctly, WordPress exits early with a 301 redirect. Inspect the "debug" logs in the console for more details.
        at wr (file:///home/runner/work/playground-tester/playground-tester/node_modules/@wp-playground/blueprints/index.js:120:51)
        at process.processTicksAndRejections (node:internal/process/task_queues:105:5)
        at async Object.gt [as installPlugin] (file:///home/runner/work/playground-tester/playground-tester/node_modules/@wp-playground/blueprints/index.js:631:42)
        at async g (file:///home/runner/work/playground-tester/playground-tester/node_modules/@wp-playground/blueprints/index.js:12161:30)
        at async Object.run (file:///home/runner/work/playground-tester/playground-tester/node_modules/@wp-playground/blueprints/index.js:12090:23)
        at async ys (file:///home/runner/work/playground-tester/playground-tester/node_modules/@wp-playground/blueprints/index.js:12196:3)
        at async Object.onBind (file:///home/runner/work/playground-tester/playground-tester/node_modules/@wp-playground/cli/run-cli-j-geJYS3.js:315:48)
        at async re (file:///home/runner/work/playground-tester/playground-tester/node_modules/@wp-playground/cli/run-cli-j-geJYS3.js:149:10)
  }
}

Node.js v23.11.0
