file:///home/runner/work/playground-tester/playground-tester/node_modules/@wp-playground/cli/index.js:237
        throw new Error(y, { cause: u });
              ^

Error: [25-Apr-2025 14:53:26 UTC] PHP Fatal error:  Uncaught Error: Call to undefined function create_function() in /wordpress/wp-content/plugins/wp-child-pages/includes/widget/class.widget.php:178
Stack trace:
#0 /wordpress/wp-content/plugins/wp-child-pages/child-pages.php(134): include_once()
#1 /wordpress/wp-content/plugins/wp-child-pages/child-pages.php(83): ChildPages->includes()
#2 /wordpress/wp-content/plugins/wp-child-pages/child-pages.php(56): ChildPages->__construct()
#3 /wordpress/wp-content/plugins/wp-child-pages/child-pages.php(221): ChildPages::instance()
#4 /wordpress/wp-content/plugins/wp-child-pages/child-pages.php(225): CP()
#5 /wordpress/wp-admin/includes/plugin.php(2387): include_once('/wordpress/wp-c...')
#6 /wordpress/wp-admin/includes/plugin.php(673): plugin_sandbox_scrape('wp-child-pages/...')
#7 /internal/eval.php(20): activate_plugin('wp-child-pages/...')
#8 {main}
  thrown in /wordpress/wp-content/plugins/wp-child-pages/includes/widget/class.widget.php on line 178
[25-Apr-2025 14:53:34 UTC] PHP Fatal error:  Uncaught Error: Call to undefined function create_function() in /wordpress/wp-content/plugins/wp-child-pages/includes/widget/class.widget.php:178
Stack trace:
#0 /wordpress/wp-content/plugins/wp-child-pages/child-pages.php(134): include_once()
#1 /wordpress/wp-content/plugins/wp-child-pages/child-pages.php(83): ChildPages->includes()
#2 /wordpress/wp-content/plugins/wp-child-pages/child-pages.php(56): ChildPages->__construct()
#3 /wordpress/wp-content/plugins/wp-child-pages/child-pages.php(221): ChildPages::instance()
#4 /wordpress/wp-content/plugins/wp-child-pages/child-pages.php(225): CP()
#5 /wordpress/wp-admin/includes/plugin.php(2387): include_once('/wordpress/wp-c...')
#6 /wordpress/wp-admin/includes/plugin.php(673): plugin_sandbox_scrape('wp-child-pages/...')
#7 /internal/eval.php(20): activate_plugin('wp-child-pages/...')
#8 {main}
  thrown in /wordpress/wp-content/plugins/wp-child-pages/includes/widget/class.widget.php on line 178
[25-Apr-2025 14:53:41 UTC] PHP Fatal error:  Uncaught Error: Call to undefined function create_function() in /wordpress/wp-content/plugins/wp-child-pages/includes/widget/class.widget.php:178
Stack trace:
#0 /wordpress/wp-content/plugins/wp-child-pages/child-pages.php(134): include_once()
#1 /wordpress/wp-content/plugins/wp-child-pages/child-pages.php(83): ChildPages->includes()
#2 /wordpress/wp-content/plugins/wp-child-pages/child-pages.php(56): ChildPages->__construct()
#3 /wordpress/wp-content/plugins/wp-child-pages/child-pages.php(221): ChildPages::instance()
#4 /wordpress/wp-content/plugins/wp-child-pages/child-pages.php(225): CP()
#5 /wordpress/wp-admin/includes/plugin.php(2387): include_once('/wordpress/wp-c...')
#6 /wordpress/wp-admin/includes/plugin.php(673): plugin_sandbox_scrape('wp-child-pages/...')
#7 /internal/eval.php(20): activate_plugin('wp-child-pages/...')
#8 {main}
  thrown in /wordpress/wp-content/plugins/wp-child-pages/includes/widget/class.widget.php on line 178
[25-Apr-2025 14:53:50 UTC] PHP Warning:  Undefined variable $table_name in /wordpress/wp-content/plugins/wp-compteur/wp-compteur.php on line 28
[25-Apr-2025 14:54:00 UTC] PHP Warning:  Undefined variable $table_name in /wordpress/wp-content/plugins/wp-compteur/wp-compteur.php on line 28
[25-Apr-2025 14:54:08 UTC] PHP Warning:  Undefined variable $table_name in /wordpress/wp-content/plugins/wp-compteur/wp-compteur.php on line 28
[25-Apr-2025 14:55:34 UTC] PHP Notice:  Function register_uninstall_hook was called <strong>incorrectly</strong>. Only a static class method or function can be used in an uninstall hook. Please see <a href="https://developer.wordpress.org/advanced-administration/debug/debug-wordpress/">Debugging in WordPress</a> for more information. (This message was added in version 3.1.0.) in /wordpress/wp-includes/functions.php on line 6121
[25-Apr-2025 14:55:34 UTC] PHP Warning:  Attempt to read property "ID" on null in /wordpress/wp-content/plugins/wp-social-feedback/lib/wp_feedback.class.php on line 205
[25-Apr-2025 14:55:35 UTC] PHP Notice:  Function register_uninstall_hook was called <strong>incorrectly</strong>. Only a static class method or function can be used in an uninstall hook. Please see <a href="https://developer.wordpress.org/advanced-administration/debug/debug-wordpress/">Debugging in WordPress</a> for more information. (This message was added in version 3.1.0.) in /wordpress/wp-includes/functions.php on line 6121
[25-Apr-2025 14:55:43 UTC] PHP Notice:  Function register_uninstall_hook was called <strong>incorrectly</strong>. Only a static class method or function can be used in an uninstall hook. Please see <a href="https://developer.wordpress.org/advanced-administration/debug/debug-wordpress/">Debugging in WordPress</a> for more information. (This message was added in version 3.1.0.) in /wordpress/wp-includes/functions.php on line 6121
[25-Apr-2025 14:55:44 UTC] WordPress database error <div style="clear:both">&nbsp;</div>
<div class="queries" style="clear:both;margin-bottom:2px;border:red dotted thin;">
<p>MySQL query:</p>
<p>CREATE TABLE wp_fdb_votes (
        fdb_vote_id INT NOT NULL AUTO_INCREMENT,
        fdb_post_id INT NOT NULL,
        fdb_user_id INT NOT NULL,
        fdb_vote INT NOT NULL,
        fdb_vote_updated TIMESTAMP NOT NULL,
        PRIMARY KEY fdb_vote_id (fdb_vote_id),
        UNIQUE INDEX fdb_user_id_post_id(fdb_post_id, fdb_user_id)
        )</p>
<p>Queries made or created this session were:</p>
<ol>
<li>Executing: BEGIN | (no parameters)</li>
<li>Executing: ROLLBACK | (no parameters)</li>
</ol>
</div>
<div style="clear:both;margin-bottom:2px;border:red dotted thin;" class="error_message" style="border-bottom:dotted blue thin;">
Error occurred at line 4117 in Function <code>handle_error</code>. Error message was: Cannot combine AUTOINCREMENT and multiple primary keys in SQLite.
</div>
<p>Backtrace:</p>
<pre>#0 /internal/shared/sqlite-database-integration/wp-includes/sqlite/class-wp-sqlite-db.php(287): WP_SQLite_Translator->get_error_message()
#1 /wordpress/wp-admin/includes/upgrade.php(3280): WP_SQLite_DB->query('CREATE TABLE wp...')
#2 /wordpress/wp-content/plugins/wp-social-feedback/lib/wp_feedback.class.php(91): dbDelta(Array)
#3 /wordpress/wp-content/plugins/wp-social-feedback/lib/wp_feedback.class.php(30): wp_feedback->create_votes_table()
#4 /wordpress/wp-includes/class-wp-hook.php(324): wp_feedback->activate_plugin(false)
#5 /wordpress/wp-includes/class-wp-hook.php(348): WP_Hook->apply_filters('', Array)
#6 /wordpress/wp-includes/plugin.php(517): WP_Hook->do_action(Array)
#7 /wordpress/wp-admin/includes/plugin.php(703): do_action('activate_wp-soc...', false)
#8 /internal/eval.php(20): activate_plugin('wp-social-feedb...')
#9 {main}</pre>
 for query CREATE TABLE wp_fdb_votes (
        fdb_vote_id INT NOT NULL AUTO_INCREMENT,
        fdb_post_id INT NOT NULL,
        fdb_user_id INT NOT NULL,
        fdb_vote INT NOT NULL,
        fdb_vote_updated TIMESTAMP NOT NULL,
        PRIMARY KEY fdb_vote_id (fdb_vote_id),
        UNIQUE INDEX fdb_user_id_post_id(fdb_post_id, fdb_user_id)
        ) made by activate_plugin, do_action('activate_wp-social-feedback/fdb.php'), WP_Hook->do_action, WP_Hook->apply_filters, wp_feedback->activate_plugin, wp_feedback->create_votes_table, dbDelta, WP_SQLite_DB->query, WP_SQLite_DB->print_error
[25-Apr-2025 14:55:44 UTC] PHP Warning:  Attempt to read property "ID" on null in /wordpress/wp-content/plugins/wp-social-feedback/lib/wp_feedback.class.php on line 205
[25-Apr-2025 14:55:44 UTC] PHP Notice:  Function register_uninstall_hook was called <strong>incorrectly</strong>. Only a static class method or function can be used in an uninstall hook. Please see <a href="https://developer.wordpress.org/advanced-administration/debug/debug-wordpress/">Debugging in WordPress</a> for more information. (This message was added in version 3.1.0.) in /wordpress/wp-includes/functions.php on line 6121
[25-Apr-2025 14:55:52 UTC] PHP Notice:  Function register_uninstall_hook was called <strong>incorrectly</strong>. Only a static class method or function can be used in an uninstall hook. Please see <a href="https://developer.wordpress.org/advanced-administration/debug/debug-wordpress/">Debugging in WordPress</a> for more information. (This message was added in version 3.1.0.) in /wordpress/wp-includes/functions.php on line 6121
[25-Apr-2025 14:55:52 UTC] WordPress database error <div style="clear:both">&nbsp;</div>
<div class="queries" style="clear:both;margin-bottom:2px;border:red dotted thin;">
<p>MySQL query:</p>
<p>CREATE TABLE wp_fdb_votes (
        fdb_vote_id INT NOT NULL AUTO_INCREMENT,
        fdb_post_id INT NOT NULL,
        fdb_user_id INT NOT NULL,
        fdb_vote INT NOT NULL,
        fdb_vote_updated TIMESTAMP NOT NULL,
        PRIMARY KEY fdb_vote_id (fdb_vote_id),
        UNIQUE INDEX fdb_user_id_post_id(fdb_post_id, fdb_user_id)
        )</p>
<p>Queries made or created this session were:</p>
<ol>
<li>Executing: BEGIN | (no parameters)</li>
<li>Executing: ROLLBACK | (no parameters)</li>
</ol>
</div>
<div style="clear:both;margin-bottom:2px;border:red dotted thin;" class="error_message" style="border-bottom:dotted blue thin;">
Error occurred at line 4117 in Function <code>handle_error</code>. Error message was: Cannot combine AUTOINCREMENT and multiple primary keys in SQLite.
</div>
<p>Backtrace:</p>
<pre>#0 /internal/shared/sqlite-database-integration/wp-includes/sqlite/class-wp-sqlite-db.php(287): WP_SQLite_Translator->get_error_message()
#1 /wordpress/wp-admin/includes/upgrade.php(3280): WP_SQLite_DB->query('CREATE TABLE wp...')
#2 /wordpress/wp-content/plugins/wp-social-feedback/lib/wp_feedback.class.php(91): dbDelta(Array)
#3 /wordpress/wp-content/plugins/wp-social-feedback/lib/wp_feedback.class.php(30): wp_feedback->create_votes_table()
#4 /wordpress/wp-includes/class-wp-hook.php(324): wp_feedback->activate_plugin(false)
#5 /wordpress/wp-includes/class-wp-hook.php(348): WP_Hook->apply_filters('', Array)
#6 /wordpress/wp-includes/plugin.php(517): WP_Hook->do_action(Array)
#7 /wordpress/wp-admin/includes/plugin.php(703): do_action('activate_wp-soc...', false)
#8 /internal/eval.php(20): activate_plugin('wp-social-feedb...')
#9 {main}</pre>
 for query CREATE TABLE wp_fdb_votes (
        fdb_vote_id INT NOT NULL AUTO_INCREMENT,
        fdb_post_id INT NOT NULL,
        fdb_user_id INT NOT NULL,
        fdb_vote INT NOT NULL,
        fdb_vote_updated TIMESTAMP NOT NULL,
        PRIMARY KEY fdb_vote_id (fdb_vote_id),
        UNIQUE INDEX fdb_user_id_post_id(fdb_post_id, fdb_user_id)
        ) made by activate_plugin, do_action('activate_wp-social-feedback/fdb.php'), WP_Hook->do_action, WP_Hook->apply_filters, wp_feedback->activate_plugin, wp_feedback->create_votes_table, dbDelta, WP_SQLite_DB->query, WP_SQLite_DB->print_error
[25-Apr-2025 14:55:52 UTC] PHP Warning:  Attempt to read property "ID" on null in /wordpress/wp-content/plugins/wp-social-feedback/lib/wp_feedback.class.php on line 205
[25-Apr-2025 14:55:54 UTC] PHP Notice:  Function register_uninstall_hook was called <strong>incorrectly</strong>. Only a static class method or function can be used in an uninstall hook. Please see <a href="https://developer.wordpress.org/advanced-administration/debug/debug-wordpress/">Debugging in WordPress</a> for more information. (This message was added in version 3.1.0.) in /wordpress/wp-includes/functions.php on line 6121
[25-Apr-2025 14:59:39 UTC] PHP Fatal error:  Array and string offset access syntax with curly braces is no longer supported in /wordpress/wp-content/plugins/woo-product-download-from-amazon-s3/includes/S3.php on line 2357

    at Object.onBind (file:///home/runner/work/playground-tester/playground-tester/node_modules/@wp-playground/cli/index.js:237:15)
    at process.processTicksAndRejections (node:internal/process/task_queues:105:5)
    at async V (file:///home/runner/work/playground-tester/playground-tester/node_modules/@wp-playground/cli/index.js:64:10)
    at async ja (file:///home/runner/work/playground-tester/playground-tester/node_modules/@wp-playground/cli/cli.js:8161:12) {
  [cause]: Error: Error when executing the blueprint step #5 ({"step":"installPlugin","pluginData":{"resource":"wordpress.org/plugins","slug":"woo-product-download-from-amazon-s3"},"options":{"activate":true}}) : PHP.run() failed with exit code 255 and the following output: 
      at Object.run (file:///home/runner/work/playground-tester/playground-tester/node_modules/@wp-playground/blueprints/index.js:12449:19)
      at process.processTicksAndRejections (node:internal/process/task_queues:105:5)
      at async ms (file:///home/runner/work/playground-tester/playground-tester/node_modules/@wp-playground/blueprints/index.js:12552:3)
      ... 2 lines matching cause stack trace ...
      at async ja (file:///home/runner/work/playground-tester/playground-tester/node_modules/@wp-playground/cli/cli.js:8161:12) {
    [cause]: PHPExecutionFailureError: PHP.run() failed with exit code 255 and the following output: 
        at PHP.run (file:///home/runner/work/playground-tester/playground-tester/node_modules/@php-wasm/universal/index.js:987:19)
        at process.processTicksAndRejections (node:internal/process/task_queues:105:5)
        at async wr (file:///home/runner/work/playground-tester/playground-tester/node_modules/@wp-playground/blueprints/index.js:33:39)
        at async Object.gt [as installPlugin] (file:///home/runner/work/playground-tester/playground-tester/node_modules/@wp-playground/blueprints/index.js:974:42)
        at async g (file:///home/runner/work/playground-tester/playground-tester/node_modules/@wp-playground/blueprints/index.js:12517:30)
        at async Object.run (file:///home/runner/work/playground-tester/playground-tester/node_modules/@wp-playground/blueprints/index.js:12446:23)
        at async ms (file:///home/runner/work/playground-tester/playground-tester/node_modules/@wp-playground/blueprints/index.js:12552:3)
        at async Object.onBind (file:///home/runner/work/playground-tester/playground-tester/node_modules/@wp-playground/cli/index.js:227:48)
        at async V (file:///home/runner/work/playground-tester/playground-tester/node_modules/@wp-playground/cli/index.js:64:10)
        at async ja (file:///home/runner/work/playground-tester/playground-tester/node_modules/@wp-playground/cli/cli.js:8161:12) {
      response: PHPResponse {
        httpStatusCode: 500,
        headers: {
          'x-powered-by': [ 'PHP/8.0.30-dev' ],
          'content-type': [ 'text/html; charset=UTF-8' ]
        },
        bytes: Uint8Array(0) [],
        exitCode: 255,
        errors: ''
      },
      source: 'request'
    }
  }
}

Node.js v23.11.0
