file:///home/runner/work/playground-tester/playground-tester/node_modules/@wp-playground/cli/index.js:237
        throw new Error(y, { cause: u });
              ^

Error: [11-May-2025 13:09:30 UTC] PHP Warning:  Undefined array key "add_tc_merchant" in /wordpress/wp-content/plugins/telecash-ricaricaweb/classes/tcrw-settings.php on line 487
[11-May-2025 13:09:30 UTC] PHP Warning:  Undefined array key "drop_instance" in /wordpress/wp-content/plugins/telecash-ricaricaweb/classes/tcrw-settings.php on line 529
[11-May-2025 13:09:31 UTC] PHP Warning:  Undefined array key "add_tc_merchant" in /wordpress/wp-content/plugins/telecash-ricaricaweb/classes/tcrw-settings.php on line 487
[11-May-2025 13:09:31 UTC] PHP Warning:  Undefined array key "drop_instance" in /wordpress/wp-content/plugins/telecash-ricaricaweb/classes/tcrw-settings.php on line 529
[11-May-2025 13:09:32 UTC] PHP Warning:  Trying to access array offset on value of type bool in /wordpress/wp-content/plugins/telecash-ricaricaweb/classes/messages.php on line 15
[11-May-2025 13:09:32 UTC] PHP Warning:  Trying to access array offset on value of type null in /wordpress/wp-content/plugins/telecash-ricaricaweb/classes/ricaricaweb.php on line 305
[11-May-2025 13:09:32 UTC] PHP Warning:  Undefined array key "tc_string_youremail" in /wordpress/wp-content/plugins/telecash-ricaricaweb/classes/ricaricaweb.php on line 305
[11-May-2025 13:09:32 UTC] PHP Warning:  Undefined array key "tc_string_pay" in /wordpress/wp-content/plugins/telecash-ricaricaweb/classes/ricaricaweb.php on line 305
[11-May-2025 13:09:32 UTC] PHP Warning:  Undefined array key "tc_string_cancel" in /wordpress/wp-content/plugins/telecash-ricaricaweb/classes/ricaricaweb.php on line 305
[11-May-2025 13:09:32 UTC] PHP Warning:  Undefined array key "tc_string_paymentok" in /wordpress/wp-content/plugins/telecash-ricaricaweb/classes/ricaricaweb.php on line 305
[11-May-2025 13:09:32 UTC] PHP Warning:  Undefined array key "tc_string_paymenterr" in /wordpress/wp-content/plugins/telecash-ricaricaweb/classes/ricaricaweb.php on line 305
[11-May-2025 13:09:32 UTC] PHP Warning:  Undefined array key "tcrw_settings" in /wordpress/wp-content/plugins/telecash-ricaricaweb/classes/tcrw-settings.php on line 426
[11-May-2025 13:09:32 UTC] PHP Warning:  Trying to access array offset on value of type null in /wordpress/wp-content/plugins/telecash-ricaricaweb/classes/tcrw-settings.php on line 426
[11-May-2025 13:09:32 UTC] PHP Warning:  Undefined array key "tcrw_settings" in /wordpress/wp-content/plugins/telecash-ricaricaweb/classes/tcrw-settings.php on line 431
[11-May-2025 13:09:32 UTC] PHP Warning:  Trying to access array offset on value of type null in /wordpress/wp-content/plugins/telecash-ricaricaweb/classes/tcrw-settings.php on line 431
[11-May-2025 13:09:32 UTC] PHP Warning:  foreach() argument must be of type array|object, null given in /wordpress/wp-content/plugins/telecash-ricaricaweb/classes/tcrw-settings.php on line 432
[11-May-2025 13:09:32 UTC] PHP Fatal error:  Uncaught TypeError: count(): Argument #1 ($value) must be of type Countable|array, null given in /wordpress/wp-content/plugins/telecash-ricaricaweb/classes/tcrw-settings.php:464
Stack trace:
#0 /wordpress/wp-content/plugins/telecash-ricaricaweb/classes/tcrw-settings.php(49): tcrw_Settings->validate_settings(Array)
#1 /wordpress/wp-content/plugins/telecash-ricaricaweb/classes/tcrw-ricaricaweb.php(211): tcrw_Settings->__set('settings', Array)
#2 /wordpress/wp-includes/class-wp-hook.php(324): tcrw_ricaricaweb->upgrade('')
#3 /wordpress/wp-includes/class-wp-hook.php(348): WP_Hook->apply_filters(NULL, Array)
#4 /wordpress/wp-includes/plugin.php(517): WP_Hook->do_action(Array)
#5 /wordpress/wp-settings.php(727): do_action('init')
#6 /wordpress/wp-config.php(102): require_once('/wordpress/wp-s...')
#7 /wordpress/wp-load.php(50): require_once('/wordpress/wp-c...')
#8 /internal/eval.php(3): require_once('/wordpress/wp-l...')
#9 {main}
  thrown in /wordpress/wp-content/plugins/telecash-ricaricaweb/classes/tcrw-settings.php on line 464
[11-May-2025 13:09:39 UTC] PHP Warning:  Undefined array key "add_tc_merchant" in /wordpress/wp-content/plugins/telecash-ricaricaweb/classes/tcrw-settings.php on line 487
[11-May-2025 13:09:39 UTC] PHP Warning:  Undefined array key "drop_instance" in /wordpress/wp-content/plugins/telecash-ricaricaweb/classes/tcrw-settings.php on line 529
[11-May-2025 13:09:40 UTC] PHP Warning:  Undefined array key "add_tc_merchant" in /wordpress/wp-content/plugins/telecash-ricaricaweb/classes/tcrw-settings.php on line 487
[11-May-2025 13:09:40 UTC] PHP Warning:  Undefined array key "drop_instance" in /wordpress/wp-content/plugins/telecash-ricaricaweb/classes/tcrw-settings.php on line 529
[11-May-2025 13:09:40 UTC] PHP Warning:  Trying to access array offset on value of type bool in /wordpress/wp-content/plugins/telecash-ricaricaweb/classes/messages.php on line 15
[11-May-2025 13:09:40 UTC] PHP Warning:  Trying to access array offset on value of type null in /wordpress/wp-content/plugins/telecash-ricaricaweb/classes/ricaricaweb.php on line 305
[11-May-2025 13:09:40 UTC] PHP Warning:  Undefined array key "tc_string_youremail" in /wordpress/wp-content/plugins/telecash-ricaricaweb/classes/ricaricaweb.php on line 305
[11-May-2025 13:09:40 UTC] PHP Warning:  Undefined array key "tc_string_pay" in /wordpress/wp-content/plugins/telecash-ricaricaweb/classes/ricaricaweb.php on line 305
[11-May-2025 13:09:40 UTC] PHP Warning:  Undefined array key "tc_string_cancel" in /wordpress/wp-content/plugins/telecash-ricaricaweb/classes/ricaricaweb.php on line 305
[11-May-2025 13:09:40 UTC] PHP Warning:  Undefined array key "tc_string_paymentok" in /wordpress/wp-content/plugins/telecash-ricaricaweb/classes/ricaricaweb.php on line 305
[11-May-2025 13:09:40 UTC] PHP Warning:  Undefined array key "tc_string_paymenterr" in /wordpress/wp-content/plugins/telecash-ricaricaweb/classes/ricaricaweb.php on line 305
[11-May-2025 13:09:40 UTC] PHP Warning:  Undefined array key "tcrw_settings" in /wordpress/wp-content/plugins/telecash-ricaricaweb/classes/tcrw-settings.php on line 426
[11-May-2025 13:09:40 UTC] PHP Warning:  Trying to access array offset on value of type null in /wordpress/wp-content/plugins/telecash-ricaricaweb/classes/tcrw-settings.php on line 426
[11-May-2025 13:09:40 UTC] PHP Warning:  Undefined array key "tcrw_settings" in /wordpress/wp-content/plugins/telecash-ricaricaweb/classes/tcrw-settings.php on line 431
[11-May-2025 13:09:40 UTC] PHP Warning:  Trying to access array offset on value of type null in /wordpress/wp-content/plugins/telecash-ricaricaweb/classes/tcrw-settings.php on line 431
[11-May-2025 13:09:40 UTC] PHP Warning:  foreach() argument must be of type array|object, null given in /wordpress/wp-content/plugins/telecash-ricaricaweb/classes/tcrw-settings.php on line 432
[11-May-2025 13:09:40 UTC] PHP Fatal error:  Uncaught TypeError: count(): Argument #1 ($value) must be of type Countable|array, null given in /wordpress/wp-content/plugins/telecash-ricaricaweb/classes/tcrw-settings.php:464
Stack trace:
#0 /wordpress/wp-content/plugins/telecash-ricaricaweb/classes/tcrw-settings.php(49): tcrw_Settings->validate_settings(Array)
#1 /wordpress/wp-content/plugins/telecash-ricaricaweb/classes/tcrw-ricaricaweb.php(211): tcrw_Settings->__set('settings', Array)
#2 /wordpress/wp-includes/class-wp-hook.php(324): tcrw_ricaricaweb->upgrade('')
#3 /wordpress/wp-includes/class-wp-hook.php(348): WP_Hook->apply_filters(NULL, Array)
#4 /wordpress/wp-includes/plugin.php(517): WP_Hook->do_action(Array)
#5 /wordpress/wp-settings.php(727): do_action('init')
#6 /wordpress/wp-config.php(102): require_once('/wordpress/wp-s...')
#7 /wordpress/wp-load.php(50): require_once('/wordpress/wp-c...')
#8 /internal/eval.php(3): require_once('/wordpress/wp-l...')
#9 {main}
  thrown in /wordpress/wp-content/plugins/telecash-ricaricaweb/classes/tcrw-settings.php on line 464
[11-May-2025 13:09:49 UTC] PHP Warning:  Undefined array key "add_tc_merchant" in /wordpress/wp-content/plugins/telecash-ricaricaweb/classes/tcrw-settings.php on line 487
[11-May-2025 13:09:49 UTC] PHP Warning:  Undefined array key "drop_instance" in /wordpress/wp-content/plugins/telecash-ricaricaweb/classes/tcrw-settings.php on line 529
[11-May-2025 13:09:50 UTC] PHP Warning:  Undefined array key "add_tc_merchant" in /wordpress/wp-content/plugins/telecash-ricaricaweb/classes/tcrw-settings.php on line 487
[11-May-2025 13:09:50 UTC] PHP Warning:  Undefined array key "drop_instance" in /wordpress/wp-content/plugins/telecash-ricaricaweb/classes/tcrw-settings.php on line 529
[11-May-2025 13:09:50 UTC] PHP Warning:  Trying to access array offset on value of type bool in /wordpress/wp-content/plugins/telecash-ricaricaweb/classes/messages.php on line 15
[11-May-2025 13:09:50 UTC] PHP Warning:  Trying to access array offset on value of type null in /wordpress/wp-content/plugins/telecash-ricaricaweb/classes/ricaricaweb.php on line 305
[11-May-2025 13:09:50 UTC] PHP Warning:  Undefined array key "tc_string_youremail" in /wordpress/wp-content/plugins/telecash-ricaricaweb/classes/ricaricaweb.php on line 305
[11-May-2025 13:09:50 UTC] PHP Warning:  Undefined array key "tc_string_pay" in /wordpress/wp-content/plugins/telecash-ricaricaweb/classes/ricaricaweb.php on line 305
[11-May-2025 13:09:50 UTC] PHP Warning:  Undefined array key "tc_string_cancel" in /wordpress/wp-content/plugins/telecash-ricaricaweb/classes/ricaricaweb.php on line 305
[11-May-2025 13:09:50 UTC] PHP Warning:  Undefined array key "tc_string_paymentok" in /wordpress/wp-content/plugins/telecash-ricaricaweb/classes/ricaricaweb.php on line 305
[11-May-2025 13:09:50 UTC] PHP Warning:  Undefined array key "tc_string_paymenterr" in /wordpress/wp-content/plugins/telecash-ricaricaweb/classes/ricaricaweb.php on line 305
[11-May-2025 13:09:50 UTC] PHP Warning:  Undefined array key "tcrw_settings" in /wordpress/wp-content/plugins/telecash-ricaricaweb/classes/tcrw-settings.php on line 426
[11-May-2025 13:09:50 UTC] PHP Warning:  Trying to access array offset on value of type null in /wordpress/wp-content/plugins/telecash-ricaricaweb/classes/tcrw-settings.php on line 426
[11-May-2025 13:09:50 UTC] PHP Warning:  Undefined array key "tcrw_settings" in /wordpress/wp-content/plugins/telecash-ricaricaweb/classes/tcrw-settings.php on line 431
[11-May-2025 13:09:50 UTC] PHP Warning:  Trying to access array offset on value of type null in /wordpress/wp-content/plugins/telecash-ricaricaweb/classes/tcrw-settings.php on line 431
[11-May-2025 13:09:50 UTC] PHP Warning:  foreach() argument must be of type array|object, null given in /wordpress/wp-content/plugins/telecash-ricaricaweb/classes/tcrw-settings.php on line 432
[11-May-2025 13:09:50 UTC] PHP Fatal error:  Uncaught TypeError: count(): Argument #1 ($value) must be of type Countable|array, null given in /wordpress/wp-content/plugins/telecash-ricaricaweb/classes/tcrw-settings.php:464
Stack trace:
#0 /wordpress/wp-content/plugins/telecash-ricaricaweb/classes/tcrw-settings.php(49): tcrw_Settings->validate_settings(Array)
#1 /wordpress/wp-content/plugins/telecash-ricaricaweb/classes/tcrw-ricaricaweb.php(211): tcrw_Settings->__set('settings', Array)
#2 /wordpress/wp-includes/class-wp-hook.php(324): tcrw_ricaricaweb->upgrade('')
#3 /wordpress/wp-includes/class-wp-hook.php(348): WP_Hook->apply_filters(NULL, Array)
#4 /wordpress/wp-includes/plugin.php(517): WP_Hook->do_action(Array)
#5 /wordpress/wp-settings.php(727): do_action('init')
#6 /wordpress/wp-config.php(102): require_once('/wordpress/wp-s...')
#7 /wordpress/wp-load.php(50): require_once('/wordpress/wp-c...')
#8 /internal/eval.php(3): require_once('/wordpress/wp-l...')
#9 {main}
  thrown in /wordpress/wp-content/plugins/telecash-ricaricaweb/classes/tcrw-settings.php on line 464
[11-May-2025 13:11:50 UTC] PHP Warning:  Trying to access array offset on value of type bool in /wordpress/wp-content/plugins/theme-development-preview/theme-dev-preview.php on line 76
[11-May-2025 13:11:50 UTC] PHP Warning:  Trying to access array offset on value of type bool in /wordpress/wp-content/plugins/theme-development-preview/theme-dev-preview.php on line 77
[11-May-2025 13:11:59 UTC] PHP Warning:  Trying to access array offset on value of type bool in /wordpress/wp-content/plugins/theme-development-preview/theme-dev-preview.php on line 76
[11-May-2025 13:11:59 UTC] PHP Warning:  Trying to access array offset on value of type bool in /wordpress/wp-content/plugins/theme-development-preview/theme-dev-preview.php on line 77
[11-May-2025 13:12:08 UTC] PHP Warning:  Trying to access array offset on value of type bool in /wordpress/wp-content/plugins/theme-development-preview/theme-dev-preview.php on line 76
[11-May-2025 13:12:08 UTC] PHP Warning:  Trying to access array offset on value of type bool in /wordpress/wp-content/plugins/theme-development-preview/theme-dev-preview.php on line 77
[11-May-2025 13:14:04 UTC] PHP Fatal error:  Uncaught Error: Call to undefined function create_function() in /wordpress/wp-content/plugins/translator/translator.php:194
Stack trace:
#0 /wordpress/wp-admin/includes/plugin.php(2387): include_once()
#1 /wordpress/wp-admin/includes/plugin.php(673): plugin_sandbox_scrape('translator/tran...')
#2 /internal/eval.php(20): activate_plugin('translator/tran...')
#3 {main}
  thrown in /wordpress/wp-content/plugins/translator/translator.php on line 194
[11-May-2025 13:14:10 UTC] PHP Fatal error:  Uncaught Error: Call to undefined function create_function() in /wordpress/wp-content/plugins/translator/translator.php:194
Stack trace:
#0 /wordpress/wp-admin/includes/plugin.php(2387): include_once()
#1 /wordpress/wp-admin/includes/plugin.php(673): plugin_sandbox_scrape('translator/tran...')
#2 /internal/eval.php(20): activate_plugin('translator/tran...')
#3 {main}
  thrown in /wordpress/wp-content/plugins/translator/translator.php on line 194
[11-May-2025 13:14:18 UTC] PHP Fatal error:  Uncaught Error: Call to undefined function create_function() in /wordpress/wp-content/plugins/translator/translator.php:194
Stack trace:
#0 /wordpress/wp-admin/includes/plugin.php(2387): include_once()
#1 /wordpress/wp-admin/includes/plugin.php(673): plugin_sandbox_scrape('translator/tran...')
#2 /internal/eval.php(20): activate_plugin('translator/tran...')
#3 {main}
  thrown in /wordpress/wp-content/plugins/translator/translator.php on line 194
[11-May-2025 13:14:54 UTC] PHP Fatal error:  Uncaught Error: Class "WC_Data_Store" not found in /wordpress/wp-content/plugins/tree-nation-for-woocommerce/treenation-for-woocommerce.php:81
Stack trace:
#0 /wordpress/wp-content/plugins/tree-nation-for-woocommerce/treenation-for-woocommerce.php(103): WC_Treenationwoo_findExistingConfig()
#1 /wordpress/wp-includes/class-wp-hook.php(324): WC_Treenationwoo_activate_webhook(false)
#2 /wordpress/wp-includes/class-wp-hook.php(348): WP_Hook->apply_filters('', Array)
#3 /wordpress/wp-includes/plugin.php(517): WP_Hook->do_action(Array)
#4 /wordpress/wp-admin/includes/plugin.php(703): do_action('activate_tree-n...', false)
#5 /internal/eval.php(20): activate_plugin('tree-nation-for...')
#6 {main}
  thrown in /wordpress/wp-content/plugins/tree-nation-for-woocommerce/treenation-for-woocommerce.php on line 81
[11-May-2025 13:15:02 UTC] PHP Fatal error:  Uncaught Error: Class "WC_Data_Store" not found in /wordpress/wp-content/plugins/tree-nation-for-woocommerce/treenation-for-woocommerce.php:81
Stack trace:
#0 /wordpress/wp-content/plugins/tree-nation-for-woocommerce/treenation-for-woocommerce.php(103): WC_Treenationwoo_findExistingConfig()
#1 /wordpress/wp-includes/class-wp-hook.php(324): WC_Treenationwoo_activate_webhook(false)
#2 /wordpress/wp-includes/class-wp-hook.php(348): WP_Hook->apply_filters('', Array)
#3 /wordpress/wp-includes/plugin.php(517): WP_Hook->do_action(Array)
#4 /wordpress/wp-admin/includes/plugin.php(703): do_action('activate_tree-n...', false)
#5 /internal/eval.php(20): activate_plugin('tree-nation-for...')
#6 {main}
  thrown in /wordpress/wp-content/plugins/tree-nation-for-woocommerce/treenation-for-woocommerce.php on line 81
[11-May-2025 13:15:10 UTC] PHP Fatal error:  Uncaught Error: Class "WC_Data_Store" not found in /wordpress/wp-content/plugins/tree-nation-for-woocommerce/treenation-for-woocommerce.php:81
Stack trace:
#0 /wordpress/wp-content/plugins/tree-nation-for-woocommerce/treenation-for-woocommerce.php(103): WC_Treenationwoo_findExistingConfig()
#1 /wordpress/wp-includes/class-wp-hook.php(324): WC_Treenationwoo_activate_webhook(false)
#2 /wordpress/wp-includes/class-wp-hook.php(348): WP_Hook->apply_filters('', Array)
#3 /wordpress/wp-includes/plugin.php(517): WP_Hook->do_action(Array)
#4 /wordpress/wp-admin/includes/plugin.php(703): do_action('activate_tree-n...', false)
#5 /internal/eval.php(20): activate_plugin('tree-nation-for...')
#6 {main}
  thrown in /wordpress/wp-content/plugins/tree-nation-for-woocommerce/treenation-for-woocommerce.php on line 81
[11-May-2025 13:15:46 UTC] PHP Warning:  The magic method TwitchPress_UM::__wakeup() must have public visibility in /wordpress/wp-content/plugins/twitchpress-um-extension/twitchpress-um-extension.php on line 78
[11-May-2025 13:15:47 UTC] PHP Warning:  The magic method TwitchPress_UM::__wakeup() must have public visibility in /wordpress/wp-content/plugins/twitchpress-um-extension/twitchpress-um-extension.php on line 78
[11-May-2025 13:15:55 UTC] PHP Warning:  The magic method TwitchPress_UM::__wakeup() must have public visibility in /wordpress/wp-content/plugins/twitchpress-um-extension/twitchpress-um-extension.php on line 78
[11-May-2025 13:15:56 UTC] PHP Warning:  The magic method TwitchPress_UM::__wakeup() must have public visibility in /wordpress/wp-content/plugins/twitchpress-um-extension/twitchpress-um-extension.php on line 78
[11-May-2025 13:16:04 UTC] PHP Warning:  The magic method TwitchPress_UM::__wakeup() must have public visibility in /wordpress/wp-content/plugins/twitchpress-um-extension/twitchpress-um-extension.php on line 78
[11-May-2025 13:16:05 UTC] PHP Warning:  The magic method TwitchPress_UM::__wakeup() must have public visibility in /wordpress/wp-content/plugins/twitchpress-um-extension/twitchpress-um-extension.php on line 78
[11-May-2025 13:16:34 UTC] PHP Fatal error:  Uncaught Error: Call to undefined function create_function() in /wordpress/wp-content/plugins/twitter-search-smooth-scrolling/twitter-search-smooth-scrolling.php:129
Stack trace:
#0 /wordpress/wp-admin/includes/plugin.php(2387): include_once()
#1 /wordpress/wp-admin/includes/plugin.php(673): plugin_sandbox_scrape('twitter-search-...')
#2 /internal/eval.php(20): activate_plugin('twitter-search-...')
#3 {main}
  thrown in /wordpress/wp-content/plugins/twitter-search-smooth-scrolling/twitter-search-smooth-scrolling.php on line 129
[11-May-2025 13:16:41 UTC] PHP Fatal error:  Uncaught Error: Call to undefined function create_function() in /wordpress/wp-content/plugins/twitter-search-smooth-scrolling/twitter-search-smooth-scrolling.php:129
Stack trace:
#0 /wordpress/wp-admin/includes/plugin.php(2387): include_once()
#1 /wordpress/wp-admin/includes/plugin.php(673): plugin_sandbox_scrape('twitter-search-...')
#2 /internal/eval.php(20): activate_plugin('twitter-search-...')
#3 {main}
  thrown in /wordpress/wp-content/plugins/twitter-search-smooth-scrolling/twitter-search-smooth-scrolling.php on line 129
[11-May-2025 13:16:48 UTC] PHP Fatal error:  Uncaught Error: Call to undefined function create_function() in /wordpress/wp-content/plugins/twitter-search-smooth-scrolling/twitter-search-smooth-scrolling.php:129
Stack trace:
#0 /wordpress/wp-admin/includes/plugin.php(2387): include_once()
#1 /wordpress/wp-admin/includes/plugin.php(673): plugin_sandbox_scrape('twitter-search-...')
#2 /internal/eval.php(20): activate_plugin('twitter-search-...')
#3 {main}
  thrown in /wordpress/wp-content/plugins/twitter-search-smooth-scrolling/twitter-search-smooth-scrolling.php on line 129
[11-May-2025 13:17:29 UTC] PHP Deprecated:  Required parameter $username follows optional parameter $subject in /wordpress/wp-content/plugins/terraclassifieds/inc/functions/notification-functions.php on line 4
[11-May-2025 13:17:29 UTC] PHP Deprecated:  Required parameter $email follows optional parameter $subject in /wordpress/wp-content/plugins/terraclassifieds/inc/functions/notification-functions.php on line 4
[11-May-2025 13:17:29 UTC] PHP Deprecated:  Required parameter $classified_id follows optional parameter $subject in /wordpress/wp-content/plugins/terraclassifieds/inc/functions/notification-functions.php on line 4
[11-May-2025 13:17:29 UTC] PHP Deprecated:  Required parameter $author_id follows optional parameter $subject in /wordpress/wp-content/plugins/terraclassifieds/inc/functions/notification-functions.php on line 4
[11-May-2025 13:17:29 UTC] PHP Deprecated:  Required parameter $username follows optional parameter $subject in /wordpress/wp-content/plugins/terraclassifieds/inc/functions/notification-functions.php on line 81
[11-May-2025 13:17:29 UTC] PHP Deprecated:  Required parameter $email follows optional parameter $subject in /wordpress/wp-content/plugins/terraclassifieds/inc/functions/notification-functions.php on line 81
[11-May-2025 13:17:29 UTC] PHP Deprecated:  Required parameter $classified_id follows optional parameter $subject in /wordpress/wp-content/plugins/terraclassifieds/inc/functions/notification-functions.php on line 81
[11-May-2025 13:17:29 UTC] PHP Deprecated:  Required parameter $author_id follows optional parameter $subject in /wordpress/wp-content/plugins/terraclassifieds/inc/functions/notification-functions.php on line 81
[11-May-2025 13:17:29 UTC] PHP Deprecated:  Required parameter $field_id follows optional parameter $type in /wordpress/wp-content/plugins/terraclassifieds/inc/cmb2/cmb2/includes/rest-api/CMB2_REST.php on line 693
[11-May-2025 13:17:41 UTC] PHP Deprecated:  Required parameter $username follows optional parameter $subject in /wordpress/wp-content/plugins/terraclassifieds/inc/functions/notification-functions.php on line 4
[11-May-2025 13:17:41 UTC] PHP Deprecated:  Required parameter $email follows optional parameter $subject in /wordpress/wp-content/plugins/terraclassifieds/inc/functions/notification-functions.php on line 4
[11-May-2025 13:17:41 UTC] PHP Deprecated:  Required parameter $classified_id follows optional parameter $subject in /wordpress/wp-content/plugins/terraclassifieds/inc/functions/notification-functions.php on line 4
[11-May-2025 13:17:41 UTC] PHP Deprecated:  Required parameter $author_id follows optional parameter $subject in /wordpress/wp-content/plugins/terraclassifieds/inc/functions/notification-functions.php on line 4
[11-May-2025 13:17:41 UTC] PHP Deprecated:  Required parameter $username follows optional parameter $subject in /wordpress/wp-content/plugins/terraclassifieds/inc/functions/notification-functions.php on line 81
[11-May-2025 13:17:41 UTC] PHP Deprecated:  Required parameter $email follows optional parameter $subject in /wordpress/wp-content/plugins/terraclassifieds/inc/functions/notification-functions.php on line 81
[11-May-2025 13:17:41 UTC] PHP Deprecated:  Required parameter $classified_id follows optional parameter $subject in /wordpress/wp-content/plugins/terraclassifieds/inc/functions/notification-functions.php on line 81
[11-May-2025 13:17:41 UTC] PHP Deprecated:  Required parameter $author_id follows optional parameter $subject in /wordpress/wp-content/plugins/terraclassifieds/inc/functions/notification-functions.php on line 81
[11-May-2025 13:17:41 UTC] PHP Deprecated:  Required parameter $field_id follows optional parameter $type in /wordpress/wp-content/plugins/terraclassifieds/inc/cmb2/cmb2/includes/rest-api/CMB2_REST.php on line 693
[11-May-2025 13:17:54 UTC] PHP Deprecated:  Required parameter $username follows optional parameter $subject in /wordpress/wp-content/plugins/terraclassifieds/inc/functions/notification-functions.php on line 4
[11-May-2025 13:17:54 UTC] PHP Deprecated:  Required parameter $email follows optional parameter $subject in /wordpress/wp-content/plugins/terraclassifieds/inc/functions/notification-functions.php on line 4
[11-May-2025 13:17:54 UTC] PHP Deprecated:  Required parameter $classified_id follows optional parameter $subject in /wordpress/wp-content/plugins/terraclassifieds/inc/functions/notification-functions.php on line 4
[11-May-2025 13:17:54 UTC] PHP Deprecated:  Required parameter $author_id follows optional parameter $subject in /wordpress/wp-content/plugins/terraclassifieds/inc/functions/notification-functions.php on line 4
[11-May-2025 13:17:54 UTC] PHP Deprecated:  Required parameter $username follows optional parameter $subject in /wordpress/wp-content/plugins/terraclassifieds/inc/functions/notification-functions.php on line 81
[11-May-2025 13:17:54 UTC] PHP Deprecated:  Required parameter $email follows optional parameter $subject in /wordpress/wp-content/plugins/terraclassifieds/inc/functions/notification-functions.php on line 81
[11-May-2025 13:17:54 UTC] PHP Deprecated:  Required parameter $classified_id follows optional parameter $subject in /wordpress/wp-content/plugins/terraclassifieds/inc/functions/notification-functions.php on line 81
[11-May-2025 13:17:54 UTC] PHP Deprecated:  Required parameter $author_id follows optional parameter $subject in /wordpress/wp-content/plugins/terraclassifieds/inc/functions/notification-functions.php on line 81
[11-May-2025 13:17:54 UTC] PHP Deprecated:  Required parameter $field_id follows optional parameter $type in /wordpress/wp-content/plugins/terraclassifieds/inc/cmb2/cmb2/includes/rest-api/CMB2_REST.php on line 693
[11-May-2025 13:18:02 UTC] PHP Fatal error:  Uncaught Error: Non-static method text_widgets::init() cannot be called statically in /wordpress/wp-content/plugins/text-widgets/text-widgets.php:93
Stack trace:
#0 /wordpress/wp-admin/includes/plugin.php(2387): include_once()
#1 /wordpress/wp-admin/includes/plugin.php(673): plugin_sandbox_scrape('text-widgets/te...')
#2 /internal/eval.php(20): activate_plugin('text-widgets/te...')
#3 {main}
  thrown in /wordpress/wp-content/plugins/text-widgets/text-widgets.php on line 93
[11-May-2025 13:18:09 UTC] PHP Fatal error:  Uncaught Error: Non-static method text_widgets::init() cannot be called statically in /wordpress/wp-content/plugins/text-widgets/text-widgets.php:93
Stack trace:
#0 /wordpress/wp-admin/includes/plugin.php(2387): include_once()
#1 /wordpress/wp-admin/includes/plugin.php(673): plugin_sandbox_scrape('text-widgets/te...')
#2 /internal/eval.php(20): activate_plugin('text-widgets/te...')
#3 {main}
  thrown in /wordpress/wp-content/plugins/text-widgets/text-widgets.php on line 93

    at Object.onBind (file:///home/runner/work/playground-tester/playground-tester/node_modules/@wp-playground/cli/index.js:237:15)
    at process.processTicksAndRejections (node:internal/process/task_queues:105:5)
    at async V (file:///home/runner/work/playground-tester/playground-tester/node_modules/@wp-playground/cli/index.js:64:10)
    at async ja (file:///home/runner/work/playground-tester/playground-tester/node_modules/@wp-playground/cli/cli.js:8161:12) {
  [cause]: Error: Error when executing the blueprint step #1 ({"step":"installPlugin","pluginData":{"resource":"wordpress.org/plugins","slug":"text-widgets"},"options":{"activate":true}}) : PHP.run() failed with exit code 255 and the following output: 
      at Object.run (file:///home/runner/work/playground-tester/playground-tester/node_modules/@wp-playground/blueprints/index.js:12449:19)
      at process.processTicksAndRejections (node:internal/process/task_queues:105:5)
      at async ms (file:///home/runner/work/playground-tester/playground-tester/node_modules/@wp-playground/blueprints/index.js:12552:3)
      ... 2 lines matching cause stack trace ...
      at async ja (file:///home/runner/work/playground-tester/playground-tester/node_modules/@wp-playground/cli/cli.js:8161:12) {
    [cause]: PHPExecutionFailureError: PHP.run() failed with exit code 255 and the following output: 
        at PHP.run (file:///home/runner/work/playground-tester/playground-tester/node_modules/@php-wasm/universal/index.js:987:19)
        at process.processTicksAndRejections (node:internal/process/task_queues:105:5)
        at async wr (file:///home/runner/work/playground-tester/playground-tester/node_modules/@wp-playground/blueprints/index.js:33:39)
        at async Object.gt [as installPlugin] (file:///home/runner/work/playground-tester/playground-tester/node_modules/@wp-playground/blueprints/index.js:974:42)
        at async g (file:///home/runner/work/playground-tester/playground-tester/node_modules/@wp-playground/blueprints/index.js:12517:30)
        at async Object.run (file:///home/runner/work/playground-tester/playground-tester/node_modules/@wp-playground/blueprints/index.js:12446:23)
        at async ms (file:///home/runner/work/playground-tester/playground-tester/node_modules/@wp-playground/blueprints/index.js:12552:3)
        at async Object.onBind (file:///home/runner/work/playground-tester/playground-tester/node_modules/@wp-playground/cli/index.js:227:48)
        at async V (file:///home/runner/work/playground-tester/playground-tester/node_modules/@wp-playground/cli/index.js:64:10)
        at async ja (file:///home/runner/work/playground-tester/playground-tester/node_modules/@wp-playground/cli/cli.js:8161:12) {
      response: PHPResponse {
        httpStatusCode: 500,
        headers: {
          'x-powered-by': [ 'PHP/8.0.30-dev' ],
          'content-type': [ 'text/html; charset=UTF-8' ]
        },
        bytes: Uint8Array(0) [],
        exitCode: 255,
        errors: ''
      },
      source: 'request'
    }
  }
}

Node.js v23.11.0
