file:///home/runner/work/playground-tester/playground-tester/node_modules/@wp-playground/cli/index.js:237
        throw new Error(y, { cause: u });
              ^

Error: [12-Apr-2025 18:52:02 UTC] WordPress database error <div style="clear:both">&nbsp;</div>
<div class="queries" style="clear:both;margin-bottom:2px;border:red dotted thin;">
<p>MySQL query:</p>
<p>SELECT * FROM wp_howdy</p>
<p>Queries made or created this session were:</p>
<ol>
<li>Executing: BEGIN | (no parameters)</li>
<li>Executing: SELECT * FROM `wp_howdy` | (no parameters)</li>
<li>Executing: ROLLBACK | (no parameters)</li>
</ol>
</div>
<div style="clear:both;margin-bottom:2px;border:red dotted thin;" class="error_message" style="border-bottom:dotted blue thin;">
SQLSTATE[HY000]: General error: 1 no such table: wp_howdy
</div>
<p>Backtrace:</p>
<pre>#0 /internal/shared/sqlite-database-integration/wp-includes/sqlite-ast/class-wp-sqlite-driver.php(690): WP_SQLite_Driver->new_driver_exception('SQLSTATE[HY000]...', 0, Object(PDOException))
#1 /internal/shared/sqlite-database-integration/wp-includes/sqlite/class-wp-sqlite-db.php(472): WP_SQLite_Driver->query('SELECT * FROM w...')
#2 /internal/shared/sqlite-database-integration/wp-includes/sqlite/class-wp-sqlite-db.php(413): WP_SQLite_DB->_do_query('SELECT * FROM w...')
#3 /wordpress/wp-includes/class-wpdb.php(3061): WP_SQLite_DB->query('SELECT * FROM w...')
#4 /wordpress/wp-content/plugins/howdy-replace-to-welcome-simple/howdy-replace-to-welcome-simple.php(90): wpdb->get_row('SELECT * FROM w...')
#5 /wordpress/wp-admin/includes/plugin.php(2387): include_once('/wordpress/wp-c...')
#6 /wordpress/wp-admin/includes/plugin.php(673): plugin_sandbox_scrape('howdy-replace-t...')
#7 /internal/eval.php(20): activate_plugin('howdy-replace-t...')
#8 {main}</pre>
 for query SELECT * FROM wp_howdy made by activate_plugin, plugin_sandbox_scrape, include_once('/plugins/howdy-replace-to-welcome-simple/howdy-replace-to-welcome-simple.php'), WP_SQLite_DB->query, WP_SQLite_DB->print_error
[12-Apr-2025 18:52:02 UTC] PHP Warning:  Attempt to read property "howdy" on null in /wordpress/wp-content/plugins/howdy-replace-to-welcome-simple/howdy-replace-to-welcome-simple.php on line 91
[12-Apr-2025 18:52:02 UTC] PHP Warning:  Attempt to read property "adminbar" on null in /wordpress/wp-content/plugins/howdy-replace-to-welcome-simple/howdy-replace-to-welcome-simple.php on line 92
[12-Apr-2025 18:52:02 UTC] PHP Warning:  Attempt to read property "id" on null in /wordpress/wp-content/plugins/howdy-replace-to-welcome-simple/howdy-replace-to-welcome-simple.php on line 93
[12-Apr-2025 18:52:02 UTC] PHP Warning:  Attempt to read property "custom_msg" on null in /wordpress/wp-content/plugins/howdy-replace-to-welcome-simple/howdy-replace-to-welcome-simple.php on line 94
[12-Apr-2025 18:52:02 UTC] PHP Warning:  Undefined variable $custom_msg in /wordpress/wp-content/plugins/howdy-replace-to-welcome-simple/howdy-replace-to-welcome-simple.php on line 106
[12-Apr-2025 18:52:02 UTC] WordPress database error <div style="clear:both">&nbsp;</div>
<div class="queries" style="clear:both;margin-bottom:2px;border:red dotted thin;">
<p>MySQL query:</p>
<p>INSERT INTO `wp_howdy` (`id`, `howdy`, `adminbar`, `custom_msg`) VALUES ('', 'off', 'on', 'Welcome')</p>
<p>Queries made or created this session were:</p>
<ol>
<li>Executing: BEGIN | (no parameters)</li>
<li>Executing: SELECT 1 FROM sqlite_temp_schema WHERE type = 'table' AND name = ? | parameters: wp_howdy</li>
<li>Executing: 
				SELECT column_name, is_nullable, column_default, data_type, extra
				FROM _wp_sqlite_mysql_information_schema_columns
				WHERE table_schema = ?
				AND table_name = ?
				ORDER BY ordinal_position
			 | parameters: database_name_here, wp_howdy</li>
<li>Executing: INSERT INTO `wp_howdy` (`id`, `howdy`, `adminbar`, `custom_msg`) SELECT `column1`, `column2`, `column3`, `column4` FROM (VALUES ( '' , 'off' , 'on' , 'Welcome' )) WHERE true | (no parameters)</li>
<li>Executing: ROLLBACK | (no parameters)</li>
</ol>
</div>
<div style="clear:both;margin-bottom:2px;border:red dotted thin;" class="error_message" style="border-bottom:dotted blue thin;">
SQLSTATE[HY000]: General error: 20 datatype mismatch
</div>
<p>Backtrace:</p>
<pre>#0 /internal/shared/sqlite-database-integration/wp-includes/sqlite-ast/class-wp-sqlite-driver.php(690): WP_SQLite_Driver->new_driver_exception('SQLSTATE[HY000]...', 0, Object(PDOException))
#1 /internal/shared/sqlite-database-integration/wp-includes/sqlite/class-wp-sqlite-db.php(472): WP_SQLite_Driver->query('INSERT INTO `wp...')
#2 /internal/shared/sqlite-database-integration/wp-includes/sqlite/class-wp-sqlite-db.php(413): WP_SQLite_DB->_do_query('INSERT INTO `wp...')
#3 /wordpress/wp-includes/class-wpdb.php(2610): WP_SQLite_DB->query('INSERT INTO `wp...')
#4 /wordpress/wp-includes/class-wpdb.php(2499): wpdb->_insert_replace_helper('wp_howdy', Array, NULL, 'INSERT')
#5 /wordpress/wp-content/plugins/howdy-replace-to-welcome-simple/howdy-replace-to-welcome-simple.php(55): wpdb->insert('wp_howdy', Array)
#6 /wordpress/wp-includes/class-wp-hook.php(324): jal_install_data(false)
#7 /wordpress/wp-includes/class-wp-hook.php(348): WP_Hook->apply_filters(NULL, Array)
#8 /wordpress/wp-includes/plugin.php(517): WP_Hook->do_action(Array)
#9 /wordpress/wp-admin/includes/plugin.php(703): do_action('activate_howdy-...', false)
#10 /internal/eval.php(20): activate_plugin('howdy-replace-t...')
#11 {main}</pre>
 for query INSERT INTO `wp_howdy` (`id`, `howdy`, `adminbar`, `custom_msg`) VALUES ('', 'off', 'on', 'Welcome') made by activate_plugin, do_action('activate_howdy-replace-to-welcome-simple/howdy-replace-to-welcome-simple.php'), WP_Hook->do_action, WP_Hook->apply_filters, jal_install_data, WP_SQLite_DB->query, WP_SQLite_DB->print_error
[12-Apr-2025 18:52:03 UTC] PHP Warning:  Attempt to read property "howdy" on null in /wordpress/wp-content/plugins/howdy-replace-to-welcome-simple/howdy-replace-to-welcome-simple.php on line 91
[12-Apr-2025 18:52:03 UTC] PHP Warning:  Attempt to read property "adminbar" on null in /wordpress/wp-content/plugins/howdy-replace-to-welcome-simple/howdy-replace-to-welcome-simple.php on line 92
[12-Apr-2025 18:52:03 UTC] PHP Warning:  Attempt to read property "id" on null in /wordpress/wp-content/plugins/howdy-replace-to-welcome-simple/howdy-replace-to-welcome-simple.php on line 93
[12-Apr-2025 18:52:03 UTC] PHP Warning:  Attempt to read property "custom_msg" on null in /wordpress/wp-content/plugins/howdy-replace-to-welcome-simple/howdy-replace-to-welcome-simple.php on line 94
[12-Apr-2025 18:52:03 UTC] PHP Warning:  Undefined variable $custom_msg in /wordpress/wp-content/plugins/howdy-replace-to-welcome-simple/howdy-replace-to-welcome-simple.php on line 106
[12-Apr-2025 18:52:10 UTC] WordPress database error <div style="clear:both">&nbsp;</div>
<div class="queries" style="clear:both;margin-bottom:2px;border:red dotted thin;">
<p>MySQL query:</p>
<p>SELECT * FROM wp_howdy</p>
<p>Queries made or created this session were:</p>
<ol>
<li>Executing: BEGIN | (no parameters)</li>
<li>Executing: SELECT * FROM wp_howdy | (no parameters)</li>
<li>Executing: ROLLBACK | (no parameters)</li>
</ol>
</div>
<div style="clear:both;margin-bottom:2px;border:red dotted thin;" class="error_message" style="border-bottom:dotted blue thin;">
Error occurred at line 4117 in Function <code>handle_error</code>. Error message was: SQLSTATE[HY000]: General error: 1 no such table: wp_howdy.
</div>
<p>Backtrace:</p>
<pre>#0 /internal/shared/sqlite-database-integration/wp-includes/sqlite/class-wp-sqlite-db.php(287): WP_SQLite_Translator->get_error_message()
#1 /wordpress/wp-includes/class-wpdb.php(3061): WP_SQLite_DB->query('SELECT * FROM w...')
#2 /wordpress/wp-content/plugins/howdy-replace-to-welcome-simple/howdy-replace-to-welcome-simple.php(90): wpdb->get_row('SELECT * FROM w...')
#3 /wordpress/wp-admin/includes/plugin.php(2387): include_once('/wordpress/wp-c...')
#4 /wordpress/wp-admin/includes/plugin.php(673): plugin_sandbox_scrape('howdy-replace-t...')
#5 /internal/eval.php(20): activate_plugin('howdy-replace-t...')
#6 {main}</pre>
 for query SELECT * FROM wp_howdy made by activate_plugin, plugin_sandbox_scrape, include_once('/plugins/howdy-replace-to-welcome-simple/howdy-replace-to-welcome-simple.php'), WP_SQLite_DB->query, WP_SQLite_DB->print_error
[12-Apr-2025 18:52:10 UTC] PHP Warning:  Attempt to read property "howdy" on null in /wordpress/wp-content/plugins/howdy-replace-to-welcome-simple/howdy-replace-to-welcome-simple.php on line 91
[12-Apr-2025 18:52:10 UTC] PHP Warning:  Attempt to read property "adminbar" on null in /wordpress/wp-content/plugins/howdy-replace-to-welcome-simple/howdy-replace-to-welcome-simple.php on line 92
[12-Apr-2025 18:52:10 UTC] PHP Warning:  Attempt to read property "id" on null in /wordpress/wp-content/plugins/howdy-replace-to-welcome-simple/howdy-replace-to-welcome-simple.php on line 93
[12-Apr-2025 18:52:10 UTC] PHP Warning:  Attempt to read property "custom_msg" on null in /wordpress/wp-content/plugins/howdy-replace-to-welcome-simple/howdy-replace-to-welcome-simple.php on line 94
[12-Apr-2025 18:52:10 UTC] PHP Warning:  Undefined variable $custom_msg in /wordpress/wp-content/plugins/howdy-replace-to-welcome-simple/howdy-replace-to-welcome-simple.php on line 106
[12-Apr-2025 18:52:10 UTC] WordPress database error <div style="clear:both">&nbsp;</div>
<div class="queries" style="clear:both;margin-bottom:2px;border:red dotted thin;">
<p>MySQL query:</p>
<p>INSERT INTO `wp_howdy` (`id`, `howdy`, `adminbar`, `custom_msg`) VALUES ('', 'off', 'on', 'Welcome')</p>
<p>Queries made or created this session were:</p>
<ol>
<li>Executing: BEGIN | (no parameters)</li>
<li>Executing: INSERT INTO `wp_howdy` (`id`, `howdy`, `adminbar`, `custom_msg`) VALUES (:param0 , :param1 , :param2 , :param3 ) | parameters: , off, on, Welcome</li>
<li>Executing: ROLLBACK | (no parameters)</li>
</ol>
</div>
<div style="clear:both;margin-bottom:2px;border:red dotted thin;" class="error_message" style="border-bottom:dotted blue thin;">
Error occurred at line 4117 in Function <code>handle_error</code>. Error message was: SQLSTATE[HY000]: General error: 20 datatype mismatch.
</div>
<p>Backtrace:</p>
<pre>#0 /internal/shared/sqlite-database-integration/wp-includes/sqlite/class-wp-sqlite-db.php(287): WP_SQLite_Translator->get_error_message()
#1 /wordpress/wp-includes/class-wpdb.php(2610): WP_SQLite_DB->query('INSERT INTO `wp...')
#2 /wordpress/wp-includes/class-wpdb.php(2499): wpdb->_insert_replace_helper('wp_howdy', Array, NULL, 'INSERT')
#3 /wordpress/wp-content/plugins/howdy-replace-to-welcome-simple/howdy-replace-to-welcome-simple.php(55): wpdb->insert('wp_howdy', Array)
#4 /wordpress/wp-includes/class-wp-hook.php(324): jal_install_data(false)
#5 /wordpress/wp-includes/class-wp-hook.php(348): WP_Hook->apply_filters(NULL, Array)
#6 /wordpress/wp-includes/plugin.php(517): WP_Hook->do_action(Array)
#7 /wordpress/wp-admin/includes/plugin.php(703): do_action('activate_howdy-...', false)
#8 /internal/eval.php(20): activate_plugin('howdy-replace-t...')
#9 {main}</pre>
 for query INSERT INTO `wp_howdy` (`id`, `howdy`, `adminbar`, `custom_msg`) VALUES ('', 'off', 'on', 'Welcome') made by activate_plugin, do_action('activate_howdy-replace-to-welcome-simple/howdy-replace-to-welcome-simple.php'), WP_Hook->do_action, WP_Hook->apply_filters, jal_install_data, WP_SQLite_DB->query, WP_SQLite_DB->print_error
[12-Apr-2025 18:52:11 UTC] PHP Warning:  Attempt to read property "howdy" on null in /wordpress/wp-content/plugins/howdy-replace-to-welcome-simple/howdy-replace-to-welcome-simple.php on line 91
[12-Apr-2025 18:52:11 UTC] PHP Warning:  Attempt to read property "adminbar" on null in /wordpress/wp-content/plugins/howdy-replace-to-welcome-simple/howdy-replace-to-welcome-simple.php on line 92
[12-Apr-2025 18:52:11 UTC] PHP Warning:  Attempt to read property "id" on null in /wordpress/wp-content/plugins/howdy-replace-to-welcome-simple/howdy-replace-to-welcome-simple.php on line 93
[12-Apr-2025 18:52:11 UTC] PHP Warning:  Attempt to read property "custom_msg" on null in /wordpress/wp-content/plugins/howdy-replace-to-welcome-simple/howdy-replace-to-welcome-simple.php on line 94
[12-Apr-2025 18:52:11 UTC] PHP Warning:  Undefined variable $custom_msg in /wordpress/wp-content/plugins/howdy-replace-to-welcome-simple/howdy-replace-to-welcome-simple.php on line 106
[12-Apr-2025 18:52:19 UTC] WordPress database error <div style="clear:both">&nbsp;</div>
<div class="queries" style="clear:both;margin-bottom:2px;border:red dotted thin;">
<p>MySQL query:</p>
<p>SELECT * FROM wp_howdy</p>
<p>Queries made or created this session were:</p>
<ol>
<li>Executing: BEGIN | (no parameters)</li>
<li>Executing: SELECT * FROM wp_howdy | (no parameters)</li>
<li>Executing: ROLLBACK | (no parameters)</li>
</ol>
</div>
<div style="clear:both;margin-bottom:2px;border:red dotted thin;" class="error_message" style="border-bottom:dotted blue thin;">
Error occurred at line 4117 in Function <code>handle_error</code>. Error message was: SQLSTATE[HY000]: General error: 1 no such table: wp_howdy.
</div>
<p>Backtrace:</p>
<pre>#0 /internal/shared/sqlite-database-integration/wp-includes/sqlite/class-wp-sqlite-db.php(287): WP_SQLite_Translator->get_error_message()
#1 /wordpress/wp-includes/class-wpdb.php(3061): WP_SQLite_DB->query('SELECT * FROM w...')
#2 /wordpress/wp-content/plugins/howdy-replace-to-welcome-simple/howdy-replace-to-welcome-simple.php(90): wpdb->get_row('SELECT * FROM w...')
#3 /wordpress/wp-admin/includes/plugin.php(2387): include_once('/wordpress/wp-c...')
#4 /wordpress/wp-admin/includes/plugin.php(673): plugin_sandbox_scrape('howdy-replace-t...')
#5 /internal/eval.php(20): activate_plugin('howdy-replace-t...')
#6 {main}</pre>
 for query SELECT * FROM wp_howdy made by activate_plugin, plugin_sandbox_scrape, include_once('/plugins/howdy-replace-to-welcome-simple/howdy-replace-to-welcome-simple.php'), WP_SQLite_DB->query, WP_SQLite_DB->print_error
[12-Apr-2025 18:52:19 UTC] PHP Warning:  Attempt to read property "howdy" on null in /wordpress/wp-content/plugins/howdy-replace-to-welcome-simple/howdy-replace-to-welcome-simple.php on line 91
[12-Apr-2025 18:52:19 UTC] PHP Warning:  Attempt to read property "adminbar" on null in /wordpress/wp-content/plugins/howdy-replace-to-welcome-simple/howdy-replace-to-welcome-simple.php on line 92
[12-Apr-2025 18:52:19 UTC] PHP Warning:  Attempt to read property "id" on null in /wordpress/wp-content/plugins/howdy-replace-to-welcome-simple/howdy-replace-to-welcome-simple.php on line 93
[12-Apr-2025 18:52:19 UTC] PHP Warning:  Attempt to read property "custom_msg" on null in /wordpress/wp-content/plugins/howdy-replace-to-welcome-simple/howdy-replace-to-welcome-simple.php on line 94
[12-Apr-2025 18:52:19 UTC] PHP Warning:  Undefined variable $custom_msg in /wordpress/wp-content/plugins/howdy-replace-to-welcome-simple/howdy-replace-to-welcome-simple.php on line 106
[12-Apr-2025 18:52:19 UTC] WordPress database error <div style="clear:both">&nbsp;</div>
<div class="queries" style="clear:both;margin-bottom:2px;border:red dotted thin;">
<p>MySQL query:</p>
<p>INSERT INTO `wp_howdy` (`id`, `howdy`, `adminbar`, `custom_msg`) VALUES ('', 'off', 'on', 'Welcome')</p>
<p>Queries made or created this session were:</p>
<ol>
<li>Executing: BEGIN | (no parameters)</li>
<li>Executing: INSERT INTO `wp_howdy` (`id`, `howdy`, `adminbar`, `custom_msg`) VALUES (:param0 , :param1 , :param2 , :param3 ) | parameters: , off, on, Welcome</li>
<li>Executing: ROLLBACK | (no parameters)</li>
</ol>
</div>
<div style="clear:both;margin-bottom:2px;border:red dotted thin;" class="error_message" style="border-bottom:dotted blue thin;">
Error occurred at line 4117 in Function <code>handle_error</code>. Error message was: SQLSTATE[HY000]: General error: 20 datatype mismatch.
</div>
<p>Backtrace:</p>
<pre>#0 /internal/shared/sqlite-database-integration/wp-includes/sqlite/class-wp-sqlite-db.php(287): WP_SQLite_Translator->get_error_message()
#1 /wordpress/wp-includes/class-wpdb.php(2610): WP_SQLite_DB->query('INSERT INTO `wp...')
#2 /wordpress/wp-includes/class-wpdb.php(2499): wpdb->_insert_replace_helper('wp_howdy', Array, NULL, 'INSERT')
#3 /wordpress/wp-content/plugins/howdy-replace-to-welcome-simple/howdy-replace-to-welcome-simple.php(55): wpdb->insert('wp_howdy', Array)
#4 /wordpress/wp-includes/class-wp-hook.php(324): jal_install_data(false)
#5 /wordpress/wp-includes/class-wp-hook.php(348): WP_Hook->apply_filters(NULL, Array)
#6 /wordpress/wp-includes/plugin.php(517): WP_Hook->do_action(Array)
#7 /wordpress/wp-admin/includes/plugin.php(703): do_action('activate_howdy-...', false)
#8 /internal/eval.php(20): activate_plugin('howdy-replace-t...')
#9 {main}</pre>
 for query INSERT INTO `wp_howdy` (`id`, `howdy`, `adminbar`, `custom_msg`) VALUES ('', 'off', 'on', 'Welcome') made by activate_plugin, do_action('activate_howdy-replace-to-welcome-simple/howdy-replace-to-welcome-simple.php'), WP_Hook->do_action, WP_Hook->apply_filters, jal_install_data, WP_SQLite_DB->query, WP_SQLite_DB->print_error
[12-Apr-2025 18:52:20 UTC] PHP Warning:  Attempt to read property "howdy" on null in /wordpress/wp-content/plugins/howdy-replace-to-welcome-simple/howdy-replace-to-welcome-simple.php on line 91
[12-Apr-2025 18:52:20 UTC] PHP Warning:  Attempt to read property "adminbar" on null in /wordpress/wp-content/plugins/howdy-replace-to-welcome-simple/howdy-replace-to-welcome-simple.php on line 92
[12-Apr-2025 18:52:20 UTC] PHP Warning:  Attempt to read property "id" on null in /wordpress/wp-content/plugins/howdy-replace-to-welcome-simple/howdy-replace-to-welcome-simple.php on line 93
[12-Apr-2025 18:52:20 UTC] PHP Warning:  Attempt to read property "custom_msg" on null in /wordpress/wp-content/plugins/howdy-replace-to-welcome-simple/howdy-replace-to-welcome-simple.php on line 94
[12-Apr-2025 18:52:20 UTC] PHP Warning:  Undefined variable $custom_msg in /wordpress/wp-content/plugins/howdy-replace-to-welcome-simple/howdy-replace-to-welcome-simple.php on line 106
[12-Apr-2025 18:53:23 UTC] PHP Deprecated:  Function register_sidebar_widget is <strong>deprecated</strong> since version 2.8.0! Use wp_register_sidebar_widget() instead. in /wordpress/wp-includes/functions.php on line 6114
[12-Apr-2025 18:53:23 UTC] PHP Deprecated:  Function register_widget_control is <strong>deprecated</strong> since version 2.8.0! Use wp_register_widget_control() instead. in /wordpress/wp-includes/functions.php on line 6114
[12-Apr-2025 18:53:32 UTC] PHP Deprecated:  Function register_sidebar_widget is <strong>deprecated</strong> since version 2.8.0! Use wp_register_sidebar_widget() instead. in /wordpress/wp-includes/functions.php on line 6114
[12-Apr-2025 18:53:32 UTC] PHP Deprecated:  Function register_widget_control is <strong>deprecated</strong> since version 2.8.0! Use wp_register_widget_control() instead. in /wordpress/wp-includes/functions.php on line 6114
[12-Apr-2025 18:53:40 UTC] PHP Deprecated:  Function register_sidebar_widget is <strong>deprecated</strong> since version 2.8.0! Use wp_register_sidebar_widget() instead. in /wordpress/wp-includes/functions.php on line 6114
[12-Apr-2025 18:53:41 UTC] PHP Deprecated:  Function register_widget_control is <strong>deprecated</strong> since version 2.8.0! Use wp_register_widget_control() instead. in /wordpress/wp-includes/functions.php on line 6114
[12-Apr-2025 19:00:45 UTC] PHP Fatal error:  Uncaught Error: Call to undefined function create_function() in /wordpress/wp-content/plugins/hw-yahoo-skype-status-pro/includes/hwyk-widget.php:598
Stack trace:
#0 /wordpress/wp-content/plugins/hw-yahoo-skype-status-pro/yahooskype.php(54): include_once()
#1 /wordpress/wp-admin/includes/plugin.php(2387): include_once('/wordpress/wp-c...')
#2 /wordpress/wp-admin/includes/plugin.php(673): plugin_sandbox_scrape('hw-yahoo-skype-...')
#3 /internal/eval.php(20): activate_plugin('hw-yahoo-skype-...')
#4 {main}
  thrown in /wordpress/wp-content/plugins/hw-yahoo-skype-status-pro/includes/hwyk-widget.php on line 598
[12-Apr-2025 19:00:53 UTC] PHP Fatal error:  Uncaught Error: Call to undefined function create_function() in /wordpress/wp-content/plugins/hw-yahoo-skype-status-pro/includes/hwyk-widget.php:598
Stack trace:
#0 /wordpress/wp-content/plugins/hw-yahoo-skype-status-pro/yahooskype.php(54): include_once()
#1 /wordpress/wp-admin/includes/plugin.php(2387): include_once('/wordpress/wp-c...')
#2 /wordpress/wp-admin/includes/plugin.php(673): plugin_sandbox_scrape('hw-yahoo-skype-...')
#3 /internal/eval.php(20): activate_plugin('hw-yahoo-skype-...')
#4 {main}
  thrown in /wordpress/wp-content/plugins/hw-yahoo-skype-status-pro/includes/hwyk-widget.php on line 598
[12-Apr-2025 19:01:01 UTC] PHP Fatal error:  Uncaught Error: Call to undefined function create_function() in /wordpress/wp-content/plugins/hw-yahoo-skype-status-pro/includes/hwyk-widget.php:598
Stack trace:
#0 /wordpress/wp-content/plugins/hw-yahoo-skype-status-pro/yahooskype.php(54): include_once()
#1 /wordpress/wp-admin/includes/plugin.php(2387): include_once('/wordpress/wp-c...')
#2 /wordpress/wp-admin/includes/plugin.php(673): plugin_sandbox_scrape('hw-yahoo-skype-...')
#3 /internal/eval.php(20): activate_plugin('hw-yahoo-skype-...')
#4 {main}
  thrown in /wordpress/wp-content/plugins/hw-yahoo-skype-status-pro/includes/hwyk-widget.php on line 598
[12-Apr-2025 19:02:00 UTC] PHP Deprecated:  Function register_sidebar_widget is <strong>deprecated</strong> since version 2.8.0! Use wp_register_sidebar_widget() instead. in /wordpress/wp-includes/functions.php on line 6114
[12-Apr-2025 19:02:09 UTC] PHP Deprecated:  Function register_sidebar_widget is <strong>deprecated</strong> since version 2.8.0! Use wp_register_sidebar_widget() instead. in /wordpress/wp-includes/functions.php on line 6114
[12-Apr-2025 19:02:17 UTC] PHP Deprecated:  Function register_sidebar_widget is <strong>deprecated</strong> since version 2.8.0! Use wp_register_sidebar_widget() instead. in /wordpress/wp-includes/functions.php on line 6114
[12-Apr-2025 19:02:24 UTC] PHP Warning:  Undefined variable $plugin_dir_path in /wordpress/wp-content/plugins/hold-your-color/hold-your-color.php on line 14
[12-Apr-2025 19:02:24 UTC] PHP Deprecated:  Function load_plugin_textdomain was called with an argument that is <strong>deprecated</strong> since version 2.7.0 with no alternative available. in /wordpress/wp-includes/functions.php on line 6114
[12-Apr-2025 19:02:25 UTC] PHP Warning:  Undefined variable $plugin_dir_path in /wordpress/wp-content/plugins/hold-your-color/hold-your-color.php on line 14
[12-Apr-2025 19:02:25 UTC] PHP Deprecated:  Function load_plugin_textdomain was called with an argument that is <strong>deprecated</strong> since version 2.7.0 with no alternative available. in /wordpress/wp-includes/functions.php on line 6114
[12-Apr-2025 19:02:25 UTC] PHP Fatal error:  Uncaught ArgumentCountError: Too few arguments to function WP_Widget::__construct(), 0 passed in /wordpress/wp-includes/class-wp-widget-factory.php on line 62 and at least 2 expected in /wordpress/wp-includes/class-wp-widget.php:163
Stack trace:
#0 /wordpress/wp-includes/class-wp-widget-factory.php(62): WP_Widget->__construct()
#1 /wordpress/wp-includes/widgets.php(123): WP_Widget_Factory->register('HYC_Widget')
#2 /wordpress/wp-content/plugins/hold-your-color/widget.php(31): register_widget('HYC_Widget')
#3 /wordpress/wp-includes/class-wp-hook.php(324): hyc_widget_init('')
#4 /wordpress/wp-includes/class-wp-hook.php(348): WP_Hook->apply_filters(NULL, Array)
#5 /wordpress/wp-includes/plugin.php(517): WP_Hook->do_action(Array)
#6 /wordpress/wp-includes/widgets.php(1870): do_action('widgets_init')
#7 /wordpress/wp-includes/class-wp-hook.php(324): wp_widgets_init('')
#8 /wordpress/wp-includes/class-wp-hook.php(348): WP_Hook->apply_filters(NULL, Array)
#9 /wordpress/wp-includes/plugin.php(517): WP_Hook->do_action(Array)
#10 /wordpress/wp-settings.php(704): do_action('init')
#11 /wordpress/wp-config.php(102): require_once('/wordpress/wp-s...')
#12 /wordpress/wp-load.php(50): require_once('/wordpress/wp-c...')
#13 /internal/eval.php(3): require_once('/wordpress/wp-l...')
#14 {main}
  thrown in /wordpress/wp-includes/class-wp-widget.php on line 163
[12-Apr-2025 19:02:32 UTC] PHP Warning:  Undefined variable $plugin_dir_path in /wordpress/wp-content/plugins/hold-your-color/hold-your-color.php on line 14
[12-Apr-2025 19:02:32 UTC] PHP Deprecated:  Function load_plugin_textdomain was called with an argument that is <strong>deprecated</strong> since version 2.7.0 with no alternative available. in /wordpress/wp-includes/functions.php on line 6114
[12-Apr-2025 19:02:33 UTC] PHP Warning:  Undefined variable $plugin_dir_path in /wordpress/wp-content/plugins/hold-your-color/hold-your-color.php on line 14
[12-Apr-2025 19:02:33 UTC] PHP Deprecated:  Function load_plugin_textdomain was called with an argument that is <strong>deprecated</strong> since version 2.7.0 with no alternative available. in /wordpress/wp-includes/functions.php on line 6114
[12-Apr-2025 19:02:33 UTC] PHP Fatal error:  Uncaught ArgumentCountError: Too few arguments to function WP_Widget::__construct(), 0 passed in /wordpress/wp-includes/class-wp-widget-factory.php on line 62 and at least 2 expected in /wordpress/wp-includes/class-wp-widget.php:163
Stack trace:
#0 /wordpress/wp-includes/class-wp-widget-factory.php(62): WP_Widget->__construct()
#1 /wordpress/wp-includes/widgets.php(123): WP_Widget_Factory->register('HYC_Widget')
#2 /wordpress/wp-content/plugins/hold-your-color/widget.php(31): register_widget('HYC_Widget')
#3 /wordpress/wp-includes/class-wp-hook.php(324): hyc_widget_init('')
#4 /wordpress/wp-includes/class-wp-hook.php(348): WP_Hook->apply_filters(NULL, Array)
#5 /wordpress/wp-includes/plugin.php(517): WP_Hook->do_action(Array)
#6 /wordpress/wp-includes/widgets.php(1870): do_action('widgets_init')
#7 /wordpress/wp-includes/class-wp-hook.php(324): wp_widgets_init('')
#8 /wordpress/wp-includes/class-wp-hook.php(348): WP_Hook->apply_filters(NULL, Array)
#9 /wordpress/wp-includes/plugin.php(517): WP_Hook->do_action(Array)
#10 /wordpress/wp-settings.php(704): do_action('init')
#11 /wordpress/wp-config.php(102): require_once('/wordpress/wp-s...')
#12 /wordpress/wp-load.php(50): require_once('/wordpress/wp-c...')
#13 /internal/eval.php(3): require_once('/wordpress/wp-l...')
#14 {main}
  thrown in /wordpress/wp-includes/class-wp-widget.php on line 163
[12-Apr-2025 19:02:39 UTC] PHP Warning:  Undefined variable $plugin_dir_path in /wordpress/wp-content/plugins/hold-your-color/hold-your-color.php on line 14
[12-Apr-2025 19:02:39 UTC] PHP Deprecated:  Function load_plugin_textdomain was called with an argument that is <strong>deprecated</strong> since version 2.7.0 with no alternative available. in /wordpress/wp-includes/functions.php on line 6114
[12-Apr-2025 19:02:39 UTC] PHP Warning:  Undefined variable $plugin_dir_path in /wordpress/wp-content/plugins/hold-your-color/hold-your-color.php on line 14
[12-Apr-2025 19:02:39 UTC] PHP Deprecated:  Function load_plugin_textdomain was called with an argument that is <strong>deprecated</strong> since version 2.7.0 with no alternative available. in /wordpress/wp-includes/functions.php on line 6114
[12-Apr-2025 19:02:39 UTC] PHP Fatal error:  Uncaught ArgumentCountError: Too few arguments to function WP_Widget::__construct(), 0 passed in /wordpress/wp-includes/class-wp-widget-factory.php on line 62 and at least 2 expected in /wordpress/wp-includes/class-wp-widget.php:163
Stack trace:
#0 /wordpress/wp-includes/class-wp-widget-factory.php(62): WP_Widget->__construct()
#1 /wordpress/wp-includes/widgets.php(123): WP_Widget_Factory->register('HYC_Widget')
#2 /wordpress/wp-content/plugins/hold-your-color/widget.php(31): register_widget('HYC_Widget')
#3 /wordpress/wp-includes/class-wp-hook.php(324): hyc_widget_init('')
#4 /wordpress/wp-includes/class-wp-hook.php(348): WP_Hook->apply_filters(NULL, Array)
#5 /wordpress/wp-includes/plugin.php(517): WP_Hook->do_action(Array)
#6 /wordpress/wp-includes/widgets.php(1870): do_action('widgets_init')
#7 /wordpress/wp-includes/class-wp-hook.php(324): wp_widgets_init('')
#8 /wordpress/wp-includes/class-wp-hook.php(348): WP_Hook->apply_filters(NULL, Array)
#9 /wordpress/wp-includes/plugin.php(517): WP_Hook->do_action(Array)
#10 /wordpress/wp-settings.php(704): do_action('init')
#11 /wordpress/wp-config.php(102): require_once('/wordpress/wp-s...')
#12 /wordpress/wp-load.php(50): require_once('/wordpress/wp-c...')
#13 /internal/eval.php(3): require_once('/wordpress/wp-l...')
#14 {main}
  thrown in /wordpress/wp-includes/class-wp-widget.php on line 163

    at Object.onBind (file:///home/runner/work/playground-tester/playground-tester/node_modules/@wp-playground/cli/index.js:237:15)
    at process.processTicksAndRejections (node:internal/process/task_queues:105:5)
    at async V (file:///home/runner/work/playground-tester/playground-tester/node_modules/@wp-playground/cli/index.js:64:10)
    at async ja (file:///home/runner/work/playground-tester/playground-tester/node_modules/@wp-playground/cli/cli.js:8161:12) {
  [cause]: Error: Error when executing the blueprint step #1 ({"step":"installPlugin","pluginData":{"resource":"wordpress.org/plugins","slug":"hold-your-color"},"options":{"activate":true}}) : PHP.run() failed with exit code 255 and the following output: 
      at Object.run (file:///home/runner/work/playground-tester/playground-tester/node_modules/@wp-playground/blueprints/index.js:12449:19)
      at process.processTicksAndRejections (node:internal/process/task_queues:105:5)
      at async ms (file:///home/runner/work/playground-tester/playground-tester/node_modules/@wp-playground/blueprints/index.js:12552:3)
      ... 2 lines matching cause stack trace ...
      at async ja (file:///home/runner/work/playground-tester/playground-tester/node_modules/@wp-playground/cli/cli.js:8161:12) {
    [cause]: PHPExecutionFailureError: PHP.run() failed with exit code 255 and the following output: 
        at PHP.run (file:///home/runner/work/playground-tester/playground-tester/node_modules/@php-wasm/universal/index.js:987:19)
        at process.processTicksAndRejections (node:internal/process/task_queues:105:5)
        at async wr (file:///home/runner/work/playground-tester/playground-tester/node_modules/@wp-playground/blueprints/index.js:73:13)
        at async Object.gt [as installPlugin] (file:///home/runner/work/playground-tester/playground-tester/node_modules/@wp-playground/blueprints/index.js:974:42)
        at async g (file:///home/runner/work/playground-tester/playground-tester/node_modules/@wp-playground/blueprints/index.js:12517:30)
        at async Object.run (file:///home/runner/work/playground-tester/playground-tester/node_modules/@wp-playground/blueprints/index.js:12446:23)
        at async ms (file:///home/runner/work/playground-tester/playground-tester/node_modules/@wp-playground/blueprints/index.js:12552:3)
        at async Object.onBind (file:///home/runner/work/playground-tester/playground-tester/node_modules/@wp-playground/cli/index.js:227:48)
        at async V (file:///home/runner/work/playground-tester/playground-tester/node_modules/@wp-playground/cli/index.js:64:10)
        at async ja (file:///home/runner/work/playground-tester/playground-tester/node_modules/@wp-playground/cli/cli.js:8161:12) {
      response: PHPResponse {
        httpStatusCode: 500,
        headers: {
          'x-powered-by': [ 'PHP/8.0.30-dev' ],
          'content-type': [ 'text/html; charset=UTF-8' ],
          expires: [ 'Wed, 11 Jan 1984 05:00:00 GMT' ],
          'cache-control': [ 'no-cache, must-revalidate, max-age=0' ]
        },
        bytes: Uint8Array(2653) [
           60,  33,  68,  79,  67,  84,  89,  80,  69,  32, 104, 116,
          109, 108,  62,  10,  60, 104, 116, 109, 108,  32, 108,  97,
          110, 103,  61,  34, 101, 110,  45,  85,  83,  34,  62,  10,
           60, 104, 101,  97, 100,  62,  10,   9,  60, 109, 101, 116,
           97,  32, 104, 116, 116, 112,  45, 101, 113, 117, 105, 118,
           61,  34,  67, 111, 110, 116, 101, 110, 116,  45,  84, 121,
          112, 101,  34,  32,  99, 111, 110, 116, 101, 110, 116,  61,
           34, 116, 101, 120, 116,  47, 104, 116, 109, 108,  59,  32,
           99, 104,  97, 114,
          ... 2553 more items
        ],
        exitCode: 255,
        errors: ''
      },
      source: 'request'
    }
  }
}

Node.js v23.11.0
