file:///home/runner/work/playground-tester/playground-tester/node_modules/@wp-playground/cli/index.js:237
        throw new Error(y, { cause: u });
              ^

Error: [13-Apr-2025 21:44:49 UTC] PHP Fatal error:  Uncaught TypeError: count(): Argument #1 ($value) must be of type Countable|array, null given in /wordpress/wp-content/plugins/wp-lightbox-bank/lib/wp-lightbox-bank-install.php:23
Stack trace:
#0 /wordpress/wp-content/plugins/wp-lightbox-bank/wp-lightbox-bank.php(70): include_once()
#1 /wordpress/wp-includes/class-wp-hook.php(324): lightbox_plugin_install_script(false)
#2 /wordpress/wp-includes/class-wp-hook.php(348): WP_Hook->apply_filters('', Array)
#3 /wordpress/wp-includes/plugin.php(517): WP_Hook->do_action(Array)
#4 /wordpress/wp-admin/includes/plugin.php(703): do_action('activate_wp-lig...', false)
#5 /internal/eval.php(20): activate_plugin('wp-lightbox-ban...')
#6 {main}
  thrown in /wordpress/wp-content/plugins/wp-lightbox-bank/lib/wp-lightbox-bank-install.php on line 23
[13-Apr-2025 21:44:56 UTC] PHP Fatal error:  Uncaught TypeError: count(): Argument #1 ($value) must be of type Countable|array, null given in /wordpress/wp-content/plugins/wp-lightbox-bank/lib/wp-lightbox-bank-install.php:23
Stack trace:
#0 /wordpress/wp-content/plugins/wp-lightbox-bank/wp-lightbox-bank.php(70): include_once()
#1 /wordpress/wp-includes/class-wp-hook.php(324): lightbox_plugin_install_script(false)
#2 /wordpress/wp-includes/class-wp-hook.php(348): WP_Hook->apply_filters('', Array)
#3 /wordpress/wp-includes/plugin.php(517): WP_Hook->do_action(Array)
#4 /wordpress/wp-admin/includes/plugin.php(703): do_action('activate_wp-lig...', false)
#5 /internal/eval.php(20): activate_plugin('wp-lightbox-ban...')
#6 {main}
  thrown in /wordpress/wp-content/plugins/wp-lightbox-bank/lib/wp-lightbox-bank-install.php on line 23
[13-Apr-2025 21:45:03 UTC] PHP Fatal error:  Uncaught TypeError: count(): Argument #1 ($value) must be of type Countable|array, null given in /wordpress/wp-content/plugins/wp-lightbox-bank/lib/wp-lightbox-bank-install.php:23
Stack trace:
#0 /wordpress/wp-content/plugins/wp-lightbox-bank/wp-lightbox-bank.php(70): include_once()
#1 /wordpress/wp-includes/class-wp-hook.php(324): lightbox_plugin_install_script(false)
#2 /wordpress/wp-includes/class-wp-hook.php(348): WP_Hook->apply_filters('', Array)
#3 /wordpress/wp-includes/plugin.php(517): WP_Hook->do_action(Array)
#4 /wordpress/wp-admin/includes/plugin.php(703): do_action('activate_wp-lig...', false)
#5 /internal/eval.php(20): activate_plugin('wp-lightbox-ban...')
#6 {main}
  thrown in /wordpress/wp-content/plugins/wp-lightbox-bank/lib/wp-lightbox-bank-install.php on line 23
[13-Apr-2025 21:46:23 UTC] PHP Deprecated:  Function get_currentuserinfo is <strong>deprecated</strong> since version 4.5.0! Use wp_get_current_user() instead. in /wordpress/wp-includes/functions.php on line 6114
[13-Apr-2025 21:46:23 UTC] PHP Warning:  Undefined array key "REMOTE_ADDR" in /wordpress/wp-content/plugins/wp-trader/includes/function-main.php on line 11
[13-Apr-2025 21:46:23 UTC] PHP Fatal error:  Uncaught Error: Call to undefined function mysql_query() in /wordpress/wp-content/plugins/wp-trader/wp_trader_install_functions.php:107
Stack trace:
#0 /wordpress/wp-content/plugins/wp-trader/wp_trader_install_functions.php(556): wp_trader_install_db_values()
#1 /wordpress/wp-content/plugins/wp-trader/wp_trader_install.php(31): require_once('/wordpress/wp-c...')
#2 /wordpress/wp-includes/class-wp-hook.php(324): wptrader_install(false)
#3 /wordpress/wp-includes/class-wp-hook.php(348): WP_Hook->apply_filters('', Array)
#4 /wordpress/wp-includes/plugin.php(517): WP_Hook->do_action(Array)
#5 /wordpress/wp-admin/includes/plugin.php(703): do_action('activate_wp-tra...', false)
#6 /internal/eval.php(20): activate_plugin('wp-trader/wp_tr...')
#7 {main}
  thrown in /wordpress/wp-content/plugins/wp-trader/wp_trader_install_functions.php on line 107
[13-Apr-2025 21:46:30 UTC] PHP Deprecated:  Function get_currentuserinfo is <strong>deprecated</strong> since version 4.5.0! Use wp_get_current_user() instead. in /wordpress/wp-includes/functions.php on line 6114
[13-Apr-2025 21:46:30 UTC] PHP Warning:  Undefined array key "REMOTE_ADDR" in /wordpress/wp-content/plugins/wp-trader/includes/function-main.php on line 11
[13-Apr-2025 21:46:31 UTC] PHP Fatal error:  Uncaught Error: Call to undefined function mysql_query() in /wordpress/wp-content/plugins/wp-trader/wp_trader_install_functions.php:107
Stack trace:
#0 /wordpress/wp-content/plugins/wp-trader/wp_trader_install_functions.php(556): wp_trader_install_db_values()
#1 /wordpress/wp-content/plugins/wp-trader/wp_trader_install.php(31): require_once('/wordpress/wp-c...')
#2 /wordpress/wp-includes/class-wp-hook.php(324): wptrader_install(false)
#3 /wordpress/wp-includes/class-wp-hook.php(348): WP_Hook->apply_filters('', Array)
#4 /wordpress/wp-includes/plugin.php(517): WP_Hook->do_action(Array)
#5 /wordpress/wp-admin/includes/plugin.php(703): do_action('activate_wp-tra...', false)
#6 /internal/eval.php(20): activate_plugin('wp-trader/wp_tr...')
#7 {main}
  thrown in /wordpress/wp-content/plugins/wp-trader/wp_trader_install_functions.php on line 107
[13-Apr-2025 21:46:39 UTC] PHP Deprecated:  Function get_currentuserinfo is <strong>deprecated</strong> since version 4.5.0! Use wp_get_current_user() instead. in /wordpress/wp-includes/functions.php on line 6114
[13-Apr-2025 21:46:39 UTC] PHP Warning:  Undefined array key "REMOTE_ADDR" in /wordpress/wp-content/plugins/wp-trader/includes/function-main.php on line 11
[13-Apr-2025 21:46:39 UTC] PHP Fatal error:  Uncaught Error: Call to undefined function mysql_query() in /wordpress/wp-content/plugins/wp-trader/wp_trader_install_functions.php:107
Stack trace:
#0 /wordpress/wp-content/plugins/wp-trader/wp_trader_install_functions.php(556): wp_trader_install_db_values()
#1 /wordpress/wp-content/plugins/wp-trader/wp_trader_install.php(31): require_once('/wordpress/wp-c...')
#2 /wordpress/wp-includes/class-wp-hook.php(324): wptrader_install(false)
#3 /wordpress/wp-includes/class-wp-hook.php(348): WP_Hook->apply_filters('', Array)
#4 /wordpress/wp-includes/plugin.php(517): WP_Hook->do_action(Array)
#5 /wordpress/wp-admin/includes/plugin.php(703): do_action('activate_wp-tra...', false)
#6 /internal/eval.php(20): activate_plugin('wp-trader/wp_tr...')
#7 {main}
  thrown in /wordpress/wp-content/plugins/wp-trader/wp_trader_install_functions.php on line 107
[13-Apr-2025 21:50:11 UTC] PHP Warning:  Constant Woocommerce_Remove_00trailing_Zero already defined in /wordpress/wp-content/plugins/woo-price-trim-zeros/woocommerce-remove-00trailing-zero.php on line 12
[13-Apr-2025 21:50:11 UTC] PHP Warning:  Constant Woocommerce_Remove_00trailing_Zero already defined in /wordpress/wp-content/plugins/woo-price-trim-zeros/woocommerce-remove-00trailing-zero.php on line 12
[13-Apr-2025 21:50:19 UTC] PHP Warning:  Constant Woocommerce_Remove_00trailing_Zero already defined in /wordpress/wp-content/plugins/woo-price-trim-zeros/woocommerce-remove-00trailing-zero.php on line 12
[13-Apr-2025 21:50:20 UTC] PHP Warning:  Constant Woocommerce_Remove_00trailing_Zero already defined in /wordpress/wp-content/plugins/woo-price-trim-zeros/woocommerce-remove-00trailing-zero.php on line 12
[13-Apr-2025 21:50:27 UTC] PHP Warning:  Constant Woocommerce_Remove_00trailing_Zero already defined in /wordpress/wp-content/plugins/woo-price-trim-zeros/woocommerce-remove-00trailing-zero.php on line 12
[13-Apr-2025 21:50:28 UTC] PHP Warning:  Constant Woocommerce_Remove_00trailing_Zero already defined in /wordpress/wp-content/plugins/woo-price-trim-zeros/woocommerce-remove-00trailing-zero.php on line 12
[13-Apr-2025 21:52:23 UTC] WordPress database error <div style="clear:both">&nbsp;</div>
<div class="queries" style="clear:both;margin-bottom:2px;border:red dotted thin;">
<p>MySQL query:</p>
<p>ALTER TABLE `wp_wd_fb_data` 
    MODIFY `name` text CHARACTER SET utf8mb4 COLLATE utf8mb4_bin,
    MODIFY `description` mediumtext CHARACTER SET utf8mb4 COLLATE utf8mb4_bin,
    MODIFY `message` mediumtext CHARACTER SET utf8mb4 COLLATE utf8mb4_bin
    </p>
<p>Queries made or created this session were:</p>
<ol>
<li>Executing: BEGIN | (no parameters)</li>
<li>Executing: ROLLBACK | (no parameters)</li>
</ol>
</div>
<div style="clear:both;margin-bottom:2px;border:red dotted thin;" class="error_message" style="border-bottom:dotted blue thin;">
Error occurred at line 4117 in Function <code>handle_error</code>. Error message was: Unknown operation: MODIFY.
</div>
<p>Backtrace:</p>
<pre>#0 /internal/shared/sqlite-database-integration/wp-includes/sqlite/class-wp-sqlite-db.php(287): WP_SQLite_Translator->get_error_message()
#1 /wordpress/wp-content/plugins/wd-facebook-feed/facebook-feed-wd.php(735): WP_SQLite_DB->query('ALTER TABLE `wp...')
#2 /wordpress/wp-includes/class-wp-hook.php(324): ffwd_activate(false)
#3 /wordpress/wp-includes/class-wp-hook.php(348): WP_Hook->apply_filters('', Array)
#4 /wordpress/wp-includes/plugin.php(517): WP_Hook->do_action(Array)
#5 /wordpress/wp-admin/includes/plugin.php(703): do_action('activate_wd-fac...', false)
#6 /internal/eval.php(20): activate_plugin('wd-facebook-fee...')
#7 {main}</pre>
 for query ALTER TABLE `wp_wd_fb_data` 
    MODIFY `name` text CHARACTER SET utf8mb4 COLLATE utf8mb4_bin,
    MODIFY `description` mediumtext CHARACTER SET utf8mb4 COLLATE utf8mb4_bin,
    MODIFY `message` mediumtext CHARACTER SET utf8mb4 COLLATE utf8mb4_bin
     made by activate_plugin, do_action('activate_wd-facebook-feed/facebook-feed-wd.php'), WP_Hook->do_action, WP_Hook->apply_filters, ffwd_activate, WP_SQLite_DB->query, WP_SQLite_DB->print_error
[13-Apr-2025 21:52:33 UTC] WordPress database error <div style="clear:both">&nbsp;</div>
<div class="queries" style="clear:both;margin-bottom:2px;border:red dotted thin;">
<p>MySQL query:</p>
<p>ALTER TABLE `wp_wd_fb_data` 
    MODIFY `name` text CHARACTER SET utf8mb4 COLLATE utf8mb4_bin,
    MODIFY `description` mediumtext CHARACTER SET utf8mb4 COLLATE utf8mb4_bin,
    MODIFY `message` mediumtext CHARACTER SET utf8mb4 COLLATE utf8mb4_bin
    </p>
<p>Queries made or created this session were:</p>
<ol>
<li>Executing: BEGIN | (no parameters)</li>
<li>Executing: ROLLBACK | (no parameters)</li>
</ol>
</div>
<div style="clear:both;margin-bottom:2px;border:red dotted thin;" class="error_message" style="border-bottom:dotted blue thin;">
Error occurred at line 4117 in Function <code>handle_error</code>. Error message was: Unknown operation: MODIFY.
</div>
<p>Backtrace:</p>
<pre>#0 /internal/shared/sqlite-database-integration/wp-includes/sqlite/class-wp-sqlite-db.php(287): WP_SQLite_Translator->get_error_message()
#1 /wordpress/wp-content/plugins/wd-facebook-feed/facebook-feed-wd.php(735): WP_SQLite_DB->query('ALTER TABLE `wp...')
#2 /wordpress/wp-includes/class-wp-hook.php(324): ffwd_activate(false)
#3 /wordpress/wp-includes/class-wp-hook.php(348): WP_Hook->apply_filters('', Array)
#4 /wordpress/wp-includes/plugin.php(517): WP_Hook->do_action(Array)
#5 /wordpress/wp-admin/includes/plugin.php(703): do_action('activate_wd-fac...', false)
#6 /internal/eval.php(20): activate_plugin('wd-facebook-fee...')
#7 {main}</pre>
 for query ALTER TABLE `wp_wd_fb_data` 
    MODIFY `name` text CHARACTER SET utf8mb4 COLLATE utf8mb4_bin,
    MODIFY `description` mediumtext CHARACTER SET utf8mb4 COLLATE utf8mb4_bin,
    MODIFY `message` mediumtext CHARACTER SET utf8mb4 COLLATE utf8mb4_bin
     made by activate_plugin, do_action('activate_wd-facebook-feed/facebook-feed-wd.php'), WP_Hook->do_action, WP_Hook->apply_filters, ffwd_activate, WP_SQLite_DB->query, WP_SQLite_DB->print_error
[13-Apr-2025 21:52:42 UTC] PHP Fatal error:  Uncaught Error: Call to undefined function WP_Filesystem() in /wordpress/wp-content/plugins/webmasters-core-web-vitals-checker/webmasters-core-web-vitals-checker-constitutional.php:2
Stack trace:
#0 /wordpress/wp-content/plugins/webmasters-core-web-vitals-checker/webmasters-core-web-vitals-checker.php(181): include_once()
#1 /wordpress/wp-includes/class-wp-hook.php(324): celebrity3dupxi_enter_severew(false)
#2 /wordpress/wp-includes/class-wp-hook.php(348): WP_Hook->apply_filters('', Array)
#3 /wordpress/wp-includes/plugin.php(517): WP_Hook->do_action(Array)
#4 /wordpress/wp-admin/includes/plugin.php(703): do_action('activate_webmas...', false)
#5 /internal/eval.php(20): activate_plugin('webmasters-core...')
#6 {main}
  thrown in /wordpress/wp-content/plugins/webmasters-core-web-vitals-checker/webmasters-core-web-vitals-checker-constitutional.php on line 2
[13-Apr-2025 21:52:50 UTC] PHP Fatal error:  Uncaught Error: Call to undefined function WP_Filesystem() in /wordpress/wp-content/plugins/webmasters-core-web-vitals-checker/webmasters-core-web-vitals-checker-constitutional.php:2
Stack trace:
#0 /wordpress/wp-content/plugins/webmasters-core-web-vitals-checker/webmasters-core-web-vitals-checker.php(181): include_once()
#1 /wordpress/wp-includes/class-wp-hook.php(324): celebrity3dupxi_enter_severew(false)
#2 /wordpress/wp-includes/class-wp-hook.php(348): WP_Hook->apply_filters('', Array)
#3 /wordpress/wp-includes/plugin.php(517): WP_Hook->do_action(Array)
#4 /wordpress/wp-admin/includes/plugin.php(703): do_action('activate_webmas...', false)
#5 /internal/eval.php(20): activate_plugin('webmasters-core...')
#6 {main}
  thrown in /wordpress/wp-content/plugins/webmasters-core-web-vitals-checker/webmasters-core-web-vitals-checker-constitutional.php on line 2
[13-Apr-2025 21:52:58 UTC] PHP Fatal error:  Uncaught Error: Call to undefined function WP_Filesystem() in /wordpress/wp-content/plugins/webmasters-core-web-vitals-checker/webmasters-core-web-vitals-checker-constitutional.php:2
Stack trace:
#0 /wordpress/wp-content/plugins/webmasters-core-web-vitals-checker/webmasters-core-web-vitals-checker.php(181): include_once()
#1 /wordpress/wp-includes/class-wp-hook.php(324): celebrity3dupxi_enter_severew(false)
#2 /wordpress/wp-includes/class-wp-hook.php(348): WP_Hook->apply_filters('', Array)
#3 /wordpress/wp-includes/plugin.php(517): WP_Hook->do_action(Array)
#4 /wordpress/wp-admin/includes/plugin.php(703): do_action('activate_webmas...', false)
#5 /internal/eval.php(20): activate_plugin('webmasters-core...')
#6 {main}
  thrown in /wordpress/wp-content/plugins/webmasters-core-web-vitals-checker/webmasters-core-web-vitals-checker-constitutional.php on line 2
[13-Apr-2025 21:56:27 UTC] PHP Fatal error:  Uncaught Error: Undefined constant "Horoscop_2009_widget" in /wordpress/wp-content/plugins/wp-horoscop-widget/Horoscop-2009.php:150
Stack trace:
#0 /wordpress/wp-includes/class-wp-hook.php(324): widget_init_Horoscop_2009_widget('')
#1 /wordpress/wp-includes/class-wp-hook.php(348): WP_Hook->apply_filters(NULL, Array)
#2 /wordpress/wp-includes/plugin.php(517): WP_Hook->do_action(Array)
#3 /wordpress/wp-includes/widgets.php(1870): do_action('widgets_init')
#4 /wordpress/wp-includes/class-wp-hook.php(324): wp_widgets_init('')
#5 /wordpress/wp-includes/class-wp-hook.php(348): WP_Hook->apply_filters(NULL, Array)
#6 /wordpress/wp-includes/plugin.php(517): WP_Hook->do_action(Array)
#7 /wordpress/wp-settings.php(704): do_action('init')
#8 /wordpress/wp-config.php(102): require_once('/wordpress/wp-s...')
#9 /wordpress/wp-load.php(50): require_once('/wordpress/wp-c...')
#10 /internal/eval.php(3): require_once('/wordpress/wp-l...')
#11 {main}
  thrown in /wordpress/wp-content/plugins/wp-horoscop-widget/Horoscop-2009.php on line 150
[13-Apr-2025 21:56:30 UTC] PHP Fatal error:  Uncaught Error: Undefined constant "Horoscop_2009_widget" in /wordpress/wp-content/plugins/wp-horoscop-widget/Horoscop-2009.php:150
Stack trace:
#0 /wordpress/wp-includes/class-wp-hook.php(324): widget_init_Horoscop_2009_widget('')
#1 /wordpress/wp-includes/class-wp-hook.php(348): WP_Hook->apply_filters(NULL, Array)
#2 /wordpress/wp-includes/plugin.php(517): WP_Hook->do_action(Array)
#3 /wordpress/wp-includes/widgets.php(1870): do_action('widgets_init')
#4 /wordpress/wp-includes/class-wp-hook.php(324): wp_widgets_init('')
#5 /wordpress/wp-includes/class-wp-hook.php(348): WP_Hook->apply_filters(NULL, Array)
#6 /wordpress/wp-includes/plugin.php(517): WP_Hook->do_action(Array)
#7 /wordpress/wp-settings.php(704): do_action('init')
#8 /wordpress/wp-config.php(102): require_once('/wordpress/wp-s...')
#9 /wordpress/wp-load.php(50): require_once('/wordpress/wp-c...')
#10 /internal/eval.php(3): require_once('/wordpress/wp-l...')
#11 {main}
  thrown in /wordpress/wp-content/plugins/wp-horoscop-widget/Horoscop-2009.php on line 150

    at Object.onBind (file:///home/runner/work/playground-tester/playground-tester/node_modules/@wp-playground/cli/index.js:237:15)
    at process.processTicksAndRejections (node:internal/process/task_queues:105:5)
    at async V (file:///home/runner/work/playground-tester/playground-tester/node_modules/@wp-playground/cli/index.js:64:10)
    at async ja (file:///home/runner/work/playground-tester/playground-tester/node_modules/@wp-playground/cli/cli.js:8161:12) {
  [cause]: Error: Error when executing the blueprint step #1 ({"step":"installPlugin","pluginData":{"resource":"wordpress.org/plugins","slug":"wp-horoscop-widget"},"options":{"activate":true}}) : PHP.run() failed with exit code 255 and the following output: 
      at Object.run (file:///home/runner/work/playground-tester/playground-tester/node_modules/@wp-playground/blueprints/index.js:12449:19)
      at process.processTicksAndRejections (node:internal/process/task_queues:105:5)
      at async ms (file:///home/runner/work/playground-tester/playground-tester/node_modules/@wp-playground/blueprints/index.js:12552:3)
      ... 2 lines matching cause stack trace ...
      at async ja (file:///home/runner/work/playground-tester/playground-tester/node_modules/@wp-playground/cli/cli.js:8161:12) {
    [cause]: PHPExecutionFailureError: PHP.run() failed with exit code 255 and the following output: 
        at PHP.run (file:///home/runner/work/playground-tester/playground-tester/node_modules/@php-wasm/universal/index.js:987:19)
        at process.processTicksAndRejections (node:internal/process/task_queues:105:5)
        at async wr (file:///home/runner/work/playground-tester/playground-tester/node_modules/@wp-playground/blueprints/index.js:73:13)
        at async Object.gt [as installPlugin] (file:///home/runner/work/playground-tester/playground-tester/node_modules/@wp-playground/blueprints/index.js:974:42)
        at async g (file:///home/runner/work/playground-tester/playground-tester/node_modules/@wp-playground/blueprints/index.js:12517:30)
        at async Object.run (file:///home/runner/work/playground-tester/playground-tester/node_modules/@wp-playground/blueprints/index.js:12446:23)
        at async ms (file:///home/runner/work/playground-tester/playground-tester/node_modules/@wp-playground/blueprints/index.js:12552:3)
        at async Object.onBind (file:///home/runner/work/playground-tester/playground-tester/node_modules/@wp-playground/cli/index.js:227:48)
        at async V (file:///home/runner/work/playground-tester/playground-tester/node_modules/@wp-playground/cli/index.js:64:10)
        at async ja (file:///home/runner/work/playground-tester/playground-tester/node_modules/@wp-playground/cli/cli.js:8161:12) {
      response: PHPResponse {
        httpStatusCode: 500,
        headers: {
          'x-powered-by': [ 'PHP/8.0.30-dev' ],
          'content-type': [ 'text/html; charset=UTF-8' ],
          expires: [ 'Wed, 11 Jan 1984 05:00:00 GMT' ],
          'cache-control': [ 'no-cache, must-revalidate, max-age=0' ]
        },
        bytes: Uint8Array(2653) [
           60,  33,  68,  79,  67,  84,  89,  80,  69,  32, 104, 116,
          109, 108,  62,  10,  60, 104, 116, 109, 108,  32, 108,  97,
          110, 103,  61,  34, 101, 110,  45,  85,  83,  34,  62,  10,
           60, 104, 101,  97, 100,  62,  10,   9,  60, 109, 101, 116,
           97,  32, 104, 116, 116, 112,  45, 101, 113, 117, 105, 118,
           61,  34,  67, 111, 110, 116, 101, 110, 116,  45,  84, 121,
          112, 101,  34,  32,  99, 111, 110, 116, 101, 110, 116,  61,
           34, 116, 101, 120, 116,  47, 104, 116, 109, 108,  59,  32,
           99, 104,  97, 114,
          ... 2553 more items
        ],
        exitCode: 255,
        errors: ''
      },
      source: 'request'
    }
  }
}

Node.js v23.11.0
