file:///home/runner/work/playground-tester/playground-tester/node_modules/@wp-playground/cli/index.js:237
        throw new Error(y, { cause: u });
              ^

Error: [13-May-2025 19:25:41 UTC] PHP Warning:  Undefined variable $addr in /wordpress/wp-content/plugins/byrev-gallery-pagination-for-wordpress/byrev-gallery-pagination.php on line 262
[13-May-2025 19:25:41 UTC] PHP Warning:  Trying to access array offset on value of type null in /wordpress/wp-content/plugins/byrev-gallery-pagination-for-wordpress/byrev-gallery-pagination.php on line 262
[13-May-2025 19:25:42 UTC] PHP Warning:  Undefined variable $addr in /wordpress/wp-content/plugins/byrev-gallery-pagination-for-wordpress/byrev-gallery-pagination.php on line 262
[13-May-2025 19:25:42 UTC] PHP Warning:  Trying to access array offset on value of type null in /wordpress/wp-content/plugins/byrev-gallery-pagination-for-wordpress/byrev-gallery-pagination.php on line 262
[13-May-2025 19:25:50 UTC] PHP Warning:  Undefined variable $addr in /wordpress/wp-content/plugins/byrev-gallery-pagination-for-wordpress/byrev-gallery-pagination.php on line 262
[13-May-2025 19:25:50 UTC] PHP Warning:  Trying to access array offset on value of type null in /wordpress/wp-content/plugins/byrev-gallery-pagination-for-wordpress/byrev-gallery-pagination.php on line 262
[13-May-2025 19:25:51 UTC] PHP Warning:  Undefined variable $addr in /wordpress/wp-content/plugins/byrev-gallery-pagination-for-wordpress/byrev-gallery-pagination.php on line 262
[13-May-2025 19:25:51 UTC] PHP Warning:  Trying to access array offset on value of type null in /wordpress/wp-content/plugins/byrev-gallery-pagination-for-wordpress/byrev-gallery-pagination.php on line 262
[13-May-2025 19:25:59 UTC] PHP Warning:  Undefined variable $addr in /wordpress/wp-content/plugins/byrev-gallery-pagination-for-wordpress/byrev-gallery-pagination.php on line 262
[13-May-2025 19:25:59 UTC] PHP Warning:  Trying to access array offset on value of type null in /wordpress/wp-content/plugins/byrev-gallery-pagination-for-wordpress/byrev-gallery-pagination.php on line 262
[13-May-2025 19:26:00 UTC] PHP Warning:  Undefined variable $addr in /wordpress/wp-content/plugins/byrev-gallery-pagination-for-wordpress/byrev-gallery-pagination.php on line 262
[13-May-2025 19:26:00 UTC] PHP Warning:  Trying to access array offset on value of type null in /wordpress/wp-content/plugins/byrev-gallery-pagination-for-wordpress/byrev-gallery-pagination.php on line 262
[13-May-2025 19:29:33 UTC] PHP Warning:  require_once(/wordpress/wp-content/plugins/aspose-image-optimizer/core/class-installer.php): failed to open stream: No such file or directory in /wordpress/wp-content/plugins/aspose-image-optimizer/plugin.php on line 26
[13-May-2025 19:29:33 UTC] PHP Fatal error:  require_once(): Failed opening required '/wordpress/wp-content/plugins/aspose-image-optimizer/core/class-installer.php' (include_path='.:') in /wordpress/wp-content/plugins/aspose-image-optimizer/plugin.php on line 26
[13-May-2025 19:29:43 UTC] PHP Warning:  require_once(/wordpress/wp-content/plugins/aspose-image-optimizer/core/class-installer.php): failed to open stream: No such file or directory in /wordpress/wp-content/plugins/aspose-image-optimizer/plugin.php on line 26
[13-May-2025 19:29:43 UTC] PHP Fatal error:  require_once(): Failed opening required '/wordpress/wp-content/plugins/aspose-image-optimizer/core/class-installer.php' (include_path='.:') in /wordpress/wp-content/plugins/aspose-image-optimizer/plugin.php on line 26
[13-May-2025 19:29:53 UTC] PHP Warning:  require_once(/wordpress/wp-content/plugins/aspose-image-optimizer/core/class-installer.php): failed to open stream: No such file or directory in /wordpress/wp-content/plugins/aspose-image-optimizer/plugin.php on line 26
[13-May-2025 19:29:53 UTC] PHP Fatal error:  require_once(): Failed opening required '/wordpress/wp-content/plugins/aspose-image-optimizer/core/class-installer.php' (include_path='.:') in /wordpress/wp-content/plugins/aspose-image-optimizer/plugin.php on line 26
[13-May-2025 19:30:29 UTC] PHP Fatal error:  Uncaught TypeError: array_key_exists(): Argument #2 ($array) must be of type array, bool given in /wordpress/wp-content/plugins/browser-rejector/browser-rejector.php:412
Stack trace:
#0 /wordpress/wp-content/plugins/browser-rejector/browser-rejector.php(427): brejectr_options_getOption('output')
#1 /wordpress/wp-admin/includes/plugin.php(2387): include_once('/wordpress/wp-c...')
#2 /wordpress/wp-admin/includes/plugin.php(673): plugin_sandbox_scrape('browser-rejecto...')
#3 /internal/eval.php(20): activate_plugin('browser-rejecto...')
#4 {main}
  thrown in /wordpress/wp-content/plugins/browser-rejector/browser-rejector.php on line 412
[13-May-2025 19:30:38 UTC] PHP Fatal error:  Uncaught TypeError: array_key_exists(): Argument #2 ($array) must be of type array, bool given in /wordpress/wp-content/plugins/browser-rejector/browser-rejector.php:412
Stack trace:
#0 /wordpress/wp-content/plugins/browser-rejector/browser-rejector.php(427): brejectr_options_getOption('output')
#1 /wordpress/wp-admin/includes/plugin.php(2387): include_once('/wordpress/wp-c...')
#2 /wordpress/wp-admin/includes/plugin.php(673): plugin_sandbox_scrape('browser-rejecto...')
#3 /internal/eval.php(20): activate_plugin('browser-rejecto...')
#4 {main}
  thrown in /wordpress/wp-content/plugins/browser-rejector/browser-rejector.php on line 412
[13-May-2025 19:30:46 UTC] PHP Fatal error:  Uncaught TypeError: array_key_exists(): Argument #2 ($array) must be of type array, bool given in /wordpress/wp-content/plugins/browser-rejector/browser-rejector.php:412
Stack trace:
#0 /wordpress/wp-content/plugins/browser-rejector/browser-rejector.php(427): brejectr_options_getOption('output')
#1 /wordpress/wp-admin/includes/plugin.php(2387): include_once('/wordpress/wp-c...')
#2 /wordpress/wp-admin/includes/plugin.php(673): plugin_sandbox_scrape('browser-rejecto...')
#3 /internal/eval.php(20): activate_plugin('browser-rejecto...')
#4 {main}
  thrown in /wordpress/wp-content/plugins/browser-rejector/browser-rejector.php on line 412
[13-May-2025 19:30:54 UTC] PHP Fatal error:  Uncaught Error: Call to undefined function bp_core_get_directory_page_ids() in /wordpress/wp-content/plugins/buddydrives3/includes/buddydrive-functions.php:234
Stack trace:
#0 /wordpress/wp-includes/class-wp-hook.php(324): buddydrive_activation(false)
#1 /wordpress/wp-includes/class-wp-hook.php(348): WP_Hook->apply_filters('', Array)
#2 /wordpress/wp-includes/plugin.php(517): WP_Hook->do_action(Array)
#3 /wordpress/wp-admin/includes/plugin.php(703): do_action('activate_buddyd...', false)
#4 /internal/eval.php(20): activate_plugin('buddydrives3/bu...')
#5 {main}
  thrown in /wordpress/wp-content/plugins/buddydrives3/includes/buddydrive-functions.php on line 234
[13-May-2025 19:31:02 UTC] PHP Fatal error:  Uncaught Error: Call to undefined function bp_core_get_directory_page_ids() in /wordpress/wp-content/plugins/buddydrives3/includes/buddydrive-functions.php:234
Stack trace:
#0 /wordpress/wp-includes/class-wp-hook.php(324): buddydrive_activation(false)
#1 /wordpress/wp-includes/class-wp-hook.php(348): WP_Hook->apply_filters('', Array)
#2 /wordpress/wp-includes/plugin.php(517): WP_Hook->do_action(Array)
#3 /wordpress/wp-admin/includes/plugin.php(703): do_action('activate_buddyd...', false)
#4 /internal/eval.php(20): activate_plugin('buddydrives3/bu...')
#5 {main}
  thrown in /wordpress/wp-content/plugins/buddydrives3/includes/buddydrive-functions.php on line 234
[13-May-2025 19:31:11 UTC] PHP Fatal error:  Uncaught Error: Call to undefined function bp_core_get_directory_page_ids() in /wordpress/wp-content/plugins/buddydrives3/includes/buddydrive-functions.php:234
Stack trace:
#0 /wordpress/wp-includes/class-wp-hook.php(324): buddydrive_activation(false)
#1 /wordpress/wp-includes/class-wp-hook.php(348): WP_Hook->apply_filters('', Array)
#2 /wordpress/wp-includes/plugin.php(517): WP_Hook->do_action(Array)
#3 /wordpress/wp-admin/includes/plugin.php(703): do_action('activate_buddyd...', false)
#4 /internal/eval.php(20): activate_plugin('buddydrives3/bu...')
#5 {main}
  thrown in /wordpress/wp-content/plugins/buddydrives3/includes/buddydrive-functions.php on line 234
[13-May-2025 19:32:34 UTC] PHP Fatal error:  Uncaught ArgumentCountError: Too few arguments to function WP_Widget::__construct(), 0 passed in /wordpress/wp-includes/class-wp-widget-factory.php on line 62 and at least 2 expected in /wordpress/wp-includes/class-wp-widget.php:163
Stack trace:
#0 /wordpress/wp-includes/class-wp-widget-factory.php(62): WP_Widget->__construct()
#1 /wordpress/wp-includes/widgets.php(123): WP_Widget_Factory->register('AeytimesRSS')
#2 /wordpress/wp-content/plugins/aeytimes-ideas-widget/aeytimes.php(114): register_widget('AeytimesRSS')
#3 /wordpress/wp-includes/class-wp-hook.php(324): register_AeytimesRSSWidget('')
#4 /wordpress/wp-includes/class-wp-hook.php(348): WP_Hook->apply_filters(NULL, Array)
#5 /wordpress/wp-includes/plugin.php(517): WP_Hook->do_action(Array)
#6 /wordpress/wp-settings.php(727): do_action('init')
#7 /wordpress/wp-config.php(102): require_once('/wordpress/wp-s...')
#8 /wordpress/wp-load.php(50): require_once('/wordpress/wp-c...')
#9 /internal/eval.php(3): require_once('/wordpress/wp-l...')
#10 {main}
  thrown in /wordpress/wp-includes/class-wp-widget.php on line 163
[13-May-2025 19:32:43 UTC] PHP Fatal error:  Uncaught ArgumentCountError: Too few arguments to function WP_Widget::__construct(), 0 passed in /wordpress/wp-includes/class-wp-widget-factory.php on line 62 and at least 2 expected in /wordpress/wp-includes/class-wp-widget.php:163
Stack trace:
#0 /wordpress/wp-includes/class-wp-widget-factory.php(62): WP_Widget->__construct()
#1 /wordpress/wp-includes/widgets.php(123): WP_Widget_Factory->register('AeytimesRSS')
#2 /wordpress/wp-content/plugins/aeytimes-ideas-widget/aeytimes.php(114): register_widget('AeytimesRSS')
#3 /wordpress/wp-includes/class-wp-hook.php(324): register_AeytimesRSSWidget('')
#4 /wordpress/wp-includes/class-wp-hook.php(348): WP_Hook->apply_filters(NULL, Array)
#5 /wordpress/wp-includes/plugin.php(517): WP_Hook->do_action(Array)
#6 /wordpress/wp-settings.php(727): do_action('init')
#7 /wordpress/wp-config.php(102): require_once('/wordpress/wp-s...')
#8 /wordpress/wp-load.php(50): require_once('/wordpress/wp-c...')
#9 /internal/eval.php(3): require_once('/wordpress/wp-l...')
#10 {main}
  thrown in /wordpress/wp-includes/class-wp-widget.php on line 163
[13-May-2025 19:32:51 UTC] PHP Fatal error:  Uncaught ArgumentCountError: Too few arguments to function WP_Widget::__construct(), 0 passed in /wordpress/wp-includes/class-wp-widget-factory.php on line 62 and at least 2 expected in /wordpress/wp-includes/class-wp-widget.php:163
Stack trace:
#0 /wordpress/wp-includes/class-wp-widget-factory.php(62): WP_Widget->__construct()
#1 /wordpress/wp-includes/widgets.php(123): WP_Widget_Factory->register('AeytimesRSS')
#2 /wordpress/wp-content/plugins/aeytimes-ideas-widget/aeytimes.php(114): register_widget('AeytimesRSS')
#3 /wordpress/wp-includes/class-wp-hook.php(324): register_AeytimesRSSWidget('')
#4 /wordpress/wp-includes/class-wp-hook.php(348): WP_Hook->apply_filters(NULL, Array)
#5 /wordpress/wp-includes/plugin.php(517): WP_Hook->do_action(Array)
#6 /wordpress/wp-settings.php(727): do_action('init')
#7 /wordpress/wp-config.php(102): require_once('/wordpress/wp-s...')
#8 /wordpress/wp-load.php(50): require_once('/wordpress/wp-c...')
#9 /internal/eval.php(3): require_once('/wordpress/wp-l...')
#10 {main}
  thrown in /wordpress/wp-includes/class-wp-widget.php on line 163
[13-May-2025 19:33:01 UTC] PHP Warning:  file_get_contents(http://...@localhost.com): Failed to open stream: HTTP request failed! in /wordpress/wp-content/plugins/affiliateimporterbg/src/Dnolbon/AffiliateImporter/AffiliateImporterAbstract.php on line 548
[13-May-2025 19:33:02 UTC] PHP Warning:  Private methods cannot be final as they are never overridden by other classes in /wordpress/wp-content/plugins/affiliateimporterbg/src/Dnolbon/AffiliateImporter/Configurator/ConfiguratorAbstract.php on line 21
[13-May-2025 19:33:12 UTC] PHP Warning:  file_get_contents(http://...@localhost.com): Failed to open stream: HTTP request failed! in /wordpress/wp-content/plugins/affiliateimporterbg/src/Dnolbon/AffiliateImporter/AffiliateImporterAbstract.php on line 548
[13-May-2025 19:33:13 UTC] PHP Warning:  Private methods cannot be final as they are never overridden by other classes in /wordpress/wp-content/plugins/affiliateimporterbg/src/Dnolbon/AffiliateImporter/Configurator/ConfiguratorAbstract.php on line 21
[13-May-2025 19:33:25 UTC] PHP Warning:  file_get_contents(http://...@localhost.com): Failed to open stream: HTTP request failed! in /wordpress/wp-content/plugins/affiliateimporterbg/src/Dnolbon/AffiliateImporter/AffiliateImporterAbstract.php on line 548
[13-May-2025 19:33:25 UTC] PHP Warning:  Private methods cannot be final as they are never overridden by other classes in /wordpress/wp-content/plugins/affiliateimporterbg/src/Dnolbon/AffiliateImporter/Configurator/ConfiguratorAbstract.php on line 21
[13-May-2025 19:34:54 UTC] PHP Notice:  Function _load_textdomain_just_in_time was called <strong>incorrectly</strong>. Translation loading for the <code>twentytwentyfive</code> domain was triggered too early. This is usually an indicator for some code in the plugin or theme running too early. Translations should be loaded at the <code>init</code> action or later. Please see <a href="https://developer.wordpress.org/advanced-administration/debug/debug-wordpress/">Debugging in WordPress</a> for more information. (This message was added in version 6.7.0.) in /wordpress/wp-includes/functions.php on line 6121
[13-May-2025 19:35:03 UTC] PHP Notice:  Function _load_textdomain_just_in_time was called <strong>incorrectly</strong>. Translation loading for the <code>twentytwentyfive</code> domain was triggered too early. This is usually an indicator for some code in the plugin or theme running too early. Translations should be loaded at the <code>init</code> action or later. Please see <a href="https://developer.wordpress.org/advanced-administration/debug/debug-wordpress/">Debugging in WordPress</a> for more information. (This message was added in version 6.7.0.) in /wordpress/wp-includes/functions.php on line 6121
[13-May-2025 19:35:12 UTC] PHP Notice:  Function _load_textdomain_just_in_time was called <strong>incorrectly</strong>. Translation loading for the <code>twentytwentyfive</code> domain was triggered too early. This is usually an indicator for some code in the plugin or theme running too early. Translations should be loaded at the <code>init</code> action or later. Please see <a href="https://developer.wordpress.org/advanced-administration/debug/debug-wordpress/">Debugging in WordPress</a> for more information. (This message was added in version 6.7.0.) in /wordpress/wp-includes/functions.php on line 6121
[13-May-2025 19:35:21 UTC] PHP Deprecated:  Required parameter $haystack follows optional parameter $needle in /wordpress/wp-content/plugins/atlas-discuss-quote-form/modules/text.php on line 289
[13-May-2025 19:35:22 UTC] PHP Deprecated:  Required parameter $haystack follows optional parameter $needle in /wordpress/wp-content/plugins/atlas-discuss-quote-form/modules/text.php on line 289
[13-May-2025 19:35:30 UTC] PHP Deprecated:  Required parameter $haystack follows optional parameter $needle in /wordpress/wp-content/plugins/atlas-discuss-quote-form/modules/text.php on line 289
[13-May-2025 19:35:31 UTC] PHP Deprecated:  Required parameter $haystack follows optional parameter $needle in /wordpress/wp-content/plugins/atlas-discuss-quote-form/modules/text.php on line 289
[13-May-2025 19:35:39 UTC] PHP Deprecated:  Required parameter $haystack follows optional parameter $needle in /wordpress/wp-content/plugins/atlas-discuss-quote-form/modules/text.php on line 289
[13-May-2025 19:35:40 UTC] PHP Deprecated:  Required parameter $haystack follows optional parameter $needle in /wordpress/wp-content/plugins/atlas-discuss-quote-form/modules/text.php on line 289
[13-May-2025 19:35:49 UTC] PHP Fatal error:  Uncaught Error: Undefined constant "ATTACHMENTS_LIST_VERSION" in /wordpress/wp-content/plugins/attachments-list/attachments-list.php:16
Stack trace:
#0 /wordpress/wp-admin/includes/plugin.php(2387): include_once()
#1 /wordpress/wp-admin/includes/plugin.php(673): plugin_sandbox_scrape('attachments-lis...')
#2 /internal/eval.php(20): activate_plugin('attachments-lis...')
#3 {main}
  thrown in /wordpress/wp-content/plugins/attachments-list/attachments-list.php on line 16
[13-May-2025 19:35:57 UTC] PHP Fatal error:  Uncaught Error: Undefined constant "ATTACHMENTS_LIST_VERSION" in /wordpress/wp-content/plugins/attachments-list/attachments-list.php:16
Stack trace:
#0 /wordpress/wp-admin/includes/plugin.php(2387): include_once()
#1 /wordpress/wp-admin/includes/plugin.php(673): plugin_sandbox_scrape('attachments-lis...')
#2 /internal/eval.php(20): activate_plugin('attachments-lis...')
#3 {main}
  thrown in /wordpress/wp-content/plugins/attachments-list/attachments-list.php on line 16
[13-May-2025 19:36:04 UTC] PHP Fatal error:  Uncaught Error: Undefined constant "ATTACHMENTS_LIST_VERSION" in /wordpress/wp-content/plugins/attachments-list/attachments-list.php:16
Stack trace:
#0 /wordpress/wp-admin/includes/plugin.php(2387): include_once()
#1 /wordpress/wp-admin/includes/plugin.php(673): plugin_sandbox_scrape('attachments-lis...')
#2 /internal/eval.php(20): activate_plugin('attachments-lis...')
#3 {main}
  thrown in /wordpress/wp-content/plugins/attachments-list/attachments-list.php on line 16

    at Object.onBind (file:///home/runner/work/playground-tester/playground-tester/node_modules/@wp-playground/cli/index.js:237:15)
    at process.processTicksAndRejections (node:internal/process/task_queues:105:5)
    at async V (file:///home/runner/work/playground-tester/playground-tester/node_modules/@wp-playground/cli/index.js:64:10)
    at async ja (file:///home/runner/work/playground-tester/playground-tester/node_modules/@wp-playground/cli/cli.js:8161:12) {
  [cause]: Error: Error when executing the blueprint step #1 ({"step":"installPlugin","pluginData":{"resource":"wordpress.org/plugins","slug":"auglio-try-on-mirror"},"options":{"activate":true}}) : Plugin /wordpress/wp-content/plugins/auglio-try-on-mirror could not be activated – WordPress exited with no error. Sometimes, when $_SERVER or site options are not configured correctly, WordPress exits early with a 301 redirect. Inspect the "debug" logs in the console for more details.
      at Object.run (file:///home/runner/work/playground-tester/playground-tester/node_modules/@wp-playground/blueprints/index.js:12449:19)
      at process.processTicksAndRejections (node:internal/process/task_queues:105:5)
      at async ms (file:///home/runner/work/playground-tester/playground-tester/node_modules/@wp-playground/blueprints/index.js:12552:3)
      ... 2 lines matching cause stack trace ...
      at async ja (file:///home/runner/work/playground-tester/playground-tester/node_modules/@wp-playground/cli/cli.js:8161:12) {
    [cause]: Error: Plugin /wordpress/wp-content/plugins/auglio-try-on-mirror could not be activated – WordPress exited with no error. Sometimes, when $_SERVER or site options are not configured correctly, WordPress exits early with a 301 redirect. Inspect the "debug" logs in the console for more details.
        at wr (file:///home/runner/work/playground-tester/playground-tester/node_modules/@wp-playground/blueprints/index.js:119:51)
        at process.processTicksAndRejections (node:internal/process/task_queues:105:5)
        at async Object.gt [as installPlugin] (file:///home/runner/work/playground-tester/playground-tester/node_modules/@wp-playground/blueprints/index.js:974:42)
        at async g (file:///home/runner/work/playground-tester/playground-tester/node_modules/@wp-playground/blueprints/index.js:12517:30)
        at async Object.run (file:///home/runner/work/playground-tester/playground-tester/node_modules/@wp-playground/blueprints/index.js:12446:23)
        at async ms (file:///home/runner/work/playground-tester/playground-tester/node_modules/@wp-playground/blueprints/index.js:12552:3)
        at async Object.onBind (file:///home/runner/work/playground-tester/playground-tester/node_modules/@wp-playground/cli/index.js:227:48)
        at async V (file:///home/runner/work/playground-tester/playground-tester/node_modules/@wp-playground/cli/index.js:64:10)
        at async ja (file:///home/runner/work/playground-tester/playground-tester/node_modules/@wp-playground/cli/cli.js:8161:12)
  }
}

Node.js v23.11.0
