file:///home/runner/work/playground-tester/playground-tester/node_modules/@wp-playground/cli/run-cli-j-geJYS3.js:325
        throw new Error($, { cause: h });
              ^

Error: [01-Jul-2025 07:01:15 UTC] PHP Fatal error:  Uncaught ArgumentCountError: Too few arguments to function WP_Widget::__construct(), 0 passed in /wordpress/wp-includes/class-wp-widget-factory.php on line 62 and at least 2 expected in /wordpress/wp-includes/class-wp-widget.php:163
Stack trace:
#0 /wordpress/wp-includes/class-wp-widget-factory.php(62): WP_Widget->__construct()
#1 /wordpress/wp-includes/widgets.php(123): WP_Widget_Factory->register('fr_Social_media')
#2 /wordpress/wp-content/plugins/social-media-in-the-sidebar/social_media_widget.php(241): register_widget('fr_Social_media')
#3 /wordpress/wp-includes/class-wp-hook.php(324): fr_Social_media('')
#4 /wordpress/wp-includes/class-wp-hook.php(348): WP_Hook->apply_filters(NULL, Array)
#5 /wordpress/wp-includes/plugin.php(517): WP_Hook->do_action(Array)
#6 /wordpress/wp-includes/widgets.php(1870): do_action('widgets_init')
#7 /wordpress/wp-includes/class-wp-hook.php(324): wp_widgets_init('')
#8 /wordpress/wp-includes/class-wp-hook.php(348): WP_Hook->apply_filters(NULL, Array)
#9 /wordpress/wp-includes/plugin.php(517): WP_Hook->do_action(Array)
#10 /wordpress/wp-settings.php(727): do_action('init')
#11 /wordpress/wp-config.php(102): require_once('/wordpress/wp-s...')
#12 /wordpress/wp-load.php(50): require_once('/wordpress/wp-c...')
#13 /internal/eval.php(3): require_once('/wordpress/wp-l...')
#14 {main}
  thrown in /wordpress/wp-includes/class-wp-widget.php on line 163
[01-Jul-2025 07:01:25 UTC] PHP Fatal error:  Uncaught ArgumentCountError: Too few arguments to function WP_Widget::__construct(), 0 passed in /wordpress/wp-includes/class-wp-widget-factory.php on line 62 and at least 2 expected in /wordpress/wp-includes/class-wp-widget.php:163
Stack trace:
#0 /wordpress/wp-includes/class-wp-widget-factory.php(62): WP_Widget->__construct()
#1 /wordpress/wp-includes/widgets.php(123): WP_Widget_Factory->register('fr_Social_media')
#2 /wordpress/wp-content/plugins/social-media-in-the-sidebar/social_media_widget.php(241): register_widget('fr_Social_media')
#3 /wordpress/wp-includes/class-wp-hook.php(324): fr_Social_media('')
#4 /wordpress/wp-includes/class-wp-hook.php(348): WP_Hook->apply_filters(NULL, Array)
#5 /wordpress/wp-includes/plugin.php(517): WP_Hook->do_action(Array)
#6 /wordpress/wp-includes/widgets.php(1870): do_action('widgets_init')
#7 /wordpress/wp-includes/class-wp-hook.php(324): wp_widgets_init('')
#8 /wordpress/wp-includes/class-wp-hook.php(348): WP_Hook->apply_filters(NULL, Array)
#9 /wordpress/wp-includes/plugin.php(517): WP_Hook->do_action(Array)
#10 /wordpress/wp-settings.php(727): do_action('init')
#11 /wordpress/wp-config.php(102): require_once('/wordpress/wp-s...')
#12 /wordpress/wp-load.php(50): require_once('/wordpress/wp-c...')
#13 /internal/eval.php(3): require_once('/wordpress/wp-l...')
#14 {main}
  thrown in /wordpress/wp-includes/class-wp-widget.php on line 163
[01-Jul-2025 07:01:33 UTC] PHP Fatal error:  Uncaught ArgumentCountError: Too few arguments to function WP_Widget::__construct(), 0 passed in /wordpress/wp-includes/class-wp-widget-factory.php on line 62 and at least 2 expected in /wordpress/wp-includes/class-wp-widget.php:163
Stack trace:
#0 /wordpress/wp-includes/class-wp-widget-factory.php(62): WP_Widget->__construct()
#1 /wordpress/wp-includes/widgets.php(123): WP_Widget_Factory->register('fr_Social_media')
#2 /wordpress/wp-content/plugins/social-media-in-the-sidebar/social_media_widget.php(241): register_widget('fr_Social_media')
#3 /wordpress/wp-includes/class-wp-hook.php(324): fr_Social_media('')
#4 /wordpress/wp-includes/class-wp-hook.php(348): WP_Hook->apply_filters(NULL, Array)
#5 /wordpress/wp-includes/plugin.php(517): WP_Hook->do_action(Array)
#6 /wordpress/wp-includes/widgets.php(1870): do_action('widgets_init')
#7 /wordpress/wp-includes/class-wp-hook.php(324): wp_widgets_init('')
#8 /wordpress/wp-includes/class-wp-hook.php(348): WP_Hook->apply_filters(NULL, Array)
#9 /wordpress/wp-includes/plugin.php(517): WP_Hook->do_action(Array)
#10 /wordpress/wp-settings.php(727): do_action('init')
#11 /wordpress/wp-config.php(102): require_once('/wordpress/wp-s...')
#12 /wordpress/wp-load.php(50): require_once('/wordpress/wp-c...')
#13 /internal/eval.php(3): require_once('/wordpress/wp-l...')
#14 {main}
  thrown in /wordpress/wp-includes/class-wp-widget.php on line 163
[01-Jul-2025 07:01:43 UTC] PHP Deprecated:  Required parameter $post follows optional parameter $field in /wordpress/wp-content/plugins/social-network-chat/includes/lib/class-wb-social-media-chat-admin-api.php on line 282
[01-Jul-2025 07:01:44 UTC] PHP Deprecated:  Required parameter $post follows optional parameter $field in /wordpress/wp-content/plugins/social-network-chat/includes/lib/class-wb-social-media-chat-admin-api.php on line 282
[01-Jul-2025 07:01:53 UTC] PHP Deprecated:  Required parameter $post follows optional parameter $field in /wordpress/wp-content/plugins/social-network-chat/includes/lib/class-wb-social-media-chat-admin-api.php on line 282
[01-Jul-2025 07:01:54 UTC] PHP Deprecated:  Required parameter $post follows optional parameter $field in /wordpress/wp-content/plugins/social-network-chat/includes/lib/class-wb-social-media-chat-admin-api.php on line 282
[01-Jul-2025 07:02:02 UTC] PHP Deprecated:  Required parameter $post follows optional parameter $field in /wordpress/wp-content/plugins/social-network-chat/includes/lib/class-wb-social-media-chat-admin-api.php on line 282
[01-Jul-2025 07:02:02 UTC] PHP Deprecated:  Required parameter $post follows optional parameter $field in /wordpress/wp-content/plugins/social-network-chat/includes/lib/class-wb-social-media-chat-admin-api.php on line 282
[01-Jul-2025 07:06:07 UTC] PHP Deprecated:  Required parameter $slug follows optional parameter $level in /wordpress/wp-content/plugins/sidebar-support/admin/sidebar-builder-class.php on line 1034
[01-Jul-2025 07:06:07 UTC] PHP Deprecated:  Required parameter $sortable_list follows optional parameter $level in /wordpress/wp-content/plugins/sidebar-support/includes/display-list/display-list-class.php on line 134
[01-Jul-2025 07:06:07 UTC] PHP Deprecated:  Required parameter $sortable_ul_classes follows optional parameter $sortable_list in /wordpress/wp-content/plugins/sidebar-support/includes/display-list/display-list-class.php on line 171
[01-Jul-2025 07:06:07 UTC] PHP Deprecated:  Required parameter $token_url follows optional parameter $client_id in /wordpress/wp-content/plugins/sidebar-support/includes/feeds/oauth2.php on line 31
[01-Jul-2025 07:06:08 UTC] PHP Deprecated:  Required parameter $slug follows optional parameter $level in /wordpress/wp-content/plugins/sidebar-support/admin/sidebar-builder-class.php on line 1034
[01-Jul-2025 07:06:08 UTC] PHP Deprecated:  Required parameter $sortable_list follows optional parameter $level in /wordpress/wp-content/plugins/sidebar-support/includes/display-list/display-list-class.php on line 134
[01-Jul-2025 07:06:08 UTC] PHP Deprecated:  Required parameter $sortable_ul_classes follows optional parameter $sortable_list in /wordpress/wp-content/plugins/sidebar-support/includes/display-list/display-list-class.php on line 171
[01-Jul-2025 07:06:08 UTC] PHP Deprecated:  Required parameter $token_url follows optional parameter $client_id in /wordpress/wp-content/plugins/sidebar-support/includes/feeds/oauth2.php on line 31
[01-Jul-2025 07:06:16 UTC] PHP Deprecated:  Required parameter $slug follows optional parameter $level in /wordpress/wp-content/plugins/sidebar-support/admin/sidebar-builder-class.php on line 1034
[01-Jul-2025 07:06:16 UTC] PHP Deprecated:  Required parameter $sortable_list follows optional parameter $level in /wordpress/wp-content/plugins/sidebar-support/includes/display-list/display-list-class.php on line 134
[01-Jul-2025 07:06:16 UTC] PHP Deprecated:  Required parameter $sortable_ul_classes follows optional parameter $sortable_list in /wordpress/wp-content/plugins/sidebar-support/includes/display-list/display-list-class.php on line 171
[01-Jul-2025 07:06:16 UTC] PHP Deprecated:  Required parameter $token_url follows optional parameter $client_id in /wordpress/wp-content/plugins/sidebar-support/includes/feeds/oauth2.php on line 31
[01-Jul-2025 07:06:17 UTC] PHP Deprecated:  Required parameter $slug follows optional parameter $level in /wordpress/wp-content/plugins/sidebar-support/admin/sidebar-builder-class.php on line 1034
[01-Jul-2025 07:06:17 UTC] PHP Deprecated:  Required parameter $sortable_list follows optional parameter $level in /wordpress/wp-content/plugins/sidebar-support/includes/display-list/display-list-class.php on line 134
[01-Jul-2025 07:06:17 UTC] PHP Deprecated:  Required parameter $sortable_ul_classes follows optional parameter $sortable_list in /wordpress/wp-content/plugins/sidebar-support/includes/display-list/display-list-class.php on line 171
[01-Jul-2025 07:06:17 UTC] PHP Deprecated:  Required parameter $token_url follows optional parameter $client_id in /wordpress/wp-content/plugins/sidebar-support/includes/feeds/oauth2.php on line 31
[01-Jul-2025 07:06:26 UTC] PHP Deprecated:  Required parameter $slug follows optional parameter $level in /wordpress/wp-content/plugins/sidebar-support/admin/sidebar-builder-class.php on line 1034
[01-Jul-2025 07:06:26 UTC] PHP Deprecated:  Required parameter $sortable_list follows optional parameter $level in /wordpress/wp-content/plugins/sidebar-support/includes/display-list/display-list-class.php on line 134
[01-Jul-2025 07:06:26 UTC] PHP Deprecated:  Required parameter $sortable_ul_classes follows optional parameter $sortable_list in /wordpress/wp-content/plugins/sidebar-support/includes/display-list/display-list-class.php on line 171
[01-Jul-2025 07:06:26 UTC] PHP Deprecated:  Required parameter $token_url follows optional parameter $client_id in /wordpress/wp-content/plugins/sidebar-support/includes/feeds/oauth2.php on line 31
[01-Jul-2025 07:06:27 UTC] PHP Deprecated:  Required parameter $slug follows optional parameter $level in /wordpress/wp-content/plugins/sidebar-support/admin/sidebar-builder-class.php on line 1034
[01-Jul-2025 07:06:27 UTC] PHP Deprecated:  Required parameter $sortable_list follows optional parameter $level in /wordpress/wp-content/plugins/sidebar-support/includes/display-list/display-list-class.php on line 134
[01-Jul-2025 07:06:27 UTC] PHP Deprecated:  Required parameter $sortable_ul_classes follows optional parameter $sortable_list in /wordpress/wp-content/plugins/sidebar-support/includes/display-list/display-list-class.php on line 171
[01-Jul-2025 07:06:27 UTC] PHP Deprecated:  Required parameter $token_url follows optional parameter $client_id in /wordpress/wp-content/plugins/sidebar-support/includes/feeds/oauth2.php on line 31
[01-Jul-2025 07:07:29 UTC] PHP Fatal error:  Uncaught Error: Undefined constant "UNIQUE" in /wordpress/wp-content/plugins/simple-admin-menu-editor/simple-admin-menu-editor.php:12
Stack trace:
#0 /wordpress/wp-admin/includes/plugin.php(2387): include_once()
#1 /wordpress/wp-admin/includes/plugin.php(673): plugin_sandbox_scrape('simple-admin-me...')
#2 /internal/eval.php(20): activate_plugin('simple-admin-me...')
#3 {main}
  thrown in /wordpress/wp-content/plugins/simple-admin-menu-editor/simple-admin-menu-editor.php on line 12
[01-Jul-2025 07:07:36 UTC] PHP Fatal error:  Uncaught Error: Undefined constant "UNIQUE" in /wordpress/wp-content/plugins/simple-admin-menu-editor/simple-admin-menu-editor.php:12
Stack trace:
#0 /wordpress/wp-admin/includes/plugin.php(2387): include_once()
#1 /wordpress/wp-admin/includes/plugin.php(673): plugin_sandbox_scrape('simple-admin-me...')
#2 /internal/eval.php(20): activate_plugin('simple-admin-me...')
#3 {main}
  thrown in /wordpress/wp-content/plugins/simple-admin-menu-editor/simple-admin-menu-editor.php on line 12
[01-Jul-2025 07:07:43 UTC] PHP Fatal error:  Uncaught Error: Undefined constant "UNIQUE" in /wordpress/wp-content/plugins/simple-admin-menu-editor/simple-admin-menu-editor.php:12
Stack trace:
#0 /wordpress/wp-admin/includes/plugin.php(2387): include_once()
#1 /wordpress/wp-admin/includes/plugin.php(673): plugin_sandbox_scrape('simple-admin-me...')
#2 /internal/eval.php(20): activate_plugin('simple-admin-me...')
#3 {main}
  thrown in /wordpress/wp-content/plugins/simple-admin-menu-editor/simple-admin-menu-editor.php on line 12
[01-Jul-2025 07:08:20 UTC] PHP Warning:  mail(): Could not execute mail delivery program '/usr/sbin/sendmail -t -i' in /wordpress/wp-content/plugins/social-sharing/easy-social-sharing.php on line 38
[01-Jul-2025 07:08:28 UTC] PHP Warning:  mail(): Could not execute mail delivery program '/usr/sbin/sendmail -t -i' in /wordpress/wp-content/plugins/social-sharing/easy-social-sharing.php on line 38
[01-Jul-2025 07:08:37 UTC] PHP Warning:  mail(): Could not execute mail delivery program '/usr/sbin/sendmail -t -i' in /wordpress/wp-content/plugins/social-sharing/easy-social-sharing.php on line 38
[01-Jul-2025 07:09:44 UTC] PHP Warning:  Private methods cannot be final as they are never overridden by other classes in /wordpress/wp-content/plugins/skroutzgr-xml-feed-for-woocommerce/core/classes/xd-v141226-dev/framework.php on line 2104
[01-Jul-2025 07:09:44 UTC] PHP Warning:  Private methods cannot be final as they are never overridden by other classes in /wordpress/wp-content/plugins/skroutzgr-xml-feed-for-woocommerce/core/classes/xd-v141226-dev/framework.php on line 2142
[01-Jul-2025 07:09:44 UTC] PHP Warning:  Private methods cannot be final as they are never overridden by other classes in /wordpress/wp-content/plugins/skroutzgr-xml-feed-for-woocommerce/core/classes/xd-v141226-dev/framework.php on line 2176
[01-Jul-2025 07:09:44 UTC] PHP Deprecated:  Function like_escape is <strong>deprecated</strong> since version 4.0.0! Use wpdb::esc_like() instead. in /wordpress/wp-includes/functions.php on line 6121
[01-Jul-2025 07:09:46 UTC] PHP Warning:  Private methods cannot be final as they are never overridden by other classes in /wordpress/wp-content/plugins/skroutzgr-xml-feed-for-woocommerce/core/classes/xd-v141226-dev/framework.php on line 2104
[01-Jul-2025 07:09:46 UTC] PHP Warning:  Private methods cannot be final as they are never overridden by other classes in /wordpress/wp-content/plugins/skroutzgr-xml-feed-for-woocommerce/core/classes/xd-v141226-dev/framework.php on line 2142
[01-Jul-2025 07:09:46 UTC] PHP Warning:  Private methods cannot be final as they are never overridden by other classes in /wordpress/wp-content/plugins/skroutzgr-xml-feed-for-woocommerce/core/classes/xd-v141226-dev/framework.php on line 2176
[01-Jul-2025 07:09:46 UTC] PHP Fatal error:  Uncaught TypeError: xd_v141226_dev\exception_handler::handle(): Argument #1 ($exception) must be of type exception, ArgumentCountError given in /wordpress/wp-content/plugins/skroutzgr-xml-feed-for-woocommerce/core/classes/xd-v141226-dev/exception-handler.php:152
Stack trace:
#0 [internal function]: xd_v141226_dev\exception_handler::handle(Object(ArgumentCountError))
#1 {main}
  thrown in /wordpress/wp-content/plugins/skroutzgr-xml-feed-for-woocommerce/core/classes/xd-v141226-dev/exception-handler.php on line 152
[01-Jul-2025 07:09:54 UTC] PHP Warning:  Private methods cannot be final as they are never overridden by other classes in /wordpress/wp-content/plugins/skroutzgr-xml-feed-for-woocommerce/core/classes/xd-v141226-dev/framework.php on line 2104
[01-Jul-2025 07:09:54 UTC] PHP Warning:  Private methods cannot be final as they are never overridden by other classes in /wordpress/wp-content/plugins/skroutzgr-xml-feed-for-woocommerce/core/classes/xd-v141226-dev/framework.php on line 2142
[01-Jul-2025 07:09:54 UTC] PHP Warning:  Private methods cannot be final as they are never overridden by other classes in /wordpress/wp-content/plugins/skroutzgr-xml-feed-for-woocommerce/core/classes/xd-v141226-dev/framework.php on line 2176
[01-Jul-2025 07:09:54 UTC] PHP Deprecated:  Function like_escape is <strong>deprecated</strong> since version 4.0.0! Use wpdb::esc_like() instead. in /wordpress/wp-includes/functions.php on line 6121
[01-Jul-2025 07:09:56 UTC] PHP Warning:  Private methods cannot be final as they are never overridden by other classes in /wordpress/wp-content/plugins/skroutzgr-xml-feed-for-woocommerce/core/classes/xd-v141226-dev/framework.php on line 2104
[01-Jul-2025 07:09:56 UTC] PHP Warning:  Private methods cannot be final as they are never overridden by other classes in /wordpress/wp-content/plugins/skroutzgr-xml-feed-for-woocommerce/core/classes/xd-v141226-dev/framework.php on line 2142
[01-Jul-2025 07:09:56 UTC] PHP Warning:  Private methods cannot be final as they are never overridden by other classes in /wordpress/wp-content/plugins/skroutzgr-xml-feed-for-woocommerce/core/classes/xd-v141226-dev/framework.php on line 2176
[01-Jul-2025 07:09:56 UTC] PHP Fatal error:  Uncaught TypeError: xd_v141226_dev\exception_handler::handle(): Argument #1 ($exception) must be of type exception, ArgumentCountError given in /wordpress/wp-content/plugins/skroutzgr-xml-feed-for-woocommerce/core/classes/xd-v141226-dev/exception-handler.php:152
Stack trace:
#0 [internal function]: xd_v141226_dev\exception_handler::handle(Object(ArgumentCountError))
#1 {main}
  thrown in /wordpress/wp-content/plugins/skroutzgr-xml-feed-for-woocommerce/core/classes/xd-v141226-dev/exception-handler.php on line 152
[01-Jul-2025 07:10:05 UTC] PHP Warning:  Private methods cannot be final as they are never overridden by other classes in /wordpress/wp-content/plugins/skroutzgr-xml-feed-for-woocommerce/core/classes/xd-v141226-dev/framework.php on line 2104
[01-Jul-2025 07:10:05 UTC] PHP Warning:  Private methods cannot be final as they are never overridden by other classes in /wordpress/wp-content/plugins/skroutzgr-xml-feed-for-woocommerce/core/classes/xd-v141226-dev/framework.php on line 2142
[01-Jul-2025 07:10:05 UTC] PHP Warning:  Private methods cannot be final as they are never overridden by other classes in /wordpress/wp-content/plugins/skroutzgr-xml-feed-for-woocommerce/core/classes/xd-v141226-dev/framework.php on line 2176
[01-Jul-2025 07:10:06 UTC] PHP Deprecated:  Function like_escape is <strong>deprecated</strong> since version 4.0.0! Use wpdb::esc_like() instead. in /wordpress/wp-includes/functions.php on line 6121
[01-Jul-2025 07:10:06 UTC] PHP Warning:  Private methods cannot be final as they are never overridden by other classes in /wordpress/wp-content/plugins/skroutzgr-xml-feed-for-woocommerce/core/classes/xd-v141226-dev/framework.php on line 2104
[01-Jul-2025 07:10:06 UTC] PHP Warning:  Private methods cannot be final as they are never overridden by other classes in /wordpress/wp-content/plugins/skroutzgr-xml-feed-for-woocommerce/core/classes/xd-v141226-dev/framework.php on line 2142
[01-Jul-2025 07:10:06 UTC] PHP Warning:  Private methods cannot be final as they are never overridden by other classes in /wordpress/wp-content/plugins/skroutzgr-xml-feed-for-woocommerce/core/classes/xd-v141226-dev/framework.php on line 2176
[01-Jul-2025 07:10:06 UTC] PHP Fatal error:  Uncaught TypeError: xd_v141226_dev\exception_handler::handle(): Argument #1 ($exception) must be of type exception, ArgumentCountError given in /wordpress/wp-content/plugins/skroutzgr-xml-feed-for-woocommerce/core/classes/xd-v141226-dev/exception-handler.php:152
Stack trace:
#0 [internal function]: xd_v141226_dev\exception_handler::handle(Object(ArgumentCountError))
#1 {main}
  thrown in /wordpress/wp-content/plugins/skroutzgr-xml-feed-for-woocommerce/core/classes/xd-v141226-dev/exception-handler.php on line 152

    at Object.onBind (file:///home/runner/work/playground-tester/playground-tester/node_modules/@wp-playground/cli/run-cli-j-geJYS3.js:325:15)
    at process.processTicksAndRejections (node:internal/process/task_queues:105:5)
    at async re (file:///home/runner/work/playground-tester/playground-tester/node_modules/@wp-playground/cli/run-cli-j-geJYS3.js:149:10) {
  [cause]: Error: Error when executing the blueprint step #5 ({"step":"installPlugin","pluginData":{"resource":"wordpress.org/plugins","slug":"socialtopsharing"},"options":{"activate":true}}) : Could not download "https://downloads.wordpress.org/plugin/socialtopsharing.latest-stable.zip".
  				Check if the URL is correct and the server is reachable.
  				If it is reachable, the server might be blocking the request.
  				Check the browser console and network tabs for more information.
  
  				## Does the console show the error "No 'Access-Control-Allow-Origin' header"?
  
  				This means the server that hosts your file does not allow requests from other sites
  				(cross-origin requests, or CORS).	You need to move the asset to a server that allows
  				cross-origin file downloads. Learn more about CORS at
  				https://developer.mozilla.org/en-US/docs/Web/HTTP/CORS.
  
  				If your file is on GitHub, load it from "raw.githubusercontent.com".
  				Here's how to do that:
  
  				1. Start with the original GitHub URL of the file. For example:
  				https://github.com/username/repository/blob/branch/filename.
  				2. Replace "github.com" with "raw.githubusercontent.com".
  				3. Remove the "/blob/" part of the URL.
  
  				The resulting URL should look like this:
  				https://raw.githubusercontent.com/username/repository/branch/filename
  
  				Error:
  				Error: Could not download "https://downloads.wordpress.org/plugin/socialtopsharing.latest-stable.zip"
      at Object.run (file:///home/runner/work/playground-tester/playground-tester/node_modules/@wp-playground/blueprints/index.js:12093:19)
      at process.processTicksAndRejections (node:internal/process/task_queues:105:5)
      at async ys (file:///home/runner/work/playground-tester/playground-tester/node_modules/@wp-playground/blueprints/index.js:12196:3)
      at async Object.onBind (file:///home/runner/work/playground-tester/playground-tester/node_modules/@wp-playground/cli/run-cli-j-geJYS3.js:315:48)
      at async re (file:///home/runner/work/playground-tester/playground-tester/node_modules/@wp-playground/cli/run-cli-j-geJYS3.js:149:10) {
    [cause]: Error: Could not download "https://downloads.wordpress.org/plugin/socialtopsharing.latest-stable.zip".
    				Check if the URL is correct and the server is reachable.
    				If it is reachable, the server might be blocking the request.
    				Check the browser console and network tabs for more information.
    
    				## Does the console show the error "No 'Access-Control-Allow-Origin' header"?
    
    				This means the server that hosts your file does not allow requests from other sites
    				(cross-origin requests, or CORS).	You need to move the asset to a server that allows
    				cross-origin file downloads. Learn more about CORS at
    				https://developer.mozilla.org/en-US/docs/Web/HTTP/CORS.
    
    				If your file is on GitHub, load it from "raw.githubusercontent.com".
    				Here's how to do that:
    
    				1. Start with the original GitHub URL of the file. For example:
    				https://github.com/username/repository/blob/branch/filename.
    				2. Replace "github.com" with "raw.githubusercontent.com".
    				3. Remove the "/blob/" part of the URL.
    
    				The resulting URL should look like this:
    				https://raw.githubusercontent.com/username/repository/branch/filename
    
    				Error:
    				Error: Could not download "https://downloads.wordpress.org/plugin/socialtopsharing.latest-stable.zip"
        at Ct.resolve (file:///home/runner/work/playground-tester/playground-tester/node_modules/@wp-playground/blueprints/index.js:1129:13)
        at process.processTicksAndRejections (node:internal/process/task_queues:105:5)
        at async _.run (file:///home/runner/work/playground-tester/playground-tester/node_modules/@php-wasm/util/index.js:45:14)
  }
}

Node.js v23.11.0
