file:///home/runner/work/playground-tester/playground-tester/node_modules/@wp-playground/cli/index.js:237
        throw new Error(y, { cause: u });
              ^

Error: [28-Apr-2025 05:41:14 UTC] PHP Fatal error:  Uncaught Error: Call to undefined function create_function() in /wordpress/wp-content/plugins/rosetta-free/rosetta-plugin.php:192
Stack trace:
#0 /wordpress/wp-admin/includes/plugin.php(2387): include_once()
#1 /wordpress/wp-admin/includes/plugin.php(673): plugin_sandbox_scrape('rosetta-free/ro...')
#2 /internal/eval.php(20): activate_plugin('rosetta-free/ro...')
#3 {main}
  thrown in /wordpress/wp-content/plugins/rosetta-free/rosetta-plugin.php on line 192
[28-Apr-2025 05:41:21 UTC] PHP Fatal error:  Uncaught Error: Call to undefined function create_function() in /wordpress/wp-content/plugins/rosetta-free/rosetta-plugin.php:192
Stack trace:
#0 /wordpress/wp-admin/includes/plugin.php(2387): include_once()
#1 /wordpress/wp-admin/includes/plugin.php(673): plugin_sandbox_scrape('rosetta-free/ro...')
#2 /internal/eval.php(20): activate_plugin('rosetta-free/ro...')
#3 {main}
  thrown in /wordpress/wp-content/plugins/rosetta-free/rosetta-plugin.php on line 192
[28-Apr-2025 05:41:29 UTC] PHP Fatal error:  Uncaught Error: Call to undefined function create_function() in /wordpress/wp-content/plugins/rosetta-free/rosetta-plugin.php:192
Stack trace:
#0 /wordpress/wp-admin/includes/plugin.php(2387): include_once()
#1 /wordpress/wp-admin/includes/plugin.php(673): plugin_sandbox_scrape('rosetta-free/ro...')
#2 /internal/eval.php(20): activate_plugin('rosetta-free/ro...')
#3 {main}
  thrown in /wordpress/wp-content/plugins/rosetta-free/rosetta-plugin.php on line 192
[28-Apr-2025 05:41:38 UTC] PHP Warning:  Undefined array key "_wpnonce" in /wordpress/wp-content/plugins/rs-contact-email-form/rs-contact.php on line 71
[28-Apr-2025 05:41:47 UTC] PHP Warning:  Undefined array key "_wpnonce" in /wordpress/wp-content/plugins/rs-contact-email-form/rs-contact.php on line 71
[28-Apr-2025 05:41:54 UTC] PHP Warning:  Undefined array key "_wpnonce" in /wordpress/wp-content/plugins/rs-contact-email-form/rs-contact.php on line 71
[28-Apr-2025 05:42:04 UTC] PHP Deprecated:  Function get_page_by_title is <strong>deprecated</strong> since version 6.2.0! Use WP_Query instead. in /wordpress/wp-includes/functions.php on line 6121
[28-Apr-2025 05:42:14 UTC] PHP Deprecated:  Function get_page_by_title is <strong>deprecated</strong> since version 6.2.0! Use WP_Query instead. in /wordpress/wp-includes/functions.php on line 6121
[28-Apr-2025 05:42:24 UTC] PHP Deprecated:  Function get_page_by_title is <strong>deprecated</strong> since version 6.2.0! Use WP_Query instead. in /wordpress/wp-includes/functions.php on line 6121
[28-Apr-2025 05:43:29 UTC] PHP Fatal error:  Uncaught Error: Call to undefined function create_function() in /wordpress/wp-content/plugins/rosetta-free/rosetta-plugin.php:192
Stack trace:
#0 /wordpress/wp-admin/includes/plugin.php(2387): include_once()
#1 /wordpress/wp-admin/includes/plugin.php(673): plugin_sandbox_scrape('rosetta-free/ro...')
#2 /internal/eval.php(20): activate_plugin('rosetta-free/ro...')
#3 {main}
  thrown in /wordpress/wp-content/plugins/rosetta-free/rosetta-plugin.php on line 192
[28-Apr-2025 05:43:38 UTC] PHP Fatal error:  Uncaught Error: Call to undefined function create_function() in /wordpress/wp-content/plugins/rosetta-free/rosetta-plugin.php:192
Stack trace:
#0 /wordpress/wp-admin/includes/plugin.php(2387): include_once()
#1 /wordpress/wp-admin/includes/plugin.php(673): plugin_sandbox_scrape('rosetta-free/ro...')
#2 /internal/eval.php(20): activate_plugin('rosetta-free/ro...')
#3 {main}
  thrown in /wordpress/wp-content/plugins/rosetta-free/rosetta-plugin.php on line 192
[28-Apr-2025 05:43:46 UTC] PHP Fatal error:  Uncaught Error: Call to undefined function create_function() in /wordpress/wp-content/plugins/rosetta-free/rosetta-plugin.php:192
Stack trace:
#0 /wordpress/wp-admin/includes/plugin.php(2387): include_once()
#1 /wordpress/wp-admin/includes/plugin.php(673): plugin_sandbox_scrape('rosetta-free/ro...')
#2 /internal/eval.php(20): activate_plugin('rosetta-free/ro...')
#3 {main}
  thrown in /wordpress/wp-content/plugins/rosetta-free/rosetta-plugin.php on line 192

    at Object.onBind (file:///home/runner/work/playground-tester/playground-tester/node_modules/@wp-playground/cli/index.js:237:15)
    at process.processTicksAndRejections (node:internal/process/task_queues:105:5)
    at async V (file:///home/runner/work/playground-tester/playground-tester/node_modules/@wp-playground/cli/index.js:64:10)
    at async ja (file:///home/runner/work/playground-tester/playground-tester/node_modules/@wp-playground/cli/cli.js:8161:12) {
  [cause]: Error: Error when executing the blueprint step #1 ({"step":"installPlugin","pluginData":{"resource":"wordpress.org/plugins","slug":"rosetta-free"},"options":{"activate":true}}) : PHP.run() failed with exit code 255 and the following output: 
      at Object.run (file:///home/runner/work/playground-tester/playground-tester/node_modules/@wp-playground/blueprints/index.js:12449:19)
      at process.processTicksAndRejections (node:internal/process/task_queues:105:5)
      at async ms (file:///home/runner/work/playground-tester/playground-tester/node_modules/@wp-playground/blueprints/index.js:12552:3)
      ... 2 lines matching cause stack trace ...
      at async ja (file:///home/runner/work/playground-tester/playground-tester/node_modules/@wp-playground/cli/cli.js:8161:12) {
    [cause]: PHPExecutionFailureError: PHP.run() failed with exit code 255 and the following output: 
        at PHP.run (file:///home/runner/work/playground-tester/playground-tester/node_modules/@php-wasm/universal/index.js:987:19)
        at process.processTicksAndRejections (node:internal/process/task_queues:105:5)
        at async wr (file:///home/runner/work/playground-tester/playground-tester/node_modules/@wp-playground/blueprints/index.js:33:39)
        at async Object.gt [as installPlugin] (file:///home/runner/work/playground-tester/playground-tester/node_modules/@wp-playground/blueprints/index.js:974:42)
        at async g (file:///home/runner/work/playground-tester/playground-tester/node_modules/@wp-playground/blueprints/index.js:12517:30)
        at async Object.run (file:///home/runner/work/playground-tester/playground-tester/node_modules/@wp-playground/blueprints/index.js:12446:23)
        at async ms (file:///home/runner/work/playground-tester/playground-tester/node_modules/@wp-playground/blueprints/index.js:12552:3)
        at async Object.onBind (file:///home/runner/work/playground-tester/playground-tester/node_modules/@wp-playground/cli/index.js:227:48)
        at async V (file:///home/runner/work/playground-tester/playground-tester/node_modules/@wp-playground/cli/index.js:64:10)
        at async ja (file:///home/runner/work/playground-tester/playground-tester/node_modules/@wp-playground/cli/cli.js:8161:12) {
      response: PHPResponse {
        httpStatusCode: 500,
        headers: {
          'x-powered-by': [ 'PHP/8.0.30-dev' ],
          'content-type': [ 'text/html; charset=UTF-8' ]
        },
        bytes: Uint8Array(0) [],
        exitCode: 255,
        errors: ''
      },
      source: 'request'
    }
  }
}

Node.js v23.11.0
