file:///home/runner/work/playground-tester/playground-tester/node_modules/@wp-playground/cli/index.js:237
        throw new Error(y, { cause: u });
              ^

Error: [25-Apr-2025 10:51:51 UTC] PHP Fatal error:  Uncaught TypeError: count(): Argument #1 ($value) must be of type Countable|array, bool given in /wordpress/wp-content/plugins/dropdown-smu-style/DropdownLinks_Plugin.php:32
Stack trace:
#0 /wordpress/wp-content/plugins/dropdown-smu-style/DropdownLinks_LifeCycle.php(13): DropdownLinks_Plugin->initOptions()
#1 /wordpress/wp-content/plugins/dropdown-smu-style/dropdown-links_init.php(18): DropdownLinks_LifeCycle->install()
#2 /wordpress/wp-content/plugins/dropdown-smu-style/dropdown-links.php(84): DropdownLinks_init('/wordpress/wp-c...')
#3 /wordpress/wp-admin/includes/plugin.php(2387): include_once('/wordpress/wp-c...')
#4 /wordpress/wp-admin/includes/plugin.php(673): plugin_sandbox_scrape('dropdown-smu-st...')
#5 /internal/eval.php(20): activate_plugin('dropdown-smu-st...')
#6 {main}
  thrown in /wordpress/wp-content/plugins/dropdown-smu-style/DropdownLinks_Plugin.php on line 32
[25-Apr-2025 10:52:01 UTC] PHP Fatal error:  Uncaught TypeError: count(): Argument #1 ($value) must be of type Countable|array, bool given in /wordpress/wp-content/plugins/dropdown-smu-style/DropdownLinks_Plugin.php:32
Stack trace:
#0 /wordpress/wp-content/plugins/dropdown-smu-style/DropdownLinks_LifeCycle.php(13): DropdownLinks_Plugin->initOptions()
#1 /wordpress/wp-content/plugins/dropdown-smu-style/dropdown-links_init.php(18): DropdownLinks_LifeCycle->install()
#2 /wordpress/wp-content/plugins/dropdown-smu-style/dropdown-links.php(84): DropdownLinks_init('/wordpress/wp-c...')
#3 /wordpress/wp-admin/includes/plugin.php(2387): include_once('/wordpress/wp-c...')
#4 /wordpress/wp-admin/includes/plugin.php(673): plugin_sandbox_scrape('dropdown-smu-st...')
#5 /internal/eval.php(20): activate_plugin('dropdown-smu-st...')
#6 {main}
  thrown in /wordpress/wp-content/plugins/dropdown-smu-style/DropdownLinks_Plugin.php on line 32
[25-Apr-2025 10:52:12 UTC] PHP Fatal error:  Uncaught TypeError: count(): Argument #1 ($value) must be of type Countable|array, bool given in /wordpress/wp-content/plugins/dropdown-smu-style/DropdownLinks_Plugin.php:32
Stack trace:
#0 /wordpress/wp-content/plugins/dropdown-smu-style/DropdownLinks_LifeCycle.php(13): DropdownLinks_Plugin->initOptions()
#1 /wordpress/wp-content/plugins/dropdown-smu-style/dropdown-links_init.php(18): DropdownLinks_LifeCycle->install()
#2 /wordpress/wp-content/plugins/dropdown-smu-style/dropdown-links.php(84): DropdownLinks_init('/wordpress/wp-c...')
#3 /wordpress/wp-admin/includes/plugin.php(2387): include_once('/wordpress/wp-c...')
#4 /wordpress/wp-admin/includes/plugin.php(673): plugin_sandbox_scrape('dropdown-smu-st...')
#5 /internal/eval.php(20): activate_plugin('dropdown-smu-st...')
#6 {main}
  thrown in /wordpress/wp-content/plugins/dropdown-smu-style/DropdownLinks_Plugin.php on line 32
[25-Apr-2025 10:52:22 UTC] PHP Notice:  Function wp_enqueue_style was called <strong>incorrectly</strong>. Scripts and styles should not be registered or enqueued until the <code>wp_enqueue_scripts</code>, <code>admin_enqueue_scripts</code>, or <code>login_enqueue_scripts</code> hooks. This notice was triggered by the <code>daovoice_fontawesome</code> handle. Please see <a href="https://developer.wordpress.org/advanced-administration/debug/debug-wordpress/">Debugging in WordPress</a> for more information. (This message was added in version 3.3.0.) in /wordpress/wp-includes/functions.php on line 6121
[25-Apr-2025 10:52:22 UTC] PHP Notice:  Function is_feed was called <strong>incorrectly</strong>. Conditional query tags do not work before the query is run. Before then, they always return false. Please see <a href="https://developer.wordpress.org/advanced-administration/debug/debug-wordpress/">Debugging in WordPress</a> for more information. (This message was added in version 3.1.0.) in /wordpress/wp-includes/functions.php on line 6121
[25-Apr-2025 10:52:31 UTC] PHP Notice:  Function wp_enqueue_style was called <strong>incorrectly</strong>. Scripts and styles should not be registered or enqueued until the <code>wp_enqueue_scripts</code>, <code>admin_enqueue_scripts</code>, or <code>login_enqueue_scripts</code> hooks. This notice was triggered by the <code>daovoice_fontawesome</code> handle. Please see <a href="https://developer.wordpress.org/advanced-administration/debug/debug-wordpress/">Debugging in WordPress</a> for more information. (This message was added in version 3.3.0.) in /wordpress/wp-includes/functions.php on line 6121
[25-Apr-2025 10:52:31 UTC] PHP Notice:  Function is_feed was called <strong>incorrectly</strong>. Conditional query tags do not work before the query is run. Before then, they always return false. Please see <a href="https://developer.wordpress.org/advanced-administration/debug/debug-wordpress/">Debugging in WordPress</a> for more information. (This message was added in version 3.1.0.) in /wordpress/wp-includes/functions.php on line 6121
[25-Apr-2025 10:52:40 UTC] PHP Notice:  Function wp_enqueue_style was called <strong>incorrectly</strong>. Scripts and styles should not be registered or enqueued until the <code>wp_enqueue_scripts</code>, <code>admin_enqueue_scripts</code>, or <code>login_enqueue_scripts</code> hooks. This notice was triggered by the <code>daovoice_fontawesome</code> handle. Please see <a href="https://developer.wordpress.org/advanced-administration/debug/debug-wordpress/">Debugging in WordPress</a> for more information. (This message was added in version 3.3.0.) in /wordpress/wp-includes/functions.php on line 6121
[25-Apr-2025 10:52:40 UTC] PHP Notice:  Function is_feed was called <strong>incorrectly</strong>. Conditional query tags do not work before the query is run. Before then, they always return false. Please see <a href="https://developer.wordpress.org/advanced-administration/debug/debug-wordpress/">Debugging in WordPress</a> for more information. (This message was added in version 3.1.0.) in /wordpress/wp-includes/functions.php on line 6121
[25-Apr-2025 10:56:41 UTC] PHP Notice:  Function wp_register_style was called <strong>incorrectly</strong>. Scripts and styles should not be registered or enqueued until the <code>wp_enqueue_scripts</code>, <code>admin_enqueue_scripts</code>, or <code>login_enqueue_scripts</code> hooks. This notice was triggered by the <code>depay-payments-frontend-style</code> handle. Please see <a href="https://developer.wordpress.org/advanced-administration/debug/debug-wordpress/">Debugging in WordPress</a> for more information. (This message was added in version 3.3.0.) in /wordpress/wp-includes/functions.php on line 6121
[25-Apr-2025 10:56:41 UTC] PHP Notice:  Function is_feed was called <strong>incorrectly</strong>. Conditional query tags do not work before the query is run. Before then, they always return false. Please see <a href="https://developer.wordpress.org/advanced-administration/debug/debug-wordpress/">Debugging in WordPress</a> for more information. (This message was added in version 3.1.0.) in /wordpress/wp-includes/functions.php on line 6121
[25-Apr-2025 10:56:41 UTC] PHP Notice:  Function wp_enqueue_style was called <strong>incorrectly</strong>. Scripts and styles should not be registered or enqueued until the <code>wp_enqueue_scripts</code>, <code>admin_enqueue_scripts</code>, or <code>login_enqueue_scripts</code> hooks. This notice was triggered by the <code>depay-payments-frontend-style</code> handle. Please see <a href="https://developer.wordpress.org/advanced-administration/debug/debug-wordpress/">Debugging in WordPress</a> for more information. (This message was added in version 3.3.0.) in /wordpress/wp-includes/functions.php on line 6121
[25-Apr-2025 10:56:41 UTC] PHP Notice:  Function wp_register_script was called <strong>incorrectly</strong>. Scripts and styles should not be registered or enqueued until the <code>wp_enqueue_scripts</code>, <code>admin_enqueue_scripts</code>, or <code>login_enqueue_scripts</code> hooks. This notice was triggered by the <code>depay-payments-widgets</code> handle. Please see <a href="https://developer.wordpress.org/advanced-administration/debug/debug-wordpress/">Debugging in WordPress</a> for more information. (This message was added in version 3.3.0.) in /wordpress/wp-includes/functions.php on line 6121
[25-Apr-2025 10:56:41 UTC] PHP Notice:  Function wp_enqueue_script was called <strong>incorrectly</strong>. Scripts and styles should not be registered or enqueued until the <code>wp_enqueue_scripts</code>, <code>admin_enqueue_scripts</code>, or <code>login_enqueue_scripts</code> hooks. This notice was triggered by the <code>depay-payments-widgets</code> handle. Please see <a href="https://developer.wordpress.org/advanced-administration/debug/debug-wordpress/">Debugging in WordPress</a> for more information. (This message was added in version 3.3.0.) in /wordpress/wp-includes/functions.php on line 6121
[25-Apr-2025 10:56:41 UTC] PHP Notice:  Function wp_register_script was called <strong>incorrectly</strong>. Scripts and styles should not be registered or enqueued until the <code>wp_enqueue_scripts</code>, <code>admin_enqueue_scripts</code>, or <code>login_enqueue_scripts</code> hooks. This notice was triggered by the <code>depay-payments-react-shadow-dom</code> handle. Please see <a href="https://developer.wordpress.org/advanced-administration/debug/debug-wordpress/">Debugging in WordPress</a> for more information. (This message was added in version 3.3.0.) in /wordpress/wp-includes/functions.php on line 6121
[25-Apr-2025 10:56:41 UTC] PHP Notice:  Function wp_enqueue_script was called <strong>incorrectly</strong>. Scripts and styles should not be registered or enqueued until the <code>wp_enqueue_scripts</code>, <code>admin_enqueue_scripts</code>, or <code>login_enqueue_scripts</code> hooks. This notice was triggered by the <code>depay-payments-react-shadow-dom</code> handle. Please see <a href="https://developer.wordpress.org/advanced-administration/debug/debug-wordpress/">Debugging in WordPress</a> for more information. (This message was added in version 3.3.0.) in /wordpress/wp-includes/functions.php on line 6121
[25-Apr-2025 10:56:41 UTC] PHP Notice:  Function wp_register_script was called <strong>incorrectly</strong>. Scripts and styles should not be registered or enqueued until the <code>wp_enqueue_scripts</code>, <code>admin_enqueue_scripts</code>, or <code>login_enqueue_scripts</code> hooks. This notice was triggered by the <code>depay-payments-blockchains</code> handle. Please see <a href="https://developer.wordpress.org/advanced-administration/debug/debug-wordpress/">Debugging in WordPress</a> for more information. (This message was added in version 3.3.0.) in /wordpress/wp-includes/functions.php on line 6121
[25-Apr-2025 10:56:41 UTC] PHP Notice:  Function wp_enqueue_script was called <strong>incorrectly</strong>. Scripts and styles should not be registered or enqueued until the <code>wp_enqueue_scripts</code>, <code>admin_enqueue_scripts</code>, or <code>login_enqueue_scripts</code> hooks. This notice was triggered by the <code>depay-payments-blockchains</code> handle. Please see <a href="https://developer.wordpress.org/advanced-administration/debug/debug-wordpress/">Debugging in WordPress</a> for more information. (This message was added in version 3.3.0.) in /wordpress/wp-includes/functions.php on line 6121
[25-Apr-2025 10:56:41 UTC] PHP Notice:  Function wp_register_script was called <strong>incorrectly</strong>. Scripts and styles should not be registered or enqueued until the <code>wp_enqueue_scripts</code>, <code>admin_enqueue_scripts</code>, or <code>login_enqueue_scripts</code> hooks. This notice was triggered by the <code>depay-payments-buttons</code> handle. Please see <a href="https://developer.wordpress.org/advanced-administration/debug/debug-wordpress/">Debugging in WordPress</a> for more information. (This message was added in version 3.3.0.) in /wordpress/wp-includes/functions.php on line 6121
[25-Apr-2025 10:56:41 UTC] PHP Notice:  Function wp_enqueue_script was called <strong>incorrectly</strong>. Scripts and styles should not be registered or enqueued until the <code>wp_enqueue_scripts</code>, <code>admin_enqueue_scripts</code>, or <code>login_enqueue_scripts</code> hooks. This notice was triggered by the <code>depay-payments-buttons</code> handle. Please see <a href="https://developer.wordpress.org/advanced-administration/debug/debug-wordpress/">Debugging in WordPress</a> for more information. (This message was added in version 3.3.0.) in /wordpress/wp-includes/functions.php on line 6121
[25-Apr-2025 10:56:41 UTC] PHP Notice:  Function wp_register_script was called <strong>incorrectly</strong>. Scripts and styles should not be registered or enqueued until the <code>wp_enqueue_scripts</code>, <code>admin_enqueue_scripts</code>, or <code>login_enqueue_scripts</code> hooks. This notice was triggered by the <code>depay-payments-init-buttons</code> handle. Please see <a href="https://developer.wordpress.org/advanced-administration/debug/debug-wordpress/">Debugging in WordPress</a> for more information. (This message was added in version 3.3.0.) in /wordpress/wp-includes/functions.php on line 6121
[25-Apr-2025 10:56:41 UTC] PHP Notice:  Function wp_enqueue_script was called <strong>incorrectly</strong>. Scripts and styles should not be registered or enqueued until the <code>wp_enqueue_scripts</code>, <code>admin_enqueue_scripts</code>, or <code>login_enqueue_scripts</code> hooks. This notice was triggered by the <code>depay-payments-init-buttons</code> handle. Please see <a href="https://developer.wordpress.org/advanced-administration/debug/debug-wordpress/">Debugging in WordPress</a> for more information. (This message was added in version 3.3.0.) in /wordpress/wp-includes/functions.php on line 6121
[25-Apr-2025 10:56:41 UTC] PHP Notice:  Function WP_Scripts::localize was called <strong>incorrectly</strong>. The <code>$l10n</code> parameter must be an array. To pass arbitrary data to scripts, use the <code>wp_add_inline_script()</code> function instead. Please see <a href="https://developer.wordpress.org/advanced-administration/debug/debug-wordpress/">Debugging in WordPress</a> for more information. (This message was added in version 5.7.0.) in /wordpress/wp-includes/functions.php on line 6121
[25-Apr-2025 10:56:50 UTC] PHP Notice:  Function wp_register_style was called <strong>incorrectly</strong>. Scripts and styles should not be registered or enqueued until the <code>wp_enqueue_scripts</code>, <code>admin_enqueue_scripts</code>, or <code>login_enqueue_scripts</code> hooks. This notice was triggered by the <code>depay-payments-frontend-style</code> handle. Please see <a href="https://developer.wordpress.org/advanced-administration/debug/debug-wordpress/">Debugging in WordPress</a> for more information. (This message was added in version 3.3.0.) in /wordpress/wp-includes/functions.php on line 6121
[25-Apr-2025 10:56:50 UTC] PHP Notice:  Function is_feed was called <strong>incorrectly</strong>. Conditional query tags do not work before the query is run. Before then, they always return false. Please see <a href="https://developer.wordpress.org/advanced-administration/debug/debug-wordpress/">Debugging in WordPress</a> for more information. (This message was added in version 3.1.0.) in /wordpress/wp-includes/functions.php on line 6121
[25-Apr-2025 10:56:50 UTC] PHP Notice:  Function wp_enqueue_style was called <strong>incorrectly</strong>. Scripts and styles should not be registered or enqueued until the <code>wp_enqueue_scripts</code>, <code>admin_enqueue_scripts</code>, or <code>login_enqueue_scripts</code> hooks. This notice was triggered by the <code>depay-payments-frontend-style</code> handle. Please see <a href="https://developer.wordpress.org/advanced-administration/debug/debug-wordpress/">Debugging in WordPress</a> for more information. (This message was added in version 3.3.0.) in /wordpress/wp-includes/functions.php on line 6121
[25-Apr-2025 10:56:50 UTC] PHP Notice:  Function wp_register_script was called <strong>incorrectly</strong>. Scripts and styles should not be registered or enqueued until the <code>wp_enqueue_scripts</code>, <code>admin_enqueue_scripts</code>, or <code>login_enqueue_scripts</code> hooks. This notice was triggered by the <code>depay-payments-widgets</code> handle. Please see <a href="https://developer.wordpress.org/advanced-administration/debug/debug-wordpress/">Debugging in WordPress</a> for more information. (This message was added in version 3.3.0.) in /wordpress/wp-includes/functions.php on line 6121
[25-Apr-2025 10:56:50 UTC] PHP Notice:  Function wp_enqueue_script was called <strong>incorrectly</strong>. Scripts and styles should not be registered or enqueued until the <code>wp_enqueue_scripts</code>, <code>admin_enqueue_scripts</code>, or <code>login_enqueue_scripts</code> hooks. This notice was triggered by the <code>depay-payments-widgets</code> handle. Please see <a href="https://developer.wordpress.org/advanced-administration/debug/debug-wordpress/">Debugging in WordPress</a> for more information. (This message was added in version 3.3.0.) in /wordpress/wp-includes/functions.php on line 6121
[25-Apr-2025 10:56:50 UTC] PHP Notice:  Function wp_register_script was called <strong>incorrectly</strong>. Scripts and styles should not be registered or enqueued until the <code>wp_enqueue_scripts</code>, <code>admin_enqueue_scripts</code>, or <code>login_enqueue_scripts</code> hooks. This notice was triggered by the <code>depay-payments-react-shadow-dom</code> handle. Please see <a href="https://developer.wordpress.org/advanced-administration/debug/debug-wordpress/">Debugging in WordPress</a> for more information. (This message was added in version 3.3.0.) in /wordpress/wp-includes/functions.php on line 6121
[25-Apr-2025 10:56:50 UTC] PHP Notice:  Function wp_enqueue_script was called <strong>incorrectly</strong>. Scripts and styles should not be registered or enqueued until the <code>wp_enqueue_scripts</code>, <code>admin_enqueue_scripts</code>, or <code>login_enqueue_scripts</code> hooks. This notice was triggered by the <code>depay-payments-react-shadow-dom</code> handle. Please see <a href="https://developer.wordpress.org/advanced-administration/debug/debug-wordpress/">Debugging in WordPress</a> for more information. (This message was added in version 3.3.0.) in /wordpress/wp-includes/functions.php on line 6121
[25-Apr-2025 10:56:50 UTC] PHP Notice:  Function wp_register_script was called <strong>incorrectly</strong>. Scripts and styles should not be registered or enqueued until the <code>wp_enqueue_scripts</code>, <code>admin_enqueue_scripts</code>, or <code>login_enqueue_scripts</code> hooks. This notice was triggered by the <code>depay-payments-blockchains</code> handle. Please see <a href="https://developer.wordpress.org/advanced-administration/debug/debug-wordpress/">Debugging in WordPress</a> for more information. (This message was added in version 3.3.0.) in /wordpress/wp-includes/functions.php on line 6121
[25-Apr-2025 10:56:50 UTC] PHP Notice:  Function wp_enqueue_script was called <strong>incorrectly</strong>. Scripts and styles should not be registered or enqueued until the <code>wp_enqueue_scripts</code>, <code>admin_enqueue_scripts</code>, or <code>login_enqueue_scripts</code> hooks. This notice was triggered by the <code>depay-payments-blockchains</code> handle. Please see <a href="https://developer.wordpress.org/advanced-administration/debug/debug-wordpress/">Debugging in WordPress</a> for more information. (This message was added in version 3.3.0.) in /wordpress/wp-includes/functions.php on line 6121
[25-Apr-2025 10:56:50 UTC] PHP Notice:  Function wp_register_script was called <strong>incorrectly</strong>. Scripts and styles should not be registered or enqueued until the <code>wp_enqueue_scripts</code>, <code>admin_enqueue_scripts</code>, or <code>login_enqueue_scripts</code> hooks. This notice was triggered by the <code>depay-payments-buttons</code> handle. Please see <a href="https://developer.wordpress.org/advanced-administration/debug/debug-wordpress/">Debugging in WordPress</a> for more information. (This message was added in version 3.3.0.) in /wordpress/wp-includes/functions.php on line 6121
[25-Apr-2025 10:56:50 UTC] PHP Notice:  Function wp_enqueue_script was called <strong>incorrectly</strong>. Scripts and styles should not be registered or enqueued until the <code>wp_enqueue_scripts</code>, <code>admin_enqueue_scripts</code>, or <code>login_enqueue_scripts</code> hooks. This notice was triggered by the <code>depay-payments-buttons</code> handle. Please see <a href="https://developer.wordpress.org/advanced-administration/debug/debug-wordpress/">Debugging in WordPress</a> for more information. (This message was added in version 3.3.0.) in /wordpress/wp-includes/functions.php on line 6121
[25-Apr-2025 10:56:50 UTC] PHP Notice:  Function wp_register_script was called <strong>incorrectly</strong>. Scripts and styles should not be registered or enqueued until the <code>wp_enqueue_scripts</code>, <code>admin_enqueue_scripts</code>, or <code>login_enqueue_scripts</code> hooks. This notice was triggered by the <code>depay-payments-init-buttons</code> handle. Please see <a href="https://developer.wordpress.org/advanced-administration/debug/debug-wordpress/">Debugging in WordPress</a> for more information. (This message was added in version 3.3.0.) in /wordpress/wp-includes/functions.php on line 6121
[25-Apr-2025 10:56:50 UTC] PHP Notice:  Function wp_enqueue_script was called <strong>incorrectly</strong>. Scripts and styles should not be registered or enqueued until the <code>wp_enqueue_scripts</code>, <code>admin_enqueue_scripts</code>, or <code>login_enqueue_scripts</code> hooks. This notice was triggered by the <code>depay-payments-init-buttons</code> handle. Please see <a href="https://developer.wordpress.org/advanced-administration/debug/debug-wordpress/">Debugging in WordPress</a> for more information. (This message was added in version 3.3.0.) in /wordpress/wp-includes/functions.php on line 6121
[25-Apr-2025 10:56:50 UTC] PHP Notice:  Function WP_Scripts::localize was called <strong>incorrectly</strong>. The <code>$l10n</code> parameter must be an array. To pass arbitrary data to scripts, use the <code>wp_add_inline_script()</code> function instead. Please see <a href="https://developer.wordpress.org/advanced-administration/debug/debug-wordpress/">Debugging in WordPress</a> for more information. (This message was added in version 5.7.0.) in /wordpress/wp-includes/functions.php on line 6121
[25-Apr-2025 10:56:58 UTC] PHP Notice:  Function wp_register_style was called <strong>incorrectly</strong>. Scripts and styles should not be registered or enqueued until the <code>wp_enqueue_scripts</code>, <code>admin_enqueue_scripts</code>, or <code>login_enqueue_scripts</code> hooks. This notice was triggered by the <code>depay-payments-frontend-style</code> handle. Please see <a href="https://developer.wordpress.org/advanced-administration/debug/debug-wordpress/">Debugging in WordPress</a> for more information. (This message was added in version 3.3.0.) in /wordpress/wp-includes/functions.php on line 6121
[25-Apr-2025 10:56:58 UTC] PHP Notice:  Function is_feed was called <strong>incorrectly</strong>. Conditional query tags do not work before the query is run. Before then, they always return false. Please see <a href="https://developer.wordpress.org/advanced-administration/debug/debug-wordpress/">Debugging in WordPress</a> for more information. (This message was added in version 3.1.0.) in /wordpress/wp-includes/functions.php on line 6121
[25-Apr-2025 10:56:58 UTC] PHP Notice:  Function wp_enqueue_style was called <strong>incorrectly</strong>. Scripts and styles should not be registered or enqueued until the <code>wp_enqueue_scripts</code>, <code>admin_enqueue_scripts</code>, or <code>login_enqueue_scripts</code> hooks. This notice was triggered by the <code>depay-payments-frontend-style</code> handle. Please see <a href="https://developer.wordpress.org/advanced-administration/debug/debug-wordpress/">Debugging in WordPress</a> for more information. (This message was added in version 3.3.0.) in /wordpress/wp-includes/functions.php on line 6121
[25-Apr-2025 10:56:58 UTC] PHP Notice:  Function wp_register_script was called <strong>incorrectly</strong>. Scripts and styles should not be registered or enqueued until the <code>wp_enqueue_scripts</code>, <code>admin_enqueue_scripts</code>, or <code>login_enqueue_scripts</code> hooks. This notice was triggered by the <code>depay-payments-widgets</code> handle. Please see <a href="https://developer.wordpress.org/advanced-administration/debug/debug-wordpress/">Debugging in WordPress</a> for more information. (This message was added in version 3.3.0.) in /wordpress/wp-includes/functions.php on line 6121
[25-Apr-2025 10:56:59 UTC] PHP Notice:  Function wp_enqueue_script was called <strong>incorrectly</strong>. Scripts and styles should not be registered or enqueued until the <code>wp_enqueue_scripts</code>, <code>admin_enqueue_scripts</code>, or <code>login_enqueue_scripts</code> hooks. This notice was triggered by the <code>depay-payments-widgets</code> handle. Please see <a href="https://developer.wordpress.org/advanced-administration/debug/debug-wordpress/">Debugging in WordPress</a> for more information. (This message was added in version 3.3.0.) in /wordpress/wp-includes/functions.php on line 6121
[25-Apr-2025 10:56:59 UTC] PHP Notice:  Function wp_register_script was called <strong>incorrectly</strong>. Scripts and styles should not be registered or enqueued until the <code>wp_enqueue_scripts</code>, <code>admin_enqueue_scripts</code>, or <code>login_enqueue_scripts</code> hooks. This notice was triggered by the <code>depay-payments-react-shadow-dom</code> handle. Please see <a href="https://developer.wordpress.org/advanced-administration/debug/debug-wordpress/">Debugging in WordPress</a> for more information. (This message was added in version 3.3.0.) in /wordpress/wp-includes/functions.php on line 6121
[25-Apr-2025 10:56:59 UTC] PHP Notice:  Function wp_enqueue_script was called <strong>incorrectly</strong>. Scripts and styles should not be registered or enqueued until the <code>wp_enqueue_scripts</code>, <code>admin_enqueue_scripts</code>, or <code>login_enqueue_scripts</code> hooks. This notice was triggered by the <code>depay-payments-react-shadow-dom</code> handle. Please see <a href="https://developer.wordpress.org/advanced-administration/debug/debug-wordpress/">Debugging in WordPress</a> for more information. (This message was added in version 3.3.0.) in /wordpress/wp-includes/functions.php on line 6121
[25-Apr-2025 10:56:59 UTC] PHP Notice:  Function wp_register_script was called <strong>incorrectly</strong>. Scripts and styles should not be registered or enqueued until the <code>wp_enqueue_scripts</code>, <code>admin_enqueue_scripts</code>, or <code>login_enqueue_scripts</code> hooks. This notice was triggered by the <code>depay-payments-blockchains</code> handle. Please see <a href="https://developer.wordpress.org/advanced-administration/debug/debug-wordpress/">Debugging in WordPress</a> for more information. (This message was added in version 3.3.0.) in /wordpress/wp-includes/functions.php on line 6121
[25-Apr-2025 10:56:59 UTC] PHP Notice:  Function wp_enqueue_script was called <strong>incorrectly</strong>. Scripts and styles should not be registered or enqueued until the <code>wp_enqueue_scripts</code>, <code>admin_enqueue_scripts</code>, or <code>login_enqueue_scripts</code> hooks. This notice was triggered by the <code>depay-payments-blockchains</code> handle. Please see <a href="https://developer.wordpress.org/advanced-administration/debug/debug-wordpress/">Debugging in WordPress</a> for more information. (This message was added in version 3.3.0.) in /wordpress/wp-includes/functions.php on line 6121
[25-Apr-2025 10:56:59 UTC] PHP Notice:  Function wp_register_script was called <strong>incorrectly</strong>. Scripts and styles should not be registered or enqueued until the <code>wp_enqueue_scripts</code>, <code>admin_enqueue_scripts</code>, or <code>login_enqueue_scripts</code> hooks. This notice was triggered by the <code>depay-payments-buttons</code> handle. Please see <a href="https://developer.wordpress.org/advanced-administration/debug/debug-wordpress/">Debugging in WordPress</a> for more information. (This message was added in version 3.3.0.) in /wordpress/wp-includes/functions.php on line 6121
[25-Apr-2025 10:56:59 UTC] PHP Notice:  Function wp_enqueue_script was called <strong>incorrectly</strong>. Scripts and styles should not be registered or enqueued until the <code>wp_enqueue_scripts</code>, <code>admin_enqueue_scripts</code>, or <code>login_enqueue_scripts</code> hooks. This notice was triggered by the <code>depay-payments-buttons</code> handle. Please see <a href="https://developer.wordpress.org/advanced-administration/debug/debug-wordpress/">Debugging in WordPress</a> for more information. (This message was added in version 3.3.0.) in /wordpress/wp-includes/functions.php on line 6121
[25-Apr-2025 10:56:59 UTC] PHP Notice:  Function wp_register_script was called <strong>incorrectly</strong>. Scripts and styles should not be registered or enqueued until the <code>wp_enqueue_scripts</code>, <code>admin_enqueue_scripts</code>, or <code>login_enqueue_scripts</code> hooks. This notice was triggered by the <code>depay-payments-init-buttons</code> handle. Please see <a href="https://developer.wordpress.org/advanced-administration/debug/debug-wordpress/">Debugging in WordPress</a> for more information. (This message was added in version 3.3.0.) in /wordpress/wp-includes/functions.php on line 6121
[25-Apr-2025 10:56:59 UTC] PHP Notice:  Function wp_enqueue_script was called <strong>incorrectly</strong>. Scripts and styles should not be registered or enqueued until the <code>wp_enqueue_scripts</code>, <code>admin_enqueue_scripts</code>, or <code>login_enqueue_scripts</code> hooks. This notice was triggered by the <code>depay-payments-init-buttons</code> handle. Please see <a href="https://developer.wordpress.org/advanced-administration/debug/debug-wordpress/">Debugging in WordPress</a> for more information. (This message was added in version 3.3.0.) in /wordpress/wp-includes/functions.php on line 6121
[25-Apr-2025 10:56:59 UTC] PHP Notice:  Function WP_Scripts::localize was called <strong>incorrectly</strong>. The <code>$l10n</code> parameter must be an array. To pass arbitrary data to scripts, use the <code>wp_add_inline_script()</code> function instead. Please see <a href="https://developer.wordpress.org/advanced-administration/debug/debug-wordpress/">Debugging in WordPress</a> for more information. (This message was added in version 5.7.0.) in /wordpress/wp-includes/functions.php on line 6121

    at Object.onBind (file:///home/runner/work/playground-tester/playground-tester/node_modules/@wp-playground/cli/index.js:237:15)
    at process.processTicksAndRejections (node:internal/process/task_queues:105:5)
    at async V (file:///home/runner/work/playground-tester/playground-tester/node_modules/@wp-playground/cli/index.js:64:10)
    at async ja (file:///home/runner/work/playground-tester/playground-tester/node_modules/@wp-playground/cli/cli.js:8161:12) {
  [cause]: Error: Error when executing the blueprint step #1 ({"step":"installPlugin","pluginData":{"resource":"wordpress.org/plugins","slug":"devlab-woocommerce-dynamic-pricing-wpml-fixer"},"options":{"activate":true}}) : Could not download "https://downloads.wordpress.org/plugin/devlab-woocommerce-dynamic-pricing-wpml-fixer.latest-stable.zip".
  				Check if the URL is correct and the server is reachable.
  				If it is reachable, the server might be blocking the request.
  				Check the browser console and network tabs for more information.
  
  				## Does the console show the error "No 'Access-Control-Allow-Origin' header"?
  
  				This means the server that hosts your file does not allow requests from other sites
  				(cross-origin requests, or CORS).	You need to move the asset to a server that allows
  				cross-origin file downloads. Learn more about CORS at
  				https://developer.mozilla.org/en-US/docs/Web/HTTP/CORS.
  
  				If your file is on GitHub, load it from "raw.githubusercontent.com".
  				Here's how to do that:
  
  				1. Start with the original GitHub URL of the file. For example:
  				https://github.com/username/repository/blob/branch/filename.
  				2. Replace "github.com" with "raw.githubusercontent.com".
  				3. Remove the "/blob/" part of the URL.
  
  				The resulting URL should look like this:
  				https://raw.githubusercontent.com/username/repository/branch/filename
  
  				Error:
  				Error: Could not download "https://downloads.wordpress.org/plugin/devlab-woocommerce-dynamic-pricing-wpml-fixer.latest-stable.zip"
      at Object.run (file:///home/runner/work/playground-tester/playground-tester/node_modules/@wp-playground/blueprints/index.js:12449:19)
      at process.processTicksAndRejections (node:internal/process/task_queues:105:5)
      at async ms (file:///home/runner/work/playground-tester/playground-tester/node_modules/@wp-playground/blueprints/index.js:12552:3)
      at async Object.onBind (file:///home/runner/work/playground-tester/playground-tester/node_modules/@wp-playground/cli/index.js:227:48)
      at async V (file:///home/runner/work/playground-tester/playground-tester/node_modules/@wp-playground/cli/index.js:64:10)
      at async ja (file:///home/runner/work/playground-tester/playground-tester/node_modules/@wp-playground/cli/cli.js:8161:12) {
    [cause]: Error: Could not download "https://downloads.wordpress.org/plugin/devlab-woocommerce-dynamic-pricing-wpml-fixer.latest-stable.zip".
    				Check if the URL is correct and the server is reachable.
    				If it is reachable, the server might be blocking the request.
    				Check the browser console and network tabs for more information.
    
    				## Does the console show the error "No 'Access-Control-Allow-Origin' header"?
    
    				This means the server that hosts your file does not allow requests from other sites
    				(cross-origin requests, or CORS).	You need to move the asset to a server that allows
    				cross-origin file downloads. Learn more about CORS at
    				https://developer.mozilla.org/en-US/docs/Web/HTTP/CORS.
    
    				If your file is on GitHub, load it from "raw.githubusercontent.com".
    				Here's how to do that:
    
    				1. Start with the original GitHub URL of the file. For example:
    				https://github.com/username/repository/blob/branch/filename.
    				2. Replace "github.com" with "raw.githubusercontent.com".
    				3. Remove the "/blob/" part of the URL.
    
    				The resulting URL should look like this:
    				https://raw.githubusercontent.com/username/repository/branch/filename
    
    				Error:
    				Error: Could not download "https://downloads.wordpress.org/plugin/devlab-woocommerce-dynamic-pricing-wpml-fixer.latest-stable.zip"
        at Ct.resolve (file:///home/runner/work/playground-tester/playground-tester/node_modules/@wp-playground/blueprints/index.js:1472:13)
        at process.processTicksAndRejections (node:internal/process/task_queues:105:5)
        at async _.run (file:///home/runner/work/playground-tester/playground-tester/node_modules/@php-wasm/util/index.js:45:14)
  }
}

Node.js v23.11.0
