file:///home/runner/work/playground-tester/playground-tester/node_modules/@wp-playground/cli/cli.js:21
`)},constants:R,phpIniEntries:{"openssl.cafile":"/internal/shared/ca-bundle.crt",allow_url_fopen:"1",disable_functions:""},hooks:{async beforeWordPressFiles(h){e.mountBeforeInstall&&u(h,e.mountBeforeInstall)}}}),d.log("Booted!");const W=await w.getPrimaryPhp();try{if(o&&!e.mountBeforeInstall&&!m.existsSync(f)&&(d.log("Caching preinstalled WordPress for the next boot..."),m.writeFileSync(f,await Z(W,"/wordpress")),d.log("Cached!")),e.mount&&u(W,e.mount),H=!0,l){const{php:h,reap:b}=await w.processManager.acquirePHPInstance();try{d.log("Running the Blueprint..."),await M(l,h),d.log("Finished running the blueprint")}finally{b()}}a==="build-snapshot"?(await i(e.outfile),d.log(`WordPress exported to ${e.outfile}`),process.exit(0)):a==="run-blueprint"?(d.log("Blueprint executed"),process.exit(0)):d.log(`WordPress is running on ${s}`)}catch(h){if(!e.debug)throw h;const b=W.readFileAsText(L);throw new Error(b,{cause:h})}},async handleRequest(r){return H?await w.request(r):U.forHttpCode(502,"WordPress is not ready yet")}})}te();
                                                                                                                                                                                                                                                                                                                                                                                                                                                                                                                                                                                                                                                                                                                                                                                                                                                                                                                                      ^

Error: [09-Apr-2025 03:07:39 UTC] PHP Warning:  Use of undefined constant STDERR - assumed 'STDERR' (this will throw an Error in a future version of PHP) in /wordpress/wp-content/plugins/gtbabel/vendor/composer/platform_check.php on line 21
[09-Apr-2025 03:07:39 UTC] PHP Warning:  fwrite() expects parameter 1 to be resource, string given in /wordpress/wp-content/plugins/gtbabel/vendor/composer/platform_check.php on line 21
[09-Apr-2025 03:07:39 UTC] PHP Fatal error:  Composer detected issues in your platform: Your Composer dependencies require a PHP version ">= 8.2.0". You are running 7.4.31-dev. Your Composer dependencies require a 64-bit build of PHP. in /wordpress/wp-content/plugins/gtbabel/vendor/composer/platform_check.php on line 28
[09-Apr-2025 03:07:52 UTC] PHP Warning:  Use of undefined constant STDERR - assumed 'STDERR' (this will throw an Error in a future version of PHP) in /wordpress/wp-content/plugins/gtbabel/vendor/composer/platform_check.php on line 21
[09-Apr-2025 03:07:52 UTC] PHP Warning:  fwrite() expects parameter 1 to be resource, string given in /wordpress/wp-content/plugins/gtbabel/vendor/composer/platform_check.php on line 21
[09-Apr-2025 03:07:52 UTC] PHP Fatal error:  Composer detected issues in your platform: Your Composer dependencies require a PHP version ">= 8.2.0". You are running 7.2.34-dev. Your Composer dependencies require a 64-bit build of PHP. in /wordpress/wp-content/plugins/gtbabel/vendor/composer/platform_check.php on line 28
[09-Apr-2025 03:08:02 UTC] PHP Warning:  Use of undefined constant STDERR - assumed 'STDERR' (this will throw an Error in a future version of PHP) in /wordpress/wp-content/plugins/gtbabel/vendor/composer/platform_check.php on line 21
[09-Apr-2025 03:08:02 UTC] PHP Warning:  fwrite() expects parameter 1 to be resource, string given in /wordpress/wp-content/plugins/gtbabel/vendor/composer/platform_check.php on line 21
[09-Apr-2025 03:08:02 UTC] PHP Fatal error:  Composer detected issues in your platform: Your Composer dependencies require a PHP version ">= 8.2.0". You are running 7.2.34-dev. Your Composer dependencies require a 64-bit build of PHP. in /wordpress/wp-content/plugins/gtbabel/vendor/composer/platform_check.php on line 28
[09-Apr-2025 03:08:12 UTC] PHP Warning:  Undefined array key "option_value" in /internal/shared/sqlite-database-integration/wp-includes/sqlite-ast/class-wp-sqlite-driver.php on line 3080
[09-Apr-2025 03:08:12 UTC] PHP Warning:  Trying to access array offset on value of type null in /internal/shared/sqlite-database-integration/wp-includes/sqlite-ast/class-wp-sqlite-driver.php on line 3081
[09-Apr-2025 03:08:12 UTC] PHP Warning:  Trying to access array offset on value of type null in /internal/shared/sqlite-database-integration/wp-includes/sqlite-ast/class-wp-sqlite-driver.php on line 3082
[09-Apr-2025 03:08:12 UTC] PHP Warning:  Trying to access array offset on value of type null in /internal/shared/sqlite-database-integration/wp-includes/sqlite-ast/class-wp-sqlite-driver.php on line 3083
[09-Apr-2025 03:08:13 UTC] WordPress database error <div style="clear:both">&nbsp;</div>
<div class="queries" style="clear:both;margin-bottom:2px;border:red dotted thin;">
<p>MySQL query:</p>
<p>INSERT INTO `wp_options` (`option_name`, `option_value`, `autoload`) VALUES ('nonce_key', '*hr{DSChT%cadgH1>?Y$Q.y77ehm3#@8va$Us;Q27O;}j57X4^u~&;A(<jRyw;b;', 'off') ON DUPLICATE KEY UPDATE `option_name` = VALUES(`option_name`), `option_value` = VALUES(`option_value`), `autoload` = VALUES(`autoload`)</p>
<p>Queries made or created this session were:</p>
<ol>
<li>Executing: BEGIN | (no parameters)</li>
<li>Executing: SELECT 1 FROM sqlite_temp_schema WHERE type = 'table' AND name = ? | parameters: wp_options</li>
<li>Executing: 
				SELECT column_name, is_nullable, column_default, data_type, extra
				FROM _wp_sqlite_mysql_information_schema_columns
				WHERE table_schema = ?
				AND table_name = ?
				ORDER BY ordinal_position
			 | parameters: database_name_here, wp_options</li>
<li>Executing: INSERT INTO `wp_options` () SELECT  FROM (VALUES ( 'nonce_key' , '*hr{DSChT%cadgH1&gt;?Y$Q.y77ehm3#@8va$Us;Q27O;}j57X4^u~&amp;;A(&lt;jRyw;b;' , 'off' )) WHERE true ON CONFLICT DO UPDATE SET `option_name` = `excluded`.`option_name` , `option_value` = `excluded`.`option_value` , `autoload` = `excluded`.`autoload` | (no parameters)</li>
<li>Executing: ROLLBACK | (no parameters)</li>
</ol>
</div>
<div style="clear:both;margin-bottom:2px;border:red dotted thin;" class="error_message" style="border-bottom:dotted blue thin;">
SQLSTATE[HY000]: General error: 1 near ")": syntax error
</div>
<p>Backtrace:</p>
<pre>#0 /internal/shared/sqlite-database-integration/wp-includes/sqlite-ast/class-wp-sqlite-driver.php(690): WP_SQLite_Driver->new_driver_exception('SQLSTATE[HY000]...', 0, Object(PDOException))
#1 /internal/shared/sqlite-database-integration/wp-includes/sqlite/class-wp-sqlite-db.php(472): WP_SQLite_Driver->query('INSERT INTO `wp...')
#2 /internal/shared/sqlite-database-integration/wp-includes/sqlite/class-wp-sqlite-db.php(413): WP_SQLite_DB->_do_query('INSERT INTO `wp...')
#3 /wordpress/wp-includes/option.php(1134): WP_SQLite_DB->query('INSERT INTO `wp...')
#4 /wordpress/wp-includes/option.php(2145): add_option('nonce_key', '*hr{DSChT%cadgH...', '', 'off')
#5 /wordpress/wp-includes/option.php(2390): add_network_option(1, 'nonce_key', '*hr{DSChT%cadgH...')
#6 /wordpress/wp-includes/option.php(1959): update_network_option(1, 'nonce_key', '*hr{DSChT%cadgH...')
#7 /wordpress/wp-includes/pluggable.php(2559): update_site_option('nonce_key', '*hr{DSChT%cadgH...')
#8 /wordpress/wp-includes/pluggable.php(2592): wp_salt('nonce')
#9 /wordpress/wp-includes/pluggable.php(2428): wp_hash('40375|wp_rest|0...', 'nonce')
#10 /wordpress/wp-includes/script-loader.php(824): wp_create_nonce('wp_rest')
#11 /wordpress/wp-includes/class-wp-hook.php(324): wp_default_scripts(Object(WP_Scripts))
#12 /wordpress/wp-includes/class-wp-hook.php(348): WP_Hook->apply_filters('', Array)
#13 /wordpress/wp-includes/plugin.php(565): WP_Hook->do_action(Array)
#14 /wordpress/wp-includes/class-wp-scripts.php(166): do_action_ref_array('wp_default_scri...', Array)
#15 /wordpress/wp-includes/class-wp-scripts.php(149): WP_Scripts->init()
#16 /wordpress/wp-includes/functions.wp-scripts.php(24): WP_Scripts->__construct()
#17 /wordpress/wp-includes/functions.wp-scripts.php(187): wp_scripts()
#18 /wordpress/wp-content/plugins/gitblock/includes/classes/class-gitblock.php(94): wp_register_script('gitblock-block', 'http://127.0.0....', Array, '0625fa781c5ab43...', Array)
#19 /wordpress/wp-includes/class-wp-hook.php(324): GitBlock\GitBlock->block_init('')
#20 /wordpress/wp-includes/class-wp-hook.php(348): WP_Hook->apply_filters(NULL, Array)
#21 /wordpress/wp-includes/plugin.php(517): WP_Hook->do_action(Array)
#22 /wordpress/wp-settings.php(704): do_action('init')
#23 /wordpress/wp-config.php(102): require_once('/wordpress/wp-s...')
#24 /wordpress/wp-load.php(50): require_once('/wordpress/wp-c...')
#25 /internal/eval.php(3): require_once('/wordpress/wp-l...')
#26 {main}</pre>
 for query INSERT INTO `wp_options` (`option_name`, `option_value`, `autoload`) VALUES ('nonce_key', '*hr{DSChT%cadgH1>?Y$Q.y77ehm3#@8va$Us;Q27O;}j57X4^u~&;A(<jRyw;b;', 'off') ON DUPLICATE KEY UPDATE `option_name` = VALUES(`option_name`), `option_value` = VALUES(`option_value`), `autoload` = VALUES(`autoload`) made by require_once('wp-load.php'), require_once('wp-config.php'), require_once('wp-settings.php'), do_action('init'), WP_Hook->do_action, WP_Hook->apply_filters, GitBlock\GitBlock->block_init, wp_register_script, wp_scripts, WP_Scripts->__construct, WP_Scripts->init, do_action_ref_array('wp_default_scripts'), WP_Hook->do_action, WP_Hook->apply_filters, wp_default_scripts, wp_create_nonce, wp_hash, wp_salt, update_site_option, update_network_option, add_network_option, add_option, WP_SQLite_DB->query, WP_SQLite_DB->print_error
[09-Apr-2025 03:08:13 UTC] WordPress database error <div style="clear:both">&nbsp;</div>
<div class="queries" style="clear:both;margin-bottom:2px;border:red dotted thin;">
<p>MySQL query:</p>
<p>INSERT INTO `wp_options` (`option_name`, `option_value`, `autoload`) VALUES ('nonce_salt', 'zX3[@S8hwt(%# D1U{&i8M-WiM@1jLv0/fIoA]tfvd$s8pr^@cVYY|W2#Y;C4mAi', 'off') ON DUPLICATE KEY UPDATE `option_name` = VALUES(`option_name`), `option_value` = VALUES(`option_value`), `autoload` = VALUES(`autoload`)</p>
<p>Queries made or created this session were:</p>
<ol>
<li>Executing: BEGIN | (no parameters)</li>
<li>Executing: SELECT 1 FROM sqlite_temp_schema WHERE type = 'table' AND name = ? | parameters: wp_options</li>
<li>Executing: 
				SELECT column_name, is_nullable, column_default, data_type, extra
				FROM _wp_sqlite_mysql_information_schema_columns
				WHERE table_schema = ?
				AND table_name = ?
				ORDER BY ordinal_position
			 | parameters: database_name_here, wp_options</li>
<li>Executing: INSERT INTO `wp_options` () SELECT  FROM (VALUES ( 'nonce_salt' , 'zX3[@S8hwt(%# D1U{&amp;i8M-WiM@1jLv0/fIoA]tfvd$s8pr^@cVYY|W2#Y;C4mAi' , 'off' )) WHERE true ON CONFLICT DO UPDATE SET `option_name` = `excluded`.`option_name` , `option_value` = `excluded`.`option_value` , `autoload` = `excluded`.`autoload` | (no parameters)</li>
<li>Executing: ROLLBACK | (no parameters)</li>
</ol>
</div>
<div style="clear:both;margin-bottom:2px;border:red dotted thin;" class="error_message" style="border-bottom:dotted blue thin;">
SQLSTATE[HY000]: General error: 1 near ")": syntax error
</div>
<p>Backtrace:</p>
<pre>#0 /internal/shared/sqlite-database-integration/wp-includes/sqlite-ast/class-wp-sqlite-driver.php(690): WP_SQLite_Driver->new_driver_exception('SQLSTATE[HY000]...', 0, Object(PDOException))
#1 /internal/shared/sqlite-database-integration/wp-includes/sqlite/class-wp-sqlite-db.php(472): WP_SQLite_Driver->query('INSERT INTO `wp...')
#2 /internal/shared/sqlite-database-integration/wp-includes/sqlite/class-wp-sqlite-db.php(413): WP_SQLite_DB->_do_query('INSERT INTO `wp...')
#3 /wordpress/wp-includes/option.php(1134): WP_SQLite_DB->query('INSERT INTO `wp...')
#4 /wordpress/wp-includes/option.php(2145): add_option('nonce_salt', 'zX3[@S8hwt(%# D...', '', 'off')
#5 /wordpress/wp-includes/option.php(2390): add_network_option(1, 'nonce_salt', 'zX3[@S8hwt(%# D...')
#6 /wordpress/wp-includes/option.php(1959): update_network_option(1, 'nonce_salt', 'zX3[@S8hwt(%# D...')
#7 /wordpress/wp-includes/pluggable.php(2559): update_site_option('nonce_salt', 'zX3[@S8hwt(%# D...')
#8 /wordpress/wp-includes/pluggable.php(2592): wp_salt('nonce')
#9 /wordpress/wp-includes/pluggable.php(2428): wp_hash('40375|wp_rest|0...', 'nonce')
#10 /wordpress/wp-includes/script-loader.php(824): wp_create_nonce('wp_rest')
#11 /wordpress/wp-includes/class-wp-hook.php(324): wp_default_scripts(Object(WP_Scripts))
#12 /wordpress/wp-includes/class-wp-hook.php(348): WP_Hook->apply_filters('', Array)
#13 /wordpress/wp-includes/plugin.php(565): WP_Hook->do_action(Array)
#14 /wordpress/wp-includes/class-wp-scripts.php(166): do_action_ref_array('wp_default_scri...', Array)
#15 /wordpress/wp-includes/class-wp-scripts.php(149): WP_Scripts->init()
#16 /wordpress/wp-includes/functions.wp-scripts.php(24): WP_Scripts->__construct()
#17 /wordpress/wp-includes/functions.wp-scripts.php(187): wp_scripts()
#18 /wordpress/wp-content/plugins/gitblock/includes/classes/class-gitblock.php(94): wp_register_script('gitblock-block', 'http://127.0.0....', Array, '0625fa781c5ab43...', Array)
#19 /wordpress/wp-includes/class-wp-hook.php(324): GitBlock\GitBlock->block_init('')
#20 /wordpress/wp-includes/class-wp-hook.php(348): WP_Hook->apply_filters(NULL, Array)
#21 /wordpress/wp-includes/plugin.php(517): WP_Hook->do_action(Array)
#22 /wordpress/wp-settings.php(704): do_action('init')
#23 /wordpress/wp-config.php(102): require_once('/wordpress/wp-s...')
#24 /wordpress/wp-load.php(50): require_once('/wordpress/wp-c...')
#25 /internal/eval.php(3): require_once('/wordpress/wp-l...')
#26 {main}</pre>
 for query INSERT INTO `wp_options` (`option_name`, `option_value`, `autoload`) VALUES ('nonce_salt', 'zX3[@S8hwt(%# D1U{&i8M-WiM@1jLv0/fIoA]tfvd$s8pr^@cVYY|W2#Y;C4mAi', 'off') ON DUPLICATE KEY UPDATE `option_name` = VALUES(`option_name`), `option_value` = VALUES(`option_value`), `autoload` = VALUES(`autoload`) made by require_once('wp-load.php'), require_once('wp-config.php'), require_once('wp-settings.php'), do_action('init'), WP_Hook->do_action, WP_Hook->apply_filters, GitBlock\GitBlock->block_init, wp_register_script, wp_scripts, WP_Scripts->__construct, WP_Scripts->init, do_action_ref_array('wp_default_scripts'), WP_Hook->do_action, WP_Hook->apply_filters, wp_default_scripts, wp_create_nonce, wp_hash, wp_salt, update_site_option, update_network_option, add_network_option, add_option, WP_SQLite_DB->query, WP_SQLite_DB->print_error
[09-Apr-2025 03:08:42 UTC] PHP Warning:  Undefined array key "option_value" in /internal/shared/sqlite-database-integration/wp-includes/sqlite-ast/class-wp-sqlite-driver.php on line 3080
[09-Apr-2025 03:08:42 UTC] PHP Warning:  Trying to access array offset on value of type null in /internal/shared/sqlite-database-integration/wp-includes/sqlite-ast/class-wp-sqlite-driver.php on line 3081
[09-Apr-2025 03:08:42 UTC] PHP Warning:  Trying to access array offset on value of type null in /internal/shared/sqlite-database-integration/wp-includes/sqlite-ast/class-wp-sqlite-driver.php on line 3082
[09-Apr-2025 03:08:42 UTC] PHP Warning:  Trying to access array offset on value of type null in /internal/shared/sqlite-database-integration/wp-includes/sqlite-ast/class-wp-sqlite-driver.php on line 3083
[09-Apr-2025 03:09:09 UTC] WordPress database error <div style="clear:both">&nbsp;</div>
<div class="queries" style="clear:both;margin-bottom:2px;border:red dotted thin;">
<p>MySQL query:</p>
<p>INSERT INTO `wp_options` (`option_name`, `option_value`, `autoload`) VALUES ('gp_db_version', '980', 'auto') ON DUPLICATE KEY UPDATE `option_name` = VALUES(`option_name`), `option_value` = VALUES(`option_value`), `autoload` = VALUES(`autoload`)</p>
<p>Queries made or created this session were:</p>
<ol>
<li>Executing: BEGIN | (no parameters)</li>
<li>Executing: SELECT 1 FROM sqlite_temp_schema WHERE type = 'table' AND name = ? | parameters: wp_options</li>
<li>Executing: 
				SELECT column_name, is_nullable, column_default, data_type, extra
				FROM _wp_sqlite_mysql_information_schema_columns
				WHERE table_schema = ?
				AND table_name = ?
				ORDER BY ordinal_position
			 | parameters: database_name_here, wp_options</li>
<li>Executing: INSERT INTO `wp_options` () SELECT  FROM (VALUES ( 'gp_db_version' , '980' , 'auto' )) WHERE true ON CONFLICT DO UPDATE SET `option_name` = `excluded`.`option_name` , `option_value` = `excluded`.`option_value` , `autoload` = `excluded`.`autoload` | (no parameters)</li>
<li>Executing: ROLLBACK | (no parameters)</li>
</ol>
</div>
<div style="clear:both;margin-bottom:2px;border:red dotted thin;" class="error_message" style="border-bottom:dotted blue thin;">
SQLSTATE[HY000]: General error: 1 near ")": syntax error
</div>
<p>Backtrace:</p>
<pre>#0 /internal/shared/sqlite-database-integration/wp-includes/sqlite-ast/class-wp-sqlite-driver.php(690): WP_SQLite_Driver->new_driver_exception('SQLSTATE[HY000]...', 0, Object(PDOException))
#1 /internal/shared/sqlite-database-integration/wp-includes/sqlite/class-wp-sqlite-db.php(472): WP_SQLite_Driver->query('INSERT INTO `wp...')
#2 /internal/shared/sqlite-database-integration/wp-includes/sqlite/class-wp-sqlite-db.php(413): WP_SQLite_DB->_do_query('INSERT INTO `wp...')
#3 /wordpress/wp-includes/option.php(1134): WP_SQLite_DB->query('INSERT INTO `wp...')
#4 /wordpress/wp-includes/option.php(921): add_option('gp_db_version', '980', '', 'auto')
#5 /wordpress/wp-content/plugins/glotpress/gp-includes/install-upgrade.php(31): update_option('gp_db_version', '980')
#6 /wordpress/wp-content/plugins/glotpress/gp-settings.php(141): gp_upgrade_db()
#7 /wordpress/wp-content/plugins/glotpress/glotpress.php(165): require_once('/wordpress/wp-c...')
#8 /wordpress/wp-admin/includes/plugin.php(2387): include_once('/wordpress/wp-c...')
#9 /wordpress/wp-admin/includes/plugin.php(673): plugin_sandbox_scrape('glotpress/glotp...')
#10 /internal/eval.php(20): activate_plugin('glotpress/glotp...')
#11 {main}</pre>
 for query INSERT INTO `wp_options` (`option_name`, `option_value`, `autoload`) VALUES ('gp_db_version', '980', 'auto') ON DUPLICATE KEY UPDATE `option_name` = VALUES(`option_name`), `option_value` = VALUES(`option_value`), `autoload` = VALUES(`autoload`) made by activate_plugin, plugin_sandbox_scrape, include_once('/plugins/glotpress/glotpress.php'), require_once('/plugins/glotpress/gp-settings.php'), gp_upgrade_db, update_option, add_option, WP_SQLite_DB->query, WP_SQLite_DB->print_error
[09-Apr-2025 03:09:09 UTC] PHP Notice:  Undefined index: option_value in /internal/shared/sqlite-database-integration/wp-includes/sqlite-ast/class-wp-sqlite-driver.php on line 3080
[09-Apr-2025 03:09:09 UTC] PHP Notice:  Trying to access array offset on value of type null in /internal/shared/sqlite-database-integration/wp-includes/sqlite-ast/class-wp-sqlite-driver.php on line 3081
[09-Apr-2025 03:09:09 UTC] PHP Notice:  Trying to access array offset on value of type null in /internal/shared/sqlite-database-integration/wp-includes/sqlite-ast/class-wp-sqlite-driver.php on line 3082
[09-Apr-2025 03:09:09 UTC] PHP Notice:  Trying to access array offset on value of type null in /internal/shared/sqlite-database-integration/wp-includes/sqlite-ast/class-wp-sqlite-driver.php on line 3083
[09-Apr-2025 03:09:10 UTC] WordPress database error <div style="clear:both">&nbsp;</div>
<div class="queries" style="clear:both;margin-bottom:2px;border:red dotted thin;">
<p>MySQL query:</p>
<p>INSERT INTO `wp_options` (`option_name`, `option_value`, `autoload`) VALUES ('nonce_key', 'A<D?`8DQ2RU~M}M;5QV{TmAV@C.`E}WyS4=;Cea;z+rF^zUtlUh6X=lB7?@>~e~)', 'off') ON DUPLICATE KEY UPDATE `option_name` = VALUES(`option_name`), `option_value` = VALUES(`option_value`), `autoload` = VALUES(`autoload`)</p>
<p>Queries made or created this session were:</p>
<ol>
<li>Executing: BEGIN | (no parameters)</li>
<li>Executing: SELECT 1 FROM sqlite_temp_schema WHERE type = 'table' AND name = ? | parameters: wp_options</li>
<li>Executing: 
				SELECT column_name, is_nullable, column_default, data_type, extra
				FROM _wp_sqlite_mysql_information_schema_columns
				WHERE table_schema = ?
				AND table_name = ?
				ORDER BY ordinal_position
			 | parameters: database_name_here, wp_options</li>
<li>Executing: INSERT INTO `wp_options` () SELECT  FROM (VALUES ( 'nonce_key' , 'A&lt;D?`8DQ2RU~M}M;5QV{TmAV@C.`E}WyS4=;Cea;z+rF^zUtlUh6X=lB7?@&gt;~e~)' , 'off' )) WHERE true ON CONFLICT DO UPDATE SET `option_name` = `excluded`.`option_name` , `option_value` = `excluded`.`option_value` , `autoload` = `excluded`.`autoload` | (no parameters)</li>
<li>Executing: ROLLBACK | (no parameters)</li>
</ol>
</div>
<div style="clear:both;margin-bottom:2px;border:red dotted thin;" class="error_message" style="border-bottom:dotted blue thin;">
SQLSTATE[HY000]: General error: 1 near ")": syntax error
</div>
<p>Backtrace:</p>
<pre>#0 /internal/shared/sqlite-database-integration/wp-includes/sqlite-ast/class-wp-sqlite-driver.php(690): WP_SQLite_Driver->new_driver_exception('SQLSTATE[HY000]...', 0, Object(PDOException))
#1 /internal/shared/sqlite-database-integration/wp-includes/sqlite/class-wp-sqlite-db.php(472): WP_SQLite_Driver->query('INSERT INTO `wp...')
#2 /internal/shared/sqlite-database-integration/wp-includes/sqlite/class-wp-sqlite-db.php(413): WP_SQLite_DB->_do_query('INSERT INTO `wp...')
#3 /wordpress/wp-includes/option.php(1134): WP_SQLite_DB->query('INSERT INTO `wp...')
#4 /wordpress/wp-includes/option.php(2145): add_option('nonce_key', 'A<D?`8DQ2RU~M}M...', '', 'off')
#5 /wordpress/wp-includes/option.php(2390): add_network_option(1, 'nonce_key', 'A<D?`8DQ2RU~M}M...')
#6 /wordpress/wp-includes/option.php(1959): update_network_option(1, 'nonce_key', 'A<D?`8DQ2RU~M}M...')
#7 /wordpress/wp-includes/pluggable.php(2559): update_site_option('nonce_key', 'A<D?`8DQ2RU~M}M...')
#8 /wordpress/wp-includes/pluggable.php(2592): wp_salt('nonce')
#9 /wordpress/wp-includes/pluggable.php(2428): wp_hash('40375|wp_rest|0...', 'nonce')
#10 /wordpress/wp-includes/script-loader.php(824): wp_create_nonce('wp_rest')
#11 /wordpress/wp-includes/class-wp-hook.php(324): wp_default_scripts(Object(WP_Scripts))
#12 /wordpress/wp-includes/class-wp-hook.php(348): WP_Hook->apply_filters('', Array)
#13 /wordpress/wp-includes/plugin.php(565): WP_Hook->do_action(Array)
#14 /wordpress/wp-includes/class-wp-scripts.php(166): do_action_ref_array('wp_default_scri...', Array)
#15 /wordpress/wp-includes/class-wp-scripts.php(149): WP_Scripts->init()
#16 /wordpress/wp-includes/functions.wp-scripts.php(24): WP_Scripts->__construct()
#17 /wordpress/wp-includes/functions.wp-scripts.php(187): wp_scripts()
#18 /wordpress/wp-content/plugins/glotpress/gp-includes/assets-loader.php(32): wp_register_script('tablesorter', 'http://127.0.0....', Array, 1744168146)
#19 /wordpress/wp-includes/class-wp-hook.php(324): gp_register_default_scripts('')
#20 /wordpress/wp-includes/class-wp-hook.php(348): WP_Hook->apply_filters(NULL, Array)
#21 /wordpress/wp-includes/plugin.php(517): WP_Hook->do_action(Array)
#22 /wordpress/wp-settings.php(704): do_action('init')
#23 /wordpress/wp-config.php(102): require_once('/wordpress/wp-s...')
#24 /wordpress/wp-load.php(50): require_once('/wordpress/wp-c...')
#25 /internal/eval.php(3): require_once('/wordpress/wp-l...')
#26 {main}</pre>
 for query INSERT INTO `wp_options` (`option_name`, `option_value`, `autoload`) VALUES ('nonce_key', 'A<D?`8DQ2RU~M}M;5QV{TmAV@C.`E}WyS4=;Cea;z+rF^zUtlUh6X=lB7?@>~e~)', 'off') ON DUPLICATE KEY UPDATE `option_name` = VALUES(`option_name`), `option_value` = VALUES(`option_value`), `autoload` = VALUES(`autoload`) made by require_once('wp-load.php'), require_once('wp-config.php'), require_once('wp-settings.php'), do_action('init'), WP_Hook->do_action, WP_Hook->apply_filters, gp_register_default_scripts, wp_register_script, wp_scripts, WP_Scripts->__construct, WP_Scripts->init, do_action_ref_array('wp_default_scripts'), WP_Hook->do_action, WP_Hook->apply_filters, wp_default_scripts, wp_create_nonce, wp_hash, wp_salt, update_site_option, update_network_option, add_network_option, add_option, WP_SQLite_DB->query, WP_SQLite_DB->print_error
[09-Apr-2025 03:09:10 UTC] WordPress database error <div style="clear:both">&nbsp;</div>
<div class="queries" style="clear:both;margin-bottom:2px;border:red dotted thin;">
<p>MySQL query:</p>
<p>INSERT INTO `wp_options` (`option_name`, `option_value`, `autoload`) VALUES ('nonce_salt', 'rEw_vHp^*n[JTFz@%6!rt: bH$R]5iYy=:5x%&haIIf{Q?*Ja%95=)L7RfTI)%9p', 'off') ON DUPLICATE KEY UPDATE `option_name` = VALUES(`option_name`), `option_value` = VALUES(`option_value`), `autoload` = VALUES(`autoload`)</p>
<p>Queries made or created this session were:</p>
<ol>
<li>Executing: BEGIN | (no parameters)</li>
<li>Executing: SELECT 1 FROM sqlite_temp_schema WHERE type = 'table' AND name = ? | parameters: wp_options</li>
<li>Executing: 
				SELECT column_name, is_nullable, column_default, data_type, extra
				FROM _wp_sqlite_mysql_information_schema_columns
				WHERE table_schema = ?
				AND table_name = ?
				ORDER BY ordinal_position
			 | parameters: database_name_here, wp_options</li>
<li>Executing: INSERT INTO `wp_options` () SELECT  FROM (VALUES ( 'nonce_salt' , 'rEw_vHp^*n[JTFz@%6!rt: bH$R]5iYy=:5x%&amp;haIIf{Q?*Ja%95=)L7RfTI)%9p' , 'off' )) WHERE true ON CONFLICT DO UPDATE SET `option_name` = `excluded`.`option_name` , `option_value` = `excluded`.`option_value` , `autoload` = `excluded`.`autoload` | (no parameters)</li>
<li>Executing: ROLLBACK | (no parameters)</li>
</ol>
</div>
<div style="clear:both;margin-bottom:2px;border:red dotted thin;" class="error_message" style="border-bottom:dotted blue thin;">
SQLSTATE[HY000]: General error: 1 near ")": syntax error
</div>
<p>Backtrace:</p>
<pre>#0 /internal/shared/sqlite-database-integration/wp-includes/sqlite-ast/class-wp-sqlite-driver.php(690): WP_SQLite_Driver->new_driver_exception('SQLSTATE[HY000]...', 0, Object(PDOException))
#1 /internal/shared/sqlite-database-integration/wp-includes/sqlite/class-wp-sqlite-db.php(472): WP_SQLite_Driver->query('INSERT INTO `wp...')
#2 /internal/shared/sqlite-database-integration/wp-includes/sqlite/class-wp-sqlite-db.php(413): WP_SQLite_DB->_do_query('INSERT INTO `wp...')
#3 /wordpress/wp-includes/option.php(1134): WP_SQLite_DB->query('INSERT INTO `wp...')
#4 /wordpress/wp-includes/option.php(2145): add_option('nonce_salt', 'rEw_vHp^*n[JTFz...', '', 'off')
#5 /wordpress/wp-includes/option.php(2390): add_network_option(1, 'nonce_salt', 'rEw_vHp^*n[JTFz...')
#6 /wordpress/wp-includes/option.php(1959): update_network_option(1, 'nonce_salt', 'rEw_vHp^*n[JTFz...')
#7 /wordpress/wp-includes/pluggable.php(2559): update_site_option('nonce_salt', 'rEw_vHp^*n[JTFz...')
#8 /wordpress/wp-includes/pluggable.php(2592): wp_salt('nonce')
#9 /wordpress/wp-includes/pluggable.php(2428): wp_hash('40375|wp_rest|0...', 'nonce')
#10 /wordpress/wp-includes/script-loader.php(824): wp_create_nonce('wp_rest')
#11 /wordpress/wp-includes/class-wp-hook.php(324): wp_default_scripts(Object(WP_Scripts))
#12 /wordpress/wp-includes/class-wp-hook.php(348): WP_Hook->apply_filters('', Array)
#13 /wordpress/wp-includes/plugin.php(565): WP_Hook->do_action(Array)
#14 /wordpress/wp-includes/class-wp-scripts.php(166): do_action_ref_array('wp_default_scri...', Array)
#15 /wordpress/wp-includes/class-wp-scripts.php(149): WP_Scripts->init()
#16 /wordpress/wp-includes/functions.wp-scripts.php(24): WP_Scripts->__construct()
#17 /wordpress/wp-includes/functions.wp-scripts.php(187): wp_scripts()
#18 /wordpress/wp-content/plugins/glotpress/gp-includes/assets-loader.php(32): wp_register_script('tablesorter', 'http://127.0.0....', Array, 1744168146)
#19 /wordpress/wp-includes/class-wp-hook.php(324): gp_register_default_scripts('')
#20 /wordpress/wp-includes/class-wp-hook.php(348): WP_Hook->apply_filters(NULL, Array)
#21 /wordpress/wp-includes/plugin.php(517): WP_Hook->do_action(Array)
#22 /wordpress/wp-settings.php(704): do_action('init')
#23 /wordpress/wp-config.php(102): require_once('/wordpress/wp-s...')
#24 /wordpress/wp-load.php(50): require_once('/wordpress/wp-c...')
#25 /internal/eval.php(3): require_once('/wordpress/wp-l...')
#26 {main}</pre>
 for query INSERT INTO `wp_options` (`option_name`, `option_value`, `autoload`) VALUES ('nonce_salt', 'rEw_vHp^*n[JTFz@%6!rt: bH$R]5iYy=:5x%&haIIf{Q?*Ja%95=)L7RfTI)%9p', 'off') ON DUPLICATE KEY UPDATE `option_name` = VALUES(`option_name`), `option_value` = VALUES(`option_value`), `autoload` = VALUES(`autoload`) made by require_once('wp-load.php'), require_once('wp-config.php'), require_once('wp-settings.php'), do_action('init'), WP_Hook->do_action, WP_Hook->apply_filters, gp_register_default_scripts, wp_register_script, wp_scripts, WP_Scripts->__construct, WP_Scripts->init, do_action_ref_array('wp_default_scripts'), WP_Hook->do_action, WP_Hook->apply_filters, wp_default_scripts, wp_create_nonce, wp_hash, wp_salt, update_site_option, update_network_option, add_network_option, add_option, WP_SQLite_DB->query, WP_SQLite_DB->print_error
[09-Apr-2025 03:09:10 UTC] WordPress database error <div style="clear:both">&nbsp;</div>
<div class="queries" style="clear:both;margin-bottom:2px;border:red dotted thin;">
<p>MySQL query:</p>
<p>INSERT INTO `wp_options` (`option_name`, `option_value`, `autoload`) VALUES ('gp_rewrite_rule', 'a:2:{s:11:\"^glotpress$\";s:18:\"index.php?gp_route\";s:18:\"^glotpress\\/+(.*)$\";s:30:\"index.php?gp_route=$matches[1]\";}', 'auto') ON DUPLICATE KEY UPDATE `option_name` = VALUES(`option_name`), `option_value` = VALUES(`option_value`), `autoload` = VALUES(`autoload`)</p>
<p>Queries made or created this session were:</p>
<ol>
<li>Executing: BEGIN | (no parameters)</li>
<li>Executing: SELECT 1 FROM sqlite_temp_schema WHERE type = 'table' AND name = ? | parameters: wp_options</li>
<li>Executing: 
				SELECT column_name, is_nullable, column_default, data_type, extra
				FROM _wp_sqlite_mysql_information_schema_columns
				WHERE table_schema = ?
				AND table_name = ?
				ORDER BY ordinal_position
			 | parameters: database_name_here, wp_options</li>
<li>Executing: INSERT INTO `wp_options` () SELECT  FROM (VALUES ( 'gp_rewrite_rule' , 'a:2:{s:11:&quot;^glotpress$&quot;;s:18:&quot;index.php?gp_route&quot;;s:18:&quot;^glotpress\/+(.*)$&quot;;s:30:&quot;index.php?gp_route=$matches[1]&quot;;}' , 'auto' )) WHERE true ON CONFLICT DO UPDATE SET `option_name` = `excluded`.`option_name` , `option_value` = `excluded`.`option_value` , `autoload` = `excluded`.`autoload` | (no parameters)</li>
<li>Executing: ROLLBACK | (no parameters)</li>
</ol>
</div>
<div style="clear:both;margin-bottom:2px;border:red dotted thin;" class="error_message" style="border-bottom:dotted blue thin;">
SQLSTATE[HY000]: General error: 1 near ")": syntax error
</div>
<p>Backtrace:</p>
<pre>#0 /internal/shared/sqlite-database-integration/wp-includes/sqlite-ast/class-wp-sqlite-driver.php(690): WP_SQLite_Driver->new_driver_exception('SQLSTATE[HY000]...', 0, Object(PDOException))
#1 /internal/shared/sqlite-database-integration/wp-includes/sqlite/class-wp-sqlite-db.php(472): WP_SQLite_Driver->query('INSERT INTO `wp...')
#2 /internal/shared/sqlite-database-integration/wp-includes/sqlite/class-wp-sqlite-db.php(413): WP_SQLite_DB->_do_query('INSERT INTO `wp...')
#3 /wordpress/wp-includes/option.php(1134): WP_SQLite_DB->query('INSERT INTO `wp...')
#4 /wordpress/wp-includes/option.php(921): add_option('gp_rewrite_rule', Array, '', 'auto')
#5 /wordpress/wp-content/plugins/glotpress/gp-includes/rewrite.php(55): update_option('gp_rewrite_rule', Array)
#6 /wordpress/wp-content/plugins/glotpress/gp-includes/system.php(18): gp_rewrite_rules()
#7 /wordpress/wp-includes/class-wp-hook.php(324): gp_init('')
#8 /wordpress/wp-includes/class-wp-hook.php(348): WP_Hook->apply_filters(NULL, Array)
#9 /wordpress/wp-includes/plugin.php(517): WP_Hook->do_action(Array)
#10 /wordpress/wp-settings.php(704): do_action('init')
#11 /wordpress/wp-config.php(102): require_once('/wordpress/wp-s...')
#12 /wordpress/wp-load.php(50): require_once('/wordpress/wp-c...')
#13 /internal/eval.php(3): require_once('/wordpress/wp-l...')
#14 {main}</pre>
 for query INSERT INTO `wp_options` (`option_name`, `option_value`, `autoload`) VALUES ('gp_rewrite_rule', 'a:2:{s:11:\"^glotpress$\";s:18:\"index.php?gp_route\";s:18:\"^glotpress\\/+(.*)$\";s:30:\"index.php?gp_route=$matches[1]\";}', 'auto') ON DUPLICATE KEY UPDATE `option_name` = VALUES(`option_name`), `option_value` = VALUES(`option_value`), `autoload` = VALUES(`autoload`) made by require_once('wp-load.php'), require_once('wp-config.php'), require_once('wp-settings.php'), do_action('init'), WP_Hook->do_action, WP_Hook->apply_filters, gp_init, gp_rewrite_rules, update_option, add_option, WP_SQLite_DB->query, WP_SQLite_DB->print_error
[09-Apr-2025 03:09:10 UTC] PHP Notice:  Undefined index: option_value in /internal/shared/sqlite-database-integration/wp-includes/sqlite-ast/class-wp-sqlite-driver.php on line 3080
[09-Apr-2025 03:09:10 UTC] PHP Notice:  Trying to access array offset on value of type null in /internal/shared/sqlite-database-integration/wp-includes/sqlite-ast/class-wp-sqlite-driver.php on line 3081
[09-Apr-2025 03:09:10 UTC] PHP Notice:  Trying to access array offset on value of type null in /internal/shared/sqlite-database-integration/wp-includes/sqlite-ast/class-wp-sqlite-driver.php on line 3082
[09-Apr-2025 03:09:10 UTC] PHP Notice:  Trying to access array offset on value of type null in /internal/shared/sqlite-database-integration/wp-includes/sqlite-ast/class-wp-sqlite-driver.php on line 3083
[09-Apr-2025 03:09:12 UTC] WordPress database error <div style="clear:both">&nbsp;</div>
<div class="queries" style="clear:both;margin-bottom:2px;border:red dotted thin;">
<p>MySQL query:</p>
<p>INSERT INTO `wp_options` (`option_name`, `option_value`, `autoload`) VALUES ('gp_db_version', '980', 'auto') ON DUPLICATE KEY UPDATE `option_name` = VALUES(`option_name`), `option_value` = VALUES(`option_value`), `autoload` = VALUES(`autoload`)</p>
<p>Queries made or created this session were:</p>
<ol>
<li>Executing: BEGIN | (no parameters)</li>
<li>Executing: SELECT 1 FROM sqlite_temp_schema WHERE type = 'table' AND name = ? | parameters: wp_options</li>
<li>Executing: 
				SELECT column_name, is_nullable, column_default, data_type, extra
				FROM _wp_sqlite_mysql_information_schema_columns
				WHERE table_schema = ?
				AND table_name = ?
				ORDER BY ordinal_position
			 | parameters: database_name_here, wp_options</li>
<li>Executing: INSERT INTO `wp_options` () SELECT  FROM (VALUES ( 'gp_db_version' , '980' , 'auto' )) WHERE true ON CONFLICT DO UPDATE SET `option_name` = `excluded`.`option_name` , `option_value` = `excluded`.`option_value` , `autoload` = `excluded`.`autoload` | (no parameters)</li>
<li>Executing: ROLLBACK | (no parameters)</li>
</ol>
</div>
<div style="clear:both;margin-bottom:2px;border:red dotted thin;" class="error_message" style="border-bottom:dotted blue thin;">
SQLSTATE[HY000]: General error: 1 near ")": syntax error
</div>
<p>Backtrace:</p>
<pre>#0 /internal/shared/sqlite-database-integration/wp-includes/sqlite-ast/class-wp-sqlite-driver.php(690): WP_SQLite_Driver->new_driver_exception('SQLSTATE[HY000]...', 0, Object(PDOException))
#1 /internal/shared/sqlite-database-integration/wp-includes/sqlite/class-wp-sqlite-db.php(472): WP_SQLite_Driver->query('INSERT INTO `wp...')
#2 /internal/shared/sqlite-database-integration/wp-includes/sqlite/class-wp-sqlite-db.php(413): WP_SQLite_DB->_do_query('INSERT INTO `wp...')
#3 /wordpress/wp-includes/option.php(1134): WP_SQLite_DB->query('INSERT INTO `wp...')
#4 /wordpress/wp-includes/option.php(921): add_option('gp_db_version', '980', '', 'auto')
#5 /wordpress/wp-content/plugins/glotpress/gp-includes/install-upgrade.php(31): update_option('gp_db_version', '980')
#6 /wordpress/wp-content/plugins/glotpress/gp-settings.php(141): gp_upgrade_db()
#7 /wordpress/wp-content/plugins/glotpress/glotpress.php(165): require_once('/wordpress/wp-c...')
#8 /wordpress/wp-settings.php(526): include_once('/wordpress/wp-c...')
#9 /wordpress/wp-config.php(102): require_once('/wordpress/wp-s...')
#10 /wordpress/wp-load.php(50): require_once('/wordpress/wp-c...')
#11 /internal/eval.php(3): require_once('/wordpress/wp-l...')
#12 {main}</pre>
 for query INSERT INTO `wp_options` (`option_name`, `option_value`, `autoload`) VALUES ('gp_db_version', '980', 'auto') ON DUPLICATE KEY UPDATE `option_name` = VALUES(`option_name`), `option_value` = VALUES(`option_value`), `autoload` = VALUES(`autoload`) made by require_once('wp-load.php'), require_once('wp-config.php'), require_once('wp-settings.php'), include_once('/plugins/glotpress/glotpress.php'), require_once('/plugins/glotpress/gp-settings.php'), gp_upgrade_db, update_option, add_option, WP_SQLite_DB->query, WP_SQLite_DB->print_error
[09-Apr-2025 03:09:12 UTC] WordPress database error <div style="clear:both">&nbsp;</div>
<div class="queries" style="clear:both;margin-bottom:2px;border:red dotted thin;">
<p>MySQL query:</p>
<p>INSERT INTO `wp_options` (`option_name`, `option_value`, `autoload`) VALUES ('nonce_key', 'gbE*PEC5OjsFaL,0glG5RbbW4cp50Gg_!-ipu>,ce2~|&`ba_S3(=ye^K~$1:wYc', 'off') ON DUPLICATE KEY UPDATE `option_name` = VALUES(`option_name`), `option_value` = VALUES(`option_value`), `autoload` = VALUES(`autoload`)</p>
<p>Queries made or created this session were:</p>
<ol>
<li>Executing: BEGIN | (no parameters)</li>
<li>Executing: SELECT 1 FROM sqlite_temp_schema WHERE type = 'table' AND name = ? | parameters: wp_options</li>
<li>Executing: 
				SELECT column_name, is_nullable, column_default, data_type, extra
				FROM _wp_sqlite_mysql_information_schema_columns
				WHERE table_schema = ?
				AND table_name = ?
				ORDER BY ordinal_position
			 | parameters: database_name_here, wp_options</li>
<li>Executing: INSERT INTO `wp_options` () SELECT  FROM (VALUES ( 'nonce_key' , 'gbE*PEC5OjsFaL,0glG5RbbW4cp50Gg_!-ipu&gt;,ce2~|&amp;`ba_S3(=ye^K~$1:wYc' , 'off' )) WHERE true ON CONFLICT DO UPDATE SET `option_name` = `excluded`.`option_name` , `option_value` = `excluded`.`option_value` , `autoload` = `excluded`.`autoload` | (no parameters)</li>
<li>Executing: ROLLBACK | (no parameters)</li>
</ol>
</div>
<div style="clear:both;margin-bottom:2px;border:red dotted thin;" class="error_message" style="border-bottom:dotted blue thin;">
SQLSTATE[HY000]: General error: 1 near ")": syntax error
</div>
<p>Backtrace:</p>
<pre>#0 /internal/shared/sqlite-database-integration/wp-includes/sqlite-ast/class-wp-sqlite-driver.php(690): WP_SQLite_Driver->new_driver_exception('SQLSTATE[HY000]...', 0, Object(PDOException))
#1 /internal/shared/sqlite-database-integration/wp-includes/sqlite/class-wp-sqlite-db.php(472): WP_SQLite_Driver->query('INSERT INTO `wp...')
#2 /internal/shared/sqlite-database-integration/wp-includes/sqlite/class-wp-sqlite-db.php(413): WP_SQLite_DB->_do_query('INSERT INTO `wp...')
#3 /wordpress/wp-includes/option.php(1134): WP_SQLite_DB->query('INSERT INTO `wp...')
#4 /wordpress/wp-includes/option.php(2145): add_option('nonce_key', 'gbE*PEC5OjsFaL,...', '', 'off')
#5 /wordpress/wp-includes/option.php(2390): add_network_option(1, 'nonce_key', 'gbE*PEC5OjsFaL,...')
#6 /wordpress/wp-includes/option.php(1959): update_network_option(1, 'nonce_key', 'gbE*PEC5OjsFaL,...')
#7 /wordpress/wp-includes/pluggable.php(2559): update_site_option('nonce_key', 'gbE*PEC5OjsFaL,...')
#8 /wordpress/wp-includes/pluggable.php(2592): wp_salt('nonce')
#9 /wordpress/wp-includes/pluggable.php(2428): wp_hash('40375|wp_rest|0...', 'nonce')
#10 /wordpress/wp-includes/script-loader.php(824): wp_create_nonce('wp_rest')
#11 /wordpress/wp-includes/class-wp-hook.php(324): wp_default_scripts(Object(WP_Scripts))
#12 /wordpress/wp-includes/class-wp-hook.php(348): WP_Hook->apply_filters('', Array)
#13 /wordpress/wp-includes/plugin.php(565): WP_Hook->do_action(Array)
#14 /wordpress/wp-includes/class-wp-scripts.php(166): do_action_ref_array('wp_default_scri...', Array)
#15 /wordpress/wp-includes/class-wp-scripts.php(149): WP_Scripts->init()
#16 /wordpress/wp-includes/functions.wp-scripts.php(24): WP_Scripts->__construct()
#17 /wordpress/wp-includes/functions.wp-scripts.php(187): wp_scripts()
#18 /wordpress/wp-content/plugins/glotpress/gp-includes/assets-loader.php(32): wp_register_script('tablesorter', 'http://127.0.0....', Array, 1744168146)
#19 /wordpress/wp-includes/class-wp-hook.php(324): gp_register_default_scripts('')
#20 /wordpress/wp-includes/class-wp-hook.php(348): WP_Hook->apply_filters(NULL, Array)
#21 /wordpress/wp-includes/plugin.php(517): WP_Hook->do_action(Array)
#22 /wordpress/wp-settings.php(704): do_action('init')
#23 /wordpress/wp-config.php(102): require_once('/wordpress/wp-s...')
#24 /wordpress/wp-load.php(50): require_once('/wordpress/wp-c...')
#25 /internal/eval.php(3): require_once('/wordpress/wp-l...')
#26 {main}</pre>
 for query INSERT INTO `wp_options` (`option_name`, `option_value`, `autoload`) VALUES ('nonce_key', 'gbE*PEC5OjsFaL,0glG5RbbW4cp50Gg_!-ipu>,ce2~|&`ba_S3(=ye^K~$1:wYc', 'off') ON DUPLICATE KEY UPDATE `option_name` = VALUES(`option_name`), `option_value` = VALUES(`option_value`), `autoload` = VALUES(`autoload`) made by require_once('wp-load.php'), require_once('wp-config.php'), require_once('wp-settings.php'), do_action('init'), WP_Hook->do_action, WP_Hook->apply_filters, gp_register_default_scripts, wp_register_script, wp_scripts, WP_Scripts->__construct, WP_Scripts->init, do_action_ref_array('wp_default_scripts'), WP_Hook->do_action, WP_Hook->apply_filters, wp_default_scripts, wp_create_nonce, wp_hash, wp_salt, update_site_option, update_network_option, add_network_option, add_option, WP_SQLite_DB->query, WP_SQLite_DB->print_error
[09-Apr-2025 03:09:12 UTC] WordPress database error <div style="clear:both">&nbsp;</div>
<div class="queries" style="clear:both;margin-bottom:2px;border:red dotted thin;">
<p>MySQL query:</p>
<p>INSERT INTO `wp_options` (`option_name`, `option_value`, `autoload`) VALUES ('nonce_salt', 'E2kZ?B_J]mMhn.T$^!gd3z8xN[.?|3K&]e=eTM|u{Nk`HaIvY(C-}eV#y3% I!Rl', 'off') ON DUPLICATE KEY UPDATE `option_name` = VALUES(`option_name`), `option_value` = VALUES(`option_value`), `autoload` = VALUES(`autoload`)</p>
<p>Queries made or created this session were:</p>
<ol>
<li>Executing: BEGIN | (no parameters)</li>
<li>Executing: SELECT 1 FROM sqlite_temp_schema WHERE type = 'table' AND name = ? | parameters: wp_options</li>
<li>Executing: 
				SELECT column_name, is_nullable, column_default, data_type, extra
				FROM _wp_sqlite_mysql_information_schema_columns
				WHERE table_schema = ?
				AND table_name = ?
				ORDER BY ordinal_position
			 | parameters: database_name_here, wp_options</li>
<li>Executing: INSERT INTO `wp_options` () SELECT  FROM (VALUES ( 'nonce_salt' , 'E2kZ?B_J]mMhn.T$^!gd3z8xN[.?|3K&amp;]e=eTM|u{Nk`HaIvY(C-}eV#y3% I!Rl' , 'off' )) WHERE true ON CONFLICT DO UPDATE SET `option_name` = `excluded`.`option_name` , `option_value` = `excluded`.`option_value` , `autoload` = `excluded`.`autoload` | (no parameters)</li>
<li>Executing: ROLLBACK | (no parameters)</li>
</ol>
</div>
<div style="clear:both;margin-bottom:2px;border:red dotted thin;" class="error_message" style="border-bottom:dotted blue thin;">
SQLSTATE[HY000]: General error: 1 near ")": syntax error
</div>
<p>Backtrace:</p>
<pre>#0 /internal/shared/sqlite-database-integration/wp-includes/sqlite-ast/class-wp-sqlite-driver.php(690): WP_SQLite_Driver->new_driver_exception('SQLSTATE[HY000]...', 0, Object(PDOException))
#1 /internal/shared/sqlite-database-integration/wp-includes/sqlite/class-wp-sqlite-db.php(472): WP_SQLite_Driver->query('INSERT INTO `wp...')
#2 /internal/shared/sqlite-database-integration/wp-includes/sqlite/class-wp-sqlite-db.php(413): WP_SQLite_DB->_do_query('INSERT INTO `wp...')
#3 /wordpress/wp-includes/option.php(1134): WP_SQLite_DB->query('INSERT INTO `wp...')
#4 /wordpress/wp-includes/option.php(2145): add_option('nonce_salt', 'E2kZ?B_J]mMhn.T...', '', 'off')
#5 /wordpress/wp-includes/option.php(2390): add_network_option(1, 'nonce_salt', 'E2kZ?B_J]mMhn.T...')
#6 /wordpress/wp-includes/option.php(1959): update_network_option(1, 'nonce_salt', 'E2kZ?B_J]mMhn.T...')
#7 /wordpress/wp-includes/pluggable.php(2559): update_site_option('nonce_salt', 'E2kZ?B_J]mMhn.T...')
#8 /wordpress/wp-includes/pluggable.php(2592): wp_salt('nonce')
#9 /wordpress/wp-includes/pluggable.php(2428): wp_hash('40375|wp_rest|0...', 'nonce')
#10 /wordpress/wp-includes/script-loader.php(824): wp_create_nonce('wp_rest')
#11 /wordpress/wp-includes/class-wp-hook.php(324): wp_default_scripts(Object(WP_Scripts))
#12 /wordpress/wp-includes/class-wp-hook.php(348): WP_Hook->apply_filters('', Array)
#13 /wordpress/wp-includes/plugin.php(565): WP_Hook->do_action(Array)
#14 /wordpress/wp-includes/class-wp-scripts.php(166): do_action_ref_array('wp_default_scri...', Array)
#15 /wordpress/wp-includes/class-wp-scripts.php(149): WP_Scripts->init()
#16 /wordpress/wp-includes/functions.wp-scripts.php(24): WP_Scripts->__construct()
#17 /wordpress/wp-includes/functions.wp-scripts.php(187): wp_scripts()
#18 /wordpress/wp-content/plugins/glotpress/gp-includes/assets-loader.php(32): wp_register_script('tablesorter', 'http://127.0.0....', Array, 1744168146)
#19 /wordpress/wp-includes/class-wp-hook.php(324): gp_register_default_scripts('')
#20 /wordpress/wp-includes/class-wp-hook.php(348): WP_Hook->apply_filters(NULL, Array)
#21 /wordpress/wp-includes/plugin.php(517): WP_Hook->do_action(Array)
#22 /wordpress/wp-settings.php(704): do_action('init')
#23 /wordpress/wp-config.php(102): require_once('/wordpress/wp-s...')
#24 /wordpress/wp-load.php(50): require_once('/wordpress/wp-c...')
#25 /internal/eval.php(3): require_once('/wordpress/wp-l...')
#26 {main}</pre>
 for query INSERT INTO `wp_options` (`option_name`, `option_value`, `autoload`) VALUES ('nonce_salt', 'E2kZ?B_J]mMhn.T$^!gd3z8xN[.?|3K&]e=eTM|u{Nk`HaIvY(C-}eV#y3% I!Rl', 'off') ON DUPLICATE KEY UPDATE `option_name` = VALUES(`option_name`), `option_value` = VALUES(`option_value`), `autoload` = VALUES(`autoload`) made by require_once('wp-load.php'), require_once('wp-config.php'), require_once('wp-settings.php'), do_action('init'), WP_Hook->do_action, WP_Hook->apply_filters, gp_register_default_scripts, wp_register_script, wp_scripts, WP_Scripts->__construct, WP_Scripts->init, do_action_ref_array('wp_default_scripts'), WP_Hook->do_action, WP_Hook->apply_filters, wp_default_scripts, wp_create_nonce, wp_hash, wp_salt, update_site_option, update_network_option, add_network_option, add_option, WP_SQLite_DB->query, WP_SQLite_DB->print_error
[09-Apr-2025 03:09:12 UTC] WordPress database error <div style="clear:both">&nbsp;</div>
<div class="queries" style="clear:both;margin-bottom:2px;border:red dotted thin;">
<p>MySQL query:</p>
<p>INSERT INTO `wp_options` (`option_name`, `option_value`, `autoload`) VALUES ('gp_rewrite_rule', 'a:2:{s:11:\"^glotpress$\";s:18:\"index.php?gp_route\";s:18:\"^glotpress\\/+(.*)$\";s:30:\"index.php?gp_route=$matches[1]\";}', 'auto') ON DUPLICATE KEY UPDATE `option_name` = VALUES(`option_name`), `option_value` = VALUES(`option_value`), `autoload` = VALUES(`autoload`)</p>
<p>Queries made or created this session were:</p>
<ol>
<li>Executing: BEGIN | (no parameters)</li>
<li>Executing: SELECT 1 FROM sqlite_temp_schema WHERE type = 'table' AND name = ? | parameters: wp_options</li>
<li>Executing: 
				SELECT column_name, is_nullable, column_default, data_type, extra
				FROM _wp_sqlite_mysql_information_schema_columns
				WHERE table_schema = ?
				AND table_name = ?
				ORDER BY ordinal_position
			 | parameters: database_name_here, wp_options</li>
<li>Executing: INSERT INTO `wp_options` () SELECT  FROM (VALUES ( 'gp_rewrite_rule' , 'a:2:{s:11:&quot;^glotpress$&quot;;s:18:&quot;index.php?gp_route&quot;;s:18:&quot;^glotpress\/+(.*)$&quot;;s:30:&quot;index.php?gp_route=$matches[1]&quot;;}' , 'auto' )) WHERE true ON CONFLICT DO UPDATE SET `option_name` = `excluded`.`option_name` , `option_value` = `excluded`.`option_value` , `autoload` = `excluded`.`autoload` | (no parameters)</li>
<li>Executing: ROLLBACK | (no parameters)</li>
</ol>
</div>
<div style="clear:both;margin-bottom:2px;border:red dotted thin;" class="error_message" style="border-bottom:dotted blue thin;">
SQLSTATE[HY000]: General error: 1 near ")": syntax error
</div>
<p>Backtrace:</p>
<pre>#0 /internal/shared/sqlite-database-integration/wp-includes/sqlite-ast/class-wp-sqlite-driver.php(690): WP_SQLite_Driver->new_driver_exception('SQLSTATE[HY000]...', 0, Object(PDOException))
#1 /internal/shared/sqlite-database-integration/wp-includes/sqlite/class-wp-sqlite-db.php(472): WP_SQLite_Driver->query('INSERT INTO `wp...')
#2 /internal/shared/sqlite-database-integration/wp-includes/sqlite/class-wp-sqlite-db.php(413): WP_SQLite_DB->_do_query('INSERT INTO `wp...')
#3 /wordpress/wp-includes/option.php(1134): WP_SQLite_DB->query('INSERT INTO `wp...')
#4 /wordpress/wp-includes/option.php(921): add_option('gp_rewrite_rule', Array, '', 'auto')
#5 /wordpress/wp-content/plugins/glotpress/gp-includes/rewrite.php(55): update_option('gp_rewrite_rule', Array)
#6 /wordpress/wp-content/plugins/glotpress/gp-includes/system.php(18): gp_rewrite_rules()
#7 /wordpress/wp-includes/class-wp-hook.php(324): gp_init('')
#8 /wordpress/wp-includes/class-wp-hook.php(348): WP_Hook->apply_filters(NULL, Array)
#9 /wordpress/wp-includes/plugin.php(517): WP_Hook->do_action(Array)
#10 /wordpress/wp-settings.php(704): do_action('init')
#11 /wordpress/wp-config.php(102): require_once('/wordpress/wp-s...')
#12 /wordpress/wp-load.php(50): require_once('/wordpress/wp-c...')
#13 /internal/eval.php(3): require_once('/wordpress/wp-l...')
#14 {main}</pre>
 for query INSERT INTO `wp_options` (`option_name`, `option_value`, `autoload`) VALUES ('gp_rewrite_rule', 'a:2:{s:11:\"^glotpress$\";s:18:\"index.php?gp_route\";s:18:\"^glotpress\\/+(.*)$\";s:30:\"index.php?gp_route=$matches[1]\";}', 'auto') ON DUPLICATE KEY UPDATE `option_name` = VALUES(`option_name`), `option_value` = VALUES(`option_value`), `autoload` = VALUES(`autoload`) made by require_once('wp-load.php'), require_once('wp-config.php'), require_once('wp-settings.php'), do_action('init'), WP_Hook->do_action, WP_Hook->apply_filters, gp_init, gp_rewrite_rules, update_option, add_option, WP_SQLite_DB->query, WP_SQLite_DB->print_error
[09-Apr-2025 03:09:12 UTC] PHP Notice:  Undefined index: option_value in /internal/shared/sqlite-database-integration/wp-includes/sqlite-ast/class-wp-sqlite-driver.php on line 3080
[09-Apr-2025 03:09:12 UTC] PHP Notice:  Trying to access array offset on value of type null in /internal/shared/sqlite-database-integration/wp-includes/sqlite-ast/class-wp-sqlite-driver.php on line 3081
[09-Apr-2025 03:09:12 UTC] PHP Notice:  Trying to access array offset on value of type null in /internal/shared/sqlite-database-integration/wp-includes/sqlite-ast/class-wp-sqlite-driver.php on line 3082
[09-Apr-2025 03:09:12 UTC] PHP Notice:  Trying to access array offset on value of type null in /internal/shared/sqlite-database-integration/wp-includes/sqlite-ast/class-wp-sqlite-driver.php on line 3083
[09-Apr-2025 03:09:13 UTC] WordPress database error <div style="clear:both">&nbsp;</div>
<div class="queries" style="clear:both;margin-bottom:2px;border:red dotted thin;">
<p>MySQL query:</p>
<p>INSERT INTO `wp_options` (`option_name`, `option_value`, `autoload`) VALUES ('nonce_key', '*^&I6H]2fM7GTdD{jN?K@2x]Y%x4`hmLSBsg9MewV<J02W3)<I+]JlkC;#^b::od', 'off') ON DUPLICATE KEY UPDATE `option_name` = VALUES(`option_name`), `option_value` = VALUES(`option_value`), `autoload` = VALUES(`autoload`)</p>
<p>Queries made or created this session were:</p>
<ol>
<li>Executing: BEGIN | (no parameters)</li>
<li>Executing: SELECT 1 FROM sqlite_temp_schema WHERE type = 'table' AND name = ? | parameters: wp_options</li>
<li>Executing: 
				SELECT column_name, is_nullable, column_default, data_type, extra
				FROM _wp_sqlite_mysql_information_schema_columns
				WHERE table_schema = ?
				AND table_name = ?
				ORDER BY ordinal_position
			 | parameters: database_name_here, wp_options</li>
<li>Executing: INSERT INTO `wp_options` () SELECT  FROM (VALUES ( 'nonce_key' , '*^&amp;I6H]2fM7GTdD{jN?K@2x]Y%x4`hmLSBsg9MewV&lt;J02W3)&lt;I+]JlkC;#^b::od' , 'off' )) WHERE true ON CONFLICT DO UPDATE SET `option_name` = `excluded`.`option_name` , `option_value` = `excluded`.`option_value` , `autoload` = `excluded`.`autoload` | (no parameters)</li>
<li>Executing: ROLLBACK | (no parameters)</li>
</ol>
</div>
<div style="clear:both;margin-bottom:2px;border:red dotted thin;" class="error_message" style="border-bottom:dotted blue thin;">
SQLSTATE[HY000]: General error: 1 near ")": syntax error
</div>
<p>Backtrace:</p>
<pre>#0 /internal/shared/sqlite-database-integration/wp-includes/sqlite-ast/class-wp-sqlite-driver.php(690): WP_SQLite_Driver->new_driver_exception('SQLSTATE[HY000]...', 0, Object(PDOException))
#1 /internal/shared/sqlite-database-integration/wp-includes/sqlite/class-wp-sqlite-db.php(472): WP_SQLite_Driver->query('INSERT INTO `wp...')
#2 /internal/shared/sqlite-database-integration/wp-includes/sqlite/class-wp-sqlite-db.php(413): WP_SQLite_DB->_do_query('INSERT INTO `wp...')
#3 /wordpress/wp-includes/option.php(1134): WP_SQLite_DB->query('INSERT INTO `wp...')
#4 /wordpress/wp-includes/option.php(2145): add_option('nonce_key', '*^&I6H]2fM7GTdD...', '', 'off')
#5 /wordpress/wp-includes/option.php(2390): add_network_option(1, 'nonce_key', '*^&I6H]2fM7GTdD...')
#6 /wordpress/wp-includes/option.php(1959): update_network_option(1, 'nonce_key', '*^&I6H]2fM7GTdD...')
#7 /wordpress/wp-includes/pluggable.php(2559): update_site_option('nonce_key', '*^&I6H]2fM7GTdD...')
#8 /wordpress/wp-includes/pluggable.php(2592): wp_salt('nonce')
#9 /wordpress/wp-includes/pluggable.php(2428): wp_hash('40375|wp_rest|0...', 'nonce')
#10 /wordpress/wp-includes/script-loader.php(824): wp_create_nonce('wp_rest')
#11 /wordpress/wp-includes/class-wp-hook.php(324): wp_default_scripts(Object(WP_Scripts))
#12 /wordpress/wp-includes/class-wp-hook.php(348): WP_Hook->apply_filters('', Array)
#13 /wordpress/wp-includes/plugin.php(565): WP_Hook->do_action(Array)
#14 /wordpress/wp-includes/class-wp-scripts.php(166): do_action_ref_array('wp_default_scri...', Array)
#15 /wordpress/wp-includes/class-wp-scripts.php(149): WP_Scripts->init()
#16 /wordpress/wp-includes/functions.wp-scripts.php(24): WP_Scripts->__construct()
#17 /wordpress/wp-includes/functions.wp-scripts.php(187): wp_scripts()
#18 /wordpress/wp-content/plugins/glotpress/gp-includes/assets-loader.php(32): wp_register_script('tablesorter', 'http://127.0.0....', Array, 1744168146)
#19 /wordpress/wp-includes/class-wp-hook.php(324): gp_register_default_scripts('')
#20 /wordpress/wp-includes/class-wp-hook.php(348): WP_Hook->apply_filters(NULL, Array)
#21 /wordpress/wp-includes/plugin.php(517): WP_Hook->do_action(Array)
#22 /wordpress/wp-settings.php(704): do_action('init')
#23 /wordpress/wp-config.php(102): require_once('/wordpress/wp-s...')
#24 /wordpress/wp-load.php(50): require_once('/wordpress/wp-c...')
#25 /internal/eval.php(3): require_once('/wordpress/wp-l...')
#26 {main}</pre>
 for query INSERT INTO `wp_options` (`option_name`, `option_value`, `autoload`) VALUES ('nonce_key', '*^&I6H]2fM7GTdD{jN?K@2x]Y%x4`hmLSBsg9MewV<J02W3)<I+]JlkC;#^b::od', 'off') ON DUPLICATE KEY UPDATE `option_name` = VALUES(`option_name`), `option_value` = VALUES(`option_value`), `autoload` = VALUES(`autoload`) made by require_once('wp-load.php'), require_once('wp-config.php'), require_once('wp-settings.php'), do_action('init'), WP_Hook->do_action, WP_Hook->apply_filters, gp_register_default_scripts, wp_register_script, wp_scripts, WP_Scripts->__construct, WP_Scripts->init, do_action_ref_array('wp_default_scripts'), WP_Hook->do_action, WP_Hook->apply_filters, wp_default_scripts, wp_create_nonce, wp_hash, wp_salt, update_site_option, update_network_option, add_network_option, add_option, WP_SQLite_DB->query, WP_SQLite_DB->print_error
[09-Apr-2025 03:09:13 UTC] WordPress database error <div style="clear:both">&nbsp;</div>
<div class="queries" style="clear:both;margin-bottom:2px;border:red dotted thin;">
<p>MySQL query:</p>
<p>INSERT INTO `wp_options` (`option_name`, `option_value`, `autoload`) VALUES ('nonce_salt', '3fvAtd#bC7=#FX*%XIsT@jic!^^(uG[JeS8*lC*F!uASX<>M,}P1bO1y>@2pmFU3', 'off') ON DUPLICATE KEY UPDATE `option_name` = VALUES(`option_name`), `option_value` = VALUES(`option_value`), `autoload` = VALUES(`autoload`)</p>
<p>Queries made or created this session were:</p>
<ol>
<li>Executing: BEGIN | (no parameters)</li>
<li>Executing: SELECT 1 FROM sqlite_temp_schema WHERE type = 'table' AND name = ? | parameters: wp_options</li>
<li>Executing: 
				SELECT column_name, is_nullable, column_default, data_type, extra
				FROM _wp_sqlite_mysql_information_schema_columns
				WHERE table_schema = ?
				AND table_name = ?
				ORDER BY ordinal_position
			 | parameters: database_name_here, wp_options</li>
<li>Executing: INSERT INTO `wp_options` () SELECT  FROM (VALUES ( 'nonce_salt' , '3fvAtd#bC7=#FX*%XIsT@jic!^^(uG[JeS8*lC*F!uASX&lt;&gt;M,}P1bO1y&gt;@2pmFU3' , 'off' )) WHERE true ON CONFLICT DO UPDATE SET `option_name` = `excluded`.`option_name` , `option_value` = `excluded`.`option_value` , `autoload` = `excluded`.`autoload` | (no parameters)</li>
<li>Executing: ROLLBACK | (no parameters)</li>
</ol>
</div>
<div style="clear:both;margin-bottom:2px;border:red dotted thin;" class="error_message" style="border-bottom:dotted blue thin;">
SQLSTATE[HY000]: General error: 1 near ")": syntax error
</div>
<p>Backtrace:</p>
<pre>#0 /internal/shared/sqlite-database-integration/wp-includes/sqlite-ast/class-wp-sqlite-driver.php(690): WP_SQLite_Driver->new_driver_exception('SQLSTATE[HY000]...', 0, Object(PDOException))
#1 /internal/shared/sqlite-database-integration/wp-includes/sqlite/class-wp-sqlite-db.php(472): WP_SQLite_Driver->query('INSERT INTO `wp...')
#2 /internal/shared/sqlite-database-integration/wp-includes/sqlite/class-wp-sqlite-db.php(413): WP_SQLite_DB->_do_query('INSERT INTO `wp...')
#3 /wordpress/wp-includes/option.php(1134): WP_SQLite_DB->query('INSERT INTO `wp...')
#4 /wordpress/wp-includes/option.php(2145): add_option('nonce_salt', '3fvAtd#bC7=#FX*...', '', 'off')
#5 /wordpress/wp-includes/option.php(2390): add_network_option(1, 'nonce_salt', '3fvAtd#bC7=#FX*...')
#6 /wordpress/wp-includes/option.php(1959): update_network_option(1, 'nonce_salt', '3fvAtd#bC7=#FX*...')
#7 /wordpress/wp-includes/pluggable.php(2559): update_site_option('nonce_salt', '3fvAtd#bC7=#FX*...')
#8 /wordpress/wp-includes/pluggable.php(2592): wp_salt('nonce')
#9 /wordpress/wp-includes/pluggable.php(2428): wp_hash('40375|wp_rest|0...', 'nonce')
#10 /wordpress/wp-includes/script-loader.php(824): wp_create_nonce('wp_rest')
#11 /wordpress/wp-includes/class-wp-hook.php(324): wp_default_scripts(Object(WP_Scripts))
#12 /wordpress/wp-includes/class-wp-hook.php(348): WP_Hook->apply_filters('', Array)
#13 /wordpress/wp-includes/plugin.php(565): WP_Hook->do_action(Array)
#14 /wordpress/wp-includes/class-wp-scripts.php(166): do_action_ref_array('wp_default_scri...', Array)
#15 /wordpress/wp-includes/class-wp-scripts.php(149): WP_Scripts->init()
#16 /wordpress/wp-includes/functions.wp-scripts.php(24): WP_Scripts->__construct()
#17 /wordpress/wp-includes/functions.wp-scripts.php(187): wp_scripts()
#18 /wordpress/wp-content/plugins/glotpress/gp-includes/assets-loader.php(32): wp_register_script('tablesorter', 'http://127.0.0....', Array, 1744168146)
#19 /wordpress/wp-includes/class-wp-hook.php(324): gp_register_default_scripts('')
#20 /wordpress/wp-includes/class-wp-hook.php(348): WP_Hook->apply_filters(NULL, Array)
#21 /wordpress/wp-includes/plugin.php(517): WP_Hook->do_action(Array)
#22 /wordpress/wp-settings.php(704): do_action('init')
#23 /wordpress/wp-config.php(102): require_once('/wordpress/wp-s...')
#24 /wordpress/wp-load.php(50): require_once('/wordpress/wp-c...')
#25 /internal/eval.php(3): require_once('/wordpress/wp-l...')
#26 {main}</pre>
 for query INSERT INTO `wp_options` (`option_name`, `option_value`, `autoload`) VALUES ('nonce_salt', '3fvAtd#bC7=#FX*%XIsT@jic!^^(uG[JeS8*lC*F!uASX<>M,}P1bO1y>@2pmFU3', 'off') ON DUPLICATE KEY UPDATE `option_name` = VALUES(`option_name`), `option_value` = VALUES(`option_value`), `autoload` = VALUES(`autoload`) made by require_once('wp-load.php'), require_once('wp-config.php'), require_once('wp-settings.php'), do_action('init'), WP_Hook->do_action, WP_Hook->apply_filters, gp_register_default_scripts, wp_register_script, wp_scripts, WP_Scripts->__construct, WP_Scripts->init, do_action_ref_array('wp_default_scripts'), WP_Hook->do_action, WP_Hook->apply_filters, wp_default_scripts, wp_create_nonce, wp_hash, wp_salt, update_site_option, update_network_option, add_network_option, add_option, WP_SQLite_DB->query, WP_SQLite_DB->print_error
[09-Apr-2025 03:09:13 UTC] WordPress database error <div style="clear:both">&nbsp;</div>
<div class="queries" style="clear:both;margin-bottom:2px;border:red dotted thin;">
<p>MySQL query:</p>
<p>INSERT INTO `wp_options` (`option_name`, `option_value`, `autoload`) VALUES ('gp_rewrite_rule', 'a:2:{s:11:\"^glotpress$\";s:18:\"index.php?gp_route\";s:18:\"^glotpress\\/+(.*)$\";s:30:\"index.php?gp_route=$matches[1]\";}', 'auto') ON DUPLICATE KEY UPDATE `option_name` = VALUES(`option_name`), `option_value` = VALUES(`option_value`), `autoload` = VALUES(`autoload`)</p>
<p>Queries made or created this session were:</p>
<ol>
<li>Executing: BEGIN | (no parameters)</li>
<li>Executing: SELECT 1 FROM sqlite_temp_schema WHERE type = 'table' AND name = ? | parameters: wp_options</li>
<li>Executing: 
				SELECT column_name, is_nullable, column_default, data_type, extra
				FROM _wp_sqlite_mysql_information_schema_columns
				WHERE table_schema = ?
				AND table_name = ?
				ORDER BY ordinal_position
			 | parameters: database_name_here, wp_options</li>
<li>Executing: INSERT INTO `wp_options` () SELECT  FROM (VALUES ( 'gp_rewrite_rule' , 'a:2:{s:11:&quot;^glotpress$&quot;;s:18:&quot;index.php?gp_route&quot;;s:18:&quot;^glotpress\/+(.*)$&quot;;s:30:&quot;index.php?gp_route=$matches[1]&quot;;}' , 'auto' )) WHERE true ON CONFLICT DO UPDATE SET `option_name` = `excluded`.`option_name` , `option_value` = `excluded`.`option_value` , `autoload` = `excluded`.`autoload` | (no parameters)</li>
<li>Executing: ROLLBACK | (no parameters)</li>
</ol>
</div>
<div style="clear:both;margin-bottom:2px;border:red dotted thin;" class="error_message" style="border-bottom:dotted blue thin;">
SQLSTATE[HY000]: General error: 1 near ")": syntax error
</div>
<p>Backtrace:</p>
<pre>#0 /internal/shared/sqlite-database-integration/wp-includes/sqlite-ast/class-wp-sqlite-driver.php(690): WP_SQLite_Driver->new_driver_exception('SQLSTATE[HY000]...', 0, Object(PDOException))
#1 /internal/shared/sqlite-database-integration/wp-includes/sqlite/class-wp-sqlite-db.php(472): WP_SQLite_Driver->query('INSERT INTO `wp...')
#2 /internal/shared/sqlite-database-integration/wp-includes/sqlite/class-wp-sqlite-db.php(413): WP_SQLite_DB->_do_query('INSERT INTO `wp...')
#3 /wordpress/wp-includes/option.php(1134): WP_SQLite_DB->query('INSERT INTO `wp...')
#4 /wordpress/wp-includes/option.php(921): add_option('gp_rewrite_rule', Array, '', 'auto')
#5 /wordpress/wp-content/plugins/glotpress/gp-includes/rewrite.php(55): update_option('gp_rewrite_rule', Array)
#6 /wordpress/wp-content/plugins/glotpress/gp-includes/system.php(18): gp_rewrite_rules()
#7 /wordpress/wp-includes/class-wp-hook.php(324): gp_init('')
#8 /wordpress/wp-includes/class-wp-hook.php(348): WP_Hook->apply_filters(NULL, Array)
#9 /wordpress/wp-includes/plugin.php(517): WP_Hook->do_action(Array)
#10 /wordpress/wp-settings.php(704): do_action('init')
#11 /wordpress/wp-config.php(102): require_once('/wordpress/wp-s...')
#12 /wordpress/wp-load.php(50): require_once('/wordpress/wp-c...')
#13 /internal/eval.php(3): require_once('/wordpress/wp-l...')
#14 {main}</pre>
 for query INSERT INTO `wp_options` (`option_name`, `option_value`, `autoload`) VALUES ('gp_rewrite_rule', 'a:2:{s:11:\"^glotpress$\";s:18:\"index.php?gp_route\";s:18:\"^glotpress\\/+(.*)$\";s:30:\"index.php?gp_route=$matches[1]\";}', 'auto') ON DUPLICATE KEY UPDATE `option_name` = VALUES(`option_name`), `option_value` = VALUES(`option_value`), `autoload` = VALUES(`autoload`) made by require_once('wp-load.php'), require_once('wp-config.php'), require_once('wp-settings.php'), do_action('init'), WP_Hook->do_action, WP_Hook->apply_filters, gp_init, gp_rewrite_rules, update_option, add_option, WP_SQLite_DB->query, WP_SQLite_DB->print_error
[09-Apr-2025 03:10:05 UTC] PHP Warning:  Undefined array key "option_value" in /internal/shared/sqlite-database-integration/wp-includes/sqlite-ast/class-wp-sqlite-driver.php on line 3080
[09-Apr-2025 03:10:05 UTC] PHP Warning:  Trying to access array offset on value of type null in /internal/shared/sqlite-database-integration/wp-includes/sqlite-ast/class-wp-sqlite-driver.php on line 3081
[09
Node.js v23.11.0
