file:///home/runner/work/playground-tester/playground-tester/node_modules/@wp-playground/cli/index.js:237
        throw new Error(y, { cause: u });
              ^

Error: [26-Apr-2025 04:52:42 UTC] PHP Fatal error:  Uncaught Error: Call to undefined function create_function() in /wordpress/wp-content/plugins/maja-envato/maja-envato-widget.php:90
Stack trace:
#0 /wordpress/wp-content/plugins/maja-envato/maja-envato.php(15): require_once()
#1 /wordpress/wp-admin/includes/plugin.php(2387): include_once('/wordpress/wp-c...')
#2 /wordpress/wp-admin/includes/plugin.php(673): plugin_sandbox_scrape('maja-envato/maj...')
#3 /internal/eval.php(20): activate_plugin('maja-envato/maj...')
#4 {main}
  thrown in /wordpress/wp-content/plugins/maja-envato/maja-envato-widget.php on line 90
[26-Apr-2025 04:52:50 UTC] PHP Fatal error:  Uncaught Error: Call to undefined function create_function() in /wordpress/wp-content/plugins/maja-envato/maja-envato-widget.php:90
Stack trace:
#0 /wordpress/wp-content/plugins/maja-envato/maja-envato.php(15): require_once()
#1 /wordpress/wp-admin/includes/plugin.php(2387): include_once('/wordpress/wp-c...')
#2 /wordpress/wp-admin/includes/plugin.php(673): plugin_sandbox_scrape('maja-envato/maj...')
#3 /internal/eval.php(20): activate_plugin('maja-envato/maj...')
#4 {main}
  thrown in /wordpress/wp-content/plugins/maja-envato/maja-envato-widget.php on line 90
[26-Apr-2025 04:52:57 UTC] PHP Fatal error:  Uncaught Error: Call to undefined function create_function() in /wordpress/wp-content/plugins/maja-envato/maja-envato-widget.php:90
Stack trace:
#0 /wordpress/wp-content/plugins/maja-envato/maja-envato.php(15): require_once()
#1 /wordpress/wp-admin/includes/plugin.php(2387): include_once('/wordpress/wp-c...')
#2 /wordpress/wp-admin/includes/plugin.php(673): plugin_sandbox_scrape('maja-envato/maj...')
#3 /internal/eval.php(20): activate_plugin('maja-envato/maj...')
#4 {main}
  thrown in /wordpress/wp-content/plugins/maja-envato/maja-envato-widget.php on line 90
[26-Apr-2025 04:53:05 UTC] PHP Parse error:  syntax error, unexpected ')' in /wordpress/wp-content/plugins/maker-badge/makerbadge.php on line 92
[26-Apr-2025 04:53:13 UTC] PHP Parse error:  syntax error, unexpected ')' in /wordpress/wp-content/plugins/maker-badge/makerbadge.php on line 92
[26-Apr-2025 04:53:20 UTC] PHP Parse error:  syntax error, unexpected ')' in /wordpress/wp-content/plugins/maker-badge/makerbadge.php on line 92
[26-Apr-2025 04:53:31 UTC] PHP Notice:  Function _load_textdomain_just_in_time was called <strong>incorrectly</strong>. Translation loading for the <code>memberships-by-hubloy</code> domain was triggered too early. This is usually an indicator for some code in the plugin or theme running too early. Translations should be loaded at the <code>init</code> action or later. Please see <a href="https://developer.wordpress.org/advanced-administration/debug/debug-wordpress/">Debugging in WordPress</a> for more information. (This message was added in version 6.7.0.) in /wordpress/wp-includes/functions.php on line 6121
[26-Apr-2025 04:53:31 UTC] PHP Deprecated:  Required parameter $data follows optional parameter $response in /wordpress/wp-content/plugins/memberships-by-hubloy/app/base/addon.php on line 138
[26-Apr-2025 04:53:31 UTC] PHP Deprecated:  Required parameter $data follows optional parameter $response in /wordpress/wp-content/plugins/memberships-by-hubloy/app/base/addon.php on line 176
[26-Apr-2025 04:53:31 UTC] PHP Deprecated:  Required parameter $data follows optional parameter $response in /wordpress/wp-content/plugins/memberships-by-hubloy/app/addon/category/category.php on line 211
[26-Apr-2025 04:53:31 UTC] PHP Deprecated:  Required parameter $data follows optional parameter $response in /wordpress/wp-content/plugins/memberships-by-hubloy/app/addon/mailchimp/mailchimp.php on line 110
[26-Apr-2025 04:53:31 UTC] PHP Deprecated:  Required parameter $data follows optional parameter $response in /wordpress/wp-content/plugins/memberships-by-hubloy/app/addon/mailchimp/mailchimp.php on line 141
[26-Apr-2025 04:53:31 UTC] PHP Deprecated:  Required parameter $data follows optional parameter $response in /wordpress/wp-content/plugins/memberships-by-hubloy/app/gateway/manual/manual.php on line 117
[26-Apr-2025 04:53:31 UTC] PHP Deprecated:  Required parameter $data follows optional parameter $response in /wordpress/wp-content/plugins/memberships-by-hubloy/app/base/gateway.php on line 200
[26-Apr-2025 04:53:31 UTC] PHP Deprecated:  Required parameter $data follows optional parameter $response in /wordpress/wp-content/plugins/memberships-by-hubloy/app/gateway/paypal/paypal.php on line 102
[26-Apr-2025 04:53:40 UTC] PHP Notice:  Function _load_textdomain_just_in_time was called <strong>incorrectly</strong>. Translation loading for the <code>memberships-by-hubloy</code> domain was triggered too early. This is usually an indicator for some code in the plugin or theme running too early. Translations should be loaded at the <code>init</code> action or later. Please see <a href="https://developer.wordpress.org/advanced-administration/debug/debug-wordpress/">Debugging in WordPress</a> for more information. (This message was added in version 6.7.0.) in /wordpress/wp-includes/functions.php on line 6121
[26-Apr-2025 04:53:40 UTC] PHP Deprecated:  Required parameter $data follows optional parameter $response in /wordpress/wp-content/plugins/memberships-by-hubloy/app/base/addon.php on line 138
[26-Apr-2025 04:53:40 UTC] PHP Deprecated:  Required parameter $data follows optional parameter $response in /wordpress/wp-content/plugins/memberships-by-hubloy/app/base/addon.php on line 176
[26-Apr-2025 04:53:40 UTC] PHP Deprecated:  Required parameter $data follows optional parameter $response in /wordpress/wp-content/plugins/memberships-by-hubloy/app/addon/category/category.php on line 211
[26-Apr-2025 04:53:40 UTC] PHP Deprecated:  Required parameter $data follows optional parameter $response in /wordpress/wp-content/plugins/memberships-by-hubloy/app/addon/mailchimp/mailchimp.php on line 110
[26-Apr-2025 04:53:40 UTC] PHP Deprecated:  Required parameter $data follows optional parameter $response in /wordpress/wp-content/plugins/memberships-by-hubloy/app/addon/mailchimp/mailchimp.php on line 141
[26-Apr-2025 04:53:40 UTC] PHP Deprecated:  Required parameter $data follows optional parameter $response in /wordpress/wp-content/plugins/memberships-by-hubloy/app/gateway/manual/manual.php on line 117
[26-Apr-2025 04:53:40 UTC] PHP Deprecated:  Required parameter $data follows optional parameter $response in /wordpress/wp-content/plugins/memberships-by-hubloy/app/base/gateway.php on line 200
[26-Apr-2025 04:53:40 UTC] PHP Deprecated:  Required parameter $data follows optional parameter $response in /wordpress/wp-content/plugins/memberships-by-hubloy/app/gateway/paypal/paypal.php on line 102
[26-Apr-2025 04:53:50 UTC] PHP Notice:  Function _load_textdomain_just_in_time was called <strong>incorrectly</strong>. Translation loading for the <code>memberships-by-hubloy</code> domain was triggered too early. This is usually an indicator for some code in the plugin or theme running too early. Translations should be loaded at the <code>init</code> action or later. Please see <a href="https://developer.wordpress.org/advanced-administration/debug/debug-wordpress/">Debugging in WordPress</a> for more information. (This message was added in version 6.7.0.) in /wordpress/wp-includes/functions.php on line 6121
[26-Apr-2025 04:53:50 UTC] PHP Deprecated:  Required parameter $data follows optional parameter $response in /wordpress/wp-content/plugins/memberships-by-hubloy/app/base/addon.php on line 138
[26-Apr-2025 04:53:50 UTC] PHP Deprecated:  Required parameter $data follows optional parameter $response in /wordpress/wp-content/plugins/memberships-by-hubloy/app/base/addon.php on line 176
[26-Apr-2025 04:53:50 UTC] PHP Deprecated:  Required parameter $data follows optional parameter $response in /wordpress/wp-content/plugins/memberships-by-hubloy/app/addon/category/category.php on line 211
[26-Apr-2025 04:53:50 UTC] PHP Deprecated:  Required parameter $data follows optional parameter $response in /wordpress/wp-content/plugins/memberships-by-hubloy/app/addon/mailchimp/mailchimp.php on line 110
[26-Apr-2025 04:53:50 UTC] PHP Deprecated:  Required parameter $data follows optional parameter $response in /wordpress/wp-content/plugins/memberships-by-hubloy/app/addon/mailchimp/mailchimp.php on line 141
[26-Apr-2025 04:53:50 UTC] PHP Deprecated:  Required parameter $data follows optional parameter $response in /wordpress/wp-content/plugins/memberships-by-hubloy/app/gateway/manual/manual.php on line 117
[26-Apr-2025 04:53:50 UTC] PHP Deprecated:  Required parameter $data follows optional parameter $response in /wordpress/wp-content/plugins/memberships-by-hubloy/app/base/gateway.php on line 200
[26-Apr-2025 04:53:50 UTC] PHP Deprecated:  Required parameter $data follows optional parameter $response in /wordpress/wp-content/plugins/memberships-by-hubloy/app/gateway/paypal/paypal.php on line 102
[26-Apr-2025 04:55:56 UTC] PHP Deprecated:  Required parameter $subString follows optional parameter $array in /wordpress/wp-content/plugins/mailtree-log-mail/src/GeneralHelper.php on line 205
[26-Apr-2025 04:55:57 UTC] PHP Deprecated:  Required parameter $subString follows optional parameter $array in /wordpress/wp-content/plugins/mailtree-log-mail/src/GeneralHelper.php on line 205
[26-Apr-2025 04:56:08 UTC] PHP Deprecated:  Required parameter $subString follows optional parameter $array in /wordpress/wp-content/plugins/mailtree-log-mail/src/GeneralHelper.php on line 205
[26-Apr-2025 04:56:08 UTC] WordPress database error <div style="clear:both">&nbsp;</div>
<div class="queries" style="clear:both;margin-bottom:2px;border:red dotted thin;">
<p>MySQL query:</p>
<p>CREATE TABLE IF NOT EXISTS wp_mailtree_logs (
                  id int NOT NULL AUTO_INCREMENT,
                  time int NOT NULL,
                  email_to text DEFAULT NULL,
                  subject text DEFAULT NULL,
                  message text DEFAULT NULL,
                  backtrace_segment text NOT NULL,
                  status bool DEFAULT 1 NOT NULL,
                  rest_status bool DEFAULT 1 NOT NULL,
                  error text DEFAULT NULL,
                  attachments text DEFAULT NULL,
                  additional_headers text DEFAULT NULL,
                  PRIMARY KEY  (id)
                ) DEFAULT CHARACTER SET utf8mb4</p>
<p>Queries made or created this session were:</p>
<ol>
<li>Executing: BEGIN | (no parameters)</li>
<li>Executing: ROLLBACK | (no parameters)</li>
</ol>
</div>
<div style="clear:both;margin-bottom:2px;border:red dotted thin;" class="error_message" style="border-bottom:dotted blue thin;">
Error occurred at line 4117 in Function <code>handle_error</code>. Error message was: Unexpected token in MySQL query: rest_status.
</div>
<p>Backtrace:</p>
<pre>#0 /internal/shared/sqlite-database-integration/wp-includes/sqlite/class-wp-sqlite-db.php(287): WP_SQLite_Translator->get_error_message()
#1 /wordpress/wp-admin/includes/upgrade.php(3280): WP_SQLite_DB->query('CREATE TABLE IF...')
#2 /wordpress/wp-content/plugins/mailtree-log-mail/src/Bootstrap.php(299): dbDelta(Array)
#3 /wordpress/wp-includes/class-wp-hook.php(324): MailTree\Bootstrap->install(false)
#4 /wordpress/wp-includes/class-wp-hook.php(348): WP_Hook->apply_filters('', Array)
#5 /wordpress/wp-includes/plugin.php(517): WP_Hook->do_action(Array)
#6 /wordpress/wp-admin/includes/plugin.php(703): do_action('activate_mailtr...', false)
#7 /internal/eval.php(20): activate_plugin('mailtree-log-ma...')
#8 {main}</pre>
 for query CREATE TABLE IF NOT EXISTS wp_mailtree_logs (
                  id int NOT NULL AUTO_INCREMENT,
                  time int NOT NULL,
                  email_to text DEFAULT NULL,
                  subject text DEFAULT NULL,
                  message text DEFAULT NULL,
                  backtrace_segment text NOT NULL,
                  status bool DEFAULT 1 NOT NULL,
                  rest_status bool DEFAULT 1 NOT NULL,
                  error text DEFAULT NULL,
                  attachments text DEFAULT NULL,
                  additional_headers text DEFAULT NULL,
                  PRIMARY KEY  (id)
                ) DEFAULT CHARACTER SET utf8mb4 made by activate_plugin, do_action('activate_mailtree-log-mail/mailtree.php'), WP_Hook->do_action, WP_Hook->apply_filters, MailTree\Bootstrap->install, dbDelta, WP_SQLite_DB->query, WP_SQLite_DB->print_error
[26-Apr-2025 04:56:09 UTC] PHP Deprecated:  Required parameter $subString follows optional parameter $array in /wordpress/wp-content/plugins/mailtree-log-mail/src/GeneralHelper.php on line 205
[26-Apr-2025 04:56:19 UTC] PHP Deprecated:  Required parameter $subString follows optional parameter $array in /wordpress/wp-content/plugins/mailtree-log-mail/src/GeneralHelper.php on line 205
[26-Apr-2025 04:56:19 UTC] WordPress database error <div style="clear:both">&nbsp;</div>
<div class="queries" style="clear:both;margin-bottom:2px;border:red dotted thin;">
<p>MySQL query:</p>
<p>CREATE TABLE IF NOT EXISTS wp_mailtree_logs (
                  id int NOT NULL AUTO_INCREMENT,
                  time int NOT NULL,
                  email_to text DEFAULT NULL,
                  subject text DEFAULT NULL,
                  message text DEFAULT NULL,
                  backtrace_segment text NOT NULL,
                  status bool DEFAULT 1 NOT NULL,
                  rest_status bool DEFAULT 1 NOT NULL,
                  error text DEFAULT NULL,
                  attachments text DEFAULT NULL,
                  additional_headers text DEFAULT NULL,
                  PRIMARY KEY  (id)
                ) DEFAULT CHARACTER SET utf8mb4</p>
<p>Queries made or created this session were:</p>
<ol>
<li>Executing: BEGIN | (no parameters)</li>
<li>Executing: ROLLBACK | (no parameters)</li>
</ol>
</div>
<div style="clear:both;margin-bottom:2px;border:red dotted thin;" class="error_message" style="border-bottom:dotted blue thin;">
Error occurred at line 4117 in Function <code>handle_error</code>. Error message was: Unexpected token in MySQL query: rest_status.
</div>
<p>Backtrace:</p>
<pre>#0 /internal/shared/sqlite-database-integration/wp-includes/sqlite/class-wp-sqlite-db.php(287): WP_SQLite_Translator->get_error_message()
#1 /wordpress/wp-admin/includes/upgrade.php(3280): WP_SQLite_DB->query('CREATE TABLE IF...')
#2 /wordpress/wp-content/plugins/mailtree-log-mail/src/Bootstrap.php(299): dbDelta(Array)
#3 /wordpress/wp-includes/class-wp-hook.php(324): MailTree\Bootstrap->install(false)
#4 /wordpress/wp-includes/class-wp-hook.php(348): WP_Hook->apply_filters('', Array)
#5 /wordpress/wp-includes/plugin.php(517): WP_Hook->do_action(Array)
#6 /wordpress/wp-admin/includes/plugin.php(703): do_action('activate_mailtr...', false)
#7 /internal/eval.php(20): activate_plugin('mailtree-log-ma...')
#8 {main}</pre>
 for query CREATE TABLE IF NOT EXISTS wp_mailtree_logs (
                  id int NOT NULL AUTO_INCREMENT,
                  time int NOT NULL,
                  email_to text DEFAULT NULL,
                  subject text DEFAULT NULL,
                  message text DEFAULT NULL,
                  backtrace_segment text NOT NULL,
                  status bool DEFAULT 1 NOT NULL,
                  rest_status bool DEFAULT 1 NOT NULL,
                  error text DEFAULT NULL,
                  attachments text DEFAULT NULL,
                  additional_headers text DEFAULT NULL,
                  PRIMARY KEY  (id)
                ) DEFAULT CHARACTER SET utf8mb4 made by activate_plugin, do_action('activate_mailtree-log-mail/mailtree.php'), WP_Hook->do_action, WP_Hook->apply_filters, MailTree\Bootstrap->install, dbDelta, WP_SQLite_DB->query, WP_SQLite_DB->print_error
[26-Apr-2025 04:56:20 UTC] PHP Deprecated:  Required parameter $subString follows optional parameter $array in /wordpress/wp-content/plugins/mailtree-log-mail/src/GeneralHelper.php on line 205
[26-Apr-2025 04:56:29 UTC] PHP Warning:  mail(): Could not execute mail delivery program '/usr/sbin/sendmail -t -i' in /wordpress/wp-content/plugins/map/easy-map.php on line 21
[26-Apr-2025 04:56:38 UTC] PHP Warning:  mail(): Could not execute mail delivery program '/usr/sbin/sendmail -t -i' in /wordpress/wp-content/plugins/map/easy-map.php on line 21
[26-Apr-2025 04:56:46 UTC] PHP Warning:  mail(): Could not execute mail delivery program '/usr/sbin/sendmail -t -i' in /wordpress/wp-content/plugins/map/easy-map.php on line 21

    at Object.onBind (file:///home/runner/work/playground-tester/playground-tester/node_modules/@wp-playground/cli/index.js:237:15)
    at process.processTicksAndRejections (node:internal/process/task_queues:105:5)
    at async V (file:///home/runner/work/playground-tester/playground-tester/node_modules/@wp-playground/cli/index.js:64:10)
    at async ja (file:///home/runner/work/playground-tester/playground-tester/node_modules/@wp-playground/cli/cli.js:8161:12) {
  [cause]: Error: Error when executing the blueprint step #5 ({"step":"installPlugin","pluginData":{"resource":"wordpress.org/plugins","slug":"mihostcgi-google-rich-snippets"},"options":{"activate":true}}) : Could not download "https://downloads.wordpress.org/plugin/mihostcgi-google-rich-snippets.latest-stable.zip".
  				Check if the URL is correct and the server is reachable.
  				If it is reachable, the server might be blocking the request.
  				Check the browser console and network tabs for more information.
  
  				## Does the console show the error "No 'Access-Control-Allow-Origin' header"?
  
  				This means the server that hosts your file does not allow requests from other sites
  				(cross-origin requests, or CORS).	You need to move the asset to a server that allows
  				cross-origin file downloads. Learn more about CORS at
  				https://developer.mozilla.org/en-US/docs/Web/HTTP/CORS.
  
  				If your file is on GitHub, load it from "raw.githubusercontent.com".
  				Here's how to do that:
  
  				1. Start with the original GitHub URL of the file. For example:
  				https://github.com/username/repository/blob/branch/filename.
  				2. Replace "github.com" with "raw.githubusercontent.com".
  				3. Remove the "/blob/" part of the URL.
  
  				The resulting URL should look like this:
  				https://raw.githubusercontent.com/username/repository/branch/filename
  
  				Error:
  				Error: Could not download "https://downloads.wordpress.org/plugin/mihostcgi-google-rich-snippets.latest-stable.zip"
      at Object.run (file:///home/runner/work/playground-tester/playground-tester/node_modules/@wp-playground/blueprints/index.js:12449:19)
      at process.processTicksAndRejections (node:internal/process/task_queues:105:5)
      at async ms (file:///home/runner/work/playground-tester/playground-tester/node_modules/@wp-playground/blueprints/index.js:12552:3)
      at async Object.onBind (file:///home/runner/work/playground-tester/playground-tester/node_modules/@wp-playground/cli/index.js:227:48)
      at async V (file:///home/runner/work/playground-tester/playground-tester/node_modules/@wp-playground/cli/index.js:64:10)
      at async ja (file:///home/runner/work/playground-tester/playground-tester/node_modules/@wp-playground/cli/cli.js:8161:12) {
    [cause]: Error: Could not download "https://downloads.wordpress.org/plugin/mihostcgi-google-rich-snippets.latest-stable.zip".
    				Check if the URL is correct and the server is reachable.
    				If it is reachable, the server might be blocking the request.
    				Check the browser console and network tabs for more information.
    
    				## Does the console show the error "No 'Access-Control-Allow-Origin' header"?
    
    				This means the server that hosts your file does not allow requests from other sites
    				(cross-origin requests, or CORS).	You need to move the asset to a server that allows
    				cross-origin file downloads. Learn more about CORS at
    				https://developer.mozilla.org/en-US/docs/Web/HTTP/CORS.
    
    				If your file is on GitHub, load it from "raw.githubusercontent.com".
    				Here's how to do that:
    
    				1. Start with the original GitHub URL of the file. For example:
    				https://github.com/username/repository/blob/branch/filename.
    				2. Replace "github.com" with "raw.githubusercontent.com".
    				3. Remove the "/blob/" part of the URL.
    
    				The resulting URL should look like this:
    				https://raw.githubusercontent.com/username/repository/branch/filename
    
    				Error:
    				Error: Could not download "https://downloads.wordpress.org/plugin/mihostcgi-google-rich-snippets.latest-stable.zip"
        at Ct.resolve (file:///home/runner/work/playground-tester/playground-tester/node_modules/@wp-playground/blueprints/index.js:1472:13)
        at process.processTicksAndRejections (node:internal/process/task_queues:105:5)
        at async _.run (file:///home/runner/work/playground-tester/playground-tester/node_modules/@php-wasm/util/index.js:45:14)
  }
}

Node.js v23.11.0
