file:///home/runner/work/playground-tester/playground-tester/node_modules/@wp-playground/cli/index.js:237
        throw new Error(y, { cause: u });
              ^

Error: [03-May-2025 05:27:57 UTC] PHP Notice:  Function _load_textdomain_just_in_time was called <strong>incorrectly</strong>. Translation loading for the <code>insta-type-gallery</code> domain was triggered too early. This is usually an indicator for some code in the plugin or theme running too early. Translations should be loaded at the <code>init</code> action or later. Please see <a href="https://developer.wordpress.org/advanced-administration/debug/debug-wordpress/">Debugging in WordPress</a> for more information. (This message was added in version 6.7.0.) in /wordpress/wp-includes/functions.php on line 6121
[03-May-2025 05:28:06 UTC] PHP Notice:  Function _load_textdomain_just_in_time was called <strong>incorrectly</strong>. Translation loading for the <code>insta-type-gallery</code> domain was triggered too early. This is usually an indicator for some code in the plugin or theme running too early. Translations should be loaded at the <code>init</code> action or later. Please see <a href="https://developer.wordpress.org/advanced-administration/debug/debug-wordpress/">Debugging in WordPress</a> for more information. (This message was added in version 6.7.0.) in /wordpress/wp-includes/functions.php on line 6121
[03-May-2025 05:28:16 UTC] PHP Notice:  Function _load_textdomain_just_in_time was called <strong>incorrectly</strong>. Translation loading for the <code>insta-type-gallery</code> domain was triggered too early. This is usually an indicator for some code in the plugin or theme running too early. Translations should be loaded at the <code>init</code> action or later. Please see <a href="https://developer.wordpress.org/advanced-administration/debug/debug-wordpress/">Debugging in WordPress</a> for more information. (This message was added in version 6.7.0.) in /wordpress/wp-includes/functions.php on line 6121
[03-May-2025 05:28:25 UTC] PHP Fatal error:  Uncaught Error: Call to undefined function create_function() in /wordpress/wp-content/plugins/instagram-widget-for-wordpress/instagram.php:233
Stack trace:
#0 /wordpress/wp-admin/includes/plugin.php(2387): include_once()
#1 /wordpress/wp-admin/includes/plugin.php(673): plugin_sandbox_scrape('instagram-widge...')
#2 /internal/eval.php(20): activate_plugin('instagram-widge...')
#3 {main}
  thrown in /wordpress/wp-content/plugins/instagram-widget-for-wordpress/instagram.php on line 233
[03-May-2025 05:28:33 UTC] PHP Fatal error:  Uncaught Error: Call to undefined function create_function() in /wordpress/wp-content/plugins/instagram-widget-for-wordpress/instagram.php:233
Stack trace:
#0 /wordpress/wp-admin/includes/plugin.php(2387): include_once()
#1 /wordpress/wp-admin/includes/plugin.php(673): plugin_sandbox_scrape('instagram-widge...')
#2 /internal/eval.php(20): activate_plugin('instagram-widge...')
#3 {main}
  thrown in /wordpress/wp-content/plugins/instagram-widget-for-wordpress/instagram.php on line 233
[03-May-2025 05:28:41 UTC] PHP Fatal error:  Uncaught Error: Call to undefined function create_function() in /wordpress/wp-content/plugins/instagram-widget-for-wordpress/instagram.php:233
Stack trace:
#0 /wordpress/wp-admin/includes/plugin.php(2387): include_once()
#1 /wordpress/wp-admin/includes/plugin.php(673): plugin_sandbox_scrape('instagram-widge...')
#2 /internal/eval.php(20): activate_plugin('instagram-widge...')
#3 {main}
  thrown in /wordpress/wp-content/plugins/instagram-widget-for-wordpress/instagram.php on line 233
[03-May-2025 05:29:18 UTC] PHP Notice:  date_default_timezone_set(): Timezone ID '' is invalid in /wordpress/wp-content/plugins/live-chat-support-system/supportsystem.php on line 63
[03-May-2025 05:29:18 UTC] WordPress database error <div style="clear:both">&nbsp;</div>
<div class="queries" style="clear:both;margin-bottom:2px;border:red dotted thin;">
<p>MySQL query:</p>
<p>show tables like wp_tbl_conversation</p>
<p>Queries made or created this session were:</p>
<ol>
</ol>
</div>
<div style="clear:both;margin-bottom:2px;border:red dotted thin;" class="error_message" style="border-bottom:dotted blue thin;">
Failed to parse the MySQL query.
</div>
<p>Backtrace:</p>
<pre>#0 /internal/shared/sqlite-database-integration/wp-includes/sqlite-ast/class-wp-sqlite-driver.php(690): WP_SQLite_Driver->new_driver_exception('Failed to parse...', 0, Object(WP_SQLite_Driver_Exception))
#1 /internal/shared/sqlite-database-integration/wp-includes/sqlite/class-wp-sqlite-db.php(472): WP_SQLite_Driver->query('show tables lik...')
#2 /internal/shared/sqlite-database-integration/wp-includes/sqlite/class-wp-sqlite-db.php(413): WP_SQLite_DB->_do_query('show tables lik...')
#3 /wordpress/wp-includes/class-wpdb.php(3031): WP_SQLite_DB->query('show tables lik...')
#4 /wordpress/wp-content/plugins/live-chat-support-system/supportsystem.php(101): wpdb->get_var('show tables lik...')
#5 /wordpress/wp-includes/class-wp-hook.php(324): supportsystembymysense->lvcht_supportsystem_tbl_install(false)
#6 /wordpress/wp-includes/class-wp-hook.php(348): WP_Hook->apply_filters('', Array)
#7 /wordpress/wp-includes/plugin.php(517): WP_Hook->do_action(Array)
#8 /wordpress/wp-admin/includes/plugin.php(703): do_action('activate_live-c...', false)
#9 /internal/eval.php(20): activate_plugin('live-chat-suppo...')
#10 {main}</pre>
 for query show tables like wp_tbl_conversation made by activate_plugin, do_action('activate_live-chat-support-system/supportsystem.php'), WP_Hook->do_action, WP_Hook->apply_filters, supportsystembymysense->lvcht_supportsystem_tbl_install, WP_SQLite_DB->query, WP_SQLite_DB->print_error
[03-May-2025 05:29:18 UTC] WordPress database error <div style="clear:both">&nbsp;</div>
<div class="queries" style="clear:both;margin-bottom:2px;border:red dotted thin;">
<p>MySQL query:</p>
<p>show tables like wp_tbl_messages</p>
<p>Queries made or created this session were:</p>
<ol>
</ol>
</div>
<div style="clear:both;margin-bottom:2px;border:red dotted thin;" class="error_message" style="border-bottom:dotted blue thin;">
Failed to parse the MySQL query.
</div>
<p>Backtrace:</p>
<pre>#0 /internal/shared/sqlite-database-integration/wp-includes/sqlite-ast/class-wp-sqlite-driver.php(690): WP_SQLite_Driver->new_driver_exception('Failed to parse...', 0, Object(WP_SQLite_Driver_Exception))
#1 /internal/shared/sqlite-database-integration/wp-includes/sqlite/class-wp-sqlite-db.php(472): WP_SQLite_Driver->query('show tables lik...')
#2 /internal/shared/sqlite-database-integration/wp-includes/sqlite/class-wp-sqlite-db.php(413): WP_SQLite_DB->_do_query('show tables lik...')
#3 /wordpress/wp-includes/class-wpdb.php(3031): WP_SQLite_DB->query('show tables lik...')
#4 /wordpress/wp-content/plugins/live-chat-support-system/supportsystem.php(116): wpdb->get_var('show tables lik...')
#5 /wordpress/wp-includes/class-wp-hook.php(324): supportsystembymysense->lvcht_supportsystem_tbl_install(false)
#6 /wordpress/wp-includes/class-wp-hook.php(348): WP_Hook->apply_filters('', Array)
#7 /wordpress/wp-includes/plugin.php(517): WP_Hook->do_action(Array)
#8 /wordpress/wp-admin/includes/plugin.php(703): do_action('activate_live-c...', false)
#9 /internal/eval.php(20): activate_plugin('live-chat-suppo...')
#10 {main}</pre>
 for query show tables like wp_tbl_messages made by activate_plugin, do_action('activate_live-chat-support-system/supportsystem.php'), WP_Hook->do_action, WP_Hook->apply_filters, supportsystembymysense->lvcht_supportsystem_tbl_install, WP_SQLite_DB->query, WP_SQLite_DB->print_error
[03-May-2025 05:29:18 UTC] WordPress database error <div style="clear:both">&nbsp;</div>
<div class="queries" style="clear:both;margin-bottom:2px;border:red dotted thin;">
<p>MySQL query:</p>
<p>show tables like wp_tbl_offlinechat</p>
<p>Queries made or created this session were:</p>
<ol>
</ol>
</div>
<div style="clear:both;margin-bottom:2px;border:red dotted thin;" class="error_message" style="border-bottom:dotted blue thin;">
Failed to parse the MySQL query.
</div>
<p>Backtrace:</p>
<pre>#0 /internal/shared/sqlite-database-integration/wp-includes/sqlite-ast/class-wp-sqlite-driver.php(690): WP_SQLite_Driver->new_driver_exception('Failed to parse...', 0, Object(WP_SQLite_Driver_Exception))
#1 /internal/shared/sqlite-database-integration/wp-includes/sqlite/class-wp-sqlite-db.php(472): WP_SQLite_Driver->query('show tables lik...')
#2 /internal/shared/sqlite-database-integration/wp-includes/sqlite/class-wp-sqlite-db.php(413): WP_SQLite_DB->_do_query('show tables lik...')
#3 /wordpress/wp-includes/class-wpdb.php(3031): WP_SQLite_DB->query('show tables lik...')
#4 /wordpress/wp-content/plugins/live-chat-support-system/supportsystem.php(131): wpdb->get_var('show tables lik...')
#5 /wordpress/wp-includes/class-wp-hook.php(324): supportsystembymysense->lvcht_supportsystem_tbl_install(false)
#6 /wordpress/wp-includes/class-wp-hook.php(348): WP_Hook->apply_filters('', Array)
#7 /wordpress/wp-includes/plugin.php(517): WP_Hook->do_action(Array)
#8 /wordpress/wp-admin/includes/plugin.php(703): do_action('activate_live-c...', false)
#9 /internal/eval.php(20): activate_plugin('live-chat-suppo...')
#10 {main}</pre>
 for query show tables like wp_tbl_offlinechat made by activate_plugin, do_action('activate_live-chat-support-system/supportsystem.php'), WP_Hook->do_action, WP_Hook->apply_filters, supportsystembymysense->lvcht_supportsystem_tbl_install, WP_SQLite_DB->query, WP_SQLite_DB->print_error
[03-May-2025 05:29:18 UTC] WordPress database error <div style="clear:both">&nbsp;</div>
<div class="queries" style="clear:both;margin-bottom:2px;border:red dotted thin;">
<p>MySQL query:</p>
<p>show tables like wp_tbl_agents</p>
<p>Queries made or created this session were:</p>
<ol>
</ol>
</div>
<div style="clear:both;margin-bottom:2px;border:red dotted thin;" class="error_message" style="border-bottom:dotted blue thin;">
Failed to parse the MySQL query.
</div>
<p>Backtrace:</p>
<pre>#0 /internal/shared/sqlite-database-integration/wp-includes/sqlite-ast/class-wp-sqlite-driver.php(690): WP_SQLite_Driver->new_driver_exception('Failed to parse...', 0, Object(WP_SQLite_Driver_Exception))
#1 /internal/shared/sqlite-database-integration/wp-includes/sqlite/class-wp-sqlite-db.php(472): WP_SQLite_Driver->query('show tables lik...')
#2 /internal/shared/sqlite-database-integration/wp-includes/sqlite/class-wp-sqlite-db.php(413): WP_SQLite_DB->_do_query('show tables lik...')
#3 /wordpress/wp-includes/class-wpdb.php(3031): WP_SQLite_DB->query('show tables lik...')
#4 /wordpress/wp-content/plugins/live-chat-support-system/supportsystem.php(146): wpdb->get_var('show tables lik...')
#5 /wordpress/wp-includes/class-wp-hook.php(324): supportsystembymysense->lvcht_supportsystem_tbl_install(false)
#6 /wordpress/wp-includes/class-wp-hook.php(348): WP_Hook->apply_filters('', Array)
#7 /wordpress/wp-includes/plugin.php(517): WP_Hook->do_action(Array)
#8 /wordpress/wp-admin/includes/plugin.php(703): do_action('activate_live-c...', false)
#9 /internal/eval.php(20): activate_plugin('live-chat-suppo...')
#10 {main}</pre>
 for query show tables like wp_tbl_agents made by activate_plugin, do_action('activate_live-chat-support-system/supportsystem.php'), WP_Hook->do_action, WP_Hook->apply_filters, supportsystembymysense->lvcht_supportsystem_tbl_install, WP_SQLite_DB->query, WP_SQLite_DB->print_error
[03-May-2025 05:29:19 UTC] PHP Warning:  Trying to access array offset on value of type bool in /wordpress/wp-content/plugins/live-chat-support-system/supportsystem.php on line 179
[03-May-2025 05:29:20 UTC] PHP Notice:  date_default_timezone_set(): Timezone ID '' is invalid in /wordpress/wp-content/plugins/live-chat-support-system/supportsystem.php on line 63
[03-May-2025 05:29:28 UTC] PHP Notice:  date_default_timezone_set(): Timezone ID '' is invalid in /wordpress/wp-content/plugins/live-chat-support-system/supportsystem.php on line 63
[03-May-2025 05:29:28 UTC] PHP Warning:  Trying to access array offset on value of type bool in /wordpress/wp-content/plugins/live-chat-support-system/supportsystem.php on line 179
[03-May-2025 05:29:29 UTC] PHP Notice:  date_default_timezone_set(): Timezone ID '' is invalid in /wordpress/wp-content/plugins/live-chat-support-system/supportsystem.php on line 63
[03-May-2025 05:29:37 UTC] PHP Notice:  date_default_timezone_set(): Timezone ID '' is invalid in /wordpress/wp-content/plugins/live-chat-support-system/supportsystem.php on line 63
[03-May-2025 05:29:37 UTC] PHP Warning:  Trying to access array offset on value of type bool in /wordpress/wp-content/plugins/live-chat-support-system/supportsystem.php on line 179
[03-May-2025 05:29:38 UTC] PHP Notice:  date_default_timezone_set(): Timezone ID '' is invalid in /wordpress/wp-content/plugins/live-chat-support-system/supportsystem.php on line 63
[03-May-2025 05:33:03 UTC] PHP Fatal error:  Uncaught Error: Call to undefined function create_function() in /wordpress/wp-content/plugins/lottery-number-generator/eu-lottery.php:94
Stack trace:
#0 /wordpress/wp-admin/includes/plugin.php(2387): include_once()
#1 /wordpress/wp-admin/includes/plugin.php(673): plugin_sandbox_scrape('lottery-number-...')
#2 /internal/eval.php(20): activate_plugin('lottery-number-...')
#3 {main}
  thrown in /wordpress/wp-content/plugins/lottery-number-generator/eu-lottery.php on line 94
[03-May-2025 05:33:11 UTC] PHP Fatal error:  Uncaught Error: Call to undefined function create_function() in /wordpress/wp-content/plugins/lottery-number-generator/eu-lottery.php:94
Stack trace:
#0 /wordpress/wp-admin/includes/plugin.php(2387): include_once()
#1 /wordpress/wp-admin/includes/plugin.php(673): plugin_sandbox_scrape('lottery-number-...')
#2 /internal/eval.php(20): activate_plugin('lottery-number-...')
#3 {main}
  thrown in /wordpress/wp-content/plugins/lottery-number-generator/eu-lottery.php on line 94
[03-May-2025 05:33:19 UTC] PHP Fatal error:  Uncaught Error: Call to undefined function create_function() in /wordpress/wp-content/plugins/lottery-number-generator/eu-lottery.php:94
Stack trace:
#0 /wordpress/wp-admin/includes/plugin.php(2387): include_once()
#1 /wordpress/wp-admin/includes/plugin.php(673): plugin_sandbox_scrape('lottery-number-...')
#2 /internal/eval.php(20): activate_plugin('lottery-number-...')
#3 {main}
  thrown in /wordpress/wp-content/plugins/lottery-number-generator/eu-lottery.php on line 94
[03-May-2025 05:34:52 UTC] PHP Fatal error:  Declaration of image_to_postlist_class::pluginInfoRight($info) must be compatible with basic_plugin_class::pluginInfoRight($info, $added = false) in /wordpress/wp-content/plugins/image-to-postlist/image-to-postlist-plugin.php on line 22
[03-May-2025 05:35:01 UTC] PHP Fatal error:  Declaration of image_to_postlist_class::pluginInfoRight($info) must be compatible with basic_plugin_class::pluginInfoRight($info, $added = false) in /wordpress/wp-content/plugins/image-to-postlist/image-to-postlist-plugin.php on line 22

    at Object.onBind (file:///home/runner/work/playground-tester/playground-tester/node_modules/@wp-playground/cli/index.js:237:15)
    at process.processTicksAndRejections (node:internal/process/task_queues:105:5)
    at async V (file:///home/runner/work/playground-tester/playground-tester/node_modules/@wp-playground/cli/index.js:64:10)
    at async ja (file:///home/runner/work/playground-tester/playground-tester/node_modules/@wp-playground/cli/cli.js:8161:12) {
  [cause]: Error: Error when executing the blueprint step #1 ({"step":"installPlugin","pluginData":{"resource":"wordpress.org/plugins","slug":"image-to-postlist"},"options":{"activate":true}}) : PHP.run() failed with exit code 255 and the following output: 
      at Object.run (file:///home/runner/work/playground-tester/playground-tester/node_modules/@wp-playground/blueprints/index.js:12449:19)
      at process.processTicksAndRejections (node:internal/process/task_queues:105:5)
      at async ms (file:///home/runner/work/playground-tester/playground-tester/node_modules/@wp-playground/blueprints/index.js:12552:3)
      ... 2 lines matching cause stack trace ...
      at async ja (file:///home/runner/work/playground-tester/playground-tester/node_modules/@wp-playground/cli/cli.js:8161:12) {
    [cause]: PHPExecutionFailureError: PHP.run() failed with exit code 255 and the following output: 
        at PHP.run (file:///home/runner/work/playground-tester/playground-tester/node_modules/@php-wasm/universal/index.js:987:19)
        at process.processTicksAndRejections (node:internal/process/task_queues:105:5)
        at async wr (file:///home/runner/work/playground-tester/playground-tester/node_modules/@wp-playground/blueprints/index.js:33:39)
        at async Object.gt [as installPlugin] (file:///home/runner/work/playground-tester/playground-tester/node_modules/@wp-playground/blueprints/index.js:974:42)
        at async g (file:///home/runner/work/playground-tester/playground-tester/node_modules/@wp-playground/blueprints/index.js:12517:30)
        at async Object.run (file:///home/runner/work/playground-tester/playground-tester/node_modules/@wp-playground/blueprints/index.js:12446:23)
        at async ms (file:///home/runner/work/playground-tester/playground-tester/node_modules/@wp-playground/blueprints/index.js:12552:3)
        at async Object.onBind (file:///home/runner/work/playground-tester/playground-tester/node_modules/@wp-playground/cli/index.js:227:48)
        at async V (file:///home/runner/work/playground-tester/playground-tester/node_modules/@wp-playground/cli/index.js:64:10)
        at async ja (file:///home/runner/work/playground-tester/playground-tester/node_modules/@wp-playground/cli/cli.js:8161:12) {
      response: PHPResponse {
        httpStatusCode: 500,
        headers: {
          'x-powered-by': [ 'PHP/8.0.30-dev' ],
          'content-type': [ 'text/html; charset=UTF-8' ]
        },
        bytes: Uint8Array(0) [],
        exitCode: 255,
        errors: ''
      },
      source: 'request'
    }
  }
}

Node.js v23.11.0
