file:///home/runner/work/playground-tester/playground-tester/node_modules/@wp-playground/cli/index.js:237
        throw new Error(y, { cause: u });
              ^

Error: [21-Apr-2025 21:26:39 UTC] PHP Deprecated:  Required parameter $class follows optional parameter $archive in /wordpress/wp-content/plugins/free-downloads-edd/includes/somdn-download-page.php on line 306
[21-Apr-2025 21:26:39 UTC] PHP Deprecated:  Required parameter $class follows optional parameter $archive in /wordpress/wp-content/plugins/free-downloads-edd/includes/somdn-download-page.php on line 310
[21-Apr-2025 21:26:39 UTC] PHP Deprecated:  Required parameter $product follows optional parameter $product_id in /wordpress/wp-content/plugins/free-downloads-edd/edd-files/somdn-edd-functions.php on line 147
[21-Apr-2025 21:26:39 UTC] PHP Deprecated:  Required parameter $product follows optional parameter $price in /wordpress/wp-content/plugins/free-downloads-edd/edd-files/somdn-edd-functions.php on line 174
[21-Apr-2025 21:26:39 UTC] PHP Deprecated:  Required parameter $the_file_path follows optional parameter $file_download_method in /wordpress/wp-content/plugins/free-downloads-edd/edd-files/somdn-edd-functions.php on line 337
[21-Apr-2025 21:26:39 UTC] PHP Deprecated:  Required parameter $filename follows optional parameter $file_download_method in /wordpress/wp-content/plugins/free-downloads-edd/edd-files/somdn-edd-functions.php on line 337
[21-Apr-2025 21:26:40 UTC] PHP Deprecated:  Required parameter $class follows optional parameter $archive in /wordpress/wp-content/plugins/free-downloads-edd/includes/somdn-download-page.php on line 306
[21-Apr-2025 21:26:40 UTC] PHP Deprecated:  Required parameter $class follows optional parameter $archive in /wordpress/wp-content/plugins/free-downloads-edd/includes/somdn-download-page.php on line 310
[21-Apr-2025 21:26:40 UTC] PHP Deprecated:  Required parameter $product follows optional parameter $product_id in /wordpress/wp-content/plugins/free-downloads-edd/edd-files/somdn-edd-functions.php on line 147
[21-Apr-2025 21:26:40 UTC] PHP Deprecated:  Required parameter $product follows optional parameter $price in /wordpress/wp-content/plugins/free-downloads-edd/edd-files/somdn-edd-functions.php on line 174
[21-Apr-2025 21:26:40 UTC] PHP Deprecated:  Required parameter $the_file_path follows optional parameter $file_download_method in /wordpress/wp-content/plugins/free-downloads-edd/edd-files/somdn-edd-functions.php on line 337
[21-Apr-2025 21:26:40 UTC] PHP Deprecated:  Required parameter $filename follows optional parameter $file_download_method in /wordpress/wp-content/plugins/free-downloads-edd/edd-files/somdn-edd-functions.php on line 337
[21-Apr-2025 21:26:48 UTC] PHP Deprecated:  Required parameter $class follows optional parameter $archive in /wordpress/wp-content/plugins/free-downloads-edd/includes/somdn-download-page.php on line 306
[21-Apr-2025 21:26:48 UTC] PHP Deprecated:  Required parameter $class follows optional parameter $archive in /wordpress/wp-content/plugins/free-downloads-edd/includes/somdn-download-page.php on line 310
[21-Apr-2025 21:26:48 UTC] PHP Deprecated:  Required parameter $product follows optional parameter $product_id in /wordpress/wp-content/plugins/free-downloads-edd/edd-files/somdn-edd-functions.php on line 147
[21-Apr-2025 21:26:48 UTC] PHP Deprecated:  Required parameter $product follows optional parameter $price in /wordpress/wp-content/plugins/free-downloads-edd/edd-files/somdn-edd-functions.php on line 174
[21-Apr-2025 21:26:48 UTC] PHP Deprecated:  Required parameter $the_file_path follows optional parameter $file_download_method in /wordpress/wp-content/plugins/free-downloads-edd/edd-files/somdn-edd-functions.php on line 337
[21-Apr-2025 21:26:48 UTC] PHP Deprecated:  Required parameter $filename follows optional parameter $file_download_method in /wordpress/wp-content/plugins/free-downloads-edd/edd-files/somdn-edd-functions.php on line 337
[21-Apr-2025 21:26:48 UTC] PHP Deprecated:  Required parameter $class follows optional parameter $archive in /wordpress/wp-content/plugins/free-downloads-edd/includes/somdn-download-page.php on line 306
[21-Apr-2025 21:26:48 UTC] PHP Deprecated:  Required parameter $class follows optional parameter $archive in /wordpress/wp-content/plugins/free-downloads-edd/includes/somdn-download-page.php on line 310
[21-Apr-2025 21:26:48 UTC] PHP Deprecated:  Required parameter $product follows optional parameter $product_id in /wordpress/wp-content/plugins/free-downloads-edd/edd-files/somdn-edd-functions.php on line 147
[21-Apr-2025 21:26:48 UTC] PHP Deprecated:  Required parameter $product follows optional parameter $price in /wordpress/wp-content/plugins/free-downloads-edd/edd-files/somdn-edd-functions.php on line 174
[21-Apr-2025 21:26:48 UTC] PHP Deprecated:  Required parameter $the_file_path follows optional parameter $file_download_method in /wordpress/wp-content/plugins/free-downloads-edd/edd-files/somdn-edd-functions.php on line 337
[21-Apr-2025 21:26:48 UTC] PHP Deprecated:  Required parameter $filename follows optional parameter $file_download_method in /wordpress/wp-content/plugins/free-downloads-edd/edd-files/somdn-edd-functions.php on line 337
[21-Apr-2025 21:26:56 UTC] PHP Deprecated:  Required parameter $class follows optional parameter $archive in /wordpress/wp-content/plugins/free-downloads-edd/includes/somdn-download-page.php on line 306
[21-Apr-2025 21:26:56 UTC] PHP Deprecated:  Required parameter $class follows optional parameter $archive in /wordpress/wp-content/plugins/free-downloads-edd/includes/somdn-download-page.php on line 310
[21-Apr-2025 21:26:56 UTC] PHP Deprecated:  Required parameter $product follows optional parameter $product_id in /wordpress/wp-content/plugins/free-downloads-edd/edd-files/somdn-edd-functions.php on line 147
[21-Apr-2025 21:26:56 UTC] PHP Deprecated:  Required parameter $product follows optional parameter $price in /wordpress/wp-content/plugins/free-downloads-edd/edd-files/somdn-edd-functions.php on line 174
[21-Apr-2025 21:26:56 UTC] PHP Deprecated:  Required parameter $the_file_path follows optional parameter $file_download_method in /wordpress/wp-content/plugins/free-downloads-edd/edd-files/somdn-edd-functions.php on line 337
[21-Apr-2025 21:26:56 UTC] PHP Deprecated:  Required parameter $filename follows optional parameter $file_download_method in /wordpress/wp-content/plugins/free-downloads-edd/edd-files/somdn-edd-functions.php on line 337
[21-Apr-2025 21:26:57 UTC] PHP Deprecated:  Required parameter $class follows optional parameter $archive in /wordpress/wp-content/plugins/free-downloads-edd/includes/somdn-download-page.php on line 306
[21-Apr-2025 21:26:57 UTC] PHP Deprecated:  Required parameter $class follows optional parameter $archive in /wordpress/wp-content/plugins/free-downloads-edd/includes/somdn-download-page.php on line 310
[21-Apr-2025 21:26:57 UTC] PHP Deprecated:  Required parameter $product follows optional parameter $product_id in /wordpress/wp-content/plugins/free-downloads-edd/edd-files/somdn-edd-functions.php on line 147
[21-Apr-2025 21:26:57 UTC] PHP Deprecated:  Required parameter $product follows optional parameter $price in /wordpress/wp-content/plugins/free-downloads-edd/edd-files/somdn-edd-functions.php on line 174
[21-Apr-2025 21:26:57 UTC] PHP Deprecated:  Required parameter $the_file_path follows optional parameter $file_download_method in /wordpress/wp-content/plugins/free-downloads-edd/edd-files/somdn-edd-functions.php on line 337
[21-Apr-2025 21:26:57 UTC] PHP Deprecated:  Required parameter $filename follows optional parameter $file_download_method in /wordpress/wp-content/plugins/free-downloads-edd/edd-files/somdn-edd-functions.php on line 337
[21-Apr-2025 21:27:34 UTC] PHP Notice:  Function _load_textdomain_just_in_time was called <strong>incorrectly</strong>. Translation loading for the <code>funkitools</code> domain was triggered too early. This is usually an indicator for some code in the plugin or theme running too early. Translations should be loaded at the <code>init</code> action or later. Please see <a href="https://developer.wordpress.org/advanced-administration/debug/debug-wordpress/">Debugging in WordPress</a> for more information. (This message was added in version 6.7.0.) in /wordpress/wp-includes/functions.php on line 6121
[21-Apr-2025 21:27:43 UTC] PHP Notice:  Function _load_textdomain_just_in_time was called <strong>incorrectly</strong>. Translation loading for the <code>funkitools</code> domain was triggered too early. This is usually an indicator for some code in the plugin or theme running too early. Translations should be loaded at the <code>init</code> action or later. Please see <a href="https://developer.wordpress.org/advanced-administration/debug/debug-wordpress/">Debugging in WordPress</a> for more information. (This message was added in version 6.7.0.) in /wordpress/wp-includes/functions.php on line 6121
[21-Apr-2025 21:27:52 UTC] PHP Notice:  Function _load_textdomain_just_in_time was called <strong>incorrectly</strong>. Translation loading for the <code>funkitools</code> domain was triggered too early. This is usually an indicator for some code in the plugin or theme running too early. Translations should be loaded at the <code>init</code> action or later. Please see <a href="https://developer.wordpress.org/advanced-administration/debug/debug-wordpress/">Debugging in WordPress</a> for more information. (This message was added in version 6.7.0.) in /wordpress/wp-includes/functions.php on line 6121
[21-Apr-2025 21:28:29 UTC] PHP Warning:  Undefined variable $plugin in /wordpress/wp-content/plugins/facebook-fan-and-like-widget/facebook-fan-box-easy.php on line 71
[21-Apr-2025 21:28:29 UTC] PHP Deprecated:  Function register_sidebar_widget is <strong>deprecated</strong> since version 2.8.0! Use wp_register_sidebar_widget() instead. in /wordpress/wp-includes/functions.php on line 6121
[21-Apr-2025 21:28:29 UTC] PHP Deprecated:  Function register_widget_control is <strong>deprecated</strong> since version 2.8.0! Use wp_register_widget_control() instead. in /wordpress/wp-includes/functions.php on line 6121
[21-Apr-2025 21:28:37 UTC] PHP Warning:  Undefined variable $plugin in /wordpress/wp-content/plugins/facebook-fan-and-like-widget/facebook-fan-box-easy.php on line 71
[21-Apr-2025 21:28:37 UTC] PHP Deprecated:  Function register_sidebar_widget is <strong>deprecated</strong> since version 2.8.0! Use wp_register_sidebar_widget() instead. in /wordpress/wp-includes/functions.php on line 6121
[21-Apr-2025 21:28:37 UTC] PHP Deprecated:  Function register_widget_control is <strong>deprecated</strong> since version 2.8.0! Use wp_register_widget_control() instead. in /wordpress/wp-includes/functions.php on line 6121
[21-Apr-2025 21:28:46 UTC] PHP Warning:  Undefined variable $plugin in /wordpress/wp-content/plugins/facebook-fan-and-like-widget/facebook-fan-box-easy.php on line 71
[21-Apr-2025 21:28:46 UTC] PHP Deprecated:  Function register_sidebar_widget is <strong>deprecated</strong> since version 2.8.0! Use wp_register_sidebar_widget() instead. in /wordpress/wp-includes/functions.php on line 6121
[21-Apr-2025 21:28:46 UTC] PHP Deprecated:  Function register_widget_control is <strong>deprecated</strong> since version 2.8.0! Use wp_register_widget_control() instead. in /wordpress/wp-includes/functions.php on line 6121
[21-Apr-2025 21:31:20 UTC] WordPress database error <div style="clear:both">&nbsp;</div>
<div class="queries" style="clear:both;margin-bottom:2px;border:red dotted thin;">
<p>MySQL query:</p>
<p>INSERT INTO `wp_fullbackslider` (`name`, `slide_time`, `timeOut`, `folder`) VALUES ('BG Slider 1', '2000', '4000', 'wp-content/uploads/fbslider/')</p>
<p>Queries made or created this session were:</p>
<ol>
<li>Executing: BEGIN | (no parameters)</li>
<li>Executing: INSERT INTO `wp_fullbackslider` (`name`, `slide_time`, `timeOut`, `folder`) VALUES (:param0 , :param1 , :param2 , :param3 ) | parameters: BG Slider 1, 2000, 4000, wp-content/uploads/fbslider/</li>
<li>Executing: ROLLBACK | (no parameters)</li>
</ol>
</div>
<div style="clear:both;margin-bottom:2px;border:red dotted thin;" class="error_message" style="border-bottom:dotted blue thin;">
Error occurred at line 4117 in Function <code>handle_error</code>. Error message was: SQLSTATE[HY000]: General error: 1 table wp_fullbackslider has no column named folder.
</div>
<p>Backtrace:</p>
<pre>#0 /internal/shared/sqlite-database-integration/wp-includes/sqlite/class-wp-sqlite-db.php(287): WP_SQLite_Translator->get_error_message()
#1 /wordpress/wp-includes/class-wpdb.php(2614): WP_SQLite_DB->query('INSERT INTO `wp...')
#2 /wordpress/wp-includes/class-wpdb.php(2503): wpdb->_insert_replace_helper('wp_fullbackslid...', Array, NULL, 'INSERT')
#3 /wordpress/wp-content/plugins/fullscreen-background-slider/fullscreen-background-slider.php(66): wpdb->insert('wp_fullbackslid...', Array)
#4 /wordpress/wp-includes/class-wp-hook.php(324): fullbackslider_install_data(false)
#5 /wordpress/wp-includes/class-wp-hook.php(348): WP_Hook->apply_filters(NULL, Array)
#6 /wordpress/wp-includes/plugin.php(517): WP_Hook->do_action(Array)
#7 /wordpress/wp-admin/includes/plugin.php(703): do_action('activate_fullsc...', false)
#8 /internal/eval.php(20): activate_plugin('fullscreen-back...')
#9 {main}</pre>
 for query INSERT INTO `wp_fullbackslider` (`name`, `slide_time`, `timeOut`, `folder`) VALUES ('BG Slider 1', '2000', '4000', 'wp-content/uploads/fbslider/') made by activate_plugin, do_action('activate_fullscreen-background-slider/fullscreen-background-slider.php'), WP_Hook->do_action, WP_Hook->apply_filters, fullbackslider_install_data, WP_SQLite_DB->query, WP_SQLite_DB->print_error
[21-Apr-2025 21:31:30 UTC] WordPress database error <div style="clear:both">&nbsp;</div>
<div class="queries" style="clear:both;margin-bottom:2px;border:red dotted thin;">
<p>MySQL query:</p>
<p>INSERT INTO `wp_fullbackslider` (`name`, `slide_time`, `timeOut`, `folder`) VALUES ('BG Slider 1', '2000', '4000', 'wp-content/uploads/fbslider/')</p>
<p>Queries made or created this session were:</p>
<ol>
<li>Executing: BEGIN | (no parameters)</li>
<li>Executing: INSERT INTO `wp_fullbackslider` (`name`, `slide_time`, `timeOut`, `folder`) VALUES (:param0 , :param1 , :param2 , :param3 ) | parameters: BG Slider 1, 2000, 4000, wp-content/uploads/fbslider/</li>
<li>Executing: ROLLBACK | (no parameters)</li>
</ol>
</div>
<div style="clear:both;margin-bottom:2px;border:red dotted thin;" class="error_message" style="border-bottom:dotted blue thin;">
Error occurred at line 4117 in Function <code>handle_error</code>. Error message was: SQLSTATE[HY000]: General error: 1 table wp_fullbackslider has no column named folder.
</div>
<p>Backtrace:</p>
<pre>#0 /internal/shared/sqlite-database-integration/wp-includes/sqlite/class-wp-sqlite-db.php(287): WP_SQLite_Translator->get_error_message()
#1 /wordpress/wp-includes/class-wpdb.php(2614): WP_SQLite_DB->query('INSERT INTO `wp...')
#2 /wordpress/wp-includes/class-wpdb.php(2503): wpdb->_insert_replace_helper('wp_fullbackslid...', Array, NULL, 'INSERT')
#3 /wordpress/wp-content/plugins/fullscreen-background-slider/fullscreen-background-slider.php(66): wpdb->insert('wp_fullbackslid...', Array)
#4 /wordpress/wp-includes/class-wp-hook.php(324): fullbackslider_install_data(false)
#5 /wordpress/wp-includes/class-wp-hook.php(348): WP_Hook->apply_filters(NULL, Array)
#6 /wordpress/wp-includes/plugin.php(517): WP_Hook->do_action(Array)
#7 /wordpress/wp-admin/includes/plugin.php(703): do_action('activate_fullsc...', false)
#8 /internal/eval.php(20): activate_plugin('fullscreen-back...')
#9 {main}</pre>
 for query INSERT INTO `wp_fullbackslider` (`name`, `slide_time`, `timeOut`, `folder`) VALUES ('BG Slider 1', '2000', '4000', 'wp-content/uploads/fbslider/') made by activate_plugin, do_action('activate_fullscreen-background-slider/fullscreen-background-slider.php'), WP_Hook->do_action, WP_Hook->apply_filters, fullbackslider_install_data, WP_SQLite_DB->query, WP_SQLite_DB->print_error
[21-Apr-2025 21:32:55 UTC] PHP Deprecated:  Required parameter $s follows optional parameter $price_option in /wordpress/wp-content/plugins/fantastic-restaurant-menu/include/class_restaurantmenu.php on line 165
[21-Apr-2025 21:32:55 UTC] PHP Deprecated:  Required parameter $i follows optional parameter $price_option in /wordpress/wp-content/plugins/fantastic-restaurant-menu/include/class_restaurantmenu.php on line 165
[21-Apr-2025 21:32:55 UTC] PHP Deprecated:  Required parameter $x follows optional parameter $price_option in /wordpress/wp-content/plugins/fantastic-restaurant-menu/include/class_restaurantmenu.php on line 165
[21-Apr-2025 21:32:55 UTC] PHP Deprecated:  Required parameter $i follows optional parameter $itemdata in /wordpress/wp-content/plugins/fantastic-restaurant-menu/include/class_restaurantmenu.php on line 194
[21-Apr-2025 21:32:55 UTC] PHP Deprecated:  Required parameter $s follows optional parameter $itemdata in /wordpress/wp-content/plugins/fantastic-restaurant-menu/include/class_restaurantmenu.php on line 194
[21-Apr-2025 21:32:55 UTC] PHP Deprecated:  Required parameter $s follows optional parameter $sectiondata in /wordpress/wp-content/plugins/fantastic-restaurant-menu/include/class_restaurantmenu.php on line 292
[21-Apr-2025 21:32:55 UTC] PHP Deprecated:  Required parameter $label follows optional parameter $theme_customize_mode in /wordpress/wp-content/plugins/fantastic-restaurant-menu/include/class_restaurantmenu.php on line 581
[21-Apr-2025 21:32:55 UTC] PHP Deprecated:  Required parameter $slug follows optional parameter $theme_customize_mode in /wordpress/wp-content/plugins/fantastic-restaurant-menu/include/class_restaurantmenu.php on line 581
[21-Apr-2025 21:32:55 UTC] PHP Deprecated:  Required parameter $label follows optional parameter $font_value in /wordpress/wp-content/plugins/fantastic-restaurant-menu/include/class_restaurantmenu.php on line 608
[21-Apr-2025 21:32:55 UTC] PHP Deprecated:  Required parameter $slug follows optional parameter $font_value in /wordpress/wp-content/plugins/fantastic-restaurant-menu/include/class_restaurantmenu.php on line 608
[21-Apr-2025 21:32:55 UTC] PHP Deprecated:  Required parameter $settingsmeta follows optional parameter $item_name_color in /wordpress/wp-content/plugins/fantastic-restaurant-menu/include/class_restaurantmenu.php on line 874
[21-Apr-2025 21:32:56 UTC] PHP Deprecated:  Required parameter $s follows optional parameter $price_option in /wordpress/wp-content/plugins/fantastic-restaurant-menu/include/class_restaurantmenu.php on line 165
[21-Apr-2025 21:32:56 UTC] PHP Deprecated:  Required parameter $i follows optional parameter $price_option in /wordpress/wp-content/plugins/fantastic-restaurant-menu/include/class_restaurantmenu.php on line 165
[21-Apr-2025 21:32:56 UTC] PHP Deprecated:  Required parameter $x follows optional parameter $price_option in /wordpress/wp-content/plugins/fantastic-restaurant-menu/include/class_restaurantmenu.php on line 165
[21-Apr-2025 21:32:56 UTC] PHP Deprecated:  Required parameter $i follows optional parameter $itemdata in /wordpress/wp-content/plugins/fantastic-restaurant-menu/include/class_restaurantmenu.php on line 194
[21-Apr-2025 21:32:56 UTC] PHP Deprecated:  Required parameter $s follows optional parameter $itemdata in /wordpress/wp-content/plugins/fantastic-restaurant-menu/include/class_restaurantmenu.php on line 194
[21-Apr-2025 21:32:56 UTC] PHP Deprecated:  Required parameter $s follows optional parameter $sectiondata in /wordpress/wp-content/plugins/fantastic-restaurant-menu/include/class_restaurantmenu.php on line 292
[21-Apr-2025 21:32:56 UTC] PHP Deprecated:  Required parameter $label follows optional parameter $theme_customize_mode in /wordpress/wp-content/plugins/fantastic-restaurant-menu/include/class_restaurantmenu.php on line 581
[21-Apr-2025 21:32:56 UTC] PHP Deprecated:  Required parameter $slug follows optional parameter $theme_customize_mode in /wordpress/wp-content/plugins/fantastic-restaurant-menu/include/class_restaurantmenu.php on line 581
[21-Apr-2025 21:32:56 UTC] PHP Deprecated:  Required parameter $label follows optional parameter $font_value in /wordpress/wp-content/plugins/fantastic-restaurant-menu/include/class_restaurantmenu.php on line 608
[21-Apr-2025 21:32:56 UTC] PHP Deprecated:  Required parameter $slug follows optional parameter $font_value in /wordpress/wp-content/plugins/fantastic-restaurant-menu/include/class_restaurantmenu.php on line 608
[21-Apr-2025 21:32:56 UTC] PHP Deprecated:  Required parameter $settingsmeta follows optional parameter $item_name_color in /wordpress/wp-content/plugins/fantastic-restaurant-menu/include/class_restaurantmenu.php on line 874
[21-Apr-2025 21:33:04 UTC] PHP Deprecated:  Required parameter $s follows optional parameter $price_option in /wordpress/wp-content/plugins/fantastic-restaurant-menu/include/class_restaurantmenu.php on line 165
[21-Apr-2025 21:33:04 UTC] PHP Deprecated:  Required parameter $i follows optional parameter $price_option in /wordpress/wp-content/plugins/fantastic-restaurant-menu/include/class_restaurantmenu.php on line 165
[21-Apr-2025 21:33:04 UTC] PHP Deprecated:  Required parameter $x follows optional parameter $price_option in /wordpress/wp-content/plugins/fantastic-restaurant-menu/include/class_restaurantmenu.php on line 165
[21-Apr-2025 21:33:04 UTC] PHP Deprecated:  Required parameter $i follows optional parameter $itemdata in /wordpress/wp-content/plugins/fantastic-restaurant-menu/include/class_restaurantmenu.php on line 194
[21-Apr-2025 21:33:04 UTC] PHP Deprecated:  Required parameter $s follows optional parameter $itemdata in /wordpress/wp-content/plugins/fantastic-restaurant-menu/include/class_restaurantmenu.php on line 194
[21-Apr-2025 21:33:04 UTC] PHP Deprecated:  Required parameter $s follows optional parameter $sectiondata in /wordpress/wp-content/plugins/fantastic-restaurant-menu/include/class_restaurantmenu.php on line 292
[21-Apr-2025 21:33:04 UTC] PHP Deprecated:  Required parameter $label follows optional parameter $theme_customize_mode in /wordpress/wp-content/plugins/fantastic-restaurant-menu/include/class_restaurantmenu.php on line 581
[21-Apr-2025 21:33:04 UTC] PHP Deprecated:  Required parameter $slug follows optional parameter $theme_customize_mode in /wordpress/wp-content/plugins/fantastic-restaurant-menu/include/class_restaurantmenu.php on line 581
[21-Apr-2025 21:33:04 UTC] PHP Deprecated:  Required parameter $label follows optional parameter $font_value in /wordpress/wp-content/plugins/fantastic-restaurant-menu/include/class_restaurantmenu.php on line 608
[21-Apr-2025 21:33:04 UTC] PHP Deprecated:  Required parameter $slug follows optional parameter $font_value in /wordpress/wp-content/plugins/fantastic-restaurant-menu/include/class_restaurantmenu.php on line 608
[21-Apr-2025 21:33:04 UTC] PHP Deprecated:  Required parameter $settingsmeta follows optional parameter $item_name_color in /wordpress/wp-content/plugins/fantastic-restaurant-menu/include/class_restaurantmenu.php on line 874
[21-Apr-2025 21:33:05 UTC] PHP Deprecated:  Required parameter $s follows optional parameter $price_option in /wordpress/wp-content/plugins/fantastic-restaurant-menu/include/class_restaurantmenu.php on line 165
[21-Apr-2025 21:33:05 UTC] PHP Deprecated:  Required parameter $i follows optional parameter $price_option in /wordpress/wp-content/plugins/fantastic-restaurant-menu/include/class_restaurantmenu.php on line 165
[21-Apr-2025 21:33:05 UTC] PHP Deprecated:  Required parameter $x follows optional parameter $price_option in /wordpress/wp-content/plugins/fantastic-restaurant-menu/include/class_restaurantmenu.php on line 165
[21-Apr-2025 21:33:05 UTC] PHP Deprecated:  Required parameter $i follows optional parameter $itemdata in /wordpress/wp-content/plugins/fantastic-restaurant-menu/include/class_restaurantmenu.php on line 194
[21-Apr-2025 21:33:05 UTC] PHP Deprecated:  Required parameter $s follows optional parameter $itemdata in /wordpress/wp-content/plugins/fantastic-restaurant-menu/include/class_restaurantmenu.php on line 194
[21-Apr-2025 21:33:05 UTC] PHP Deprecated:  Required parameter $s follows optional parameter $sectiondata in /wordpress/wp-content/plugins/fantastic-restaurant-menu/include/class_restaurantmenu.php on line 292
[21-Apr-2025 21:33:05 UTC] PHP Deprecated:  Required parameter $label follows optional parameter $theme_customize_mode in /wordpress/wp-content/plugins/fantastic-restaurant-menu/include/class_restaurantmenu.php on line 581
[21-Apr-2025 21:33:05 UTC] PHP Deprecated:  Required parameter $slug follows optional parameter $theme_customize_mode in /wordpress/wp-content/plugins/fantastic-restaurant-menu/include/class_restaurantmenu.php on line 581
[21-Apr-2025 21:33:05 UTC] PHP Deprecated:  Required parameter $label follows optional parameter $font_value in /wordpress/wp-content/plugins/fantastic-restaurant-menu/include/class_restaurantmenu.php on line 608
[21-Apr-2025 21:33:05 UTC] PHP Deprecated:  Required parameter $slug follows optional parameter $font_value in /wordpress/wp-content/plugins/fantastic-restaurant-menu/include/class_restaurantmenu.php on line 608
[21-Apr-2025 21:33:05 UTC] PHP Deprecated:  Required parameter $settingsmeta follows optional parameter $item_name_color in /wordpress/wp-content/plugins/fantastic-restaurant-menu/include/class_restaurantmenu.php on line 874
[21-Apr-2025 21:33:13 UTC] PHP Deprecated:  Required parameter $s follows optional parameter $price_option in /wordpress/wp-content/plugins/fantastic-restaurant-menu/include/class_restaurantmenu.php on line 165
[21-Apr-2025 21:33:13 UTC] PHP Deprecated:  Required parameter $i follows optional parameter $price_option in /wordpress/wp-content/plugins/fantastic-restaurant-menu/include/class_restaurantmenu.php on line 165
[21-Apr-2025 21:33:13 UTC] PHP Deprecated:  Required parameter $x follows optional parameter $price_option in /wordpress/wp-content/plugins/fantastic-restaurant-menu/include/class_restaurantmenu.php on line 165
[21-Apr-2025 21:33:13 UTC] PHP Deprecated:  Required parameter $i follows optional parameter $itemdata in /wordpress/wp-content/plugins/fantastic-restaurant-menu/include/class_restaurantmenu.php on line 194
[21-Apr-2025 21:33:13 UTC] PHP Deprecated:  Required parameter $s follows optional parameter $itemdata in /wordpress/wp-content/plugins/fantastic-restaurant-menu/include/class_restaurantmenu.php on line 194
[21-Apr-2025 21:33:13 UTC] PHP Deprecated:  Required parameter $s follows optional parameter $sectiondata in /wordpress/wp-content/plugins/fantastic-restaurant-menu/include/class_restaurantmenu.php on line 292
[21-Apr-2025 21:33:13 UTC] PHP Deprecated:  Required parameter $label follows optional parameter $theme_customize_mode in /wordpress/wp-content/plugins/fantastic-restaurant-menu/include/class_restaurantmenu.php on line 581
[21-Apr-2025 21:33:13 UTC] PHP Deprecated:  Required parameter $slug follows optional parameter $theme_customize_mode in /wordpress/wp-content/plugins/fantastic-restaurant-menu/include/class_restaurantmenu.php on line 581
[21-Apr-2025 21:33:13 UTC] PHP Deprecated:  Required parameter $label follows optional parameter $font_value in /wordpress/wp-content/plugins/fantastic-restaurant-menu/include/class_restaurantmenu.php on line 608
[21-Apr-2025 21:33:13 UTC] PHP Deprecated:  Required parameter $slug follows optional parameter $font_value in /wordpress/wp-content/plugins/fantastic-restaurant-menu/include/class_restaurantmenu.php on line 608
[21-Apr-2025 21:33:13 UTC] PHP Deprecated:  Required parameter $settingsmeta follows optional parameter $item_name_color in /wordpress/wp-content/plugins/fantastic-restaurant-menu/include/class_restaurantmenu.php on line 874
[21-Apr-2025 21:33:14 UTC] PHP Deprecated:  Required parameter $s follows optional parameter $price_option in /wordpress/wp-content/plugins/fantastic-restaurant-menu/include/class_restaurantmenu.php on line 165
[21-Apr-2025 21:33:14 UTC] PHP Deprecated:  Required parameter $i follows optional parameter $price_option in /wordpress/wp-content/plugins/fantastic-restaurant-menu/include/class_restaurantmenu.php on line 165
[21-Apr-2025 21:33:14 UTC] PHP Deprecated:  Required parameter $x follows optional parameter $price_option in /wordpress/wp-content/plugins/fantastic-restaurant-menu/include/class_restaurantmenu.php on line 165
[21-Apr-2025 21:33:14 UTC] PHP Deprecated:  Required parameter $i follows optional parameter $itemdata in /wordpress/wp-content/plugins/fantastic-restaurant-menu/include/class_restaurantmenu.php on line 194
[21-Apr-2025 21:33:14 UTC] PHP Deprecated:  Required parameter $s follows optional parameter $itemdata in /wordpress/wp-content/plugins/fantastic-restaurant-menu/include/class_restaurantmenu.php on line 194
[21-Apr-2025 21:33:14 UTC] PHP Deprecated:  Required parameter $s follows optional parameter $sectiondata in /wordpress/wp-content/plugins/fantastic-restaurant-menu/include/class_restaurantmenu.php on line 292
[21-Apr-2025 21:33:14 UTC] PHP Deprecated:  Required parameter $label follows optional parameter $theme_customize_mode in /wordpress/wp-content/plugins/fantastic-restaurant-menu/include/class_restaurantmenu.php on line 581
[21-Apr-2025 21:33:14 UTC] PHP Deprecated:  Required parameter $slug follows optional parameter $theme_customize_mode in /wordpress/wp-content/plugins/fantastic-restaurant-menu/include/class_restaurantmenu.php on line 581
[21-Apr-2025 21:33:14 UTC] PHP Deprecated:  Required parameter $label follows optional parameter $font_value in /wordpress/wp-content/plugins/fantastic-restaurant-menu/include/class_restaurantmenu.php on line 608
[21-Apr-2025 21:33:14 UTC] PHP Deprecated:  Required parameter $slug follows optional parameter $font_value in /wordpress/wp-content/plugins/fantastic-restaurant-menu/include/class_restaurantmenu.php on line 608
[21-Apr-2025 21:33:14 UTC] PHP Deprecated:  Required parameter $settingsmeta follows optional parameter $item_name_color in /wordpress/wp-content/plugins/fantastic-restaurant-menu/include/class_restaurantmenu.php on line 874
[21-Apr-2025 21:33:51 UTC] PHP Fatal error:  Uncaught ArgumentCountError: Too few arguments to function WP_Widget::__construct(), 0 passed in /wordpress/wp-includes/class-wp-widget-factory.php on line 62 and at least 2 expected in /wordpress/wp-includes/class-wp-widget.php:163
Stack trace:
#0 /wordpress/wp-includes/class-wp-widget-factory.php(62): WP_Widget->__construct()
#1 /wordpress/wp-includes/widgets.php(123): WP_Widget_Factory->register('Favorite_Tweets')
#2 /wordpress/wp-content/plugins/favorite-tweets/favorite-tweets.php(268): register_widget('Favorite_Tweets')
#3 /wordpress/wp-includes/class-wp-hook.php(324): loadFavoriteTweets('')
#4 /wordpress/wp-includes/class-wp-hook.php(348): WP_Hook->apply_filters(NULL, Array)
#5 /wordpress/wp-includes/plugin.php(517): WP_Hook->do_action(Array)
#6 /wordpress/wp-includes/widgets.php(1870): do_action('widgets_init')
#7 /wordpress/wp-includes/class-wp-hook.php(324): wp_widgets_init('')
#8 /wordpress/wp-includes/class-wp-hook.php(348): WP_Hook->apply_filters(NULL, Array)
#9 /wordpress/wp-includes/plugin.php(517): WP_Hook->do_action(Array)
#10 /wordpress/wp-settings.php(727): do_action('init')
#11 /wordpress/wp-config.php(102): require_once('/wordpress/wp-s...')
#12 /wordpress/wp-load.php(50): require_once('/wordpress/wp-c...')
#13 /internal/eval.php(3): require_once('/wordpress/wp-l...')
#14 {main}
  thrown in /wordpress/wp-includes/class-wp-widget.php on line 163
[21-Apr-2025 21:34:00 UTC] PHP Fatal error:  Uncaught ArgumentCountError: Too few arguments to function WP_Widget::__construct(), 0 passed in /wordpress/wp-includes/class-wp-widget-factory.php on line 62 and at least 2 expected in /wordpress/wp-includes/class-wp-widget.php:163
Stack trace:
#0 /wordpress/wp-includes/class-wp-widget-factory.php(62): WP_Widget->__construct()
#1 /wordpress/wp-includes/widgets.php(123): WP_Widget_Factory->register('Favorite_Tweets')
#2 /wordpress/wp-content/plugins/favorite-tweets/favorite-tweets.php(268): register_widget('Favorite_Tweets')
#3 /wordpress/wp-includes/class-wp-hook.php(324): loadFavoriteTweets('')
#4 /wordpress/wp-includes/class-wp-hook.php(348): WP_Hook->apply_filters(NULL, Array)
#5 /wordpress/wp-includes/plugin.php(517): WP_Hook->do_action(Array)
#6 /wordpress/wp-includes/widgets.php(1870): do_action('widgets_init')
#7 /wordpress/wp-includes/class-wp-hook.php(324): wp_widgets_init('')
#8 /wordpress/wp-includes/class-wp-hook.php(348): WP_Hook->apply_filters(NULL, Array)
#9 /wordpress/wp-includes/plugin.php(517): WP_Hook->do_action(Array)
#10 /wordpress/wp-settings.php(727): do_action('init')
#11 /wordpress/wp-config.php(102): require_once('/wordpress/wp-s...')
#12 /wordpress/wp-load.php(50): require_once('/wordpress/wp-c...')
#13 /internal/eval.php(3): require_once('/wordpress/wp-l...')
#14 {main}
  thrown in /wordpress/wp-includes/class-wp-widget.php on line 163
[21-Apr-2025 21:34:09 UTC] PHP Fatal error:  Uncaught ArgumentCountError: Too few arguments to function WP_Widget::__construct(), 0 passed in /wordpress/wp-includes/class-wp-widget-factory.php on line 62 and at least 2 expected in /wordpress/wp-includes/class-wp-widget.php:163
Stack trace:
#0 /wordpress/wp-includes/class-wp-widget-factory.php(62): WP_Widget->__construct()
#1 /wordpress/wp-includes/widgets.php(123): WP_Widget_Factory->register('Favorite_Tweets')
#2 /wordpress/wp-content/plugins/favorite-tweets/favorite-tweets.php(268): register_widget('Favorite_Tweets')
#3 /wordpress/wp-includes/class-wp-hook.php(324): loadFavoriteTweets('')
#4 /wordpress/wp-includes/class-wp-hook.php(348): WP_Hook->apply_filters(NULL, Array)
#5 /wordpress/wp-includes/plugin.php(517): WP_Hook->do_action(Array)
#6 /wordpress/wp-includes/widgets.php(1870): do_action('widgets_init')
#7 /wordpress/wp-includes/class-wp-hook.php(324): wp_widgets_init('')
#8 /wordpress/wp-includes/class-wp-hook.php(348): WP_Hook->apply_filters(NULL, Array)
#9 /wordpress/wp-includes/plugin.php(517): WP_Hook->do_action(Array)
#10 /wordpress/wp-settings.php(727): do_action('init')
#11 /wordpress/wp-config.php(102): require_once('/wordpress/wp-s...')
#12 /wordpress/wp-load.php(50): require_once('/wordpress/wp-c...')
#13 /internal/eval.php(3): require_once('/wordpress/wp-l...')
#14 {main}
  thrown in /wordpress/wp-includes/class-wp-widget.php on line 163

    at Object.onBind (file:///home/runner/work/playground-tester/playground-tester/node_modules/@wp-playground/cli/index.js:237:15)
    at process.processTicksAndRejections (node:internal/process/task_queues:105:5)
    at async V (file:///home/runner/work/playground-tester/playground-tester/node_modules/@wp-playground/cli/index.js:64:10)
    at async ja (file:///home/runner/work/playground-tester/playground-tester/node_modules/@wp-playground/cli/cli.js:8161:12) {
  [cause]: Error: Error when executing the blueprint step #1 ({"step":"installPlugin","pluginData":{"resource":"wordpress.org/plugins","slug":"feed-plus"},"options":{"activate":true}}) : Could not download "https://downloads.wordpress.org/plugin/feed-plus.latest-stable.zip".
  				Check if the URL is correct and the server is reachable.
  				If it is reachable, the server might be blocking the request.
  				Check the browser console and network tabs for more information.
  
  				## Does the console show the error "No 'Access-Control-Allow-Origin' header"?
  
  				This means the server that hosts your file does not allow requests from other sites
  				(cross-origin requests, or CORS).	You need to move the asset to a server that allows
  				cross-origin file downloads. Learn more about CORS at
  				https://developer.mozilla.org/en-US/docs/Web/HTTP/CORS.
  
  				If your file is on GitHub, load it from "raw.githubusercontent.com".
  				Here's how to do that:
  
  				1. Start with the original GitHub URL of the file. For example:
  				https://github.com/username/repository/blob/branch/filename.
  				2. Replace "github.com" with "raw.githubusercontent.com".
  				3. Remove the "/blob/" part of the URL.
  
  				The resulting URL should look like this:
  				https://raw.githubusercontent.com/username/repository/branch/filename
  
  				Error:
  				Error: Could not download "https://downloads.wordpress.org/plugin/feed-plus.latest-stable.zip"
      at Object.run (file:///home/runner/work/playground-tester/playground-tester/node_modules/@wp-playground/blueprints/index.js:12449:19)
      at process.processTicksAndRejections (node:internal/process/task_queues:105:5)
      at async ms (file:///home/runner/work/playground-tester/playground-tester/node_modules/@wp-playground/blueprints/index.js:12552:3)
      at async Object.onBind (file:///home/runner/work/playground-tester/playground-tester/node_modules/@wp-playground/cli/index.js:227:48)
      at async V (file:///home/runner/work/playground-tester/playground-tester/node_modules/@wp-playground/cli/index.js:64:10)
      at async ja (file:///home/runner/work/playground-tester/playground-tester/node_modules/@wp-playground/cli/cli.js:8161:12) {
    [cause]: Error: Could not download "https://downloads.wordpress.org/plugin/feed-plus.latest-stable.zip".
    				Check if the URL is correct and the server is reachable.
    				If it is reachable, the server might be blocking the request.
    				Check the browser console and network tabs for more information.
    
    				## Does the console show the error "No 'Access-Control-Allow-Origin' header"?
    
    				This means the server that hosts your file does not allow requests from other sites
    				(cross-origin requests, or CORS).	You need to move the asset to a server that allows
    				cross-origin file downloads. Learn more about CORS at
    				https://developer.mozilla.org/en-US/docs/Web/HTTP/CORS.
    
    				If your file is on GitHub, load it from "raw.githubusercontent.com".
    				Here's how to do that:
    
    				1. Start with the original GitHub URL of the file. For example:
    				https://github.com/username/repository/blob/branch/filename.
    				2. Replace "github.com" with "raw.githubusercontent.com".
    				3. Remove the "/blob/" part of the URL.
    
    				The resulting URL should look like this:
    				https://raw.githubusercontent.com/username/repository/branch/filename
    
    				Error:
    				Error: Could not download "https://downloads.wordpress.org/plugin/feed-plus.latest-stable.zip"
        at Ct.resolve (file:///home/runner/work/playground-tester/playground-tester/node_modules/@wp-playground/blueprints/index.js:1472:13)
        at process.processTicksAndRejections (node:internal/process/task_queues:105:5)
        at async _.run (file:///home/runner/work/playground-tester/playground-tester/node_modules/@php-wasm/util/index.js:45:14)
  }
}

Node.js v23.11.0
