file:///home/runner/work/playground-tester/playground-tester/node_modules/@wp-playground/cli/index.js:237
        throw new Error(y, { cause: u });
              ^

Error: [02-Jun-2025 02:02:02 UTC] PHP Notice:  Function add_shortcode was called <strong>incorrectly</strong>. Invalid shortcode name: B1st.Systems Ticketing. Do not use spaces or reserved characters: &amp; /  [ ] = Please see <a href="https://developer.wordpress.org/advanced-administration/debug/debug-wordpress/">Debugging in WordPress</a> for more information. (This message was added in version 4.4.0.) in /wordpress/wp-includes/functions.php on line 6121
[02-Jun-2025 02:02:02 UTC] PHP Notice:  Function add_shortcode was called <strong>incorrectly</strong>. Invalid shortcode name: B1st.Systems KB. Do not use spaces or reserved characters: &amp; /  [ ] = Please see <a href="https://developer.wordpress.org/advanced-administration/debug/debug-wordpress/">Debugging in WordPress</a> for more information. (This message was added in version 4.4.0.) in /wordpress/wp-includes/functions.php on line 6121
[02-Jun-2025 02:02:02 UTC] WordPress database error <div style="clear:both">&nbsp;</div>
<div class="queries" style="clear:both;margin-bottom:2px;border:red dotted thin;">
<p>MySQL query:</p>
<p>
INSERT INTO wp_b1st_privileges (id, code, name, status,create_date) VALUES (NULL, 'AT', 'Add Ticket', '1', CURRENT_DATE()), (NULL, 'DT', 'Delete Ticket', '1', CURRENT_DATE()), (NULL, 'CT', 'Close Ticket', '1', CURRENT_DATE()), (NULL, 'ET', 'Edit Ticket', '1', CURRENT_DATE()), (NULL, 'ATTA', 'Assign ticket to Admin', '1', CURRENT_DATE()), (NULL, 'TTAA', 'Transfer ticket from one Admin to another Admin', '1', CURRENT_DATE()), (NULL, 'RT', 'Reopen Tickets', '1', CURRENT_DATE()), (NULL, 'RAT', 'Read all Tickets', '1', CURRENT_DATE()), (NULL, 'AAT', 'Answer any tickets', '1', CURRENT_DATE())</p>
<p>Queries made or created this session were:</p>
<ol>
<li>Executing: BEGIN IMMEDIATE | (no parameters)</li>
<li>Executing: SELECT 1 FROM sqlite_temp_schema WHERE type = 'table' AND name = ? | parameters: wp_b1st_privileges</li>
<li>Executing: 
				SELECT column_name, is_nullable, column_default, data_type, extra
				FROM `_wp_sqlite_mysql_information_schema_columns`
				WHERE table_schema = ?
				AND table_name = ?
				ORDER BY ordinal_position
			 | parameters: database_name_here, wp_b1st_privileges</li>
<li>Executing: INSERT INTO `wp_b1st_privileges` (`id`, `code`, `name`, `status`, `create_date`) SELECT CAST(`column1` AS INTEGER) AS `column1`, CAST(`column2` AS TEXT) AS `column2`, CAST(`column3` AS TEXT) AS `column3`, CAST(`column4` AS TEXT) AS `column4`, IIF(`column5` IS NULL, NULL, COALESCE(DATETIME(`column5`), '0000-00-00 00:00:00')) AS `column5` FROM (VALUES ( NULL , 'AT' , 'Add Ticket' , '1' , CURRENT_DATE ( ) ) , ( NULL , 'DT' , 'Delete Ticket' , '1' , CURRENT_DATE ( ) ) , ( NULL , 'CT' , 'Close Ticket' , '1' , CURRENT_DATE ( ) ) , ( NULL , 'ET' , 'Edit Ticket' , '1' , CURRENT_DATE ( ) ) , ( NULL , 'ATTA' , 'Assign ticket to Admin' , '1' , CURRENT_DATE ( ) ) , ( NULL , 'TTAA' , 'Transfer ticket from one Admin to another Admin' , '1' , CURRENT_DATE ( ) ) , ( NULL , 'RT' , 'Reopen Tickets' , '1' , CURRENT_DATE ( ) ) , ( NULL , 'RAT' , 'Read all Tickets' , '1' , CURRENT_DATE ( ) ) , ( NULL , 'AAT' , 'Answer any tickets' , '1' , CURRENT_DATE ( ) )) WHERE true | (no parameters)</li>
<li>Executing: ROLLBACK | (no parameters)</li>
</ol>
</div>
<div style="clear:both;margin-bottom:2px;border:red dotted thin;" class="error_message" style="border-bottom:dotted blue thin;">
SQLSTATE[HY000]: General error: 1 near "(": syntax error
</div>
<p>Backtrace:</p>
<pre>#0 /internal/shared/sqlite-database-integration/wp-includes/sqlite-ast/class-wp-sqlite-driver.php(683): WP_SQLite_Driver->new_driver_exception('SQLSTATE[HY000]...', 'HY000', Object(PDOException))
#1 /internal/shared/sqlite-database-integration/wp-includes/sqlite/class-wp-sqlite-db.php(491): WP_SQLite_Driver->query('\nINSERT INTO wp...')
#2 /internal/shared/sqlite-database-integration/wp-includes/sqlite/class-wp-sqlite-db.php(432): WP_SQLite_DB->_do_query('\nINSERT INTO wp...')
#3 /wordpress/wp-admin/includes/upgrade.php(3280): WP_SQLite_DB->query('\nINSERT INTO wp...')
#4 /wordpress/wp-content/plugins/b1st-ticketing-system/ticket.php(128): dbDelta(Array)
#5 /wordpress/wp-includes/class-wp-hook.php(324): B1st_jal_install(false)
#6 /wordpress/wp-includes/class-wp-hook.php(348): WP_Hook->apply_filters('', Array)
#7 /wordpress/wp-includes/plugin.php(517): WP_Hook->do_action(Array)
#8 /wordpress/wp-admin/includes/plugin.php(703): do_action('activate_b1st-t...', false)
#9 /internal/eval.php(20): activate_plugin('b1st-ticketing-...')
#10 {main}</pre>
 for query 
INSERT INTO wp_b1st_privileges (id, code, name, status,create_date) VALUES (NULL, 'AT', 'Add Ticket', '1', CURRENT_DATE()), (NULL, 'DT', 'Delete Ticket', '1', CURRENT_DATE()), (NULL, 'CT', 'Close Ticket', '1', CURRENT_DATE()), (NULL, 'ET', 'Edit Ticket', '1', CURRENT_DATE()), (NULL, 'ATTA', 'Assign ticket to Admin', '1', CURRENT_DATE()), (NULL, 'TTAA', 'Transfer ticket from one Admin to another Admin', '1', CURRENT_DATE()), (NULL, 'RT', 'Reopen Tickets', '1', CURRENT_DATE()), (NULL, 'RAT', 'Read all Tickets', '1', CURRENT_DATE()), (NULL, 'AAT', 'Answer any tickets', '1', CURRENT_DATE()) made by activate_plugin, do_action('activate_b1st-ticketing-system/ticket.php'), WP_Hook->do_action, WP_Hook->apply_filters, B1st_jal_install, dbDelta, WP_SQLite_DB->query, WP_SQLite_DB->print_error
[02-Jun-2025 02:02:04 UTC] PHP Notice:  Function add_shortcode was called <strong>incorrectly</strong>. Invalid shortcode name: B1st.Systems Ticketing. Do not use spaces or reserved characters: &amp; /  [ ] = Please see <a href="https://developer.wordpress.org/advanced-administration/debug/debug-wordpress/">Debugging in WordPress</a> for more information. (This message was added in version 4.4.0.) in /wordpress/wp-includes/functions.php on line 6121
[02-Jun-2025 02:02:04 UTC] PHP Notice:  Function add_shortcode was called <strong>incorrectly</strong>. Invalid shortcode name: B1st.Systems KB. Do not use spaces or reserved characters: &amp; /  [ ] = Please see <a href="https://developer.wordpress.org/advanced-administration/debug/debug-wordpress/">Debugging in WordPress</a> for more information. (This message was added in version 4.4.0.) in /wordpress/wp-includes/functions.php on line 6121
[02-Jun-2025 02:02:13 UTC] PHP Notice:  Function add_shortcode was called <strong>incorrectly</strong>. Invalid shortcode name: B1st.Systems Ticketing. Do not use spaces or reserved characters: &amp; /  [ ] = Please see <a href="https://developer.wordpress.org/advanced-administration/debug/debug-wordpress/">Debugging in WordPress</a> for more information. (This message was added in version 4.4.0.) in /wordpress/wp-includes/functions.php on line 6121
[02-Jun-2025 02:02:13 UTC] PHP Notice:  Function add_shortcode was called <strong>incorrectly</strong>. Invalid shortcode name: B1st.Systems KB. Do not use spaces or reserved characters: &amp; /  [ ] = Please see <a href="https://developer.wordpress.org/advanced-administration/debug/debug-wordpress/">Debugging in WordPress</a> for more information. (This message was added in version 4.4.0.) in /wordpress/wp-includes/functions.php on line 6121
[02-Jun-2025 02:02:14 UTC] WordPress database error <div style="clear:both">&nbsp;</div>
<div class="queries" style="clear:both;margin-bottom:2px;border:red dotted thin;">
<p>MySQL query:</p>
<p>
INSERT INTO wp_b1st_privileges (id, code, name, status,create_date) VALUES (NULL, 'AT', 'Add Ticket', '1', CURRENT_DATE()), (NULL, 'DT', 'Delete Ticket', '1', CURRENT_DATE()), (NULL, 'CT', 'Close Ticket', '1', CURRENT_DATE()), (NULL, 'ET', 'Edit Ticket', '1', CURRENT_DATE()), (NULL, 'ATTA', 'Assign ticket to Admin', '1', CURRENT_DATE()), (NULL, 'TTAA', 'Transfer ticket from one Admin to another Admin', '1', CURRENT_DATE()), (NULL, 'RT', 'Reopen Tickets', '1', CURRENT_DATE()), (NULL, 'RAT', 'Read all Tickets', '1', CURRENT_DATE()), (NULL, 'AAT', 'Answer any tickets', '1', CURRENT_DATE())</p>
<p>Queries made or created this session were:</p>
<ol>
<li>Executing: BEGIN | (no parameters)</li>
<li>Executing: 
INSERT INTO wp_b1st_privileges (id, code, name, status,create_date) VALUES (NULL, :param0 , :param1 , :param2 , CURRENT_DATE()), (NULL, :param3 , :param4 , :param5 , CURRENT_DATE()), (NULL, :param6 , :param7 , :param8 , CURRENT_DATE()), (NULL, :param9 , :param10 , :param11 , CURRENT_DATE()), (NULL, :param12 , :param13 , :param14 , CURRENT_DATE()), (NULL, :param15 , :param16 , :param17 , CURRENT_DATE()), (NULL, :param18 , :param19 , :param20 , CURRENT_DATE()), (NULL, :param21 , :param22 , :param23 , CURRENT_DATE()), (NULL, :param24 , :param25 , :param26 , CURRENT_DATE()) | parameters: AT, Add Ticket, 1, DT, Delete Ticket, 1, CT, Close Ticket, 1, ET, Edit Ticket, 1, ATTA, Assign ticket to Admin, 1, TTAA, Transfer ticket from one Admin to another Admin, 1, RT, Reopen Tickets, 1, RAT, Read all Tickets, 1, AAT, Answer any tickets, 1</li>
<li>Executing: ROLLBACK | (no parameters)</li>
</ol>
</div>
<div style="clear:both;margin-bottom:2px;border:red dotted thin;" class="error_message" style="border-bottom:dotted blue thin;">
Error occurred at line 4117 in Function <code>handle_error</code>. Error message was: SQLSTATE[HY000]: General error: 1 near "(": syntax error.
</div>
<p>Backtrace:</p>
<pre>#0 /internal/shared/sqlite-database-integration/wp-includes/sqlite/class-wp-sqlite-db.php(287): WP_SQLite_Translator->get_error_message()
#1 /wordpress/wp-admin/includes/upgrade.php(3280): WP_SQLite_DB->query('\nINSERT INTO wp...')
#2 /wordpress/wp-content/plugins/b1st-ticketing-system/ticket.php(128): dbDelta(Array)
#3 /wordpress/wp-includes/class-wp-hook.php(324): B1st_jal_install(false)
#4 /wordpress/wp-includes/class-wp-hook.php(348): WP_Hook->apply_filters('', Array)
#5 /wordpress/wp-includes/plugin.php(517): WP_Hook->do_action(Array)
#6 /wordpress/wp-admin/includes/plugin.php(703): do_action('activate_b1st-t...', false)
#7 /internal/eval.php(20): activate_plugin('b1st-ticketing-...')
#8 {main}</pre>
 for query 
INSERT INTO wp_b1st_privileges (id, code, name, status,create_date) VALUES (NULL, 'AT', 'Add Ticket', '1', CURRENT_DATE()), (NULL, 'DT', 'Delete Ticket', '1', CURRENT_DATE()), (NULL, 'CT', 'Close Ticket', '1', CURRENT_DATE()), (NULL, 'ET', 'Edit Ticket', '1', CURRENT_DATE()), (NULL, 'ATTA', 'Assign ticket to Admin', '1', CURRENT_DATE()), (NULL, 'TTAA', 'Transfer ticket from one Admin to another Admin', '1', CURRENT_DATE()), (NULL, 'RT', 'Reopen Tickets', '1', CURRENT_DATE()), (NULL, 'RAT', 'Read all Tickets', '1', CURRENT_DATE()), (NULL, 'AAT', 'Answer any tickets', '1', CURRENT_DATE()) made by activate_plugin, do_action('activate_b1st-ticketing-system/ticket.php'), WP_Hook->do_action, WP_Hook->apply_filters, B1st_jal_install, dbDelta, WP_SQLite_DB->query, WP_SQLite_DB->print_error
[02-Jun-2025 02:02:16 UTC] PHP Notice:  Function add_shortcode was called <strong>incorrectly</strong>. Invalid shortcode name: B1st.Systems Ticketing. Do not use spaces or reserved characters: &amp; /  [ ] = Please see <a href="https://developer.wordpress.org/advanced-administration/debug/debug-wordpress/">Debugging in WordPress</a> for more information. (This message was added in version 4.4.0.) in /wordpress/wp-includes/functions.php on line 6121
[02-Jun-2025 02:02:16 UTC] PHP Notice:  Function add_shortcode was called <strong>incorrectly</strong>. Invalid shortcode name: B1st.Systems KB. Do not use spaces or reserved characters: &amp; /  [ ] = Please see <a href="https://developer.wordpress.org/advanced-administration/debug/debug-wordpress/">Debugging in WordPress</a> for more information. (This message was added in version 4.4.0.) in /wordpress/wp-includes/functions.php on line 6121
[02-Jun-2025 02:02:27 UTC] PHP Notice:  Function add_shortcode was called <strong>incorrectly</strong>. Invalid shortcode name: B1st.Systems Ticketing. Do not use spaces or reserved characters: &amp; /  [ ] = Please see <a href="https://developer.wordpress.org/advanced-administration/debug/debug-wordpress/">Debugging in WordPress</a> for more information. (This message was added in version 4.4.0.) in /wordpress/wp-includes/functions.php on line 6121
[02-Jun-2025 02:02:27 UTC] PHP Notice:  Function add_shortcode was called <strong>incorrectly</strong>. Invalid shortcode name: B1st.Systems KB. Do not use spaces or reserved characters: &amp; /  [ ] = Please see <a href="https://developer.wordpress.org/advanced-administration/debug/debug-wordpress/">Debugging in WordPress</a> for more information. (This message was added in version 4.4.0.) in /wordpress/wp-includes/functions.php on line 6121
[02-Jun-2025 02:02:27 UTC] WordPress database error <div style="clear:both">&nbsp;</div>
<div class="queries" style="clear:both;margin-bottom:2px;border:red dotted thin;">
<p>MySQL query:</p>
<p>
INSERT INTO wp_b1st_privileges (id, code, name, status,create_date) VALUES (NULL, 'AT', 'Add Ticket', '1', CURRENT_DATE()), (NULL, 'DT', 'Delete Ticket', '1', CURRENT_DATE()), (NULL, 'CT', 'Close Ticket', '1', CURRENT_DATE()), (NULL, 'ET', 'Edit Ticket', '1', CURRENT_DATE()), (NULL, 'ATTA', 'Assign ticket to Admin', '1', CURRENT_DATE()), (NULL, 'TTAA', 'Transfer ticket from one Admin to another Admin', '1', CURRENT_DATE()), (NULL, 'RT', 'Reopen Tickets', '1', CURRENT_DATE()), (NULL, 'RAT', 'Read all Tickets', '1', CURRENT_DATE()), (NULL, 'AAT', 'Answer any tickets', '1', CURRENT_DATE())</p>
<p>Queries made or created this session were:</p>
<ol>
<li>Executing: BEGIN | (no parameters)</li>
<li>Executing: 
INSERT INTO wp_b1st_privileges (id, code, name, status,create_date) VALUES (NULL, :param0 , :param1 , :param2 , CURRENT_DATE()), (NULL, :param3 , :param4 , :param5 , CURRENT_DATE()), (NULL, :param6 , :param7 , :param8 , CURRENT_DATE()), (NULL, :param9 , :param10 , :param11 , CURRENT_DATE()), (NULL, :param12 , :param13 , :param14 , CURRENT_DATE()), (NULL, :param15 , :param16 , :param17 , CURRENT_DATE()), (NULL, :param18 , :param19 , :param20 , CURRENT_DATE()), (NULL, :param21 , :param22 , :param23 , CURRENT_DATE()), (NULL, :param24 , :param25 , :param26 , CURRENT_DATE()) | parameters: AT, Add Ticket, 1, DT, Delete Ticket, 1, CT, Close Ticket, 1, ET, Edit Ticket, 1, ATTA, Assign ticket to Admin, 1, TTAA, Transfer ticket from one Admin to another Admin, 1, RT, Reopen Tickets, 1, RAT, Read all Tickets, 1, AAT, Answer any tickets, 1</li>
<li>Executing: ROLLBACK | (no parameters)</li>
</ol>
</div>
<div style="clear:both;margin-bottom:2px;border:red dotted thin;" class="error_message" style="border-bottom:dotted blue thin;">
Error occurred at line 4117 in Function <code>handle_error</code>. Error message was: SQLSTATE[HY000]: General error: 1 near "(": syntax error.
</div>
<p>Backtrace:</p>
<pre>#0 /internal/shared/sqlite-database-integration/wp-includes/sqlite/class-wp-sqlite-db.php(287): WP_SQLite_Translator->get_error_message()
#1 /wordpress/wp-admin/includes/upgrade.php(3280): WP_SQLite_DB->query('\nINSERT INTO wp...')
#2 /wordpress/wp-content/plugins/b1st-ticketing-system/ticket.php(128): dbDelta(Array)
#3 /wordpress/wp-includes/class-wp-hook.php(324): B1st_jal_install(false)
#4 /wordpress/wp-includes/class-wp-hook.php(348): WP_Hook->apply_filters('', Array)
#5 /wordpress/wp-includes/plugin.php(517): WP_Hook->do_action(Array)
#6 /wordpress/wp-admin/includes/plugin.php(703): do_action('activate_b1st-t...', false)
#7 /internal/eval.php(20): activate_plugin('b1st-ticketing-...')
#8 {main}</pre>
 for query 
INSERT INTO wp_b1st_privileges (id, code, name, status,create_date) VALUES (NULL, 'AT', 'Add Ticket', '1', CURRENT_DATE()), (NULL, 'DT', 'Delete Ticket', '1', CURRENT_DATE()), (NULL, 'CT', 'Close Ticket', '1', CURRENT_DATE()), (NULL, 'ET', 'Edit Ticket', '1', CURRENT_DATE()), (NULL, 'ATTA', 'Assign ticket to Admin', '1', CURRENT_DATE()), (NULL, 'TTAA', 'Transfer ticket from one Admin to another Admin', '1', CURRENT_DATE()), (NULL, 'RT', 'Reopen Tickets', '1', CURRENT_DATE()), (NULL, 'RAT', 'Read all Tickets', '1', CURRENT_DATE()), (NULL, 'AAT', 'Answer any tickets', '1', CURRENT_DATE()) made by activate_plugin, do_action('activate_b1st-ticketing-system/ticket.php'), WP_Hook->do_action, WP_Hook->apply_filters, B1st_jal_install, dbDelta, WP_SQLite_DB->query, WP_SQLite_DB->print_error
[02-Jun-2025 02:02:28 UTC] PHP Notice:  Function add_shortcode was called <strong>incorrectly</strong>. Invalid shortcode name: B1st.Systems Ticketing. Do not use spaces or reserved characters: &amp; /  [ ] = Please see <a href="https://developer.wordpress.org/advanced-administration/debug/debug-wordpress/">Debugging in WordPress</a> for more information. (This message was added in version 4.4.0.) in /wordpress/wp-includes/functions.php on line 6121
[02-Jun-2025 02:02:28 UTC] PHP Notice:  Function add_shortcode was called <strong>incorrectly</strong>. Invalid shortcode name: B1st.Systems KB. Do not use spaces or reserved characters: &amp; /  [ ] = Please see <a href="https://developer.wordpress.org/advanced-administration/debug/debug-wordpress/">Debugging in WordPress</a> for more information. (This message was added in version 4.4.0.) in /wordpress/wp-includes/functions.php on line 6121
[02-Jun-2025 02:03:35 UTC] PHP Warning:  Attempt to read property "post_type" on null in /wordpress/wp-content/plugins/big-blog-map/big-blog-map.php on line 468
[02-Jun-2025 02:03:44 UTC] PHP Warning:  Attempt to read property "post_type" on null in /wordpress/wp-content/plugins/big-blog-map/big-blog-map.php on line 468
[02-Jun-2025 02:03:55 UTC] PHP Warning:  Attempt to read property "post_type" on null in /wordpress/wp-content/plugins/big-blog-map/big-blog-map.php on line 468
[02-Jun-2025 02:04:05 UTC] PHP Fatal error:  Uncaught TypeError: call_user_func_array(): Argument #1 ($callback) must be a valid callback, non-static method kilometerwidget::init() cannot be called statically in /wordpress/wp-includes/class-wp-hook.php:324
Stack trace:
#0 /wordpress/wp-includes/class-wp-hook.php(348): WP_Hook->apply_filters(NULL, Array)
#1 /wordpress/wp-includes/plugin.php(517): WP_Hook->do_action(Array)
#2 /wordpress/wp-includes/widgets.php(1870): do_action('widgets_init')
#3 /wordpress/wp-includes/class-wp-hook.php(324): wp_widgets_init('')
#4 /wordpress/wp-includes/class-wp-hook.php(348): WP_Hook->apply_filters(NULL, Array)
#5 /wordpress/wp-includes/plugin.php(517): WP_Hook->do_action(Array)
#6 /wordpress/wp-settings.php(727): do_action('init')
#7 /wordpress/wp-config.php(102): require_once('/wordpress/wp-s...')
#8 /wordpress/wp-load.php(50): require_once('/wordpress/wp-c...')
#9 /internal/eval.php(3): require_once('/wordpress/wp-l...')
#10 {main}
  thrown in /wordpress/wp-includes/class-wp-hook.php on line 324
[02-Jun-2025 02:04:13 UTC] PHP Fatal error:  Uncaught TypeError: call_user_func_array(): Argument #1 ($callback) must be a valid callback, non-static method kilometerwidget::init() cannot be called statically in /wordpress/wp-includes/class-wp-hook.php:324
Stack trace:
#0 /wordpress/wp-includes/class-wp-hook.php(348): WP_Hook->apply_filters(NULL, Array)
#1 /wordpress/wp-includes/plugin.php(517): WP_Hook->do_action(Array)
#2 /wordpress/wp-includes/widgets.php(1870): do_action('widgets_init')
#3 /wordpress/wp-includes/class-wp-hook.php(324): wp_widgets_init('')
#4 /wordpress/wp-includes/class-wp-hook.php(348): WP_Hook->apply_filters(NULL, Array)
#5 /wordpress/wp-includes/plugin.php(517): WP_Hook->do_action(Array)
#6 /wordpress/wp-settings.php(727): do_action('init')
#7 /wordpress/wp-config.php(102): require_once('/wordpress/wp-s...')
#8 /wordpress/wp-load.php(50): require_once('/wordpress/wp-c...')
#9 /internal/eval.php(3): require_once('/wordpress/wp-l...')
#10 {main}
  thrown in /wordpress/wp-includes/class-wp-hook.php on line 324
[02-Jun-2025 02:04:22 UTC] PHP Fatal error:  Uncaught TypeError: call_user_func_array(): Argument #1 ($callback) must be a valid callback, non-static method kilometerwidget::init() cannot be called statically in /wordpress/wp-includes/class-wp-hook.php:324
Stack trace:
#0 /wordpress/wp-includes/class-wp-hook.php(348): WP_Hook->apply_filters(NULL, Array)
#1 /wordpress/wp-includes/plugin.php(517): WP_Hook->do_action(Array)
#2 /wordpress/wp-includes/widgets.php(1870): do_action('widgets_init')
#3 /wordpress/wp-includes/class-wp-hook.php(324): wp_widgets_init('')
#4 /wordpress/wp-includes/class-wp-hook.php(348): WP_Hook->apply_filters(NULL, Array)
#5 /wordpress/wp-includes/plugin.php(517): WP_Hook->do_action(Array)
#6 /wordpress/wp-settings.php(727): do_action('init')
#7 /wordpress/wp-config.php(102): require_once('/wordpress/wp-s...')
#8 /wordpress/wp-load.php(50): require_once('/wordpress/wp-c...')
#9 /internal/eval.php(3): require_once('/wordpress/wp-l...')
#10 {main}
  thrown in /wordpress/wp-includes/class-wp-hook.php on line 324
[02-Jun-2025 02:04:54 UTC] PHP Notice:  Function _load_textdomain_just_in_time was called <strong>incorrectly</strong>. Translation loading for the <code>woocommerce</code> domain was triggered too early. This is usually an indicator for some code in the plugin or theme running too early. Translations should be loaded at the <code>init</code> action or later. Please see <a href="https://developer.wordpress.org/advanced-administration/debug/debug-wordpress/">Debugging in WordPress</a> for more information. (This message was added in version 6.7.0.) in /wordpress/wp-includes/functions.php on line 6121
[02-Jun-2025 02:05:35 UTC] PHP Notice:  Function _load_textdomain_just_in_time was called <strong>incorrectly</strong>. Translation loading for the <code>woocommerce</code> domain was triggered too early. This is usually an indicator for some code in the plugin or theme running too early. Translations should be loaded at the <code>init</code> action or later. Please see <a href="https://developer.wordpress.org/advanced-administration/debug/debug-wordpress/">Debugging in WordPress</a> for more information. (This message was added in version 6.7.0.) in /wordpress/wp-includes/functions.php on line 6121
[02-Jun-2025 02:06:15 UTC] PHP Notice:  Function _load_textdomain_just_in_time was called <strong>incorrectly</strong>. Translation loading for the <code>woocommerce</code> domain was triggered too early. This is usually an indicator for some code in the plugin or theme running too early. Translations should be loaded at the <code>init</code> action or later. Please see <a href="https://developer.wordpress.org/advanced-administration/debug/debug-wordpress/">Debugging in WordPress</a> for more information. (This message was added in version 6.7.0.) in /wordpress/wp-includes/functions.php on line 6121
[02-Jun-2025 02:06:57 UTC] PHP Warning:  Trying to access array offset on value of type bool in /wordpress/wp-content/plugins/biltorvet-dealer-tools/classes/Biltorvet.php on line 33
[02-Jun-2025 02:07:05 UTC] PHP Warning:  Trying to access array offset on value of type bool in /wordpress/wp-content/plugins/biltorvet-dealer-tools/classes/Biltorvet.php on line 33
[02-Jun-2025 02:07:14 UTC] PHP Warning:  Trying to access array offset on value of type bool in /wordpress/wp-content/plugins/biltorvet-dealer-tools/classes/Biltorvet.php on line 33
[02-Jun-2025 02:08:46 UTC] PHP Fatal error:  Uncaught Error: Call to undefined function create_function() in /wordpress/wp-content/plugins/bitly/bitly-widget.php:290
Stack trace:
#0 /wordpress/wp-content/plugins/bitly/bitly.php(329): require_once()
#1 /wordpress/wp-admin/includes/plugin.php(2387): include_once('/wordpress/wp-c...')
#2 /wordpress/wp-admin/includes/plugin.php(673): plugin_sandbox_scrape('bitly/bitly.php')
#3 /internal/eval.php(20): activate_plugin('bitly/bitly.php')
#4 {main}
  thrown in /wordpress/wp-content/plugins/bitly/bitly-widget.php on line 290
[02-Jun-2025 02:08:54 UTC] PHP Fatal error:  Uncaught Error: Call to undefined function create_function() in /wordpress/wp-content/plugins/bitly/bitly-widget.php:290
Stack trace:
#0 /wordpress/wp-content/plugins/bitly/bitly.php(329): require_once()
#1 /wordpress/wp-admin/includes/plugin.php(2387): include_once('/wordpress/wp-c...')
#2 /wordpress/wp-admin/includes/plugin.php(673): plugin_sandbox_scrape('bitly/bitly.php')
#3 /internal/eval.php(20): activate_plugin('bitly/bitly.php')
#4 {main}
  thrown in /wordpress/wp-content/plugins/bitly/bitly-widget.php on line 290

    at Object.onBind (file:///home/runner/work/playground-tester/playground-tester/node_modules/@wp-playground/cli/index.js:237:15)
    at process.processTicksAndRejections (node:internal/process/task_queues:105:5)
    at async V (file:///home/runner/work/playground-tester/playground-tester/node_modules/@wp-playground/cli/index.js:64:10)
    at async ja (file:///home/runner/work/playground-tester/playground-tester/node_modules/@wp-playground/cli/cli.js:8161:12) {
  [cause]: Error: Error when executing the blueprint step #1 ({"step":"installPlugin","pluginData":{"resource":"wordpress.org/plugins","slug":"bitly"},"options":{"activate":true}}) : PHP.run() failed with exit code 255 and the following output: 
      at Object.run (file:///home/runner/work/playground-tester/playground-tester/node_modules/@wp-playground/blueprints/index.js:12449:19)
      at process.processTicksAndRejections (node:internal/process/task_queues:105:5)
      at async ms (file:///home/runner/work/playground-tester/playground-tester/node_modules/@wp-playground/blueprints/index.js:12552:3)
      ... 2 lines matching cause stack trace ...
      at async ja (file:///home/runner/work/playground-tester/playground-tester/node_modules/@wp-playground/cli/cli.js:8161:12) {
    [cause]: PHPExecutionFailureError: PHP.run() failed with exit code 255 and the following output: 
        at PHP.run (file:///home/runner/work/playground-tester/playground-tester/node_modules/@php-wasm/universal/index.js:987:19)
        at process.processTicksAndRejections (node:internal/process/task_queues:105:5)
        at async wr (file:///home/runner/work/playground-tester/playground-tester/node_modules/@wp-playground/blueprints/index.js:33:39)
        at async Object.gt [as installPlugin] (file:///home/runner/work/playground-tester/playground-tester/node_modules/@wp-playground/blueprints/index.js:974:42)
        at async g (file:///home/runner/work/playground-tester/playground-tester/node_modules/@wp-playground/blueprints/index.js:12517:30)
        at async Object.run (file:///home/runner/work/playground-tester/playground-tester/node_modules/@wp-playground/blueprints/index.js:12446:23)
        at async ms (file:///home/runner/work/playground-tester/playground-tester/node_modules/@wp-playground/blueprints/index.js:12552:3)
        at async Object.onBind (file:///home/runner/work/playground-tester/playground-tester/node_modules/@wp-playground/cli/index.js:227:48)
        at async V (file:///home/runner/work/playground-tester/playground-tester/node_modules/@wp-playground/cli/index.js:64:10)
        at async ja (file:///home/runner/work/playground-tester/playground-tester/node_modules/@wp-playground/cli/cli.js:8161:12) {
      response: PHPResponse {
        httpStatusCode: 500,
        headers: {
          'x-powered-by': [ 'PHP/8.0.30-dev' ],
          'content-type': [ 'text/html; charset=UTF-8' ]
        },
        bytes: Uint8Array(0) [],
        exitCode: 255,
        errors: ''
      },
      source: 'request'
    }
  }
}

Node.js v23.11.0
