file:///home/runner/work/playground-tester/playground-tester/node_modules/@wp-playground/cli/index.js:237
        throw new Error(y, { cause: u });
              ^

Error: [04-May-2025 13:10:13 UTC] PHP Notice:  Function _load_textdomain_just_in_time was called <strong>incorrectly</strong>. Translation loading for the <code>wp-attachment-filter</code> domain was triggered too early. This is usually an indicator for some code in the plugin or theme running too early. Translations should be loaded at the <code>init</code> action or later. Please see <a href="https://developer.wordpress.org/advanced-administration/debug/debug-wordpress/">Debugging in WordPress</a> for more information. (This message was added in version 6.7.0.) in /wordpress/wp-includes/functions.php on line 6121
[04-May-2025 13:10:14 UTC] PHP Warning:  Undefined array key "license" in /wordpress/wp-content/plugins/attachment-filter-by-hocwp-team/hocwp/class-hocwp-plugin.php on line 664
[04-May-2025 13:10:14 UTC] PHP Warning:  Trying to access array offset on value of type null in /wordpress/wp-content/plugins/attachment-filter-by-hocwp-team/hocwp/class-hocwp-plugin.php on line 664
[04-May-2025 13:10:27 UTC] PHP Notice:  Function _load_textdomain_just_in_time was called <strong>incorrectly</strong>. Translation loading for the <code>wp-attachment-filter</code> domain was triggered too early. This is usually an indicator for some code in the plugin or theme running too early. Translations should be loaded at the <code>init</code> action or later. Please see <a href="https://developer.wordpress.org/advanced-administration/debug/debug-wordpress/">Debugging in WordPress</a> for more information. (This message was added in version 6.7.0.) in /wordpress/wp-includes/functions.php on line 6121
[04-May-2025 13:10:27 UTC] PHP Warning:  Undefined array key "license" in /wordpress/wp-content/plugins/attachment-filter-by-hocwp-team/hocwp/class-hocwp-plugin.php on line 664
[04-May-2025 13:10:27 UTC] PHP Warning:  Trying to access array offset on value of type null in /wordpress/wp-content/plugins/attachment-filter-by-hocwp-team/hocwp/class-hocwp-plugin.php on line 664
[04-May-2025 13:10:39 UTC] PHP Notice:  Function _load_textdomain_just_in_time was called <strong>incorrectly</strong>. Translation loading for the <code>wp-attachment-filter</code> domain was triggered too early. This is usually an indicator for some code in the plugin or theme running too early. Translations should be loaded at the <code>init</code> action or later. Please see <a href="https://developer.wordpress.org/advanced-administration/debug/debug-wordpress/">Debugging in WordPress</a> for more information. (This message was added in version 6.7.0.) in /wordpress/wp-includes/functions.php on line 6121
[04-May-2025 13:10:40 UTC] PHP Warning:  Undefined array key "license" in /wordpress/wp-content/plugins/attachment-filter-by-hocwp-team/hocwp/class-hocwp-plugin.php on line 664
[04-May-2025 13:10:40 UTC] PHP Warning:  Trying to access array offset on value of type null in /wordpress/wp-content/plugins/attachment-filter-by-hocwp-team/hocwp/class-hocwp-plugin.php on line 664
[04-May-2025 13:12:40 UTC] PHP Notice:  Function _load_textdomain_just_in_time was called <strong>incorrectly</strong>. Translation loading for the <code>admin-commenters-comments-count</code> domain was triggered too early. This is usually an indicator for some code in the plugin or theme running too early. Translations should be loaded at the <code>init</code> action or later. Please see <a href="https://developer.wordpress.org/advanced-administration/debug/debug-wordpress/">Debugging in WordPress</a> for more information. (This message was added in version 6.7.0.) in /wordpress/wp-includes/functions.php on line 6121
[04-May-2025 13:12:49 UTC] PHP Notice:  Function _load_textdomain_just_in_time was called <strong>incorrectly</strong>. Translation loading for the <code>admin-commenters-comments-count</code> domain was triggered too early. This is usually an indicator for some code in the plugin or theme running too early. Translations should be loaded at the <code>init</code> action or later. Please see <a href="https://developer.wordpress.org/advanced-administration/debug/debug-wordpress/">Debugging in WordPress</a> for more information. (This message was added in version 6.7.0.) in /wordpress/wp-includes/functions.php on line 6121
[04-May-2025 13:12:57 UTC] PHP Notice:  Function _load_textdomain_just_in_time was called <strong>incorrectly</strong>. Translation loading for the <code>admin-commenters-comments-count</code> domain was triggered too early. This is usually an indicator for some code in the plugin or theme running too early. Translations should be loaded at the <code>init</code> action or later. Please see <a href="https://developer.wordpress.org/advanced-administration/debug/debug-wordpress/">Debugging in WordPress</a> for more information. (This message was added in version 6.7.0.) in /wordpress/wp-includes/functions.php on line 6121
[04-May-2025 13:13:43 UTC] PHP Warning:  Undefined array key "HTTP_REFERER" in /wordpress/wp-content/plugins/adsense-only-to-search-engine-and-social-network/index.php on line 133
[04-May-2025 13:13:52 UTC] PHP Warning:  Undefined array key "HTTP_REFERER" in /wordpress/wp-content/plugins/adsense-only-to-search-engine-and-social-network/index.php on line 133
[04-May-2025 13:14:01 UTC] PHP Warning:  Undefined array key "HTTP_REFERER" in /wordpress/wp-content/plugins/adsense-only-to-search-engine-and-social-network/index.php on line 133
[04-May-2025 13:16:34 UTC] PHP Fatal error:  Uncaught Error: Undefined constant "allInOneGallery_select_page" in /wordpress/wp-content/plugins/all-in-one-gallery/all_in_one_gallery.php:34
Stack trace:
#0 /wordpress/wp-admin/includes/plugin.php(2387): include_once()
#1 /wordpress/wp-admin/includes/plugin.php(673): plugin_sandbox_scrape('all-in-one-gall...')
#2 /internal/eval.php(20): activate_plugin('all-in-one-gall...')
#3 {main}
  thrown in /wordpress/wp-content/plugins/all-in-one-gallery/all_in_one_gallery.php on line 34
[04-May-2025 13:16:43 UTC] PHP Fatal error:  Uncaught Error: Undefined constant "allInOneGallery_select_page" in /wordpress/wp-content/plugins/all-in-one-gallery/all_in_one_gallery.php:34
Stack trace:
#0 /wordpress/wp-admin/includes/plugin.php(2387): include_once()
#1 /wordpress/wp-admin/includes/plugin.php(673): plugin_sandbox_scrape('all-in-one-gall...')
#2 /internal/eval.php(20): activate_plugin('all-in-one-gall...')
#3 {main}
  thrown in /wordpress/wp-content/plugins/all-in-one-gallery/all_in_one_gallery.php on line 34
[04-May-2025 13:16:51 UTC] PHP Fatal error:  Uncaught Error: Undefined constant "allInOneGallery_select_page" in /wordpress/wp-content/plugins/all-in-one-gallery/all_in_one_gallery.php:34
Stack trace:
#0 /wordpress/wp-admin/includes/plugin.php(2387): include_once()
#1 /wordpress/wp-admin/includes/plugin.php(673): plugin_sandbox_scrape('all-in-one-gall...')
#2 /internal/eval.php(20): activate_plugin('all-in-one-gall...')
#3 {main}
  thrown in /wordpress/wp-content/plugins/all-in-one-gallery/all_in_one_gallery.php on line 34
[04-May-2025 13:17:28 UTC] PHP Fatal error:  Uncaught ArgumentCountError: Too few arguments to function WP_Widget::__construct(), 0 passed in /wordpress/wp-includes/class-wp-widget-factory.php on line 62 and at least 2 expected in /wordpress/wp-includes/class-wp-widget.php:163
Stack trace:
#0 /wordpress/wp-includes/class-wp-widget-factory.php(62): WP_Widget->__construct()
#1 /wordpress/wp-includes/widgets.php(123): WP_Widget_Factory->register('Alpine_PhotoTil...')
#2 /wordpress/wp-content/plugins/alpine-photo-tile-for-tumblr/alpine-phototile-for-tumblr.php(59): register_widget('Alpine_PhotoTil...')
#3 /wordpress/wp-includes/class-wp-hook.php(324): APTFTbyTAP_widget_register('')
#4 /wordpress/wp-includes/class-wp-hook.php(348): WP_Hook->apply_filters(NULL, Array)
#5 /wordpress/wp-includes/plugin.php(517): WP_Hook->do_action(Array)
#6 /wordpress/wp-includes/widgets.php(1870): do_action('widgets_init')
#7 /wordpress/wp-includes/class-wp-hook.php(324): wp_widgets_init('')
#8 /wordpress/wp-includes/class-wp-hook.php(348): WP_Hook->apply_filters(NULL, Array)
#9 /wordpress/wp-includes/plugin.php(517): WP_Hook->do_action(Array)
#10 /wordpress/wp-settings.php(727): do_action('init')
#11 /wordpress/wp-config.php(102): require_once('/wordpress/wp-s...')
#12 /wordpress/wp-load.php(50): require_once('/wordpress/wp-c...')
#13 /internal/eval.php(3): require_once('/wordpress/wp-l...')
#14 {main}
  thrown in /wordpress/wp-includes/class-wp-widget.php on line 163
[04-May-2025 13:17:38 UTC] PHP Fatal error:  Uncaught ArgumentCountError: Too few arguments to function WP_Widget::__construct(), 0 passed in /wordpress/wp-includes/class-wp-widget-factory.php on line 62 and at least 2 expected in /wordpress/wp-includes/class-wp-widget.php:163
Stack trace:
#0 /wordpress/wp-includes/class-wp-widget-factory.php(62): WP_Widget->__construct()
#1 /wordpress/wp-includes/widgets.php(123): WP_Widget_Factory->register('Alpine_PhotoTil...')
#2 /wordpress/wp-content/plugins/alpine-photo-tile-for-tumblr/alpine-phototile-for-tumblr.php(59): register_widget('Alpine_PhotoTil...')
#3 /wordpress/wp-includes/class-wp-hook.php(324): APTFTbyTAP_widget_register('')
#4 /wordpress/wp-includes/class-wp-hook.php(348): WP_Hook->apply_filters(NULL, Array)
#5 /wordpress/wp-includes/plugin.php(517): WP_Hook->do_action(Array)
#6 /wordpress/wp-includes/widgets.php(1870): do_action('widgets_init')
#7 /wordpress/wp-includes/class-wp-hook.php(324): wp_widgets_init('')
#8 /wordpress/wp-includes/class-wp-hook.php(348): WP_Hook->apply_filters(NULL, Array)
#9 /wordpress/wp-includes/plugin.php(517): WP_Hook->do_action(Array)
#10 /wordpress/wp-settings.php(727): do_action('init')
#11 /wordpress/wp-config.php(102): require_once('/wordpress/wp-s...')
#12 /wordpress/wp-load.php(50): require_once('/wordpress/wp-c...')
#13 /internal/eval.php(3): require_once('/wordpress/wp-l...')
#14 {main}
  thrown in /wordpress/wp-includes/class-wp-widget.php on line 163
[04-May-2025 13:17:48 UTC] PHP Fatal error:  Uncaught ArgumentCountError: Too few arguments to function WP_Widget::__construct(), 0 passed in /wordpress/wp-includes/class-wp-widget-factory.php on line 62 and at least 2 expected in /wordpress/wp-includes/class-wp-widget.php:163
Stack trace:
#0 /wordpress/wp-includes/class-wp-widget-factory.php(62): WP_Widget->__construct()
#1 /wordpress/wp-includes/widgets.php(123): WP_Widget_Factory->register('Alpine_PhotoTil...')
#2 /wordpress/wp-content/plugins/alpine-photo-tile-for-tumblr/alpine-phototile-for-tumblr.php(59): register_widget('Alpine_PhotoTil...')
#3 /wordpress/wp-includes/class-wp-hook.php(324): APTFTbyTAP_widget_register('')
#4 /wordpress/wp-includes/class-wp-hook.php(348): WP_Hook->apply_filters(NULL, Array)
#5 /wordpress/wp-includes/plugin.php(517): WP_Hook->do_action(Array)
#6 /wordpress/wp-includes/widgets.php(1870): do_action('widgets_init')
#7 /wordpress/wp-includes/class-wp-hook.php(324): wp_widgets_init('')
#8 /wordpress/wp-includes/class-wp-hook.php(348): WP_Hook->apply_filters(NULL, Array)
#9 /wordpress/wp-includes/plugin.php(517): WP_Hook->do_action(Array)
#10 /wordpress/wp-settings.php(727): do_action('init')
#11 /wordpress/wp-config.php(102): require_once('/wordpress/wp-s...')
#12 /wordpress/wp-load.php(50): require_once('/wordpress/wp-c...')
#13 /internal/eval.php(3): require_once('/wordpress/wp-l...')
#14 {main}
  thrown in /wordpress/wp-includes/class-wp-widget.php on line 163
[04-May-2025 13:17:57 UTC] PHP Deprecated:  Function load_plugin_textdomain was called with an argument that is <strong>deprecated</strong> since version 2.7.0 with no alternative available. in /wordpress/wp-includes/functions.php on line 6121
[04-May-2025 13:17:57 UTC] PHP Deprecated:  Function load_plugin_textdomain was called with an argument that is <strong>deprecated</strong> since version 2.7.0 with no alternative available. in /wordpress/wp-includes/functions.php on line 6121
[04-May-2025 13:18:05 UTC] PHP Deprecated:  Function load_plugin_textdomain was called with an argument that is <strong>deprecated</strong> since version 2.7.0 with no alternative available. in /wordpress/wp-includes/functions.php on line 6121
[04-May-2025 13:18:06 UTC] PHP Deprecated:  Function load_plugin_textdomain was called with an argument that is <strong>deprecated</strong> since version 2.7.0 with no alternative available. in /wordpress/wp-includes/functions.php on line 6121
[04-May-2025 13:18:15 UTC] PHP Deprecated:  Function load_plugin_textdomain was called with an argument that is <strong>deprecated</strong> since version 2.7.0 with no alternative available. in /wordpress/wp-includes/functions.php on line 6121
[04-May-2025 13:18:15 UTC] PHP Deprecated:  Function load_plugin_textdomain was called with an argument that is <strong>deprecated</strong> since version 2.7.0 with no alternative available. in /wordpress/wp-includes/functions.php on line 6121
[04-May-2025 13:18:24 UTC] PHP Fatal error:  Uncaught Error: Call to undefined function create_function() in /wordpress/wp-content/plugins/author-box-2/authorbox.php:41
Stack trace:
#0 /wordpress/wp-admin/includes/plugin.php(2387): include_once()
#1 /wordpress/wp-admin/includes/plugin.php(673): plugin_sandbox_scrape('author-box-2/au...')
#2 /internal/eval.php(20): activate_plugin('author-box-2/au...')
#3 {main}
  thrown in /wordpress/wp-content/plugins/author-box-2/authorbox.php on line 41
[04-May-2025 13:18:32 UTC] PHP Fatal error:  Uncaught Error: Call to undefined function create_function() in /wordpress/wp-content/plugins/author-box-2/authorbox.php:41
Stack trace:
#0 /wordpress/wp-admin/includes/plugin.php(2387): include_once()
#1 /wordpress/wp-admin/includes/plugin.php(673): plugin_sandbox_scrape('author-box-2/au...')
#2 /internal/eval.php(20): activate_plugin('author-box-2/au...')
#3 {main}
  thrown in /wordpress/wp-content/plugins/author-box-2/authorbox.php on line 41
[04-May-2025 13:18:40 UTC] PHP Fatal error:  Uncaught Error: Call to undefined function create_function() in /wordpress/wp-content/plugins/author-box-2/authorbox.php:41
Stack trace:
#0 /wordpress/wp-admin/includes/plugin.php(2387): include_once()
#1 /wordpress/wp-admin/includes/plugin.php(673): plugin_sandbox_scrape('author-box-2/au...')
#2 /internal/eval.php(20): activate_plugin('author-box-2/au...')
#3 {main}
  thrown in /wordpress/wp-content/plugins/author-box-2/authorbox.php on line 41
[04-May-2025 13:18:49 UTC] PHP Warning:  Undefined array key "REMOTE_ADDR" in /wordpress/wp-content/plugins/authorize-by-ip/authorize-by-ip.php on line 460
[04-May-2025 13:18:49 UTC] PHP Warning:  Attempt to read property "ip" on array in /wordpress/wp-content/plugins/authorize-by-ip/authorize-by-ip.php on line 471
[04-May-2025 13:18:57 UTC] PHP Warning:  Undefined array key "REMOTE_ADDR" in /wordpress/wp-content/plugins/authorize-by-ip/authorize-by-ip.php on line 460
[04-May-2025 13:18:57 UTC] PHP Warning:  Attempt to read property "ip" on array in /wordpress/wp-content/plugins/authorize-by-ip/authorize-by-ip.php on line 471
[04-May-2025 13:19:06 UTC] PHP Warning:  Undefined array key "REMOTE_ADDR" in /wordpress/wp-content/plugins/authorize-by-ip/authorize-by-ip.php on line 460
[04-May-2025 13:19:06 UTC] PHP Warning:  Attempt to read property "ip" on array in /wordpress/wp-content/plugins/authorize-by-ip/authorize-by-ip.php on line 471

    at Object.onBind (file:///home/runner/work/playground-tester/playground-tester/node_modules/@wp-playground/cli/index.js:237:15)
    at process.processTicksAndRejections (node:internal/process/task_queues:105:5)
    at async V (file:///home/runner/work/playground-tester/playground-tester/node_modules/@wp-playground/cli/index.js:64:10)
    at async ja (file:///home/runner/work/playground-tester/playground-tester/node_modules/@wp-playground/cli/cli.js:8161:12) {
  [cause]: Error: Error when executing the blueprint step #5 ({"step":"installPlugin","pluginData":{"resource":"wordpress.org/plugins","slug":"automatically-embed-all-facebook-page-albums-in-wp"},"options":{"activate":true}}) : Could not download "https://downloads.wordpress.org/plugin/automatically-embed-all-facebook-page-albums-in-wp.latest-stable.zip".
  				Check if the URL is correct and the server is reachable.
  				If it is reachable, the server might be blocking the request.
  				Check the browser console and network tabs for more information.
  
  				## Does the console show the error "No 'Access-Control-Allow-Origin' header"?
  
  				This means the server that hosts your file does not allow requests from other sites
  				(cross-origin requests, or CORS).	You need to move the asset to a server that allows
  				cross-origin file downloads. Learn more about CORS at
  				https://developer.mozilla.org/en-US/docs/Web/HTTP/CORS.
  
  				If your file is on GitHub, load it from "raw.githubusercontent.com".
  				Here's how to do that:
  
  				1. Start with the original GitHub URL of the file. For example:
  				https://github.com/username/repository/blob/branch/filename.
  				2. Replace "github.com" with "raw.githubusercontent.com".
  				3. Remove the "/blob/" part of the URL.
  
  				The resulting URL should look like this:
  				https://raw.githubusercontent.com/username/repository/branch/filename
  
  				Error:
  				Error: Could not download "https://downloads.wordpress.org/plugin/automatically-embed-all-facebook-page-albums-in-wp.latest-stable.zip"
      at Object.run (file:///home/runner/work/playground-tester/playground-tester/node_modules/@wp-playground/blueprints/index.js:12449:19)
      at process.processTicksAndRejections (node:internal/process/task_queues:105:5)
      at async ms (file:///home/runner/work/playground-tester/playground-tester/node_modules/@wp-playground/blueprints/index.js:12552:3)
      at async Object.onBind (file:///home/runner/work/playground-tester/playground-tester/node_modules/@wp-playground/cli/index.js:227:48)
      at async V (file:///home/runner/work/playground-tester/playground-tester/node_modules/@wp-playground/cli/index.js:64:10)
      at async ja (file:///home/runner/work/playground-tester/playground-tester/node_modules/@wp-playground/cli/cli.js:8161:12) {
    [cause]: Error: Could not download "https://downloads.wordpress.org/plugin/automatically-embed-all-facebook-page-albums-in-wp.latest-stable.zip".
    				Check if the URL is correct and the server is reachable.
    				If it is reachable, the server might be blocking the request.
    				Check the browser console and network tabs for more information.
    
    				## Does the console show the error "No 'Access-Control-Allow-Origin' header"?
    
    				This means the server that hosts your file does not allow requests from other sites
    				(cross-origin requests, or CORS).	You need to move the asset to a server that allows
    				cross-origin file downloads. Learn more about CORS at
    				https://developer.mozilla.org/en-US/docs/Web/HTTP/CORS.
    
    				If your file is on GitHub, load it from "raw.githubusercontent.com".
    				Here's how to do that:
    
    				1. Start with the original GitHub URL of the file. For example:
    				https://github.com/username/repository/blob/branch/filename.
    				2. Replace "github.com" with "raw.githubusercontent.com".
    				3. Remove the "/blob/" part of the URL.
    
    				The resulting URL should look like this:
    				https://raw.githubusercontent.com/username/repository/branch/filename
    
    				Error:
    				Error: Could not download "https://downloads.wordpress.org/plugin/automatically-embed-all-facebook-page-albums-in-wp.latest-stable.zip"
        at Ct.resolve (file:///home/runner/work/playground-tester/playground-tester/node_modules/@wp-playground/blueprints/index.js:1472:13)
        at process.processTicksAndRejections (node:internal/process/task_queues:105:5)
        at async _.run (file:///home/runner/work/playground-tester/playground-tester/node_modules/@php-wasm/util/index.js:45:14)
  }
}

Node.js v23.11.0
