file:///home/runner/work/playground-tester/playground-tester/node_modules/@wp-playground/cli/index.js:237
        throw new Error(y, { cause: u });
              ^

Error: [19-Apr-2025 19:23:26 UTC] PHP Warning:  file_get_contents(http://www.webflakes.com/api/getBacklinksData/my-wordpress-website/): Failed to open stream: HTTP request failed! HTTP/1.1 404 Not Found
 in /wordpress/wp-content/plugins/webflakes-translation-links/webflakes_1_0_3.php on line 93
[19-Apr-2025 19:23:36 UTC] PHP Warning:  file_get_contents(http://www.webflakes.com/api/getBacklinksData/my-wordpress-website/): Failed to open stream: HTTP request failed! HTTP/1.1 404 Not Found
 in /wordpress/wp-content/plugins/webflakes-translation-links/webflakes_1_0_3.php on line 93
[19-Apr-2025 19:23:44 UTC] PHP Warning:  file_get_contents(http://www.webflakes.com/api/getBacklinksData/my-wordpress-website/): Failed to open stream: HTTP request failed! HTTP/1.1 404 Not Found
 in /wordpress/wp-content/plugins/webflakes-translation-links/webflakes_1_0_3.php on line 93
[19-Apr-2025 19:24:20 UTC] PHP Fatal error:  Uncaught Error: Call to undefined function create_function() in /wordpress/wp-content/plugins/wordpress-checkout/includes/classes/class.wpckt-widget.php:9
Stack trace:
#0 /wordpress/wp-content/plugins/wordpress-checkout/wp-checkout.php(39): require_once()
#1 /wordpress/wp-admin/includes/plugin.php(2387): include_once('/wordpress/wp-c...')
#2 /wordpress/wp-admin/includes/plugin.php(673): plugin_sandbox_scrape('wordpress-check...')
#3 /internal/eval.php(20): activate_plugin('wordpress-check...')
#4 {main}
  thrown in /wordpress/wp-content/plugins/wordpress-checkout/includes/classes/class.wpckt-widget.php on line 9
[19-Apr-2025 19:24:26 UTC] PHP Fatal error:  Uncaught Error: Call to undefined function create_function() in /wordpress/wp-content/plugins/wordpress-checkout/includes/classes/class.wpckt-widget.php:9
Stack trace:
#0 /wordpress/wp-content/plugins/wordpress-checkout/wp-checkout.php(39): require_once()
#1 /wordpress/wp-admin/includes/plugin.php(2387): include_once('/wordpress/wp-c...')
#2 /wordpress/wp-admin/includes/plugin.php(673): plugin_sandbox_scrape('wordpress-check...')
#3 /internal/eval.php(20): activate_plugin('wordpress-check...')
#4 {main}
  thrown in /wordpress/wp-content/plugins/wordpress-checkout/includes/classes/class.wpckt-widget.php on line 9
[19-Apr-2025 19:24:34 UTC] PHP Fatal error:  Uncaught Error: Call to undefined function create_function() in /wordpress/wp-content/plugins/wordpress-checkout/includes/classes/class.wpckt-widget.php:9
Stack trace:
#0 /wordpress/wp-content/plugins/wordpress-checkout/wp-checkout.php(39): require_once()
#1 /wordpress/wp-admin/includes/plugin.php(2387): include_once('/wordpress/wp-c...')
#2 /wordpress/wp-admin/includes/plugin.php(673): plugin_sandbox_scrape('wordpress-check...')
#3 /internal/eval.php(20): activate_plugin('wordpress-check...')
#4 {main}
  thrown in /wordpress/wp-content/plugins/wordpress-checkout/includes/classes/class.wpckt-widget.php on line 9
[19-Apr-2025 19:25:06 UTC] PHP Notice:  Function register_uninstall_hook was called <strong>incorrectly</strong>. Only a static class method or function can be used in an uninstall hook. Please see <a href="https://developer.wordpress.org/advanced-administration/debug/debug-wordpress/">Debugging in WordPress</a> for more information. (This message was added in version 3.1.0.) in /wordpress/wp-includes/functions.php on line 6121
[19-Apr-2025 19:25:06 UTC] PHP Warning:  Trying to access array offset on value of type null in /wordpress/wp-content/plugins/wp-cta-top-bar/includes/class-wpctatb.php on line 115
[19-Apr-2025 19:25:07 UTC] PHP Notice:  Function register_uninstall_hook was called <strong>incorrectly</strong>. Only a static class method or function can be used in an uninstall hook. Please see <a href="https://developer.wordpress.org/advanced-administration/debug/debug-wordpress/">Debugging in WordPress</a> for more information. (This message was added in version 3.1.0.) in /wordpress/wp-includes/functions.php on line 6121
[19-Apr-2025 19:25:14 UTC] PHP Notice:  Function register_uninstall_hook was called <strong>incorrectly</strong>. Only a static class method or function can be used in an uninstall hook. Please see <a href="https://developer.wordpress.org/advanced-administration/debug/debug-wordpress/">Debugging in WordPress</a> for more information. (This message was added in version 3.1.0.) in /wordpress/wp-includes/functions.php on line 6121
[19-Apr-2025 19:25:14 UTC] PHP Warning:  Trying to access array offset on value of type null in /wordpress/wp-content/plugins/wp-cta-top-bar/includes/class-wpctatb.php on line 115
[19-Apr-2025 19:25:15 UTC] PHP Notice:  Function register_uninstall_hook was called <strong>incorrectly</strong>. Only a static class method or function can be used in an uninstall hook. Please see <a href="https://developer.wordpress.org/advanced-administration/debug/debug-wordpress/">Debugging in WordPress</a> for more information. (This message was added in version 3.1.0.) in /wordpress/wp-includes/functions.php on line 6121
[19-Apr-2025 19:25:23 UTC] PHP Notice:  Function register_uninstall_hook was called <strong>incorrectly</strong>. Only a static class method or function can be used in an uninstall hook. Please see <a href="https://developer.wordpress.org/advanced-administration/debug/debug-wordpress/">Debugging in WordPress</a> for more information. (This message was added in version 3.1.0.) in /wordpress/wp-includes/functions.php on line 6121
[19-Apr-2025 19:25:23 UTC] PHP Warning:  Trying to access array offset on value of type null in /wordpress/wp-content/plugins/wp-cta-top-bar/includes/class-wpctatb.php on line 115
[19-Apr-2025 19:25:23 UTC] PHP Notice:  Function register_uninstall_hook was called <strong>incorrectly</strong>. Only a static class method or function can be used in an uninstall hook. Please see <a href="https://developer.wordpress.org/advanced-administration/debug/debug-wordpress/">Debugging in WordPress</a> for more information. (This message was added in version 3.1.0.) in /wordpress/wp-includes/functions.php on line 6121
[19-Apr-2025 19:26:25 UTC] PHP Fatal error:  Uncaught Error: Failed opening required '/wordpress/wp-content/plugins/wp-linkit/library/wordpress/application.php' (include_path='.:') in /wordpress/wp-content/plugins/wp-linkit/index.php:10
Stack trace:
#0 /wordpress/wp-admin/includes/plugin.php(2387): include_once()
#1 /wordpress/wp-admin/includes/plugin.php(673): plugin_sandbox_scrape('wp-linkit/index...')
#2 /internal/eval.php(20): activate_plugin('wp-linkit/index...')
#3 {main}
  thrown in /wordpress/wp-content/plugins/wp-linkit/index.php on line 10
[19-Apr-2025 19:26:33 UTC] PHP Fatal error:  Uncaught Error: Failed opening required '/wordpress/wp-content/plugins/wp-linkit/library/wordpress/application.php' (include_path='.:') in /wordpress/wp-content/plugins/wp-linkit/index.php:10
Stack trace:
#0 /wordpress/wp-admin/includes/plugin.php(2387): include_once()
#1 /wordpress/wp-admin/includes/plugin.php(673): plugin_sandbox_scrape('wp-linkit/index...')
#2 /internal/eval.php(20): activate_plugin('wp-linkit/index...')
#3 {main}
  thrown in /wordpress/wp-content/plugins/wp-linkit/index.php on line 10
[19-Apr-2025 19:26:41 UTC] PHP Fatal error:  Uncaught Error: Failed opening required '/wordpress/wp-content/plugins/wp-linkit/library/wordpress/application.php' (include_path='.:') in /wordpress/wp-content/plugins/wp-linkit/index.php:10
Stack trace:
#0 /wordpress/wp-admin/includes/plugin.php(2387): include_once()
#1 /wordpress/wp-admin/includes/plugin.php(673): plugin_sandbox_scrape('wp-linkit/index...')
#2 /internal/eval.php(20): activate_plugin('wp-linkit/index...')
#3 {main}
  thrown in /wordpress/wp-content/plugins/wp-linkit/index.php on line 10
[19-Apr-2025 19:26:49 UTC] PHP Warning:  Undefined array key "hidemsg" in /wordpress/wp-content/plugins/wp-mobily/wp-mobily-inc.php on line 6
[19-Apr-2025 19:26:50 UTC] PHP Warning:  Undefined array key "hidemsg" in /wordpress/wp-content/plugins/wp-mobily/wp-mobily-inc.php on line 6
[19-Apr-2025 19:26:50 UTC] PHP Warning:  Undefined array key "HTTP_USER_AGENT" in /wordpress/wp-content/plugins/wp-mobily/wp-mobily.php on line 107
[19-Apr-2025 19:26:50 UTC] PHP Warning:  Undefined array key "HTTP_ACCEPT" in /wordpress/wp-content/plugins/wp-mobily/wp-mobily.php on line 108
[19-Apr-2025 19:26:57 UTC] PHP Warning:  Undefined array key "hidemsg" in /wordpress/wp-content/plugins/wp-mobily/wp-mobily-inc.php on line 6
[19-Apr-2025 19:26:58 UTC] PHP Warning:  Undefined array key "hidemsg" in /wordpress/wp-content/plugins/wp-mobily/wp-mobily-inc.php on line 6
[19-Apr-2025 19:26:58 UTC] PHP Warning:  Undefined array key "HTTP_USER_AGENT" in /wordpress/wp-content/plugins/wp-mobily/wp-mobily.php on line 107
[19-Apr-2025 19:26:58 UTC] PHP Warning:  Undefined array key "HTTP_ACCEPT" in /wordpress/wp-content/plugins/wp-mobily/wp-mobily.php on line 108
[19-Apr-2025 19:27:06 UTC] PHP Warning:  Undefined array key "hidemsg" in /wordpress/wp-content/plugins/wp-mobily/wp-mobily-inc.php on line 6
[19-Apr-2025 19:27:07 UTC] PHP Warning:  Undefined array key "hidemsg" in /wordpress/wp-content/plugins/wp-mobily/wp-mobily-inc.php on line 6
[19-Apr-2025 19:27:07 UTC] PHP Warning:  Undefined array key "HTTP_USER_AGENT" in /wordpress/wp-content/plugins/wp-mobily/wp-mobily.php on line 107
[19-Apr-2025 19:27:07 UTC] PHP Warning:  Undefined array key "HTTP_ACCEPT" in /wordpress/wp-content/plugins/wp-mobily/wp-mobily.php on line 108
[19-Apr-2025 19:27:15 UTC] PHP Fatal error:  Uncaught Error: Call to undefined function create_function() in /wordpress/wp-content/plugins/wp-paypal-simple-donation-widget/paypal-payments.php:641
Stack trace:
#0 /wordpress/wp-admin/includes/plugin.php(2387): include_once()
#1 /wordpress/wp-admin/includes/plugin.php(673): plugin_sandbox_scrape('wp-paypal-simpl...')
#2 /internal/eval.php(20): activate_plugin('wp-paypal-simpl...')
#3 {main}
  thrown in /wordpress/wp-content/plugins/wp-paypal-simple-donation-widget/paypal-payments.php on line 641
[19-Apr-2025 19:27:23 UTC] PHP Fatal error:  Uncaught Error: Call to undefined function create_function() in /wordpress/wp-content/plugins/wp-paypal-simple-donation-widget/paypal-payments.php:641
Stack trace:
#0 /wordpress/wp-admin/includes/plugin.php(2387): include_once()
#1 /wordpress/wp-admin/includes/plugin.php(673): plugin_sandbox_scrape('wp-paypal-simpl...')
#2 /internal/eval.php(20): activate_plugin('wp-paypal-simpl...')
#3 {main}
  thrown in /wordpress/wp-content/plugins/wp-paypal-simple-donation-widget/paypal-payments.php on line 641
[19-Apr-2025 19:27:30 UTC] PHP Fatal error:  Uncaught Error: Call to undefined function create_function() in /wordpress/wp-content/plugins/wp-paypal-simple-donation-widget/paypal-payments.php:641
Stack trace:
#0 /wordpress/wp-admin/includes/plugin.php(2387): include_once()
#1 /wordpress/wp-admin/includes/plugin.php(673): plugin_sandbox_scrape('wp-paypal-simpl...')
#2 /internal/eval.php(20): activate_plugin('wp-paypal-simpl...')
#3 {main}
  thrown in /wordpress/wp-content/plugins/wp-paypal-simple-donation-widget/paypal-payments.php on line 641
[19-Apr-2025 19:28:13 UTC] WordPress database error <div style="clear:both">&nbsp;</div>
<div class="queries" style="clear:both;margin-bottom:2px;border:red dotted thin;">
<p>MySQL query:</p>
<p>ALTER TABLE wp_simple_mouring
		ADD PRIMARY KEY (id);</p>
<p>Queries made or created this session were:</p>
<ol>
<li>Executing: BEGIN | (no parameters)</li>
<li>Executing: INSERT INTO _mysql_data_types_cache (`table`, `column_or_index`, `mysql_type`)
				VALUES (:table, :column, :datatype)
				ON CONFLICT(`table`, `column_or_index`) DO UPDATE SET `mysql_type` = :datatype
			 | parameters: wp_simple_mouring, wp_simple_mouring__(, PRIMARY</li>
<li>Executing: CREATE PRIMARY KEY &quot;wp_simple_mouring__(&quot; ON &quot;wp_simple_mouring&quot; (); | (no parameters)</li>
<li>Executing: ROLLBACK | (no parameters)</li>
</ol>
</div>
<div style="clear:both;margin-bottom:2px;border:red dotted thin;" class="error_message" style="border-bottom:dotted blue thin;">
Error occurred at line 4117 in Function <code>handle_error</code>. Error message was: SQLSTATE[HY000]: General error: 1 near "PRIMARY": syntax error.
</div>
<p>Backtrace:</p>
<pre>#0 /internal/shared/sqlite-database-integration/wp-includes/sqlite/class-wp-sqlite-db.php(287): WP_SQLite_Translator->get_error_message()
#1 /wordpress/wp-content/plugins/wp-simple-mouring/wp-simple-mouring.php(61): WP_SQLite_DB->query('ALTER TABLE wp_...')
#2 /wordpress/wp-includes/class-wp-hook.php(324): simple_mouring_install(false)
#3 /wordpress/wp-includes/class-wp-hook.php(348): WP_Hook->apply_filters('', Array)
#4 /wordpress/wp-includes/plugin.php(517): WP_Hook->do_action(Array)
#5 /wordpress/wp-admin/includes/plugin.php(703): do_action('activate_wp-sim...', false)
#6 /internal/eval.php(20): activate_plugin('wp-simple-mouri...')
#7 {main}</pre>
 for query ALTER TABLE wp_simple_mouring
		ADD PRIMARY KEY (id); made by activate_plugin, do_action('activate_wp-simple-mouring/wp-simple-mouring.php'), WP_Hook->do_action, WP_Hook->apply_filters, simple_mouring_install, WP_SQLite_DB->query, WP_SQLite_DB->print_error
[19-Apr-2025 19:28:13 UTC] WordPress database error <div style="clear:both">&nbsp;</div>
<div class="queries" style="clear:both;margin-bottom:2px;border:red dotted thin;">
<p>MySQL query:</p>
<p>ALTER TABLE wp_simple_mouring MODIFY `id` int(11) NOT NULL AUTO_INCREMENT;</p>
<p>Queries made or created this session were:</p>
<ol>
<li>Executing: BEGIN | (no parameters)</li>
<li>Executing: ROLLBACK | (no parameters)</li>
</ol>
</div>
<div style="clear:both;margin-bottom:2px;border:red dotted thin;" class="error_message" style="border-bottom:dotted blue thin;">
Error occurred at line 4117 in Function <code>handle_error</code>. Error message was: Unknown operation: MODIFY.
</div>
<p>Backtrace:</p>
<pre>#0 /internal/shared/sqlite-database-integration/wp-includes/sqlite/class-wp-sqlite-db.php(287): WP_SQLite_Translator->get_error_message()
#1 /wordpress/wp-content/plugins/wp-simple-mouring/wp-simple-mouring.php(62): WP_SQLite_DB->query('ALTER TABLE wp_...')
#2 /wordpress/wp-includes/class-wp-hook.php(324): simple_mouring_install(false)
#3 /wordpress/wp-includes/class-wp-hook.php(348): WP_Hook->apply_filters('', Array)
#4 /wordpress/wp-includes/plugin.php(517): WP_Hook->do_action(Array)
#5 /wordpress/wp-admin/includes/plugin.php(703): do_action('activate_wp-sim...', false)
#6 /internal/eval.php(20): activate_plugin('wp-simple-mouri...')
#7 {main}</pre>
 for query ALTER TABLE wp_simple_mouring MODIFY `id` int(11) NOT NULL AUTO_INCREMENT; made by activate_plugin, do_action('activate_wp-simple-mouring/wp-simple-mouring.php'), WP_Hook->do_action, WP_Hook->apply_filters, simple_mouring_install, WP_SQLite_DB->query, WP_SQLite_DB->print_error
[19-Apr-2025 19:28:21 UTC] WordPress database error <div style="clear:both">&nbsp;</div>
<div class="queries" style="clear:both;margin-bottom:2px;border:red dotted thin;">
<p>MySQL query:</p>
<p>ALTER TABLE wp_simple_mouring
		ADD PRIMARY KEY (id);</p>
<p>Queries made or created this session were:</p>
<ol>
<li>Executing: BEGIN | (no parameters)</li>
<li>Executing: INSERT INTO _mysql_data_types_cache (`table`, `column_or_index`, `mysql_type`)
				VALUES (:table, :column, :datatype)
				ON CONFLICT(`table`, `column_or_index`) DO UPDATE SET `mysql_type` = :datatype
			 | parameters: wp_simple_mouring, wp_simple_mouring__(, PRIMARY</li>
<li>Executing: CREATE PRIMARY KEY &quot;wp_simple_mouring__(&quot; ON &quot;wp_simple_mouring&quot; (); | (no parameters)</li>
<li>Executing: ROLLBACK | (no parameters)</li>
</ol>
</div>
<div style="clear:both;margin-bottom:2px;border:red dotted thin;" class="error_message" style="border-bottom:dotted blue thin;">
Error occurred at line 4117 in Function <code>handle_error</code>. Error message was: SQLSTATE[HY000]: General error: 1 near "PRIMARY": syntax error.
</div>
<p>Backtrace:</p>
<pre>#0 /internal/shared/sqlite-database-integration/wp-includes/sqlite/class-wp-sqlite-db.php(287): WP_SQLite_Translator->get_error_message()
#1 /wordpress/wp-content/plugins/wp-simple-mouring/wp-simple-mouring.php(61): WP_SQLite_DB->query('ALTER TABLE wp_...')
#2 /wordpress/wp-includes/class-wp-hook.php(324): simple_mouring_install(false)
#3 /wordpress/wp-includes/class-wp-hook.php(348): WP_Hook->apply_filters('', Array)
#4 /wordpress/wp-includes/plugin.php(517): WP_Hook->do_action(Array)
#5 /wordpress/wp-admin/includes/plugin.php(703): do_action('activate_wp-sim...', false)
#6 /internal/eval.php(20): activate_plugin('wp-simple-mouri...')
#7 {main}</pre>
 for query ALTER TABLE wp_simple_mouring
		ADD PRIMARY KEY (id); made by activate_plugin, do_action('activate_wp-simple-mouring/wp-simple-mouring.php'), WP_Hook->do_action, WP_Hook->apply_filters, simple_mouring_install, WP_SQLite_DB->query, WP_SQLite_DB->print_error
[19-Apr-2025 19:28:21 UTC] WordPress database error <div style="clear:both">&nbsp;</div>
<div class="queries" style="clear:both;margin-bottom:2px;border:red dotted thin;">
<p>MySQL query:</p>
<p>ALTER TABLE wp_simple_mouring MODIFY `id` int(11) NOT NULL AUTO_INCREMENT;</p>
<p>Queries made or created this session were:</p>
<ol>
<li>Executing: BEGIN | (no parameters)</li>
<li>Executing: ROLLBACK | (no parameters)</li>
</ol>
</div>
<div style="clear:both;margin-bottom:2px;border:red dotted thin;" class="error_message" style="border-bottom:dotted blue thin;">
Error occurred at line 4117 in Function <code>handle_error</code>. Error message was: Unknown operation: MODIFY.
</div>
<p>Backtrace:</p>
<pre>#0 /internal/shared/sqlite-database-integration/wp-includes/sqlite/class-wp-sqlite-db.php(287): WP_SQLite_Translator->get_error_message()
#1 /wordpress/wp-content/plugins/wp-simple-mouring/wp-simple-mouring.php(62): WP_SQLite_DB->query('ALTER TABLE wp_...')
#2 /wordpress/wp-includes/class-wp-hook.php(324): simple_mouring_install(false)
#3 /wordpress/wp-includes/class-wp-hook.php(348): WP_Hook->apply_filters('', Array)
#4 /wordpress/wp-includes/plugin.php(517): WP_Hook->do_action(Array)
#5 /wordpress/wp-admin/includes/plugin.php(703): do_action('activate_wp-sim...', false)
#6 /internal/eval.php(20): activate_plugin('wp-simple-mouri...')
#7 {main}</pre>
 for query ALTER TABLE wp_simple_mouring MODIFY `id` int(11) NOT NULL AUTO_INCREMENT; made by activate_plugin, do_action('activate_wp-simple-mouring/wp-simple-mouring.php'), WP_Hook->do_action, WP_Hook->apply_filters, simple_mouring_install, WP_SQLite_DB->query, WP_SQLite_DB->print_error
[19-Apr-2025 19:31:09 UTC] PHP Notice:  Function _load_textdomain_just_in_time was called <strong>incorrectly</strong>. Translation loading for the <code>wdes-rp</code> domain was triggered too early. This is usually an indicator for some code in the plugin or theme running too early. Translations should be loaded at the <code>init</code> action or later. Please see <a href="https://developer.wordpress.org/advanced-administration/debug/debug-wordpress/">Debugging in WordPress</a> for more information. (This message was added in version 6.7.0.) in /wordpress/wp-includes/functions.php on line 6121
[19-Apr-2025 19:31:17 UTC] PHP Notice:  Function _load_textdomain_just_in_time was called <strong>incorrectly</strong>. Translation loading for the <code>wdes-rp</code> domain was triggered too early. This is usually an indicator for some code in the plugin or theme running too early. Translations should be loaded at the <code>init</code> action or later. Please see <a href="https://developer.wordpress.org/advanced-administration/debug/debug-wordpress/">Debugging in WordPress</a> for more information. (This message was added in version 6.7.0.) in /wordpress/wp-includes/functions.php on line 6121
[19-Apr-2025 19:31:26 UTC] PHP Notice:  Function _load_textdomain_just_in_time was called <strong>incorrectly</strong>. Translation loading for the <code>wdes-rp</code> domain was triggered too early. This is usually an indicator for some code in the plugin or theme running too early. Translations should be loaded at the <code>init</code> action or later. Please see <a href="https://developer.wordpress.org/advanced-administration/debug/debug-wordpress/">Debugging in WordPress</a> for more information. (This message was added in version 6.7.0.) in /wordpress/wp-includes/functions.php on line 6121
[19-Apr-2025 19:31:52 UTC] PHP Warning:  Undefined array key "ref" in /wordpress/wp-content/plugins/wp-referral-light/wp-referral-lite.php on line 13
[19-Apr-2025 19:31:53 UTC] PHP Warning:  Undefined array key "ref" in /wordpress/wp-content/plugins/wp-referral-light/wp-referral-lite.php on line 13
[19-Apr-2025 19:32:01 UTC] PHP Warning:  Undefined array key "ref" in /wordpress/wp-content/plugins/wp-referral-light/wp-referral-lite.php on line 13
[19-Apr-2025 19:32:02 UTC] PHP Warning:  Undefined array key "ref" in /wordpress/wp-content/plugins/wp-referral-light/wp-referral-lite.php on line 13
[19-Apr-2025 19:32:09 UTC] PHP Warning:  Undefined array key "ref" in /wordpress/wp-content/plugins/wp-referral-light/wp-referral-lite.php on line 13
[19-Apr-2025 19:32:10 UTC] PHP Warning:  Undefined array key "ref" in /wordpress/wp-content/plugins/wp-referral-light/wp-referral-lite.php on line 13
[19-Apr-2025 19:32:19 UTC] PHP Warning:  Undefined array key "SERVER_ADDR" in /wordpress/wp-content/plugins/wp-reviews-by-wiremo/appsero/src/Insights.php on line 360
[19-Apr-2025 19:32:20 UTC] PHP Notice:  Function _load_textdomain_just_in_time was called <strong>incorrectly</strong>. Translation loading for the <code>wiremo</code> domain was triggered too early. This is usually an indicator for some code in the plugin or theme running too early. Translations should be loaded at the <code>init</code> action or later. Please see <a href="https://developer.wordpress.org/advanced-administration/debug/debug-wordpress/">Debugging in WordPress</a> for more information. (This message was added in version 6.7.0.) in /wordpress/wp-includes/functions.php on line 6121
[19-Apr-2025 19:32:20 UTC] PHP Warning:  Undefined array key "SERVER_ADDR" in /wordpress/wp-content/plugins/wp-reviews-by-wiremo/appsero/src/Insights.php on line 360
[19-Apr-2025 19:32:29 UTC] PHP Warning:  Undefined array key "SERVER_ADDR" in /wordpress/wp-content/plugins/wp-reviews-by-wiremo/appsero/src/Insights.php on line 360
[19-Apr-2025 19:32:30 UTC] PHP Notice:  Function _load_textdomain_just_in_time was called <strong>incorrectly</strong>. Translation loading for the <code>wiremo</code> domain was triggered too early. This is usually an indicator for some code in the plugin or theme running too early. Translations should be loaded at the <code>init</code> action or later. Please see <a href="https://developer.wordpress.org/advanced-administration/debug/debug-wordpress/">Debugging in WordPress</a> for more information. (This message was added in version 6.7.0.) in /wordpress/wp-includes/functions.php on line 6121
[19-Apr-2025 19:32:30 UTC] PHP Warning:  Undefined array key "SERVER_ADDR" in /wordpress/wp-content/plugins/wp-reviews-by-wiremo/appsero/src/Insights.php on line 360
[19-Apr-2025 19:32:38 UTC] PHP Warning:  Undefined array key "SERVER_ADDR" in /wordpress/wp-content/plugins/wp-reviews-by-wiremo/appsero/src/Insights.php on line 360
[19-Apr-2025 19:32:39 UTC] PHP Notice:  Function _load_textdomain_just_in_time was called <strong>incorrectly</strong>. Translation loading for the <code>wiremo</code> domain was triggered too early. This is usually an indicator for some code in the plugin or theme running too early. Translations should be loaded at the <code>init</code> action or later. Please see <a href="https://developer.wordpress.org/advanced-administration/debug/debug-wordpress/">Debugging in WordPress</a> for more information. (This message was added in version 6.7.0.) in /wordpress/wp-includes/functions.php on line 6121
[19-Apr-2025 19:32:39 UTC] PHP Warning:  Undefined array key "SERVER_ADDR" in /wordpress/wp-content/plugins/wp-reviews-by-wiremo/appsero/src/Insights.php on line 360
[19-Apr-2025 19:32:48 UTC] PHP Warning:  Undefined variable $timezone in /wordpress/wp-content/plugins/wp-shabbat/timezone/timezone.php on line 2234
[19-Apr-2025 19:32:48 UTC] PHP Warning:  Undefined array key "nextUpdate" in /wordpress/wp-content/plugins/wp-shabbat/wp-shabbat-update.php on line 12
[19-Apr-2025 19:32:48 UTC] PHP Warning:  file_get_contents(http://geolite.maxmind.com/download/geoip/database/GeoLiteCity.dat.gz): Failed to open stream: HTTP request failed! in /wordpress/wp-content/plugins/wp-shabbat/wp-shabbat-update.php on line 16
[19-Apr-2025 19:32:48 UTC] PHP Fatal error:  Uncaught TypeError: file_get_contents(): Argument #1 ($filename) must be of type string, WP_Error given in /wordpress/wp-content/plugins/wp-shabbat/wp-shabbat-update.php:20
Stack trace:
#0 /wordpress/wp-content/plugins/wp-shabbat/wp-shabbat-update.php(20): file_get_contents(Object(WP_Error))
#1 /wordpress/wp-content/plugins/wp-shabbat/wp-shabbat.php(398): include('/wordpress/wp-c...')
#2 /wordpress/wp-includes/class-wp-hook.php(324): wp_shabbat_activate(false)
#3 /wordpress/wp-includes/class-wp-hook.php(348): WP_Hook->apply_filters('', Array)
#4 /wordpress/wp-includes/plugin.php(517): WP_Hook->do_action(Array)
#5 /wordpress/wp-admin/includes/plugin.php(703): do_action('activate_wp-sha...', false)
#6 /internal/eval.php(20): activate_plugin('wp-shabbat/wp-s...')
#7 {main}
  thrown in /wordpress/wp-content/plugins/wp-shabbat/wp-shabbat-update.php on line 20

    at Object.onBind (file:///home/runner/work/playground-tester/playground-tester/node_modules/@wp-playground/cli/index.js:237:15)
    at process.processTicksAndRejections (node:internal/process/task_queues:105:5)
    at async V (file:///home/runner/work/playground-tester/playground-tester/node_modules/@wp-playground/cli/index.js:64:10)
    at async ja (file:///home/runner/work/playground-tester/playground-tester/node_modules/@wp-playground/cli/cli.js:8161:12) {
  [cause]: Error: Error when executing the blueprint step #5 ({"step":"installPlugin","pluginData":{"resource":"wordpress.org/plugins","slug":"wp-shabbat"},"options":{"activate":true}}) : PHP.run() failed with exit code 255 and the following output: 
      at Object.run (file:///home/runner/work/playground-tester/playground-tester/node_modules/@wp-playground/blueprints/index.js:12449:19)
      at process.processTicksAndRejections (node:internal/process/task_queues:105:5)
      at async ms (file:///home/runner/work/playground-tester/playground-tester/node_modules/@wp-playground/blueprints/index.js:12552:3)
      ... 2 lines matching cause stack trace ...
      at async ja (file:///home/runner/work/playground-tester/playground-tester/node_modules/@wp-playground/cli/cli.js:8161:12) {
    [cause]: PHPExecutionFailureError: PHP.run() failed with exit code 255 and the following output: 
        at PHP.run (file:///home/runner/work/playground-tester/playground-tester/node_modules/@php-wasm/universal/index.js:987:19)
        at process.processTicksAndRejections (node:internal/process/task_queues:105:5)
        at async wr (file:///home/runner/work/playground-tester/playground-tester/node_modules/@wp-playground/blueprints/index.js:33:39)
        at async Object.gt [as installPlugin] (file:///home/runner/work/playground-tester/playground-tester/node_modules/@wp-playground/blueprints/index.js:974:42)
        at async g (file:///home/runner/work/playground-tester/playground-tester/node_modules/@wp-playground/blueprints/index.js:12517:30)
        at async Object.run (file:///home/runner/work/playground-tester/playground-tester/node_modules/@wp-playground/blueprints/index.js:12446:23)
        at async ms (file:///home/runner/work/playground-tester/playground-tester/node_modules/@wp-playground/blueprints/index.js:12552:3)
        at async Object.onBind (file:///home/runner/work/playground-tester/playground-tester/node_modules/@wp-playground/cli/index.js:227:48)
        at async V (file:///home/runner/work/playground-tester/playground-tester/node_modules/@wp-playground/cli/index.js:64:10)
        at async ja (file:///home/runner/work/playground-tester/playground-tester/node_modules/@wp-playground/cli/cli.js:8161:12) {
      response: PHPResponse {
        httpStatusCode: 500,
        headers: {
          'x-powered-by': [ 'PHP/8.0.30-dev' ],
          'content-type': [ 'text/html; charset=UTF-8' ]
        },
        bytes: Uint8Array(0) [],
        exitCode: 255,
        errors: ''
      },
      source: 'request'
    }
  }
}

Node.js v23.11.0
