file:///home/runner/work/playground-tester/playground-tester/node_modules/@wp-playground/cli/index.js:237
        throw new Error(y, { cause: u });
              ^

Error: [23-May-2025 04:55:03 UTC] PHP Fatal error:  Uncaught Error: Call to undefined function get_current_screen() in /wordpress/wp-content/plugins/bargain/wpbot-minimum-acceptable-price-addon.php:159
Stack trace:
#0 /wordpress/wp-includes/class-wp-hook.php(326): Qcld_Bargain_Admin_Area_Controller->qcld_bargain_activation_redirect('bargain/wpbot-m...')
#1 /wordpress/wp-includes/class-wp-hook.php(348): WP_Hook->apply_filters('', Array)
#2 /wordpress/wp-includes/plugin.php(517): WP_Hook->do_action(Array)
#3 /wordpress/wp-admin/includes/plugin.php(730): do_action('activated_plugi...', 'bargain/wpbot-m...', false)
#4 /internal/eval.php(20): activate_plugin('bargain/wpbot-m...')
#5 {main}
  thrown in /wordpress/wp-content/plugins/bargain/wpbot-minimum-acceptable-price-addon.php on line 159
[23-May-2025 04:55:13 UTC] PHP Fatal error:  Uncaught Error: Call to undefined function get_current_screen() in /wordpress/wp-content/plugins/bargain/wpbot-minimum-acceptable-price-addon.php:159
Stack trace:
#0 /wordpress/wp-includes/class-wp-hook.php(326): Qcld_Bargain_Admin_Area_Controller->qcld_bargain_activation_redirect('bargain/wpbot-m...')
#1 /wordpress/wp-includes/class-wp-hook.php(348): WP_Hook->apply_filters('', Array)
#2 /wordpress/wp-includes/plugin.php(517): WP_Hook->do_action(Array)
#3 /wordpress/wp-admin/includes/plugin.php(730): do_action('activated_plugi...', 'bargain/wpbot-m...', false)
#4 /internal/eval.php(20): activate_plugin('bargain/wpbot-m...')
#5 {main}
  thrown in /wordpress/wp-content/plugins/bargain/wpbot-minimum-acceptable-price-addon.php on line 159
[23-May-2025 04:55:22 UTC] PHP Fatal error:  Uncaught Error: Call to undefined function get_current_screen() in /wordpress/wp-content/plugins/bargain/wpbot-minimum-acceptable-price-addon.php:159
Stack trace:
#0 /wordpress/wp-includes/class-wp-hook.php(326): Qcld_Bargain_Admin_Area_Controller->qcld_bargain_activation_redirect('bargain/wpbot-m...')
#1 /wordpress/wp-includes/class-wp-hook.php(348): WP_Hook->apply_filters('', Array)
#2 /wordpress/wp-includes/plugin.php(517): WP_Hook->do_action(Array)
#3 /wordpress/wp-admin/includes/plugin.php(730): do_action('activated_plugi...', 'bargain/wpbot-m...', false)
#4 /internal/eval.php(20): activate_plugin('bargain/wpbot-m...')
#5 {main}
  thrown in /wordpress/wp-content/plugins/bargain/wpbot-minimum-acceptable-price-addon.php on line 159
[23-May-2025 04:55:32 UTC] PHP Fatal error:  Uncaught Error: Call to undefined function create_function() in /wordpress/wp-content/plugins/basic-calculator/basic-math-calculator.php:220
Stack trace:
#0 /wordpress/wp-admin/includes/plugin.php(2387): include_once()
#1 /wordpress/wp-admin/includes/plugin.php(673): plugin_sandbox_scrape('basic-calculato...')
#2 /internal/eval.php(20): activate_plugin('basic-calculato...')
#3 {main}
  thrown in /wordpress/wp-content/plugins/basic-calculator/basic-math-calculator.php on line 220
[23-May-2025 04:55:39 UTC] PHP Fatal error:  Uncaught Error: Call to undefined function create_function() in /wordpress/wp-content/plugins/basic-calculator/basic-math-calculator.php:220
Stack trace:
#0 /wordpress/wp-admin/includes/plugin.php(2387): include_once()
#1 /wordpress/wp-admin/includes/plugin.php(673): plugin_sandbox_scrape('basic-calculato...')
#2 /internal/eval.php(20): activate_plugin('basic-calculato...')
#3 {main}
  thrown in /wordpress/wp-content/plugins/basic-calculator/basic-math-calculator.php on line 220
[23-May-2025 04:55:47 UTC] PHP Fatal error:  Uncaught Error: Call to undefined function create_function() in /wordpress/wp-content/plugins/basic-calculator/basic-math-calculator.php:220
Stack trace:
#0 /wordpress/wp-admin/includes/plugin.php(2387): include_once()
#1 /wordpress/wp-admin/includes/plugin.php(673): plugin_sandbox_scrape('basic-calculato...')
#2 /internal/eval.php(20): activate_plugin('basic-calculato...')
#3 {main}
  thrown in /wordpress/wp-content/plugins/basic-calculator/basic-math-calculator.php on line 220
[23-May-2025 04:57:43 UTC] PHP Notice:  Function _load_textdomain_just_in_time was called <strong>incorrectly</strong>. Translation loading for the <code>bbpress-quotes</code> domain was triggered too early. This is usually an indicator for some code in the plugin or theme running too early. Translations should be loaded at the <code>init</code> action or later. Please see <a href="https://developer.wordpress.org/advanced-administration/debug/debug-wordpress/">Debugging in WordPress</a> for more information. (This message was added in version 6.7.0.) in /wordpress/wp-includes/functions.php on line 6121
[23-May-2025 04:57:52 UTC] PHP Notice:  Function _load_textdomain_just_in_time was called <strong>incorrectly</strong>. Translation loading for the <code>bbpress-quotes</code> domain was triggered too early. This is usually an indicator for some code in the plugin or theme running too early. Translations should be loaded at the <code>init</code> action or later. Please see <a href="https://developer.wordpress.org/advanced-administration/debug/debug-wordpress/">Debugging in WordPress</a> for more information. (This message was added in version 6.7.0.) in /wordpress/wp-includes/functions.php on line 6121
[23-May-2025 04:58:01 UTC] PHP Notice:  Function _load_textdomain_just_in_time was called <strong>incorrectly</strong>. Translation loading for the <code>bbpress-quotes</code> domain was triggered too early. This is usually an indicator for some code in the plugin or theme running too early. Translations should be loaded at the <code>init</code> action or later. Please see <a href="https://developer.wordpress.org/advanced-administration/debug/debug-wordpress/">Debugging in WordPress</a> for more information. (This message was added in version 6.7.0.) in /wordpress/wp-includes/functions.php on line 6121

    at Object.onBind (file:///home/runner/work/playground-tester/playground-tester/node_modules/@wp-playground/cli/index.js:237:15)
    at process.processTicksAndRejections (node:internal/process/task_queues:105:5)
    at async V (file:///home/runner/work/playground-tester/playground-tester/node_modules/@wp-playground/cli/index.js:64:10)
    at async ja (file:///home/runner/work/playground-tester/playground-tester/node_modules/@wp-playground/cli/cli.js:8161:12) {
  [cause]: Error: Error when executing the blueprint step #1 ({"step":"installPlugin","pluginData":{"resource":"wordpress.org/plugins","slug":"beans-visual-hook-guide"},"options":{"activate":true}}) : Plugin /wordpress/wp-content/plugins/beans-visual-hook-guide could not be activated – WordPress exited with no error. Sometimes, when $_SERVER or site options are not configured correctly, WordPress exits early with a 301 redirect. Inspect the "debug" logs in the console for more details.
      at Object.run (file:///home/runner/work/playground-tester/playground-tester/node_modules/@wp-playground/blueprints/index.js:12449:19)
      at process.processTicksAndRejections (node:internal/process/task_queues:105:5)
      at async ms (file:///home/runner/work/playground-tester/playground-tester/node_modules/@wp-playground/blueprints/index.js:12552:3)
      ... 2 lines matching cause stack trace ...
      at async ja (file:///home/runner/work/playground-tester/playground-tester/node_modules/@wp-playground/cli/cli.js:8161:12) {
    [cause]: Error: Plugin /wordpress/wp-content/plugins/beans-visual-hook-guide could not be activated – WordPress exited with no error. Sometimes, when $_SERVER or site options are not configured correctly, WordPress exits early with a 301 redirect. Inspect the "debug" logs in the console for more details.
        at wr (file:///home/runner/work/playground-tester/playground-tester/node_modules/@wp-playground/blueprints/index.js:119:51)
        at process.processTicksAndRejections (node:internal/process/task_queues:105:5)
        at async Object.gt [as installPlugin] (file:///home/runner/work/playground-tester/playground-tester/node_modules/@wp-playground/blueprints/index.js:974:42)
        at async g (file:///home/runner/work/playground-tester/playground-tester/node_modules/@wp-playground/blueprints/index.js:12517:30)
        at async Object.run (file:///home/runner/work/playground-tester/playground-tester/node_modules/@wp-playground/blueprints/index.js:12446:23)
        at async ms (file:///home/runner/work/playground-tester/playground-tester/node_modules/@wp-playground/blueprints/index.js:12552:3)
        at async Object.onBind (file:///home/runner/work/playground-tester/playground-tester/node_modules/@wp-playground/cli/index.js:227:48)
        at async V (file:///home/runner/work/playground-tester/playground-tester/node_modules/@wp-playground/cli/index.js:64:10)
        at async ja (file:///home/runner/work/playground-tester/playground-tester/node_modules/@wp-playground/cli/cli.js:8161:12)
  }
}

Node.js v23.11.0
