file:///home/runner/work/playground-tester/playground-tester/node_modules/@wp-playground/cli/index.js:237
        throw new Error(y, { cause: u });
              ^

Error: [20-Apr-2025 16:52:55 UTC] PHP Notice:  Trying to access array offset on value of type bool in /wordpress/wp-content/plugins/tematres-wp-integration/functions.php on line 390
[20-Apr-2025 16:52:55 UTC] PHP Warning:  Invalid argument supplied for foreach() in /wordpress/wp-content/plugins/tematres-wp-integration/functions.php on line 393
[20-Apr-2025 16:52:55 UTC] PHP Notice:  Undefined index: page in /wordpress/wp-content/plugins/tematres-wp-integration/functions.php on line 553
[20-Apr-2025 16:53:04 UTC] PHP Notice:  Trying to access array offset on value of type bool in /wordpress/wp-content/plugins/tematres-wp-integration/functions.php on line 390
[20-Apr-2025 16:53:04 UTC] PHP Warning:  Invalid argument supplied for foreach() in /wordpress/wp-content/plugins/tematres-wp-integration/functions.php on line 393
[20-Apr-2025 16:53:04 UTC] PHP Notice:  Undefined index: page in /wordpress/wp-content/plugins/tematres-wp-integration/functions.php on line 553
[20-Apr-2025 16:53:13 UTC] PHP Notice:  Trying to access array offset on value of type bool in /wordpress/wp-content/plugins/tematres-wp-integration/functions.php on line 390
[20-Apr-2025 16:53:13 UTC] PHP Warning:  Invalid argument supplied for foreach() in /wordpress/wp-content/plugins/tematres-wp-integration/functions.php on line 393
[20-Apr-2025 16:53:14 UTC] PHP Notice:  Undefined index: page in /wordpress/wp-content/plugins/tematres-wp-integration/functions.php on line 553
[20-Apr-2025 16:53:26 UTC] WordPress database error <div style="clear:both">&nbsp;</div>
<div class="queries" style="clear:both;margin-bottom:2px;border:red dotted thin;">
<p>MySQL query:</p>
<p>SELECT id, service_uid, service_name, description, short_description, color, active, image, registered_only, duration FROM wp_tbkl_services</p>
<p>Queries made or created this session were:</p>
<ol>
<li>Executing: BEGIN | (no parameters)</li>
<li>Executing: SELECT `id` , `service_uid` , `service_name` , `description` , `short_description` , `color` , `active` , `image` , `registered_only` , `duration` FROM `wp_tbkl_services` | (no parameters)</li>
<li>Executing: ROLLBACK | (no parameters)</li>
</ol>
</div>
<div style="clear:both;margin-bottom:2px;border:red dotted thin;" class="error_message" style="border-bottom:dotted blue thin;">
SQLSTATE[HY000]: General error: 1 no such table: wp_tbkl_services
</div>
<p>Backtrace:</p>
<pre>#0 /internal/shared/sqlite-database-integration/wp-includes/sqlite-ast/class-wp-sqlite-driver.php(690): WP_SQLite_Driver->new_driver_exception('SQLSTATE[HY000]...', 0, Object(PDOException))
#1 /internal/shared/sqlite-database-integration/wp-includes/sqlite/class-wp-sqlite-db.php(472): WP_SQLite_Driver->query('SELECT id, serv...')
#2 /internal/shared/sqlite-database-integration/wp-includes/sqlite/class-wp-sqlite-db.php(413): WP_SQLite_DB->_do_query('SELECT id, serv...')
#3 /wordpress/wp-includes/class-wpdb.php(3146): WP_SQLite_DB->query('SELECT id, serv...')
#4 /wordpress/wp-content/plugins/thebooking/VSHM_Framework/db.php(187): wpdb->get_results('SELECT id, serv...', 'OBJECT')
#5 /wordpress/wp-content/plugins/thebooking/Services.php(264): VSHM_Framework\db::select('tbkl_services', Array, Array, false)
#6 /wordpress/wp-includes/class-wp-hook.php(324): TheBooking\Services->gather('')
#7 /wordpress/wp-includes/class-wp-hook.php(348): WP_Hook->apply_filters('', Array)
#8 /wordpress/wp-includes/plugin.php(517): WP_Hook->do_action(Array)
#9 /wordpress/wp-content/plugins/thebooking/TheBookingClass.php(179): do_action('tbk-loaded')
#10 /wordpress/wp-content/plugins/thebooking/thebooking.php(55): TheBooking\TheBookingClass->init()
#11 /wordpress/wp-includes/class-wp-hook.php(324): {closure}('')
#12 /wordpress/wp-includes/class-wp-hook.php(348): WP_Hook->apply_filters(NULL, Array)
#13 /wordpress/wp-includes/plugin.php(517): WP_Hook->do_action(Array)
#14 /wordpress/wp-settings.php(578): do_action('plugins_loaded')
#15 /wordpress/wp-config.php(102): require_once('/wordpress/wp-s...')
#16 /wordpress/wp-load.php(50): require_once('/wordpress/wp-c...')
#17 /internal/eval.php(3): require_once('/wordpress/wp-l...')
#18 {main}</pre>
 for query SELECT id, service_uid, service_name, description, short_description, color, active, image, registered_only, duration FROM wp_tbkl_services made by require_once('wp-load.php'), require_once('wp-config.php'), require_once('wp-settings.php'), do_action('plugins_loaded'), WP_Hook->do_action, WP_Hook->apply_filters, {closure}, TheBooking\TheBookingClass->init, do_action('tbk-loaded'), WP_Hook->do_action, WP_Hook->apply_filters, TheBooking\Services->gather, VSHM_Framework\db::select, WP_SQLite_DB->query, WP_SQLite_DB->print_error
[20-Apr-2025 16:53:26 UTC] WordPress database error <div style="clear:both">&nbsp;</div>
<div class="queries" style="clear:both;margin-bottom:2px;border:red dotted thin;">
<p>MySQL query:</p>
<p>SELECT * FROM wp_tbkl_availability</p>
<p>Queries made or created this session were:</p>
<ol>
<li>Executing: BEGIN | (no parameters)</li>
<li>Executing: SELECT * FROM `wp_tbkl_availability` | (no parameters)</li>
<li>Executing: ROLLBACK | (no parameters)</li>
</ol>
</div>
<div style="clear:both;margin-bottom:2px;border:red dotted thin;" class="error_message" style="border-bottom:dotted blue thin;">
SQLSTATE[HY000]: General error: 1 no such table: wp_tbkl_availability
</div>
<p>Backtrace:</p>
<pre>#0 /internal/shared/sqlite-database-integration/wp-includes/sqlite-ast/class-wp-sqlite-driver.php(690): WP_SQLite_Driver->new_driver_exception('SQLSTATE[HY000]...', 0, Object(PDOException))
#1 /internal/shared/sqlite-database-integration/wp-includes/sqlite/class-wp-sqlite-db.php(472): WP_SQLite_Driver->query('SELECT * FROM w...')
#2 /internal/shared/sqlite-database-integration/wp-includes/sqlite/class-wp-sqlite-db.php(413): WP_SQLite_DB->_do_query('SELECT * FROM w...')
#3 /wordpress/wp-includes/class-wpdb.php(3146): WP_SQLite_DB->query('SELECT * FROM w...')
#4 /wordpress/wp-content/plugins/thebooking/VSHM_Framework/db.php(187): wpdb->get_results('SELECT * FROM w...', 'OBJECT')
#5 /wordpress/wp-content/plugins/thebooking/Availability.php(99): VSHM_Framework\db::select('tbkl_availabili...', '*', Array, false)
#6 /wordpress/wp-includes/class-wp-hook.php(324): TheBooking\Availability->gather('')
#7 /wordpress/wp-includes/class-wp-hook.php(348): WP_Hook->apply_filters(NULL, Array)
#8 /wordpress/wp-includes/plugin.php(517): WP_Hook->do_action(Array)
#9 /wordpress/wp-content/plugins/thebooking/TheBookingClass.php(179): do_action('tbk-loaded')
#10 /wordpress/wp-content/plugins/thebooking/thebooking.php(55): TheBooking\TheBookingClass->init()
#11 /wordpress/wp-includes/class-wp-hook.php(324): {closure}('')
#12 /wordpress/wp-includes/class-wp-hook.php(348): WP_Hook->apply_filters(NULL, Array)
#13 /wordpress/wp-includes/plugin.php(517): WP_Hook->do_action(Array)
#14 /wordpress/wp-settings.php(578): do_action('plugins_loaded')
#15 /wordpress/wp-config.php(102): require_once('/wordpress/wp-s...')
#16 /wordpress/wp-load.php(50): require_once('/wordpress/wp-c...')
#17 /internal/eval.php(3): require_once('/wordpress/wp-l...')
#18 {main}</pre>
 for query SELECT * FROM wp_tbkl_availability made by require_once('wp-load.php'), require_once('wp-config.php'), require_once('wp-settings.php'), do_action('plugins_loaded'), WP_Hook->do_action, WP_Hook->apply_filters, {closure}, TheBooking\TheBookingClass->init, do_action('tbk-loaded'), WP_Hook->do_action, WP_Hook->apply_filters, TheBooking\Availability->gather, VSHM_Framework\db::select, WP_SQLite_DB->query, WP_SQLite_DB->print_error
[20-Apr-2025 16:53:26 UTC] WordPress database error <div style="clear:both">&nbsp;</div>
<div class="queries" style="clear:both;margin-bottom:2px;border:red dotted thin;">
<p>MySQL query:</p>
<p>SELECT * FROM wp_tbkl_locations</p>
<p>Queries made or created this session were:</p>
<ol>
<li>Executing: BEGIN | (no parameters)</li>
<li>Executing: SELECT * FROM `wp_tbkl_locations` | (no parameters)</li>
<li>Executing: ROLLBACK | (no parameters)</li>
</ol>
</div>
<div style="clear:both;margin-bottom:2px;border:red dotted thin;" class="error_message" style="border-bottom:dotted blue thin;">
SQLSTATE[HY000]: General error: 1 no such table: wp_tbkl_locations
</div>
<p>Backtrace:</p>
<pre>#0 /internal/shared/sqlite-database-integration/wp-includes/sqlite-ast/class-wp-sqlite-driver.php(690): WP_SQLite_Driver->new_driver_exception('SQLSTATE[HY000]...', 0, Object(PDOException))
#1 /internal/shared/sqlite-database-integration/wp-includes/sqlite/class-wp-sqlite-db.php(472): WP_SQLite_Driver->query('SELECT * FROM w...')
#2 /internal/shared/sqlite-database-integration/wp-includes/sqlite/class-wp-sqlite-db.php(413): WP_SQLite_DB->_do_query('SELECT * FROM w...')
#3 /wordpress/wp-includes/class-wpdb.php(3146): WP_SQLite_DB->query('SELECT * FROM w...')
#4 /wordpress/wp-content/plugins/thebooking/VSHM_Framework/db.php(187): wpdb->get_results('SELECT * FROM w...', 'OBJECT')
#5 /wordpress/wp-content/plugins/thebooking/Availability.php(70): VSHM_Framework\db::select('tbkl_locations', '*', Array, false)
#6 /wordpress/wp-includes/class-wp-hook.php(324): TheBooking\Availability->gather_locations('')
#7 /wordpress/wp-includes/class-wp-hook.php(348): WP_Hook->apply_filters(NULL, Array)
#8 /wordpress/wp-includes/plugin.php(517): WP_Hook->do_action(Array)
#9 /wordpress/wp-content/plugins/thebooking/TheBookingClass.php(179): do_action('tbk-loaded')
#10 /wordpress/wp-content/plugins/thebooking/thebooking.php(55): TheBooking\TheBookingClass->init()
#11 /wordpress/wp-includes/class-wp-hook.php(324): {closure}('')
#12 /wordpress/wp-includes/class-wp-hook.php(348): WP_Hook->apply_filters(NULL, Array)
#13 /wordpress/wp-includes/plugin.php(517): WP_Hook->do_action(Array)
#14 /wordpress/wp-settings.php(578): do_action('plugins_loaded')
#15 /wordpress/wp-config.php(102): require_once('/wordpress/wp-s...')
#16 /wordpress/wp-load.php(50): require_once('/wordpress/wp-c...')
#17 /internal/eval.php(3): require_once('/wordpress/wp-l...')
#18 {main}</pre>
 for query SELECT * FROM wp_tbkl_locations made by require_once('wp-load.php'), require_once('wp-config.php'), require_once('wp-settings.php'), do_action('plugins_loaded'), WP_Hook->do_action, WP_Hook->apply_filters, {closure}, TheBooking\TheBookingClass->init, do_action('tbk-loaded'), WP_Hook->do_action, WP_Hook->apply_filters, TheBooking\Availability->gather_locations, VSHM_Framework\db::select, WP_SQLite_DB->query, WP_SQLite_DB->print_error
[20-Apr-2025 16:53:36 UTC] WordPress database error <div style="clear:both">&nbsp;</div>
<div class="queries" style="clear:both;margin-bottom:2px;border:red dotted thin;">
<p>MySQL query:</p>
<p>SELECT id, service_uid, service_name, description, short_description, color, active, image, registered_only, duration FROM wp_tbkl_services</p>
<p>Queries made or created this session were:</p>
<ol>
<li>Executing: BEGIN | (no parameters)</li>
<li>Executing: SELECT id, service_uid, service_name, description, short_description, color, active, image, registered_only, duration FROM wp_tbkl_services | (no parameters)</li>
<li>Executing: ROLLBACK | (no parameters)</li>
</ol>
</div>
<div style="clear:both;margin-bottom:2px;border:red dotted thin;" class="error_message" style="border-bottom:dotted blue thin;">
Error occurred at line 4117 in Function <code>handle_error</code>. Error message was: SQLSTATE[HY000]: General error: 1 no such table: wp_tbkl_services.
</div>
<p>Backtrace:</p>
<pre>#0 /internal/shared/sqlite-database-integration/wp-includes/sqlite/class-wp-sqlite-db.php(287): WP_SQLite_Translator->get_error_message()
#1 /wordpress/wp-includes/class-wpdb.php(3146): WP_SQLite_DB->query('SELECT id, serv...')
#2 /wordpress/wp-content/plugins/thebooking/VSHM_Framework/db.php(187): wpdb->get_results('SELECT id, serv...', 'OBJECT')
#3 /wordpress/wp-content/plugins/thebooking/Services.php(264): VSHM_Framework\db::select('tbkl_services', Array, Array, false)
#4 /wordpress/wp-includes/class-wp-hook.php(324): TheBooking\Services->gather('')
#5 /wordpress/wp-includes/class-wp-hook.php(348): WP_Hook->apply_filters('', Array)
#6 /wordpress/wp-includes/plugin.php(517): WP_Hook->do_action(Array)
#7 /wordpress/wp-content/plugins/thebooking/TheBookingClass.php(179): do_action('tbk-loaded')
#8 /wordpress/wp-content/plugins/thebooking/thebooking.php(55): TheBooking\TheBookingClass->init()
#9 /wordpress/wp-includes/class-wp-hook.php(324): {closure}('')
#10 /wordpress/wp-includes/class-wp-hook.php(348): WP_Hook->apply_filters(NULL, Array)
#11 /wordpress/wp-includes/plugin.php(517): WP_Hook->do_action(Array)
#12 /wordpress/wp-settings.php(578): do_action('plugins_loaded')
#13 /wordpress/wp-config.php(102): require_once('/wordpress/wp-s...')
#14 /wordpress/wp-load.php(50): require_once('/wordpress/wp-c...')
#15 /internal/eval.php(3): require_once('/wordpress/wp-l...')
#16 {main}</pre>
 for query SELECT id, service_uid, service_name, description, short_description, color, active, image, registered_only, duration FROM wp_tbkl_services made by require_once('wp-load.php'), require_once('wp-config.php'), require_once('wp-settings.php'), do_action('plugins_loaded'), WP_Hook->do_action, WP_Hook->apply_filters, {closure}, TheBooking\TheBookingClass->init, do_action('tbk-loaded'), WP_Hook->do_action, WP_Hook->apply_filters, TheBooking\Services->gather, VSHM_Framework\db::select, WP_SQLite_DB->query, WP_SQLite_DB->print_error
[20-Apr-2025 16:53:36 UTC] WordPress database error <div style="clear:both">&nbsp;</div>
<div class="queries" style="clear:both;margin-bottom:2px;border:red dotted thin;">
<p>MySQL query:</p>
<p>SELECT * FROM wp_tbkl_availability</p>
<p>Queries made or created this session were:</p>
<ol>
<li>Executing: BEGIN | (no parameters)</li>
<li>Executing: SELECT * FROM wp_tbkl_availability | (no parameters)</li>
<li>Executing: ROLLBACK | (no parameters)</li>
</ol>
</div>
<div style="clear:both;margin-bottom:2px;border:red dotted thin;" class="error_message" style="border-bottom:dotted blue thin;">
Error occurred at line 4117 in Function <code>handle_error</code>. Error message was: SQLSTATE[HY000]: General error: 1 no such table: wp_tbkl_availability.
</div>
<p>Backtrace:</p>
<pre>#0 /internal/shared/sqlite-database-integration/wp-includes/sqlite/class-wp-sqlite-db.php(287): WP_SQLite_Translator->get_error_message()
#1 /wordpress/wp-includes/class-wpdb.php(3146): WP_SQLite_DB->query('SELECT * FROM w...')
#2 /wordpress/wp-content/plugins/thebooking/VSHM_Framework/db.php(187): wpdb->get_results('SELECT * FROM w...', 'OBJECT')
#3 /wordpress/wp-content/plugins/thebooking/Availability.php(99): VSHM_Framework\db::select('tbkl_availabili...', '*', Array, false)
#4 /wordpress/wp-includes/class-wp-hook.php(324): TheBooking\Availability->gather('')
#5 /wordpress/wp-includes/class-wp-hook.php(348): WP_Hook->apply_filters(NULL, Array)
#6 /wordpress/wp-includes/plugin.php(517): WP_Hook->do_action(Array)
#7 /wordpress/wp-content/plugins/thebooking/TheBookingClass.php(179): do_action('tbk-loaded')
#8 /wordpress/wp-content/plugins/thebooking/thebooking.php(55): TheBooking\TheBookingClass->init()
#9 /wordpress/wp-includes/class-wp-hook.php(324): {closure}('')
#10 /wordpress/wp-includes/class-wp-hook.php(348): WP_Hook->apply_filters(NULL, Array)
#11 /wordpress/wp-includes/plugin.php(517): WP_Hook->do_action(Array)
#12 /wordpress/wp-settings.php(578): do_action('plugins_loaded')
#13 /wordpress/wp-config.php(102): require_once('/wordpress/wp-s...')
#14 /wordpress/wp-load.php(50): require_once('/wordpress/wp-c...')
#15 /internal/eval.php(3): require_once('/wordpress/wp-l...')
#16 {main}</pre>
 for query SELECT * FROM wp_tbkl_availability made by require_once('wp-load.php'), require_once('wp-config.php'), require_once('wp-settings.php'), do_action('plugins_loaded'), WP_Hook->do_action, WP_Hook->apply_filters, {closure}, TheBooking\TheBookingClass->init, do_action('tbk-loaded'), WP_Hook->do_action, WP_Hook->apply_filters, TheBooking\Availability->gather, VSHM_Framework\db::select, WP_SQLite_DB->query, WP_SQLite_DB->print_error
[20-Apr-2025 16:53:36 UTC] WordPress database error <div style="clear:both">&nbsp;</div>
<div class="queries" style="clear:both;margin-bottom:2px;border:red dotted thin;">
<p>MySQL query:</p>
<p>SELECT * FROM wp_tbkl_locations</p>
<p>Queries made or created this session were:</p>
<ol>
<li>Executing: BEGIN | (no parameters)</li>
<li>Executing: SELECT * FROM wp_tbkl_locations | (no parameters)</li>
<li>Executing: ROLLBACK | (no parameters)</li>
</ol>
</div>
<div style="clear:both;margin-bottom:2px;border:red dotted thin;" class="error_message" style="border-bottom:dotted blue thin;">
Error occurred at line 4117 in Function <code>handle_error</code>. Error message was: SQLSTATE[HY000]: General error: 1 no such table: wp_tbkl_locations.
</div>
<p>Backtrace:</p>
<pre>#0 /internal/shared/sqlite-database-integration/wp-includes/sqlite/class-wp-sqlite-db.php(287): WP_SQLite_Translator->get_error_message()
#1 /wordpress/wp-includes/class-wpdb.php(3146): WP_SQLite_DB->query('SELECT * FROM w...')
#2 /wordpress/wp-content/plugins/thebooking/VSHM_Framework/db.php(187): wpdb->get_results('SELECT * FROM w...', 'OBJECT')
#3 /wordpress/wp-content/plugins/thebooking/Availability.php(70): VSHM_Framework\db::select('tbkl_locations', '*', Array, false)
#4 /wordpress/wp-includes/class-wp-hook.php(324): TheBooking\Availability->gather_locations('')
#5 /wordpress/wp-includes/class-wp-hook.php(348): WP_Hook->apply_filters(NULL, Array)
#6 /wordpress/wp-includes/plugin.php(517): WP_Hook->do_action(Array)
#7 /wordpress/wp-content/plugins/thebooking/TheBookingClass.php(179): do_action('tbk-loaded')
#8 /wordpress/wp-content/plugins/thebooking/thebooking.php(55): TheBooking\TheBookingClass->init()
#9 /wordpress/wp-includes/class-wp-hook.php(324): {closure}('')
#10 /wordpress/wp-includes/class-wp-hook.php(348): WP_Hook->apply_filters(NULL, Array)
#11 /wordpress/wp-includes/plugin.php(517): WP_Hook->do_action(Array)
#12 /wordpress/wp-settings.php(578): do_action('plugins_loaded')
#13 /wordpress/wp-config.php(102): require_once('/wordpress/wp-s...')
#14 /wordpress/wp-load.php(50): require_once('/wordpress/wp-c...')
#15 /internal/eval.php(3): require_once('/wordpress/wp-l...')
#16 {main}</pre>
 for query SELECT * FROM wp_tbkl_locations made by require_once('wp-load.php'), require_once('wp-config.php'), require_once('wp-settings.php'), do_action('plugins_loaded'), WP_Hook->do_action, WP_Hook->apply_filters, {closure}, TheBooking\TheBookingClass->init, do_action('tbk-loaded'), WP_Hook->do_action, WP_Hook->apply_filters, TheBooking\Availability->gather_locations, VSHM_Framework\db::select, WP_SQLite_DB->query, WP_SQLite_DB->print_error
[20-Apr-2025 16:53:47 UTC] WordPress database error <div style="clear:both">&nbsp;</div>
<div class="queries" style="clear:both;margin-bottom:2px;border:red dotted thin;">
<p>MySQL query:</p>
<p>SELECT id, service_uid, service_name, description, short_description, color, active, image, registered_only, duration FROM wp_tbkl_services</p>
<p>Queries made or created this session were:</p>
<ol>
<li>Executing: BEGIN | (no parameters)</li>
<li>Executing: SELECT id, service_uid, service_name, description, short_description, color, active, image, registered_only, duration FROM wp_tbkl_services | (no parameters)</li>
<li>Executing: ROLLBACK | (no parameters)</li>
</ol>
</div>
<div style="clear:both;margin-bottom:2px;border:red dotted thin;" class="error_message" style="border-bottom:dotted blue thin;">
Error occurred at line 4117 in Function <code>handle_error</code>. Error message was: SQLSTATE[HY000]: General error: 1 no such table: wp_tbkl_services.
</div>
<p>Backtrace:</p>
<pre>#0 /internal/shared/sqlite-database-integration/wp-includes/sqlite/class-wp-sqlite-db.php(287): WP_SQLite_Translator->get_error_message()
#1 /wordpress/wp-includes/class-wpdb.php(3146): WP_SQLite_DB->query('SELECT id, serv...')
#2 /wordpress/wp-content/plugins/thebooking/VSHM_Framework/db.php(187): wpdb->get_results('SELECT id, serv...', 'OBJECT')
#3 /wordpress/wp-content/plugins/thebooking/Services.php(264): VSHM_Framework\db::select('tbkl_services', Array, Array, false)
#4 /wordpress/wp-includes/class-wp-hook.php(324): TheBooking\Services->gather('')
#5 /wordpress/wp-includes/class-wp-hook.php(348): WP_Hook->apply_filters('', Array)
#6 /wordpress/wp-includes/plugin.php(517): WP_Hook->do_action(Array)
#7 /wordpress/wp-content/plugins/thebooking/TheBookingClass.php(179): do_action('tbk-loaded')
#8 /wordpress/wp-content/plugins/thebooking/thebooking.php(55): TheBooking\TheBookingClass->init()
#9 /wordpress/wp-includes/class-wp-hook.php(324): {closure}('')
#10 /wordpress/wp-includes/class-wp-hook.php(348): WP_Hook->apply_filters(NULL, Array)
#11 /wordpress/wp-includes/plugin.php(517): WP_Hook->do_action(Array)
#12 /wordpress/wp-settings.php(578): do_action('plugins_loaded')
#13 /wordpress/wp-config.php(102): require_once('/wordpress/wp-s...')
#14 /wordpress/wp-load.php(50): require_once('/wordpress/wp-c...')
#15 /internal/eval.php(3): require_once('/wordpress/wp-l...')
#16 {main}</pre>
 for query SELECT id, service_uid, service_name, description, short_description, color, active, image, registered_only, duration FROM wp_tbkl_services made by require_once('wp-load.php'), require_once('wp-config.php'), require_once('wp-settings.php'), do_action('plugins_loaded'), WP_Hook->do_action, WP_Hook->apply_filters, {closure}, TheBooking\TheBookingClass->init, do_action('tbk-loaded'), WP_Hook->do_action, WP_Hook->apply_filters, TheBooking\Services->gather, VSHM_Framework\db::select, WP_SQLite_DB->query, WP_SQLite_DB->print_error
[20-Apr-2025 16:53:47 UTC] WordPress database error <div style="clear:both">&nbsp;</div>
<div class="queries" style="clear:both;margin-bottom:2px;border:red dotted thin;">
<p>MySQL query:</p>
<p>SELECT * FROM wp_tbkl_availability</p>
<p>Queries made or created this session were:</p>
<ol>
<li>Executing: BEGIN | (no parameters)</li>
<li>Executing: SELECT * FROM wp_tbkl_availability | (no parameters)</li>
<li>Executing: ROLLBACK | (no parameters)</li>
</ol>
</div>
<div style="clear:both;margin-bottom:2px;border:red dotted thin;" class="error_message" style="border-bottom:dotted blue thin;">
Error occurred at line 4117 in Function <code>handle_error</code>. Error message was: SQLSTATE[HY000]: General error: 1 no such table: wp_tbkl_availability.
</div>
<p>Backtrace:</p>
<pre>#0 /internal/shared/sqlite-database-integration/wp-includes/sqlite/class-wp-sqlite-db.php(287): WP_SQLite_Translator->get_error_message()
#1 /wordpress/wp-includes/class-wpdb.php(3146): WP_SQLite_DB->query('SELECT * FROM w...')
#2 /wordpress/wp-content/plugins/thebooking/VSHM_Framework/db.php(187): wpdb->get_results('SELECT * FROM w...', 'OBJECT')
#3 /wordpress/wp-content/plugins/thebooking/Availability.php(99): VSHM_Framework\db::select('tbkl_availabili...', '*', Array, false)
#4 /wordpress/wp-includes/class-wp-hook.php(324): TheBooking\Availability->gather('')
#5 /wordpress/wp-includes/class-wp-hook.php(348): WP_Hook->apply_filters(NULL, Array)
#6 /wordpress/wp-includes/plugin.php(517): WP_Hook->do_action(Array)
#7 /wordpress/wp-content/plugins/thebooking/TheBookingClass.php(179): do_action('tbk-loaded')
#8 /wordpress/wp-content/plugins/thebooking/thebooking.php(55): TheBooking\TheBookingClass->init()
#9 /wordpress/wp-includes/class-wp-hook.php(324): {closure}('')
#10 /wordpress/wp-includes/class-wp-hook.php(348): WP_Hook->apply_filters(NULL, Array)
#11 /wordpress/wp-includes/plugin.php(517): WP_Hook->do_action(Array)
#12 /wordpress/wp-settings.php(578): do_action('plugins_loaded')
#13 /wordpress/wp-config.php(102): require_once('/wordpress/wp-s...')
#14 /wordpress/wp-load.php(50): require_once('/wordpress/wp-c...')
#15 /internal/eval.php(3): require_once('/wordpress/wp-l...')
#16 {main}</pre>
 for query SELECT * FROM wp_tbkl_availability made by require_once('wp-load.php'), require_once('wp-config.php'), require_once('wp-settings.php'), do_action('plugins_loaded'), WP_Hook->do_action, WP_Hook->apply_filters, {closure}, TheBooking\TheBookingClass->init, do_action('tbk-loaded'), WP_Hook->do_action, WP_Hook->apply_filters, TheBooking\Availability->gather, VSHM_Framework\db::select, WP_SQLite_DB->query, WP_SQLite_DB->print_error
[20-Apr-2025 16:53:47 UTC] WordPress database error <div style="clear:both">&nbsp;</div>
<div class="queries" style="clear:both;margin-bottom:2px;border:red dotted thin;">
<p>MySQL query:</p>
<p>SELECT * FROM wp_tbkl_locations</p>
<p>Queries made or created this session were:</p>
<ol>
<li>Executing: BEGIN | (no parameters)</li>
<li>Executing: SELECT * FROM wp_tbkl_locations | (no parameters)</li>
<li>Executing: ROLLBACK | (no parameters)</li>
</ol>
</div>
<div style="clear:both;margin-bottom:2px;border:red dotted thin;" class="error_message" style="border-bottom:dotted blue thin;">
Error occurred at line 4117 in Function <code>handle_error</code>. Error message was: SQLSTATE[HY000]: General error: 1 no such table: wp_tbkl_locations.
</div>
<p>Backtrace:</p>
<pre>#0 /internal/shared/sqlite-database-integration/wp-includes/sqlite/class-wp-sqlite-db.php(287): WP_SQLite_Translator->get_error_message()
#1 /wordpress/wp-includes/class-wpdb.php(3146): WP_SQLite_DB->query('SELECT * FROM w...')
#2 /wordpress/wp-content/plugins/thebooking/VSHM_Framework/db.php(187): wpdb->get_results('SELECT * FROM w...', 'OBJECT')
#3 /wordpress/wp-content/plugins/thebooking/Availability.php(70): VSHM_Framework\db::select('tbkl_locations', '*', Array, false)
#4 /wordpress/wp-includes/class-wp-hook.php(324): TheBooking\Availability->gather_locations('')
#5 /wordpress/wp-includes/class-wp-hook.php(348): WP_Hook->apply_filters(NULL, Array)
#6 /wordpress/wp-includes/plugin.php(517): WP_Hook->do_action(Array)
#7 /wordpress/wp-content/plugins/thebooking/TheBookingClass.php(179): do_action('tbk-loaded')
#8 /wordpress/wp-content/plugins/thebooking/thebooking.php(55): TheBooking\TheBookingClass->init()
#9 /wordpress/wp-includes/class-wp-hook.php(324): {closure}('')
#10 /wordpress/wp-includes/class-wp-hook.php(348): WP_Hook->apply_filters(NULL, Array)
#11 /wordpress/wp-includes/plugin.php(517): WP_Hook->do_action(Array)
#12 /wordpress/wp-settings.php(578): do_action('plugins_loaded')
#13 /wordpress/wp-config.php(102): require_once('/wordpress/wp-s...')
#14 /wordpress/wp-load.php(50): require_once('/wordpress/wp-c...')
#15 /internal/eval.php(3): require_once('/wordpress/wp-l...')
#16 {main}</pre>
 for query SELECT * FROM wp_tbkl_locations made by require_once('wp-load.php'), require_once('wp-config.php'), require_once('wp-settings.php'), do_action('plugins_loaded'), WP_Hook->do_action, WP_Hook->apply_filters, {closure}, TheBooking\TheBookingClass->init, do_action('tbk-loaded'), WP_Hook->do_action, WP_Hook->apply_filters, TheBooking\Availability->gather_locations, VSHM_Framework\db::select, WP_SQLite_DB->query, WP_SQLite_DB->print_error
[20-Apr-2025 16:54:18 UTC] PHP Warning:  Undefined array key "QUERY_STRING" in /wordpress/wp-content/plugins/themefuse-coming-soon/tf_maintenance-maintenance-plugin.php on line 297
[20-Apr-2025 16:54:18 UTC] PHP Warning:  Undefined array key "tf_maintenance_complete_text" in /wordpress/wp-content/plugins/themefuse-coming-soon/tf_maintenance-maintenance-plugin.php on line 303
[20-Apr-2025 16:54:27 UTC] PHP Warning:  Undefined array key "QUERY_STRING" in /wordpress/wp-content/plugins/themefuse-coming-soon/tf_maintenance-maintenance-plugin.php on line 297
[20-Apr-2025 16:54:27 UTC] PHP Warning:  Undefined array key "tf_maintenance_complete_text" in /wordpress/wp-content/plugins/themefuse-coming-soon/tf_maintenance-maintenance-plugin.php on line 303
[20-Apr-2025 16:54:35 UTC] PHP Warning:  Undefined array key "QUERY_STRING" in /wordpress/wp-content/plugins/themefuse-coming-soon/tf_maintenance-maintenance-plugin.php on line 297
[20-Apr-2025 16:54:35 UTC] PHP Warning:  Undefined array key "tf_maintenance_complete_text" in /wordpress/wp-content/plugins/themefuse-coming-soon/tf_maintenance-maintenance-plugin.php on line 303
[20-Apr-2025 16:55:31 UTC] PHP Warning:  Trying to access array offset on value of type bool in /wordpress/wp-content/plugins/ti-stat/ti_stat.php on line 1211
[20-Apr-2025 16:55:31 UTC] PHP Warning:  Trying to access array offset on value of type null in /wordpress/wp-content/plugins/ti-stat/ti_stat.php on line 1217
[20-Apr-2025 16:55:31 UTC] PHP Warning:  Trying to access array offset on value of type null in /wordpress/wp-content/plugins/ti-stat/ti_stat.php on line 1281
[20-Apr-2025 16:55:31 UTC] PHP Warning:  Trying to access array offset on value of type null in /wordpress/wp-content/plugins/ti-stat/ti_stat.php on line 1282
[20-Apr-2025 16:55:31 UTC] PHP Warning:  Trying to access array offset on value of type null in /wordpress/wp-content/plugins/ti-stat/ti_stat.php on line 1283
[20-Apr-2025 16:55:31 UTC] PHP Warning:  Trying to access array offset on value of type null in /wordpress/wp-content/plugins/ti-stat/ti_stat.php on line 1284
[20-Apr-2025 16:55:31 UTC] PHP Warning:  Trying to access array offset on value of type null in /wordpress/wp-content/plugins/ti-stat/ti_stat.php on line 1285
[20-Apr-2025 16:55:31 UTC] PHP Warning:  Trying to access array offset on value of type null in /wordpress/wp-content/plugins/ti-stat/ti_stat.php on line 1286
[20-Apr-2025 16:55:31 UTC] PHP Warning:  Trying to access array offset on value of type null in /wordpress/wp-content/plugins/ti-stat/ti_stat.php on line 1289
[20-Apr-2025 16:55:31 UTC] PHP Warning:  Trying to access array offset on value of type null in /wordpress/wp-content/plugins/ti-stat/ti_stat.php on line 1290
[20-Apr-2025 16:55:31 UTC] PHP Warning:  Trying to access array offset on value of type null in /wordpress/wp-content/plugins/ti-stat/ti_stat.php on line 1291
[20-Apr-2025 16:55:31 UTC] PHP Warning:  Trying to access array offset on value of type null in /wordpress/wp-content/plugins/ti-stat/ti_stat.php on line 1292
[20-Apr-2025 16:55:31 UTC] PHP Warning:  Trying to access array offset on value of type null in /wordpress/wp-content/plugins/ti-stat/ti_stat.php on line 1293
[20-Apr-2025 16:55:31 UTC] PHP Warning:  Trying to access array offset on value of type null in /wordpress/wp-content/plugins/ti-stat/ti_stat.php on line 1294
[20-Apr-2025 16:55:31 UTC] PHP Warning:  Trying to access array offset on value of type null in /wordpress/wp-content/plugins/ti-stat/ti_stat.php on line 1297
[20-Apr-2025 16:55:31 UTC] PHP Warning:  Trying to access array offset on value of type null in /wordpress/wp-content/plugins/ti-stat/ti_stat.php on line 1298
[20-Apr-2025 16:55:31 UTC] PHP Warning:  Trying to access array offset on value of type null in /wordpress/wp-content/plugins/ti-stat/ti_stat.php on line 1299
[20-Apr-2025 16:55:31 UTC] PHP Warning:  Trying to access array offset on value of type null in /wordpress/wp-content/plugins/ti-stat/ti_stat.php on line 1300
[20-Apr-2025 16:55:31 UTC] PHP Warning:  Trying to access array offset on value of type null in /wordpress/wp-content/plugins/ti-stat/ti_stat.php on line 1301
[20-Apr-2025 16:55:31 UTC] PHP Warning:  Trying to access array offset on value of type null in /wordpress/wp-content/plugins/ti-stat/ti_stat.php on line 1302
[20-Apr-2025 16:55:31 UTC] PHP Warning:  Trying to access array offset on value of type null in /wordpress/wp-content/plugins/ti-stat/ti_stat.php on line 1315
[20-Apr-2025 16:55:31 UTC] PHP Warning:  Trying to access array offset on value of type bool in /wordpress/wp-content/plugins/ti-stat/ti_stat.php on line 1211
[20-Apr-2025 16:55:31 UTC] PHP Warning:  Trying to access array offset on value of type null in /wordpress/wp-content/plugins/ti-stat/ti_stat.php on line 1217
[20-Apr-2025 16:55:31 UTC] PHP Warning:  Trying to access array offset on value of type null in /wordpress/wp-content/plugins/ti-stat/ti_stat.php on line 1281
[20-Apr-2025 16:55:31 UTC] PHP Warning:  Trying to access array offset on value of type null in /wordpress/wp-content/plugins/ti-stat/ti_stat.php on line 1282
[20-Apr-2025 16:55:31 UTC] PHP Warning:  Trying to access array offset on value of type null in /wordpress/wp-content/plugins/ti-stat/ti_stat.php on line 1283
[20-Apr-2025 16:55:31 UTC] PHP Warning:  Trying to access array offset on value of type null in /wordpress/wp-content/plugins/ti-stat/ti_stat.php on line 1284
[20-Apr-2025 16:55:31 UTC] PHP Warning:  Trying to access array offset on value of type null in /wordpress/wp-content/plugins/ti-stat/ti_stat.php on line 1285
[20-Apr-2025 16:55:31 UTC] PHP Warning:  Trying to access array offset on value of type null in /wordpress/wp-content/plugins/ti-stat/ti_stat.php on line 1286
[20-Apr-2025 16:55:31 UTC] PHP Warning:  Trying to access array offset on value of type null in /wordpress/wp-content/plugins/ti-stat/ti_stat.php on line 1289
[20-Apr-2025 16:55:31 UTC] PHP Warning:  Trying to access array offset on value of type null in /wordpress/wp-content/plugins/ti-stat/ti_stat.php on line 1290
[20-Apr-2025 16:55:31 UTC] PHP Warning:  Trying to access array offset on value of type null in /wordpress/wp-content/plugins/ti-stat/ti_stat.php on line 1291
[20-Apr-2025 16:55:31 UTC] PHP Warning:  Trying to access array offset on value of type null in /wordpress/wp-content/plugins/ti-stat/ti_stat.php on line 1292
[20-Apr-2025 16:55:31 UTC] PHP Warning:  Trying to access array offset on value of type null in /wordpress/wp-content/plugins/ti-stat/ti_stat.php on line 1293
[20-Apr-2025 16:55:31 UTC] PHP Warning:  Trying to access array offset on value of type null in /wordpress/wp-content/plugins/ti-stat/ti_stat.php on line 1294
[20-Apr-2025 16:55:31 UTC] PHP Warning:  Trying to access array offset on value of type null in /wordpress/wp-content/plugins/ti-stat/ti_stat.php on line 1297
[20-Apr-2025 16:55:31 UTC] PHP Warning:  Trying to access array offset on value of type null in /wordpress/wp-content/plugins/ti-stat/ti_stat.php on line 1298
[20-Apr-2025 16:55:31 UTC] PHP Warning:  Trying to access array offset on value of type null in /wordpress/wp-content/plugins/ti-stat/ti_stat.php on line 1299
[20-Apr-2025 16:55:31 UTC] PHP Warning:  Trying to access array offset on value of type null in /wordpress/wp-content/plugins/ti-stat/ti_stat.php on line 1300
[20-Apr-2025 16:55:31 UTC] PHP Warning:  Trying to access array offset on value of type null in /wordpress/wp-content/plugins/ti-stat/ti_stat.php on line 1301
[20-Apr-2025 16:55:31 UTC] PHP Warning:  Trying to access array offset on value of type null in /wordpress/wp-content/plugins/ti-stat/ti_stat.php on line 1302
[20-Apr-2025 16:55:31 UTC] PHP Warning:  Trying to access array offset on value of type null in /wordpress/wp-content/plugins/ti-stat/ti_stat.php on line 1315
[20-Apr-2025 16:55:31 UTC] PHP Warning:  Trying to access array offset on value of type bool in /wordpress/wp-content/plugins/ti-stat/ti_stat.php on line 1211
[20-Apr-2025 16:55:31 UTC] PHP Warning:  Undefined array key "schedule" in /wordpress/wp-content/plugins/ti-stat/ti_stat.php on line 1158
[20-Apr-2025 16:55:32 UTC] PHP Deprecated:  Function register_sidebar_widget is <strong>deprecated</strong> since version 2.8.0! Use wp_register_sidebar_widget() instead. in /wordpress/wp-includes/functions.php on line 6121
[20-Apr-2025 16:55:32 UTC] PHP Deprecated:  Function register_widget_control is <strong>deprecated</strong> since version 2.8.0! Use wp_register_widget_control() instead. in /wordpress/wp-includes/functions.php on line 6121
[20-Apr-2025 16:55:39 UTC] PHP Warning:  Trying to access array offset on value of type bool in /wordpress/wp-content/plugins/ti-stat/ti_stat.php on line 1211
[20-Apr-2025 16:55:39 UTC] PHP Warning:  Trying to access array offset on value of type null in /wordpress/wp-content/plugins/ti-stat/ti_stat.php on line 1217
[20-Apr-2025 16:55:39 UTC] PHP Warning:  Trying to access array offset on value of type null in /wordpress/wp-content/plugins/ti-stat/ti_stat.php on line 1281
[20-Apr-2025 16:55:39 UTC] PHP Warning:  Trying to access array offset on value of type null in /wordpress/wp-content/plugins/ti-stat/ti_stat.php on line 1282
[20-Apr-2025 16:55:39 UTC] PHP Warning:  Trying to access array offset on value of type null in /wordpress/wp-content/plugins/ti-stat/ti_stat.php on line 1283
[20-Apr-2025 16:55:39 UTC] PHP Warning:  Trying to access array offset on value of type null in /wordpress/wp-content/plugins/ti-stat/ti_stat.php on line 1284
[20-Apr-2025 16:55:39 UTC] PHP Warning:  Trying to access array offset on value of type null in /wordpress/wp-content/plugins/ti-stat/ti_stat.php on line 1285
[20-Apr-2025 16:55:39 UTC] PHP Warning:  Trying to access array offset on value of type null in /wordpress/wp-content/plugins/ti-stat/ti_stat.php on line 1286
[20-Apr-2025 16:55:39 UTC] PHP Warning:  Trying to access array offset on value of type null in /wordpress/wp-content/plugins/ti-stat/ti_stat.php on line 1289
[20-Apr-2025 16:55:39 UTC] PHP Warning:  Trying to access array offset on value of type null in /wordpress/wp-content/plugins/ti-stat/ti_stat.php on line 1290
[20-Apr-2025 16:55:39 UTC] PHP Warning:  Trying to access array offset on value of type null in /wordpress/wp-content/plugins/ti-stat/ti_stat.php on line 1291
[20-Apr-2025 16:55:39 UTC] PHP Warning:  Trying to access array offset on value of type null in /wordpress/wp-content/plugins/ti-stat/ti_stat.php on line 1292
[20-Apr-2025 16:55:39 UTC] PHP Warning:  Trying to access array offset on value of type null in /wordpress/wp-content/plugins/ti-stat/ti_stat.php on line 1293
[20-Apr-2025 16:55:39 UTC] PHP Warning:  Trying to access array offset on value of type null in /wordpress/wp-content/plugins/ti-stat/ti_stat.php on line 1294
[20-Apr-2025 16:55:39 UTC] PHP Warning:  Trying to access array offset on value of type null in /wordpress/wp-content/plugins/ti-stat/ti_stat.php on line 1297
[20-Apr-2025 16:55:39 UTC] PHP Warning:  Trying to access array offset on value of type null in /wordpress/wp-content/plugins/ti-stat/ti_stat.php on line 1298
[20-Apr-2025 16:55:39 UTC] PHP Warning:  Trying to access array offset on value of type null in /wordpress/wp-content/plugins/ti-stat/ti_stat.php on line 1299
[20-Apr-2025 16:55:39 UTC] PHP Warning:  Trying to access array offset on value of type null in /wordpress/wp-content/plugins/ti-stat/ti_stat.php on line 1300
[20-Apr-2025 16:55:39 UTC] PHP Warning:  Trying to access array offset on value of type null in /wordpress/wp-content/plugins/ti-stat/ti_stat.php on line 1301
[20-Apr-2025 16:55:39 UTC] PHP Warning:  Trying to access array offset on value of type null in /wordpress/wp-content/plugins/ti-stat/ti_stat.php on line 1302
[20-Apr-2025 16:55:39 UTC] PHP Warning:  Trying to access array offset on value of type null in /wordpress/wp-content/plugins/ti-stat/ti_stat.php on line 1315
[20-Apr-2025 16:55:39 UTC] PHP Warning:  Trying to access array offset on value of type bool in /wordpress/wp-content/plugins/ti-stat/ti_stat.php on line 1211
[20-Apr-2025 16:55:39 UTC] PHP Warning:  Trying to access array offset on value of type null in /wordpress/wp-content/plugins/ti-stat/ti_stat.php on line 1217
[20-Apr-2025 16:55:39 UTC] PHP Warning:  Trying to access array offset on value of type null in /wordpress/wp-content/plugins/ti-stat/ti_stat.php on line 1281
[20-Apr-2025 16:55:39 UTC] PHP Warning:  Trying to access array offset on value of type null in /wordpress/wp-content/plugins/ti-stat/ti_stat.php on line 1282
[20-Apr-2025 16:55:39 UTC] PHP Warning:  Trying to access array offset on value of type null in /wordpress/wp-content/plugins/ti-stat/ti_stat.php on line 1283
[20-Apr-2025 16:55:39 UTC] PHP Warning:  Trying to access array offset on value of type null in /wordpress/wp-content/plugins/ti-stat/ti_stat.php on line 1284
[20-Apr-2025 16:55:39 UTC] PHP Warning:  Trying to access array offset on value of type null in /wordpress/wp-content/plugins/ti-stat/ti_stat.php on line 1285
[20-Apr-2025 16:55:39 UTC] PHP Warning:  Trying to access array offset on value of type null in /wordpress/wp-content/plugins/ti-stat/ti_stat.php on line 1286
[20-Apr-2025 16:55:39 UTC] PHP Warning:  Trying to access array offset on value of type null in /wordpress/wp-content/plugins/ti-stat/ti_stat.php on line 1289
[20-Apr-2025 16:55:39 UTC] PHP Warning:  Trying to access array offset on value of type null in /wordpress/wp-content/plugins/ti-stat/ti_stat.php on line 1290
[20-Apr-2025 16:55:39 UTC] PHP Warning:  Trying to access array offset on value of type null in /wordpress/wp-content/plugins/ti-stat/ti_stat.php on line 1291
[20-Apr-2025 16:55:39 UTC] PHP Warning:  Trying to access array offset on value of type null in /wordpress/wp-content/plugins/ti-stat/ti_stat.php on line 1292
[20-Apr-2025 16:55:39 UTC] PHP Warning:  Trying to access array offset on value of type null in /wordpress/wp-content/plugins/ti-stat/ti_stat.php on line 1293
[20-Apr-2025 16:55:39 UTC] PHP Warning:  Trying to access array offset on value of type null in /wordpress/wp-content/plugins/ti-stat/ti_stat.php on line 1294
[20-Apr-2025 16:55:39 UTC] PHP Warning:  Trying to access array offset on value of type null in /wordpress/wp-content/plugins/ti-stat/ti_stat.php on line 1297
[20-Apr-2025 16:55:39 UTC] PHP Warning:  Trying to access array offset on value of type null in /wordpress/wp-content/plugins/ti-stat/ti_stat.php on line 1298
[20-Apr-2025 16:55:39 UTC] PHP Warning:  Trying to access array offset on value of type null in /wordpress/wp-content/plugins/ti-stat/ti_stat.php on line 1299
[20-Apr-2025 16:55:39 UTC] PHP Warning:  Trying to access array offset on value of type null in /wordpress/wp-content/plugins/ti-stat/ti_stat.php on line 1300
[20-Apr-2025 16:55:39 UTC] PHP Warning:  Trying to access array offset on value of type null in /wordpress/wp-content/plugins/ti-stat/ti_stat.php on line 1301
[20-Apr-2025 16:55:39 UTC] PHP Warning:  Trying to access array offset on value of type null in /wordpress/wp-content/plugins/ti-stat/ti_stat.php on line 1302
[20-Apr-2025 16:55:39 UTC] PHP Warning:  Trying to access array offset on value of type null in /wordpress/wp-content/plugins/ti-stat/ti_stat.php on line 1315
[20-Apr-2025 16:55:39 UTC] PHP Warning:  Trying to access array offset on value of type bool in /wordpress/wp-content/plugins/ti-stat/ti_stat.php on line 1211
[20-Apr-2025 16:55:39 UTC] PHP Warning:  Undefined array key "schedule" in /wordpress/wp-content/plugins/ti-stat/ti_stat.php on line 1158
[20-Apr-2025 16:55:40 UTC] PHP Deprecated:  Function register_sidebar_widget is <strong>deprecated</strong> since version 2.8.0! Use wp_register_sidebar_widget() instead. in /wordpress/wp-includes/functions.php on line 6121
[20-Apr-2025 16:55:40 UTC] PHP Deprecated:  Function register_widget_control is <strong>deprecated</strong> since version 2.8.0! Use wp_register_widget_control() instead. in /wordpress/wp-includes/functions.php on line 6121
[20-Apr-2025 16:55:46 UTC] PHP Warning:  Trying to access array offset on value of type bool in /wordpress/wp-content/plugins/ti-stat/ti_stat.php on line 1211
[20-Apr-2025 16:55:46 UTC] PHP Warning:  Trying to access array offset on value of type null in /wordpress/wp-content/plugins/ti-stat/ti_stat.php on line 1217
[20-Apr-2025 16:55:46 UTC] PHP Warning:  Trying to access array offset on value of type null in /wordpress/wp-content/plugins/ti-stat/ti_stat.php on line 1281
[20-Apr-2025 16:55:46 UTC] PHP Warning:  Trying to access array offset on value of type null in /wordpress/wp-content/plugins/ti-stat/ti_stat.php on line 1282
[20-Apr-2025 16:55:46 UTC] PHP Warning:  Trying to access array offset on value of type null in /wordpress/wp-content/plugins/ti-stat/ti_stat.php on line 1283
[20-Apr-2025 16:55:46 UTC] PHP Warning:  Trying to access array offset on value of type null in /wordpress/wp-content/plugins/ti-stat/ti_stat.php on line 1284
[20-Apr-2025 16:55:46 UTC] PHP Warning:  Trying to access array offset on value of type null in /wordpress/wp-content/plugins/ti-stat/ti_stat.php on line 1285
[20-Apr-2025 16:55:46 UTC] PHP Warning:  Trying to access array offset on value of type null in /wordpress/wp-content/plugins/ti-stat/ti_stat.php on line 1286
[20-Apr-2025 16:55:46 UTC] PHP Warning:  Trying to access array offset on value of type null in /wordpress/wp-content/plugins/ti-stat/ti_stat.php on line 1289
[20-Apr-2025 16:55:46 UTC] PHP Warning:  Trying to access array offset on value of type null in /wordpress/wp-content/plugins/ti-stat/ti_stat.php on line 1290
[20-Apr-2025 16:55:46 UTC] PHP Warning:  Trying to access array offset on value of type null in /wordpress/wp-content/plugins/ti-stat/ti_stat.php on line 1291
[20-Apr-2025 16:55:46 UTC] PHP Warning:  Trying to access array offset on value of type null in /wordpress/wp-content/plugins/ti-stat/ti_stat.php on line 1292
[20-Apr-2025 16:55:46 UTC] PHP Warning:  Trying to access array offset on value of type null in /wordpress/wp-content/plugins/ti-stat/ti_stat.php on line 1293
[20-Apr-2025 16:55:46 UTC] PHP Warning:  Trying to access array offset on value of type null in /wordpress/wp-content/plugins/ti-stat/ti_stat.php on line 1294
[20-Apr-2025 16:55:46 UTC] PHP Warning:  Trying to access array offset on value of type null in /wordpress/wp-content/plugins/ti-stat/ti_stat.php on line 1297
[20-Apr-2025 16:55:46 UTC] PHP Warning:  Trying to access array offset on value of type null in /wordpress/wp-content/plugins/ti-stat/ti_stat.php on line 1298
[20-Apr-2025 16:55:46 UTC] PHP Warning:  Trying to access array offset on value of type null in /wordpress/wp-content/plugins/ti-stat/ti_stat.php on line 1299
[20-Apr-2025 16:55:46 UTC] PHP Warning:  Trying to access array offset on value of type null in /wordpress/wp-content/plugins/ti-stat/ti_stat.php on line 1300
[20-Apr-2025 16:55:46 UTC] PHP Warning:  Trying to access array offset on value of type null in /wordpress/wp-content/plugins/ti-stat/ti_stat.php on line 1301
[20-Apr-2025 16:55:46 UTC] PHP Warning:  Trying to access array offset on value of type null in /wordpress/wp-content/plugins/ti-stat/ti_stat.php on line 1302
[20-Apr-2025 16:55:46 UTC] PHP Warning:  Trying to access array offset on value of type null in /wordpress/wp-content/plugins/ti-stat/ti_stat.php on line 1315
[20-Apr-2025 16:55:46 UTC] PHP Warning:  Trying to access array offset on value of type bool in /wordpress/wp-content/plugins/ti-stat/ti_stat.php on line 1211
[20-Apr-2025 16:55:46 UTC] PHP Warning:  Trying to access array offset on value of type null in /wordpress/wp-content/plugins/ti-stat/ti_stat.php on line 1217
[20-Apr-2025 16:55:46 UTC] PHP Warning:  Trying to access array offset on value of type null in /wordpress/wp-content/plugins/ti-stat/ti_stat.php on line 1281
[20-Apr-2025 16:55:46 UTC] PHP Warning:  Trying to access array offset on value of type null in /wordpress/wp-content/plugins/ti-stat/ti_stat.php on line 1282
[20-Apr-2025 16:55:46 UTC] PHP Warning:  Trying to access array offset on value of type null in /wordpress/wp-content/plugins/ti-stat/ti_stat.php on line 1283
[20-Apr-2025 16:55:46 UTC] PHP Warning:  Trying to access array offset on value of type null in /wordpress/wp-content/plugins/ti-stat/ti_stat.php on line 1284
[20-Apr-2025 16:55:46 UTC] PHP Warning:  Trying to access array offset on value of type null in /wordpress/wp-content/plugins/ti-stat/ti_stat.php on line 1285
[20-Apr-2025 16:55:46 UTC] PHP Warning:  Trying to access array offset on value of type null in /wordpress/wp-content/plugins/ti-stat/ti_stat.php on line 1286
[20-Apr-2025 16:55:46 UTC] PHP Warning:  Trying to access array offset on value of type null in /wordpress/wp-content/plugins/ti-stat/ti_stat.php on line 1289
[20-Apr-2025 16:55:46 UTC] PHP Warning:  Trying to access array offset on value of type null in /wordpress/wp-content/plugins/ti-stat/ti_stat.php on line 1290
[20-Apr-2025 16:55:46 UTC] PHP Warning:  Trying to access array offset on value of type null in /wordpress/wp-content/plugins/ti-stat/ti_stat.php on line 1291
[20-Apr-2025 16:55:46 UTC] PHP Warning:  Trying to access array offset on value of type null in /wordpress/wp-content/plugins/ti-stat/ti_stat.php on line 1292
[20-Apr-2025 16:55:46 UTC] PHP Warning:  Trying to access array offset on value of type null in /wordpress/wp-content/plugins/ti-stat/ti_stat.php on line 1293
[20-Apr-2025 16:55:46 UTC] PHP Warning:  Trying to access array offset on value of type null in /wordpress/wp-content/plugins/ti-stat/ti_stat.php on line 1294
[20-Apr-2025 16:55:46 UTC] PHP Warning:  Trying to access array offset on value of type null in /wordpress/wp-content/plugins/ti-stat/ti_stat.php on line 1297
[20-Apr-2025 16:55:46 UTC] PHP Warning:  Trying to access array offset on value of type null in /wordpress/wp-content/plugins/ti-stat/ti_stat.php on line 1298
[20-Apr-2025 16:55:46 UTC] PHP Warning:  Trying to access array offset on value of type null in /wordpress/wp-content/plugins/ti-stat/ti_stat.php on line 1299
[20-Apr-2025 16:55:46 UTC] PHP Warning:  Trying to access array offset on value of type null in /wordpress/wp-content/plugins/ti-stat/ti_stat.php on line 1300
[20-Apr-2025 16:55:46 UTC] PHP Warning:  Trying to access array offset on value of type null in /wordpress/wp-content/plugins/ti-stat/ti_stat.php on line 1301
[20-Apr-2025 16:55:46 UTC] PHP Warning:  Trying to access array offset on value of type null in /wordpress/wp-content/plugins/ti-stat/ti_stat.php on line 1302
[20-Apr-2025 16:55:46 UTC] PHP Warning:  Trying to access array offset on value of type null in /wordpress/wp-content/plugins/ti-stat/ti_stat.php on line 1315
[20-Apr-2025 16:55:46 UTC] PHP Warning:  Trying to access array offset on value of type bool in /wordpress/wp-content/plugins/ti-stat/ti_stat.php on line 1211
[20-Apr-2025 16:55:46 UTC] PHP Warning:  Undefined array key "schedule" in /wordpress/wp-content/plugins/ti-stat/ti_stat.php on line 1158
[20-Apr-2025 16:55:47 UTC] PHP Deprecated:  Function register_sidebar_widget is <strong>deprecated</strong> since version 2.8.0! Use wp_register_sidebar_widget() instead. in /wordpress/wp-includes/functions.php on line 6121
[20-Apr-2025 16:55:47 UTC] PHP Deprecated:  Function register_widget_control is <strong>deprecated</strong> since version 2.8.0! Use wp_register_widget_control() instead. in /wordpress/wp-includes/functions.php on line 6121
[20-Apr-2025 16:56:37 UTC] PHP Warning:  Undefined array key "shortcode" in /internal/shared/sqlite-database-integration/wp-includes/sqlite-ast/class-wp-sqlite-information-schema-builder.php on line 941
[20-Apr-2025 16:56:37 UTC] PHP Warning:  Trying to access array offset on value of type null in /internal/shared/sqlite-database-integration/wp-includes/sqlite-ast/class-wp-sqlite-information-schema-builder.php on line 941
[20-Apr-2025 16:56:38 UTC] WordPress database error <div style="clear:both">&nbsp;</div>
<div class="queries" style="clear:both;margin-bottom:2px;border:red dotted thin;">
<p>MySQL query:</p>
<p>CREATE TABLE wp_tkwp_posiciones(Id int NOT NULL AUTO_INCREMENT,Map_shortcode int NOT NULL, nombre varchar(50), descripcion varchar(255),latitud varchar(30),longitud varchar(30),ruta varchar(30),tracker MEDIUMTEXT,PRIMARY KEY (Id),FOREIGN KEY (Map_shortcode) REFERENCES wp_tkwp_maps(Shortcode))ENGINE = InnoDB CHARSET=utf8 COLLATE utf8_general_ci</p>
<p>Queries made or created this session were:</p>
<ol>
<li>Executing: BEGIN | (no parameters)</li>
<li>Executing: 
				INSERT INTO _wp_sqlite_mysql_information_schema_tables (table_schema, table_name, table_type, engine, row_format, table_collation)
				VALUES (?, ?, ?, ?, ?, ?)
			 | parameters: database_name_here, wp_tkwp_posiciones, BASE TABLE, InnoDB, Dynamic, utf8_general_ci</li>
<li>Executing: 
				INSERT INTO _wp_sqlite_mysql_information_schema_columns (table_schema, table_name, column_name, ordinal_position, column_default, is_nullable, data_type, character_maximum_length, character_octet_length, numeric_precision, numeric_scale, datetime_precision, character_set_name, collation_name, column_type, column_key, extra, privileges, column_comment, generation_expression, srs_id)
				VALUES (?, ?, ?, ?, ?, ?, ?, ?, ?, ?, ?, ?, ?, ?, ?, ?, ?, ?, ?, ?, ?)
			 | parameters: database_name_here, wp_tkwp_posiciones, Id, 1, , NO, int, , , 10, 0, , , , int, , auto_increment, select,insert,update,references, , , </li>
<li>Executing: 
				INSERT INTO _wp_sqlite_mysql_information_schema_columns (table_schema, table_name, column_name, ordinal_position, column_default, is_nullable, data_type, character_maximum_length, character_octet_length, numeric_precision, numeric_scale, datetime_precision, character_set_name, collation_name, column_type, column_key, extra, privileges, column_comment, generation_expression, srs_id)
				VALUES (?, ?, ?, ?, ?, ?, ?, ?, ?, ?, ?, ?, ?, ?, ?, ?, ?, ?, ?, ?, ?)
			 | parameters: database_name_here, wp_tkwp_posiciones, Map_shortcode, 2, , NO, int, , , 10, 0, , , , int, , , select,insert,update,references, , , </li>
<li>Executing: 
				INSERT INTO _wp_sqlite_mysql_information_schema_columns (table_schema, table_name, column_name, ordinal_position, column_default, is_nullable, data_type, character_maximum_length, character_octet_length, numeric_precision, numeric_scale, datetime_precision, character_set_name, collation_name, column_type, column_key, extra, privileges, column_comment, generation_expression, srs_id)
				VALUES (?, ?, ?, ?, ?, ?, ?, ?, ?, ?, ?, ?, ?, ?, ?, ?, ?, ?, ?, ?, ?)
			 | parameters: database_name_here, wp_tkwp_posiciones, nombre, 3, , YES, varchar, 50, 200, , , , utf8mb4, utf8mb4_general_ci, varchar(50), , , select,insert,update,references, , , </li>
<li>Executing: 
				INSERT INTO _wp_sqlite_mysql_information_schema_columns (table_schema, table_name, column_name, ordinal_position, column_default, is_nullable, data_type, character_maximum_length, character_octet_length, numeric_precision, numeric_scale, datetime_precision, character_set_name, collation_name, column_type, column_key, extra, privileges, column_comment, generation_expression, srs_id)
				VALUES (?, ?, ?, ?, ?, ?, ?, ?, ?, ?, ?, ?, ?, ?, ?, ?, ?, ?, ?, ?, ?)
			 | parameters: database_name_here, wp_tkwp_posiciones, descripcion, 4, , YES, varchar, 255, 1020, , , , utf8mb4, utf8mb4_general_ci, varchar(255), , , select,insert,update,references, , , </li>
<li>Executing: 
				INSERT INTO _wp_sqlite_mysql_information_schema_columns (table_schema, table_name, column_name, ordinal_position, column_default, is_nullable, data_type, character_maximum_length, character_octet_length, numeric_precision, numeric_scale, datetime_precision, character_set_name, collation_name, column_type, column_key, extra, privileges, column_comment, generation_expression, srs_id)
				VALUES (?, ?, ?, ?, ?, ?, ?, ?, ?, ?, ?, ?, ?, ?, ?, ?, ?, ?, ?, ?, ?)
			 | parameters: database_name_here, wp_tkwp_posiciones, latitud, 5, , YES, varchar, 30, 120, , , , utf8mb4, utf8mb4_general_ci, varchar(30), , , select,insert,update,references, , , </li>
<li>Executing: 
				INSERT INTO _wp_sqlite_mysql_information_schema_columns (table_schema, table_name, column_name, ordinal_position, column_default, is_nullable, data_type, character_maximum_length, character_octet_length, numeric_precision, numeric_scale, datetime_precision, character_set_name, collation_name, column_type, column_key, extra, privileges, column_comment, generation_expression, srs_id)
				VALUES (?, ?, ?, ?, ?, ?, ?, ?, ?, ?, ?, ?, ?, ?, ?, ?, ?, ?, ?, ?, ?)
			 | parameters: database_name_here, wp_tkwp_posiciones, longitud, 6, , YES, varchar, 30, 120, , , , utf8mb4, utf8mb4_general_ci, varchar(30), , , select,insert,update,references, , , </li>
<li>Executing: 
				INSERT INTO _wp_sqlite_mysql_information_schema_columns (table_schema, table_name, column_name, ordinal_position, column_default, is_nullable, data_type, character_maximum_length, character_octet_length, numeric_precision, numeric_scale, datetime_precision, character_set_name, collation_name, column_type, column_key, extra, privileges, column_comment, generation_expression, srs_id)
				VALUES (?, ?, ?, ?, ?, ?, ?, ?, ?, ?, ?, ?, ?, ?, ?, ?, ?, ?, ?, ?, ?)
			 | parameters: database_name_here, wp_tkwp_posiciones, ruta, 7, , YES, varchar, 30, 120, , , , utf8mb4, utf8mb4_general_ci, varchar(30), , , select,insert,update,references, , , </li>
<li>Executing: 
				INSERT INTO _wp_sqlite_mysql_information_schema_columns (table_schema, table_name, column_name, ordinal_position, column_default, is_nullable, data_type, character_maximum_length, character_octet_length, numeric_precision, numeric_scale, datetime_precision, character_set_name, collation_name, column_type, column_key, extra, privileges, column_comment, generation_expression, srs_id)
				VALUES (?, ?, ?, ?, ?, ?, ?, ?, ?, ?, ?, ?, ?, ?, ?, ?, ?, ?, ?, ?, ?)
			 | parameters: database_name_here, wp_tkwp_posiciones, tracker, 8, , YES, mediumtext, 16777215, 16777215, , , , utf8mb4, utf8mb4_general_ci, mediumtext, , , select,insert,update,references, , , </li>
<li>Executing: 
					SELECT column_name, data_type, is_nullable, character_maximum_length
					FROM _wp_sqlite_mysql_information_schema_columns
					WHERE table_schema = ?
					AND table_name = ?
					AND column_name IN (?)
				 | parameters: database_name_here, wp_tkwp_posiciones, Id</li>
<li>Executing: 
				INSERT INTO _wp_sqlite_mysql_information_schema_statistics (table_schema, table_name, non_unique, index_schema, index_name, seq_in_index, column_name, collation, cardinality, sub_part, packed, nullable, index_type, comment, index_comment, is_visible, expression)
				VALUES (?, ?, ?, ?, ?, ?, ?, ?, ?, ?, ?, ?, ?, ?, ?, ?, ?)
			 | parameters: database_name_here, wp_tkwp_posiciones, 0, database_name_here, PRIMARY, 1, Id, A, 0, , , , BTREE, , , YES, </li>
<li>Executing: 
				WITH s AS (
					SELECT
						column_name,
						CASE
							WHEN MAX(index_name = 'PRIMARY') THEN 'PRI'
							WHEN MAX(non_unique = 0 AND seq_in_index = 1) THEN 'UNI'
							WHEN MAX(seq_in_index = 1) THEN 'MUL'
							ELSE ''
						END AS column_key
					FROM _wp_sqlite_mysql_information_schema_statistics
					WHERE table_schema = ?
					AND table_name = ?
					GROUP BY column_name
				)
				UPDATE _wp_sqlite_mysql_information_schema_columns AS c
				SET
					column_key = s.column_key,
					is_nullable = IIF(s.column_key = 'PRI', 'NO', c.is_nullable)
			    FROM s
			    WHERE c.table_schema = ?
			    AND c.table_name = ?
				AND s.column_name = c.column_name
			 | parameters: database_name_here, wp_tkwp_posiciones, database_name_here, wp_tkwp_posiciones</li>
<li>Executing: ROLLBACK | (no parameters)</li>
</ol>
</div>
<div style="clear:both;margin-bottom:2px;border:red dotted thin;" class="error_message" style="border-bottom:dotted blue thin;">
FOREIGN KEY and CHECK constraints are not supported yet.
</div>
<p>Backtrace:</p>
<pre>#0 /internal/shared/sqlite-database-integration/wp-includes/sqlite-ast/class-wp-sqlite-driver.php(690): WP_SQLite_Driver->new_driver_exception('FOREIGN KEY and...', 0, Object(Exception))
#1 /internal/shared/sqlite-database-integration/wp-includes/sqlite/class-wp-sqlite-db.php(472): WP_SQLite_Driver->query('CREATE TABLE wp...')
#2 /internal/shared/sqlite-database-integration/wp-includes/sqlite/class-wp-sqlite-db.php(413): WP_SQLite_DB->_do_query('CREATE TABLE wp...')
#3 /wordpress/wp-admin/includes/upgrade.php(3280): WP_SQLite_DB->query('CREATE TABLE wp...')
#4 /wordpress/wp-content/plugins/tracker-wp/configuracion/bdcreate.php(17): dbDelta(Array)
#5 /wordpress/wp-content/plugins/tracker-wp/includes/tkwp_mainFunctionsImpl.php(7): create_database()
#6 /wordpress/wp-includes/class-wp-hook.php(324): tkwp_install(false)
#7 /wordpress/wp-includes/class-wp-hook.php(348): WP_Hook->apply_filters('', Array)
#8 /wordpress/wp-includes/plugin.php(517): WP_Hook->do_action(Array)
#9 /wordpress/wp-admin/includes/plugin.php(703): do_action('activate_tracke...', false)
#10 /internal/eval.php(20): activate_plugin('tracker-wp/trac...')
#11 {main}</pre>
 for query CREATE TABLE wp_tkwp_posiciones(Id int NOT NULL AUTO_INCREMENT,Map_shortcode int NOT NULL, nombre varchar(50), descripcion varchar(255),latitud varchar(30),longitud varchar(30),ruta varchar(30),tracker MEDIUMTEXT,PRIMARY KEY (Id),FOREIGN KEY (Map_shortcode) REFERENCES wp_tkwp_maps(Shortcode))ENGINE = InnoDB CHARSET=utf8 COLLATE utf8_general_ci made by activate_plugin, do_action('activate_tracker-wp/trackerwp.php'), WP_Hook->do_action, WP_Hook->apply_filters, tkwp_install, create_database, dbDelta, WP_SQLite_DB->query, WP_SQLite_DB->print_error
[20-Apr-2025 16:56:38 UTC] WordPress database error <div style="clear:both">&nbsp;</div>
<div class="queries" style="clear:both;margin-bottom:2px;border:red dotted thin;">
<p>MySQL query:</p>
<p>CREATE TABLE wp_tkwp_multimedias(Id int NOT NULL AUTO_INCREMENT,Posiciones_Id int NOT NULL, nombre varchar(50), tipo int,valor varchar(255),PRIMARY KEY (Id),FOREIGN KEY (Posiciones_Id) REFERENCES wp_tkwp_posiciones(Id))ENGINE = InnoDB CHARSET=utf8 COLLATE utf8_general_ci</p>
<p>Queries made or created this session were:</p>
<ol>
<li>Executing: BEGIN | (no parameters)</li>
<li>Executing: 
				INSERT INTO _wp_sqlite_mysql_information_schema_tables (table_schema, table_name, table_type, engine, row_format, table_collation)
				VALUES (?, ?, ?, ?, ?, ?)
			 | parameters: database_name_here, wp_tkwp_multimedias, BASE TABLE, InnoDB, Dynamic, utf8_general_ci</li>
<li>Executing: 
				INSERT INTO _wp_sqlite_mysql_information_schema_columns (table_schema, table_name, column_name, ordinal_position, column_default, is_nullable, data_type, character_maximum_length, character_octet_length, numeric_precision, numeric_scale, datetime_precision, character_set_name, collation_name, column_type, column_key, extra, privileges, column_comment, generation_expression, srs_id)
				VALUES (?, ?, ?, ?, ?, ?, ?, ?, ?, ?, ?, ?, ?, ?, ?, ?, ?, ?, ?, ?, ?)
			 | parameters: database_name_here, wp_tkwp_multimedias, Id, 1, , NO, int, , , 10, 0, , , , int, , auto_increment, select,insert,update,references, , , </li>
<li>Executing: 
				INSERT INTO _wp_sqlite_mysql_information_schema_columns (table_schema, table_name, column_name, ordinal_position, column_default, is_nullable, data_type, character_maximum_length, character_octet_length, numeric_precision, numeric_scale, datetime_precision, character_set_name, collation_name, column_type, column_key, extra, privileges, column_comment, generation_expression, srs_id)
				VALUES (?, ?, ?, ?, ?, ?, ?, ?, ?, ?, ?, ?, ?, ?, ?, ?, ?, ?, ?, ?, ?)
			 | parameters: database_name_here, wp_tkwp_multimedias, Posiciones_Id, 2, , NO, int, , , 10, 0, , , , int, , , select,insert,update,references, , , </li>
<li>Executing: 
				INSERT INTO _wp_sqlite_mysql_information_schema_columns (table_schema, table_name, column_name, ordinal_position, column_default, is_nullable, data_type, character_maximum_length, character_octet_length, numeric_precision, numeric_scale, datetime_precision, character_set_name, collation_name, column_type, column_key, extra, privileges, column_comment, generation_expression, srs_id)
				VALUES (?, ?, ?, ?, ?, ?, ?, ?, ?, ?, ?, ?, ?, ?, ?, ?, ?, ?, ?, ?, ?)
			 | parameters: database_name_here, wp_tkwp_multimedias, nombre, 3, , YES, varchar, 50, 200, , , , utf8mb4, utf8mb4_general_ci, varchar(50), , , select,insert,update,references, , , </li>
<li>Executing: 
				INSERT INTO _wp_sqlite_mysql_information_schema_columns (table_schema, table_name, column_name, ordinal_position, column_default, is_nullable, data_type, character_maximum_length, character_octet_length, numeric_precision, numeric_scale, datetime_precision, character_set_name, collation_name, column_type, column_key, extra, privileges, column_comment, generation_expression, srs_id)
				VALUES (?, ?, ?, ?, ?, ?, ?, ?, ?, ?, ?, ?, ?, ?, ?, ?, ?, ?, ?, ?, ?)
			 | parameters: database_name_here, wp_tkwp_multimedias, tipo, 4, , YES, int, , , 10, 0, , , , int, , , select,insert,update,references, , , </li>
<li>Executing: 
				INSERT INTO _wp_sqlite_mysql_information_schema_columns (table_schema, table_name, column_name, ordinal_position, column_default, is_nullable, data_type, character_maximum_length, character_octet_length, numeric_precision, numeric_scale, datetime_precision, character_set_name, collation_name, column_type, column_key, extra, privileges, column_comment, generation_expression, srs_id)
				VALUES (?, ?, ?, ?, ?, ?, ?, ?, ?, ?, ?, ?, ?, ?, ?, ?, ?, ?, ?, ?, ?)
			 | parameters: database_name_here, wp_tkwp_multimedias, valor, 5, , YES, varchar, 255, 1020, , , , utf8mb4, utf8mb4_general_ci, varchar(255), , , select,insert,update,references, , , </li>
<li>Executing: 
					SELECT column_name, data_type, is_nullable, character_maximum_length
					FROM _wp_sqlite_mysql_information_schema_columns
					WHERE table_schema = ?
					AND table_name = ?
					AND column_name IN (?)
				 | parameters: database_name_here, wp_tkwp_multimedias, Id</li>
<li>Executing: 
				INSERT INTO _wp_sqlite_mysql_information_schema_statistics (table_schema, table_name, non_unique, index_schema, index_name, seq_in_index, column_name, collation, cardinality, sub_part, packed, nullable, index_type, comment, index_comment, is_visible, expression)
				VALUES (?, ?, ?, ?, ?, ?, ?, ?, ?, ?, ?, ?, ?, ?, ?, ?, ?)
			 | parameters: database_name_here, wp_tkwp_multimedias, 0, database_name_her
